<li class="quit">[<a href="#T00:45:28" id="T00:45:28"><abbr title="2007-12-12T00:45:28+00:00">00:45:28</abbr></a>] <span>* PibbRelay (i=supybot@nat/janrain/x-f7fd52ab90285cd1) Quit (Read error: 104 (Connection reset by peer))</span></li>
<li class="join">[<a href="#T00:47:41" id="T00:47:41"><abbr title="2007-12-12T00:47:41+00:00">00:47:41</abbr></a>] <span>* PibbRelay (i=supybot@nat/janrain/x-5068ff5792a05e36) has joined #beagle</span></li>
<li class="quit">[<a href="#T01:03:51" id="T01:03:51"><abbr title="2007-12-12T01:03:51+00:00">01:03:51</abbr></a>] <span>* jkridne1 (i=a0321898@nat/ti/x-3b9d3da91414cadb) Quit (Remote closed the connection)</span></li>
<li class="quit">[<a href="#T01:45:00" id="T01:45:00"><abbr title="2007-12-12T01:45:00+00:00">01:45:00</abbr></a>] <span>* PibbRelay (i=supybot@nat/janrain/x-5068ff5792a05e36) Quit (Read error: 104 (Connection reset by peer))</span></li>
<li class="join">[<a href="#T01:45:48" id="T01:45:48"><abbr title="2007-12-12T01:45:48+00:00">01:45:48</abbr></a>] <span>* PibbRelay (i=supybot@nat/janrain/x-bba423628aa066f0) has joined #beagle</span></li>
<li class="join">[<a href="#T03:18:17" id="T03:18:17"><abbr title="2007-12-12T03:18:17+00:00">03:18:17</abbr></a>] <span>* jkridner (i=a0321898@nat/ti/x-a9d189caf20c0550) has joined #beagle</span></li>
<li class="quit">[<a href="#T05:13:22" id="T05:13:22"><abbr title="2007-12-12T05:13:22+00:00">05:13:22</abbr></a>] <span>* PibbRelay (i=supybot@nat/janrain/x-bba423628aa066f0) Quit (Read error: 104 (Connection reset by peer))</span></li>
<li class="join">[<a href="#T05:18:34" id="T05:18:34"><abbr title="2007-12-12T05:18:34+00:00">05:18:34</abbr></a>] <span>* PibbRelay (i=supybot@nat/janrain/x-91693a05da7c6047) has joined #beagle</span></li>
<li class="quit">[<a href="#T05:39:13" id="T05:39:13"><abbr title="2007-12-12T05:39:13+00:00">05:39:13</abbr></a>] <span>* PibbRelay (i=supybot@nat/janrain/x-91693a05da7c6047) Quit (Read error: 104 (Connection reset by peer))</span></li>
<li class="join">[<a href="#T05:41:05" id="T05:41:05"><abbr title="2007-12-12T05:41:05+00:00">05:41:05</abbr></a>] <span>* PibbRelay (i=supybot@nat/janrain/x-e84edd161884cbb9) has joined #beagle</span></li>
<li class="join">[<a href="#T16:22:35" id="T16:22:35"><abbr title="2007-12-12T16:22:35+00:00">16:22:35</abbr></a>] <span>* ivalladt (n=ismael@82.158.67.178.dyn.user.ono.com) has joined #beagle</span></li>
<li class="quit">[<a href="#T16:22:40" id="T16:22:40"><abbr title="2007-12-12T16:22:40+00:00">16:22:40</abbr></a>] <span>* ivalladt (n=ismael@82.158.67.178.dyn.user.ono.com) Quit (Remote closed the connection)</span></li>
<li class="quit">[<a href="#T16:56:47" id="T16:56:47"><abbr title="2007-12-12T16:56:47+00:00">16:56:47</abbr></a>] <span>* jkridner (i=a0321898@nat/ti/x-a9d189caf20c0550) Quit (Remote closed the connection)</span></li>
<li class="join">[<a href="#T17:10:22" id="T17:10:22"><abbr title="2007-12-12T17:10:22+00:00">17:10:22</abbr></a>] <span>* jkridner (i=a0321898@nat/ti/x-14199cc390bf501b) has joined #beagle</span></li>
<li class="quit">[<a href="#T17:58:46" id="T17:58:46"><abbr title="2007-12-12T17:58:46+00:00">17:58:46</abbr></a>] <span>* jkridner (i=a0321898@nat/ti/x-14199cc390bf501b) Quit (Remote closed the connection)</span></li>
<li class="quit">[<a href="#T19:04:42" id="T19:04:42"><abbr title="2007-12-12T19:04:42+00:00">19:04:42</abbr></a>] <span>* PibbRelay (i=supybot@nat/janrain/x-e84edd161884cbb9) Quit (Success)</span></li>
<li class="join">[<a href="#T19:04:56" id="T19:04:56"><abbr title="2007-12-12T19:04:56+00:00">19:04:56</abbr></a>] <span>* PibbRelay (i=supybot@nat/janrain/x-3bbc0ea13de9ecc0) has joined #beagle</span></li>
<li class="join">[<a href="#T19:12:20" id="T19:12:20"><abbr title="2007-12-12T19:12:20+00:00">19:12:20</abbr></a>] <span>* jkridner (i=a0321898@nat/ti/x-007b6dae062b2fa9) has joined #beagle</span></li>
<li class="join">[<a href="#T19:16:08" id="T19:16:08"><abbr title="2007-12-12T19:16:08+00:00">19:16:08</abbr></a>] <span>* jkridne1 (i=a0321898@nat/ti/x-7112b32d1f9cb70d) has joined #beagle</span></li>
<li class="quit">[<a href="#T19:20:20" id="T19:20:20"><abbr title="2007-12-12T19:20:20+00:00">19:20:20</abbr></a>] <span>* jkridner (i=a0321898@nat/ti/x-007b6dae062b2fa9) Quit (Remote closed the connection)</span></li>
<li class="join">[<a href="#T20:39:38" id="T20:39:38"><abbr title="2007-12-12T20:39:38+00:00">20:39:38</abbr></a>] <span>* jkridner (i=a0321898@nat/ti/x-81f899e611f713bb) has joined #beagle</span></li>
<li class="quit">[<a href="#T20:43:33" id="T20:43:33"><abbr title="2007-12-12T20:43:33+00:00">20:43:33</abbr></a>] <span>* jkridne1 (i=a0321898@nat/ti/x-7112b32d1f9cb70d) Quit (Remote closed the connection)</span></li>
