<li class="quit">[<a href="#T00:39:40" id="T00:39:40"><abbr title="2008-04-05T00:39:40+00:00">00:39:40</abbr></a>] <span>* ali_as_ (n=as@ambix.plus.com) Quit ("zzzzzzzzzzzzzzzzzzzzzzzzzzzzzzzzzzzZZZZZZZZZZZZZZZZZZZZZZZZZZZZZZZZZZz")</span></li>
<li class="quit">[<a href="#T01:51:23" id="T01:51:23"><abbr title="2008-04-05T01:51:23+00:00">01:51:23</abbr></a>] <span>* PibbRelay (n=supybot@nat/janrain/x-a0bc694eaa770a0e) Quit (Read error: 104 (Connection reset by peer))</span></li>
<li class="join">[<a href="#T01:54:34" id="T01:54:34"><abbr title="2008-04-05T01:54:34+00:00">01:54:34</abbr></a>] <span>* PibbRelay (n=supybot@nat/janrain/x-4a547594879dde1a) has joined #beagle</span></li>
<li class="message">[<a href="#T02:39:18" id="T02:39:18"><abbr title="2008-04-05T02:39:18+00:00">02:39:18</abbr></a>] &lt;<cite>jkridner</cite>&gt; <q>quiet day.</q></li>
<li class="message">[<abbr title="2008-04-05T02:39:18+00:00">02:39:18</abbr>] &lt;<cite>jkridner</cite>&gt; <q>I booted the March 20th Angstrom image today.</q></li>
<li class="message">[<a href="#T02:39:19" id="T02:39:19"><abbr title="2008-04-05T02:39:19+00:00">02:39:19</abbr></a>] &lt;<cite>jkridner</cite>&gt; <q>worked well.</q></li>
<li class="message">[<a href="#T02:39:35" id="T02:39:35"><abbr title="2008-04-05T02:39:35+00:00">02:39:35</abbr></a>] &lt;<cite>jkridner</cite>&gt; <q>need to boot it again here in a few and take another picture and bootlog capture.</q></li>
<li class="message">[<a href="#T02:40:14" id="T02:40:14"><abbr title="2008-04-05T02:40:14+00:00">02:40:14</abbr></a>] &lt;<cite>jkridner</cite>&gt; <q>also need to show off mplayer.</q></li>
<li class="quit">[<a href="#T03:14:33" id="T03:14:33"><abbr title="2008-04-05T03:14:33+00:00">03:14:33</abbr></a>] <span>* ds2 (i=noinf@netblock-66-245-251-24.dslextreme.com) Quit (kubrick.freenode.net irc.freenode.net)</span></li>
<li class="quit">[<abbr title="2008-04-05T03:14:33+00:00">03:14:33</abbr>] <span>* jkridner (n=jason@c-76-31-18-64.hsd1.tx.comcast.net) Quit (kubrick.freenode.net irc.freenode.net)</span></li>
<li class="join">[<a href="#T03:14:36" id="T03:14:36"><abbr title="2008-04-05T03:14:36+00:00">03:14:36</abbr></a>] <span>* ds2 (i=noinf@netblock-66-245-251-24.dslextreme.com) has joined #beagle</span></li>
<li class="quit">[<a href="#T03:18:42" id="T03:18:42"><abbr title="2008-04-05T03:18:42+00:00">03:18:42</abbr></a>] <span>* PibbRelay (n=supybot@nat/janrain/x-4a547594879dde1a) Quit (Read error: 104 (Connection reset by peer))</span></li>
<li class="join">[<a href="#T03:23:37" id="T03:23:37"><abbr title="2008-04-05T03:23:37+00:00">03:23:37</abbr></a>] <span>* PibbRelay (n=supybot@nat/janrain/x-0df0b1c5020778fb) has joined #beagle</span></li>
<li class="join">[<a href="#T03:23:40" id="T03:23:40"><abbr title="2008-04-05T03:23:40+00:00">03:23:40</abbr></a>] <span>* jkridner (n=jason@c-76-31-18-64.hsd1.tx.comcast.net) has joined #beagle</span></li>
<li class="quit">[<a href="#T04:05:30" id="T04:05:30"><abbr title="2008-04-05T04:05:30+00:00">04:05:30</abbr></a>] <span>* PibbRelay (n=supybot@nat/janrain/x-0df0b1c5020778fb) Quit (Read error: 104 (Connection reset by peer))</span></li>
<li class="join">[<a href="#T04:16:07" id="T04:16:07"><abbr title="2008-04-05T04:16:07+00:00">04:16:07</abbr></a>] <span>* PibbRelay (n=supybot@nat/janrain/x-fcbde1d746eb3ec7) has joined #beagle</span></li>
<li class="quit">[<a href="#T04:32:27" id="T04:32:27"><abbr title="2008-04-05T04:32:27+00:00">04:32:27</abbr></a>] <span>* NishanthMenon (n=Nishanth@cpe-24-175-68-203.tx.res.rr.com) Quit (Read error: 110 (Connection timed out))</span></li>
<li class="join">[<a href="#T04:32:50" id="T04:32:50"><abbr title="2008-04-05T04:32:50+00:00">04:32:50</abbr></a>] <span>* NishanthMenon (n=Nishanth@cpe-24-175-68-203.tx.res.rr.com) has joined #beagle</span></li>
<li class="quit">[<a href="#T04:46:01" id="T04:46:01"><abbr title="2008-04-05T04:46:01+00:00">04:46:01</abbr></a>] <span>* PibbRelay (n=supybot@nat/janrain/x-fcbde1d746eb3ec7) Quit (Read error: 104 (Connection reset by peer))</span></li>
<li class="quit">[<a href="#T05:17:42" id="T05:17:42"><abbr title="2008-04-05T05:17:42+00:00">05:17:42</abbr></a>] <span>* NishanthMenon (n=Nishanth@cpe-24-175-68-203.tx.res.rr.com) Quit (Read error: 110 (Connection timed out))</span></li>
<li class="join">[<a href="#T08:37:55" id="T08:37:55"><abbr title="2008-04-05T08:37:55+00:00">08:37:55</abbr></a>] <span>* PibbRelay (n=supybot@nat/janrain/x-74b2a7567d6bab9b) has joined #beagle</span></li>
<li class="message">[<a href="#T08:55:42" id="T08:55:42"><abbr title="2008-04-05T08:55:42+00:00">08:55:42</abbr></a>] &lt;<cite>Crofton</cite>&gt; <q>jkridner, ipkg update; ipkg install mplayer :)</q></li>
<li class="message">[<a href="#T08:56:07" id="T08:56:07"><abbr title="2008-04-05T08:56:07+00:00">08:56:07</abbr></a>] &lt;<cite>Crofton</cite>&gt; <q>of course I suspect we need to work on the display stuff first</q></li>
<li class="join">[<a href="#T10:36:58" id="T10:36:58"><abbr title="2008-04-05T10:36:58+00:00">10:36:58</abbr></a>] <span>* ali_as (n=as@ambix.plus.com) has joined #beagle</span></li>
<li class="quit">[<a href="#T12:31:31" id="T12:31:31"><abbr title="2008-04-05T12:31:31+00:00">12:31:31</abbr></a>] <span>* jkridner (n=jason@c-76-31-18-64.hsd1.tx.comcast.net) Quit (kubrick.freenode.net irc.freenode.net)</span></li>
<li class="join">[<a href="#T12:31:57" id="T12:31:57"><abbr title="2008-04-05T12:31:57+00:00">12:31:57</abbr></a>] <span>* jkridner (n=jason@c-76-31-18-64.hsd1.tx.comcast.net) has joined #beagle</span></li>
<li class="join">[<a href="#T12:38:05" id="T12:38:05"><abbr title="2008-04-05T12:38:05+00:00">12:38:05</abbr></a>] <span>* BeagleLogBot (n=PircBot@ec2-67-202-7-39.z-1.compute-1.amazonaws.com) has joined #beagle</span></li>
<li class="topic">[<abbr title="2008-04-05T12:38:05+00:00">12:38:05</abbr>] <span>* Topic is 'the Beagle Board | <a href="http://beagleboard.org'">http://beagleboard.org'</a></span></li>
<li class="topic">[<abbr title="2008-04-05T12:38:05+00:00">12:38:05</abbr>] <span>* Set by jkridner on Thu Mar 06 14:26:54 CST 2008</span></li>
<li class="part">[<a href="#T12:38:33" id="T12:38:33"><abbr title="2008-04-05T12:38:33+00:00">12:38:33</abbr></a>] <span>* jkridner (n=jason@c-76-31-18-64.hsd1.tx.comcast.net) has left #beagle</span></li>
<li class="join">[<a href="#T12:38:38" id="T12:38:38"><abbr title="2008-04-05T12:38:38+00:00">12:38:38</abbr></a>] <span>* jkridner (n=jason@c-76-31-18-64.hsd1.tx.comcast.net) has joined #beagle</span></li>
<li class="part">[<a href="#T12:38:39" id="T12:38:39"><abbr title="2008-04-05T12:38:39+00:00">12:38:39</abbr></a>] <span>* jkridner (n=jason@c-76-31-18-64.hsd1.tx.comcast.net) has left #beagle</span></li>
<li class="join">[<a href="#T12:38:58" id="T12:38:58"><abbr title="2008-04-05T12:38:58+00:00">12:38:58</abbr></a>] <span>* jkridner (n=jason@c-76-31-18-64.hsd1.tx.comcast.net) has joined #beagle</span></li>
<li class="quit">[<a href="#T12:39:50" id="T12:39:50"><abbr title="2008-04-05T12:39:50+00:00">12:39:50</abbr></a>] <span>* jkridner (n=jason@c-76-31-18-64.hsd1.tx.comcast.net) Quit ()</span></li>
<li class="join">[<a href="#T12:40:01" id="T12:40:01"><abbr title="2008-04-05T12:40:01+00:00">12:40:01</abbr></a>] <span>* jkridner (n=jason@c-76-31-18-64.hsd1.tx.comcast.net) has joined #beagle</span></li>
<li class="message">[<a href="#T12:40:30" id="T12:40:30"><abbr title="2008-04-05T12:40:30+00:00">12:40:30</abbr></a>] &lt;<cite>jkridner</cite>&gt; <q>that's better.</q></li>
<li class="message">[<a href="#T13:09:18" id="T13:09:18"><abbr title="2008-04-05T13:09:18+00:00">13:09:18</abbr></a>] &lt;<cite>jkridner</cite>&gt; <q>Crofton, what display stuff?</q></li>
<li class="message">[<a href="#T13:11:51" id="T13:11:51"><abbr title="2008-04-05T13:11:51+00:00">13:11:51</abbr></a>] &lt;<cite>Crofton</cite>&gt; <q>x-server</q></li>
<li class="message">[<a href="#T13:11:57" id="T13:11:57"><abbr title="2008-04-05T13:11:57+00:00">13:11:57</abbr></a>] &lt;<cite>Crofton</cite>&gt; <q>fb driver</q></li>
<li class="message">[<a href="#T13:12:04" id="T13:12:04"><abbr title="2008-04-05T13:12:04+00:00">13:12:04</abbr></a>] &lt;<cite>Crofton</cite>&gt; <q>or does it just work?</q></li>
<li class="message">[<a href="#T13:12:54" id="T13:12:54"><abbr title="2008-04-05T13:12:54+00:00">13:12:54</abbr></a>] &lt;<cite>jkridner</cite>&gt; <q>I haven't tried the x-server, but I've seen other ARM x-servers just-work.</q></li>
<li class="message">[<a href="#T13:13:16" id="T13:13:16"><abbr title="2008-04-05T13:13:16+00:00">13:13:16</abbr></a>] &lt;<cite>jkridner</cite>&gt; <q>I didn't see an x-server in the base distro.</q></li>
<li class="message">[<abbr title="2008-04-05T13:13:16+00:00">13:13:16</abbr>] &lt;<cite>Crofton</cite>&gt; <q>ok</q></li>
<li class="message">[<a href="#T13:13:35" id="T13:13:35"><abbr title="2008-04-05T13:13:35+00:00">13:13:35</abbr></a>] &lt;<cite>jkridner</cite>&gt; <q>where do I find the list of packages that can be installed?</q></li>
<li class="message">[<a href="#T13:13:45" id="T13:13:45"><abbr title="2008-04-05T13:13:45+00:00">13:13:45</abbr></a>] &lt;<cite>Crofton</cite>&gt; <q>this is console image?</q></li>
<li class="message">[<a href="#T13:14:07" id="T13:14:07"><abbr title="2008-04-05T13:14:07+00:00">13:14:07</abbr></a>] &lt;<cite>Crofton</cite>&gt; <q>see if there is something like /etc/opkg....</q></li>
<li class="message">[<a href="#T13:14:18" id="T13:14:18"><abbr title="2008-04-05T13:14:18+00:00">13:14:18</abbr></a>] &lt;<cite>jkridner</cite>&gt; <q>right now, I'm rebuilding the kernel, because the kernel out on <a href="http://code.google.com/p/beagleboard">http://code.google.com/p/beagleboard</a> has a mess of HID debug messages.</q></li>
<li class="message">[<a href="#T13:14:19" id="T13:14:19"><abbr title="2008-04-05T13:14:19+00:00">13:14:19</abbr></a>] &lt;<cite>Crofton</cite>&gt; <q>not sure if it keeps a plain text package listing</q></li>
<li class="message">[<a href="#T13:14:25" id="T13:14:25"><abbr title="2008-04-05T13:14:25+00:00">13:14:25</abbr></a>] &lt;<cite>Crofton</cite>&gt; <q>:)</q></li>
<li class="message">[<a href="#T13:14:50" id="T13:14:50"><abbr title="2008-04-05T13:14:50+00:00">13:14:50</abbr></a>] &lt;<cite>jkridner</cite>&gt; <q>every key press dumps a message.</q></li>
<li class="message">[<a href="#T13:14:57" id="T13:14:57"><abbr title="2008-04-05T13:14:57+00:00">13:14:57</abbr></a>] &lt;<cite>sakoman</cite>&gt; <q>ipkg list</q></li>
<li class="message">[<a href="#T13:15:00" id="T13:15:00"><abbr title="2008-04-05T13:15:00+00:00">13:15:00</abbr></a>] &lt;<cite>sakoman</cite>&gt; <q>:-)</q></li>
<li class="message">[<a href="#T13:15:01" id="T13:15:01"><abbr title="2008-04-05T13:15:01+00:00">13:15:01</abbr></a>] &lt;<cite>Crofton</cite>&gt; <q>oops</q></li>
<li class="message">[<a href="#T13:15:03" id="T13:15:03"><abbr title="2008-04-05T13:15:03+00:00">13:15:03</abbr></a>] &lt;<cite>jkridner</cite>&gt; <q>guess I can go ahead and boot the board and do your commands.</q></li>
<li class="message">[<a href="#T13:15:13" id="T13:15:13"><abbr title="2008-04-05T13:15:13+00:00">13:15:13</abbr></a>] &lt;<cite>Crofton</cite>&gt; <q>yeah</q></li>
<li class="message">[<a href="#T13:15:27" id="T13:15:27"><abbr title="2008-04-05T13:15:27+00:00">13:15:27</abbr></a>] &lt;<cite>Crofton</cite>&gt; <q>maybe mplayer will work against the fb ...</q></li>
<li class="message">[<a href="#T13:15:35" id="T13:15:35"><abbr title="2008-04-05T13:15:35+00:00">13:15:35</abbr></a>] &lt;<cite>Crofton</cite>&gt; <q>sakoman, knows more about displays than I do</q></li>
<li class="message">[<a href="#T13:15:41" id="T13:15:41"><abbr title="2008-04-05T13:15:41+00:00">13:15:41</abbr></a>] &lt;<cite>jkridner</cite>&gt; <q>I'm supposed to be doing some gardening before it gets too hot. :)</q></li>
<li class="message">[<a href="#T13:15:49" id="T13:15:49"><abbr title="2008-04-05T13:15:49+00:00">13:15:49</abbr></a>] &lt;<cite>jkridner</cite>&gt; <q>this is more fun.</q></li>
<li class="message">[<a href="#T13:15:59" id="T13:15:59"><abbr title="2008-04-05T13:15:59+00:00">13:15:59</abbr></a>] &lt;<cite>sakoman</cite>&gt; <q>Ah, a man after my own heart</q></li>
<li class="message">[<a href="#T13:16:04" id="T13:16:04"><abbr title="2008-04-05T13:16:04+00:00">13:16:04</abbr></a>] &lt;<cite>sakoman</cite>&gt; <q>both are fun</q></li>
<li class="message">[<a href="#T13:16:15" id="T13:16:15"><abbr title="2008-04-05T13:16:15+00:00">13:16:15</abbr></a>] &lt;<cite>Crofton</cite>&gt; <q>sakoman, did I show you the track hoe dig pics?</q></li>
<li class="message">[<a href="#T13:16:23" id="T13:16:23"><abbr title="2008-04-05T13:16:23+00:00">13:16:23</abbr></a>] &lt;<cite>sakoman</cite>&gt; <q>yes!</q></li>
<li class="message">[<a href="#T13:17:15" id="T13:17:15"><abbr title="2008-04-05T13:17:15+00:00">13:17:15</abbr></a>] &lt;<cite>Crofton</cite>&gt; <q>btw bitbake is running against the gumstix oe</q></li>
<li class="message">[<a href="#T13:17:23" id="T13:17:23"><abbr title="2008-04-05T13:17:23+00:00">13:17:23</abbr></a>] &lt;<cite>Crofton</cite>&gt; <q>currrent bitbake that is</q></li>
<li class="message">[<a href="#T13:23:55" id="T13:23:55"><abbr title="2008-04-05T13:23:55+00:00">13:23:55</abbr></a>] &lt;<cite>sakoman</cite>&gt; <q>Crofton:  looks like the fb is enabled in the defconfig for oe beagleboard, so there's a chance it could "just work"</q></li>
<li class="message">[<a href="#T13:24:45" id="T13:24:45"><abbr title="2008-04-05T13:24:45+00:00">13:24:45</abbr></a>] &lt;<cite>jkridner</cite>&gt; <q>sakoman: are you talking kernel or file system?</q></li>
<li class="message">[<a href="#T13:24:57" id="T13:24:57"><abbr title="2008-04-05T13:24:57+00:00">13:24:57</abbr></a>] &lt;<cite>jkridner</cite>&gt; <q>I know that the kernel I'm using has fb enabled...</q></li>
<li class="message">[<a href="#T13:25:09" id="T13:25:09"><abbr title="2008-04-05T13:25:09+00:00">13:25:09</abbr></a>] &lt;<cite>jkridner</cite>&gt; <q>I haven't tried running the kernel that is distributed by koen.</q></li>
<li class="message">[<a href="#T13:25:23" id="T13:25:23"><abbr title="2008-04-05T13:25:23+00:00">13:25:23</abbr></a>] &lt;<cite>sakoman</cite>&gt; <q>kernel -- the oe generated kernel</q></li>
<li class="message">[<a href="#T13:25:36" id="T13:25:36"><abbr title="2008-04-05T13:25:36+00:00">13:25:36</abbr></a>] &lt;<cite>jkridner</cite>&gt; <q>I think he did his before we shared sources.</q></li>
<li class="message">[<a href="#T13:25:54" id="T13:25:54"><abbr title="2008-04-05T13:25:54+00:00">13:25:54</abbr></a>] &lt;<cite>jkridner</cite>&gt; <q>so, are you saying that since he built the kernel that way, that the rest of the stuff is likely to be there?</q></li>
<li class="message">[<a href="#T13:26:14" id="T13:26:14"><abbr title="2008-04-05T13:26:14+00:00">13:26:14</abbr></a>] &lt;<cite>jkridner</cite>&gt; <q>I see 8 files in /etc/opkg.</q></li>
<li class="message">[<a href="#T13:26:22" id="T13:26:22"><abbr title="2008-04-05T13:26:22+00:00">13:26:22</abbr></a>] &lt;<cite>jkridner</cite>&gt; <q>but, I cannot find ipkg.</q></li>
<li class="message">[<a href="#T13:26:33" id="T13:26:33"><abbr title="2008-04-05T13:26:33+00:00">13:26:33</abbr></a>] &lt;<cite>Crofton</cite>&gt; <q>opkg </q></li>
<li class="message">[<a href="#T13:26:36" id="T13:26:36"><abbr title="2008-04-05T13:26:36+00:00">13:26:36</abbr></a>] &lt;<cite>Crofton</cite>&gt; <q>sorry</q></li>
<li class="message">[<a href="#T13:26:46" id="T13:26:46"><abbr title="2008-04-05T13:26:46+00:00">13:26:46</abbr></a>] &lt;<cite>Crofton</cite>&gt; <q>opkg is a maintained version of ipkg</q></li>
<li class="message">[<a href="#T13:26:49" id="T13:26:49"><abbr title="2008-04-05T13:26:49+00:00">13:26:49</abbr></a>] &lt;<cite>jkridner</cite>&gt; <q>ah, that gave me a list.</q></li>
<li class="message">[<a href="#T13:26:55" id="T13:26:55"><abbr title="2008-04-05T13:26:55+00:00">13:26:55</abbr></a>] &lt;<cite>Crofton</cite>&gt; <q>the openmoko guys are using it</q></li>
<li class="message">[<a href="#T13:27:31" id="T13:27:31"><abbr title="2008-04-05T13:27:31+00:00">13:27:31</abbr></a>] &lt;<cite>jkridner</cite>&gt; <q>I don't see X on the list.</q></li>
<li class="message">[<a href="#T13:27:52" id="T13:27:52"><abbr title="2008-04-05T13:27:52+00:00">13:27:52</abbr></a>] &lt;<cite>Crofton</cite>&gt; <q>I'll ask koen to build the x11 image</q></li>
<li class="message">[<a href="#T13:28:23" id="T13:28:23"><abbr title="2008-04-05T13:28:23+00:00">13:28:23</abbr></a>] &lt;<cite>Crofton</cite>&gt; <q>jkridner, what are the chances of me getting a board in very early May?</q></li>
<li class="message">[<a href="#T13:28:40" id="T13:28:40"><abbr title="2008-04-05T13:28:40+00:00">13:28:40</abbr></a>] &lt;<cite>Crofton</cite>&gt; <q>I'm going to sdr workshop May 9, and it would be fun to have one to show off</q></li>
<li class="message">[<a href="#T13:29:29" id="T13:29:29"><abbr title="2008-04-05T13:29:29+00:00">13:29:29</abbr></a>] &lt;<cite>jkridner</cite>&gt; <q>very good.</q></li>
<li class="message">[<a href="#T13:29:46" id="T13:29:46"><abbr title="2008-04-05T13:29:46+00:00">13:29:46</abbr></a>] &lt;<cite>Crofton</cite>&gt; <q>great</q></li>
<li class="message">[<a href="#T13:30:20" id="T13:30:20"><abbr title="2008-04-05T13:30:20+00:00">13:30:20</abbr></a>] &lt;<cite>Crofton</cite>&gt; <q>it is mostly academics, so price is important </q></li>
<li class="message">[<a href="#T13:31:04" id="T13:31:04"><abbr title="2008-04-05T13:31:04+00:00">13:31:04</abbr></a>] &lt;<cite>Crofton</cite>&gt; <q>cisdr-workshop.org</q></li>
<li class="message">[<a href="#T13:34:25" id="T13:34:25"><abbr title="2008-04-05T13:34:25+00:00">13:34:25</abbr></a>] &lt;<cite>jkridner</cite>&gt; <q>since I don't have my network plugged in right now, is there an easy way to get packages off-line?</q></li>
<li class="message">[<a href="#T13:34:36" id="T13:34:36"><abbr title="2008-04-05T13:34:36+00:00">13:34:36</abbr></a>] &lt;<cite>Crofton</cite>&gt; <q>hmm</q></li>
<li class="message">[<a href="#T13:34:51" id="T13:34:51"><abbr title="2008-04-05T13:34:51+00:00">13:34:51</abbr></a>] &lt;<cite>Crofton</cite>&gt; <q>copy from the feed and put them on a SD card?</q></li>
<li class="message">[<a href="#T13:37:14" id="T13:37:14"><abbr title="2008-04-05T13:37:14+00:00">13:37:14</abbr></a>] &lt;<cite>jkridner</cite>&gt; <q>how do I copy from the feed?</q></li>
<li class="message">[<a href="#T13:37:59" id="T13:37:59"><abbr title="2008-04-05T13:37:59+00:00">13:37:59</abbr></a>] &lt;<cite>Crofton</cite>&gt; <q>hmm</q></li>
<li class="message">[<a href="#T13:40:03" id="T13:40:03"><abbr title="2008-04-05T13:40:03+00:00">13:40:03</abbr></a>] &lt;<cite>sakoman</cite>&gt; <q>it's going to be painful top do it that way!  you'll have to copy the package you want as well as all the dep packages</q></li>
<li class="message">[<a href="#T13:41:12" id="T13:41:12"><abbr title="2008-04-05T13:41:12+00:00">13:41:12</abbr></a>] &lt;<cite>Crofton</cite>&gt; <q>yeah</q></li>
<li class="message">[<a href="#T13:41:15" id="T13:41:15"><abbr title="2008-04-05T13:41:15+00:00">13:41:15</abbr></a>] &lt;<cite>jkridner</cite>&gt; <q>well, it would be handy to have an SD card with a big glob of packages.</q></li>
<li class="message">[<a href="#T13:41:20" id="T13:41:20"><abbr title="2008-04-05T13:41:20+00:00">13:41:20</abbr></a>] &lt;<cite>Crofton</cite>&gt; <q>too bad wget * does not work</q></li>
<li class="message">[<a href="#T13:41:36" id="T13:41:36"><abbr title="2008-04-05T13:41:36+00:00">13:41:36</abbr></a>] &lt;<cite>Crofton</cite>&gt; <q>heh, we'll have to get you to do the oe build locally :)</q></li>
<li class="message">[<a href="#T13:41:47" id="T13:41:47"><abbr title="2008-04-05T13:41:47+00:00">13:41:47</abbr></a>] &lt;<cite>jkridner</cite>&gt; <q>that way, I could do demos where I install the stuff I want for a particular configuration, without having to be on the net.</q></li>
<li class="message">[<a href="#T13:41:59" id="T13:41:59"><abbr title="2008-04-05T13:41:59+00:00">13:41:59</abbr></a>] &lt;<cite>Crofton</cite>&gt; <q>www.angstrom-distribution.org/unstable/armv6</q></li>
<li class="message">[<a href="#T13:42:04" id="T13:42:04"><abbr title="2008-04-05T13:42:04+00:00">13:42:04</abbr></a>] &lt;<cite>jkridner</cite>&gt; <q>so many things to do....</q></li>
<li class="message">[<a href="#T13:42:13" id="T13:42:13"><abbr title="2008-04-05T13:42:13+00:00">13:42:13</abbr></a>] &lt;<cite>Crofton</cite>&gt; <q>we're working on getting the arm7 build going :)</q></li>
<li class="message">[<a href="#T13:42:30" id="T13:42:30"><abbr title="2008-04-05T13:42:30+00:00">13:42:30</abbr></a>] &lt;<cite>jkridner</cite>&gt; <q>I'll be compiling in a bunch of USB Ethernet adapters later.</q></li>
<li class="message">[<a href="#T13:42:39" id="T13:42:39"><abbr title="2008-04-05T13:42:39+00:00">13:42:39</abbr></a>] &lt;<cite>Crofton</cite>&gt; <q>excelelnt</q></li>
<li class="message">[<abbr title="2008-04-05T13:42:39+00:00">13:42:39</abbr>] &lt;<cite>jkridner</cite>&gt; <q>armv7, you mean, right?  ;)</q></li>
<li class="message">[<a href="#T13:42:47" id="T13:42:47"><abbr title="2008-04-05T13:42:47+00:00">13:42:47</abbr></a>] &lt;<cite>Crofton</cite>&gt; <q>we know :)</q></li>
<li class="message">[<a href="#T13:42:58" id="T13:42:58"><abbr title="2008-04-05T13:42:58+00:00">13:42:58</abbr></a>] &lt;<cite>Crofton</cite>&gt; <q>we need to gcc 4.3 going</q></li>
<li class="message">[<a href="#T13:43:56" id="T13:43:56"><abbr title="2008-04-05T13:43:56+00:00">13:43:56</abbr></a>] &lt;<cite>jkridner</cite>&gt; <q>for some reason, your mdev/udev (haven't looked which) is trying to mount /dev/mmcblk0, rather than /dev/mmcblk0p1.</q></li>
<li class="message">[<a href="#T13:44:05" id="T13:44:05"><abbr title="2008-04-05T13:44:05+00:00">13:44:05</abbr></a>] &lt;<cite>jkridner</cite>&gt; <q>of course, it does not find a valid FAT file system.</q></li>
<li class="message">[<a href="#T13:44:10" id="T13:44:10"><abbr title="2008-04-05T13:44:10+00:00">13:44:10</abbr></a>] &lt;<cite>jkridner</cite>&gt; <q>manual mount works.</q></li>
<li class="message">[<a href="#T13:44:46" id="T13:44:46"><abbr title="2008-04-05T13:44:46+00:00">13:44:46</abbr></a>] &lt;<cite>jkridner</cite>&gt; <q>the mplayer I built works fine.</q></li>
<li class="message">[<a href="#T13:44:48" id="T13:44:48"><abbr title="2008-04-05T13:44:48+00:00">13:44:48</abbr></a>] &lt;<cite>Crofton</cite>&gt; <q>not bad considering we don't actually have hw :)</q></li>
<li class="message">[<a href="#T13:44:51" id="T13:44:51"><abbr title="2008-04-05T13:44:51+00:00">13:44:51</abbr></a>] &lt;<cite>jkridner</cite>&gt; <q>playing MPEG4 video now.</q></li>
<li class="message">[<a href="#T13:47:18" id="T13:47:18"><abbr title="2008-04-05T13:47:18+00:00">13:47:18</abbr></a>] &lt;<cite>Crofton</cite>&gt; <q>with Angstrom?</q></li>
<li class="message">[<a href="#T13:47:31" id="T13:47:31"><abbr title="2008-04-05T13:47:31+00:00">13:47:31</abbr></a>] &lt;<cite>jkridner</cite>&gt; <q>under Angstrom, but with my built mplayer.</q></li>
<li class="message">[<a href="#T13:47:35" id="T13:47:35"><abbr title="2008-04-05T13:47:35+00:00">13:47:35</abbr></a>] &lt;<cite>Crofton</cite>&gt; <q>ah</q></li>
<li class="message">[<a href="#T13:48:00" id="T13:48:00"><abbr title="2008-04-05T13:48:00+00:00">13:48:00</abbr></a>] &lt;<cite>jkridner</cite>&gt; <q>k.  need to run before it gets hot outside.  ttyl.</q></li>
<li class="message">[<a href="#T13:48:28" id="T13:48:28"><abbr title="2008-04-05T13:48:28+00:00">13:48:28</abbr></a>] &lt;<cite>Crofton</cite>&gt; <q>bye</q></li>
<li class="join">[<a href="#T14:50:25" id="T14:50:25"><abbr title="2008-04-05T14:50:25+00:00">14:50:25</abbr></a>] <span>* prpplague (n=dave123_@ppp-70-244-160-94.dsl.rcsntx.swbell.net) has joined #beagle</span></li>
<li class="quit">[<a href="#T15:47:11" id="T15:47:11"><abbr title="2008-04-05T15:47:11+00:00">15:47:11</abbr></a>] <span>* prpplague (n=dave123_@ppp-70-244-160-94.dsl.rcsntx.swbell.net) Quit ()</span></li>
<li class="join">[<a href="#T16:08:16" id="T16:08:16"><abbr title="2008-04-05T16:08:16+00:00">16:08:16</abbr></a>] <span>* jkridne1 (n=a0321898@nat/ti/x-64234282a9b0b966) has joined #beagle</span></li>
<li class="join">[<a href="#T16:30:32" id="T16:30:32"><abbr title="2008-04-05T16:30:32+00:00">16:30:32</abbr></a>] <span>* NishanthMenon (n=Nishanth@cpe-24-175-68-203.tx.res.rr.com) has joined #beagle</span></li>
<li class="quit">[<a href="#T18:25:35" id="T18:25:35"><abbr title="2008-04-05T18:25:35+00:00">18:25:35</abbr></a>] <span>* fischer (n=tfischer@fischerfamily.org) Quit (Read error: 110 (Connection timed out))</span></li>
<li class="message">[<a href="#T18:57:14" id="T18:57:14"><abbr title="2008-04-05T18:57:14+00:00">18:57:14</abbr></a>] &lt;<cite>jkridner</cite>&gt; <q>Crofton: another funny thing, 'top' doesn't work.  I get a 'terminals database is inaccessible' error.</q></li>
<li class="message">[<a href="#T19:00:53" id="T19:00:53"><abbr title="2008-04-05T19:00:53+00:00">19:00:53</abbr></a>] &lt;<cite>Crofton</cite>&gt; <q>weird</q></li>
<li class="message">[<a href="#T19:00:56" id="T19:00:56"><abbr title="2008-04-05T19:00:56+00:00">19:00:56</abbr></a>] &lt;<cite>Crofton</cite>&gt; <q>haven't seen that</q></li>
<li class="message">[<a href="#T19:02:01" id="T19:02:01"><abbr title="2008-04-05T19:02:01+00:00">19:02:01</abbr></a>] &lt;<cite>Crofton</cite>&gt; <q>sounds like a know issue according to koen</q></li>
<li class="message">[<a href="#T19:06:28" id="T19:06:28"><abbr title="2008-04-05T19:06:28+00:00">19:06:28</abbr></a>] &lt;<cite>NishanthMenon</cite>&gt; <q>jkridner: <a href="http://www.beagleboard.org/gitweb/">http://www.beagleboard.org/gitweb/</a> -&gt; uboot coming in also?</q></li>
<li class="message">[<a href="#T19:06:59" id="T19:06:59"><abbr title="2008-04-05T19:06:59+00:00">19:06:59</abbr></a>] &lt;<cite>jkridner</cite>&gt; <q>there is debate if we should have our own git trees or just tars+patches against other trees.</q></li>
<li class="message">[<a href="#T19:07:31" id="T19:07:31"><abbr title="2008-04-05T19:07:31+00:00">19:07:31</abbr></a>] &lt;<cite>jkridner</cite>&gt; <q>I guess having our own git would be easier, but we want to push upstream quickly an minimize forks.</q></li>
<li class="message">[<a href="#T19:07:33" id="T19:07:33"><abbr title="2008-04-05T19:07:33+00:00">19:07:33</abbr></a>] &lt;<cite>jkridner</cite>&gt; <q>thoughts?</q></li>
<li class="message">[<a href="#T19:08:47" id="T19:08:47"><abbr title="2008-04-05T19:08:47+00:00">19:08:47</abbr></a>] &lt;<cite>NishanthMenon</cite>&gt; <q>maintenance would be a royal pain</q></li>
<li class="message">[<a href="#T19:08:48" id="T19:08:48"><abbr title="2008-04-05T19:08:48+00:00">19:08:48</abbr></a>] &lt;<cite>jkridner</cite>&gt; <q>you can pull down 1.1.4 sources from <a href="http://code.google.com/p/beagleboard.">http://code.google.com/p/beagleboard.</a></q></li>
<li class="message">[<a href="#T19:09:00" id="T19:09:00"><abbr title="2008-04-05T19:09:00+00:00">19:09:00</abbr></a>] &lt;<cite>NishanthMenon</cite>&gt; <q>yes, i could get sources from beagle board</q></li>
<li class="message">[<a href="#T19:09:01" id="T19:09:01"><abbr title="2008-04-05T19:09:01+00:00">19:09:01</abbr></a>] &lt;<cite>jkridner</cite>&gt; <q>of the git or of tarballs?</q></li>
<li class="message">[<a href="#T19:09:26" id="T19:09:26"><abbr title="2008-04-05T19:09:26+00:00">19:09:26</abbr></a>] &lt;<cite>NishanthMenon</cite>&gt; <q>but i like being on bleeding edge, so  i usually setup my crontab to cg-update</q></li>
<li class="message">[<a href="#T19:09:41" id="T19:09:41"><abbr title="2008-04-05T19:09:41+00:00">19:09:41</abbr></a>] &lt;<cite>jkridner</cite>&gt; <q>cogito?</q></li>
<li class="message">[<a href="#T19:10:02" id="T19:10:02"><abbr title="2008-04-05T19:10:02+00:00">19:10:02</abbr></a>] &lt;<cite>NishanthMenon</cite>&gt; <q>code.google.com does give me snapshot -&gt; good for folks who like stable things.. what about collaboration</q></li>
<li class="message">[<a href="#T19:10:28" id="T19:10:28"><abbr title="2008-04-05T19:10:28+00:00">19:10:28</abbr></a>] &lt;<cite>jkridner</cite>&gt; <q>for other projects, I'd say bleeding edge is bad.  But for Beagle, since it is mostly for hobbyists, I think bleeding edge would be good.</q></li>
<li class="message">[<a href="#T19:10:41" id="T19:10:41"><abbr title="2008-04-05T19:10:41+00:00">19:10:41</abbr></a>] &lt;<cite>jkridner</cite>&gt; <q>there are patches to 1.3.2 on the mailing list.</q></li>
<li class="message">[<a href="#T19:11:02" id="T19:11:02"><abbr title="2008-04-05T19:11:02+00:00">19:11:02</abbr></a>] &lt;<cite>jkridner</cite>&gt; <q><a href="http://beagleboard.org/discuss">http://beagleboard.org/discuss</a> has the link to the archive.</q></li>
<li class="message">[<a href="#T19:11:24" id="T19:11:24"><abbr title="2008-04-05T19:11:24+00:00">19:11:24</abbr></a>] &lt;<cite>jkridner</cite>&gt; <q>I was just in the process of building git.</q></li>
<li class="message">[<a href="#T19:11:30" id="T19:11:30"><abbr title="2008-04-05T19:11:30+00:00">19:11:30</abbr></a>] &lt;<cite>ali_as</cite>&gt; <q>May as well ask, was there a good reason for the lack of a fast ethernet chip on the board?</q></li>
<li class="message">[<a href="#T19:11:40" id="T19:11:40"><abbr title="2008-04-05T19:11:40+00:00">19:11:40</abbr></a>] &lt;<cite>NishanthMenon</cite>&gt; <q> why not push kernel -&gt; to omap git, uboot &gt; etc..</q></li>
<li class="message">[<a href="#T19:11:45" id="T19:11:45"><abbr title="2008-04-05T19:11:45+00:00">19:11:45</abbr></a>] &lt;<cite>jkridner</cite>&gt; <q>my Ubuntu has an old git that dies when I try to download u-boot.git from denx.dec.</q></li>
<li class="message">[<a href="#T19:11:48" id="T19:11:48"><abbr title="2008-04-05T19:11:48+00:00">19:11:48</abbr></a>] &lt;<cite>jkridner</cite>&gt; <q>dec=de.</q></li>
<li class="message">[<a href="#T19:12:02" id="T19:12:02"><abbr title="2008-04-05T19:12:02+00:00">19:12:02</abbr></a>] &lt;<cite>jkridner</cite>&gt; <q>that is the idea.</q></li>
<li class="message">[<a href="#T19:12:31" id="T19:12:31"><abbr title="2008-04-05T19:12:31+00:00">19:12:31</abbr></a>] &lt;<cite>jkridner</cite>&gt; <q>we published patches on discussion@beagleboard.org for feedback...</q></li>
<li class="message">[<a href="#T19:12:41" id="T19:12:41"><abbr title="2008-04-05T19:12:41+00:00">19:12:41</abbr></a>] &lt;<cite>jkridner</cite>&gt; <q>then they will go to the upstream mailing lists.</q></li>
<li class="message">[<a href="#T19:13:06" id="T19:13:06"><abbr title="2008-04-05T19:13:06+00:00">19:13:06</abbr></a>] &lt;<cite>NishanthMenon</cite>&gt; <q>jkridner: ok neat.. :)</q></li>
<li class="message">[<a href="#T19:13:55" id="T19:13:55"><abbr title="2008-04-05T19:13:55+00:00">19:13:55</abbr></a>] &lt;<cite>NishanthMenon</cite>&gt; <q>jkridner: might as well put out tentative schedule on beagleboard.org for folks to expect ;)..</q></li>
<li class="message">[<a href="#T19:14:26" id="T19:14:26"><abbr title="2008-04-05T19:14:26+00:00">19:14:26</abbr></a>] &lt;<cite>jkridner</cite>&gt; <q>how would you like to see that?  can you give me an example?</q></li>
<li class="message">[<a href="#T19:15:09" id="T19:15:09"><abbr title="2008-04-05T19:15:09+00:00">19:15:09</abbr></a>] &lt;<cite>jkridner</cite>&gt; <q>the patches always seem to be imminent, but folks get busy.</q></li>
<li class="message">[<a href="#T19:15:26" id="T19:15:26"><abbr title="2008-04-05T19:15:26+00:00">19:15:26</abbr></a>] &lt;<cite>jkridner</cite>&gt; <q>we've been fighting some noise on the power supply for Beagle lately.</q></li>
<li class="message">[<a href="#T19:16:08" id="T19:16:08"><abbr title="2008-04-05T19:16:08+00:00">19:16:08</abbr></a>] &lt;<cite>jkridner</cite>&gt; <q>also, I believe the current kernel posted is running at a slow speed.</q></li>
<li class="message">[<a href="#T19:16:28" id="T19:16:28"><abbr title="2008-04-05T19:16:28+00:00">19:16:28</abbr></a>] &lt;<cite>Crofton</cite>&gt; <q>send to linux-omap list :)</q></li>
<li class="join">[<a href="#T19:16:32" id="T19:16:32"><abbr title="2008-04-05T19:16:32+00:00">19:16:32</abbr></a>] <span>* bazbell (n=a0192809@nat/ti/x-2fd6300e01363641) has joined #beagle</span></li>
<li class="message">[<a href="#T19:16:59" id="T19:16:59"><abbr title="2008-04-05T19:16:59+00:00">19:16:59</abbr></a>] &lt;<cite>jkridner</cite>&gt; <q>hmm.  now I need to get 'msgfmt' to build git.  any idea where the dependencies are documented?</q></li>
<li class="message">[<a href="#T19:17:22" id="T19:17:22"><abbr title="2008-04-05T19:17:22+00:00">19:17:22</abbr></a>] &lt;<cite>Crofton</cite>&gt; <q>what distro are you running?</q></li>
<li class="message">[<a href="#T19:17:46" id="T19:17:46"><abbr title="2008-04-05T19:17:46+00:00">19:17:46</abbr></a>] &lt;<cite>jkridner</cite>&gt; <q>Ubuntu</q></li>
<li class="message">[<a href="#T19:17:50" id="T19:17:50"><abbr title="2008-04-05T19:17:50+00:00">19:17:50</abbr></a>] &lt;<cite>Crofton</cite>&gt; <q>hmm</q></li>
<li class="message">[<a href="#T19:17:59" id="T19:17:59"><abbr title="2008-04-05T19:17:59+00:00">19:17:59</abbr></a>] &lt;<cite>jkridner</cite>&gt; <q>I think it is 7.1, but I'm not sure.</q></li>
<li class="message">[<a href="#T19:18:06" id="T19:18:06"><abbr title="2008-04-05T19:18:06+00:00">19:18:06</abbr></a>] &lt;<cite>Crofton</cite>&gt; <q>apt does not get a recent git?</q></li>
<li class="message">[<a href="#T19:18:34" id="T19:18:34"><abbr title="2008-04-05T19:18:34+00:00">19:18:34</abbr></a>] &lt;<cite>jkridner</cite>&gt; <q>I'm a bit more fond of Gentoo.  Come to think of it, I should probably just run this on a Gentoo machine.</q></li>
<li class="message">[<a href="#T19:18:54" id="T19:18:54"><abbr title="2008-04-05T19:18:54+00:00">19:18:54</abbr></a>] &lt;<cite>Crofton</cite>&gt; <q>run what you are good at :)</q></li>
<li class="message">[<a href="#T19:18:59" id="T19:18:59"><abbr title="2008-04-05T19:18:59+00:00">19:18:59</abbr></a>] &lt;<cite>jkridner</cite>&gt; <q>right now, I have a Windows laptop and I'm running a VMware image that includes the Maemo SDK.</q></li>
<li class="action">[<a href="#T19:19:25" id="T19:19:25"><abbr title="2008-04-05T19:19:25+00:00">19:19:25</abbr></a>] <span>* Crofton runs recent Fedoras</span></li>
<li class="message">[<a href="#T19:19:32" id="T19:19:32"><abbr title="2008-04-05T19:19:32+00:00">19:19:32</abbr></a>] &lt;<cite>jkridner</cite>&gt; <q>writing to my SD cards is a lot easier from the VMware than remotely.</q></li>
<li class="message">[<a href="#T19:19:43" id="T19:19:43"><abbr title="2008-04-05T19:19:43+00:00">19:19:43</abbr></a>] &lt;<cite>jkridner</cite>&gt; <q>I keep running into limitations with my Mac.</q></li>
<li class="message">[<a href="#T19:20:05" id="T19:20:05"><abbr title="2008-04-05T19:20:05+00:00">19:20:05</abbr></a>] &lt;<cite>jkridner</cite>&gt; <q>I never would have run a Mac until they moved to BSD.</q></li>
<li class="message">[<a href="#T19:20:30" id="T19:20:30"><abbr title="2008-04-05T19:20:30+00:00">19:20:30</abbr></a>] &lt;<cite>jkridner</cite>&gt; <q>but, the GNU distributions for Mac are all so-so compared to the ones for Linux.</q></li>
<li class="message">[<a href="#T19:20:50" id="T19:20:50"><abbr title="2008-04-05T19:20:50+00:00">19:20:50</abbr></a>] &lt;<cite>jkridner</cite>&gt; <q>er, GNU= GNU+other free software</q></li>
<li class="message">[<a href="#T19:21:06" id="T19:21:06"><abbr title="2008-04-05T19:21:06+00:00">19:21:06</abbr></a>] &lt;<cite>Crofton</cite>&gt; <q>rms will have your hide :)</q></li>
<li class="message">[<a href="#T19:21:16" id="T19:21:16"><abbr title="2008-04-05T19:21:16+00:00">19:21:16</abbr></a>] &lt;<cite>jkridner</cite>&gt; <q>:)</q></li>
<li class="message">[<a href="#T19:21:34" id="T19:21:34"><abbr title="2008-04-05T19:21:34+00:00">19:21:34</abbr></a>] &lt;<cite>jkridner</cite>&gt; <q>I thought he wanted everything labeled GNU.</q></li>
<li class="message">[<a href="#T19:21:48" id="T19:21:48"><abbr title="2008-04-05T19:21:48+00:00">19:21:48</abbr></a>] &lt;<cite>jkridner</cite>&gt; <q>It's a GNU world order.</q></li>
<li class="message">[<a href="#T19:23:04" id="T19:23:04"><abbr title="2008-04-05T19:23:04+00:00">19:23:04</abbr></a>] &lt;<cite>Crofton</cite>&gt; <q>well GNU-something</q></li>
<li class="message">[<a href="#T19:24:14" id="T19:24:14"><abbr title="2008-04-05T19:24:14+00:00">19:24:14</abbr></a>] &lt;<cite>NishanthMenon</cite>&gt; <q>jkridner: on git pull issue: i have ubuntu 7.10 currently and it works for me</q></li>
<li class="message">[<a href="#T19:24:17" id="T19:24:17"><abbr title="2008-04-05T19:24:17+00:00">19:24:17</abbr></a>] &lt;<cite>jkridner</cite>&gt; <q>k.  on my Ubuntu, I had to install 'gettext', 'tcl8.4', and 'zlib1g-dev', after the general build utilities.</q></li>
<li class="message">[<a href="#T19:24:27" id="T19:24:27"><abbr title="2008-04-05T19:24:27+00:00">19:24:27</abbr></a>] &lt;<cite>jkridner</cite>&gt; <q>from denx.de?</q></li>
<li class="message">[<a href="#T19:24:34" id="T19:24:34"><abbr title="2008-04-05T19:24:34+00:00">19:24:34</abbr></a>] &lt;<cite>NishanthMenon</cite>&gt; <q>let me pull in the log</q></li>
<li class="message">[<a href="#T19:24:37" id="T19:24:37"><abbr title="2008-04-05T19:24:37+00:00">19:24:37</abbr></a>] &lt;<cite>jkridner</cite>&gt; <q>you just did 'apt-get install git-core'?</q></li>
<li class="message">[<a href="#T19:25:57" id="T19:25:57"><abbr title="2008-04-05T19:25:57+00:00">19:25:57</abbr></a>] &lt;<cite>NishanthMenon</cite>&gt; <q>nmenon@coyote:~/Src/opensource/clone/u-boot.v2$ git --version</q></li>
<li class="message">[<abbr title="2008-04-05T19:25:57+00:00">19:25:57</abbr>] &lt;<cite>NishanthMenon</cite>&gt; <q>git version 1.5.2.5</q></li>
<li class="message">[<abbr title="2008-04-05T19:25:57+00:00">19:25:57</abbr>] &lt;<cite>NishanthMenon</cite>&gt; <q>nmenon@coyote:~/Src/opensource/clone/u-boot.v2$ cg --version</q></li>
<li class="message">[<abbr title="2008-04-05T19:25:57+00:00">19:25:57</abbr>] &lt;<cite>NishanthMenon</cite>&gt; <q>cogito-0.18.2</q></li>
<li class="message">[<abbr title="2008-04-05T19:25:57+00:00">19:25:57</abbr>] &lt;<cite>NishanthMenon</cite>&gt; <q>nmenon@coyote:~/Src/opensource/clone/u-boot.v2$ uname -a</q></li>
<li class="message">[<abbr title="2008-04-05T19:25:57+00:00">19:25:57</abbr>] &lt;<cite>NishanthMenon</cite>&gt; <q>Linux coyote 2.6.22-14-generic #1 SMP Tue Feb 12 02:46:46 UTC 2008 x86_64 GNU/Linux</q></li>
<li class="message">[<a href="#T19:26:28" id="T19:26:28"><abbr title="2008-04-05T19:26:28+00:00">19:26:28</abbr></a>] &lt;<cite>NishanthMenon</cite>&gt; <q>i am pulling off denx, though, i am using cg-clone for pulling the code..</q></li>
<li class="message">[<a href="#T19:26:39" id="T19:26:39"><abbr title="2008-04-05T19:26:39+00:00">19:26:39</abbr></a>] &lt;<cite>NishanthMenon</cite>&gt; <q>and it is uboot-v2 i am using</q></li>
<li class="message">[<a href="#T19:27:31" id="T19:27:31"><abbr title="2008-04-05T19:27:31+00:00">19:27:31</abbr></a>] &lt;<cite>NishanthMenon</cite>&gt; <q>jkridner: i think i did a apt-get install git</q></li>
<li class="message">[<a href="#T19:27:46" id="T19:27:46"><abbr title="2008-04-05T19:27:46+00:00">19:27:46</abbr></a>] &lt;<cite>jkridner</cite>&gt; <q>ah, the git I pulled in was 1.4.something.</q></li>
<li class="message">[<a href="#T19:28:11" id="T19:28:11"><abbr title="2008-04-05T19:28:11+00:00">19:28:11</abbr></a>] &lt;<cite>jkridner</cite>&gt; <q>so, you either updated your sources.list or have a more aggressive package selection.</q></li>
<li class="message">[<a href="#T19:28:23" id="T19:28:23"><abbr title="2008-04-05T19:28:23+00:00">19:28:23</abbr></a>] &lt;<cite>NishanthMenon</cite>&gt; <q>i have an updated sources.list</q></li>
<li class="message">[<a href="#T19:28:30" id="T19:28:30"><abbr title="2008-04-05T19:28:30+00:00">19:28:30</abbr></a>] &lt;<cite>NishanthMenon</cite>&gt; <q>do u want me to post it somewhere?</q></li>
<li class="message">[<a href="#T19:28:46" id="T19:28:46"><abbr title="2008-04-05T19:28:46+00:00">19:28:46</abbr></a>] &lt;<cite>jkridner</cite>&gt; <q>nope, I'm almost there.</q></li>
<li class="message">[<a href="#T19:28:57" id="T19:28:57"><abbr title="2008-04-05T19:28:57+00:00">19:28:57</abbr></a>] &lt;<cite>jkridner</cite>&gt; <q>well, I guess it wouldn't hurt.</q></li>
<li class="message">[<a href="#T19:29:26" id="T19:29:26"><abbr title="2008-04-05T19:29:26+00:00">19:29:26</abbr></a>] &lt;<cite>NishanthMenon</cite>&gt; <q>mailed u</q></li>
<li class="message">[<a href="#T19:29:29" id="T19:29:29"><abbr title="2008-04-05T19:29:29+00:00">19:29:29</abbr></a>] &lt;<cite>NishanthMenon</cite>&gt; <q>gmail</q></li>
<li class="message">[<a href="#T19:29:54" id="T19:29:54"><abbr title="2008-04-05T19:29:54+00:00">19:29:54</abbr></a>] &lt;<cite>jkridne1</cite>&gt; <q>can't copy-paste from my VM my u-name, but it is older.  2.6.20.</q></li>
<li class="message">[<a href="#T19:30:43" id="T19:30:43"><abbr title="2008-04-05T19:30:43+00:00">19:30:43</abbr></a>] &lt;<cite>NishanthMenon</cite>&gt; <q>oh.. probably u need to do an apt-get update and apt-get upgrade</q></li>
<li class="message">[<a href="#T19:30:47" id="T19:30:47"><abbr title="2008-04-05T19:30:47+00:00">19:30:47</abbr></a>] &lt;<cite>NishanthMenon</cite>&gt; <q>i dont have a VM</q></li>
<li class="message">[<a href="#T19:30:58" id="T19:30:58"><abbr title="2008-04-05T19:30:58+00:00">19:30:58</abbr></a>] &lt;<cite>NishanthMenon</cite>&gt; <q>i run native linux on my laptop at home</q></li>
<li class="message">[<a href="#T19:31:49" id="T19:31:49"><abbr title="2008-04-05T19:31:49+00:00">19:31:49</abbr></a>] &lt;<cite>jkridner</cite>&gt; <q>work issued laptop for me only. :(</q></li>
<li class="message">[<a href="#T19:32:08" id="T19:32:08"><abbr title="2008-04-05T19:32:08+00:00">19:32:08</abbr></a>] &lt;<cite>NishanthMenon</cite>&gt; <q>u should be able to go apt-get update and upgrade</q></li>
<li class="message">[<a href="#T19:32:22" id="T19:32:22"><abbr title="2008-04-05T19:32:22+00:00">19:32:22</abbr></a>] &lt;<cite>NishanthMenon</cite>&gt; <q>my wife uses vmware ubuntu.. i have her's updated</q></li>
<li class="message">[<a href="#T19:32:39" id="T19:32:39"><abbr title="2008-04-05T19:32:39+00:00">19:32:39</abbr></a>] &lt;<cite>NishanthMenon</cite>&gt; <q>in office probably u may need to export http_proxy i guess</q></li>
<li class="message">[<a href="#T19:33:17" id="T19:33:17"><abbr title="2008-04-05T19:33:17+00:00">19:33:17</abbr></a>] &lt;<cite>jkridner</cite>&gt; <q>yeah, did that.</q></li>
<li class="message">[<a href="#T19:33:35" id="T19:33:35"><abbr title="2008-04-05T19:33:35+00:00">19:33:35</abbr></a>] &lt;<cite>jkridner</cite>&gt; <q>still says I have the latest git-core</q></li>
<li class="message">[<a href="#T19:33:46" id="T19:33:46"><abbr title="2008-04-05T19:33:46+00:00">19:33:46</abbr></a>] &lt;<cite>NishanthMenon</cite>&gt; <q>weird!</q></li>
<li class="message">[<a href="#T19:34:06" id="T19:34:06"><abbr title="2008-04-05T19:34:06+00:00">19:34:06</abbr></a>] &lt;<cite>NishanthMenon</cite>&gt; <q>the dirty quick fix might to get source and manual build</q></li>
<li class="message">[<a href="#T19:34:09" id="T19:34:09"><abbr title="2008-04-05T19:34:09+00:00">19:34:09</abbr></a>] &lt;<cite>jkridner</cite>&gt; <q>finding curl headers now.  forgot to build that in.</q></li>
<li class="message">[<a href="#T19:34:28" id="T19:34:28"><abbr title="2008-04-05T19:34:28+00:00">19:34:28</abbr></a>] &lt;<cite>jkridner</cite>&gt; <q>that's what I was in the middle of.  that's why I had to get the packages I mentioned above.</q></li>
<li class="message">[<a href="#T19:34:37" id="T19:34:37"><abbr title="2008-04-05T19:34:37+00:00">19:34:37</abbr></a>] &lt;<cite>jkridner</cite>&gt; <q>forgot to add curl support.</q></li>
<li class="message">[<a href="#T19:34:49" id="T19:34:49"><abbr title="2008-04-05T19:34:49+00:00">19:34:49</abbr></a>] &lt;<cite>jkridner</cite>&gt; <q>can't use git: through the firewall.</q></li>
<li class="message">[<a href="#T19:35:01" id="T19:35:01"><abbr title="2008-04-05T19:35:01+00:00">19:35:01</abbr></a>] &lt;<cite>NishanthMenon</cite>&gt; <q>u can use using the http:// link</q></li>
<li class="message">[<a href="#T19:35:08" id="T19:35:08"><abbr title="2008-04-05T19:35:08+00:00">19:35:08</abbr></a>] &lt;<cite>NishanthMenon</cite>&gt; <q>i use it from my redhat box in office</q></li>
<li class="message">[<a href="#T19:35:20" id="T19:35:20"><abbr title="2008-04-05T19:35:20+00:00">19:35:20</abbr></a>] &lt;<cite>jkridner</cite>&gt; <q>right. that is what I normally do for git...</q></li>
<li class="message">[<a href="#T19:35:32" id="T19:35:32"><abbr title="2008-04-05T19:35:32+00:00">19:35:32</abbr></a>] &lt;<cite>jkridner</cite>&gt; <q>but, I need a newer git on this machine to pull from u-boot.git...</q></li>
<li class="message">[<a href="#T19:35:44" id="T19:35:44"><abbr title="2008-04-05T19:35:44+00:00">19:35:44</abbr></a>] &lt;<cite>jkridner</cite>&gt; <q>you already have newer git, which is why it works for you.</q></li>
<li class="message">[<a href="#T19:35:50" id="T19:35:50"><abbr title="2008-04-05T19:35:50+00:00">19:35:50</abbr></a>] &lt;<cite>NishanthMenon</cite>&gt; <q>yes, i think 1.5 is needed for denx</q></li>
<li class="message">[<a href="#T19:36:03" id="T19:36:03"><abbr title="2008-04-05T19:36:03+00:00">19:36:03</abbr></a>] &lt;<cite>NishanthMenon</cite>&gt; <q>i think even source.mvista moved to 1.5</q></li>
<li class="message">[<a href="#T19:38:02" id="T19:38:02"><abbr title="2008-04-05T19:38:02+00:00">19:38:02</abbr></a>] &lt;<cite>jkridner</cite>&gt; <q>yeah, I saw a post about that recently.  I had problems pulling down the davinci git as well.  hopefully the world will be a nicer place once I finish rebuilding git.</q></li>
<li class="message">[<a href="#T19:38:08" id="T19:38:08"><abbr title="2008-04-05T19:38:08+00:00">19:38:08</abbr></a>] &lt;<cite>jkridner</cite>&gt; <q>downloading 'libcurl3-dev' now.</q></li>
<li class="message">[<a href="#T19:45:19" id="T19:45:19"><abbr title="2008-04-05T19:45:19+00:00">19:45:19</abbr></a>] &lt;<cite>NishanthMenon</cite>&gt; <q>jkridner: have fun.. just was trying it out on my wife's vmware.. the kernel is 2.6.22-14, but she seems to have messed up something else and apt-get database is corrupted... so cant verify.. mebbe sometime later..</q></li>
<li class="message">[<a href="#T19:46:28" id="T19:46:28"><abbr title="2008-04-05T19:46:28+00:00">19:46:28</abbr></a>] &lt;<cite>jkridner</cite>&gt; <q>k.</q></li>
<li class="message">[<a href="#T19:47:05" id="T19:47:05"><abbr title="2008-04-05T19:47:05+00:00">19:47:05</abbr></a>] &lt;<cite>jkridner</cite>&gt; <q>I must be tired from gardening this morning.  forgot to do 'make clean' and was surprised when I still didn't have curl support.</q></li>
<li class="message">[<a href="#T19:49:32" id="T19:49:32"><abbr title="2008-04-05T19:49:32+00:00">19:49:32</abbr></a>] &lt;<cite>jkridner</cite>&gt; <q>ugh, now XML_ParserCreate isn't found in my libexpat1</q></li>
<li class="message">[<a href="#T19:51:28" id="T19:51:28"><abbr title="2008-04-05T19:51:28+00:00">19:51:28</abbr></a>] &lt;<cite>jkridner</cite>&gt; <q>nm, rerunning configure worked.</q></li>
<li class="message">[<a href="#T19:52:51" id="T19:52:51"><abbr title="2008-04-05T19:52:51+00:00">19:52:51</abbr></a>] &lt;<cite>NishanthMenon</cite>&gt; <q>jkridner: good things worked for you :)</q></li>
<li class="message">[<a href="#T19:52:56" id="T19:52:56"><abbr title="2008-04-05T19:52:56+00:00">19:52:56</abbr></a>] &lt;<cite>jkridner</cite>&gt; <q>NishanthMenon: ah, apparently the Brazil mirror is out-of-date.  my sources.list point there because this image was created in Brazil.</q></li>
<li class="message">[<a href="#T19:53:16" id="T19:53:16"><abbr title="2008-04-05T19:53:16+00:00">19:53:16</abbr></a>] &lt;<cite>jkridner</cite>&gt; <q>yup, I *finally* have a clone of u-boot.git.</q></li>
<li class="message">[<a href="#T19:53:22" id="T19:53:22"><abbr title="2008-04-05T19:53:22+00:00">19:53:22</abbr></a>] &lt;<cite>Crofton</cite>&gt; <q>heh</q></li>
<li class="message">[<a href="#T19:53:48" id="T19:53:48"><abbr title="2008-04-05T19:53:48+00:00">19:53:48</abbr></a>] &lt;<cite>jkridner</cite>&gt; <q>time to apply some patches. :)  now how do I get those patches over to the VM.  ;)</q></li>
<li class="message">[<a href="#T19:54:00" id="T19:54:00"><abbr title="2008-04-05T19:54:00+00:00">19:54:00</abbr></a>] &lt;<cite>NishanthMenon</cite>&gt; <q>my wife uses tftp :D</q></li>
<li class="message">[<a href="#T19:54:02" id="T19:54:02"><abbr title="2008-04-05T19:54:02+00:00">19:54:02</abbr></a>] &lt;<cite>jkridner</cite>&gt; <q>(no worries, it has a web browser)</q></li>
<li class="message">[<a href="#T19:54:14" id="T19:54:14"><abbr title="2008-04-05T19:54:14+00:00">19:54:14</abbr></a>] &lt;<cite>jkridner</cite>&gt; <q>yikes!</q></li>
<li class="message">[<a href="#T19:56:28" id="T19:56:28"><abbr title="2008-04-05T19:56:28+00:00">19:56:28</abbr></a>] &lt;<cite>jkridner</cite>&gt; <q>kinda kludgy the way google groups doesn't show the entire message, but download seems to work ok.</q></li>
<li class="message">[<a href="#T20:00:42" id="T20:00:42"><abbr title="2008-04-05T20:00:42+00:00">20:00:42</abbr></a>] &lt;<cite>Crofton</cite>&gt; <q>my wife uses windows :(</q></li>
<li class="message">[<a href="#T20:01:45" id="T20:01:45"><abbr title="2008-04-05T20:01:45+00:00">20:01:45</abbr></a>] &lt;<cite>NishanthMenon</cite>&gt; <q>Crofton: The only reason my wife touched vmware was cos her prof said he will accept assignements which compile on Lab machines (linux).. given a choice... u know the answer ;)</q></li>
<li class="message">[<a href="#T20:02:39" id="T20:02:39"><abbr title="2008-04-05T20:02:39+00:00">20:02:39</abbr></a>] &lt;<cite>Crofton</cite>&gt; <q>good for the prof :)</q></li>
<li class="message">[<a href="#T20:02:51" id="T20:02:51"><abbr title="2008-04-05T20:02:51+00:00">20:02:51</abbr></a>] &lt;<cite>jkridner</cite>&gt; <q>ugh!  google chopped the lines!</q></li>
<li class="message">[<abbr title="2008-04-05T20:02:51+00:00">20:02:51</abbr>] &lt;<cite>jkridner</cite>&gt; <q>I guess that is why the patches were also sent as attachments.</q></li>
<li class="message">[<abbr title="2008-04-05T20:02:51+00:00">20:02:51</abbr>] &lt;<cite>jkridner</cite>&gt; <q>*sigh*  maybe google groups won't work. :(</q></li>
<li class="quit">[<a href="#T20:03:05" id="T20:03:05"><abbr title="2008-04-05T20:03:05+00:00">20:03:05</abbr></a>] <span>* jkridne1 (n=a0321898@nat/ti/x-64234282a9b0b966) Quit (Remote closed the connection)</span></li>
<li class="message">[<a href="#T20:03:20" id="T20:03:20"><abbr title="2008-04-05T20:03:20+00:00">20:03:20</abbr></a>] &lt;<cite>NishanthMenon</cite>&gt; <q>why not use vger list like omap-ml?</q></li>
<li class="message">[<a href="#T20:03:30" id="T20:03:30"><abbr title="2008-04-05T20:03:30+00:00">20:03:30</abbr></a>] &lt;<cite>NishanthMenon</cite>&gt; <q>it kinda works always.... :D</q></li>
<li class="message">[<a href="#T20:04:00" id="T20:04:00"><abbr title="2008-04-05T20:04:00+00:00">20:04:00</abbr></a>] &lt;<cite>jkridner</cite>&gt; <q>well, we don't want to just talk kernel on that list....</q></li>
<li class="message">[<a href="#T20:04:12" id="T20:04:12"><abbr title="2008-04-05T20:04:12+00:00">20:04:12</abbr></a>] &lt;<cite>jkridner</cite>&gt; <q>right now, it is meant to cover all board/project related topics.</q></li>
<li class="message">[<a href="#T20:04:23" id="T20:04:23"><abbr title="2008-04-05T20:04:23+00:00">20:04:23</abbr></a>] &lt;<cite>jkridner</cite>&gt; <q>kernel is just the hot topic, since that is needed to get things going.</q></li>
<li class="message">[<a href="#T20:04:42" id="T20:04:42"><abbr title="2008-04-05T20:04:42+00:00">20:04:42</abbr></a>] &lt;<cite>jkridner</cite>&gt; <q>besides, this set of patches is for u-boot.  that would be strange to talk about on vger.kernel.org.</q></li>
<li class="join">[<a href="#T20:04:45" id="T20:04:45"><abbr title="2008-04-05T20:04:45+00:00">20:04:45</abbr></a>] <span>* jkridne1 (n=a0321898@nat/ti/x-305d929f798b203b) has joined #beagle</span></li>
<li class="message">[<a href="#T20:04:52" id="T20:04:52"><abbr title="2008-04-05T20:04:52+00:00">20:04:52</abbr></a>] &lt;<cite>NishanthMenon</cite>&gt; <q>hmm mebbe TI internal mailing list then? like the earst-while list? and a mailman archives?</q></li>
<li class="message">[<a href="#T20:05:29" id="T20:05:29"><abbr title="2008-04-05T20:05:29+00:00">20:05:29</abbr></a>] &lt;<cite>NishanthMenon</cite>&gt; <q>sorry.. i meant something like <a href="http://linux.omap.com/mailman/listinfo">http://linux.omap.com/mailman/listinfo</a></q></li>
<li class="message">[<a href="#T20:07:23" id="T20:07:23"><abbr title="2008-04-05T20:07:23+00:00">20:07:23</abbr></a>] &lt;<cite>jkridner</cite>&gt; <q>oh.  yeah, I could do that, but I prefer not to create a new hosting service if it already exists.</q></li>
<li class="message">[<a href="#T20:07:42" id="T20:07:42"><abbr title="2008-04-05T20:07:42+00:00">20:07:42</abbr></a>] &lt;<cite>jkridner</cite>&gt; <q>one idea was to simply start using that list, since the kernel discussion has gone over to vger.</q></li>
<li class="message">[<a href="#T20:07:51" id="T20:07:51"><abbr title="2008-04-05T20:07:51+00:00">20:07:51</abbr></a>] &lt;<cite>jkridner</cite>&gt; <q>I thought that would be confusing.</q></li>
<li class="message">[<a href="#T20:08:18" id="T20:08:18"><abbr title="2008-04-05T20:08:18+00:00">20:08:18</abbr></a>] &lt;<cite>jkridner</cite>&gt; <q>beagleboard.org isn't exactly a TI project, per se.  so, I'd rather use community tools.</q></li>
<li class="message">[<a href="#T20:08:31" id="T20:08:31"><abbr title="2008-04-05T20:08:31+00:00">20:08:31</abbr></a>] &lt;<cite>jkridner</cite>&gt; <q>I could host the same functions on beagleboard.org, but then I'd need to maintain them.</q></li>
<li class="message">[<a href="#T20:10:34" id="T20:10:34"><abbr title="2008-04-05T20:10:34+00:00">20:10:34</abbr></a>] &lt;<cite>NishanthMenon</cite>&gt; <q>jkridner: i cant figure out a IRC private chat mode, :D so here is a possible example: mvista hosting the kernel?? mebbe a bit of resource allocation :D just kidding ofcourse</q></li>
<li class="message">[<a href="#T20:31:55" id="T20:31:55"><abbr title="2008-04-05T20:31:55+00:00">20:31:55</abbr></a>] &lt;<cite>Crofton</cite>&gt; <q>NishanthMenon, /msg jkridner</q></li>
<li class="message">[<a href="#T20:32:01" id="T20:32:01"><abbr title="2008-04-05T20:32:01+00:00">20:32:01</abbr></a>] &lt;<cite>Crofton</cite>&gt; <q>you may need to register</q></li>
<li class="join">[<a href="#T23:01:51" id="T23:01:51"><abbr title="2008-04-05T23:01:51+00:00">23:01:51</abbr></a>] <span>* ali_as_ (n=as@80.229.21.128) has joined #beagle</span></li>
<li class="quit">[<a href="#T23:14:26" id="T23:14:26"><abbr title="2008-04-05T23:14:26+00:00">23:14:26</abbr></a>] <span>* ali_as (n=as@ambix.plus.com) Quit (Connection timed out)</span></li>
<li class="quit">[<a href="#T23:14:37" id="T23:14:37"><abbr title="2008-04-05T23:14:37+00:00">23:14:37</abbr></a>] <span>* NishanthMenon (n=Nishanth@cpe-24-175-68-203.tx.res.rr.com) Quit (Read error: 110 (Connection timed out))</span></li>
