<li class="join">[<a href="#T00:10:15" id="T00:10:15"><abbr title="2008-03-04T00:10:15+00:00">00:10:15</abbr></a>] <span>* BThompson (n=BThompso@cpe-76-183-86-15.tx.res.rr.com) has joined #beagle</span></li>
<li class="message">[<a href="#T01:22:18" id="T01:22:18"><abbr title="2008-03-04T01:22:18+00:00">01:22:18</abbr></a>] &lt;<cite>jkridner</cite>&gt; <q>FYI, <a href="http://www.ti.com/omap35x">http://www.ti.com/omap35x</a> has incorrect information about the ARM endianness.  The correct answer is "little".</q></li>
<li class="quit">[<a href="#T04:22:21" id="T04:22:21"><abbr title="2008-03-04T04:22:21+00:00">04:22:21</abbr></a>] <span>* BThompson (n=BThompso@cpe-76-183-86-15.tx.res.rr.com) Quit ("Trillian (<a href="http://www.ceruleanstudios.com")">http://www.ceruleanstudios.com")</a></span></li>
<li class="join">[<a href="#T04:42:39" id="T04:42:39"><abbr title="2008-03-04T04:42:39+00:00">04:42:39</abbr></a>] <span>* bazbell (n=a0192809@nat/ti/x-56fd4741616a6e67) has joined #beagle</span></li>
<li class="join">[<a href="#T05:28:28" id="T05:28:28"><abbr title="2008-03-04T05:28:28+00:00">05:28:28</abbr></a>] <span>* JoeBorn (n=rootmeis@adsl-75-3-4-76.dsl.chcgil.sbcglobal.net) has joined #beagle</span></li>
<li class="quit">[<a href="#T08:00:37" id="T08:00:37"><abbr title="2008-03-04T08:00:37+00:00">08:00:37</abbr></a>] <span>* bazbell (n=a0192809@nat/ti/x-56fd4741616a6e67) Quit (Remote closed the connection)</span></li>
<li class="join">[<a href="#T08:14:54" id="T08:14:54"><abbr title="2008-03-04T08:14:54+00:00">08:14:54</abbr></a>] <span>* jkridne1 (n=a0321898@nat/ti/x-3f8f7980f7b0d173) has joined #beagle</span></li>
<li class="quit">[<a href="#T08:19:08" id="T08:19:08"><abbr title="2008-03-04T08:19:08+00:00">08:19:08</abbr></a>] <span>* jkridner (n=a0321898@nat/ti/x-f6bb2bb1c0cbc92e) Quit (Remote closed the connection)</span></li>
<li class="nick-change">[<a href="#T13:31:53" id="T13:31:53"><abbr title="2008-03-04T13:31:53+00:00">13:31:53</abbr></a>] <span>* jkridne1 is now known as jkridner</span></li>
<li class="join">[<a href="#T15:58:52" id="T15:58:52"><abbr title="2008-03-04T15:58:52+00:00">15:58:52</abbr></a>] <span>* BThompson (n=BThompso@nat/ti/x-6b17343e623bb203) has joined #beagle</span></li>
<li class="quit">[<a href="#T16:37:50" id="T16:37:50"><abbr title="2008-03-04T16:37:50+00:00">16:37:50</abbr></a>] <span>* jkridner (n=a0321898@nat/ti/x-3f8f7980f7b0d173) Quit (Remote closed the connection)</span></li>
<li class="join">[<a href="#T18:09:06" id="T18:09:06"><abbr title="2008-03-04T18:09:06+00:00">18:09:06</abbr></a>] <span>* JoeyBorn (n=rootmeis@adsl-75-3-4-76.dsl.chcgil.sbcglobal.net) has joined #beagle</span></li>
<li class="quit">[<a href="#T18:26:05" id="T18:26:05"><abbr title="2008-03-04T18:26:05+00:00">18:26:05</abbr></a>] <span>* JoeBorn (n=rootmeis@adsl-75-3-4-76.dsl.chcgil.sbcglobal.net) Quit (Read error: 110 (Connection timed out))</span></li>
<li class="quit">[<a href="#T18:27:13" id="T18:27:13"><abbr title="2008-03-04T18:27:13+00:00">18:27:13</abbr></a>] <span>* JoeyBorn (n=rootmeis@adsl-75-3-4-76.dsl.chcgil.sbcglobal.net) Quit (Connection timed out)</span></li>
<li class="join">[<a href="#T19:05:51" id="T19:05:51"><abbr title="2008-03-04T19:05:51+00:00">19:05:51</abbr></a>] <span>* bgat (n=bgat@adsl-75-23-75-38.dsl.peoril.sbcglobal.net) has joined #beagle</span></li>
<li class="message">[<a href="#T19:10:00" id="T19:10:00"><abbr title="2008-03-04T19:10:00+00:00">19:10:00</abbr></a>] &lt;<cite>bgat</cite>&gt; <q>any word on hardware?</q></li>
<li class="join">[<a href="#T19:10:15" id="T19:10:15"><abbr title="2008-03-04T19:10:15+00:00">19:10:15</abbr></a>] <span>* JoeBorn (n=rootmeis@dsl017-022-247.chi1.dsl.speakeasy.net) has joined #beagle</span></li>
<li class="quit">[<a href="#T19:29:57" id="T19:29:57"><abbr title="2008-03-04T19:29:57+00:00">19:29:57</abbr></a>] <span>* JoeBorn (n=rootmeis@dsl017-022-247.chi1.dsl.speakeasy.net) Quit (Read error: 110 (Connection timed out))</span></li>
<li class="quit">[<a href="#T19:39:59" id="T19:39:59"><abbr title="2008-03-04T19:39:59+00:00">19:39:59</abbr></a>] <span>* bgat (n=bgat@adsl-75-23-75-38.dsl.peoril.sbcglobal.net) Quit ("using sirc version 2.211+KSIRC/1.3.12")</span></li>
<li class="quit">[<a href="#T23:11:39" id="T23:11:39"><abbr title="2008-03-04T23:11:39+00:00">23:11:39</abbr></a>] <span>* BThompson (n=BThompso@nat/ti/x-6b17343e623bb203) Quit ("Trillian (<a href="http://www.ceruleanstudios.com")">http://www.ceruleanstudios.com")</a></span></li>
<li class="join">[<a href="#T23:32:20" id="T23:32:20"><abbr title="2008-03-04T23:32:20+00:00">23:32:20</abbr></a>] <span>* jkridner (n=a0321898@nat/ti/x-7bbfd3a7c10dec8a) has joined #beagle</span></li>
<li class="join">[<a href="#T23:49:21" id="T23:49:21"><abbr title="2008-03-04T23:49:21+00:00">23:49:21</abbr></a>] <span>* BThompson (n=BThompso@cpe-76-183-86-15.tx.res.rr.com) has joined #beagle</span></li>
