<li class="message">[<a href="#T00:27:06" id="T00:27:06"><abbr title="2008-05-29T00:27:06+00:00">00:27:06</abbr></a>] &lt;<cite>jkridner|work</cite>&gt; <q>what I'm looking at doing now is providing some Rev. B board without the EHCI USB in a few weeks and having a different SKU for the Rev. C boards with the EHCI USB fixed.</q></li>
<li class="message">[<a href="#T00:27:39" id="T00:27:39"><abbr title="2008-05-29T00:27:39+00:00">00:27:39</abbr></a>] &lt;<cite>jkridner|work</cite>&gt; <q>it is looking like it will take a long time to do the board spin for the fix.</q></li>
<li class="message">[<a href="#T00:27:50" id="T00:27:50"><abbr title="2008-05-29T00:27:50+00:00">00:27:50</abbr></a>] &lt;<cite>jkridner|work</cite>&gt; <q>(&gt;6 weeks)</q></li>
<li class="message">[<a href="#T00:27:55" id="T00:27:55"><abbr title="2008-05-29T00:27:55+00:00">00:27:55</abbr></a>] &lt;<cite>jkridner|work</cite>&gt; <q>:(</q></li>
<li class="message">[<a href="#T00:30:17" id="T00:30:17"><abbr title="2008-05-29T00:30:17+00:00">00:30:17</abbr></a>] &lt;<cite>jkridner|work</cite>&gt; <q>sakoman: I just got some additional advice to try on the EVM touchscreen</q></li>
<li class="message">[<a href="#T00:30:22" id="T00:30:22"><abbr title="2008-05-29T00:30:22+00:00">00:30:22</abbr></a>] &lt;<cite>jkridner|work</cite>&gt; <q>#ts_calibrate &gt; /dev/null</q></li>
<li class="message">[<a href="#T00:30:26" id="T00:30:26"><abbr title="2008-05-29T00:30:26+00:00">00:30:26</abbr></a>] &lt;<cite>jkridner|work</cite>&gt; <q>#ts_test &gt; /dev/null</q></li>
<li class="message">[<a href="#T00:30:46" id="T00:30:46"><abbr title="2008-05-29T00:30:46+00:00">00:30:46</abbr></a>] &lt;<cite>jkridner|work</cite>&gt; <q>Then select the "Draw" function.</q></li>
<li class="message">[<a href="#T00:31:27" id="T00:31:27"><abbr title="2008-05-29T00:31:27+00:00">00:31:27</abbr></a>] &lt;<cite>jkridner|work</cite>&gt; <q>I don't expect much from this, but I won't get a chance to try it until I get a new EVM (gave my last one away for customer demos).</q></li>
<li class="message">[<a href="#T01:29:34" id="T01:29:34"><abbr title="2008-05-29T01:29:34+00:00">01:29:34</abbr></a>] &lt;<cite>Crofton</cite>&gt; <q>So we are looking at end of July?</q></li>
<li class="message">[<a href="#T01:50:01" id="T01:50:01"><abbr title="2008-05-29T01:50:01+00:00">01:50:01</abbr></a>] &lt;<cite>jkridner|work</cite>&gt; <q>yes, I'd say that is about right for the EHCI support.</q></li>
<li class="message">[<a href="#T01:50:15" id="T01:50:15"><abbr title="2008-05-29T01:50:15+00:00">01:50:15</abbr></a>] &lt;<cite>jkridner|work</cite>&gt; <q>there are still some risk items that could push it out though.</q></li>
<li class="quit">[<a href="#T02:10:27" id="T02:10:27"><abbr title="2008-05-29T02:10:27+00:00">02:10:27</abbr></a>] <span>* jkridner|work (n=a0321898@nat/ti/x-60a40f3a2febed33) Quit (Remote closed the connection)</span></li>
<li class="quit">[<a href="#T02:48:54" id="T02:48:54"><abbr title="2008-05-29T02:48:54+00:00">02:48:54</abbr></a>] <span>* ldesnogu- (n=ldesnogu@fw-tnat.cambridge.arm.com) Quit (kubrick.freenode.net irc.freenode.net)</span></li>
<li class="join">[<a href="#T02:57:26" id="T02:57:26"><abbr title="2008-05-29T02:57:26+00:00">02:57:26</abbr></a>] <span>* ldesnogu- (n=ldesnogu@fw-tnat.cambridge.arm.com) has joined #beagle</span></li>
<li class="join">[<a href="#T03:26:55" id="T03:26:55"><abbr title="2008-05-29T03:26:55+00:00">03:26:55</abbr></a>] <span>* bazbell (n=a0192809@nat/ti/x-620d0e132f4cdbb9) has joined #beagle</span></li>
<li class="message">[<a href="#T03:57:37" id="T03:57:37"><abbr title="2008-05-29T03:57:37+00:00">03:57:37</abbr></a>] &lt;<cite>sakoman</cite>&gt; <q>jkridner:  on the EVM touchscreen advice -- I'm not sure what that is supposed to do!</q></li>
<li class="message">[<a href="#T03:59:12" id="T03:59:12"><abbr title="2008-05-29T03:59:12+00:00">03:59:12</abbr></a>] &lt;<cite>sakoman</cite>&gt; <q>other than redirecting the output to /dev/null that is the same procedure that I used to illustrate the problem :-)</q></li>
<li class="message">[<a href="#T04:00:26" id="T04:00:26"><abbr title="2008-05-29T04:00:26+00:00">04:00:26</abbr></a>] &lt;<cite>sakoman</cite>&gt; <q>And as you might expect, the jitter is still there.  So I wouldn't rush to get your hands on an evm to try it</q></li>
<li class="message">[<a href="#T04:01:38" id="T04:01:38"><abbr title="2008-05-29T04:01:38+00:00">04:01:38</abbr></a>] &lt;<cite>sakoman</cite>&gt; <q>koen:  your nand is twice as good as mine.  I have 6 bad blocks.</q></li>
<li class="quit">[<a href="#T04:04:33" id="T04:04:33"><abbr title="2008-05-29T04:04:33+00:00">04:04:33</abbr></a>] <span>* BThompson (n=BThompso@cpe-76-185-93-11.tx.res.rr.com) Quit ("Trillian (<a href="http://www.ceruleanstudios.com")">http://www.ceruleanstudios.com")</a></span></li>
<li class="join">[<a href="#T04:38:58" id="T04:38:58"><abbr title="2008-05-29T04:38:58+00:00">04:38:58</abbr></a>] <span>* JoeBorn (n=jborn@cpe-66-1-5-91.il.sprintbbd.net) has joined #beagle</span></li>
<li class="quit">[<a href="#T05:02:27" id="T05:02:27"><abbr title="2008-05-29T05:02:27+00:00">05:02:27</abbr></a>] <span>* bazbell (n=a0192809@nat/ti/x-620d0e132f4cdbb9) Quit ("Leaving.")</span></li>
<li class="message">[<a href="#T07:01:49" id="T07:01:49"><abbr title="2008-05-29T07:01:49+00:00">07:01:49</abbr></a>] &lt;<cite>koen</cite>&gt; <q>sweet, another patch accepted :)</q></li>
<li class="join">[<a href="#T08:22:50" id="T08:22:50"><abbr title="2008-05-29T08:22:50+00:00">08:22:50</abbr></a>] <span>* RogerMonk (n=a0740758@nat/ti/x-ec2951857cda9198) has joined #beagle</span></li>
<li class="join">[<a href="#T09:09:25" id="T09:09:25"><abbr title="2008-05-29T09:09:25+00:00">09:09:25</abbr></a>] <span>* likewise (n=Leon_Woe@atwork-186.r-212.178.104.atwork.nl) has joined #beagle</span></li>
<li class="join">[<a href="#T09:11:53" id="T09:11:53"><abbr title="2008-05-29T09:11:53+00:00">09:11:53</abbr></a>] <span>* ldesnogu (n=ldesnogu@fw-tnat.cambridge.arm.com) has joined #beagle</span></li>
<li class="quit">[<a href="#T09:13:27" id="T09:13:27"><abbr title="2008-05-29T09:13:27+00:00">09:13:27</abbr></a>] <span>* ldesnogu (n=ldesnogu@fw-tnat.cambridge.arm.com) Quit (Client Quit)</span></li>
<li class="join">[<a href="#T09:13:42" id="T09:13:42"><abbr title="2008-05-29T09:13:42+00:00">09:13:42</abbr></a>] <span>* ldesnogu (n=ldesnogu@fw-tnat.cambridge.arm.com) has joined #beagle</span></li>
<li class="join">[<a href="#T09:16:40" id="T09:16:40"><abbr title="2008-05-29T09:16:40+00:00">09:16:40</abbr></a>] <span>* PibbRelay (n=supybot@nat/janrain/x-623fefeca860941f) has joined #beagle</span></li>
<li class="quit">[<a href="#T09:17:54" id="T09:17:54"><abbr title="2008-05-29T09:17:54+00:00">09:17:54</abbr></a>] <span>* ldesnogu- (n=ldesnogu@fw-tnat.cambridge.arm.com) Quit ("Leaving")</span></li>
<li class="join">[<a href="#T09:41:49" id="T09:41:49"><abbr title="2008-05-29T09:41:49+00:00">09:41:49</abbr></a>] <span>* khasim (n=a0393720@192.163.20.231) has joined #beagle</span></li>
<li class="quit">[<a href="#T10:26:08" id="T10:26:08"><abbr title="2008-05-29T10:26:08+00:00">10:26:08</abbr></a>] <span>* ldesnogu (n=ldesnogu@fw-tnat.cambridge.arm.com) Quit (kubrick.freenode.net irc.freenode.net)</span></li>
<li class="join">[<a href="#T10:26:54" id="T10:26:54"><abbr title="2008-05-29T10:26:54+00:00">10:26:54</abbr></a>] <span>* ldesnogu (n=ldesnogu@fw-tnat.cambridge.arm.com) has joined #beagle</span></li>
<li class="join">[<a href="#T10:53:38" id="T10:53:38"><abbr title="2008-05-29T10:53:38+00:00">10:53:38</abbr></a>] <span>* theoddbot (n=brendan@203-214-112-43.dyn.iinet.net.au) has joined #beagle</span></li>
<li class="quit">[<a href="#T11:41:37" id="T11:41:37"><abbr title="2008-05-29T11:41:37+00:00">11:41:37</abbr></a>] <span>* likewise (n=Leon_Woe@atwork-186.r-212.178.104.atwork.nl) Quit (Remote closed the connection)</span></li>
<li class="message">[<a href="#T12:05:40" id="T12:05:40"><abbr title="2008-05-29T12:05:40+00:00">12:05:40</abbr></a>] &lt;<cite>jkridner</cite>&gt; <q>GAN8001: thanks!</q></li>
<li class="message">[<a href="#T12:08:40" id="T12:08:40"><abbr title="2008-05-29T12:08:40+00:00">12:08:40</abbr></a>] &lt;<cite>Crofton</cite>&gt; <q>jkridner, next week I'll do a talk on beagle as an open prototyping platform for SDR</q></li>
<li class="message">[<a href="#T12:09:07" id="T12:09:07"><abbr title="2008-05-29T12:09:07+00:00">12:09:07</abbr></a>] &lt;<cite>Crofton</cite>&gt; <q>a couple of questions, will schematics/board layouts be available?</q></li>
<li class="message">[<a href="#T12:09:34" id="T12:09:34"><abbr title="2008-05-29T12:09:34+00:00">12:09:34</abbr></a>] &lt;<cite>jkridner</cite>&gt; <q>schematics are in the hardware reference manual.</q></li>
<li class="message">[<a href="#T12:09:38" id="T12:09:38"><abbr title="2008-05-29T12:09:38+00:00">12:09:38</abbr></a>] &lt;<cite>Crofton</cite>&gt; <q>ok</q></li>
<li class="message">[<a href="#T12:09:52" id="T12:09:52"><abbr title="2008-05-29T12:09:52+00:00">12:09:52</abbr></a>] &lt;<cite>jkridner</cite>&gt; <q>editable versions will wait until everything is fully verified.</q></li>
<li class="message">[<a href="#T12:10:24" id="T12:10:24"><abbr title="2008-05-29T12:10:24+00:00">12:10:24</abbr></a>] &lt;<cite>Crofton</cite>&gt; <q>basically, I want to make sure if I say something, it is accurate :)</q></li>
<li class="message">[<a href="#T12:10:49" id="T12:10:49"><abbr title="2008-05-29T12:10:49+00:00">12:10:49</abbr></a>] &lt;<cite>Crofton</cite>&gt; <q>but the intent is to make is easy for people to create designs based on this</q></li>
<li class="message">[<a href="#T12:30:19" id="T12:30:19"><abbr title="2008-05-29T12:30:19+00:00">12:30:19</abbr></a>] &lt;<cite>christian01</cite>&gt; <q>hi guys</q></li>
<li class="message">[<a href="#T12:30:39" id="T12:30:39"><abbr title="2008-05-29T12:30:39+00:00">12:30:39</abbr></a>] &lt;<cite>jkridner</cite>&gt; <q>hi</q></li>
<li class="message">[<a href="#T12:31:35" id="T12:31:35"><abbr title="2008-05-29T12:31:35+00:00">12:31:35</abbr></a>] &lt;<cite>christian01</cite>&gt; <q>what should i do to get an answer from ti?sell my soul?!</q></li>
<li class="message">[<a href="#T12:31:59" id="T12:31:59"><abbr title="2008-05-29T12:31:59+00:00">12:31:59</abbr></a>] &lt;<cite>Crofton</cite>&gt; <q>rofl</q></li>
<li class="message">[<a href="#T12:32:06" id="T12:32:06"><abbr title="2008-05-29T12:32:06+00:00">12:32:06</abbr></a>] &lt;<cite>kulve</cite>&gt; <q>ask the right question</q></li>
<li class="message">[<a href="#T12:32:10" id="T12:32:10"><abbr title="2008-05-29T12:32:10+00:00">12:32:10</abbr></a>] &lt;<cite>Crofton</cite>&gt; <q>jus ask the question</q></li>
<li class="message">[<a href="#T12:32:25" id="T12:32:25"><abbr title="2008-05-29T12:32:25+00:00">12:32:25</abbr></a>] &lt;<cite>RogerMonk</cite>&gt; <q>Hi crofton, I arranged a session to talk about ur dsplink integration stuff into OE with our dev team.  Can you send me an email to arrange a time? r-monk at ti dot com</q></li>
<li class="message">[<a href="#T12:32:35" id="T12:32:35"><abbr title="2008-05-29T12:32:35+00:00">12:32:35</abbr></a>] &lt;<cite>christian01</cite>&gt; <q>i'm going crazy,it's 2 weeks they bounce me from person to person to get an answer</q></li>
<li class="message">[<a href="#T12:32:57" id="T12:32:57"><abbr title="2008-05-29T12:32:57+00:00">12:32:57</abbr></a>] &lt;<cite>Crofton</cite>&gt; <q>christian01, what is the question</q></li>
<li class="message">[<a href="#T12:33:17" id="T12:33:17"><abbr title="2008-05-29T12:33:17+00:00">12:33:17</abbr></a>] &lt;<cite>Crofton</cite>&gt; <q>RogerMonk, thanks</q></li>
<li class="message">[<a href="#T12:33:33" id="T12:33:33"><abbr title="2008-05-29T12:33:33+00:00">12:33:33</abbr></a>] &lt;<cite>christian01</cite>&gt; <q>i am trying to get in contact with ti to buy their oem chip(bt,wifi,twl etc)</q></li>
<li class="message">[<a href="#T12:33:35" id="T12:33:35"><abbr title="2008-05-29T12:33:35+00:00">12:33:35</abbr></a>] &lt;<cite>Crofton</cite>&gt; <q>I'd like to get koen involved also</q></li>
<li class="message">[<a href="#T12:33:48" id="T12:33:48"><abbr title="2008-05-29T12:33:48+00:00">12:33:48</abbr></a>] &lt;<cite>RogerMonk</cite>&gt; <q>great - very interested in the input from you guys</q></li>
<li class="message">[<a href="#T12:34:12" id="T12:34:12"><abbr title="2008-05-29T12:34:12+00:00">12:34:12</abbr></a>] &lt;<cite>RogerMonk</cite>&gt; <q>we want to make it easier if we can</q></li>
<li class="message">[<a href="#T12:34:27" id="T12:34:27"><abbr title="2008-05-29T12:34:27+00:00">12:34:27</abbr></a>] &lt;<cite>Crofton</cite>&gt; <q>christian01, ask the question here, we are not all ti, but if we can, we will try to answer the questions</q></li>
<li class="message">[<a href="#T12:34:31" id="T12:34:31"><abbr title="2008-05-29T12:34:31+00:00">12:34:31</abbr></a>] &lt;<cite>Crofton</cite>&gt; <q>great</q></li>
<li class="message">[<a href="#T12:34:52" id="T12:34:52"><abbr title="2008-05-29T12:34:52+00:00">12:34:52</abbr></a>] &lt;<cite>Crofton</cite>&gt; <q>we also need to understand your goals</q></li>
<li class="message">[<a href="#T12:35:05" id="T12:35:05"><abbr title="2008-05-29T12:35:05+00:00">12:35:05</abbr></a>] &lt;<cite>RogerMonk</cite>&gt; <q>yup - we'll review that</q></li>
<li class="message">[<a href="#T12:35:06" id="T12:35:06"><abbr title="2008-05-29T12:35:06+00:00">12:35:06</abbr></a>] &lt;<cite>Crofton</cite>&gt; <q>in what you need to support</q></li>
<li class="message">[<a href="#T12:35:13" id="T12:35:13"><abbr title="2008-05-29T12:35:13+00:00">12:35:13</abbr></a>] &lt;<cite>christian01</cite>&gt; <q>that was the question,i am trying to get a quote and datasheets for the parts</q></li>
<li class="message">[<a href="#T12:35:22" id="T12:35:22"><abbr title="2008-05-29T12:35:22+00:00">12:35:22</abbr></a>] &lt;<cite>Crofton</cite>&gt; <q>urg</q></li>
<li class="message">[<a href="#T12:35:32" id="T12:35:32"><abbr title="2008-05-29T12:35:32+00:00">12:35:32</abbr></a>] &lt;<cite>Crofton</cite>&gt; <q>not a good question for the community :(</q></li>
<li class="message">[<abbr title="2008-05-29T12:35:32+00:00">12:35:32</abbr>] &lt;<cite>christian01</cite>&gt; <q>we want to develop an open source mobile phone</q></li>
<li class="quit">[<a href="#T12:35:46" id="T12:35:46"><abbr title="2008-05-29T12:35:46+00:00">12:35:46</abbr></a>] <span>* ldesnogu (n=ldesnogu@fw-tnat.cambridge.arm.com) Quit ("Leaving")</span></li>
<li class="message">[<a href="#T12:35:48" id="T12:35:48"><abbr title="2008-05-29T12:35:48+00:00">12:35:48</abbr></a>] &lt;<cite>Crofton</cite>&gt; <q>a worthy goal :)</q></li>
<li class="message">[<a href="#T12:35:50" id="T12:35:50"><abbr title="2008-05-29T12:35:50+00:00">12:35:50</abbr></a>] &lt;<cite>christian01</cite>&gt; <q>haha,yeah that's why i didn't post it directly</q></li>
<li class="message">[<a href="#T12:36:08" id="T12:36:08"><abbr title="2008-05-29T12:36:08+00:00">12:36:08</abbr></a>] &lt;<cite>christian01</cite>&gt; <q>but the crazy part is that we can't even start because we get no reply</q></li>
<li class="message">[<a href="#T12:36:36" id="T12:36:36"><abbr title="2008-05-29T12:36:36+00:00">12:36:36</abbr></a>] &lt;<cite>Crofton</cite>&gt; <q>heh, having a strong open source community can help with many things</q></li>
<li class="message">[<a href="#T12:36:41" id="T12:36:41"><abbr title="2008-05-29T12:36:41+00:00">12:36:41</abbr></a>] &lt;<cite>christian01</cite>&gt; <q>after 2 weeks now,ti china said their sales man is in holiday(wtf you have only 1 sales man? )</q></li>
<li class="message">[<a href="#T12:36:43" id="T12:36:43"><abbr title="2008-05-29T12:36:43+00:00">12:36:43</abbr></a>] &lt;<cite>Crofton</cite>&gt; <q>but, we can't sell the parts :)</q></li>
<li class="message">[<a href="#T12:37:17" id="T12:37:17"><abbr title="2008-05-29T12:37:17+00:00">12:37:17</abbr></a>] &lt;<cite>christian01</cite>&gt; <q>and the craziest thing is that they said ti china want to stop selling arm mcu</q></li>
<li class="message">[<a href="#T12:37:42" id="T12:37:42"><abbr title="2008-05-29T12:37:42+00:00">12:37:42</abbr></a>] &lt;<cite>christian01</cite>&gt; <q>first this doesn't sound believable,but even if it is,why don't you just forward our request to ti usa?!</q></li>
<li class="message">[<a href="#T12:37:57" id="T12:37:57"><abbr title="2008-05-29T12:37:57+00:00">12:37:57</abbr></a>] &lt;<cite>Crofton</cite>&gt; <q>you must have talked to a hard core dsp guy :)</q></li>
<li class="message">[<a href="#T12:38:12" id="T12:38:12"><abbr title="2008-05-29T12:38:12+00:00">12:38:12</abbr></a>] &lt;<cite>christian01</cite>&gt; <q>maybe</q></li>
<li class="message">[<a href="#T12:38:29" id="T12:38:29"><abbr title="2008-05-29T12:38:29+00:00">12:38:29</abbr></a>] &lt;<cite>christian01</cite>&gt; <q>don't you guys have an email of some ti sales man for oem parts?</q></li>
<li class="message">[<a href="#T12:38:44" id="T12:38:44"><abbr title="2008-05-29T12:38:44+00:00">12:38:44</abbr></a>] &lt;<cite>Crofton</cite>&gt; <q>sorry, not me</q></li>
<li class="message">[<a href="#T12:39:01" id="T12:39:01"><abbr title="2008-05-29T12:39:01+00:00">12:39:01</abbr></a>] &lt;<cite>christian01</cite>&gt; <q>or am i forced to call by phone using my horrible spoken english,and understand 1/3 of what they say?</q></li>
<li class="message">[<a href="#T12:43:49" id="T12:43:49"><abbr title="2008-05-29T12:43:49+00:00">12:43:49</abbr></a>] &lt;<cite>christian01</cite>&gt; <q>we are really willing to make this device,and we aired skilled ppl for the project but they are all frozen because of this :(</q></li>
<li class="join">[<a href="#T12:44:00" id="T12:44:00"><abbr title="2008-05-29T12:44:00+00:00">12:44:00</abbr></a>] <span>* BThompson (n=BThompso@nat/ti/x-be78adff50ade606) has joined #beagle</span></li>
<li class="message">[<a href="#T12:44:25" id="T12:44:25"><abbr title="2008-05-29T12:44:25+00:00">12:44:25</abbr></a>] &lt;<cite>jkridner</cite>&gt; <q>christian01: I've been /msg you, but you don't seem to see it.</q></li>
<li class="message">[<a href="#T12:44:38" id="T12:44:38"><abbr title="2008-05-29T12:44:38+00:00">12:44:38</abbr></a>] &lt;<cite>christian01</cite>&gt; <q>i replied u</q></li>
<li class="message">[<a href="#T12:44:45" id="T12:44:45"><abbr title="2008-05-29T12:44:45+00:00">12:44:45</abbr></a>] &lt;<cite>christian01</cite>&gt; <q>argh</q></li>
<li class="message">[<a href="#T12:44:49" id="T12:44:49"><abbr title="2008-05-29T12:44:49+00:00">12:44:49</abbr></a>] &lt;<cite>jkridner</cite>&gt; <q>maybe you are not registered.</q></li>
<li class="message">[<a href="#T12:44:51" id="T12:44:51"><abbr title="2008-05-29T12:44:51+00:00">12:44:51</abbr></a>] &lt;<cite>christian01</cite>&gt; <q>again the identify problem</q></li>
<li class="message">[<a href="#T12:44:52" id="T12:44:52"><abbr title="2008-05-29T12:44:52+00:00">12:44:52</abbr></a>] &lt;<cite>christian01</cite>&gt; <q>wait</q></li>
<li class="nick-change">[<a href="#T12:45:09" id="T12:45:09"><abbr title="2008-05-29T12:45:09+00:00">12:45:09</abbr></a>] <span>* christian01 is now known as christian00</span></li>
<li class="message">[<a href="#T12:45:17" id="T12:45:17"><abbr title="2008-05-29T12:45:17+00:00">12:45:17</abbr></a>] &lt;<cite>christian00</cite>&gt; <q>ok</q></li>
<li class="message">[<a href="#T12:45:22" id="T12:45:22"><abbr title="2008-05-29T12:45:22+00:00">12:45:22</abbr></a>] &lt;<cite>christian00</cite>&gt; <q>i had the secondary nick</q></li>
<li class="join">[<a href="#T12:49:12" id="T12:49:12"><abbr title="2008-05-29T12:49:12+00:00">12:49:12</abbr></a>] <span>* ldesnogu (n=ldesnogu@fw-tnat.cambridge.arm.com) has joined #beagle</span></li>
<li class="quit">[<a href="#T12:55:13" id="T12:55:13"><abbr title="2008-05-29T12:55:13+00:00">12:55:13</abbr></a>] <span>* khasim (n=a0393720@192.163.20.231) Quit (Remote closed the connection)</span></li>
<li class="quit">[<a href="#T12:57:26" id="T12:57:26"><abbr title="2008-05-29T12:57:26+00:00">12:57:26</abbr></a>] <span>* JoeBorn (n=jborn@cpe-66-1-5-91.il.sprintbbd.net) Quit (Read error: 110 (Connection timed out))</span></li>
<li class="action">[<a href="#T12:57:34" id="T12:57:34"><abbr title="2008-05-29T12:57:34+00:00">12:57:34</abbr></a>] <span>* koen notices a highlight</span></li>
<li class="message">[<a href="#T12:58:49" id="T12:58:49"><abbr title="2008-05-29T12:58:49+00:00">12:58:49</abbr></a>] &lt;<cite>koen</cite>&gt; <q>jkridner: I'm preparing a demo image for beagle to show some desktop like bling</q></li>
<li class="message">[<a href="#T12:59:06" id="T12:59:06"><abbr title="2008-05-29T12:59:06+00:00">12:59:06</abbr></a>] &lt;<cite>jkridner</cite>&gt; <q>great!</q></li>
<li class="message">[<a href="#T12:59:51" id="T12:59:51"><abbr title="2008-05-29T12:59:51+00:00">12:59:51</abbr></a>] &lt;<cite>jkridner</cite>&gt; <q>btw, I'm still quite surprised that no one has picked up mojo.handhelds.org and shown it running on Beagle.</q></li>
<li class="message">[<a href="#T13:00:10" id="T13:00:10"><abbr title="2008-05-29T13:00:10+00:00">13:00:10</abbr></a>] &lt;<cite>jkridner</cite>&gt; <q>it would be interesting to see why Angstrom is "better".</q></li>
<li class="message">[<a href="#T13:06:12" id="T13:06:12"><abbr title="2008-05-29T13:06:12+00:00">13:06:12</abbr></a>] &lt;<cite>koen</cite>&gt; <q>mojo is just plain ubuntu</q></li>
<li class="message">[<a href="#T13:06:19" id="T13:06:19"><abbr title="2008-05-29T13:06:19+00:00">13:06:19</abbr></a>] &lt;<cite>koen</cite>&gt; <q>including all the space and memory wasting</q></li>
<li class="message">[<a href="#T13:14:33" id="T13:14:33"><abbr title="2008-05-29T13:14:33+00:00">13:14:33</abbr></a>] &lt;<cite>koen</cite>&gt; <q>Crofton: mail me with a proposal date for the dsplink stuff, I'm usually flexible after dinner (your afternoon)</q></li>
<li class="join">[<a href="#T13:17:34" id="T13:17:34"><abbr title="2008-05-29T13:17:34+00:00">13:17:34</abbr></a>] <span>* prpplague (n=dave@mail.americanmicrosystems.com) has joined #beagle</span></li>
<li class="join">[<a href="#T13:18:47" id="T13:18:47"><abbr title="2008-05-29T13:18:47+00:00">13:18:47</abbr></a>] <span>* bazbell (n=a0192809@nat/ti/x-95d2f878dce38505) has joined #beagle</span></li>
<li class="message">[<a href="#T13:36:18" id="T13:36:18"><abbr title="2008-05-29T13:36:18+00:00">13:36:18</abbr></a>] &lt;<cite>DJWillis</cite>&gt; <q>jkridner: I started looking into Mojo on the EVM, it's really IMHO not something of use just yet.</q></li>
<li class="message">[<a href="#T13:38:12" id="T13:38:12"><abbr title="2008-05-29T13:38:12+00:00">13:38:12</abbr></a>] &lt;<cite>DJWillis</cite>&gt; <q>Interesting, but other then the Ubuntu bling its still strapped off Debian ARMEL ;-)</q></li>
<li class="message">[<a href="#T13:58:04" id="T13:58:04"><abbr title="2008-05-29T13:58:04+00:00">13:58:04</abbr></a>] &lt;<cite>suihkulokki</cite>&gt; <q>can we has distro wars already?</q></li>
<li class="message">[<a href="#T14:20:17" id="T14:20:17"><abbr title="2008-05-29T14:20:17+00:00">14:20:17</abbr></a>] &lt;<cite>sakoman</cite>&gt; <q>jkridner:  Is there documentation available for x-load?</q></li>
<li class="message">[<a href="#T14:21:03" id="T14:21:03"><abbr title="2008-05-29T14:21:03+00:00">14:21:03</abbr></a>] &lt;<cite>sakoman</cite>&gt; <q>or should I just read the code ;-)</q></li>
<li class="message">[<a href="#T14:21:35" id="T14:21:35"><abbr title="2008-05-29T14:21:35+00:00">14:21:35</abbr></a>] &lt;<cite>sakoman</cite>&gt; <q>koen: thanks for the bad block info</q></li>
<li class="join">[<a href="#T14:31:18" id="T14:31:18"><abbr title="2008-05-29T14:31:18+00:00">14:31:18</abbr></a>] <span>* jkridner|work (n=a0321898@nat/ti/x-7a6a9a1cdc0feee0) has joined #beagle</span></li>
<li class="message">[<a href="#T14:32:02" id="T14:32:02"><abbr title="2008-05-29T14:32:02+00:00">14:32:02</abbr></a>] &lt;<cite>sakoman</cite>&gt; <q>jkridner|work:  Is there documentation available for x-load?</q></li>
<li class="message">[<a href="#T14:50:05" id="T14:50:05"><abbr title="2008-05-29T14:50:05+00:00">14:50:05</abbr></a>] &lt;<cite>koen</cite>&gt; <q>jkridner: <a href="http://amethyst.openembedded.net/~koen/beagleboard/demo/">http://amethyst.openembedded.net/~koen/beagleboard/demo/</a></q></li>
<li class="join">[<a href="#T14:55:36" id="T14:55:36"><abbr title="2008-05-29T14:55:36+00:00">14:55:36</abbr></a>] <span>* dirk2 (n=dirk@F31a2.f.strato-dslnet.de) has joined #beagle</span></li>
<li class="message">[<a href="#T14:56:11" id="T14:56:11"><abbr title="2008-05-29T14:56:11+00:00">14:56:11</abbr></a>] &lt;<cite>DJWillis</cite>&gt; <q>koen: what goodies are in that rootfs? What's the bling to content ratio like? ;-)</q></li>
<li class="message">[<a href="#T14:58:45" id="T14:58:45"><abbr title="2008-05-29T14:58:45+00:00">14:58:45</abbr></a>] &lt;<cite>sakoman</cite>&gt; <q>jkridner:  from reading the x-load code it appears that it just copies 2 blocks of data from a fixed address and jumps to it (good thing we shrunk u-boot from 700K since it only loads 256K!)</q></li>
<li class="message">[<a href="#T14:59:16" id="T14:59:16"><abbr title="2008-05-29T14:59:16+00:00">14:59:16</abbr></a>] &lt;<cite>sakoman</cite>&gt; <q>So if nand is bad at either of those 2 blocks we have a brick :-(</q></li>
<li class="message">[<a href="#T15:00:53" id="T15:00:53"><abbr title="2008-05-29T15:00:53+00:00">15:00:53</abbr></a>] &lt;<cite>sakoman</cite>&gt; <q>Looks like we'll need to put uImage in a a slightly oversized jffs2 partition in order to deal with bad blocks in the uImage partition</q></li>
<li class="message">[<a href="#T15:01:10" id="T15:01:10"><abbr title="2008-05-29T15:01:10+00:00">15:01:10</abbr></a>] &lt;<cite>koen</cite>&gt; <q>DJWillis: e17, abiword, gnumeric, gimp, gnuplot, xterm, xmms, nmap, iperf</q></li>
<li class="message">[<a href="#T15:02:01" id="T15:02:01"><abbr title="2008-05-29T15:02:01+00:00">15:02:01</abbr></a>] &lt;<cite>koen</cite>&gt; <q>DJWillis: it should work on your EVM as well</q></li>
<li class="message">[<a href="#T15:04:01" id="T15:04:01"><abbr title="2008-05-29T15:04:01+00:00">15:04:01</abbr></a>] &lt;<cite>koen</cite>&gt; <q>I was pleasantly suprised it turned out to be a 60MB tarball</q></li>
<li class="message">[<a href="#T15:04:24" id="T15:04:24"><abbr title="2008-05-29T15:04:24+00:00">15:04:24</abbr></a>] &lt;<cite>koen</cite>&gt; <q>(e17 ships 10MB of bling data just for fun)</q></li>
<li class="message">[<a href="#T15:04:36" id="T15:04:36"><abbr title="2008-05-29T15:04:36+00:00">15:04:36</abbr></a>] &lt;<cite>sakoman</cite>&gt; <q>And of course we'll need to build a version of u-boot with jffs2 support turned on (hope it stays under 256K!)</q></li>
<li class="message">[<a href="#T15:04:44" id="T15:04:44"><abbr title="2008-05-29T15:04:44+00:00">15:04:44</abbr></a>] &lt;<cite>dirk2</cite>&gt; <q>sakoman: Do you talk about jffs2 in NAND? I think for NAND yaffs is preferred. <a href="http://wiki.davincidsp.com/index.php?title=Create_a_YAFFS_Target_Image">http://wiki.davincidsp.com/index.php?title=Create_a_YAFFS_Target_Image</a></q></li>
<li class="message">[<a href="#T15:05:02" id="T15:05:02"><abbr title="2008-05-29T15:05:02+00:00">15:05:02</abbr></a>] &lt;<cite>koen</cite>&gt; <q>yaffs(2) isn't in the kernel and never will be</q></li>
<li class="message">[<a href="#T15:05:11" id="T15:05:11"><abbr title="2008-05-29T15:05:11+00:00">15:05:11</abbr></a>] &lt;<cite>dirk2</cite>&gt; <q>yes</q></li>
<li class="message">[<a href="#T15:05:20" id="T15:05:20"><abbr title="2008-05-29T15:05:20+00:00">15:05:20</abbr></a>] &lt;<cite>koen</cite>&gt; <q>the best description of yaffs(2) is "it has more bugs than lines of code"</q></li>
<li class="message">[<a href="#T15:06:02" id="T15:06:02"><abbr title="2008-05-29T15:06:02+00:00">15:06:02</abbr></a>] &lt;<cite>sakoman</cite>&gt; <q>also I don't believe u-boot haas yaffs support</q></li>
<li class="message">[<a href="#T15:06:21" id="T15:06:21"><abbr title="2008-05-29T15:06:21+00:00">15:06:21</abbr></a>] &lt;<cite>koen</cite>&gt; <q>4MB of jffs2 isn't going to be a big bottleneck</q></li>
<li class="message">[<a href="#T15:06:34" id="T15:06:34"><abbr title="2008-05-29T15:06:34+00:00">15:06:34</abbr></a>] &lt;<cite>sakoman</cite>&gt; <q>anyone have any better ideas for dealing with bad nand blocks?</q></li>
<li class="message">[<a href="#T15:07:05" id="T15:07:05"><abbr title="2008-05-29T15:07:05+00:00">15:07:05</abbr></a>] &lt;<cite>dirk2</cite>&gt; <q>DaVinci has some examples.</q></li>
<li class="message">[<a href="#T15:07:17" id="T15:07:17"><abbr title="2008-05-29T15:07:17+00:00">15:07:17</abbr></a>] &lt;<cite>dirk2</cite>&gt; <q>Don't know if they are better, though</q></li>
<li class="message">[<a href="#T15:07:49" id="T15:07:49"><abbr title="2008-05-29T15:07:49+00:00">15:07:49</abbr></a>] &lt;<cite>DJWillis</cite>&gt; <q>koen: the EVM and Pandora are high on my list of things to try that demo image on :D</q></li>
<li class="message">[<a href="#T15:08:52" id="T15:08:52"><abbr title="2008-05-29T15:08:52+00:00">15:08:52</abbr></a>] &lt;<cite>DJWillis</cite>&gt; <q>YAFFS(2), hmmm, it has some nice ways to handle some errors, claim they never happened ;-)</q></li>
<li class="message">[<a href="#T15:09:45" id="T15:09:45"><abbr title="2008-05-29T15:09:45+00:00">15:09:45</abbr></a>] &lt;<cite>dirk2</cite>&gt; <q>NAND handling: If I remember correctly, DaVinci bootrom tries to read bootloader from first 6 blocks and takes the first block not broken </q></li>
<li class="message">[<a href="#T15:10:00" id="T15:10:00"><abbr title="2008-05-29T15:10:00+00:00">15:10:00</abbr></a>] &lt;<cite>sakoman</cite>&gt; <q>dirk2:  I think jffs2 is probably the path of least resistance</q></li>
<li class="message">[<a href="#T15:10:11" id="T15:10:11"><abbr title="2008-05-29T15:10:11+00:00">15:10:11</abbr></a>] &lt;<cite>DJWillis</cite>&gt; <q>sakoman: what have you got hooked into U-Boot at the moment, as a rule I thougth you used UBoot to mark bad blocks in the table then told the kernel how to access that table (been a long time since I did a lot of NAND hacking and that was circa 2.4</q></li>
<li class="message">[<a href="#T15:10:51" id="T15:10:51"><abbr title="2008-05-29T15:10:51+00:00">15:10:51</abbr></a>] &lt;<cite>sakoman</cite>&gt; <q>nand ships with bad blocks marked</q></li>
<li class="message">[<a href="#T15:11:04" id="T15:11:04"><abbr title="2008-05-29T15:11:04+00:00">15:11:04</abbr></a>] &lt;<cite>DJWillis</cite>&gt; <q>JFFS2 is going to be slower then YAFFS2 but sure as hell will be more stable ;-)</q></li>
<li class="message">[<a href="#T15:11:20" id="T15:11:20"><abbr title="2008-05-29T15:11:20+00:00">15:11:20</abbr></a>] &lt;<cite>DJWillis</cite>&gt; <q>sakoman: so what about new ones that will creep in?</q></li>
<li class="message">[<a href="#T15:11:42" id="T15:11:42"><abbr title="2008-05-29T15:11:42+00:00">15:11:42</abbr></a>] &lt;<cite>sakoman</cite>&gt; <q>u-boot allegedly knows how to deal with bad blocks in writing if you use the write.jffs2 command</q></li>
<li class="message">[<a href="#T15:12:19" id="T15:12:19"><abbr title="2008-05-29T15:12:19+00:00">15:12:19</abbr></a>] &lt;<cite>DJWillis</cite>&gt; <q>so I assume it would just slave that off to the MTD code these days?</q></li>
<li class="message">[<a href="#T15:12:29" id="T15:12:29"><abbr title="2008-05-29T15:12:29+00:00">15:12:29</abbr></a>] &lt;<cite>sakoman</cite>&gt; <q>and it should also know how to deal with bad blocks in reading with the read.jffs2 command</q></li>
<li class="message">[<a href="#T15:12:53" id="T15:12:53"><abbr title="2008-05-29T15:12:53+00:00">15:12:53</abbr></a>] &lt;<cite>sakoman</cite>&gt; <q>And of course its jffs2 file handler should also know how to deal with bad blocks</q></li>
<li class="message">[<a href="#T15:13:25" id="T15:13:25"><abbr title="2008-05-29T15:13:25+00:00">15:13:25</abbr></a>] &lt;<cite>sakoman</cite>&gt; <q>So I suppose the next step is to build a u-boot with jffs2 support turned on</q></li>
<li class="message">[<a href="#T15:14:16" id="T15:14:16"><abbr title="2008-05-29T15:14:16+00:00">15:14:16</abbr></a>] &lt;<cite>DJWillis</cite>&gt; <q>Well there is the strong argument that says it's what JFFS2 is designed for so why fight it ;-)</q></li>
<li class="message">[<a href="#T15:14:44" id="T15:14:44"><abbr title="2008-05-29T15:14:44+00:00">15:14:44</abbr></a>] &lt;<cite>sakoman</cite>&gt; <q>It is also supported in u-boot and git which is an added plus :-)</q></li>
<li class="action">[<a href="#T15:14:49" id="T15:14:49"><abbr title="2008-05-29T15:14:49+00:00">15:14:49</abbr></a>] <span>* suihkulokki holds great hopes for ubi and ubifs</span></li>
<li class="message">[<a href="#T15:15:12" id="T15:15:12"><abbr title="2008-05-29T15:15:12+00:00">15:15:12</abbr></a>] &lt;<cite>DJWillis</cite>&gt; <q>suihkulokki: in time it looks great, that's for sure but it's not there yet (is it?)</q></li>
<li class="message">[<a href="#T15:15:15" id="T15:15:15"><abbr title="2008-05-29T15:15:15+00:00">15:15:15</abbr></a>] &lt;<cite>suihkulokki</cite>&gt; <q>..but it still might be too new, and there is no support in u-boot</q></li>
<li class="message">[<a href="#T15:15:23" id="T15:15:23"><abbr title="2008-05-29T15:15:23+00:00">15:15:23</abbr></a>] &lt;<cite>sakoman</cite>&gt; <q>I think for now I just want something that works :-)</q></li>
<li class="message">[<a href="#T15:15:28" id="T15:15:28"><abbr title="2008-05-29T15:15:28+00:00">15:15:28</abbr></a>] &lt;<cite>DJWillis</cite>&gt; <q>KISS</q></li>
<li class="message">[<a href="#T15:15:54" id="T15:15:54"><abbr title="2008-05-29T15:15:54+00:00">15:15:54</abbr></a>] &lt;<cite>suihkulokki</cite>&gt; <q>DJWillis: this might be the first time someone describes jffs2 as simple =)</q></li>
<li class="message">[<a href="#T15:16:07" id="T15:16:07"><abbr title="2008-05-29T15:16:07+00:00">15:16:07</abbr></a>] &lt;<cite>sakoman</cite>&gt; <q>Given current x-load, the one weak spot is in its handling of u-boot loading</q></li>
<li class="message">[<a href="#T15:16:43" id="T15:16:43"><abbr title="2008-05-29T15:16:43+00:00">15:16:43</abbr></a>] &lt;<cite>DJWillis</cite>&gt; <q>suihkulokki: I would take it over the really rough experances I have had with YAFFS</q></li>
<li class="message">[<a href="#T15:16:59" id="T15:16:59"><abbr title="2008-05-29T15:16:59+00:00">15:16:59</abbr></a>] &lt;<cite>DJWillis</cite>&gt; <q>sakoman: care to expand on that?</q></li>
<li class="message">[<a href="#T15:17:34" id="T15:17:34"><abbr title="2008-05-29T15:17:34+00:00">15:17:34</abbr></a>] &lt;<cite>dirk2</cite>&gt; <q>sakoman: For JFFS2 and uboot we should use recent uboot, not the 1.1.4 TI one?</q></li>
<li class="message">[<a href="#T15:17:46" id="T15:17:46"><abbr title="2008-05-29T15:17:46+00:00">15:17:46</abbr></a>] &lt;<cite>sakoman</cite>&gt; <q>x-load loads 2 blocks starting from offset 80000 and jumps to the code</q></li>
<li class="message">[<a href="#T15:18:52" id="T15:18:52"><abbr title="2008-05-29T15:18:52+00:00">15:18:52</abbr></a>] &lt;<cite>sakoman</cite>&gt; <q>dirk2:  that would be ideal, but I would settle for  1.1.4 if it comes faster ;-)</q></li>
<li class="message">[<a href="#T15:18:53" id="T15:18:53"><abbr title="2008-05-29T15:18:53+00:00">15:18:53</abbr></a>] &lt;<cite>dirk2</cite>&gt; <q>sakoman: If we can replace x-load by NishanthMenon's uboot-v2, maybe we can do better</q></li>
<li class="message">[<a href="#T15:19:11" id="T15:19:11"><abbr title="2008-05-29T15:19:11+00:00">15:19:11</abbr></a>] &lt;<cite>NishanthMenon</cite>&gt; <q>beep my name appeared :)</q></li>
<li class="message">[<a href="#T15:19:19" id="T15:19:19"><abbr title="2008-05-29T15:19:19+00:00">15:19:19</abbr></a>] &lt;<cite>sakoman</cite>&gt; <q>Is t ready for use?</q></li>
<li class="message">[<a href="#T15:19:53" id="T15:19:53"><abbr title="2008-05-29T15:19:53+00:00">15:19:53</abbr></a>] &lt;<cite>NishanthMenon</cite>&gt; <q>am going to work on nand this week (what ever is remaining). officially am supposed to work on zoom mdk ;) but what the heck.. spare time is mine ;)</q></li>
<li class="message">[<a href="#T15:20:10" id="T15:20:10"><abbr title="2008-05-29T15:20:10+00:00">15:20:10</abbr></a>] &lt;<cite>NishanthMenon</cite>&gt; <q>and nand device is compatible b/w the two.. so will port for beagle.</q></li>
<li class="message">[<a href="#T15:20:29" id="T15:20:29"><abbr title="2008-05-29T15:20:29+00:00">15:20:29</abbr></a>] &lt;<cite>sakoman</cite>&gt; <q>Is it your plan to replace x-load?</q></li>
<li class="message">[<a href="#T15:20:33" id="T15:20:33"><abbr title="2008-05-29T15:20:33+00:00">15:20:33</abbr></a>] &lt;<cite>NishanthMenon</cite>&gt; <q>dirk2, i got the apps done (C code -&gt; works on linux and windows) -&gt;</q></li>
<li class="message">[<a href="#T15:20:36" id="T15:20:36"><abbr title="2008-05-29T15:20:36+00:00">15:20:36</abbr></a>] &lt;<cite>dirk2</cite>&gt; <q>sakoman: Not sure about stability of JFFS2 in "old" TI 1.1.4 uboot</q></li>
<li class="message">[<a href="#T15:20:47" id="T15:20:47"><abbr title="2008-05-29T15:20:47+00:00">15:20:47</abbr></a>] &lt;<cite>NishanthMenon</cite>&gt; <q>sakoman, i have this huge hatred about x-loader :D</q></li>
<li class="message">[<a href="#T15:20:51" id="T15:20:51"><abbr title="2008-05-29T15:20:51+00:00">15:20:51</abbr></a>] &lt;<cite>sakoman</cite>&gt; <q>dirk2: ah, OK</q></li>
<li class="message">[<a href="#T15:21:02" id="T15:21:02"><abbr title="2008-05-29T15:21:02+00:00">15:21:02</abbr></a>] &lt;<cite>sakoman</cite>&gt; <q>NishanthMenon: me too</q></li>
<li class="message">[<a href="#T15:21:07" id="T15:21:07"><abbr title="2008-05-29T15:21:07+00:00">15:21:07</abbr></a>] &lt;<cite>NishanthMenon</cite>&gt; <q>u-boot v2: every single thing needs to be ported</q></li>
<li class="message">[<a href="#T15:21:39" id="T15:21:39"><abbr title="2008-05-29T15:21:39+00:00">15:21:39</abbr></a>] &lt;<cite>sakoman</cite>&gt; <q>dirk2:  might be worth a try.  how hard is it to enable jffs2?</q></li>
<li class="message">[<a href="#T15:21:52" id="T15:21:52"><abbr title="2008-05-29T15:21:52+00:00">15:21:52</abbr></a>] &lt;<cite>dirk2</cite>&gt; <q>NishanthMenon: No reaction on uboot list (from Sascha) regarding your v2 patches, right?</q></li>
<li class="message">[<a href="#T15:22:09" id="T15:22:09"><abbr title="2008-05-29T15:22:09+00:00">15:22:09</abbr></a>] &lt;<cite>NishanthMenon</cite>&gt; <q>dirk2, probably he is waiting for peter to comment</q></li>
<li class="message">[<a href="#T15:22:28" id="T15:22:28"><abbr title="2008-05-29T15:22:28+00:00">15:22:28</abbr></a>] &lt;<cite>dirk2</cite>&gt; <q>sakoman: Let's have a look to configuration</q></li>
<li class="message">[<a href="#T15:22:30" id="T15:22:30"><abbr title="2008-05-29T15:22:30+00:00">15:22:30</abbr></a>] &lt;<cite>NishanthMenon</cite>&gt; <q>i did send him a "gentle reminder" :D</q></li>
<li class="message">[<a href="#T15:23:12" id="T15:23:12"><abbr title="2008-05-29T15:23:12+00:00">15:23:12</abbr></a>] &lt;<cite>dirk2</cite>&gt; <q>NishanthMenon: peter == ARM custodian? No, I don't think so, uboot v2 is totally independent from normal uboots custodianship</q></li>
<li class="message">[<a href="#T15:23:15" id="T15:23:15"><abbr title="2008-05-29T15:23:15+00:00">15:23:15</abbr></a>] &lt;<cite>NishanthMenon</cite>&gt; <q>dirk2, i am waiting for some internal alignment before i post the code out.. but basically there are three utils</q></li>
<li class="message">[<a href="#T15:23:30" id="T15:23:30"><abbr title="2008-05-29T15:23:30+00:00">15:23:30</abbr></a>] &lt;<cite>dirk2</cite>&gt; <q>NishanthMenon: :)</q></li>
<li class="message">[<a href="#T15:24:04" id="T15:24:04"><abbr title="2008-05-29T15:24:04+00:00">15:24:04</abbr></a>] &lt;<cite>NishanthMenon</cite>&gt; <q>dirk2, hmm (about peter) - last i heard from sascha, he is on some sort of "hacking week" thingy..</q></li>
<li class="message">[<a href="#T15:24:42" id="T15:24:42"><abbr title="2008-05-29T15:24:42+00:00">15:24:42</abbr></a>] &lt;<cite>dirk2</cite>&gt; <q>NishanthMenon, yes. I noticed this "Pengutronix uboot v2 hacking week (TM)", too</q></li>
<li class="message">[<a href="#T15:24:43" id="T15:24:43"><abbr title="2008-05-29T15:24:43+00:00">15:24:43</abbr></a>] &lt;<cite>jkridner|work</cite>&gt; <q>sakoman: I believe Khasim is working to eliminate the x-load dependency for NAND boot, but it will still be required for SD boot for now.  I'm not aware of any documentation, but I will research for you.</q></li>
<li class="message">[<a href="#T15:25:03" id="T15:25:03"><abbr title="2008-05-29T15:25:03+00:00">15:25:03</abbr></a>] &lt;<cite>DJWillis</cite>&gt; <q>NishanthMenon: Out of interest, any ideas how did things ever end up in this 3 stage booting mire?</q></li>
<li class="message">[<a href="#T15:25:28" id="T15:25:28"><abbr title="2008-05-29T15:25:28+00:00">15:25:28</abbr></a>] &lt;<cite>NishanthMenon</cite>&gt; <q>dirk2,on apps: app1 - i call it pserial -&gt; download in response to asic ID. app2 - ucmd -&gt; send uboot commands over serial port (no need for hyperterminal/minicom), app3 - ukermit -&gt; custom uboot kermit app works on windows and linux (no need for ckermit/kermit95/hyperterm)</q></li>
<li class="message">[<a href="#T15:26:31" id="T15:26:31"><abbr title="2008-05-29T15:26:31+00:00">15:26:31</abbr></a>] &lt;<cite>DJWillis</cite>&gt; <q>NishanthMenon: ohhh, any eta on those tools? App2 and 3 some nice and generic and very handy.</q></li>
<li class="message">[<a href="#T15:27:21" id="T15:27:21"><abbr title="2008-05-29T15:27:21+00:00">15:27:21</abbr></a>] &lt;<cite>sakoman</cite>&gt; <q>jkridner|work:  no need to look for x-load doc.  I figured out what I needed from reading the code</q></li>
<li class="message">[<a href="#T15:27:22" id="T15:27:22"><abbr title="2008-05-29T15:27:22+00:00">15:27:22</abbr></a>] &lt;<cite>jkridner|work</cite>&gt; <q>DJWillis: the need for multiple boot stages are generally very pragmatic...</q></li>
<li class="message">[<a href="#T15:27:23" id="T15:27:23"><abbr title="2008-05-29T15:27:23+00:00">15:27:23</abbr></a>] &lt;<cite>NishanthMenon</cite>&gt; <q>DJWillis, the rationale is SRAM space. -&gt; u got somethin like 32K usable public area on 3430, u just cant fit the bloated "legacy" uboot (with jffs2 etc..) within that. so folks forked off to create x-loader variant of uboot</q></li>
<li class="message">[<a href="#T15:27:36" id="T15:27:36"><abbr title="2008-05-29T15:27:36+00:00">15:27:36</abbr></a>] &lt;<cite>jkridner|work</cite>&gt; <q>configuration of the memory interface is one primary cause.</q></li>
<li class="message">[<a href="#T15:27:44" id="T15:27:44"><abbr title="2008-05-29T15:27:44+00:00">15:27:44</abbr></a>] &lt;<cite>jkridner|work</cite>&gt; <q>sakoman: thanks.</q></li>
<li class="message">[<a href="#T15:28:22" id="T15:28:22"><abbr title="2008-05-29T15:28:22+00:00">15:28:22</abbr></a>] &lt;<cite>NishanthMenon</cite>&gt; <q>DJWillis, still need to wrap up internal paper work before releasing things out to the wild.. dunno how long it will take</q></li>
<li class="message">[<a href="#T15:28:39" id="T15:28:39"><abbr title="2008-05-29T15:28:39+00:00">15:28:39</abbr></a>] &lt;<cite>DJWillis</cite>&gt; <q>NishanthMenon: that makes sense, it also answers my question about why not have a hacked down stage 1 U-Boot, that's what X-Loader is (not looked at it in detail yet).</q></li>
<li class="message">[<a href="#T15:28:59" id="T15:28:59"><abbr title="2008-05-29T15:28:59+00:00">15:28:59</abbr></a>] &lt;<cite>NishanthMenon</cite>&gt; <q>DJWillis, precisely what i did with U-Boot v2 :) 29K last i looked :D</q></li>
<li class="message">[<a href="#T15:29:10" id="T15:29:10"><abbr title="2008-05-29T15:29:10+00:00">15:29:10</abbr></a>] &lt;<cite>DJWillis</cite>&gt; <q>heheh</q></li>
<li class="message">[<a href="#T15:30:29" id="T15:30:29"><abbr title="2008-05-29T15:30:29+00:00">15:30:29</abbr></a>] &lt;<cite>jkridner|work</cite>&gt; <q>Does the 29k include networking, file systems, and MMC/SD?</q></li>
<li class="message">[<a href="#T15:30:47" id="T15:30:47"><abbr title="2008-05-29T15:30:47+00:00">15:30:47</abbr></a>] &lt;<cite>jkridner|work</cite>&gt; <q>USB in U-boot will be a critical feature for Beagle.</q></li>
<li class="message">[<a href="#T15:30:49" id="T15:30:49"><abbr title="2008-05-29T15:30:49+00:00">15:30:49</abbr></a>] &lt;<cite>NishanthMenon</cite>&gt; <q>jkridner, ofcourse not. it is meant as a x-loader replacement -&gt; ONLY a single feature</q></li>
<li class="message">[<a href="#T15:31:00" id="T15:31:00"><abbr title="2008-05-29T15:31:00+00:00">15:31:00</abbr></a>] &lt;<cite>jkridner|work</cite>&gt; <q>k.</q></li>
<li class="message">[<a href="#T15:31:15" id="T15:31:15"><abbr title="2008-05-29T15:31:15+00:00">15:31:15</abbr></a>] &lt;<cite>jkridner|work</cite>&gt; <q>so, would u-boot-v2 load u-boot-v2?</q></li>
<li class="message">[<a href="#T15:31:18" id="T15:31:18"><abbr title="2008-05-29T15:31:18+00:00">15:31:18</abbr></a>] &lt;<cite>NishanthMenon</cite>&gt; <q>rt now, the version i posted has a kermit download from serial to SDRAM</q></li>
<li class="message">[<a href="#T15:31:30" id="T15:31:30"><abbr title="2008-05-29T15:31:30+00:00">15:31:30</abbr></a>] &lt;<cite>NishanthMenon</cite>&gt; <q>jkridner, yes -&gt; that does work ;)</q></li>
<li class="message">[<a href="#T15:31:39" id="T15:31:39"><abbr title="2008-05-29T15:31:39+00:00">15:31:39</abbr></a>] &lt;<cite>jkridner|work</cite>&gt; <q>:)</q></li>
<li class="message">[<a href="#T15:31:45" id="T15:31:45"><abbr title="2008-05-29T15:31:45+00:00">15:31:45</abbr></a>] &lt;<cite>NishanthMenon</cite>&gt; <q>in fact, u can load kernel to sdram and execute it too :)</q></li>
<li class="message">[<a href="#T15:31:49" id="T15:31:49"><abbr title="2008-05-29T15:31:49+00:00">15:31:49</abbr></a>] &lt;<cite>dirk2</cite>&gt; <q>sakoman: <a href="http://git.denx.de/cgi-bin/gitweb.cgi?p=u-boot.git;a=blob_plain;f=doc/README.JFFS2_NAND;hb=HEAD">http://git.denx.de/cgi-bin/gitweb.cgi?p=u-boot.git;a=blob_plain;f=doc/README.JFFS2_NAND;hb=HEAD</a></q></li>
<li class="message">[<a href="#T15:31:52" id="T15:31:52"><abbr title="2008-05-29T15:31:52+00:00">15:31:52</abbr></a>] &lt;<cite>NishanthMenon</cite>&gt; <q>over serial it is kinda a pain.</q></li>
<li class="message">[<a href="#T15:32:48" id="T15:32:48"><abbr title="2008-05-29T15:32:48+00:00">15:32:48</abbr></a>] &lt;<cite>NishanthMenon</cite>&gt; <q>in fact, u-bootv2 does not care what u load and execute.. so u could use u-bootv2 to load and run u-boot v1 ;) all sorts of possibilities arise :D</q></li>
<li class="message">[<a href="#T15:33:41" id="T15:33:41"><abbr title="2008-05-29T15:33:41+00:00">15:33:41</abbr></a>] &lt;<cite>NishanthMenon</cite>&gt; <q>with the apps (if and when they finally make to the wild), you can wrap it in a jazzy UI, or automate it within a bash script even!</q></li>
<li class="message">[<a href="#T15:34:08" id="T15:34:08"><abbr title="2008-05-29T15:34:08+00:00">15:34:08</abbr></a>] &lt;<cite>DJWillis</cite>&gt; <q>NishanthMenon: sounds just like how I would see it all working, only load a stage 2 if your going to need it.</q></li>
<li class="message">[<a href="#T15:34:49" id="T15:34:49"><abbr title="2008-05-29T15:34:49+00:00">15:34:49</abbr></a>] &lt;<cite>dirk2</cite>&gt; <q>sakoman: Any proposals for CONFIG_JFFS2_NAND_DEV, CONFIG_JFFS2_NAND_OFF and CONFIG_JFFS2_NAND_SIZE I should try?</q></li>
<li class="message">[<a href="#T15:35:32" id="T15:35:32"><abbr title="2008-05-29T15:35:32+00:00">15:35:32</abbr></a>] &lt;<cite>sakoman</cite>&gt; <q>dirk2:  let me work on that for a bit</q></li>
<li class="message">[<a href="#T15:38:17" id="T15:38:17"><abbr title="2008-05-29T15:38:17+00:00">15:38:17</abbr></a>] &lt;<cite>dirk2</cite>&gt; <q>sakoman: Seems that the documentation linked above isn't up to date</q></li>
<li class="message">[<a href="#T15:38:27" id="T15:38:27"><abbr title="2008-05-29T15:38:27+00:00">15:38:27</abbr></a>] &lt;<cite>sakoman</cite>&gt; <q>:-(</q></li>
<li class="message">[<a href="#T15:38:35" id="T15:38:35"><abbr title="2008-05-29T15:38:35+00:00">15:38:35</abbr></a>] &lt;<cite>dirk2</cite>&gt; <q>No of the default configs use CONFIG_JFFS2_NAND_OFF</q></li>
<li class="message">[<a href="#T15:39:23" id="T15:39:23"><abbr title="2008-05-29T15:39:23+00:00">15:39:23</abbr></a>] &lt;<cite>dirk2</cite>&gt; <q>Better have a look to e.g. PPChameleonEVB.h</q></li>
<li class="topic topic-change">[<a href="#T15:39:37" id="T15:39:37"><abbr title="2008-05-29T15:39:37+00:00">15:39:37</abbr></a>] <span>* jkridner|work changes topic to 'Welcome to #Beagle | Discussion about the OMAP3 Beagle Board - <a href="http://beagleboard.org">http://beagleboard.org</a> | Beagle search tools are on #dashboard at irc.gimp.org, NOT here ;)'</span></li>
<li class="message">[<a href="#T15:39:53" id="T15:39:53"><abbr title="2008-05-29T15:39:53+00:00">15:39:53</abbr></a>] &lt;<cite>sakoman</cite>&gt; <q>ok, I'll look</q></li>
<li class="join">[<a href="#T15:42:09" id="T15:42:09"><abbr title="2008-05-29T15:42:09+00:00">15:42:09</abbr></a>] <span>* JoeBorn (n=jborn@dsl017-022-252.chi1.dsl.speakeasy.net) has joined #beagle</span></li>
<li class="message">[<a href="#T15:43:05" id="T15:43:05"><abbr title="2008-05-29T15:43:05+00:00">15:43:05</abbr></a>] &lt;<cite>dirk2</cite>&gt; <q>sakoman: And in omap3530beagle.h there are already some JFFS2 cfgs</q></li>
<li class="message">[<a href="#T15:46:47" id="T15:46:47"><abbr title="2008-05-29T15:46:47+00:00">15:46:47</abbr></a>] &lt;<cite>dirk2</cite>&gt; <q>jkridner|work: Maybe we can use delay of beagle boards to sort out SW stability issues? E.g. uboot git i2c brokeness and kernel issues (TWL, pin mux(?))</q></li>
<li class="message">[<a href="#T15:47:35" id="T15:47:35"><abbr title="2008-05-29T15:47:35+00:00">15:47:35</abbr></a>] &lt;<cite>sakoman</cite>&gt; <q>dirk2: not immediately obvious to me from looking at those 2 files :-(</q></li>
<li class="message">[<a href="#T15:47:54" id="T15:47:54"><abbr title="2008-05-29T15:47:54+00:00">15:47:54</abbr></a>] &lt;<cite>sakoman</cite>&gt; <q>Have a meeting now, so I'm going to have to come back to this later</q></li>
<li class="message">[<a href="#T15:48:09" id="T15:48:09"><abbr title="2008-05-29T15:48:09+00:00">15:48:09</abbr></a>] &lt;<cite>dirk2</cite>&gt; <q>sakoman: Yes! Quite confusing :(</q></li>
<li class="message">[<a href="#T15:48:44" id="T15:48:44"><abbr title="2008-05-29T15:48:44+00:00">15:48:44</abbr></a>] &lt;<cite>sakoman</cite>&gt; <q>I really need to get set up to build u-boot myself so I can play around with this</q></li>
<li class="message">[<a href="#T15:49:38" id="T15:49:38"><abbr title="2008-05-29T15:49:38+00:00">15:49:38</abbr></a>] &lt;<cite>sakoman</cite>&gt; <q>From my try a couple of weeks ago it seemed like it was dependent on the CS tools</q></li>
<li class="message">[<a href="#T15:49:49" id="T15:49:49"><abbr title="2008-05-29T15:49:49+00:00">15:49:49</abbr></a>] &lt;<cite>sakoman</cite>&gt; <q>So I gave up an d moved on to other things</q></li>
<li class="join">[<a href="#T15:50:06" id="T15:50:06"><abbr title="2008-05-29T15:50:06+00:00">15:50:06</abbr></a>] <span>* khasim (n=a0393720@192.163.20.231) has joined #beagle</span></li>
<li class="message">[<a href="#T15:51:30" id="T15:51:30"><abbr title="2008-05-29T15:51:30+00:00">15:51:30</abbr></a>] &lt;<cite>dirk2</cite>&gt; <q>sakoman: I compile uboot with gcc version 4.2.3 (Sourcery G++ Lite 2008q1-126)</q></li>
<li class="message">[<a href="#T15:52:46" id="T15:52:46"><abbr title="2008-05-29T15:52:46+00:00">15:52:46</abbr></a>] &lt;<cite>sakoman</cite>&gt; <q>yeah, that's what I thought.  I need to put together an OE recipe for it (if koen hasn't already started on that)</q></li>
<li class="message">[<a href="#T15:53:19" id="T15:53:19"><abbr title="2008-05-29T15:53:19+00:00">15:53:19</abbr></a>] &lt;<cite>jkridner|work</cite>&gt; <q>dirk2: I guess there are various degrees of "success".  Before we can reach very broadly with Beagle, the git tree must support all interfaces and be very stable.</q></li>
<li class="message">[<a href="#T15:54:23" id="T15:54:23"><abbr title="2008-05-29T15:54:23+00:00">15:54:23</abbr></a>] &lt;<cite>jkridner|work</cite>&gt; <q>still, for those who are going to help us by contributing to the project, I want them to be able to buy boards.</q></li>
<li class="message">[<a href="#T15:54:38" id="T15:54:38"><abbr title="2008-05-29T15:54:38+00:00">15:54:38</abbr></a>] &lt;<cite>jkridner|work</cite>&gt; <q>so, there will be a multi-tier approach.</q></li>
<li class="message">[<a href="#T15:54:56" id="T15:54:56"><abbr title="2008-05-29T15:54:56+00:00">15:54:56</abbr></a>] &lt;<cite>jkridner|work</cite>&gt; <q>(I can't just give everyone a board.)</q></li>
<li class="message">[<a href="#T15:55:23" id="T15:55:23"><abbr title="2008-05-29T15:55:23+00:00">15:55:23</abbr></a>] &lt;<cite>jkridner|work</cite>&gt; <q>does it seem reasonable that people who understand the current limitations be able to buy a board?</q></li>
<li class="message">[<a href="#T15:57:21" id="T15:57:21"><abbr title="2008-05-29T15:57:21+00:00">15:57:21</abbr></a>] &lt;<cite>sakoman</cite>&gt; <q>jkridner:  I think that as long as you are quite clear in describing exactly what they are getting it would be fine to offer boards for sale.</q></li>
<li class="message">[<a href="#T15:57:57" id="T15:57:57"><abbr title="2008-05-29T15:57:57+00:00">15:57:57</abbr></a>] &lt;<cite>sakoman</cite>&gt; <q>You need to be clear enough that folks who expect a polished product will be scared off</q></li>
<li class="message">[<a href="#T15:58:10" id="T15:58:10"><abbr title="2008-05-29T15:58:10+00:00">15:58:10</abbr></a>] &lt;<cite>sakoman</cite>&gt; <q>Otherwise it will be a support nightmare</q></li>
<li class="message">[<a href="#T15:58:36" id="T15:58:36"><abbr title="2008-05-29T15:58:36+00:00">15:58:36</abbr></a>] &lt;<cite>sakoman</cite>&gt; <q>I speak from experience :-)</q></li>
<li class="message">[<a href="#T15:59:09" id="T15:59:09"><abbr title="2008-05-29T15:59:09+00:00">15:59:09</abbr></a>] &lt;<cite>ldesnogu</cite>&gt; <q>jkridner: I agree with sakoman, if you describe the known hardware problems and software limitations, that should be OK</q></li>
<li class="message">[<a href="#T15:59:50" id="T15:59:50"><abbr title="2008-05-29T15:59:50+00:00">15:59:50</abbr></a>] &lt;<cite>dirk2</cite>&gt; <q>khasim: At ML you mentioned you "can spend some considerable time on Kernel, uboot". Do you have any hints which kernel and uboot features you think about? And/or do you have any ideas where to look for stability issues mentioned above?</q></li>
<li class="message">[<a href="#T16:01:58" id="T16:01:58"><abbr title="2008-05-29T16:01:58+00:00">16:01:58</abbr></a>] &lt;<cite>khasim</cite>&gt; <q>Here is my pending list:</q></li>
<li class="message">[<a href="#T16:02:00" id="T16:02:00"><abbr title="2008-05-29T16:02:00+00:00">16:02:00</abbr></a>] &lt;<cite>khasim</cite>&gt; <q>1.	Get all our drivers ported to latest OMAP GIT kernel and maintain the patches using quilt on code.google</q></li>
<li class="message">[<abbr title="2008-05-29T16:02:00+00:00">16:02:00</abbr>] &lt;<cite>khasim</cite>&gt; <q>2.	Get USB OTG port working as USB HOST for Beagle.</q></li>
<li class="message">[<abbr title="2008-05-29T16:02:00+00:00">16:02:00</abbr>] &lt;<cite>khasim</cite>&gt; <q>3.	Generate Demos for Beagle, at least one demo per domain (3D (GFX), JVM, Link/CE (IVA), Browser, UI, G-Streamer)</q></li>
<li class="message">[<abbr title="2008-05-29T16:02:00+00:00">16:02:00</abbr>] &lt;<cite>khasim</cite>&gt; <q>4.	Start pushing our code base to OMAP GIT mailing list</q></li>
<li class="message">[<abbr title="2008-05-29T16:02:00+00:00">16:02:00</abbr>] &lt;<cite>khasim</cite>&gt; <q>5.	Remove x-loader dependency for Beagle.</q></li>
<li class="message">[<a href="#T16:02:02" id="T16:02:02"><abbr title="2008-05-29T16:02:02+00:00">16:02:02</abbr></a>] &lt;<cite>khasim</cite>&gt; <q>6.	Add Micron NAND bad block management in Beagle u-boot</q></li>
<li class="message">[<a href="#T16:02:04" id="T16:02:04"><abbr title="2008-05-29T16:02:04+00:00">16:02:04</abbr></a>] &lt;<cite>khasim</cite>&gt; <q>7.	Migrate to u-boot Denx tree for u-boot and maintain the patches using quilt on external web page</q></li>
<li class="message">[<a href="#T16:02:06" id="T16:02:06"><abbr title="2008-05-29T16:02:06+00:00">16:02:06</abbr></a>] &lt;<cite>khasim</cite>&gt; <q>8.	Start pushing our u-boot code to u-boot GIT</q></li>
<li class="message">[<a href="#T16:02:29" id="T16:02:29"><abbr title="2008-05-29T16:02:29+00:00">16:02:29</abbr></a>] &lt;<cite>dirk2</cite>&gt; <q>I think we like to help sorting out stability issues, but we need some help/hints. E.g. regarding pin mux pull up/down configuration we don't know, or TWL manual we don't have.</q></li>
<li class="message">[<a href="#T16:02:43" id="T16:02:43"><abbr title="2008-05-29T16:02:43+00:00">16:02:43</abbr></a>] &lt;<cite>dirk2</cite>&gt; <q>khasim: Thanks!</q></li>
<li class="message">[<a href="#T16:02:55" id="T16:02:55"><abbr title="2008-05-29T16:02:55+00:00">16:02:55</abbr></a>] &lt;<cite>dirk2</cite>&gt; <q>What's about:</q></li>
<li class="message">[<a href="#T16:03:09" id="T16:03:09"><abbr title="2008-05-29T16:03:09+00:00">16:03:09</abbr></a>] &lt;<cite>dirk2</cite>&gt; <q>0. Sorting out stability issues in existing software</q></li>
<li class="message">[<a href="#T16:03:10" id="T16:03:10"><abbr title="2008-05-29T16:03:10+00:00">16:03:10</abbr></a>] &lt;<cite>dirk2</cite>&gt; <q>?</q></li>
<li class="message">[<a href="#T16:03:15" id="T16:03:15"><abbr title="2008-05-29T16:03:15+00:00">16:03:15</abbr></a>] &lt;<cite>sakoman</cite>&gt; <q>khasim:  I'll try to get my nand patches to you today for review.</q></li>
<li class="message">[<a href="#T16:03:27" id="T16:03:27"><abbr title="2008-05-29T16:03:27+00:00">16:03:27</abbr></a>] &lt;<cite>khasim</cite>&gt; <q>Thanks sakoman.</q></li>
<li class="message">[<a href="#T16:03:35" id="T16:03:35"><abbr title="2008-05-29T16:03:35+00:00">16:03:35</abbr></a>] &lt;<cite>khasim</cite>&gt; <q>Dirk, I have fixed most of the MUX issues</q></li>
<li class="message">[<a href="#T16:03:36" id="T16:03:36"><abbr title="2008-05-29T16:03:36+00:00">16:03:36</abbr></a>] &lt;<cite>sakoman</cite>&gt; <q>I think we'll need to break them up though before submitting to linux-omap</q></li>
<li class="message">[<a href="#T16:03:56" id="T16:03:56"><abbr title="2008-05-29T16:03:56+00:00">16:03:56</abbr></a>] &lt;<cite>sakoman</cite>&gt; <q>Too much for folks to digest otherwise</q></li>
<li class="message">[<a href="#T16:04:30" id="T16:04:30"><abbr title="2008-05-29T16:04:30+00:00">16:04:30</abbr></a>] &lt;<cite>khasim</cite>&gt; <q>Dirk,I am working on adding bad block management to u-boot, I will send you the MUX setting along with that</q></li>
<li class="message">[<a href="#T16:04:43" id="T16:04:43"><abbr title="2008-05-29T16:04:43+00:00">16:04:43</abbr></a>] &lt;<cite>khasim</cite>&gt; <q>may be I have to put a version out before working on NAND bad block</q></li>
<li class="message">[<a href="#T16:04:50" id="T16:04:50"><abbr title="2008-05-29T16:04:50+00:00">16:04:50</abbr></a>] &lt;<cite>khasim</cite>&gt; <q>Will do that first by tomorrow</q></li>
<li class="message">[<a href="#T16:05:11" id="T16:05:11"><abbr title="2008-05-29T16:05:11+00:00">16:05:11</abbr></a>] &lt;<cite>dirk2</cite>&gt; <q>khasim: :)</q></li>
<li class="message">[<a href="#T16:05:17" id="T16:05:17"><abbr title="2008-05-29T16:05:17+00:00">16:05:17</abbr></a>] &lt;<cite>khasim</cite>&gt; <q>Sakoman, yes we should take up things one by one</q></li>
<li class="message">[<a href="#T16:05:41" id="T16:05:41"><abbr title="2008-05-29T16:05:41+00:00">16:05:41</abbr></a>] &lt;<cite>khasim</cite>&gt; <q>We have almost everything except ALSA Audio and DSS on OMAP GIT</q></li>
<li class="message">[<a href="#T16:05:51" id="T16:05:51"><abbr title="2008-05-29T16:05:51+00:00">16:05:51</abbr></a>] &lt;<cite>khasim</cite>&gt; <q>NAND : Sakoman is working on it</q></li>
<li class="message">[<a href="#T16:05:56" id="T16:05:56"><abbr title="2008-05-29T16:05:56+00:00">16:05:56</abbr></a>] &lt;<cite>sakoman</cite>&gt; <q>I'll send you a consolidated patch and we can discuss how to break them up</q></li>
<li class="message">[<a href="#T16:06:13" id="T16:06:13"><abbr title="2008-05-29T16:06:13+00:00">16:06:13</abbr></a>] &lt;<cite>khasim</cite>&gt; <q>DSS needs a big re-architecture</q></li>
<li class="message">[<a href="#T16:06:28" id="T16:06:28"><abbr title="2008-05-29T16:06:28+00:00">16:06:28</abbr></a>] &lt;<cite>sakoman</cite>&gt; <q>I guess we should also discuss alsa SoC!</q></li>
<li class="message">[<a href="#T16:06:35" id="T16:06:35"><abbr title="2008-05-29T16:06:35+00:00">16:06:35</abbr></a>] &lt;<cite>jkridner|work</cite>&gt; <q>khasim and all: what do you think of the following text...</q></li>
<li class="message">[<a href="#T16:06:43" id="T16:06:43"><abbr title="2008-05-29T16:06:43+00:00">16:06:43</abbr></a>] &lt;<cite>jkridner|work</cite>&gt; <q>There are currently a few dozen boards that have been handed out.  Additional boards will be available soon for $149 via a link from this page.  Subscribe to the mailing list to get notification.  A small number of boards are expected in early June and are likely to sell out quickly, so getting notification via the e-mail list could be helpful. &lt;b&gt;These Rev. B boards will not have support for the USB EHCI port and are not yet fully suppo</q></li>
<li class="message">[<a href="#T16:06:53" id="T16:06:53"><abbr title="2008-05-29T16:06:53+00:00">16:06:53</abbr></a>] &lt;<cite>jkridner|work</cite>&gt; <q>Once the on-line purchase link is available, we expect to take pre-orders for the Rev. C boards under a different part numbers, but the date for having those boards available has not yet been determined.</q></li>
<li class="message">[<a href="#T16:07:35" id="T16:07:35"><abbr title="2008-05-29T16:07:35+00:00">16:07:35</abbr></a>] &lt;<cite>sakoman</cite>&gt; <q>first chunk seems to have been truncated</q></li>
<li class="message">[<a href="#T16:07:44" id="T16:07:44"><abbr title="2008-05-29T16:07:44+00:00">16:07:44</abbr></a>] &lt;<cite>khasim</cite>&gt; <q>We do have USB EHCI working on these boards but the connection drops after a while.</q></li>
<li class="message">[<a href="#T16:08:03" id="T16:08:03"><abbr title="2008-05-29T16:08:03+00:00">16:08:03</abbr></a>] &lt;<cite>jkridner|work</cite>&gt; <q>There are currently a few dozen boards that have been handed out.  Additional boards will be available soon for $149 via a link from this page.  Subscribe to the mailing list to get notification.</q></li>
<li class="quit">[<a href="#T16:08:04" id="T16:08:04"><abbr title="2008-05-29T16:08:04+00:00">16:08:04</abbr></a>] <span>* GAN8001 (n=GAN8001@pdpc/supporter/active/generalantilles) Quit ()</span></li>
<li class="message">[<a href="#T16:08:05" id="T16:08:05"><abbr title="2008-05-29T16:08:05+00:00">16:08:05</abbr></a>] &lt;<cite>jkridner|work</cite>&gt; <q>A small number of boards are expected in early June and are likely to sell out quickly, so getting notification via the e-mail list could be helpful.</q></li>
<li class="message">[<a href="#T16:08:15" id="T16:08:15"><abbr title="2008-05-29T16:08:15+00:00">16:08:15</abbr></a>] &lt;<cite>jkridner|work</cite>&gt; <q>These Rev. B boards will not have support for the USB EHCI port and are not yet fully supported by the the linux-omap git tree.</q></li>
<li class="message">[<a href="#T16:08:23" id="T16:08:23"><abbr title="2008-05-29T16:08:23+00:00">16:08:23</abbr></a>] &lt;<cite>jkridner|work</cite>&gt; <q>These boards are being targeted only for early adopter developers.</q></li>
<li class="message">[<a href="#T16:08:44" id="T16:08:44"><abbr title="2008-05-29T16:08:44+00:00">16:08:44</abbr></a>] &lt;<cite>jkridner|work</cite>&gt; <q>khasim: that seems to me to put too fine a point on the issue.</q></li>
<li class="message">[<a href="#T16:08:58" id="T16:08:58"><abbr title="2008-05-29T16:08:58+00:00">16:08:58</abbr></a>] &lt;<cite>jkridner|work</cite>&gt; <q>for most people, they would take that as "not working".</q></li>
<li class="message">[<a href="#T16:09:01" id="T16:09:01"><abbr title="2008-05-29T16:09:01+00:00">16:09:01</abbr></a>] &lt;<cite>khasim</cite>&gt; <q>EHCI support is already available on OMAP GIT and it also works on Beagle</q></li>
<li class="message">[<a href="#T16:09:18" id="T16:09:18"><abbr title="2008-05-29T16:09:18+00:00">16:09:18</abbr></a>] &lt;<cite>jkridner|work</cite>&gt; <q>in fact, I even plan to remove the EHCI connector from these boards so that it is clear.</q></li>
<li class="message">[<a href="#T16:09:40" id="T16:09:40"><abbr title="2008-05-29T16:09:40+00:00">16:09:40</abbr></a>] &lt;<cite>jkridner|work</cite>&gt; <q>er, connector to the EHCI port (no such thing as an EHCI connector).</q></li>
<li class="message">[<a href="#T16:09:49" id="T16:09:49"><abbr title="2008-05-29T16:09:49+00:00">16:09:49</abbr></a>] &lt;<cite>khasim</cite>&gt; <q>OK Jason, but we should correct the other line as mentioned above "EHCI support is on OMAP GIT"</q></li>
<li class="message">[<a href="#T16:11:01" id="T16:11:01"><abbr title="2008-05-29T16:11:01+00:00">16:11:01</abbr></a>] &lt;<cite>khasim</cite>&gt; <q>Keyboard, Mouse and ethernet works fine on EHCI port</q></li>
<li class="message">[<a href="#T16:11:12" id="T16:11:12"><abbr title="2008-05-29T16:11:12+00:00">16:11:12</abbr></a>] &lt;<cite>jkridner|work</cite>&gt; <q>I have Ethernet drop-outs.</q></li>
<li class="message">[<a href="#T16:11:16" id="T16:11:16"><abbr title="2008-05-29T16:11:16+00:00">16:11:16</abbr></a>] &lt;<cite>khasim</cite>&gt; <q>but dont know when it might fail :(</q></li>
<li class="message">[<a href="#T16:11:38" id="T16:11:38"><abbr title="2008-05-29T16:11:38+00:00">16:11:38</abbr></a>] &lt;<cite>khasim</cite>&gt; <q>yes, it will fail after a while</q></li>
<li class="message">[<a href="#T16:11:54" id="T16:11:54"><abbr title="2008-05-29T16:11:54+00:00">16:11:54</abbr></a>] &lt;<cite>khasim</cite>&gt; <q>As you mentioned it is better to take it off</q></li>
<li class="message">[<a href="#T16:12:04" id="T16:12:04"><abbr title="2008-05-29T16:12:04+00:00">16:12:04</abbr></a>] &lt;<cite>sakoman</cite>&gt; <q>jkridner|work:  I think that has the right tone.  You just want to avoid having folks see koen's cool screen shots and buy one thinking they are going to get a miniature desktop system that is ready to use out of the box!</q></li>
<li class="message">[<a href="#T16:12:52" id="T16:12:52"><abbr title="2008-05-29T16:12:52+00:00">16:12:52</abbr></a>] &lt;<cite>sakoman</cite>&gt; <q>You want the kernel hackers to self select and rise to the challenge</q></li>
<li class="message">[<a href="#T16:13:00" id="T16:13:00"><abbr title="2008-05-29T16:13:00+00:00">16:13:00</abbr></a>] &lt;<cite>jkridner|work</cite>&gt; <q>k.  thanks.  that is the eventual goal, but, unfortunately, not this summer.  that seems destined for Fall.</q></li>
<li class="message">[<a href="#T16:13:18" id="T16:13:18"><abbr title="2008-05-29T16:13:18+00:00">16:13:18</abbr></a>] &lt;<cite>sakoman</cite>&gt; <q>It always takes *way* longer than you think :-)</q></li>
<li class="message">[<a href="#T16:13:24" id="T16:13:24"><abbr title="2008-05-29T16:13:24+00:00">16:13:24</abbr></a>] &lt;<cite>jkridner|work</cite>&gt; <q>that = miniature desktop system.</q></li>
<li class="message">[<a href="#T16:13:57" id="T16:13:57"><abbr title="2008-05-29T16:13:57+00:00">16:13:57</abbr></a>] &lt;<cite>khasim</cite>&gt; <q>We can still use USB OTG port for all USB based applications</q></li>
<li class="message">[<a href="#T16:14:17" id="T16:14:17"><abbr title="2008-05-29T16:14:17+00:00">16:14:17</abbr></a>] &lt;<cite>jkridner|work</cite>&gt; <q>almost makes me miss true waterfall development models.  almost.</q></li>
<li class="message">[<a href="#T16:14:50" id="T16:14:50"><abbr title="2008-05-29T16:14:50+00:00">16:14:50</abbr></a>] &lt;<cite>jkridner|work</cite>&gt; <q>indeed.  USB OTG can meet most application development requirements.</q></li>
<li class="message">[<a href="#T16:15:17" id="T16:15:17"><abbr title="2008-05-29T16:15:17+00:00">16:15:17</abbr></a>] &lt;<cite>jkridner|work</cite>&gt; <q>what about: Once the on-line purchase link is available, we expect to take pre-orders for the Rev. C boards under a different part numbers, but the date for having those boards available has not yet been determined.</q></li>
<li class="message">[<a href="#T16:15:42" id="T16:15:42"><abbr title="2008-05-29T16:15:42+00:00">16:15:42</abbr></a>] &lt;<cite>khasim</cite>&gt; <q>I think this is good as well.</q></li>
<li class="message">[<a href="#T16:15:48" id="T16:15:48"><abbr title="2008-05-29T16:15:48+00:00">16:15:48</abbr></a>] &lt;<cite>jkridner|work</cite>&gt; <q>I need to verify this with the distributor, but I wanted to see how you all thought the reaction would be.</q></li>
<li class="message">[<a href="#T16:16:44" id="T16:16:44"><abbr title="2008-05-29T16:16:44+00:00">16:16:44</abbr></a>] &lt;<cite>koen</cite>&gt; <q>OTG is working on omap git</q></li>
<li class="message">[<a href="#T16:16:50" id="T16:16:50"><abbr title="2008-05-29T16:16:50+00:00">16:16:50</abbr></a>] &lt;<cite>koen</cite>&gt; <q>I use that as usb host now</q></li>
<li class="message">[<a href="#T16:17:01" id="T16:17:01"><abbr title="2008-05-29T16:17:01+00:00">16:17:01</abbr></a>] &lt;<cite>sakoman</cite>&gt; <q>yes, has been for a while</q></li>
<li class="message">[<a href="#T16:17:24" id="T16:17:24"><abbr title="2008-05-29T16:17:24+00:00">16:17:24</abbr></a>] &lt;<cite>koen</cite>&gt; <q>usb2lcd + HID + ethernet +audio survived for 9+ hours last night</q></li>
<li class="message">[<a href="#T16:17:59" id="T16:17:59"><abbr title="2008-05-29T16:17:59+00:00">16:17:59</abbr></a>] &lt;<cite>koen</cite>&gt; <q>jkridner|work: would it be possible to ship a OTG connector with the beagle?</q></li>
<li class="message">[<a href="#T16:18:13" id="T16:18:13"><abbr title="2008-05-29T16:18:13+00:00">16:18:13</abbr></a>] &lt;<cite>khasim</cite>&gt; <q>Koen: Do you see any issues with UART when USB OTG is working?</q></li>
<li class="action">[<a href="#T16:18:18" id="T16:18:18"><abbr title="2008-05-29T16:18:18+00:00">16:18:18</abbr></a>] <span>* jkridner|work thinks he needs to reconfigure his kernel to use OTG as host, rather than RNDIS client.</span></li>
<li class="message">[<a href="#T16:18:33" id="T16:18:33"><abbr title="2008-05-29T16:18:33+00:00">16:18:33</abbr></a>] &lt;<cite>koen</cite>&gt; <q>khasim: uart randomly locks up, but it does that regardsless of usb</q></li>
<li class="message">[<a href="#T16:18:51" id="T16:18:51"><abbr title="2008-05-29T16:18:51+00:00">16:18:51</abbr></a>] &lt;<cite>koen</cite>&gt; <q>where "locks up" might be "goes to sleep"</q></li>
<li class="message">[<a href="#T16:18:55" id="T16:18:55"><abbr title="2008-05-29T16:18:55+00:00">16:18:55</abbr></a>] &lt;<cite>jkridner|work</cite>&gt; <q>koen: I did have some problems finding them except in a big kit at Fry's yesterday.</q></li>
<li class="message">[<a href="#T16:19:07" id="T16:19:07"><abbr title="2008-05-29T16:19:07+00:00">16:19:07</abbr></a>] &lt;<cite>khasim</cite>&gt; <q>I haven't seen any UART lock up, any body else has observed this?</q></li>
<li class="message">[<a href="#T16:19:14" id="T16:19:14"><abbr title="2008-05-29T16:19:14+00:00">16:19:14</abbr></a>] &lt;<cite>jkridner|work</cite>&gt; <q>I'll be sure the distributor stocks and promotes them, but I don't think we'll just throw them in.</q></li>
<li class="message">[<a href="#T16:19:48" id="T16:19:48"><abbr title="2008-05-29T16:19:48+00:00">16:19:48</abbr></a>] &lt;<cite>koen</cite>&gt; <q>jkridner|work: I have 2, mostly by accident</q></li>
<li class="message">[<a href="#T16:19:49" id="T16:19:49"><abbr title="2008-05-29T16:19:49+00:00">16:19:49</abbr></a>] &lt;<cite>jkridner|work</cite>&gt; <q>one of the next major tracking things required is a list of tested peripherals.</q></li>
<li class="message">[<a href="#T16:19:53" id="T16:19:53"><abbr title="2008-05-29T16:19:53+00:00">16:19:53</abbr></a>] &lt;<cite>khasim</cite>&gt; <q>Jason by USB connector you mean mini A to USB A receptal?</q></li>
<li class="message">[<a href="#T16:20:18" id="T16:20:18"><abbr title="2008-05-29T16:20:18+00:00">16:20:18</abbr></a>] &lt;<cite>koen</cite>&gt; <q>I got one donated and teh blackfin board came with a 'modular' usb cable</q></li>
<li class="message">[<a href="#T16:20:29" id="T16:20:29"><abbr title="2008-05-29T16:20:29+00:00">16:20:29</abbr></a>] &lt;<cite>jkridner|work</cite>&gt; <q>I also found one in the lab yesterday at random, which was very nice (after buying a $20 everything-in-the-world USB adapter kit).</q></li>
<li class="message">[<a href="#T16:20:40" id="T16:20:40"><abbr title="2008-05-29T16:20:40+00:00">16:20:40</abbr></a>] &lt;<cite>jkridner|work</cite>&gt; <q>yes, that is what I mean.</q></li>
<li class="message">[<a href="#T16:20:43" id="T16:20:43"><abbr title="2008-05-29T16:20:43+00:00">16:20:43</abbr></a>] &lt;<cite>koen</cite>&gt; <q><a href="http://trisoft.de/pics/ZHost.JPG">http://trisoft.de/pics/ZHost.JPG</a> &lt;- one like that</q></li>
<li class="message">[<a href="#T16:20:57" id="T16:20:57"><abbr title="2008-05-29T16:20:57+00:00">16:20:57</abbr></a>] &lt;<cite>khasim</cite>&gt; <q>We get a Golden Cable kit that has all different connectors in radio shack</q></li>
<li class="message">[<a href="#T16:21:17" id="T16:21:17"><abbr title="2008-05-29T16:21:17+00:00">16:21:17</abbr></a>] &lt;<cite>koen</cite>&gt; <q>the blackfin board came with a golden cable kit indeed</q></li>
<li class="message">[<a href="#T16:21:35" id="T16:21:35"><abbr title="2008-05-29T16:21:35+00:00">16:21:35</abbr></a>] &lt;<cite>koen</cite>&gt; <q>I had a serious WTF? moment when I read "gold plated"</q></li>
<li class="message">[<a href="#T16:22:15" id="T16:22:15"><abbr title="2008-05-29T16:22:15+00:00">16:22:15</abbr></a>] &lt;<cite>jkridner|work</cite>&gt; <q>I picked up this (<a href="http://www.amazon.com/Emerge-Tech-ETCABLEKIT3-Universal-Cable/dp/B00070IOK6)">http://www.amazon.com/Emerge-Tech-ETCABLEKIT3-Universal-Cable/dp/B00070IOK6)</a> at Fry's for $19.99, but it is a very tight fit next to the power connector.</q></li>
<li class="message">[<a href="#T16:22:54" id="T16:22:54"><abbr title="2008-05-29T16:22:54+00:00">16:22:54</abbr></a>] &lt;<cite>khasim</cite>&gt; <q>YES, I wanted to bring this out to Gerald, we need to place the USB HOST and USB OTG connector a bit far from other connectors on board</q></li>
<li class="message">[<a href="#T16:22:58" id="T16:22:58"><abbr title="2008-05-29T16:22:58+00:00">16:22:58</abbr></a>] &lt;<cite>jkridner|work</cite>&gt; <q>all I needed was the "Mini USB male (5-pin Flat)".</q></li>
<li class="message">[<a href="#T16:23:17" id="T16:23:17"><abbr title="2008-05-29T16:23:17+00:00">16:23:17</abbr></a>] &lt;<cite>khasim</cite>&gt; <q>The USB HOST connector becomes very tight to be used when MMC is on the board</q></li>
<li class="message">[<a href="#T16:23:40" id="T16:23:40"><abbr title="2008-05-29T16:23:40+00:00">16:23:40</abbr></a>] &lt;<cite>jkridner|work</cite>&gt; <q>khasim: yeah, we best remember to do that!</q></li>
<li class="message">[<a href="#T16:25:11" id="T16:25:11"><abbr title="2008-05-29T16:25:11+00:00">16:25:11</abbr></a>] &lt;<cite>jkridner|work</cite>&gt; <q>(just dropped Gerald a note.)</q></li>
<li class="message">[<a href="#T16:25:37" id="T16:25:37"><abbr title="2008-05-29T16:25:37+00:00">16:25:37</abbr></a>] &lt;<cite>khasim</cite>&gt; <q>thanks</q></li>
<li class="message">[<a href="#T16:32:41" id="T16:32:41"><abbr title="2008-05-29T16:32:41+00:00">16:32:41</abbr></a>] &lt;<cite>sakoman</cite>&gt; <q>khasim:  current state of my patch is at:  <a href="http://www.sakoman.net/omap3/flash.patch.txt">http://www.sakoman.net/omap3/flash.patch.txt</a></q></li>
<li class="message">[<a href="#T16:36:20" id="T16:36:20"><abbr title="2008-05-29T16:36:20+00:00">16:36:20</abbr></a>] &lt;<cite>DJWillis</cite>&gt; <q>jkridner|work: i'll let you know if we find a cheap source for the OTG host leads, one idea was to include one with the Pandora boards but time will tell, in the short term we are going to have to put them in with the early kits untill the EHCI stuff is worked out.</q></li>
<li class="join">[<a href="#T17:20:26" id="T17:20:26"><abbr title="2008-05-29T17:20:26+00:00">17:20:26</abbr></a>] <span>* ldesnogu_ (n=ldesnogu@ven06-2-82-247-86-183.fbx.proxad.net) has joined #beagle</span></li>
<li class="quit">[<a href="#T17:24:20" id="T17:24:20"><abbr title="2008-05-29T17:24:20+00:00">17:24:20</abbr></a>] <span>* RogerMonk (n=a0740758@nat/ti/x-ec2951857cda9198) Quit (Remote closed the connection)</span></li>
<li class="part">[<a href="#T17:25:27" id="T17:25:27"><abbr title="2008-05-29T17:25:27+00:00">17:25:27</abbr></a>] <span>* dirk2 (n=dirk@F31a2.f.strato-dslnet.de) has left #beagle</span></li>
<li class="quit">[<a href="#T17:46:03" id="T17:46:03"><abbr title="2008-05-29T17:46:03+00:00">17:46:03</abbr></a>] <span>* NishanthMenon (n=nmenon@nat/ti/x-a91ff75c1a7a4588) Quit ("Ex-Chat")</span></li>
<li class="join">[<a href="#T17:46:15" id="T17:46:15"><abbr title="2008-05-29T17:46:15+00:00">17:46:15</abbr></a>] <span>* NishanthMenon (n=nmenon@nat/ti/x-13ce7e6a25e0f483) has joined #beagle</span></li>
<li class="quit">[<a href="#T17:50:17" id="T17:50:17"><abbr title="2008-05-29T17:50:17+00:00">17:50:17</abbr></a>] <span>* khasim (n=a0393720@192.163.20.231) Quit (Remote closed the connection)</span></li>
<li class="message">[<a href="#T18:08:27" id="T18:08:27"><abbr title="2008-05-29T18:08:27+00:00">18:08:27</abbr></a>] &lt;<cite>jkridner|work</cite>&gt; <q><a href="http://beagleboard.blogspot.com/2008/05/beagle-board-at-linuxtag.html">http://beagleboard.blogspot.com/2008/05/beagle-board-at-linuxtag.html</a></q></li>
<li class="message">[<a href="#T18:13:06" id="T18:13:06"><abbr title="2008-05-29T18:13:06+00:00">18:13:06</abbr></a>] &lt;<cite>Crofton</cite>&gt; <q>Who is at the booth?</q></li>
<li class="message">[<a href="#T18:13:39" id="T18:13:39"><abbr title="2008-05-29T18:13:39+00:00">18:13:39</abbr></a>] &lt;<cite>DJWillis</cite>&gt; <q>jkridner|work: nice work getting a stand, whats the feedback been like from yous guys at the front line? Shame Berlin is just a little to far for a day trip ;-)</q></li>
<li class="message">[<a href="#T18:13:50" id="T18:13:50"><abbr title="2008-05-29T18:13:50+00:00">18:13:50</abbr></a>] &lt;<cite>jkridner|work</cite>&gt; <q>I'm not exactly sure. :)  Thomas Leyrer and Jesus Ibanez, I'd suspect.</q></li>
<li class="message">[<a href="#T18:14:07" id="T18:14:07"><abbr title="2008-05-29T18:14:07+00:00">18:14:07</abbr></a>] &lt;<cite>jkridner|work</cite>&gt; <q>I should have caught dirk2 before he disconnected.</q></li>
<li class="message">[<a href="#T18:14:24" id="T18:14:24"><abbr title="2008-05-29T18:14:24+00:00">18:14:24</abbr></a>] &lt;<cite>jkridner|work</cite>&gt; <q>not sure which city in Germany he's at.</q></li>
<li class="part">[<a href="#T18:14:35" id="T18:14:35"><abbr title="2008-05-29T18:14:35+00:00">18:14:35</abbr></a>] <span>* Crofton (n=balister@66-207-66-26.black.dmt.ntelos.net) has left #beagle</span></li>
<li class="join">[<a href="#T18:15:01" id="T18:15:01"><abbr title="2008-05-29T18:15:01+00:00">18:15:01</abbr></a>] <span>* Crofton (n=balister@66-207-66-26.black.dmt.ntelos.net) has joined #beagle</span></li>
<li class="message">[<a href="#T18:15:05" id="T18:15:05"><abbr title="2008-05-29T18:15:05+00:00">18:15:05</abbr></a>] &lt;<cite>Crofton</cite>&gt; <q>oops</q></li>
<li class="message">[<a href="#T18:15:13" id="T18:15:13"><abbr title="2008-05-29T18:15:13+00:00">18:15:13</abbr></a>] &lt;<cite>Crofton</cite>&gt; <q>There is an OE booth there</q></li>
<li class="message">[<a href="#T18:16:24" id="T18:16:24"><abbr title="2008-05-29T18:16:24+00:00">18:16:24</abbr></a>] &lt;<cite>DJWillis</cite>&gt; <q>Crofton: really, that's cool</q></li>
<li class="message">[<a href="#T18:16:55" id="T18:16:55"><abbr title="2008-05-29T18:16:55+00:00">18:16:55</abbr></a>] &lt;<cite>Crofton</cite>&gt; <q>Hopefully, they find each other</q></li>
<li class="message">[<a href="#T18:17:24" id="T18:17:24"><abbr title="2008-05-29T18:17:24+00:00">18:17:24</abbr></a>] &lt;<cite>DJWillis</cite>&gt; <q>Be a shame if they dont</q></li>
<li class="message">[<a href="#T18:18:01" id="T18:18:01"><abbr title="2008-05-29T18:18:01+00:00">18:18:01</abbr></a>] &lt;<cite>Crofton</cite>&gt; <q>I'm going to drop them an email</q></li>
<li class="message">[<a href="#T18:18:27" id="T18:18:27"><abbr title="2008-05-29T18:18:27+00:00">18:18:27</abbr></a>] &lt;<cite>Crofton</cite>&gt; <q>do you know if they are running a beagle with an OE derived demo?</q></li>
<li class="message">[<a href="#T18:18:30" id="T18:18:30"><abbr title="2008-05-29T18:18:30+00:00">18:18:30</abbr></a>] &lt;<cite>Crofton</cite>&gt; <q><a href="http://planet.linuxtogo.org/">http://planet.linuxtogo.org/</a></q></li>
<li class="message">[<a href="#T19:24:48" id="T19:24:48"><abbr title="2008-05-29T19:24:48+00:00">19:24:48</abbr></a>] &lt;<cite>sakoman</cite>&gt; <q>koen:  I'm working on a u-boot recipe and ran into an issue that I think you've solved once already:</q></li>
<li class="message">[<a href="#T19:25:04" id="T19:25:04"><abbr title="2008-05-29T19:25:04+00:00">19:25:04</abbr></a>] &lt;<cite>sakoman</cite>&gt; <q>asm.S:0: error: bad value (armv7a) for -march= switch</q></li>
<li class="message">[<a href="#T19:25:52" id="T19:25:52"><abbr title="2008-05-29T19:25:52+00:00">19:25:52</abbr></a>] &lt;<cite>sakoman</cite>&gt; <q>seem to recall it is related to naming inconsistency</q></li>
<li class="message">[<a href="#T19:25:57" id="T19:25:57"><abbr title="2008-05-29T19:25:57+00:00">19:25:57</abbr></a>] &lt;<cite>sakoman</cite>&gt; <q>ring a bell?</q></li>
<li class="message">[<a href="#T19:31:12" id="T19:31:12"><abbr title="2008-05-29T19:31:12+00:00">19:31:12</abbr></a>] &lt;<cite>DJWillis</cite>&gt; <q>sakoman: what tool chain? IIRC CSL2007 armv7a GCC 4.3 armv7-a</q></li>
<li class="message">[<a href="#T19:31:47" id="T19:31:47"><abbr title="2008-05-29T19:31:47+00:00">19:31:47</abbr></a>] &lt;<cite>sakoman</cite>&gt; <q>DJWillis: the default OE tool chain</q></li>
<li class="message">[<a href="#T19:32:22" id="T19:32:22"><abbr title="2008-05-29T19:32:22+00:00">19:32:22</abbr></a>] &lt;<cite>DJWillis</cite>&gt; <q>Try it with a dash</q></li>
<li class="message">[<a href="#T19:32:30" id="T19:32:30"><abbr title="2008-05-29T19:32:30+00:00">19:32:30</abbr></a>] &lt;<cite>sakoman</cite>&gt; <q>will do</q></li>
<li class="message">[<a href="#T19:32:38" id="T19:32:38"><abbr title="2008-05-29T19:32:38+00:00">19:32:38</abbr></a>] &lt;<cite>sakoman</cite>&gt; <q>thanks</q></li>
<li class="message">[<a href="#T19:32:42" id="T19:32:42"><abbr title="2008-05-29T19:32:42+00:00">19:32:42</abbr></a>] &lt;<cite>sakoman</cite>&gt; <q>(I hope)</q></li>
<li class="message">[<a href="#T19:33:43" id="T19:33:43"><abbr title="2008-05-29T19:33:43+00:00">19:33:43</abbr></a>] &lt;<cite>sakoman</cite>&gt; <q>hmm . . . default toolchain is 4.2.2 so that might be an issue too</q></li>
<li class="message">[<a href="#T19:34:56" id="T19:34:56"><abbr title="2008-05-29T19:34:56+00:00">19:34:56</abbr></a>] &lt;<cite>DJWillis</cite>&gt; <q>Any reason you need v7 code in UBoot?</q></li>
<li class="message">[<a href="#T19:35:55" id="T19:35:55"><abbr title="2008-05-29T19:35:55+00:00">19:35:55</abbr></a>] &lt;<cite>koen</cite>&gt; <q>cat packages/linux/linux-omap2-git/beagleboard/no-harry-potter.diff </q></li>
<li class="message">[<a href="#T19:36:06" id="T19:36:06"><abbr title="2008-05-29T19:36:06+00:00">19:36:06</abbr></a>] &lt;<cite>koen</cite>&gt; <q>-arch-$(CONFIG_CPU_32v7)		:=-D__LINUX_ARM_ARCH__=7 $(call cc-option,-march=armv7a,-march=armv5t -Wa$(comma)-march=armv7a)</q></li>
<li class="message">[<a href="#T19:36:09" id="T19:36:09"><abbr title="2008-05-29T19:36:09+00:00">19:36:09</abbr></a>] &lt;<cite>koen</cite>&gt; <q>+arch-$(CONFIG_CPU_32v7)		:=-D__LINUX_ARM_ARCH__=7 $(call cc-option,-march=armv7-a,-march=armv5t -Wa$(comma)-march=armv7-a)</q></li>
<li class="message">[<a href="#T19:36:54" id="T19:36:54"><abbr title="2008-05-29T19:36:54+00:00">19:36:54</abbr></a>] &lt;<cite>DJWillis</cite>&gt; <q>The name of that patch made me smile when I 1st saw it</q></li>
<li class="message">[<a href="#T19:37:31" id="T19:37:31"><abbr title="2008-05-29T19:37:31+00:00">19:37:31</abbr></a>] &lt;<cite>koen</cite>&gt; <q>csl 2007q3 is 4.2.1, 2008q1 is 4.2.3</q></li>
<li class="message">[<a href="#T19:37:45" id="T19:37:45"><abbr title="2008-05-29T19:37:45+00:00">19:37:45</abbr></a>] &lt;<cite>koen</cite>&gt; <q>and I'm currently using vanilla gcc 4.2.4 for armv6 code</q></li>
<li class="message">[<a href="#T19:39:15" id="T19:39:15"><abbr title="2008-05-29T19:39:15+00:00">19:39:15</abbr></a>] &lt;<cite>sakoman</cite>&gt; <q>koen: thanks I'll give something similar a try for u-boot</q></li>
<li class="message">[<a href="#T19:39:44" id="T19:39:44"><abbr title="2008-05-29T19:39:44+00:00">19:39:44</abbr></a>] &lt;<cite>sakoman</cite>&gt; <q>I tried patching to use v6 but u-boot uses some v7a instructions in the .S files</q></li>
<li class="message">[<a href="#T19:39:50" id="T19:39:50"><abbr title="2008-05-29T19:39:50+00:00">19:39:50</abbr></a>] &lt;<cite>koen</cite>&gt; <q>the kernel compiles fine without an armv7 toolchain </q></li>
<li class="message">[<a href="#T19:40:06" id="T19:40:06"><abbr title="2008-05-29T19:40:06+00:00">19:40:06</abbr></a>] &lt;<cite>koen</cite>&gt; <q>u-boot is a mess</q></li>
<li class="message">[<a href="#T19:40:11" id="T19:40:11"><abbr title="2008-05-29T19:40:11+00:00">19:40:11</abbr></a>] &lt;<cite>koen</cite>&gt; <q>I try to stay out of it</q></li>
<li class="message">[<a href="#T19:40:15" id="T19:40:15"><abbr title="2008-05-29T19:40:15+00:00">19:40:15</abbr></a>] &lt;<cite>sakoman</cite>&gt; <q>don't get me started</q></li>
<li class="message">[<a href="#T19:40:33" id="T19:40:33"><abbr title="2008-05-29T19:40:33+00:00">19:40:33</abbr></a>] &lt;<cite>koen</cite>&gt; <q>I managed to teach it to compile in EABI mode and gave up after that</q></li>
<li class="message">[<a href="#T19:41:48" id="T19:41:48"><abbr title="2008-05-29T19:41:48+00:00">19:41:48</abbr></a>] &lt;<cite>sakoman</cite>&gt; <q>one of the companies I consult for has done a very cool u-boot replacement.  sadly it isn't available to us :-(</q></li>
<li class="action">[<a href="#T19:42:14" id="T19:42:14"><abbr title="2008-05-29T19:42:14+00:00">19:42:14</abbr></a>] <span>* prpplague suggests apex yet again</span></li>
<li class="message">[<a href="#T19:42:40" id="T19:42:40"><abbr title="2008-05-29T19:42:40+00:00">19:42:40</abbr></a>] &lt;<cite>koen</cite>&gt; <q>I must that I'm happy that lots of new projects are choosing uboot instead of writing their own crap</q></li>
<li class="message">[<a href="#T19:42:47" id="T19:42:47"><abbr title="2008-05-29T19:42:47+00:00">19:42:47</abbr></a>] &lt;<cite>koen</cite>&gt; <q>or using things like blob</q></li>
<li class="quit">[<a href="#T19:42:51" id="T19:42:51"><abbr title="2008-05-29T19:42:51+00:00">19:42:51</abbr></a>] <span>* NishanthMenon (n=nmenon@nat/ti/x-13ce7e6a25e0f483) Quit ("Ex-Chat")</span></li>
<li class="message">[<a href="#T19:42:54" id="T19:42:54"><abbr title="2008-05-29T19:42:54+00:00">19:42:54</abbr></a>] &lt;<cite>prpplague</cite>&gt; <q>all the smallness of blob with robust support of uboot</q></li>
<li class="join">[<a href="#T19:43:08" id="T19:43:08"><abbr title="2008-05-29T19:43:08+00:00">19:43:08</abbr></a>] <span>* NishanthMenon (n=nmenon@nat/ti/x-b5c623c27af1cc44) has joined #beagle</span></li>
<li class="message">[<a href="#T19:43:09" id="T19:43:09"><abbr title="2008-05-29T19:43:09+00:00">19:43:09</abbr></a>] &lt;<cite>DJWillis</cite>&gt; <q>sakoman: there are several, one of the devs workon on the Pandora stuff has taken it upon himself to write a replacement bootloader from scratch (he is a sadist).</q></li>
<li class="message">[<a href="#T19:43:23" id="T19:43:23"><abbr title="2008-05-29T19:43:23+00:00">19:43:23</abbr></a>] &lt;<cite>koen</cite>&gt; <q>see what I mean?</q></li>
<li class="message">[<a href="#T19:43:26" id="T19:43:26"><abbr title="2008-05-29T19:43:26+00:00">19:43:26</abbr></a>] &lt;<cite>prpplague</cite>&gt; <q>hehe</q></li>
<li class="message">[<a href="#T19:43:29" id="T19:43:29"><abbr title="2008-05-29T19:43:29+00:00">19:43:29</abbr></a>] &lt;<cite>prpplague</cite>&gt; <q>koen: indeed</q></li>
<li class="message">[<a href="#T19:43:43" id="T19:43:43"><abbr title="2008-05-29T19:43:43+00:00">19:43:43</abbr></a>] &lt;<cite>koen</cite>&gt; <q>NIH is a killer for new projects</q></li>
<li class="message">[<a href="#T19:43:49" id="T19:43:49"><abbr title="2008-05-29T19:43:49+00:00">19:43:49</abbr></a>] &lt;<cite>sakoman</cite>&gt; <q>not familiar with apex.  are there any omap ports?</q></li>
<li class="message">[<a href="#T19:43:53" id="T19:43:53"><abbr title="2008-05-29T19:43:53+00:00">19:43:53</abbr></a>] &lt;<cite>prpplague</cite>&gt; <q>koen: i've written a few myself, but i've found apex to be just the right mix of blob and uboot</q></li>
<li class="message">[<a href="#T19:44:09" id="T19:44:09"><abbr title="2008-05-29T19:44:09+00:00">19:44:09</abbr></a>] &lt;<cite>prpplague</cite>&gt; <q>sakoman: not at the momment, but porting apex is a snap</q></li>
<li class="message">[<a href="#T19:44:16" id="T19:44:16"><abbr title="2008-05-29T19:44:16+00:00">19:44:16</abbr></a>] &lt;<cite>DJWillis</cite>&gt; <q>koen: for all it's faults I like standards ;-). Esp. now I 'get' OE and recipes.</q></li>
<li class="message">[<a href="#T19:44:21" id="T19:44:21"><abbr title="2008-05-29T19:44:21+00:00">19:44:21</abbr></a>] &lt;<cite>sakoman</cite>&gt; <q>when can you have it done? :-)</q></li>
<li class="message">[<a href="#T19:44:42" id="T19:44:42"><abbr title="2008-05-29T19:44:42+00:00">19:44:42</abbr></a>] &lt;<cite>DJWillis</cite>&gt; <q>prpplague: i'll also take a port please.</q></li>
<li class="message">[<a href="#T19:44:45" id="T19:44:45"><abbr title="2008-05-29T19:44:45+00:00">19:44:45</abbr></a>] &lt;<cite>prpplague</cite>&gt; <q>hehe</q></li>
<li class="message">[<a href="#T19:44:54" id="T19:44:54"><abbr title="2008-05-29T19:44:54+00:00">19:44:54</abbr></a>] &lt;<cite>koen</cite>&gt; <q>I heard rumours of armv7a chips coming soon to the market not from TI</q></li>
<li class="action">[<abbr title="2008-05-29T19:44:54+00:00">19:44:54</abbr>] <span>* prpplague is swampped with a product release</span></li>
<li class="message">[<a href="#T19:45:07" id="T19:45:07"><abbr title="2008-05-29T19:45:07+00:00">19:45:07</abbr></a>] &lt;<cite>sakoman</cite>&gt; <q>sounded like you were volunteering to me!</q></li>
<li class="message">[<a href="#T19:45:27" id="T19:45:27"><abbr title="2008-05-29T19:45:27+00:00">19:45:27</abbr></a>] &lt;<cite>prpplague</cite>&gt; <q><a href="http://wiki.buici.com/wiki/Apex_Bootloader">http://wiki.buici.com/wiki/Apex_Bootloader</a></q></li>
<li class="message">[<a href="#T19:46:17" id="T19:46:17"><abbr title="2008-05-29T19:46:17+00:00">19:46:17</abbr></a>] &lt;<cite>prpplague</cite>&gt; <q>apex supports steping-stone booting, so no need for xloader</q></li>
<li class="message">[<a href="#T19:48:27" id="T19:48:27"><abbr title="2008-05-29T19:48:27+00:00">19:48:27</abbr></a>] &lt;<cite>sakoman</cite>&gt; <q>koen:  that patch also requires that I bump the gcc version in distro.conf, right?</q></li>
<li class="message">[<a href="#T19:48:32" id="T19:48:32"><abbr title="2008-05-29T19:48:32+00:00">19:48:32</abbr></a>] &lt;<cite>DJWillis</cite>&gt; <q>koen: off topic but you keep mentioning BlackFin, have you done much work with Linux on BlackFin SoCs?</q></li>
<li class="message">[<a href="#T19:48:59" id="T19:48:59"><abbr title="2008-05-29T19:48:59+00:00">19:48:59</abbr></a>] &lt;<cite>koen</cite>&gt; <q>sakoman: if you make the beagle armv7 gcc will change automagically :)</q></li>
<li class="message">[<a href="#T19:49:22" id="T19:49:22"><abbr title="2008-05-29T19:49:22+00:00">19:49:22</abbr></a>] &lt;<cite>sakoman</cite>&gt; <q>doh, of course</q></li>
<li class="message">[<a href="#T19:49:29" id="T19:49:29"><abbr title="2008-05-29T19:49:29+00:00">19:49:29</abbr></a>] &lt;<cite>koen</cite>&gt; <q>DJWillis: I suspect I toggle one of the gazillion dipswitches ont he board and now it won't boot</q></li>
<li class="message">[<a href="#T19:49:51" id="T19:49:51"><abbr title="2008-05-29T19:49:51+00:00">19:49:51</abbr></a>] &lt;<cite>koen</cite>&gt; <q>DJWillis: so I need to sit down with the manual and go over all of them</q></li>
<li class="message">[<a href="#T19:50:15" id="T19:50:15"><abbr title="2008-05-29T19:50:15+00:00">19:50:15</abbr></a>] &lt;<cite>koen</cite>&gt; <q>uboot works and I can load linux kernels over tftp, but it crashes when trying to jump to the kernel</q></li>
<li class="message">[<a href="#T19:50:33" id="T19:50:33"><abbr title="2008-05-29T19:50:33+00:00">19:50:33</abbr></a>] &lt;<cite>DJWillis</cite>&gt; <q>koen: What board is it?</q></li>
<li class="message">[<a href="#T19:50:49" id="T19:50:49"><abbr title="2008-05-29T19:50:49+00:00">19:50:49</abbr></a>] &lt;<cite>koen</cite>&gt; <q>bf548 ezkit iirc</q></li>
<li class="message">[<a href="#T19:53:20" id="T19:53:20"><abbr title="2008-05-29T19:53:20+00:00">19:53:20</abbr></a>] &lt;<cite>DJWillis</cite>&gt; <q>koen: lucky man, I still have lots of BF based Chinease media players in bits, they have to do as my dev kits. There are aspects of the design I really like mind you.</q></li>
<li class="message">[<a href="#T19:55:05" id="T19:55:05"><abbr title="2008-05-29T19:55:05+00:00">19:55:05</abbr></a>] &lt;<cite>koen</cite>&gt; <q>building a toolchain for bfin makes me cry</q></li>
<li class="message">[<a href="#T19:55:35" id="T19:55:35"><abbr title="2008-05-29T19:55:35+00:00">19:55:35</abbr></a>] &lt;<cite>koen</cite>&gt; <q>the bfin dudes have forks of gcc, binutils, uclibc, and more</q></li>
<li class="message">[<a href="#T19:56:05" id="T19:56:05"><abbr title="2008-05-29T19:56:05+00:00">19:56:05</abbr></a>] &lt;<cite>koen</cite>&gt; <q>which don't work if not built via their bash-script that wraps buildroot</q></li>
<li class="message">[<a href="#T19:56:38" id="T19:56:38"><abbr title="2008-05-29T19:56:38+00:00">19:56:38</abbr></a>] &lt;<cite>koen</cite>&gt; <q>DJWillis: if you want to see cool bfin stuff: <a href="http://www.rowetel.com/blog/">http://www.rowetel.com/blog/</a></q></li>
<li class="message">[<a href="#T19:57:26" id="T19:57:26"><abbr title="2008-05-29T19:57:26+00:00">19:57:26</abbr></a>] &lt;<cite>DJWillis</cite>&gt; <q>koen: the 'oddness' of all that made me weep, I like to build my own at least the 1st time.</q></li>
<li class="message">[<a href="#T19:57:32" id="T19:57:32"><abbr title="2008-05-29T19:57:32+00:00">19:57:32</abbr></a>] &lt;<cite>DJWillis</cite>&gt; <q>Thanks for the blog.</q></li>
<li class="join">[<a href="#T21:04:38" id="T21:04:38"><abbr title="2008-05-29T21:04:38+00:00">21:04:38</abbr></a>] <span>* like2wise (n=likewise@82-171-51-231.ip.telfort.nl) has joined #beagle</span></li>
<li class="join">[<a href="#T21:04:51" id="T21:04:51"><abbr title="2008-05-29T21:04:51+00:00">21:04:51</abbr></a>] <span>* RogerMonk (n=a0740758@nat/ti/x-3a5a1d69b32de1a4) has joined #beagle</span></li>
<li class="quit">[<a href="#T21:13:15" id="T21:13:15"><abbr title="2008-05-29T21:13:15+00:00">21:13:15</abbr></a>] <span>* BThompson (n=BThompso@nat/ti/x-be78adff50ade606) Quit ("Trillian (<a href="http://www.ceruleanstudios.com")">http://www.ceruleanstudios.com")</a></span></li>
<li class="quit">[<a href="#T21:42:10" id="T21:42:10"><abbr title="2008-05-29T21:42:10+00:00">21:42:10</abbr></a>] <span>* PibbRelay (n=supybot@nat/janrain/x-623fefeca860941f) Quit (SendQ exceeded)</span></li>
<li class="quit">[<a href="#T21:47:42" id="T21:47:42"><abbr title="2008-05-29T21:47:42+00:00">21:47:42</abbr></a>] <span>* ldesnogu_ (n=ldesnogu@ven06-2-82-247-86-183.fbx.proxad.net) Quit ("Leaving")</span></li>
<li class="quit">[<a href="#T21:52:22" id="T21:52:22"><abbr title="2008-05-29T21:52:22+00:00">21:52:22</abbr></a>] <span>* like2wise (n=likewise@82-171-51-231.ip.telfort.nl) Quit ()</span></li>
<li class="quit">[<a href="#T21:57:21" id="T21:57:21"><abbr title="2008-05-29T21:57:21+00:00">21:57:21</abbr></a>] <span>* prpplague (n=dave@mail.americanmicrosystems.com) Quit ("Leaving")</span></li>
<li class="join">[<a href="#T21:59:55" id="T21:59:55"><abbr title="2008-05-29T21:59:55+00:00">21:59:55</abbr></a>] <span>* like2wise (n=likewise@82-171-51-231.ip.telfort.nl) has joined #beagle</span></li>
<li class="join">[<a href="#T22:19:14" id="T22:19:14"><abbr title="2008-05-29T22:19:14+00:00">22:19:14</abbr></a>] <span>* BThompson (n=BThompso@cpe-76-185-93-11.tx.res.rr.com) has joined #beagle</span></li>
<li class="quit">[<a href="#T22:23:16" id="T22:23:16"><abbr title="2008-05-29T22:23:16+00:00">22:23:16</abbr></a>] <span>* RogerMonk (n=a0740758@nat/ti/x-3a5a1d69b32de1a4) Quit (Remote closed the connection)</span></li>
<li class="join">[<a href="#T22:29:38" id="T22:29:38"><abbr title="2008-05-29T22:29:38+00:00">22:29:38</abbr></a>] <span>* GAN8001 (n=GAN8001@pdpc/supporter/active/generalantilles) has joined #beagle</span></li>
<li class="quit">[<a href="#T23:09:04" id="T23:09:04"><abbr title="2008-05-29T23:09:04+00:00">23:09:04</abbr></a>] <span>* like2wise (n=likewise@82-171-51-231.ip.telfort.nl) Quit ()</span></li>
<li class="quit">[<a href="#T23:09:30" id="T23:09:30"><abbr title="2008-05-29T23:09:30+00:00">23:09:30</abbr></a>] <span>* NishanthMenon (n=nmenon@nat/ti/x-b5c623c27af1cc44) Quit ("Ex-Chat")</span></li>
<li class="quit">[<a href="#T23:18:26" id="T23:18:26"><abbr title="2008-05-29T23:18:26+00:00">23:18:26</abbr></a>] <span>* JoeBorn (n=jborn@dsl017-022-252.chi1.dsl.speakeasy.net) Quit (Read error: 110 (Connection timed out))</span></li>
<li class="quit">[<a href="#T23:40:31" id="T23:40:31"><abbr title="2008-05-29T23:40:31+00:00">23:40:31</abbr></a>] <span>* theoddbot (n=brendan@203-214-112-43.dyn.iinet.net.au) Quit (Remote closed the connection)</span></li>
<li class="quit">[<a href="#T23:46:04" id="T23:46:04"><abbr title="2008-05-29T23:46:04+00:00">23:46:04</abbr></a>] <span>* jkridner|work (n=a0321898@nat/ti/x-7a6a9a1cdc0feee0) Quit ("Leaving.")</span></li>
<li class="quit">[<a href="#T23:50:47" id="T23:50:47"><abbr title="2008-05-29T23:50:47+00:00">23:50:47</abbr></a>] <span>* bazbell (n=a0192809@nat/ti/x-95d2f878dce38505) Quit ("Leaving.")</span></li>
