<li class="quit">[<a href="#T00:00:01" id="T00:00:01"><abbr title="2008-09-21T00:00:01+00:00">00:00:01</abbr></a>] <span>* jrmuizel (n=jrmuizel@CPE001f5be79d0f-CM0017ee62f8b0.cpe.net.cable.rogers.com) Quit ()</span></li>
<li class="quit">[<a href="#T00:18:11" id="T00:18:11"><abbr title="2008-09-21T00:18:11+00:00">00:18:11</abbr></a>] <span>* Olipro__ (i=Olipro@uncyclopedia/Olipro) Quit (Read error: 104 (Connection reset by peer))</span></li>
<li class="join">[<a href="#T00:18:20" id="T00:18:20"><abbr title="2008-09-21T00:18:20+00:00">00:18:20</abbr></a>] <span>* Olipro (i=Olipro@uncyclopedia/Olipro) has joined #beagle</span></li>
<li class="join">[<a href="#T00:18:31" id="T00:18:31"><abbr title="2008-09-21T00:18:31+00:00">00:18:31</abbr></a>] <span>* jrmuizel (n=jrmuizel@CPE001f5be79d0f-CM0017ee62f8b0.cpe.net.cable.rogers.com) has joined #beagle</span></li>
<li class="quit">[<a href="#T00:20:08" id="T00:20:08"><abbr title="2008-09-21T00:20:08+00:00">00:20:08</abbr></a>] <span>* hli (i=chaton@vig91-2-82-232-97-149.fbx.proxad.net) Quit ("ChatZilla 0.9.83 [Firefox 3.0.1/2008070208]")</span></li>
<li class="join">[<a href="#T00:33:38" id="T00:33:38"><abbr title="2008-09-21T00:33:38+00:00">00:33:38</abbr></a>] <span>* dcordes_ (n=dcordes@unaffiliated/dcordes) has joined #beagle</span></li>
<li class="quit">[<a href="#T00:35:03" id="T00:35:03"><abbr title="2008-09-21T00:35:03+00:00">00:35:03</abbr></a>] <span>* dcordes (n=dcordes@unaffiliated/dcordes) Quit (Read error: 60 (Operation timed out))</span></li>
<li class="quit">[<a href="#T00:36:40" id="T00:36:40"><abbr title="2008-09-21T00:36:40+00:00">00:36:40</abbr></a>] <span>* Olipro (i=Olipro@uncyclopedia/Olipro) Quit (Read error: 104 (Connection reset by peer))</span></li>
<li class="join">[<a href="#T00:36:51" id="T00:36:51"><abbr title="2008-09-21T00:36:51+00:00">00:36:51</abbr></a>] <span>* Olipro_ (i=Olipro@uncyclopedia/Olipro) has joined #beagle</span></li>
<li class="quit">[<a href="#T00:51:47" id="T00:51:47"><abbr title="2008-09-21T00:51:47+00:00">00:51:47</abbr></a>] <span>* Olipro_ (i=Olipro@uncyclopedia/Olipro) Quit (Read error: 104 (Connection reset by peer))</span></li>
<li class="join">[<a href="#T00:51:58" id="T00:51:58"><abbr title="2008-09-21T00:51:58+00:00">00:51:58</abbr></a>] <span>* Olipro_ (i=Olipro@uncyclopedia/Olipro) has joined #beagle</span></li>
<li class="join">[<a href="#T00:58:17" id="T00:58:17"><abbr title="2008-09-21T00:58:17+00:00">00:58:17</abbr></a>] <span>* docelic (n=docelic@78.134.207.60) has joined #beagle</span></li>
<li class="nick-change">[<a href="#T01:02:43" id="T01:02:43"><abbr title="2008-09-21T01:02:43+00:00">01:02:43</abbr></a>] <span>* Olipro_ is now known as Olipro</span></li>
<li class="quit">[<a href="#T01:23:22" id="T01:23:22"><abbr title="2008-09-21T01:23:22+00:00">01:23:22</abbr></a>] <span>* beagle3 (n=jmo@78.52.197.31) Quit ("using sirc version 2.211+KSIRC/1.3.12")</span></li>
<li class="quit">[<a href="#T01:30:10" id="T01:30:10"><abbr title="2008-09-21T01:30:10+00:00">01:30:10</abbr></a>] <span>* zedstar (n=john@82-44-200-69.cable.ubr08.haye.blueyonder.co.uk) Quit (Read error: 110 (Connection timed out))</span></li>
<li class="quit">[<a href="#T01:36:56" id="T01:36:56"><abbr title="2008-09-21T01:36:56+00:00">01:36:56</abbr></a>] <span>* dft__d (n=df@58.33.108.2) Quit (Remote closed the connection)</span></li>
<li class="quit">[<a href="#T01:41:25" id="T01:41:25"><abbr title="2008-09-21T01:41:25+00:00">01:41:25</abbr></a>] <span>* john280z (n=johnm@user-0c2h5av.cable.mindspring.com) Quit ("Ex-Chat")</span></li>
<li class="quit">[<a href="#T01:45:55" id="T01:45:55"><abbr title="2008-09-21T01:45:55+00:00">01:45:55</abbr></a>] <span>* docelic (n=docelic@78.134.207.60) Quit ("<a href="http://www.spinlocksolutions.com/")">http://www.spinlocksolutions.com/")</a></span></li>
<li class="quit">[<a href="#T01:51:24" id="T01:51:24"><abbr title="2008-09-21T01:51:24+00:00">01:51:24</abbr></a>] <span>* NishanthM (n=Nishanth@cpe-24-27-74-89.tx.res.rr.com) Quit (Read error: 110 (Connection timed out))</span></li>
<li class="join">[<a href="#T02:30:24" id="T02:30:24"><abbr title="2008-09-21T02:30:24+00:00">02:30:24</abbr></a>] <span>* sweetlilm (i=sweetlil@dsl-244-163-153.telkomadsl.co.za) has joined #beagle</span></li>
<li class="message">[<a href="#T02:32:47" id="T02:32:47"><abbr title="2008-09-21T02:32:47+00:00">02:32:47</abbr></a>] &lt;<cite>sweetlilm</cite>&gt; <q>gnome panel build fails: <a href="http://pastebin.com/m73b8b37b">http://pastebin.com/m73b8b37b</a> any ideas?</q></li>
<li class="join">[<a href="#T03:09:38" id="T03:09:38"><abbr title="2008-09-21T03:09:38+00:00">03:09:38</abbr></a>] <span>* alex___ (n=alex@cpe-76-90-248-230.socal.res.rr.com) has joined #beagle</span></li>
<li class="join">[<a href="#T03:30:19" id="T03:30:19"><abbr title="2008-09-21T03:30:19+00:00">03:30:19</abbr></a>] <span>* billw__ (n=billw@66-90-130-225.grandecom.com) has joined #beagle</span></li>
<li class="quit">[<a href="#T03:33:28" id="T03:33:28"><abbr title="2008-09-21T03:33:28+00:00">03:33:28</abbr></a>] <span>* bullwood (n=billw@adsl-99-171-171-142.dsl.aus2tx.sbcglobal.net) Quit (Read error: 110 (Connection timed out))</span></li>
<li class="quit">[<a href="#T03:43:32" id="T03:43:32"><abbr title="2008-09-21T03:43:32+00:00">03:43:32</abbr></a>] <span>* BThompson (n=BThompso@cpe-76-185-93-11.tx.res.rr.com) Quit (Read error: 104 (Connection reset by peer))</span></li>
<li class="quit">[<a href="#T04:10:48" id="T04:10:48"><abbr title="2008-09-21T04:10:48+00:00">04:10:48</abbr></a>] <span>* GeneralAntilles (n=GeneralA@pdpc/supporter/active/generalantilles) Quit ()</span></li>
<li class="quit">[<a href="#T04:22:12" id="T04:22:12"><abbr title="2008-09-21T04:22:12+00:00">04:22:12</abbr></a>] <span>* artyomt (n=Artyom@198.78.191.90.dyn.estpak.ee) Quit (kubrick.freenode.net irc.freenode.net)</span></li>
<li class="quit">[<abbr title="2008-09-21T04:22:12+00:00">04:22:12</abbr>] <span>* denix (n=denys@nat/ti/x-eb775eba114fbd96) Quit (kubrick.freenode.net irc.freenode.net)</span></li>
<li class="quit">[<abbr title="2008-09-21T04:22:12+00:00">04:22:12</abbr>] <span>* geist (n=geist@c-98-234-105-90.hsd1.ca.comcast.net) Quit (kubrick.freenode.net irc.freenode.net)</span></li>
<li class="quit">[<abbr title="2008-09-21T04:22:12+00:00">04:22:12</abbr>] <span>* billw__ (n=billw@66-90-130-225.grandecom.com) Quit (kubrick.freenode.net irc.freenode.net)</span></li>
<li class="quit">[<abbr title="2008-09-21T04:22:12+00:00">04:22:12</abbr>] <span>* sweetlilm (i=sweetlil@dsl-244-163-153.telkomadsl.co.za) Quit (kubrick.freenode.net irc.freenode.net)</span></li>
<li class="quit">[<abbr title="2008-09-21T04:22:12+00:00">04:22:12</abbr>] <span>* Olipro (i=Olipro@uncyclopedia/Olipro) Quit (kubrick.freenode.net irc.freenode.net)</span></li>
<li class="quit">[<abbr title="2008-09-21T04:22:12+00:00">04:22:12</abbr>] <span>* archimbaud (n=frederic@support.tamil.fr) Quit (kubrick.freenode.net irc.freenode.net)</span></li>
<li class="quit">[<abbr title="2008-09-21T04:22:12+00:00">04:22:12</abbr>] <span>* jeh (n=jeh@vpn-pub2.hard.ware.fi) Quit (kubrick.freenode.net irc.freenode.net)</span></li>
<li class="quit">[<abbr title="2008-09-21T04:22:12+00:00">04:22:12</abbr>] <span>* _apkII (n=kows@85-18-136-98.fastres.net) Quit (kubrick.freenode.net irc.freenode.net)</span></li>
<li class="quit">[<abbr title="2008-09-21T04:22:12+00:00">04:22:12</abbr>] <span>* thomasg (n=thomasg@85.131.189.115) Quit (kubrick.freenode.net irc.freenode.net)</span></li>
<li class="quit">[<abbr title="2008-09-21T04:22:12+00:00">04:22:12</abbr>] <span>* ds2 (i=noinf@netblock-66-245-251-24.dslextreme.com) Quit (kubrick.freenode.net irc.freenode.net)</span></li>
<li class="quit">[<abbr title="2008-09-21T04:22:12+00:00">04:22:12</abbr>] <span>* zarquin (n=zarquin@bright-snat.ucc.asn.au) Quit (kubrick.freenode.net irc.freenode.net)</span></li>
<li class="quit">[<abbr title="2008-09-21T04:22:12+00:00">04:22:12</abbr>] <span>* zod (n=zod@smitty.knid.net) Quit (kubrick.freenode.net irc.freenode.net)</span></li>
<li class="quit">[<abbr title="2008-09-21T04:22:12+00:00">04:22:12</abbr>] <span>* ldesnogu (n=ldesnogu@fw-tnat.cambridge.arm.com) Quit (kubrick.freenode.net irc.freenode.net)</span></li>
<li class="quit">[<abbr title="2008-09-21T04:22:12+00:00">04:22:12</abbr>] <span>* keesj (n=keesj@ip49-193-210-87.adsl2.static.versatel.nl) Quit (kubrick.freenode.net irc.freenode.net)</span></li>
<li class="quit">[<abbr title="2008-09-21T04:22:12+00:00">04:22:12</abbr>] <span>* zuh (i=3220610b@emperor.pingu.fi) Quit (kubrick.freenode.net irc.freenode.net)</span></li>
<li class="join">[<a href="#T04:27:46" id="T04:27:46"><abbr title="2008-09-21T04:27:46+00:00">04:27:46</abbr></a>] <span>* sweetlilm (i=sweetlil@dsl-244-163-153.telkomadsl.co.za) has joined #beagle</span></li>
<li class="join">[<abbr title="2008-09-21T04:27:46+00:00">04:27:46</abbr>] <span>* Olipro (i=Olipro@uncyclopedia/Olipro) has joined #beagle</span></li>
<li class="join">[<abbr title="2008-09-21T04:27:46+00:00">04:27:46</abbr>] <span>* archimbaud (n=frederic@support.tamil.fr) has joined #beagle</span></li>
<li class="join">[<abbr title="2008-09-21T04:27:46+00:00">04:27:46</abbr>] <span>* jeh (n=jeh@vpn-pub2.hard.ware.fi) has joined #beagle</span></li>
<li class="join">[<abbr title="2008-09-21T04:27:46+00:00">04:27:46</abbr>] <span>* _apkII (n=kows@85-18-136-98.fastres.net) has joined #beagle</span></li>
<li class="join">[<abbr title="2008-09-21T04:27:46+00:00">04:27:46</abbr>] <span>* thomasg (n=thomasg@85.131.189.115) has joined #beagle</span></li>
<li class="join">[<abbr title="2008-09-21T04:27:46+00:00">04:27:46</abbr>] <span>* ldesnogu (n=ldesnogu@fw-tnat.cambridge.arm.com) has joined #beagle</span></li>
<li class="join">[<abbr title="2008-09-21T04:27:46+00:00">04:27:46</abbr>] <span>* zod (n=zod@smitty.knid.net) has joined #beagle</span></li>
<li class="join">[<abbr title="2008-09-21T04:27:46+00:00">04:27:46</abbr>] <span>* zuh (i=3220610b@emperor.pingu.fi) has joined #beagle</span></li>
<li class="join">[<abbr title="2008-09-21T04:27:46+00:00">04:27:46</abbr>] <span>* keesj (n=keesj@ip49-193-210-87.adsl2.static.versatel.nl) has joined #beagle</span></li>
<li class="join">[<abbr title="2008-09-21T04:27:46+00:00">04:27:46</abbr>] <span>* ds2 (i=noinf@netblock-66-245-251-24.dslextreme.com) has joined #beagle</span></li>
<li class="join">[<abbr title="2008-09-21T04:27:46+00:00">04:27:46</abbr>] <span>* zarquin (n=zarquin@bright-snat.ucc.asn.au) has joined #beagle</span></li>
<li class="join">[<a href="#T04:27:57" id="T04:27:57"><abbr title="2008-09-21T04:27:57+00:00">04:27:57</abbr></a>] <span>* billw__ (n=billw@66-90-130-225.grandecom.com) has joined #beagle</span></li>
<li class="join">[<a href="#T04:28:09" id="T04:28:09"><abbr title="2008-09-21T04:28:09+00:00">04:28:09</abbr></a>] <span>* artyomt (n=Artyom@198.78.191.90.dyn.estpak.ee) has joined #beagle</span></li>
<li class="join">[<abbr title="2008-09-21T04:28:09+00:00">04:28:09</abbr>] <span>* geist (n=geist@c-98-234-105-90.hsd1.ca.comcast.net) has joined #beagle</span></li>
<li class="join">[<abbr title="2008-09-21T04:28:09+00:00">04:28:09</abbr>] <span>* denix (n=denys@nat/ti/x-eb775eba114fbd96) has joined #beagle</span></li>
<li class="quit">[<a href="#T04:36:09" id="T04:36:09"><abbr title="2008-09-21T04:36:09+00:00">04:36:09</abbr></a>] <span>* jrmuizel (n=jrmuizel@CPE001f5be79d0f-CM0017ee62f8b0.cpe.net.cable.rogers.com) Quit ()</span></li>
<li class="join">[<a href="#T05:20:18" id="T05:20:18"><abbr title="2008-09-21T05:20:18+00:00">05:20:18</abbr></a>] <span>* dirk2 (n=dirk@F3160.f.strato-dslnet.de) has joined #beagle</span></li>
<li class="join">[<a href="#T06:26:27" id="T06:26:27"><abbr title="2008-09-21T06:26:27+00:00">06:26:27</abbr></a>] <span>* t_s_o (n=tso@135.84-49-129.nextgentel.com) has joined #beagle</span></li>
<li class="quit">[<a href="#T06:48:02" id="T06:48:02"><abbr title="2008-09-21T06:48:02+00:00">06:48:02</abbr></a>] <span>* cbrake (n=cbrake@oh-69-34-21-229.sta.embarqhsd.net) Quit (Read error: 110 (Connection timed out))</span></li>
<li class="join">[<a href="#T06:49:33" id="T06:49:33"><abbr title="2008-09-21T06:49:33+00:00">06:49:33</abbr></a>] <span>* cbrake (n=cbrake@oh-69-34-21-229.sta.embarqhsd.net) has joined #beagle</span></li>
<li class="quit">[<a href="#T07:18:23" id="T07:18:23"><abbr title="2008-09-21T07:18:23+00:00">07:18:23</abbr></a>] <span>* macneib (n=macneib@76-10-128-118.dsl.teksavvy.com) Quit (Read error: 113 (No route to host))</span></li>
<li class="join">[<a href="#T08:31:38" id="T08:31:38"><abbr title="2008-09-21T08:31:38+00:00">08:31:38</abbr></a>] <span>* macneib (n=macneib@76-10-128-118.dsl.teksavvy.com) has joined #beagle</span></li>
<li class="nick-change">[<a href="#T08:37:50" id="T08:37:50"><abbr title="2008-09-21T08:37:50+00:00">08:37:50</abbr></a>] <span>* Olipro is now known as Tits</span></li>
<li class="nick-change">[<a href="#T08:44:29" id="T08:44:29"><abbr title="2008-09-21T08:44:29+00:00">08:44:29</abbr></a>] <span>* Tits is now known as Olipro</span></li>
<li class="part">[<a href="#T08:47:13" id="T08:47:13"><abbr title="2008-09-21T08:47:13+00:00">08:47:13</abbr></a>] <span>* gregoiregentil (n=zonbu@adsl-71-135-103-46.dsl.pltn13.pacbell.net) has left #beagle</span></li>
<li class="message">[<a href="#T08:49:57" id="T08:49:57"><abbr title="2008-09-21T08:49:57+00:00">08:49:57</abbr></a>] &lt;<cite>sweetlilm</cite>&gt; <q>anyone awake?</q></li>
<li class="message">[<a href="#T08:50:37" id="T08:50:37"><abbr title="2008-09-21T08:50:37+00:00">08:50:37</abbr></a>] &lt;<cite>sweetlilm</cite>&gt; <q>still looking for some help on:  gnome panel build fails: <a href="http://pastebin.com/m73b8b37b">http://pastebin.com/m73b8b37b</a></q></li>
<li class="message">[<a href="#T08:56:57" id="T08:56:57"><abbr title="2008-09-21T08:56:57+00:00">08:56:57</abbr></a>] &lt;<cite>artyomt</cite>&gt; <q>libbonobo missing ?</q></li>
<li class="message">[<a href="#T08:57:58" id="T08:57:58"><abbr title="2008-09-21T08:57:58+00:00">08:57:58</abbr></a>] &lt;<cite>sweetlilm</cite>&gt; <q>hmmm I thought that I saw it built earlier in the bitbake, but maybe not</q></li>
<li class="message">[<a href="#T09:00:47" id="T09:00:47"><abbr title="2008-09-21T09:00:47+00:00">09:00:47</abbr></a>] &lt;<cite>sweetlilm</cite>&gt; <q>okay so its missing in my host. I thought the bitbake deps should take care of that?</q></li>
<li class="message">[<a href="#T09:03:01" id="T09:03:01"><abbr title="2008-09-21T09:03:01+00:00">09:03:01</abbr></a>] &lt;<cite>sweetlilm</cite>&gt; <q>artyomt: thanks, apt-get of libbonobo sorted the issue</q></li>
<li class="message">[<a href="#T09:11:33" id="T09:11:33"><abbr title="2008-09-21T09:11:33+00:00">09:11:33</abbr></a>] &lt;<cite>artyomt</cite>&gt; <q>I suggested what is missing, not how to solve issue</q></li>
<li class="message">[<a href="#T09:12:03" id="T09:12:03"><abbr title="2008-09-21T09:12:03+00:00">09:12:03</abbr></a>] &lt;<cite>sweetlilm</cite>&gt; <q>well that solved it :) it would appear that gnome-panel_2.22.2.bb is missing a libbonobo depends</q></li>
<li class="join">[<a href="#T09:16:38" id="T09:16:38"><abbr title="2008-09-21T09:16:38+00:00">09:16:38</abbr></a>] <span>* valhalla (n=valhalla@81-174-37-208.dynamic.ngi.it) has joined #beagle</span></li>
<li class="join">[<a href="#T09:19:36" id="T09:19:36"><abbr title="2008-09-21T09:19:36+00:00">09:19:36</abbr></a>] <span>* gekko1 (n=gekko@203-97-113-235.cable.telstraclear.net) has joined #beagle</span></li>
<li class="quit">[<a href="#T09:21:17" id="T09:21:17"><abbr title="2008-09-21T09:21:17+00:00">09:21:17</abbr></a>] <span>* gekko1 (n=gekko@203-97-113-235.cable.telstraclear.net) Quit (Read error: 104 (Connection reset by peer))</span></li>
<li class="join">[<a href="#T09:22:59" id="T09:22:59"><abbr title="2008-09-21T09:22:59+00:00">09:22:59</abbr></a>] <span>* jes1 (n=jess@117.195.134.17) has joined #beagle</span></li>
<li class="join">[<a href="#T09:35:46" id="T09:35:46"><abbr title="2008-09-21T09:35:46+00:00">09:35:46</abbr></a>] <span>* zedstar (n=john@82-44-200-69.cable.ubr08.haye.blueyonder.co.uk) has joined #beagle</span></li>
<li class="quit">[<a href="#T09:36:26" id="T09:36:26"><abbr title="2008-09-21T09:36:26+00:00">09:36:26</abbr></a>] <span>* rsalveti (n=salveti@189.70.107.208) Quit (Read error: 104 (Connection reset by peer))</span></li>
<li class="join">[<a href="#T09:36:41" id="T09:36:41"><abbr title="2008-09-21T09:36:41+00:00">09:36:41</abbr></a>] <span>* rsalveti (n=salveti@189.70.107.208) has joined #beagle</span></li>
<li class="join">[<a href="#T10:21:25" id="T10:21:25"><abbr title="2008-09-21T10:21:25+00:00">10:21:25</abbr></a>] <span>* TAK2004 (n=Administ@dslb-088-072-211-223.pools.arcor-ip.net) has joined #beagle</span></li>
<li class="join">[<a href="#T10:29:52" id="T10:29:52"><abbr title="2008-09-21T10:29:52+00:00">10:29:52</abbr></a>] <span>* Openfree (n=df@58.33.108.2) has joined #beagle</span></li>
<li class="quit">[<a href="#T10:59:39" id="T10:59:39"><abbr title="2008-09-21T10:59:39+00:00">10:59:39</abbr></a>] <span>* billw__ (n=billw@66-90-130-225.grandecom.com) Quit (Read error: 145 (Connection timed out))</span></li>
<li class="quit">[<a href="#T10:59:43" id="T10:59:43"><abbr title="2008-09-21T10:59:43+00:00">10:59:43</abbr></a>] <span>* DJWillis (n=djwillis@82-46-19-72.cable.ubr02.bath.blueyonder.co.uk) Quit (Read error: 110 (Connection timed out))</span></li>
<li class="join">[<a href="#T11:02:56" id="T11:02:56"><abbr title="2008-09-21T11:02:56+00:00">11:02:56</abbr></a>] <span>* hli (i=chaton@vig91-2-82-232-97-149.fbx.proxad.net) has joined #beagle</span></li>
<li class="message">[<a href="#T11:30:13" id="T11:30:13"><abbr title="2008-09-21T11:30:13+00:00">11:30:13</abbr></a>] &lt;<cite>mru</cite>&gt; <q>morning</q></li>
<li class="message">[<a href="#T11:33:01" id="T11:33:01"><abbr title="2008-09-21T11:33:01+00:00">11:33:01</abbr></a>] &lt;<cite>sweetlilm</cite>&gt; <q>afternoon :)</q></li>
<li class="message">[<a href="#T11:45:04" id="T11:45:04"><abbr title="2008-09-21T11:45:04+00:00">11:45:04</abbr></a>] &lt;<cite>koen</cite>&gt; <q>hey mru </q></li>
<li class="quit">[<a href="#T11:48:08" id="T11:48:08"><abbr title="2008-09-21T11:48:08+00:00">11:48:08</abbr></a>] <span>* t_s_o (n=tso@135.84-49-129.nextgentel.com) Quit ("Konversation terminated!")</span></li>
<li class="join">[<a href="#T11:51:52" id="T11:51:52"><abbr title="2008-09-21T11:51:52+00:00">11:51:52</abbr></a>] <span>* TAKI (n=Administ@dslb-088-072-213-144.pools.arcor-ip.net) has joined #beagle</span></li>
<li class="message">[<a href="#T11:52:41" id="T11:52:41"><abbr title="2008-09-21T11:52:41+00:00">11:52:41</abbr></a>] &lt;<cite>Crofton|work</cite>&gt; <q>gm</q></li>
<li class="message">[<a href="#T11:53:01" id="T11:53:01"><abbr title="2008-09-21T11:53:01+00:00">11:53:01</abbr></a>] &lt;<cite>koen</cite>&gt; <q>hey Crofton|work </q></li>
<li class="message">[<a href="#T11:56:21" id="T11:56:21"><abbr title="2008-09-21T11:56:21+00:00">11:56:21</abbr></a>] &lt;<cite>koen</cite>&gt; <q>mru: could you merge ffmpeg master in to your arm branch please?</q></li>
<li class="quit">[<a href="#T11:57:29" id="T11:57:29"><abbr title="2008-09-21T11:57:29+00:00">11:57:29</abbr></a>] <span>* jes1 (n=jess@117.195.134.17) Quit (Read error: 110 (Connection timed out))</span></li>
<li class="quit">[<a href="#T11:59:56" id="T11:59:56"><abbr title="2008-09-21T11:59:56+00:00">11:59:56</abbr></a>] <span>* rsalveti (n=salveti@189.70.107.208) Quit (Read error: 104 (Connection reset by peer))</span></li>
<li class="join">[<a href="#T11:59:59" id="T11:59:59"><abbr title="2008-09-21T11:59:59+00:00">11:59:59</abbr></a>] <span>* rsalveti (n=salveti@189.70.107.208) has joined #beagle</span></li>
<li class="message">[<a href="#T12:00:08" id="T12:00:08"><abbr title="2008-09-21T12:00:08+00:00">12:00:08</abbr></a>] &lt;<cite>Crofton|work</cite>&gt; <q> gnome-python-desktop</q></li>
<li class="message">[<a href="#T12:00:12" id="T12:00:12"><abbr title="2008-09-21T12:00:12+00:00">12:00:12</abbr></a>] &lt;<cite>Crofton|work</cite>&gt; <q>isn't building</q></li>
<li class="message">[<a href="#T12:00:19" id="T12:00:19"><abbr title="2008-09-21T12:00:19+00:00">12:00:19</abbr></a>] &lt;<cite>Crofton|work</cite>&gt; <q>can't find Python headers</q></li>
<li class="join">[<a href="#T12:01:18" id="T12:01:18"><abbr title="2008-09-21T12:01:18+00:00">12:01:18</abbr></a>] <span>* jess (n=jess@117.195.128.237) has joined #beagle</span></li>
<li class="message">[<a href="#T12:02:30" id="T12:02:30"><abbr title="2008-09-21T12:02:30+00:00">12:02:30</abbr></a>] &lt;<cite>koen</cite>&gt; <q>Crofton|work: did you try rebuilding python?</q></li>
<li class="message">[<a href="#T12:02:48" id="T12:02:48"><abbr title="2008-09-21T12:02:48+00:00">12:02:48</abbr></a>] &lt;<cite>Crofton|work</cite>&gt; <q>not yet ....</q></li>
<li class="message">[<a href="#T12:03:04" id="T12:03:04"><abbr title="2008-09-21T12:03:04+00:00">12:03:04</abbr></a>] &lt;<cite>Crofton|work</cite>&gt; <q>now I am </q></li>
<li class="quit">[<a href="#T12:04:40" id="T12:04:40"><abbr title="2008-09-21T12:04:40+00:00">12:04:40</abbr></a>] <span>* Olipro (i=Olipro@uncyclopedia/Olipro) Quit (Read error: 110 (Connection timed out))</span></li>
<li class="join">[<a href="#T12:06:18" id="T12:06:18"><abbr title="2008-09-21T12:06:18+00:00">12:06:18</abbr></a>] <span>* jrmuizel (n=jrmuizel@CPE001f5be79d0f-CM0017ee62f8b0.cpe.net.cable.rogers.com) has joined #beagle</span></li>
<li class="quit">[<a href="#T12:10:09" id="T12:10:09"><abbr title="2008-09-21T12:10:09+00:00">12:10:09</abbr></a>] <span>* TAK2004 (n=Administ@dslb-088-072-211-223.pools.arcor-ip.net) Quit (Read error: 110 (Connection timed out))</span></li>
<li class="message">[<a href="#T12:19:30" id="T12:19:30"><abbr title="2008-09-21T12:19:30+00:00">12:19:30</abbr></a>] &lt;<cite>Crofton|work</cite>&gt; <q>koen, rebuiklding pythin didn't help</q></li>
<li class="message">[<a href="#T12:25:35" id="T12:25:35"><abbr title="2008-09-21T12:25:35+00:00">12:25:35</abbr></a>] &lt;<cite>koen</cite>&gt; <q>drat</q></li>
<li class="message">[<a href="#T12:26:15" id="T12:26:15"><abbr title="2008-09-21T12:26:15+00:00">12:26:15</abbr></a>] &lt;<cite>koen</cite>&gt; <q>Crofton|work: did you see the mail about the asoc error on osk?</q></li>
<li class="message">[<a href="#T12:29:24" id="T12:29:24"><abbr title="2008-09-21T12:29:24+00:00">12:29:24</abbr></a>] &lt;<cite>Crofton|work</cite>&gt; <q>not yet</q></li>
<li class="action">[<a href="#T12:29:31" id="T12:29:31"><abbr title="2008-09-21T12:29:31+00:00">12:29:31</abbr></a>] <span>* Crofton|work osk is suffering from neglect</span></li>
<li class="message">[<a href="#T12:30:00" id="T12:30:00"><abbr title="2008-09-21T12:30:00+00:00">12:30:00</abbr></a>] &lt;<cite>Crofton|work</cite>&gt; <q>hmm, no ompa email, I do remember someone saying the alsa error appeared there also though</q></li>
<li class="message">[<a href="#T12:30:15" id="T12:30:15"><abbr title="2008-09-21T12:30:15+00:00">12:30:15</abbr></a>] &lt;<cite>koen</cite>&gt; <q>very green cpu, that ompa</q></li>
<li class="message">[<a href="#T12:30:30" id="T12:30:30"><abbr title="2008-09-21T12:30:30+00:00">12:30:30</abbr></a>] &lt;<cite>koen</cite>&gt; <q>with some orange as well</q></li>
<li class="message">[<a href="#T12:32:43" id="T12:32:43"><abbr title="2008-09-21T12:32:43+00:00">12:32:43</abbr></a>] &lt;<cite>mru</cite>&gt; <q>koen: ffmpeg master merged</q></li>
<li class="message">[<a href="#T12:42:29" id="T12:42:29"><abbr title="2008-09-21T12:42:29+00:00">12:42:29</abbr></a>] &lt;<cite>koen</cite>&gt; <q>mru: thanks!</q></li>
<li class="quit">[<a href="#T13:01:13" id="T13:01:13"><abbr title="2008-09-21T13:01:13+00:00">13:01:13</abbr></a>] <span>* guillaum1 (n=gl@AMontsouris-153-1-74-110.w90-2.abo.wanadoo.fr) Quit ("Leaving.")</span></li>
<li class="join">[<a href="#T13:01:38" id="T13:01:38"><abbr title="2008-09-21T13:01:38+00:00">13:01:38</abbr></a>] <span>* guillaum1 (n=GZBA4143@AMontsouris-153-1-74-110.w90-2.abo.wanadoo.fr) has joined #beagle</span></li>
<li class="join">[<a href="#T13:24:16" id="T13:24:16"><abbr title="2008-09-21T13:24:16+00:00">13:24:16</abbr></a>] <span>* dcordes (n=dcordes_@unaffiliated/dcordes) has joined #beagle</span></li>
<li class="part">[<a href="#T13:27:10" id="T13:27:10"><abbr title="2008-09-21T13:27:10+00:00">13:27:10</abbr></a>] <span>* dirk2 (n=dirk@F3160.f.strato-dslnet.de) has left #beagle</span></li>
<li class="quit">[<a href="#T13:28:48" id="T13:28:48"><abbr title="2008-09-21T13:28:48+00:00">13:28:48</abbr></a>] <span>* dcordes (n=dcordes_@unaffiliated/dcordes) Quit (Client Quit)</span></li>
<li class="join">[<a href="#T13:34:13" id="T13:34:13"><abbr title="2008-09-21T13:34:13+00:00">13:34:13</abbr></a>] <span>* Xenion (n=robert@p579FC0FC.dip.t-dialin.net) has joined #beagle</span></li>
<li class="join">[<a href="#T14:14:50" id="T14:14:50"><abbr title="2008-09-21T14:14:50+00:00">14:14:50</abbr></a>] <span>* feig (n=ejf3@c-76-118-153-30.hsd1.ma.comcast.net) has joined #beagle</span></li>
<li class="join">[<a href="#T14:16:51" id="T14:16:51"><abbr title="2008-09-21T14:16:51+00:00">14:16:51</abbr></a>] <span>* GeneralAntilles (n=GeneralA@c-69-244-211-19.hsd1.fl.comcast.net) has joined #beagle</span></li>
<li class="quit">[<a href="#T14:18:40" id="T14:18:40"><abbr title="2008-09-21T14:18:40+00:00">14:18:40</abbr></a>] <span>* dcordes_ (n=dcordes@unaffiliated/dcordes) Quit (Read error: 54 (Connection reset by peer))</span></li>
<li class="join">[<a href="#T14:18:57" id="T14:18:57"><abbr title="2008-09-21T14:18:57+00:00">14:18:57</abbr></a>] <span>* dcordes (n=dcordes@unaffiliated/dcordes) has joined #beagle</span></li>
<li class="join">[<a href="#T14:20:20" id="T14:20:20"><abbr title="2008-09-21T14:20:20+00:00">14:20:20</abbr></a>] <span>* Beagle0 (n=Beagle0@0x535fd77e.bynxx8.dynamic.dsl.tele.dk) has joined #beagle</span></li>
<li class="part">[<a href="#T14:21:18" id="T14:21:18"><abbr title="2008-09-21T14:21:18+00:00">14:21:18</abbr></a>] <span>* Beagle0 (n=Beagle0@0x535fd77e.bynxx8.dynamic.dsl.tele.dk) has left #beagle</span></li>
<li class="join">[<a href="#T14:34:23" id="T14:34:23"><abbr title="2008-09-21T14:34:23+00:00">14:34:23</abbr></a>] <span>* john280z (n=johnm@user-0c2h5av.cable.mindspring.com) has joined #beagle</span></li>
<li class="join">[<a href="#T14:52:27" id="T14:52:27"><abbr title="2008-09-21T14:52:27+00:00">14:52:27</abbr></a>] <span>* Beagle9 (n=Beagle9@c-71-235-36-255.hsd1.ct.comcast.net) has joined #beagle</span></li>
<li class="quit">[<a href="#T14:52:34" id="T14:52:34"><abbr title="2008-09-21T14:52:34+00:00">14:52:34</abbr></a>] <span>* Beagle9 (n=Beagle9@c-71-235-36-255.hsd1.ct.comcast.net) Quit (Client Quit)</span></li>
<li class="quit">[<a href="#T15:09:09" id="T15:09:09"><abbr title="2008-09-21T15:09:09+00:00">15:09:09</abbr></a>] <span>* feig (n=ejf3@c-76-118-153-30.hsd1.ma.comcast.net) Quit (Remote closed the connection)</span></li>
<li class="join">[<a href="#T15:14:19" id="T15:14:19"><abbr title="2008-09-21T15:14:19+00:00">15:14:19</abbr></a>] <span>* prpplague (n=dave123_@ppp-70-244-162-142.dsl.rcsntx.swbell.net) has joined #beagle</span></li>
<li class="join">[<a href="#T15:14:30" id="T15:14:30"><abbr title="2008-09-21T15:14:30+00:00">15:14:30</abbr></a>] <span>* dirk2 (n=dirk@F3196.f.strato-dslnet.de) has joined #beagle</span></li>
<li class="message">[<a href="#T15:15:07" id="T15:15:07"><abbr title="2008-09-21T15:15:07+00:00">15:15:07</abbr></a>] &lt;<cite>prpplague</cite>&gt; <q>if anyone is interested, beagle board jtag and uart adapters are now in stock at tincantools - <a href="http://www.tincantools.com/product.php?productid=16144&amp;cat=0&amp;page=1&amp;featured">http://www.tincantools.com/product.php?productid=16144&amp;cat=0&amp;page=1&amp;featured</a></q></li>
<li class="message">[<a href="#T15:17:09" id="T15:17:09"><abbr title="2008-09-21T15:17:09+00:00">15:17:09</abbr></a>] &lt;<cite>prpplague</cite>&gt; <q>they are primarily intended for use with the flyswatter board, but will generally work with most rs-232 ports as well as standard 14-pin arm jtag devices</q></li>
<li class="message">[<a href="#T15:18:34" id="T15:18:34"><abbr title="2008-09-21T15:18:34+00:00">15:18:34</abbr></a>] &lt;<cite>dirk2</cite>&gt; <q>prpplague: Great!</q></li>
<li class="message">[<a href="#T15:18:38" id="T15:18:38"><abbr title="2008-09-21T15:18:38+00:00">15:18:38</abbr></a>] &lt;<cite>dirk2</cite>&gt; <q>prpplague: Does this mean, you have it working?</q></li>
<li class="join">[<a href="#T15:19:16" id="T15:19:16"><abbr title="2008-09-21T15:19:16+00:00">15:19:16</abbr></a>] <span>* BThompson (n=BThompso@cpe-76-185-93-11.tx.res.rr.com) has joined #beagle</span></li>
<li class="message">[<a href="#T15:27:15" id="T15:27:15"><abbr title="2008-09-21T15:27:15+00:00">15:27:15</abbr></a>] &lt;<cite>prpplague</cite>&gt; <q>dirk2 no the jtag stuff is still a work in progress, but the adapters are available for use with both the uart and jtag, i've verified their operation with the dm355 board</q></li>
<li class="message">[<a href="#T15:27:44" id="T15:27:44"><abbr title="2008-09-21T15:27:44+00:00">15:27:44</abbr></a>] &lt;<cite>prpplague</cite>&gt; <q>dirk2 the icepick stuff isn't moving along as quickly as i had hoped, since openocd was never designed to work with a JRC</q></li>
<li class="message">[<a href="#T15:27:58" id="T15:27:58"><abbr title="2008-09-21T15:27:58+00:00">15:27:58</abbr></a>] &lt;<cite>prpplague</cite>&gt; <q>dirk2 not sure why TI decided not to provide a default tap</q></li>
<li class="quit">[<a href="#T15:29:05" id="T15:29:05"><abbr title="2008-09-21T15:29:05+00:00">15:29:05</abbr></a>] <span>* john280z (n=johnm@user-0c2h5av.cable.mindspring.com) Quit ("Ex-Chat")</span></li>
<li class="message">[<a href="#T15:30:13" id="T15:30:13"><abbr title="2008-09-21T15:30:13+00:00">15:30:13</abbr></a>] &lt;<cite>prpplague</cite>&gt; <q>dirk2 i'm able to program the ICEPick but i'm having trouble doing a rescan of the chain to set up the addition of the arm core</q></li>
<li class="message">[<a href="#T15:30:36" id="T15:30:36"><abbr title="2008-09-21T15:30:36+00:00">15:30:36</abbr></a>] &lt;<cite>dirk2</cite>&gt; <q>prpplague: k. Anyway, I'm currently in your shop system :) Seems that "USPS Priority Mail International" is the cheapest shipping</q></li>
<li class="message">[<a href="#T15:31:48" id="T15:31:48"><abbr title="2008-09-21T15:31:48+00:00">15:31:48</abbr></a>] &lt;<cite>koen</cite>&gt; <q>yeah</q></li>
<li class="message">[<a href="#T15:31:57" id="T15:31:57"><abbr title="2008-09-21T15:31:57+00:00">15:31:57</abbr></a>] &lt;<cite>koen</cite>&gt; <q>ups is not worth it IMO</q></li>
<li class="message">[<a href="#T15:32:21" id="T15:32:21"><abbr title="2008-09-21T15:32:21+00:00">15:32:21</abbr></a>] &lt;<cite>koen</cite>&gt; <q>so in 8-12 days I should have a flyswatter</q></li>
<li class="message">[<a href="#T15:32:22" id="T15:32:22"><abbr title="2008-09-21T15:32:22+00:00">15:32:22</abbr></a>] &lt;<cite>prpplague</cite>&gt; <q>dirk2 yea, the USPS is the best choice for international</q></li>
<li class="message">[<a href="#T15:32:32" id="T15:32:32"><abbr title="2008-09-21T15:32:32+00:00">15:32:32</abbr></a>] &lt;<cite>dirk2</cite>&gt; <q>UPS was &gt; $100 shipping :( Now, its $27</q></li>
<li class="message">[<a href="#T15:32:42" id="T15:32:42"><abbr title="2008-09-21T15:32:42+00:00">15:32:42</abbr></a>] &lt;<cite>prpplague</cite>&gt; <q>koen you ordered one?</q></li>
<li class="message">[<a href="#T15:32:49" id="T15:32:49"><abbr title="2008-09-21T15:32:49+00:00">15:32:49</abbr></a>] &lt;<cite>koen</cite>&gt; <q>yes</q></li>
<li class="message">[<a href="#T15:32:56" id="T15:32:56"><abbr title="2008-09-21T15:32:56+00:00">15:32:56</abbr></a>] &lt;<cite>prpplague</cite>&gt; <q>koen with adapters?</q></li>
<li class="message">[<a href="#T15:33:14" id="T15:33:14"><abbr title="2008-09-21T15:33:14+00:00">15:33:14</abbr></a>] &lt;<cite>koen</cite>&gt; <q>yes</q></li>
<li class="message">[<a href="#T15:33:19" id="T15:33:19"><abbr title="2008-09-21T15:33:19+00:00">15:33:19</abbr></a>] &lt;<cite>koen</cite>&gt; <q>but without a hammer :)</q></li>
<li class="message">[<a href="#T15:33:25" id="T15:33:25"><abbr title="2008-09-21T15:33:25+00:00">15:33:25</abbr></a>] &lt;<cite>prpplague</cite>&gt; <q>koen hehe, np</q></li>
<li class="message">[<a href="#T15:34:14" id="T15:34:14"><abbr title="2008-09-21T15:34:14+00:00">15:34:14</abbr></a>] &lt;<cite>prpplague</cite>&gt; <q>koen our tools for the hammer seem to be selling much more than the hammer itself</q></li>
<li class="message">[<a href="#T15:35:01" id="T15:35:01"><abbr title="2008-09-21T15:35:01+00:00">15:35:01</abbr></a>] &lt;<cite>dirk2</cite>&gt; <q>ordered one with adapters, too</q></li>
<li class="message">[<a href="#T15:35:37" id="T15:35:37"><abbr title="2008-09-21T15:35:37+00:00">15:35:37</abbr></a>] &lt;<cite>prpplague</cite>&gt; <q>dirk2 good deal</q></li>
<li class="message">[<a href="#T15:35:59" id="T15:35:59"><abbr title="2008-09-21T15:35:59+00:00">15:35:59</abbr></a>] &lt;<cite>prpplague</cite>&gt; <q>i suspect tincantools is going to make a bunch of utility boards for the beagle in the near future</q></li>
<li class="message">[<a href="#T15:36:53" id="T15:36:53"><abbr title="2008-09-21T15:36:53+00:00">15:36:53</abbr></a>] &lt;<cite>dirk2</cite>&gt; <q>I have now a shop login ;)</q></li>
<li class="join">[<a href="#T15:40:29" id="T15:40:29"><abbr title="2008-09-21T15:40:29+00:00">15:40:29</abbr></a>] <span>* Beagle8 (n=Beagle8@78.52.199.229) has joined #beagle</span></li>
<li class="message">[<a href="#T15:42:18" id="T15:42:18"><abbr title="2008-09-21T15:42:18+00:00">15:42:18</abbr></a>] &lt;<cite>prpplague</cite>&gt; <q>dirk2 fun fun</q></li>
<li class="message">[<a href="#T15:43:08" id="T15:43:08"><abbr title="2008-09-21T15:43:08+00:00">15:43:08</abbr></a>] &lt;<cite>prpplague</cite>&gt; <q>if you guys have a "wish list" of pieces/parts that would make dev with the beagle easier/more productive, don't hesistate to give me a shout</q></li>
<li class="message">[<a href="#T15:43:34" id="T15:43:34"><abbr title="2008-09-21T15:43:34+00:00">15:43:34</abbr></a>] &lt;<cite>koen</cite>&gt; <q>the robotics people would propably love an i2c gpio expander board</q></li>
<li class="message">[<a href="#T15:44:03" id="T15:44:03"><abbr title="2008-09-21T15:44:03+00:00">15:44:03</abbr></a>] &lt;<cite>koen</cite>&gt; <q>I'm unsure about the pin mux, but and extra sdio slot would be neat as well</q></li>
<li class="message">[<a href="#T15:44:16" id="T15:44:16"><abbr title="2008-09-21T15:44:16+00:00">15:44:16</abbr></a>] &lt;<cite>prpplague</cite>&gt; <q>koen oh yea? thats easy enough for the expander</q></li>
<li class="message">[<a href="#T15:44:33" id="T15:44:33"><abbr title="2008-09-21T15:44:33+00:00">15:44:33</abbr></a>] &lt;<cite>prpplague</cite>&gt; <q>koen i'll have a look today for those</q></li>
<li class="join">[<a href="#T15:45:39" id="T15:45:39"><abbr title="2008-09-21T15:45:39+00:00">15:45:39</abbr></a>] <span>* [X]Spot (n=stancho@78.90.115.116) has joined #beagle</span></li>
<li class="quit">[<a href="#T15:45:49" id="T15:45:49"><abbr title="2008-09-21T15:45:49+00:00">15:45:49</abbr></a>] <span>* TMM (n=hp@94.209.2.100) Quit (Remote closed the connection)</span></li>
<li class="message">[<a href="#T15:46:15" id="T15:46:15"><abbr title="2008-09-21T15:46:15+00:00">15:46:15</abbr></a>] &lt;<cite>koen</cite>&gt; <q>prpplague: personally, I'd be ibt</q></li>
<li class="message">[<a href="#T15:46:21" id="T15:46:21"><abbr title="2008-09-21T15:46:21+00:00">15:46:21</abbr></a>] &lt;<cite>koen</cite>&gt; <q>interested in something like <a href="http://beagleboard.org/project/Micrel_Ethernet/">http://beagleboard.org/project/Micrel_Ethernet/</a></q></li>
<li class="message">[<a href="#T15:46:37" id="T15:46:37"><abbr title="2008-09-21T15:46:37+00:00">15:46:37</abbr></a>] &lt;<cite>[X]Spot</cite>&gt; <q>Hello all.. I am booting Angstrom.. but what I see in the system console (Tera Term) is that my boot ends to</q></li>
<li class="message">[<abbr title="2008-09-21T15:46:37+00:00">15:46:37</abbr>] &lt;<cite>[X]Spot</cite>&gt; <q>tarting Bluetooth subsystem: hcid hid2hci.</q></li>
<li class="message">[<abbr title="2008-09-21T15:46:37+00:00">15:46:37</abbr>] &lt;<cite>[X]Spot</cite>&gt; <q>Running ntpdate to synchronize clockError : Temporary failure in name resolution</q></li>
<li class="message">[<abbr title="2008-09-21T15:46:37+00:00">15:46:37</abbr>] &lt;<cite>[X]Spot</cite>&gt; <q>.</q></li>
<li class="message">[<abbr title="2008-09-21T15:46:37+00:00">15:46:37</abbr>] &lt;<cite>[X]Spot</cite>&gt; <q>Starting GPE display manager: gpe-dm</q></li>
<li class="message">[<a href="#T15:46:41" id="T15:46:41"><abbr title="2008-09-21T15:46:41+00:00">15:46:41</abbr></a>] &lt;<cite>[X]Spot</cite>&gt; <q>------</q></li>
<li class="message">[<a href="#T15:46:59" id="T15:46:59"><abbr title="2008-09-21T15:46:59+00:00">15:46:59</abbr></a>] &lt;<cite>[X]Spot</cite>&gt; <q>What's the problem? Does it switch to another console or ?</q></li>
<li class="message">[<a href="#T15:47:08" id="T15:47:08"><abbr title="2008-09-21T15:47:08+00:00">15:47:08</abbr></a>] &lt;<cite>pbrook</cite>&gt; <q>If you can get decent throughput the Micrel thing would be a nice alternative to USB ethernet.</q></li>
<li class="message">[<a href="#T15:48:06" id="T15:48:06"><abbr title="2008-09-21T15:48:06+00:00">15:48:06</abbr></a>] &lt;<cite>prpplague</cite>&gt; <q>koen i'm not too found of that micrel part, much more of a fan of the enc28j60, but its only 10mb</q></li>
<li class="message">[<a href="#T15:48:32" id="T15:48:32"><abbr title="2008-09-21T15:48:32+00:00">15:48:32</abbr></a>] &lt;<cite>koen</cite>&gt; <q>pbrook: I'm not using network heavy apps, I'm just after a working RJ45 jack :)  </q></li>
<li class="message">[<a href="#T15:48:34" id="T15:48:34"><abbr title="2008-09-21T15:48:34+00:00">15:48:34</abbr></a>] &lt;<cite>sakoman</cite>&gt; <q>koen:  the firefox build seems to fail with parallel make -- builds OK with a second try.  you might want to disable parallel make in the recipe</q></li>
<li class="message">[<a href="#T15:48:45" id="T15:48:45"><abbr title="2008-09-21T15:48:45+00:00">15:48:45</abbr></a>] &lt;<cite>koen</cite>&gt; <q>sakoman: ah</q></li>
<li class="message">[<a href="#T15:48:49" id="T15:48:49"><abbr title="2008-09-21T15:48:49+00:00">15:48:49</abbr></a>] &lt;<cite>koen</cite>&gt; <q>sakoman: will do</q></li>
<li class="message">[<a href="#T15:49:08" id="T15:49:08"><abbr title="2008-09-21T15:49:08+00:00">15:49:08</abbr></a>] &lt;<cite>sakoman</cite>&gt; <q>koen: happen on both of my build machines</q></li>
<li class="message">[<a href="#T15:49:44" id="T15:49:44"><abbr title="2008-09-21T15:49:44+00:00">15:49:44</abbr></a>] &lt;<cite>pbrook</cite>&gt; <q>Ouch. $111 each.</q></li>
<li class="action">[<a href="#T15:50:03" id="T15:50:03"><abbr title="2008-09-21T15:50:03+00:00">15:50:03</abbr></a>] <span>* pbrook sticks with his $20 USB adapter.</span></li>
<li class="message">[<a href="#T15:50:14" id="T15:50:14"><abbr title="2008-09-21T15:50:14+00:00">15:50:14</abbr></a>] &lt;<cite>prpplague</cite>&gt; <q>pbrook for the micrel board?</q></li>
<li class="message">[<a href="#T15:50:17" id="T15:50:17"><abbr title="2008-09-21T15:50:17+00:00">15:50:17</abbr></a>] &lt;<cite>koen</cite>&gt; <q>sakoman: I've seen intermittend failures as well, but didn't connect it to parallel make</q></li>
<li class="quit">[<a href="#T15:50:28" id="T15:50:28"><abbr title="2008-09-21T15:50:28+00:00">15:50:28</abbr></a>] <span>* Beagle8 (n=Beagle8@78.52.199.229) Quit (Read error: 54 (Connection reset by peer))</span></li>
<li class="message">[<a href="#T15:50:29" id="T15:50:29"><abbr title="2008-09-21T15:50:29+00:00">15:50:29</abbr></a>] &lt;<cite>pbrook</cite>&gt; <q>prpplague: Yes.</q></li>
<li class="message">[<a href="#T15:50:41" id="T15:50:41"><abbr title="2008-09-21T15:50:41+00:00">15:50:41</abbr></a>] &lt;<cite>prpplague</cite>&gt; <q>koen at 12MHz i get extremely good performance with the enc28j60</q></li>
<li class="message">[<a href="#T15:50:44" id="T15:50:44"><abbr title="2008-09-21T15:50:44+00:00">15:50:44</abbr></a>] &lt;<cite>[X]Spot</cite>&gt; <q>do you know know I have to do to switch in the serial console ?</q></li>
<li class="message">[<a href="#T15:50:49" id="T15:50:49"><abbr title="2008-09-21T15:50:49+00:00">15:50:49</abbr></a>] &lt;<cite>prpplague</cite>&gt; <q>pbrook that is indeed expensive</q></li>
<li class="message">[<a href="#T15:51:12" id="T15:51:12"><abbr title="2008-09-21T15:51:12+00:00">15:51:12</abbr></a>] &lt;<cite>prpplague</cite>&gt; <q>pbrook $40 more the range you'd be interested in??</q></li>
<li class="message">[<a href="#T15:51:35" id="T15:51:35"><abbr title="2008-09-21T15:51:35+00:00">15:51:35</abbr></a>] &lt;<cite>pbrook</cite>&gt; <q>prpplague: Yes, if it does &gt;10Mbit.</q></li>
<li class="message">[<a href="#T15:51:51" id="T15:51:51"><abbr title="2008-09-21T15:51:51+00:00">15:51:51</abbr></a>] &lt;<cite>prpplague</cite>&gt; <q>pbrook ahh, the enc28j60 is limited to 10Mbit</q></li>
<li class="message">[<a href="#T15:52:00" id="T15:52:00"><abbr title="2008-09-21T15:52:00+00:00">15:52:00</abbr></a>] &lt;<cite>pbrook</cite>&gt; <q>Note this is only personal interest, so I wouldn't be buying more than one ;-)</q></li>
<li class="quit">[<a href="#T15:52:01" id="T15:52:01"><abbr title="2008-09-21T15:52:01+00:00">15:52:01</abbr></a>] <span>* Openfree (n=df@58.33.108.2) Quit (Client Quit)</span></li>
<li class="message">[<a href="#T15:54:55" id="T15:54:55"><abbr title="2008-09-21T15:54:55+00:00">15:54:55</abbr></a>] &lt;<cite>prpplague</cite>&gt; <q>koen what about you? 10Mbit good enough at $40USD</q></li>
<li class="message">[<a href="#T15:55:48" id="T15:55:48"><abbr title="2008-09-21T15:55:48+00:00">15:55:48</abbr></a>] &lt;<cite>prpplague</cite>&gt; <q>koen is there a person you know who is doing robotics with the beagle?</q></li>
<li class="message">[<a href="#T15:56:07" id="T15:56:07"><abbr title="2008-09-21T15:56:07+00:00">15:56:07</abbr></a>] &lt;<cite>Xenion</cite>&gt; <q>prpplague, i'am</q></li>
<li class="message">[<a href="#T15:56:09" id="T15:56:09"><abbr title="2008-09-21T15:56:09+00:00">15:56:09</abbr></a>] &lt;<cite>Xenion</cite>&gt; <q>:-)</q></li>
<li class="message">[<a href="#T15:56:42" id="T15:56:42"><abbr title="2008-09-21T15:56:42+00:00">15:56:42</abbr></a>] &lt;<cite>Xenion</cite>&gt; <q>me and TAKI </q></li>
<li class="message">[<a href="#T15:56:44" id="T15:56:44"><abbr title="2008-09-21T15:56:44+00:00">15:56:44</abbr></a>] &lt;<cite>prpplague</cite>&gt; <q>Xenion koen mentioned that folks might want a i2c gpio expander</q></li>
<li class="message">[<a href="#T15:56:55" id="T15:56:55"><abbr title="2008-09-21T15:56:55+00:00">15:56:55</abbr></a>] &lt;<cite>Xenion</cite>&gt; <q>prpplague, that would be nice</q></li>
<li class="message">[<a href="#T15:57:02" id="T15:57:02"><abbr title="2008-09-21T15:57:02+00:00">15:57:02</abbr></a>] &lt;<cite>prpplague</cite>&gt; <q>Xenion you gonna want that with +5v level tolerant i/o's ?</q></li>
<li class="message">[<a href="#T15:57:28" id="T15:57:28"><abbr title="2008-09-21T15:57:28+00:00">15:57:28</abbr></a>] &lt;<cite>Xenion</cite>&gt; <q>hum .. i think 5v would be the most "standard" way</q></li>
<li class="message">[<a href="#T15:57:29" id="T15:57:29"><abbr title="2008-09-21T15:57:29+00:00">15:57:29</abbr></a>] &lt;<cite>Xenion</cite>&gt; <q>yes</q></li>
<li class="message">[<a href="#T15:57:53" id="T15:57:53"><abbr title="2008-09-21T15:57:53+00:00">15:57:53</abbr></a>] &lt;<cite>artyomt</cite>&gt; <q>what reasonable priced options are for debugging DSP code ?</q></li>
<li class="message">[<a href="#T15:58:14" id="T15:58:14"><abbr title="2008-09-21T15:58:14+00:00">15:58:14</abbr></a>] &lt;<cite>prpplague</cite>&gt; <q>artyomt imho, none</q></li>
<li class="message">[<a href="#T15:59:13" id="T15:59:13"><abbr title="2008-09-21T15:59:13+00:00">15:59:13</abbr></a>] &lt;<cite>prpplague</cite>&gt; <q>Xenion you want to send me a "wish list" of what you'd like on a robotics expansion board?</q></li>
<li class="message">[<a href="#T15:59:28" id="T15:59:28"><abbr title="2008-09-21T15:59:28+00:00">15:59:28</abbr></a>] &lt;<cite>Xenion</cite>&gt; <q>prpplague, i curios what is this "hammer" tools you where talking about earlier ?</q></li>
<li class="message">[<a href="#T16:00:02" id="T16:00:02"><abbr title="2008-09-21T16:00:02+00:00">16:00:02</abbr></a>] &lt;<cite>prpplague</cite>&gt; <q>Xenion <a href="http://www.elinux.org/Hammer_Board">http://www.elinux.org/Hammer_Board</a></q></li>
