<li class="quit">[<a href="#T00:00:26" id="T00:00:26"><abbr title="2008-12-19T00:00:26+00:00">00:00:26</abbr></a>] <span>* maelcum (n=quassel@e178168192.adsl.alicedsl.de) Quit (Read error: 110 (Connection timed out))</span></li>
<li class="quit">[<a href="#T00:01:16" id="T00:01:16"><abbr title="2008-12-19T00:01:16+00:00">00:01:16</abbr></a>] <span>* abitos (n=nixgibts@dslb-084-057-166-200.pools.arcor-ip.net) Quit (Read error: 113 (No route to host))</span></li>
<li class="join">[<a href="#T00:02:42" id="T00:02:42"><abbr title="2008-12-19T00:02:42+00:00">00:02:42</abbr></a>] <span>* maelcum (n=quassel@e178190015.adsl.alicedsl.de) has joined #beagle</span></li>
<li class="quit">[<a href="#T00:31:06" id="T00:31:06"><abbr title="2008-12-19T00:31:06+00:00">00:31:06</abbr></a>] <span>* zedstar (n=john@fsf/member/zedstar) Quit (Remote closed the connection)</span></li>
<li class="quit">[<a href="#T00:38:27" id="T00:38:27"><abbr title="2008-12-19T00:38:27+00:00">00:38:27</abbr></a>] <span>* NishanthMenon (n=nmenon@nat/ti/x-deab898b29387ba5) Quit ("Leaving")</span></li>
<li class="join">[<a href="#T00:43:23" id="T00:43:23"><abbr title="2008-12-19T00:43:23+00:00">00:43:23</abbr></a>] <span>* Adventus (n=lachlan_@124-168-201-37.dyn.iinet.net.au) has joined #beagle</span></li>
<li class="join">[<a href="#T00:45:58" id="T00:45:58"><abbr title="2008-12-19T00:45:58+00:00">00:45:58</abbr></a>] <span>* RobotGuy (n=robotguy@pool-96-225-210-142.ptldor.fios.verizon.net) has joined #Beagle</span></li>
<li class="nick-change">[<a href="#T00:46:12" id="T00:46:12"><abbr title="2008-12-19T00:46:12+00:00">00:46:12</abbr></a>] <span>* RobotGuy is now known as ke7yut</span></li>
<li class="quit">[<a href="#T00:53:06" id="T00:53:06"><abbr title="2008-12-19T00:53:06+00:00">00:53:06</abbr></a>] <span>* JoeyBorn (n=jborn@h-68-164-11-5.chcgilgm.dynamic.covad.net) Quit ("reboot")</span></li>
<li class="join">[<a href="#T00:56:41" id="T00:56:41"><abbr title="2008-12-19T00:56:41+00:00">00:56:41</abbr></a>] <span>* emeb_mac (n=ericb@ip72-223-90-212.ph.ph.cox.net) has joined #beagle</span></li>
<li class="message">[<a href="#T01:05:28" id="T01:05:28"><abbr title="2008-12-19T01:05:28+00:00">01:05:28</abbr></a>] &lt;<cite>atin_</cite>&gt; <q>koen, right - ubuntu has /dev/input/uinput</q></li>
<li class="message">[<a href="#T01:05:39" id="T01:05:39"><abbr title="2008-12-19T01:05:39+00:00">01:05:39</abbr></a>] &lt;<cite>atin_</cite>&gt; <q>but here I don't get that</q></li>
<li class="quit">[<a href="#T01:17:49" id="T01:17:49"><abbr title="2008-12-19T01:17:49+00:00">01:17:49</abbr></a>] <span>* ScriptRipper (n=martin@opensuse/member/MartinMohring) Quit (Remote closed the connection)</span></li>
<li class="quit">[<a href="#T01:22:16" id="T01:22:16"><abbr title="2008-12-19T01:22:16+00:00">01:22:16</abbr></a>] <span>* florian (n=fuchs@g227178217.adsl.alicedsl.de) Quit ("Verlassend")</span></li>
<li class="join">[<a href="#T01:30:05" id="T01:30:05"><abbr title="2008-12-19T01:30:05+00:00">01:30:05</abbr></a>] <span>* TheUni (n=cory@c-24-30-35-55.hsd1.ga.comcast.net) has joined #beagle</span></li>
<li class="quit">[<abbr title="2008-12-19T01:30:05+00:00">01:30:05</abbr>] <span>* TehUni (n=cory@c-24-30-35-55.hsd1.ga.comcast.net) Quit (Read error: 104 (Connection reset by peer))</span></li>
<li class="join">[<a href="#T01:37:01" id="T01:37:01"><abbr title="2008-12-19T01:37:01+00:00">01:37:01</abbr></a>] <span>* torus (n=nils@d008086.adsl.hansenet.de) has joined #beagle</span></li>
<li class="message">[<a href="#T01:37:04" id="T01:37:04"><abbr title="2008-12-19T01:37:04+00:00">01:37:04</abbr></a>] &lt;<cite>torus</cite>&gt; <q>hi.</q></li>
<li class="quit">[<a href="#T01:40:32" id="T01:40:32"><abbr title="2008-12-19T01:40:32+00:00">01:40:32</abbr></a>] <span>* DaQatz (n=db@c-66-30-48-54.hsd1.nh.comcast.net) Quit (Remote closed the connection)</span></li>
<li class="nick-change">[<a href="#T01:49:47" id="T01:49:47"><abbr title="2008-12-19T01:49:47+00:00">01:49:47</abbr></a>] <span>* fulgas is now known as FuL|OUT</span></li>
<li class="join">[<a href="#T01:55:11" id="T01:55:11"><abbr title="2008-12-19T01:55:11+00:00">01:55:11</abbr></a>] <span>* Gamestah|007`AFO (n=007@C-61-69-194-52.for.connect.net.au) has joined #beagle</span></li>
<li class="message">[<a href="#T01:55:15" id="T01:55:15"><abbr title="2008-12-19T01:55:15+00:00">01:55:15</abbr></a>] &lt;<cite>Gamestah|007`AFO</cite>&gt; <q>oh hi</q></li>
<li class="message">[<a href="#T01:55:17" id="T01:55:17"><abbr title="2008-12-19T01:55:17+00:00">01:55:17</abbr></a>] &lt;<cite>Gamestah|007`AFO</cite>&gt; <q>:)</q></li>
<li class="action">[<a href="#T01:55:36" id="T01:55:36"><abbr title="2008-12-19T01:55:36+00:00">01:55:36</abbr></a>] <span>* Gamestah|007`AFO jsut found out about beagle board, i likey this very much</span></li>
<li class="join">[<a href="#T01:56:21" id="T01:56:21"><abbr title="2008-12-19T01:56:21+00:00">01:56:21</abbr></a>] <span>* RyoKimball (n=Ryo_Kimb@75-120-204-2.dyn.centurytel.net) has joined #beagle</span></li>
