<li class="join">[<a href="#T00:07:02" id="T00:07:02"><abbr title="2008-09-16T00:07:02+00:00">00:07:02</abbr></a>] <span>* chase (n=chase@d75-152-103-96.abhsia.telus.net) has joined #beagle</span></li>
<li class="quit">[<a href="#T00:12:57" id="T00:12:57"><abbr title="2008-09-16T00:12:57+00:00">00:12:57</abbr></a>] <span>* jrmuizel (n=jrmuizel@mozca02.ca.mozilla.com) Quit ()</span></li>
<li class="join">[<a href="#T00:13:12" id="T00:13:12"><abbr title="2008-09-16T00:13:12+00:00">00:13:12</abbr></a>] <span>* JuanG_ (n=Juan@nat/ti/x-8b4a4392efd5b34d) has joined #beagle</span></li>
<li class="join">[<a href="#T00:25:23" id="T00:25:23"><abbr title="2008-09-16T00:25:23+00:00">00:25:23</abbr></a>] <span>* JuanG (n=Juan@nat/ti/x-3a1356fe14cf85b3) has joined #beagle</span></li>
<li class="part">[<a href="#T00:25:34" id="T00:25:34"><abbr title="2008-09-16T00:25:34+00:00">00:25:34</abbr></a>] <span>* JuanG (n=Juan@nat/ti/x-3a1356fe14cf85b3) has left #beagle</span></li>
<li class="quit">[<a href="#T00:29:20" id="T00:29:20"><abbr title="2008-09-16T00:29:20+00:00">00:29:20</abbr></a>] <span>* JuanG_ (n=Juan@nat/ti/x-8b4a4392efd5b34d) Quit (Remote closed the connection)</span></li>
<li class="join">[<a href="#T00:40:08" id="T00:40:08"><abbr title="2008-09-16T00:40:08+00:00">00:40:08</abbr></a>] <span>* JuanG_ (n=Juan@nat/ti/x-68bf2fc16db17a41) has joined #beagle</span></li>
<li class="quit">[<a href="#T00:47:03" id="T00:47:03"><abbr title="2008-09-16T00:47:03+00:00">00:47:03</abbr></a>] <span>* banderson (n=irc@63.230.135.220) Quit (Remote closed the connection)</span></li>
<li class="quit">[<a href="#T00:47:19" id="T00:47:19"><abbr title="2008-09-16T00:47:19+00:00">00:47:19</abbr></a>] <span>* Openfree (n=df@218.82.126.34) Quit (Read error: 110 (Connection timed out))</span></li>
<li class="join">[<a href="#T00:50:47" id="T00:50:47"><abbr title="2008-09-16T00:50:47+00:00">00:50:47</abbr></a>] <span>* jrmuizel (n=jrmuizel@CPE001f5be79d0f-CM0017ee62f8b0.cpe.net.cable.rogers.com) has joined #beagle</span></li>
<li class="quit">[<a href="#T00:54:57" id="T00:54:57"><abbr title="2008-09-16T00:54:57+00:00">00:54:57</abbr></a>] <span>* jrmuizel (n=jrmuizel@CPE001f5be79d0f-CM0017ee62f8b0.cpe.net.cable.rogers.com) Quit (Client Quit)</span></li>
<li class="join">[<a href="#T01:00:15" id="T01:00:15"><abbr title="2008-09-16T01:00:15+00:00">01:00:15</abbr></a>] <span>* JuanG (n=Juan@nat/ti/x-bbc9be80aa1424b6) has joined #beagle</span></li>
<li class="part">[<a href="#T01:00:20" id="T01:00:20"><abbr title="2008-09-16T01:00:20+00:00">01:00:20</abbr></a>] <span>* JuanG (n=Juan@nat/ti/x-bbc9be80aa1424b6) has left #beagle</span></li>
<li class="join">[<a href="#T01:05:51" id="T01:05:51"><abbr title="2008-09-16T01:05:51+00:00">01:05:51</abbr></a>] <span>* t_s_o (n=tso@135.84-49-129.nextgentel.com) has joined #beagle</span></li>
<li class="quit">[<a href="#T01:06:26" id="T01:06:26"><abbr title="2008-09-16T01:06:26+00:00">01:06:26</abbr></a>] <span>* JuanG_ (n=Juan@nat/ti/x-68bf2fc16db17a41) Quit (Remote closed the connection)</span></li>
<li class="join">[<a href="#T01:34:32" id="T01:34:32"><abbr title="2008-09-16T01:34:32+00:00">01:34:32</abbr></a>] <span>* jrmuizel (n=jrmuizel@CPE001f5be79d0f-CM0017ee62f8b0.cpe.net.cable.rogers.com) has joined #beagle</span></li>
<li class="quit">[<a href="#T01:40:20" id="T01:40:20"><abbr title="2008-09-16T01:40:20+00:00">01:40:20</abbr></a>] <span>* jrmuizel (n=jrmuizel@CPE001f5be79d0f-CM0017ee62f8b0.cpe.net.cable.rogers.com) Quit ()</span></li>
<li class="quit">[<a href="#T01:43:09" id="T01:43:09"><abbr title="2008-09-16T01:43:09+00:00">01:43:09</abbr></a>] <span>* dcramer (n=davec@dcdsl.ebox.com) Quit ()</span></li>
<li class="join">[<a href="#T01:56:34" id="T01:56:34"><abbr title="2008-09-16T01:56:34+00:00">01:56:34</abbr></a>] <span>* dcramer (n=davec@dcdsl.ebox.com) has joined #beagle</span></li>
<li class="quit">[<a href="#T01:57:47" id="T01:57:47"><abbr title="2008-09-16T01:57:47+00:00">01:57:47</abbr></a>] <span>* rsalveti (n=salveti@200.184.118.132) Quit (Read error: 113 (No route to host))</span></li>
<li class="quit">[<a href="#T02:00:46" id="T02:00:46"><abbr title="2008-09-16T02:00:46+00:00">02:00:46</abbr></a>] <span>* stas-a (n=stas-a@c-98-233-45-201.hsd1.md.comcast.net) Quit (Remote closed the connection)</span></li>
<li class="join">[<a href="#T02:04:07" id="T02:04:07"><abbr title="2008-09-16T02:04:07+00:00">02:04:07</abbr></a>] <span>* _AV500_ (n=av500@213.221.98.41) has joined #beagle</span></li>
<li class="quit">[<a href="#T02:04:10" id="T02:04:10"><abbr title="2008-09-16T02:04:10+00:00">02:04:10</abbr></a>] <span>* AV500 (n=av500@213.221.98.41) Quit (Read error: 104 (Connection reset by peer))</span></li>
<li class="join">[<a href="#T02:05:07" id="T02:05:07"><abbr title="2008-09-16T02:05:07+00:00">02:05:07</abbr></a>] <span>* rsalveti (n=salveti@189.70.219.182) has joined #beagle</span></li>
<li class="join">[<a href="#T02:05:24" id="T02:05:24"><abbr title="2008-09-16T02:05:24+00:00">02:05:24</abbr></a>] <span>* jrmuizel (n=jrmuizel@CPE001f5be79d0f-CM0017ee62f8b0.cpe.net.cable.rogers.com) has joined #beagle</span></li>
<li class="quit">[<a href="#T02:20:48" id="T02:20:48"><abbr title="2008-09-16T02:20:48+00:00">02:20:48</abbr></a>] <span>* jrmuizel (n=jrmuizel@CPE001f5be79d0f-CM0017ee62f8b0.cpe.net.cable.rogers.com) Quit (Remote closed the connection)</span></li>
<li class="join">[<a href="#T02:21:33" id="T02:21:33"><abbr title="2008-09-16T02:21:33+00:00">02:21:33</abbr></a>] <span>* jrmuizel (n=jrmuizel@CPE001f5be79d0f-CM0017ee62f8b0.cpe.net.cable.rogers.com) has joined #beagle</span></li>
<li class="join">[<a href="#T02:55:16" id="T02:55:16"><abbr title="2008-09-16T02:55:16+00:00">02:55:16</abbr></a>] <span>* cmonex (i=xy6091@pool-7733.adsl.interware.hu) has joined #beagle</span></li>
<li class="join">[<a href="#T02:55:29" id="T02:55:29"><abbr title="2008-09-16T02:55:29+00:00">02:55:29</abbr></a>] <span>* Olipro_ (n=Olipro@uncyclopedia/Olipro) has joined #beagle</span></li>
<li class="quit">[<a href="#T03:00:49" id="T03:00:49"><abbr title="2008-09-16T03:00:49+00:00">03:00:49</abbr></a>] <span>* Olipro (n=Olipro@uncyclopedia/Olipro) Quit (Nick collision from services.)</span></li>
<li class="nick-change">[<a href="#T03:00:50" id="T03:00:50"><abbr title="2008-09-16T03:00:50+00:00">03:00:50</abbr></a>] <span>* Olipro_ is now known as Olipro</span></li>
<li class="quit">[<a href="#T03:09:35" id="T03:09:35"><abbr title="2008-09-16T03:09:35+00:00">03:09:35</abbr></a>] <span>* BThompson (n=BThompso@cpe-76-185-93-11.tx.res.rr.com) Quit ("Trillian (<a href="http://www.ceruleanstudios.com")">http://www.ceruleanstudios.com")</a></span></li>
<li class="quit">[<a href="#T03:35:00" id="T03:35:00"><abbr title="2008-09-16T03:35:00+00:00">03:35:00</abbr></a>] <span>* t_s_o (n=tso@135.84-49-129.nextgentel.com) Quit ("Konversation terminated!")</span></li>
<li class="quit">[<a href="#T03:53:21" id="T03:53:21"><abbr title="2008-09-16T03:53:21+00:00">03:53:21</abbr></a>] <span>* jrmuizel (n=jrmuizel@CPE001f5be79d0f-CM0017ee62f8b0.cpe.net.cable.rogers.com) Quit ()</span></li>
<li class="join">[<a href="#T04:12:03" id="T04:12:03"><abbr title="2008-09-16T04:12:03+00:00">04:12:03</abbr></a>] <span>* jess (n=jess@59.160.172.220) has joined #beagle</span></li>
<li class="quit">[<a href="#T05:54:58" id="T05:54:58"><abbr title="2008-09-16T05:54:58+00:00">05:54:58</abbr></a>] <span>* GeneralAntilles (n=GeneralA@pdpc/supporter/active/generalantilles) Quit (Read error: 113 (No route to host))</span></li>
<li class="join">[<a href="#T06:03:06" id="T06:03:06"><abbr title="2008-09-16T06:03:06+00:00">06:03:06</abbr></a>] <span>* GeneralAntilles (n=GeneralA@32.160.71.204) has joined #beagle</span></li>
<li class="join">[<a href="#T06:12:49" id="T06:12:49"><abbr title="2008-09-16T06:12:49+00:00">06:12:49</abbr></a>] <span>* Viral_Sachde (n=Viral_Sa@122.167.151.117) has joined #beagle</span></li>
<li class="nick-change">[<a href="#T06:15:02" id="T06:15:02"><abbr title="2008-09-16T06:15:02+00:00">06:15:02</abbr></a>] <span>* swetland_ is now known as swetland</span></li>
<li class="quit">[<a href="#T06:23:38" id="T06:23:38"><abbr title="2008-09-16T06:23:38+00:00">06:23:38</abbr></a>] <span>* GeneralAntilles (n=GeneralA@pdpc/supporter/active/generalantilles) Quit ("Changing back to cable")</span></li>
<li class="join">[<a href="#T06:23:59" id="T06:23:59"><abbr title="2008-09-16T06:23:59+00:00">06:23:59</abbr></a>] <span>* GeneralAntilles (n=GeneralA@c-69-244-211-19.hsd1.fl.comcast.net) has joined #beagle</span></li>
<li class="join">[<a href="#T06:30:03" id="T06:30:03"><abbr title="2008-09-16T06:30:03+00:00">06:30:03</abbr></a>] <span>* tomeu (n=tomeu@89-24-127-225.i4g.tmcz.cz) has joined #beagle</span></li>
<li class="join">[<a href="#T06:45:36" id="T06:45:36"><abbr title="2008-09-16T06:45:36+00:00">06:45:36</abbr></a>] <span>* TAK2004 (n=Administ@dslb-088-074-056-191.pools.arcor-ip.net) has joined #beagle</span></li>
<li class="quit">[<a href="#T06:45:40" id="T06:45:40"><abbr title="2008-09-16T06:45:40+00:00">06:45:40</abbr></a>] <span>* TAK2004 (n=Administ@dslb-088-074-056-191.pools.arcor-ip.net) Quit (Read error: 104 (Connection reset by peer))</span></li>
<li class="join">[<a href="#T07:05:12" id="T07:05:12"><abbr title="2008-09-16T07:05:12+00:00">07:05:12</abbr></a>] <span>* t_s_o (n=tso@135.84-49-129.nextgentel.com) has joined #beagle</span></li>
<li class="join">[<a href="#T07:21:14" id="T07:21:14"><abbr title="2008-09-16T07:21:14+00:00">07:21:14</abbr></a>] <span>* beagle|ibc (n=root@83.97.10.177) has joined #beagle</span></li>
<li class="message">[<a href="#T07:21:29" id="T07:21:29"><abbr title="2008-09-16T07:21:29+00:00">07:21:29</abbr></a>] &lt;<cite>beagle|ibc</cite>&gt; <q>morning all!</q></li>
<li class="nick-change">[<a href="#T07:30:41" id="T07:30:41"><abbr title="2008-09-16T07:30:41+00:00">07:30:41</abbr></a>] <span>* _AV500_ is now known as AV500</span></li>
<li class="quit">[<a href="#T07:51:18" id="T07:51:18"><abbr title="2008-09-16T07:51:18+00:00">07:51:18</abbr></a>] <span>* GeneralAntilles (n=GeneralA@pdpc/supporter/active/generalantilles) Quit (Read error: 113 (No route to host))</span></li>
<li class="message">[<a href="#T07:54:24" id="T07:54:24"><abbr title="2008-09-16T07:54:24+00:00">07:54:24</abbr></a>] &lt;<cite>koen</cite>&gt; <q>beagle|ibc: good morning!</q></li>
<li class="join">[<a href="#T07:55:51" id="T07:55:51"><abbr title="2008-09-16T07:55:51+00:00">07:55:51</abbr></a>] <span>* GeneralAntilles (n=GeneralA@32.162.148.89) has joined #beagle</span></li>
<li class="join">[<a href="#T07:59:07" id="T07:59:07"><abbr title="2008-09-16T07:59:07+00:00">07:59:07</abbr></a>] <span>* GAN800 (n=GeneralA@166.193.31.113) has joined #beagle</span></li>
<li class="quit">[<a href="#T08:04:05" id="T08:04:05"><abbr title="2008-09-16T08:04:05+00:00">08:04:05</abbr></a>] <span>* guillaum1 (n=gl@AMontsouris-153-1-59-77.w90-2.abo.wanadoo.fr) Quit ("Leaving.")</span></li>
<li class="join">[<a href="#T08:04:25" id="T08:04:25"><abbr title="2008-09-16T08:04:25+00:00">08:04:25</abbr></a>] <span>* guillaum1 (n=gzba4143@AMontsouris-153-1-59-77.w90-2.abo.wanadoo.fr) has joined #beagle</span></li>
<li class="message">[<a href="#T08:15:05" id="T08:15:05"><abbr title="2008-09-16T08:15:05+00:00">08:15:05</abbr></a>] &lt;<cite>mru</cite>&gt; <q>morning</q></li>
<li class="message">[<a href="#T08:15:34" id="T08:15:34"><abbr title="2008-09-16T08:15:34+00:00">08:15:34</abbr></a>] &lt;<cite>guillaum1</cite>&gt; <q>mru: good morning</q></li>
<li class="message">[<a href="#T08:16:14" id="T08:16:14"><abbr title="2008-09-16T08:16:14+00:00">08:16:14</abbr></a>] &lt;<cite>koen</cite>&gt; <q>good morning all</q></li>
<li class="message">[<a href="#T08:16:32" id="T08:16:32"><abbr title="2008-09-16T08:16:32+00:00">08:16:32</abbr></a>] &lt;<cite>koen</cite>&gt; <q>mru: I have updated your patchset in OE for .27rcX</q></li>
<li class="quit">[<a href="#T08:19:36" id="T08:19:36"><abbr title="2008-09-16T08:19:36+00:00">08:19:36</abbr></a>] <span>* GeneralAntilles (n=GeneralA@pdpc/supporter/active/generalantilles) Quit (Connection timed out)</span></li>
<li class="quit">[<a href="#T08:24:27" id="T08:24:27"><abbr title="2008-09-16T08:24:27+00:00">08:24:27</abbr></a>] <span>* beagle|ibc (n=root@83.97.10.177) Quit (Read error: 110 (Connection timed out))</span></li>
<li class="message">[<a href="#T08:30:26" id="T08:30:26"><abbr title="2008-09-16T08:30:26+00:00">08:30:26</abbr></a>] &lt;<cite>ldesnogu</cite>&gt; <q>koen: is it expected that packages end in deploy/glibc/ipk instead of the deploy/ipk mentionned here <a href="http://wiki.openembedded.net/index.php/Getting_Started">http://wiki.openembedded.net/index.php/Getting_Started</a> ?</q></li>
<li class="message">[<a href="#T08:31:10" id="T08:31:10"><abbr title="2008-09-16T08:31:10+00:00">08:31:10</abbr></a>] &lt;<cite>koen</cite>&gt; <q>yes</q></li>
<li class="message">[<a href="#T08:31:36" id="T08:31:36"><abbr title="2008-09-16T08:31:36+00:00">08:31:36</abbr></a>] &lt;<cite>koen</cite>&gt; <q>angstrom also supports uclibcand eglibc, so it adds the libc-type in the directory tree </q></li>
<li class="message">[<a href="#T08:31:42" id="T08:31:42"><abbr title="2008-09-16T08:31:42+00:00">08:31:42</abbr></a>] &lt;<cite>mru</cite>&gt; <q>ldesnogu: can you comment on a strange cache effect we've observed on the cortex-a8?</q></li>
<li class="message">[<a href="#T08:31:46" id="T08:31:46"><abbr title="2008-09-16T08:31:46+00:00">08:31:46</abbr></a>] &lt;<cite>mru</cite>&gt; <q><a href="http://groups.google.com/group/beagleboard/browse_frm/thread/12c7bd415fbc0993">http://groups.google.com/group/beagleboard/browse_frm/thread/12c7bd415fbc0993</a></q></li>
<li class="message">[<a href="#T08:33:22" id="T08:33:22"><abbr title="2008-09-16T08:33:22+00:00">08:33:22</abbr></a>] &lt;<cite>ldesnogu</cite>&gt; <q>mru:  I have seen that but I am afraid I don't know for sure and finding someone in ARM that could answer that is complex since everyone is familiar with Cortex-A8 r2 and not r1</q></li>
<li class="message">[<a href="#T08:33:54" id="T08:33:54"><abbr title="2008-09-16T08:33:54+00:00">08:33:54</abbr></a>] &lt;<cite>mru</cite>&gt; <q>ldesnogu: ok, I'll try it on r2 when I get one</q></li>
<li class="message">[<a href="#T08:38:17" id="T08:38:17"><abbr title="2008-09-16T08:38:17+00:00">08:38:17</abbr></a>] &lt;<cite>mru</cite>&gt; <q>got to go, will be monitoring logs</q></li>
<li class="message">[<a href="#T08:38:20" id="T08:38:20"><abbr title="2008-09-16T08:38:20+00:00">08:38:20</abbr></a>] &lt;<cite>mru</cite>&gt; <q>have a nice day</q></li>
<li class="quit">[<a href="#T08:40:28" id="T08:40:28"><abbr title="2008-09-16T08:40:28+00:00">08:40:28</abbr></a>] <span>* pbrook_ (n=paul@78-105-115-80.zone3.bethere.co.uk) Quit ("using sirc version 2.211+KSIRC/1.3.12")</span></li>
<li class="message">[<a href="#T08:44:06" id="T08:44:06"><abbr title="2008-09-16T08:44:06+00:00">08:44:06</abbr></a>] &lt;<cite>koen</cite>&gt; <q>my a8 r2 got delivered to the wrong address...</q></li>
<li class="message">[<a href="#T08:44:11" id="T08:44:11"><abbr title="2008-09-16T08:44:11+00:00">08:44:11</abbr></a>] &lt;<cite>koen</cite>&gt; <q>luckily it's someone I know :)</q></li>
<li class="join">[<a href="#T08:45:43" id="T08:45:43"><abbr title="2008-09-16T08:45:43+00:00">08:45:43</abbr></a>] <span>* pbrook (n=paul@78-105-115-80.zone3.bethere.co.uk) has joined #beagle</span></li>
<li class="message">[<a href="#T08:57:07" id="T08:57:07"><abbr title="2008-09-16T08:57:07+00:00">08:57:07</abbr></a>] &lt;<cite>[X]Spot</cite>&gt; <q>Hi all</q></li>
<li class="message">[<a href="#T08:57:10" id="T08:57:10"><abbr title="2008-09-16T08:57:10+00:00">08:57:10</abbr></a>] &lt;<cite>[X]Spot</cite>&gt; <q>what kernel modules do I need to use the USB OTG as USB Host ?</q></li>
<li class="message">[<a href="#T09:04:55" id="T09:04:55"><abbr title="2008-09-16T09:04:55+00:00">09:04:55</abbr></a>] &lt;<cite>ldesnogu</cite>&gt; <q>koen: you were sent an a8 r2?  nice :)</q></li>
<li class="message">[<a href="#T09:07:14" id="T09:07:14"><abbr title="2008-09-16T09:07:14+00:00">09:07:14</abbr></a>] &lt;<cite>koen</cite>&gt; <q>[X]Spot: if you use the angstrom uImage, none, they are already builtin</q></li>
<li class="message">[<a href="#T09:09:17" id="T09:09:17"><abbr title="2008-09-16T09:09:17+00:00">09:09:17</abbr></a>] &lt;<cite>[X]Spot</cite>&gt; <q>koen I would like to build the kernel myself</q></li>
<li class="message">[<a href="#T09:09:52" id="T09:09:52"><abbr title="2008-09-16T09:09:52+00:00">09:09:52</abbr></a>] &lt;<cite>[X]Spot</cite>&gt; <q>Actually I'm ussing the omap3 EVM board (not the final beagleboard).. but it is the same I tnikg</q></li>
<li class="message">[<a href="#T09:09:56" id="T09:09:56"><abbr title="2008-09-16T09:09:56+00:00">09:09:56</abbr></a>] &lt;<cite>[X]Spot</cite>&gt; <q>think</q></li>
<li class="message">[<a href="#T09:10:12" id="T09:10:12"><abbr title="2008-09-16T09:10:12+00:00">09:10:12</abbr></a>] &lt;<cite>koen</cite>&gt; <q>If you're advanced enough to build your own kernel, you're advanced enough to know which modules your need, right?</q></li>
<li class="message">[<a href="#T09:10:54" id="T09:10:54"><abbr title="2008-09-16T09:10:54+00:00">09:10:54</abbr></a>] &lt;<cite>kulve</cite>&gt; <q>evm != beagleboard even though they have the same cpu..</q></li>
<li class="message">[<a href="#T09:12:04" id="T09:12:04"><abbr title="2008-09-16T09:12:04+00:00">09:12:04</abbr></a>] &lt;<cite>koen</cite>&gt; <q>you can buy like 7 beagles for the price of an evm :)</q></li>
<li class="message">[<a href="#T09:16:19" id="T09:16:19"><abbr title="2008-09-16T09:16:19+00:00">09:16:19</abbr></a>] &lt;<cite>[X]Spot</cite>&gt; <q>I know the modules.. but I really have troubles using the OTG as USB HOST</q></li>
<li class="message">[<a href="#T09:16:56" id="T09:16:56"><abbr title="2008-09-16T09:16:56+00:00">09:16:56</abbr></a>] &lt;<cite>kulve</cite>&gt; <q>you have the right cable?</q></li>
<li class="join">[<a href="#T09:17:09" id="T09:17:09"><abbr title="2008-09-16T09:17:09+00:00">09:17:09</abbr></a>] <span>* beagle|ibc (n=root@83.97.10.177) has joined #beagle</span></li>
<li class="message">[<a href="#T09:17:47" id="T09:17:47"><abbr title="2008-09-16T09:17:47+00:00">09:17:47</abbr></a>] &lt;<cite>kulve</cite>&gt; <q>you need mini-a (most cables are mini-b)</q></li>
<li class="message">[<a href="#T09:18:19" id="T09:18:19"><abbr title="2008-09-16T09:18:19+00:00">09:18:19</abbr></a>] &lt;<cite>[X]Spot</cite>&gt; <q>I have an usb cable with a jitter</q></li>
<li class="message">[<a href="#T09:18:34" id="T09:18:34"><abbr title="2008-09-16T09:18:34+00:00">09:18:34</abbr></a>] &lt;<cite>kulve</cite>&gt; <q>jitter?</q></li>
<li class="message">[<a href="#T09:19:41" id="T09:19:41"><abbr title="2008-09-16T09:19:41+00:00">09:19:41</abbr></a>] &lt;<cite>[X]Spot</cite>&gt; <q>I mean transient bush</q></li>
<li class="message">[<a href="#T09:19:48" id="T09:19:48"><abbr title="2008-09-16T09:19:48+00:00">09:19:48</abbr></a>] &lt;<cite>[X]Spot</cite>&gt; <q>I do not know the right word ;)</q></li>
<li class="message">[<a href="#T09:20:01" id="T09:20:01"><abbr title="2008-09-16T09:20:01+00:00">09:20:01</abbr></a>] &lt;<cite>kulve</cite>&gt; <q>you need something like this: <a href="http://trisoft.de/pics/ZHost.JPG">http://trisoft.de/pics/ZHost.JPG</a></q></li>
<li class="message">[<a href="#T09:20:02" id="T09:20:02"><abbr title="2008-09-16T09:20:02+00:00">09:20:02</abbr></a>] &lt;<cite>[X]Spot</cite>&gt; <q>but I think I have the right cable</q></li>
<li class="message">[<a href="#T09:20:14" id="T09:20:14"><abbr title="2008-09-16T09:20:14+00:00">09:20:14</abbr></a>] &lt;<cite>kulve</cite>&gt; <q>and note the "A" on the connector, usually they are "B"</q></li>
<li class="message">[<a href="#T09:21:45" id="T09:21:45"><abbr title="2008-09-16T09:21:45+00:00">09:21:45</abbr></a>] &lt;<cite>[X]Spot</cite>&gt; <q>Are both of them have the same facade ?</q></li>
<li class="message">[<a href="#T09:21:59" id="T09:21:59"><abbr title="2008-09-16T09:21:59+00:00">09:21:59</abbr></a>] &lt;<cite>[X]Spot</cite>&gt; <q>I have such cable</q></li>
<li class="message">[<a href="#T09:22:07" id="T09:22:07"><abbr title="2008-09-16T09:22:07+00:00">09:22:07</abbr></a>] &lt;<cite>kulve</cite>&gt; <q><a href="http://elinux.org/BeagleBoard#OTG">http://elinux.org/BeagleBoard#OTG</a></q></li>
<li class="message">[<a href="#T09:22:13" id="T09:22:13"><abbr title="2008-09-16T09:22:13+00:00">09:22:13</abbr></a>] &lt;<cite>[X]Spot</cite>&gt; <q>but how can I be sure that it's mini-A/</q></li>
<li class="message">[<a href="#T09:22:41" id="T09:22:41"><abbr title="2008-09-16T09:22:41+00:00">09:22:41</abbr></a>] &lt;<cite>kulve</cite>&gt; <q><a href="http://upload.wikimedia.org/wikipedia/commons/thumb/c/c2/Types-usb.svg/180px-Types-usb.svg.png">http://upload.wikimedia.org/wikipedia/commons/thumb/c/c2/Types-usb.svg/180px-Types-usb.svg.png</a></q></li>
<li class="message">[<a href="#T09:22:59" id="T09:22:59"><abbr title="2008-09-16T09:22:59+00:00">09:22:59</abbr></a>] &lt;<cite>kulve</cite>&gt; <q><a href="http://en.wikipedia.org/wiki/USB">http://en.wikipedia.org/wiki/USB</a></q></li>
<li class="message">[<a href="#T09:23:27" id="T09:23:27"><abbr title="2008-09-16T09:23:27+00:00">09:23:27</abbr></a>] &lt;<cite>[X]Spot</cite>&gt; <q>yes exactly .. i have mini-A</q></li>
<li class="message">[<a href="#T09:23:31" id="T09:23:31"><abbr title="2008-09-16T09:23:31+00:00">09:23:31</abbr></a>] &lt;<cite>kulve</cite>&gt; <q>it might be hard to know. You can check with a voltage meter (or whatever it is) if the pins 4 and 5 are connected together</q></li>
<li class="message">[<a href="#T09:27:41" id="T09:27:41"><abbr title="2008-09-16T09:27:41+00:00">09:27:41</abbr></a>] &lt;<cite>[X]Spot</cite>&gt; <q>I have OTG support + usbcore, ehci, ohci... usb-storage support... and such cable.. but when I plug usb key - no kernel messages</q></li>
<li class="message">[<a href="#T09:28:18" id="T09:28:18"><abbr title="2008-09-16T09:28:18+00:00">09:28:18</abbr></a>] &lt;<cite>[X]Spot</cite>&gt; <q>I tried to use powered usb hub - but the cable went hotter - and nothing</q></li>
