<li class="message">[<a href="#T00:53:53" id="T00:53:53"><abbr title="2008-06-04T00:53:53+00:00">00:53:53</abbr></a>] &lt;<cite>Crofton|work</cite>&gt; <q><a href="http://groups.google.com/group/beagleboard/browse_thread/thread/893374ac8ff737b4/72650275e52a940c?hl=en&amp;lnk=gst&amp;q=koen+compiler#72650275e52a940c">http://groups.google.com/group/beagleboard/browse_thread/thread/893374ac8ff737b4/72650275e52a940c?hl=en&amp;lnk=gst&amp;q=koen+compiler#72650275e52a940c</a></q></li>
<li class="message">[<a href="#T00:55:52" id="T00:55:52"><abbr title="2008-06-04T00:55:52+00:00">00:55:52</abbr></a>] &lt;<cite>mru</cite>&gt; <q>I get the feeling gcc is getting buggier by the day</q></li>
<li class="message">[<a href="#T00:57:25" id="T00:57:25"><abbr title="2008-06-04T00:57:25+00:00">00:57:25</abbr></a>] &lt;<cite>Crofton</cite>&gt; <q>this is bleeding edge stuff</q></li>
<li class="message">[<a href="#T00:57:36" id="T00:57:36"><abbr title="2008-06-04T00:57:36+00:00">00:57:36</abbr></a>] &lt;<cite>mru</cite>&gt; <q>I'm building a 4.4 snapshot... let's see how that fares</q></li>
<li class="message">[<a href="#T00:58:00" id="T00:58:00"><abbr title="2008-06-04T00:58:00+00:00">00:58:00</abbr></a>] &lt;<cite>mru</cite>&gt; <q>good thing I have a fast computer</q></li>
<li class="message">[<a href="#T01:01:07" id="T01:01:07"><abbr title="2008-06-04T01:01:07+00:00">01:01:07</abbr></a>] &lt;<cite>mru</cite>&gt; <q>still crashes with -mfpu=neon</q></li>
<li class="quit">[<a href="#T01:20:07" id="T01:20:07"><abbr title="2008-06-04T01:20:07+00:00">01:20:07</abbr></a>] <span>* RogerMon1 (n=a0740758@nat/ti/x-689917b64a8282e4) Quit (Remote closed the connection)</span></li>
<li class="message">[<a href="#T01:20:20" id="T01:20:20"><abbr title="2008-06-04T01:20:20+00:00">01:20:20</abbr></a>] &lt;<cite>mru</cite>&gt; <q>ok, gcc 4.2.4 gives me a bootable kernel from linux-omap git</q></li>
<li class="join">[<a href="#T01:49:36" id="T01:49:36"><abbr title="2008-06-04T01:49:36+00:00">01:49:36</abbr></a>] <span>* khasim (n=a0393720@192.163.20.231) has joined #beagle</span></li>
<li class="quit">[<a href="#T03:05:55" id="T03:05:55"><abbr title="2008-06-04T03:05:55+00:00">03:05:55</abbr></a>] <span>* BThompson (n=BThompso@cpe-76-185-93-11.tx.res.rr.com) Quit ("Trillian (<a href="http://www.ceruleanstudios.com")">http://www.ceruleanstudios.com")</a></span></li>
<li class="quit">[<a href="#T03:15:23" id="T03:15:23"><abbr title="2008-06-04T03:15:23+00:00">03:15:23</abbr></a>] <span>* christian00 (i=WinNT@217-133-13-16.b2b.tiscali.it) Quit (Read error: 110 (Connection timed out))</span></li>
<li class="quit">[<a href="#T04:02:01" id="T04:02:01"><abbr title="2008-06-04T04:02:01+00:00">04:02:01</abbr></a>] <span>* khasim (n=a0393720@192.163.20.231) Quit (Remote closed the connection)</span></li>
<li class="join">[<a href="#T04:34:29" id="T04:34:29"><abbr title="2008-06-04T04:34:29+00:00">04:34:29</abbr></a>] <span>* shoragan_ (n=shoragan@sicherheitsschwankung.de) has joined #beagle</span></li>
<li class="quit">[<a href="#T04:38:29" id="T04:38:29"><abbr title="2008-06-04T04:38:29+00:00">04:38:29</abbr></a>] <span>* shoragan_ (n=shoragan@sicherheitsschwankung.de) Quit (Read error: 131 (Connection reset by peer))</span></li>
<li class="quit">[<a href="#T04:41:34" id="T04:41:34"><abbr title="2008-06-04T04:41:34+00:00">04:41:34</abbr></a>] <span>* shoragan (n=shoragan@debian/developer/shoragan) Quit (Read error: 104 (Connection reset by peer))</span></li>
<li class="join">[<a href="#T04:55:09" id="T04:55:09"><abbr title="2008-06-04T04:55:09+00:00">04:55:09</abbr></a>] <span>* christian00 (i=WinNT@217-133-13-16.b2b.tiscali.it) has joined #beagle</span></li>
<li class="quit">[<a href="#T05:59:20" id="T05:59:20"><abbr title="2008-06-04T05:59:20+00:00">05:59:20</abbr></a>] <span>* PibbRelay (n=supybot@nat/janrain/x-ae0a3020a2c6ae14) Quit (Read error: 104 (Connection reset by peer))</span></li>
<li class="join">[<a href="#T06:00:06" id="T06:00:06"><abbr title="2008-06-04T06:00:06+00:00">06:00:06</abbr></a>] <span>* PibbRelay (n=supybot@nat/janrain/x-92820011d2dd4a6b) has joined #beagle</span></li>
<li class="quit">[<a href="#T07:37:13" id="T07:37:13"><abbr title="2008-06-04T07:37:13+00:00">07:37:13</abbr></a>] <span>* Guizmo` (n=guizmo@41.92.198-77.rev.gaoland.net) Quit (Read error: 113 (No route to host))</span></li>
<li class="join">[<a href="#T08:01:54" id="T08:01:54"><abbr title="2008-06-04T08:01:54+00:00">08:01:54</abbr></a>] <span>* Guizmo` (n=guizmo@81.255.46.1) has joined #beagle</span></li>
<li class="join">[<a href="#T09:07:03" id="T09:07:03"><abbr title="2008-06-04T09:07:03+00:00">09:07:03</abbr></a>] <span>* RogerMonk (n=a0740758@nat/ti/x-7ab724941bc9c85d) has joined #beagle</span></li>
<li class="message">[<a href="#T09:07:48" id="T09:07:48"><abbr title="2008-06-04T09:07:48+00:00">09:07:48</abbr></a>] &lt;<cite>koen</cite>&gt; <q>good morning all</q></li>
<li class="message">[<a href="#T09:11:35" id="T09:11:35"><abbr title="2008-06-04T09:11:35+00:00">09:11:35</abbr></a>] &lt;<cite>DJWillis</cite>&gt; <q>Morning koen </q></li>
<li class="quit">[<a href="#T09:12:07" id="T09:12:07"><abbr title="2008-06-04T09:12:07+00:00">09:12:07</abbr></a>] <span>* likewise (n=Leon_Woe@atwork-186.r-212.178.104.atwork.nl) Quit ("ChatZilla 0.9.82.1 [Firefox 3.0b5/2008050509]")</span></li>
<li class="message">[<a href="#T09:50:28" id="T09:50:28"><abbr title="2008-06-04T09:50:28+00:00">09:50:28</abbr></a>] &lt;<cite>keesj</cite>&gt; <q>hi koen</q></li>
<li class="message">[<a href="#T09:52:07" id="T09:52:07"><abbr title="2008-06-04T09:52:07+00:00">09:52:07</abbr></a>] &lt;<cite>keesj</cite>&gt; <q>how did it end with the removed x-loader?</q></li>
<li class="message">[<a href="#T09:59:10" id="T09:59:10"><abbr title="2008-06-04T09:59:10+00:00">09:59:10</abbr></a>] &lt;<cite>koen</cite>&gt; <q>I flashed the correct one to NAND :)</q></li>
<li class="message">[<a href="#T10:11:24" id="T10:11:24"><abbr title="2008-06-04T10:11:24+00:00">10:11:24</abbr></a>] &lt;<cite>koen</cite>&gt; <q>keesj: I keep reading blog about you giving away usb cables at linuxtag :)</q></li>
<li class="message">[<a href="#T10:12:53" id="T10:12:53"><abbr title="2008-06-04T10:12:53+00:00">10:12:53</abbr></a>] &lt;<cite>koen</cite>&gt; <q>blogs*</q></li>
<li class="quit">[<a href="#T10:59:50" id="T10:59:50"><abbr title="2008-06-04T10:59:50+00:00">10:59:50</abbr></a>] <span>* christian00 (i=WinNT@217-133-13-16.b2b.tiscali.it) Quit (Read error: 110 (Connection timed out))</span></li>
<li class="message">[<a href="#T11:16:11" id="T11:16:11"><abbr title="2008-06-04T11:16:11+00:00">11:16:11</abbr></a>] &lt;<cite>keesj</cite>&gt; <q>great . I did not find them yet. but if it is my purpose in life . I am happy with it</q></li>
<li class="message">[<a href="#T11:19:02" id="T11:19:02"><abbr title="2008-06-04T11:19:02+00:00">11:19:02</abbr></a>] &lt;<cite>keesj</cite>&gt; <q>the world famous cables from the albert cuip markt</q></li>
<li class="message">[<a href="#T11:21:41" id="T11:21:41"><abbr title="2008-06-04T11:21:41+00:00">11:21:41</abbr></a>] &lt;<cite>koen</cite>&gt; <q>for people with a neuros device: <a href="http://amethyst.openembedded.net/~koen/neuros/">http://amethyst.openembedded.net/~koen/neuros/</a></q></li>
<li class="message">[<a href="#T11:24:38" id="T11:24:38"><abbr title="2008-06-04T11:24:38+00:00">11:24:38</abbr></a>] &lt;<cite>keesj</cite>&gt; <q>koen: did you see my n800 serial? <a href="http://mamona.mmapps.net/n800_serial/pics/img-51.html">http://mamona.mmapps.net/n800_serial/pics/img-51.html</a></q></li>
<li class="message">[<a href="#T11:25:02" id="T11:25:02"><abbr title="2008-06-04T11:25:02+00:00">11:25:02</abbr></a>] &lt;<cite>koen</cite>&gt; <q>heh</q></li>
<li class="quit">[<a href="#T11:26:03" id="T11:26:03"><abbr title="2008-06-04T11:26:03+00:00">11:26:03</abbr></a>] <span>* Crofton (n=balister@66-207-66-26.black.dmt.ntelos.net) Quit ("Leaving")</span></li>
<li class="quit">[<a href="#T12:13:32" id="T12:13:32"><abbr title="2008-06-04T12:13:32+00:00">12:13:32</abbr></a>] <span>* Guizmo` (n=guizmo@81.255.46.1) Quit (Read error: 110 (Connection timed out))</span></li>
<li class="join">[<a href="#T12:27:51" id="T12:27:51"><abbr title="2008-06-04T12:27:51+00:00">12:27:51</abbr></a>] <span>* theoddbo1 (n=brendan@124-171-179-57.dyn.iinet.net.au) has joined #beagle</span></li>
<li class="quit">[<a href="#T12:34:05" id="T12:34:05"><abbr title="2008-06-04T12:34:05+00:00">12:34:05</abbr></a>] <span>* bazbell (n=a0192809@nat/ti/x-f782e8c142f41534) Quit ("Leaving.")</span></li>
<li class="join">[<a href="#T12:39:15" id="T12:39:15"><abbr title="2008-06-04T12:39:15+00:00">12:39:15</abbr></a>] <span>* christian00 (i=WinNT@217-133-13-16.b2b.tiscali.it) has joined #beagle</span></li>
<li class="quit">[<a href="#T12:43:22" id="T12:43:22"><abbr title="2008-06-04T12:43:22+00:00">12:43:22</abbr></a>] <span>* theoddbot (n=brendan@124-171-194-198.dyn.iinet.net.au) Quit (Read error: 101 (Network is unreachable))</span></li>
<li class="message">[<a href="#T13:01:40" id="T13:01:40"><abbr title="2008-06-04T13:01:40+00:00">13:01:40</abbr></a>] &lt;<cite>sakoman</cite>&gt; <q>good morning</q></li>
<li class="message">[<a href="#T13:02:03" id="T13:02:03"><abbr title="2008-06-04T13:02:03+00:00">13:02:03</abbr></a>] &lt;<cite>jkridner</cite>&gt; <q>good morning</q></li>
<li class="message">[<a href="#T13:02:19" id="T13:02:19"><abbr title="2008-06-04T13:02:19+00:00">13:02:19</abbr></a>] &lt;<cite>jkridner</cite>&gt; <q>this cold won't die.</q></li>
<li class="message">[<a href="#T13:04:04" id="T13:04:04"><abbr title="2008-06-04T13:04:04+00:00">13:04:04</abbr></a>] &lt;<cite>sakoman</cite>&gt; <q>summer colds are miserable</q></li>
<li class="join">[<a href="#T13:04:20" id="T13:04:20"><abbr title="2008-06-04T13:04:20+00:00">13:04:20</abbr></a>] <span>* jkridner|work (n=a0321898@nat/ti/x-ce0dac2df0740408) has joined #beagle</span></li>
<li class="join">[<a href="#T13:04:44" id="T13:04:44"><abbr title="2008-06-04T13:04:44+00:00">13:04:44</abbr></a>] <span>* BThompson (n=BThompso@nat/ti/x-2842831559a2edf9) has joined #beagle</span></li>
<li class="message">[<a href="#T13:07:51" id="T13:07:51"><abbr title="2008-06-04T13:07:51+00:00">13:07:51</abbr></a>] &lt;<cite>ldesnogu</cite>&gt; <q>it's cold in Texas?</q></li>
<li class="message">[<a href="#T13:08:11" id="T13:08:11"><abbr title="2008-06-04T13:08:11+00:00">13:08:11</abbr></a>] &lt;<cite>sakoman</cite>&gt; <q>I think he meant he's sick with a cold</q></li>
<li class="message">[<a href="#T13:08:21" id="T13:08:21"><abbr title="2008-06-04T13:08:21+00:00">13:08:21</abbr></a>] &lt;<cite>ldesnogu</cite>&gt; <q>oh...</q></li>
<li class="message">[<a href="#T13:08:34" id="T13:08:34"><abbr title="2008-06-04T13:08:34+00:00">13:08:34</abbr></a>] &lt;<cite>jkridner</cite>&gt; <q>correct.  I've been sick since Sunday.</q></li>
<li class="message">[<a href="#T13:08:36" id="T13:08:36"><abbr title="2008-06-04T13:08:36+00:00">13:08:36</abbr></a>] &lt;<cite>sakoman</cite>&gt; <q>English is a wonderfully precise language :-)</q></li>
<li class="message">[<a href="#T13:08:43" id="T13:08:43"><abbr title="2008-06-04T13:08:43+00:00">13:08:43</abbr></a>] &lt;<cite>ldesnogu</cite>&gt; <q>indeed...</q></li>
<li class="message">[<a href="#T13:09:12" id="T13:09:12"><abbr title="2008-06-04T13:09:12+00:00">13:09:12</abbr></a>] &lt;<cite>ldesnogu</cite>&gt; <q>jkridner: hope you'll be better soon :)</q></li>
<li class="message">[<a href="#T13:09:13" id="T13:09:13"><abbr title="2008-06-04T13:09:13+00:00">13:09:13</abbr></a>] &lt;<cite>jkridner</cite>&gt; <q>I slept since about 5PM yesterday to about 6AM this morning.</q></li>
<li class="join">[<a href="#T13:15:07" id="T13:15:07"><abbr title="2008-06-04T13:15:07+00:00">13:15:07</abbr></a>] <span>* bazbell (n=a0192809@nat/ti/x-5d6ee96c912d97bd) has joined #beagle</span></li>
<li class="message">[<a href="#T13:15:35" id="T13:15:35"><abbr title="2008-06-04T13:15:35+00:00">13:15:35</abbr></a>] &lt;<cite>sakoman</cite>&gt; <q>jkridner:  as promised I reposted the evm images:  www.sakoman.net/omap3/evm</q></li>
<li class="message">[<a href="#T13:15:46" id="T13:15:46"><abbr title="2008-06-04T13:15:46+00:00">13:15:46</abbr></a>] &lt;<cite>jkridner</cite>&gt; <q>thanks.</q></li>
<li class="message">[<a href="#T13:17:11" id="T13:17:11"><abbr title="2008-06-04T13:17:11+00:00">13:17:11</abbr></a>] &lt;<cite>sakoman</cite>&gt; <q>One I have the autobuilder running, I'll keep them updated on a higher bandwidth site </q></li>
<li class="message">[<a href="#T13:18:36" id="T13:18:36"><abbr title="2008-06-04T13:18:36+00:00">13:18:36</abbr></a>] &lt;<cite>sakoman</cite>&gt; <q>it's a pain having to use different compilers for u-boot and linux</q></li>
<li class="message">[<a href="#T13:18:37" id="T13:18:37"><abbr title="2008-06-04T13:18:37+00:00">13:18:37</abbr></a>] &lt;<cite>jkridner</cite>&gt; <q>do you need mirroring support?</q></li>
<li class="message">[<a href="#T13:18:53" id="T13:18:53"><abbr title="2008-06-04T13:18:53+00:00">13:18:53</abbr></a>] &lt;<cite>jkridner</cite>&gt; <q>(not sure if I could do better than I did on u-boot yesterday :( )</q></li>
<li class="message">[<a href="#T13:19:24" id="T13:19:24"><abbr title="2008-06-04T13:19:24+00:00">13:19:24</abbr></a>] &lt;<cite>sakoman</cite>&gt; <q>not really, I'll put it on my .com site which has infinite fast bandwidth</q></li>
<li class="message">[<a href="#T13:20:39" id="T13:20:39"><abbr title="2008-06-04T13:20:39+00:00">13:20:39</abbr></a>] &lt;<cite>sakoman</cite>&gt; <q>(well, way faster than my home dsl uplink)</q></li>
<li class="message">[<a href="#T13:21:04" id="T13:21:04"><abbr title="2008-06-04T13:21:04+00:00">13:21:04</abbr></a>] &lt;<cite>sakoman</cite>&gt; <q>off for coffee, back later</q></li>
<li class="message">[<a href="#T13:22:58" id="T13:22:58"><abbr title="2008-06-04T13:22:58+00:00">13:22:58</abbr></a>] &lt;<cite>koen</cite>&gt; <q>jkridner: GWS</q></li>
<li class="message">[<a href="#T13:23:06" id="T13:23:06"><abbr title="2008-06-04T13:23:06+00:00">13:23:06</abbr></a>] &lt;<cite>jkridner</cite>&gt; <q>thanks.</q></li>
<li class="join">[<a href="#T13:25:32" id="T13:25:32"><abbr title="2008-06-04T13:25:32+00:00">13:25:32</abbr></a>] <span>* prpplague (n=dave@mail.americanmicrosystems.com) has joined #beagle</span></li>
<li class="join">[<a href="#T13:27:10" id="T13:27:10"><abbr title="2008-06-04T13:27:10+00:00">13:27:10</abbr></a>] <span>* Crofton (n=balister@h80ad93dd.dhcp.vt.edu) has joined #beagle</span></li>
<li class="join">[<a href="#T13:32:25" id="T13:32:25"><abbr title="2008-06-04T13:32:25+00:00">13:32:25</abbr></a>] <span>* DarrenEtheridge (n=a0867391@nat/ti/x-7c09b1756085cf3d) has joined #beagle</span></li>
<li class="message">[<a href="#T13:33:52" id="T13:33:52"><abbr title="2008-06-04T13:33:52+00:00">13:33:52</abbr></a>] &lt;<cite>koen</cite>&gt; <q>sakoman: your r2 u-boot is working great</q></li>
<li class="part">[<a href="#T13:36:30" id="T13:36:30"><abbr title="2008-06-04T13:36:30+00:00">13:36:30</abbr></a>] <span>* DarrenEtheridge (n=a0867391@nat/ti/x-7c09b1756085cf3d) has left #beagle</span></li>
<li class="message">[<a href="#T14:01:27" id="T14:01:27"><abbr title="2008-06-04T14:01:27+00:00">14:01:27</abbr></a>] &lt;<cite>sakoman</cite>&gt; <q>koen:  good to hear!</q></li>
<li class="message">[<a href="#T14:01:40" id="T14:01:40"><abbr title="2008-06-04T14:01:40+00:00">14:01:40</abbr></a>] &lt;<cite>sakoman</cite>&gt; <q>ext2 support is nice to have</q></li>
<li class="message">[<a href="#T14:04:02" id="T14:04:02"><abbr title="2008-06-04T14:04:02+00:00">14:04:02</abbr></a>] &lt;<cite>Crofton</cite>&gt; <q>grr, I hate session chairs that let talks run long</q></li>
<li class="message">[<a href="#T14:04:08" id="T14:04:08"><abbr title="2008-06-04T14:04:08+00:00">14:04:08</abbr></a>] &lt;<cite>Crofton</cite>&gt; <q>and cut into my eating time</q></li>
<li class="message">[<a href="#T14:04:33" id="T14:04:33"><abbr title="2008-06-04T14:04:33+00:00">14:04:33</abbr></a>] &lt;<cite>koen</cite>&gt; <q>sakoman: did you get back to ASoC already?</q></li>
<li class="message">[<a href="#T14:05:00" id="T14:05:00"><abbr title="2008-06-04T14:05:00+00:00">14:05:00</abbr></a>] &lt;<cite>sakoman</cite>&gt; <q>yes, no real progress to report  though</q></li>
<li class="message">[<a href="#T14:05:04" id="T14:05:04"><abbr title="2008-06-04T14:05:04+00:00">14:05:04</abbr></a>] &lt;<cite>jkridner</cite>&gt; <q>Crofton: did I miss the slides?  have you already sent them back to me?</q></li>
<li class="message">[<a href="#T14:05:13" id="T14:05:13"><abbr title="2008-06-04T14:05:13+00:00">14:05:13</abbr></a>] &lt;<cite>Crofton</cite>&gt; <q>no</q></li>
<li class="message">[<a href="#T14:05:18" id="T14:05:18"><abbr title="2008-06-04T14:05:18+00:00">14:05:18</abbr></a>] &lt;<cite>Crofton</cite>&gt; <q>I can do that now</q></li>
<li class="message">[<a href="#T14:05:39" id="T14:05:39"><abbr title="2008-06-04T14:05:39+00:00">14:05:39</abbr></a>] &lt;<cite>sakoman</cite>&gt; <q>I started by merging my evm kernel recipe into linux-omap2</q></li>
<li class="message">[<a href="#T14:06:02" id="T14:06:02"><abbr title="2008-06-04T14:06:02+00:00">14:06:02</abbr></a>] &lt;<cite>sakoman</cite>&gt; <q>want to make sure things work on both platforms with a minimum of effort</q></li>
<li class="message">[<a href="#T14:06:04" id="T14:06:04"><abbr title="2008-06-04T14:06:04+00:00">14:06:04</abbr></a>] &lt;<cite>jkridner</cite>&gt; <q>I've been absolutely swamped lately, so you could have told me yes and I wouldn't have been able to contradict you.  :)</q></li>
<li class="message">[<a href="#T14:06:49" id="T14:06:49"><abbr title="2008-06-04T14:06:49+00:00">14:06:49</abbr></a>] &lt;<cite>koen</cite>&gt; <q>sakoman: hopefully we can have a multi-board kernel soon</q></li>
<li class="message">[<a href="#T14:06:56" id="T14:06:56"><abbr title="2008-06-04T14:06:56+00:00">14:06:56</abbr></a>] &lt;<cite>koen</cite>&gt; <q>so the same uImage works both on evm and beagle</q></li>
<li class="message">[<a href="#T14:07:08" id="T14:07:08"><abbr title="2008-06-04T14:07:08+00:00">14:07:08</abbr></a>] &lt;<cite>sakoman</cite>&gt; <q>that would be nice</q></li>
<li class="message">[<a href="#T14:07:33" id="T14:07:33"><abbr title="2008-06-04T14:07:33+00:00">14:07:33</abbr></a>] &lt;<cite>koen</cite>&gt; <q>I have a strong suspicion that tony's patches for that made the boot process more stable</q></li>
<li class="message">[<a href="#T14:08:14" id="T14:08:14"><abbr title="2008-06-04T14:08:14+00:00">14:08:14</abbr></a>] &lt;<cite>sakoman</cite>&gt; <q>what waas the kernelconfig option for turning off unused clocks?</q></li>
<li class="message">[<a href="#T14:09:01" id="T14:09:01"><abbr title="2008-06-04T14:09:01+00:00">14:09:01</abbr></a>] &lt;<cite>koen</cite>&gt; <q>root@beagleboard:~# zcat /proc/config.gz | grep CLOCKS</q></li>
<li class="message">[<abbr title="2008-06-04T14:09:01+00:00">14:09:01</abbr>] &lt;<cite>koen</cite>&gt; <q>CONFIG_OMAP_RESET_CLOCKS=y</q></li>
<li class="action">[<a href="#T14:09:07" id="T14:09:07"><abbr title="2008-06-04T14:09:07+00:00">14:09:07</abbr></a>] <span>* koen hugs IKCONFIG</span></li>
<li class="message">[<a href="#T14:09:33" id="T14:09:33"><abbr title="2008-06-04T14:09:33+00:00">14:09:33</abbr></a>] &lt;<cite>sakoman</cite>&gt; <q>thanks</q></li>
<li class="message">[<a href="#T14:10:01" id="T14:10:01"><abbr title="2008-06-04T14:10:01+00:00">14:10:01</abbr></a>] &lt;<cite>Crofton</cite>&gt; <q>jkridner, I owe you one. My computer endurance has been really bad this past week</q></li>
<li class="message">[<a href="#T14:10:24" id="T14:10:24"><abbr title="2008-06-04T14:10:24+00:00">14:10:24</abbr></a>] &lt;<cite>jkridner</cite>&gt; <q>you are promoting OMAP.  we are even. :)</q></li>
<li class="message">[<a href="#T14:10:30" id="T14:10:30"><abbr title="2008-06-04T14:10:30+00:00">14:10:30</abbr></a>] &lt;<cite>Crofton</cite>&gt; <q>yeah</q></li>
<li class="message">[<a href="#T14:10:31" id="T14:10:31"><abbr title="2008-06-04T14:10:31+00:00">14:10:31</abbr></a>] &lt;<cite>koen</cite>&gt; <q>slides?</q></li>
<li class="message">[<a href="#T14:10:38" id="T14:10:38"><abbr title="2008-06-04T14:10:38+00:00">14:10:38</abbr></a>] &lt;<cite>Crofton</cite>&gt; <q>for my talk</q></li>
<li class="message">[<a href="#T14:10:45" id="T14:10:45"><abbr title="2008-06-04T14:10:45+00:00">14:10:45</abbr></a>] &lt;<cite>jkridner</cite>&gt; <q>(maybe I should have waited until they finished opening ;) )</q></li>
<li class="message">[<a href="#T14:10:46" id="T14:10:46"><abbr title="2008-06-04T14:10:46+00:00">14:10:46</abbr></a>] &lt;<cite>koen</cite>&gt; <q>I know that :)</q></li>
<li class="message">[<a href="#T14:10:49" id="T14:10:49"><abbr title="2008-06-04T14:10:49+00:00">14:10:49</abbr></a>] &lt;<cite>Crofton</cite>&gt; <q>I sued a number of jkridner's</q></li>
<li class="message">[<a href="#T14:10:54" id="T14:10:54"><abbr title="2008-06-04T14:10:54+00:00">14:10:54</abbr></a>] &lt;<cite>koen</cite>&gt; <q>link me :)</q></li>
<li class="message">[<a href="#T14:10:56" id="T14:10:56"><abbr title="2008-06-04T14:10:56+00:00">14:10:56</abbr></a>] &lt;<cite>Crofton</cite>&gt; <q>er used</q></li>
<li class="message">[<a href="#T14:11:01" id="T14:11:01"><abbr title="2008-06-04T14:11:01+00:00">14:11:01</abbr></a>] &lt;<cite>Crofton</cite>&gt; <q>arm cramping</q></li>
<li class="message">[<a href="#T14:11:10" id="T14:11:10"><abbr title="2008-06-04T14:11:10+00:00">14:11:10</abbr></a>] &lt;<cite>keesj</cite>&gt; <q>jkridner: btw you suggested I post to the list to get some feedback about the linuxtag stuff. guess what? I did</q></li>
<li class="message">[<a href="#T14:11:35" id="T14:11:35"><abbr title="2008-06-04T14:11:35+00:00">14:11:35</abbr></a>] &lt;<cite>jkridner</cite>&gt; <q>keesj: thanks.  I forwarded the same to Thomas and Jesus...</q></li>
<li class="message">[<a href="#T14:11:40" id="T14:11:40"><abbr title="2008-06-04T14:11:40+00:00">14:11:40</abbr></a>] &lt;<cite>jkridner</cite>&gt; <q>they replied to me.</q></li>
<li class="action">[<a href="#T14:12:59" id="T14:12:59"><abbr title="2008-06-04T14:12:59+00:00">14:12:59</abbr></a>] <span>* koen is almost out of libtool hell</span></li>
<li class="message">[<a href="#T14:15:11" id="T14:15:11"><abbr title="2008-06-04T14:15:11+00:00">14:15:11</abbr></a>] &lt;<cite>Crofton</cite>&gt; <q>jkridnerto be fair, I am promoting creating an open community around the OMAP :), </q></li>
<li class="message">[<a href="#T14:15:20" id="T14:15:20"><abbr title="2008-06-04T14:15:20+00:00">14:15:20</abbr></a>] &lt;<cite>jkridner</cite>&gt; <q>I think they are waiting on me to say when I can deliver the boards. :)</q></li>
<li class="message">[<a href="#T14:16:05" id="T14:16:05"><abbr title="2008-06-04T14:16:05+00:00">14:16:05</abbr></a>] &lt;<cite>keesj</cite>&gt; <q>:P</q></li>
<li class="message">[<a href="#T14:16:37" id="T14:16:37"><abbr title="2008-06-04T14:16:37+00:00">14:16:37</abbr></a>] &lt;<cite>koen</cite>&gt; <q>sakoman: I just realised that you have a rev B board and will be able to use one led for NAND activity and the other for MMC activity :)</q></li>
<li class="message">[<a href="#T14:16:38" id="T14:16:38"><abbr title="2008-06-04T14:16:38+00:00">14:16:38</abbr></a>] &lt;<cite>keesj</cite>&gt; <q>just do like the openmoko people ship with "some assembly required"</q></li>
<li class="message">[<a href="#T14:17:02" id="T14:17:02"><abbr title="2008-06-04T14:17:02+00:00">14:17:02</abbr></a>] &lt;<cite>jkridner</cite>&gt; <q>well, if anyone could assemble these boards, we wouldn't have these problems.</q></li>
<li class="message">[<a href="#T14:17:15" id="T14:17:15"><abbr title="2008-06-04T14:17:15+00:00">14:17:15</abbr></a>] &lt;<cite>Crofton</cite>&gt; <q>bga's ....</q></li>
<li class="message">[<a href="#T14:18:18" id="T14:18:18"><abbr title="2008-06-04T14:18:18+00:00">14:18:18</abbr></a>] &lt;<cite>sakoman</cite>&gt; <q>koen: blinking lights sure are fun :-)</q></li>
<li class="message">[<a href="#T14:19:27" id="T14:19:27"><abbr title="2008-06-04T14:19:27+00:00">14:19:27</abbr></a>] &lt;<cite>jkridner</cite>&gt; <q>0.4mm ball pitch BGAs with package-on-package memory.</q></li>
<li class="message">[<a href="#T14:20:09" id="T14:20:09"><abbr title="2008-06-04T14:20:09+00:00">14:20:09</abbr></a>] &lt;<cite>Crofton</cite>&gt; <q>I won't mention this issue :)</q></li>
<li class="message">[<a href="#T14:20:11" id="T14:20:11"><abbr title="2008-06-04T14:20:11+00:00">14:20:11</abbr></a>] &lt;<cite>jkridner</cite>&gt; <q>koen, sakoman, please let me know if you seen any annoyances in A5 vs. B differences.</q></li>
<li class="message">[<a href="#T14:20:42" id="T14:20:42"><abbr title="2008-06-04T14:20:42+00:00">14:20:42</abbr></a>] &lt;<cite>sakoman</cite>&gt; <q>ok</q></li>
<li class="message">[<a href="#T14:20:46" id="T14:20:46"><abbr title="2008-06-04T14:20:46+00:00">14:20:46</abbr></a>] &lt;<cite>jkridner</cite>&gt; <q>0.65mm ball-pitch OMAP35x devices will be available to make it more accessible to others.</q></li>
<li class="action">[<a href="#T14:21:16" id="T14:21:16"><abbr title="2008-06-04T14:21:16+00:00">14:21:16</abbr></a>] <span>* Crofton saves this in case anyone asks. I don't think the guy that knows this is here :)</span></li>
<li class="message">[<a href="#T14:21:33" id="T14:21:33"><abbr title="2008-06-04T14:21:33+00:00">14:21:33</abbr></a>] &lt;<cite>jkridner</cite>&gt; <q>but, Beagle uses the 0.4mm ball-pitch.  So, we are limited by what our assembly house can manage.  We learned a lesson about accelerating PCB houses when building for 0.4mm ball-pitch as well--don't rush!</q></li>
<li class="message">[<a href="#T14:23:53" id="T14:23:53"><abbr title="2008-06-04T14:23:53+00:00">14:23:53</abbr></a>] &lt;<cite>jkridner</cite>&gt; <q>Crofton: you didn't even fix my typos. :)</q></li>
<li class="message">[<a href="#T14:24:07" id="T14:24:07"><abbr title="2008-06-04T14:24:07+00:00">14:24:07</abbr></a>] &lt;<cite>jkridner</cite>&gt; <q>For example, #neuros: discussion ...</q></li>
<li class="message">[<a href="#T14:24:20" id="T14:24:20"><abbr title="2008-06-04T14:24:20+00:00">14:24:20</abbr></a>] &lt;<cite>Crofton</cite>&gt; <q>ah, that slide is not getting much time</q></li>
<li class="message">[<a href="#T14:24:29" id="T14:24:29"><abbr title="2008-06-04T14:24:29+00:00">14:24:29</abbr></a>] &lt;<cite>Crofton</cite>&gt; <q>only for reference later</q></li>
<li class="message">[<a href="#T14:24:51" id="T14:24:51"><abbr title="2008-06-04T14:24:51+00:00">14:24:51</abbr></a>] &lt;<cite>Crofton</cite>&gt; <q>I really needed to consolidate those three into a communication slide</q></li>
<li class="message">[<a href="#T14:25:01" id="T14:25:01"><abbr title="2008-06-04T14:25:01+00:00">14:25:01</abbr></a>] &lt;<cite>Crofton</cite>&gt; <q>that was a bad day</q></li>
<li class="message">[<a href="#T14:25:22" id="T14:25:22"><abbr title="2008-06-04T14:25:22+00:00">14:25:22</abbr></a>] &lt;<cite>Crofton</cite>&gt; <q>I was beginning to think about visiting the doctor</q></li>
<li class="message">[<a href="#T14:25:23" id="T14:25:23"><abbr title="2008-06-04T14:25:23+00:00">14:25:23</abbr></a>] &lt;<cite>jkridner</cite>&gt; <q>Need to figure out how to get you to use a TI AFE. :)</q></li>
<li class="message">[<a href="#T14:25:28" id="T14:25:28"><abbr title="2008-06-04T14:25:28+00:00">14:25:28</abbr></a>] &lt;<cite>Crofton</cite>&gt; <q>but I am over that phase :)</q></li>
<li class="message">[<a href="#T14:26:52" id="T14:26:52"><abbr title="2008-06-04T14:26:52+00:00">14:26:52</abbr></a>] &lt;<cite>Crofton</cite>&gt; <q>Naijer is talking I can understand him, even though he has formulas</q></li>
<li class="message">[<a href="#T14:28:07" id="T14:28:07"><abbr title="2008-06-04T14:28:07+00:00">14:28:07</abbr></a>] &lt;<cite>Crofton</cite>&gt; <q>koen will love this, there is a block called "Data Fusion:</q></li>
<li class="message">[<a href="#T14:36:03" id="T14:36:03"><abbr title="2008-06-04T14:36:03+00:00">14:36:03</abbr></a>] &lt;<cite>Crofton</cite>&gt; <q>umm, food time</q></li>
<li class="message">[<a href="#T14:36:06" id="T14:36:06"><abbr title="2008-06-04T14:36:06+00:00">14:36:06</abbr></a>] &lt;<cite>Crofton</cite>&gt; <q>l8r</q></li>
<li class="quit">[<a href="#T14:36:10" id="T14:36:10"><abbr title="2008-06-04T14:36:10+00:00">14:36:10</abbr></a>] <span>* Crofton (n=balister@h80ad93dd.dhcp.vt.edu) Quit ("Leaving")</span></li>
<li class="message">[<a href="#T15:23:25" id="T15:23:25"><abbr title="2008-06-04T15:23:25+00:00">15:23:25</abbr></a>] &lt;<cite>koen</cite>&gt; <q>sakoman: IIRC you have also recognizing the mcbsp side of the i2s link, right?  </q></li>
<li class="join">[<a href="#T15:24:28" id="T15:24:28"><abbr title="2008-06-04T15:24:28+00:00">15:24:28</abbr></a>] <span>* dirk2 (n=dirk@F312c.f.strato-dslnet.de) has joined #beagle</span></li>
<li class="message">[<a href="#T15:24:57" id="T15:24:57"><abbr title="2008-06-04T15:24:57+00:00">15:24:57</abbr></a>] &lt;<cite>dirk2</cite>&gt; <q>I just tried to git clone sakoman's uboot git tree.</q></li>
<li class="message">[<a href="#T15:25:01" id="T15:25:01"><abbr title="2008-06-04T15:25:01+00:00">15:25:01</abbr></a>] &lt;<cite>dirk2</cite>&gt; <q>now I have master</q></li>
<li class="message">[<a href="#T15:25:05" id="T15:25:05"><abbr title="2008-06-04T15:25:05+00:00">15:25:05</abbr></a>] &lt;<cite>dirk2</cite>&gt; <q>and not test :(</q></li>
<li class="message">[<a href="#T15:25:29" id="T15:25:29"><abbr title="2008-06-04T15:25:29+00:00">15:25:29</abbr></a>] &lt;<cite>dirk2</cite>&gt; <q>any fast hint how I get test now?</q></li>
<li class="message">[<a href="#T15:32:21" id="T15:32:21"><abbr title="2008-06-04T15:32:21+00:00">15:32:21</abbr></a>] &lt;<cite>koen</cite>&gt; <q>did you try git remote add -t master -t test sakoman <a href="http://www.sakoman.net/git/u-boot-omap3/.git">http://www.sakoman.net/git/u-boot-omap3/.git</a></q></li>
<li class="message">[<a href="#T15:32:24" id="T15:32:24"><abbr title="2008-06-04T15:32:24+00:00">15:32:24</abbr></a>] &lt;<cite>koen</cite>&gt; <q> ?</q></li>
<li class="message">[<a href="#T15:33:50" id="T15:33:50"><abbr title="2008-06-04T15:33:50+00:00">15:33:50</abbr></a>] &lt;<cite>koen</cite>&gt; <q>and 'git checkout origin/test</q></li>
<li class="message">[<a href="#T15:33:54" id="T15:33:54"><abbr title="2008-06-04T15:33:54+00:00">15:33:54</abbr></a>] &lt;<cite>koen</cite>&gt; <q>' after that</q></li>
<li class="message">[<a href="#T15:34:01" id="T15:34:01"><abbr title="2008-06-04T15:34:01+00:00">15:34:01</abbr></a>] &lt;<cite>dirk2</cite>&gt; <q>Did cg-clone git://www.sakoman.net/git/u-boot-omap3.git u-boot_steve</q></li>
<li class="message">[<a href="#T15:35:28" id="T15:35:28"><abbr title="2008-06-04T15:35:28+00:00">15:35:28</abbr></a>] &lt;<cite>dirk2</cite>&gt; <q>And now I have the 'master' branch, but not the 'test' branch with sakoman's changes</q></li>
<li class="message">[<a href="#T15:39:39" id="T15:39:39"><abbr title="2008-06-04T15:39:39+00:00">15:39:39</abbr></a>] &lt;<cite>dirk2</cite>&gt; <q>I now need the magic "git take the existing master branch and update to test branch" command ;)</q></li>
<li class="message">[<a href="#T15:43:24" id="T15:43:24"><abbr title="2008-06-04T15:43:24+00:00">15:43:24</abbr></a>] &lt;<cite>koen</cite>&gt; <q>git checkout origin/test did that for me</q></li>
<li class="message">[<a href="#T15:43:28" id="T15:43:28"><abbr title="2008-06-04T15:43:28+00:00">15:43:28</abbr></a>] &lt;<cite>koen</cite>&gt; <q>with tons of warnings</q></li>
<li class="message">[<a href="#T15:44:53" id="T15:44:53"><abbr title="2008-06-04T15:44:53+00:00">15:44:53</abbr></a>] &lt;<cite>sakoman</cite>&gt; <q>$ git checkout --track -b &lt;local name&gt; origin/&lt;remote name&gt;</q></li>
<li class="message">[<a href="#T15:45:10" id="T15:45:10"><abbr title="2008-06-04T15:45:10+00:00">15:45:10</abbr></a>] &lt;<cite>sakoman</cite>&gt; <q>from: <a href="http://www.sourcemage.org/Git_Guide">http://www.sourcemage.org/Git_Guide</a></q></li>
<li class="message">[<a href="#T15:46:37" id="T15:46:37"><abbr title="2008-06-04T15:46:37+00:00">15:46:37</abbr></a>] &lt;<cite>sakoman</cite>&gt; <q>koen:  seems to be recognizing mcbsp, but I won't really believe it till I am playing an mp3 :-)</q></li>
<li class="message">[<a href="#T15:47:21" id="T15:47:21"><abbr title="2008-06-04T15:47:21+00:00">15:47:21</abbr></a>] &lt;<cite>sakoman</cite>&gt; <q>heading out for a visit to Chico, CA  Back in a few hours</q></li>
<li class="message">[<a href="#T15:50:08" id="T15:50:08"><abbr title="2008-06-04T15:50:08+00:00">15:50:08</abbr></a>] &lt;<cite>koen</cite>&gt; <q>is your current patch online somewhere?</q></li>
<li class="message">[<a href="#T16:08:37" id="T16:08:37"><abbr title="2008-06-04T16:08:37+00:00">16:08:37</abbr></a>] &lt;<cite>koen</cite>&gt; <q>jkridner: has PHY for rev C been selected already? </q></li>
<li class="message">[<a href="#T16:10:47" id="T16:10:47"><abbr title="2008-06-04T16:10:47+00:00">16:10:47</abbr></a>] &lt;<cite>koen</cite>&gt; <q>weird</q></li>
<li class="message">[<a href="#T16:11:01" id="T16:11:01"><abbr title="2008-06-04T16:11:01+00:00">16:11:01</abbr></a>] &lt;<cite>koen</cite>&gt; <q>sakoman: with your r{1,2} uboot I don't get the strange hangs on console anymore</q></li>
<li class="join">[<a href="#T16:14:10" id="T16:14:10"><abbr title="2008-06-04T16:14:10+00:00">16:14:10</abbr></a>] <span>* NishanthMenon (n=nmenon@nat/ti/x-5faf8ee8f5da8b2e) has joined #beagle</span></li>
<li class="message">[<a href="#T16:17:48" id="T16:17:48"><abbr title="2008-06-04T16:17:48+00:00">16:17:48</abbr></a>] &lt;<cite>dirk2</cite>&gt; <q>for the records:</q></li>
<li class="message">[<a href="#T16:17:51" id="T16:17:51"><abbr title="2008-06-04T16:17:51+00:00">16:17:51</abbr></a>] &lt;<cite>dirk2</cite>&gt; <q>git clone git://www.sakoman.net/git/u-boot-omap3.git u-boot_steve</q></li>
<li class="message">[<a href="#T16:18:01" id="T16:18:01"><abbr title="2008-06-04T16:18:01+00:00">16:18:01</abbr></a>] &lt;<cite>dirk2</cite>&gt; <q>cd u-boot_steve/</q></li>
<li class="message">[<a href="#T16:18:09" id="T16:18:09"><abbr title="2008-06-04T16:18:09+00:00">16:18:09</abbr></a>] &lt;<cite>dirk2</cite>&gt; <q>git checkout -b beagle origin/test</q></li>
<li class="message">[<a href="#T16:18:16" id="T16:18:16"><abbr title="2008-06-04T16:18:16+00:00">16:18:16</abbr></a>] &lt;<cite>dirk2</cite>&gt; <q>Thanks for the help!</q></li>
<li class="message">[<a href="#T16:19:01" id="T16:19:01"><abbr title="2008-06-04T16:19:01+00:00">16:19:01</abbr></a>] &lt;<cite>dirk2</cite>&gt; <q>Now I have to find out why I have these I2C errors.</q></li>
<li class="message">[<a href="#T16:19:11" id="T16:19:11"><abbr title="2008-06-04T16:19:11+00:00">16:19:11</abbr></a>] &lt;<cite>dirk2</cite>&gt; <q>Will first try various toolchains</q></li>
<li class="quit">[<a href="#T16:22:20" id="T16:22:20"><abbr title="2008-06-04T16:22:20+00:00">16:22:20</abbr></a>] <span>* BThompson (n=BThompso@nat/ti/x-2842831559a2edf9) Quit ("Trillian (<a href="http://www.ceruleanstudios.com")">http://www.ceruleanstudios.com")</a></span></li>
<li class="message">[<a href="#T16:29:15" id="T16:29:15"><abbr title="2008-06-04T16:29:15+00:00">16:29:15</abbr></a>] &lt;<cite>dirk2</cite>&gt; <q>Aargh! Toochain??</q></li>
<li class="message">[<a href="#T16:29:18" id="T16:29:18"><abbr title="2008-06-04T16:29:18+00:00">16:29:18</abbr></a>] &lt;<cite>dirk2</cite>&gt; <q>gcc version 4.2.3 (Sourcery G++ Lite 2008q1-126)</q></li>
<li class="message">[<a href="#T16:29:29" id="T16:29:29"><abbr title="2008-06-04T16:29:29+00:00">16:29:29</abbr></a>] &lt;<cite>dirk2</cite>&gt; <q>=&gt; timed out in wait_for_bb: I2C_STAT=1000</q></li>
<li class="message">[<a href="#T16:29:48" id="T16:29:48"><abbr title="2008-06-04T16:29:48+00:00">16:29:48</abbr></a>] &lt;<cite>dirk2</cite>&gt; <q>gcc version 4.2.0 20070413 (prerelease) (CodeSourcery Sourcery G++ Lite 2007q1-10)</q></li>
<li class="message">[<a href="#T16:30:11" id="T16:30:11"><abbr title="2008-06-04T16:30:11+00:00">16:30:11</abbr></a>] &lt;<cite>dirk2</cite>&gt; <q>=&gt; No I2C errors...</q></li>
<li class="message">[<a href="#T16:38:24" id="T16:38:24"><abbr title="2008-06-04T16:38:24+00:00">16:38:24</abbr></a>] &lt;<cite>koen</cite>&gt; <q>right, 2008q1 sucks from omap3 </q></li>
<li class="message">[<a href="#T16:39:40" id="T16:39:40"><abbr title="2008-06-04T16:39:40+00:00">16:39:40</abbr></a>] &lt;<cite>dirk2</cite>&gt; <q>Hmm, if 2008q1 doesn't get uboot right, then there seems to be something basically wrong...</q></li>
<li class="message">[<a href="#T16:40:38" id="T16:40:38"><abbr title="2008-06-04T16:40:38+00:00">16:40:38</abbr></a>] &lt;<cite>koen</cite>&gt; <q>if you really want CSL, I'd advice 2007q3</q></li>
<li class="message">[<a href="#T16:42:01" id="T16:42:01"><abbr title="2008-06-04T16:42:01+00:00">16:42:01</abbr></a>] &lt;<cite>dirk2</cite>&gt; <q>yes, seems I have to add something to <a href="http://elinux.org/BeagleBoard#Cortex_A8_ARM">http://elinux.org/BeagleBoard#Cortex_A8_ARM</a></q></li>
<li class="message">[<a href="#T16:43:32" id="T16:43:32"><abbr title="2008-06-04T16:43:32+00:00">16:43:32</abbr></a>] &lt;<cite>koen</cite>&gt; <q>it is funny that gcc 4.3.0 compiles uboot fine, but breaks the kernel (crash in rcu) </q></li>
<li class="message">[<a href="#T16:44:06" id="T16:44:06"><abbr title="2008-06-04T16:44:06+00:00">16:44:06</abbr></a>] &lt;<cite>dirk2</cite>&gt; <q>You use different toolchains for uboot and kernel?</q></li>
<li class="message">[<a href="#T16:44:44" id="T16:44:44"><abbr title="2008-06-04T16:44:44+00:00">16:44:44</abbr></a>] &lt;<cite>koen</cite>&gt; <q>I compile everything with 4.2.4 in armv6 mode and uboot with 4.3.0 in armv7 mode</q></li>
<li class="message">[<a href="#T16:45:20" id="T16:45:20"><abbr title="2008-06-04T16:45:20+00:00">16:45:20</abbr></a>] &lt;<cite>dirk2</cite>&gt; <q>I will try if 2007q3 is fine for both</q></li>
<li class="message">[<a href="#T16:45:24" id="T16:45:24"><abbr title="2008-06-04T16:45:24+00:00">16:45:24</abbr></a>] &lt;<cite>suihkulokki</cite>&gt; <q>recent CSL and mainline 4.3 have been sources of much more problems than mainline 4.2.x</q></li>
<li class="message">[<a href="#T16:45:42" id="T16:45:42"><abbr title="2008-06-04T16:45:42+00:00">16:45:42</abbr></a>] &lt;<cite>suihkulokki</cite>&gt; <q>2007q3 is fine except for neon</q></li>
<li class="message">[<a href="#T16:46:23" id="T16:46:23"><abbr title="2008-06-04T16:46:23+00:00">16:46:23</abbr></a>] &lt;<cite>koen</cite>&gt; <q>2008q1 is great if you don't mind everything segfaulting </q></li>
<li class="message">[<a href="#T16:46:32" id="T16:46:32"><abbr title="2008-06-04T16:46:32+00:00">16:46:32</abbr></a>] &lt;<cite>dirk2</cite>&gt; <q>At the moment for me fine == stable code ;)</q></li>
<li class="message">[<a href="#T16:50:57" id="T16:50:57"><abbr title="2008-06-04T16:50:57+00:00">16:50:57</abbr></a>] &lt;<cite>NishanthMenon</cite>&gt; <q>kind of curious.. unless you are doing USB, do u really need i2c in u-boot?</q></li>
<li class="message">[<a href="#T16:51:54" id="T16:51:54"><abbr title="2008-06-04T16:51:54+00:00">16:51:54</abbr></a>] &lt;<cite>koen</cite>&gt; <q>isn't sd behind the twl?</q></li>
<li class="message">[<a href="#T16:52:11" id="T16:52:11"><abbr title="2008-06-04T16:52:11+00:00">16:52:11</abbr></a>] &lt;<cite>NishanthMenon</cite>&gt; <q>yes.. only for CD</q></li>
<li class="action">[<abbr title="2008-06-04T16:52:11+00:00">16:52:11</abbr>] <span>* koen is waiting for 2.6.26-rc5 to land</span></li>
<li class="message">[<a href="#T16:52:31" id="T16:52:31"><abbr title="2008-06-04T16:52:31+00:00">16:52:31</abbr></a>] &lt;<cite>koen</cite>&gt; <q>and the new smartreflex patchset from kalle</q></li>
<li class="message">[<a href="#T16:52:37" id="T16:52:37"><abbr title="2008-06-04T16:52:37+00:00">16:52:37</abbr></a>] &lt;<cite>NishanthMenon</cite>&gt; <q>hmm...</q></li>
<li class="message">[<a href="#T16:54:15" id="T16:54:15"><abbr title="2008-06-04T16:54:15+00:00">16:54:15</abbr></a>] &lt;<cite>NishanthMenon</cite>&gt; <q>kind of thinking.. when u bootup.. mmc power is already set by ROM Code.. so all u need a 1 bit access to the card.. u can try to run cmd0 and if it fails.. assume no useful card.. (thinking of avoiding i2c ops)</q></li>
<li class="quit">[<a href="#T16:58:08" id="T16:58:08"><abbr title="2008-06-04T16:58:08+00:00">16:58:08</abbr></a>] <span>* jkridner|work (n=a0321898@nat/ti/x-ce0dac2df0740408) Quit ("Leaving.")</span></li>
<li class="join">[<a href="#T17:22:27" id="T17:22:27"><abbr title="2008-06-04T17:22:27+00:00">17:22:27</abbr></a>] <span>* Guizmo` (n=guizmo@81.255.46.1) has joined #beagle</span></li>
<li class="part">[<a href="#T17:32:07" id="T17:32:07"><abbr title="2008-06-04T17:32:07+00:00">17:32:07</abbr></a>] <span>* dirk2 (n=dirk@F312c.f.strato-dslnet.de) has left #beagle</span></li>
<li class="join">[<a href="#T17:36:40" id="T17:36:40"><abbr title="2008-06-04T17:36:40+00:00">17:36:40</abbr></a>] <span>* jkridner|work (n=a0321898@nat/ti/x-7b1fcc0e1f146523) has joined #beagle</span></li>
<li class="quit">[<a href="#T17:38:28" id="T17:38:28"><abbr title="2008-06-04T17:38:28+00:00">17:38:28</abbr></a>] <span>* denix|work (n=]denix[@nat/ti/x-fdb8f93d5c2704c6) Quit ("Leaving")</span></li>
<li class="join">[<a href="#T17:40:04" id="T17:40:04"><abbr title="2008-06-04T17:40:04+00:00">17:40:04</abbr></a>] <span>* shoragan (n=shoragan@debian/developer/shoragan) has joined #beagle</span></li>
<li class="quit">[<a href="#T17:44:27" id="T17:44:27"><abbr title="2008-06-04T17:44:27+00:00">17:44:27</abbr></a>] <span>* RogerMonk (n=a0740758@nat/ti/x-7ab724941bc9c85d) Quit (Remote closed the connection)</span></li>
<li class="join">[<a href="#T17:54:44" id="T17:54:44"><abbr title="2008-06-04T17:54:44+00:00">17:54:44</abbr></a>] <span>* ldesnogu_ (n=ldesnogu@ven06-2-82-247-86-183.fbx.proxad.net) has joined #beagle</span></li>
<li class="join">[<a href="#T18:16:52" id="T18:16:52"><abbr title="2008-06-04T18:16:52+00:00">18:16:52</abbr></a>] <span>* Crofton (n=balister@63.164.30.76) has joined #beagle</span></li>
<li class="message">[<a href="#T18:17:37" id="T18:17:37"><abbr title="2008-06-04T18:17:37+00:00">18:17:37</abbr></a>] &lt;<cite>Crofton</cite>&gt; <q>ok, I survived presentation</q></li>
<li class="message">[<a href="#T18:17:42" id="T18:17:42"><abbr title="2008-06-04T18:17:42+00:00">18:17:42</abbr></a>] &lt;<cite>Crofton</cite>&gt; <q>lots of guys taking notes</q></li>
<li class="message">[<a href="#T18:24:22" id="T18:24:22"><abbr title="2008-06-04T18:24:22+00:00">18:24:22</abbr></a>] &lt;<cite>koen</cite>&gt; <q>where are the slides?</q></li>
<li class="message">[<a href="#T18:25:44" id="T18:25:44"><abbr title="2008-06-04T18:25:44+00:00">18:25:44</abbr></a>] &lt;<cite>Crofton</cite>&gt; <q>I'll put them on my website in a buit</q></li>
<li class="message">[<a href="#T18:25:53" id="T18:25:53"><abbr title="2008-06-04T18:25:53+00:00">18:25:53</abbr></a>] &lt;<cite>Crofton</cite>&gt; <q>need to check with jkridner first though</q></li>
<li class="message">[<a href="#T18:26:09" id="T18:26:09"><abbr title="2008-06-04T18:26:09+00:00">18:26:09</abbr></a>] &lt;<cite>ds2</cite>&gt; <q>when will the first signal get demod'ed on on a beagle and recorded as a wave get posted? :)</q></li>
<li class="message">[<a href="#T19:04:53" id="T19:04:53"><abbr title="2008-06-04T19:04:53+00:00">19:04:53</abbr></a>] &lt;<cite>jkridner|work</cite>&gt; <q>Crofton: I'm fine with the slides you sent me</q></li>
<li class="message">[<a href="#T19:05:17" id="T19:05:17"><abbr title="2008-06-04T19:05:17+00:00">19:05:17</abbr></a>] &lt;<cite>jkridner|work</cite>&gt; <q>would like to see some clean-up/improvements on the ones that came from me, but I didn't see any issues. :)</q></li>
<li class="message">[<a href="#T19:05:31" id="T19:05:31"><abbr title="2008-06-04T19:05:31+00:00">19:05:31</abbr></a>] &lt;<cite>jkridner|work</cite>&gt; <q>(please share)</q></li>
<li class="message">[<a href="#T19:11:04" id="T19:11:04"><abbr title="2008-06-04T19:11:04+00:00">19:11:04</abbr></a>] &lt;<cite>koen</cite>&gt; <q>my beagle has been up for 9 hours without the serial console freezing</q></li>
<li class="message">[<a href="#T19:12:09" id="T19:12:09"><abbr title="2008-06-04T19:12:09+00:00">19:12:09</abbr></a>] &lt;<cite>koen</cite>&gt; <q>funny how a bootloader can make such a difference</q></li>
<li class="join">[<a href="#T19:13:11" id="T19:13:11"><abbr title="2008-06-04T19:13:11+00:00">19:13:11</abbr></a>] <span>* RogerMonk (n=a0740758@nat/ti/x-3debcd09f30af295) has joined #beagle</span></li>
<li class="message">[<a href="#T19:44:13" id="T19:44:13"><abbr title="2008-06-04T19:44:13+00:00">19:44:13</abbr></a>] &lt;<cite>keesj</cite>&gt; <q>like good memory refresh rates :p</q></li>
<li class="join">[<a href="#T19:44:15" id="T19:44:15"><abbr title="2008-06-04T19:44:15+00:00">19:44:15</abbr></a>] <span>* gkarabin (n=gkarabin@64.212.175.249) has joined #beagle</span></li>
<li class="quit">[<a href="#T19:55:07" id="T19:55:07"><abbr title="2008-06-04T19:55:07+00:00">19:55:07</abbr></a>] <span>* Guizmo` (n=guizmo@81.255.46.1) Quit (Read error: 113 (No route to host))</span></li>
<li class="quit">[<a href="#T20:02:59" id="T20:02:59"><abbr title="2008-06-04T20:02:59+00:00">20:02:59</abbr></a>] <span>* gkarabi2 (n=gkarabin@64.212.175.249) Quit (Read error: 110 (Connection timed out))</span></li>
<li class="join">[<a href="#T20:29:33" id="T20:29:33"><abbr title="2008-06-04T20:29:33+00:00">20:29:33</abbr></a>] <span>* BThompson (n=BThompso@nat/ti/x-fd8b2b0e31a09697) has joined #beagle</span></li>
<li class="message">[<a href="#T20:59:48" id="T20:59:48"><abbr title="2008-06-04T20:59:48+00:00">20:59:48</abbr></a>] &lt;<cite>prpplague</cite>&gt; <q>jkridner|work: they doing much hiring in the omap dev area at TI these days?</q></li>
<li class="message">[<a href="#T21:08:25" id="T21:08:25"><abbr title="2008-06-04T21:08:25+00:00">21:08:25</abbr></a>] &lt;<cite>sakoman</cite>&gt; <q>koen:  I'm glad to hear that your console is reliable now!  Have you run into any other u-boot issues?</q></li>
<li class="join">[<a href="#T21:13:38" id="T21:13:38"><abbr title="2008-06-04T21:13:38+00:00">21:13:38</abbr></a>] <span>* Guizmo` (n=guizmo@41.92.198-77.rev.gaoland.net) has joined #beagle</span></li>
<li class="quit">[<a href="#T21:22:36" id="T21:22:36"><abbr title="2008-06-04T21:22:36+00:00">21:22:36</abbr></a>] <span>* BThompson (n=BThompso@nat/ti/x-fd8b2b0e31a09697) Quit ("Trillian (<a href="http://www.ceruleanstudios.com")">http://www.ceruleanstudios.com")</a></span></li>
<li class="quit">[<a href="#T21:32:55" id="T21:32:55"><abbr title="2008-06-04T21:32:55+00:00">21:32:55</abbr></a>] <span>* Crofton (n=balister@63.164.30.76) Quit ("Leaving")</span></li>
<li class="quit">[<a href="#T21:35:01" id="T21:35:01"><abbr title="2008-06-04T21:35:01+00:00">21:35:01</abbr></a>] <span>* bazbell (n=a0192809@nat/ti/x-5d6ee96c912d97bd) Quit ("Leaving.")</span></li>
<li class="quit">[<a href="#T21:40:18" id="T21:40:18"><abbr title="2008-06-04T21:40:18+00:00">21:40:18</abbr></a>] <span>* ldesnogu_ (n=ldesnogu@ven06-2-82-247-86-183.fbx.proxad.net) Quit ("Leaving")</span></li>
<li class="join">[<a href="#T21:45:01" id="T21:45:01"><abbr title="2008-06-04T21:45:01+00:00">21:45:01</abbr></a>] <span>* GeneralAntilles (n=GeneralA@pdpc/supporter/active/generalantilles) has joined #beagle</span></li>
<li class="message">[<a href="#T21:56:55" id="T21:56:55"><abbr title="2008-06-04T21:56:55+00:00">21:56:55</abbr></a>] &lt;<cite>sakoman</cite>&gt; <q>koen: turning off unused clocks takes current draw from 345 to 340 ma measured at the console-image login prompt.</q></li>
<li class="message">[<a href="#T21:57:43" id="T21:57:43"><abbr title="2008-06-04T21:57:43+00:00">21:57:43</abbr></a>] &lt;<cite>sakoman</cite>&gt; <q>FWIW,  current is 250 ma at the u-boot prompt </q></li>
<li class="join">[<a href="#T22:07:29" id="T22:07:29"><abbr title="2008-06-04T22:07:29+00:00">22:07:29</abbr></a>] <span>* BThompson (n=BThompso@cpe-76-185-93-11.tx.res.rr.com) has joined #beagle</span></li>
<li class="message">[<a href="#T22:11:36" id="T22:11:36"><abbr title="2008-06-04T22:11:36+00:00">22:11:36</abbr></a>] &lt;<cite>jkridner|work</cite>&gt; <q>I wouldn't say we are looking to hire away our community, but I think, like in all good companies, there are always positions for the right people if there is a match.</q></li>
<li class="message">[<a href="#T22:16:59" id="T22:16:59"><abbr title="2008-06-04T22:16:59+00:00">22:16:59</abbr></a>] &lt;<cite>jkridner|work</cite>&gt; <q><a href="http://uk.youtube.com/watch?v=TUYOjRGYeYU">http://uk.youtube.com/watch?v=TUYOjRGYeYU</a></q></li>
<li class="message">[<a href="#T22:18:11" id="T22:18:11"><abbr title="2008-06-04T22:18:11+00:00">22:18:11</abbr></a>] &lt;<cite>prpplague</cite>&gt; <q>jkridner|work: cute</q></li>
<li class="message">[<a href="#T22:18:17" id="T22:18:17"><abbr title="2008-06-04T22:18:17+00:00">22:18:17</abbr></a>] &lt;<cite>prpplague</cite>&gt; <q>jkridner|work: nice big sign</q></li>
<li class="join">[<a href="#T22:25:30" id="T22:25:30"><abbr title="2008-06-04T22:25:30+00:00">22:25:30</abbr></a>] <span>* bazbell (n=a0192809@nat/ti/x-086ee5ede7cce5a0) has joined #beagle</span></li>
<li class="message">[<a href="#T22:26:39" id="T22:26:39"><abbr title="2008-06-04T22:26:39+00:00">22:26:39</abbr></a>] &lt;<cite>jkridner|work</cite>&gt; <q>also a couple of new photos: <a href="http://www.flickr.com/groups/beagleboard/">http://www.flickr.com/groups/beagleboard/</a></q></li>
<li class="action">[<a href="#T22:26:47" id="T22:26:47"><abbr title="2008-06-04T22:26:47+00:00">22:26:47</abbr></a>] <span>* prpplague looks</span></li>
<li class="message">[<a href="#T22:30:24" id="T22:30:24"><abbr title="2008-06-04T22:30:24+00:00">22:30:24</abbr></a>] &lt;<cite>prpplague</cite>&gt; <q>nice</q></li>
<li class="action">[<a href="#T22:30:29" id="T22:30:29"><abbr title="2008-06-04T22:30:29+00:00">22:30:29</abbr></a>] <span>* prpplague heads home for the day</span></li>
<li class="message">[<a href="#T22:30:31" id="T22:30:31"><abbr title="2008-06-04T22:30:31+00:00">22:30:31</abbr></a>] &lt;<cite>prpplague</cite>&gt; <q>later folks</q></li>
<li class="quit">[<a href="#T22:30:51" id="T22:30:51"><abbr title="2008-06-04T22:30:51+00:00">22:30:51</abbr></a>] <span>* prpplague (n=dave@mail.americanmicrosystems.com) Quit ("Leaving")</span></li>
<li class="nick-change">[<a href="#T22:59:51" id="T22:59:51"><abbr title="2008-06-04T22:59:51+00:00">22:59:51</abbr></a>] <span>* theoddbo1 is now known as theoddbot</span></li>
<li class="quit">[<a href="#T23:24:25" id="T23:24:25"><abbr title="2008-06-04T23:24:25+00:00">23:24:25</abbr></a>] <span>* jkridner|work (n=a0321898@nat/ti/x-7b1fcc0e1f146523) Quit ("Leaving.")</span></li>
