<li class="join">[<a href="#T00:20:44" id="T00:20:44"><abbr title="2008-09-14T00:20:44+00:00">00:20:44</abbr></a>] <span>* Olipro (n=Olipro@uncyclopedia/Olipro) has joined #beagle</span></li>
<li class="message">[<a href="#T00:21:11" id="T00:21:11"><abbr title="2008-09-14T00:21:11+00:00">00:21:11</abbr></a>] &lt;<cite>Olipro</cite>&gt; <q>could someone try to assemble "ORR R3, R3, #1" as thumb please</q></li>
<li class="message">[<a href="#T00:22:09" id="T00:22:09"><abbr title="2008-09-14T00:22:09+00:00">00:22:09</abbr></a>] &lt;<cite>mru</cite>&gt; <q>or with immediate is only available in T2</q></li>
<li class="message">[<a href="#T00:22:29" id="T00:22:29"><abbr title="2008-09-14T00:22:29+00:00">00:22:29</abbr></a>] &lt;<cite>Olipro</cite>&gt; <q>bugger</q></li>
<li class="message">[<a href="#T00:22:42" id="T00:22:42"><abbr title="2008-09-14T00:22:42+00:00">00:22:42</abbr></a>] &lt;<cite>mru</cite>&gt; <q>what cpu are you coding for?</q></li>
<li class="message">[<a href="#T00:22:51" id="T00:22:51"><abbr title="2008-09-14T00:22:51+00:00">00:22:51</abbr></a>] &lt;<cite>Crofton|work</cite>&gt; <q>keesj, vey recent OE kernal enables gpio sysfs ...</q></li>
<li class="message">[<a href="#T00:23:03" id="T00:23:03"><abbr title="2008-09-14T00:23:03+00:00">00:23:03</abbr></a>] &lt;<cite>mru</cite>&gt; <q>arm1176 and up support T2</q></li>
<li class="message">[<a href="#T00:23:10" id="T00:23:10"><abbr title="2008-09-14T00:23:10+00:00">00:23:10</abbr></a>] &lt;<cite>Olipro</cite>&gt; <q>heh</q></li>
<li class="message">[<a href="#T00:23:13" id="T00:23:13"><abbr title="2008-09-14T00:23:13+00:00">00:23:13</abbr></a>] &lt;<cite>Olipro</cite>&gt; <q>this isn't an ARM11</q></li>
<li class="message">[<a href="#T00:23:22" id="T00:23:22"><abbr title="2008-09-14T00:23:22+00:00">00:23:22</abbr></a>] &lt;<cite>mru</cite>&gt; <q>what is it?</q></li>
<li class="message">[<a href="#T00:23:46" id="T00:23:46"><abbr title="2008-09-14T00:23:46+00:00">00:23:46</abbr></a>] &lt;<cite>Olipro</cite>&gt; <q>the GSM CPU in a Qualcomm MSM7201A</q></li>
<li class="message">[<a href="#T00:23:53" id="T00:23:53"><abbr title="2008-09-14T00:23:53+00:00">00:23:53</abbr></a>] &lt;<cite>Olipro</cite>&gt; <q>it's ARM9</q></li>
<li class="quit">[<a href="#T00:23:58" id="T00:23:58"><abbr title="2008-09-14T00:23:58+00:00">00:23:58</abbr></a>] <span>* Olipro_ (n=Olipro@uncyclopedia/Olipro) Quit (Connection timed out)</span></li>
<li class="message">[<a href="#T00:24:13" id="T00:24:13"><abbr title="2008-09-14T00:24:13+00:00">00:24:13</abbr></a>] &lt;<cite>mru</cite>&gt; <q>ok</q></li>
<li class="message">[<a href="#T00:24:22" id="T00:24:22"><abbr title="2008-09-14T00:24:22+00:00">00:24:22</abbr></a>] &lt;<cite>mru</cite>&gt; <q>then you'll have to use a temp register</q></li>
<li class="action">[<a href="#T00:25:20" id="T00:25:20"><abbr title="2008-09-14T00:25:20+00:00">00:25:20</abbr></a>] <span>* mru doesn't like thumb much</span></li>
<li class="message">[<a href="#T00:26:18" id="T00:26:18"><abbr title="2008-09-14T00:26:18+00:00">00:26:18</abbr></a>] &lt;<cite>mru</cite>&gt; <q>I'd say it's a PITA, but that suggests such disturbing images...</q></li>
<li class="message">[<a href="#T00:27:16" id="T00:27:16"><abbr title="2008-09-14T00:27:16+00:00">00:27:16</abbr></a>] &lt;<cite>Olipro</cite>&gt; <q>it is</q></li>
<li class="message">[<a href="#T00:27:18" id="T00:27:18"><abbr title="2008-09-14T00:27:18+00:00">00:27:18</abbr></a>] &lt;<cite>Olipro</cite>&gt; <q>I hate it</q></li>
<li class="message">[<a href="#T00:27:26" id="T00:27:26"><abbr title="2008-09-14T00:27:26+00:00">00:27:26</abbr></a>] &lt;<cite>Olipro</cite>&gt; <q>however, I'm pressed for space</q></li>
<li class="message">[<a href="#T00:27:49" id="T00:27:49"><abbr title="2008-09-14T00:27:49+00:00">00:27:49</abbr></a>] &lt;<cite>Olipro</cite>&gt; <q>I'm amazed I managed to find the SHA256 function in this crap</q></li>
<li class="message">[<a href="#T00:28:17" id="T00:28:17"><abbr title="2008-09-14T00:28:17+00:00">00:28:17</abbr></a>] &lt;<cite>ds2</cite>&gt; <q>you got docs for the MSM7201A?</q></li>
<li class="message">[<a href="#T00:29:05" id="T00:29:05"><abbr title="2008-09-14T00:29:05+00:00">00:29:05</abbr></a>] &lt;<cite>Olipro</cite>&gt; <q>that would be telling</q></li>
<li class="message">[<a href="#T00:29:15" id="T00:29:15"><abbr title="2008-09-14T00:29:15+00:00">00:29:15</abbr></a>] &lt;<cite>ds2</cite>&gt; <q>=)</q></li>
<li class="message">[<a href="#T00:31:20" id="T00:31:20"><abbr title="2008-09-14T00:31:20+00:00">00:31:20</abbr></a>] &lt;<cite>Olipro</cite>&gt; <q>if anything</q></li>
<li class="message">[<a href="#T00:31:28" id="T00:31:28"><abbr title="2008-09-14T00:31:28+00:00">00:31:28</abbr></a>] &lt;<cite>Olipro</cite>&gt; <q>I'm definitely testing how resilient the NAND is</q></li>
<li class="message">[<a href="#T00:31:55" id="T00:31:55"><abbr title="2008-09-14T00:31:55+00:00">00:31:55</abbr></a>] &lt;<cite>mru</cite>&gt; <q>I bet it won't survive a session in the LHC</q></li>
<li class="message">[<a href="#T00:32:23" id="T00:32:23"><abbr title="2008-09-14T00:32:23+00:00">00:32:23</abbr></a>] &lt;<cite>Olipro</cite>&gt; <q>lol</q></li>
<li class="message">[<a href="#T00:33:03" id="T00:33:03"><abbr title="2008-09-14T00:33:03+00:00">00:33:03</abbr></a>] &lt;<cite>Olipro</cite>&gt; <q>this whole thing started out as a bit of fun, now it's becoming painfu;</q></li>
<li class="message">[<a href="#T00:33:09" id="T00:33:09"><abbr title="2008-09-14T00:33:09+00:00">00:33:09</abbr></a>] &lt;<cite>Olipro</cite>&gt; <q>*painful</q></li>
<li class="message">[<a href="#T00:33:11" id="T00:33:11"><abbr title="2008-09-14T00:33:11+00:00">00:33:11</abbr></a>] &lt;<cite>Olipro</cite>&gt; <q>but I've got too far to turn back</q></li>
<li class="message">[<a href="#T00:34:30" id="T00:34:30"><abbr title="2008-09-14T00:34:30+00:00">00:34:30</abbr></a>] &lt;<cite>geist</cite>&gt; <q>yes, everything related to MSM cpus is very painful</q></li>
<li class="message">[<a href="#T00:35:03" id="T00:35:03"><abbr title="2008-09-14T00:35:03+00:00">00:35:03</abbr></a>] &lt;<cite>Olipro</cite>&gt; <q>heh</q></li>
<li class="action">[<a href="#T00:35:04" id="T00:35:04"><abbr title="2008-09-14T00:35:04+00:00">00:35:04</abbr></a>] <span>* mru makes a mental note to stay away from them</span></li>
<li class="message">[<a href="#T00:35:12" id="T00:35:12"><abbr title="2008-09-14T00:35:12+00:00">00:35:12</abbr></a>] &lt;<cite>Olipro</cite>&gt; <q>no, the main "pain"</q></li>
<li class="message">[<a href="#T00:35:22" id="T00:35:22"><abbr title="2008-09-14T00:35:22+00:00">00:35:22</abbr></a>] &lt;<cite>Olipro</cite>&gt; <q>is because I'm hacking someone else's firmware</q></li>
<li class="message">[<a href="#T00:36:32" id="T00:36:32"><abbr title="2008-09-14T00:36:32+00:00">00:36:32</abbr></a>] &lt;<cite>Olipro</cite>&gt; <q>oh jesus</q></li>
<li class="message">[<a href="#T00:36:41" id="T00:36:41"><abbr title="2008-09-14T00:36:41+00:00">00:36:41</abbr></a>] &lt;<cite>Olipro</cite>&gt; <q>I was BXing to a physical address</q></li>
<li class="message">[<a href="#T00:36:44" id="T00:36:44"><abbr title="2008-09-14T00:36:44+00:00">00:36:44</abbr></a>] &lt;<cite>Olipro</cite>&gt; <q>I'm not having a good day</q></li>
<li class="message">[<a href="#T00:48:03" id="T00:48:03"><abbr title="2008-09-14T00:48:03+00:00">00:48:03</abbr></a>] &lt;<cite>Olipro</cite>&gt; <q>great, now I didn't set the thumb bit</q></li>
<li class="message">[<a href="#T00:48:05" id="T00:48:05"><abbr title="2008-09-14T00:48:05+00:00">00:48:05</abbr></a>] &lt;<cite>Olipro</cite>&gt; <q>&gt;_&gt;</q></li>
<li class="quit">[<a href="#T00:55:01" id="T00:55:01"><abbr title="2008-09-14T00:55:01+00:00">00:55:01</abbr></a>] <span>* likewise (n=chatzill@82-171-51-231.ip.telfort.nl) Quit (Remote closed the connection)</span></li>
<li class="join">[<a href="#T00:57:01" id="T00:57:01"><abbr title="2008-09-14T00:57:01+00:00">00:57:01</abbr></a>] <span>* odesus (n=Widmung@201.165.138.58) has joined #beagle</span></li>
<li class="part">[<a href="#T00:58:43" id="T00:58:43"><abbr title="2008-09-14T00:58:43+00:00">00:58:43</abbr></a>] <span>* odesus (n=Widmung@201.165.138.58) has left #beagle</span></li>
