<li class="action">[<a href="#T00:08:42" id="T00:08:42"><abbr title="2008-04-25T00:08:42+00:00">00:08:42</abbr></a>] <span>* Crofton finished mowing</span></li>
<li class="join">[<a href="#T00:19:04" id="T00:19:04"><abbr title="2008-04-25T00:19:04+00:00">00:19:04</abbr></a>] <span>* NishanthM (n=Nishanth@cpe-24-175-68-203.tx.res.rr.com) has joined #beagle</span></li>
<li class="message">[<a href="#T00:20:18" id="T00:20:18"><abbr title="2008-04-25T00:20:18+00:00">00:20:18</abbr></a>] &lt;<cite>Crofton</cite>&gt; <q>up to 78 views of the picture of the USRP attached to a beagle</q></li>
<li class="message">[<a href="#T00:20:38" id="T00:20:38"><abbr title="2008-04-25T00:20:38+00:00">00:20:38</abbr></a>] &lt;<cite>Crofton</cite>&gt; <q>one guy said he didn't see that it was attached :)</q></li>
<li class="message">[<a href="#T00:28:47" id="T00:28:47"><abbr title="2008-04-25T00:28:47+00:00">00:28:47</abbr></a>] &lt;<cite>prpplague</cite>&gt; <q>Crofton url?</q></li>
<li class="message">[<a href="#T00:29:38" id="T00:29:38"><abbr title="2008-04-25T00:29:38+00:00">00:29:38</abbr></a>] &lt;<cite>Crofton</cite>&gt; <q><a href="http://www.flickr.com/photos/32615155@N00/2439256116/">http://www.flickr.com/photos/32615155@N00/2439256116/</a></q></li>
<li class="message">[<a href="#T00:32:26" id="T00:32:26"><abbr title="2008-04-25T00:32:26+00:00">00:32:26</abbr></a>] &lt;<cite>prpplague</cite>&gt; <q>nice</q></li>
<li class="message">[<a href="#T00:32:35" id="T00:32:35"><abbr title="2008-04-25T00:32:35+00:00">00:32:35</abbr></a>] &lt;<cite>Crofton</cite>&gt; <q>yeah</q></li>
<li class="message">[<a href="#T00:32:39" id="T00:32:39"><abbr title="2008-04-25T00:32:39+00:00">00:32:39</abbr></a>] &lt;<cite>Crofton</cite>&gt; <q>doesn't work :)</q></li>
<li class="message">[<a href="#T00:32:51" id="T00:32:51"><abbr title="2008-04-25T00:32:51+00:00">00:32:51</abbr></a>] &lt;<cite>Crofton</cite>&gt; <q>but, I'll fight that next week :)</q></li>
<li class="quit">[<a href="#T00:45:55" id="T00:45:55"><abbr title="2008-04-25T00:45:55+00:00">00:45:55</abbr></a>] <span>* NishanthM (n=Nishanth@cpe-24-175-68-203.tx.res.rr.com) Quit (Read error: 110 (Connection timed out))</span></li>
<li class="join">[<a href="#T00:46:41" id="T00:46:41"><abbr title="2008-04-25T00:46:41+00:00">00:46:41</abbr></a>] <span>* NishanthM (n=Nishanth@cpe-24-175-68-203.tx.res.rr.com) has joined #beagle</span></li>
<li class="quit">[<a href="#T01:02:11" id="T01:02:11"><abbr title="2008-04-25T01:02:11+00:00">01:02:11</abbr></a>] <span>* NullM0dem (n=brian@215-150-139-71-rev.omegacomminc.com) Quit ("Leaving")</span></li>
<li class="join">[<a href="#T01:05:55" id="T01:05:55"><abbr title="2008-04-25T01:05:55+00:00">01:05:55</abbr></a>] <span>* BThompson (n=BThompso@cpe-76-183-86-15.tx.res.rr.com) has joined #beagle</span></li>
<li class="quit">[<a href="#T01:27:04" id="T01:27:04"><abbr title="2008-04-25T01:27:04+00:00">01:27:04</abbr></a>] <span>* NishanthM (n=Nishanth@cpe-24-175-68-203.tx.res.rr.com) Quit (Read error: 110 (Connection timed out))</span></li>
<li class="join">[<a href="#T01:27:32" id="T01:27:32"><abbr title="2008-04-25T01:27:32+00:00">01:27:32</abbr></a>] <span>* NishanthM (n=Nishanth@cpe-24-175-68-203.tx.res.rr.com) has joined #beagle</span></li>
<li class="join">[<a href="#T01:43:32" id="T01:43:32"><abbr title="2008-04-25T01:43:32+00:00">01:43:32</abbr></a>] <span>* bazbell (n=bazbell@nat/ti/x-f8736b8bd365dd75) has joined #beagle</span></li>
<li class="join">[<a href="#T02:27:10" id="T02:27:10"><abbr title="2008-04-25T02:27:10+00:00">02:27:10</abbr></a>] <span>* khasim (n=a0393720@192.163.20.231) has joined #beagle</span></li>
<li class="quit">[<a href="#T02:33:58" id="T02:33:58"><abbr title="2008-04-25T02:33:58+00:00">02:33:58</abbr></a>] <span>* NishanthM (n=Nishanth@cpe-24-175-68-203.tx.res.rr.com) Quit ("Aloha")</span></li>
<li class="join">[<a href="#T02:34:05" id="T02:34:05"><abbr title="2008-04-25T02:34:05+00:00">02:34:05</abbr></a>] <span>* NishanthM (n=Nishanth@cpe-24-175-68-203.tx.res.rr.com) has joined #beagle</span></li>
<li class="quit">[<a href="#T02:55:54" id="T02:55:54"><abbr title="2008-04-25T02:55:54+00:00">02:55:54</abbr></a>] <span>* khasim (n=a0393720@192.163.20.231) Quit (Remote closed the connection)</span></li>
<li class="quit">[<a href="#T03:12:11" id="T03:12:11"><abbr title="2008-04-25T03:12:11+00:00">03:12:11</abbr></a>] <span>* NishanthM (n=Nishanth@cpe-24-175-68-203.tx.res.rr.com) Quit (Read error: 110 (Connection timed out))</span></li>
<li class="join">[<a href="#T03:12:19" id="T03:12:19"><abbr title="2008-04-25T03:12:19+00:00">03:12:19</abbr></a>] <span>* NishanthM (n=Nishanth@cpe-24-175-68-203.tx.res.rr.com) has joined #beagle</span></li>
<li class="join">[<a href="#T03:19:01" id="T03:19:01"><abbr title="2008-04-25T03:19:01+00:00">03:19:01</abbr></a>] <span>* khasim (n=a0393720@192.163.20.231) has joined #beagle</span></li>
<li class="quit">[<a href="#T03:41:48" id="T03:41:48"><abbr title="2008-04-25T03:41:48+00:00">03:41:48</abbr></a>] <span>* khasim (n=a0393720@192.163.20.231) Quit (Remote closed the connection)</span></li>
<li class="quit">[<a href="#T03:41:49" id="T03:41:49"><abbr title="2008-04-25T03:41:49+00:00">03:41:49</abbr></a>] <span>* NishanthM (n=Nishanth@cpe-24-175-68-203.tx.res.rr.com) Quit (Read error: 110 (Connection timed out))</span></li>
<li class="join">[<a href="#T03:42:02" id="T03:42:02"><abbr title="2008-04-25T03:42:02+00:00">03:42:02</abbr></a>] <span>* NishanthM (n=Nishanth@cpe-24-175-68-203.tx.res.rr.com) has joined #beagle</span></li>
<li class="quit">[<a href="#T04:15:11" id="T04:15:11"><abbr title="2008-04-25T04:15:11+00:00">04:15:11</abbr></a>] <span>* BThompson (n=BThompso@cpe-76-183-86-15.tx.res.rr.com) Quit ("Trillian (<a href="http://www.ceruleanstudios.com")">http://www.ceruleanstudios.com")</a></span></li>
<li class="join">[<a href="#T05:47:53" id="T05:47:53"><abbr title="2008-04-25T05:47:53+00:00">05:47:53</abbr></a>] <span>* khasim (n=a0393720@192.163.20.231) has joined #beagle</span></li>
<li class="action">[<a href="#T06:58:54" id="T06:58:54"><abbr title="2008-04-25T06:58:54+00:00">06:58:54</abbr></a>] <span>* jkridner is headed to sleep</span></li>
<li class="message">[<a href="#T06:59:04" id="T06:59:04"><abbr title="2008-04-25T06:59:04+00:00">06:59:04</abbr></a>] &lt;<cite>jkridner</cite>&gt; <q>good night khasim.</q></li>
<li class="join">[<a href="#T07:18:12" id="T07:18:12"><abbr title="2008-04-25T07:18:12+00:00">07:18:12</abbr></a>] <span>* likewise (n=likewise@82-171-51-231.ip.telfort.nl) has joined #beagle</span></li>
<li class="quit">[<a href="#T07:19:49" id="T07:19:49"><abbr title="2008-04-25T07:19:49+00:00">07:19:49</abbr></a>] <span>* likewise (n=likewise@82-171-51-231.ip.telfort.nl) Quit (Client Quit)</span></li>
<li class="join">[<a href="#T07:45:24" id="T07:45:24"><abbr title="2008-04-25T07:45:24+00:00">07:45:24</abbr></a>] <span>* prplague (n=dave123_@ppp-70-244-164-200.dsl.rcsntx.swbell.net) has joined #beagle</span></li>
<li class="quit">[<abbr title="2008-04-25T07:45:24+00:00">07:45:24</abbr>] <span>* prpplague (n=dave123_@ppp-70-244-164-200.dsl.rcsntx.swbell.net) Quit (Read error: 104 (Connection reset by peer))</span></li>
<li class="join">[<a href="#T08:31:04" id="T08:31:04"><abbr title="2008-04-25T08:31:04+00:00">08:31:04</abbr></a>] <span>* RogerMonk (n=a0740758@nat/ti/x-c46605335f53949f) has joined #beagle</span></li>
<li class="quit">[<a href="#T08:37:19" id="T08:37:19"><abbr title="2008-04-25T08:37:19+00:00">08:37:19</abbr></a>] <span>* Crofton (n=balister@66-207-66-26.black.dmt.ntelos.net) Quit ("Leaving")</span></li>
<li class="part">[<a href="#T08:47:02" id="T08:47:02"><abbr title="2008-04-25T08:47:02+00:00">08:47:02</abbr></a>] <span>* RogerMonk (n=a0740758@nat/ti/x-c46605335f53949f) has left #beagle</span></li>
<li class="join">[<a href="#T08:55:46" id="T08:55:46"><abbr title="2008-04-25T08:55:46+00:00">08:55:46</abbr></a>] <span>* RogerMonk (n=a0740758@nat/ti/x-18f59ad58e90484a) has joined #beagle</span></li>
<li class="join">[<a href="#T09:38:32" id="T09:38:32"><abbr title="2008-04-25T09:38:32+00:00">09:38:32</abbr></a>] <span>* Crofton (n=balister@66.207.65.47) has joined #beagle</span></li>
<li class="quit">[<a href="#T09:49:15" id="T09:49:15"><abbr title="2008-04-25T09:49:15+00:00">09:49:15</abbr></a>] <span>* Crofton (n=balister@66.207.65.47) Quit ("Leaving")</span></li>
<li class="join">[<a href="#T11:18:46" id="T11:18:46"><abbr title="2008-04-25T11:18:46+00:00">11:18:46</abbr></a>] <span>* Crofton (n=balister@65.14.229.26) has joined #beagle</span></li>
<li class="quit">[<a href="#T11:22:04" id="T11:22:04"><abbr title="2008-04-25T11:22:04+00:00">11:22:04</abbr></a>] <span>* Crofton (n=balister@65.14.229.26) Quit (Client Quit)</span></li>
<li class="quit">[<a href="#T11:22:17" id="T11:22:17"><abbr title="2008-04-25T11:22:17+00:00">11:22:17</abbr></a>] <span>* NishanthM (n=Nishanth@cpe-24-175-68-203.tx.res.rr.com) Quit (Remote closed the connection)</span></li>
<li class="quit">[<a href="#T11:38:55" id="T11:38:55"><abbr title="2008-04-25T11:38:55+00:00">11:38:55</abbr></a>] <span>* khasim (n=a0393720@192.163.20.231) Quit (Remote closed the connection)</span></li>
<li class="join">[<a href="#T12:30:29" id="T12:30:29"><abbr title="2008-04-25T12:30:29+00:00">12:30:29</abbr></a>] <span>* borism (n=boris@194.126.108.2) has joined #beagle</span></li>
<li class="quit">[<a href="#T12:36:51" id="T12:36:51"><abbr title="2008-04-25T12:36:51+00:00">12:36:51</abbr></a>] <span>* bazbell (n=bazbell@nat/ti/x-f8736b8bd365dd75) Quit ("ChatZilla 0.9.81 [Firefox 2.0.0.14/2008040413]")</span></li>
<li class="join">[<a href="#T13:15:35" id="T13:15:35"><abbr title="2008-04-25T13:15:35+00:00">13:15:35</abbr></a>] <span>* jkridne1 (n=a0321898@nat/ti/x-a49b8780e08f10bc) has joined #beagle</span></li>
<li class="nick-change">[<a href="#T13:15:49" id="T13:15:49"><abbr title="2008-04-25T13:15:49+00:00">13:15:49</abbr></a>] <span>* jkridne1 is now known as jkridner|work</span></li>
<li class="join">[<a href="#T13:30:41" id="T13:30:41"><abbr title="2008-04-25T13:30:41+00:00">13:30:41</abbr></a>] <span>* BThompson (n=BThompso@nat/ti/x-d981115bb092a944) has joined #beagle</span></li>
<li class="join">[<a href="#T13:34:06" id="T13:34:06"><abbr title="2008-04-25T13:34:06+00:00">13:34:06</abbr></a>] <span>* prpplague (n=dave@mail.americanmicrosystems.com) has joined #beagle</span></li>
<li class="join">[<a href="#T13:42:40" id="T13:42:40"><abbr title="2008-04-25T13:42:40+00:00">13:42:40</abbr></a>] <span>* NishanthMenon (n=gnat@nat/ti/x-282193deb78deb98) has joined #beagle</span></li>
<li class="join">[<a href="#T13:53:06" id="T13:53:06"><abbr title="2008-04-25T13:53:06+00:00">13:53:06</abbr></a>] <span>* DarrenEtheridge (n=a0867391@nat/ti/x-8e40b29610d62648) has joined #beagle</span></li>
<li class="quit">[<a href="#T14:03:11" id="T14:03:11"><abbr title="2008-04-25T14:03:11+00:00">14:03:11</abbr></a>] <span>* borism (n=boris@194.126.108.2) Quit (Read error: 145 (Connection timed out))</span></li>
<li class="join">[<a href="#T14:07:14" id="T14:07:14"><abbr title="2008-04-25T14:07:14+00:00">14:07:14</abbr></a>] <span>* sakoman_ (n=sakoman@38.99.84.33) has joined #beagle</span></li>
<li class="message">[<a href="#T14:08:27" id="T14:08:27"><abbr title="2008-04-25T14:08:27+00:00">14:08:27</abbr></a>] &lt;<cite>sakoman_</cite>&gt; <q>koen:  did you ever get your boot issue resolved?</q></li>
<li class="part">[<a href="#T14:08:38" id="T14:08:38"><abbr title="2008-04-25T14:08:38+00:00">14:08:38</abbr></a>] <span>* DarrenEtheridge (n=a0867391@nat/ti/x-8e40b29610d62648) has left #beagle</span></li>
<li class="join">[<a href="#T14:18:19" id="T14:18:19"><abbr title="2008-04-25T14:18:19+00:00">14:18:19</abbr></a>] <span>* DarrenEtheridge (n=a0867391@nat/ti/x-5ac08f044c79ad35) has joined #beagle</span></li>
<li class="join">[<a href="#T14:19:38" id="T14:19:38"><abbr title="2008-04-25T14:19:38+00:00">14:19:38</abbr></a>] <span>* dirk2 (n=dirk@F33c5.f.strato-dslnet.de) has joined #beagle</span></li>
<li class="message">[<a href="#T14:28:47" id="T14:28:47"><abbr title="2008-04-25T14:28:47+00:00">14:28:47</abbr></a>] &lt;<cite>koen</cite>&gt; <q>sakoman_: sort of</q></li>
<li class="message">[<a href="#T14:28:55" id="T14:28:55"><abbr title="2008-04-25T14:28:55+00:00">14:28:55</abbr></a>] &lt;<cite>koen</cite>&gt; <q>dirk can boot, but still with an error</q></li>
<li class="message">[<a href="#T14:29:07" id="T14:29:07"><abbr title="2008-04-25T14:29:07+00:00">14:29:07</abbr></a>] &lt;<cite>koen</cite>&gt; <q>but I'm away from home atm</q></li>
<li class="message">[<a href="#T14:30:00" id="T14:30:00"><abbr title="2008-04-25T14:30:00+00:00">14:30:00</abbr></a>] &lt;<cite>sakoman_</cite>&gt; <q>me too :-)  Will get back later this evening, hopefully to a beagleboard on my doorstep</q></li>
<li class="message">[<a href="#T14:30:21" id="T14:30:21"><abbr title="2008-04-25T14:30:21+00:00">14:30:21</abbr></a>] &lt;<cite>koen</cite>&gt; <q>:)</q></li>
<li class="message">[<a href="#T14:31:21" id="T14:31:21"><abbr title="2008-04-25T14:31:21+00:00">14:31:21</abbr></a>] &lt;<cite>sakoman_</cite>&gt; <q>What was the issue?</q></li>
<li class="part">[<a href="#T14:31:34" id="T14:31:34"><abbr title="2008-04-25T14:31:34+00:00">14:31:34</abbr></a>] <span>* DarrenEtheridge (n=a0867391@nat/ti/x-5ac08f044c79ad35) has left #beagle</span></li>
<li class="message">[<a href="#T14:31:39" id="T14:31:39"><abbr title="2008-04-25T14:31:39+00:00">14:31:39</abbr></a>] &lt;<cite>koen</cite>&gt; <q>some problem with presumably the twl</q></li>
<li class="message">[<a href="#T14:32:04" id="T14:32:04"><abbr title="2008-04-25T14:32:04+00:00">14:32:04</abbr></a>] &lt;<cite>koen</cite>&gt; <q>sakoman_: <a href="http://marc.info/?l=linux-omap&amp;m=120912073530106&amp;w=2">http://marc.info/?l=linux-omap&amp;m=120912073530106&amp;w=2</a></q></li>
<li class="message">[<a href="#T14:34:31" id="T14:34:31"><abbr title="2008-04-25T14:34:31+00:00">14:34:31</abbr></a>] &lt;<cite>sakoman_</cite>&gt; <q>Hmmm . . . his output looks like mine now</q></li>
<li class="message">[<a href="#T14:34:55" id="T14:34:55"><abbr title="2008-04-25T14:34:55+00:00">14:34:55</abbr></a>] &lt;<cite>sakoman_</cite>&gt; <q>I've been meaning to look for the source of those i2c twl messages</q></li>
<li class="message">[<a href="#T14:35:24" id="T14:35:24"><abbr title="2008-04-25T14:35:24+00:00">14:35:24</abbr></a>] &lt;<cite>sakoman_</cite>&gt; <q>I seem to recall seeing them on the 2.6.22 kernel that ships with the evm so perhaps they are normal</q></li>
<li class="message">[<a href="#T14:35:38" id="T14:35:38"><abbr title="2008-04-25T14:35:38+00:00">14:35:38</abbr></a>] &lt;<cite>sakoman_</cite>&gt; <q>Or perhaps the evm sw has the same issue :-)</q></li>
<li class="message">[<a href="#T15:00:03" id="T15:00:03"><abbr title="2008-04-25T15:00:03+00:00">15:00:03</abbr></a>] &lt;<cite>koen</cite>&gt; <q>jkridner|work: <a href="http://lists.gnu.org/archive/html/discuss-gnuradio/2008-04/msg00263.html">http://lists.gnu.org/archive/html/discuss-gnuradio/2008-04/msg00263.html</a></q></li>
<li class="message">[<a href="#T15:01:33" id="T15:01:33"><abbr title="2008-04-25T15:01:33+00:00">15:01:33</abbr></a>] &lt;<cite>jkridner</cite>&gt; <q>looks to be confusion to me.</q></li>
<li class="message">[<a href="#T15:04:18" id="T15:04:18"><abbr title="2008-04-25T15:04:18+00:00">15:04:18</abbr></a>] &lt;<cite>jkridner|work</cite>&gt; <q>oh, I stared looking for the message on linux-omap@vger to try to respond.  didn't realize this was on another list.</q></li>
<li class="message">[<a href="#T15:04:45" id="T15:04:45"><abbr title="2008-04-25T15:04:45+00:00">15:04:45</abbr></a>] &lt;<cite>jkridner|work</cite>&gt; <q>responder doesn't seem to understand that you are on OMAP3, rather than an OMAP5912.</q></li>
<li class="message">[<a href="#T15:06:13" id="T15:06:13"><abbr title="2008-04-25T15:06:13+00:00">15:06:13</abbr></a>] &lt;<cite>jkridner|work</cite>&gt; <q>without being on the mailing list, I don't know how to respond in-thread.</q></li>
<li class="message">[<a href="#T15:06:54" id="T15:06:54"><abbr title="2008-04-25T15:06:54+00:00">15:06:54</abbr></a>] &lt;<cite>jkridner|work</cite>&gt; <q>ah, it looks like Brian already made the correction.</q></li>
<li class="message">[<a href="#T15:08:35" id="T15:08:35"><abbr title="2008-04-25T15:08:35+00:00">15:08:35</abbr></a>] &lt;<cite>jkridner|work</cite>&gt; <q>NEON is a big step, but the thread still seems to be missing the potential of the open C64x+ DSP on the device.</q></li>
<li class="join">[<a href="#T15:13:46" id="T15:13:46"><abbr title="2008-04-25T15:13:46+00:00">15:13:46</abbr></a>] <span>* khasim (n=a0393720@192.163.20.231) has joined #beagle</span></li>
<li class="message">[<a href="#T15:13:52" id="T15:13:52"><abbr title="2008-04-25T15:13:52+00:00">15:13:52</abbr></a>] &lt;<cite>jkridner</cite>&gt; <q>hi khasim</q></li>
<li class="message">[<a href="#T15:16:01" id="T15:16:01"><abbr title="2008-04-25T15:16:01+00:00">15:16:01</abbr></a>] &lt;<cite>dirk2</cite>&gt; <q>jkridner &amp; prpplague: Any news from OpenOCD discussion yesterday? I read Nishanth' blog <a href="http://nishanthmenon.blogspot.com/2008/04/odyssey-of-jtag-less-debug.html">http://nishanthmenon.blogspot.com/2008/04/odyssey-of-jtag-less-debug.html</a> and it seems that JTAG is really helpful for this sort of stuff ;)  </q></li>
<li class="message">[<a href="#T15:16:23" id="T15:16:23"><abbr title="2008-04-25T15:16:23+00:00">15:16:23</abbr></a>] &lt;<cite>prpplague</cite>&gt; <q>dirk2: indeed jtag is your friend</q></li>
<li class="message">[<a href="#T15:16:24" id="T15:16:24"><abbr title="2008-04-25T15:16:24+00:00">15:16:24</abbr></a>] &lt;<cite>jkridner</cite>&gt; <q>dirk2: JTAG can be very helpful.</q></li>
<li class="message">[<a href="#T15:17:00" id="T15:17:00"><abbr title="2008-04-25T15:17:00+00:00">15:17:00</abbr></a>] &lt;<cite>prpplague</cite>&gt; <q>dirk2: the core support for the coresight jtag on the cortex is present in openocd albeit it is geared towards the M3 currently</q></li>
<li class="message">[<a href="#T15:17:48" id="T15:17:48"><abbr title="2008-04-25T15:17:48+00:00">15:17:48</abbr></a>] &lt;<cite>dirk2</cite>&gt; <q>Already any idea what has to be done vor A8?</q></li>
<li class="message">[<a href="#T15:17:54" id="T15:17:54"><abbr title="2008-04-25T15:17:54+00:00">15:17:54</abbr></a>] &lt;<cite>prpplague</cite>&gt; <q>dirk2: i suspect that with only a change in cpuid, the M3 code would work with the A8</q></li>
<li class="message">[<a href="#T15:18:07" id="T15:18:07"><abbr title="2008-04-25T15:18:07+00:00">15:18:07</abbr></a>] &lt;<cite>prpplague</cite>&gt; <q>dirk2: the major portions as i  see it are for the MMU and cache support</q></li>
<li class="message">[<a href="#T15:18:25" id="T15:18:25"><abbr title="2008-04-25T15:18:25+00:00">15:18:25</abbr></a>] &lt;<cite>prpplague</cite>&gt; <q>dirk2: as well as some include files for A8 ids and such</q></li>
<li class="join">[<a href="#T15:18:29" id="T15:18:29"><abbr title="2008-04-25T15:18:29+00:00">15:18:29</abbr></a>] <span>* bazbell (n=bazbell@nat/ti/x-0696c1df0dfdb7a7) has joined #beagle</span></li>
<li class="message">[<a href="#T15:18:59" id="T15:18:59"><abbr title="2008-04-25T15:18:59+00:00">15:18:59</abbr></a>] &lt;<cite>dirk2</cite>&gt; <q>Any pointer to the M3 OpenOCD code? It is a patch and not in mainline yet, right?</q></li>
<li class="quit">[<a href="#T15:20:40" id="T15:20:40"><abbr title="2008-04-25T15:20:40+00:00">15:20:40</abbr></a>] <span>* sakoman_ (n=sakoman@38.99.84.33) Quit ("Ex-Chat")</span></li>
<li class="message">[<a href="#T15:21:09" id="T15:21:09"><abbr title="2008-04-25T15:21:09+00:00">15:21:09</abbr></a>] &lt;<cite>prpplague</cite>&gt; <q>dirk2: its mainline</q></li>
<li class="message">[<a href="#T15:22:56" id="T15:22:56"><abbr title="2008-04-25T15:22:56+00:00">15:22:56</abbr></a>] &lt;<cite>prpplague</cite>&gt; <q>dirk2: i'm willing to bet that if you change the M3 cpuid to that of an A8, it will probably come up with basic support</q></li>
<li class="message">[<a href="#T15:24:29" id="T15:24:29"><abbr title="2008-04-25T15:24:29+00:00">15:24:29</abbr></a>] &lt;<cite>dirk2</cite>&gt; <q>Next step would then to get the OMAP3 scan chain, right?</q></li>
<li class="message">[<a href="#T15:24:52" id="T15:24:52"><abbr title="2008-04-25T15:24:52+00:00">15:24:52</abbr></a>] &lt;<cite>prpplague</cite>&gt; <q>yea</q></li>
<li class="message">[<a href="#T15:25:18" id="T15:25:18"><abbr title="2008-04-25T15:25:18+00:00">15:25:18</abbr></a>] &lt;<cite>jkridner</cite>&gt; <q>do you just mean the bypass vs. the cortex-a8?</q></li>
<li class="message">[<a href="#T15:26:24" id="T15:26:24"><abbr title="2008-04-25T15:26:24+00:00">15:26:24</abbr></a>] &lt;<cite>prpplague</cite>&gt; <q>yea</q></li>
<li class="message">[<a href="#T15:26:38" id="T15:26:38"><abbr title="2008-04-25T15:26:38+00:00">15:26:38</abbr></a>] &lt;<cite>prpplague</cite>&gt; <q>jkridner: is there a bsdl file posted for the OMAP3?</q></li>
<li class="message">[<a href="#T15:27:12" id="T15:27:12"><abbr title="2008-04-25T15:27:12+00:00">15:27:12</abbr></a>] &lt;<cite>prpplague</cite>&gt; <q>we can do most of the OCD stuff without the bsdl</q></li>
<li class="message">[<a href="#T15:27:17" id="T15:27:17"><abbr title="2008-04-25T15:27:17+00:00">15:27:17</abbr></a>] &lt;<cite>prpplague</cite>&gt; <q>but it would be nice</q></li>
<li class="message">[<a href="#T15:27:30" id="T15:27:30"><abbr title="2008-04-25T15:27:30+00:00">15:27:30</abbr></a>] &lt;<cite>jkridner|work</cite>&gt; <q>checking.</q></li>
<li class="join">[<a href="#T15:28:13" id="T15:28:13"><abbr title="2008-04-25T15:28:13+00:00">15:28:13</abbr></a>] <span>* khasi1 (n=a0393720@192.163.20.231) has joined #beagle</span></li>
<li class="message">[<a href="#T15:28:15" id="T15:28:15"><abbr title="2008-04-25T15:28:15+00:00">15:28:15</abbr></a>] &lt;<cite>jkridner</cite>&gt; <q>btw, I don't think that BSDL would help you that much would it?</q></li>
<li class="message">[<a href="#T15:29:06" id="T15:29:06"><abbr title="2008-04-25T15:29:06+00:00">15:29:06</abbr></a>] &lt;<cite>prpplague</cite>&gt; <q>jkridner: not for the OCD portion</q></li>
<li class="message">[<a href="#T15:29:09" id="T15:29:09"><abbr title="2008-04-25T15:29:09+00:00">15:29:09</abbr></a>] &lt;<cite>jkridner|work</cite>&gt; <q>it is just the boundary portion.  the CCS config contains the CPU scan lengths.</q></li>
<li class="message">[<a href="#T15:29:11" id="T15:29:11"><abbr title="2008-04-25T15:29:11+00:00">15:29:11</abbr></a>] &lt;<cite>prpplague</cite>&gt; <q>jkridner: but its nice to have</q></li>
<li class="message">[<a href="#T15:29:16" id="T15:29:16"><abbr title="2008-04-25T15:29:16+00:00">15:29:16</abbr></a>] &lt;<cite>jkridner|work</cite>&gt; <q>k.  sure.</q></li>
<li class="message">[<a href="#T15:29:22" id="T15:29:22"><abbr title="2008-04-25T15:29:22+00:00">15:29:22</abbr></a>] &lt;<cite>jkridner|work</cite>&gt; <q>just making sure I understood.</q></li>
<li class="message">[<a href="#T15:29:26" id="T15:29:26"><abbr title="2008-04-25T15:29:26+00:00">15:29:26</abbr></a>] &lt;<cite>prpplague</cite>&gt; <q>yea</q></li>
<li class="quit">[<a href="#T15:31:54" id="T15:31:54"><abbr title="2008-04-25T15:31:54+00:00">15:31:54</abbr></a>] <span>* khasim (n=a0393720@192.163.20.231) Quit (Remote closed the connection)</span></li>
<li class="join">[<a href="#T15:39:35" id="T15:39:35"><abbr title="2008-04-25T15:39:35+00:00">15:39:35</abbr></a>] <span>* khasim (n=a0393720@192.163.20.231) has joined #beagle</span></li>
<li class="message">[<a href="#T15:43:07" id="T15:43:07"><abbr title="2008-04-25T15:43:07+00:00">15:43:07</abbr></a>] &lt;<cite>dirk2</cite>&gt; <q>OpenOCD conclusion: Take OpenOCD from mainline, change M3 cpuid to A8 (somewhere in ARM manuals?), take CPU scan lengths from CCS config, connect Flyswatter and see what happens.</q></li>
<li class="message">[<a href="#T15:43:43" id="T15:43:43"><abbr title="2008-04-25T15:43:43+00:00">15:43:43</abbr></a>] &lt;<cite>prpplague</cite>&gt; <q>dirk2: yep pretty much</q></li>
<li class="message">[<a href="#T15:43:56" id="T15:43:56"><abbr title="2008-04-25T15:43:56+00:00">15:43:56</abbr></a>] &lt;<cite>prpplague</cite>&gt; <q>dirk2: you can go with the current mainline, set it up as a M3</q></li>
<li class="message">[<a href="#T15:44:22" id="T15:44:22"><abbr title="2008-04-25T15:44:22+00:00">15:44:22</abbr></a>] &lt;<cite>prpplague</cite>&gt; <q>dirk2: as it begins to connect it will say something like "expect cpuid of xxxxxx but got yyyyyy"</q></li>
<li class="quit">[<a href="#T15:45:27" id="T15:45:27"><abbr title="2008-04-25T15:45:27+00:00">15:45:27</abbr></a>] <span>* khasi1 (n=a0393720@192.163.20.231) Quit (Remote closed the connection)</span></li>
<li class="message">[<a href="#T15:46:11" id="T15:46:11"><abbr title="2008-04-25T15:46:11+00:00">15:46:11</abbr></a>] &lt;<cite>dirk2</cite>&gt; <q>Sounds like I should order a Flyswatter or any other OpenOCD tool ;)</q></li>
<li class="message">[<a href="#T15:48:55" id="T15:48:55"><abbr title="2008-04-25T15:48:55+00:00">15:48:55</abbr></a>] &lt;<cite>dirk2</cite>&gt; <q>"expect cpuid of xxxxxx but got yyyyyy": Have to scan the IRC log. I think to remember that jkridner sent the output from his Flyswatter tests...</q></li>
<li class="message">[<a href="#T15:49:24" id="T15:49:24"><abbr title="2008-04-25T15:49:24+00:00">15:49:24</abbr></a>] &lt;<cite>dirk2</cite>&gt; <q>Btw: is there any search option for the IRC logs?</q></li>
<li class="message">[<a href="#T15:51:48" id="T15:51:48"><abbr title="2008-04-25T15:51:48+00:00">15:51:48</abbr></a>] &lt;<cite>prpplague</cite>&gt; <q>i don't know where #beagle is logged</q></li>
<li class="message">[<a href="#T15:51:59" id="T15:51:59"><abbr title="2008-04-25T15:51:59+00:00">15:51:59</abbr></a>] &lt;<cite>jkridner</cite>&gt; <q><a href="http://www.beagleboard.org/irclogs">http://www.beagleboard.org/irclogs</a></q></li>
<li class="message">[<a href="#T15:52:37" id="T15:52:37"><abbr title="2008-04-25T15:52:37+00:00">15:52:37</abbr></a>] &lt;<cite>jkridner</cite>&gt; <q>no search option today.  not sure what the license restrictions are for making a Google custom search.</q></li>
<li class="message">[<a href="#T15:52:59" id="T15:52:59"><abbr title="2008-04-25T15:52:59+00:00">15:52:59</abbr></a>] &lt;<cite>jkridner</cite>&gt; <q>I really need to add the filtering they have on microformats.org.</q></li>
<li class="message">[<a href="#T15:54:19" id="T15:54:19"><abbr title="2008-04-25T15:54:19+00:00">15:54:19</abbr></a>] &lt;<cite>jkridner</cite>&gt; <q><a href="http://rbach.priv.at/Microformats/IRC/">http://rbach.priv.at/Microformats/IRC/</a> has some simple javascript for filtering.</q></li>
<li class="message">[<a href="#T15:54:24" id="T15:54:24"><abbr title="2008-04-25T15:54:24+00:00">15:54:24</abbr></a>] &lt;<cite>jkridner</cite>&gt; <q>still needs a search.</q></li>
<li class="message">[<a href="#T15:54:45" id="T15:54:45"><abbr title="2008-04-25T15:54:45+00:00">15:54:45</abbr></a>] &lt;<cite>jkridner</cite>&gt; <q>I believe using Google is easiest.</q></li>
<li class="message">[<a href="#T15:55:14" id="T15:55:14"><abbr title="2008-04-25T15:55:14+00:00">15:55:14</abbr></a>] &lt;<cite>ali_as_</cite>&gt; <q>No result for cpuid site:beagleboard.org</q></li>
<li class="message">[<a href="#T15:56:18" id="T15:56:18"><abbr title="2008-04-25T15:56:18+00:00">15:56:18</abbr></a>] &lt;<cite>NishanthMenon</cite>&gt; <q><a href="http://www.google.com/search?hl=en&amp;lr=&amp;as_qdr=all&amp;q=prpplague+site%3Abeagleboard.org">http://www.google.com/search?hl=en&amp;lr=&amp;as_qdr=all&amp;q=prpplague+site%3Abeagleboard.org</a></q></li>
<li class="action">[<a href="#T15:56:46" id="T15:56:46"><abbr title="2008-04-25T15:56:46+00:00">15:56:46</abbr></a>] <span>* prpplague looks</span></li>
<li class="message">[<a href="#T15:56:49" id="T15:56:49"><abbr title="2008-04-25T15:56:49+00:00">15:56:49</abbr></a>] &lt;<cite>NishanthMenon</cite>&gt; <q>;)</q></li>
<li class="action">[<a href="#T15:57:09" id="T15:57:09"><abbr title="2008-04-25T15:57:09+00:00">15:57:09</abbr></a>] <span>* NishanthMenon going to back to meeting after distraction :D</span></li>
<li class="message">[<a href="#T15:57:37" id="T15:57:37"><abbr title="2008-04-25T15:57:37+00:00">15:57:37</abbr></a>] &lt;<cite>ali_as_</cite>&gt; <q>Only 15 results.   Maybe google isn't indexing them all.</q></li>
<li class="join">[<a href="#T15:59:49" id="T15:59:49"><abbr title="2008-04-25T15:59:49+00:00">15:59:49</abbr></a>] <span>* PibbRelay (n=supybot@nat/janrain/x-2610b6d3c23fcb7f) has joined #beagle</span></li>
<li class="message">[<a href="#T16:01:14" id="T16:01:14"><abbr title="2008-04-25T16:01:14+00:00">16:01:14</abbr></a>] &lt;<cite>dirk2</cite>&gt; <q>Found: <a href="http://www.beagleboard.org/irclogs/index.php?date=2008-04-08#T17:42:26">http://www.beagleboard.org/irclogs/index.php?date=2008-04-08#T17:42:26</a></q></li>
<li class="message">[<a href="#T16:01:50" id="T16:01:50"><abbr title="2008-04-25T16:01:50+00:00">16:01:50</abbr></a>] &lt;<cite>dirk2</cite>&gt; <q>Nothing about cpuid though</q></li>
<li class="message">[<a href="#T16:03:56" id="T16:03:56"><abbr title="2008-04-25T16:03:56+00:00">16:03:56</abbr></a>] &lt;<cite>ali_as_</cite>&gt; <q>Well, you'll know it hen you have an interface, so can alter the code then.</q></li>
<li class="part">[<a href="#T16:21:21" id="T16:21:21"><abbr title="2008-04-25T16:21:21+00:00">16:21:21</abbr></a>] <span>* khilman (n=khilman@deeprooted.net) has left #beagle</span></li>
<li class="part">[<a href="#T16:25:41" id="T16:25:41"><abbr title="2008-04-25T16:25:41+00:00">16:25:41</abbr></a>] <span>* dirk2 (n=dirk@F33c5.f.strato-dslnet.de) has left #beagle</span></li>
<li class="quit">[<a href="#T16:29:23" id="T16:29:23"><abbr title="2008-04-25T16:29:23+00:00">16:29:23</abbr></a>] <span>* khasim (n=a0393720@192.163.20.231) Quit (Remote closed the connection)</span></li>
<li class="join">[<a href="#T16:32:33" id="T16:32:33"><abbr title="2008-04-25T16:32:33+00:00">16:32:33</abbr></a>] <span>* borism (n=boris@84-50-229-55-dsl.krw.estpak.ee) has joined #beagle</span></li>
<li class="join">[<a href="#T16:32:41" id="T16:32:41"><abbr title="2008-04-25T16:32:41+00:00">16:32:41</abbr></a>] <span>* Crofton (n=balister@ool-44c5cb00.dyn.optonline.net) has joined #beagle</span></li>
<li class="message">[<a href="#T16:34:21" id="T16:34:21"><abbr title="2008-04-25T16:34:21+00:00">16:34:21</abbr></a>] &lt;<cite>jkridner|work</cite>&gt; <q>k, I added the script to make the logs a bit more human readable and navigation between days.  (you can turn off the enters/exits with the cookie.)</q></li>
<li class="join">[<a href="#T17:00:21" id="T17:00:21"><abbr title="2008-04-25T17:00:21+00:00">17:00:21</abbr></a>] <span>* khasim (n=a0393720@192.163.20.231) has joined #beagle</span></li>
<li class="join">[<a href="#T17:31:37" id="T17:31:37"><abbr title="2008-04-25T17:31:37+00:00">17:31:37</abbr></a>] <span>* likewise (n=likewise@82-171-51-231.ip.telfort.nl) has joined #beagle</span></li>
<li class="join">[<a href="#T17:37:15" id="T17:37:15"><abbr title="2008-04-25T17:37:15+00:00">17:37:15</abbr></a>] <span>* khasi1 (n=a0393720@192.163.20.231) has joined #beagle</span></li>
<li class="join">[<a href="#T17:40:00" id="T17:40:00"><abbr title="2008-04-25T17:40:00+00:00">17:40:00</abbr></a>] <span>* ldesnogu (n=ldesnogu@ven06-2-82-247-86-183.fbx.proxad.net) has joined #beagle</span></li>
<li class="message">[<a href="#T17:40:10" id="T17:40:10"><abbr title="2008-04-25T17:40:10+00:00">17:40:10</abbr></a>] &lt;<cite>ldesnogu</cite>&gt; <q>hello</q></li>
<li class="message">[<a href="#T17:43:24" id="T17:43:24"><abbr title="2008-04-25T17:43:24+00:00">17:43:24</abbr></a>] &lt;<cite>jkridner|work</cite>&gt; <q>hello ldesnogu.  hopefully your C64x+ programming is going ahead fine.</q></li>
<li class="message">[<a href="#T17:43:50" id="T17:43:50"><abbr title="2008-04-25T17:43:50+00:00">17:43:50</abbr></a>] &lt;<cite>ldesnogu</cite>&gt; <q>hum I don't really do C64x+ programming yet :)</q></li>
<li class="message">[<a href="#T17:44:14" id="T17:44:14"><abbr title="2008-04-25T17:44:14+00:00">17:44:14</abbr></a>] &lt;<cite>ldesnogu</cite>&gt; <q>first I write a disassembler then the cycle accurate simulator and then I will start playing ;)</q></li>
<li class="message">[<a href="#T17:44:20" id="T17:44:20"><abbr title="2008-04-25T17:44:20+00:00">17:44:20</abbr></a>] &lt;<cite>jkridner|work</cite>&gt; <q>RogerMonk, have you tried Koen's OE build for Beagle?</q></li>
<li class="message">[<a href="#T17:44:49" id="T17:44:49"><abbr title="2008-04-25T17:44:49+00:00">17:44:49</abbr></a>] &lt;<cite>ldesnogu</cite>&gt; <q>jkridner|work: is the release of Linux c6x tools still in the work?</q></li>
<li class="message">[<a href="#T17:44:58" id="T17:44:58"><abbr title="2008-04-25T17:44:58+00:00">17:44:58</abbr></a>] &lt;<cite>jkridner|work</cite>&gt; <q>yes</q></li>
<li class="message">[<a href="#T17:45:44" id="T17:45:44"><abbr title="2008-04-25T17:45:44+00:00">17:45:44</abbr></a>] &lt;<cite>RogerMonk</cite>&gt; <q>Nope - what's the best place for me to start - I'd like to give it a go with OE</q></li>
<li class="message">[<a href="#T17:45:45" id="T17:45:45"><abbr title="2008-04-25T17:45:45+00:00">17:45:45</abbr></a>] &lt;<cite>ldesnogu</cite>&gt; <q>did you what I wrote on gp2x board regarding the linux cgt 5.0 available on TI FTP site?</q></li>
<li class="message">[<a href="#T17:46:03" id="T17:46:03"><abbr title="2008-04-25T17:46:03+00:00">17:46:03</abbr></a>] &lt;<cite>ldesnogu</cite>&gt; <q>I think TI should clean their FTP...</q></li>
<li class="quit">[<a href="#T17:49:35" id="T17:49:35"><abbr title="2008-04-25T17:49:35+00:00">17:49:35</abbr></a>] <span>* khasim (n=a0393720@192.163.20.231) Quit (Remote closed the connection)</span></li>
<li class="message">[<a href="#T17:51:42" id="T17:51:42"><abbr title="2008-04-25T17:51:42+00:00">17:51:42</abbr></a>] &lt;<cite>RogerMonk</cite>&gt; <q>Jason - where should I grab it from? - can you (or koen) post me a link?</q></li>
<li class="message">[<a href="#T17:51:47" id="T17:51:47"><abbr title="2008-04-25T17:51:47+00:00">17:51:47</abbr></a>] &lt;<cite>RogerMonk</cite>&gt; <q>pls</q></li>
<li class="message">[<a href="#T17:59:28" id="T17:59:28"><abbr title="2008-04-25T17:59:28+00:00">17:59:28</abbr></a>] &lt;<cite>Crofton</cite>&gt; <q><a href="http://amethyst.openembedded.net/~koen/index.php?path=beagleboard/">http://amethyst.openembedded.net/~koen/index.php?path=beagleboard/</a></q></li>
<li class="message">[<a href="#T17:59:36" id="T17:59:36"><abbr title="2008-04-25T17:59:36+00:00">17:59:36</abbr></a>] &lt;<cite>Crofton</cite>&gt; <q>not sure if the kernels work</q></li>
<li class="message">[<a href="#T18:00:19" id="T18:00:19"><abbr title="2008-04-25T18:00:19+00:00">18:00:19</abbr></a>] &lt;<cite>Crofton</cite>&gt; <q>jkridner, what's the story on DSP programming tools</q></li>
<li class="message">[<a href="#T18:00:35" id="T18:00:35"><abbr title="2008-04-25T18:00:35+00:00">18:00:35</abbr></a>] &lt;<cite>Crofton</cite>&gt; <q>some guy in #gnuradio heard CCS was going away?</q></li>
<li class="message">[<a href="#T18:03:00" id="T18:03:00"><abbr title="2008-04-25T18:03:00+00:00">18:03:00</abbr></a>] &lt;<cite>ldesnogu</cite>&gt; <q>they can't let all of CCS go away, at least not the codegen tools part...</q></li>
<li class="message">[<a href="#T18:03:32" id="T18:03:32"><abbr title="2008-04-25T18:03:32+00:00">18:03:32</abbr></a>] &lt;<cite>Crofton</cite>&gt; <q>jkridner, I "trolled" the gnu radio list with a photo of the beagle connected to a USPR</q></li>
<li class="message">[<a href="#T18:03:34" id="T18:03:34"><abbr title="2008-04-25T18:03:34+00:00">18:03:34</abbr></a>] &lt;<cite>Crofton</cite>&gt; <q><a href="http://lists.gnu.org/archive/html/discuss-gnuradio/2008-04/threads.html">http://lists.gnu.org/archive/html/discuss-gnuradio/2008-04/threads.html</a></q></li>
<li class="message">[<a href="#T18:04:02" id="T18:04:02"><abbr title="2008-04-25T18:04:02+00:00">18:04:02</abbr></a>] &lt;<cite>Crofton</cite>&gt; <q>I got a couple of interesting responses</q></li>
<li class="message">[<a href="#T18:04:44" id="T18:04:44"><abbr title="2008-04-25T18:04:44+00:00">18:04:44</abbr></a>] &lt;<cite>Crofton</cite>&gt; <q>the one from Jeff Brower was amsuing</q></li>
<li class="message">[<a href="#T18:07:54" id="T18:07:54"><abbr title="2008-04-25T18:07:54+00:00">18:07:54</abbr></a>] &lt;<cite>Crofton</cite>&gt; <q>ldesnogu, it sounded like an odd story to me</q></li>
<li class="message">[<a href="#T18:08:20" id="T18:08:20"><abbr title="2008-04-25T18:08:20+00:00">18:08:20</abbr></a>] &lt;<cite>Crofton</cite>&gt; <q>I am very interested in anything that makes the DSP more accessible to the "amateur" crowd</q></li>
<li class="message">[<a href="#T18:08:57" id="T18:08:57"><abbr title="2008-04-25T18:08:57+00:00">18:08:57</abbr></a>] &lt;<cite>ldesnogu</cite>&gt; <q>well if they give up on CCS and open source the codegen tools I could not be happier, but as you I don't think TI will drop CCS</q></li>
<li class="message">[<a href="#T18:09:12" id="T18:09:12"><abbr title="2008-04-25T18:09:12+00:00">18:09:12</abbr></a>] &lt;<cite>Crofton</cite>&gt; <q>did you read this email</q></li>
<li class="message">[<a href="#T18:09:20" id="T18:09:20"><abbr title="2008-04-25T18:09:20+00:00">18:09:20</abbr></a>] &lt;<cite>Crofton</cite>&gt; <q><a href="http://lists.gnu.org/archive/html/discuss-gnuradio/2008-04/msg00266.html">http://lists.gnu.org/archive/html/discuss-gnuradio/2008-04/msg00266.html</a></q></li>
<li class="message">[<a href="#T18:10:25" id="T18:10:25"><abbr title="2008-04-25T18:10:25+00:00">18:10:25</abbr></a>] &lt;<cite>ldesnogu</cite>&gt; <q>there are so many wrong things in that thread, that's crazy</q></li>
<li class="message">[<a href="#T18:11:27" id="T18:11:27"><abbr title="2008-04-25T18:11:27+00:00">18:11:27</abbr></a>] &lt;<cite>ldesnogu</cite>&gt; <q>it looks people are unable to track ARM architecture, I guess it's the price to pay for being so secretive :(</q></li>
<li class="join">[<a href="#T18:11:33" id="T18:11:33"><abbr title="2008-04-25T18:11:33+00:00">18:11:33</abbr></a>] <span>* altex4 (n=x0084519@nat/ti/x-ca4e402b8a2b88f8) has joined #beagle</span></li>
<li class="message">[<a href="#T18:12:27" id="T18:12:27"><abbr title="2008-04-25T18:12:27+00:00">18:12:27</abbr></a>] &lt;<cite>Crofton</cite>&gt; <q>I find the product line confusing</q></li>
<li class="message">[<a href="#T18:12:38" id="T18:12:38"><abbr title="2008-04-25T18:12:38+00:00">18:12:38</abbr></a>] &lt;<cite>Crofton</cite>&gt; <q>but I think they sorted themselves out fairly quickly</q></li>
<li class="message">[<a href="#T18:13:33" id="T18:13:33"><abbr title="2008-04-25T18:13:33+00:00">18:13:33</abbr></a>] &lt;<cite>Crofton</cite>&gt; <q>it will be interesting to see if anyone develops a really cool sdr app</q></li>
<li class="message">[<a href="#T18:13:53" id="T18:13:53"><abbr title="2008-04-25T18:13:53+00:00">18:13:53</abbr></a>] &lt;<cite>ldesnogu</cite>&gt; <q>using c64+ or NEON? :)</q></li>
<li class="message">[<a href="#T18:14:01" id="T18:14:01"><abbr title="2008-04-25T18:14:01+00:00">18:14:01</abbr></a>] &lt;<cite>Crofton</cite>&gt; <q>put the right hw in people's hands at a price they can afford</q></li>
<li class="message">[<a href="#T18:14:07" id="T18:14:07"><abbr title="2008-04-25T18:14:07+00:00">18:14:07</abbr></a>] &lt;<cite>Crofton</cite>&gt; <q>yeah</q></li>
<li class="message">[<a href="#T18:14:09" id="T18:14:09"><abbr title="2008-04-25T18:14:09+00:00">18:14:09</abbr></a>] &lt;<cite>Crofton</cite>&gt; <q>exactly</q></li>
<li class="message">[<a href="#T18:14:17" id="T18:14:17"><abbr title="2008-04-25T18:14:17+00:00">18:14:17</abbr></a>] &lt;<cite>Crofton</cite>&gt; <q>hw + tools .....</q></li>
<li class="message">[<abbr title="2008-04-25T18:14:17+00:00">18:14:17</abbr>] &lt;<cite>ldesnogu</cite>&gt; <q>I don't know anything about SDR but my understanding was that dedicated HW is the way to go</q></li>
<li class="message">[<a href="#T18:14:43" id="T18:14:43"><abbr title="2008-04-25T18:14:43+00:00">18:14:43</abbr></a>] &lt;<cite>Crofton</cite>&gt; <q>lots of people sell boards with FPGA + DSP +GPP</q></li>
<li class="message">[<a href="#T18:14:56" id="T18:14:56"><abbr title="2008-04-25T18:14:56+00:00">18:14:56</abbr></a>] &lt;<cite>Crofton</cite>&gt; <q>USRP provides FPGA</q></li>
<li class="message">[<a href="#T18:17:19" id="T18:17:19"><abbr title="2008-04-25T18:17:19+00:00">18:17:19</abbr></a>] &lt;<cite>RogerMonk</cite>&gt; <q>Crofton, thanks for the link</q></li>
<li class="message">[<a href="#T18:17:58" id="T18:17:58"><abbr title="2008-04-25T18:17:58+00:00">18:17:58</abbr></a>] &lt;<cite>RogerMonk</cite>&gt; <q>CCS isn't going away - some of it is being reworked, but not going away</q></li>
<li class="message">[<a href="#T18:18:26" id="T18:18:26"><abbr title="2008-04-25T18:18:26+00:00">18:18:26</abbr></a>] &lt;<cite>Crofton</cite>&gt; <q>any thoughts on how to improve accessibility to the "amateur" crowd</q></li>
<li class="message">[<a href="#T18:18:43" id="T18:18:43"><abbr title="2008-04-25T18:18:43+00:00">18:18:43</abbr></a>] &lt;<cite>Crofton</cite>&gt; <q>I use the word amateur in the sense of people that do things for love</q></li>
<li class="message">[<a href="#T18:18:52" id="T18:18:52"><abbr title="2008-04-25T18:18:52+00:00">18:18:52</abbr></a>] &lt;<cite>Crofton</cite>&gt; <q>or something like that :)</q></li>
<li class="message">[<a href="#T18:19:13" id="T18:19:13"><abbr title="2008-04-25T18:19:13+00:00">18:19:13</abbr></a>] &lt;<cite>Crofton</cite>&gt; <q>the latin root for amateur is the word for love</q></li>
<li class="message">[<a href="#T18:19:16" id="T18:19:16"><abbr title="2008-04-25T18:19:16+00:00">18:19:16</abbr></a>] &lt;<cite>Crofton</cite>&gt; <q>I think</q></li>
<li class="message">[<a href="#T18:21:08" id="T18:21:08"><abbr title="2008-04-25T18:21:08+00:00">18:21:08</abbr></a>] &lt;<cite>RogerMonk</cite>&gt; <q>I hear you....</q></li>
<li class="message">[<a href="#T18:22:52" id="T18:22:52"><abbr title="2008-04-25T18:22:52+00:00">18:22:52</abbr></a>] &lt;<cite>Crofton</cite>&gt; <q>lots of people are listening</q></li>
<li class="message">[<a href="#T18:24:33" id="T18:24:33"><abbr title="2008-04-25T18:24:33+00:00">18:24:33</abbr></a>] &lt;<cite>jkridner|work</cite>&gt; <q>altex4: how is your summary of Beagle news from the IRC logs going?</q></li>
<li class="message">[<a href="#T18:24:56" id="T18:24:56"><abbr title="2008-04-25T18:24:56+00:00">18:24:56</abbr></a>] &lt;<cite>ldesnogu</cite>&gt; <q>Crofton: jkridner|work told the process of getting free (for open source) tools for c64x+ is ongoing</q></li>
<li class="message">[<a href="#T18:26:18" id="T18:26:18"><abbr title="2008-04-25T18:26:18+00:00">18:26:18</abbr></a>] &lt;<cite>jkridner|work</cite>&gt; <q>prpplague: <a href="http://focus.ti.com/dsp/docs/dspsupporttechdocs.tsp?sectionId=3&amp;tabId=409&amp;familyId=1526&amp;documentCategoryId=4&amp;techDoc=4">http://focus.ti.com/dsp/docs/dspsupporttechdocs.tsp?sectionId=3&amp;tabId=409&amp;familyId=1526&amp;documentCategoryId=4&amp;techDoc=4</a></q></li>
<li class="action">[<a href="#T18:26:33" id="T18:26:33"><abbr title="2008-04-25T18:26:33+00:00">18:26:33</abbr></a>] <span>* prpplague looks</span></li>
<li class="action">[<a href="#T18:26:51" id="T18:26:51"><abbr title="2008-04-25T18:26:51+00:00">18:26:51</abbr></a>] <span>* prpplague bookmarks</span></li>
<li class="message">[<a href="#T18:27:53" id="T18:27:53"><abbr title="2008-04-25T18:27:53+00:00">18:27:53</abbr></a>] &lt;<cite>Crofton</cite>&gt; <q>ah jtag definitions?</q></li>
<li class="quit">[<a href="#T18:30:00" id="T18:30:00"><abbr title="2008-04-25T18:30:00+00:00">18:30:00</abbr></a>] <span>* likewise (n=likewise@82-171-51-231.ip.telfort.nl) Quit ()</span></li>
<li class="message">[<a href="#T18:39:20" id="T18:39:20"><abbr title="2008-04-25T18:39:20+00:00">18:39:20</abbr></a>] &lt;<cite>jkridner|work</cite>&gt; <q>boundary scan definition.  For board tests, not necessarily debuggers.</q></li>
<li class="message">[<a href="#T18:39:35" id="T18:39:35"><abbr title="2008-04-25T18:39:35+00:00">18:39:35</abbr></a>] &lt;<cite>jkridner|work</cite>&gt; <q>altex4: ping</q></li>
<li class="message">[<a href="#T18:41:16" id="T18:41:16"><abbr title="2008-04-25T18:41:16+00:00">18:41:16</abbr></a>] &lt;<cite>altex4</cite>&gt; <q>hey jason, the logs are coming along, i'm just trying to differentiate the beagle-related discussion from the wild tangents that tend to happen in chat-style discussions</q></li>
<li class="message">[<a href="#T18:41:26" id="T18:41:26"><abbr title="2008-04-25T18:41:26+00:00">18:41:26</abbr></a>] &lt;<cite>jkridner|work</cite>&gt; <q>:)</q></li>
<li class="message">[<a href="#T18:41:44" id="T18:41:44"><abbr title="2008-04-25T18:41:44+00:00">18:41:44</abbr></a>] &lt;<cite>jkridner|work</cite>&gt; <q>I was hopeful that the folks here could help summarize the events of the week.</q></li>
<li class="message">[<a href="#T18:42:28" id="T18:42:28"><abbr title="2008-04-25T18:42:28+00:00">18:42:28</abbr></a>] &lt;<cite>jkridner|work</cite>&gt; <q>for others, I'm trying to get altex4 to start doing some write-ups the next couple of weeks on <a href="http://beagleboard.blogspot.com">http://beagleboard.blogspot.com</a> to summarize the discussion activity going on here.</q></li>
<li class="action">[<a href="#T18:42:42" id="T18:42:42"><abbr title="2008-04-25T18:42:42+00:00">18:42:42</abbr></a>] <span>* Crofton traveled to New Jersey to retrieve wife and visit sister in law in hospital</span></li>
<li class="message">[<a href="#T18:43:15" id="T18:43:15"><abbr title="2008-04-25T18:43:15+00:00">18:43:15</abbr></a>] &lt;<cite>Crofton</cite>&gt; <q>gotta run, next week should be better</q></li>
<li class="quit">[<a href="#T18:43:35" id="T18:43:35"><abbr title="2008-04-25T18:43:35+00:00">18:43:35</abbr></a>] <span>* Crofton (n=balister@ool-44c5cb00.dyn.optonline.net) Quit ("Leaving")</span></li>
<li class="message">[<a href="#T18:44:01" id="T18:44:01"><abbr title="2008-04-25T18:44:01+00:00">18:44:01</abbr></a>] &lt;<cite>jkridner|work</cite>&gt; <q>this area seems to be the most active discussion on Beagle and I wanted to let the people who read the RSS feed in on some our activity and get some concentration on the issues being faced and information being shared.</q></li>
<li class="message">[<a href="#T18:45:09" id="T18:45:09"><abbr title="2008-04-25T18:45:09+00:00">18:45:09</abbr></a>] &lt;<cite>jkridner|work</cite>&gt; <q>ldesnogu: I haven't seen what you've written about the "linux cgt 5.0 available on TI ftp site"</q></li>
<li class="message">[<a href="#T18:45:13" id="T18:45:13"><abbr title="2008-04-25T18:45:13+00:00">18:45:13</abbr></a>] &lt;<cite>jkridner|work</cite>&gt; <q>what did you write?</q></li>
<li class="message">[<a href="#T18:45:42" id="T18:45:42"><abbr title="2008-04-25T18:45:42+00:00">18:45:42</abbr></a>] &lt;<cite>ldesnogu</cite>&gt; <q><a href="http://www.gp32x.com/board/index.php?s=&amp;showtopic=40888&amp;view=findpost&amp;p=597855">http://www.gp32x.com/board/index.php?s=&amp;showtopic=40888&amp;view=findpost&amp;p=597855</a></q></li>
<li class="message">[<a href="#T18:45:58" id="T18:45:58"><abbr title="2008-04-25T18:45:58+00:00">18:45:58</abbr></a>] &lt;<cite>jkridner|work</cite>&gt; <q>ldesnogu: what is it you believe is so secretive?</q></li>
<li class="message">[<a href="#T18:46:29" id="T18:46:29"><abbr title="2008-04-25T18:46:29+00:00">18:46:29</abbr></a>] &lt;<cite>ldesnogu</cite>&gt; <q>regarding ARM? The way the architecture manual is (or rather is not...) available</q></li>
<li class="message">[<a href="#T18:46:36" id="T18:46:36"><abbr title="2008-04-25T18:46:36+00:00">18:46:36</abbr></a>] &lt;<cite>ldesnogu</cite>&gt; <q>also no chip errata</q></li>
<li class="message">[<a href="#T18:47:37" id="T18:47:37"><abbr title="2008-04-25T18:47:37+00:00">18:47:37</abbr></a>] &lt;<cite>ldesnogu</cite>&gt; <q>jkridner|work: if you consider the link should be removed, I will gladly update my post, and also the Pandora WIKI</q></li>
<li class="message">[<a href="#T18:47:44" id="T18:47:44"><abbr title="2008-04-25T18:47:44+00:00">18:47:44</abbr></a>] &lt;<cite>jkridner|work</cite>&gt; <q>for which device?  The one being dicsused on this channel is <a href="http://www.ti.com/omap35x">http://www.ti.com/omap35x</a></q></li>
<li class="message">[<a href="#T18:49:58" id="T18:49:58"><abbr title="2008-04-25T18:49:58+00:00">18:49:58</abbr></a>] &lt;<cite>ldesnogu</cite>&gt; <q>well where is ARMv7 ARM ARM ? :)</q></li>
<li class="message">[<a href="#T18:50:03" id="T18:50:03"><abbr title="2008-04-25T18:50:03+00:00">18:50:03</abbr></a>] &lt;<cite>ldesnogu</cite>&gt; <q>with no restriction</q></li>
<li class="message">[<a href="#T18:52:03" id="T18:52:03"><abbr title="2008-04-25T18:52:03+00:00">18:52:03</abbr></a>] &lt;<cite>jkridner|work</cite>&gt; <q>ARMv7 is an instruction set provided by ARM.  We haven't done any crazy proprietary extensions to the ARM.  It is ARM ARM.</q></li>
<li class="message">[<a href="#T18:52:47" id="T18:52:47"><abbr title="2008-04-25T18:52:47+00:00">18:52:47</abbr></a>] &lt;<cite>jkridner|work</cite>&gt; <q>wow.  just checked that FTP link.  good find.  don't know why it is there.</q></li>
<li class="message">[<a href="#T18:53:11" id="T18:53:11"><abbr title="2008-04-25T18:53:11+00:00">18:53:11</abbr></a>] &lt;<cite>jkridner|work</cite>&gt; <q>I was expecting it to be the C54x compiler, but it is the C64x compiler.</q></li>
<li class="message">[<a href="#T18:53:27" id="T18:53:27"><abbr title="2008-04-25T18:53:27+00:00">18:53:27</abbr></a>] &lt;<cite>ldesnogu</cite>&gt; <q>I mean the ARM ARM is not easily available and it's a pain for those who would like to use NEON for instance</q></li>
<li class="message">[<a href="#T18:54:00" id="T18:54:00"><abbr title="2008-04-25T18:54:00+00:00">18:54:00</abbr></a>] &lt;<cite>jkridner|work</cite>&gt; <q>I don't know what you mean.  It is very easy to use the ARM.</q></li>
<li class="quit">[<a href="#T18:54:06" id="T18:54:06"><abbr title="2008-04-25T18:54:06+00:00">18:54:06</abbr></a>] <span>* khasi1 (n=a0393720@192.163.20.231) Quit (Remote closed the connection)</span></li>
<li class="message">[<a href="#T18:55:33" id="T18:55:33"><abbr title="2008-04-25T18:55:33+00:00">18:55:33</abbr></a>] &lt;<cite>jkridner|work</cite>&gt; <q>I'm also confused by "ARM ARM".  Are you talking about an ARM besides the Cortex-A8?</q></li>
<li class="message">[<a href="#T18:56:37" id="T18:56:37"><abbr title="2008-04-25T18:56:37+00:00">18:56:37</abbr></a>] &lt;<cite>ldesnogu</cite>&gt; <q>oops sorry, its the name of the architecture manual</q></li>
<li class="message">[<a href="#T18:58:02" id="T18:58:02"><abbr title="2008-04-25T18:58:02+00:00">18:58:02</abbr></a>] &lt;<cite>ldesnogu</cite>&gt; <q>basically NEON (which is in Cortex-A8) is ARM SIMD extension, and no documentation for these instructions is readily available</q></li>
<li class="message">[<a href="#T18:58:53" id="T18:58:53"><abbr title="2008-04-25T18:58:53+00:00">18:58:53</abbr></a>] &lt;<cite>ldesnogu</cite>&gt; <q>imagine removing spru732 from TI site for instance :)</q></li>
<li class="message">[<a href="#T18:59:01" id="T18:59:01"><abbr title="2008-04-25T18:59:01+00:00">18:59:01</abbr></a>] &lt;<cite>jkridner|work</cite>&gt; <q>Silicon errata is second item down: <a href="http://focus.ti.com/docs/prod/folders/print/omap3503.html">http://focus.ti.com/docs/prod/folders/print/omap3503.html</a></q></li>
<li class="message">[<a href="#T18:59:23" id="T18:59:23"><abbr title="2008-04-25T18:59:23+00:00">18:59:23</abbr></a>] &lt;<cite>ldesnogu</cite>&gt; <q>yes but Cortex-A8 errata are not in there</q></li>
<li class="message">[<a href="#T19:00:31" id="T19:00:31"><abbr title="2008-04-25T19:00:31+00:00">19:00:31</abbr></a>] &lt;<cite>BThompson</cite>&gt; <q>interesting link, im not sure why that ftp exists, currently the CGT set is only available to customers who buy the DVSPB or CCS</q></li>
<li class="message">[<a href="#T19:01:20" id="T19:01:20"><abbr title="2008-04-25T19:01:20+00:00">19:01:20</abbr></a>] &lt;<cite>ldesnogu</cite>&gt; <q>BThompson: an interesting thing in that Linux cgt on the FTP is that it lacks part of the toolchain</q></li>
<li class="message">[<a href="#T19:01:25" id="T19:01:25"><abbr title="2008-04-25T19:01:25+00:00">19:01:25</abbr></a>] &lt;<cite>ldesnogu</cite>&gt; <q>the code compressor</q></li>
<li class="message">[<a href="#T19:01:43" id="T19:01:43"><abbr title="2008-04-25T19:01:43+00:00">19:01:43</abbr></a>] &lt;<cite>ldesnogu</cite>&gt; <q>I wonder if it was not put there for some customer and then forgotten</q></li>
<li class="join">[<a href="#T19:03:23" id="T19:03:23"><abbr title="2008-04-25T19:03:23+00:00">19:03:23</abbr></a>] <span>* likewise (n=likewise@82-171-51-231.ip.telfort.nl) has joined #beagle</span></li>
<li class="message">[<a href="#T19:03:41" id="T19:03:41"><abbr title="2008-04-25T19:03:41+00:00">19:03:41</abbr></a>] &lt;<cite>BThompson</cite>&gt; <q>could have been</q></li>
<li class="message">[<a href="#T19:05:12" id="T19:05:12"><abbr title="2008-04-25T19:05:12+00:00">19:05:12</abbr></a>] &lt;<cite>BThompson</cite>&gt; <q>there is talk of making them more available, or at least offering some option to get them outside of CCS or DVSPB which are fairly expensive if all you need is the C64x+ compiler</q></li>
<li class="message">[<a href="#T19:05:29" id="T19:05:29"><abbr title="2008-04-25T19:05:29+00:00">19:05:29</abbr></a>] &lt;<cite>BThompson</cite>&gt; <q>but you never know what will really happen, thats all out of my hands :)</q></li>
<li class="message">[<a href="#T19:05:55" id="T19:05:55"><abbr title="2008-04-25T19:05:55+00:00">19:05:55</abbr></a>] &lt;<cite>ldesnogu</cite>&gt; <q>do you mean there could be some low price cgt only release for non free projects?</q></li>
<li class="message">[<a href="#T19:06:35" id="T19:06:35"><abbr title="2008-04-25T19:06:35+00:00">19:06:35</abbr></a>] &lt;<cite>BThompson</cite>&gt; <q>id like to see at least a compiler only release for sale, dont know how low cost</q></li>
<li class="message">[<a href="#T19:07:23" id="T19:07:23"><abbr title="2008-04-25T19:07:23+00:00">19:07:23</abbr></a>] &lt;<cite>ldesnogu</cite>&gt; <q>I agree it would make sense and would probably consider buying it, but I would certainly not pay the CCS price :)</q></li>
<li class="message">[<a href="#T19:08:19" id="T19:08:19"><abbr title="2008-04-25T19:08:19+00:00">19:08:19</abbr></a>] &lt;<cite>ds2</cite>&gt; <q>looks like there is no java accelerator on there</q></li>
<li class="message">[<a href="#T19:08:34" id="T19:08:34"><abbr title="2008-04-25T19:08:34+00:00">19:08:34</abbr></a>] &lt;<cite>ldesnogu</cite>&gt; <q>On Cortex-A8 ?</q></li>
<li class="message">[<a href="#T19:08:50" id="T19:08:50"><abbr title="2008-04-25T19:08:50+00:00">19:08:50</abbr></a>] &lt;<cite>BThompson</cite>&gt; <q>exactly, with the advent of Davinci and OMAP processors where the focus of the programming is on the ARM and Linux there is much more reason to need a compiler only package</q></li>
<li class="message">[<a href="#T19:09:03" id="T19:09:03"><abbr title="2008-04-25T19:09:03+00:00">19:09:03</abbr></a>] &lt;<cite>ldesnogu</cite>&gt; <q>C-A8 has no full Jazelle, only Jazelle RCT</q></li>
<li class="message">[<a href="#T19:09:16" id="T19:09:16"><abbr title="2008-04-25T19:09:16+00:00">19:09:16</abbr></a>] &lt;<cite>BThompson</cite>&gt; <q>in the old days when you really only did DSP side development the CGT set wouldnt do you much good without CCS</q></li>
<li class="message">[<a href="#T19:09:19" id="T19:09:19"><abbr title="2008-04-25T19:09:19+00:00">19:09:19</abbr></a>] &lt;<cite>ldesnogu</cite>&gt; <q>BThompson: could not agree more!</q></li>
<li class="message">[<a href="#T19:10:00" id="T19:10:00"><abbr title="2008-04-25T19:10:00+00:00">19:10:00</abbr></a>] &lt;<cite>jkridner|work</cite>&gt; <q>Jazelle-RCT is meant to be more flexible for JIT.</q></li>
<li class="nick-change">[<a href="#T19:11:13" id="T19:11:13"><abbr title="2008-04-25T19:11:13+00:00">19:11:13</abbr></a>] <span>* ldesnogu is now known as ldesnogu|dinner</span></li>
<li class="message">[<a href="#T19:11:41" id="T19:11:41"><abbr title="2008-04-25T19:11:41+00:00">19:11:41</abbr></a>] &lt;<cite>ds2</cite>&gt; <q>thought RCT is a superset of DBX?</q></li>
<li class="message">[<a href="#T19:11:44" id="T19:11:44"><abbr title="2008-04-25T19:11:44+00:00">19:11:44</abbr></a>] &lt;<cite>jkridner|work</cite>&gt; <q>ds2: Do you have interest in Java acceleration via RCT?</q></li>
<li class="message">[<a href="#T19:12:09" id="T19:12:09"><abbr title="2008-04-25T19:12:09+00:00">19:12:09</abbr></a>] &lt;<cite>ds2</cite>&gt; <q>jkridner|work: no, just DBX</q></li>
<li class="message">[<a href="#T19:13:31" id="T19:13:31"><abbr title="2008-04-25T19:13:31+00:00">19:13:31</abbr></a>] &lt;<cite>jkridner|work</cite>&gt; <q>no, I believe it is different.</q></li>
<li class="message">[<a href="#T19:13:48" id="T19:13:48"><abbr title="2008-04-25T19:13:48+00:00">19:13:48</abbr></a>] &lt;<cite>jkridner|work</cite>&gt; <q><a href="http://www.arm.com/products/esd/jazelle_architecture.html">http://www.arm.com/products/esd/jazelle_architecture.html</a></q></li>
<li class="quit">[<a href="#T19:14:21" id="T19:14:21"><abbr title="2008-04-25T19:14:21+00:00">19:14:21</abbr></a>] <span>* likewise (n=likewise@82-171-51-231.ip.telfort.nl) Quit ()</span></li>
<li class="message">[<abbr title="2008-04-25T19:14:21+00:00">19:14:21</abbr>] &lt;<cite>jkridner|work</cite>&gt; <q>I believe OMAP35x does not have DBX, only RCT (which is meant to give better performance).</q></li>
<li class="message">[<a href="#T19:15:45" id="T19:15:45"><abbr title="2008-04-25T19:15:45+00:00">19:15:45</abbr></a>] &lt;<cite>ds2</cite>&gt; <q>interesting, I read that page and came away with the assumption that RCT is a superset</q></li>
<li class="message">[<a href="#T19:15:58" id="T19:15:58"><abbr title="2008-04-25T19:15:58+00:00">19:15:58</abbr></a>] &lt;<cite>ds2</cite>&gt; <q>but on re-reading it, that isn't necessarily the case</q></li>
<li class="join">[<a href="#T19:16:16" id="T19:16:16"><abbr title="2008-04-25T19:16:16+00:00">19:16:16</abbr></a>] <span>* DarrenEtheridge (n=a0867391@nat/ti/x-5ac08f044c79ad35) has joined #beagle</span></li>
<li class="message">[<a href="#T19:18:05" id="T19:18:05"><abbr title="2008-04-25T19:18:05+00:00">19:18:05</abbr></a>] &lt;<cite>ds2</cite>&gt; <q>cool, this solves an odd mystery with /proc/cpuinfo ;)</q></li>
<li class="join">[<a href="#T19:26:25" id="T19:26:25"><abbr title="2008-04-25T19:26:25+00:00">19:26:25</abbr></a>] <span>* christian01 (i=WinNT@217-133-13-16.b2b.tiscali.it) has joined #beagle</span></li>
<li class="message">[<a href="#T19:30:49" id="T19:30:49"><abbr title="2008-04-25T19:30:49+00:00">19:30:49</abbr></a>] &lt;<cite>ldesnogu|dinner</cite>&gt; <q>Cortex-A8 only has Jazelle RCT for sure</q></li>
<li class="message">[<a href="#T19:32:58" id="T19:32:58"><abbr title="2008-04-25T19:32:58+00:00">19:32:58</abbr></a>] &lt;<cite>ldesnogu|dinner</cite>&gt; <q>This is mentioned in Section 2.4 of Cortex-A8 TRM available here: <a href="http://infocenter.arm.com/help/index.jsp?topic=/com.arm.doc.ddi0344b/CHDICIAJ.html">http://infocenter.arm.com/help/index.jsp?topic=/com.arm.doc.ddi0344b/CHDICIAJ.html</a></q></li>
<li class="message">[<a href="#T19:33:23" id="T19:33:23"><abbr title="2008-04-25T19:33:23+00:00">19:33:23</abbr></a>] &lt;<cite>ds2</cite>&gt; <q>thanks</q></li>
<li class="message">[<a href="#T19:33:53" id="T19:33:53"><abbr title="2008-04-25T19:33:53+00:00">19:33:53</abbr></a>] &lt;<cite>ds2</cite>&gt; <q>the part that threw me off was thinking RCT is a superset of DBX</q></li>
<li class="quit">[<a href="#T19:36:16" id="T19:36:16"><abbr title="2008-04-25T19:36:16+00:00">19:36:16</abbr></a>] <span>* christian00 (i=WinNT@217-133-13-16.b2b.tiscali.it) Quit (Read error: 110 (Connection timed out))</span></li>
<li class="message">[<a href="#T19:38:29" id="T19:38:29"><abbr title="2008-04-25T19:38:29+00:00">19:38:29</abbr></a>] &lt;<cite>ldesnogu|dinner</cite>&gt; <q>it's documented in the infamous ARM ARM documentation I talked about above :(</q></li>
<li class="nick-change">[<a href="#T19:38:45" id="T19:38:45"><abbr title="2008-04-25T19:38:45+00:00">19:38:45</abbr></a>] <span>* ldesnogu|dinner is now known as Lauren1</span></li>
<li class="nick-change">[<a href="#T19:38:51" id="T19:38:51"><abbr title="2008-04-25T19:38:51+00:00">19:38:51</abbr></a>] <span>* Lauren1 is now known as ldesnogu</span></li>
<li class="message">[<a href="#T19:39:10" id="T19:39:10"><abbr title="2008-04-25T19:39:10+00:00">19:39:10</abbr></a>] &lt;<cite>ldesnogu</cite>&gt; <q>ds2: <a href="http://www.arm.com/pdfs/JazelleRCTWhitePaper_final1-0_.pdf">http://www.arm.com/pdfs/JazelleRCTWhitePaper_final1-0_.pdf</a></q></li>
<li class="message">[<a href="#T19:39:21" id="T19:39:21"><abbr title="2008-04-25T19:39:21+00:00">19:39:21</abbr></a>] &lt;<cite>ldesnogu</cite>&gt; <q>and <a href="http://www.arm.com/pdfs/JazelleDBX_WhitePaper_2007v1p1.pdf">http://www.arm.com/pdfs/JazelleDBX_WhitePaper_2007v1p1.pdf</a></q></li>
<li class="message">[<a href="#T19:39:22" id="T19:39:22"><abbr title="2008-04-25T19:39:22+00:00">19:39:22</abbr></a>] &lt;<cite>ds2</cite>&gt; <q>yes, I read that</q></li>
<li class="message">[<a href="#T19:39:28" id="T19:39:28"><abbr title="2008-04-25T19:39:28+00:00">19:39:28</abbr></a>] &lt;<cite>ldesnogu</cite>&gt; <q>oh OK :)</q></li>
<li class="message">[<a href="#T19:40:00" id="T19:40:00"><abbr title="2008-04-25T19:40:00+00:00">19:40:00</abbr></a>] &lt;<cite>ds2</cite>&gt; <q>what is confusing is their examples... they have a trend where they says low end - dbx, mid end either, high end rct... high end systems (I assume) should include everything</q></li>
<li class="message">[<a href="#T19:40:19" id="T19:40:19"><abbr title="2008-04-25T19:40:19+00:00">19:40:19</abbr></a>] &lt;<cite>ds2</cite>&gt; <q>but a careful reading suggests that is wrong</q></li>
<li class="message">[<a href="#T19:40:28" id="T19:40:28"><abbr title="2008-04-25T19:40:28+00:00">19:40:28</abbr></a>] &lt;<cite>ldesnogu</cite>&gt; <q>think from an embedded point of view</q></li>
<li class="message">[<a href="#T19:40:39" id="T19:40:39"><abbr title="2008-04-25T19:40:39+00:00">19:40:39</abbr></a>] &lt;<cite>ldesnogu</cite>&gt; <q>a low end system has not enough memory for JIT</q></li>
<li class="message">[<a href="#T19:40:55" id="T19:40:55"><abbr title="2008-04-25T19:40:55+00:00">19:40:55</abbr></a>] &lt;<cite>ldesnogu</cite>&gt; <q>a high end has enough</q></li>
<li class="message">[<a href="#T19:41:12" id="T19:41:12"><abbr title="2008-04-25T19:41:12+00:00">19:41:12</abbr></a>] &lt;<cite>ldesnogu</cite>&gt; <q>and cortex-a8 is targeted to high end systems</q></li>
<li class="message">[<a href="#T19:41:24" id="T19:41:24"><abbr title="2008-04-25T19:41:24+00:00">19:41:24</abbr></a>] &lt;<cite>ldesnogu</cite>&gt; <q>like omap35 :)</q></li>
<li class="message">[<a href="#T19:41:27" id="T19:41:27"><abbr title="2008-04-25T19:41:27+00:00">19:41:27</abbr></a>] &lt;<cite>ds2</cite>&gt; <q>yes, but I am thinking from a software point of view - being able to use a Jazelle license for an entire line of products</q></li>
<li class="message">[<a href="#T19:42:02" id="T19:42:02"><abbr title="2008-04-25T19:42:02+00:00">19:42:02</abbr></a>] &lt;<cite>ldesnogu</cite>&gt; <q>I would bet a JIT would provide more performance than Jazelle DBX</q></li>
<li class="message">[<a href="#T19:42:41" id="T19:42:41"><abbr title="2008-04-25T19:42:41+00:00">19:42:41</abbr></a>] &lt;<cite>ds2</cite>&gt; <q>performance maybe but power usage may not be better then DBX</q></li>
<li class="message">[<a href="#T19:42:54" id="T19:42:54"><abbr title="2008-04-25T19:42:54+00:00">19:42:54</abbr></a>] &lt;<cite>ldesnogu</cite>&gt; <q>and the JVM, which you need for DBX anyway, will make running Java transparent whether you use DBX or RCT</q></li>
<li class="message">[<a href="#T19:43:19" id="T19:43:19"><abbr title="2008-04-25T19:43:19+00:00">19:43:19</abbr></a>] &lt;<cite>ldesnogu</cite>&gt; <q>you are probably right for power usage</q></li>
<li class="message">[<a href="#T19:43:26" id="T19:43:26"><abbr title="2008-04-25T19:43:26+00:00">19:43:26</abbr></a>] &lt;<cite>ds2</cite>&gt; <q>yes but the readmes in the JVM suggest you need an explicit license to use DBX and I suspect it is the same for RCT </q></li>
<li class="message">[<a href="#T19:43:33" id="T19:43:33"><abbr title="2008-04-25T19:43:33+00:00">19:43:33</abbr></a>] &lt;<cite>ds2</cite>&gt; <q>so it means twice the amount paid to lawyers</q></li>
<li class="message">[<a href="#T19:44:02" id="T19:44:02"><abbr title="2008-04-25T19:44:02+00:00">19:44:02</abbr></a>] &lt;<cite>ds2</cite>&gt; <q>anyways, it is neat stuff.just wish it was more open</q></li>
<li class="message">[<a href="#T19:44:16" id="T19:44:16"><abbr title="2008-04-25T19:44:16+00:00">19:44:16</abbr></a>] &lt;<cite>ldesnogu</cite>&gt; <q>not sure about that, I don't anything about the licensing of Jazelle</q></li>
<li class="message">[<a href="#T19:44:23" id="T19:44:23"><abbr title="2008-04-25T19:44:23+00:00">19:44:23</abbr></a>] &lt;<cite>ldesnogu</cite>&gt; <q>don't know*</q></li>
<li class="message">[<a href="#T19:46:00" id="T19:46:00"><abbr title="2008-04-25T19:46:00+00:00">19:46:00</abbr></a>] &lt;<cite>ldesnogu</cite>&gt; <q>anyway for the Java developer there's no added cost, the JVM is there no matter who paid for it</q></li>
<li class="message">[<a href="#T19:46:19" id="T19:46:19"><abbr title="2008-04-25T19:46:19+00:00">19:46:19</abbr></a>] &lt;<cite>ds2</cite>&gt; <q>*nod*</q></li>
<li class="message">[<a href="#T19:47:08" id="T19:47:08"><abbr title="2008-04-25T19:47:08+00:00">19:47:08</abbr></a>] &lt;<cite>ds2</cite>&gt; <q>with this much computing power in a low power chip, someone should make a linux watch based on an omap3</q></li>
<li class="message">[<a href="#T19:47:29" id="T19:47:29"><abbr title="2008-04-25T19:47:29+00:00">19:47:29</abbr></a>] &lt;<cite>ldesnogu</cite>&gt; <q>it's probably not low power enough :)</q></li>
<li class="message">[<a href="#T19:48:27" id="T19:48:27"><abbr title="2008-04-25T19:48:27+00:00">19:48:27</abbr></a>] &lt;<cite>ds2</cite>&gt; <q>this is suppose to be better then the 24xx and the 2420 as used in the N800 is impressively low powered (6-7 days standby!)</q></li>
<li class="message">[<a href="#T19:48:51" id="T19:48:51"><abbr title="2008-04-25T19:48:51+00:00">19:48:51</abbr></a>] &lt;<cite>ldesnogu</cite>&gt; <q>how long does the battery last in your watch?</q></li>
<li class="message">[<a href="#T19:49:06" id="T19:49:06"><abbr title="2008-04-25T19:49:06+00:00">19:49:06</abbr></a>] &lt;<cite>ds2</cite>&gt; <q>the one I wear or the one I play with? :) </q></li>
<li class="message">[<a href="#T19:49:13" id="T19:49:13"><abbr title="2008-04-25T19:49:13+00:00">19:49:13</abbr></a>] &lt;<cite>ldesnogu</cite>&gt; <q>^^</q></li>
<li class="message">[<a href="#T19:49:31" id="T19:49:31"><abbr title="2008-04-25T19:49:31+00:00">19:49:31</abbr></a>] &lt;<cite>ds2</cite>&gt; <q>the palmos one lasts about a week :)</q></li>
<li class="quit">[<a href="#T19:49:37" id="T19:49:37"><abbr title="2008-04-25T19:49:37+00:00">19:49:37</abbr></a>] <span>* christian01 (i=WinNT@217-133-13-16.b2b.tiscali.it) Quit (Read error: 110 (Connection timed out))</span></li>
<li class="part">[<a href="#T19:53:43" id="T19:53:43"><abbr title="2008-04-25T19:53:43+00:00">19:53:43</abbr></a>] <span>* altex4 (n=x0084519@nat/ti/x-ca4e402b8a2b88f8) has left #beagle</span></li>
<li class="join">[<a href="#T20:28:30" id="T20:28:30"><abbr title="2008-04-25T20:28:30+00:00">20:28:30</abbr></a>] <span>* cs97009 (i=3b5c841f@gateway/web/ajax/mibbit.com/x-62351cb16024e5c7) has joined #beagle</span></li>
<li class="quit">[<a href="#T20:28:38" id="T20:28:38"><abbr title="2008-04-25T20:28:38+00:00">20:28:38</abbr></a>] <span>* cs97009 (i=3b5c841f@gateway/web/ajax/mibbit.com/x-62351cb16024e5c7) Quit (Client Quit)</span></li>
<li class="join">[<a href="#T20:29:00" id="T20:29:00"><abbr title="2008-04-25T20:29:00+00:00">20:29:00</abbr></a>] <span>* cs97009 (i=3b5c841f@gateway/web/ajax/mibbit.com/x-6321cda6607597d6) has joined #beagle</span></li>
<li class="quit">[<a href="#T20:35:27" id="T20:35:27"><abbr title="2008-04-25T20:35:27+00:00">20:35:27</abbr></a>] <span>* cs97009 (i=3b5c841f@gateway/web/ajax/mibbit.com/x-6321cda6607597d6) Quit ("<a href="http://www.mibbit.com">http://www.mibbit.com</a> ajax IRC Client")</span></li>
<li class="join">[<a href="#T20:35:43" id="T20:35:43"><abbr title="2008-04-25T20:35:43+00:00">20:35:43</abbr></a>] <span>* cs97009 (i=3b5c841f@gateway/web/ajax/mibbit.com/x-ff154524b1cc104b) has joined #beagle</span></li>
<li class="join">[<a href="#T20:36:01" id="T20:36:01"><abbr title="2008-04-25T20:36:01+00:00">20:36:01</abbr></a>] <span>* denix|work (n=]denix[@nat/ti/x-ba1a7a18a36d162c) has joined #beagle</span></li>
<li class="part">[<a href="#T20:36:59" id="T20:36:59"><abbr title="2008-04-25T20:36:59+00:00">20:36:59</abbr></a>] <span>* cs97009 (i=3b5c841f@gateway/web/ajax/mibbit.com/x-ff154524b1cc104b) has left #beagle</span></li>
<li class="join">[<a href="#T20:37:08" id="T20:37:08"><abbr title="2008-04-25T20:37:08+00:00">20:37:08</abbr></a>] <span>* cs97009 (i=3b5c841f@gateway/web/ajax/mibbit.com/x-ff154524b1cc104b) has joined #beagle</span></li>
<li class="part">[<a href="#T20:38:55" id="T20:38:55"><abbr title="2008-04-25T20:38:55+00:00">20:38:55</abbr></a>] <span>* cs97009 (i=3b5c841f@gateway/web/ajax/mibbit.com/x-ff154524b1cc104b) has left #beagle</span></li>
<li class="join">[<a href="#T21:09:13" id="T21:09:13"><abbr title="2008-04-25T21:09:13+00:00">21:09:13</abbr></a>] <span>* alecrim (n=alecrim@adsl-212-16-102-44.taloyhtioverkot.fi) has joined #beagle</span></li>
<li class="join">[<a href="#T21:26:29" id="T21:26:29"><abbr title="2008-04-25T21:26:29+00:00">21:26:29</abbr></a>] <span>* DarrenEtheridg1 (n=a0867391@nat/ti/x-89bcf788204b8d00) has joined #beagle</span></li>
<li class="join">[<a href="#T21:29:38" id="T21:29:38"><abbr title="2008-04-25T21:29:38+00:00">21:29:38</abbr></a>] <span>* christian00 (i=WinNT@217-133-13-16.b2b.tiscali.it) has joined #beagle</span></li>
<li class="quit">[<a href="#T21:33:43" id="T21:33:43"><abbr title="2008-04-25T21:33:43+00:00">21:33:43</abbr></a>] <span>* DarrenEtheridge (n=a0867391@nat/ti/x-5ac08f044c79ad35) Quit (Remote closed the connection)</span></li>
<li class="quit">[<a href="#T21:34:59" id="T21:34:59"><abbr title="2008-04-25T21:34:59+00:00">21:34:59</abbr></a>] <span>* prpplague (n=dave@mail.americanmicrosystems.com) Quit ("Leaving")</span></li>
<li class="join">[<a href="#T21:40:44" id="T21:40:44"><abbr title="2008-04-25T21:40:44+00:00">21:40:44</abbr></a>] <span>* cs97009 (i=3b5c841f@gateway/web/ajax/mibbit.com/x-1477b4bcf4ed0a77) has joined #beagle</span></li>
<li class="part">[<a href="#T21:42:19" id="T21:42:19"><abbr title="2008-04-25T21:42:19+00:00">21:42:19</abbr></a>] <span>* cs97009 (i=3b5c841f@gateway/web/ajax/mibbit.com/x-1477b4bcf4ed0a77) has left #beagle</span></li>
<li class="quit">[<a href="#T21:46:02" id="T21:46:02"><abbr title="2008-04-25T21:46:02+00:00">21:46:02</abbr></a>] <span>* PibbRelay (n=supybot@nat/janrain/x-2610b6d3c23fcb7f) Quit (SendQ exceeded)</span></li>
<li class="quit">[<a href="#T21:50:01" id="T21:50:01"><abbr title="2008-04-25T21:50:01+00:00">21:50:01</abbr></a>] <span>* BThompson (n=BThompso@nat/ti/x-d981115bb092a944) Quit ("Trillian (<a href="http://www.ceruleanstudios.com")">http://www.ceruleanstudios.com")</a></span></li>
<li class="quit">[<a href="#T21:51:30" id="T21:51:30"><abbr title="2008-04-25T21:51:30+00:00">21:51:30</abbr></a>] <span>* bazbell (n=bazbell@nat/ti/x-0696c1df0dfdb7a7) Quit ("ChatZilla 0.9.81 [Firefox 2.0.0.14/2008040413]")</span></li>
<li class="quit">[<a href="#T22:05:57" id="T22:05:57"><abbr title="2008-04-25T22:05:57+00:00">22:05:57</abbr></a>] <span>* alecrim (n=alecrim@adsl-212-16-102-44.taloyhtioverkot.fi) Quit (Remote closed the connection)</span></li>
<li class="nick-change">[<a href="#T22:36:15" id="T22:36:15"><abbr title="2008-04-25T22:36:15+00:00">22:36:15</abbr></a>] <span>* prplague is now known as prpplague</span></li>
<li class="message">[<a href="#T22:37:19" id="T22:37:19"><abbr title="2008-04-25T22:37:19+00:00">22:37:19</abbr></a>] &lt;<cite>ldesnogu</cite>&gt; <q>night all</q></li>
<li class="part">[<a href="#T22:37:21" id="T22:37:21"><abbr title="2008-04-25T22:37:21+00:00">22:37:21</abbr></a>] <span>* ldesnogu (n=ldesnogu@ven06-2-82-247-86-183.fbx.proxad.net) has left #beagle</span></li>
<li class="nick-change">[<a href="#T22:37:36" id="T22:37:36"><abbr title="2008-04-25T22:37:36+00:00">22:37:36</abbr></a>] <span>* prpplague is now known as prplague</span></li>
<li class="nick-change">[<a href="#T22:39:32" id="T22:39:32"><abbr title="2008-04-25T22:39:32+00:00">22:39:32</abbr></a>] <span>* prplague is now known as prpplague</span></li>
<li class="quit">[<a href="#T22:43:25" id="T22:43:25"><abbr title="2008-04-25T22:43:25+00:00">22:43:25</abbr></a>] <span>* DarrenEtheridg1 (n=a0867391@nat/ti/x-89bcf788204b8d00) Quit (Remote closed the connection)</span></li>
<li class="quit">[<a href="#T22:44:30" id="T22:44:30"><abbr title="2008-04-25T22:44:30+00:00">22:44:30</abbr></a>] <span>* NishanthMenon (n=gnat@nat/ti/x-282193deb78deb98) Quit ("Never put off till tomorrow, what you can do the day after tomorrow")</span></li>
<li class="message">[<a href="#T22:55:02" id="T22:55:02"><abbr title="2008-04-25T22:55:02+00:00">22:55:02</abbr></a>] &lt;<cite>denix|work</cite>&gt; <q>bye</q></li>
<li class="quit">[<a href="#T22:55:05" id="T22:55:05"><abbr title="2008-04-25T22:55:05+00:00">22:55:05</abbr></a>] <span>* denix|work (n=]denix[@nat/ti/x-ba1a7a18a36d162c) Quit ("Leaving")</span></li>
<li class="join">[<a href="#T23:16:07" id="T23:16:07"><abbr title="2008-04-25T23:16:07+00:00">23:16:07</abbr></a>] <span>* BThompson (n=BThompso@cpe-76-183-86-15.tx.res.rr.com) has joined #beagle</span></li>
<li class="join">[<a href="#T23:20:52" id="T23:20:52"><abbr title="2008-04-25T23:20:52+00:00">23:20:52</abbr></a>] <span>* likewise (n=likewise@82-171-51-231.ip.telfort.nl) has joined #beagle</span></li>
<li class="join">[<a href="#T23:29:52" id="T23:29:52"><abbr title="2008-04-25T23:29:52+00:00">23:29:52</abbr></a>] <span>* bazbell (n=bazbell@nat/ti/x-8518e2347d23008c) has joined #beagle</span></li>
<li class="quit">[<a href="#T23:42:01" id="T23:42:01"><abbr title="2008-04-25T23:42:01+00:00">23:42:01</abbr></a>] <span>* likewise (n=likewise@82-171-51-231.ip.telfort.nl) Quit ()</span></li>
<li class="join">[<a href="#T23:52:47" id="T23:52:47"><abbr title="2008-04-25T23:52:47+00:00">23:52:47</abbr></a>] <span>* likewise (n=likewise@82-171-51-231.ip.telfort.nl) has joined #beagle</span></li>
