<li class="join">[<a href="#T00:01:27" id="T00:01:27"><abbr title="2008-10-02T00:01:27+00:00">00:01:27</abbr></a>] <span>* jrmuizel (n=jrmuizel@CPE001f5be79d0f-CM0017ee62f8b0.cpe.net.cable.rogers.com) has joined #beagle</span></li>
<li class="quit">[<a href="#T00:03:56" id="T00:03:56"><abbr title="2008-10-02T00:03:56+00:00">00:03:56</abbr></a>] <span>* NishanthMenon (n=nMenon@nat/ti/x-befdc82dd77391b5) Quit ("A day without sunshine is like .... night")</span></li>
<li class="join">[<a href="#T00:29:05" id="T00:29:05"><abbr title="2008-10-02T00:29:05+00:00">00:29:05</abbr></a>] <span>* BThompson (n=BThompso@cpe-76-185-93-11.tx.res.rr.com) has joined #beagle</span></li>
<li class="message">[<a href="#T00:40:58" id="T00:40:58"><abbr title="2008-10-02T00:40:58+00:00">00:40:58</abbr></a>] &lt;<cite>mru</cite>&gt; <q>sakoman: ping?</q></li>
<li class="quit">[<a href="#T01:00:49" id="T01:00:49"><abbr title="2008-10-02T01:00:49+00:00">01:00:49</abbr></a>] <span>* BThompson (n=BThompso@cpe-76-185-93-11.tx.res.rr.com) Quit ("Trillian (<a href="http://www.ceruleanstudios.com")">http://www.ceruleanstudios.com")</a></span></li>
<li class="message">[<a href="#T01:05:54" id="T01:05:54"><abbr title="2008-10-02T01:05:54+00:00">01:05:54</abbr></a>] &lt;<cite>nathan__</cite>&gt; <q>Anyone having any luck with linux-omap git?  I rolled back to yesterday's git and it works fine, today's git hangs before printing the Linux Kernel banner.</q></li>
<li class="message">[<a href="#T01:06:30" id="T01:06:30"><abbr title="2008-10-02T01:06:30+00:00">01:06:30</abbr></a>] &lt;<cite>mru</cite>&gt; <q>have you enabled DEBUG_LL?</q></li>
<li class="message">[<a href="#T01:13:57" id="T01:13:57"><abbr title="2008-10-02T01:13:57+00:00">01:13:57</abbr></a>] &lt;<cite>nathan__</cite>&gt; <q>Nope, will try that.</q></li>
<li class="message">[<a href="#T01:16:07" id="T01:16:07"><abbr title="2008-10-02T01:16:07+00:00">01:16:07</abbr></a>] &lt;<cite>nathan__</cite>&gt; <q>I'm wondering if they broke ttyS2 on the Beagleboard.  They did change a lot about how timers and interrupts were set up.</q></li>
<li class="message">[<a href="#T01:18:23" id="T01:18:23"><abbr title="2008-10-02T01:18:23+00:00">01:18:23</abbr></a>] &lt;<cite>mru</cite>&gt; <q>do you get the LED heartbeat?</q></li>
<li class="message">[<a href="#T01:18:38" id="T01:18:38"><abbr title="2008-10-02T01:18:38+00:00">01:18:38</abbr></a>] &lt;<cite>mru</cite>&gt; <q>it is enabled by default on recent kernels</q></li>
<li class="message">[<a href="#T01:19:01" id="T01:19:01"><abbr title="2008-10-02T01:19:01+00:00">01:19:01</abbr></a>] &lt;<cite>nathan__</cite>&gt; <q>No heartbeat.  Both LEDs stay on.</q></li>
<li class="message">[<a href="#T01:19:16" id="T01:19:16"><abbr title="2008-10-02T01:19:16+00:00">01:19:16</abbr></a>] &lt;<cite>mru</cite>&gt; <q>then more than rs232 is broken</q></li>
<li class="join">[<a href="#T01:19:23" id="T01:19:23"><abbr title="2008-10-02T01:19:23+00:00">01:19:23</abbr></a>] <span>* bullwood42 (n=bullwood@adsl-99-171-171-142.dsl.aus2tx.sbcglobal.net) has joined #beagle</span></li>
<li class="message">[<a href="#T01:19:33" id="T01:19:33"><abbr title="2008-10-02T01:19:33+00:00">01:19:33</abbr></a>] &lt;<cite>mru</cite>&gt; <q>anything from DEBUG_LL?</q></li>
<li class="message">[<a href="#T01:19:34" id="T01:19:34"><abbr title="2008-10-02T01:19:34+00:00">01:19:34</abbr></a>] &lt;<cite>nathan__</cite>&gt; <q>Just confirmed I have CONFIG_LEDS_TRIGGER_HEARTBEAT=y</q></li>
<li class="message">[<a href="#T01:19:40" id="T01:19:40"><abbr title="2008-10-02T01:19:40+00:00">01:19:40</abbr></a>] &lt;<cite>nathan__</cite>&gt; <q>Still waiting for it to compile.</q></li>
<li class="message">[<a href="#T01:19:45" id="T01:19:45"><abbr title="2008-10-02T01:19:45+00:00">01:19:45</abbr></a>] &lt;<cite>mru</cite>&gt; <q>ok</q></li>
<li class="message">[<a href="#T01:19:59" id="T01:19:59"><abbr title="2008-10-02T01:19:59+00:00">01:19:59</abbr></a>] &lt;<cite>nathan__</cite>&gt; <q>Copying now.  One minute.</q></li>
<li class="message">[<a href="#T01:21:39" id="T01:21:39"><abbr title="2008-10-02T01:21:39+00:00">01:21:39</abbr></a>] &lt;<cite>nathan__</cite>&gt; <q>Awesome.  Lotsa stuff now.</q></li>
<li class="message">[<a href="#T01:21:58" id="T01:21:58"><abbr title="2008-10-02T01:21:58+00:00">01:21:58</abbr></a>] &lt;<cite>mru</cite>&gt; <q>anything nasty-looking?</q></li>
<li class="message">[<a href="#T01:22:33" id="T01:22:33"><abbr title="2008-10-02T01:22:33+00:00">01:22:33</abbr></a>] &lt;<cite>nathan__</cite>&gt; <q>Null pointer at [&lt;c00205d0&gt;] (musb_platform_init+0x0/0x140) from [&lt;c001fb64&gt;] (musb_probe+0x200)</q></li>
<li class="message">[<a href="#T01:22:42" id="T01:22:42"><abbr title="2008-10-02T01:22:42+00:00">01:22:42</abbr></a>] &lt;<cite>nathan__</cite>&gt; <q>Let me back out my musb patches and try again.</q></li>
<li class="join">[<a href="#T01:24:51" id="T01:24:51"><abbr title="2008-10-02T01:24:51+00:00">01:24:51</abbr></a>] <span>* rsalveti (n=salveti@189.70.78.181) has joined #beagle</span></li>
<li class="quit">[<a href="#T01:25:24" id="T01:25:24"><abbr title="2008-10-02T01:25:24+00:00">01:25:24</abbr></a>] <span>* _aleph (n=aleph@trinity.develer.com) Quit ("leaving")</span></li>
<li class="message">[<a href="#T01:26:37" id="T01:26:37"><abbr title="2008-10-02T01:26:37+00:00">01:26:37</abbr></a>] &lt;<cite>nathan__</cite>&gt; <q>I feel like an idiot.  It was one of my MUSB patches.  Boots fine now.</q></li>
<li class="message">[<a href="#T01:26:45" id="T01:26:45"><abbr title="2008-10-02T01:26:45+00:00">01:26:45</abbr></a>] &lt;<cite>nathan__</cite>&gt; <q>Thanks for your help Mans!</q></li>
<li class="message">[<a href="#T01:26:53" id="T01:26:53"><abbr title="2008-10-02T01:26:53+00:00">01:26:53</abbr></a>] &lt;<cite>mru</cite>&gt; <q>no problem</q></li>
<li class="message">[<a href="#T01:27:26" id="T01:27:26"><abbr title="2008-10-02T01:27:26+00:00">01:27:26</abbr></a>] &lt;<cite>mru</cite>&gt; <q>if only I could figure out what's causing i2c errors in u-boot</q></li>
<li class="message">[<a href="#T01:28:06" id="T01:28:06"><abbr title="2008-10-02T01:28:06+00:00">01:28:06</abbr></a>] &lt;<cite>mru</cite>&gt; <q>at least I got it to detect the full 256MB ram</q></li>
<li class="message">[<a href="#T01:28:25" id="T01:28:25"><abbr title="2008-10-02T01:28:25+00:00">01:28:25</abbr></a>] &lt;<cite>nathan__</cite>&gt; <q>What's your altitude?  Maybe it's alpha particle radiation.</q></li>
<li class="message">[<a href="#T01:28:46" id="T01:28:46"><abbr title="2008-10-02T01:28:46+00:00">01:28:46</abbr></a>] &lt;<cite>mru</cite>&gt; <q>I'm nowhere near the LHC...</q></li>
<li class="message">[<a href="#T01:28:50" id="T01:28:50"><abbr title="2008-10-02T01:28:50+00:00">01:28:50</abbr></a>] &lt;<cite>nathan__</cite>&gt; <q>Hehe.</q></li>
<li class="message">[<a href="#T01:29:06" id="T01:29:06"><abbr title="2008-10-02T01:29:06+00:00">01:29:06</abbr></a>] &lt;<cite>thephilosopher</cite>&gt; <q>the pandora sold out</q></li>
<li class="action">[<a href="#T01:29:17" id="T01:29:17"><abbr title="2008-10-02T01:29:17+00:00">01:29:17</abbr></a>] <span>* mru wonders how long lhc jokes will be going</span></li>
<li class="message">[<a href="#T01:29:28" id="T01:29:28"><abbr title="2008-10-02T01:29:28+00:00">01:29:28</abbr></a>] &lt;<cite>nathan__</cite>&gt; <q>Until they finally get it to work I guess.</q></li>
<li class="message">[<a href="#T01:29:51" id="T01:29:51"><abbr title="2008-10-02T01:29:51+00:00">01:29:51</abbr></a>] &lt;<cite>nathan__</cite>&gt; <q>So if there is a B6 with ES3.0, will it also have 256MB DRAM?</q></li>
<li class="message">[<a href="#T01:30:08" id="T01:30:08"><abbr title="2008-10-02T01:30:08+00:00">01:30:08</abbr></a>] &lt;<cite>mru</cite>&gt; <q>yeah, 'cause when they do, we're all doomed</q></li>
<li class="message">[<a href="#T01:30:22" id="T01:30:22"><abbr title="2008-10-02T01:30:22+00:00">01:30:22</abbr></a>] &lt;<cite>mru</cite>&gt; <q>I've heard of no plans for a B6</q></li>
<li class="message">[<a href="#T01:30:27" id="T01:30:27"><abbr title="2008-10-02T01:30:27+00:00">01:30:27</abbr></a>] &lt;<cite>mru</cite>&gt; <q>doesn't mean there are none</q></li>
<li class="message">[<a href="#T01:30:55" id="T01:30:55"><abbr title="2008-10-02T01:30:55+00:00">01:30:55</abbr></a>] &lt;<cite>mru</cite>&gt; <q>rev C might be available with two ram options</q></li>
<li class="message">[<a href="#T01:31:06" id="T01:31:06"><abbr title="2008-10-02T01:31:06+00:00">01:31:06</abbr></a>] &lt;<cite>mru</cite>&gt; <q>good thing I got auto-detection working...</q></li>
<li class="message">[<a href="#T01:31:40" id="T01:31:40"><abbr title="2008-10-02T01:31:40+00:00">01:31:40</abbr></a>] &lt;<cite>nathan__</cite>&gt; <q>koen said if rev C takes a while there is a plan B to release ES3.0 with rev B.</q></li>
<li class="message">[<a href="#T01:31:56" id="T01:31:56"><abbr title="2008-10-02T01:31:56+00:00">01:31:56</abbr></a>] &lt;<cite>mru</cite>&gt; <q>sounds reasonable</q></li>
<li class="message">[<a href="#T01:32:00" id="T01:32:00"><abbr title="2008-10-02T01:32:00+00:00">01:32:00</abbr></a>] &lt;<cite>nathan__</cite>&gt; <q>I would be very happy with 256MB.  Some stuff I've been doing is scraping up against 128MB.</q></li>
<li class="message">[<a href="#T01:32:57" id="T01:32:57"><abbr title="2008-10-02T01:32:57+00:00">01:32:57</abbr></a>] &lt;<cite>mru</cite>&gt; <q>they've probably stopped making ES2.1 silicon, or will do so shortly</q></li>
<li class="message">[<a href="#T01:33:47" id="T01:33:47"><abbr title="2008-10-02T01:33:47+00:00">01:33:47</abbr></a>] &lt;<cite>mru</cite>&gt; <q>I can't think of any reason to keep making chips with known bugs when the new version is compatible in every way</q></li>
<li class="message">[<a href="#T01:34:36" id="T01:34:36"><abbr title="2008-10-02T01:34:36+00:00">01:34:36</abbr></a>] &lt;<cite>mru</cite>&gt; <q>but second-guessing big companies is risky stuff</q></li>
<li class="message">[<a href="#T01:35:27" id="T01:35:27"><abbr title="2008-10-02T01:35:27+00:00">01:35:27</abbr></a>] &lt;<cite>mru</cite>&gt; <q>sakoman and other u-boot wizards: please check my changes at <a href="http://git.mansr.com/?p=u-boot;a=summary">http://git.mansr.com/?p=u-boot;a=summary</a></q></li>
<li class="message">[<a href="#T01:35:59" id="T01:35:59"><abbr title="2008-10-02T01:35:59+00:00">01:35:59</abbr></a>] &lt;<cite>mru</cite>&gt; <q>it seems to work... now you tell me what I should have done differently</q></li>
<li class="message">[<a href="#T01:36:53" id="T01:36:53"><abbr title="2008-10-02T01:36:53+00:00">01:36:53</abbr></a>] &lt;<cite>mru</cite>&gt; <q>nathan__: what are you planning to use the beagle for?</q></li>
<li class="message">[<a href="#T01:36:56" id="T01:36:56"><abbr title="2008-10-02T01:36:56+00:00">01:36:56</abbr></a>] &lt;<cite>mru</cite>&gt; <q>just curious...</q></li>
<li class="message">[<a href="#T02:12:37" id="T02:12:37"><abbr title="2008-10-02T02:12:37+00:00">02:12:37</abbr></a>] &lt;<cite>Crofton|work</cite>&gt; <q>NOTE: package libgnomeui-2.24.0: completed</q></li>
<li class="message">[<abbr title="2008-10-02T02:12:37+00:00">02:12:37</abbr>] &lt;<cite>Crofton|work</cite>&gt; <q>NOTE: Tasks Summary: Attempted 1539 tasks of which 0 didn't need to be rerun and 0 failed.</q></li>
<li class="quit">[<a href="#T02:16:06" id="T02:16:06"><abbr title="2008-10-02T02:16:06+00:00">02:16:06</abbr></a>] <span>* jrmuizel (n=jrmuizel@CPE001f5be79d0f-CM0017ee62f8b0.cpe.net.cable.rogers.com) Quit (Remote closed the connection)</span></li>
<li class="join">[<a href="#T02:16:46" id="T02:16:46"><abbr title="2008-10-02T02:16:46+00:00">02:16:46</abbr></a>] <span>* jrmuizel (n=jrmuizel@CPE001f5be79d0f-CM0017ee62f8b0.cpe.net.cable.rogers.com) has joined #beagle</span></li>
<li class="quit">[<a href="#T02:34:43" id="T02:34:43"><abbr title="2008-10-02T02:34:43+00:00">02:34:43</abbr></a>] <span>* rsalveti (n=salveti@189.70.78.181) Quit (Read error: 110 (Connection timed out))</span></li>
<li class="join">[<a href="#T02:39:50" id="T02:39:50"><abbr title="2008-10-02T02:39:50+00:00">02:39:50</abbr></a>] <span>* calculu5 (n=calculus@gentoo/user/calculus) has joined #beagle</span></li>
<li class="join">[<a href="#T02:43:45" id="T02:43:45"><abbr title="2008-10-02T02:43:45+00:00">02:43:45</abbr></a>] <span>* rsalveti (n=salveti@189.70.63.132) has joined #beagle</span></li>
<li class="part">[<a href="#T02:49:43" id="T02:49:43"><abbr title="2008-10-02T02:49:43+00:00">02:49:43</abbr></a>] <span>* bullwood42 (n=bullwood@adsl-99-171-171-142.dsl.aus2tx.sbcglobal.net) has left #beagle</span></li>
<li class="quit">[<a href="#T02:54:33" id="T02:54:33"><abbr title="2008-10-02T02:54:33+00:00">02:54:33</abbr></a>] <span>* calculus (n=calculus@gentoo/user/calculus) Quit (Read error: 110 (Connection timed out))</span></li>
<li class="message">[<a href="#T02:59:49" id="T02:59:49"><abbr title="2008-10-02T02:59:49+00:00">02:59:49</abbr></a>] &lt;<cite>thephilosopher</cite>&gt; <q>any date for rev C ?</q></li>
<li class="message">[<a href="#T03:10:38" id="T03:10:38"><abbr title="2008-10-02T03:10:38+00:00">03:10:38</abbr></a>] &lt;<cite>TangerineTriode</cite>&gt; <q>Crofton: do you know OSS?</q></li>
<li class="quit">[<a href="#T03:12:12" id="T03:12:12"><abbr title="2008-10-02T03:12:12+00:00">03:12:12</abbr></a>] <span>* rsalveti (n=salveti@189.70.63.132) Quit (Read error: 101 (Network is unreachable))</span></li>
<li class="join">[<a href="#T03:12:38" id="T03:12:38"><abbr title="2008-10-02T03:12:38+00:00">03:12:38</abbr></a>] <span>* jrmuizel_ (n=jrmuizel@173.33.210.62) has joined #beagle</span></li>
<li class="quit">[<a href="#T03:28:55" id="T03:28:55"><abbr title="2008-10-02T03:28:55+00:00">03:28:55</abbr></a>] <span>* jrmuizel (n=jrmuizel@CPE001f5be79d0f-CM0017ee62f8b0.cpe.net.cable.rogers.com) Quit (Read error: 110 (Connection timed out))</span></li>
<li class="quit">[<a href="#T03:29:40" id="T03:29:40"><abbr title="2008-10-02T03:29:40+00:00">03:29:40</abbr></a>] <span>* jrmuizel_ (n=jrmuizel@173.33.210.62) Quit (Remote closed the connection)</span></li>
<li class="join">[<a href="#T03:46:12" id="T03:46:12"><abbr title="2008-10-02T03:46:12+00:00">03:46:12</abbr></a>] <span>* slothlove (n=srussell@user-387ggve.cable.mindspring.com) has joined #beagle</span></li>
<li class="nick-change">[<a href="#T03:48:43" id="T03:48:43"><abbr title="2008-10-02T03:48:43+00:00">03:48:43</abbr></a>] <span>* TangerineTriode is now known as TangerineTetrode</span></li>
<li class="join">[<a href="#T03:53:50" id="T03:53:50"><abbr title="2008-10-02T03:53:50+00:00">03:53:50</abbr></a>] <span>* Olipro_ (n=Olipro@uncyclopedia/Olipro) has joined #beagle</span></li>
<li class="quit">[<a href="#T04:10:55" id="T04:10:55"><abbr title="2008-10-02T04:10:55+00:00">04:10:55</abbr></a>] <span>* Olipro (n=Olipro@uncyclopedia/Olipro) Quit (Read error: 110 (Connection timed out))</span></li>
<li class="nick-change">[<a href="#T04:13:55" id="T04:13:55"><abbr title="2008-10-02T04:13:55+00:00">04:13:55</abbr></a>] <span>* Olipro_ is now known as Olipro</span></li>
<li class="join">[<a href="#T04:16:10" id="T04:16:10"><abbr title="2008-10-02T04:16:10+00:00">04:16:10</abbr></a>] <span>* rsalveti (n=salveti@189.70.254.7) has joined #beagle</span></li>
<li class="quit">[<a href="#T04:25:50" id="T04:25:50"><abbr title="2008-10-02T04:25:50+00:00">04:25:50</abbr></a>] <span>* slothlove (n=srussell@user-387ggve.cable.mindspring.com) Quit ("Leaving.")</span></li>
<li class="join">[<a href="#T04:25:53" id="T04:25:53"><abbr title="2008-10-02T04:25:53+00:00">04:25:53</abbr></a>] <span>* slothlove (n=srussell@user-387ggve.cable.mindspring.com) has joined #beagle</span></li>
<li class="join">[<a href="#T04:33:30" id="T04:33:30"><abbr title="2008-10-02T04:33:30+00:00">04:33:30</abbr></a>] <span>* nooomem (n=chatzill@ip68-100-201-32.dc.dc.cox.net) has joined #Beagle</span></li>
<li class="message">[<a href="#T04:42:43" id="T04:42:43"><abbr title="2008-10-02T04:42:43+00:00">04:42:43</abbr></a>] &lt;<cite>nathan__</cite>&gt; <q>mru:  I have a research robot using a heavy PC for computer vision that I would like to replace with the Beagleboard.</q></li>
<li class="message">[<a href="#T04:44:16" id="T04:44:16"><abbr title="2008-10-02T04:44:16+00:00">04:44:16</abbr></a>] &lt;<cite>geist</cite>&gt; <q>what klind of cpu requirements do you have for it?</q></li>
<li class="message">[<a href="#T04:44:31" id="T04:44:31"><abbr title="2008-10-02T04:44:31+00:00">04:44:31</abbr></a>] &lt;<cite>geist</cite>&gt; <q>though the cortex is fast, it's still going to be many times slower than a core2 or so</q></li>
<li class="message">[<a href="#T04:45:58" id="T04:45:58"><abbr title="2008-10-02T04:45:58+00:00">04:45:58</abbr></a>] &lt;<cite>ds2</cite>&gt; <q>the dsp could help there</q></li>
<li class="message">[<a href="#T04:48:06" id="T04:48:06"><abbr title="2008-10-02T04:48:06+00:00">04:48:06</abbr></a>] &lt;<cite>nathan__</cite>&gt; <q>The CPU requirements aren't that high.  I was using a Via and more recently an Atom.  Neither one is a Core 2.</q></li>
<li class="message">[<a href="#T04:48:47" id="T04:48:47"><abbr title="2008-10-02T04:48:47+00:00">04:48:47</abbr></a>] &lt;<cite>nathan__</cite>&gt; <q>And ds2 is right -- the front end fits well on a DSP because it is all integer MACs working on regular arrays.</q></li>
<li class="message">[<a href="#T04:49:55" id="T04:49:55"><abbr title="2008-10-02T04:49:55+00:00">04:49:55</abbr></a>] &lt;<cite>ds2</cite>&gt; <q>what are you using as sensors?</q></li>
<li class="message">[<a href="#T04:54:53" id="T04:54:53"><abbr title="2008-10-02T04:54:53+00:00">04:54:53</abbr></a>] &lt;<cite>nathan__</cite>&gt; <q>USB cameras and a USB sensor board that interfaces to a 6-axis IMU and position and force sensors.</q></li>
<li class="message">[<a href="#T04:55:57" id="T04:55:57"><abbr title="2008-10-02T04:55:57+00:00">04:55:57</abbr></a>] &lt;<cite>nathan__</cite>&gt; <q>It is nice to go from 24W to 2W on a battery-powered robot.</q></li>
<li class="message">[<a href="#T04:56:15" id="T04:56:15"><abbr title="2008-10-02T04:56:15+00:00">04:56:15</abbr></a>] &lt;<cite>ds2</cite>&gt; <q>heh indeed</q></li>
<li class="message">[<a href="#T04:58:03" id="T04:58:03"><abbr title="2008-10-02T04:58:03+00:00">04:58:03</abbr></a>] &lt;<cite>nathan__</cite>&gt; <q>The only downside with the BB right now is that the MUSB drivers still have kinks to be worked out.  But Ajay Gupta has been amazing with that.</q></li>
<li class="quit">[<a href="#T04:58:28" id="T04:58:28"><abbr title="2008-10-02T04:58:28+00:00">04:58:28</abbr></a>] <span>* slothlove (n=srussell@user-387ggve.cable.mindspring.com) Quit (Read error: 110 (Connection timed out))</span></li>
<li class="message">[<a href="#T04:58:50" id="T04:58:50"><abbr title="2008-10-02T04:58:50+00:00">04:58:50</abbr></a>] &lt;<cite>ds2</cite>&gt; <q>if you need something working, use an older kernel</q></li>
<li class="message">[<a href="#T04:59:40" id="T04:59:40"><abbr title="2008-10-02T04:59:40+00:00">04:59:40</abbr></a>] &lt;<cite>nathan__</cite>&gt; <q>Older kernels don't have high speed isochronous support in musb so the cameras won't work.</q></li>
<li class="message">[<a href="#T04:59:59" id="T04:59:59"><abbr title="2008-10-02T04:59:59+00:00">04:59:59</abbr></a>] &lt;<cite>ds2</cite>&gt; <q>ah</q></li>
