<li class="message">[<a href="#T00:52:50" id="T00:52:50"><abbr title="2008-05-31T00:52:50+00:00">00:52:50</abbr></a>] &lt;<cite>koen</cite>&gt; <q>sakoman: the omap-as-platform stuff got applied :)</q></li>
<li class="message">[<a href="#T00:52:59" id="T00:52:59"><abbr title="2008-05-31T00:52:59+00:00">00:52:59</abbr></a>] &lt;<cite>koen</cite>&gt; <q>that's 4 less patches to carry :)</q></li>
<li class="join">[<a href="#T02:20:16" id="T02:20:16"><abbr title="2008-05-31T02:20:16+00:00">02:20:16</abbr></a>] <span>* khasim (n=a0393720@192.163.20.231) has joined #beagle</span></li>
<li class="join">[<a href="#T02:34:23" id="T02:34:23"><abbr title="2008-05-31T02:34:23+00:00">02:34:23</abbr></a>] <span>* JoeBorn_ (n=jborn@cpe-66-1-5-91.il.sprintbbd.net) has joined #beagle</span></li>
<li class="nick-change">[<a href="#T02:35:17" id="T02:35:17"><abbr title="2008-05-31T02:35:17+00:00">02:35:17</abbr></a>] <span>* JoeBorn_ is now known as JoeBorn</span></li>
<li class="quit">[<a href="#T04:04:45" id="T04:04:45"><abbr title="2008-05-31T04:04:45+00:00">04:04:45</abbr></a>] <span>* NishanthM (n=Nishanth@cpe-24-175-68-203.tx.res.rr.com) Quit ("Aloha")</span></li>
<li class="quit">[<a href="#T05:16:42" id="T05:16:42"><abbr title="2008-05-31T05:16:42+00:00">05:16:42</abbr></a>] <span>* BThompson (n=BThompso@cpe-76-185-93-11.tx.res.rr.com) Quit ("Trillian (<a href="http://www.ceruleanstudios.com")">http://www.ceruleanstudios.com")</a></span></li>
<li class="message">[<a href="#T10:15:53" id="T10:15:53"><abbr title="2008-05-31T10:15:53+00:00">10:15:53</abbr></a>] &lt;<cite>jkridner</cite>&gt; <q>gm</q></li>
<li class="message">[<a href="#T10:16:27" id="T10:16:27"><abbr title="2008-05-31T10:16:27+00:00">10:16:27</abbr></a>] &lt;<cite>Crofton|work</cite>&gt; <q>gm</q></li>
<li class="message">[<a href="#T10:16:28" id="T10:16:28"><abbr title="2008-05-31T10:16:28+00:00">10:16:28</abbr></a>] &lt;<cite>jkridner</cite>&gt; <q>koen: which project?</q></li>
<li class="message">[<a href="#T10:16:33" id="T10:16:33"><abbr title="2008-05-31T10:16:33+00:00">10:16:33</abbr></a>] &lt;<cite>Crofton|work</cite>&gt; <q>and I thought I was up early</q></li>
<li class="message">[<a href="#T10:16:48" id="T10:16:48"><abbr title="2008-05-31T10:16:48+00:00">10:16:48</abbr></a>] &lt;<cite>jkridner</cite>&gt; <q>Crofton|work: already at work on a Saturday pre-dawn?</q></li>
<li class="message">[<a href="#T10:18:47" id="T10:18:47"><abbr title="2008-05-31T10:18:47+00:00">10:18:47</abbr></a>] &lt;<cite>Crofton|work</cite>&gt; <q>well</q></li>
<li class="message">[<a href="#T10:18:51" id="T10:18:51"><abbr title="2008-05-31T10:18:51+00:00">10:18:51</abbr></a>] &lt;<cite>Crofton|work</cite>&gt; <q>I work in the basement</q></li>
<li class="message">[<a href="#T10:19:06" id="T10:19:06"><abbr title="2008-05-31T10:19:06+00:00">10:19:06</abbr></a>] &lt;<cite>jkridner</cite>&gt; <q>:)  so you *are* at work.</q></li>
<li class="message">[<a href="#T10:19:27" id="T10:19:27"><abbr title="2008-05-31T10:19:27+00:00">10:19:27</abbr></a>] &lt;<cite>jkridner</cite>&gt; <q>jkridner|work is a laptop for me.</q></li>
<li class="message">[<a href="#T10:20:18" id="T10:20:18"><abbr title="2008-05-31T10:20:18+00:00">10:20:18</abbr></a>] &lt;<cite>Crofton|work</cite>&gt; <q>well, I am trying to build some beagle images</q></li>
<li class="message">[<a href="#T10:20:54" id="T10:20:54"><abbr title="2008-05-31T10:20:54+00:00">10:20:54</abbr></a>] &lt;<cite>jkridner</cite>&gt; <q>cool.</q></li>
<li class="message">[<a href="#T10:20:55" id="T10:20:55"><abbr title="2008-05-31T10:20:55+00:00">10:20:55</abbr></a>] &lt;<cite>Crofton|work</cite>&gt; <q>one man's fix is another man's bug</q></li>
<li class="message">[<a href="#T10:23:41" id="T10:23:41"><abbr title="2008-05-31T10:23:41+00:00">10:23:41</abbr></a>] &lt;<cite>Crofton|work</cite>&gt; <q>did you see the picture of my power mod?</q></li>
<li class="message">[<a href="#T10:25:30" id="T10:25:30"><abbr title="2008-05-31T10:25:30+00:00">10:25:30</abbr></a>] &lt;<cite>jkridner</cite>&gt; <q>nope.</q></li>
<li class="message">[<a href="#T10:25:39" id="T10:25:39"><abbr title="2008-05-31T10:25:39+00:00">10:25:39</abbr></a>] &lt;<cite>jkridner</cite>&gt; <q>anything particularly different about it?</q></li>
<li class="message">[<a href="#T10:25:51" id="T10:25:51"><abbr title="2008-05-31T10:25:51+00:00">10:25:51</abbr></a>] &lt;<cite>Crofton|work</cite>&gt; <q><a href="http://www.flickr.com/photos/32615155@N00/2536578545/">http://www.flickr.com/photos/32615155@N00/2536578545/</a></q></li>
<li class="message">[<a href="#T10:26:10" id="T10:26:10"><abbr title="2008-05-31T10:26:10+00:00">10:26:10</abbr></a>] &lt;<cite>Crofton|work</cite>&gt; <q>cut plug of usb hub power supply and connected to board</q></li>
<li class="message">[<a href="#T10:26:58" id="T10:26:58"><abbr title="2008-05-31T10:26:58+00:00">10:26:58</abbr></a>] &lt;<cite>jkridner</cite>&gt; <q>just invited it to the BeagleBoard flickr group.</q></li>
<li class="message">[<a href="#T10:27:02" id="T10:27:02"><abbr title="2008-05-31T10:27:02+00:00">10:27:02</abbr></a>] &lt;<cite>Crofton|work</cite>&gt; <q>ok</q></li>
<li class="message">[<a href="#T10:27:31" id="T10:27:31"><abbr title="2008-05-31T10:27:31+00:00">10:27:31</abbr></a>] &lt;<cite>Crofton|work</cite>&gt; <q>I should have focused more on how my soldering is better then koen's :)</q></li>
<li class="message">[<a href="#T10:27:45" id="T10:27:45"><abbr title="2008-05-31T10:27:45+00:00">10:27:45</abbr></a>] &lt;<cite>jkridner</cite>&gt; <q>:)</q></li>
<li class="message">[<a href="#T10:28:42" id="T10:28:42"><abbr title="2008-05-31T10:28:42+00:00">10:28:42</abbr></a>] &lt;<cite>jkridner</cite>&gt; <q>I just realized I don't know what the mini-AB's capabilities are to power USB peripherals.</q></li>
<li class="message">[<a href="#T10:29:01" id="T10:29:01"><abbr title="2008-05-31T10:29:01+00:00">10:29:01</abbr></a>] &lt;<cite>jkridner</cite>&gt; <q>I know it works with a hub, since that is how I demoed the Rev 0 boards.</q></li>
<li class="join">[<a href="#T10:29:10" id="T10:29:10"><abbr title="2008-05-31T10:29:10+00:00">10:29:10</abbr></a>] <span>* christian01 (i=WinNT@217-133-13-16.b2b.tiscali.it) has joined #beagle</span></li>
<li class="message">[<a href="#T10:29:40" id="T10:29:40"><abbr title="2008-05-31T10:29:40+00:00">10:29:40</abbr></a>] &lt;<cite>jkridner</cite>&gt; <q>Rev 0 boards didn't have the EHCI port working at all.</q></li>
<li class="message">[<a href="#T10:32:30" id="T10:32:30"><abbr title="2008-05-31T10:32:30+00:00">10:32:30</abbr></a>] &lt;<cite>koen</cite>&gt; <q>it seems that otg doesn't provide power on the beagle board</q></li>
<li class="message">[<a href="#T10:32:56" id="T10:32:56"><abbr title="2008-05-31T10:32:56+00:00">10:32:56</abbr></a>] &lt;<cite>koen</cite>&gt; <q>jkridner: and 'which project?' is your question referring to?</q></li>
<li class="message">[<a href="#T10:33:24" id="T10:33:24"><abbr title="2008-05-31T10:33:24+00:00">10:33:24</abbr></a>] &lt;<cite>jkridner</cite>&gt; <q>your omap-as-platform comment to sakoman.</q></li>
<li class="message">[<a href="#T10:33:33" id="T10:33:33"><abbr title="2008-05-31T10:33:33+00:00">10:33:33</abbr></a>] &lt;<cite>koen</cite>&gt; <q>ah</q></li>
<li class="message">[<a href="#T10:33:36" id="T10:33:36"><abbr title="2008-05-31T10:33:36+00:00">10:33:36</abbr></a>] &lt;<cite>koen</cite>&gt; <q>that was a typo</q></li>
<li class="message">[<a href="#T10:33:43" id="T10:33:43"><abbr title="2008-05-31T10:33:43+00:00">10:33:43</abbr></a>] &lt;<cite>koen</cite>&gt; <q>mcbsp-as-platform-device</q></li>
<li class="message">[<a href="#T10:33:47" id="T10:33:47"><abbr title="2008-05-31T10:33:47+00:00">10:33:47</abbr></a>] &lt;<cite>koen</cite>&gt; <q>linux-omap mailinglist</q></li>
<li class="message">[<a href="#T10:33:59" id="T10:33:59"><abbr title="2008-05-31T10:33:59+00:00">10:33:59</abbr></a>] &lt;<cite>koen</cite>&gt; <q>another reason not to IRC at 3am :)</q></li>
<li class="message">[<a href="#T10:34:15" id="T10:34:15"><abbr title="2008-05-31T10:34:15+00:00">10:34:15</abbr></a>] &lt;<cite>jkridner</cite>&gt; <q>ah.  that makes more sense.  I didn't figure that omap was a new platform to linux-omap git tree.  ;)</q></li>
<li class="message">[<a href="#T10:34:45" id="T10:34:45"><abbr title="2008-05-31T10:34:45+00:00">10:34:45</abbr></a>] &lt;<cite>koen</cite>&gt; <q>sakoman is basing his alsa work on top of that patchset </q></li>
<li class="message">[<a href="#T10:35:14" id="T10:35:14"><abbr title="2008-05-31T10:35:14+00:00">10:35:14</abbr></a>] &lt;<cite>jkridner</cite>&gt; <q>denix|work: are you up too?  just saw an e-mail.</q></li>
<li class="message">[<a href="#T10:36:00" id="T10:36:00"><abbr title="2008-05-31T10:36:00+00:00">10:36:00</abbr></a>] &lt;<cite>jkridner</cite>&gt; <q>denix|work: messages from non-subscribers are moderated, so you'll want to send from the same address as you used to subscribe.</q></li>
<li class="message">[<a href="#T10:36:52" id="T10:36:52"><abbr title="2008-05-31T10:36:52+00:00">10:36:52</abbr></a>] &lt;<cite>jkridner</cite>&gt; <q>I tried to make some additional comments about OTG vs. Host: <a href="http://groups.google.com/group/beagleboard/browse_thread/thread/f0b08e401438da44/0d4160d56fab8192?hl=en#0d4160d56fab8192">http://groups.google.com/group/beagleboard/browse_thread/thread/f0b08e401438da44/0d4160d56fab8192?hl=en#0d4160d56fab8192</a></q></li>
<li class="message">[<a href="#T10:38:39" id="T10:38:39"><abbr title="2008-05-31T10:38:39+00:00">10:38:39</abbr></a>] &lt;<cite>koen</cite>&gt; <q>jkridner: <a href="http://amethyst.openembedded.net/~koen/beagleboard/uImage.leds-nodvi">http://amethyst.openembedded.net/~koen/beagleboard/uImage.leds-nodvi</a></q></li>
<li class="message">[<a href="#T10:39:02" id="T10:39:02"><abbr title="2008-05-31T10:39:02+00:00">10:39:02</abbr></a>] &lt;<cite>koen</cite>&gt; <q>that has led support, but DVI is disabled to get it to boot more often </q></li>
<li class="message">[<a href="#T10:39:05" id="T10:39:05"><abbr title="2008-05-31T10:39:05+00:00">10:39:05</abbr></a>] &lt;<cite>jkridner</cite>&gt; <q>nodvi?  why would I want to run an image w/o DVI?</q></li>
<li class="message">[<a href="#T10:39:15" id="T10:39:15"><abbr title="2008-05-31T10:39:15+00:00">10:39:15</abbr></a>] &lt;<cite>koen</cite>&gt; <q>you have leds now to look at ;)</q></li>
<li class="message">[<a href="#T10:39:37" id="T10:39:37"><abbr title="2008-05-31T10:39:37+00:00">10:39:37</abbr></a>] &lt;<cite>jkridner</cite>&gt; <q>oh.  that issue needs to be squashed.</q></li>
<li class="message">[<a href="#T10:39:40" id="T10:39:40"><abbr title="2008-05-31T10:39:40+00:00">10:39:40</abbr></a>] &lt;<cite>koen</cite>&gt; <q>with DVI enabled you need 40 boots or so to get one succesfull entry into userspace</q></li>
<li class="message">[<a href="#T10:40:59" id="T10:40:59"><abbr title="2008-05-31T10:40:59+00:00">10:40:59</abbr></a>] &lt;<cite>jkridner</cite>&gt; <q>but it works with the 2.6.22 kernel every time for me.  how do we move beyond this?</q></li>
<li class="message">[<a href="#T10:41:15" id="T10:41:15"><abbr title="2008-05-31T10:41:15+00:00">10:41:15</abbr></a>] &lt;<cite>koen</cite>&gt; <q>I suspect it's an initialisation problem</q></li>
<li class="message">[<a href="#T10:41:16" id="T10:41:16"><abbr title="2008-05-31T10:41:16+00:00">10:41:16</abbr></a>] &lt;<cite>jkridner</cite>&gt; <q>is this about twl4030 docs?</q></li>
<li class="message">[<a href="#T10:41:22" id="T10:41:22"><abbr title="2008-05-31T10:41:22+00:00">10:41:22</abbr></a>] &lt;<cite>koen</cite>&gt; <q>or masking problems</q></li>
<li class="message">[<a href="#T10:41:29" id="T10:41:29"><abbr title="2008-05-31T10:41:29+00:00">10:41:29</abbr></a>] &lt;<cite>koen</cite>&gt; <q>I'm nut sure if it's TWL related</q></li>
<li class="message">[<a href="#T10:41:36" id="T10:41:36"><abbr title="2008-05-31T10:41:36+00:00">10:41:36</abbr></a>] &lt;<cite>koen</cite>&gt; <q>s/nut/not/</q></li>
<li class="message">[<a href="#T10:41:53" id="T10:41:53"><abbr title="2008-05-31T10:41:53+00:00">10:41:53</abbr></a>] &lt;<cite>suihkulokki</cite>&gt; <q>relaxen und watched der blinkenlichten</q></li>
<li class="message">[<a href="#T10:42:08" id="T10:42:08"><abbr title="2008-05-31T10:42:08+00:00">10:42:08</abbr></a>] &lt;<cite>jkridner</cite>&gt; <q>:)</q></li>
<li class="message">[<a href="#T10:42:09" id="T10:42:09"><abbr title="2008-05-31T10:42:09+00:00">10:42:09</abbr></a>] &lt;<cite>koen</cite>&gt; <q>we indeed have a problem with the TWL, but lets not blame everything on that :)</q></li>
<li class="message">[<a href="#T10:43:14" id="T10:43:14"><abbr title="2008-05-31T10:43:14+00:00">10:43:14</abbr></a>] &lt;<cite>jkridner</cite>&gt; <q>you just need to figure out how to follow that TI Extranet link that I gave you by mistake. :)</q></li>
<li class="quit">[<a href="#T10:44:10" id="T10:44:10"><abbr title="2008-05-31T10:44:10+00:00">10:44:10</abbr></a>] <span>* christian00 (i=WinNT@217-133-13-16.b2b.tiscali.it) Quit (Read error: 110 (Connection timed out))</span></li>
<li class="message">[<a href="#T10:44:40" id="T10:44:40"><abbr title="2008-05-31T10:44:40+00:00">10:44:40</abbr></a>] &lt;<cite>koen</cite>&gt; <q>jkridner: cable based detection works great with the git kernel</q></li>
<li class="message">[<a href="#T10:44:51" id="T10:44:51"><abbr title="2008-05-31T10:44:51+00:00">10:44:51</abbr></a>] &lt;<cite>jkridner</cite>&gt; <q>great!</q></li>
<li class="message">[<a href="#T10:44:54" id="T10:44:54"><abbr title="2008-05-31T10:44:54+00:00">10:44:54</abbr></a>] &lt;<cite>koen</cite>&gt; <q>it "Just Works (TM)"</q></li>
<li class="message">[<a href="#T10:45:29" id="T10:45:29"><abbr title="2008-05-31T10:45:29+00:00">10:45:29</abbr></a>] &lt;<cite>jkridner</cite>&gt; <q>the 2.6.22 I've been running is menuconfiged for RNDIS and doesn't seem to switch automatically.</q></li>
<li class="message">[<a href="#T10:45:41" id="T10:45:41"><abbr title="2008-05-31T10:45:41+00:00">10:45:41</abbr></a>] &lt;<cite>jkridner</cite>&gt; <q>RNDIS gadget, that is.</q></li>
<li class="message">[<a href="#T10:45:52" id="T10:45:52"><abbr title="2008-05-31T10:45:52+00:00">10:45:52</abbr></a>] &lt;<cite>koen</cite>&gt; <q>the defconfig I use is hardwired for rndis as gadget as well</q></li>
<li class="message">[<a href="#T10:46:03" id="T10:46:03"><abbr title="2008-05-31T10:46:03+00:00">10:46:03</abbr></a>] &lt;<cite>koen</cite>&gt; <q>but if you plugin the host cable it will do the right thing</q></li>
<li class="message">[<a href="#T10:46:31" id="T10:46:31"><abbr title="2008-05-31T10:46:31+00:00">10:46:31</abbr></a>] &lt;<cite>jkridner</cite>&gt; <q>I was trying to go in the direction of getting netconsole going over the RNDIS and eliminating the serial cable.  That is one thing that looks very non-hopeful for Rev.B.</q></li>
<li class="message">[<a href="#T10:46:33" id="T10:46:33"><abbr title="2008-05-31T10:46:33+00:00">10:46:33</abbr></a>] &lt;<cite>koen</cite>&gt; <q>With the idnt multi-endpoint patch we could even load multiple client gadgets</q></li>
<li class="message">[<a href="#T10:47:01" id="T10:47:01"><abbr title="2008-05-31T10:47:01+00:00">10:47:01</abbr></a>] &lt;<cite>koen</cite>&gt; <q>indt, that is</q></li>
<li class="message">[<a href="#T10:47:07" id="T10:47:07"><abbr title="2008-05-31T10:47:07+00:00">10:47:07</abbr></a>] &lt;<cite>jkridner</cite>&gt; <q>interesting.  must be something I did or something after 2.6.22.</q></li>
<li class="message">[<a href="#T10:47:48" id="T10:47:48"><abbr title="2008-05-31T10:47:48+00:00">10:47:48</abbr></a>] &lt;<cite>koen</cite>&gt; <q><a href="http://linux.omap.com/pipermail/linux-omap-open-source/2007-February/009009.html">http://linux.omap.com/pipermail/linux-omap-open-source/2007-February/009009.html</a></q></li>
<li class="message">[<a href="#T10:47:49" id="T10:47:49"><abbr title="2008-05-31T10:47:49+00:00">10:47:49</abbr></a>] &lt;<cite>jkridner</cite>&gt; <q>that would be handy, but I think WinXP support for composite devices is still poor.</q></li>
<li class="message">[<a href="#T10:47:54" id="T10:47:54"><abbr title="2008-05-31T10:47:54+00:00">10:47:54</abbr></a>] &lt;<cite>koen</cite>&gt; <q>I heard about it at bossa last year</q></li>
<li class="message">[<a href="#T10:48:54" id="T10:48:54"><abbr title="2008-05-31T10:48:54+00:00">10:48:54</abbr></a>] &lt;<cite>koen</cite>&gt; <q>anyway, time to head for the local Subway</q></li>
<li class="message">[<a href="#T10:48:55" id="T10:48:55"><abbr title="2008-05-31T10:48:55+00:00">10:48:55</abbr></a>] &lt;<cite>jkridner</cite>&gt; <q>would be very nice to have USBNET (RNDIS) and USBTTY (Serial) at the same time, and maybe even MSC or MTP.</q></li>
<li class="message">[<a href="#T10:49:13" id="T10:49:13"><abbr title="2008-05-31T10:49:13+00:00">10:49:13</abbr></a>] &lt;<cite>jkridner</cite>&gt; <q>for food or travel?  (captitalization)</q></li>
<li class="action">[<a href="#T11:17:14" id="T11:17:14"><abbr title="2008-05-31T11:17:14+00:00">11:17:14</abbr></a>] <span>* Crofton|work suspects food</span></li>
<li class="message">[<a href="#T11:17:40" id="T11:17:40"><abbr title="2008-05-31T11:17:40+00:00">11:17:40</abbr></a>] &lt;<cite>Crofton|work</cite>&gt; <q>Even though koen lives in the Dutch highlands, I suspect a subway would be underwater :)</q></li>
<li class="quit">[<a href="#T11:27:33" id="T11:27:33"><abbr title="2008-05-31T11:27:33+00:00">11:27:33</abbr></a>] <span>* khasim (n=a0393720@192.163.20.231) Quit (Remote closed the connection)</span></li>
<li class="message">[<a href="#T12:25:13" id="T12:25:13"><abbr title="2008-05-31T12:25:13+00:00">12:25:13</abbr></a>] &lt;<cite>jkridner</cite>&gt; <q>just replied to <a href="http://nchip.livejournal.com/11966.html?view=24766#t24766">http://nchip.livejournal.com/11966.html?view=24766#t24766</a></q></li>
<li class="message">[<a href="#T13:01:14" id="T13:01:14"><abbr title="2008-05-31T13:01:14+00:00">13:01:14</abbr></a>] &lt;<cite>sakoman</cite>&gt; <q> gm</q></li>
<li class="message">[<a href="#T13:04:01" id="T13:04:01"><abbr title="2008-05-31T13:04:01+00:00">13:04:01</abbr></a>] &lt;<cite>jkridner</cite>&gt; <q>gm</q></li>
<li class="message">[<a href="#T13:04:09" id="T13:04:09"><abbr title="2008-05-31T13:04:09+00:00">13:04:09</abbr></a>] &lt;<cite>jkridner</cite>&gt; <q>found this interesting in my morning reading: <a href="http://www.readwriteweb.com/archives/mediadefender_behind_attack_on_revision3.php">http://www.readwriteweb.com/archives/mediadefender_behind_attack_on_revision3.php</a></q></li>
<li class="message">[<a href="#T13:04:48" id="T13:04:48"><abbr title="2008-05-31T13:04:48+00:00">13:04:48</abbr></a>] &lt;<cite>jkridner</cite>&gt; <q>they think that a legitimate service that uses bittorrent as distribution was attacked by a service that is meant to attack pirates.</q></li>
<li class="message">[<a href="#T13:06:30" id="T13:06:30"><abbr title="2008-05-31T13:06:30+00:00">13:06:30</abbr></a>] &lt;<cite>jkridner</cite>&gt; <q>some speculation is that Rev3 was seeding pirate torrents, but I have doubts on both sides.  It'll be interesting.  FBI involved.</q></li>
<li class="message">[<a href="#T13:12:30" id="T13:12:30"><abbr title="2008-05-31T13:12:30+00:00">13:12:30</abbr></a>] &lt;<cite>sakoman</cite>&gt; <q>I think I resolved the u-boot nand write.jffs2 issue I had yesterday.  Just booted from nand </q></li>
<li class="message">[<a href="#T13:12:53" id="T13:12:53"><abbr title="2008-05-31T13:12:53+00:00">13:12:53</abbr></a>] &lt;<cite>jkridner</cite>&gt; <q>great!</q></li>
<li class="message">[<a href="#T13:13:03" id="T13:13:03"><abbr title="2008-05-31T13:13:03+00:00">13:13:03</abbr></a>] &lt;<cite>sakoman</cite>&gt; <q>Not a nice clean boot though -- I have mtd debuggin turned up all the way so it is incredibly noisey</q></li>
<li class="message">[<a href="#T13:13:14" id="T13:13:14"><abbr title="2008-05-31T13:13:14+00:00">13:13:14</abbr></a>] &lt;<cite>jkridner</cite>&gt; <q>do you have a blog or anything like that?</q></li>
<li class="message">[<a href="#T13:13:26" id="T13:13:26"><abbr title="2008-05-31T13:13:26+00:00">13:13:26</abbr></a>] &lt;<cite>jkridner</cite>&gt; <q>I'd love to share some of the traffic of OMAP interested people your way.</q></li>
<li class="message">[<a href="#T13:13:27" id="T13:13:27"><abbr title="2008-05-31T13:13:27+00:00">13:13:27</abbr></a>] &lt;<cite>sakoman</cite>&gt; <q>And my rootfs doesn't match my kernel rev, so I need to rebuild it </q></li>
<li class="message">[<a href="#T13:13:44" id="T13:13:44"><abbr title="2008-05-31T13:13:44+00:00">13:13:44</abbr></a>] &lt;<cite>jkridner</cite>&gt; <q>word of mouth is starting to spread.  (website hits are ramping)</q></li>
<li class="message">[<a href="#T13:13:46" id="T13:13:46"><abbr title="2008-05-31T13:13:46+00:00">13:13:46</abbr></a>] &lt;<cite>sakoman</cite>&gt; <q>No time for blogging!</q></li>
<li class="message">[<a href="#T13:14:03" id="T13:14:03"><abbr title="2008-05-31T13:14:03+00:00">13:14:03</abbr></a>] &lt;<cite>sakoman</cite>&gt; <q>But I should -- maybe would be good for business :-)</q></li>
<li class="message">[<a href="#T13:14:24" id="T13:14:24"><abbr title="2008-05-31T13:14:24+00:00">13:14:24</abbr></a>] &lt;<cite>jkridner</cite>&gt; <q>guess I've become more of a PR guy than developer these days. :-|</q></li>
<li class="message">[<a href="#T13:14:44" id="T13:14:44"><abbr title="2008-05-31T13:14:44+00:00">13:14:44</abbr></a>] &lt;<cite>jkridner</cite>&gt; <q>(though not an official PR guy, in case anyone gets the wrong idea.)</q></li>
<li class="message">[<a href="#T13:15:09" id="T13:15:09"><abbr title="2008-05-31T13:15:09+00:00">13:15:09</abbr></a>] &lt;<cite>Crofton</cite>&gt; <q>jkridner, think of it as community builiding</q></li>
<li class="message">[<a href="#T13:15:13" id="T13:15:13"><abbr title="2008-05-31T13:15:13+00:00">13:15:13</abbr></a>] &lt;<cite>sakoman</cite>&gt; <q>Just finished a contract with one client, so I have to start going into PR mode too to keep the pipeline filled</q></li>
<li class="message">[<a href="#T13:15:30" id="T13:15:30"><abbr title="2008-05-31T13:15:30+00:00">13:15:30</abbr></a>] &lt;<cite>jkridner</cite>&gt; <q>Crofton: that is *exactly* how I think of it.</q></li>
<li class="message">[<a href="#T13:16:17" id="T13:16:17"><abbr title="2008-05-31T13:16:17+00:00">13:16:17</abbr></a>] &lt;<cite>jkridner</cite>&gt; <q>I believe OMAP experience should be able to fill your pipeline. :)</q></li>
<li class="message">[<a href="#T13:16:34" id="T13:16:34"><abbr title="2008-05-31T13:16:34+00:00">13:16:34</abbr></a>] &lt;<cite>sakoman</cite>&gt; <q>Hope so!</q></li>
<li class="message">[<a href="#T13:16:52" id="T13:16:52"><abbr title="2008-05-31T13:16:52+00:00">13:16:52</abbr></a>] &lt;<cite>Crofton</cite>&gt; <q>TI is making it easier for people to do OMAP work</q></li>
<li class="message">[<a href="#T13:17:10" id="T13:17:10"><abbr title="2008-05-31T13:17:10+00:00">13:17:10</abbr></a>] &lt;<cite>sakoman</cite>&gt; <q>Definitely! </q></li>
<li class="message">[<a href="#T13:17:25" id="T13:17:25"><abbr title="2008-05-31T13:17:25+00:00">13:17:25</abbr></a>] &lt;<cite>jkridner</cite>&gt; <q>thanks!</q></li>
<li class="message">[<a href="#T13:17:45" id="T13:17:45"><abbr title="2008-05-31T13:17:45+00:00">13:17:45</abbr></a>] &lt;<cite>Crofton</cite>&gt; <q>at least for the little guys</q></li>
<li class="message">[<a href="#T13:18:02" id="T13:18:02"><abbr title="2008-05-31T13:18:02+00:00">13:18:02</abbr></a>] &lt;<cite>jkridner</cite>&gt; <q>lots of gaps still, I know, but getting there.</q></li>
<li class="message">[<a href="#T13:18:22" id="T13:18:22"><abbr title="2008-05-31T13:18:22+00:00">13:18:22</abbr></a>] &lt;<cite>jkridner</cite>&gt; <q>well, if the little guys can manage, big guys should be better off as well.</q></li>
<li class="message">[<a href="#T13:18:23" id="T13:18:23"><abbr title="2008-05-31T13:18:23+00:00">13:18:23</abbr></a>] &lt;<cite>sakoman</cite>&gt; <q>You guys have been totally great.  Support is almost as good as I got from vendors when I was at Apple ;-)</q></li>
<li class="message">[<a href="#T13:18:45" id="T13:18:45"><abbr title="2008-05-31T13:18:45+00:00">13:18:45</abbr></a>] &lt;<cite>jkridner</cite>&gt; <q>btw, the touchscreen thing hasn't fallen off the radar.</q></li>
<li class="message">[<a href="#T13:19:20" id="T13:19:20"><abbr title="2008-05-31T13:19:20+00:00">13:19:20</abbr></a>] &lt;<cite>jkridner</cite>&gt; <q>PSP 0.9.7 has been done, but it is still going through the publishing pipe.</q></li>
<li class="message">[<a href="#T13:19:42" id="T13:19:42"><abbr title="2008-05-31T13:19:42+00:00">13:19:42</abbr></a>] &lt;<cite>sakoman</cite>&gt; <q>It's not a big issue to me -- the touchscreen hw on my paying gig is totally different</q></li>
<li class="message">[<a href="#T13:20:01" id="T13:20:01"><abbr title="2008-05-31T13:20:01+00:00">13:20:01</abbr></a>] &lt;<cite>sakoman</cite>&gt; <q>Just wanted to call it to your attention</q></li>
<li class="message">[<a href="#T13:20:04" id="T13:20:04"><abbr title="2008-05-31T13:20:04+00:00">13:20:04</abbr></a>] &lt;<cite>jkridner</cite>&gt; <q>supposedly there is a patch that improves touchscreen performance, but it is understood the noise is not suitable for default configs.</q></li>
<li class="message">[<a href="#T13:20:53" id="T13:20:53"><abbr title="2008-05-31T13:20:53+00:00">13:20:53</abbr></a>] &lt;<cite>jkridner</cite>&gt; <q>well, we are continuing to push on it.</q></li>
<li class="message">[<a href="#T13:21:20" id="T13:21:20"><abbr title="2008-05-31T13:21:20+00:00">13:21:20</abbr></a>] &lt;<cite>sakoman</cite>&gt; <q>good idea -- you want to make a good first impression with the EVM</q></li>
<li class="message">[<a href="#T13:21:50" id="T13:21:50"><abbr title="2008-05-31T13:21:50+00:00">13:21:50</abbr></a>] &lt;<cite>jkridner</cite>&gt; <q>additional caps haven't made much improvement.  looking at other filtering possibilities.</q></li>
<li class="message">[<a href="#T13:22:03" id="T13:22:03"><abbr title="2008-05-31T13:22:03+00:00">13:22:03</abbr></a>] &lt;<cite>sakoman</cite>&gt; <q>With the ts_lib filter hacks it is at least possible to use the onscreen keyboard</q></li>
<li class="message">[<a href="#T13:22:32" id="T13:22:32"><abbr title="2008-05-31T13:22:32+00:00">13:22:32</abbr></a>] &lt;<cite>sakoman</cite>&gt; <q>but drawing programs and rosetta handwriting recognition suffer pretty badly :-)</q></li>
<li class="message">[<a href="#T13:22:54" id="T13:22:54"><abbr title="2008-05-31T13:22:54+00:00">13:22:54</abbr></a>] &lt;<cite>sakoman</cite>&gt; <q>Drawing look like you have Parkinsons!</q></li>
<li class="message">[<a href="#T13:23:31" id="T13:23:31"><abbr title="2008-05-31T13:23:31+00:00">13:23:31</abbr></a>] &lt;<cite>jkridner</cite>&gt; <q>newer kernel mods should make it better, but the problem is clearly recognized now.  some attention to the issue was delayed due to observation of good on-screen keyboard in WinCE.</q></li>
<li class="message">[<a href="#T13:23:42" id="T13:23:42"><abbr title="2008-05-31T13:23:42+00:00">13:23:42</abbr></a>] &lt;<cite>jkridner</cite>&gt; <q>apparently WinCE has a pretty good jitter algorithm.</q></li>
<li class="message">[<a href="#T13:24:18" id="T13:24:18"><abbr title="2008-05-31T13:24:18+00:00">13:24:18</abbr></a>] &lt;<cite>sakoman</cite>&gt; <q>Yeah -- lots of folks have issues with their ts hw.  Seems it is hard to get it right</q></li>
<li class="message">[<a href="#T13:25:37" id="T13:25:37"><abbr title="2008-05-31T13:25:37+00:00">13:25:37</abbr></a>] &lt;<cite>sakoman</cite>&gt; <q>Crofton:  I need to stop living on the bleeding edge of OE.dev</q></li>
<li class="message">[<a href="#T13:25:43" id="T13:25:43"><abbr title="2008-05-31T13:25:43+00:00">13:25:43</abbr></a>] &lt;<cite>Crofton</cite>&gt; <q>heh</q></li>
<li class="message">[<a href="#T13:26:01" id="T13:26:01"><abbr title="2008-05-31T13:26:01+00:00">13:26:01</abbr></a>] &lt;<cite>sakoman</cite>&gt; <q>Seems like every time I pull/update I get bitten by some new issue :-(</q></li>
<li class="message">[<a href="#T13:26:11" id="T13:26:11"><abbr title="2008-05-31T13:26:11+00:00">13:26:11</abbr></a>] &lt;<cite>Crofton</cite>&gt; <q>we need to talk about making a stable branch based of the packaged staging stuff</q></li>
<li class="message">[<a href="#T13:26:30" id="T13:26:30"><abbr title="2008-05-31T13:26:30+00:00">13:26:30</abbr></a>] &lt;<cite>sakoman</cite>&gt; <q>yeah, I've been pondering the need for that</q></li>
<li class="message">[<a href="#T13:26:33" id="T13:26:33"><abbr title="2008-05-31T13:26:33+00:00">13:26:33</abbr></a>] &lt;<cite>Crofton</cite>&gt; <q>someone pushed a bad fix for init tam fs' yesterday</q></li>
<li class="message">[<a href="#T13:26:40" id="T13:26:40"><abbr title="2008-05-31T13:26:40+00:00">13:26:40</abbr></a>] &lt;<cite>sakoman</cite>&gt; <q>current stable is too old</q></li>
<li class="message">[<a href="#T13:26:41" id="T13:26:41"><abbr title="2008-05-31T13:26:41+00:00">13:26:41</abbr></a>] &lt;<cite>Crofton</cite>&gt; <q>RP just fixed it</q></li>
<li class="message">[<a href="#T13:26:50" id="T13:26:50"><abbr title="2008-05-31T13:26:50+00:00">13:26:50</abbr></a>] &lt;<cite>sakoman</cite>&gt; <q>yeah, I got bitten</q></li>
<li class="message">[<a href="#T13:27:00" id="T13:27:00"><abbr title="2008-05-31T13:27:00+00:00">13:27:00</abbr></a>] &lt;<cite>sakoman</cite>&gt; <q>it's killing my productivity</q></li>
<li class="message">[<a href="#T13:27:20" id="T13:27:20"><abbr title="2008-05-31T13:27:20+00:00">13:27:20</abbr></a>] &lt;<cite>sakoman</cite>&gt; <q>gives me more time to read u-boot code though I guess</q></li>
<li class="message">[<a href="#T13:27:39" id="T13:27:39"><abbr title="2008-05-31T13:27:39+00:00">13:27:39</abbr></a>] &lt;<cite>Crofton</cite>&gt; <q>its all about having a good task queue</q></li>
<li class="message">[<a href="#T13:27:57" id="T13:27:57"><abbr title="2008-05-31T13:27:57+00:00">13:27:57</abbr></a>] &lt;<cite>Crofton</cite>&gt; <q>at the moment my productivity is horrible</q></li>
<li class="message">[<a href="#T13:28:07" id="T13:28:07"><abbr title="2008-05-31T13:28:07+00:00">13:28:07</abbr></a>] &lt;<cite>Crofton</cite>&gt; <q>because I can't type much</q></li>
<li class="message">[<a href="#T13:28:28" id="T13:28:28"><abbr title="2008-05-31T13:28:28+00:00">13:28:28</abbr></a>] &lt;<cite>sakoman</cite>&gt; <q>no more mountain biking for you!</q></li>
<li class="message">[<a href="#T13:28:43" id="T13:28:43"><abbr title="2008-05-31T13:28:43+00:00">13:28:43</abbr></a>] &lt;<cite>Crofton</cite>&gt; <q>road biking</q></li>
<li class="message">[<a href="#T13:28:53" id="T13:28:53"><abbr title="2008-05-31T13:28:53+00:00">13:28:53</abbr></a>] &lt;<cite>sakoman</cite>&gt; <q>ok, that too</q></li>
<li class="message">[<a href="#T13:28:58" id="T13:28:58"><abbr title="2008-05-31T13:28:58+00:00">13:28:58</abbr></a>] &lt;<cite>Crofton</cite>&gt; <q>actually, I need to go buy new gloves and try riding</q></li>
<li class="message">[<a href="#T13:29:12" id="T13:29:12"><abbr title="2008-05-31T13:29:12+00:00">13:29:12</abbr></a>] &lt;<cite>sakoman</cite>&gt; <q>get right back on the horse, eh?</q></li>
<li class="message">[<a href="#T13:29:17" id="T13:29:17"><abbr title="2008-05-31T13:29:17+00:00">13:29:17</abbr></a>] &lt;<cite>Crofton</cite>&gt; <q>heh </q></li>
<li class="message">[<a href="#T13:29:22" id="T13:29:22"><abbr title="2008-05-31T13:29:22+00:00">13:29:22</abbr></a>] &lt;<cite>Crofton</cite>&gt; <q>I rode home after wrecking</q></li>
<li class="message">[<a href="#T13:29:36" id="T13:29:36"><abbr title="2008-05-31T13:29:36+00:00">13:29:36</abbr></a>] &lt;<cite>Crofton</cite>&gt; <q>I need the exercise</q></li>
<li class="message">[<a href="#T13:29:52" id="T13:29:52"><abbr title="2008-05-31T13:29:52+00:00">13:29:52</abbr></a>] &lt;<cite>Crofton</cite>&gt; <q>the question is does my arm soreness get aggravated by riding</q></li>
<li class="message">[<a href="#T13:30:04" id="T13:30:04"><abbr title="2008-05-31T13:30:04+00:00">13:30:04</abbr></a>] &lt;<cite>Crofton</cite>&gt; <q>my nurse friend suspect tendonitis</q></li>
<li class="message">[<a href="#T13:30:05" id="T13:30:05"><abbr title="2008-05-31T13:30:05+00:00">13:30:05</abbr></a>] &lt;<cite>sakoman</cite>&gt; <q>I've mostly ridden on trails so I've never gotten road rash that bad</q></li>
<li class="message">[<a href="#T13:30:44" id="T13:30:44"><abbr title="2008-05-31T13:30:44+00:00">13:30:44</abbr></a>] &lt;<cite>Crofton</cite>&gt; <q>gpsbabel wouldn't dump my track</q></li>
<li class="message">[<a href="#T13:30:56" id="T13:30:56"><abbr title="2008-05-31T13:30:56+00:00">13:30:56</abbr></a>] &lt;<cite>Crofton</cite>&gt; <q>I need to hook it up to windows and make a screen shot</q></li>
<li class="quit">[<a href="#T15:19:58" id="T15:19:58"><abbr title="2008-05-31T15:19:58+00:00">15:19:58</abbr></a>] <span>* bazbell (n=a0192809@nat/ti/x-7300d42b05edfecd) Quit (Remote closed the connection)</span></li>
<li class="join">[<a href="#T15:20:27" id="T15:20:27"><abbr title="2008-05-31T15:20:27+00:00">15:20:27</abbr></a>] <span>* bazbell (n=a0192809@nat/ti/x-c2758fb9d2a6cb10) has joined #beagle</span></li>
<li class="join">[<a href="#T15:26:01" id="T15:26:01"><abbr title="2008-05-31T15:26:01+00:00">15:26:01</abbr></a>] <span>* BThompson (n=BThompso@cpe-76-185-93-11.tx.res.rr.com) has joined #beagle</span></li>
<li class="join">[<a href="#T15:31:53" id="T15:31:53"><abbr title="2008-05-31T15:31:53+00:00">15:31:53</abbr></a>] <span>* bazbel1 (n=a0192809@nat/ti/x-9782b9be95348786) has joined #beagle</span></li>
<li class="quit">[<a href="#T15:33:57" id="T15:33:57"><abbr title="2008-05-31T15:33:57+00:00">15:33:57</abbr></a>] <span>* bazbel1 (n=a0192809@nat/ti/x-9782b9be95348786) Quit (Client Quit)</span></li>
<li class="join">[<a href="#T15:34:19" id="T15:34:19"><abbr title="2008-05-31T15:34:19+00:00">15:34:19</abbr></a>] <span>* bazbel1 (n=a0192809@nat/ti/x-0512753987a62509) has joined #beagle</span></li>
<li class="quit">[<a href="#T15:36:59" id="T15:36:59"><abbr title="2008-05-31T15:36:59+00:00">15:36:59</abbr></a>] <span>* bazbell (n=a0192809@nat/ti/x-c2758fb9d2a6cb10) Quit (Remote closed the connection)</span></li>
<li class="message">[<a href="#T15:38:33" id="T15:38:33"><abbr title="2008-05-31T15:38:33+00:00">15:38:33</abbr></a>] &lt;<cite>koen</cite>&gt; <q>jkridner: btw, you can play a decent sized video in x-windows using mplayer on the beagle</q></li>
<li class="message">[<a href="#T15:38:58" id="T15:38:58"><abbr title="2008-05-31T15:38:58+00:00">15:38:58</abbr></a>] &lt;<cite>koen</cite>&gt; <q>(for future demos)</q></li>
<li class="message">[<a href="#T15:39:31" id="T15:39:31"><abbr title="2008-05-31T15:39:31+00:00">15:39:31</abbr></a>] &lt;<cite>koen</cite>&gt; <q>DSP acceleration would be even neater, but the current situation is quite ok :)</q></li>
<li class="message">[<a href="#T15:40:44" id="T15:40:44"><abbr title="2008-05-31T15:40:44+00:00">15:40:44</abbr></a>] &lt;<cite>GAN8001</cite>&gt; <q>On that note, what's the word on PowerVR and/or IVA2 in Beagle's future (as an N800 owner that got burned on those two points)?</q></li>
<li class="message">[<a href="#T15:48:30" id="T15:48:30"><abbr title="2008-05-31T15:48:30+00:00">15:48:30</abbr></a>] &lt;<cite>BThompson</cite>&gt; <q>currently those features are not available from TI in general, but both have software in development so I would expect them to be supported in the coming months, I am assuming that once they are available on the EVM board they will be available for Beagle jkridner could comment on that...</q></li>
<li class="message">[<a href="#T15:50:24" id="T15:50:24"><abbr title="2008-05-31T15:50:24+00:00">15:50:24</abbr></a>] &lt;<cite>GAN8001</cite>&gt; <q>OK, thanks. What about robbing the Pandora drivers/libraries if they get it going?</q></li>
<li class="message">[<a href="#T15:52:40" id="T15:52:40"><abbr title="2008-05-31T15:52:40+00:00">15:52:40</abbr></a>] &lt;<cite>GAN8001</cite>&gt; <q>That's one route I'm hoping might be workable for the N900 (assuming it's actually an OMAP34xx) if Nokia fails to provide drivers/libraries again.</q></li>
<li class="message">[<a href="#T15:54:25" id="T15:54:25"><abbr title="2008-05-31T15:54:25+00:00">15:54:25</abbr></a>] &lt;<cite>koen</cite>&gt; <q>I suspect the evm will have the stuff before pandora</q></li>
<li class="message">[<a href="#T15:54:44" id="T15:54:44"><abbr title="2008-05-31T15:54:44+00:00">15:54:44</abbr></a>] &lt;<cite>koen</cite>&gt; <q>but then again, BSPs don;t get updated very often</q></li>
<li class="message">[<a href="#T15:56:09" id="T15:56:09"><abbr title="2008-05-31T15:56:09+00:00">15:56:09</abbr></a>] &lt;<cite>Crofton|work</cite>&gt; <q>koen, how do I enable usb host mode on the musb port?</q></li>
<li class="message">[<a href="#T15:57:13" id="T15:57:13"><abbr title="2008-05-31T15:57:13+00:00">15:57:13</abbr></a>] &lt;<cite>BThompson</cite>&gt; <q>im not that familiar with the N800 so I couldnt say what it has in it or what it can or can't do, but if it has a 3530 class processor (one with graphics and IVA) than any driver software for the EVM or Beagle or Pandora should work since that hardware is all internal to the part</q></li>
<li class="message">[<a href="#T15:59:13" id="T15:59:13"><abbr title="2008-05-31T15:59:13+00:00">15:59:13</abbr></a>] &lt;<cite>koen</cite>&gt; <q>Crofton|work: build a kernel from .dev :)</q></li>
<li class="message">[<a href="#T15:59:14" id="T15:59:14"><abbr title="2008-05-31T15:59:14+00:00">15:59:14</abbr></a>] &lt;<cite>GAN8001</cite>&gt; <q>N800 is OMAP2420</q></li>
<li class="message">[<a href="#T15:59:28" id="T15:59:28"><abbr title="2008-05-31T15:59:28+00:00">15:59:28</abbr></a>] &lt;<cite>GAN8001</cite>&gt; <q>We're not getting drivers any time soon. ;)</q></li>
<li class="message">[<a href="#T15:59:46" id="T15:59:46"><abbr title="2008-05-31T15:59:46+00:00">15:59:46</abbr></a>] &lt;<cite>BThompson</cite>&gt; <q>yea if thats the case your only hope is probably going to be Nokia</q></li>
<li class="message">[<a href="#T15:59:54" id="T15:59:54"><abbr title="2008-05-31T15:59:54+00:00">15:59:54</abbr></a>] &lt;<cite>koen</cite>&gt; <q>Crofton|work: and then stick in a mini-A to A cable, attach that to a hub and attach stuff to the hub</q></li>
<li class="message">[<a href="#T15:59:55" id="T15:59:55"><abbr title="2008-05-31T15:59:55+00:00">15:59:55</abbr></a>] &lt;<cite>GAN8001</cite>&gt; <q>Right, but I'm thinking N900</q></li>
<li class="message">[<a href="#T16:00:05" id="T16:00:05"><abbr title="2008-05-31T16:00:05+00:00">16:00:05</abbr></a>] &lt;<cite>GAN8001</cite>&gt; <q>or whatever Nokia's OMAP34xx tablet will be.</q></li>
<li class="message">[<a href="#T16:01:35" id="T16:01:35"><abbr title="2008-05-31T16:01:35+00:00">16:01:35</abbr></a>] &lt;<cite>koen</cite>&gt; <q>Crofton|work: basically "it Just Works(TM)"</q></li>
<li class="message">[<a href="#T16:10:06" id="T16:10:06"><abbr title="2008-05-31T16:10:06+00:00">16:10:06</abbr></a>] &lt;<cite>Crofton|work</cite>&gt; <q>ok</q></li>
<li class="message">[<a href="#T16:10:14" id="T16:10:14"><abbr title="2008-05-31T16:10:14+00:00">16:10:14</abbr></a>] &lt;<cite>Crofton|work</cite>&gt; <q>I wasn't sure what the default in .dev is</q></li>
<li class="message">[<a href="#T16:10:17" id="T16:10:17"><abbr title="2008-05-31T16:10:17+00:00">16:10:17</abbr></a>] &lt;<cite>Crofton|work</cite>&gt; <q>I am building atm</q></li>
<li class="message">[<a href="#T16:11:27" id="T16:11:27"><abbr title="2008-05-31T16:11:27+00:00">16:11:27</abbr></a>] &lt;<cite>Crofton|work</cite>&gt; <q>gps track from wreck uploading</q></li>
<li class="message">[<a href="#T16:13:24" id="T16:13:24"><abbr title="2008-05-31T16:13:24+00:00">16:13:24</abbr></a>] &lt;<cite>Crofton|work</cite>&gt; <q><a href="http://www.flickr.com/photos/32615155@N00/2539129140/">http://www.flickr.com/photos/32615155@N00/2539129140/</a></q></li>
<li class="message">[<a href="#T16:36:56" id="T16:36:56"><abbr title="2008-05-31T16:36:56+00:00">16:36:56</abbr></a>] &lt;<cite>koen</cite>&gt; <q>Crofton|work: <a href="http://gpsvisualizer.com/">http://gpsvisualizer.com/</a></q></li>
<li class="nick-change">[<a href="#T16:39:38" id="T16:39:38"><abbr title="2008-05-31T16:39:38+00:00">16:39:38</abbr></a>] <span>* bazbel1 is now known as bazbell</span></li>
<li class="message">[<a href="#T16:42:02" id="T16:42:02"><abbr title="2008-05-31T16:42:02+00:00">16:42:02</abbr></a>] &lt;<cite>Crofton|work</cite>&gt; <q>the problem I'm having is getting the data from the gps</q></li>
<li class="message">[<a href="#T16:42:13" id="T16:42:13"><abbr title="2008-05-31T16:42:13+00:00">16:42:13</abbr></a>] &lt;<cite>koen</cite>&gt; <q>gpsbabel?</q></li>
<li class="message">[<a href="#T16:42:18" id="T16:42:18"><abbr title="2008-05-31T16:42:18+00:00">16:42:18</abbr></a>] &lt;<cite>Crofton|work</cite>&gt; <q>gpbabel is supposed to work, but I haven't figured it out yet</q></li>
