<li class="message">[<a href="#T00:27:38" id="T00:27:38"><abbr title="2008-09-09T00:27:38+00:00">00:27:38</abbr></a>] &lt;<cite>chase_</cite>&gt; <q>and finally... back to where i was a few days ago.. </q></li>
<li class="message">[<a href="#T00:27:54" id="T00:27:54"><abbr title="2008-09-09T00:27:54+00:00">00:27:54</abbr></a>] &lt;<cite>chase_</cite>&gt; <q>dvi output looks like crap</q></li>
<li class="message">[<a href="#T00:28:36" id="T00:28:36"><abbr title="2008-09-09T00:28:36+00:00">00:28:36</abbr></a>] &lt;<cite>mru</cite>&gt; <q>in what way?</q></li>
<li class="message">[<a href="#T00:29:25" id="T00:29:25"><abbr title="2008-09-09T00:29:25+00:00">00:29:25</abbr></a>] &lt;<cite>chase_</cite>&gt; <q>like the monitor can't handle it.. just going to run downstairs and double check on another monitor though</q></li>
<li class="message">[<a href="#T00:30:17" id="T00:30:17"><abbr title="2008-09-09T00:30:17+00:00">00:30:17</abbr></a>] &lt;<cite>mru</cite>&gt; <q>what kernel are you using?</q></li>
<li class="message">[<a href="#T00:34:03" id="T00:34:03"><abbr title="2008-09-09T00:34:03+00:00">00:34:03</abbr></a>] &lt;<cite>chase_</cite>&gt; <q>well on friday every monitor i tried gave me a garbled output.. even the initial white beagleboard post.. i was worried then.. and things were taking a turn for the worse when it wouldn't even boot.. </q></li>
<li class="message">[<a href="#T00:34:17" id="T00:34:17"><abbr title="2008-09-09T00:34:17+00:00">00:34:17</abbr></a>] &lt;<cite>chase_</cite>&gt; <q>i think my sd card doesn't like the beagle anymore</q></li>
<li class="message">[<a href="#T00:35:21" id="T00:35:21"><abbr title="2008-09-09T00:35:21+00:00">00:35:21</abbr></a>] &lt;<cite>chase_</cite>&gt; <q>at least i'm back to the white beagle screen</q></li>
<li class="message">[<a href="#T00:36:21" id="T00:36:21"><abbr title="2008-09-09T00:36:21+00:00">00:36:21</abbr></a>] &lt;<cite>chase_</cite>&gt; <q>wish i could make heads or tails of it</q></li>
<li class="message">[<a href="#T00:36:25" id="T00:36:25"><abbr title="2008-09-09T00:36:25+00:00">00:36:25</abbr></a>] &lt;<cite>mru</cite>&gt; <q>oh, so no kernel running at the moment</q></li>
<li class="message">[<a href="#T00:37:25" id="T00:37:25"><abbr title="2008-09-09T00:37:25+00:00">00:37:25</abbr></a>] &lt;<cite>chase_</cite>&gt; <q>that was the least of my concerns :)</q></li>
<li class="message">[<a href="#T00:39:40" id="T00:39:40"><abbr title="2008-09-09T00:39:40+00:00">00:39:40</abbr></a>] &lt;<cite>chase_</cite>&gt; <q>wierd.. monitor wouldn't handle it.. tried downstairs.. worked good.. came back up here and works good on this one now</q></li>
<li class="message">[<a href="#T00:40:15" id="T00:40:15"><abbr title="2008-09-09T00:40:15+00:00">00:40:15</abbr></a>] &lt;<cite>mru</cite>&gt; <q>loose connection?</q></li>
<li class="message">[<a href="#T00:40:52" id="T00:40:52"><abbr title="2008-09-09T00:40:52+00:00">00:40:52</abbr></a>] &lt;<cite>chase_</cite>&gt; <q>i can't see it... been back and forth between monitors a few times this weekend</q></li>
<li class="message">[<a href="#T00:44:47" id="T00:44:47"><abbr title="2008-09-09T00:44:47+00:00">00:44:47</abbr></a>] &lt;<cite>chase_</cite>&gt; <q>man.. this thing is working perfect now.. if only I knew what i did</q></li>
<li class="message">[<a href="#T00:45:16" id="T00:45:16"><abbr title="2008-09-09T00:45:16+00:00">00:45:16</abbr></a>] &lt;<cite>mru</cite>&gt; <q>if I had a penny for every time I said those words...</q></li>
<li class="message">[<a href="#T00:50:19" id="T00:50:19"><abbr title="2008-09-09T00:50:19+00:00">00:50:19</abbr></a>] &lt;<cite>chase_</cite>&gt; <q>i hear ya</q></li>
<li class="quit">[<a href="#T00:57:58" id="T00:57:58"><abbr title="2008-09-09T00:57:58+00:00">00:57:58</abbr></a>] <span>* rsalveti (n=salveti@200.184.118.136) Quit (Remote closed the connection)</span></li>
<li class="message">[<a href="#T00:58:03" id="T00:58:03"><abbr title="2008-09-09T00:58:03+00:00">00:58:03</abbr></a>] &lt;<cite>prpplague</cite>&gt; <q>keesj ping</q></li>
<li class="join">[<a href="#T00:58:26" id="T00:58:26"><abbr title="2008-09-09T00:58:26+00:00">00:58:26</abbr></a>] <span>* rsalveti (n=salveti@200.184.118.132) has joined #beagle</span></li>
<li class="message">[<a href="#T00:59:08" id="T00:59:08"><abbr title="2008-09-09T00:59:08+00:00">00:59:08</abbr></a>] &lt;<cite>prpplague</cite>&gt; <q>keesj were you able to justify/explain the differences between the BDI2000 config and the one specified in the document jkridner sent?</q></li>
<li class="quit">[<a href="#T01:22:03" id="T01:22:03"><abbr title="2008-09-09T01:22:03+00:00">01:22:03</abbr></a>] <span>* rsalveti (n=salveti@200.184.118.132) Quit (Remote closed the connection)</span></li>
<li class="join">[<a href="#T01:22:44" id="T01:22:44"><abbr title="2008-09-09T01:22:44+00:00">01:22:44</abbr></a>] <span>* rsalveti (n=salveti@200.184.118.136) has joined #beagle</span></li>
<li class="join">[<a href="#T01:23:16" id="T01:23:16"><abbr title="2008-09-09T01:23:16+00:00">01:23:16</abbr></a>] <span>* dcordes (n=dcordes_@unaffiliated/dcordes) has joined #beagle</span></li>
<li class="message">[<a href="#T01:26:42" id="T01:26:42"><abbr title="2008-09-09T01:26:42+00:00">01:26:42</abbr></a>] &lt;<cite>prpplague</cite>&gt; <q>jkridner give me a shout when you have some time, the procedure that is in the document you sent doesn't seem to work properly, but the BDI2000 config does</q></li>
<li class="quit">[<a href="#T01:39:53" id="T01:39:53"><abbr title="2008-09-09T01:39:53+00:00">01:39:53</abbr></a>] <span>* jrmuizel_ (n=jrmuizel@CPE001f5be79d0f-CM0017ee62f8b0.cpe.net.cable.rogers.com) Quit ()</span></li>
<li class="join">[<a href="#T01:52:59" id="T01:52:59"><abbr title="2008-09-09T01:52:59+00:00">01:52:59</abbr></a>] <span>* Olipro (n=Olipro@uncyclopedia/Olipro) has joined #beagle</span></li>
<li class="join">[<a href="#T01:54:03" id="T01:54:03"><abbr title="2008-09-09T01:54:03+00:00">01:54:03</abbr></a>] <span>* Openfree|moko (i=cb6ea385@gateway/web/ajax/mibbit.com/x-bab94bb0a257fd5c) has joined #beagle</span></li>
<li class="join">[<a href="#T02:09:59" id="T02:09:59"><abbr title="2008-09-09T02:09:59+00:00">02:09:59</abbr></a>] <span>* _AV500_ (n=av500@213.221.98.41) has joined #beagle</span></li>
<li class="quit">[<a href="#T02:10:54" id="T02:10:54"><abbr title="2008-09-09T02:10:54+00:00">02:10:54</abbr></a>] <span>* AV500 (n=av500@213.221.98.41) Quit (Read error: 104 (Connection reset by peer))</span></li>
<li class="join">[<a href="#T02:25:41" id="T02:25:41"><abbr title="2008-09-09T02:25:41+00:00">02:25:41</abbr></a>] <span>* bullwood (n=billw@66-90-130-225.grandecom.com) has joined #beagle</span></li>
<li class="quit">[<a href="#T02:26:32" id="T02:26:32"><abbr title="2008-09-09T02:26:32+00:00">02:26:32</abbr></a>] <span>* bullwood42 (n=billw@adsl-99-171-171-142.dsl.aus2tx.sbcglobal.net) Quit (Read error: 110 (Connection timed out))</span></li>
<li class="quit">[<a href="#T02:38:17" id="T02:38:17"><abbr title="2008-09-09T02:38:17+00:00">02:38:17</abbr></a>] <span>* Openfree|moko (i=cb6ea385@gateway/web/ajax/mibbit.com/x-bab94bb0a257fd5c) Quit (Client Quit)</span></li>
<li class="quit">[<a href="#T02:38:18" id="T02:38:18"><abbr title="2008-09-09T02:38:18+00:00">02:38:18</abbr></a>] <span>* _apk (n=kows@85-18-136-98.fastres.net) Quit (Read error: 104 (Connection reset by peer))</span></li>
<li class="join">[<a href="#T02:38:54" id="T02:38:54"><abbr title="2008-09-09T02:38:54+00:00">02:38:54</abbr></a>] <span>* _apk (n=kows@85-18-136-98.fastres.net) has joined #beagle</span></li>
<li class="join">[<a href="#T02:39:20" id="T02:39:20"><abbr title="2008-09-09T02:39:20+00:00">02:39:20</abbr></a>] <span>* Olipro_ (n=Olipro@uncyclopedia/Olipro) has joined #beagle</span></li>
<li class="quit">[<a href="#T02:44:30" id="T02:44:30"><abbr title="2008-09-09T02:44:30+00:00">02:44:30</abbr></a>] <span>* feig (n=ejf3@c-76-118-153-30.hsd1.ma.comcast.net) Quit ("Konversation terminated!")</span></li>
<li class="join">[<a href="#T02:46:44" id="T02:46:44"><abbr title="2008-09-09T02:46:44+00:00">02:46:44</abbr></a>] <span>* jkridner_ (n=jason@c-76-31-18-64.hsd1.tx.comcast.net) has joined #beagle</span></li>
<li class="quit">[<a href="#T02:51:55" id="T02:51:55"><abbr title="2008-09-09T02:51:55+00:00">02:51:55</abbr></a>] <span>* BThompson (n=BThompso@cpe-76-185-93-11.tx.res.rr.com) Quit ("Trillian (<a href="http://www.ceruleanstudios.com")">http://www.ceruleanstudios.com")</a></span></li>
<li class="quit">[<a href="#T02:53:26" id="T02:53:26"><abbr title="2008-09-09T02:53:26+00:00">02:53:26</abbr></a>] <span>* jkridner (n=jason@c-76-31-18-64.hsd1.tx.comcast.net) Quit (Read error: 110 (Connection timed out))</span></li>
<li class="quit">[<a href="#T02:56:12" id="T02:56:12"><abbr title="2008-09-09T02:56:12+00:00">02:56:12</abbr></a>] <span>* Olipro (n=Olipro@uncyclopedia/Olipro) Quit (Read error: 110 (Connection timed out))</span></li>
