<li class="quit">[<a href="#T00:01:05" id="T00:01:05"><abbr title="2008-10-16T00:01:05+00:00">00:01:05</abbr></a>] <span>* rsalveti (n=salveti@200.184.118.132) Quit (Remote closed the connection)</span></li>
<li class="quit">[<a href="#T00:03:22" id="T00:03:22"><abbr title="2008-10-16T00:03:22+00:00">00:03:22</abbr></a>] <span>* robclark (n=robclark@mobile-166-214-115-112.mycingular.net) Quit (Read error: 110 (Connection timed out))</span></li>
<li class="quit">[<a href="#T00:09:52" id="T00:09:52"><abbr title="2008-10-16T00:09:52+00:00">00:09:52</abbr></a>] <span>* bullwood42 (n=bullwood@adsl-99-171-171-142.dsl.aus2tx.sbcglobal.net) Quit ("Powered by OE: www.openembedded.org")</span></li>
<li class="quit">[<a href="#T00:10:42" id="T00:10:42"><abbr title="2008-10-16T00:10:42+00:00">00:10:42</abbr></a>] <span>* thephilosopher (n=chatzill@modemcable108.47-58-74.mc.videotron.ca) Quit ("ChatZilla 0.9.83 [Firefox 3.0.3/2008092417]")</span></li>
<li class="join">[<a href="#T00:23:23" id="T00:23:23"><abbr title="2008-10-16T00:23:23+00:00">00:23:23</abbr></a>] <span>* rsalveti (n=salveti@189.70.34.34) has joined #beagle</span></li>
<li class="quit">[<a href="#T00:30:15" id="T00:30:15"><abbr title="2008-10-16T00:30:15+00:00">00:30:15</abbr></a>] <span>* rsalveti (n=salveti@189.70.34.34) Quit (Remote closed the connection)</span></li>
<li class="join">[<a href="#T00:30:45" id="T00:30:45"><abbr title="2008-10-16T00:30:45+00:00">00:30:45</abbr></a>] <span>* rsalveti (n=salveti@189.70.34.34) has joined #beagle</span></li>
<li class="join">[<a href="#T00:53:21" id="T00:53:21"><abbr title="2008-10-16T00:53:21+00:00">00:53:21</abbr></a>] <span>* odesus (n=Omar@201.165.116.89) has joined #beagle</span></li>
<li class="part">[<a href="#T01:12:56" id="T01:12:56"><abbr title="2008-10-16T01:12:56+00:00">01:12:56</abbr></a>] <span>* emeb (n=ericb@ip72-223-84-209.ph.ph.cox.net) has left #beagle</span></li>
<li class="join">[<a href="#T01:12:59" id="T01:12:59"><abbr title="2008-10-16T01:12:59+00:00">01:12:59</abbr></a>] <span>* shankar (n=shankar@189.157.8.103) has joined #beagle</span></li>
<li class="join">[<a href="#T01:13:08" id="T01:13:08"><abbr title="2008-10-16T01:13:08+00:00">01:13:08</abbr></a>] <span>* shankar_ (n=shankar@189.157.8.103) has joined #beagle</span></li>
<li class="quit">[<a href="#T01:13:17" id="T01:13:17"><abbr title="2008-10-16T01:13:17+00:00">01:13:17</abbr></a>] <span>* shankar_ (n=shankar@189.157.8.103) Quit (Client Quit)</span></li>
<li class="part">[<a href="#T01:25:03" id="T01:25:03"><abbr title="2008-10-16T01:25:03+00:00">01:25:03</abbr></a>] <span>* odesus (n=Omar@201.165.116.89) has left #beagle</span></li>
<li class="quit">[<a href="#T01:40:19" id="T01:40:19"><abbr title="2008-10-16T01:40:19+00:00">01:40:19</abbr></a>] <span>* BThompson (n=BThompso@cpe-76-185-93-11.tx.res.rr.com) Quit ("Trillian (<a href="http://www.ceruleanstudios.com")">http://www.ceruleanstudios.com")</a></span></li>
<li class="join">[<a href="#T01:59:38" id="T01:59:38"><abbr title="2008-10-16T01:59:38+00:00">01:59:38</abbr></a>] <span>* khasim (n=a0393720@192.163.20.231) has joined #beagle</span></li>
<li class="quit">[<a href="#T02:08:15" id="T02:08:15"><abbr title="2008-10-16T02:08:15+00:00">02:08:15</abbr></a>] <span>* jrmuizel_ (n=jrmuizel@CPE001f5be79d0f-CM0017ee62f8b0.cpe.net.cable.rogers.com) Quit ()</span></li>
<li class="join">[<a href="#T02:14:45" id="T02:14:45"><abbr title="2008-10-16T02:14:45+00:00">02:14:45</abbr></a>] <span>* feig1 (n=ejf3@h-66-134-114-154.dllatx37.covad.net) has joined #beagle</span></li>
<li class="join">[<a href="#T02:23:36" id="T02:23:36"><abbr title="2008-10-16T02:23:36+00:00">02:23:36</abbr></a>] <span>* bullwood42 (n=bullwood@adsl-99-171-171-142.dsl.aus2tx.sbcglobal.net) has joined #beagle</span></li>
<li class="quit">[<a href="#T02:27:19" id="T02:27:19"><abbr title="2008-10-16T02:27:19+00:00">02:27:19</abbr></a>] <span>* feig (n=ejf3@h-66-134-114-154.dllatx37.covad.net) Quit (Connection timed out)</span></li>
<li class="quit">[<a href="#T02:31:41" id="T02:31:41"><abbr title="2008-10-16T02:31:41+00:00">02:31:41</abbr></a>] <span>* tulpe (n=ask@p54AF5F41.dip.t-dialin.net) Quit (Read error: 110 (Connection timed out))</span></li>
<li class="join">[<a href="#T02:31:58" id="T02:31:58"><abbr title="2008-10-16T02:31:58+00:00">02:31:58</abbr></a>] <span>* tulpe (n=ask@p54AF6A62.dip.t-dialin.net) has joined #beagle</span></li>
<li class="join">[<a href="#T02:35:26" id="T02:35:26"><abbr title="2008-10-16T02:35:26+00:00">02:35:26</abbr></a>] <span>* jrmuizel (n=jrmuizel@CPE001f5be79d0f-CM0017ee62f8b0.cpe.net.cable.rogers.com) has joined #beagle</span></li>
<li class="quit">[<a href="#T02:49:32" id="T02:49:32"><abbr title="2008-10-16T02:49:32+00:00">02:49:32</abbr></a>] <span>* bullwood42 (n=bullwood@adsl-99-171-171-142.dsl.aus2tx.sbcglobal.net) Quit ("Powered by OE: www.openembedded.org")</span></li>
<li class="quit">[<a href="#T02:50:38" id="T02:50:38"><abbr title="2008-10-16T02:50:38+00:00">02:50:38</abbr></a>] <span>* feig1 (n=ejf3@h-66-134-114-154.dllatx37.covad.net) Quit (Read error: 110 (Connection timed out))</span></li>
<li class="join">[<a href="#T02:55:41" id="T02:55:41"><abbr title="2008-10-16T02:55:41+00:00">02:55:41</abbr></a>] <span>* feig1 (n=ejf3@h-66-134-114-154.dllatx37.covad.net) has joined #beagle</span></li>
<li class="message">[<a href="#T03:23:25" id="T03:23:25"><abbr title="2008-10-16T03:23:25+00:00">03:23:25</abbr></a>] &lt;<cite>shankar</cite>&gt; <q>can anyone can help in pointing out the steps to generate ramdisk bin if i have a busybox or similar ?</q></li>
<li class="quit">[<a href="#T03:25:11" id="T03:25:11"><abbr title="2008-10-16T03:25:11+00:00">03:25:11</abbr></a>] <span>* gcohler (n=gcohler@pool-72-70-62-104.bstnma.fios.verizon.net) Quit (Read error: 60 (Operation timed out))</span></li>
<li class="join">[<a href="#T03:29:00" id="T03:29:00"><abbr title="2008-10-16T03:29:00+00:00">03:29:00</abbr></a>] <span>* smackpotato (n=user@bas4-sudbury98-1279293616.dsl.bell.ca) has joined #beagle</span></li>
<li class="join">[<a href="#T03:30:16" id="T03:30:16"><abbr title="2008-10-16T03:30:16+00:00">03:30:16</abbr></a>] <span>* kozak (i=cbc8c84a@gateway/web/ajax/mibbit.com/x-c5b99208696d3b39) has joined #beagle</span></li>
<li class="join">[<a href="#T03:34:47" id="T03:34:47"><abbr title="2008-10-16T03:34:47+00:00">03:34:47</abbr></a>] <span>* feig_ (n=ejf3@129.sub-70-196-196.myvzw.com) has joined #beagle</span></li>
<li class="part">[<a href="#T03:42:31" id="T03:42:31"><abbr title="2008-10-16T03:42:31+00:00">03:42:31</abbr></a>] <span>* smackpotato (n=user@bas4-sudbury98-1279293616.dsl.bell.ca) has left #beagle</span></li>
<li class="quit">[<a href="#T03:48:57" id="T03:48:57"><abbr title="2008-10-16T03:48:57+00:00">03:48:57</abbr></a>] <span>* shankar (n=shankar@189.157.8.103) Quit ("Leaving")</span></li>
<li class="quit">[<a href="#T03:49:36" id="T03:49:36"><abbr title="2008-10-16T03:49:36+00:00">03:49:36</abbr></a>] <span>* feig1 (n=ejf3@h-66-134-114-154.dllatx37.covad.net) Quit (Read error: 110 (Connection timed out))</span></li>
<li class="join">[<a href="#T04:00:25" id="T04:00:25"><abbr title="2008-10-16T04:00:25+00:00">04:00:25</abbr></a>] <span>* vu3rdd (n=user@122.167.254.215) has joined #beagle</span></li>
<li class="quit">[<a href="#T04:04:02" id="T04:04:02"><abbr title="2008-10-16T04:04:02+00:00">04:04:02</abbr></a>] <span>* khasim (n=a0393720@192.163.20.231) Quit (Remote closed the connection)</span></li>
<li class="message">[<a href="#T04:08:17" id="T04:08:17"><abbr title="2008-10-16T04:08:17+00:00">04:08:17</abbr></a>] &lt;<cite>nathanm</cite>&gt; <q>Do the SGX binaries that TI will give you for the ZOOM 3430 work on the 3530?</q></li>
<li class="join">[<a href="#T04:09:32" id="T04:09:32"><abbr title="2008-10-16T04:09:32+00:00">04:09:32</abbr></a>] <span>* shiv (n=root@59.160.172.220) has joined #beagle</span></li>
<li class="quit">[<a href="#T04:18:46" id="T04:18:46"><abbr title="2008-10-16T04:18:46+00:00">04:18:46</abbr></a>] <span>* jrmuizel (n=jrmuizel@CPE001f5be79d0f-CM0017ee62f8b0.cpe.net.cable.rogers.com) Quit ()</span></li>
<li class="message">[<a href="#T04:23:29" id="T04:23:29"><abbr title="2008-10-16T04:23:29+00:00">04:23:29</abbr></a>] &lt;<cite>ds2</cite>&gt; <q>they are tied to the kernel</q></li>
<li class="join">[<a href="#T04:39:30" id="T04:39:30"><abbr title="2008-10-16T04:39:30+00:00">04:39:30</abbr></a>] <span>* soman (n=somnath@61.16.248.242) has joined #beagle</span></li>
<li class="join">[<a href="#T04:52:07" id="T04:52:07"><abbr title="2008-10-16T04:52:07+00:00">04:52:07</abbr></a>] <span>* jrmuizel (n=jrmuizel@CPE001f5be79d0f-CM0017ee62f8b0.cpe.net.cable.rogers.com) has joined #beagle</span></li>
<li class="join">[<a href="#T05:09:53" id="T05:09:53"><abbr title="2008-10-16T05:09:53+00:00">05:09:53</abbr></a>] <span>* jsync (n=jess@59.160.172.220) has joined #beagle</span></li>
<li class="quit">[<a href="#T05:14:44" id="T05:14:44"><abbr title="2008-10-16T05:14:44+00:00">05:14:44</abbr></a>] <span>* feig_ (n=ejf3@129.sub-70-196-196.myvzw.com) Quit (Read error: 104 (Connection reset by peer))</span></li>
<li class="join">[<a href="#T05:15:24" id="T05:15:24"><abbr title="2008-10-16T05:15:24+00:00">05:15:24</abbr></a>] <span>* feig_ (n=ejf3@129.sub-70-196-196.myvzw.com) has joined #beagle</span></li>
<li class="quit">[<a href="#T05:29:02" id="T05:29:02"><abbr title="2008-10-16T05:29:02+00:00">05:29:02</abbr></a>] <span>* soman (n=somnath@61.16.248.242) Quit (Remote closed the connection)</span></li>
<li class="join">[<a href="#T05:31:08" id="T05:31:08"><abbr title="2008-10-16T05:31:08+00:00">05:31:08</abbr></a>] <span>* soman (n=somnath@61.16.248.242) has joined #beagle</span></li>
<li class="join">[<a href="#T05:31:21" id="T05:31:21"><abbr title="2008-10-16T05:31:21+00:00">05:31:21</abbr></a>] <span>* khasim (n=a0393720@192.163.20.231) has joined #beagle</span></li>
<li class="quit">[<a href="#T05:34:59" id="T05:34:59"><abbr title="2008-10-16T05:34:59+00:00">05:34:59</abbr></a>] <span>* bazbell (n=a0192809@nat/ti/x-a31e9bd0fff6897b) Quit ("Leaving.")</span></li>
<li class="quit">[<a href="#T05:47:05" id="T05:47:05"><abbr title="2008-10-16T05:47:05+00:00">05:47:05</abbr></a>] <span>* jrmuizel (n=jrmuizel@CPE001f5be79d0f-CM0017ee62f8b0.cpe.net.cable.rogers.com) Quit ()</span></li>
<li class="quit">[<a href="#T05:55:45" id="T05:55:45"><abbr title="2008-10-16T05:55:45+00:00">05:55:45</abbr></a>] <span>* soman (n=somnath@61.16.248.242) Quit (Read error: 110 (Connection timed out))</span></li>
<li class="join">[<a href="#T05:58:22" id="T05:58:22"><abbr title="2008-10-16T05:58:22+00:00">05:58:22</abbr></a>] <span>* soman (n=somnath@61.16.248.242) has joined #beagle</span></li>
<li class="join">[<a href="#T05:59:15" id="T05:59:15"><abbr title="2008-10-16T05:59:15+00:00">05:59:15</abbr></a>] <span>* Fl1pFl0p (n=Fl1pFl0p@ip68-8-230-62.sd.sd.cox.net) has joined #beagle</span></li>
<li class="join">[<a href="#T06:11:12" id="T06:11:12"><abbr title="2008-10-16T06:11:12+00:00">06:11:12</abbr></a>] <span>* Administrator (n=chatzill@59.56.182.92) has joined #beagle</span></li>
<li class="nick-change">[<a href="#T06:12:02" id="T06:12:02"><abbr title="2008-10-16T06:12:02+00:00">06:12:02</abbr></a>] <span>* Administrator is now known as xiaobingjian</span></li>
<li class="message">[<a href="#T06:15:34" id="T06:15:34"><abbr title="2008-10-16T06:15:34+00:00">06:15:34</abbr></a>] &lt;<cite>zuh</cite>&gt; <q>koen: Yes, actually. It's me having my brain switched off while coding and pushing changes in a rush. I can only imagine why that didn't segfault on my N800 (well, might be that I never ran it :P ).</q></li>
<li class="join">[<a href="#T06:19:10" id="T06:19:10"><abbr title="2008-10-16T06:19:10+00:00">06:19:10</abbr></a>] <span>* Beagle0 (n=Beagle0@s-inf-pc117.oulu.fi) has joined #beagle</span></li>
<li class="nick-change">[<a href="#T06:19:27" id="T06:19:27"><abbr title="2008-10-16T06:19:27+00:00">06:19:27</abbr></a>] <span>* Beagle0 is now known as ewerw</span></li>
<li class="message">[<a href="#T06:29:23" id="T06:29:23"><abbr title="2008-10-16T06:29:23+00:00">06:29:23</abbr></a>] &lt;<cite>zuh</cite>&gt; <q>koen: fixed now (and this time I ran it too! :)</q></li>
<li class="quit">[<a href="#T06:41:53" id="T06:41:53"><abbr title="2008-10-16T06:41:53+00:00">06:41:53</abbr></a>] <span>* xiaobingjian (n=chatzill@59.56.182.92) Quit ("ChatZilla 0.9.83 [Firefox 3.0.3/2008092417]")</span></li>
<li class="join">[<a href="#T07:04:03" id="T07:04:03"><abbr title="2008-10-16T07:04:03+00:00">07:04:03</abbr></a>] <span>* BeppoS (n=BeppoS@port-92-202-117-101.dynamic.qsc.de) has joined #beagle</span></li>
<li class="join">[<a href="#T07:05:27" id="T07:05:27"><abbr title="2008-10-16T07:05:27+00:00">07:05:27</abbr></a>] <span>* and-ri (n=x0103690@nat/ti/x-842f6461c6713341) has joined #beagle</span></li>
<li class="part">[<a href="#T07:07:51" id="T07:07:51"><abbr title="2008-10-16T07:07:51+00:00">07:07:51</abbr></a>] <span>* BeppoS (n=BeppoS@port-92-202-117-101.dynamic.qsc.de) has left #beagle</span></li>
<li class="quit">[<a href="#T07:08:37" id="T07:08:37"><abbr title="2008-10-16T07:08:37+00:00">07:08:37</abbr></a>] <span>* vu3rdd (n=user@122.167.254.215) Quit ("ERC Version 5.3 (IRC client for Emacs)")</span></li>
<li class="message">[<a href="#T07:13:30" id="T07:13:30"><abbr title="2008-10-16T07:13:30+00:00">07:13:30</abbr></a>] &lt;<cite>and-ri</cite>&gt; <q>where i can find "testsprite"-demo</q></li>
<li class="nick-change">[<a href="#T07:17:06" id="T07:17:06"><abbr title="2008-10-16T07:17:06+00:00">07:17:06</abbr></a>] <span>* methril|gone is now known as methril</span></li>
<li class="message">[<a href="#T07:19:17" id="T07:19:17"><abbr title="2008-10-16T07:19:17+00:00">07:19:17</abbr></a>] &lt;<cite>kulve</cite>&gt; <q>zuh: :)</q></li>
<li class="message">[<a href="#T07:19:34" id="T07:19:34"><abbr title="2008-10-16T07:19:34+00:00">07:19:34</abbr></a>] &lt;<cite>koen</cite>&gt; <q>zuh: building it :)</q></li>
<li class="join">[<a href="#T07:36:56" id="T07:36:56"><abbr title="2008-10-16T07:36:56+00:00">07:36:56</abbr></a>] <span>* mpoullet (n=mpoullet@proxye.avm.de) has joined #beagle</span></li>
<li class="message">[<a href="#T07:40:53" id="T07:40:53"><abbr title="2008-10-16T07:40:53+00:00">07:40:53</abbr></a>] &lt;<cite>mpoullet</cite>&gt; <q>Hi, could someone explain what "ES3.0" means?</q></li>
<li class="message">[<a href="#T07:42:25" id="T07:42:25"><abbr title="2008-10-16T07:42:25+00:00">07:42:25</abbr></a>] &lt;<cite>kulve</cite>&gt; <q>engineering sample</q></li>
<li class="message">[<a href="#T07:42:29" id="T07:42:29"><abbr title="2008-10-16T07:42:29+00:00">07:42:29</abbr></a>] &lt;<cite>kulve</cite>&gt; <q>of the cpu</q></li>
<li class="message">[<a href="#T07:42:48" id="T07:42:48"><abbr title="2008-10-16T07:42:48+00:00">07:42:48</abbr></a>] &lt;<cite>kulve</cite>&gt; <q>(usually of the cpu, but can be other chips as well)</q></li>
<li class="quit">[<a href="#T07:50:18" id="T07:50:18"><abbr title="2008-10-16T07:50:18+00:00">07:50:18</abbr></a>] <span>* feig_ (n=ejf3@129.sub-70-196-196.myvzw.com) Quit (Read error: 104 (Connection reset by peer))</span></li>
<li class="join">[<a href="#T07:50:55" id="T07:50:55"><abbr title="2008-10-16T07:50:55+00:00">07:50:55</abbr></a>] <span>* feig_ (n=ejf3@129.sub-70-196-196.myvzw.com) has joined #beagle</span></li>
<li class="message">[<a href="#T07:53:17" id="T07:53:17"><abbr title="2008-10-16T07:53:17+00:00">07:53:17</abbr></a>] &lt;<cite>koen</cite>&gt; <q>the TWL family uses ES as well</q></li>
<li class="message">[<a href="#T07:54:40" id="T07:54:40"><abbr title="2008-10-16T07:54:40+00:00">07:54:40</abbr></a>] &lt;<cite>kulve</cite>&gt; <q>it's a version number of the chip basically.</q></li>
<li class="message">[<a href="#T08:01:35" id="T08:01:35"><abbr title="2008-10-16T08:01:35+00:00">08:01:35</abbr></a>] &lt;<cite>mpoullet</cite>&gt; <q>mpoullet: is it something you can read? like a register?</q></li>
<li class="message">[<a href="#T08:05:19" id="T08:05:19"><abbr title="2008-10-16T08:05:19+00:00">08:05:19</abbr></a>] &lt;<cite>kulve</cite>&gt; <q>not directly at least I think</q></li>
<li class="message">[<a href="#T08:05:47" id="T08:05:47"><abbr title="2008-10-16T08:05:47+00:00">08:05:47</abbr></a>] &lt;<cite>koen</cite>&gt; <q>there's code in the kernel to calculate it</q></li>
<li class="message">[<a href="#T08:05:59" id="T08:05:59"><abbr title="2008-10-16T08:05:59+00:00">08:05:59</abbr></a>] &lt;<cite>koen</cite>&gt; <q>you need a recent .27rc to get the calculation right</q></li>
<li class="message">[<a href="#T08:06:48" id="T08:06:48"><abbr title="2008-10-16T08:06:48+00:00">08:06:48</abbr></a>] &lt;<cite>koen</cite>&gt; <q>it seems that nokia has an nice change to push their DSS lib into mainline since TI is saying theirs will take at leasts two months to finish</q></li>
<li class="quit">[<a href="#T08:09:00" id="T08:09:00"><abbr title="2008-10-16T08:09:00+00:00">08:09:00</abbr></a>] <span>* guillaum1 (n=gl@AMontsouris-153-1-89-54.w90-2.abo.wanadoo.fr) Quit ("Leaving.")</span></li>
<li class="message">[<a href="#T08:09:14" id="T08:09:14"><abbr title="2008-10-16T08:09:14+00:00">08:09:14</abbr></a>] &lt;<cite>mpoullet</cite>&gt; <q>kulve: koen: thanks for the explanations</q></li>
<li class="join">[<a href="#T08:09:23" id="T08:09:23"><abbr title="2008-10-16T08:09:23+00:00">08:09:23</abbr></a>] <span>* guillaum1 (n=gzba4143@AMontsouris-153-1-89-54.w90-2.abo.wanadoo.fr) has joined #beagle</span></li>
<li class="message">[<a href="#T08:09:24" id="T08:09:24"><abbr title="2008-10-16T08:09:24+00:00">08:09:24</abbr></a>] &lt;<cite>kulve</cite>&gt; <q>koen: do you have those versions in some kernels you can test? I would like know how the scaling with zuh's XV would work on top of those..</q></li>
<li class="message">[<a href="#T08:10:09" id="T08:10:09"><abbr title="2008-10-16T08:10:09+00:00">08:10:09</abbr></a>] &lt;<cite>koen</cite>&gt; <q>kulve: no, I haven;t bothered trying to apply those patches</q></li>
<li class="message">[<a href="#T08:10:23" id="T08:10:23"><abbr title="2008-10-16T08:10:23+00:00">08:10:23</abbr></a>] &lt;<cite>koen</cite>&gt; <q>the TI ones offend me with their #ifdefs</q></li>
<li class="message">[<a href="#T08:10:35" id="T08:10:35"><abbr title="2008-10-16T08:10:35+00:00">08:10:35</abbr></a>] &lt;<cite>koen</cite>&gt; <q>and I was too lazy to check Tomi's patches :)</q></li>
<li class="message">[<a href="#T08:11:00" id="T08:11:00"><abbr title="2008-10-16T08:11:00+00:00">08:11:00</abbr></a>] &lt;<cite>kulve</cite>&gt; <q>I might try the TI's version next week if I have the time..</q></li>
<li class="join">[<a href="#T08:11:17" id="T08:11:17"><abbr title="2008-10-16T08:11:17+00:00">08:11:17</abbr></a>] <span>* feig1 (n=ejf3@129.sub-70-196-196.myvzw.com) has joined #beagle</span></li>
<li class="message">[<a href="#T08:12:31" id="T08:12:31"><abbr title="2008-10-16T08:12:31+00:00">08:12:31</abbr></a>] &lt;<cite>mpoullet</cite>&gt; <q>koen: where can I find the TI DSS code? Is there a GIT repo like for Nokia/Tomi's code?</q></li>
<li class="message">[<a href="#T08:14:30" id="T08:14:30"><abbr title="2008-10-16T08:14:30+00:00">08:14:30</abbr></a>] &lt;<cite>koen</cite>&gt; <q>tomi has a git repo somewhere</q></li>
<li class="message">[<a href="#T08:14:47" id="T08:14:47"><abbr title="2008-10-16T08:14:47+00:00">08:14:47</abbr></a>] &lt;<cite>koen</cite>&gt; <q><a href="http://www.bat.org/~tomba/git/linux-omap-dss.git/">http://www.bat.org/~tomba/git/linux-omap-dss.git/</a></q></li>
<li class="message">[<a href="#T08:15:14" id="T08:15:14"><abbr title="2008-10-16T08:15:14+00:00">08:15:14</abbr></a>] &lt;<cite>mpoullet</cite>&gt; <q>koen: no I mean the TI one, not the one of Tomi</q></li>
<li class="message">[<a href="#T08:15:33" id="T08:15:33"><abbr title="2008-10-16T08:15:33+00:00">08:15:33</abbr></a>] &lt;<cite>koen</cite>&gt; <q>no</q></li>
<li class="message">[<a href="#T08:16:03" id="T08:16:03"><abbr title="2008-10-16T08:16:03+00:00">08:16:03</abbr></a>] &lt;<cite>mpoullet</cite>&gt; <q>ok, so no chance to have a look at it :'(</q></li>
<li class="message">[<a href="#T08:16:50" id="T08:16:50"><abbr title="2008-10-16T08:16:50+00:00">08:16:50</abbr></a>] &lt;<cite>koen</cite>&gt; <q>there are patches spread out over a few mailinglists</q></li>
<li class="message">[<a href="#T08:17:39" id="T08:17:39"><abbr title="2008-10-16T08:17:39+00:00">08:17:39</abbr></a>] &lt;<cite>mpoullet</cite>&gt; <q>koen: I've tried to gather them once but I'm too lazy :) , so a git repo would be better</q></li>
<li class="message">[<a href="#T08:18:19" id="T08:18:19"><abbr title="2008-10-16T08:18:19+00:00">08:18:19</abbr></a>] &lt;<cite>koen</cite>&gt; <q>electric shocks everytime TI uses #ifdef would be even better ;)</q></li>
<li class="quit">[<a href="#T08:18:39" id="T08:18:39"><abbr title="2008-10-16T08:18:39+00:00">08:18:39</abbr></a>] <span>* methril (n=Methril@213.27.233.98) Quit (Remote closed the connection)</span></li>
<li class="message">[<a href="#T08:20:32" id="T08:20:32"><abbr title="2008-10-16T08:20:32+00:00">08:20:32</abbr></a>] &lt;<cite>ds2</cite>&gt; <q>koen: that would mean a 10 year delay as they build enough power plants for that!</q></li>
<li class="join">[<a href="#T08:21:49" id="T08:21:49"><abbr title="2008-10-16T08:21:49+00:00">08:21:49</abbr></a>] <span>* florian_ (n=fuchs@217.146.132.69) has joined #beagle</span></li>
<li class="message">[<a href="#T08:22:42" id="T08:22:42"><abbr title="2008-10-16T08:22:42+00:00">08:22:42</abbr></a>] &lt;<cite>koen</cite>&gt; <q>"The evm is different from the SDP, so let's ifdef the stu.." *bzzzzt* "No, let's add the differences to the board file"</q></li>
<li class="message">[<a href="#T08:24:41" id="T08:24:41"><abbr title="2008-10-16T08:24:41+00:00">08:24:41</abbr></a>] &lt;<cite>florian_</cite>&gt; <q>good morning</q></li>
<li class="message">[<a href="#T08:24:56" id="T08:24:56"><abbr title="2008-10-16T08:24:56+00:00">08:24:56</abbr></a>] &lt;<cite>mru</cite>&gt; <q>morning</q></li>
<li class="message">[<a href="#T08:25:01" id="T08:25:01"><abbr title="2008-10-16T08:25:01+00:00">08:25:01</abbr></a>] &lt;<cite>koen</cite>&gt; <q>hey florian_ &amp; mru</q></li>
<li class="nick-change">[<a href="#T08:25:09" id="T08:25:09"><abbr title="2008-10-16T08:25:09+00:00">08:25:09</abbr></a>] <span>* florian_ is now known as florian</span></li>
<li class="quit">[<a href="#T08:29:40" id="T08:29:40"><abbr title="2008-10-16T08:29:40+00:00">08:29:40</abbr></a>] <span>* feig_ (n=ejf3@129.sub-70-196-196.myvzw.com) Quit (Read error: 110 (Connection timed out))</span></li>
<li class="message">[<a href="#T08:33:59" id="T08:33:59"><abbr title="2008-10-16T08:33:59+00:00">08:33:59</abbr></a>] &lt;<cite>koen</cite>&gt; <q>(II) omapfb(0): Plane capabilities:                          Plane memory relocation                             </q></li>
<li class="message">[<a href="#T08:34:02" id="T08:34:02"><abbr title="2008-10-16T08:34:02+00:00">08:34:02</abbr></a>] &lt;<cite>koen</cite>&gt; <q>(II) Running in FRAMEBUFFER Mode                            </q></li>
<li class="message">[<a href="#T08:34:04" id="T08:34:04"><abbr title="2008-10-16T08:34:04+00:00">08:34:04</abbr></a>] &lt;<cite>koen</cite>&gt; <q>(II) LCD controller: internal         </q></li>
<li class="message">[<a href="#T08:34:54" id="T08:34:54"><abbr title="2008-10-16T08:34:54+00:00">08:34:54</abbr></a>] &lt;<cite>koen</cite>&gt; <q>I'm pretty sure it has an overlay as well :)</q></li>
<li class="message">[<a href="#T08:50:43" id="T08:50:43"><abbr title="2008-10-16T08:50:43+00:00">08:50:43</abbr></a>] &lt;<cite>koen</cite>&gt; <q>zuh: is your detection code misdetecting things, or is the kernel not reporting things? </q></li>
<li class="message">[<a href="#T08:52:00" id="T08:52:00"><abbr title="2008-10-16T08:52:00+00:00">08:52:00</abbr></a>] &lt;<cite>zuh</cite>&gt; <q>The detection is only for the base plane</q></li>
<li class="message">[<a href="#T08:52:16" id="T08:52:16"><abbr title="2008-10-16T08:52:16+00:00">08:52:16</abbr></a>] &lt;<cite>zuh</cite>&gt; <q>I'm not sure what the overlay flags mean there...</q></li>
<li class="message">[<a href="#T08:53:43" id="T08:53:43"><abbr title="2008-10-16T08:53:43+00:00">08:53:43</abbr></a>] &lt;<cite>zuh</cite>&gt; <q>The different caps are slightly less documented than what would be nice ;)</q></li>
<li class="message">[<a href="#T08:54:26" id="T08:54:26"><abbr title="2008-10-16T08:54:26+00:00">08:54:26</abbr></a>] &lt;<cite>zuh</cite>&gt; <q>eg, what's the difference with OMAPFB_CAPS_PLANE_SCALE and OMAPFB_CAPS_WINDOW_SCALE?</q></li>
<li class="message">[<a href="#T08:54:28" id="T08:54:28"><abbr title="2008-10-16T08:54:28+00:00">08:54:28</abbr></a>] &lt;<cite>koen</cite>&gt; <q>there is a small typo in your detection code :) </q></li>
<li class="message">[<a href="#T08:54:41" id="T08:54:41"><abbr title="2008-10-16T08:54:41+00:00">08:54:41</abbr></a>] &lt;<cite>koen</cite>&gt; <q>"Rotation" is used twice</q></li>
<li class="message">[<a href="#T08:56:26" id="T08:56:26"><abbr title="2008-10-16T08:56:26+00:00">08:56:26</abbr></a>] &lt;<cite>zuh</cite>&gt; <q>So it seems :)</q></li>
<li class="quit">[<a href="#T08:59:58" id="T08:59:58"><abbr title="2008-10-16T08:59:58+00:00">08:59:58</abbr></a>] <span>* soman (n=somnath@61.16.248.242) Quit (Read error: 110 (Connection timed out))</span></li>
<li class="join">[<a href="#T09:01:55" id="T09:01:55"><abbr title="2008-10-16T09:01:55+00:00">09:01:55</abbr></a>] <span>* soman (n=somnath@61.16.248.242) has joined #beagle</span></li>
<li class="message">[<a href="#T09:02:39" id="T09:02:39"><abbr title="2008-10-16T09:02:39+00:00">09:02:39</abbr></a>] &lt;<cite>koen</cite>&gt; <q>omapfb omapfb: irq error status 0420</q></li>
<li class="message">[<a href="#T09:03:00" id="T09:03:00"><abbr title="2008-10-16T09:03:00+00:00">09:03:00</abbr></a>] &lt;<cite>koen</cite>&gt; <q>zuh: don't drag the window outside of the screen :)</q></li>
<li class="quit">[<a href="#T09:06:58" id="T09:06:58"><abbr title="2008-10-16T09:06:58+00:00">09:06:58</abbr></a>] <span>* khasim (n=a0393720@192.163.20.231) Quit (Remote closed the connection)</span></li>
<li class="message">[<a href="#T09:10:50" id="T09:10:50"><abbr title="2008-10-16T09:10:50+00:00">09:10:50</abbr></a>] &lt;<cite>zuh</cite>&gt; <q>I use that to reboot my N800 ;)</q></li>
<li class="message">[<a href="#T09:12:55" id="T09:12:55"><abbr title="2008-10-16T09:12:55+00:00">09:12:55</abbr></a>] &lt;<cite>koen</cite>&gt; <q>fullscreen with mplayer gives strange results</q></li>
<li class="message">[<a href="#T09:13:09" id="T09:13:09"><abbr title="2008-10-16T09:13:09+00:00">09:13:09</abbr></a>] &lt;<cite>zuh</cite>&gt; <q>What format?</q></li>
<li class="message">[<a href="#T09:13:29" id="T09:13:29"><abbr title="2008-10-16T09:13:29+00:00">09:13:29</abbr></a>] &lt;<cite>koen</cite>&gt; <q><a href="http://media.divx.com/video/movietrailers/videos/CasinoRoyale_Trailer1.divx">http://media.divx.com/video/movietrailers/videos/CasinoRoyale_Trailer1.divx</a></q></li>
<li class="message">[<a href="#T09:13:34" id="T09:13:34"><abbr title="2008-10-16T09:13:34+00:00">09:13:34</abbr></a>] &lt;<cite>zuh</cite>&gt; <q>The planar formats don't work with non-16-divisible sizes...</q></li>
<li class="message">[<a href="#T09:13:45" id="T09:13:45"><abbr title="2008-10-16T09:13:45+00:00">09:13:45</abbr></a>] &lt;<cite>koen</cite>&gt; <q>VDec: vo config request - 640 x 352 (preferred colorspace: Planar YV12)</q></li>
<li class="message">[<a href="#T09:15:00" id="T09:15:00"><abbr title="2008-10-16T09:15:00+00:00">09:15:00</abbr></a>] &lt;<cite>zuh</cite>&gt; <q>What's the output?</q></li>
<li class="message">[<a href="#T09:15:12" id="T09:15:12"><abbr title="2008-10-16T09:15:12+00:00">09:15:12</abbr></a>] &lt;<cite>zuh</cite>&gt; <q>is it skewed or something else?</q></li>
<li class="action">[<a href="#T09:17:03" id="T09:17:03"><abbr title="2008-10-16T09:17:03+00:00">09:17:03</abbr></a>] <span>* koen reboots and takes a picture</span></li>
<li class="join">[<a href="#T09:18:59" id="T09:18:59"><abbr title="2008-10-16T09:18:59+00:00">09:18:59</abbr></a>] <span>* Altered (n=dsl@208-100-140-231.bendbroadband.com) has joined #beagle</span></li>
<li class="join">[<a href="#T09:21:04" id="T09:21:04"><abbr title="2008-10-16T09:21:04+00:00">09:21:04</abbr></a>] <span>* trickie|work (n=trickie@a5061.upc-a.chello.nl) has joined #beagle</span></li>
<li class="message">[<a href="#T09:22:27" id="T09:22:27"><abbr title="2008-10-16T09:22:27+00:00">09:22:27</abbr></a>] &lt;<cite>koen</cite>&gt; <q>zuh: <a href="http://www.flickr.com/photos/koenkooi/2945957291/">http://www.flickr.com/photos/koenkooi/2945957291/</a></q></li>
<li class="message">[<a href="#T09:27:28" id="T09:27:28"><abbr title="2008-10-16T09:27:28+00:00">09:27:28</abbr></a>] &lt;<cite>koen</cite>&gt; <q>zuh: and with this trailer: <a href="http://ewi546.ewi.utwente.nl/~koen/tefam_trlr_01_480p_dl.mov">http://ewi546.ewi.utwente.nl/~koen/tefam_trlr_01_480p_dl.mov</a></q></li>
<li class="message">[<a href="#T09:27:36" id="T09:27:36"><abbr title="2008-10-16T09:27:36+00:00">09:27:36</abbr></a>] &lt;<cite>koen</cite>&gt; <q>I get this: <a href="http://www.flickr.com/photos/koenkooi/2946825478/in/photostream/">http://www.flickr.com/photos/koenkooi/2946825478/in/photostream/</a></q></li>
<li class="message">[<a href="#T09:28:51" id="T09:28:51"><abbr title="2008-10-16T09:28:51+00:00">09:28:51</abbr></a>] &lt;<cite>zuh</cite>&gt; <q>ok, the latter is clearly due to the skewing issue</q></li>
<li class="message">[<a href="#T09:30:27" id="T09:30:27"><abbr title="2008-10-16T09:30:27+00:00">09:30:27</abbr></a>] &lt;<cite>koen</cite>&gt; <q>yeah</q></li>
<li class="message">[<a href="#T09:31:42" id="T09:31:42"><abbr title="2008-10-16T09:31:42+00:00">09:31:42</abbr></a>] &lt;<cite>zuh</cite>&gt; <q>The former is probably just the issue with scaling on beagle, it doesn't seem to work. If you resize the window, it'll break up in rather interesting ways.</q></li>
<li class="message">[<a href="#T09:33:06" id="T09:33:06"><abbr title="2008-10-16T09:33:06+00:00">09:33:06</abbr></a>] &lt;<cite>koen</cite>&gt; <q>fullscreen does work with omapfbplay most of the times</q></li>
<li class="message">[<a href="#T09:33:26" id="T09:33:26"><abbr title="2008-10-16T09:33:26+00:00">09:33:26</abbr></a>] &lt;<cite>zuh</cite>&gt; <q>Yeah, kulve told me to look at it already :)</q></li>
<li class="message">[<a href="#T09:33:49" id="T09:33:49"><abbr title="2008-10-16T09:33:49+00:00">09:33:49</abbr></a>] &lt;<cite>zuh</cite>&gt; <q>It's just that N800 has higher priority for me for obvious reasons ;)</q></li>
<li class="message">[<a href="#T09:36:25" id="T09:36:25"><abbr title="2008-10-16T09:36:25+00:00">09:36:25</abbr></a>] &lt;<cite>koen</cite>&gt; <q>zuh: <a href="http://git.mansr.com/?p=omapfbplay;a=blob;f=omapfbplay.c;h=f5e45e87ac0133ad2c4d8277ea8ee0206212fde7;hb=HEAD">http://git.mansr.com/?p=omapfbplay;a=blob;f=omapfbplay.c;h=f5e45e87ac0133ad2c4d8277ea8ee0206212fde7;hb=HEAD</a></q></li>
<li class="message">[<a href="#T09:36:33" id="T09:36:33"><abbr title="2008-10-16T09:36:33+00:00">09:36:33</abbr></a>] &lt;<cite>koen</cite>&gt; <q>starting at line 168</q></li>
<li class="message">[<a href="#T09:46:13" id="T09:46:13"><abbr title="2008-10-16T09:46:13+00:00">09:46:13</abbr></a>] &lt;<cite>zuh</cite>&gt; <q>You could just add #l168 to the url ;)</q></li>
<li class="join">[<a href="#T09:52:48" id="T09:52:48"><abbr title="2008-10-16T09:52:48+00:00">09:52:48</abbr></a>] <span>* zedstar (n=john@fsf/member/zedstar) has joined #beagle</span></li>
<li class="message">[<a href="#T09:54:44" id="T09:54:44"><abbr title="2008-10-16T09:54:44+00:00">09:54:44</abbr></a>] &lt;<cite>koen</cite>&gt; <q>sweet, didn't know that</q></li>
<li class="message">[<a href="#T09:58:31" id="T09:58:31"><abbr title="2008-10-16T09:58:31+00:00">09:58:31</abbr></a>] &lt;<cite>zuh</cite>&gt; <q>I don't see really any differences in what happens there and what happens in the Xv driver...</q></li>
<li class="message">[<a href="#T10:00:08" id="T10:00:08"><abbr title="2008-10-16T10:00:08+00:00">10:00:08</abbr></a>] &lt;<cite>koen</cite>&gt; <q>maybe some hw quirk</q></li>
<li class="message">[<a href="#T10:00:09" id="T10:00:09"><abbr title="2008-10-16T10:00:09+00:00">10:00:09</abbr></a>] &lt;<cite>zuh</cite>&gt; <q>Except that I reallocate the memory for the overlay plane to match what is required for the destination format. But I don't see how that would affect the controller scaling...</q></li>
<li class="message">[<a href="#T10:00:48" id="T10:00:48"><abbr title="2008-10-16T10:00:48+00:00">10:00:48</abbr></a>] &lt;<cite>zuh</cite>&gt; <q>unless the driver has a bug with that or something, but then it should affect normal operation too I suppose...</q></li>
<li class="message">[<a href="#T10:02:13" id="T10:02:13"><abbr title="2008-10-16T10:02:13+00:00">10:02:13</abbr></a>] &lt;<cite>_AV500_</cite>&gt; <q>what is your src and dst sizes for scaling</q></li>
<li class="message">[<a href="#T10:02:20" id="T10:02:20"><abbr title="2008-10-16T10:02:20+00:00">10:02:20</abbr></a>] &lt;<cite>_AV500_</cite>&gt; <q>zuh: what is your src and dst sizes for scaling</q></li>
<li class="join">[<a href="#T10:06:28" id="T10:06:28"><abbr title="2008-10-16T10:06:28+00:00">10:06:28</abbr></a>] <span>* shriram (i=7aa60de8@gateway/web/ajax/mibbit.com/x-cd93321460a8dc21) has joined #beagle</span></li>
<li class="message">[<a href="#T10:07:16" id="T10:07:16"><abbr title="2008-10-16T10:07:16+00:00">10:07:16</abbr></a>] &lt;<cite>zuh</cite>&gt; <q>Well, it depends on input of course, but both source and destinations sizes are rounded down to nearest 16-divisible number. So in fullscreen the dest size should be 1024x768</q></li>
<li class="message">[<a href="#T10:08:36" id="T10:08:36"><abbr title="2008-10-16T10:08:36+00:00">10:08:36</abbr></a>] &lt;<cite>zuh</cite>&gt; <q>and in the casino trailer case the src size is 640x352, which should be ok too</q></li>
<li class="message">[<a href="#T10:13:57" id="T10:13:57"><abbr title="2008-10-16T10:13:57+00:00">10:13:57</abbr></a>] &lt;<cite>koen</cite>&gt; <q>I wonder if aspect scaling is playing a role</q></li>
<li class="message">[<a href="#T10:14:10" id="T10:14:10"><abbr title="2008-10-16T10:14:10+00:00">10:14:10</abbr></a>] &lt;<cite>koen</cite>&gt; <q>AIUI omapfbplay scales to fullscreen loosing aspect</q></li>
<li class="message">[<a href="#T10:14:29" id="T10:14:29"><abbr title="2008-10-16T10:14:29+00:00">10:14:29</abbr></a>] &lt;<cite>koen</cite>&gt; <q>(e.g. assumes you watch HD on an HD screen)</q></li>
<li class="message">[<a href="#T10:15:31" id="T10:15:31"><abbr title="2008-10-16T10:15:31+00:00">10:15:31</abbr></a>] &lt;<cite>_AV500_</cite>&gt; <q>is this using the "new" DSS code or what is in l-o git?</q></li>
<li class="message">[<a href="#T10:15:52" id="T10:15:52"><abbr title="2008-10-16T10:15:52+00:00">10:15:52</abbr></a>] &lt;<cite>koen</cite>&gt; <q>l-o git + mru patches</q></li>
<li class="message">[<a href="#T10:16:31" id="T10:16:31"><abbr title="2008-10-16T10:16:31+00:00">10:16:31</abbr></a>] &lt;<cite>_AV500_</cite>&gt; <q>so not the "new" DSS stuff from TI</q></li>
<li class="message">[<a href="#T10:17:57" id="T10:17:57"><abbr title="2008-10-16T10:17:57+00:00">10:17:57</abbr></a>] &lt;<cite>shriram</cite>&gt; <q>There are 2 different approaches, one from TI and another from tomi valkeinen </q></li>
<li class="join">[<a href="#T10:19:00" id="T10:19:00"><abbr title="2008-10-16T10:19:00+00:00">10:19:00</abbr></a>] <span>* igor321 (n=igor@203-226.dsl.iskon.hr) has joined #beagle</span></li>
<li class="join">[<a href="#T10:22:08" id="T10:22:08"><abbr title="2008-10-16T10:22:08+00:00">10:22:08</abbr></a>] <span>* Viral_Sachde (n=Viral_Sa@122.167.149.170) has joined #beagle</span></li>
<li class="message">[<a href="#T10:22:26" id="T10:22:26"><abbr title="2008-10-16T10:22:26+00:00">10:22:26</abbr></a>] &lt;<cite>_AV500_</cite>&gt; <q>what does the omapfbplay code do to setup the scaling? OMAFB_SETUP_PLANE?</q></li>
<li class="message">[<a href="#T10:22:49" id="T10:22:49"><abbr title="2008-10-16T10:22:49+00:00">10:22:49</abbr></a>] &lt;<cite>koen</cite>&gt; <q>_AV500_: <a href="http://git.mansr.com/?p=omapfbplay;a=blob;f=omapfbplay.c;h=f5e45e87ac0133ad2c4d8277ea8ee0206212fde7;hb=HEAD">http://git.mansr.com/?p=omapfbplay;a=blob;f=omapfbplay.c;h=f5e45e87ac0133ad2c4d8277ea8ee0206212fde7;hb=HEAD</a></q></li>
<li class="message">[<a href="#T10:37:19" id="T10:37:19"><abbr title="2008-10-16T10:37:19+00:00">10:37:19</abbr></a>] &lt;<cite>zuh</cite>&gt; <q>koen: ah right, so mplayer might be instructing Xv to push output widths which aren't fullscreen</q></li>
<li class="message">[<a href="#T10:37:27" id="T10:37:27"><abbr title="2008-10-16T10:37:27+00:00">10:37:27</abbr></a>] &lt;<cite>zuh</cite>&gt; <q>or rather, heights</q></li>
<li class="quit">[<a href="#T10:40:24" id="T10:40:24"><abbr title="2008-10-16T10:40:24+00:00">10:40:24</abbr></a>] <span>* soman (n=somnath@61.16.248.242) Quit (Remote closed the connection)</span></li>
<li class="join">[<a href="#T10:42:15" id="T10:42:15"><abbr title="2008-10-16T10:42:15+00:00">10:42:15</abbr></a>] <span>* soman (n=somnath@61.16.248.242) has joined #beagle</span></li>
<li class="join">[<a href="#T10:44:27" id="T10:44:27"><abbr title="2008-10-16T10:44:27+00:00">10:44:27</abbr></a>] <span>* RogerMonk (n=a0740758@nat/ti/x-6affbe19818e8a24) has joined #beagle</span></li>
<li class="action">[<a href="#T10:49:05" id="T10:49:05"><abbr title="2008-10-16T10:49:05+00:00">10:49:05</abbr></a>] <span>* koen thinks XV is voodoo</span></li>
<li class="message">[<a href="#T10:49:21" id="T10:49:21"><abbr title="2008-10-16T10:49:21+00:00">10:49:21</abbr></a>] &lt;<cite>koen</cite>&gt; <q>RogerMonk: good morning!</q></li>
<li class="quit">[<a href="#T11:14:03" id="T11:14:03"><abbr title="2008-10-16T11:14:03+00:00">11:14:03</abbr></a>] <span>* soman (n=somnath@61.16.248.242) Quit (Remote closed the connection)</span></li>
<li class="message">[<a href="#T11:25:16" id="T11:25:16"><abbr title="2008-10-16T11:25:16+00:00">11:25:16</abbr></a>] &lt;<cite>_AV500_</cite>&gt; <q>koen: I see only a call to OMAPFB_SETUP_PLANE there, or do I miss something?</q></li>
<li class="join">[<a href="#T11:29:53" id="T11:29:53"><abbr title="2008-10-16T11:29:53+00:00">11:29:53</abbr></a>] <span>* feig_ (n=ejf3@186.sub-70-196-88.myvzw.com) has joined #beagle</span></li>
<li class="join">[<a href="#T11:30:40" id="T11:30:40"><abbr title="2008-10-16T11:30:40+00:00">11:30:40</abbr></a>] <span>* soman (n=somnath@61.16.248.242) has joined #beagle</span></li>
<li class="quit">[<a href="#T11:38:29" id="T11:38:29"><abbr title="2008-10-16T11:38:29+00:00">11:38:29</abbr></a>] <span>* igor321 (n=igor@203-226.dsl.iskon.hr) Quit ("leavin'")</span></li>
<li class="join">[<a href="#T11:43:15" id="T11:43:15"><abbr title="2008-10-16T11:43:15+00:00">11:43:15</abbr></a>] <span>* montamer (n=vijay@203.199.213.3) has joined #beagle</span></li>
<li class="quit">[<a href="#T11:46:35" id="T11:46:35"><abbr title="2008-10-16T11:46:35+00:00">11:46:35</abbr></a>] <span>* feig1 (n=ejf3@129.sub-70-196-196.myvzw.com) Quit (Read error: 110 (Connection timed out))</span></li>
<li class="join">[<a href="#T11:50:33" id="T11:50:33"><abbr title="2008-10-16T11:50:33+00:00">11:50:33</abbr></a>] <span>* slothlove (n=srussell@user-387ggve.cable.mindspring.com) has joined #beagle</span></li>
<li class="join">[<a href="#T12:01:39" id="T12:01:39"><abbr title="2008-10-16T12:01:39+00:00">12:01:39</abbr></a>] <span>* Sts|office (n=Sts_offi@daimi-pat.daimi.au.dk) has joined #beagle</span></li>
<li class="join">[<a href="#T12:09:27" id="T12:09:27"><abbr title="2008-10-16T12:09:27+00:00">12:09:27</abbr></a>] <span>* robclark (n=robclark@nat/ti/x-01895702580e30cd) has joined #beagle</span></li>
<li class="join">[<a href="#T12:11:32" id="T12:11:32"><abbr title="2008-10-16T12:11:32+00:00">12:11:32</abbr></a>] <span>* fagius (n=fagius@static-71-111-254-119.rlghnc.dsl-w.verizon.net) has joined #beagle</span></li>
<li class="quit">[<a href="#T12:12:16" id="T12:12:16"><abbr title="2008-10-16T12:12:16+00:00">12:12:16</abbr></a>] <span>* slothlove (n=srussell@user-387ggve.cable.mindspring.com) Quit (Read error: 110 (Connection timed out))</span></li>
<li class="quit">[<a href="#T12:16:47" id="T12:16:47"><abbr title="2008-10-16T12:16:47+00:00">12:16:47</abbr></a>] <span>* Altered (n=dsl@208-100-140-231.bendbroadband.com) Quit (Read error: 110 (Connection timed out))</span></li>
<li class="join">[<a href="#T12:23:42" id="T12:23:42"><abbr title="2008-10-16T12:23:42+00:00">12:23:42</abbr></a>] <span>* khasim (n=a0393720@192.163.20.231) has joined #beagle</span></li>
<li class="quit">[<a href="#T12:25:41" id="T12:25:41"><abbr title="2008-10-16T12:25:41+00:00">12:25:41</abbr></a>] <span>* soman (n=somnath@61.16.248.242) Quit (Read error: 113 (No route to host))</span></li>
<li class="message">[<a href="#T12:25:55" id="T12:25:55"><abbr title="2008-10-16T12:25:55+00:00">12:25:55</abbr></a>] &lt;<cite>Crofton|work</cite>&gt; <q><a href="http://rafb.net/p/RNQ8LA93.html">http://rafb.net/p/RNQ8LA93.html</a></q></li>
<li class="message">[<a href="#T12:26:00" id="T12:26:00"><abbr title="2008-10-16T12:26:00+00:00">12:26:00</abbr></a>] &lt;<cite>Crofton|work</cite>&gt; <q>:)</q></li>
<li class="message">[<a href="#T12:36:14" id="T12:36:14"><abbr title="2008-10-16T12:36:14+00:00">12:36:14</abbr></a>] &lt;<cite>koen</cite>&gt; <q>hmmm</q></li>
<li class="message">[<a href="#T12:36:21" id="T12:36:21"><abbr title="2008-10-16T12:36:21+00:00">12:36:21</abbr></a>] &lt;<cite>koen</cite>&gt; <q>gettext people are funny</q></li>
<li class="message">[<a href="#T12:36:34" id="T12:36:34"><abbr title="2008-10-16T12:36:34+00:00">12:36:34</abbr></a>] &lt;<cite>koen</cite>&gt; <q>they remove and/or rename macros</q></li>
<li class="action">[<a href="#T12:36:45" id="T12:36:45"><abbr title="2008-10-16T12:36:45+00:00">12:36:45</abbr></a>] <span>* koen fixes gtk 1.2 and xmms with sed</span></li>
<li class="message">[<a href="#T12:38:22" id="T12:38:22"><abbr title="2008-10-16T12:38:22+00:00">12:38:22</abbr></a>] &lt;<cite>and-ri</cite>&gt; <q>have anybody tried to run the demos from the SDL library?</q></li>
<li class="quit">[<a href="#T12:43:55" id="T12:43:55"><abbr title="2008-10-16T12:43:55+00:00">12:43:55</abbr></a>] <span>* feig_ (n=ejf3@186.sub-70-196-88.myvzw.com) Quit (Read error: 110 (Connection timed out))</span></li>
<li class="join">[<a href="#T12:54:55" id="T12:54:55"><abbr title="2008-10-16T12:54:55+00:00">12:54:55</abbr></a>] <span>* jrmuizel (n=jrmuizel@CPE001f5be79d0f-CM0017ee62f8b0.cpe.net.cable.rogers.com) has joined #beagle</span></li>
<li class="join">[<a href="#T12:58:44" id="T12:58:44"><abbr title="2008-10-16T12:58:44+00:00">12:58:44</abbr></a>] <span>* bazbell (n=a0192809@nat/ti/x-edc5c02ef21d7d06) has joined #beagle</span></li>
<li class="quit">[<a href="#T13:00:22" id="T13:00:22"><abbr title="2008-10-16T13:00:22+00:00">13:00:22</abbr></a>] <span>* zedstar (n=john@fsf/member/zedstar) Quit (Remote closed the connection)</span></li>
<li class="join">[<a href="#T13:01:23" id="T13:01:23"><abbr title="2008-10-16T13:01:23+00:00">13:01:23</abbr></a>] <span>* feig_ (n=ejf3@h-66-134-114-154.dllatx37.covad.net) has joined #beagle</span></li>
<li class="message">[<a href="#T13:04:20" id="T13:04:20"><abbr title="2008-10-16T13:04:20+00:00">13:04:20</abbr></a>] &lt;<cite>and-ri</cite>&gt; <q>ok, i still have a problem. I have to machines, one on which i develope the programm and anotherone on which i want to run the programms. and i want to use the SDL library on the Target-machine, but if i try to run the testspride demo on this machine i get an error (line 1: Syntax error: "(" unexpected) whether the demo run on the developeing machine</q></li>
<li class="message">[<a href="#T13:04:44" id="T13:04:44"><abbr title="2008-10-16T13:04:44+00:00">13:04:44</abbr></a>] &lt;<cite>koen</cite>&gt; <q>sounds like you're trying to run x86 stuff on the beagle</q></li>
<li class="join">[<a href="#T13:04:46" id="T13:04:46"><abbr title="2008-10-16T13:04:46+00:00">13:04:46</abbr></a>] <span>* abitos (n=nixgibts@dslb-084-057-142-051.pools.arcor-ip.net) has joined #beagle</span></li>
<li class="message">[<a href="#T13:05:41" id="T13:05:41"><abbr title="2008-10-16T13:05:41+00:00">13:05:41</abbr></a>] &lt;<cite>and-ri</cite>&gt; <q>no i have used make CROSS-COMPILE=arm-none-linux-gnueabi-</q></li>
<li class="message">[<a href="#T13:07:34" id="T13:07:34"><abbr title="2008-10-16T13:07:34+00:00">13:07:34</abbr></a>] &lt;<cite>and-ri</cite>&gt; <q>i did it befor with the kernel and the kernel is running</q></li>
<li class="message">[<a href="#T13:07:47" id="T13:07:47"><abbr title="2008-10-16T13:07:47+00:00">13:07:47</abbr></a>] &lt;<cite>and-ri</cite>&gt; <q>but the sdl demo still stuck</q></li>
<li class="message">[<a href="#T13:08:02" id="T13:08:02"><abbr title="2008-10-16T13:08:02+00:00">13:08:02</abbr></a>] &lt;<cite>koen</cite>&gt; <q>I still stick with:</q></li>
<li class="message">[<a href="#T13:08:03" id="T13:08:03"><abbr title="2008-10-16T13:08:03+00:00">13:08:03</abbr></a>] &lt;<cite>koen</cite>&gt; <q>15:04 &lt; koen&gt; sounds like you're trying to run x86 stuff on the beagle</q></li>
<li class="message">[<a href="#T13:08:14" id="T13:08:14"><abbr title="2008-10-16T13:08:14+00:00">13:08:14</abbr></a>] &lt;<cite>koen</cite>&gt; <q>run 'file &lt;your binary&gt;'</q></li>
<li class="message">[<a href="#T13:08:56" id="T13:08:56"><abbr title="2008-10-16T13:08:56+00:00">13:08:56</abbr></a>] &lt;<cite>and-ri</cite>&gt; <q>one moment</q></li>
<li class="message">[<a href="#T13:09:24" id="T13:09:24"><abbr title="2008-10-16T13:09:24+00:00">13:09:24</abbr></a>] &lt;<cite>RogerMonk</cite>&gt; <q>and-ri - is it a script? - does it need dos2unix?</q></li>
<li class="join">[<a href="#T13:09:35" id="T13:09:35"><abbr title="2008-10-16T13:09:35+00:00">13:09:35</abbr></a>] <span>* NishanthMenon (n=nMenon@nat/ti/x-359656b365c3b2d5) has joined #beagle</span></li>
<li class="message">[<a href="#T13:09:37" id="T13:09:37"><abbr title="2008-10-16T13:09:37+00:00">13:09:37</abbr></a>] &lt;<cite>RogerMonk</cite>&gt; <q>koen - hi!</q></li>
<li class="message">[<a href="#T13:10:08" id="T13:10:08"><abbr title="2008-10-16T13:10:08+00:00">13:10:08</abbr></a>] &lt;<cite>and-ri</cite>&gt; <q>it is a own program (binary) c program</q></li>
<li class="quit">[<a href="#T13:11:45" id="T13:11:45"><abbr title="2008-10-16T13:11:45+00:00">13:11:45</abbr></a>] <span>* feig_ (n=ejf3@h-66-134-114-154.dllatx37.covad.net) Quit ("Konversation terminated!")</span></li>
<li class="message">[<a href="#T13:12:32" id="T13:12:32"><abbr title="2008-10-16T13:12:32+00:00">13:12:32</abbr></a>] &lt;<cite>and-ri</cite>&gt; <q>i tried 'file program-name' , he said that 'file' was not fount</q></li>
<li class="message">[<a href="#T13:12:46" id="T13:12:46"><abbr title="2008-10-16T13:12:46+00:00">13:12:46</abbr></a>] &lt;<cite>and-ri</cite>&gt; <q>found</q></li>
<li class="message">[<a href="#T13:14:21" id="T13:14:21"><abbr title="2008-10-16T13:14:21+00:00">13:14:21</abbr></a>] &lt;<cite>and-ri</cite>&gt; <q>ok i tried on the other machine</q></li>
<li class="message">[<a href="#T13:15:29" id="T13:15:29"><abbr title="2008-10-16T13:15:29+00:00">13:15:29</abbr></a>] &lt;<cite>and-ri</cite>&gt; <q>i think, the most important thing is "Intel 80386" , so it should be somthing like arm, or omap3</q></li>
<li class="message">[<a href="#T13:15:52" id="T13:15:52"><abbr title="2008-10-16T13:15:52+00:00">13:15:52</abbr></a>] &lt;<cite>and-ri</cite>&gt; <q>nice command thx</q></li>
<li class="action">[<a href="#T13:18:44" id="T13:18:44"><abbr title="2008-10-16T13:18:44+00:00">13:18:44</abbr></a>] <span>* koen would recommend to use OE to build stuff, since OE check the architecture of the resulting binary </span></li>
<li class="quit">[<a href="#T13:21:22" id="T13:21:22"><abbr title="2008-10-16T13:21:22+00:00">13:21:22</abbr></a>] <span>* rsalveti (n=salveti@189.70.34.34) Quit (Read error: 110 (Connection timed out))</span></li>
<li class="join">[<a href="#T13:29:59" id="T13:29:59"><abbr title="2008-10-16T13:29:59+00:00">13:29:59</abbr></a>] <span>* rsalveti (n=salveti@200.184.118.132) has joined #beagle</span></li>
<li class="join">[<a href="#T13:32:20" id="T13:32:20"><abbr title="2008-10-16T13:32:20+00:00">13:32:20</abbr></a>] <span>* prpplague (n=dave@mail.americanmicrosystems.com) has joined #beagle</span></li>
<li class="quit">[<a href="#T13:32:38" id="T13:32:38"><abbr title="2008-10-16T13:32:38+00:00">13:32:38</abbr></a>] <span>* jrmuizel (n=jrmuizel@CPE001f5be79d0f-CM0017ee62f8b0.cpe.net.cable.rogers.com) Quit ()</span></li>
<li class="join">[<a href="#T13:35:44" id="T13:35:44"><abbr title="2008-10-16T13:35:44+00:00">13:35:44</abbr></a>] <span>* ceyusa (n=ceyusa@cm216016.red83-165.mundo-r.com) has joined #beagle</span></li>
<li class="quit">[<a href="#T13:40:53" id="T13:40:53"><abbr title="2008-10-16T13:40:53+00:00">13:40:53</abbr></a>] <span>* khasim (n=a0393720@192.163.20.231) Quit (Remote closed the connection)</span></li>
<li class="quit">[<a href="#T13:41:44" id="T13:41:44"><abbr title="2008-10-16T13:41:44+00:00">13:41:44</abbr></a>] <span>* shriram (i=7aa60de8@gateway/web/ajax/mibbit.com/x-cd93321460a8dc21) Quit ("<a href="http://www.mibbit.com">http://www.mibbit.com</a> ajax IRC Client")</span></li>
<li class="join">[<a href="#T13:42:20" id="T13:42:20"><abbr title="2008-10-16T13:42:20+00:00">13:42:20</abbr></a>] <span>* JuanG (n=Juan@nat/ti/x-8117f861ef0640da) has joined #beagle</span></li>
<li class="part">[<a href="#T13:42:24" id="T13:42:24"><abbr title="2008-10-16T13:42:24+00:00">13:42:24</abbr></a>] <span>* JuanG (n=Juan@nat/ti/x-8117f861ef0640da) has left #beagle</span></li>
