<li class="join">[<a href="#T00:34:33" id="T00:34:33"><abbr title="2008-08-24T00:34:33+00:00">00:34:33</abbr></a>] <span>* Olipro_ (n=Olipro@uncyclopedia/Olipro) has joined #beagle</span></li>
<li class="join">[<a href="#T00:37:14" id="T00:37:14"><abbr title="2008-08-24T00:37:14+00:00">00:37:14</abbr></a>] <span>* BeagleBot (n=PircBot@ec2-75-101-156-174.compute-1.amazonaws.com) has joined #beagle</span></li>
<li class="topic">[<abbr title="2008-08-24T00:37:14+00:00">00:37:14</abbr>] <span>* Topic is 'Welcome to #Beagle | Discussion about the OMAP3 Beagle Board - <a href="http://beagleboard.org">http://beagleboard.org</a> | Beagle search tools are on #dashboard at irc.gimp.org, NOT here ;) | Log is at <a href="http://www.beagleboard.org/irclogs'">http://www.beagleboard.org/irclogs'</a></span></li>
<li class="topic">[<abbr title="2008-08-24T00:37:14+00:00">00:37:14</abbr>] <span>* Set by jkridner on Tue Jun 10 00:33:18 CDT 2008</span></li>
<li class="message">[<a href="#T00:37:36" id="T00:37:36"><abbr title="2008-08-24T00:37:36+00:00">00:37:36</abbr></a>] &lt;<cite>jkridner|work1</cite>&gt; <q>did anyone try to tell me that beagleboard.org was down and I just missed it?</q></li>
<li class="nick-change">[<a href="#T00:37:57" id="T00:37:57"><abbr title="2008-08-24T00:37:57+00:00">00:37:57</abbr></a>] <span>* jkridner|work1 is now known as jkridner</span></li>
<li class="join">[<a href="#T00:38:38" id="T00:38:38"><abbr title="2008-08-24T00:38:38+00:00">00:38:38</abbr></a>] <span>* Olipro__ (n=Olipro@uncyclopedia/Olipro) has joined #beagle</span></li>
<li class="nick-change">[<a href="#T00:38:40" id="T00:38:40"><abbr title="2008-08-24T00:38:40+00:00">00:38:40</abbr></a>] <span>* jkridner is now known as jkridner|work</span></li>
<li class="join">[<a href="#T00:38:44" id="T00:38:44"><abbr title="2008-08-24T00:38:44+00:00">00:38:44</abbr></a>] <span>* kgilmer (n=kgilmer@dsl254-120-154.nyc1.dsl.speakeasy.net) has joined #beagle</span></li>
<li class="message">[<a href="#T00:38:51" id="T00:38:51"><abbr title="2008-08-24T00:38:51+00:00">00:38:51</abbr></a>] &lt;<cite>dcordes</cite>&gt; <q>jkridner|work: not me</q></li>
<li class="message">[<a href="#T00:39:12" id="T00:39:12"><abbr title="2008-08-24T00:39:12+00:00">00:39:12</abbr></a>] &lt;<cite>dcordes</cite>&gt; <q>it works fine</q></li>
<li class="message">[<abbr title="2008-08-24T00:39:12+00:00">00:39:12</abbr>] &lt;<cite>jkridner|work</cite>&gt; <q>I seem to have broken it with a merge.</q></li>
<li class="message">[<a href="#T00:39:27" id="T00:39:27"><abbr title="2008-08-24T00:39:27+00:00">00:39:27</abbr></a>] &lt;<cite>jkridner|work</cite>&gt; <q>it is fine now.  maybe I never broke the runtime.</q></li>
<li class="message">[<a href="#T00:39:31" id="T00:39:31"><abbr title="2008-08-24T00:39:31+00:00">00:39:31</abbr></a>] &lt;<cite>jkridner|work</cite>&gt; <q>just the repository.</q></li>
<li class="quit">[<a href="#T00:43:03" id="T00:43:03"><abbr title="2008-08-24T00:43:03+00:00">00:43:03</abbr></a>] <span>* kgilmer (n=kgilmer@dsl254-120-154.nyc1.dsl.speakeasy.net) Quit (Read error: 104 (Connection reset by peer))</span></li>
<li class="quit">[<a href="#T00:47:51" id="T00:47:51"><abbr title="2008-08-24T00:47:51+00:00">00:47:51</abbr></a>] <span>* Olipro (n=Olipro@uncyclopedia/Olipro) Quit (Nick collision from services.)</span></li>
<li class="nick-change">[<a href="#T00:47:53" id="T00:47:53"><abbr title="2008-08-24T00:47:53+00:00">00:47:53</abbr></a>] <span>* Olipro__ is now known as Olipro</span></li>
<li class="message">[<a href="#T00:50:32" id="T00:50:32"><abbr title="2008-08-24T00:50:32+00:00">00:50:32</abbr></a>] &lt;<cite>thrashus</cite>&gt; <q>how would you compare ti's omap</q></li>
<li class="message">[<a href="#T00:50:46" id="T00:50:46"><abbr title="2008-08-24T00:50:46+00:00">00:50:46</abbr></a>] &lt;<cite>dcordes</cite>&gt; <q>I wonder how long would the beagle stay powered with 2200mAh</q></li>
<li class="message">[<abbr title="2008-08-24T00:50:46+00:00">00:50:46</abbr>] &lt;<cite>thrashus</cite>&gt; <q>omap's to frescales i.MX products</q></li>
<li class="message">[<a href="#T00:51:18" id="T00:51:18"><abbr title="2008-08-24T00:51:18+00:00">00:51:18</abbr></a>] &lt;<cite>mru</cite>&gt; <q>ferrarri to vw beetle?</q></li>
<li class="message">[<a href="#T00:51:58" id="T00:51:58"><abbr title="2008-08-24T00:51:58+00:00">00:51:58</abbr></a>] &lt;<cite>thrashus</cite>&gt; <q>i.Mx looks like it uses the arm 9 and arm 11</q></li>
<li class="message">[<a href="#T00:53:21" id="T00:53:21"><abbr title="2008-08-24T00:53:21+00:00">00:53:21</abbr></a>] &lt;<cite>mru</cite>&gt; <q>dcordes: the beagle alone should last a few hours on that charge</q></li>
<li class="quit">[<a href="#T00:53:39" id="T00:53:39"><abbr title="2008-08-24T00:53:39+00:00">00:53:39</abbr></a>] <span>* Olipro_ (n=Olipro@uncyclopedia/Olipro) Quit (Connection timed out)</span></li>
<li class="message">[<a href="#T00:53:43" id="T00:53:43"><abbr title="2008-08-24T00:53:43+00:00">00:53:43</abbr></a>] &lt;<cite>mru</cite>&gt; <q>much longer if idle with working PM</q></li>
