<li class="quit">[<a href="#T02:42:35" id="T02:42:35"><abbr title="2008-04-21T02:42:35+00:00">02:42:35</abbr></a>] <span>* NishanthM (n=Nishanth@cpe-24-175-68-203.tx.res.rr.com) Quit (Read error: 110 (Connection timed out))</span></li>
<li class="join">[<a href="#T02:42:55" id="T02:42:55"><abbr title="2008-04-21T02:42:55+00:00">02:42:55</abbr></a>] <span>* NishanthM (n=Nishanth@cpe-24-175-68-203.tx.res.rr.com) has joined #beagle</span></li>
<li class="quit">[<a href="#T03:35:00" id="T03:35:00"><abbr title="2008-04-21T03:35:00+00:00">03:35:00</abbr></a>] <span>* koen (n=koen@s55917625.adsl.wanadoo.nl) Quit (Read error: 110 (Connection timed out))</span></li>
<li class="join">[<a href="#T04:01:48" id="T04:01:48"><abbr title="2008-04-21T04:01:48+00:00">04:01:48</abbr></a>] <span>* BThompson (n=BThompso@cpe-76-183-86-15.tx.res.rr.com) has joined #beagle</span></li>
<li class="quit">[<a href="#T04:17:52" id="T04:17:52"><abbr title="2008-04-21T04:17:52+00:00">04:17:52</abbr></a>] <span>* NishanthM (n=Nishanth@cpe-24-175-68-203.tx.res.rr.com) Quit (Read error: 110 (Connection timed out))</span></li>
<li class="join">[<a href="#T04:18:05" id="T04:18:05"><abbr title="2008-04-21T04:18:05+00:00">04:18:05</abbr></a>] <span>* NishanthM (n=Nishanth@cpe-24-175-68-203.tx.res.rr.com) has joined #beagle</span></li>
<li class="quit">[<a href="#T04:46:25" id="T04:46:25"><abbr title="2008-04-21T04:46:25+00:00">04:46:25</abbr></a>] <span>* BThompson (n=BThompso@cpe-76-183-86-15.tx.res.rr.com) Quit ("Trillian (<a href="http://www.ceruleanstudios.com")">http://www.ceruleanstudios.com")</a></span></li>
<li class="join">[<a href="#T07:24:56" id="T07:24:56"><abbr title="2008-04-21T07:24:56+00:00">07:24:56</abbr></a>] <span>* koen (n=koen@s55917625.adsl.wanadoo.nl) has joined #beagle</span></li>
<li class="quit">[<a href="#T08:20:44" id="T08:20:44"><abbr title="2008-04-21T08:20:44+00:00">08:20:44</abbr></a>] <span>* NishanthM (n=Nishanth@cpe-24-175-68-203.tx.res.rr.com) Quit (Read error: 110 (Connection timed out))</span></li>
<li class="join">[<a href="#T08:21:01" id="T08:21:01"><abbr title="2008-04-21T08:21:01+00:00">08:21:01</abbr></a>] <span>* NishanthM (n=Nishanth@cpe-24-175-68-203.tx.res.rr.com) has joined #beagle</span></li>
<li class="join">[<a href="#T10:16:37" id="T10:16:37"><abbr title="2008-04-21T10:16:37+00:00">10:16:37</abbr></a>] <span>* RogerMonk (n=a0740758@nat/ti/x-8e99f0404b505d90) has joined #beagle</span></li>
<li class="quit">[<a href="#T11:13:45" id="T11:13:45"><abbr title="2008-04-21T11:13:45+00:00">11:13:45</abbr></a>] <span>* NishanthM (n=Nishanth@cpe-24-175-68-203.tx.res.rr.com) Quit (Remote closed the connection)</span></li>
<li class="join">[<a href="#T11:46:16" id="T11:46:16"><abbr title="2008-04-21T11:46:16+00:00">11:46:16</abbr></a>] <span>* RogerMon1 (n=a0740758@nat/ti/x-3fdac811c5d5be36) has joined #beagle</span></li>
<li class="quit">[<a href="#T11:50:19" id="T11:50:19"><abbr title="2008-04-21T11:50:19+00:00">11:50:19</abbr></a>] <span>* RogerMonk (n=a0740758@nat/ti/x-8e99f0404b505d90) Quit (Remote closed the connection)</span></li>
<li class="join">[<a href="#T12:19:39" id="T12:19:39"><abbr title="2008-04-21T12:19:39+00:00">12:19:39</abbr></a>] <span>* NishanthMenon (n=gnat@nat/ti/x-deb3437e51a19ac9) has joined #beagle</span></li>
<li class="join">[<a href="#T13:19:56" id="T13:19:56"><abbr title="2008-04-21T13:19:56+00:00">13:19:56</abbr></a>] <span>* BThompson (n=BThompso@nat/ti/x-fdf6aaa3bc917b03) has joined #beagle</span></li>
<li class="join">[<a href="#T13:28:09" id="T13:28:09"><abbr title="2008-04-21T13:28:09+00:00">13:28:09</abbr></a>] <span>* prpplague (n=dave@mail.americanmicrosystems.com) has joined #beagle</span></li>
<li class="message">[<a href="#T13:42:55" id="T13:42:55"><abbr title="2008-04-21T13:42:55+00:00">13:42:55</abbr></a>] &lt;<cite>prpplague</cite>&gt; <q>koen: greetings</q></li>
<li class="message">[<a href="#T13:43:02" id="T13:43:02"><abbr title="2008-04-21T13:43:02+00:00">13:43:02</abbr></a>] &lt;<cite>prpplague</cite>&gt; <q>koen: whats cookin today?</q></li>
<li class="message">[<a href="#T13:47:39" id="T13:47:39"><abbr title="2008-04-21T13:47:39+00:00">13:47:39</abbr></a>] &lt;<cite>DJWillis</cite>&gt; <q>Afternoon foaks, hmmm, getting Clutter going on the EVM is a fun task, has anybody played with Clutter/webkit on the EVM or Beagle yet?</q></li>
<li class="join">[<a href="#T13:51:06" id="T13:51:06"><abbr title="2008-04-21T13:51:06+00:00">13:51:06</abbr></a>] <span>* DarrenEtheridge (n=a0867391@nat/ti/x-a075a361d50480d6) has joined #beagle</span></li>
<li class="message">[<a href="#T14:09:53" id="T14:09:53"><abbr title="2008-04-21T14:09:53+00:00">14:09:53</abbr></a>] &lt;<cite>sakoman</cite>&gt; <q>DJWillis:  I built webkit as part of getting Midori running on the EVM, but haven't tried building Clutter yet</q></li>
<li class="message">[<a href="#T14:12:52" id="T14:12:52"><abbr title="2008-04-21T14:12:52+00:00">14:12:52</abbr></a>] &lt;<cite>DJWillis</cite>&gt; <q>sakoman: did you run into any issues to speak of? I assume they both have OE recipes?</q></li>
<li class="message">[<a href="#T14:13:52" id="T14:13:52"><abbr title="2008-04-21T14:13:52+00:00">14:13:52</abbr></a>] &lt;<cite>sakoman</cite>&gt; <q>Yes, recipes for both.  No build issues with webkit or Midori </q></li>
<li class="quit">[<a href="#T14:13:58" id="T14:13:58"><abbr title="2008-04-21T14:13:58+00:00">14:13:58</abbr></a>] <span>* RogerMon1 (n=a0740758@nat/ti/x-3fdac811c5d5be36) Quit (Remote closed the connection)</span></li>
<li class="message">[<a href="#T14:14:15" id="T14:14:15"><abbr title="2008-04-21T14:14:15+00:00">14:14:15</abbr></a>] &lt;<cite>sakoman</cite>&gt; <q>Midori crashes on boot though - just began looking at that this am</q></li>
<li class="message">[<a href="#T14:14:45" id="T14:14:45"><abbr title="2008-04-21T14:14:45+00:00">14:14:45</abbr></a>] &lt;<cite>sakoman</cite>&gt; <q>I've had it running on PXA arm, so shouldn't be a major issue</q></li>
<li class="message">[<a href="#T14:16:16" id="T14:16:16"><abbr title="2008-04-21T14:16:16+00:00">14:16:16</abbr></a>] &lt;<cite>DJWillis</cite>&gt; <q>Ahh, well I have been hacking off your X OE image, for what I need it has been a massive timesaver so thanks (I also started to look at TSlib jitter for 3 touchscreens I have issues with inc. the EVM). I'll also try and finish of that U-Boot for you, got distracted trying to get it running on our board.</q></li>
<li class="message">[<a href="#T14:16:39" id="T14:16:39"><abbr title="2008-04-21T14:16:39+00:00">14:16:39</abbr></a>] &lt;<cite>sakoman</cite>&gt; <q>DJWillis:  I'm finding that the y-axis jitter on the EVM makes it almost impossible to actuially use the touchscren :-(</q></li>
<li class="message">[<a href="#T14:17:28" id="T14:17:28"><abbr title="2008-04-21T14:17:28+00:00">14:17:28</abbr></a>] &lt;<cite>sakoman</cite>&gt; <q>I have a revised kernel/rootfs if you are interested</q></li>
<li class="message">[<a href="#T14:18:04" id="T14:18:04"><abbr title="2008-04-21T14:18:04+00:00">14:18:04</abbr></a>] &lt;<cite>DJWillis</cite>&gt; <q>It's odd, I have y axis on the EVM and x on the other 2 problem screens. A revised kernel and rootfs would be great if your happy to share.</q></li>
<li class="message">[<a href="#T14:18:53" id="T14:18:53"><abbr title="2008-04-21T14:18:53+00:00">14:18:53</abbr></a>] &lt;<cite>DJWillis</cite>&gt; <q>I have also taken to working from TS libs SVN for all of that, I assume that is not a problem for anything your doing? Last update to SVN was 9 months ago and the feeling is that it is very solid.</q></li>
<li class="message">[<a href="#T14:20:09" id="T14:20:09"><abbr title="2008-04-21T14:20:09+00:00">14:20:09</abbr></a>] &lt;<cite>sakoman</cite>&gt; <q>So have you moved to OE?</q></li>
<li class="message">[<a href="#T14:21:39" id="T14:21:39"><abbr title="2008-04-21T14:21:39+00:00">14:21:39</abbr></a>] &lt;<cite>DJWillis</cite>&gt; <q>'kind of' ;-)</q></li>
<li class="message">[<a href="#T14:22:24" id="T14:22:24"><abbr title="2008-04-21T14:22:24+00:00">14:22:24</abbr></a>] &lt;<cite>DJWillis</cite>&gt; <q>Moving would be a better word, still hand building a lot and my old 'quick and dirty' shell scripts keep calling to me :D</q></li>
<li class="message">[<a href="#T14:23:19" id="T14:23:19"><abbr title="2008-04-21T14:23:19+00:00">14:23:19</abbr></a>] &lt;<cite>sakoman</cite>&gt; <q>I'll post the images &amp; recipes shortly</q></li>
<li class="message">[<a href="#T14:27:44" id="T14:27:44"><abbr title="2008-04-21T14:27:44+00:00">14:27:44</abbr></a>] &lt;<cite>DJWillis</cite>&gt; <q>Very kind of you (as usual) :)</q></li>
<li class="message">[<a href="#T14:31:06" id="T14:31:06"><abbr title="2008-04-21T14:31:06+00:00">14:31:06</abbr></a>] &lt;<cite>sakoman</cite>&gt; <q><a href="http://www.sakoman.net/omap3/">http://www.sakoman.net/omap3/</a></q></li>
<li class="message">[<a href="#T14:31:22" id="T14:31:22"><abbr title="2008-04-21T14:31:22+00:00">14:31:22</abbr></a>] &lt;<cite>sakoman</cite>&gt; <q>kernel recipe has been updated to 2.6.25</q></li>
<li class="message">[<a href="#T14:33:40" id="T14:33:40"><abbr title="2008-04-21T14:33:40+00:00">14:33:40</abbr></a>] &lt;<cite>DJWillis</cite>&gt; <q>Just grabbing it now, that's my homework sorted for today :D</q></li>
<li class="message">[<a href="#T14:36:57" id="T14:36:57"><abbr title="2008-04-21T14:36:57+00:00">14:36:57</abbr></a>] &lt;<cite>Crofton</cite>&gt; <q>sakoman, how far have you moved from .dev?</q></li>
<li class="message">[<a href="#T14:37:48" id="T14:37:48"><abbr title="2008-04-21T14:37:48+00:00">14:37:48</abbr></a>] &lt;<cite>sakoman</cite>&gt; <q>Crofton: not at all.  I pull update daily</q></li>
<li class="message">[<a href="#T14:37:54" id="T14:37:54"><abbr title="2008-04-21T14:37:54+00:00">14:37:54</abbr></a>] &lt;<cite>Crofton</cite>&gt; <q>ok</q></li>
<li class="message">[<a href="#T14:38:00" id="T14:38:00"><abbr title="2008-04-21T14:38:00+00:00">14:38:00</abbr></a>] &lt;<cite>sakoman</cite>&gt; <q>Well, when the server is up anyway :-)</q></li>
<li class="message">[<a href="#T14:38:09" id="T14:38:09"><abbr title="2008-04-21T14:38:09+00:00">14:38:09</abbr></a>] &lt;<cite>Crofton</cite>&gt; <q>let us know if you need anything pushed</q></li>
<li class="message">[<a href="#T14:38:13" id="T14:38:13"><abbr title="2008-04-21T14:38:13+00:00">14:38:13</abbr></a>] &lt;<cite>Crofton</cite>&gt; <q>servers</q></li>
<li class="message">[<a href="#T14:38:30" id="T14:38:30"><abbr title="2008-04-21T14:38:30+00:00">14:38:30</abbr></a>] &lt;<cite>Crofton</cite>&gt; <q>I think there is some round robin dns biz</q></li>
<li class="message">[<a href="#T14:38:34" id="T14:38:34"><abbr title="2008-04-21T14:38:34+00:00">14:38:34</abbr></a>] &lt;<cite>sakoman</cite>&gt; <q>I'm cranky this am because yesterday's pull/update broke dbus-native</q></li>
<li class="message">[<a href="#T14:38:42" id="T14:38:42"><abbr title="2008-04-21T14:38:42+00:00">14:38:42</abbr></a>] &lt;<cite>Crofton</cite>&gt; <q>heh</q></li>
<li class="message">[<a href="#T14:38:45" id="T14:38:45"><abbr title="2008-04-21T14:38:45+00:00">14:38:45</abbr></a>] &lt;<cite>sakoman</cite>&gt; <q>And I can't check to see if there is a fix :-(</q></li>
<li class="message">[<a href="#T14:39:11" id="T14:39:11"><abbr title="2008-04-21T14:39:11+00:00">14:39:11</abbr></a>] &lt;<cite>Crofton</cite>&gt; <q>the server situation needs fixing</q></li>
<li class="message">[<a href="#T14:39:37" id="T14:39:37"><abbr title="2008-04-21T14:39:37+00:00">14:39:37</abbr></a>] &lt;<cite>sakoman</cite>&gt; <q>Indeed.  On this project I'm trying to live on the bleeding edge of both kernel and .dev</q></li>
<li class="message">[<a href="#T14:39:51" id="T14:39:51"><abbr title="2008-04-21T14:39:51+00:00">14:39:51</abbr></a>] &lt;<cite>Crofton</cite>&gt; <q>mickeyl wants to get the eV set up b4 we start working out long term stuff</q></li>
<li class="message">[<a href="#T14:40:24" id="T14:40:24"><abbr title="2008-04-21T14:40:24+00:00">14:40:24</abbr></a>] &lt;<cite>Crofton</cite>&gt; <q>but, they have to go to Berlin to do some paperwork, and that can't happen until late May</q></li>
<li class="message">[<a href="#T14:40:27" id="T14:40:27"><abbr title="2008-04-21T14:40:27+00:00">14:40:27</abbr></a>] &lt;<cite>sakoman</cite>&gt; <q>Yeah, OE really needs good management of basic infrastructure if it wants to thrive</q></li>
<li class="message">[<a href="#T14:41:08" id="T14:41:08"><abbr title="2008-04-21T14:41:08+00:00">14:41:08</abbr></a>] &lt;<cite>Crofton</cite>&gt; <q>yeah</q></li>
<li class="message">[<a href="#T14:41:11" id="T14:41:11"><abbr title="2008-04-21T14:41:11+00:00">14:41:11</abbr></a>] &lt;<cite>Crofton</cite>&gt; <q>we know</q></li>
<li class="message">[<a href="#T14:42:00" id="T14:42:00"><abbr title="2008-04-21T14:42:00+00:00">14:42:00</abbr></a>] &lt;<cite>sakoman</cite>&gt; <q>Classic growing pains - I see it all over (clients included)</q></li>
<li class="message">[<a href="#T14:42:06" id="T14:42:06"><abbr title="2008-04-21T14:42:06+00:00">14:42:06</abbr></a>] &lt;<cite>Crofton</cite>&gt; <q>heh</q></li>
<li class="message">[<a href="#T14:42:07" id="T14:42:07"><abbr title="2008-04-21T14:42:07+00:00">14:42:07</abbr></a>] &lt;<cite>Crofton</cite>&gt; <q>yeah</q></li>
<li class="message">[<a href="#T14:42:32" id="T14:42:32"><abbr title="2008-04-21T14:42:32+00:00">14:42:32</abbr></a>] &lt;<cite>Crofton</cite>&gt; <q>mickeyl has a machine on a good connection</q></li>
<li class="message">[<a href="#T14:42:38" id="T14:42:38"><abbr title="2008-04-21T14:42:38+00:00">14:42:38</abbr></a>] &lt;<cite>sakoman</cite>&gt; <q>People find it hard to invest in that "boring" stuff  But it will kill you every time if you don't</q></li>
<li class="message">[<a href="#T14:42:58" id="T14:42:58"><abbr title="2008-04-21T14:42:58+00:00">14:42:58</abbr></a>] &lt;<cite>Crofton</cite>&gt; <q>yep</q></li>
<li class="quit">[<a href="#T15:38:58" id="T15:38:58"><abbr title="2008-04-21T15:38:58+00:00">15:38:58</abbr></a>] <span>* NishanthMenon (n=gnat@nat/ti/x-deb3437e51a19ac9) Quit ("Copywight 2007 Elmer Fudd. All wights wesewved.")</span></li>
<li class="message">[<a href="#T15:39:00" id="T15:39:00"><abbr title="2008-04-21T15:39:00+00:00">15:39:00</abbr></a>] &lt;<cite>sakoman</cite>&gt; <q>DJWillis:  just did a trial build of clutter -- no build issues</q></li>
<li class="message">[<a href="#T15:39:46" id="T15:39:46"><abbr title="2008-04-21T15:39:46+00:00">15:39:46</abbr></a>] &lt;<cite>sakoman</cite>&gt; <q>Are you aware of any test programs?  The build just generates the library</q></li>
<li class="join">[<a href="#T15:42:01" id="T15:42:01"><abbr title="2008-04-21T15:42:01+00:00">15:42:01</abbr></a>] <span>* NishanthMenon (n=Nishanth@nat/ti/x-7536b424075d165a) has joined #beagle</span></li>
<li class="quit">[<a href="#T15:42:42" id="T15:42:42"><abbr title="2008-04-21T15:42:42+00:00">15:42:42</abbr></a>] <span>* NishanthMenon (n=Nishanth@nat/ti/x-7536b424075d165a) Quit (Client Quit)</span></li>
<li class="join">[<a href="#T15:42:46" id="T15:42:46"><abbr title="2008-04-21T15:42:46+00:00">15:42:46</abbr></a>] <span>* NishanthMenon (n=Nishanth@nat/ti/x-fecc8e95bc5292ec) has joined #beagle</span></li>
<li class="quit">[<a href="#T15:43:17" id="T15:43:17"><abbr title="2008-04-21T15:43:17+00:00">15:43:17</abbr></a>] <span>* NishanthMenon (n=Nishanth@nat/ti/x-fecc8e95bc5292ec) Quit (Remote closed the connection)</span></li>
<li class="join">[<a href="#T15:43:33" id="T15:43:33"><abbr title="2008-04-21T15:43:33+00:00">15:43:33</abbr></a>] <span>* NishanthMenon (n=Nishanth@nat/ti/x-1329a2fcf03f913b) has joined #beagle</span></li>
<li class="quit">[<a href="#T15:45:56" id="T15:45:56"><abbr title="2008-04-21T15:45:56+00:00">15:45:56</abbr></a>] <span>* NishanthMenon (n=Nishanth@nat/ti/x-1329a2fcf03f913b) Quit (Client Quit)</span></li>
<li class="join">[<a href="#T15:46:22" id="T15:46:22"><abbr title="2008-04-21T15:46:22+00:00">15:46:22</abbr></a>] <span>* NishanthMenon (n=gnat@nat/ti/x-6300425dd8bb1bf5) has joined #beagle</span></li>
<li class="message">[<a href="#T15:49:56" id="T15:49:56"><abbr title="2008-04-21T15:49:56+00:00">15:49:56</abbr></a>] &lt;<cite>DJWillis</cite>&gt; <q>sakoman: not aware of anything that does not require the OpenGL ES drivers to also be present. Hmm, infact I don't think the Clutter webkit backend needs OGL. I'll have a look when I get home.</q></li>
<li class="message">[<a href="#T15:50:20" id="T15:50:20"><abbr title="2008-04-21T15:50:20+00:00">15:50:20</abbr></a>] &lt;<cite>DJWillis</cite>&gt; <q>Crofton: am I right in assuming openembedded.org is still down?</q></li>
<li class="message">[<a href="#T15:58:24" id="T15:58:24"><abbr title="2008-04-21T15:58:24+00:00">15:58:24</abbr></a>] &lt;<cite>sakoman</cite>&gt; <q>DJWillis: yes, openembedded.org seems to be suffereing from some dns issues</q></li>
<li class="message">[<a href="#T15:59:22" id="T15:59:22"><abbr title="2008-04-21T15:59:22+00:00">15:59:22</abbr></a>] &lt;<cite>sakoman</cite>&gt; <q>the clutter recipe causes mesa and libgl to be build as dependencies, so looks like the gl requirement is taken care of</q></li>
<li class="message">[<a href="#T15:59:58" id="T15:59:58"><abbr title="2008-04-21T15:59:58+00:00">15:59:58</abbr></a>] &lt;<cite>DJWillis</cite>&gt; <q>Yep, that would explain it, oh well, thanks to Google's cache I have proved I am as think as I feared ;-)</q></li>
<li class="message">[<a href="#T16:00:23" id="T16:00:23"><abbr title="2008-04-21T16:00:23+00:00">16:00:23</abbr></a>] &lt;<cite>DJWillis</cite>&gt; <q>Ahhh, in that case any of the clutter demos should build from there site.</q></li>
<li class="message">[<a href="#T16:06:35" id="T16:06:35"><abbr title="2008-04-21T16:06:35+00:00">16:06:35</abbr></a>] &lt;<cite>sakoman</cite>&gt; <q>DJWillis:  looks like the clutter recipe builds a bunch of test-xxxxx apps, but doesn't install them by default</q></li>
<li class="message">[<a href="#T16:18:17" id="T16:18:17"><abbr title="2008-04-21T16:18:17+00:00">16:18:17</abbr></a>] &lt;<cite>DJWillis</cite>&gt; <q>Ahhh, that's cool then, the recipe seems a lot better then rolling by hand :D</q></li>
<li class="message">[<a href="#T16:21:59" id="T16:21:59"><abbr title="2008-04-21T16:21:59+00:00">16:21:59</abbr></a>] &lt;<cite>Crofton</cite>&gt; <q>I think so, we are trying to sort things out</q></li>
<li class="join">[<a href="#T17:13:27" id="T17:13:27"><abbr title="2008-04-21T17:13:27+00:00">17:13:27</abbr></a>] <span>* BeagleLogBot (n=PircBot@ec2-67-202-7-39.z-1.compute-1.amazonaws.com) has joined #beagle</span></li>
<li class="topic">[<abbr title="2008-04-21T17:13:27+00:00">17:13:27</abbr>] <span>* Topic is 'the Beagle Board | <a href="http://beagleboard.org'">http://beagleboard.org'</a></span></li>
<li class="topic">[<abbr title="2008-04-21T17:13:27+00:00">17:13:27</abbr>] <span>* Set by jkridner on Thu Mar 06 14:26:54 CST 2008</span></li>
