<li class="nick-change">[<a href="#T00:00:20" id="T00:00:20"><abbr title="2008-11-15T00:00:20+00:00">00:00:20</abbr></a>] <span>* fulgas122 is now known as fulgas</span></li>
<li class="quit">[<a href="#T00:00:50" id="T00:00:50"><abbr title="2008-11-15T00:00:50+00:00">00:00:50</abbr></a>] <span>* FuL|OUT (n=fn@a83-132-158-61.cpe.netcabo.pt) Quit (Read error: 104 (Connection reset by peer))</span></li>
<li class="quit">[<a href="#T00:09:13" id="T00:09:13"><abbr title="2008-11-15T00:09:13+00:00">00:09:13</abbr></a>] <span>* jkridner|work (n=a0321898@nat/ti/x-b9789ede792622ce) Quit ("Leaving.")</span></li>
<li class="quit">[<a href="#T00:11:17" id="T00:11:17"><abbr title="2008-11-15T00:11:17+00:00">00:11:17</abbr></a>] <span>* valhalla (n=valhalla@81-174-21-31.dynamic.ngi.it) Quit ("Leaving")</span></li>
<li class="quit">[<a href="#T00:14:13" id="T00:14:13"><abbr title="2008-11-15T00:14:13+00:00">00:14:13</abbr></a>] <span>* flo_lap (n=fuchs@f049190155.adsl.alicedsl.de) Quit (Read error: 145 (Connection timed out))</span></li>
<li class="action">[<a href="#T00:25:38" id="T00:25:38"><abbr title="2008-11-15T00:25:38+00:00">00:25:38</abbr></a>] <span>* beewoolie was afk</span></li>
<li class="message">[<a href="#T00:26:03" id="T00:26:03"><abbr title="2008-11-15T00:26:03+00:00">00:26:03</abbr></a>] &lt;<cite>beewoolie</cite>&gt; <q>I thought that the codec wasn't the whole story.  I also need Userland support for handling the video.</q></li>
<li class="join">[<a href="#T00:29:41" id="T00:29:41"><abbr title="2008-11-15T00:29:41+00:00">00:29:41</abbr></a>] <span>* FuL|OUT (n=fn@a83-132-158-61.cpe.netcabo.pt) has joined #beagle</span></li>
<li class="quit">[<a href="#T00:30:36" id="T00:30:36"><abbr title="2008-11-15T00:30:36+00:00">00:30:36</abbr></a>] <span>* fulgas (n=fn@a83-132-158-61.cpe.netcabo.pt) Quit (Read error: 104 (Connection reset by peer))</span></li>
<li class="quit">[<a href="#T00:39:03" id="T00:39:03"><abbr title="2008-11-15T00:39:03+00:00">00:39:03</abbr></a>] <span>* rsalveti (n=salveti@92.103.134.122) Quit (Read error: 110 (Connection timed out))</span></li>
<li class="quit">[<a href="#T00:46:09" id="T00:46:09"><abbr title="2008-11-15T00:46:09+00:00">00:46:09</abbr></a>] <span>* guillaum1 (n=Guillaum@AMontsouris-153-1-22-195.w86-212.abo.wanadoo.fr) Quit ("Leaving.")</span></li>
<li class="join">[<a href="#T00:46:22" id="T00:46:22"><abbr title="2008-11-15T00:46:22+00:00">00:46:22</abbr></a>] <span>* guillaum1 (n=gl@AMontsouris-153-1-22-195.w86-212.abo.wanadoo.fr) has joined #beagle</span></li>
<li class="message">[<a href="#T00:47:27" id="T00:47:27"><abbr title="2008-11-15T00:47:27+00:00">00:47:27</abbr></a>] &lt;<cite>montamer</cite>&gt; <q>hi  ......... i donthave a dvi-d lcd at the moment; so i want to forward the beagleboard display to other linux pc and display on the monitor .......... is this possible? ...... i have tried xdm but no luck i just get blank screen. Has anyone tried this? or any ideas?</q></li>
<li class="message">[<a href="#T00:50:33" id="T00:50:33"><abbr title="2008-11-15T00:50:33+00:00">00:50:33</abbr></a>] &lt;<cite>geckosenator</cite>&gt; <q>its possible</q></li>
<li class="part">[<a href="#T00:50:36" id="T00:50:36"><abbr title="2008-11-15T00:50:36+00:00">00:50:36</abbr></a>] <span>* emeb (n=ericb@ip72-223-95-46.ph.ph.cox.net) has left #beagle</span></li>
<li class="message">[<a href="#T00:50:46" id="T00:50:46"><abbr title="2008-11-15T00:50:46+00:00">00:50:46</abbr></a>] &lt;<cite>geckosenator</cite>&gt; <q>did you try with x forwarding?</q></li>
<li class="message">[<a href="#T00:51:19" id="T00:51:19"><abbr title="2008-11-15T00:51:19+00:00">00:51:19</abbr></a>] &lt;<cite>calculus</cite>&gt; <q>vnc is another option</q></li>
<li class="message">[<a href="#T00:51:26" id="T00:51:26"><abbr title="2008-11-15T00:51:26+00:00">00:51:26</abbr></a>] &lt;<cite>beewoolie</cite>&gt; <q>montamer: it depends on what you are trying to do.</q></li>
<li class="message">[<a href="#T00:51:41" id="T00:51:41"><abbr title="2008-11-15T00:51:41+00:00">00:51:41</abbr></a>] &lt;<cite>beewoolie</cite>&gt; <q>You can run X programs on the beagle and display them elsewhere.  That's normal for X.</q></li>
<li class="message">[<a href="#T00:51:51" id="T00:51:51"><abbr title="2008-11-15T00:51:51+00:00">00:51:51</abbr></a>] &lt;<cite>geckosenator</cite>&gt; <q>montamer: you could nfs mount the framebuffer device</q></li>
<li class="message">[<a href="#T00:52:13" id="T00:52:13"><abbr title="2008-11-15T00:52:13+00:00">00:52:13</abbr></a>] &lt;<cite>beewoolie</cite>&gt; <q>You can run a whole session from another machine using NX.</q></li>
<li class="message">[<a href="#T00:52:38" id="T00:52:38"><abbr title="2008-11-15T00:52:38+00:00">00:52:38</abbr></a>] &lt;<cite>geckosenator</cite>&gt; <q>you can run the beagle board in qemu</q></li>
<li class="message">[<a href="#T00:52:45" id="T00:52:45"><abbr title="2008-11-15T00:52:45+00:00">00:52:45</abbr></a>] &lt;<cite>beewoolie</cite>&gt; <q>geckosenator's suggestion is intriguing.  It would be interesting to see what happens.</q></li>
<li class="message">[<a href="#T00:52:55" id="T00:52:55"><abbr title="2008-11-15T00:52:55+00:00">00:52:55</abbr></a>] &lt;<cite>geckosenator</cite>&gt; <q>the nfs one?</q></li>
<li class="message">[<a href="#T00:53:27" id="T00:53:27"><abbr title="2008-11-15T00:53:27+00:00">00:53:27</abbr></a>] &lt;<cite>geckosenator</cite>&gt; <q>you can even mmap over nfs</q></li>
<li class="message">[<a href="#T00:54:06" id="T00:54:06"><abbr title="2008-11-15T00:54:06+00:00">00:54:06</abbr></a>] &lt;<cite>geckosenator</cite>&gt; <q>which means you could write a simple application that takes the framebuffer device as argument, and displays it</q></li>
<li class="message">[<a href="#T00:54:24" id="T00:54:24"><abbr title="2008-11-15T00:54:24+00:00">00:54:24</abbr></a>] &lt;<cite>vlad_</cite>&gt; <q>Xvnc is probably the easiest</q></li>
<li class="message">[<a href="#T00:54:28" id="T00:54:28"><abbr title="2008-11-15T00:54:28+00:00">00:54:28</abbr></a>] &lt;<cite>geckosenator</cite>&gt; <q>say, an opengl program that does it, but run that remotely</q></li>
<li class="message">[<a href="#T00:54:37" id="T00:54:37"><abbr title="2008-11-15T00:54:37+00:00">00:54:37</abbr></a>] &lt;<cite>geckosenator</cite>&gt; <q>vlad_: yeah, but it requires x</q></li>
<li class="message">[<a href="#T00:55:28" id="T00:55:28"><abbr title="2008-11-15T00:55:28+00:00">00:55:28</abbr></a>] &lt;<cite>vlad_</cite>&gt; <q>geckosenator: not sure what you mean -- I assumed he was talking about X and not the tty display (given he mentioned xdm :)</q></li>
<li class="join">[<a href="#T00:58:08" id="T00:58:08"><abbr title="2008-11-15T00:58:08+00:00">00:58:08</abbr></a>] <span>* viridior (n=viridior@ip98-169-228-199.dc.dc.cox.net) has joined #beagle</span></li>
