<li class="join">[<a href="#T00:03:30" id="T00:03:30"><abbr title="2009-07-30T00:03:30+00:00">00:03:30</abbr></a>] <span>* jrmuizel (n=jrmuizel@CPE001f5be79d0f-CM0017ee62f8b0.cpe.net.cable.rogers.com) has joined #beagle</span></li>
<li class="join">[<a href="#T00:08:01" id="T00:08:01"><abbr title="2009-07-30T00:08:01+00:00">00:08:01</abbr></a>] <span>* brolin (n=brolin@200.24.16.100) has joined #beagle</span></li>
<li class="quit">[<a href="#T00:15:44" id="T00:15:44"><abbr title="2009-07-30T00:15:44+00:00">00:15:44</abbr></a>] <span>* greyback (n=greyback@ip-83-147-165-234.dub-3rk1.metro.digiweb.ie) Quit ()</span></li>
<li class="quit">[<a href="#T00:15:45" id="T00:15:45"><abbr title="2009-07-30T00:15:45+00:00">00:15:45</abbr></a>] <span>* virals (n=Viral_Sa@122.172.52.252) Quit (Read error: 104 (Connection reset by peer))</span></li>
<li class="join">[<a href="#T00:17:09" id="T00:17:09"><abbr title="2009-07-30T00:17:09+00:00">00:17:09</abbr></a>] <span>* virals (n=Viral_Sa@122.172.52.252) has joined #beagle</span></li>
<li class="quit">[<a href="#T00:24:32" id="T00:24:32"><abbr title="2009-07-30T00:24:32+00:00">00:24:32</abbr></a>] <span>* jrmuizel (n=jrmuizel@CPE001f5be79d0f-CM0017ee62f8b0.cpe.net.cable.rogers.com) Quit ()</span></li>
<li class="quit">[<a href="#T00:24:33" id="T00:24:33"><abbr title="2009-07-30T00:24:33+00:00">00:24:33</abbr></a>] <span>* virals (n=Viral_Sa@122.172.52.252) Quit (Read error: 104 (Connection reset by peer))</span></li>
<li class="join">[<a href="#T00:25:12" id="T00:25:12"><abbr title="2009-07-30T00:25:12+00:00">00:25:12</abbr></a>] <span>* virals (n=Viral_Sa@122.172.52.252) has joined #beagle</span></li>
<li class="quit">[<a href="#T00:26:25" id="T00:26:25"><abbr title="2009-07-30T00:26:25+00:00">00:26:25</abbr></a>] <span>* davidthings (n=chatzill@76.14.81.73) Quit (Read error: 104 (Connection reset by peer))</span></li>
<li class="join">[<a href="#T00:27:47" id="T00:27:47"><abbr title="2009-07-30T00:27:47+00:00">00:27:47</abbr></a>] <span>* davidm (n=David@nat/ti/x-hixlpvyidghhnlwz) has joined #beagle</span></li>
<li class="nick-change">[<a href="#T00:28:15" id="T00:28:15"><abbr title="2009-07-30T00:28:15+00:00">00:28:15</abbr></a>] <span>* davidm is now known as Guest30208</span></li>
<li class="join">[<a href="#T00:28:24" id="T00:28:24"><abbr title="2009-07-30T00:28:24+00:00">00:28:24</abbr></a>] <span>* jrmuizel (n=jrmuizel@CPE001f5be79d0f-CM0017ee62f8b0.cpe.net.cable.rogers.com) has joined #beagle</span></li>
<li class="quit">[<a href="#T00:31:00" id="T00:31:00"><abbr title="2009-07-30T00:31:00+00:00">00:31:00</abbr></a>] <span>* __alanc__ (n=a-campbe@nat/ti/x-nlklupdiseusevhq) Quit ()</span></li>
<li class="quit">[<a href="#T00:35:55" id="T00:35:55"><abbr title="2009-07-30T00:35:55+00:00">00:35:55</abbr></a>] <span>* virals (n=Viral_Sa@122.172.52.252) Quit (Read error: 54 (Connection reset by peer))</span></li>
<li class="join">[<a href="#T00:37:01" id="T00:37:01"><abbr title="2009-07-30T00:37:01+00:00">00:37:01</abbr></a>] <span>* virals (n=Viral_Sa@122.172.52.252) has joined #beagle</span></li>
<li class="join">[<a href="#T00:38:39" id="T00:38:39"><abbr title="2009-07-30T00:38:39+00:00">00:38:39</abbr></a>] <span>* rsalveti_ (n=rsalveti@200.184.118.130) has joined #beagle</span></li>
<li class="quit">[<a href="#T00:40:21" id="T00:40:21"><abbr title="2009-07-30T00:40:21+00:00">00:40:21</abbr></a>] <span>* jrmuizel (n=jrmuizel@CPE001f5be79d0f-CM0017ee62f8b0.cpe.net.cable.rogers.com) Quit ()</span></li>
<li class="quit">[<a href="#T00:43:03" id="T00:43:03"><abbr title="2009-07-30T00:43:03+00:00">00:43:03</abbr></a>] <span>* jjg (n=jjg@12.40.200.74) Quit (Client Quit)</span></li>
<li class="join">[<a href="#T00:45:24" id="T00:45:24"><abbr title="2009-07-30T00:45:24+00:00">00:45:24</abbr></a>] <span>* davidm (n=David@nat/ti/x-mrhoxjlnpvpsgaeu) has joined #beagle</span></li>
<li class="nick-change">[<a href="#T00:45:52" id="T00:45:52"><abbr title="2009-07-30T00:45:52+00:00">00:45:52</abbr></a>] <span>* davidm is now known as Guest84940</span></li>
<li class="quit">[<a href="#T00:47:18" id="T00:47:18"><abbr title="2009-07-30T00:47:18+00:00">00:47:18</abbr></a>] <span>* virals (n=Viral_Sa@122.172.52.252) Quit ("Leaving.")</span></li>
<li class="join">[<a href="#T00:51:30" id="T00:51:30"><abbr title="2009-07-30T00:51:30+00:00">00:51:30</abbr></a>] <span>* djlewis (n=bubba@75.15.65.232) has joined #beagle</span></li>
<li class="quit">[<a href="#T00:51:49" id="T00:51:49"><abbr title="2009-07-30T00:51:49+00:00">00:51:49</abbr></a>] <span>* Guest30208 (n=David@nat/ti/x-hixlpvyidghhnlwz) Quit (Remote closed the connection)</span></li>
<li class="join">[<a href="#T01:02:36" id="T01:02:36"><abbr title="2009-07-30T01:02:36+00:00">01:02:36</abbr></a>] <span>* brolin_ (n=brolin@200.24.16.55) has joined #beagle</span></li>
<li class="join">[<a href="#T01:05:26" id="T01:05:26"><abbr title="2009-07-30T01:05:26+00:00">01:05:26</abbr></a>] <span>* jrmuizel (n=jrmuizel@CPE001f5be79d0f-CM0017ee62f8b0.cpe.net.cable.rogers.com) has joined #beagle</span></li>
<li class="join">[<a href="#T01:06:14" id="T01:06:14"><abbr title="2009-07-30T01:06:14+00:00">01:06:14</abbr></a>] <span>* Batko_Marto (n=Batko_Ma@CPE001346f996d2-CM001e6b1a8d1e.cpe.net.cable.rogers.com) has joined #beagle</span></li>
<li class="quit">[<a href="#T01:06:36" id="T01:06:36"><abbr title="2009-07-30T01:06:36+00:00">01:06:36</abbr></a>] <span>* Batko_Marto (n=Batko_Ma@CPE001346f996d2-CM001e6b1a8d1e.cpe.net.cable.rogers.com) Quit (Client Quit)</span></li>
<li class="join">[<a href="#T01:06:48" id="T01:06:48"><abbr title="2009-07-30T01:06:48+00:00">01:06:48</abbr></a>] <span>* jsync (i=81bc211b@gateway/web/freenode/x-xxlvgmabdjumhgyx) has joined #beagle</span></li>
<li class="join">[<a href="#T01:06:50" id="T01:06:50"><abbr title="2009-07-30T01:06:50+00:00">01:06:50</abbr></a>] <span>* Batko_Marto (n=Batko_Ma@CPE001346f996d2-CM001e6b1a8d1e.cpe.net.cable.rogers.com) has joined #beagle</span></li>
<li class="join">[<a href="#T01:09:24" id="T01:09:24"><abbr title="2009-07-30T01:09:24+00:00">01:09:24</abbr></a>] <span>* littlecity (i=049a5fbf@gateway/web/freenode/x-wacbkwswxvgfphit) has joined #beagle</span></li>
<li class="quit">[<a href="#T01:12:03" id="T01:12:03"><abbr title="2009-07-30T01:12:03+00:00">01:12:03</abbr></a>] <span>* jsync (i=81bc211b@gateway/web/freenode/x-xxlvgmabdjumhgyx) Quit ("Page closed")</span></li>
<li class="quit">[<a href="#T01:13:58" id="T01:13:58"><abbr title="2009-07-30T01:13:58+00:00">01:13:58</abbr></a>] <span>* littlecity (i=049a5fbf@gateway/web/freenode/x-wacbkwswxvgfphit) Quit (Client Quit)</span></li>
<li class="quit">[<a href="#T01:14:27" id="T01:14:27"><abbr title="2009-07-30T01:14:27+00:00">01:14:27</abbr></a>] <span>* brolin (n=brolin@200.24.16.100) Quit (Read error: 113 (No route to host))</span></li>
<li class="message">[<a href="#T01:15:51" id="T01:15:51"><abbr title="2009-07-30T01:15:51+00:00">01:15:51</abbr></a>] &lt;<cite>djlewis</cite>&gt; <q>sakoman: booting 1st try</q></li>
<li class="message">[<a href="#T01:21:12" id="T01:21:12"><abbr title="2009-07-30T01:21:12+00:00">01:21:12</abbr></a>] &lt;<cite>djlewis</cite>&gt; <q>sakoman:  it boots normally into GUI, launch xterm, dmesg, no errors. Looks normal.</q></li>
<li class="message">[<a href="#T01:22:08" id="T01:22:08"><abbr title="2009-07-30T01:22:08+00:00">01:22:08</abbr></a>] &lt;<cite>djlewis</cite>&gt; <q>I setup the sdhc with the HP dv8k reader.</q></li>
<li class="message">[<a href="#T01:22:19" id="T01:22:19"><abbr title="2009-07-30T01:22:19+00:00">01:22:19</abbr></a>] &lt;<cite>djlewis</cite>&gt; <q>ds2: you copy?</q></li>
<li class="nick-change">[<a href="#T01:24:42" id="T01:24:42"><abbr title="2009-07-30T01:24:42+00:00">01:24:42</abbr></a>] <span>* brolin_ is now known as brolin</span></li>
<li class="quit">[<a href="#T01:36:35" id="T01:36:35"><abbr title="2009-07-30T01:36:35+00:00">01:36:35</abbr></a>] <span>* jrmuizel (n=jrmuizel@CPE001f5be79d0f-CM0017ee62f8b0.cpe.net.cable.rogers.com) Quit ()</span></li>
<li class="join">[<a href="#T01:49:14" id="T01:49:14"><abbr title="2009-07-30T01:49:14+00:00">01:49:14</abbr></a>] <span>* jeremychang (n=jeremych@61-30-10-70.static.tfn.net.tw) has joined #beagle</span></li>
<li class="join">[<a href="#T01:53:49" id="T01:53:49"><abbr title="2009-07-30T01:53:49+00:00">01:53:49</abbr></a>] <span>* khasim (n=a0393720@192.163.20.231) has joined #beagle</span></li>
<li class="message">[<a href="#T01:54:02" id="T01:54:02"><abbr title="2009-07-30T01:54:02+00:00">01:54:02</abbr></a>] &lt;<cite>sakoman</cite>&gt; <q>djlewis: that is good news - I think :-)</q></li>
<li class="message">[<a href="#T01:54:36" id="T01:54:36"><abbr title="2009-07-30T01:54:36+00:00">01:54:36</abbr></a>] &lt;<cite>sakoman</cite>&gt; <q>Though it doesn't really clear up the mystery of why other images don't work for you</q></li>
<li class="message">[<a href="#T01:55:30" id="T01:55:30"><abbr title="2009-07-30T01:55:30+00:00">01:55:30</abbr></a>] &lt;<cite>sakoman</cite>&gt; <q>You should play around with writing &amp; reading - maybe download big buck bunny &amp; then play the movie</q></li>
<li class="join">[<a href="#T01:55:36" id="T01:55:36"><abbr title="2009-07-30T01:55:36+00:00">01:55:36</abbr></a>] <span>* jrmuizel (n=jrmuizel@CPE001f5be79d0f-CM0017ee62f8b0.cpe.net.cable.rogers.com) has joined #beagle</span></li>
<li class="message">[<a href="#T01:57:05" id="T01:57:05"><abbr title="2009-07-30T01:57:05+00:00">01:57:05</abbr></a>] &lt;<cite>djlewis</cite>&gt; <q>sakoman:  two out of three boots good, setup static wlan0 on 2nd and had timeout on third boot.</q></li>
<li class="message">[<a href="#T01:57:13" id="T01:57:13"><abbr title="2009-07-30T01:57:13+00:00">01:57:13</abbr></a>] &lt;<cite>djlewis</cite>&gt; <q>same error.</q></li>
<li class="message">[<a href="#T01:57:30" id="T01:57:30"><abbr title="2009-07-30T01:57:30+00:00">01:57:30</abbr></a>] &lt;<cite>djlewis</cite>&gt; <q>just took three boots rather than 1 1st boot.</q></li>
<li class="message">[<a href="#T01:57:44" id="T01:57:44"><abbr title="2009-07-30T01:57:44+00:00">01:57:44</abbr></a>] &lt;<cite>djlewis</cite>&gt; <q>fourth boot good</q></li>
<li class="quit">[<a href="#T02:00:34" id="T02:00:34"><abbr title="2009-07-30T02:00:34+00:00">02:00:34</abbr></a>] <span>* jrmuizel (n=jrmuizel@CPE001f5be79d0f-CM0017ee62f8b0.cpe.net.cable.rogers.com) Quit ()</span></li>
<li class="message">[<a href="#T02:02:12" id="T02:02:12"><abbr title="2009-07-30T02:02:12+00:00">02:02:12</abbr></a>] &lt;<cite>sakoman</cite>&gt; <q>bummer.  I wonder what is different about that card</q></li>
<li class="message">[<a href="#T02:02:25" id="T02:02:25"><abbr title="2009-07-30T02:02:25+00:00">02:02:25</abbr></a>] &lt;<cite>djlewis</cite>&gt; <q>it was two cards</q></li>
<li class="message">[<a href="#T02:02:34" id="T02:02:34"><abbr title="2009-07-30T02:02:34+00:00">02:02:34</abbr></a>] &lt;<cite>djlewis</cite>&gt; <q>brand new</q></li>
<li class="message">[<a href="#T02:02:40" id="T02:02:40"><abbr title="2009-07-30T02:02:40+00:00">02:02:40</abbr></a>] &lt;<cite>sakoman</cite>&gt; <q>same type of card?</q></li>
<li class="message">[<a href="#T02:03:00" id="T02:03:00"><abbr title="2009-07-30T02:03:00+00:00">02:03:00</abbr></a>] &lt;<cite>djlewis</cite>&gt; <q>I use all Transcend sdhc class 6 identical markings</q></li>
<li class="message">[<a href="#T02:03:07" id="T02:03:07"><abbr title="2009-07-30T02:03:07+00:00">02:03:07</abbr></a>] &lt;<cite>sakoman</cite>&gt; <q>need to leave for about an hour - back later</q></li>
<li class="message">[<a href="#T02:03:18" id="T02:03:18"><abbr title="2009-07-30T02:03:18+00:00">02:03:18</abbr></a>] &lt;<cite>djlewis</cite>&gt; <q>enjoy...</q></li>
<li class="message">[<a href="#T02:03:25" id="T02:03:25"><abbr title="2009-07-30T02:03:25+00:00">02:03:25</abbr></a>] &lt;<cite>sakoman</cite>&gt; <q>hmm - that is the same type I am using right now (8GB microSD)</q></li>
<li class="message">[<a href="#T02:03:37" id="T02:03:37"><abbr title="2009-07-30T02:03:37+00:00">02:03:37</abbr></a>] &lt;<cite>djlewis</cite>&gt; <q>I use full size</q></li>
<li class="message">[<a href="#T02:03:40" id="T02:03:40"><abbr title="2009-07-30T02:03:40+00:00">02:03:40</abbr></a>] &lt;<cite>sakoman</cite>&gt; <q>later . . .</q></li>
<li class="quit">[<a href="#T02:05:55" id="T02:05:55"><abbr title="2009-07-30T02:05:55+00:00">02:05:55</abbr></a>] <span>* robclark (n=robclark@nat/ti/x-ixswezjfwloznpfi) Quit ()</span></li>
<li class="join">[<a href="#T02:06:08" id="T02:06:08"><abbr title="2009-07-30T02:06:08+00:00">02:06:08</abbr></a>] <span>* robclark (n=robclark@nat/ti/x-ijfdotyiwjbsfcho) has joined #beagle</span></li>
<li class="message">[<a href="#T02:06:18" id="T02:06:18"><abbr title="2009-07-30T02:06:18+00:00">02:06:18</abbr></a>] &lt;<cite>muriani</cite>&gt; <q>I'm about to get a class 6 for my phone</q></li>
<li class="message">[<a href="#T02:06:40" id="T02:06:40"><abbr title="2009-07-30T02:06:40+00:00">02:06:40</abbr></a>] &lt;<cite>djlewis</cite>&gt; <q>should be fine if your phone supports it</q></li>
<li class="message">[<a href="#T02:07:09" id="T02:07:09"><abbr title="2009-07-30T02:07:09+00:00">02:07:09</abbr></a>] &lt;<cite>muriani</cite>&gt; <q>it does</q></li>
<li class="message">[<a href="#T02:07:21" id="T02:07:21"><abbr title="2009-07-30T02:07:21+00:00">02:07:21</abbr></a>] &lt;<cite>muriani</cite>&gt; <q>it's recommended for the backported HTC Hero roms</q></li>
<li class="join">[<a href="#T02:07:35" id="T02:07:35"><abbr title="2009-07-30T02:07:35+00:00">02:07:35</abbr></a>] <span>* jrmuizel (n=jrmuizel@CPE001f5be79d0f-CM0017ee62f8b0.cpe.net.cable.rogers.com) has joined #beagle</span></li>
<li class="message">[<a href="#T02:07:44" id="T02:07:44"><abbr title="2009-07-30T02:07:44+00:00">02:07:44</abbr></a>] &lt;<cite>muriani</cite>&gt; <q>primarily due to swap requirements... the G1 doesn't really have enough ram for it</q></li>
<li class="message">[<a href="#T02:07:59" id="T02:07:59"><abbr title="2009-07-30T02:07:59+00:00">02:07:59</abbr></a>] &lt;<cite>djlewis</cite>&gt; <q>I am not familiar with the technology</q></li>
<li class="message">[<a href="#T02:08:28" id="T02:08:28"><abbr title="2009-07-30T02:08:28+00:00">02:08:28</abbr></a>] &lt;<cite>ds2</cite>&gt; <q>djlewis: I am suspecting your BB</q></li>
<li class="message">[<a href="#T02:08:40" id="T02:08:40"><abbr title="2009-07-30T02:08:40+00:00">02:08:40</abbr></a>] &lt;<cite>djlewis</cite>&gt; <q>me too</q></li>
<li class="message">[<a href="#T02:08:51" id="T02:08:51"><abbr title="2009-07-30T02:08:51+00:00">02:08:51</abbr></a>] &lt;<cite>muriani</cite>&gt; <q>HTC phones. They\re using qualcomm, think they just started building snapdragon-based phones</q></li>
<li class="message">[<a href="#T02:09:20" id="T02:09:20"><abbr title="2009-07-30T02:09:20+00:00">02:09:20</abbr></a>] &lt;<cite>muriani</cite>&gt; <q>the G1 was the first Android phone.</q></li>
<li class="message">[<a href="#T02:09:37" id="T02:09:37"><abbr title="2009-07-30T02:09:37+00:00">02:09:37</abbr></a>] &lt;<cite>muriani</cite>&gt; <q>that may make it a little more familiar :p</q></li>
<li class="message">[<a href="#T02:09:40" id="T02:09:40"><abbr title="2009-07-30T02:09:40+00:00">02:09:40</abbr></a>] &lt;<cite>djlewis</cite>&gt; <q>ds2: might be one of those problems Gerald can't duplicate.. </q></li>
<li class="message">[<a href="#T02:09:56" id="T02:09:56"><abbr title="2009-07-30T02:09:56+00:00">02:09:56</abbr></a>] &lt;<cite>ds2</cite>&gt; <q>djlewis: might be a bad voltage regulator on the 4030</q></li>
<li class="message">[<a href="#T02:10:18" id="T02:10:18"><abbr title="2009-07-30T02:10:18+00:00">02:10:18</abbr></a>] &lt;<cite>djlewis</cite>&gt; <q>I see them around probably but cell phones don't catch my eye.</q></li>
<li class="message">[<a href="#T02:10:53" id="T02:10:53"><abbr title="2009-07-30T02:10:53+00:00">02:10:53</abbr></a>] &lt;<cite>djlewis</cite>&gt; <q>ds2: I have stayed within the allowed parameters for input voltage.</q></li>
<li class="message">[<a href="#T02:11:15" id="T02:11:15"><abbr title="2009-07-30T02:11:15+00:00">02:11:15</abbr></a>] &lt;<cite>ds2</cite>&gt; <q>djlewis: not saying you had anything to do with it being bad</q></li>
<li class="quit">[<a href="#T02:11:23" id="T02:11:23"><abbr title="2009-07-30T02:11:23+00:00">02:11:23</abbr></a>] <span>* khasim (n=a0393720@192.163.20.231) Quit (Remote closed the connection)</span></li>
<li class="message">[<a href="#T02:11:27" id="T02:11:27"><abbr title="2009-07-30T02:11:27+00:00">02:11:27</abbr></a>] &lt;<cite>djlewis</cite>&gt; <q>Back to using my first USB hub power today.</q></li>
<li class="message">[<a href="#T02:12:08" id="T02:12:08"><abbr title="2009-07-30T02:12:08+00:00">02:12:08</abbr></a>] &lt;<cite>djlewis</cite>&gt; <q>I know, I was just saying it out loud. thinking really.</q></li>
<li class="message">[<a href="#T02:12:47" id="T02:12:47"><abbr title="2009-07-30T02:12:47+00:00">02:12:47</abbr></a>] &lt;<cite>ds2</cite>&gt; <q>djlewis: how big are the images?</q></li>
<li class="message">[<a href="#T02:13:09" id="T02:13:09"><abbr title="2009-07-30T02:13:09+00:00">02:13:09</abbr></a>] &lt;<cite>djlewis</cite>&gt; <q>/dev/mmcblk0p2            3.6G      1.4G      2.1G  40% /media/mmcblk0p2</q></li>
<li class="message">[<abbr title="2009-07-30T02:13:09+00:00">02:13:09</abbr>] &lt;<cite>djlewis</cite>&gt; <q>/dev/mmcblk0p1          108.1M      2.8M    105.3M   3% /media/mmcblk0p1</q></li>
<li class="message">[<a href="#T02:13:23" id="T02:13:23"><abbr title="2009-07-30T02:13:23+00:00">02:13:23</abbr></a>] &lt;<cite>ds2</cite>&gt; <q>DOH</q></li>
<li class="message">[<a href="#T02:13:26" id="T02:13:26"><abbr title="2009-07-30T02:13:26+00:00">02:13:26</abbr></a>] &lt;<cite>djlewis</cite>&gt; <q>from df -h</q></li>
<li class="quit">[<a href="#T02:13:35" id="T02:13:35"><abbr title="2009-07-30T02:13:35+00:00">02:13:35</abbr></a>] <span>* pfoetchen (n=pfoetche@dslb-188-098-014-196.pools.arcor-ip.net) Quit ("leaving")</span></li>
<li class="message">[<a href="#T02:13:47" id="T02:13:47"><abbr title="2009-07-30T02:13:47+00:00">02:13:47</abbr></a>] &lt;<cite>ds2</cite>&gt; <q>if you could squeeze it down to less then 512M, then there are other tests you can try</q></li>
<li class="join">[<a href="#T02:13:54" id="T02:13:54"><abbr title="2009-07-30T02:13:54+00:00">02:13:54</abbr></a>] <span>* __av500__ (n=av500@p50996ded.dip0.t-ipconnect.de) has joined #beagle</span></li>
<li class="message">[<a href="#T02:14:06" id="T02:14:06"><abbr title="2009-07-30T02:14:06+00:00">02:14:06</abbr></a>] &lt;<cite>djlewis</cite>&gt; <q>gnome is the biggest and what I am testing with per sakoman's suggestion.</q></li>
<li class="message">[<a href="#T02:14:22" id="T02:14:22"><abbr title="2009-07-30T02:14:22+00:00">02:14:22</abbr></a>] &lt;<cite>djlewis</cite>&gt; <q>The console images usually boot first time just fine.</q></li>
<li class="message">[<a href="#T02:14:39" id="T02:14:39"><abbr title="2009-07-30T02:14:39+00:00">02:14:39</abbr></a>] &lt;<cite>djlewis</cite>&gt; <q>they are around 120MB</q></li>
<li class="message">[<a href="#T02:18:03" id="T02:18:03"><abbr title="2009-07-30T02:18:03+00:00">02:18:03</abbr></a>] &lt;<cite>djlewis</cite>&gt; <q>ds2: I have it running my webcam now</q></li>
<li class="message">[<a href="#T02:19:27" id="T02:19:27"><abbr title="2009-07-30T02:19:27+00:00">02:19:27</abbr></a>] &lt;<cite>ds2</cite>&gt; <q>djlewis;????????: what driver? gspca or uvc?</q></li>
<li class="message">[<a href="#T02:19:30" id="T02:19:30"><abbr title="2009-07-30T02:19:30+00:00">02:19:30</abbr></a>] &lt;<cite>ds2</cite>&gt; <q>blah</q></li>
<li class="message">[<a href="#T02:20:29" id="T02:20:29"><abbr title="2009-07-30T02:20:29+00:00">02:20:29</abbr></a>] &lt;<cite>djlewis</cite>&gt; <q>gspca, zc3xx </q></li>
<li class="message">[<a href="#T02:20:54" id="T02:20:54"><abbr title="2009-07-30T02:20:54+00:00">02:20:54</abbr></a>] &lt;<cite>ds2</cite>&gt; <q>which port? EHCI or MUSB?</q></li>
<li class="message">[<a href="#T02:21:24" id="T02:21:24"><abbr title="2009-07-30T02:21:24+00:00">02:21:24</abbr></a>] &lt;<cite>djlewis</cite>&gt; <q>EHCI on powered hub sharing with MS trackball and wifi</q></li>
<li class="message">[<a href="#T02:21:32" id="T02:21:32"><abbr title="2009-07-30T02:21:32+00:00">02:21:32</abbr></a>] &lt;<cite>ds2</cite>&gt; <q>ohh</q></li>
<li class="message">[<a href="#T02:21:47" id="T02:21:47"><abbr title="2009-07-30T02:21:47+00:00">02:21:47</abbr></a>] &lt;<cite>ds2</cite>&gt; <q>thought you got it going on MUSB</q></li>
<li class="message">[<a href="#T02:22:12" id="T02:22:12"><abbr title="2009-07-30T02:22:12+00:00">02:22:12</abbr></a>] &lt;<cite>djlewis</cite>&gt; <q>? </q></li>
<li class="message">[<a href="#T02:22:54" id="T02:22:54"><abbr title="2009-07-30T02:22:54+00:00">02:22:54</abbr></a>] &lt;<cite>djlewis</cite>&gt; <q>I dont understand MUSB</q></li>
<li class="message">[<a href="#T02:23:04" id="T02:23:04"><abbr title="2009-07-30T02:23:04+00:00">02:23:04</abbr></a>] &lt;<cite>djlewis</cite>&gt; <q>OTG?</q></li>
<li class="quit">[<a href="#T02:25:03" id="T02:25:03"><abbr title="2009-07-30T02:25:03+00:00">02:25:03</abbr></a>] <span>* rsalveti_ (n=rsalveti@200.184.118.130) Quit (Read error: 113 (No route to host))</span></li>
<li class="message">[<a href="#T02:25:48" id="T02:25:48"><abbr title="2009-07-30T02:25:48+00:00">02:25:48</abbr></a>] &lt;<cite>djlewis</cite>&gt; <q>logged into gui and got the freeze.</q></li>
<li class="message">[<a href="#T02:25:55" id="T02:25:55"><abbr title="2009-07-30T02:25:55+00:00">02:25:55</abbr></a>] &lt;<cite>djlewis</cite>&gt; <q>mmcblk0: error -110 transferring data, sector 3653358, nr 944, card status 0xc00</q></li>
<li class="message">[<a href="#T02:26:14" id="T02:26:14"><abbr title="2009-07-30T02:26:14+00:00">02:26:14</abbr></a>] &lt;<cite>ds2</cite>&gt; <q>yeah, OTG</q></li>
<li class="message">[<a href="#T02:26:22" id="T02:26:22"><abbr title="2009-07-30T02:26:22+00:00">02:26:22</abbr></a>] &lt;<cite>ds2</cite>&gt; <q>MUSB is the block on the OTG port</q></li>
<li class="quit">[<a href="#T02:27:11" id="T02:27:11"><abbr title="2009-07-30T02:27:11+00:00">02:27:11</abbr></a>] <span>* razh (n=hsi@2001:16d8:ff1a:0:216:3eff:fe64:feb3) Quit (Remote closed the connection)</span></li>
<li class="join">[<a href="#T02:27:13" id="T02:27:13"><abbr title="2009-07-30T02:27:13+00:00">02:27:13</abbr></a>] <span>* razh (n=hsi@2001:16d8:ff1a:0:216:3eff:fe64:feb3) has joined #beagle</span></li>
<li class="quit">[<a href="#T02:29:51" id="T02:29:51"><abbr title="2009-07-30T02:29:51+00:00">02:29:51</abbr></a>] <span>* BThompson (n=Bernie_T@cpe-66-25-52-232.tx.res.rr.com) Quit (Read error: 104 (Connection reset by peer))</span></li>
<li class="message">[<a href="#T02:39:15" id="T02:39:15"><abbr title="2009-07-30T02:39:15+00:00">02:39:15</abbr></a>] &lt;<cite>djlewis</cite>&gt; <q>ds2: do we get a warranty with BB's?</q></li>
<li class="message">[<a href="#T02:41:38" id="T02:41:38"><abbr title="2009-07-30T02:41:38+00:00">02:41:38</abbr></a>] &lt;<cite>djlewis</cite>&gt; <q>found it, 90 days.</q></li>
<li class="quit">[<a href="#T02:45:21" id="T02:45:21"><abbr title="2009-07-30T02:45:21+00:00">02:45:21</abbr></a>] <span>* Guest84940 (n=David@nat/ti/x-mrhoxjlnpvpsgaeu) Quit (Remote closed the connection)</span></li>
<li class="message">[<a href="#T02:45:25" id="T02:45:25"><abbr title="2009-07-30T02:45:25+00:00">02:45:25</abbr></a>] &lt;<cite>ds2</cite>&gt; <q>djlewis: post on the list or explain the RMA request. They been pretty reasonable with it</q></li>
<li class="message">[<a href="#T02:46:05" id="T02:46:05"><abbr title="2009-07-30T02:46:05+00:00">02:46:05</abbr></a>] &lt;<cite>ds2</cite>&gt; <q>djlewis: I use transcend C6 full sized cards all the time and have had 0 issues</q></li>
<li class="message">[<a href="#T02:47:13" id="T02:47:13"><abbr title="2009-07-30T02:47:13+00:00">02:47:13</abbr></a>] &lt;<cite>djlewis</cite>&gt; <q>hmmm Richardson Tx, I'd amost drive there ;)</q></li>
<li class="message">[<a href="#T02:47:23" id="T02:47:23"><abbr title="2009-07-30T02:47:23+00:00">02:47:23</abbr></a>] &lt;<cite>ds2</cite>&gt; <q>heh</q></li>
<li class="message">[<a href="#T02:47:26" id="T02:47:26"><abbr title="2009-07-30T02:47:26+00:00">02:47:26</abbr></a>] &lt;<cite>djlewis</cite>&gt; <q>bout 5.5 hour drive.</q></li>
<li class="message">[<a href="#T02:47:36" id="T02:47:36"><abbr title="2009-07-30T02:47:36+00:00">02:47:36</abbr></a>] &lt;<cite>djlewis</cite>&gt; <q>the BB hospital</q></li>
<li class="message">[<a href="#T02:47:48" id="T02:47:48"><abbr title="2009-07-30T02:47:48+00:00">02:47:48</abbr></a>] &lt;<cite>ds2</cite>&gt; <q>most likely you'd get stopped by security </q></li>
<li class="message">[<a href="#T02:48:04" id="T02:48:04"><abbr title="2009-07-30T02:48:04+00:00">02:48:04</abbr></a>] &lt;<cite>djlewis</cite>&gt; <q>or the state police.</q></li>
<li class="join">[<a href="#T02:48:20" id="T02:48:20"><abbr title="2009-07-30T02:48:20+00:00">02:48:20</abbr></a>] <span>* ThomasEgi_ (n=thomas@p4FF64106.dip.t-dialin.net) has joined #beagle</span></li>
<li class="quit">[<a href="#T02:48:32" id="T02:48:32"><abbr title="2009-07-30T02:48:32+00:00">02:48:32</abbr></a>] <span>* ThomasEgi (n=thomas@p4FF64719.dip.t-dialin.net) Quit (Nick collision from services.)</span></li>
<li class="nick-change">[<a href="#T02:48:38" id="T02:48:38"><abbr title="2009-07-30T02:48:38+00:00">02:48:38</abbr></a>] <span>* ThomasEgi_ is now known as ThomasEgi</span></li>
<li class="quit">[<a href="#T02:50:10" id="T02:50:10"><abbr title="2009-07-30T02:50:10+00:00">02:50:10</abbr></a>] <span>* javaJake (n=javaJake@unaffiliated/javajake) Quit ("night")</span></li>
<li class="join">[<a href="#T02:51:21" id="T02:51:21"><abbr title="2009-07-30T02:51:21+00:00">02:51:21</abbr></a>] <span>* vijay (n=vijay@203.199.213.3) has joined #beagle</span></li>
<li class="quit">[<a href="#T02:52:22" id="T02:52:22"><abbr title="2009-07-30T02:52:22+00:00">02:52:22</abbr></a>] <span>* ThomasEgi (n=thomas@p4FF64106.dip.t-dialin.net) Quit (Remote closed the connection)</span></li>
<li class="join">[<a href="#T02:53:37" id="T02:53:37"><abbr title="2009-07-30T02:53:37+00:00">02:53:37</abbr></a>] <span>* haylay (i=62ca1005@gateway/web/freenode/x-implanmxwqmqwdvp) has joined #beagle</span></li>
<li class="join">[<a href="#T02:53:58" id="T02:53:58"><abbr title="2009-07-30T02:53:58+00:00">02:53:58</abbr></a>] <span>* raster (n=raster@enlightenment/developer/raster) has joined #beagle</span></li>
<li class="message">[<a href="#T02:59:14" id="T02:59:14"><abbr title="2009-07-30T02:59:14+00:00">02:59:14</abbr></a>] &lt;<cite>djlewis</cite>&gt; <q>Using an working sdhc I have webcam and shoutcast streaming going on.</q></li>
<li class="join">[<a href="#T03:00:53" id="T03:00:53"><abbr title="2009-07-30T03:00:53+00:00">03:00:53</abbr></a>] <span>* cody__ (n=cody@dslb-084-056-112-224.pools.arcor-ip.net) has joined #beagle</span></li>
<li class="join">[<a href="#T03:00:57" id="T03:00:57"><abbr title="2009-07-30T03:00:57+00:00">03:00:57</abbr></a>] <span>* rsalveti_ (n=rsalveti@189.70.7.235) has joined #beagle</span></li>
<li class="quit">[<a href="#T03:03:24" id="T03:03:24"><abbr title="2009-07-30T03:03:24+00:00">03:03:24</abbr></a>] <span>* brolin (n=brolin@200.24.16.55) Quit ("leaving")</span></li>
<li class="join">[<a href="#T03:18:35" id="T03:18:35"><abbr title="2009-07-30T03:18:35+00:00">03:18:35</abbr></a>] <span>* viridis (n=viridis@ip98-169-152-164.dc.dc.cox.net) has joined #beagle</span></li>
<li class="nick-change">[<a href="#T03:19:13" id="T03:19:13"><abbr title="2009-07-30T03:19:13+00:00">03:19:13</abbr></a>] <span>* viridis is now known as viridior</span></li>
<li class="quit">[<a href="#T03:19:56" id="T03:19:56"><abbr title="2009-07-30T03:19:56+00:00">03:19:56</abbr></a>] <span>* haylay (i=62ca1005@gateway/web/freenode/x-implanmxwqmqwdvp) Quit (Ping timeout: 180 seconds)</span></li>
<li class="quit">[<a href="#T03:20:53" id="T03:20:53"><abbr title="2009-07-30T03:20:53+00:00">03:20:53</abbr></a>] <span>* cody____ (n=cody@dslb-084-056-069-148.pools.arcor-ip.net) Quit (Read error: 110 (Connection timed out))</span></li>
<li class="join">[<a href="#T03:22:27" id="T03:22:27"><abbr title="2009-07-30T03:22:27+00:00">03:22:27</abbr></a>] <span>* khasim (n=a0393720@192.163.20.231) has joined #beagle</span></li>
<li class="message">[<a href="#T03:30:11" id="T03:30:11"><abbr title="2009-07-30T03:30:11+00:00">03:30:11</abbr></a>] &lt;<cite>djlewis</cite>&gt; <q>ds2: I cant see it being the BB when the older images work reliably. </q></li>
<li class="message">[<a href="#T03:30:56" id="T03:30:56"><abbr title="2009-07-30T03:30:56+00:00">03:30:56</abbr></a>] &lt;<cite>djlewis</cite>&gt; <q>meaning SD cards made previous to last weekend.</q></li>
<li class="message">[<a href="#T03:32:10" id="T03:32:10"><abbr title="2009-07-30T03:32:10+00:00">03:32:10</abbr></a>] &lt;<cite>djlewis</cite>&gt; <q>Is is possible this HP DV8k laptop reader has mucked with the SD's factory settings?</q></li>
<li class="message">[<a href="#T03:32:24" id="T03:32:24"><abbr title="2009-07-30T03:32:24+00:00">03:32:24</abbr></a>] &lt;<cite>djlewis</cite>&gt; <q>Only cards that dont work were touched by the HP.</q></li>
<li class="message">[<a href="#T03:33:06" id="T03:33:06"><abbr title="2009-07-30T03:33:06+00:00">03:33:06</abbr></a>] &lt;<cite>djlewis</cite>&gt; <q>And nothing I could do with the Transcend reader would change it back.</q></li>
<li class="quit">[<a href="#T03:39:25" id="T03:39:25"><abbr title="2009-07-30T03:39:25+00:00">03:39:25</abbr></a>] <span>* robclark (n=robclark@nat/ti/x-ijfdotyiwjbsfcho) Quit ()</span></li>
<li class="join">[<a href="#T03:40:21" id="T03:40:21"><abbr title="2009-07-30T03:40:21+00:00">03:40:21</abbr></a>] <span>* RobertBerger (n=RobertBe@ppp079166206217.dsl.hol.gr) has joined #beagle</span></li>
<li class="join">[<a href="#T03:41:25" id="T03:41:25"><abbr title="2009-07-30T03:41:25+00:00">03:41:25</abbr></a>] <span>* RobertBerger1 (n=RobertBe@ppp079166235036.dsl.hol.gr) has joined #beagle</span></li>
<li class="quit">[<abbr title="2009-07-30T03:41:25+00:00">03:41:25</abbr>] <span>* vlad (n=asdf@69-12-240-128.dsl.static.sonic.net) Quit (Read error: 104 (Connection reset by peer))</span></li>
<li class="join">[<a href="#T03:41:47" id="T03:41:47"><abbr title="2009-07-30T03:41:47+00:00">03:41:47</abbr></a>] <span>* vlad (n=asdf@69-12-240-128.dsl.static.sonic.net) has joined #beagle</span></li>
<li class="join">[<a href="#T03:53:00" id="T03:53:00"><abbr title="2009-07-30T03:53:00+00:00">03:53:00</abbr></a>] <span>* Cheese (i=62ca1005@gateway/web/freenode/x-akijvrbytqgbkazv) has joined #beagle</span></li>
<li class="quit">[<a href="#T03:53:27" id="T03:53:27"><abbr title="2009-07-30T03:53:27+00:00">03:53:27</abbr></a>] <span>* RobertBerger1 (n=RobertBe@ppp079166235036.dsl.hol.gr) Quit ("Leaving.")</span></li>
<li class="quit">[<a href="#T03:57:42" id="T03:57:42"><abbr title="2009-07-30T03:57:42+00:00">03:57:42</abbr></a>] <span>* khasim (n=a0393720@192.163.20.231) Quit (Remote closed the connection)</span></li>
<li class="quit">[<a href="#T04:00:34" id="T04:00:34"><abbr title="2009-07-30T04:00:34+00:00">04:00:34</abbr></a>] <span>* RobertBerger (n=RobertBe@ppp079166206217.dsl.hol.gr) Quit (Read error: 110 (Connection timed out))</span></li>
<li class="join">[<a href="#T04:08:28" id="T04:08:28"><abbr title="2009-07-30T04:08:28+00:00">04:08:28</abbr></a>] <span>* JoeSchmo (n=jciccone@pool-72-76-241-154.nwrknj.fios.verizon.net) has joined #beagle</span></li>
<li class="message">[<a href="#T04:10:50" id="T04:10:50"><abbr title="2009-07-30T04:10:50+00:00">04:10:50</abbr></a>] &lt;<cite>Cheese</cite>&gt; <q>hi</q></li>
<li class="quit">[<a href="#T04:13:51" id="T04:13:51"><abbr title="2009-07-30T04:13:51+00:00">04:13:51</abbr></a>] <span>* Cheese (i=62ca1005@gateway/web/freenode/x-akijvrbytqgbkazv) Quit (Ping timeout: 180 seconds)</span></li>
<li class="quit">[<a href="#T04:15:25" id="T04:15:25"><abbr title="2009-07-30T04:15:25+00:00">04:15:25</abbr></a>] <span>* jrmuizel (n=jrmuizel@CPE001f5be79d0f-CM0017ee62f8b0.cpe.net.cable.rogers.com) Quit ()</span></li>
<li class="message">[<a href="#T04:23:31" id="T04:23:31"><abbr title="2009-07-30T04:23:31+00:00">04:23:31</abbr></a>] &lt;<cite>djlewis</cite>&gt; <q>good night all...</q></li>
<li class="quit">[<a href="#T04:25:52" id="T04:25:52"><abbr title="2009-07-30T04:25:52+00:00">04:25:52</abbr></a>] <span>* djlewis (n=bubba@75.15.65.232) Quit ("Leaving.")</span></li>
<li class="join">[<a href="#T04:29:52" id="T04:29:52"><abbr title="2009-07-30T04:29:52+00:00">04:29:52</abbr></a>] <span>* davidm (n=David@nat/ti/x-ykbanxhnubtdglnc) has joined #beagle</span></li>
<li class="nick-change">[<a href="#T04:30:20" id="T04:30:20"><abbr title="2009-07-30T04:30:20+00:00">04:30:20</abbr></a>] <span>* davidm is now known as Guest79477</span></li>
<li class="join">[<a href="#T04:33:57" id="T04:33:57"><abbr title="2009-07-30T04:33:57+00:00">04:33:57</abbr></a>] <span>* _martin__ (i=48194542@gateway/web/freenode/x-xppafohlxlelxkfy) has joined #beagle</span></li>
<li class="message">[<a href="#T04:35:17" id="T04:35:17"><abbr title="2009-07-30T04:35:17+00:00">04:35:17</abbr></a>] &lt;<cite>_martin__</cite>&gt; <q>Hi! I'm looking around and can not seem to find what the highest sampling rate and number of bits the beagleboard supports through the audio-in connector. Does anyone know?</q></li>
<li class="message">[<a href="#T04:35:58" id="T04:35:58"><abbr title="2009-07-30T04:35:58+00:00">04:35:58</abbr></a>] &lt;<cite>_martin__</cite>&gt; <q>I've looked through the TPS65950 datasheet, and no luck there either (Maybe I missed it)</q></li>
<li class="join">[<a href="#T04:39:48" id="T04:39:48"><abbr title="2009-07-30T04:39:48+00:00">04:39:48</abbr></a>] <span>* rachit (i=7bed0457@gateway/web/freenode/x-rahpvyddrsndxuwu) has joined #beagle</span></li>
<li class="message">[<a href="#T04:40:07" id="T04:40:07"><abbr title="2009-07-30T04:40:07+00:00">04:40:07</abbr></a>] &lt;<cite>_martin__</cite>&gt; <q>google suggest 96kHz... </q></li>
<li class="join">[<a href="#T04:44:44" id="T04:44:44"><abbr title="2009-07-30T04:44:44+00:00">04:44:44</abbr></a>] <span>* lifeeth (n=praneeth@unaffiliated/lifeeth) has joined #beagle</span></li>
<li class="message">[<a href="#T04:54:15" id="T04:54:15"><abbr title="2009-07-30T04:54:15+00:00">04:54:15</abbr></a>] &lt;<cite>_martin__</cite>&gt; <q>zzzzz.....</q></li>
<li class="quit">[<a href="#T04:58:22" id="T04:58:22"><abbr title="2009-07-30T04:58:22+00:00">04:58:22</abbr></a>] <span>* rkirti (n=oespirit@117.254.5.96) Quit ("Konversation terminated!")</span></li>
<li class="join">[<a href="#T04:59:23" id="T04:59:23"><abbr title="2009-07-30T04:59:23+00:00">04:59:23</abbr></a>] <span>* rkirti (n=oespirit@117.254.5.96) has joined #beagle</span></li>
<li class="join">[<a href="#T05:00:06" id="T05:00:06"><abbr title="2009-07-30T05:00:06+00:00">05:00:06</abbr></a>] <span>* davidm (n=David@nat/ti/x-vzuxmoafgivxzrhx) has joined #beagle</span></li>
<li class="nick-change">[<a href="#T05:00:34" id="T05:00:34"><abbr title="2009-07-30T05:00:34+00:00">05:00:34</abbr></a>] <span>* davidm is now known as Guest56272</span></li>
<li class="join">[<a href="#T05:01:02" id="T05:01:02"><abbr title="2009-07-30T05:01:02+00:00">05:01:02</abbr></a>] <span>* diorahman (n=Dio@125.163.57.40) has joined #beagle</span></li>
<li class="quit">[<a href="#T05:01:59" id="T05:01:59"><abbr title="2009-07-30T05:01:59+00:00">05:01:59</abbr></a>] <span>* rkirti (n=oespirit@117.254.5.96) Quit (Remote closed the connection)</span></li>
<li class="action">[<a href="#T05:02:10" id="T05:02:10"><abbr title="2009-07-30T05:02:10+00:00">05:02:10</abbr></a>] <span>* diorahman is looking for (ready-to-use) uclibc-based rootfs download link :-O</span></li>
<li class="quit">[<a href="#T05:08:57" id="T05:08:57"><abbr title="2009-07-30T05:08:57+00:00">05:08:57</abbr></a>] <span>* Guest79477 (n=David@nat/ti/x-ykbanxhnubtdglnc) Quit (Remote closed the connection)</span></li>
<li class="quit">[<a href="#T05:09:31" id="T05:09:31"><abbr title="2009-07-30T05:09:31+00:00">05:09:31</abbr></a>] <span>* courville (n=courvill@courville.org) Quit (Read error: 60 (Operation timed out))</span></li>
<li class="join">[<a href="#T05:10:49" id="T05:10:49"><abbr title="2009-07-30T05:10:49+00:00">05:10:49</abbr></a>] <span>* courville (n=courvill@courville.org) has joined #beagle</span></li>
<li class="join">[<a href="#T05:20:49" id="T05:20:49"><abbr title="2009-07-30T05:20:49+00:00">05:20:49</abbr></a>] <span>* rupeshgujare (n=rupesh@59.160.172.220) has joined #beagle</span></li>
<li class="quit">[<a href="#T05:22:09" id="T05:22:09"><abbr title="2009-07-30T05:22:09+00:00">05:22:09</abbr></a>] <span>* _martin__ (i=48194542@gateway/web/freenode/x-xppafohlxlelxkfy) Quit ("Page closed")</span></li>
<li class="join">[<a href="#T05:24:22" id="T05:24:22"><abbr title="2009-07-30T05:24:22+00:00">05:24:22</abbr></a>] <span>* rkirti (n=oespirit@117.254.5.96) has joined #beagle</span></li>
<li class="quit">[<a href="#T05:25:40" id="T05:25:40"><abbr title="2009-07-30T05:25:40+00:00">05:25:40</abbr></a>] <span>* killring (n=killring@adsl-99-131-53-191.dsl.sfldmi.sbcglobal.net) Quit ()</span></li>
<li class="quit">[<a href="#T05:28:53" id="T05:28:53"><abbr title="2009-07-30T05:28:53+00:00">05:28:53</abbr></a>] <span>* courville (n=courvill@courville.org) Quit (Read error: 113 (No route to host))</span></li>
<li class="join">[<a href="#T05:51:42" id="T05:51:42"><abbr title="2009-07-30T05:51:42+00:00">05:51:42</abbr></a>] <span>* khasim (n=a0393720@192.163.20.231) has joined #beagle</span></li>
<li class="quit">[<a href="#T05:53:40" id="T05:53:40"><abbr title="2009-07-30T05:53:40+00:00">05:53:40</abbr></a>] <span>* lifeeth (n=praneeth@unaffiliated/lifeeth) Quit ("Up .....Up and Awayyyyyyyy... Atom Atom Ant....")</span></li>
<li class="join">[<a href="#T05:57:42" id="T05:57:42"><abbr title="2009-07-30T05:57:42+00:00">05:57:42</abbr></a>] <span>* MCTouch (n=MCTouch@5acb0513.bb.sky.com) has joined #beagle</span></li>
