<li class="quit">[<a href="#T00:06:32" id="T00:06:32"><abbr title="2009-02-03T00:06:32+00:00">00:06:32</abbr></a>] <span>* DaQatz (n=db@c-66-30-48-54.hsd1.nh.comcast.net) Quit (Remote closed the connection)</span></li>
<li class="join">[<a href="#T00:06:48" id="T00:06:48"><abbr title="2009-02-03T00:06:48+00:00">00:06:48</abbr></a>] <span>* DaQatz (n=db@c-66-30-48-54.hsd1.nh.comcast.net) has joined #beagle</span></li>
<li class="quit">[<a href="#T00:07:03" id="T00:07:03"><abbr title="2009-02-03T00:07:03+00:00">00:07:03</abbr></a>] <span>* jrmuizel (n=jrmuizel@mozca02.ca.mozilla.com) Quit ()</span></li>
<li class="quit">[<a href="#T00:07:45" id="T00:07:45"><abbr title="2009-02-03T00:07:45+00:00">00:07:45</abbr></a>] <span>* DaQatz (n=db@c-66-30-48-54.hsd1.nh.comcast.net) Quit (Remote closed the connection)</span></li>
<li class="join">[<a href="#T00:07:53" id="T00:07:53"><abbr title="2009-02-03T00:07:53+00:00">00:07:53</abbr></a>] <span>* DaQatz (n=db@c-66-30-48-54.hsd1.nh.comcast.net) has joined #beagle</span></li>
<li class="join">[<a href="#T00:08:41" id="T00:08:41"><abbr title="2009-02-03T00:08:41+00:00">00:08:41</abbr></a>] <span>* brolin (n=brolin@190.157.13.75) has joined #beagle</span></li>
<li class="join">[<a href="#T00:11:11" id="T00:11:11"><abbr title="2009-02-03T00:11:11+00:00">00:11:11</abbr></a>] <span>* ogra (n=ogra@ubuntu/member/ogra) has joined #beagle</span></li>
<li class="quit">[<a href="#T00:14:20" id="T00:14:20"><abbr title="2009-02-03T00:14:20+00:00">00:14:20</abbr></a>] <span>* Eanmig (n=tcg@67.204.32.213) Quit ()</span></li>
<li class="nick-change">[<a href="#T00:18:45" id="T00:18:45"><abbr title="2009-02-03T00:18:45+00:00">00:18:45</abbr></a>] <span>* _fulgas is now known as FuL|OUT</span></li>
<li class="nick-change">[<abbr title="2009-02-03T00:18:45+00:00">00:18:45</abbr>] <span>* FuL|OUT is now known as fulgas</span></li>
<li class="quit">[<a href="#T00:22:46" id="T00:22:46"><abbr title="2009-02-03T00:22:46+00:00">00:22:46</abbr></a>] <span>* robclark (n=robclark@nat/ti/x-725c4ef55aa87f9b) Quit (Remote closed the connection)</span></li>
<li class="quit">[<a href="#T00:28:42" id="T00:28:42"><abbr title="2009-02-03T00:28:42+00:00">00:28:42</abbr></a>] <span>* DaQatz (n=db@c-66-30-48-54.hsd1.nh.comcast.net) Quit (Remote closed the connection)</span></li>
<li class="join">[<a href="#T00:28:52" id="T00:28:52"><abbr title="2009-02-03T00:28:52+00:00">00:28:52</abbr></a>] <span>* DaQatz (n=db@c-66-30-48-54.hsd1.nh.comcast.net) has joined #beagle</span></li>
<li class="join">[<a href="#T00:42:14" id="T00:42:14"><abbr title="2009-02-03T00:42:14+00:00">00:42:14</abbr></a>] <span>* jrmuizel (n=jrmuizel@CPE001f5be79d0f-CM0017ee62f8b0.cpe.net.cable.rogers.com) has joined #beagle</span></li>
<li class="quit">[<a href="#T00:49:50" id="T00:49:50"><abbr title="2009-02-03T00:49:50+00:00">00:49:50</abbr></a>] <span>* NishanthMenon (n=nmenon@nat/ti/x-f256fc48d3429770) Quit ("Ex-Chat")</span></li>
<li class="quit">[<a href="#T00:56:04" id="T00:56:04"><abbr title="2009-02-03T00:56:04+00:00">00:56:04</abbr></a>] <span>* florian (n=fuchs@f049187139.adsl.alicedsl.de) Quit ("Verlassend")</span></li>
<li class="join">[<a href="#T00:58:44" id="T00:58:44"><abbr title="2009-02-03T00:58:44+00:00">00:58:44</abbr></a>] <span>* JuanG (n=Juan@nat/ti/x-32e6ab5b41134d33) has joined #beagle</span></li>
<li class="part">[<a href="#T00:59:04" id="T00:59:04"><abbr title="2009-02-03T00:59:04+00:00">00:59:04</abbr></a>] <span>* JuanG (n=Juan@nat/ti/x-32e6ab5b41134d33) has left #beagle</span></li>
<li class="quit">[<a href="#T01:01:41" id="T01:01:41"><abbr title="2009-02-03T01:01:41+00:00">01:01:41</abbr></a>] <span>* robtow1 (n=rtow@nat/montavista/x-13b64aa74fb5b5fd) Quit ("Leaving.")</span></li>
<li class="join">[<a href="#T01:11:54" id="T01:11:54"><abbr title="2009-02-03T01:11:54+00:00">01:11:54</abbr></a>] <span>* robtow (n=rtow@nat/montavista/x-44007a487fc27d2e) has joined #beagle</span></li>
<li class="join">[<a href="#T01:11:55" id="T01:11:55"><abbr title="2009-02-03T01:11:55+00:00">01:11:55</abbr></a>] <span>* JuanG_ (n=Juan@nat/ti/x-1c36006410eb7a4e) has joined #beagle</span></li>
<li class="join">[<a href="#T01:12:00" id="T01:12:00"><abbr title="2009-02-03T01:12:00+00:00">01:12:00</abbr></a>] <span>* stimp (i=7d65b2b4@gateway/web/ajax/mibbit.com/x-08514f5aebde7ca2) has joined #beagle</span></li>
<li class="quit">[<a href="#T01:19:16" id="T01:19:16"><abbr title="2009-02-03T01:19:16+00:00">01:19:16</abbr></a>] <span>* _don_ (n=don@nat/ti/x-c2304ada205cb6e2) Quit ()</span></li>
<li class="quit">[<a href="#T01:31:23" id="T01:31:23"><abbr title="2009-02-03T01:31:23+00:00">01:31:23</abbr></a>] <span>* robtow (n=rtow@nat/montavista/x-44007a487fc27d2e) Quit ("Leaving.")</span></li>
<li class="join">[<a href="#T01:38:02" id="T01:38:02"><abbr title="2009-02-03T01:38:02+00:00">01:38:02</abbr></a>] <span>* zaphod__ (n=zaphod@67.204.32.213) has joined #beagle</span></li>
<li class="message">[<a href="#T01:38:21" id="T01:38:21"><abbr title="2009-02-03T01:38:21+00:00">01:38:21</abbr></a>] &lt;<cite>zaphod__</cite>&gt; <q>is there any way i can force the beagleboard to only use usb 1.1?</q></li>
<li class="part">[<a href="#T01:38:32" id="T01:38:32"><abbr title="2009-02-03T01:38:32+00:00">01:38:32</abbr></a>] <span>* JuanG_ (n=Juan@nat/ti/x-1c36006410eb7a4e) has left #beagle</span></li>
<li class="message">[<a href="#T01:39:05" id="T01:39:05"><abbr title="2009-02-03T01:39:05+00:00">01:39:05</abbr></a>] &lt;<cite>zaphod__</cite>&gt; <q>as in force it into fullspeed</q></li>
<li class="message">[<a href="#T01:44:44" id="T01:44:44"><abbr title="2009-02-03T01:44:44+00:00">01:44:44</abbr></a>] &lt;<cite>ds2</cite>&gt; <q>usb 1.1, yes. use a Hub</q></li>
<li class="message">[<a href="#T01:45:00" id="T01:45:00"><abbr title="2009-02-03T01:45:00+00:00">01:45:00</abbr></a>] &lt;<cite>ds2</cite>&gt; <q>force things into full speed? not as host</q></li>
<li class="message">[<a href="#T01:54:40" id="T01:54:40"><abbr title="2009-02-03T01:54:40+00:00">01:54:40</abbr></a>] &lt;<cite>zaphod__</cite>&gt; <q>didnt work anyhow</q></li>
<li class="message">[<a href="#T01:54:48" id="T01:54:48"><abbr title="2009-02-03T01:54:48+00:00">01:54:48</abbr></a>] &lt;<cite>zaphod__</cite>&gt; <q>i recompiled my kernel without ehci</q></li>
<li class="message">[<a href="#T01:55:12" id="T01:55:12"><abbr title="2009-02-03T01:55:12+00:00">01:55:12</abbr></a>] &lt;<cite>ds2</cite>&gt; <q>EHCI is not used on the boards being sold right now</q></li>
<li class="message">[<a href="#T01:56:02" id="T01:56:02"><abbr title="2009-02-03T01:56:02+00:00">01:56:02</abbr></a>] &lt;<cite>zaphod__</cite>&gt; <q>well specifically my problem is that my webcams work using my friend's hub.. but not mine</q></li>
<li class="message">[<a href="#T01:56:13" id="T01:56:13"><abbr title="2009-02-03T01:56:13+00:00">01:56:13</abbr></a>] &lt;<cite>zaphod__</cite>&gt; <q>with my hub they give me lots of data loss</q></li>
<li class="message">[<a href="#T01:56:27" id="T01:56:27"><abbr title="2009-02-03T01:56:27+00:00">01:56:27</abbr></a>] &lt;<cite>zaphod__</cite>&gt; <q>my hub is usb 2.0 his is 1.1</q></li>
<li class="message">[<a href="#T01:56:48" id="T01:56:48"><abbr title="2009-02-03T01:56:48+00:00">01:56:48</abbr></a>] &lt;<cite>zaphod__</cite>&gt; <q>so i figured if i forced mine into 1.1 it would work.. sadly this is not the case</q></li>
<li class="message">[<a href="#T01:57:40" id="T01:57:40"><abbr title="2009-02-03T01:57:40+00:00">01:57:40</abbr></a>] &lt;<cite>zaphod__</cite>&gt; <q>can you think of any other difference a hub would make?</q></li>
