<li class="join">[<a href="#T00:00:11" id="T00:00:11"><abbr title="2009-10-27T00:00:11+00:00">00:00:11</abbr></a>] <span>* raster (n=raster@enlightenment/developer/raster) has joined #beagle</span></li>
<li class="join">[<a href="#T00:10:45" id="T00:10:45"><abbr title="2009-10-27T00:10:45+00:00">00:10:45</abbr></a>] <span>* crwper (n=crwper@d66-222-249-40.abhsia.telus.net) has joined #beagle</span></li>
<li class="quit">[<a href="#T00:13:01" id="T00:13:01"><abbr title="2009-10-27T00:13:01+00:00">00:13:01</abbr></a>] <span>* n6pfk (n=n6pfk__@96.238.186.191) Quit (Remote closed the connection)</span></li>
<li class="join">[<a href="#T00:13:39" id="T00:13:39"><abbr title="2009-10-27T00:13:39+00:00">00:13:39</abbr></a>] <span>* robclark (n=robclark@nat/ti/x-xenxsocxptwptwhp) has joined #beagle</span></li>
<li class="join">[<a href="#T00:20:30" id="T00:20:30"><abbr title="2009-10-27T00:20:30+00:00">00:20:30</abbr></a>] <span>* n6pfk (n=n6pfk__@96.238.186.191) has joined #beagle</span></li>
<li class="quit">[<a href="#T00:23:41" id="T00:23:41"><abbr title="2009-10-27T00:23:41+00:00">00:23:41</abbr></a>] <span>* florian (n=fuchs@f048037030.adsl.alicedsl.de) Quit ("Verlassend")</span></li>
<li class="quit">[<a href="#T00:25:10" id="T00:25:10"><abbr title="2009-10-27T00:25:10+00:00">00:25:10</abbr></a>] <span>* rsalveti (n=rsalveti@200.184.118.130) Quit (Remote closed the connection)</span></li>
<li class="message">[<a href="#T00:29:10" id="T00:29:10"><abbr title="2009-10-27T00:29:10+00:00">00:29:10</abbr></a>] &lt;<cite>torus</cite>&gt; <q>OMFG OMFG - after one month of trying I got the dsp working... </q></li>
<li class="action">[<a href="#T00:29:20" id="T00:29:20"><abbr title="2009-10-27T00:29:20+00:00">00:29:20</abbr></a>] <span>* torus jumps up and down in joy!</span></li>
<li class="action">[<a href="#T00:29:34" id="T00:29:34"><abbr title="2009-10-27T00:29:34+00:00">00:29:34</abbr></a>] <span>* djlewis apluades :)</span></li>
<li class="action">[<a href="#T00:29:42" id="T00:29:42"><abbr title="2009-10-27T00:29:42+00:00">00:29:42</abbr></a>] <span>* torus kisses everyone in the channel.</span></li>
<li class="message">[<a href="#T00:29:52" id="T00:29:52"><abbr title="2009-10-27T00:29:52+00:00">00:29:52</abbr></a>] &lt;<cite>djlewis</cite>&gt; <q>well if I could spwllit correctly.</q></li>
<li class="message">[<a href="#T00:30:01" id="T00:30:01"><abbr title="2009-10-27T00:30:01+00:00">00:30:01</abbr></a>] &lt;<cite>torus</cite>&gt; <q>in the end it wasn't  *THAT* hard..</q></li>
<li class="message">[<a href="#T00:30:49" id="T00:30:49"><abbr title="2009-10-27T00:30:49+00:00">00:30:49</abbr></a>] &lt;<cite>torus</cite>&gt; <q>now I have to just fix all other kernel-modules.. the dsplink is the only one that works at the moment :(</q></li>
<li class="quit">[<a href="#T00:33:53" id="T00:33:53"><abbr title="2009-10-27T00:33:53+00:00">00:33:53</abbr></a>] <span>* jserv-- (n=jserv@61.30.10.70) Quit (Read error: 131 (Connection reset by peer))</span></li>
<li class="join">[<a href="#T00:34:10" id="T00:34:10"><abbr title="2009-10-27T00:34:10+00:00">00:34:10</abbr></a>] <span>* jserv-- (n=jserv@61-30-10-70.static.tfn.net.tw) has joined #beagle</span></li>
<li class="quit">[<a href="#T00:44:12" id="T00:44:12"><abbr title="2009-10-27T00:44:12+00:00">00:44:12</abbr></a>] <span>* ddompe (n=ddompe@200.122.155.113) Quit ("ddompe is leaving")</span></li>
<li class="join">[<a href="#T00:48:33" id="T00:48:33"><abbr title="2009-10-27T00:48:33+00:00">00:48:33</abbr></a>] <span>* jayabharath (n=a0866114@nat/ti/x-skkmmufobgmjojca) has joined #beagle</span></li>
<li class="quit">[<a href="#T01:00:51" id="T01:00:51"><abbr title="2009-10-27T01:00:51+00:00">01:00:51</abbr></a>] <span>* thaytan (n=jan@78.16.36.93) Quit (Read error: 148 (No route to host))</span></li>
<li class="quit">[<a href="#T01:02:41" id="T01:02:41"><abbr title="2009-10-27T01:02:41+00:00">01:02:41</abbr></a>] <span>* jrmuizel (n=jrmuizel@CPE001f5be79d0f-CM0017ee62f8b0.cpe.net.cable.rogers.com) Quit ()</span></li>
<li class="join">[<a href="#T01:03:22" id="T01:03:22"><abbr title="2009-10-27T01:03:22+00:00">01:03:22</abbr></a>] <span>* jrmuizel (n=jrmuizel@CPE001f5be79d0f-CM0017ee62f8b0.cpe.net.cable.rogers.com) has joined #beagle</span></li>
<li class="quit">[<a href="#T01:03:49" id="T01:03:49"><abbr title="2009-10-27T01:03:49+00:00">01:03:49</abbr></a>] <span>* jrmuizel (n=jrmuizel@CPE001f5be79d0f-CM0017ee62f8b0.cpe.net.cable.rogers.com) Quit (Client Quit)</span></li>
<li class="message">[<a href="#T01:03:59" id="T01:03:59"><abbr title="2009-10-27T01:03:59+00:00">01:03:59</abbr></a>] &lt;<cite>torus</cite>&gt; <q>koen, you're awake?</q></li>
<li class="join">[<a href="#T01:09:28" id="T01:09:28"><abbr title="2009-10-27T01:09:28+00:00">01:09:28</abbr></a>] <span>* thaytan (n=jan@78.16.36.93) has joined #beagle</span></li>
<li class="message">[<a href="#T01:11:28" id="T01:11:28"><abbr title="2009-10-27T01:11:28+00:00">01:11:28</abbr></a>] &lt;<cite>Barts_</cite>&gt; <q>djlewis: i have a few questions about this post you made: <a href="http://groups.google.com/group/beagleboard/browse_thread/thread/b63fcffa1ba0900f/61fdecd369cf4475?lnk=gst&amp;q=djlewis#61fdecd369cf4475">http://groups.google.com/group/beagleboard/browse_thread/thread/b63fcffa1ba0900f/61fdecd369cf4475?lnk=gst&amp;q=djlewis#61fdecd369cf4475</a></q></li>
<li class="message">[<a href="#T01:17:21" id="T01:17:21"><abbr title="2009-10-27T01:17:21+00:00">01:17:21</abbr></a>] &lt;<cite>Barts_</cite>&gt; <q>djlewis: when i try to compile, it returns "capture.c:30: error: too few arguments to function 'cvSaveImage'"</q></li>
<li class="message">[<a href="#T01:17:52" id="T01:17:52"><abbr title="2009-10-27T01:17:52+00:00">01:17:52</abbr></a>] &lt;<cite>djlewis</cite>&gt; <q>hi Barts_</q></li>
<li class="quit">[<a href="#T01:18:41" id="T01:18:41"><abbr title="2009-10-27T01:18:41+00:00">01:18:41</abbr></a>] <span>* mru (n=mru@hotblack.mansr.com) Quit (Read error: 60 (Operation timed out))</span></li>
<li class="message">[<a href="#T01:18:45" id="T01:18:45"><abbr title="2009-10-27T01:18:45+00:00">01:18:45</abbr></a>] &lt;<cite>Barts_</cite>&gt; <q>hi djlewis</q></li>
<li class="message">[<a href="#T01:18:56" id="T01:18:56"><abbr title="2009-10-27T01:18:56+00:00">01:18:56</abbr></a>] &lt;<cite>djlewis</cite>&gt; <q>Barts_: are you compiling the sample in that post?</q></li>
<li class="join">[<a href="#T01:19:49" id="T01:19:49"><abbr title="2009-10-27T01:19:49+00:00">01:19:49</abbr></a>] <span>* mru (n=mru@hotblack.mansr.com) has joined #beagle</span></li>
<li class="message">[<a href="#T01:20:12" id="T01:20:12"><abbr title="2009-10-27T01:20:12+00:00">01:20:12</abbr></a>] &lt;<cite>Barts_</cite>&gt; <q>yes</q></li>
<li class="message">[<a href="#T01:21:00" id="T01:21:00"><abbr title="2009-10-27T01:21:00+00:00">01:21:00</abbr></a>] &lt;<cite>djlewis</cite>&gt; <q>interesting, as compiling it does not take input parameters to a function.</q></li>
<li class="message">[<a href="#T01:22:45" id="T01:22:45"><abbr title="2009-10-27T01:22:45+00:00">01:22:45</abbr></a>] &lt;<cite>Barts_</cite>&gt; <q>i checked the cvSaveImage function and it does take 2 parameters and in the sample, two params are being supplied</q></li>
<li class="message">[<a href="#T01:25:41" id="T01:25:41"><abbr title="2009-10-27T01:25:41+00:00">01:25:41</abbr></a>] &lt;<cite>djlewis</cite>&gt; <q>you said it was a copiler erro. Not an execution error?</q></li>
<li class="message">[<a href="#T01:25:45" id="T01:25:45"><abbr title="2009-10-27T01:25:45+00:00">01:25:45</abbr></a>] &lt;<cite>djlewis</cite>&gt; <q>compiler</q></li>
<li class="join">[<a href="#T01:28:49" id="T01:28:49"><abbr title="2009-10-27T01:28:49+00:00">01:28:49</abbr></a>] <span>* beagle_user (i=8107f9db@gateway/web/freenode/x-menftddhrjutyafy) has joined #beagle</span></li>
<li class="message">[<a href="#T01:29:14" id="T01:29:14"><abbr title="2009-10-27T01:29:14+00:00">01:29:14</abbr></a>] &lt;<cite>beagle_user</cite>&gt; <q> Keyboard &amp; mouse does not work in uImage-2.6.29-r?? but it works fine in uImage-2.6.28!</q></li>
<li class="message">[<a href="#T01:30:01" id="T01:30:01"><abbr title="2009-10-27T01:30:01+00:00">01:30:01</abbr></a>] &lt;<cite>djlewis</cite>&gt; <q>hi beagle_user, still chasing that prob, huh...</q></li>
<li class="message">[<a href="#T01:30:36" id="T01:30:36"><abbr title="2009-10-27T01:30:36+00:00">01:30:36</abbr></a>] &lt;<cite>beagle_user</cite>&gt; <q>yes man, i am very furstated by it now!</q></li>
<li class="message">[<a href="#T01:31:06" id="T01:31:06"><abbr title="2009-10-27T01:31:06+00:00">01:31:06</abbr></a>] &lt;<cite>beagle_user</cite>&gt; <q>i have no idea why its not working!!!</q></li>
<li class="message">[<a href="#T01:34:10" id="T01:34:10"><abbr title="2009-10-27T01:34:10+00:00">01:34:10</abbr></a>] &lt;<cite>Barts_</cite>&gt; <q>djlewis: yes. its a compiler error. i'm getting it because the compiler.sh execution gave me some issues and i tried a regular gcc compile</q></li>
<li class="message">[<a href="#T01:35:40" id="T01:35:40"><abbr title="2009-10-27T01:35:40+00:00">01:35:40</abbr></a>] &lt;<cite>beagle_user</cite>&gt; <q>how can i know which MLO &amp; u-boot is on NAND?</q></li>
<li class="quit">[<a href="#T01:36:12" id="T01:36:12"><abbr title="2009-10-27T01:36:12+00:00">01:36:12</abbr></a>] <span>* mjl- (n=none@knaagkever.ueber.net) Quit (Read error: 110 (Connection timed out))</span></li>
<li class="join">[<a href="#T01:36:44" id="T01:36:44"><abbr title="2009-10-27T01:36:44+00:00">01:36:44</abbr></a>] <span>* davidm (n=David@nat/ti/x-oyfdzvktldavjyvz) has joined #beagle</span></li>
<li class="nick-change">[<a href="#T01:37:13" id="T01:37:13"><abbr title="2009-10-27T01:37:13+00:00">01:37:13</abbr></a>] <span>* davidm is now known as Guest6327</span></li>
<li class="message">[<a href="#T01:37:26" id="T01:37:26"><abbr title="2009-10-27T01:37:26+00:00">01:37:26</abbr></a>] &lt;<cite>djlewis</cite>&gt; <q>beagle_user: you look at the original file name you installed from.</q></li>
<li class="message">[<a href="#T01:37:42" id="T01:37:42"><abbr title="2009-10-27T01:37:42+00:00">01:37:42</abbr></a>] &lt;<cite>ds2</cite>&gt; <q>djlewis: pong (late)</q></li>
<li class="message">[<a href="#T01:38:43" id="T01:38:43"><abbr title="2009-10-27T01:38:43+00:00">01:38:43</abbr></a>] &lt;<cite>djlewis</cite>&gt; <q>hi ds2:, i wanted to show you a gradual rain gauge collection of today.</q></li>
<li class="message">[<a href="#T01:39:51" id="T01:39:51"><abbr title="2009-10-27T01:39:51+00:00">01:39:51</abbr></a>] &lt;<cite>ds2</cite>&gt; <q>the mass rains moved your way?</q></li>
<li class="message">[<a href="#T01:40:08" id="T01:40:08"><abbr title="2009-10-27T01:40:08+00:00">01:40:08</abbr></a>] &lt;<cite>djlewis</cite>&gt; <q>.22" from 3am cdt to 7pm, very gradual.</q></li>
<li class="message">[<a href="#T01:40:49" id="T01:40:49"><abbr title="2009-10-27T01:40:49+00:00">01:40:49</abbr></a>] &lt;<cite>djlewis</cite>&gt; <q>just a resolution note.</q></li>
<li class="message">[<a href="#T01:41:08" id="T01:41:08"><abbr title="2009-10-27T01:41:08+00:00">01:41:08</abbr></a>] &lt;<cite>ds2</cite>&gt; <q>Hmmm</q></li>
<li class="message">[<a href="#T01:41:31" id="T01:41:31"><abbr title="2009-10-27T01:41:31+00:00">01:41:31</abbr></a>] &lt;<cite>ds2</cite>&gt; <q>mine did its weird thing last week... it was definitely raining enough for me to feel it outside but the gauge didn't trip</q></li>
<li class="message">[<a href="#T01:41:40" id="T01:41:40"><abbr title="2009-10-27T01:41:40+00:00">01:41:40</abbr></a>] &lt;<cite>djlewis</cite>&gt; <q>Barts_: I just copied / paste the source and used compile.sh and it works fine.</q></li>
<li class="message">[<a href="#T01:42:13" id="T01:42:13"><abbr title="2009-10-27T01:42:13+00:00">01:42:13</abbr></a>] &lt;<cite>djlewis</cite>&gt; <q>ds2: might be a bug movrd into your too ;)</q></li>
<li class="message">[<a href="#T01:42:15" id="T01:42:15"><abbr title="2009-10-27T01:42:15+00:00">01:42:15</abbr></a>] &lt;<cite>Barts_</cite>&gt; <q>i have 2.6.31-omap1. do you think that's what makes the difference?</q></li>
<li class="message">[<a href="#T01:42:36" id="T01:42:36"><abbr title="2009-10-27T01:42:36+00:00">01:42:36</abbr></a>] &lt;<cite>ds2</cite>&gt; <q>djlewis: it has been like that since I got it and this was unit number 2 (original unit RMA'ed)</q></li>
<li class="message">[<a href="#T01:42:55" id="T01:42:55"><abbr title="2009-10-27T01:42:55+00:00">01:42:55</abbr></a>] &lt;<cite>djlewis</cite>&gt; <q>Barts_: did you build openCV on your BB locally?</q></li>
<li class="message">[<a href="#T01:43:32" id="T01:43:32"><abbr title="2009-10-27T01:43:32+00:00">01:43:32</abbr></a>] &lt;<cite>Barts_</cite>&gt; <q>djlewis: i ran all the package updates as per your steps</q></li>
<li class="join">[<a href="#T01:43:37" id="T01:43:37"><abbr title="2009-10-27T01:43:37+00:00">01:43:37</abbr></a>] <span>* GrizzlyAdams (n=Grizzly@68.230.167.28) has joined #beagle</span></li>
<li class="message">[<a href="#T01:44:00" id="T01:44:00"><abbr title="2009-10-27T01:44:00+00:00">01:44:00</abbr></a>] &lt;<cite>djlewis</cite>&gt; <q>my steps aren't updates.</q></li>
<li class="message">[<a href="#T01:44:16" id="T01:44:16"><abbr title="2009-10-27T01:44:16+00:00">01:44:16</abbr></a>] &lt;<cite>djlewis</cite>&gt; <q>hi GrizzlyAdams</q></li>
<li class="message">[<a href="#T01:44:24" id="T01:44:24"><abbr title="2009-10-27T01:44:24+00:00">01:44:24</abbr></a>] &lt;<cite>GrizzlyAdams</cite>&gt; <q>heyo</q></li>
<li class="message">[<a href="#T01:44:39" id="T01:44:39"><abbr title="2009-10-27T01:44:39+00:00">01:44:39</abbr></a>] &lt;<cite>GrizzlyAdams</cite>&gt; <q>&lt;- still waiting for money to get a replacement beagle :(</q></li>
<li class="message">[<a href="#T01:44:43" id="T01:44:43"><abbr title="2009-10-27T01:44:43+00:00">01:44:43</abbr></a>] &lt;<cite>Barts_</cite>&gt; <q>oh</q></li>
<li class="message">[<a href="#T01:44:47" id="T01:44:47"><abbr title="2009-10-27T01:44:47+00:00">01:44:47</abbr></a>] &lt;<cite>djlewis</cite>&gt; <q>Barts_:  i fiynd a typo</q></li>
<li class="message">[<a href="#T01:44:54" id="T01:44:54"><abbr title="2009-10-27T01:44:54+00:00">01:44:54</abbr></a>] &lt;<cite>djlewis</cite>&gt; <q>found</q></li>
<li class="message">[<a href="#T01:45:06" id="T01:45:06"><abbr title="2009-10-27T01:45:06+00:00">01:45:06</abbr></a>] &lt;<cite>GrizzlyAdams</cite>&gt; <q>maybe i should goto a local AKC meeting and tell them my beagle got electrocuted and take up a collection</q></li>
<li class="quit">[<a href="#T01:45:30" id="T01:45:30"><abbr title="2009-10-27T01:45:30+00:00">01:45:30</abbr></a>] <span>* rbelem (n=rodrigo@pdpc/supporter/professional/rbelem) Quit ("Leaving")</span></li>
<li class="message">[<a href="#T01:46:03" id="T01:46:03"><abbr title="2009-10-27T01:46:03+00:00">01:46:03</abbr></a>] &lt;<cite>djlewis</cite>&gt; <q>Barts_: should be: LD_PRELOAD=/usr/lib/libv4l/v4l1compat.so ./capture   -- for either option</q></li>
<li class="quit">[<a href="#T01:46:04" id="T01:46:04"><abbr title="2009-10-27T01:46:04+00:00">01:46:04</abbr></a>] <span>* j_ack (n=j_ack@p57A42A8C.dip0.t-ipconnect.de) Quit ("Verlassend")</span></li>
<li class="message">[<a href="#T01:46:26" id="T01:46:26"><abbr title="2009-10-27T01:46:26+00:00">01:46:26</abbr></a>] &lt;<cite>ds2</cite>&gt; <q>djlewis: please rewrite the program instead of using that shim</q></li>
<li class="message">[<a href="#T01:46:57" id="T01:46:57"><abbr title="2009-10-27T01:46:57+00:00">01:46:57</abbr></a>] &lt;<cite>djlewis</cite>&gt; <q>that is not in the program ds2</q></li>
<li class="quit">[<a href="#T01:47:33" id="T01:47:33"><abbr title="2009-10-27T01:47:33+00:00">01:47:33</abbr></a>] <span>* thaytan (n=jan@78.16.36.93) Quit (Read error: 110 (Connection timed out))</span></li>
<li class="message">[<a href="#T01:47:48" id="T01:47:48"><abbr title="2009-10-27T01:47:48+00:00">01:47:48</abbr></a>] &lt;<cite>ds2</cite>&gt; <q>djlewis: eh?</q></li>
<li class="message">[<a href="#T01:48:57" id="T01:48:57"><abbr title="2009-10-27T01:48:57+00:00">01:48:57</abbr></a>] &lt;<cite>djlewis</cite>&gt; <q>ds2:  are referring to what I told Barts?_</q></li>
<li class="message">[<a href="#T01:49:20" id="T01:49:20"><abbr title="2009-10-27T01:49:20+00:00">01:49:20</abbr></a>] &lt;<cite>ds2</cite>&gt; <q>djlewis: yes, the LD_PRELOAD</q></li>
<li class="message">[<a href="#T01:49:55" id="T01:49:55"><abbr title="2009-10-27T01:49:55+00:00">01:49:55</abbr></a>] &lt;<cite>djlewis</cite>&gt; <q>show me :) it seems to be quite popular for opencv</q></li>
<li class="message">[<a href="#T01:50:55" id="T01:50:55"><abbr title="2009-10-27T01:50:55+00:00">01:50:55</abbr></a>] &lt;<cite>ds2</cite>&gt; <q>djlewis: that LD_PRELOAD just overrides the functions to fake things out... the proper thing to do is to rewrite it so you don't need to replace things underneath it</q></li>
<li class="message">[<a href="#T01:52:08" id="T01:52:08"><abbr title="2009-10-27T01:52:08+00:00">01:52:08</abbr></a>] &lt;<cite>djlewis</cite>&gt; <q>ds2: the lib changes per camera</q></li>
<li class="message">[<a href="#T01:52:25" id="T01:52:25"><abbr title="2009-10-27T01:52:25+00:00">01:52:25</abbr></a>] &lt;<cite>ds2</cite>&gt; <q>yes but that should be done by the program</q></li>
<li class="message">[<a href="#T01:54:31" id="T01:54:31"><abbr title="2009-10-27T01:54:31+00:00">01:54:31</abbr></a>] &lt;<cite>djlewis</cite>&gt; <q>i'll think about it if i write a program that uses it.</q></li>
<li class="message">[<a href="#T01:56:34" id="T01:56:34"><abbr title="2009-10-27T01:56:34+00:00">01:56:34</abbr></a>] &lt;<cite>ds2</cite>&gt; <q>heh</q></li>
<li class="message">[<a href="#T01:56:42" id="T01:56:42"><abbr title="2009-10-27T01:56:42+00:00">01:56:42</abbr></a>] &lt;<cite>djlewis</cite>&gt; <q>ds2: that is a copy paste sample prog i placed in the post.</q></li>
<li class="message">[<a href="#T01:57:05" id="T01:57:05"><abbr title="2009-10-27T01:57:05+00:00">01:57:05</abbr></a>] &lt;<cite>ds2</cite>&gt; <q>of course, I am the one that write a LD_PRELOAD library to replace open/socket to redirect things to avoid recompiling everything in the system ;)</q></li>
<li class="quit">[<a href="#T01:58:13" id="T01:58:13"><abbr title="2009-10-27T01:58:13+00:00">01:58:13</abbr></a>] <span>* pfoetchen (n=pfoetche@188.46.25.107) Quit (Read error: 60 (Operation timed out))</span></li>
<li class="action">[<a href="#T02:02:39" id="T02:02:39"><abbr title="2009-10-27T02:02:39+00:00">02:02:39</abbr></a>] <span>* djlewis is on phone still..</span></li>
<li class="quit">[<a href="#T02:04:20" id="T02:04:20"><abbr title="2009-10-27T02:04:20+00:00">02:04:20</abbr></a>] <span>* cbrake (n=cbrake@oh-69-34-21-229.sta.embarqhsd.net) Quit (Read error: 60 (Operation timed out))</span></li>
<li class="quit">[<a href="#T02:09:02" id="T02:09:02"><abbr title="2009-10-27T02:09:02+00:00">02:09:02</abbr></a>] <span>* beagle_user (i=8107f9db@gateway/web/freenode/x-menftddhrjutyafy) Quit (Ping timeout: 180 seconds)</span></li>
<li class="message">[<a href="#T02:09:39" id="T02:09:39"><abbr title="2009-10-27T02:09:39+00:00">02:09:39</abbr></a>] &lt;<cite>ds2</cite>&gt; <q>Hmmm beagle user... wonder if the beagle is smoked, injected, or inhaled... ;)</q></li>
<li class="join">[<a href="#T02:11:23" id="T02:11:23"><abbr title="2009-10-27T02:11:23+00:00">02:11:23</abbr></a>] <span>* radhermit (n=radhermi@c-67-169-210-177.hsd1.or.comcast.net) has joined #beagle</span></li>
<li class="join">[<a href="#T02:14:38" id="T02:14:38"><abbr title="2009-10-27T02:14:38+00:00">02:14:38</abbr></a>] <span>* jeremychang (n=jeremy@61-30-10-70.static.tfn.net.tw) has joined #beagle</span></li>
<li class="message">[<a href="#T02:39:33" id="T02:39:33"><abbr title="2009-10-27T02:39:33+00:00">02:39:33</abbr></a>] &lt;<cite>torus</cite>&gt; <q>more tee</q></li>
<li class="join">[<a href="#T02:41:08" id="T02:41:08"><abbr title="2009-10-27T02:41:08+00:00">02:41:08</abbr></a>] <span>* wardred (n=wardred@75.142.253.144) has joined #beagle</span></li>
<li class="quit">[<a href="#T02:53:20" id="T02:53:20"><abbr title="2009-10-27T02:53:20+00:00">02:53:20</abbr></a>] <span>* crwper (n=crwper@d66-222-249-40.abhsia.telus.net) Quit (Remote closed the connection)</span></li>
<li class="join">[<a href="#T02:57:40" id="T02:57:40"><abbr title="2009-10-27T02:57:40+00:00">02:57:40</abbr></a>] <span>* rsalveti (n=rsalveti@189.115.171.103) has joined #beagle</span></li>
<li class="join">[<a href="#T02:59:42" id="T02:59:42"><abbr title="2009-10-27T02:59:42+00:00">02:59:42</abbr></a>] <span>* hiu (i=772f2ea0@gateway/web/freenode/x-qlpgicfbskesswjr) has joined #beagle</span></li>
<li class="quit">[<a href="#T03:00:15" id="T03:00:15"><abbr title="2009-10-27T03:00:15+00:00">03:00:15</abbr></a>] <span>* hiu (i=772f2ea0@gateway/web/freenode/x-qlpgicfbskesswjr) Quit (Client Quit)</span></li>
<li class="quit">[<a href="#T03:06:18" id="T03:06:18"><abbr title="2009-10-27T03:06:18+00:00">03:06:18</abbr></a>] <span>* robclark (n=robclark@nat/ti/x-xenxsocxptwptwhp) Quit ()</span></li>
<li class="nick-change">[<a href="#T03:11:23" id="T03:11:23"><abbr title="2009-10-27T03:11:23+00:00">03:11:23</abbr></a>] <span>* orbarron is now known as orbarron|OoO</span></li>
<li class="join">[<a href="#T03:11:42" id="T03:11:42"><abbr title="2009-10-27T03:11:42+00:00">03:11:42</abbr></a>] <span>* David___ (i=4c631c65@gateway/web/freenode/x-jaclupwjoynmcgug) has joined #beagle</span></li>
<li class="quit">[<a href="#T03:13:57" id="T03:13:57"><abbr title="2009-10-27T03:13:57+00:00">03:13:57</abbr></a>] <span>* GrizzlyAdams (n=Grizzly@68.230.167.28) Quit ("Leaving.")</span></li>
<li class="message">[<a href="#T03:14:32" id="T03:14:32"><abbr title="2009-10-27T03:14:32+00:00">03:14:32</abbr></a>] &lt;<cite>Barts_</cite>&gt; <q>ds2, djlewis: in order to make the change after the typo, that line requires that capture be compiled ahead of time. however i can't get capture to compile because of the cvSaveImage parameter issues</q></li>
<li class="quit">[<a href="#T03:15:07" id="T03:15:07"><abbr title="2009-10-27T03:15:07+00:00">03:15:07</abbr></a>] <span>* RobotGuy (n=n7pkt@pool-173-50-247-236.ptldor.fios.verizon.net) Quit (Remote closed the connection)</span></li>
<li class="quit">[<a href="#T03:16:06" id="T03:16:06"><abbr title="2009-10-27T03:16:06+00:00">03:16:06</abbr></a>] <span>* mru (n=mru@hotblack.mansr.com) Quit (orwell.freenode.net irc.freenode.net)</span></li>
<li class="quit">[<abbr title="2009-10-27T03:16:06+00:00">03:16:06</abbr>] <span>* sli_ (n=sli@195.6.193.205) Quit (orwell.freenode.net irc.freenode.net)</span></li>
<li class="quit">[<abbr title="2009-10-27T03:16:06+00:00">03:16:06</abbr>] <span>* GPSFan (n=kenm@64.92.145.112) Quit (orwell.freenode.net irc.freenode.net)</span></li>
<li class="quit">[<abbr title="2009-10-27T03:16:06+00:00">03:16:06</abbr>] <span>* tsjsieb (n=tsjsieb@dejongbeheer.nl) Quit (orwell.freenode.net irc.freenode.net)</span></li>
<li class="quit">[<abbr title="2009-10-27T03:16:06+00:00">03:16:06</abbr>] <span>* Yuvi (n=yuvi@resnet-234-148.resnet.umbc.edu) Quit (orwell.freenode.net irc.freenode.net)</span></li>
<li class="quit">[<abbr title="2009-10-27T03:16:06+00:00">03:16:06</abbr>] <span>* torus (n=nils@c215225.adsl.hansenet.de) Quit (orwell.freenode.net irc.freenode.net)</span></li>
<li class="quit">[<abbr title="2009-10-27T03:16:06+00:00">03:16:06</abbr>] <span>* dl9pf (n=dl9pf@opensuse/member/dl9pf) Quit (orwell.freenode.net irc.freenode.net)</span></li>
<li class="quit">[<abbr title="2009-10-27T03:16:06+00:00">03:16:06</abbr>] <span>* Stskeepz (n=chobits@pc-10-195.skjoldhoej.dk) Quit (orwell.freenode.net irc.freenode.net)</span></li>
<li class="quit">[<abbr title="2009-10-27T03:16:06+00:00">03:16:06</abbr>] <span>* _av500_ (i=vladimir@dk0td.afthd.tu-darmstadt.de) Quit (orwell.freenode.net irc.freenode.net)</span></li>
<li class="quit">[<abbr title="2009-10-27T03:16:06+00:00">03:16:06</abbr>] <span>* jkridner (n=jason@adsl-99-29-151-95.dsl.sfldmi.sbcglobal.net) Quit (orwell.freenode.net irc.freenode.net)</span></li>
<li class="quit">[<abbr title="2009-10-27T03:16:06+00:00">03:16:06</abbr>] <span>* DesktopMa (i=DesktopM@hybellovas250.grm.hia.no) Quit (orwell.freenode.net irc.freenode.net)</span></li>
<li class="quit">[<abbr title="2009-10-27T03:16:06+00:00">03:16:06</abbr>] <span>* mrec (n=mrec@carstoponline.de) Quit (orwell.freenode.net irc.freenode.net)</span></li>
<li class="quit">[<abbr title="2009-10-27T03:16:06+00:00">03:16:06</abbr>] <span>* Donald-- (i=donald82@xob.kapsi.fi) Quit (orwell.freenode.net irc.freenode.net)</span></li>
<li class="quit">[<abbr title="2009-10-27T03:16:06+00:00">03:16:06</abbr>] <span>* mrc3 (n=mrc3@nat/ti/x-tshyrdjlfjpdkcit) Quit (orwell.freenode.net irc.freenode.net)</span></li>
<li class="quit">[<abbr title="2009-10-27T03:16:06+00:00">03:16:06</abbr>] <span>* mpr (n=mpr@aggr.com) Quit (orwell.freenode.net irc.freenode.net)</span></li>
<li class="quit">[<abbr title="2009-10-27T03:16:06+00:00">03:16:06</abbr>] <span>* jserv-- (n=jserv@61-30-10-70.static.tfn.net.tw) Quit (orwell.freenode.net irc.freenode.net)</span></li>
<li class="quit">[<abbr title="2009-10-27T03:16:06+00:00">03:16:06</abbr>] <span>* guillaum1 (n=gl@AMontsouris-153-1-81-80.w90-2.abo.wanadoo.fr) Quit (orwell.freenode.net irc.freenode.net)</span></li>
<li class="quit">[<abbr title="2009-10-27T03:16:06+00:00">03:16:06</abbr>] <span>* prpplague_afk (n=Dave@adsl-76-255-94-48.dsl.rcsntx.sbcglobal.net) Quit (orwell.freenode.net irc.freenode.net)</span></li>
<li class="quit">[<abbr title="2009-10-27T03:16:06+00:00">03:16:06</abbr>] <span>* WAHa_06x36 (n=dag@zhaan.cs.abo.fi) Quit (orwell.freenode.net irc.freenode.net)</span></li>
<li class="quit">[<abbr title="2009-10-27T03:16:06+00:00">03:16:06</abbr>] <span>* ZeZu (n=zezu@24.14.8.186) Quit (orwell.freenode.net irc.freenode.net)</span></li>
<li class="quit">[<abbr title="2009-10-27T03:16:06+00:00">03:16:06</abbr>] <span>* _courville_ (n=marc@courville.org) Quit (orwell.freenode.net irc.freenode.net)</span></li>
<li class="quit">[<abbr title="2009-10-27T03:16:06+00:00">03:16:06</abbr>] <span>* Kayin (i=mverstee@shell2.skyberate.net) Quit (orwell.freenode.net irc.freenode.net)</span></li>
<li class="quit">[<abbr title="2009-10-27T03:16:06+00:00">03:16:06</abbr>] <span>* armin76 (n=armin@gentoo/developer/armin76) Quit (orwell.freenode.net irc.freenode.net)</span></li>
<li class="quit">[<abbr title="2009-10-27T03:16:06+00:00">03:16:06</abbr>] <span>* DJWillis (i=djwillis@82-46-19-72.cable.ubr02.bath.blueyonder.co.uk) Quit (orwell.freenode.net irc.freenode.net)</span></li>
<li class="quit">[<abbr title="2009-10-27T03:16:06+00:00">03:16:06</abbr>] <span>* prpplague (n=dave123_@ppp-70-244-160-157.dsl.rcsntx.swbell.net) Quit (orwell.freenode.net irc.freenode.net)</span></li>
<li class="quit">[<abbr title="2009-10-27T03:16:06+00:00">03:16:06</abbr>] <span>* boto|afk (n=abotorab@proxye.avm.de) Quit (orwell.freenode.net irc.freenode.net)</span></li>
<li class="quit">[<abbr title="2009-10-27T03:16:06+00:00">03:16:06</abbr>] <span>* Guest58652 (n=magnet@AMontpellier-553-1-70-239.w90-0.abo.wanadoo.fr) Quit (orwell.freenode.net irc.freenode.net)</span></li>
<li class="quit">[<abbr title="2009-10-27T03:16:06+00:00">03:16:06</abbr>] <span>* trax- (n=trax@www.clubnix.fr) Quit (orwell.freenode.net irc.freenode.net)</span></li>
<li class="quit">[<abbr title="2009-10-27T03:16:06+00:00">03:16:06</abbr>] <span>* ds2 (i=noinf@netblock-66-245-251-24.dslextreme.com) Quit (orwell.freenode.net irc.freenode.net)</span></li>
<li class="quit">[<abbr title="2009-10-27T03:16:06+00:00">03:16:06</abbr>] <span>* Sept (n=bakljg@c-98-240-226-129.hsd1.mn.comcast.net) Quit (orwell.freenode.net irc.freenode.net)</span></li>
<li class="quit">[<abbr title="2009-10-27T03:16:06+00:00">03:16:06</abbr>] <span>* wardred (n=wardred@75.142.253.144) Quit (orwell.freenode.net irc.freenode.net)</span></li>
<li class="quit">[<abbr title="2009-10-27T03:16:06+00:00">03:16:06</abbr>] <span>* finseteb_ (n=eric@miles.jfet.net) Quit (orwell.freenode.net irc.freenode.net)</span></li>
<li class="quit">[<abbr title="2009-10-27T03:16:06+00:00">03:16:06</abbr>] <span>* gcarrier (n=gcarrier@archlinux/trusteduser/GCarrier) Quit (orwell.freenode.net irc.freenode.net)</span></li>
<li class="quit">[<abbr title="2009-10-27T03:16:06+00:00">03:16:06</abbr>] <span>* Yarrick (i=kvarting@rankine.df.lth.se) Quit (orwell.freenode.net irc.freenode.net)</span></li>
<li class="quit">[<abbr title="2009-10-27T03:16:06+00:00">03:16:06</abbr>] <span>* jdog (i=jdog@j4son.org) Quit (orwell.freenode.net irc.freenode.net)</span></li>
<li class="quit">[<abbr title="2009-10-27T03:16:06+00:00">03:16:06</abbr>] <span>* radhermit (n=radhermi@c-67-169-210-177.hsd1.or.comcast.net) Quit (orwell.freenode.net irc.freenode.net)</span></li>
<li class="quit">[<abbr title="2009-10-27T03:16:06+00:00">03:16:06</abbr>] <span>* ShadowJK (i=jk@terminus.enivax.net) Quit (orwell.freenode.net irc.freenode.net)</span></li>
<li class="action">[<a href="#T03:16:07" id="T03:16:07"><abbr title="2009-10-27T03:16:07+00:00">03:16:07</abbr></a>] <span>* djlewis still on call</span></li>
<li class="message">[<abbr title="2009-10-27T03:16:07+00:00">03:16:07</abbr>] &lt;<cite>djlewis</cite>&gt; <q>bbif</q></li>
<li class="join">[<a href="#T03:17:28" id="T03:17:28"><abbr title="2009-10-27T03:17:28+00:00">03:17:28</abbr></a>] <span>* ShadowJK (i=jk@terminus.enivax.net) has joined #beagle</span></li>
<li class="join">[<a href="#T03:19:44" id="T03:19:44"><abbr title="2009-10-27T03:19:44+00:00">03:19:44</abbr></a>] <span>* wardred (n=wardred@75.142.253.144) has joined #beagle</span></li>
<li class="join">[<abbr title="2009-10-27T03:19:44+00:00">03:19:44</abbr>] <span>* mru (n=mru@hotblack.mansr.com) has joined #beagle</span></li>
<li class="join">[<abbr title="2009-10-27T03:19:44+00:00">03:19:44</abbr>] <span>* jserv-- (n=jserv@61-30-10-70.static.tfn.net.tw) has joined #beagle</span></li>
<li class="join">[<abbr title="2009-10-27T03:19:44+00:00">03:19:44</abbr>] <span>* prpplague (n=dave123_@ppp-70-244-160-157.dsl.rcsntx.swbell.net) has joined #beagle</span></li>
<li class="join">[<abbr title="2009-10-27T03:19:44+00:00">03:19:44</abbr>] <span>* torus (n=nils@c215225.adsl.hansenet.de) has joined #beagle</span></li>
<li class="join">[<abbr title="2009-10-27T03:19:44+00:00">03:19:44</abbr>] <span>* dl9pf (n=dl9pf@opensuse/member/dl9pf) has joined #beagle</span></li>
<li class="join">[<abbr title="2009-10-27T03:19:44+00:00">03:19:44</abbr>] <span>* Stskeepz (n=chobits@pc-10-195.skjoldhoej.dk) has joined #beagle</span></li>
<li class="join">[<abbr title="2009-10-27T03:19:44+00:00">03:19:44</abbr>] <span>* guillaum1 (n=gl@AMontsouris-153-1-81-80.w90-2.abo.wanadoo.fr) has joined #beagle</span></li>
<li class="join">[<abbr title="2009-10-27T03:19:44+00:00">03:19:44</abbr>] <span>* boto|afk (n=abotorab@proxye.avm.de) has joined #beagle</span></li>
<li class="join">[<abbr title="2009-10-27T03:19:44+00:00">03:19:44</abbr>] <span>* sli_ (n=sli@195.6.193.205) has joined #beagle</span></li>
<li class="join">[<abbr title="2009-10-27T03:19:44+00:00">03:19:44</abbr>] <span>* prpplague_afk (n=Dave@adsl-76-255-94-48.dsl.rcsntx.sbcglobal.net) has joined #beagle</span></li>
<li class="join">[<abbr title="2009-10-27T03:19:44+00:00">03:19:44</abbr>] <span>* GPSFan (n=kenm@64.92.145.112) has joined #beagle</span></li>
<li class="join">[<abbr title="2009-10-27T03:19:44+00:00">03:19:44</abbr>] <span>* WAHa_06x36 (n=dag@zhaan.cs.abo.fi) has joined #beagle</span></li>
<li class="join">[<abbr title="2009-10-27T03:19:44+00:00">03:19:44</abbr>] <span>* Yuvi (n=yuvi@resnet-234-148.resnet.umbc.edu) has joined #beagle</span></li>
<li class="join">[<abbr title="2009-10-27T03:19:44+00:00">03:19:44</abbr>] <span>* tsjsieb (n=tsjsieb@dejongbeheer.nl) has joined #beagle</span></li>
<li class="join">[<abbr title="2009-10-27T03:19:44+00:00">03:19:44</abbr>] <span>* ZeZu (n=zezu@24.14.8.186) has joined #beagle</span></li>
<li class="join">[<abbr title="2009-10-27T03:19:44+00:00">03:19:44</abbr>] <span>* _courville_ (n=marc@courville.org) has joined #beagle</span></li>
<li class="join">[<abbr title="2009-10-27T03:19:44+00:00">03:19:44</abbr>] <span>* _av500_ (i=vladimir@dk0td.afthd.tu-darmstadt.de) has joined #beagle</span></li>
<li class="join">[<abbr title="2009-10-27T03:19:44+00:00">03:19:44</abbr>] <span>* Kayin (i=mverstee@shell2.skyberate.net) has joined #beagle</span></li>
<li class="join">[<abbr title="2009-10-27T03:19:44+00:00">03:19:44</abbr>] <span>* jkridner (n=jason@adsl-99-29-151-95.dsl.sfldmi.sbcglobal.net) has joined #beagle</span></li>
<li class="join">[<abbr title="2009-10-27T03:19:44+00:00">03:19:44</abbr>] <span>* DesktopMa (i=DesktopM@hybellovas250.grm.hia.no) has joined #beagle</span></li>
<li class="join">[<abbr title="2009-10-27T03:19:44+00:00">03:19:44</abbr>] <span>* armin76 (n=armin@gentoo/developer/armin76) has joined #beagle</span></li>
<li class="join">[<abbr title="2009-10-27T03:19:44+00:00">03:19:44</abbr>] <span>* mrec (n=mrec@carstoponline.de) has joined #beagle</span></li>
<li class="join">[<abbr title="2009-10-27T03:19:44+00:00">03:19:44</abbr>] <span>* Guest58652 (n=magnet@AMontpellier-553-1-70-239.w90-0.abo.wanadoo.fr) has joined #beagle</span></li>
<li class="join">[<abbr title="2009-10-27T03:19:44+00:00">03:19:44</abbr>] <span>* finseteb_ (n=eric@miles.jfet.net) has joined #beagle</span></li>
<li class="join">[<abbr title="2009-10-27T03:19:44+00:00">03:19:44</abbr>] <span>* DJWillis (i=djwillis@82-46-19-72.cable.ubr02.bath.blueyonder.co.uk) has joined #beagle</span></li>
<li class="join">[<abbr title="2009-10-27T03:19:44+00:00">03:19:44</abbr>] <span>* Donald-- (i=donald82@xob.kapsi.fi) has joined #beagle</span></li>
<li class="join">[<abbr title="2009-10-27T03:19:44+00:00">03:19:44</abbr>] <span>* mrc3 (n=mrc3@nat/ti/x-tshyrdjlfjpdkcit) has joined #beagle</span></li>
<li class="join">[<abbr title="2009-10-27T03:19:44+00:00">03:19:44</abbr>] <span>* mpr (n=mpr@aggr.com) has joined #beagle</span></li>
<li class="join">[<abbr title="2009-10-27T03:19:44+00:00">03:19:44</abbr>] <span>* trax- (n=trax@www.clubnix.fr) has joined #beagle</span></li>
<li class="join">[<abbr title="2009-10-27T03:19:44+00:00">03:19:44</abbr>] <span>* ds2 (i=noinf@netblock-66-245-251-24.dslextreme.com) has joined #beagle</span></li>
<li class="join">[<abbr title="2009-10-27T03:19:44+00:00">03:19:44</abbr>] <span>* Sept (n=bakljg@c-98-240-226-129.hsd1.mn.comcast.net) has joined #beagle</span></li>
<li class="join">[<abbr title="2009-10-27T03:19:44+00:00">03:19:44</abbr>] <span>* gcarrier (n=gcarrier@archlinux/trusteduser/GCarrier) has joined #beagle</span></li>
<li class="join">[<abbr title="2009-10-27T03:19:44+00:00">03:19:44</abbr>] <span>* Yarrick (i=kvarting@rankine.df.lth.se) has joined #beagle</span></li>
<li class="join">[<abbr title="2009-10-27T03:19:44+00:00">03:19:44</abbr>] <span>* jdog (i=jdog@j4son.org) has joined #beagle</span></li>
<li class="quit">[<a href="#T03:20:43" id="T03:20:43"><abbr title="2009-10-27T03:20:43+00:00">03:20:43</abbr></a>] <span>* Yuvi (n=yuvi@resnet-234-148.resnet.umbc.edu) Quit ()</span></li>
<li class="message">[<a href="#T03:20:44" id="T03:20:44"><abbr title="2009-10-27T03:20:44+00:00">03:20:44</abbr></a>] &lt;<cite>ds2</cite>&gt; <q>!!!!!!!!!!!!!!!!!!!</q></li>
<li class="join">[<a href="#T03:20:45" id="T03:20:45"><abbr title="2009-10-27T03:20:45+00:00">03:20:45</abbr></a>] <span>* Yuvi (n=yuvi@resnet-234-148.resnet.UMBC.EDU) has joined #beagle</span></li>
<li class="part">[<a href="#T03:23:53" id="T03:23:53"><abbr title="2009-10-27T03:23:53+00:00">03:23:53</abbr></a>] <span>* Guest6327 (n=David@nat/ti/x-oyfdzvktldavjyvz) has left #beagle</span></li>
<li class="message">[<a href="#T03:28:01" id="T03:28:01"><abbr title="2009-10-27T03:28:01+00:00">03:28:01</abbr></a>] &lt;<cite>ds</cite>&gt; <q>clearly</q></li>
<li class="join">[<a href="#T03:31:26" id="T03:31:26"><abbr title="2009-10-27T03:31:26+00:00">03:31:26</abbr></a>] <span>* radhermit (n=radhermi@c-67-169-210-177.hsd1.or.comcast.net) has joined #beagle</span></li>
<li class="message">[<a href="#T03:34:14" id="T03:34:14"><abbr title="2009-10-27T03:34:14+00:00">03:34:14</abbr></a>] &lt;<cite>djlewis</cite>&gt; <q>talking my mom through her first computer backup == done</q></li>
<li class="message">[<a href="#T03:34:29" id="T03:34:29"><abbr title="2009-10-27T03:34:29+00:00">03:34:29</abbr></a>] &lt;<cite>djlewis</cite>&gt; <q>anyone still need me for something?</q></li>
<li class="message">[<a href="#T03:34:33" id="T03:34:33"><abbr title="2009-10-27T03:34:33+00:00">03:34:33</abbr></a>] &lt;<cite>ds2</cite>&gt; <q>9 track tape?</q></li>
<li class="message">[<a href="#T03:34:36" id="T03:34:36"><abbr title="2009-10-27T03:34:36+00:00">03:34:36</abbr></a>] &lt;<cite>Animule</cite>&gt; <q><a href="http://www.youtube.com/watch?v=Ovlru0WGyAA">http://www.youtube.com/watch?v=Ovlru0WGyAA</a></q></li>
<li class="message">[<a href="#T03:34:43" id="T03:34:43"><abbr title="2009-10-27T03:34:43+00:00">03:34:43</abbr></a>] &lt;<cite>djlewis</cite>&gt; <q>DVD/RW</q></li>
<li class="message">[<a href="#T03:35:08" id="T03:35:08"><abbr title="2009-10-27T03:35:08+00:00">03:35:08</abbr></a>] &lt;<cite>djlewis</cite>&gt; <q>2hrs on phone, my left ear is flattened</q></li>
<li class="message">[<a href="#T03:36:45" id="T03:36:45"><abbr title="2009-10-27T03:36:45+00:00">03:36:45</abbr></a>] &lt;<cite>prpplague</cite>&gt; <q>djlewis time for headset</q></li>
<li class="message">[<a href="#T03:37:12" id="T03:37:12"><abbr title="2009-10-27T03:37:12+00:00">03:37:12</abbr></a>] &lt;<cite>djlewis</cite>&gt; <q>prpplague: hehee, you got that right.</q></li>
<li class="message">[<a href="#T03:37:23" id="T03:37:23"><abbr title="2009-10-27T03:37:23+00:00">03:37:23</abbr></a>] &lt;<cite>djlewis</cite>&gt; <q>Barts_: still here?</q></li>
<li class="quit">[<a href="#T03:39:35" id="T03:39:35"><abbr title="2009-10-27T03:39:35+00:00">03:39:35</abbr></a>] <span>* torus (n=nils@c215225.adsl.hansenet.de) Quit (Remote closed the connection)</span></li>
<li class="message">[<a href="#T03:41:21" id="T03:41:21"><abbr title="2009-10-27T03:41:21+00:00">03:41:21</abbr></a>] &lt;<cite>djlewis</cite>&gt; <q>prpplague: it would have to be wired though. I am not ready to be assimilated.</q></li>
<li class="message">[<a href="#T03:42:21" id="T03:42:21"><abbr title="2009-10-27T03:42:21+00:00">03:42:21</abbr></a>] &lt;<cite>Animule</cite>&gt; <q>i just wander out to the truck and use the speakerphone :P</q></li>
<li class="message">[<a href="#T03:42:37" id="T03:42:37"><abbr title="2009-10-27T03:42:37+00:00">03:42:37</abbr></a>] &lt;<cite>prpplague</cite>&gt; <q>djlewis yea i have one for cordless phone</q></li>
<li class="message">[<a href="#T03:43:07" id="T03:43:07"><abbr title="2009-10-27T03:43:07+00:00">03:43:07</abbr></a>] &lt;<cite>djlewis</cite>&gt; <q>mom claims she cant hear me when I use spkr phone :( And I paid good money for the option.</q></li>
<li class="message">[<a href="#T03:43:49" id="T03:43:49"><abbr title="2009-10-27T03:43:49+00:00">03:43:49</abbr></a>] &lt;<cite>djlewis</cite>&gt; <q>sp prpplague fell victim to the Borg?</q></li>
<li class="message">[<a href="#T03:44:45" id="T03:44:45"><abbr title="2009-10-27T03:44:45+00:00">03:44:45</abbr></a>] &lt;<cite>prpplague</cite>&gt; <q>djlewis cordless phone, but wired headset</q></li>
<li class="message">[<a href="#T03:44:52" id="T03:44:52"><abbr title="2009-10-27T03:44:52+00:00">03:44:52</abbr></a>] &lt;<cite>prpplague</cite>&gt; <q>djlewis funny contradiction in terms</q></li>
<li class="message">[<a href="#T03:44:59" id="T03:44:59"><abbr title="2009-10-27T03:44:59+00:00">03:44:59</abbr></a>] &lt;<cite>djlewis</cite>&gt; <q>oh. me too.</q></li>
<li class="message">[<a href="#T03:45:02" id="T03:45:02"><abbr title="2009-10-27T03:45:02+00:00">03:45:02</abbr></a>] &lt;<cite>ds2</cite>&gt; <q>djlewis: you need a polycom ;)</q></li>
<li class="action">[<a href="#T03:45:14" id="T03:45:14"><abbr title="2009-10-27T03:45:14+00:00">03:45:14</abbr></a>] <span>* djlewis googles polycomm</span></li>
<li class="message">[<a href="#T03:46:16" id="T03:46:16"><abbr title="2009-10-27T03:46:16+00:00">03:46:16</abbr></a>] &lt;<cite>djlewis</cite>&gt; <q>a polycomm is so many things...</q></li>
<li class="message">[<a href="#T03:47:08" id="T03:47:08"><abbr title="2009-10-27T03:47:08+00:00">03:47:08</abbr></a>] &lt;<cite>djlewis</cite>&gt; <q>Ham radio, Video conf, Voip ...</q></li>
<li class="message">[<a href="#T03:47:53" id="T03:47:53"><abbr title="2009-10-27T03:47:53+00:00">03:47:53</abbr></a>] &lt;<cite>djlewis</cite>&gt; <q>I saw two m's</q></li>
<li class="message">[<a href="#T03:48:25" id="T03:48:25"><abbr title="2009-10-27T03:48:25+00:00">03:48:25</abbr></a>] &lt;<cite>djlewis</cite>&gt; <q>polycom kinda focuses on video conferencing.</q></li>
<li class="message">[<a href="#T03:48:54" id="T03:48:54"><abbr title="2009-10-27T03:48:54+00:00">03:48:54</abbr></a>] &lt;<cite>djlewis</cite>&gt; <q>we tried that. She has a webcam and mic and I do too. it didnt go over well.</q></li>
<li class="message">[<a href="#T03:49:22" id="T03:49:22"><abbr title="2009-10-27T03:49:22+00:00">03:49:22</abbr></a>] &lt;<cite>ds2</cite>&gt; <q>they have regular voice speaker phones</q></li>
<li class="message">[<a href="#T03:51:09" id="T03:51:09"><abbr title="2009-10-27T03:51:09+00:00">03:51:09</abbr></a>] &lt;<cite>djlewis</cite>&gt; <q>not nearly as good as the t3 Audio/video conference studio I setup that supported a LOT off users.</q></li>
<li class="message">[<a href="#T03:53:37" id="T03:53:37"><abbr title="2009-10-27T03:53:37+00:00">03:53:37</abbr></a>] &lt;<cite>ds2</cite>&gt; <q>yes but the polycomm are more of a phone that works well in a conference room </q></li>
<li class="message">[<a href="#T03:53:47" id="T03:53:47"><abbr title="2009-10-27T03:53:47+00:00">03:53:47</abbr></a>] &lt;<cite>ds2</cite>&gt; <q>I think their original stuff just plugs in</q></li>
<li class="message">[<a href="#T03:56:10" id="T03:56:10"><abbr title="2009-10-27T03:56:10+00:00">03:56:10</abbr></a>] &lt;<cite>djlewis</cite>&gt; <q>I setup this as part of the 'Access Grid' with Argonne National Laboratories</q></li>
