<li class="join">[<a href="#T00:02:12" id="T00:02:12"><abbr title="2009-06-27T00:02:12+00:00">00:02:12</abbr></a>] <span>* jrmuizel (n=jrmuizel@CPE001f5be79d0f-CM0017ee62f8b0.cpe.net.cable.rogers.com) has joined #beagle</span></li>
<li class="message">[<a href="#T00:10:26" id="T00:10:26"><abbr title="2009-06-27T00:10:26+00:00">00:10:26</abbr></a>] &lt;<cite>bobkatzz</cite>&gt; <q>Ain't it something? :P</q></li>
<li class="message">[<a href="#T00:10:53" id="T00:10:53"><abbr title="2009-06-27T00:10:53+00:00">00:10:53</abbr></a>] &lt;<cite>Musashimaru</cite>&gt; <q>??</q></li>
<li class="message">[<a href="#T00:11:19" id="T00:11:19"><abbr title="2009-06-27T00:11:19+00:00">00:11:19</abbr></a>] &lt;<cite>Musashimaru</cite>&gt; <q>sudo reboot</q></li>
<li class="message">[<a href="#T00:11:25" id="T00:11:25"><abbr title="2009-06-27T00:11:25+00:00">00:11:25</abbr></a>] &lt;<cite>Musashimaru</cite>&gt; <q>oups... sorry</q></li>
<li class="message">[<a href="#T00:11:26" id="T00:11:26"><abbr title="2009-06-27T00:11:26+00:00">00:11:26</abbr></a>] &lt;<cite>djlewis</cite>&gt; <q>I do taht all the time</q></li>
<li class="message">[<a href="#T00:11:30" id="T00:11:30"><abbr title="2009-06-27T00:11:30+00:00">00:11:30</abbr></a>] &lt;<cite>Musashimaru</cite>&gt; <q>wrong keyboard</q></li>
<li class="message">[<a href="#T00:11:53" id="T00:11:53"><abbr title="2009-06-27T00:11:53+00:00">00:11:53</abbr></a>] &lt;<cite>djlewis</cite>&gt; <q>been there, done that and I will again darnit..  :P</q></li>
<li class="message">[<a href="#T00:13:21" id="T00:13:21"><abbr title="2009-06-27T00:13:21+00:00">00:13:21</abbr></a>] &lt;<cite>djlewis</cite>&gt; <q>Probably do it after dinner when I begin to play around with my BB</q></li>
<li class="action">[<a href="#T00:14:40" id="T00:14:40"><abbr title="2009-06-27T00:14:40+00:00">00:14:40</abbr></a>] <span>* javaJake puts his bets down for: 20:34 &lt; djlewis&gt; ls</span></li>
<li class="join">[<abbr title="2009-06-27T00:14:40+00:00">00:14:40</abbr>] <span>* Batko_Marto (n=Batko_Ma@CPE001346f996d2-CM001e6b1a8d1e.cpe.net.cable.rogers.com) has joined #beagle</span></li>
<li class="message">[<a href="#T00:14:42" id="T00:14:42"><abbr title="2009-06-27T00:14:42+00:00">00:14:42</abbr></a>] &lt;<cite>javaJake</cite>&gt; <q>;)</q></li>
<li class="message">[<a href="#T00:15:18" id="T00:15:18"><abbr title="2009-06-27T00:15:18+00:00">00:15:18</abbr></a>] &lt;<cite>djlewis</cite>&gt; <q>ummm, could be javaJake</q></li>
<li class="nick-change">[<a href="#T00:16:13" id="T00:16:13"><abbr title="2009-06-27T00:16:13+00:00">00:16:13</abbr></a>] <span>* fulgas is now known as FuL|OUT</span></li>
<li class="quit">[<a href="#T00:19:44" id="T00:19:44"><abbr title="2009-06-27T00:19:44+00:00">00:19:44</abbr></a>] <span>* greyback (n=greyback@ip-83-147-165-234.dub-3rk1.metro.digiweb.ie) Quit ()</span></li>
<li class="join">[<a href="#T00:23:07" id="T00:23:07"><abbr title="2009-06-27T00:23:07+00:00">00:23:07</abbr></a>] <span>* flavioribeiro (n=flaviori@201-15-153-199.paemt705.dsl.brasiltelecom.net.br) has joined #beagle</span></li>
<li class="join">[<a href="#T00:26:50" id="T00:26:50"><abbr title="2009-06-27T00:26:50+00:00">00:26:50</abbr></a>] <span>* greyback (n=greyback@ip-83-147-165-234.dub-3rk1.metro.digiweb.ie) has joined #beagle</span></li>
<li class="quit">[<a href="#T00:26:54" id="T00:26:54"><abbr title="2009-06-27T00:26:54+00:00">00:26:54</abbr></a>] <span>* greyback (n=greyback@ip-83-147-165-234.dub-3rk1.metro.digiweb.ie) Quit (Remote closed the connection)</span></li>
<li class="quit">[<a href="#T00:27:48" id="T00:27:48"><abbr title="2009-06-27T00:27:48+00:00">00:27:48</abbr></a>] <span>* scruggs (n=chris@75-121-80-175.dyn.centurytel.net) Quit (Read error: 110 (Connection timed out))</span></li>
<li class="quit">[<a href="#T00:28:07" id="T00:28:07"><abbr title="2009-06-27T00:28:07+00:00">00:28:07</abbr></a>] <span>* jrmuizel (n=jrmuizel@CPE001f5be79d0f-CM0017ee62f8b0.cpe.net.cable.rogers.com) Quit ()</span></li>
<li class="join">[<a href="#T00:30:16" id="T00:30:16"><abbr title="2009-06-27T00:30:16+00:00">00:30:16</abbr></a>] <span>* flavioribeiro_ (n=flaviori@201.15.159.220) has joined #beagle</span></li>
<li class="join">[<a href="#T00:31:10" id="T00:31:10"><abbr title="2009-06-27T00:31:10+00:00">00:31:10</abbr></a>] <span>* jrmuizel (n=jrmuizel@CPE001f5be79d0f-CM0017ee62f8b0.cpe.net.cable.rogers.com) has joined #beagle</span></li>
<li class="join">[<a href="#T00:34:50" id="T00:34:50"><abbr title="2009-06-27T00:34:50+00:00">00:34:50</abbr></a>] <span>* Shivdas (n=embinux@144.190.201.250) has joined #beagle</span></li>
<li class="message">[<a href="#T00:36:32" id="T00:36:32"><abbr title="2009-06-27T00:36:32+00:00">00:36:32</abbr></a>] &lt;<cite>Shivdas</cite>&gt; <q>Hi Does anyone know how much hardware support Cortex-A8 has for handling alignment traps</q></li>
<li class="message">[<a href="#T00:38:54" id="T00:38:54"><abbr title="2009-06-27T00:38:54+00:00">00:38:54</abbr></a>] &lt;<cite>vlad_</cite>&gt; <q>I don't think it has any</q></li>
<li class="quit">[<a href="#T00:40:58" id="T00:40:58"><abbr title="2009-06-27T00:40:58+00:00">00:40:58</abbr></a>] <span>* julianoliver (n=julian@213.Red-83-55-248.dynamicIP.rima-tde.net) Quit (Read error: 110 (Connection timed out))</span></li>
<li class="part">[<a href="#T00:46:17" id="T00:46:17"><abbr title="2009-06-27T00:46:17+00:00">00:46:17</abbr></a>] <span>* emeb (n=ericb@ip72-223-90-212.ph.ph.cox.net) has left #beagle</span></li>
<li class="quit">[<a href="#T00:51:04" id="T00:51:04"><abbr title="2009-06-27T00:51:04+00:00">00:51:04</abbr></a>] <span>* lcuk (i=lcuk@cpc3-oldh7-0-0-cust590.manc.cable.ntl.com) Quit ("Leaving")</span></li>
<li class="quit">[<a href="#T00:51:39" id="T00:51:39"><abbr title="2009-06-27T00:51:39+00:00">00:51:39</abbr></a>] <span>* bobkatzz (n=bobkatzz@c-24-127-13-167.hsd1.va.comcast.net) Quit (Read error: 110 (Connection timed out))</span></li>
<li class="quit">[<a href="#T00:51:41" id="T00:51:41"><abbr title="2009-06-27T00:51:41+00:00">00:51:41</abbr></a>] <span>* flavioribeiro (n=flaviori@201-15-153-199.paemt705.dsl.brasiltelecom.net.br) Quit (Read error: 110 (Connection timed out))</span></li>
<li class="nick-change">[<a href="#T00:52:09" id="T00:52:09"><abbr title="2009-06-27T00:52:09+00:00">00:52:09</abbr></a>] <span>* flavioribeiro_ is now known as flavioribeiro</span></li>
<li class="quit">[<a href="#T00:57:58" id="T00:57:58"><abbr title="2009-06-27T00:57:58+00:00">00:57:58</abbr></a>] <span>* jrmuizel (n=jrmuizel@CPE001f5be79d0f-CM0017ee62f8b0.cpe.net.cable.rogers.com) Quit ()</span></li>
