<li class="join">[<a href="#T00:01:00" id="T00:01:00"><abbr title="2009-05-28T00:01:00+00:00">00:01:00</abbr></a>] <span>* jrmuizel (n=jrmuizel@CPE001f5be79d0f-CM0017ee62f8b0.cpe.net.cable.rogers.com) has joined #beagle</span></li>
<li class="join">[<a href="#T00:02:12" id="T00:02:12"><abbr title="2009-05-28T00:02:12+00:00">00:02:12</abbr></a>] <span>* lifeeth (n=praneeth@unaffiliated/lifeeth) has joined #beagle</span></li>
<li class="quit">[<a href="#T00:06:45" id="T00:06:45"><abbr title="2009-05-28T00:06:45+00:00">00:06:45</abbr></a>] <span>* {ISoul-O} (n=ISoul-W@d64-180-64-121.bchsia.telus.net) Quit ("?I-n-v-i-s-i-o-n? 3.0 (March '08)")</span></li>
<li class="join">[<a href="#T00:34:30" id="T00:34:30"><abbr title="2009-05-28T00:34:30+00:00">00:34:30</abbr></a>] <span>* hardikdoshi (i=11f4286d@gateway/web/ajax/mibbit.com/x-1a15030f7a4e057d) has joined #beagle</span></li>
<li class="join">[<a href="#T00:37:05" id="T00:37:05"><abbr title="2009-05-28T00:37:05+00:00">00:37:05</abbr></a>] <span>* jkridner|work (n=a0321898@nat/ti/x-4951463be5307504) has joined #beagle</span></li>
<li class="quit">[<a href="#T00:37:07" id="T00:37:07"><abbr title="2009-05-28T00:37:07+00:00">00:37:07</abbr></a>] <span>* doshi (i=11ce12bb@gateway/web/ajax/mibbit.com/x-aa57fff085df6557) Quit ("<a href="http://www.mibbit.com">http://www.mibbit.com</a> ajax IRC Client")</span></li>
<li class="quit">[<a href="#T00:39:07" id="T00:39:07"><abbr title="2009-05-28T00:39:07+00:00">00:39:07</abbr></a>] <span>* hardikdoshi (i=11f4286d@gateway/web/ajax/mibbit.com/x-1a15030f7a4e057d) Quit (Client Quit)</span></li>
<li class="quit">[<a href="#T01:00:47" id="T01:00:47"><abbr title="2009-05-28T01:00:47+00:00">01:00:47</abbr></a>] <span>* pfoetchen (n=pfoetche@dslb-088-067-161-091.pools.arcor-ip.net) Quit ("leaving")</span></li>
<li class="quit">[<a href="#T01:01:25" id="T01:01:25"><abbr title="2009-05-28T01:01:25+00:00">01:01:25</abbr></a>] <span>* Ragha (n=Ragha@nat/ti/x-442cdec551e1e2f0) Quit ("Leaving")</span></li>
<li class="nick-change">[<a href="#T01:03:13" id="T01:03:13"><abbr title="2009-05-28T01:03:13+00:00">01:03:13</abbr></a>] <span>* ali_as is now known as as_leep</span></li>
<li class="quit">[<a href="#T01:11:31" id="T01:11:31"><abbr title="2009-05-28T01:11:31+00:00">01:11:31</abbr></a>] <span>* jrmuizel (n=jrmuizel@CPE001f5be79d0f-CM0017ee62f8b0.cpe.net.cable.rogers.com) Quit ()</span></li>
<li class="join">[<a href="#T01:15:11" id="T01:15:11"><abbr title="2009-05-28T01:15:11+00:00">01:15:11</abbr></a>] <span>* jrmuizel (n=jrmuizel@CPE001f5be79d0f-CM0017ee62f8b0.cpe.net.cable.rogers.com) has joined #beagle</span></li>
<li class="join">[<a href="#T01:17:29" id="T01:17:29"><abbr title="2009-05-28T01:17:29+00:00">01:17:29</abbr></a>] <span>* gzp (i=601b2900@gateway/web/ajax/mibbit.com/x-f0de2246e6a165e4) has joined #beagle</span></li>
<li class="message">[<a href="#T01:20:23" id="T01:20:23"><abbr title="2009-05-28T01:20:23+00:00">01:20:23</abbr></a>] &lt;<cite>gzp</cite>&gt; <q>bah, My ethernet question was not very well answered by the FAQ... Is that all there is to it? or was there more thought into not having an ethernet controller?</q></li>
<li class="quit">[<a href="#T01:28:40" id="T01:28:40"><abbr title="2009-05-28T01:28:40+00:00">01:28:40</abbr></a>] <span>* gzp (i=601b2900@gateway/web/ajax/mibbit.com/x-f0de2246e6a165e4) Quit ("<a href="http://www.mibbit.com">http://www.mibbit.com</a> ajax IRC Client")</span></li>
<li class="quit">[<a href="#T01:39:56" id="T01:39:56"><abbr title="2009-05-28T01:39:56+00:00">01:39:56</abbr></a>] <span>* robtow (n=rtow1@nat/montavista/x-fe8080de64fa259e) Quit (Remote closed the connection)</span></li>
<li class="join">[<a href="#T01:40:26" id="T01:40:26"><abbr title="2009-05-28T01:40:26+00:00">01:40:26</abbr></a>] <span>* robtow (n=rtow1@nat/montavista/x-f120d2f7d0508524) has joined #beagle</span></li>
<li class="join">[<a href="#T01:41:12" id="T01:41:12"><abbr title="2009-05-28T01:41:12+00:00">01:41:12</abbr></a>] <span>* khasim (n=a0393720@192.163.20.231) has joined #beagle</span></li>
<li class="quit">[<a href="#T01:43:50" id="T01:43:50"><abbr title="2009-05-28T01:43:50+00:00">01:43:50</abbr></a>] <span>* _Lucretia_ (n=Lucretia@5ac2a2aa.bb.sky.com) Quit (Read error: 113 (No route to host))</span></li>
<li class="part">[<a href="#T01:44:52" id="T01:44:52"><abbr title="2009-05-28T01:44:52+00:00">01:44:52</abbr></a>] <span>* emeb (n=ericb@ip72-223-90-212.ph.ph.cox.net) has left #beagle</span></li>
<li class="join">[<a href="#T01:47:21" id="T01:47:21"><abbr title="2009-05-28T01:47:21+00:00">01:47:21</abbr></a>] <span>* jeremychang (n=jeremych@61.57.131.211) has joined #beagle</span></li>
<li class="join">[<a href="#T01:47:43" id="T01:47:43"><abbr title="2009-05-28T01:47:43+00:00">01:47:43</abbr></a>] <span>* mib_6ak219 (i=4cbb3969@gateway/web/ajax/mibbit.com/x-2b701193884ec119) has joined #beagle</span></li>
<li class="join">[<a href="#T01:47:44" id="T01:47:44"><abbr title="2009-05-28T01:47:44+00:00">01:47:44</abbr></a>] <span>* mib_35l3au (i=4cbb3969@gateway/web/ajax/mibbit.com/x-f91da1685e623b92) has joined #beagle</span></li>
<li class="quit">[<a href="#T01:49:09" id="T01:49:09"><abbr title="2009-05-28T01:49:09+00:00">01:49:09</abbr></a>] <span>* jrmuizel (n=jrmuizel@CPE001f5be79d0f-CM0017ee62f8b0.cpe.net.cable.rogers.com) Quit ()</span></li>
<li class="quit">[<a href="#T01:50:46" id="T01:50:46"><abbr title="2009-05-28T01:50:46+00:00">01:50:46</abbr></a>] <span>* robclark (n=robclark@nat/ti/x-03b6cec12486ecce) Quit (kornbluth.freenode.net irc.freenode.net)</span></li>
<li class="quit">[<abbr title="2009-05-28T01:50:46+00:00">01:50:46</abbr>] <span>* mranostay (n=mranosta@rrcs-74-219-131-28.central.biz.rr.com) Quit (kornbluth.freenode.net irc.freenode.net)</span></li>
<li class="quit">[<abbr title="2009-05-28T01:50:46+00:00">01:50:46</abbr>] <span>* AakashPatel (n=AakashPa@unaffiliated/aakashpatel) Quit (kornbluth.freenode.net irc.freenode.net)</span></li>
<li class="quit">[<abbr title="2009-05-28T01:50:46+00:00">01:50:46</abbr>] <span>* Pavlov (n=pavlov@67.196.136.173) Quit (kornbluth.freenode.net irc.freenode.net)</span></li>
<li class="quit">[<abbr title="2009-05-28T01:50:46+00:00">01:50:46</abbr>] <span>* ds2 (i=noinf@netblock-66-245-251-24.dslextreme.com) Quit (kornbluth.freenode.net irc.freenode.net)</span></li>
<li class="join">[<a href="#T01:51:03" id="T01:51:03"><abbr title="2009-05-28T01:51:03+00:00">01:51:03</abbr></a>] <span>* robclark (n=robclark@nat/ti/x-03b6cec12486ecce) has joined #beagle</span></li>
<li class="join">[<abbr title="2009-05-28T01:51:03+00:00">01:51:03</abbr>] <span>* mranostay (n=mranosta@rrcs-74-219-131-28.central.biz.rr.com) has joined #beagle</span></li>
<li class="join">[<abbr title="2009-05-28T01:51:03+00:00">01:51:03</abbr>] <span>* AakashPatel (n=AakashPa@unaffiliated/aakashpatel) has joined #beagle</span></li>
<li class="join">[<abbr title="2009-05-28T01:51:03+00:00">01:51:03</abbr>] <span>* Pavlov (n=pavlov@67.196.136.173) has joined #beagle</span></li>
<li class="join">[<abbr title="2009-05-28T01:51:03+00:00">01:51:03</abbr>] <span>* ds2 (i=noinf@netblock-66-245-251-24.dslextreme.com) has joined #beagle</span></li>
<li class="quit">[<a href="#T01:52:22" id="T01:52:22"><abbr title="2009-05-28T01:52:22+00:00">01:52:22</abbr></a>] <span>* mranostay (n=mranosta@rrcs-74-219-131-28.central.biz.rr.com) Quit (Read error: 60 (Operation timed out))</span></li>
<li class="quit">[<a href="#T01:53:27" id="T01:53:27"><abbr title="2009-05-28T01:53:27+00:00">01:53:27</abbr></a>] <span>* mib_6ak219 (i=4cbb3969@gateway/web/ajax/mibbit.com/x-2b701193884ec119) Quit ("<a href="http://www.mibbit.com">http://www.mibbit.com</a> ajax IRC Client")</span></li>
<li class="join">[<a href="#T01:54:56" id="T01:54:56"><abbr title="2009-05-28T01:54:56+00:00">01:54:56</abbr></a>] <span>* djlewis (n=bubba@216-61-218-74.dsl.tcworks.net) has joined #beagle</span></li>
<li class="message">[<a href="#T01:55:07" id="T01:55:07"><abbr title="2009-05-28T01:55:07+00:00">01:55:07</abbr></a>] &lt;<cite>djlewis</cite>&gt; <q>good evening</q></li>
<li class="join">[<a href="#T01:57:28" id="T01:57:28"><abbr title="2009-05-28T01:57:28+00:00">01:57:28</abbr></a>] <span>* mranostay (n=mranosta@cpe-24-166-70-11.neo.res.rr.com) has joined #beagle</span></li>
<li class="join">[<a href="#T01:59:08" id="T01:59:08"><abbr title="2009-05-28T01:59:08+00:00">01:59:08</abbr></a>] <span>* TomMD1 (i=41662b01@gateway/web/ajax/mibbit.com/x-594227ab73358d01) has joined #beagle</span></li>
<li class="quit">[<a href="#T02:00:16" id="T02:00:16"><abbr title="2009-05-28T02:00:16+00:00">02:00:16</abbr></a>] <span>* TomMD1 (i=41662b01@gateway/web/ajax/mibbit.com/x-594227ab73358d01) Quit (Client Quit)</span></li>
<li class="join">[<a href="#T02:04:10" id="T02:04:10"><abbr title="2009-05-28T02:04:10+00:00">02:04:10</abbr></a>] <span>* jrmuizel (n=jrmuizel@CPE001f5be79d0f-CM0017ee62f8b0.cpe.net.cable.rogers.com) has joined #beagle</span></li>
<li class="quit">[<a href="#T02:06:02" id="T02:06:02"><abbr title="2009-05-28T02:06:02+00:00">02:06:02</abbr></a>] <span>* jrmuizel (n=jrmuizel@CPE001f5be79d0f-CM0017ee62f8b0.cpe.net.cable.rogers.com) Quit (Client Quit)</span></li>
<li class="join">[<a href="#T02:06:44" id="T02:06:44"><abbr title="2009-05-28T02:06:44+00:00">02:06:44</abbr></a>] <span>* mib_5m6fxn (i=4359fe06@gateway/web/ajax/mibbit.com/x-e23c129b56957762) has joined #beagle</span></li>
<li class="join">[<a href="#T02:07:20" id="T02:07:20"><abbr title="2009-05-28T02:07:20+00:00">02:07:20</abbr></a>] <span>* jrmuizel (n=jrmuizel@173.34.58.46) has joined #beagle</span></li>
<li class="quit">[<a href="#T02:07:26" id="T02:07:26"><abbr title="2009-05-28T02:07:26+00:00">02:07:26</abbr></a>] <span>* BThompsonD (n=bernie@cpe-66-25-52-232.tx.res.rr.com) Quit ("Leaving.")</span></li>
<li class="quit">[<a href="#T02:07:55" id="T02:07:55"><abbr title="2009-05-28T02:07:55+00:00">02:07:55</abbr></a>] <span>* mib_5m6fxn (i=4359fe06@gateway/web/ajax/mibbit.com/x-e23c129b56957762) Quit (Client Quit)</span></li>
<li class="join">[<a href="#T02:08:03" id="T02:08:03"><abbr title="2009-05-28T02:08:03+00:00">02:08:03</abbr></a>] <span>* choon (i=4359fe06@gateway/web/ajax/mibbit.com/x-68948608c6ed48ab) has joined #beagle</span></li>
<li class="quit">[<a href="#T02:08:21" id="T02:08:21"><abbr title="2009-05-28T02:08:21+00:00">02:08:21</abbr></a>] <span>* choon (i=4359fe06@gateway/web/ajax/mibbit.com/x-68948608c6ed48ab) Quit (Client Quit)</span></li>
<li class="join">[<a href="#T02:11:42" id="T02:11:42"><abbr title="2009-05-28T02:11:42+00:00">02:11:42</abbr></a>] <span>* robclark_ (n=robclark@ppp-70-254-164-182.dsl.rcsntx.swbell.net) has joined #beagle</span></li>
<li class="join">[<a href="#T02:12:10" id="T02:12:10"><abbr title="2009-05-28T02:12:10+00:00">02:12:10</abbr></a>] <span>* choon (i=4359fe06@gateway/web/ajax/mibbit.com/x-dacf9117d7c30b34) has joined #beagle</span></li>
<li class="message">[<a href="#T02:14:50" id="T02:14:50"><abbr title="2009-05-28T02:14:50+00:00">02:14:50</abbr></a>] &lt;<cite>choon</cite>&gt; <q>hello! Is there a tarball devel package of the installed library that came with angstrom distro? I need the header files to do cross compilation.</q></li>
<li class="join">[<a href="#T02:18:19" id="T02:18:19"><abbr title="2009-05-28T02:18:19+00:00">02:18:19</abbr></a>] <span>* j_ack (n=rudi@dsbg-4db5cc13.pool.einsundeins.de) has joined #beagle</span></li>
<li class="join">[<a href="#T02:23:27" id="T02:23:27"><abbr title="2009-05-28T02:23:27+00:00">02:23:27</abbr></a>] <span>* doshi (i=18069d79@gateway/web/ajax/mibbit.com/x-9523547f424d37ef) has joined #beagle</span></li>
<li class="join">[<abbr title="2009-05-28T02:23:27+00:00">02:23:27</abbr>] <span>* hardikdoshi (i=18069d79@gateway/web/ajax/mibbit.com/x-4b5e6289896f8896) has joined #beagle</span></li>
<li class="quit">[<a href="#T02:23:28" id="T02:23:28"><abbr title="2009-05-28T02:23:28+00:00">02:23:28</abbr></a>] <span>* robclark (n=robclark@nat/ti/x-03b6cec12486ecce) Quit (Read error: 54 (Connection reset by peer))</span></li>
<li class="join">[<a href="#T02:24:31" id="T02:24:31"><abbr title="2009-05-28T02:24:31+00:00">02:24:31</abbr></a>] <span>* robclark (n=robclark@nat/ti/x-55e80e3cb7538a9e) has joined #beagle</span></li>
<li class="quit">[<a href="#T02:26:57" id="T02:26:57"><abbr title="2009-05-28T02:26:57+00:00">02:26:57</abbr></a>] <span>* robclark_ (n=robclark@ppp-70-254-164-182.dsl.rcsntx.swbell.net) Quit (Read error: 60 (Operation timed out))</span></li>
<li class="quit">[<a href="#T02:37:17" id="T02:37:17"><abbr title="2009-05-28T02:37:17+00:00">02:37:17</abbr></a>] <span>* maelcum (n=horst@78.52.134.118) Quit (Remote closed the connection)</span></li>
<li class="quit">[<a href="#T02:44:55" id="T02:44:55"><abbr title="2009-05-28T02:44:55+00:00">02:44:55</abbr></a>] <span>* choon (i=4359fe06@gateway/web/ajax/mibbit.com/x-dacf9117d7c30b34) Quit ("<a href="http://www.mibbit.com">http://www.mibbit.com</a> ajax IRC Client")</span></li>
<li class="join">[<a href="#T02:46:48" id="T02:46:48"><abbr title="2009-05-28T02:46:48+00:00">02:46:48</abbr></a>] <span>* Yuvi (n=yuvi@d-69-161-87-68.cpe.metrocast.net) has joined #beagle</span></li>
<li class="quit">[<abbr title="2009-05-28T02:46:48+00:00">02:46:48</abbr>] <span>* Yuvi_ (n=yuvi@d-69-161-87-68.cpe.metrocast.net) Quit (Read error: 104 (Connection reset by peer))</span></li>
<li class="join">[<a href="#T02:50:33" id="T02:50:33"><abbr title="2009-05-28T02:50:33+00:00">02:50:33</abbr></a>] <span>* emeb_mac (n=ericb@ip72-223-90-212.ph.ph.cox.net) has joined #beagle</span></li>
<li class="quit">[<a href="#T02:52:46" id="T02:52:46"><abbr title="2009-05-28T02:52:46+00:00">02:52:46</abbr></a>] <span>* Leon_Nardella (n=leon@200-161-14-111.dsl.telesp.net.br) Quit ("Leaving.")</span></li>
<li class="quit">[<a href="#T02:57:35" id="T02:57:35"><abbr title="2009-05-28T02:57:35+00:00">02:57:35</abbr></a>] <span>* Olipro (n=Olipro@uncyclopedia/pdpc.active.olipro) Quit (Nick collision from services.)</span></li>
<li class="join">[<a href="#T02:57:48" id="T02:57:48"><abbr title="2009-05-28T02:57:48+00:00">02:57:48</abbr></a>] <span>* Olipro (n=Olipro@uncyclopedia/pdpc.active.olipro) has joined #beagle</span></li>
<li class="quit">[<a href="#T02:58:47" id="T02:58:47"><abbr title="2009-05-28T02:58:47+00:00">02:58:47</abbr></a>] <span>* Olipro (n=Olipro@uncyclopedia/pdpc.active.olipro) Quit (Read error: 104 (Connection reset by peer))</span></li>
<li class="quit">[<a href="#T03:13:10" id="T03:13:10"><abbr title="2009-05-28T03:13:10+00:00">03:13:10</abbr></a>] <span>* zerum (n=zero@187.37.59.58) Quit (Read error: 104 (Connection reset by peer))</span></li>
<li class="quit">[<a href="#T03:21:12" id="T03:21:12"><abbr title="2009-05-28T03:21:12+00:00">03:21:12</abbr></a>] <span>* LiraNuna (n=LiraNuna@c-98-210-198-162.hsd1.ca.comcast.net) Quit (Read error: 110 (Connection timed out))</span></li>
<li class="quit">[<a href="#T03:47:16" id="T03:47:16"><abbr title="2009-05-28T03:47:16+00:00">03:47:16</abbr></a>] <span>* j_ack (n=rudi@dsbg-4db5cc13.pool.einsundeins.de) Quit ("Verlassend")</span></li>
<li class="quit">[<a href="#T03:57:56" id="T03:57:56"><abbr title="2009-05-28T03:57:56+00:00">03:57:56</abbr></a>] <span>* khasim (n=a0393720@192.163.20.231) Quit (Remote closed the connection)</span></li>
<li class="quit">[<a href="#T04:00:02" id="T04:00:02"><abbr title="2009-05-28T04:00:02+00:00">04:00:02</abbr></a>] <span>* mib_35l3au (i=4cbb3969@gateway/web/ajax/mibbit.com/x-f91da1685e623b92) Quit ("<a href="http://www.mibbit.com">http://www.mibbit.com</a> ajax IRC Client")</span></li>
