<li class="join">[<a href="#T00:02:14" id="T00:02:14"><abbr title="2009-09-25T00:02:14+00:00">00:02:14</abbr></a>] <span>* spvensko (n=spvensko@adsl-074-239-169-046.sip.rmo.bellsouth.net) has joined #beagle</span></li>
<li class="join">[<a href="#T00:11:31" id="T00:11:31"><abbr title="2009-09-25T00:11:31+00:00">00:11:31</abbr></a>] <span>* rsalveti (n=rsalveti@187.78.30.223) has joined #beagle</span></li>
<li class="quit">[<a href="#T00:13:07" id="T00:13:07"><abbr title="2009-09-25T00:13:07+00:00">00:13:07</abbr></a>] <span>* spvensko (n=spvensko@adsl-074-239-169-046.sip.rmo.bellsouth.net) Quit ()</span></li>
<li class="quit">[<a href="#T00:14:30" id="T00:14:30"><abbr title="2009-09-25T00:14:30+00:00">00:14:30</abbr></a>] <span>* Robin_Watts (n=Javacat@82.152.254.184) Quit ("Pop!")</span></li>
<li class="quit">[<a href="#T00:16:50" id="T00:16:50"><abbr title="2009-09-25T00:16:50+00:00">00:16:50</abbr></a>] <span>* ddompe (n=ddompe@200.122.155.113) Quit ("ddompe is leaving")</span></li>
<li class="join">[<a href="#T00:18:13" id="T00:18:13"><abbr title="2009-09-25T00:18:13+00:00">00:18:13</abbr></a>] <span>* spvensko (n=spvensko@rrcs-24-199-144-166.midsouth.biz.rr.com) has joined #beagle</span></li>
<li class="quit">[<a href="#T00:23:21" id="T00:23:21"><abbr title="2009-09-25T00:23:21+00:00">00:23:21</abbr></a>] <span>* Guest60057 (n=David@nat/ti/x-igbguekmrtvyiqmr) Quit (Remote closed the connection)</span></li>
<li class="quit">[<a href="#T00:29:32" id="T00:29:32"><abbr title="2009-09-25T00:29:32+00:00">00:29:32</abbr></a>] <span>* j_ack (n=j_ack@p57A40EA2.dip0.t-ipconnect.de) Quit (Read error: 113 (No route to host))</span></li>
<li class="quit">[<a href="#T00:40:15" id="T00:40:15"><abbr title="2009-09-25T00:40:15+00:00">00:40:15</abbr></a>] <span>* fischer (n=fischer1@fischerfamily.org) Quit (Read error: 60 (Operation timed out))</span></li>
<li class="quit">[<a href="#T00:43:52" id="T00:43:52"><abbr title="2009-09-25T00:43:52+00:00">00:43:52</abbr></a>] <span>* spvensko (n=spvensko@rrcs-24-199-144-166.midsouth.biz.rr.com) Quit ()</span></li>
<li class="join">[<a href="#T00:45:26" id="T00:45:26"><abbr title="2009-09-25T00:45:26+00:00">00:45:26</abbr></a>] <span>* gregoiregentil (n=gregoire@adsl-71-135-124-104.dsl.pltn13.pacbell.net) has joined #beagle</span></li>
<li class="join">[<a href="#T00:51:27" id="T00:51:27"><abbr title="2009-09-25T00:51:27+00:00">00:51:27</abbr></a>] <span>* wardred (n=wardred@75.142.253.144) has joined #beagle</span></li>
<li class="join">[<a href="#T00:54:42" id="T00:54:42"><abbr title="2009-09-25T00:54:42+00:00">00:54:42</abbr></a>] <span>* fischer (n=fischer1@71.216.156.246) has joined #beagle</span></li>
<li class="join">[<a href="#T00:57:30" id="T00:57:30"><abbr title="2009-09-25T00:57:30+00:00">00:57:30</abbr></a>] <span>* brolin__ (n=brolin@nat209.udea.edu.co) has joined #beagle</span></li>
<li class="join">[<a href="#T01:00:20" id="T01:00:20"><abbr title="2009-09-25T01:00:20+00:00">01:00:20</abbr></a>] <span>* xxiao (n=chatzill@24.174.117.226) has joined #beagle</span></li>
<li class="join">[<a href="#T01:07:38" id="T01:07:38"><abbr title="2009-09-25T01:07:38+00:00">01:07:38</abbr></a>] <span>* Yuvi (n=yuvi@resnet-234-148.resnet.UMBC.EDU) has joined #beagle</span></li>
<li class="quit">[<a href="#T01:11:40" id="T01:11:40"><abbr title="2009-09-25T01:11:40+00:00">01:11:40</abbr></a>] <span>* jkridner|work (n=a0321898@nat/ti/x-vgvhghtlemljkaxa) Quit (Remote closed the connection)</span></li>
<li class="quit">[<a href="#T01:14:58" id="T01:14:58"><abbr title="2009-09-25T01:14:58+00:00">01:14:58</abbr></a>] <span>* brolin_ (n=brolin@nat222.udea.edu.co) Quit (Read error: 113 (No route to host))</span></li>
<li class="join">[<a href="#T01:25:51" id="T01:25:51"><abbr title="2009-09-25T01:25:51+00:00">01:25:51</abbr></a>] <span>* jevin (n=jevin@68.234.144.150) has joined #beagle</span></li>
<li class="message">[<a href="#T01:28:37" id="T01:28:37"><abbr title="2009-09-25T01:28:37+00:00">01:28:37</abbr></a>] &lt;<cite>jevin</cite>&gt; <q>Howdy, all! Does anybody have experience using the LCD headers? I want to connect to a panel but I am unsure about how to use the headers. Can I get a ribbon cable that connects to 50 mil pitch?</q></li>
<li class="message">[<a href="#T01:29:28" id="T01:29:28"><abbr title="2009-09-25T01:29:28+00:00">01:29:28</abbr></a>] &lt;<cite>prpplague</cite>&gt; <q>jevin: i've not been able to find any ribbon cable that easily mates with the 1.27mm connectors</q></li>
<li class="nick-change">[<a href="#T01:30:02" id="T01:30:02"><abbr title="2009-09-25T01:30:02+00:00">01:30:02</abbr></a>] <span>* prpplague is now known as prpplague_adk</span></li>
<li class="join">[<a href="#T01:31:05" id="T01:31:05"><abbr title="2009-09-25T01:31:05+00:00">01:31:05</abbr></a>] <span>* spvensko (n=spvensko@rrcs-24-199-144-166.midsouth.biz.rr.com) has joined #beagle</span></li>
<li class="join">[<a href="#T01:32:08" id="T01:32:08"><abbr title="2009-09-25T01:32:08+00:00">01:32:08</abbr></a>] <span>* jkridner|work (n=a0321898@nat/ti/x-qwnzmmozafajctvf) has joined #beagle</span></li>
<li class="message">[<a href="#T01:32:29" id="T01:32:29"><abbr title="2009-09-25T01:32:29+00:00">01:32:29</abbr></a>] &lt;<cite>jevin</cite>&gt; <q>I saw the beagleboardtoys VGA adaptor but that is a daughter board and I was wondering if there was a way other than the daughter board approach</q></li>
<li class="join">[<a href="#T01:34:57" id="T01:34:57"><abbr title="2009-09-25T01:34:57+00:00">01:34:57</abbr></a>] <span>* jkridner|work1 (n=a0321898@nat/ti/x-qusghvzjbyhuthfy) has joined #beagle</span></li>
<li class="quit">[<a href="#T01:35:24" id="T01:35:24"><abbr title="2009-09-25T01:35:24+00:00">01:35:24</abbr></a>] <span>* jkridner|work (n=a0321898@nat/ti/x-qwnzmmozafajctvf) Quit (Remote closed the connection)</span></li>
<li class="join">[<a href="#T01:37:13" id="T01:37:13"><abbr title="2009-09-25T01:37:13+00:00">01:37:13</abbr></a>] <span>* gdm (n=gdm@190.173.87.117) has joined #beagle</span></li>
<li class="quit">[<a href="#T01:41:17" id="T01:41:17"><abbr title="2009-09-25T01:41:17+00:00">01:41:17</abbr></a>] <span>* brolin__ (n=brolin@nat209.udea.edu.co) Quit (Client Quit)</span></li>
<li class="message">[<a href="#T01:47:43" id="T01:47:43"><abbr title="2009-09-25T01:47:43+00:00">01:47:43</abbr></a>] &lt;<cite>prpplague^2</cite>&gt; <q>jevin you are wanting to do a LCD interface or just connect a display?</q></li>
<li class="part">[<a href="#T01:47:51" id="T01:47:51"><abbr title="2009-09-25T01:47:51+00:00">01:47:51</abbr></a>] <span>* gregoiregentil (n=gregoire@adsl-71-135-124-104.dsl.pltn13.pacbell.net) has left #beagle</span></li>
<li class="join">[<a href="#T01:48:18" id="T01:48:18"><abbr title="2009-09-25T01:48:18+00:00">01:48:18</abbr></a>] <span>* edufelipe (n=edufelip@189.4.104.196) has joined #beagle</span></li>
<li class="message">[<a href="#T01:49:17" id="T01:49:17"><abbr title="2009-09-25T01:49:17+00:00">01:49:17</abbr></a>] &lt;<cite>jevin</cite>&gt; <q>LCD interface</q></li>
<li class="quit">[<a href="#T01:49:34" id="T01:49:34"><abbr title="2009-09-25T01:49:34+00:00">01:49:34</abbr></a>] <span>* jkridner|work1 (n=a0321898@nat/ti/x-qusghvzjbyhuthfy) Quit ("Leaving.")</span></li>
<li class="message">[<a href="#T01:49:43" id="T01:49:43"><abbr title="2009-09-25T01:49:43+00:00">01:49:43</abbr></a>] &lt;<cite>jevin</cite>&gt; <q>prpplague^2, i think that I will have to end up with a daughter board</q></li>
<li class="join">[<a href="#T01:49:46" id="T01:49:46"><abbr title="2009-09-25T01:49:46+00:00">01:49:46</abbr></a>] <span>* mmW (n=mark@CPE001cf0fce879-CM00186851cb04.cpe.net.cable.rogers.com) has joined #beagle</span></li>
<li class="message">[<a href="#T01:52:52" id="T01:52:52"><abbr title="2009-09-25T01:52:52+00:00">01:52:52</abbr></a>] &lt;<cite>mmW</cite>&gt; <q>Hi all</q></li>
<li class="message">[<a href="#T01:53:22" id="T01:53:22"><abbr title="2009-09-25T01:53:22+00:00">01:53:22</abbr></a>] &lt;<cite>mmW</cite>&gt; <q>does anyone know of a way to enable HW flow control using the standard UART, or do you HAVE to use a UART through GPIO to get access to HW flow control?</q></li>
<li class="message">[<a href="#T01:54:24" id="T01:54:24"><abbr title="2009-09-25T01:54:24+00:00">01:54:24</abbr></a>] &lt;<cite>prpplague^2</cite>&gt; <q>jevin yea a daughter board is best</q></li>
<li class="message">[<a href="#T01:54:58" id="T01:54:58"><abbr title="2009-09-25T01:54:58+00:00">01:54:58</abbr></a>] &lt;<cite>prpplague^2</cite>&gt; <q>mmW the primary uart on the beagle doesn't support HW flow control</q></li>
<li class="message">[<a href="#T01:55:06" id="T01:55:06"><abbr title="2009-09-25T01:55:06+00:00">01:55:06</abbr></a>] &lt;<cite>mmW</cite>&gt; <q>right</q></li>
<li class="message">[<a href="#T01:55:23" id="T01:55:23"><abbr title="2009-09-25T01:55:23+00:00">01:55:23</abbr></a>] &lt;<cite>mmW</cite>&gt; <q>so there is no way to configure it to enable HW flow control</q></li>
<li class="message">[<a href="#T01:55:54" id="T01:55:54"><abbr title="2009-09-25T01:55:54+00:00">01:55:54</abbr></a>] &lt;<cite>mmW</cite>&gt; <q>kk we can use the UART2 via GPIO, I just wanted to see if there was an easier way</q></li>
<li class="message">[<a href="#T01:57:42" id="T01:57:42"><abbr title="2009-09-25T01:57:42+00:00">01:57:42</abbr></a>] &lt;<cite>prpplague^2</cite>&gt; <q>mmW nope</q></li>
<li class="message">[<a href="#T01:58:00" id="T01:58:00"><abbr title="2009-09-25T01:58:00+00:00">01:58:00</abbr></a>] &lt;<cite>mmW</cite>&gt; <q>ok, thanks!</q></li>
<li class="quit">[<a href="#T02:05:41" id="T02:05:41"><abbr title="2009-09-25T02:05:41+00:00">02:05:41</abbr></a>] <span>* raster (n=raster@enlightenment/developer/raster) Quit ("Gettin' stinky!")</span></li>
<li class="join">[<a href="#T02:08:37" id="T02:08:37"><abbr title="2009-09-25T02:08:37+00:00">02:08:37</abbr></a>] <span>* raster (n=raster@enlightenment/developer/raster) has joined #beagle</span></li>
<li class="join">[<a href="#T02:10:23" id="T02:10:23"><abbr title="2009-09-25T02:10:23+00:00">02:10:23</abbr></a>] <span>* jkridner|work (n=a0321898@nat/ti/x-ldxtrgcqejnnakku) has joined #beagle</span></li>
<li class="quit">[<a href="#T02:19:07" id="T02:19:07"><abbr title="2009-09-25T02:19:07+00:00">02:19:07</abbr></a>] <span>* mmW (n=mark@CPE001cf0fce879-CM00186851cb04.cpe.net.cable.rogers.com) Quit ("Leaving")</span></li>
<li class="join">[<a href="#T02:19:44" id="T02:19:44"><abbr title="2009-09-25T02:19:44+00:00">02:19:44</abbr></a>] <span>* Syn- (n=hisyn@c-69-143-161-93.hsd1.va.comcast.net) has joined #beagle</span></li>
<li class="message">[<a href="#T02:21:48" id="T02:21:48"><abbr title="2009-09-25T02:21:48+00:00">02:21:48</abbr></a>] &lt;<cite>xxiao</cite>&gt; <q>is android on beagle using gstreamer to replace opencore? or they work together somehow?</q></li>
<li class="join">[<a href="#T02:22:29" id="T02:22:29"><abbr title="2009-09-25T02:22:29+00:00">02:22:29</abbr></a>] <span>* davidm2 (n=David@nat/ti/x-keduudfgbqeeyogl) has joined #beagle</span></li>
<li class="quit">[<a href="#T02:23:42" id="T02:23:42"><abbr title="2009-09-25T02:23:42+00:00">02:23:42</abbr></a>] <span>* edufelipe (n=edufelip@189.4.104.196) Quit ()</span></li>
<li class="join">[<a href="#T02:24:39" id="T02:24:39"><abbr title="2009-09-25T02:24:39+00:00">02:24:39</abbr></a>] <span>* edufelipe (n=edufelip@189.4.104.196) has joined #beagle</span></li>
<li class="quit">[<a href="#T02:29:15" id="T02:29:15"><abbr title="2009-09-25T02:29:15+00:00">02:29:15</abbr></a>] <span>* jevin (n=jevin@68.234.144.150) Quit ("Leaving")</span></li>
<li class="quit">[<a href="#T02:33:22" id="T02:33:22"><abbr title="2009-09-25T02:33:22+00:00">02:33:22</abbr></a>] <span>* robclark (n=robclark@nat/ti/x-cdfcbiumxswdaxxv) Quit ()</span></li>
<li class="quit">[<a href="#T02:34:00" id="T02:34:00"><abbr title="2009-09-25T02:34:00+00:00">02:34:00</abbr></a>] <span>* jkridner|work (n=a0321898@nat/ti/x-ldxtrgcqejnnakku) Quit ("Leaving.")</span></li>
<li class="join">[<a href="#T02:34:30" id="T02:34:30"><abbr title="2009-09-25T02:34:30+00:00">02:34:30</abbr></a>] <span>* beaglebird (i=3d8d5b71@gateway/web/freenode/x-lyndrnsswssgniwu) has joined #beagle</span></li>
<li class="message">[<a href="#T02:34:58" id="T02:34:58"><abbr title="2009-09-25T02:34:58+00:00">02:34:58</abbr></a>] &lt;<cite>beaglebird</cite>&gt; <q>hello everyone?</q></li>
<li class="message">[<a href="#T02:35:19" id="T02:35:19"><abbr title="2009-09-25T02:35:19+00:00">02:35:19</abbr></a>] &lt;<cite>beaglebird</cite>&gt; <q>can anybody tell me how to build qt with opengl support?</q></li>
<li class="message">[<a href="#T02:35:57" id="T02:35:57"><abbr title="2009-09-25T02:35:57+00:00">02:35:57</abbr></a>] &lt;<cite>beaglebird</cite>&gt; <q>i tried a lot but always get this error "The OpenGL ES 1.x functionality test failed!  You might need to modify the include and library search paths by editing  QMAKE_INCDIR_OPENGL, QMAKE_LIBDIR_OPENGL and QMAKE_LIBS_OPENGL in"</q></li>
<li class="message">[<a href="#T02:36:17" id="T02:36:17"><abbr title="2009-09-25T02:36:17+00:00">02:36:17</abbr></a>] &lt;<cite>beaglebird</cite>&gt; <q>i don't know howto set them properly..</q></li>
<li class="quit">[<a href="#T02:45:50" id="T02:45:50"><abbr title="2009-09-25T02:45:50+00:00">02:45:50</abbr></a>] <span>* beaglebird (i=3d8d5b71@gateway/web/freenode/x-lyndrnsswssgniwu) Quit ("Page closed")</span></li>
<li class="join">[<a href="#T02:46:03" id="T02:46:03"><abbr title="2009-09-25T02:46:03+00:00">02:46:03</abbr></a>] <span>* beaglebird (i=3d8d5b71@gateway/web/freenode/x-rksjhjyleexoggav) has joined #beagle</span></li>
<li class="join">[<a href="#T03:07:24" id="T03:07:24"><abbr title="2009-09-25T03:07:24+00:00">03:07:24</abbr></a>] <span>* cody____ (n=cody@dslb-084-056-115-043.pools.arcor-ip.net) has joined #beagle</span></li>
<li class="join">[<a href="#T03:18:59" id="T03:18:59"><abbr title="2009-09-25T03:18:59+00:00">03:18:59</abbr></a>] <span>* GeneralAntilles (n=GeneralA@c-68-59-48-143.hsd1.fl.comcast.net) has joined #beagle</span></li>
<li class="join">[<a href="#T03:19:10" id="T03:19:10"><abbr title="2009-09-25T03:19:10+00:00">03:19:10</abbr></a>] <span>* jrmuizel (n=jrmuizel@CPE001f5be79d0f-CM0017ee62f8b0.cpe.net.cable.rogers.com) has joined #beagle</span></li>
<li class="quit">[<a href="#T03:19:33" id="T03:19:33"><abbr title="2009-09-25T03:19:33+00:00">03:19:33</abbr></a>] <span>* cody___ (n=cody@dslb-084-056-127-193.pools.arcor-ip.net) Quit (Read error: 113 (No route to host))</span></li>
<li class="quit">[<a href="#T03:21:56" id="T03:21:56"><abbr title="2009-09-25T03:21:56+00:00">03:21:56</abbr></a>] <span>* beaglebird (i=3d8d5b71@gateway/web/freenode/x-rksjhjyleexoggav) Quit ("Page closed")</span></li>
<li class="quit">[<a href="#T03:22:24" id="T03:22:24"><abbr title="2009-09-25T03:22:24+00:00">03:22:24</abbr></a>] <span>* jrmuizel (n=jrmuizel@CPE001f5be79d0f-CM0017ee62f8b0.cpe.net.cable.rogers.com) Quit (Client Quit)</span></li>
<li class="quit">[<a href="#T03:22:37" id="T03:22:37"><abbr title="2009-09-25T03:22:37+00:00">03:22:37</abbr></a>] <span>* prpplague^2 (n=dave123_@ppp-70-242-116-143.dsl.rcsntx.swbell.net) Quit (Read error: 110 (Connection timed out))</span></li>
<li class="quit">[<a href="#T03:23:29" id="T03:23:29"><abbr title="2009-09-25T03:23:29+00:00">03:23:29</abbr></a>] <span>* edufelipe (n=edufelip@189.4.104.196) Quit ()</span></li>
<li class="join">[<a href="#T03:27:26" id="T03:27:26"><abbr title="2009-09-25T03:27:26+00:00">03:27:26</abbr></a>] <span>* jrmuizel (n=jrmuizel@CPE001f5be79d0f-CM0017ee62f8b0.cpe.net.cable.rogers.com) has joined #beagle</span></li>
<li class="quit">[<a href="#T03:33:28" id="T03:33:28"><abbr title="2009-09-25T03:33:28+00:00">03:33:28</abbr></a>] <span>* davidm2 (n=David@nat/ti/x-keduudfgbqeeyogl) Quit (Remote closed the connection)</span></li>
<li class="quit">[<a href="#T03:36:37" id="T03:36:37"><abbr title="2009-09-25T03:36:37+00:00">03:36:37</abbr></a>] <span>* GeneralAntilles (n=GeneralA@c-68-59-48-143.hsd1.fl.comcast.net) Quit ()</span></li>
<li class="join">[<a href="#T03:37:51" id="T03:37:51"><abbr title="2009-09-25T03:37:51+00:00">03:37:51</abbr></a>] <span>* edufelipe (n=edufelip@189.4.104.196) has joined #beagle</span></li>
<li class="join">[<a href="#T03:39:41" id="T03:39:41"><abbr title="2009-09-25T03:39:41+00:00">03:39:41</abbr></a>] <span>* GeneralAntilles (n=GeneralA@c-68-59-48-143.hsd1.fl.comcast.net) has joined #beagle</span></li>
<li class="quit">[<a href="#T03:47:01" id="T03:47:01"><abbr title="2009-09-25T03:47:01+00:00">03:47:01</abbr></a>] <span>* edufelipe (n=edufelip@189.4.104.196) Quit ()</span></li>
<li class="part">[<a href="#T03:49:32" id="T03:49:32"><abbr title="2009-09-25T03:49:32+00:00">03:49:32</abbr></a>] <span>* GeneralAntilles (n=GeneralA@c-68-59-48-143.hsd1.fl.comcast.net) has left #beagle</span></li>
<li class="quit">[<a href="#T03:55:44" id="T03:55:44"><abbr title="2009-09-25T03:55:44+00:00">03:55:44</abbr></a>] <span>* n6pfkk (n=mike@96.238.186.191) Quit (Read error: 113 (No route to host))</span></li>
<li class="message">[<a href="#T04:07:16" id="T04:07:16"><abbr title="2009-09-25T04:07:16+00:00">04:07:16</abbr></a>] &lt;<cite>zub</cite>&gt; <q>join #oe</q></li>
<li class="message">[<a href="#T04:07:25" id="T04:07:25"><abbr title="2009-09-25T04:07:25+00:00">04:07:25</abbr></a>] &lt;<cite>zub</cite>&gt; <q>huh sorry</q></li>
<li class="quit">[<a href="#T04:12:35" id="T04:12:35"><abbr title="2009-09-25T04:12:35+00:00">04:12:35</abbr></a>] <span>* xxiao (n=chatzill@24.174.117.226) Quit ("ChatZilla 0.9.85 [Firefox 3.0.14/2009090216]")</span></li>
<li class="quit">[<a href="#T04:22:03" id="T04:22:03"><abbr title="2009-09-25T04:22:03+00:00">04:22:03</abbr></a>] <span>* jrmuizel (n=jrmuizel@CPE001f5be79d0f-CM0017ee62f8b0.cpe.net.cable.rogers.com) Quit ()</span></li>
<li class="join">[<a href="#T04:57:55" id="T04:57:55"><abbr title="2009-09-25T04:57:55+00:00">04:57:55</abbr></a>] <span>* khasim (n=a0393720@192.163.20.231) has joined #beagle</span></li>
<li class="join">[<a href="#T04:58:50" id="T04:58:50"><abbr title="2009-09-25T04:58:50+00:00">04:58:50</abbr></a>] <span>* jrmuizel (n=jrmuizel@CPE001f5be79d0f-CM0017ee62f8b0.cpe.net.cable.rogers.com) has joined #beagle</span></li>
<li class="quit">[<a href="#T05:00:06" id="T05:00:06"><abbr title="2009-09-25T05:00:06+00:00">05:00:06</abbr></a>] <span>* BThompsonD (n=bernie@cpe-66-25-17-127.tx.res.rr.com) Quit ("Leaving.")</span></li>
<li class="join">[<a href="#T05:07:42" id="T05:07:42"><abbr title="2009-09-25T05:07:42+00:00">05:07:42</abbr></a>] <span>* lifeeth (n=praneeth@unaffiliated/lifeeth) has joined #beagle</span></li>
<li class="join">[<a href="#T05:10:04" id="T05:10:04"><abbr title="2009-09-25T05:10:04+00:00">05:10:04</abbr></a>] <span>* earth (n=earth01@adsl-69-109-173-109.dsl.pltn13.pacbell.net) has joined #beagle</span></li>
<li class="join">[<abbr title="2009-09-25T05:10:04+00:00">05:10:04</abbr>] <span>* dirk2 (n=dirk@p5B0406ED.dip0.t-ipconnect.de) has joined #beagle</span></li>
<li class="quit">[<a href="#T05:13:14" id="T05:13:14"><abbr title="2009-09-25T05:13:14+00:00">05:13:14</abbr></a>] <span>* jrmuizel (n=jrmuizel@CPE001f5be79d0f-CM0017ee62f8b0.cpe.net.cable.rogers.com) Quit ()</span></li>
<li class="join">[<a href="#T05:18:11" id="T05:18:11"><abbr title="2009-09-25T05:18:11+00:00">05:18:11</abbr></a>] <span>* jeremychang (n=jeremych@61-30-10-70.static.tfn.net.tw) has joined #beagle</span></li>
<li class="join">[<a href="#T05:34:56" id="T05:34:56"><abbr title="2009-09-25T05:34:56+00:00">05:34:56</abbr></a>] <span>* jsync (n=jess@user-0c9hf28.cable.mindspring.com) has joined #beagle</span></li>
<li class="join">[<a href="#T05:39:11" id="T05:39:11"><abbr title="2009-09-25T05:39:11+00:00">05:39:11</abbr></a>] <span>* xaxes (n=xaxes@foonative.org) has joined #beagle</span></li>
<li class="message">[<a href="#T05:39:18" id="T05:39:18"><abbr title="2009-09-25T05:39:18+00:00">05:39:18</abbr></a>] &lt;<cite>xaxes</cite>&gt; <q>hey there ;) </q></li>
<li class="message">[<a href="#T05:41:13" id="T05:41:13"><abbr title="2009-09-25T05:41:13+00:00">05:41:13</abbr></a>] &lt;<cite>xaxes</cite>&gt; <q>got a question .. Imagin I want to test some modifications to an omap-OS for the beagleboard.. but I havnt till now one.. Is there a good way to emulate / test the stuff?</q></li>
<li class="join">[<a href="#T05:45:17" id="T05:45:17"><abbr title="2009-09-25T05:45:17+00:00">05:45:17</abbr></a>] <span>* Christos_N|Work (n=chatzill@gw7.mycosmos.gr) has joined #beagle</span></li>
<li class="quit">[<a href="#T05:48:52" id="T05:48:52"><abbr title="2009-09-25T05:48:52+00:00">05:48:52</abbr></a>] <span>* earth (n=earth01@adsl-69-109-173-109.dsl.pltn13.pacbell.net) Quit ("Leaving.")</span></li>
<li class="message">[<a href="#T05:49:14" id="T05:49:14"><abbr title="2009-09-25T05:49:14+00:00">05:49:14</abbr></a>] &lt;<cite>xaxes</cite>&gt; <q><a href="http://beagleboard.org/project/OMAP+Emulator/">http://beagleboard.org/project/OMAP+Emulator/</a> found this, but cant see any link or something to get it .. and the jtag-emulator, .. </q></li>
<li class="message">[<a href="#T05:50:24" id="T05:50:24"><abbr title="2009-09-25T05:50:24+00:00">05:50:24</abbr></a>] &lt;<cite>hyc</cite>&gt; <q>qemu has some ARM support, but apparently not complete yet</q></li>
<li class="join">[<a href="#T05:50:33" id="T05:50:33"><abbr title="2009-09-25T05:50:33+00:00">05:50:33</abbr></a>] <span>* siji (n=siji@122.170.9.183) has joined #beagle</span></li>
<li class="message">[<a href="#T05:51:57" id="T05:51:57"><abbr title="2009-09-25T05:51:57+00:00">05:51:57</abbr></a>] &lt;<cite>xaxes</cite>&gt; <q>so every omap developer flashes changes for testing of the boards? mhh </q></li>
<li class="message">[<a href="#T05:52:48" id="T05:52:48"><abbr title="2009-09-25T05:52:48+00:00">05:52:48</abbr></a>] &lt;<cite>hyc</cite>&gt; <q>my touchbook boots off SD cards. I have 4-5 SD cards here that I load up and swap around for new test images.</q></li>
<li class="message">[<a href="#T05:53:01" id="T05:53:01"><abbr title="2009-09-25T05:53:01+00:00">05:53:01</abbr></a>] &lt;<cite>siji</cite>&gt; <q>hi all goodmorning</q></li>
<li class="message">[<a href="#T05:53:16" id="T05:53:16"><abbr title="2009-09-25T05:53:16+00:00">05:53:16</abbr></a>] &lt;<cite>hyc</cite>&gt; <q>the boot code basically doesn't change that much</q></li>
<li class="message">[<a href="#T05:53:26" id="T05:53:26"><abbr title="2009-09-25T05:53:26+00:00">05:53:26</abbr></a>] &lt;<cite>xaxes</cite>&gt; <q>hyc: your touchbook has some different cpu, hasnt it?</q></li>
<li class="message">[<a href="#T05:53:39" id="T05:53:39"><abbr title="2009-09-25T05:53:39+00:00">05:53:39</abbr></a>] &lt;<cite>xaxes</cite>&gt; <q>hey siji </q></li>
<li class="message">[<a href="#T05:53:40" id="T05:53:40"><abbr title="2009-09-25T05:53:40+00:00">05:53:40</abbr></a>] &lt;<cite>hyc</cite>&gt; <q>no, it's based off a rev C beagleboard</q></li>
<li class="join">[<a href="#T05:53:43" id="T05:53:43"><abbr title="2009-09-25T05:53:43+00:00">05:53:43</abbr></a>] <span>* MCTouch (n=MCTouch@5acb056c.bb.sky.com) has joined #beagle</span></li>
<li class="message">[<a href="#T05:53:44" id="T05:53:44"><abbr title="2009-09-25T05:53:44+00:00">05:53:44</abbr></a>] &lt;<cite>xaxes</cite>&gt; <q>oh</q></li>
<li class="message">[<a href="#T05:53:45" id="T05:53:45"><abbr title="2009-09-25T05:53:45+00:00">05:53:45</abbr></a>] &lt;<cite>xaxes</cite>&gt; <q>:D</q></li>
<li class="message">[<a href="#T05:53:47" id="T05:53:47"><abbr title="2009-09-25T05:53:47+00:00">05:53:47</abbr></a>] &lt;<cite>hyc</cite>&gt; <q>omap3530, same as the rest</q></li>
<li class="message">[<a href="#T05:54:02" id="T05:54:02"><abbr title="2009-09-25T05:54:02+00:00">05:54:02</abbr></a>] &lt;<cite>xaxes</cite>&gt; <q>my it's an athlon.. therefore I havnt this advantage</q></li>
<li class="message">[<a href="#T05:54:20" id="T05:54:20"><abbr title="2009-09-25T05:54:20+00:00">05:54:20</abbr></a>] &lt;<cite>siji</cite>&gt; <q>hi xaxes </q></li>
<li class="message">[<a href="#T05:55:23" id="T05:55:23"><abbr title="2009-09-25T05:55:23+00:00">05:55:23</abbr></a>] &lt;<cite>xaxes</cite>&gt; <q>mhh thanks so far .. first of all Ill gonna read some stuff about uboot .. see ya later</q></li>
<li class="message">[<a href="#T05:55:26" id="T05:55:26"><abbr title="2009-09-25T05:55:26+00:00">05:55:26</abbr></a>] &lt;<cite>hyc</cite>&gt; <q>I have the full build environment on my laptop</q></li>
<li class="message">[<a href="#T05:55:32" id="T05:55:32"><abbr title="2009-09-25T05:55:32+00:00">05:55:32</abbr></a>] &lt;<cite>hyc</cite>&gt; <q>bye</q></li>
<li class="message">[<a href="#T05:56:48" id="T05:56:48"><abbr title="2009-09-25T05:56:48+00:00">05:56:48</abbr></a>] &lt;<cite>xaxes</cite>&gt; <q>I mean beagle isnt that much expensive, but expensive enough for me ;) </q></li>
<li class="message">[<a href="#T05:58:55" id="T05:58:55"><abbr title="2009-09-25T05:58:55+00:00">05:58:55</abbr></a>] &lt;<cite>siji</cite>&gt; <q>how to improve the frame rate of clutter gui applications </q></li>
<li class="join">[<a href="#T05:59:54" id="T05:59:54"><abbr title="2009-09-25T05:59:54+00:00">05:59:54</abbr></a>] <span>* spvensko_ (n=spvensko@rrcs-24-199-144-166.midsouth.biz.rr.com) has joined #beagle</span></li>
<li class="quit">[<a href="#T06:02:26" id="T06:02:26"><abbr title="2009-09-25T06:02:26+00:00">06:02:26</abbr></a>] <span>* MCTouch (n=MCTouch@5acb056c.bb.sky.com) Quit ("Leaving...")</span></li>
<li class="join">[<a href="#T06:06:29" id="T06:06:29"><abbr title="2009-09-25T06:06:29+00:00">06:06:29</abbr></a>] <span>* MCTouch (n=MCTouch@5acb056c.bb.sky.com) has joined #beagle</span></li>
<li class="quit">[<a href="#T06:15:14" id="T06:15:14"><abbr title="2009-09-25T06:15:14+00:00">06:15:14</abbr></a>] <span>* rkirti (n=oespirit@203.199.213.3) Quit (Remote closed the connection)</span></li>
<li class="quit">[<a href="#T06:22:10" id="T06:22:10"><abbr title="2009-09-25T06:22:10+00:00">06:22:10</abbr></a>] <span>* spvensko (n=spvensko@rrcs-24-199-144-166.midsouth.biz.rr.com) Quit (Read error: 113 (No route to host))</span></li>
<li class="nick-change">[<abbr title="2009-09-25T06:22:10+00:00">06:22:10</abbr>] <span>* spvensko_ is now known as spvensko</span></li>
<li class="quit">[<a href="#T06:24:10" id="T06:24:10"><abbr title="2009-09-25T06:24:10+00:00">06:24:10</abbr></a>] <span>* MCTouch (n=MCTouch@5acb056c.bb.sky.com) Quit (No route to host)</span></li>
<li class="join">[<a href="#T06:24:40" id="T06:24:40"><abbr title="2009-09-25T06:24:40+00:00">06:24:40</abbr></a>] <span>* Joe___ (i=d4cb30e7@gateway/web/freenode/x-aeiognkgkbqbfxpq) has joined #beagle</span></li>
<li class="message">[<a href="#T06:24:51" id="T06:24:51"><abbr title="2009-09-25T06:24:51+00:00">06:24:51</abbr></a>] &lt;<cite>Joe___</cite>&gt; <q>hi there</q></li>
<li class="message">[<a href="#T06:25:14" id="T06:25:14"><abbr title="2009-09-25T06:25:14+00:00">06:25:14</abbr></a>] &lt;<cite>Joe___</cite>&gt; <q>Joe would like to report a bug found in Angstrom</q></li>
<li class="message">[<a href="#T06:31:00" id="T06:31:00"><abbr title="2009-09-25T06:31:00+00:00">06:31:00</abbr></a>] &lt;<cite>Joe___</cite>&gt; <q>this bug is about the system window (Log out, Reboot, Hibermate etc). It looks all ok if the language setting is English, but it looks strange if the system language is German.</q></li>
<li class="message">[<a href="#T06:31:18" id="T06:31:18"><abbr title="2009-09-25T06:31:18+00:00">06:31:18</abbr></a>] &lt;<cite>raster</cite>&gt; <q>known</q></li>
<li class="message">[<a href="#T06:31:19" id="T06:31:19"><abbr title="2009-09-25T06:31:19+00:00">06:31:19</abbr></a>] &lt;<cite>raster</cite>&gt; <q>:)\</q></li>
<li class="quit">[<a href="#T06:33:24" id="T06:33:24"><abbr title="2009-09-25T06:33:24+00:00">06:33:24</abbr></a>] <span>* killring (n=killring@adsl-76-234-172-53.dsl.sfldmi.sbcglobal.net) Quit ()</span></li>
<li class="quit">[<a href="#T06:38:05" id="T06:38:05"><abbr title="2009-09-25T06:38:05+00:00">06:38:05</abbr></a>] <span>* Yuvi (n=yuvi@resnet-234-148.resnet.UMBC.EDU) Quit ()</span></li>
<li class="nick-change">[<a href="#T06:40:17" id="T06:40:17"><abbr title="2009-09-25T06:40:17+00:00">06:40:17</abbr></a>] <span>* xaxes is now known as xaxes|off</span></li>
<li class="nick-change">[<a href="#T06:40:21" id="T06:40:21"><abbr title="2009-09-25T06:40:21+00:00">06:40:21</abbr></a>] <span>* xaxes|off is now known as xaxes</span></li>
<li class="quit">[<a href="#T06:43:21" id="T06:43:21"><abbr title="2009-09-25T06:43:21+00:00">06:43:21</abbr></a>] <span>* spvensko (n=spvensko@rrcs-24-199-144-166.midsouth.biz.rr.com) Quit ()</span></li>
<li class="message">[<a href="#T06:43:37" id="T06:43:37"><abbr title="2009-09-25T06:43:37+00:00">06:43:37</abbr></a>] &lt;<cite>Joe___</cite>&gt; <q>really? very good</q></li>
<li class="quit">[<a href="#T06:44:05" id="T06:44:05"><abbr title="2009-09-25T06:44:05+00:00">06:44:05</abbr></a>] <span>* mykro (n=notranc@zima.linwin.com) Quit (Remote closed the connection)</span></li>
<li class="message">[<a href="#T06:44:26" id="T06:44:26"><abbr title="2009-09-25T06:44:26+00:00">06:44:26</abbr></a>] &lt;<cite>Joe___</cite>&gt; <q>is it known that the system starts again after power down in the system</q></li>
<li class="message">[<a href="#T06:47:53" id="T06:47:53"><abbr title="2009-09-25T06:47:53+00:00">06:47:53</abbr></a>] &lt;<cite>_koen_1</cite>&gt; <q>good morning all</q></li>
<li class="nick-change">[<a href="#T06:47:58" id="T06:47:58"><abbr title="2009-09-25T06:47:58+00:00">06:47:58</abbr></a>] <span>* _koen_1 is now known as _koen_</span></li>
<li class="message">[<a href="#T06:48:15" id="T06:48:15"><abbr title="2009-09-25T06:48:15+00:00">06:48:15</abbr></a>] &lt;<cite>Joe___</cite>&gt; <q>morning koen</q></li>
<li class="message">[<a href="#T06:48:34" id="T06:48:34"><abbr title="2009-09-25T06:48:34+00:00">06:48:34</abbr></a>] &lt;<cite>_koen_</cite>&gt; <q>raster: I updated the E srcrev in OE, now I have filesytem icons again in places :)</q></li>
<li class="message">[<a href="#T06:50:03" id="T06:50:03"><abbr title="2009-09-25T06:50:03+00:00">06:50:03</abbr></a>] &lt;<cite>raster</cite>&gt; <q>???</q></li>
<li class="message">[<a href="#T06:50:08" id="T06:50:08"><abbr title="2009-09-25T06:50:08+00:00">06:50:08</abbr></a>] &lt;<cite>raster</cite>&gt; <q>thats a bad thing?</q></li>
<li class="message">[<a href="#T06:50:36" id="T06:50:36"><abbr title="2009-09-25T06:50:36+00:00">06:50:36</abbr></a>] &lt;<cite>raster</cite>&gt; <q>Joe___: starting again after a haklt will be another issue</q></li>
<li class="join">[<a href="#T06:50:38" id="T06:50:38"><abbr title="2009-09-25T06:50:38+00:00">06:50:38</abbr></a>] <span>* franktango (n=a0746747@192.91.75.29) has joined #beagle</span></li>
<li class="message">[<a href="#T06:50:48" id="T06:50:48"><abbr title="2009-09-25T06:50:48+00:00">06:50:48</abbr></a>] &lt;<cite>raster</cite>&gt; <q>the shutdown will by default config issue a shutdown -h now</q></li>
<li class="quit">[<a href="#T06:51:16" id="T06:51:16"><abbr title="2009-09-25T06:51:16+00:00">06:51:16</abbr></a>] <span>* Joe___ (i=d4cb30e7@gateway/web/freenode/x-aeiognkgkbqbfxpq) Quit (Ping timeout: 180 seconds)</span></li>
<li class="part">[<a href="#T06:54:58" id="T06:54:58"><abbr title="2009-09-25T06:54:58+00:00">06:54:58</abbr></a>] <span>* xaxes (n=xaxes@foonative.org) has left #beagle</span></li>
<li class="join">[<a href="#T06:56:31" id="T06:56:31"><abbr title="2009-09-25T06:56:31+00:00">06:56:31</abbr></a>] <span>* GeneralAntilles (n=GeneralA@c-68-59-48-143.hsd1.fl.comcast.net) has joined #beagle</span></li>
<li class="join">[<a href="#T06:58:43" id="T06:58:43"><abbr title="2009-09-25T06:58:43+00:00">06:58:43</abbr></a>] <span>* courville (n=courvill@archos.rain.fr) has joined #beagle</span></li>
<li class="message">[<a href="#T07:01:03" id="T07:01:03"><abbr title="2009-09-25T07:01:03+00:00">07:01:03</abbr></a>] &lt;<cite>Pavlov</cite>&gt; <q>ls</q></li>
<li class="message">[<a href="#T07:01:05" id="T07:01:05"><abbr title="2009-09-25T07:01:05+00:00">07:01:05</abbr></a>] &lt;<cite>Pavlov</cite>&gt; <q>er</q></li>
<li class="part">[<a href="#T07:07:24" id="T07:07:24"><abbr title="2009-09-25T07:07:24+00:00">07:07:24</abbr></a>] <span>* GeneralAntilles (n=GeneralA@c-68-59-48-143.hsd1.fl.comcast.net) has left #beagle</span></li>
<li class="join">[<a href="#T07:07:38" id="T07:07:38"><abbr title="2009-09-25T07:07:38+00:00">07:07:38</abbr></a>] <span>* moi1234 (n=moi@cpe-66-75-138-96.san.res.rr.com) has joined #beagle</span></li>
<li class="quit">[<a href="#T07:10:23" id="T07:10:23"><abbr title="2009-09-25T07:10:23+00:00">07:10:23</abbr></a>] <span>* _koen_ (n=x0115699@nat/ti/x-cfyuishwwbzoixja) Quit (Remote closed the connection)</span></li>
<li class="join">[<a href="#T07:15:02" id="T07:15:02"><abbr title="2009-09-25T07:15:02+00:00">07:15:02</abbr></a>] <span>* _roger_ (n=a0740758@nat/ti/x-lsmgvralmrqdqfsz) has joined #beagle</span></li>
<li class="join">[<a href="#T07:17:35" id="T07:17:35"><abbr title="2009-09-25T07:17:35+00:00">07:17:35</abbr></a>] <span>* _koen_ (n=x0115699@nat/ti/x-dlujxpwcfywymxnq) has joined #beagle</span></li>
<li class="join">[<a href="#T07:20:21" id="T07:20:21"><abbr title="2009-09-25T07:20:21+00:00">07:20:21</abbr></a>] <span>* GeneralAntilles (n=GeneralA@c-68-59-48-143.hsd1.fl.comcast.net) has joined #beagle</span></li>
<li class="part">[<a href="#T07:20:43" id="T07:20:43"><abbr title="2009-09-25T07:20:43+00:00">07:20:43</abbr></a>] <span>* GeneralAntilles (n=GeneralA@c-68-59-48-143.hsd1.fl.comcast.net) has left #beagle</span></li>
<li class="quit">[<a href="#T07:29:25" id="T07:29:25"><abbr title="2009-09-25T07:29:25+00:00">07:29:25</abbr></a>] <span>* moi1234 (n=moi@cpe-66-75-138-96.san.res.rr.com) Quit (Remote closed the connection)</span></li>
<li class="join">[<a href="#T07:31:14" id="T07:31:14"><abbr title="2009-09-25T07:31:14+00:00">07:31:14</abbr></a>] <span>* rkirti (n=oespirit@203.199.213.3) has joined #beagle</span></li>
<li class="join">[<a href="#T07:32:00" id="T07:32:00"><abbr title="2009-09-25T07:32:00+00:00">07:32:00</abbr></a>] <span>* Yuvi (n=yuvi@resnet-234-148.resnet.umbc.edu) has joined #beagle</span></li>
<li class="nick-change">[<a href="#T07:32:22" id="T07:32:22"><abbr title="2009-09-25T07:32:22+00:00">07:32:22</abbr></a>] <span>* XorA|gone is now known as XorA</span></li>
<li class="join">[<a href="#T07:32:43" id="T07:32:43"><abbr title="2009-09-25T07:32:43+00:00">07:32:43</abbr></a>] <span>* Joe___ (i=51dd7d0f@gateway/web/freenode/x-xdlbuabwygjalmcy) has joined #beagle</span></li>
<li class="join">[<a href="#T07:38:48" id="T07:38:48"><abbr title="2009-09-25T07:38:48+00:00">07:38:48</abbr></a>] <span>* noeska (i=565e6edd@gateway/web/freenode/x-bsiuxhtgqpqdyyup) has joined #beagle</span></li>
<li class="message">[<a href="#T07:40:08" id="T07:40:08"><abbr title="2009-09-25T07:40:08+00:00">07:40:08</abbr></a>] &lt;<cite>Joe___</cite>&gt; <q>hallo noeska!</q></li>
<li class="message">[<a href="#T07:41:09" id="T07:41:09"><abbr title="2009-09-25T07:41:09+00:00">07:41:09</abbr></a>] &lt;<cite>noeska</cite>&gt; <q>hello</q></li>
<li class="message">[<a href="#T07:41:38" id="T07:41:38"><abbr title="2009-09-25T07:41:38+00:00">07:41:38</abbr></a>] &lt;<cite>noeska</cite>&gt; <q>im just i bit disapointed the the gles drivers are dependend on libx-6 :-(</q></li>
<li class="message">[<a href="#T07:41:45" id="T07:41:45"><abbr title="2009-09-25T07:41:45+00:00">07:41:45</abbr></a>] &lt;<cite>Joe___</cite>&gt; <q>could you follow instruction to switch video output to svideo?</q></li>
<li class="message">[<a href="#T07:42:04" id="T07:42:04"><abbr title="2009-09-25T07:42:04+00:00">07:42:04</abbr></a>] &lt;<cite>noeska</cite>&gt; <q>have not tried svideo yet</q></li>
<li class="message">[<a href="#T07:45:42" id="T07:45:42"><abbr title="2009-09-25T07:45:42+00:00">07:45:42</abbr></a>] &lt;<cite>koen</cite>&gt; <q>raster: no, that's a good thing :)</q></li>
<li class="message">[<a href="#T07:46:44" id="T07:46:44"><abbr title="2009-09-25T07:46:44+00:00">07:46:44</abbr></a>] &lt;<cite>Joe___</cite>&gt; <q>anybody can tell why my system boots up again after a powerdown?</q></li>
<li class="message">[<a href="#T07:47:02" id="T07:47:02"><abbr title="2009-09-25T07:47:02+00:00">07:47:02</abbr></a>] &lt;<cite>noeska</cite>&gt; <q>how dit you do powerdown?</q></li>
<li class="message">[<a href="#T07:47:11" id="T07:47:11"><abbr title="2009-09-25T07:47:11+00:00">07:47:11</abbr></a>] &lt;<cite>noeska</cite>&gt; <q>dit = did</q></li>
<li class="message">[<a href="#T07:47:48" id="T07:47:48"><abbr title="2009-09-25T07:47:48+00:00">07:47:48</abbr></a>] &lt;<cite>Joe___</cite>&gt; <q>in the system "main menu" &gt; "system"</q></li>
<li class="message">[<a href="#T07:48:11" id="T07:48:11"><abbr title="2009-09-25T07:48:11+00:00">07:48:11</abbr></a>] &lt;<cite>Joe___</cite>&gt; <q>then clicked in the windows with many other options</q></li>
<li class="message">[<a href="#T07:48:40" id="T07:48:40"><abbr title="2009-09-25T07:48:40+00:00">07:48:40</abbr></a>] &lt;<cite>Joe___</cite>&gt; <q>what is strange is that it work for a while before I blicked my BB</q></li>
<li class="message">[<a href="#T07:49:27" id="T07:49:27"><abbr title="2009-09-25T07:49:27+00:00">07:49:27</abbr></a>] &lt;<cite>Joe___</cite>&gt; <q>I could repair it </q></li>
<li class="message">[<abbr title="2009-09-25T07:49:27+00:00">07:49:27</abbr>] &lt;<cite>hyc</cite>&gt; <q>hmm. It seems the 3430 TRM documents the IVA a lot better than the 3530 TRM</q></li>
<li class="message">[<a href="#T07:49:58" id="T07:49:58"><abbr title="2009-09-25T07:49:58+00:00">07:49:58</abbr></a>] &lt;<cite>Joe___</cite>&gt; <q>I cannot say if x-boot or something is different now</q></li>
<li class="message">[<a href="#T07:50:09" id="T07:50:09"><abbr title="2009-09-25T07:50:09+00:00">07:50:09</abbr></a>] &lt;<cite>noeska</cite>&gt; <q>Joe__: from console as root do: shutdown -h now</q></li>
<li class="message">[<a href="#T07:50:19" id="T07:50:19"><abbr title="2009-09-25T07:50:19+00:00">07:50:19</abbr></a>] &lt;<cite>Joe___</cite>&gt; <q>It looks as if u-boot would start after a while</q></li>
<li class="message">[<a href="#T07:50:35" id="T07:50:35"><abbr title="2009-09-25T07:50:35+00:00">07:50:35</abbr></a>] &lt;<cite>raster</cite>&gt; <q>koen: u have the filemanager module runnig then i guess and have desktop icokns enabled</q></li>
<li class="message">[<a href="#T07:50:36" id="T07:50:36"><abbr title="2009-09-25T07:50:36+00:00">07:50:36</abbr></a>] &lt;<cite>Joe___</cite>&gt; <q>i'll try this tonight</q></li>
<li class="message">[<a href="#T07:51:35" id="T07:51:35"><abbr title="2009-09-25T07:51:35+00:00">07:51:35</abbr></a>] &lt;<cite>noeska</cite>&gt; <q>who can tell why the gles drivers are dependend on x? cannot they work without it?</q></li>
<li class="message">[<a href="#T07:52:14" id="T07:52:14"><abbr title="2009-09-25T07:52:14+00:00">07:52:14</abbr></a>] &lt;<cite>raster</cite>&gt; <q>probably because if they are to work in x - they need to talk to and know about it</q></li>
<li class="message">[<a href="#T07:52:25" id="T07:52:25"><abbr title="2009-09-25T07:52:25+00:00">07:52:25</abbr></a>] &lt;<cite>raster</cite>&gt; <q>u cant have them totally 100% ignorant of x</q></li>
<li class="message">[<a href="#T07:52:33" id="T07:52:33"><abbr title="2009-09-25T07:52:33+00:00">07:52:33</abbr></a>] &lt;<cite>raster</cite>&gt; <q>if uwant them to work both in and out of x.</q></li>
<li class="message">[<a href="#T07:52:53" id="T07:52:53"><abbr title="2009-09-25T07:52:53+00:00">07:52:53</abbr></a>] &lt;<cite>raster</cite>&gt; <q>x controls the framebuffer contents and manages what rendering goes where.</q></li>
<li class="message">[<a href="#T07:52:57" id="T07:52:57"><abbr title="2009-09-25T07:52:57+00:00">07:52:57</abbr></a>] &lt;<cite>raster</cite>&gt; <q>u cant just ignore x</q></li>
<li class="join">[<a href="#T07:54:02" id="T07:54:02"><abbr title="2009-09-25T07:54:02+00:00">07:54:02</abbr></a>] <span>* florian_kc (n=fuchs@port-217-146-132-69.static.qsc.de) has joined #beagle</span></li>
<li class="message">[<a href="#T07:57:56" id="T07:57:56"><abbr title="2009-09-25T07:57:56+00:00">07:57:56</abbr></a>] &lt;<cite>noeska</cite>&gt; <q>i only want them to work without x, for now i consider x collateral damage ... but is there a way to install the ipk without having x installed ... </q></li>
<li class="message">[<a href="#T07:58:17" id="T07:58:17"><abbr title="2009-09-25T07:58:17+00:00">07:58:17</abbr></a>] &lt;<cite>raster</cite>&gt; <q>the egl libs - inside the codee, need to talk to x</q></li>
<li class="message">[<a href="#T07:58:32" id="T07:58:32"><abbr title="2009-09-25T07:58:32+00:00">07:58:32</abbr></a>] &lt;<cite>raster</cite>&gt; <q>thats is why u have dependencies on x</q></li>
<li class="message">[<a href="#T07:58:36" id="T07:58:36"><abbr title="2009-09-25T07:58:36+00:00">07:58:36</abbr></a>] &lt;<cite>raster</cite>&gt; <q>so no way out</q></li>
<li class="message">[<a href="#T07:58:49" id="T07:58:49"><abbr title="2009-09-25T07:58:49+00:00">07:58:49</abbr></a>] &lt;<cite>raster</cite>&gt; <q>others want gles to work in x</q></li>
<li class="message">[<a href="#T07:59:18" id="T07:59:18"><abbr title="2009-09-25T07:59:18+00:00">07:59:18</abbr></a>] &lt;<cite>raster</cite>&gt; <q>u'd have to ask those who have the soruce to produce egl libs withotu x support as separate builds, as they are closed binaries</q></li>
<li class="nick-change">[<a href="#T07:59:21" id="T07:59:21"><abbr title="2009-09-25T07:59:21+00:00">07:59:21</abbr></a>] <span>* florian_kc is now known as florian</span></li>
<li class="message">[<a href="#T08:00:17" id="T08:00:17"><abbr title="2009-09-25T08:00:17+00:00">08:00:17</abbr></a>] &lt;<cite>raster</cite>&gt; <q>x doesnt hurt you anyway. its a much better way to handle your display as any work u do on desktop is 100% portable directly to device, no changes</q></li>
<li class="message">[<a href="#T08:00:40" id="T08:00:40"><abbr title="2009-09-25T08:00:40+00:00">08:00:40</abbr></a>] &lt;<cite>raster</cite>&gt; <q>(if you use a gles wrapper lib like the powervr sdk has on desktop - which is likely what u'd do to make development sane)</q></li>
<li class="message">[<a href="#T08:03:21" id="T08:03:21"><abbr title="2009-09-25T08:03:21+00:00">08:03:21</abbr></a>] &lt;<cite>av500</cite>&gt; <q>gm hyc </q></li>
<li class="message">[<a href="#T08:03:24" id="T08:03:24"><abbr title="2009-09-25T08:03:24+00:00">08:03:24</abbr></a>] &lt;<cite>av500</cite>&gt; <q>jo raster </q></li>
<li class="message">[<a href="#T08:03:29" id="T08:03:29"><abbr title="2009-09-25T08:03:29+00:00">08:03:29</abbr></a>] &lt;<cite>raster</cite>&gt; <q>yo av500!</q></li>
<li class="message">[<a href="#T08:03:32" id="T08:03:32"><abbr title="2009-09-25T08:03:32+00:00">08:03:32</abbr></a>] &lt;<cite>raster</cite>&gt; <q>wasaaaaap</q></li>
<li class="message">[<a href="#T08:03:37" id="T08:03:37"><abbr title="2009-09-25T08:03:37+00:00">08:03:37</abbr></a>] &lt;<cite>hyc</cite>&gt; <q>morning av500</q></li>
<li class="message">[<a href="#T08:03:55" id="T08:03:55"><abbr title="2009-09-25T08:03:55+00:00">08:03:55</abbr></a>] &lt;<cite>hyc</cite>&gt; <q>just been reading the IVA chapter of the 3430 TRM</q></li>
<li class="message">[<a href="#T08:04:06" id="T08:04:06"><abbr title="2009-09-25T08:04:06+00:00">08:04:06</abbr></a>] &lt;<cite>hyc</cite>&gt; <q>looks like actually most of what you need is already documented</q></li>
<li class="quit">[<a href="#T08:04:50" id="T08:04:50"><abbr title="2009-09-25T08:04:50+00:00">08:04:50</abbr></a>] <span>* siji (n=siji@122.170.9.183) Quit ("Leaving")</span></li>
<li class="quit">[<a href="#T08:06:43" id="T08:06:43"><abbr title="2009-09-25T08:06:43+00:00">08:06:43</abbr></a>] <span>* sol-invictus_ (n=chatzill@143.205.116.245) Quit ("ChatZilla 0.9.85 [Firefox 3.0.14/2009090216]")</span></li>
<li class="message">[<a href="#T08:07:32" id="T08:07:32"><abbr title="2009-09-25T08:07:32+00:00">08:07:32</abbr></a>] &lt;<cite>av500</cite>&gt; <q>hyc: actually, u are right, I missed that so far it seams :-)</q></li>
<li class="join">[<a href="#T08:08:12" id="T08:08:12"><abbr title="2009-09-25T08:08:12+00:00">08:08:12</abbr></a>] <span>* tester_ (i=73b873f3@gateway/web/freenode/x-uxcigjouibfjkivj) has joined #beagle</span></li>
<li class="message">[<a href="#T08:08:15" id="T08:08:15"><abbr title="2009-09-25T08:08:15+00:00">08:08:15</abbr></a>] &lt;<cite>hyc</cite>&gt; <q>yeah, it doesn't pay to only read the 3530 docs :P</q></li>
<li class="message">[<a href="#T08:08:35" id="T08:08:35"><abbr title="2009-09-25T08:08:35+00:00">08:08:35</abbr></a>] &lt;<cite>av500</cite>&gt; <q>I guess only the 35xx are public, no?</q></li>
<li class="message">[<a href="#T08:09:06" id="T08:09:06"><abbr title="2009-09-25T08:09:06+00:00">08:09:06</abbr></a>] &lt;<cite>hyc</cite>&gt; <q>3430 doc is public too <a href="http://focus.ti.com/general/docs/wtbu/wtbudocumentcenter.tsp?templateId=6123&amp;navigationId=12667">http://focus.ti.com/general/docs/wtbu/wtbudocumentcenter.tsp?templateId=6123&amp;navigationId=12667</a></q></li>
<li class="join">[<a href="#T08:10:33" id="T08:10:33"><abbr title="2009-09-25T08:10:33+00:00">08:10:33</abbr></a>] <span>* ldesnogu_ (n=ldesnogu@ven06-2-82-247-86-183.fbx.proxad.net) has joined #beagle</span></li>
<li class="message">[<a href="#T08:10:49" id="T08:10:49"><abbr title="2009-09-25T08:10:49+00:00">08:10:49</abbr></a>] &lt;<cite>matt___</cite>&gt; <q>av500: one interesting thing, the business unit of 35xx and 34xx are different in TI</q></li>
<li class="join">[<a href="#T08:10:51" id="T08:10:51"><abbr title="2009-09-25T08:10:51+00:00">08:10:51</abbr></a>] <span>* jipi (n=jipi@cm223.omega116.maxonline.com.sg) has joined #beagle</span></li>
<li class="message">[<a href="#T08:11:03" id="T08:11:03"><abbr title="2009-09-25T08:11:03+00:00">08:11:03</abbr></a>] &lt;<cite>av500</cite>&gt; <q>matt___: I know that very well</q></li>
<li class="message">[<a href="#T08:11:20" id="T08:11:20"><abbr title="2009-09-25T08:11:20+00:00">08:11:20</abbr></a>] &lt;<cite>_koen_</cite>&gt; <q>raster: I disable desktop icons and use the places module, and places now show the proper icon for the drive (sd) and for fs (tux or windows logo)</q></li>
<li class="message">[<a href="#T08:11:35" id="T08:11:35"><abbr title="2009-09-25T08:11:35+00:00">08:11:35</abbr></a>] &lt;<cite>_koen_</cite>&gt; <q>raster: in the old srcrev it only showed the sd icon</q></li>
<li class="message">[<a href="#T08:12:05" id="T08:12:05"><abbr title="2009-09-25T08:12:05+00:00">08:12:05</abbr></a>] &lt;<cite>raster</cite>&gt; <q>oh places</q></li>
<li class="message">[<a href="#T08:12:11" id="T08:12:11"><abbr title="2009-09-25T08:12:11+00:00">08:12:11</abbr></a>] &lt;<cite>raster</cite>&gt; <q>not sure there. dont use it</q></li>
<li class="quit">[<abbr title="2009-09-25T08:12:11+00:00">08:12:11</abbr>] <span>* tester_ (i=73b873f3@gateway/web/freenode/x-uxcigjouibfjkivj) Quit (Ping timeout: 180 seconds)</span></li>
<li class="quit">[<a href="#T08:12:31" id="T08:12:31"><abbr title="2009-09-25T08:12:31+00:00">08:12:31</abbr></a>] <span>* noeska (i=565e6edd@gateway/web/freenode/x-bsiuxhtgqpqdyyup) Quit ("Page closed")</span></li>
<li class="message">[<a href="#T08:13:03" id="T08:13:03"><abbr title="2009-09-25T08:13:03+00:00">08:13:03</abbr></a>] &lt;<cite>matt___</cite>&gt; <q>av500: it's odd somehow</q></li>
<li class="message">[<a href="#T08:14:39" id="T08:14:39"><abbr title="2009-09-25T08:14:39+00:00">08:14:39</abbr></a>] &lt;<cite>hyc</cite>&gt; <q>av500: found that from this thread <a href="http://talk.maemo.org/archive/index.php/t-21795.html">http://talk.maemo.org/archive/index.php/t-21795.html</a></q></li>
<li class="message">[<a href="#T08:15:03" id="T08:15:03"><abbr title="2009-09-25T08:15:03+00:00">08:15:03</abbr></a>] &lt;<cite>hyc</cite>&gt; <q>the Intel poulsbo datasheet has a few more SGX details, but still not enough to use</q></li>
<li class="message">[<a href="#T08:15:25" id="T08:15:25"><abbr title="2009-09-25T08:15:25+00:00">08:15:25</abbr></a>] &lt;<cite>_koen_</cite>&gt; <q>poulsbong</q></li>
<li class="message">[<a href="#T08:15:34" id="T08:15:34"><abbr title="2009-09-25T08:15:34+00:00">08:15:34</abbr></a>] &lt;<cite>_koen_</cite>&gt; <q>as various developers call it</q></li>
<li class="message">[<a href="#T08:17:21" id="T08:17:21"><abbr title="2009-09-25T08:17:21+00:00">08:17:21</abbr></a>] &lt;<cite>hyc</cite>&gt; <q>heh... and a paper on implementing VC-1 decoder on OMAP2420 <a href="https://www.utd.edu/~lxr062000/Vc1.PDF">https://www.utd.edu/~lxr062000/Vc1.PDF</a></q></li>
<li class="part">[<a href="#T08:18:27" id="T08:18:27"><abbr title="2009-09-25T08:18:27+00:00">08:18:27</abbr></a>] <span>* jsync (n=jess@user-0c9hf28.cable.mindspring.com) has left #beagle</span></li>
<li class="message">[<a href="#T08:18:47" id="T08:18:47"><abbr title="2009-09-25T08:18:47+00:00">08:18:47</abbr></a>] &lt;<cite>hyc</cite>&gt; <q>the more I read the more amazed I am how much compute power they cram into such a tiny power-efficient chip</q></li>
<li class="message">[<a href="#T08:19:35" id="T08:19:35"><abbr title="2009-09-25T08:19:35+00:00">08:19:35</abbr></a>] &lt;<cite>hyc</cite>&gt; <q>the video accelerator is attached to the DSP, but controlled by its own ARM9 sequencer. sheesh, how many compute engines are there really in this thing...</q></li>
<li class="message">[<a href="#T08:20:01" id="T08:20:01"><abbr title="2009-09-25T08:20:01+00:00">08:20:01</abbr></a>] &lt;<cite>av500</cite>&gt; <q>hyc: actually, u can use the arm9 seq for other things if you want</q></li>
<li class="message">[<a href="#T08:20:18" id="T08:20:18"><abbr title="2009-09-25T08:20:18+00:00">08:20:18</abbr></a>] &lt;<cite>hyc</cite>&gt; <q>heh, I guessed that would be the case</q></li>
<li class="message">[<a href="#T08:20:41" id="T08:20:41"><abbr title="2009-09-25T08:20:41+00:00">08:20:41</abbr></a>] &lt;<cite>Joe___</cite>&gt; <q>a question for Angstrom team: any chance to use MKFS?</q></li>
<li class="message">[<a href="#T08:21:25" id="T08:21:25"><abbr title="2009-09-25T08:21:25+00:00">08:21:25</abbr></a>] &lt;<cite>av500</cite>&gt; <q>hyc: ok, the link has version I, I have M here...</q></li>
<li class="message">[<a href="#T08:21:52" id="T08:21:52"><abbr title="2009-09-25T08:21:52+00:00">08:21:52</abbr></a>] &lt;<cite>av500</cite>&gt; <q>hyc: do you plan to go into omap3 dsp stuff?</q></li>
<li class="message">[<a href="#T08:22:04" id="T08:22:04"><abbr title="2009-09-25T08:22:04+00:00">08:22:04</abbr></a>] &lt;<cite>hyc</cite>&gt; <q>av500: as my spare time allows ...</q></li>
<li class="message">[<a href="#T08:22:09" id="T08:22:09"><abbr title="2009-09-25T08:22:09+00:00">08:22:09</abbr></a>] &lt;<cite>av500</cite>&gt; <q>:-)</q></li>
<li class="message">[<a href="#T08:22:50" id="T08:22:50"><abbr title="2009-09-25T08:22:50+00:00">08:22:50</abbr></a>] &lt;<cite>hyc</cite>&gt; <q>version I? 3430 TRM?</q></li>
<li class="message">[<a href="#T08:23:34" id="T08:23:34"><abbr title="2009-09-25T08:23:34+00:00">08:23:34</abbr></a>] &lt;<cite>av500</cite>&gt; <q>ys</q></li>
<li class="message">[<a href="#T08:23:46" id="T08:23:46"><abbr title="2009-09-25T08:23:46+00:00">08:23:46</abbr></a>] &lt;<cite>hyc</cite>&gt; <q>it says Version V and Public Version</q></li>
<li class="message">[<a href="#T08:24:23" id="T08:24:23"><abbr title="2009-09-25T08:24:23+00:00">08:24:23</abbr></a>] &lt;<cite>hyc</cite>&gt; <q>Literature Number: SWPU114V, July 2007 - Revised September 2009</q></li>
<li class="message">[<a href="#T08:25:40" id="T08:25:40"><abbr title="2009-09-25T08:25:40+00:00">08:25:40</abbr></a>] &lt;<cite>hyc</cite>&gt; <q>not sure that I'll have enough time to become useful in terms of codec code</q></li>
<li class="message">[<a href="#T08:26:08" id="T08:26:08"><abbr title="2009-09-25T08:26:08+00:00">08:26:08</abbr></a>] &lt;<cite>av500</cite>&gt; <q>hmm, then u have another link...</q></li>
<li class="message">[<a href="#T08:26:21" id="T08:26:21"><abbr title="2009-09-25T08:26:21+00:00">08:26:21</abbr></a>] &lt;<cite>hyc</cite>&gt; <q>but still interested in exploring all the possibilities from this hardware</q></li>
<li class="message">[<a href="#T08:28:04" id="T08:28:04"><abbr title="2009-09-25T08:28:04+00:00">08:28:04</abbr></a>] &lt;<cite>hyc</cite>&gt; <q><a href="http://focus.ti.com/pdfs/wtbu/SWPU114V_FinalEPDF_09_09_2009.pdf">http://focus.ti.com/pdfs/wtbu/SWPU114V_FinalEPDF_09_09_2009.pdf</a></q></li>
<li class="message">[<a href="#T08:28:44" id="T08:28:44"><abbr title="2009-09-25T08:28:44+00:00">08:28:44</abbr></a>] &lt;<cite>hyc</cite>&gt; <q>that link is on the page I linked above</q></li>
<li class="message">[<a href="#T08:30:06" id="T08:30:06"><abbr title="2009-09-25T08:30:06+00:00">08:30:06</abbr></a>] &lt;<cite>av500</cite>&gt; <q>I got only the "I" link...</q></li>
<li class="message">[<a href="#T08:30:26" id="T08:30:26"><abbr title="2009-09-25T08:30:26+00:00">08:30:26</abbr></a>] &lt;<cite>av500</cite>&gt; <q>the vc1 link is broken</q></li>
<li class="message">[<a href="#T08:30:38" id="T08:30:38"><abbr title="2009-09-25T08:30:38+00:00">08:30:38</abbr></a>] &lt;<cite>hyc</cite>&gt; <q>look again on the focus.ti.com link, not the maemo talk link</q></li>
<li class="message">[<a href="#T08:30:39" id="T08:30:39"><abbr title="2009-09-25T08:30:39+00:00">08:30:39</abbr></a>] &lt;<cite>av500</cite>&gt; <q>ah no</q></li>
<li class="message">[<a href="#T08:30:59" id="T08:30:59"><abbr title="2009-09-25T08:30:59+00:00">08:30:59</abbr></a>] &lt;<cite>av500</cite>&gt; <q>hyc: okok, too many irc windows here...</q></li>
<li class="message">[<a href="#T08:31:05" id="T08:31:05"><abbr title="2009-09-25T08:31:05+00:00">08:31:05</abbr></a>] &lt;<cite>hyc</cite>&gt; <q>heh</q></li>
<li class="message">[<a href="#T08:32:04" id="T08:32:04"><abbr title="2009-09-25T08:32:04+00:00">08:32:04</abbr></a>] &lt;<cite>hyc</cite>&gt; <q><a href="http://download.intel.com/design/chipsets/embedded/datashts/319537.pdf">http://download.intel.com/design/chipsets/embedded/datashts/319537.pdf</a> </q></li>
<li class="message">[<a href="#T08:32:13" id="T08:32:13"><abbr title="2009-09-25T08:32:13+00:00">08:32:13</abbr></a>] &lt;<cite>hyc</cite>&gt; <q>that's the Intel datasheet, ch. 9 has a little about the SGX</q></li>
<li class="message">[<a href="#T08:32:14" id="T08:32:14"><abbr title="2009-09-25T08:32:14+00:00">08:32:14</abbr></a>] &lt;<cite>av500</cite>&gt; <q>well, then it all nice and open, so go code :-)</q></li>
<li class="message">[<a href="#T08:33:04" id="T08:33:04"><abbr title="2009-09-25T08:33:04+00:00">08:33:04</abbr></a>] &lt;<cite>hyc</cite>&gt; <q>well, like I said, it will take me too long to learn enough to understand the existing H.264 code to be much use, I think</q></li>
<li class="join">[<a href="#T08:33:37" id="T08:33:37"><abbr title="2009-09-25T08:33:37+00:00">08:33:37</abbr></a>] <span>* jkridner|work (n=a0321898@nat/ti/x-dfrwuxiqybunwyrg) has joined #beagle</span></li>
<li class="message">[<a href="#T08:33:47" id="T08:33:47"><abbr title="2009-09-25T08:33:47+00:00">08:33:47</abbr></a>] &lt;<cite>hyc</cite>&gt; <q>but we'll see</q></li>
<li class="message">[<a href="#T08:38:35" id="T08:38:35"><abbr title="2009-09-25T08:38:35+00:00">08:38:35</abbr></a>] &lt;<cite>hyc</cite>&gt; <q>oh, switching gears - what about the omap security hardware? RNG, AES...</q></li>
<li class="message">[<a href="#T08:38:53" id="T08:38:53"><abbr title="2009-09-25T08:38:53+00:00">08:38:53</abbr></a>] &lt;<cite>av500</cite>&gt; <q>is not public yet I think.</q></li>
<li class="message">[<a href="#T08:39:02" id="T08:39:02"><abbr title="2009-09-25T08:39:02+00:00">08:39:02</abbr></a>] &lt;<cite>hyc</cite>&gt; <q>is that hardware even present in the beagleboard chip?</q></li>
<li class="message">[<a href="#T08:39:22" id="T08:39:22"><abbr title="2009-09-25T08:39:22+00:00">08:39:22</abbr></a>] &lt;<cite>av500</cite>&gt; <q>yes</q></li>
<li class="message">[<a href="#T08:41:06" id="T08:41:06"><abbr title="2009-09-25T08:41:06+00:00">08:41:06</abbr></a>] &lt;<cite>mru</cite>&gt; <q>the 3430 trm doesn't have nearly enough info on the accelerators to be useful</q></li>
<li class="message">[<a href="#T08:42:02" id="T08:42:02"><abbr title="2009-09-25T08:42:02+00:00">08:42:02</abbr></a>] &lt;<cite>hyc</cite>&gt; <q>mru: glad you said that. i was beginning to think I was missing something</q></li>
<li class="message">[<a href="#T08:43:23" id="T08:43:23"><abbr title="2009-09-25T08:43:23+00:00">08:43:23</abbr></a>] &lt;<cite>av500</cite>&gt; <q>mru: you always have to spoil it :-)</q></li>
<li class="message">[<a href="#T08:43:30" id="T08:43:30"><abbr title="2009-09-25T08:43:30+00:00">08:43:30</abbr></a>] &lt;<cite>suihkulokki</cite>&gt; <q>I think the security block is a "accelerator" but rather something that tries to be harder to crack</q></li>
<li class="message">[<a href="#T08:43:37" id="T08:43:37"><abbr title="2009-09-25T08:43:37+00:00">08:43:37</abbr></a>] &lt;<cite>suihkulokki</cite>&gt; <q>eg. for implementing drm et all</q></li>
<li class="message">[<a href="#T08:43:52" id="T08:43:52"><abbr title="2009-09-25T08:43:52+00:00">08:43:52</abbr></a>] &lt;<cite>hyc</cite>&gt; <q>that other thread I posted talks about the accelerator being similar to the ones in DM270 <a href="http://focus.ti.com/general/docs/wtbu/wtbuproductcontent.tsp?contentId=4681&amp;navigationId=11998&amp;templateId=6123">http://focus.ti.com/general/docs/wtbu/wtbuproductcontent.tsp?contentId=4681&amp;navigationId=11998&amp;templateId=6123</a></q></li>
<li class="message">[<a href="#T08:43:57" id="T08:43:57"><abbr title="2009-09-25T08:43:57+00:00">08:43:57</abbr></a>] &lt;<cite>av500</cite>&gt; <q>suihkulokki: the DES/AES engines are just that, nothing mystic about it</q></li>
<li class="message">[<a href="#T08:43:58" id="T08:43:58"><abbr title="2009-09-25T08:43:58+00:00">08:43:58</abbr></a>] &lt;<cite>suihkulokki</cite>&gt; <q>s/is a/is not a/</q></li>
<li class="message">[<a href="#T08:44:04" id="T08:44:04"><abbr title="2009-09-25T08:44:04+00:00">08:44:04</abbr></a>] &lt;<cite>mru</cite>&gt; <q>indeed</q></li>
<li class="message">[<a href="#T08:44:15" id="T08:44:15"><abbr title="2009-09-25T08:44:15+00:00">08:44:15</abbr></a>] &lt;<cite>hyc</cite>&gt; <q>DM270 also says it has variable length coding/decoding but there's no mention in the 3430</q></li>
<li class="message">[<a href="#T08:44:23" id="T08:44:23"><abbr title="2009-09-25T08:44:23+00:00">08:44:23</abbr></a>] &lt;<cite>av500</cite>&gt; <q>hyc: sure it it</q></li>
<li class="message">[<a href="#T08:44:36" id="T08:44:36"><abbr title="2009-09-25T08:44:36+00:00">08:44:36</abbr></a>] &lt;<cite>suihkulokki</cite>&gt; <q>but is it really faster than what you would do on cortex a8 in software ?</q></li>
<li class="message">[<a href="#T08:44:44" id="T08:44:44"><abbr title="2009-09-25T08:44:44+00:00">08:44:44</abbr></a>] &lt;<cite>av500</cite>&gt; <q>suihkulokki: yes</q></li>
<li class="message">[<a href="#T08:44:49" id="T08:44:49"><abbr title="2009-09-25T08:44:49+00:00">08:44:49</abbr></a>] &lt;<cite>mru</cite>&gt; <q>for some unfathomable reason they disable it on the GP devices, iirc</q></li>
<li class="message">[<a href="#T08:44:55" id="T08:44:55"><abbr title="2009-09-25T08:44:55+00:00">08:44:55</abbr></a>] &lt;<cite>av500</cite>&gt; <q>mru: nope</q></li>
<li class="message">[<a href="#T08:45:05" id="T08:45:05"><abbr title="2009-09-25T08:45:05+00:00">08:45:05</abbr></a>] &lt;<cite>suihkulokki</cite>&gt; <q>ok, then I was thinking wrong :)</q></li>
<li class="message">[<a href="#T08:45:06" id="T08:45:06"><abbr title="2009-09-25T08:45:06+00:00">08:45:06</abbr></a>] &lt;<cite>mru</cite>&gt; <q>ah, good to be wrong sometimes</q></li>
<li class="message">[<a href="#T08:45:08" id="T08:45:08"><abbr title="2009-09-25T08:45:08+00:00">08:45:08</abbr></a>] &lt;<cite>hyc</cite>&gt; <q>suihkulokki: it doesn't need to be that much faster, as long as you can use it for "free"</q></li>
<li class="message">[<a href="#T08:45:09" id="T08:45:09"><abbr title="2009-09-25T08:45:09+00:00">08:45:09</abbr></a>] &lt;<cite>av500</cite>&gt; <q>suihkulokki: and faster does not matter always, what matters that it runs in parallel</q></li>
<li class="message">[<a href="#T08:45:29" id="T08:45:29"><abbr title="2009-09-25T08:45:29+00:00">08:45:29</abbr></a>] &lt;<cite>hyc</cite>&gt; <q>good quality RNG is very tough to do in software</q></li>
<li class="message">[<a href="#T08:45:32" id="T08:45:32"><abbr title="2009-09-25T08:45:32+00:00">08:45:32</abbr></a>] &lt;<cite>av500</cite>&gt; <q>a quadcore core is slower than a dualcore core...</q></li>
<li class="message">[<a href="#T08:45:42" id="T08:45:42"><abbr title="2009-09-25T08:45:42+00:00">08:45:42</abbr></a>] &lt;<cite>av500</cite>&gt; <q>still ppl buy quadc</q></li>
<li class="message">[<a href="#T08:45:43" id="T08:45:43"><abbr title="2009-09-25T08:45:43+00:00">08:45:43</abbr></a>] &lt;<cite>mru</cite>&gt; <q>hyc: a true rng is impossible to do in software</q></li>
<li class="message">[<a href="#T08:45:44" id="T08:45:44"><abbr title="2009-09-25T08:45:44+00:00">08:45:44</abbr></a>] &lt;<cite>hyc</cite>&gt; <q>though on the touchbook I imagine we can use the accelerometer for RNG input</q></li>
<li class="message">[<a href="#T08:45:49" id="T08:45:49"><abbr title="2009-09-25T08:45:49+00:00">08:45:49</abbr></a>] &lt;<cite>mru</cite>&gt; <q>unless you have a buggy cpu</q></li>
<li class="message">[<a href="#T08:46:25" id="T08:46:25"><abbr title="2009-09-25T08:46:25+00:00">08:46:25</abbr></a>] &lt;<cite>hyc</cite>&gt; <q>mru: that must be what Intel did with all their FDIV bugged circuits</q></li>
<li class="message">[<a href="#T08:47:33" id="T08:47:33"><abbr title="2009-09-25T08:47:33+00:00">08:47:33</abbr></a>] &lt;<cite>raster</cite>&gt; <q>av500: M04r c0r3z  FTW!</q></li>
<li class="join">[<a href="#T08:47:43" id="T08:47:43"><abbr title="2009-09-25T08:47:43+00:00">08:47:43</abbr></a>] <span>* daniel_ki (n=daniel@85.183.48.167) has joined #beagle</span></li>
<li class="message">[<a href="#T08:47:48" id="T08:47:48"><abbr title="2009-09-25T08:47:48+00:00">08:47:48</abbr></a>] &lt;<cite>mru</cite>&gt; <q>hi raster </q></li>
<li class="message">[<a href="#T08:48:00" id="T08:48:00"><abbr title="2009-09-25T08:48:00+00:00">08:48:00</abbr></a>] &lt;<cite>raster</cite>&gt; <q>mru:  morning mate</q></li>
<li class="message">[<a href="#T08:48:05" id="T08:48:05"><abbr title="2009-09-25T08:48:05+00:00">08:48:05</abbr></a>] &lt;<cite>av500</cite>&gt; <q>raster: sure, I told the boss I want that new SGI box...</q></li>
<li class="message">[<a href="#T08:48:10" id="T08:48:10"><abbr title="2009-09-25T08:48:10+00:00">08:48:10</abbr></a>] &lt;<cite>raster</cite>&gt; <q>hahahah</q></li>
<li class="message">[<a href="#T08:48:13" id="T08:48:13"><abbr title="2009-09-25T08:48:13+00:00">08:48:13</abbr></a>] &lt;<cite>av500</cite>&gt; <q>no reply yet...</q></li>
<li class="message">[<a href="#T08:48:34" id="T08:48:34"><abbr title="2009-09-25T08:48:34+00:00">08:48:34</abbr></a>] &lt;<cite>raster</cite>&gt; <q>well sinc ethe mhz race kind of ended. now its the cores race</q></li>
<li class="message">[<a href="#T08:49:01" id="T08:49:01"><abbr title="2009-09-25T08:49:01+00:00">08:49:01</abbr></a>] &lt;<cite>raster</cite>&gt; <q>gotta have something to wave about to show how big your genetalia are... if its not mhz, then cores will have to do</q></li>
<li class="message">[<abbr title="2009-09-25T08:49:01+00:00">08:49:01</abbr>] &lt;<cite>raster</cite>&gt; <q>:)</q></li>
<li class="message">[<a href="#T08:50:15" id="T08:50:15"><abbr title="2009-09-25T08:50:15+00:00">08:50:15</abbr></a>] &lt;<cite>av500</cite>&gt; <q>you mean lil', but many of 'em?</q></li>
<li class="message">[<a href="#T08:50:56" id="T08:50:56"><abbr title="2009-09-25T08:50:56+00:00">08:50:56</abbr></a>] &lt;<cite>raster</cite>&gt; <q>hahahahahha!</q></li>
<li class="action">[<a href="#T08:51:18" id="T08:51:18"><abbr title="2009-09-25T08:51:18+00:00">08:51:18</abbr></a>] <span>* raster goes back to grumbling about threads</span></li>
<li class="message">[<a href="#T08:51:19" id="T08:51:19"><abbr title="2009-09-25T08:51:19+00:00">08:51:19</abbr></a>] &lt;<cite>av500</cite>&gt; <q>hyc: all these hw accells are similar over ti dsp generations, they get more powerfull and more codecs added...</q></li>
<li class="message">[<a href="#T08:51:30" id="T08:51:30"><abbr title="2009-09-25T08:51:30+00:00">08:51:30</abbr></a>] &lt;<cite>hyc</cite>&gt; <q>hm, I guess sex is inherently parallel processing, at the micro scale, millions of little buggers swimming around</q></li>
<li class="message">[<a href="#T08:51:41" id="T08:51:41"><abbr title="2009-09-25T08:51:41+00:00">08:51:41</abbr></a>] &lt;<cite>hyc</cite>&gt; <q>av500: yeah, makes sense</q></li>
<li class="message">[<a href="#T08:51:45" id="T08:51:45"><abbr title="2009-09-25T08:51:45+00:00">08:51:45</abbr></a>] &lt;<cite>raster</cite>&gt; <q>hahahahhaa</q></li>
<li class="message">[<a href="#T08:51:59" id="T08:51:59"><abbr title="2009-09-25T08:51:59+00:00">08:51:59</abbr></a>] &lt;<cite>mru</cite>&gt; <q>like those GPU threads</q></li>
<li class="message">[<a href="#T08:52:01" id="T08:52:01"><abbr title="2009-09-25T08:52:01+00:00">08:52:01</abbr></a>] &lt;<cite>av500</cite>&gt; <q>hyc: I had a student do mpeg1 on a dsc25 using the hw stuff...</q></li>
<li class="message">[<a href="#T08:52:16" id="T08:52:16"><abbr title="2009-09-25T08:52:16+00:00">08:52:16</abbr></a>] &lt;<cite>av500</cite>&gt; <q>mru: yeah, only one will come up with a result...</q></li>
<li class="message">[<a href="#T08:52:24" id="T08:52:24"><abbr title="2009-09-25T08:52:24+00:00">08:52:24</abbr></a>] &lt;<cite>av500</cite>&gt; <q>42!</q></li>
<li class="message">[<a href="#T08:52:28" id="T08:52:28"><abbr title="2009-09-25T08:52:28+00:00">08:52:28</abbr></a>] &lt;<cite>raster</cite>&gt; <q>6x7</q></li>
<li class="message">[<a href="#T08:52:53" id="T08:52:53"><abbr title="2009-09-25T08:52:53+00:00">08:52:53</abbr></a>] &lt;<cite>av500</cite>&gt; <q>raster: no 6x9</q></li>
<li class="message">[<a href="#T08:53:03" id="T08:53:03"><abbr title="2009-09-25T08:53:03+00:00">08:53:03</abbr></a>] &lt;<cite>av500</cite>&gt; <q>42(base 13)</q></li>
<li class="message">[<a href="#T08:53:04" id="T08:53:04"><abbr title="2009-09-25T08:53:04+00:00">08:53:04</abbr></a>] &lt;<cite>mru</cite>&gt; <q>the universe runs on pentium</q></li>
<li class="action">[<a href="#T08:53:39" id="T08:53:39"><abbr title="2009-09-25T08:53:39+00:00">08:53:39</abbr></a>] <span>* mru prefers base 14</span></li>
<li class="action">[<a href="#T08:53:46" id="T08:53:46"><abbr title="2009-09-25T08:53:46+00:00">08:53:46</abbr></a>] <span>* mru is still 21 there</span></li>
<li class="message">[<a href="#T08:54:11" id="T08:54:11"><abbr title="2009-09-25T08:54:11+00:00">08:54:11</abbr></a>] &lt;<cite>hyc</cite>&gt; <q>heh</q></li>
<li class="join">[<a href="#T08:55:05" id="T08:55:05"><abbr title="2009-09-25T08:55:05+00:00">08:55:05</abbr></a>] <span>* edufelipe (n=edufelip@189.4.104.196) has joined #beagle</span></li>
<li class="quit">[<a href="#T08:55:15" id="T08:55:15"><abbr title="2009-09-25T08:55:15+00:00">08:55:15</abbr></a>] <span>* guillaum1 (n=gl@AMontsouris-153-1-3-161.w86-212.abo.wanadoo.fr) Quit (Read error: 110 (Connection timed out))</span></li>
<li class="action">[<a href="#T08:55:22" id="T08:55:22"><abbr title="2009-09-25T08:55:22+00:00">08:55:22</abbr></a>] <span>* av500 has invited ppl to his 0x20 birthdays some ys ago...</span></li>
<li class="message">[<a href="#T08:56:05" id="T08:56:05"><abbr title="2009-09-25T08:56:05+00:00">08:56:05</abbr></a>] &lt;<cite>av500</cite>&gt; <q>hyc: If you want to play with a DM270 EVM, tell me :-)(</q></li>
<li class="message">[<a href="#T08:56:48" id="T08:56:48"><abbr title="2009-09-25T08:56:48+00:00">08:56:48</abbr></a>] &lt;<cite>hyc</cite>&gt; <q>you've got one lying around? I think it would be too distracting ;)</q></li>
<li class="message">[<a href="#T08:56:59" id="T08:56:59"><abbr title="2009-09-25T08:56:59+00:00">08:56:59</abbr></a>] &lt;<cite>av500</cite>&gt; <q>I can give you the whole range :-)</q></li>
<li class="message">[<a href="#T08:58:13" id="T08:58:13"><abbr title="2009-09-25T08:58:13+00:00">08:58:13</abbr></a>] &lt;<cite>hyc</cite>&gt; <q>what does your company do?</q></li>
<li class="message">[<a href="#T08:59:02" id="T08:59:02"><abbr title="2009-09-25T08:59:02+00:00">08:59:02</abbr></a>] &lt;<cite>av500</cite>&gt; <q>ggogle av500</q></li>
<li class="message">[<a href="#T08:59:22" id="T08:59:22"><abbr title="2009-09-25T08:59:22+00:00">08:59:22</abbr></a>] &lt;<cite>av500</cite>&gt; <q>we debug TI chips...</q></li>
<li class="message">[<a href="#T08:59:46" id="T08:59:46"><abbr title="2009-09-25T08:59:46+00:00">08:59:46</abbr></a>] &lt;<cite>Joe___</cite>&gt; <q>archos?</q></li>
<li class="message">[<a href="#T08:59:55" id="T08:59:55"><abbr title="2009-09-25T08:59:55+00:00">08:59:55</abbr></a>] &lt;<cite>av500</cite>&gt; <q>yes</q></li>
