<li class="message">[<a href="#T00:00:07" id="T00:00:07"><abbr title="2009-04-22T00:00:07+00:00">00:00:07</abbr></a>] &lt;<cite>Batko_Marto</cite>&gt; <q>and then a giant stack traec</q></li>
<li class="message">[<a href="#T00:01:34" id="T00:01:34"><abbr title="2009-04-22T00:01:34+00:00">00:01:34</abbr></a>] &lt;<cite>Batko_Marto</cite>&gt; <q>it works for some time but then i get that error and everything dies</q></li>
<li class="quit">[<a href="#T00:06:03" id="T00:06:03"><abbr title="2009-04-22T00:06:03+00:00">00:06:03</abbr></a>] <span>* brolin (n=brolin@static-adsl201-232-72-127.epm.net.co) Quit (Read error: 110 (Connection timed out))</span></li>
<li class="join">[<a href="#T00:06:53" id="T00:06:53"><abbr title="2009-04-22T00:06:53+00:00">00:06:53</abbr></a>] <span>* |newbie| (n=kvirc@189.81.190.181) has joined #beagle</span></li>
<li class="message">[<a href="#T00:07:15" id="T00:07:15"><abbr title="2009-04-22T00:07:15+00:00">00:07:15</abbr></a>] &lt;<cite>|newbie|</cite>&gt; <q>hello, guys</q></li>
<li class="message">[<a href="#T00:08:07" id="T00:08:07"><abbr title="2009-04-22T00:08:07+00:00">00:08:07</abbr></a>] &lt;<cite>|newbie|</cite>&gt; <q>i am having trouble unbricking my beagle </q></li>
<li class="message">[<a href="#T00:08:44" id="T00:08:44"><abbr title="2009-04-22T00:08:44+00:00">00:08:44</abbr></a>] &lt;<cite>Batko_Marto</cite>&gt; <q>if anyone can help and knows the musb code better, here's the pastebin with the stack trace: <a href="http://pastebin.com/m27c9abcf">http://pastebin.com/m27c9abcf</a></q></li>
<li class="message">[<a href="#T00:09:11" id="T00:09:11"><abbr title="2009-04-22T00:09:11+00:00">00:09:11</abbr></a>] &lt;<cite>|newbie|</cite>&gt; <q>Texas Instruments X-Loader 1.41                                                 </q></li>
<li class="message">[<a href="#T00:09:12" id="T00:09:12"><abbr title="2009-04-22T00:09:12+00:00">00:09:12</abbr></a>] &lt;<cite>|newbie|</cite>&gt; <q>Starting on with MMC                                                            </q></li>
<li class="message">[<abbr title="2009-04-22T00:09:12+00:00">00:09:12</abbr>] &lt;<cite>|newbie|</cite>&gt; <q>Unsupported Chip!                                                               </q></li>
<li class="message">[<abbr title="2009-04-22T00:09:12+00:00">00:09:12</abbr>] &lt;<cite>|newbie|</cite>&gt; <q>Reading boot sector       </q></li>
<li class="message">[<a href="#T00:10:05" id="T00:10:05"><abbr title="2009-04-22T00:10:05+00:00">00:10:05</abbr></a>] &lt;<cite>|newbie|</cite>&gt; <q>RMA?</q></li>
<li class="join">[<a href="#T00:11:48" id="T00:11:48"><abbr title="2009-04-22T00:11:48+00:00">00:11:48</abbr></a>] <span>* Animule (n=Animal@64.105.153.170) has joined #beagle</span></li>
<li class="nick-change">[<a href="#T00:12:46" id="T00:12:46"><abbr title="2009-04-22T00:12:46+00:00">00:12:46</abbr></a>] <span>* |newbie| is now known as Luiz</span></li>
<li class="quit">[<a href="#T00:14:15" id="T00:14:15"><abbr title="2009-04-22T00:14:15+00:00">00:14:15</abbr></a>] <span>* jso (n=user@151.159.200.8) Quit (Remote closed the connection)</span></li>
<li class="quit">[<a href="#T00:20:30" id="T00:20:30"><abbr title="2009-04-22T00:20:30+00:00">00:20:30</abbr></a>] <span>* Batko_Marto (n=Batko_Ma@ncart-cam.scs.ryerson.ca) Quit (Remote closed the connection)</span></li>
<li class="join">[<a href="#T00:20:43" id="T00:20:43"><abbr title="2009-04-22T00:20:43+00:00">00:20:43</abbr></a>] <span>* jrmuizel (n=jrmuizel@CPE001f5be79d0f-CM0017ee62f8b0.cpe.net.cable.rogers.com) has joined #beagle</span></li>
<li class="message">[<a href="#T00:23:02" id="T00:23:02"><abbr title="2009-04-22T00:23:02+00:00">00:23:02</abbr></a>] &lt;<cite>Luiz</cite>&gt; <q>already formatted sd</q></li>
<li class="message">[<a href="#T00:23:36" id="T00:23:36"><abbr title="2009-04-22T00:23:36+00:00">00:23:36</abbr></a>] &lt;<cite>Luiz</cite>&gt; <q>copied MLO_restore and u-boot.bin_autoflash</q></li>
<li class="message">[<a href="#T00:23:58" id="T00:23:58"><abbr title="2009-04-22T00:23:58+00:00">00:23:58</abbr></a>] &lt;<cite>Luiz</cite>&gt; <q>sometimes u-boot boots sometimes not</q></li>
<li class="quit">[<a href="#T00:26:47" id="T00:26:47"><abbr title="2009-04-22T00:26:47+00:00">00:26:47</abbr></a>] <span>* rsalveti (n=salveti@200.184.118.130) Quit (Read error: 113 (No route to host))</span></li>
<li class="join">[<a href="#T00:27:06" id="T00:27:06"><abbr title="2009-04-22T00:27:06+00:00">00:27:06</abbr></a>] <span>* rsalveti (n=salveti@200.184.118.130) has joined #beagle</span></li>
<li class="quit">[<a href="#T00:28:47" id="T00:28:47"><abbr title="2009-04-22T00:28:47+00:00">00:28:47</abbr></a>] <span>* Luiz (n=kvirc@189.81.190.181) Quit ("KVIrc 3.4.0 Virgo <a href="http://www.kvirc.net/")">http://www.kvirc.net/")</a></span></li>
<li class="quit">[<a href="#T00:41:42" id="T00:41:42"><abbr title="2009-04-22T00:41:42+00:00">00:41:42</abbr></a>] <span>* brijesh (n=bksingh@nat/ti/x-efdf97cd37a8b7b7) Quit ()</span></li>
<li class="join">[<a href="#T00:48:25" id="T00:48:25"><abbr title="2009-04-22T00:48:25+00:00">00:48:25</abbr></a>] <span>* mib_cvhla3 (i=cb4d50d1@gateway/web/ajax/mibbit.com/x-bc6628011ca9826f) has joined #beagle</span></li>
<li class="quit">[<a href="#T00:53:15" id="T00:53:15"><abbr title="2009-04-22T00:53:15+00:00">00:53:15</abbr></a>] <span>* rsalveti (n=salveti@200.184.118.130) Quit (Remote closed the connection)</span></li>
<li class="join">[<a href="#T00:55:47" id="T00:55:47"><abbr title="2009-04-22T00:55:47+00:00">00:55:47</abbr></a>] <span>* mib_15b6nt (i=4f73f645@gateway/web/ajax/mibbit.com/x-5ca4a99c7d44efc8) has joined #beagle</span></li>
<li class="quit">[<a href="#T01:02:10" id="T01:02:10"><abbr title="2009-04-22T01:02:10+00:00">01:02:10</abbr></a>] <span>* jrmuizel (n=jrmuizel@CPE001f5be79d0f-CM0017ee62f8b0.cpe.net.cable.rogers.com) Quit ()</span></li>
<li class="join">[<a href="#T01:02:34" id="T01:02:34"><abbr title="2009-04-22T01:02:34+00:00">01:02:34</abbr></a>] <span>* __alanc__ (n=a-campbe@nat/ti/x-f4710cb2339ba785) has joined #beagle</span></li>
<li class="join">[<a href="#T01:05:02" id="T01:05:02"><abbr title="2009-04-22T01:05:02+00:00">01:05:02</abbr></a>] <span>* jrmuizel (n=jrmuizel@CPE001f5be79d0f-CM0017ee62f8b0.cpe.net.cable.rogers.com) has joined #beagle</span></li>
<li class="nick-change">[<a href="#T01:06:47" id="T01:06:47"><abbr title="2009-04-22T01:06:47+00:00">01:06:47</abbr></a>] <span>* ali_as is now known as as_leep</span></li>
<li class="quit">[<a href="#T01:09:25" id="T01:09:25"><abbr title="2009-04-22T01:09:25+00:00">01:09:25</abbr></a>] <span>* hli_ (i=chaton@vig91-2-82-232-97-149.fbx.proxad.net) Quit ("ChatZilla 0.9.84 [Firefox 3.0.8/2009032609]")</span></li>
<li class="join">[<a href="#T01:10:59" id="T01:10:59"><abbr title="2009-04-22T01:10:59+00:00">01:10:59</abbr></a>] <span>* Wowbagger_ (n=wowbagge@d154-20-156-61.bchsia.telus.net) has joined #beagle</span></li>
<li class="join">[<a href="#T01:12:01" id="T01:12:01"><abbr title="2009-04-22T01:12:01+00:00">01:12:01</abbr></a>] <span>* Xerion_ (n=xerion@82-170-197-160.ip.telfort.nl) has joined #beagle</span></li>
<li class="part">[<a href="#T01:12:08" id="T01:12:08"><abbr title="2009-04-22T01:12:08+00:00">01:12:08</abbr></a>] <span>* emeb (n=ericb@ip72-223-90-212.ph.ph.cox.net) has left #beagle</span></li>
<li class="quit">[<a href="#T01:13:30" id="T01:13:30"><abbr title="2009-04-22T01:13:30+00:00">01:13:30</abbr></a>] <span>* Xerion (n=xerion@82-170-197-160.ip.telfort.nl) Quit (Read error: 104 (Connection reset by peer))</span></li>
<li class="nick-change">[<abbr title="2009-04-22T01:13:30+00:00">01:13:30</abbr>] <span>* Xerion_ is now known as Xerion</span></li>
<li class="join">[<a href="#T01:13:48" id="T01:13:48"><abbr title="2009-04-22T01:13:48+00:00">01:13:48</abbr></a>] <span>* khasim (n=a0393720@192.163.20.231) has joined #beagle</span></li>
<li class="quit">[<a href="#T01:17:28" id="T01:17:28"><abbr title="2009-04-22T01:17:28+00:00">01:17:28</abbr></a>] <span>* jrmuizel (n=jrmuizel@CPE001f5be79d0f-CM0017ee62f8b0.cpe.net.cable.rogers.com) Quit ()</span></li>
<li class="join">[<a href="#T01:17:57" id="T01:17:57"><abbr title="2009-04-22T01:17:57+00:00">01:17:57</abbr></a>] <span>* jrmuizel (n=jrmuizel@CPE001f5be79d0f-CM0017ee62f8b0.cpe.net.cable.rogers.com) has joined #beagle</span></li>
<li class="quit">[<a href="#T01:19:15" id="T01:19:15"><abbr title="2009-04-22T01:19:15+00:00">01:19:15</abbr></a>] <span>* jrmuizel (n=jrmuizel@CPE001f5be79d0f-CM0017ee62f8b0.cpe.net.cable.rogers.com) Quit (Client Quit)</span></li>
<li class="quit">[<a href="#T01:27:45" id="T01:27:45"><abbr title="2009-04-22T01:27:45+00:00">01:27:45</abbr></a>] <span>* khasim (n=a0393720@192.163.20.231) Quit (Remote closed the connection)</span></li>
<li class="quit">[<a href="#T01:30:25" id="T01:30:25"><abbr title="2009-04-22T01:30:25+00:00">01:30:25</abbr></a>] <span>* Yuvi (n=yuvi@resnet-241-44.resnet.umbc.edu) Quit (Read error: 104 (Connection reset by peer))</span></li>
<li class="join">[<a href="#T01:30:28" id="T01:30:28"><abbr title="2009-04-22T01:30:28+00:00">01:30:28</abbr></a>] <span>* Yuvi (n=yuvi@resnet-241-44.resnet.umbc.edu) has joined #beagle</span></li>
<li class="join">[<a href="#T01:32:12" id="T01:32:12"><abbr title="2009-04-22T01:32:12+00:00">01:32:12</abbr></a>] <span>* joesensport (n=joesensp@218.242.229.236) has joined #beagle</span></li>
<li class="quit">[<a href="#T01:35:33" id="T01:35:33"><abbr title="2009-04-22T01:35:33+00:00">01:35:33</abbr></a>] <span>* _don_ (n=ddarling@nat/ti/x-2c6b3028a1b0509a) Quit (Remote closed the connection)</span></li>
<li class="quit">[<a href="#T01:35:46" id="T01:35:46"><abbr title="2009-04-22T01:35:46+00:00">01:35:46</abbr></a>] <span>* NishanthMenon (n=nmenon@nat/ti/x-4dec353d00c01daa) Quit ("Leaving")</span></li>
<li class="join">[<a href="#T01:37:14" id="T01:37:14"><abbr title="2009-04-22T01:37:14+00:00">01:37:14</abbr></a>] <span>* JuanG (n=Juan@nat/ti/x-22b7782a1e730e1e) has joined #beagle</span></li>
<li class="part">[<a href="#T01:37:18" id="T01:37:18"><abbr title="2009-04-22T01:37:18+00:00">01:37:18</abbr></a>] <span>* JuanG (n=Juan@nat/ti/x-22b7782a1e730e1e) has left #beagle</span></li>
<li class="join">[<a href="#T01:37:51" id="T01:37:51"><abbr title="2009-04-22T01:37:51+00:00">01:37:51</abbr></a>] <span>* kevinsc_ (n=kevinsc@nat/ti/x-8c3b93ad6a698d59) has joined #beagle</span></li>
<li class="part">[<a href="#T01:38:06" id="T01:38:06"><abbr title="2009-04-22T01:38:06+00:00">01:38:06</abbr></a>] <span>* kevinsc_ (n=kevinsc@nat/ti/x-8c3b93ad6a698d59) has left #beagle</span></li>
<li class="quit">[<a href="#T01:38:22" id="T01:38:22"><abbr title="2009-04-22T01:38:22+00:00">01:38:22</abbr></a>] <span>* bavison (n=ben@cpc2-cmbg9-0-0-cust635.cmbg.cable.ntl.com) Quit (Read error: 110 (Connection timed out))</span></li>
<li class="join">[<a href="#T01:42:11" id="T01:42:11"><abbr title="2009-04-22T01:42:11+00:00">01:42:11</abbr></a>] <span>* fenn_ (n=fenn@cpe-72-177-52-180.austin.res.rr.com) has joined #beagle</span></li>
<li class="quit">[<a href="#T01:42:41" id="T01:42:41"><abbr title="2009-04-22T01:42:41+00:00">01:42:41</abbr></a>] <span>* fenn (n=fenn@cpe-72-177-52-180.austin.res.rr.com) Quit (Nick collision from services.)</span></li>
<li class="nick-change">[<a href="#T01:42:45" id="T01:42:45"><abbr title="2009-04-22T01:42:45+00:00">01:42:45</abbr></a>] <span>* fenn_ is now known as fenn</span></li>
<li class="join">[<a href="#T01:57:52" id="T01:57:52"><abbr title="2009-04-22T01:57:52+00:00">01:57:52</abbr></a>] <span>* vis (i=9b4505ed@gateway/web/ajax/mibbit.com/x-293cef0e18b1ee58) has joined #beagle</span></li>
<li class="quit">[<a href="#T01:58:45" id="T01:58:45"><abbr title="2009-04-22T01:58:45+00:00">01:58:45</abbr></a>] <span>* vis (i=9b4505ed@gateway/web/ajax/mibbit.com/x-293cef0e18b1ee58) Quit (Client Quit)</span></li>
<li class="quit">[<a href="#T01:58:50" id="T01:58:50"><abbr title="2009-04-22T01:58:50+00:00">01:58:50</abbr></a>] <span>* mrc3_ (n=mrc3@nat/ti/x-b8eab8bdbd815da8) Quit (Remote closed the connection)</span></li>
