<li class="quit">[<a href="#T00:03:34" id="T00:03:34"><abbr title="2009-06-07T00:03:34+00:00">00:03:34</abbr></a>] <span>* flo_lap (n=fuchs@e179099122.adsl.alicedsl.de) Quit (Read error: 113 (No route to host))</span></li>
<li class="join">[<a href="#T00:27:12" id="T00:27:12"><abbr title="2009-06-07T00:27:12+00:00">00:27:12</abbr></a>] <span>* robclark (n=robclark@nat/ti/x-8b0163bb860a01c1) has joined #beagle</span></li>
<li class="join">[<a href="#T00:29:58" id="T00:29:58"><abbr title="2009-06-07T00:29:58+00:00">00:29:58</abbr></a>] <span>* Abraxas3d (n=michelle@cpe-24-94-7-251.san.res.rr.com) has joined #beagle</span></li>
<li class="join">[<a href="#T00:40:08" id="T00:40:08"><abbr title="2009-06-07T00:40:08+00:00">00:40:08</abbr></a>] <span>* mlundin (n=chatzill@c83-248-130-67.bredband.comhem.se) has joined #beagle</span></li>
<li class="quit">[<a href="#T00:48:44" id="T00:48:44"><abbr title="2009-06-07T00:48:44+00:00">00:48:44</abbr></a>] <span>* Goddchen (n=goddchen@141.37.33.122) Quit (Remote closed the connection)</span></li>
<li class="join">[<a href="#T00:48:57" id="T00:48:57"><abbr title="2009-06-07T00:48:57+00:00">00:48:57</abbr></a>] <span>* Goddchen (n=goddchen@141.37.33.122) has joined #beagle</span></li>
<li class="nick-change">[<a href="#T01:00:07" id="T01:00:07"><abbr title="2009-06-07T01:00:07+00:00">01:00:07</abbr></a>] <span>* maelcum|konv is now known as maelcum</span></li>
<li class="join">[<a href="#T01:02:25" id="T01:02:25"><abbr title="2009-06-07T01:02:25+00:00">01:02:25</abbr></a>] <span>* jrmuizel (n=jrmuizel@CPE001f5be79d0f-CM0017ee62f8b0.cpe.net.cable.rogers.com) has joined #beagle</span></li>
<li class="join">[<a href="#T01:02:42" id="T01:02:42"><abbr title="2009-06-07T01:02:42+00:00">01:02:42</abbr></a>] <span>* bobkatzz (i=187f0da7@gateway/web/ajax/mibbit.com/x-6ab63ef7face8aea) has joined #beagle</span></li>
<li class="nick-change">[<a href="#T01:06:35" id="T01:06:35"><abbr title="2009-06-07T01:06:35+00:00">01:06:35</abbr></a>] <span>* fulgas is now known as FuL|OUT</span></li>
<li class="quit">[<a href="#T01:10:50" id="T01:10:50"><abbr title="2009-06-07T01:10:50+00:00">01:10:50</abbr></a>] <span>* zedstar (n=john@fsf/member/zedstar) Quit (Read error: 110 (Connection timed out))</span></li>
<li class="message">[<a href="#T01:52:57" id="T01:52:57"><abbr title="2009-06-07T01:52:57+00:00">01:52:57</abbr></a>] &lt;<cite>bobkatzz</cite>&gt; <q>koen - tried to install fldigi - got dependancy errors for libasound2 (&gt;= 1.0.20) *  libsndfile1 (&gt;= 1.0.20) *  libsamplerate0 (&gt;= 0.1.7) *  libpulse-simple0 (&gt;= 0.9.15) *  libpulse0 (&gt;= 0.9.15) *"</q></li>
<li class="message">[<a href="#T01:54:35" id="T01:54:35"><abbr title="2009-06-07T01:54:35+00:00">01:54:35</abbr></a>] &lt;<cite>djlewis</cite>&gt; <q>bobkatzz: Long ago and far far away I found I could make a copy of the library, rename it and add the link</q></li>
<li class="message">[<a href="#T01:54:48" id="T01:54:48"><abbr title="2009-06-07T01:54:48+00:00">01:54:48</abbr></a>] &lt;<cite>djlewis</cite>&gt; <q>nnot the same library as you but ...</q></li>
<li class="message">[<a href="#T01:54:54" id="T01:54:54"><abbr title="2009-06-07T01:54:54+00:00">01:54:54</abbr></a>] &lt;<cite>djlewis</cite>&gt; <q>how was sailing?</q></li>
<li class="message">[<a href="#T01:55:37" id="T01:55:37"><abbr title="2009-06-07T01:55:37+00:00">01:55:37</abbr></a>] &lt;<cite>djlewis</cite>&gt; <q>but alas, yours must be checking version info</q></li>
<li class="message">[<a href="#T01:55:41" id="T01:55:41"><abbr title="2009-06-07T01:55:41+00:00">01:55:41</abbr></a>] &lt;<cite>bobkatzz</cite>&gt; <q>after 27+ miles we were 30 sec off - whcih got us a 3rd place - not too bad </q></li>
<li class="message">[<a href="#T01:55:49" id="T01:55:49"><abbr title="2009-06-07T01:55:49+00:00">01:55:49</abbr></a>] &lt;<cite>djlewis</cite>&gt; <q>cool</q></li>
<li class="message">[<a href="#T01:55:58" id="T01:55:58"><abbr title="2009-06-07T01:55:58+00:00">01:55:58</abbr></a>] &lt;<cite>bobkatzz</cite>&gt; <q>great sail though</q></li>
<li class="message">[<a href="#T01:56:23" id="T01:56:23"><abbr title="2009-06-07T01:56:23+00:00">01:56:23</abbr></a>] &lt;<cite>bobkatzz</cite>&gt; <q>well I found and bitbaked libasound2-1.0.20  and libsamplerate0_0.1.7</q></li>
<li class="message">[<a href="#T01:56:51" id="T01:56:51"><abbr title="2009-06-07T01:56:51+00:00">01:56:51</abbr></a>] &lt;<cite>djlewis</cite>&gt; <q>and still get the error?</q></li>
<li class="message">[<a href="#T01:56:56" id="T01:56:56"><abbr title="2009-06-07T01:56:56+00:00">01:56:56</abbr></a>] &lt;<cite>bobkatzz</cite>&gt; <q>to the cureent version but libsnfile1 borked saying that the checksum was not right</q></li>
<li class="join">[<a href="#T01:57:18" id="T01:57:18"><abbr title="2009-06-07T01:57:18+00:00">01:57:18</abbr></a>] <span>* khasim (n=a0393720@192.163.20.231) has joined #beagle</span></li>
<li class="message">[<a href="#T01:57:19" id="T01:57:19"><abbr title="2009-06-07T01:57:19+00:00">01:57:19</abbr></a>] &lt;<cite>djlewis</cite>&gt; <q>yep, those hecksums can nail ya :)</q></li>
<li class="message">[<a href="#T01:57:29" id="T01:57:29"><abbr title="2009-06-07T01:57:29+00:00">01:57:29</abbr></a>] &lt;<cite>bobkatzz</cite>&gt; <q>haven't installed them onto the SD card yet - thought I'd wait til I had the proper version of all of them </q></li>
<li class="message">[<a href="#T01:58:25" id="T01:58:25"><abbr title="2009-06-07T01:58:25+00:00">01:58:25</abbr></a>] &lt;<cite>bobkatzz</cite>&gt; <q>what happens if I just edit the checksum file &gt;:)</q></li>
<li class="message">[<a href="#T01:58:42" id="T01:58:42"><abbr title="2009-06-07T01:58:42+00:00">01:58:42</abbr></a>] &lt;<cite>bobkatzz</cite>&gt; <q>so that it contains what it's looking for ?</q></li>
<li class="message">[<a href="#T01:59:15" id="T01:59:15"><abbr title="2009-06-07T01:59:15+00:00">01:59:15</abbr></a>] &lt;<cite>bobkatzz</cite>&gt; <q>sounds dangerous actually - I'm sure they're there for a reason hehe</q></li>
<li class="message">[<a href="#T01:59:36" id="T01:59:36"><abbr title="2009-06-07T01:59:36+00:00">01:59:36</abbr></a>] &lt;<cite>djlewis</cite>&gt; <q>just to validate the file integrity</q></li>
<li class="message">[<a href="#T01:59:56" id="T01:59:56"><abbr title="2009-06-07T01:59:56+00:00">01:59:56</abbr></a>] &lt;<cite>djlewis</cite>&gt; <q>yes it can break with a bad checksum</q></li>
<li class="message">[<a href="#T02:00:39" id="T02:00:39"><abbr title="2009-06-07T02:00:39+00:00">02:00:39</abbr></a>] &lt;<cite>bobkatzz</cite>&gt; <q>when you daid that "long ago" you could rename the library and add what link?</q></li>
<li class="message">[<a href="#T02:00:45" id="T02:00:45"><abbr title="2009-06-07T02:00:45+00:00">02:00:45</abbr></a>] &lt;<cite>bobkatzz</cite>&gt; <q>said</q></li>
<li class="message">[<a href="#T02:01:18" id="T02:01:18"><abbr title="2009-06-07T02:01:18+00:00">02:01:18</abbr></a>] &lt;<cite>djlewis</cite>&gt; <q>I had a library by the wrong name so I renamed it and linked it so it replaced the original link.</q></li>
<li class="message">[<a href="#T02:01:19" id="T02:01:19"><abbr title="2009-06-07T02:01:19+00:00">02:01:19</abbr></a>] &lt;<cite>bobkatzz</cite>&gt; <q>what did you mean by that (no OE, bb background:P)</q></li>
<li class="message">[<a href="#T02:02:26" id="T02:02:26"><abbr title="2009-06-07T02:02:26+00:00">02:02:26</abbr></a>] &lt;<cite>djlewis</cite>&gt; <q>usr local lib had a lib for what I needed but wrong name. Had to break the link to rename it then recreate the link.</q></li>
<li class="message">[<a href="#T02:03:15" id="T02:03:15"><abbr title="2009-06-07T02:03:15+00:00">02:03:15</abbr></a>] &lt;<cite>djlewis</cite>&gt; <q>if yours is looking for same name and diff version then i dont see this working same way</q></li>
<li class="message">[<a href="#T02:03:24" id="T02:03:24"><abbr title="2009-06-07T02:03:24+00:00">02:03:24</abbr></a>] &lt;<cite>bobkatzz</cite>&gt; <q>ah ok on the Beagleboard you mean where I'm doing opkg</q></li>
<li class="message">[<a href="#T02:03:54" id="T02:03:54"><abbr title="2009-06-07T02:03:54+00:00">02:03:54</abbr></a>] &lt;<cite>djlewis</cite>&gt; <q>yes it would be local to computer running it.</q></li>
<li class="message">[<a href="#T02:04:01" id="T02:04:01"><abbr title="2009-06-07T02:04:01+00:00">02:04:01</abbr></a>] &lt;<cite>bobkatzz</cite>&gt; <q>yeah me either - the error was correct - there are newer versions and I've got most of them now</q></li>
<li class="message">[<a href="#T02:04:26" id="T02:04:26"><abbr title="2009-06-07T02:04:26+00:00">02:04:26</abbr></a>] &lt;<cite>djlewis</cite>&gt; <q>I painstakingly got openCV built today all on the Beagle</q></li>
<li class="message">[<a href="#T02:04:37" id="T02:04:37"><abbr title="2009-06-07T02:04:37+00:00">02:04:37</abbr></a>] &lt;<cite>djlewis</cite>&gt; <q>It now opens my webcam</q></li>
<li class="message">[<a href="#T02:04:44" id="T02:04:44"><abbr title="2009-06-07T02:04:44+00:00">02:04:44</abbr></a>] &lt;<cite>bobkatzz</cite>&gt; <q>what is openCV?</q></li>
<li class="message">[<a href="#T02:04:52" id="T02:04:52"><abbr title="2009-06-07T02:04:52+00:00">02:04:52</abbr></a>] &lt;<cite>djlewis</cite>&gt; <q>takes about 15 minutes to compile</q></li>
<li class="message">[<a href="#T02:05:03" id="T02:05:03"><abbr title="2009-06-07T02:05:03+00:00">02:05:03</abbr></a>] &lt;<cite>djlewis</cite>&gt; <q>a vision control application</q></li>
<li class="message">[<a href="#T02:05:30" id="T02:05:30"><abbr title="2009-06-07T02:05:30+00:00">02:05:30</abbr></a>] &lt;<cite>bobkatzz</cite>&gt; <q>kewl - my younger son is into that - and Augmented Reality</q></li>
<li class="message">[<a href="#T02:05:58" id="T02:05:58"><abbr title="2009-06-07T02:05:58+00:00">02:05:58</abbr></a>] &lt;<cite>bobkatzz</cite>&gt; <q>he wants to get the vision control glasses</q></li>
<li class="message">[<a href="#T02:06:00" id="T02:06:00"><abbr title="2009-06-07T02:06:00+00:00">02:06:00</abbr></a>] &lt;<cite>djlewis</cite>&gt; <q>only tailings is some python stuff I am looking into but not serious about.</q></li>
<li class="message">[<a href="#T02:06:09" id="T02:06:09"><abbr title="2009-06-07T02:06:09+00:00">02:06:09</abbr></a>] &lt;<cite>bobkatzz</cite>&gt; <q>I'm not really sure what it is</q></li>
<li class="message">[<a href="#T02:09:39" id="T02:09:39"><abbr title="2009-06-07T02:09:39+00:00">02:09:39</abbr></a>] &lt;<cite>bobkatzz</cite>&gt; <q>my back's killing me - I don't think I'm going to try to finish this stuff tonight - after all - tomorrow is another day!</q></li>
<li class="message">[<a href="#T02:09:52" id="T02:09:52"><abbr title="2009-06-07T02:09:52+00:00">02:09:52</abbr></a>] &lt;<cite>bobkatzz</cite>&gt; <q>even if it IS Sunday! :P</q></li>
<li class="message">[<a href="#T02:10:09" id="T02:10:09"><abbr title="2009-06-07T02:10:09+00:00">02:10:09</abbr></a>] &lt;<cite>djlewis</cite>&gt; <q>yep, get some rest bob, i'll keep at it for ya. ;)</q></li>
<li class="message">[<a href="#T02:10:18" id="T02:10:18"><abbr title="2009-06-07T02:10:18+00:00">02:10:18</abbr></a>] &lt;<cite>djlewis</cite>&gt; <q>names Don</q></li>
<li class="message">[<a href="#T02:11:10" id="T02:11:10"><abbr title="2009-06-07T02:11:10+00:00">02:11:10</abbr></a>] &lt;<cite>bobkatzz</cite>&gt; <q>Oh - hey Don - Rob here (KC4NYK - you can QRZ.com - it) </q></li>
<li class="message">[<a href="#T02:11:21" id="T02:11:21"><abbr title="2009-06-07T02:11:21+00:00">02:11:21</abbr></a>] &lt;<cite>bobkatzz</cite>&gt; <q>besides - I'm sure koen can get this all straightened out</q></li>
<li class="message">[<a href="#T02:11:26" id="T02:11:26"><abbr title="2009-06-07T02:11:26+00:00">02:11:26</abbr></a>] &lt;<cite>djlewis</cite>&gt; <q>i was once a wv5vph in my youth</q></li>
<li class="message">[<a href="#T02:11:32" id="T02:11:32"><abbr title="2009-06-07T02:11:32+00:00">02:11:32</abbr></a>] &lt;<cite>djlewis</cite>&gt; <q>wn5vph</q></li>
<li class="quit">[<a href="#T02:11:40" id="T02:11:40"><abbr title="2009-06-07T02:11:40+00:00">02:11:40</abbr></a>] <span>* khasim (n=a0393720@192.163.20.231) Quit (Remote closed the connection)</span></li>
<li class="message">[<a href="#T02:12:25" id="T02:12:25"><abbr title="2009-06-07T02:12:25+00:00">02:12:25</abbr></a>] &lt;<cite>bobkatzz</cite>&gt; <q>heh kewl - well if I get all this stuff running it will really be a technological feat for ham radio - running the software on an embedded environment</q></li>
<li class="message">[<a href="#T02:12:55" id="T02:12:55"><abbr title="2009-06-07T02:12:55+00:00">02:12:55</abbr></a>] &lt;<cite>bobkatzz</cite>&gt; <q>do you have facebook?</q></li>
<li class="message">[<a href="#T02:13:04" id="T02:13:04"><abbr title="2009-06-07T02:13:04+00:00">02:13:04</abbr></a>] &lt;<cite>djlewis</cite>&gt; <q>nope.</q></li>
<li class="message">[<a href="#T02:13:38" id="T02:13:38"><abbr title="2009-06-07T02:13:38+00:00">02:13:38</abbr></a>] &lt;<cite>djlewis</cite>&gt; <q>played with yahoo msg once </q></li>
<li class="message">[<a href="#T02:13:42" id="T02:13:42"><abbr title="2009-06-07T02:13:42+00:00">02:13:42</abbr></a>] &lt;<cite>bobkatzz</cite>&gt; <q>well you can see my project log on there - the SoftRock v6.3 and everything </q></li>
<li class="message">[<a href="#T02:13:56" id="T02:13:56"><abbr title="2009-06-07T02:13:56+00:00">02:13:56</abbr></a>] &lt;<cite>djlewis</cite>&gt; <q>cool</q></li>
<li class="message">[<a href="#T02:14:11" id="T02:14:11"><abbr title="2009-06-07T02:14:11+00:00">02:14:11</abbr></a>] &lt;<cite>bobkatzz</cite>&gt; <q>naw Facebook is really cool - I had to have it at the place I worked - a requirement</q></li>
<li class="message">[<a href="#T02:14:33" id="T02:14:33"><abbr title="2009-06-07T02:14:33+00:00">02:14:33</abbr></a>] &lt;<cite>djlewis</cite>&gt; <q>I want it so little i dunno what it is.</q></li>
<li class="message">[<a href="#T02:14:46" id="T02:14:46"><abbr title="2009-06-07T02:14:46+00:00">02:14:46</abbr></a>] &lt;<cite>bobkatzz</cite>&gt; <q>social networking - now I have sailing and ham radio friends all over the world</q></li>
<li class="message">[<a href="#T02:14:47" id="T02:14:47"><abbr title="2009-06-07T02:14:47+00:00">02:14:47</abbr></a>] &lt;<cite>djlewis</cite>&gt; <q>I dont twitter either</q></li>
<li class="message">[<a href="#T02:14:52" id="T02:14:52"><abbr title="2009-06-07T02:14:52+00:00">02:14:52</abbr></a>] &lt;<cite>djlewis</cite>&gt; <q>and no one can make me</q></li>
<li class="message">[<a href="#T02:14:58" id="T02:14:58"><abbr title="2009-06-07T02:14:58+00:00">02:14:58</abbr></a>] &lt;<cite>bobkatzz</cite>&gt; <q>hehe</q></li>
<li class="message">[<a href="#T02:15:30" id="T02:15:30"><abbr title="2009-06-07T02:15:30+00:00">02:15:30</abbr></a>] &lt;<cite>djlewis</cite>&gt; <q>i am a kiss man</q></li>
<li class="message">[<a href="#T02:15:47" id="T02:15:47"><abbr title="2009-06-07T02:15:47+00:00">02:15:47</abbr></a>] &lt;<cite>djlewis</cite>&gt; <q>thekeep it simple stupid! version that is</q></li>
<li class="message">[<a href="#T02:15:52" id="T02:15:52"><abbr title="2009-06-07T02:15:52+00:00">02:15:52</abbr></a>] &lt;<cite>bobkatzz</cite>&gt; <q>well you can go here and look at some stuff and I'll prolly mirrior the project over there once it's running - <a href="http://www.rarcpio.net">http://www.rarcpio.net</a></q></li>
<li class="message">[<a href="#T02:16:30" id="T02:16:30"><abbr title="2009-06-07T02:16:30+00:00">02:16:30</abbr></a>] &lt;<cite>bobkatzz</cite>&gt; <q>that's my site for my role as PIO for the club - hosted on my goDaddy server</q></li>
<li class="message">[<a href="#T02:17:20" id="T02:17:20"><abbr title="2009-06-07T02:17:20+00:00">02:17:20</abbr></a>] &lt;<cite>bobkatzz</cite>&gt; <q>ok - off to horizontal land :P</q></li>
<li class="message">[<a href="#T02:17:30" id="T02:17:30"><abbr title="2009-06-07T02:17:30+00:00">02:17:30</abbr></a>] &lt;<cite>djlewis</cite>&gt; <q>see ya later</q></li>
<li class="message">[<a href="#T02:17:46" id="T02:17:46"><abbr title="2009-06-07T02:17:46+00:00">02:17:46</abbr></a>] &lt;<cite>bobkatzz</cite>&gt; <q>have a Cuba (goodin)</q></li>
<li class="message">[<a href="#T02:18:28" id="T02:18:28"><abbr title="2009-06-07T02:18:28+00:00">02:18:28</abbr></a>] &lt;<cite>bobkatzz</cite>&gt; <q>73</q></li>
<li class="message">[<a href="#T02:19:35" id="T02:19:35"><abbr title="2009-06-07T02:19:35+00:00">02:19:35</abbr></a>] &lt;<cite>djlewis</cite>&gt; <q> da da dit dit dit  - dit dit dit da da</q></li>
<li class="quit">[<a href="#T02:20:57" id="T02:20:57"><abbr title="2009-06-07T02:20:57+00:00">02:20:57</abbr></a>] <span>* lifeeth (n=praneeth@unaffiliated/lifeeth) Quit ("Up .....Up and Awayyyyyyyy... Atom Atom Ant....")</span></li>
<li class="quit">[<a href="#T02:36:42" id="T02:36:42"><abbr title="2009-06-07T02:36:42+00:00">02:36:42</abbr></a>] <span>* Goddchen (n=goddchen@141.37.33.122) Quit (Remote closed the connection)</span></li>
<li class="join">[<a href="#T02:36:55" id="T02:36:55"><abbr title="2009-06-07T02:36:55+00:00">02:36:55</abbr></a>] <span>* Goddchen (n=goddchen@141.37.33.122) has joined #beagle</span></li>
<li class="join">[<a href="#T02:41:05" id="T02:41:05"><abbr title="2009-06-07T02:41:05+00:00">02:41:05</abbr></a>] <span>* landswipe (n=landswip@60-242-188-130.static.tpgi.com.au) has joined #beagle</span></li>
<li class="message">[<a href="#T02:41:22" id="T02:41:22"><abbr title="2009-06-07T02:41:22+00:00">02:41:22</abbr></a>] &lt;<cite>landswipe</cite>&gt; <q>anyone know if the lead time on beagle boards is going to be less than 30 days!?</q></li>
<li class="message">[<a href="#T02:41:37" id="T02:41:37"><abbr title="2009-06-07T02:41:37+00:00">02:41:37</abbr></a>] &lt;<cite>landswipe</cite>&gt; <q>i ordered one last week. hoping it would be here in a couple of weeks (i'm in australia).</q></li>
<li class="message">[<a href="#T02:41:53" id="T02:41:53"><abbr title="2009-06-07T02:41:53+00:00">02:41:53</abbr></a>] &lt;<cite>landswipe</cite>&gt; <q>but apparently they have a 30 day leadtime.. so it'll be like 6 weeks before I receive it</q></li>
<li class="message">[<a href="#T02:44:43" id="T02:44:43"><abbr title="2009-06-07T02:44:43+00:00">02:44:43</abbr></a>] &lt;<cite>djlewis</cite>&gt; <q>i read that as long as the qty in stock is 25 then there is some balance of beagles</q></li>
<li class="message">[<a href="#T02:45:01" id="T02:45:01"><abbr title="2009-06-07T02:45:01+00:00">02:45:01</abbr></a>] &lt;<cite>djlewis</cite>&gt; <q>And that 400 shipped to them recently</q></li>
<li class="message">[<a href="#T02:45:52" id="T02:45:52"><abbr title="2009-06-07T02:45:52+00:00">02:45:52</abbr></a>] &lt;<cite>djlewis</cite>&gt; <q>I have ordered from australia and it took over a week.</q></li>
<li class="message">[<a href="#T02:46:02" id="T02:46:02"><abbr title="2009-06-07T02:46:02+00:00">02:46:02</abbr></a>] &lt;<cite>djlewis</cite>&gt; <q>to arkansas USA</q></li>
<li class="message">[<a href="#T02:46:13" id="T02:46:13"><abbr title="2009-06-07T02:46:13+00:00">02:46:13</abbr></a>] &lt;<cite>djlewis</cite>&gt; <q>but less than two.</q></li>
<li class="message">[<a href="#T02:46:33" id="T02:46:33"><abbr title="2009-06-07T02:46:33+00:00">02:46:33</abbr></a>] &lt;<cite>djlewis</cite>&gt; <q>I should have said less than three weeks</q></li>
<li class="message">[<a href="#T02:46:59" id="T02:46:59"><abbr title="2009-06-07T02:46:59+00:00">02:46:59</abbr></a>] &lt;<cite>landswipe</cite>&gt; <q>ah ok</q></li>
<li class="message">[<a href="#T02:47:07" id="T02:47:07"><abbr title="2009-06-07T02:47:07+00:00">02:47:07</abbr></a>] &lt;<cite>landswipe</cite>&gt; <q>so the lead time is inaccurate on digikey?</q></li>
<li class="message">[<a href="#T02:47:29" id="T02:47:29"><abbr title="2009-06-07T02:47:29+00:00">02:47:29</abbr></a>] &lt;<cite>djlewis</cite>&gt; <q>it took my beagle 4 days to reach me</q></li>
<li class="message">[<a href="#T02:47:42" id="T02:47:42"><abbr title="2009-06-07T02:47:42+00:00">02:47:42</abbr></a>] &lt;<cite>landswipe</cite>&gt; <q>how much was shipping?</q></li>
<li class="message">[<a href="#T02:47:52" id="T02:47:52"><abbr title="2009-06-07T02:47:52+00:00">02:47:52</abbr></a>] &lt;<cite>landswipe</cite>&gt; <q>mine was like 30 USD i think</q></li>
<li class="message">[<a href="#T02:48:05" id="T02:48:05"><abbr title="2009-06-07T02:48:05+00:00">02:48:05</abbr></a>] &lt;<cite>djlewis</cite>&gt; <q>about $7 I think</q></li>
<li class="message">[<a href="#T02:48:20" id="T02:48:20"><abbr title="2009-06-07T02:48:20+00:00">02:48:20</abbr></a>] &lt;<cite>landswipe</cite>&gt; <q>wtf.. where did you order from?</q></li>
<li class="message">[<a href="#T02:48:27" id="T02:48:27"><abbr title="2009-06-07T02:48:27+00:00">02:48:27</abbr></a>] &lt;<cite>djlewis</cite>&gt; <q>Digikey</q></li>
<li class="message">[<a href="#T02:48:46" id="T02:48:46"><abbr title="2009-06-07T02:48:46+00:00">02:48:46</abbr></a>] &lt;<cite>djlewis</cite>&gt; <q>cheaper here in the states</q></li>
<li class="message">[<a href="#T02:48:53" id="T02:48:53"><abbr title="2009-06-07T02:48:53+00:00">02:48:53</abbr></a>] &lt;<cite>landswipe</cite>&gt; <q>ah ok i see</q></li>
<li class="message">[<a href="#T02:49:00" id="T02:49:00"><abbr title="2009-06-07T02:49:00+00:00">02:49:00</abbr></a>] &lt;<cite>landswipe</cite>&gt; <q>i thought you said you ordered from australia.</q></li>
<li class="message">[<a href="#T02:49:02" id="T02:49:02"><abbr title="2009-06-07T02:49:02+00:00">02:49:02</abbr></a>] &lt;<cite>landswipe</cite>&gt; <q>:P</q></li>
<li class="message">[<a href="#T02:49:08" id="T02:49:08"><abbr title="2009-06-07T02:49:08+00:00">02:49:08</abbr></a>] &lt;<cite>djlewis</cite>&gt; <q>ups ground, the slowest is cheapest. yours would differ.</q></li>
<li class="message">[<a href="#T02:49:15" id="T02:49:15"><abbr title="2009-06-07T02:49:15+00:00">02:49:15</abbr></a>] &lt;<cite>djlewis</cite>&gt; <q>that was something else</q></li>
<li class="message">[<a href="#T02:49:34" id="T02:49:34"><abbr title="2009-06-07T02:49:34+00:00">02:49:34</abbr></a>] &lt;<cite>landswipe</cite>&gt; <q>oh i see.. you ordered something from australia to akansas.</q></li>
<li class="message">[<a href="#T02:49:38" id="T02:49:38"><abbr title="2009-06-07T02:49:38+00:00">02:49:38</abbr></a>] &lt;<cite>djlewis</cite>&gt; <q>right</q></li>
<li class="message">[<a href="#T02:50:40" id="T02:50:40"><abbr title="2009-06-07T02:50:40+00:00">02:50:40</abbr></a>] &lt;<cite>landswipe</cite>&gt; <q>the estimated ship date is 2nd of July</q></li>
<li class="message">[<a href="#T02:50:41" id="T02:50:41"><abbr title="2009-06-07T02:50:41+00:00">02:50:41</abbr></a>] &lt;<cite>landswipe</cite>&gt; <q>arggg.</q></li>
<li class="message">[<a href="#T02:51:03" id="T02:51:03"><abbr title="2009-06-07T02:51:03+00:00">02:51:03</abbr></a>] &lt;<cite>djlewis</cite>&gt; <q>I bet they make it worse case so you will love them if it is even a day less ;)</q></li>
<li class="message">[<a href="#T02:51:43" id="T02:51:43"><abbr title="2009-06-07T02:51:43+00:00">02:51:43</abbr></a>] &lt;<cite>djlewis</cite>&gt; <q>I hate waiting too after ordering something fun.</q></li>
<li class="message">[<a href="#T02:52:00" id="T02:52:00"><abbr title="2009-06-07T02:52:00+00:00">02:52:00</abbr></a>] &lt;<cite>landswipe</cite>&gt; <q>;)</q></li>
<li class="message">[<a href="#T02:52:29" id="T02:52:29"><abbr title="2009-06-07T02:52:29+00:00">02:52:29</abbr></a>] &lt;<cite>landswipe</cite>&gt; <q>i sure hope they're just screwing with me.. and it arrives in a couple of weeks.</q></li>
<li class="message">[<a href="#T02:52:39" id="T02:52:39"><abbr title="2009-06-07T02:52:39+00:00">02:52:39</abbr></a>] &lt;<cite>landswipe</cite>&gt; <q>6 weeks is way too long of a lead time.</q></li>
<li class="message">[<a href="#T02:52:43" id="T02:52:43"><abbr title="2009-06-07T02:52:43+00:00">02:52:43</abbr></a>] &lt;<cite>djlewis</cite>&gt; <q>probably will</q></li>
<li class="message">[<a href="#T02:53:39" id="T02:53:39"><abbr title="2009-06-07T02:53:39+00:00">02:53:39</abbr></a>] &lt;<cite>landswipe</cite>&gt; <q>i've worked on the old xscales for a while, so i'm excited about the omap... apparently the thing is extremely fast.</q></li>
<li class="message">[<a href="#T02:54:11" id="T02:54:11"><abbr title="2009-06-07T02:54:11+00:00">02:54:11</abbr></a>] &lt;<cite>djlewis</cite>&gt; <q>I know nothing of xscales so I could not say</q></li>
<li class="message">[<a href="#T02:54:42" id="T02:54:42"><abbr title="2009-06-07T02:54:42+00:00">02:54:42</abbr></a>] &lt;<cite>djlewis</cite>&gt; <q>it is kinda like a pentium 500</q></li>
<li class="message">[<a href="#T02:56:15" id="T02:56:15"><abbr title="2009-06-07T02:56:15+00:00">02:56:15</abbr></a>] &lt;<cite>landswipe</cite>&gt; <q>for the raw CPU grunt... that'd be about right.</q></li>
<li class="message">[<a href="#T02:56:46" id="T02:56:46"><abbr title="2009-06-07T02:56:46+00:00">02:56:46</abbr></a>] &lt;<cite>djlewis</cite>&gt; <q>the guru's are working on audio and video but it is playing DVD now.</q></li>
<li class="message">[<a href="#T02:57:04" id="T02:57:04"><abbr title="2009-06-07T02:57:04+00:00">02:57:04</abbr></a>] &lt;<cite>djlewis</cite>&gt; <q>have you youtube'd the beagleboard?</q></li>
<li class="message">[<a href="#T02:57:31" id="T02:57:31"><abbr title="2009-06-07T02:57:31+00:00">02:57:31</abbr></a>] &lt;<cite>landswipe</cite>&gt; <q>only for a few things</q></li>
<li class="message">[<a href="#T02:57:43" id="T02:57:43"><abbr title="2009-06-07T02:57:43+00:00">02:57:43</abbr></a>] &lt;<cite>landswipe</cite>&gt; <q>nice.</q></li>
<li class="message">[<a href="#T02:57:58" id="T02:57:58"><abbr title="2009-06-07T02:57:58+00:00">02:57:58</abbr></a>] &lt;<cite>landswipe</cite>&gt; <q>i thought it also has a built-in dsp, so they can do some hardware decoding.</q></li>
<li class="message">[<a href="#T02:59:09" id="T02:59:09"><abbr title="2009-06-07T02:59:09+00:00">02:59:09</abbr></a>] &lt;<cite>djlewis</cite>&gt; <q>it is being optimized I think. some license issues too I think.</q></li>
<li class="message">[<a href="#T03:00:27" id="T03:00:27"><abbr title="2009-06-07T03:00:27+00:00">03:00:27</abbr></a>] &lt;<cite>landswipe</cite>&gt; <q>ouch.</q></li>
<li class="message">[<a href="#T03:00:34" id="T03:00:34"><abbr title="2009-06-07T03:00:34+00:00">03:00:34</abbr></a>] &lt;<cite>landswipe</cite>&gt; <q>so no-one is using it yet?</q></li>
<li class="message">[<a href="#T03:00:49" id="T03:00:49"><abbr title="2009-06-07T03:00:49+00:00">03:00:49</abbr></a>] &lt;<cite>landswipe</cite>&gt; <q>from the spec-page it looks like it'll do 720p.. which is ok</q></li>
<li class="message">[<a href="#T03:02:44" id="T03:02:44"><abbr title="2009-06-07T03:02:44+00:00">03:02:44</abbr></a>] &lt;<cite>djlewis</cite>&gt; <q>I think thay are using dsp. I am running 1280x1024x16bit on my Samsung 17" LCD</q></li>
<li class="message">[<a href="#T03:03:07" id="T03:03:07"><abbr title="2009-06-07T03:03:07+00:00">03:03:07</abbr></a>] &lt;<cite>djlewis</cite>&gt; <q>24bit taxes memory cycles</q></li>
<li class="message">[<a href="#T03:03:41" id="T03:03:41"><abbr title="2009-06-07T03:03:41+00:00">03:03:41</abbr></a>] &lt;<cite>djlewis</cite>&gt; <q>the 720p stuff is for hdmi television type widescreen</q></li>
<li class="message">[<a href="#T03:03:59" id="T03:03:59"><abbr title="2009-06-07T03:03:59+00:00">03:03:59</abbr></a>] &lt;<cite>djlewis</cite>&gt; <q>ls -al</q></li>
<li class="message">[<a href="#T03:04:08" id="T03:04:08"><abbr title="2009-06-07T03:04:08+00:00">03:04:08</abbr></a>] &lt;<cite>djlewis</cite>&gt; <q>sorry, wrong screen</q></li>
<li class="message">[<a href="#T03:05:15" id="T03:05:15"><abbr title="2009-06-07T03:05:15+00:00">03:05:15</abbr></a>] &lt;<cite>landswipe</cite>&gt; <q>ah i see</q></li>
<li class="message">[<a href="#T03:05:33" id="T03:05:33"><abbr title="2009-06-07T03:05:33+00:00">03:05:33</abbr></a>] &lt;<cite>landswipe</cite>&gt; <q>it's a pity they don't do 1080p. ;P</q></li>
<li class="message">[<a href="#T03:05:34" id="T03:05:34"><abbr title="2009-06-07T03:05:34+00:00">03:05:34</abbr></a>] &lt;<cite>djlewis</cite>&gt; <q>bb really is cool. I don't do OE yet but I am building packages on the BB</q></li>
<li class="message">[<a href="#T03:05:47" id="T03:05:47"><abbr title="2009-06-07T03:05:47+00:00">03:05:47</abbr></a>] &lt;<cite>landswipe</cite>&gt; <q>they should be just embedding these things in plasma and lcd;s.</q></li>
<li class="message">[<a href="#T03:06:18" id="T03:06:18"><abbr title="2009-06-07T03:06:18+00:00">03:06:18</abbr></a>] &lt;<cite>djlewis</cite>&gt; <q>It is like being on a normal computer but ya look at it and see a itsy bitsy card with big ol wires</q></li>
<li class="message">[<a href="#T03:06:24" id="T03:06:24"><abbr title="2009-06-07T03:06:24+00:00">03:06:24</abbr></a>] &lt;<cite>djlewis</cite>&gt; <q>connected and wonder how?</q></li>
<li class="message">[<a href="#T03:06:30" id="T03:06:30"><abbr title="2009-06-07T03:06:30+00:00">03:06:30</abbr></a>] &lt;<cite>landswipe</cite>&gt; <q>it might add like 100usd to the cost of the display... but they could load it with a linux distribution and then just supply bluetooth kb and mouse ;)</q></li>
<li class="message">[<a href="#T03:07:02" id="T03:07:02"><abbr title="2009-06-07T03:07:02+00:00">03:07:02</abbr></a>] &lt;<cite>djlewis</cite>&gt; <q>some work is being done with the 1ghz via pico</q></li>
<li class="message">[<a href="#T03:07:13" id="T03:07:13"><abbr title="2009-06-07T03:07:13+00:00">03:07:13</abbr></a>] &lt;<cite>landswipe</cite>&gt; <q>what is pico?</q></li>
<li class="message">[<a href="#T03:07:28" id="T03:07:28"><abbr title="2009-06-07T03:07:28+00:00">03:07:28</abbr></a>] &lt;<cite>djlewis</cite>&gt; <q>get it in a little box that mounts to the VESA holes on rear of monitor</q></li>
<li class="message">[<a href="#T03:07:47" id="T03:07:47"><abbr title="2009-06-07T03:07:47+00:00">03:07:47</abbr></a>] &lt;<cite>djlewis</cite>&gt; <q>very small form factor motherboard byt VIA</q></li>
<li class="message">[<a href="#T03:08:19" id="T03:08:19"><abbr title="2009-06-07T03:08:19+00:00">03:08:19</abbr></a>] &lt;<cite>djlewis</cite>&gt; <q>the BB could easily mount to the monitor as you suggest</q></li>
<li class="message">[<a href="#T03:08:37" id="T03:08:37"><abbr title="2009-06-07T03:08:37+00:00">03:08:37</abbr></a>] &lt;<cite>djlewis</cite>&gt; <q>have you planned your accessories?</q></li>
<li class="message">[<a href="#T03:12:17" id="T03:12:17"><abbr title="2009-06-07T03:12:17+00:00">03:12:17</abbr></a>] &lt;<cite>landswipe</cite>&gt; <q>nice!</q></li>
<li class="message">[<a href="#T03:12:29" id="T03:12:29"><abbr title="2009-06-07T03:12:29+00:00">03:12:29</abbr></a>] &lt;<cite>landswipe</cite>&gt; <q>i've ordered a hdmi to dvi cable from china</q></li>
<li class="message">[<a href="#T03:12:42" id="T03:12:42"><abbr title="2009-06-07T03:12:42+00:00">03:12:42</abbr></a>] &lt;<cite>djlewis</cite>&gt; <q>correct sex?</q></li>
<li class="message">[<a href="#T03:12:46" id="T03:12:46"><abbr title="2009-06-07T03:12:46+00:00">03:12:46</abbr></a>] &lt;<cite>landswipe</cite>&gt; <q>i now know that i'll need to get a usb minib to female.</q></li>
<li class="message">[<a href="#T03:12:56" id="T03:12:56"><abbr title="2009-06-07T03:12:56+00:00">03:12:56</abbr></a>] &lt;<cite>landswipe</cite>&gt; <q>yeah it's male to male for the hdmi-&gt;dbi.</q></li>
<li class="message">[<a href="#T03:13:13" id="T03:13:13"><abbr title="2009-06-07T03:13:13+00:00">03:13:13</abbr></a>] &lt;<cite>landswipe</cite>&gt; <q>i'm going to look on ebay for the usb cable.</q></li>
<li class="message">[<a href="#T03:13:22" id="T03:13:22"><abbr title="2009-06-07T03:13:22+00:00">03:13:22</abbr></a>] &lt;<cite>djlewis</cite>&gt; <q>I use the EHCI usb port for my accessories using a powered hub</q></li>
<li class="message">[<a href="#T03:13:39" id="T03:13:39"><abbr title="2009-06-07T03:13:39+00:00">03:13:39</abbr></a>] &lt;<cite>landswipe</cite>&gt; <q>is it sensitive as far as hub's are concerned?</q></li>
<li class="message">[<abbr title="2009-06-07T03:13:39+00:00">03:13:39</abbr>] &lt;<cite>djlewis</cite>&gt; <q>how are you powering it?</q></li>
<li class="message">[<a href="#T03:13:52" id="T03:13:52"><abbr title="2009-06-07T03:13:52+00:00">03:13:52</abbr></a>] &lt;<cite>landswipe</cite>&gt; <q>i read that you need a hub to get usb 1.0 devices to work too</q></li>
<li class="message">[<a href="#T03:13:58" id="T03:13:58"><abbr title="2009-06-07T03:13:58+00:00">03:13:58</abbr></a>] &lt;<cite>landswipe</cite>&gt; <q>i've got a lab supply here.</q></li>
<li class="message">[<a href="#T03:14:13" id="T03:14:13"><abbr title="2009-06-07T03:14:13+00:00">03:14:13</abbr></a>] &lt;<cite>djlewis</cite>&gt; <q>EHCI self powered</q></li>
<li class="message">[<a href="#T03:14:28" id="T03:14:28"><abbr title="2009-06-07T03:14:28+00:00">03:14:28</abbr></a>] &lt;<cite>landswipe</cite>&gt; <q>and plenty of 5v powersupplies from accesspoints and network thingies that are dead now.</q></li>
<li class="message">[<a href="#T03:14:35" id="T03:14:35"><abbr title="2009-06-07T03:14:35+00:00">03:14:35</abbr></a>] &lt;<cite>landswipe</cite>&gt; <q>they're usually pretty good powersupplies.</q></li>
<li class="message">[<a href="#T03:14:37" id="T03:14:37"><abbr title="2009-06-07T03:14:37+00:00">03:14:37</abbr></a>] &lt;<cite>djlewis</cite>&gt; <q>you wont need the OTG port then with a lab supply</q></li>
<li class="message">[<a href="#T03:14:49" id="T03:14:49"><abbr title="2009-06-07T03:14:49+00:00">03:14:49</abbr></a>] &lt;<cite>landswipe</cite>&gt; <q>it only draws like 400ma...</q></li>
<li class="message">[<a href="#T03:15:11" id="T03:15:11"><abbr title="2009-06-07T03:15:11+00:00">03:15:11</abbr></a>] &lt;<cite>landswipe</cite>&gt; <q>ah so I can just get away with a normal usb mini cable?</q></li>
<li class="message">[<a href="#T03:15:23" id="T03:15:23"><abbr title="2009-06-07T03:15:23+00:00">03:15:23</abbr></a>] &lt;<cite>djlewis</cite>&gt; <q>power has to be 4.75vDC to 5.00vdc !!!NO MORE!!! at 2.5Amps or better</q></li>
<li class="message">[<a href="#T03:15:41" id="T03:15:41"><abbr title="2009-06-07T03:15:41+00:00">03:15:41</abbr></a>] &lt;<cite>landswipe</cite>&gt; <q>yeah i should one in that range</q></li>
<li class="message">[<a href="#T03:15:47" id="T03:15:47"><abbr title="2009-06-07T03:15:47+00:00">03:15:47</abbr></a>] &lt;<cite>landswipe</cite>&gt; <q>the linksys supplies are pretty good.</q></li>
<li class="message">[<a href="#T03:15:51" id="T03:15:51"><abbr title="2009-06-07T03:15:51+00:00">03:15:51</abbr></a>] &lt;<cite>djlewis</cite>&gt; <q>Beagle cant regulate more than 5vDC.</q></li>
<li class="message">[<a href="#T03:15:52" id="T03:15:52"><abbr title="2009-06-07T03:15:52+00:00">03:15:52</abbr></a>] &lt;<cite>landswipe</cite>&gt; <q>from the higher end devices.</q></li>
<li class="message">[<a href="#T03:16:02" id="T03:16:02"><abbr title="2009-06-07T03:16:02+00:00">03:16:02</abbr></a>] &lt;<cite>landswipe</cite>&gt; <q>ok.. i'll definitely keep that in mind.</q></li>
<li class="message">[<a href="#T03:16:08" id="T03:16:08"><abbr title="2009-06-07T03:16:08+00:00">03:16:08</abbr></a>] &lt;<cite>djlewis</cite>&gt; <q>measure it before plugging it in.</q></li>
<li class="message">[<a href="#T03:16:25" id="T03:16:25"><abbr title="2009-06-07T03:16:25+00:00">03:16:25</abbr></a>] &lt;<cite>landswipe</cite>&gt; <q>sounds like they have a 5v to 3.3v regulator or something...</q></li>
<li class="message">[<a href="#T03:16:27" id="T03:16:27"><abbr title="2009-06-07T03:16:27+00:00">03:16:27</abbr></a>] &lt;<cite>landswipe</cite>&gt; <q>yep</q></li>
<li class="message">[<a href="#T03:16:38" id="T03:16:38"><abbr title="2009-06-07T03:16:38+00:00">03:16:38</abbr></a>] &lt;<cite>djlewis</cite>&gt; <q>dont use beagleboard schematic to power it. it is wrong.</q></li>
<li class="message">[<a href="#T03:17:09" id="T03:17:09"><abbr title="2009-06-07T03:17:09+00:00">03:17:09</abbr></a>] &lt;<cite>landswipe</cite>&gt; <q>center pin positive?</q></li>
<li class="message">[<a href="#T03:17:13" id="T03:17:13"><abbr title="2009-06-07T03:17:13+00:00">03:17:13</abbr></a>] &lt;<cite>djlewis</cite>&gt; <q>yep.</q></li>
<li class="message">[<a href="#T03:17:41" id="T03:17:41"><abbr title="2009-06-07T03:17:41+00:00">03:17:41</abbr></a>] &lt;<cite>djlewis</cite>&gt; <q>the twl4030 is a multi purpose chip that contains regulato</q></li>
<li class="message">[<a href="#T03:17:53" id="T03:17:53"><abbr title="2009-06-07T03:17:53+00:00">03:17:53</abbr></a>] &lt;<cite>landswipe</cite>&gt; <q>ah ok.</q></li>
<li class="message">[<a href="#T03:17:56" id="T03:17:56"><abbr title="2009-06-07T03:17:56+00:00">03:17:56</abbr></a>] &lt;<cite>landswipe</cite>&gt; <q>what about this?</q></li>
<li class="message">[<a href="#T03:17:57" id="T03:17:57"><abbr title="2009-06-07T03:17:57+00:00">03:17:57</abbr></a>] &lt;<cite>landswipe</cite>&gt; <q><a href="https://serialio.com/store/product_info.php?products_id=456">https://serialio.com/store/product_info.php?products_id=456</a></q></li>
<li class="message">[<a href="#T03:18:25" id="T03:18:25"><abbr title="2009-06-07T03:18:25+00:00">03:18:25</abbr></a>] &lt;<cite>landswipe</cite>&gt; <q>i only need that if I want to use the on the go port right?</q></li>
<li class="message">[<a href="#T03:18:33" id="T03:18:33"><abbr title="2009-06-07T03:18:33+00:00">03:18:33</abbr></a>] &lt;<cite>landswipe</cite>&gt; <q>not the stock ehci port.</q></li>
<li class="join">[<a href="#T03:19:04" id="T03:19:04"><abbr title="2009-06-07T03:19:04+00:00">03:19:04</abbr></a>] <span>* lifeeth (n=praneeth@unaffiliated/lifeeth) has joined #beagle</span></li>
<li class="message">[<a href="#T03:19:20" id="T03:19:20"><abbr title="2009-06-07T03:19:20+00:00">03:19:20</abbr></a>] &lt;<cite>landswipe</cite>&gt; <q>the first thing I want to do is get android on it.</q></li>
<li class="message">[<a href="#T03:19:27" id="T03:19:27"><abbr title="2009-06-07T03:19:27+00:00">03:19:27</abbr></a>] &lt;<cite>djlewis</cite>&gt; <q>right. my hub pluggs right into the EHCI port and webcam, kybd, trackball, wifi or whatever into it</q></li>
<li class="message">[<a href="#T03:19:38" id="T03:19:38"><abbr title="2009-06-07T03:19:38+00:00">03:19:38</abbr></a>] &lt;<cite>landswipe</cite>&gt; <q>and have a look at that... the youtube video looks like it's running pretty well on it.</q></li>
<li class="message">[<a href="#T03:20:11" id="T03:20:11"><abbr title="2009-06-07T03:20:11+00:00">03:20:11</abbr></a>] &lt;<cite>djlewis</cite>&gt; <q>I am using Angstrom, a very nice linux desktop and build</q></li>
<li class="message">[<a href="#T03:22:23" id="T03:22:23"><abbr title="2009-06-07T03:22:23+00:00">03:22:23</abbr></a>] &lt;<cite>djlewis</cite>&gt; <q>You probably know the OTG is multi purpose and the cable defines the purpose</q></li>
<li class="message">[<a href="#T03:24:13" id="T03:24:13"><abbr title="2009-06-07T03:24:13+00:00">03:24:13</abbr></a>] &lt;<cite>djlewis</cite>&gt; <q>I strongly urge you to read through this: <a href="http://elinux.org/BeagleBoard/James">http://elinux.org/BeagleBoard/James</a></q></li>
<li class="message">[<a href="#T03:24:34" id="T03:24:34"><abbr title="2009-06-07T03:24:34+00:00">03:24:34</abbr></a>] &lt;<cite>djlewis</cite>&gt; <q>lots of options are discussed</q></li>
<li class="join">[<a href="#T03:26:16" id="T03:26:16"><abbr title="2009-06-07T03:26:16+00:00">03:26:16</abbr></a>] <span>* sho_ (n=sho@KD121108009104.ppp-bb.dion.ne.jp) has joined #beagle</span></li>
<li class="quit">[<a href="#T03:27:30" id="T03:27:30"><abbr title="2009-06-07T03:27:30+00:00">03:27:30</abbr></a>] <span>* lifeeth (n=praneeth@unaffiliated/lifeeth) Quit (Remote closed the connection)</span></li>
<li class="message">[<a href="#T03:28:03" id="T03:28:03"><abbr title="2009-06-07T03:28:03+00:00">03:28:03</abbr></a>] &lt;<cite>djlewis</cite>&gt; <q>landswipe: I got the transcend 4GB SDHC class 6 cards and reader/writer</q></li>
<li class="message">[<a href="#T03:28:08" id="T03:28:08"><abbr title="2009-06-07T03:28:08+00:00">03:28:08</abbr></a>] &lt;<cite>landswipe</cite>&gt; <q>hey the revc boards look like they don't have the hdmi connector is that right?</q></li>
<li class="message">[<a href="#T03:28:31" id="T03:28:31"><abbr title="2009-06-07T03:28:31+00:00">03:28:31</abbr></a>] &lt;<cite>djlewis</cite>&gt; <q>next to s-video jack on same side as audio</q></li>
<li class="message">[<a href="#T03:28:35" id="T03:28:35"><abbr title="2009-06-07T03:28:35+00:00">03:28:35</abbr></a>] &lt;<cite>landswipe</cite>&gt; <q>ah cool, i picked up a couple of verbatims for 5 bucks when a shop went out of business.</q></li>
<li class="message">[<a href="#T03:28:36" id="T03:28:36"><abbr title="2009-06-07T03:28:36+00:00">03:28:36</abbr></a>] &lt;<cite>djlewis</cite>&gt; <q>its moved</q></li>
<li class="message">[<a href="#T03:28:39" id="T03:28:39"><abbr title="2009-06-07T03:28:39+00:00">03:28:39</abbr></a>] &lt;<cite>landswipe</cite>&gt; <q>they're SDHC...</q></li>
<li class="message">[<a href="#T03:28:55" id="T03:28:55"><abbr title="2009-06-07T03:28:55+00:00">03:28:55</abbr></a>] &lt;<cite>djlewis</cite>&gt; <q>then U gotta have a SDHC reader</q></li>
<li class="message">[<a href="#T03:28:59" id="T03:28:59"><abbr title="2009-06-07T03:28:59+00:00">03:28:59</abbr></a>] &lt;<cite>landswipe</cite>&gt; <q>oh i see from the top to the side</q></li>
<li class="message">[<a href="#T03:29:02" id="T03:29:02"><abbr title="2009-06-07T03:29:02+00:00">03:29:02</abbr></a>] &lt;<cite>djlewis</cite>&gt; <q>SD wont do</q></li>
<li class="message">[<a href="#T03:29:56" id="T03:29:56"><abbr title="2009-06-07T03:29:56+00:00">03:29:56</abbr></a>] &lt;<cite>landswipe</cite>&gt; <q>yeah my laptop does SDHC.. only my newer netbook though.</q></li>
<li class="message">[<a href="#T03:30:07" id="T03:30:07"><abbr title="2009-06-07T03:30:07+00:00">03:30:07</abbr></a>] &lt;<cite>djlewis</cite>&gt; <q>cool, you are all set</q></li>
<li class="quit">[<a href="#T03:30:10" id="T03:30:10"><abbr title="2009-06-07T03:30:10+00:00">03:30:10</abbr></a>] <span>* Goddchen (n=goddchen@141.37.33.122) Quit (Remote closed the connection)</span></li>
<li class="message">[<a href="#T03:30:13" id="T03:30:13"><abbr title="2009-06-07T03:30:13+00:00">03:30:13</abbr></a>] &lt;<cite>landswipe</cite>&gt; <q>older laptop doesn't support sdhc :(</q></li>
<li class="join">[<a href="#T03:30:23" id="T03:30:23"><abbr title="2009-06-07T03:30:23+00:00">03:30:23</abbr></a>] <span>* Goddchen (n=goddchen@141.37.33.122) has joined #beagle</span></li>
<li class="message">[<a href="#T03:31:51" id="T03:31:51"><abbr title="2009-06-07T03:31:51+00:00">03:31:51</abbr></a>] &lt;<cite>djlewis</cite>&gt; <q>yep, I have lots of builtin readers that wont support SDHC</q></li>
<li class="message">[<a href="#T03:32:36" id="T03:32:36"><abbr title="2009-06-07T03:32:36+00:00">03:32:36</abbr></a>] &lt;<cite>djlewis</cite>&gt; <q>landswipe:  may I ask your ambitions for your BB? or did you tell me multimedia?</q></li>
<li class="message">[<a href="#T03:34:22" id="T03:34:22"><abbr title="2009-06-07T03:34:22+00:00">03:34:22</abbr></a>] &lt;<cite>landswipe</cite>&gt; <q>actually it's a cheap way of getting an android device.</q></li>
<li class="message">[<a href="#T03:34:30" id="T03:34:30"><abbr title="2009-06-07T03:34:30+00:00">03:34:30</abbr></a>] &lt;<cite>djlewis</cite>&gt; <q>:)</q></li>
<li class="message">[<a href="#T03:34:34" id="T03:34:34"><abbr title="2009-06-07T03:34:34+00:00">03:34:34</abbr></a>] &lt;<cite>landswipe</cite>&gt; <q>rather than going out and buying a phone... i can start writing some apps on it now.</q></li>
<li class="message">[<a href="#T03:34:38" id="T03:34:38"><abbr title="2009-06-07T03:34:38+00:00">03:34:38</abbr></a>] &lt;<cite>landswipe</cite>&gt; <q>emulators suck :)</q></li>
<li class="message">[<a href="#T03:34:46" id="T03:34:46"><abbr title="2009-06-07T03:34:46+00:00">03:34:46</abbr></a>] &lt;<cite>djlewis</cite>&gt; <q>I dont like emulators.</q></li>
<li class="message">[<a href="#T03:34:54" id="T03:34:54"><abbr title="2009-06-07T03:34:54+00:00">03:34:54</abbr></a>] &lt;<cite>landswipe</cite>&gt; <q>also longer term I want to replace my xbox running xbmc.</q></li>
<li class="message">[<a href="#T03:35:10" id="T03:35:10"><abbr title="2009-06-07T03:35:10+00:00">03:35:10</abbr></a>] &lt;<cite>landswipe</cite>&gt; <q>i was going to get an apple tv... but i think the beagleboard will suffice.</q></li>
<li class="message">[<a href="#T03:35:16" id="T03:35:16"><abbr title="2009-06-07T03:35:16+00:00">03:35:16</abbr></a>] &lt;<cite>djlewis</cite>&gt; <q>hmmm... we may have a 1Ghz BB by then ;)</q></li>
<li class="message">[<a href="#T03:35:25" id="T03:35:25"><abbr title="2009-06-07T03:35:25+00:00">03:35:25</abbr></a>] &lt;<cite>landswipe</cite>&gt; <q>apple tv now runs xbmc... </q></li>
<li class="message">[<a href="#T03:35:31" id="T03:35:31"><abbr title="2009-06-07T03:35:31+00:00">03:35:31</abbr></a>] &lt;<cite>landswipe</cite>&gt; <q>yeah exactly! :)</q></li>
<li class="message">[<a href="#T03:35:39" id="T03:35:39"><abbr title="2009-06-07T03:35:39+00:00">03:35:39</abbr></a>] &lt;<cite>landswipe</cite>&gt; <q>is it going to be much faster?</q></li>
<li class="message">[<a href="#T03:35:47" id="T03:35:47"><abbr title="2009-06-07T03:35:47+00:00">03:35:47</abbr></a>] &lt;<cite>landswipe</cite>&gt; <q>like the current dhrystones at 1200 mips.</q></li>
<li class="message">[<a href="#T03:35:52" id="T03:35:52"><abbr title="2009-06-07T03:35:52+00:00">03:35:52</abbr></a>] &lt;<cite>landswipe</cite>&gt; <q>which is pretty quick for an arm board.</q></li>
<li class="message">[<a href="#T03:36:06" id="T03:36:06"><abbr title="2009-06-07T03:36:06+00:00">03:36:06</abbr></a>] &lt;<cite>djlewis</cite>&gt; <q>vaporware now.</q></li>
<li class="quit">[<a href="#T03:36:16" id="T03:36:16"><abbr title="2009-06-07T03:36:16+00:00">03:36:16</abbr></a>] <span>* jrmuizel (n=jrmuizel@CPE001f5be79d0f-CM0017ee62f8b0.cpe.net.cable.rogers.com) Quit ()</span></li>
<li class="message">[<a href="#T03:38:06" id="T03:38:06"><abbr title="2009-06-07T03:38:06+00:00">03:38:06</abbr></a>] &lt;<cite>landswipe</cite>&gt; <q>ah :)</q></li>
<li class="message">[<a href="#T03:38:50" id="T03:38:50"><abbr title="2009-06-07T03:38:50+00:00">03:38:50</abbr></a>] &lt;<cite>muriani</cite>&gt; <q>appletv'sbeen running xbmc</q></li>
<li class="message">[<a href="#T03:40:12" id="T03:40:12"><abbr title="2009-06-07T03:40:12+00:00">03:40:12</abbr></a>] &lt;<cite>muriani</cite>&gt; <q>I've been thinking multimedia for the beagle,but I'm not quite sure I want to dedicate it to that yet.</q></li>
<li class="message">[<a href="#T03:40:53" id="T03:40:53"><abbr title="2009-06-07T03:40:53+00:00">03:40:53</abbr></a>] &lt;<cite>djlewis</cite>&gt; <q>yep, I have dvd and cd players and I play shoutcast at the computer</q></li>
<li class="message">[<a href="#T03:41:17" id="T03:41:17"><abbr title="2009-06-07T03:41:17+00:00">03:41:17</abbr></a>] &lt;<cite>djlewis</cite>&gt; <q>after June 19th I wont get TV reception here</q></li>
<li class="message">[<a href="#T03:41:26" id="T03:41:26"><abbr title="2009-06-07T03:41:26+00:00">03:41:26</abbr></a>] &lt;<cite>muriani</cite>&gt; <q>heh,my bday</q></li>
<li class="message">[<a href="#T03:41:36" id="T03:41:36"><abbr title="2009-06-07T03:41:36+00:00">03:41:36</abbr></a>] &lt;<cite>djlewis</cite>&gt; <q>only pick up 2.5 channels anyway</q></li>
<li class="message">[<a href="#T03:41:44" id="T03:41:44"><abbr title="2009-06-07T03:41:44+00:00">03:41:44</abbr></a>] &lt;<cite>muriani</cite>&gt; <q>nice</q></li>
<li class="message">[<a href="#T03:41:47" id="T03:41:47"><abbr title="2009-06-07T03:41:47+00:00">03:41:47</abbr></a>] &lt;<cite>djlewis</cite>&gt; <q>hi muriani</q></li>
<li class="message">[<a href="#T03:41:54" id="T03:41:54"><abbr title="2009-06-07T03:41:54+00:00">03:41:54</abbr></a>] &lt;<cite>muriani</cite>&gt; <q>heya djlewis</q></li>
<li class="message">[<a href="#T03:42:27" id="T03:42:27"><abbr title="2009-06-07T03:42:27+00:00">03:42:27</abbr></a>] &lt;<cite>djlewis</cite>&gt; <q>the channel was abandoned today.</q></li>
<li class="message">[<a href="#T03:42:42" id="T03:42:42"><abbr title="2009-06-07T03:42:42+00:00">03:42:42</abbr></a>] &lt;<cite>muriani</cite>&gt; <q>was it?</q></li>
<li class="message">[<a href="#T03:43:09" id="T03:43:09"><abbr title="2009-06-07T03:43:09+00:00">03:43:09</abbr></a>] &lt;<cite>muriani</cite>&gt; <q>Other channels I'm in have been deader :p</q></li>
<li class="message">[<a href="#T03:43:22" id="T03:43:22"><abbr title="2009-06-07T03:43:22+00:00">03:43:22</abbr></a>] &lt;<cite>djlewis</cite>&gt; <q>was very quite cept for all the leaving and joining crap.</q></li>
<li class="message">[<a href="#T03:43:36" id="T03:43:36"><abbr title="2009-06-07T03:43:36+00:00">03:43:36</abbr></a>] &lt;<cite>muriani</cite>&gt; <q>heh</q></li>
<li class="join">[<a href="#T03:43:47" id="T03:43:47"><abbr title="2009-06-07T03:43:47+00:00">03:43:47</abbr></a>] <span>* BThompson (n=Bernie@99.48.1.60) has joined #beagle</span></li>
<li class="message">[<a href="#T03:44:14" id="T03:44:14"><abbr title="2009-06-07T03:44:14+00:00">03:44:14</abbr></a>] &lt;<cite>muriani</cite>&gt; <q>I'm sitting outside Austin currently</q></li>
<li class="message">[<a href="#T03:44:23" id="T03:44:23"><abbr title="2009-06-07T03:44:23+00:00">03:44:23</abbr></a>] &lt;<cite>djlewis</cite>&gt; <q>opencv was not reading my webcam so I dnld'd latest svn and built it on BB today.</q></li>
<li class="message">[<a href="#T03:44:41" id="T03:44:41"><abbr title="2009-06-07T03:44:41+00:00">03:44:41</abbr></a>] &lt;<cite>djlewis</cite>&gt; <q>cool, say hi to my son.</q></li>
<li class="message">[<a href="#T03:45:10" id="T03:45:10"><abbr title="2009-06-07T03:45:10+00:00">03:45:10</abbr></a>] &lt;<cite>muriani</cite>&gt; <q>on my Psion Netbook Pro, tethered via wifi to my dad's laptop withthe 3g card</q></li>
<li class="message">[<a href="#T03:45:23" id="T03:45:23"><abbr title="2009-06-07T03:45:23+00:00">03:45:23</abbr></a>] &lt;<cite>muriani</cite>&gt; <q>heh, whereabouts is he?</q></li>
<li class="message">[<a href="#T03:45:36" id="T03:45:36"><abbr title="2009-06-07T03:45:36+00:00">03:45:36</abbr></a>] &lt;<cite>djlewis</cite>&gt; <q>just south of the downtown river</q></li>
<li class="message">[<a href="#T03:45:41" id="T03:45:41"><abbr title="2009-06-07T03:45:41+00:00">03:45:41</abbr></a>] &lt;<cite>muriani</cite>&gt; <q>ah</q></li>
<li class="message">[<a href="#T03:45:56" id="T03:45:56"><abbr title="2009-06-07T03:45:56+00:00">03:45:56</abbr></a>] &lt;<cite>djlewis</cite>&gt; <q>he works in town north of river</q></li>
<li class="message">[<a href="#T03:46:04" id="T03:46:04"><abbr title="2009-06-07T03:46:04+00:00">03:46:04</abbr></a>] &lt;<cite>muriani</cite>&gt; <q>we're coming in from southwest of austin, a little town called Dripping Springs</q></li>
<li class="message">[<a href="#T03:46:13" id="T03:46:13"><abbr title="2009-06-07T03:46:13+00:00">03:46:13</abbr></a>] &lt;<cite>muriani</cite>&gt; <q>visiting some friends out here</q></li>
<li class="message">[<a href="#T03:46:28" id="T03:46:28"><abbr title="2009-06-07T03:46:28+00:00">03:46:28</abbr></a>] &lt;<cite>djlewis</cite>&gt; <q>so you are mobile literaly!</q></li>
<li class="message">[<a href="#T03:46:35" id="T03:46:35"><abbr title="2009-06-07T03:46:35+00:00">03:46:35</abbr></a>] &lt;<cite>muriani</cite>&gt; <q>headed upto sixth street now tomeetup with some of my mom's friends</q></li>
<li class="message">[<a href="#T03:46:41" id="T03:46:41"><abbr title="2009-06-07T03:46:41+00:00">03:46:41</abbr></a>] &lt;<cite>muriani</cite>&gt; <q>yupyup</q></li>
<li class="message">[<a href="#T03:46:54" id="T03:46:54"><abbr title="2009-06-07T03:46:54+00:00">03:46:54</abbr></a>] &lt;<cite>djlewis</cite>&gt; <q>gotta love 3G when ya need it</q></li>
<li class="message">[<a href="#T03:46:55" id="T03:46:55"><abbr title="2009-06-07T03:46:55+00:00">03:46:55</abbr></a>] &lt;<cite>muriani</cite>&gt; <q>60mph currently</q></li>
<li class="message">[<a href="#T03:47:07" id="T03:47:07"><abbr title="2009-06-07T03:47:07+00:00">03:47:07</abbr></a>] &lt;<cite>muriani</cite>&gt; <q>3g,edge,etc</q></li>
<li class="message">[<a href="#T03:47:23" id="T03:47:23"><abbr title="2009-06-07T03:47:23+00:00">03:47:23</abbr></a>] &lt;<cite>muriani</cite>&gt; <q>it's all good for an ssh console session :p</q></li>
<li class="message">[<a href="#T03:47:48" id="T03:47:48"><abbr title="2009-06-07T03:47:48+00:00">03:47:48</abbr></a>] &lt;<cite>djlewis</cite>&gt; <q>you are sheeling in somewhare to get on irc?</q></li>
<li class="message">[<a href="#T03:47:53" id="T03:47:53"><abbr title="2009-06-07T03:47:53+00:00">03:47:53</abbr></a>] &lt;<cite>djlewis</cite>&gt; <q>shelling</q></li>
<li class="message">[<a href="#T03:47:56" id="T03:47:56"><abbr title="2009-06-07T03:47:56+00:00">03:47:56</abbr></a>] &lt;<cite>muriani</cite>&gt; <q>yeah</q></li>
<li class="message">[<a href="#T03:47:59" id="T03:47:59"><abbr title="2009-06-07T03:47:59+00:00">03:47:59</abbr></a>] &lt;<cite>muriani</cite>&gt; <q>always do</q></li>
<li class="message">[<a href="#T03:48:17" id="T03:48:17"><abbr title="2009-06-07T03:48:17+00:00">03:48:17</abbr></a>] &lt;<cite>djlewis</cite>&gt; <q>how is your vacation coming along?</q></li>
<li class="message">[<a href="#T03:48:18" id="T03:48:18"><abbr title="2009-06-07T03:48:18+00:00">03:48:18</abbr></a>] &lt;<cite>muriani</cite>&gt; <q>screen+irssi ftw</q></li>
<li class="message">[<a href="#T03:48:27" id="T03:48:27"><abbr title="2009-06-07T03:48:27+00:00">03:48:27</abbr></a>] &lt;<cite>muriani</cite>&gt; <q>vacation?</q></li>
<li class="message">[<a href="#T03:48:44" id="T03:48:44"><abbr title="2009-06-07T03:48:44+00:00">03:48:44</abbr></a>] &lt;<cite>muriani</cite>&gt; <q>this is just a random one day road trip :p</q></li>
<li class="message">[<a href="#T03:48:46" id="T03:48:46"><abbr title="2009-06-07T03:48:46+00:00">03:48:46</abbr></a>] &lt;<cite>djlewis</cite>&gt; <q>Perhaps I am confusing ywith a guy in europe.</q></li>
<li class="message">[<a href="#T03:48:55" id="T03:48:55"><abbr title="2009-06-07T03:48:55+00:00">03:48:55</abbr></a>] &lt;<cite>muriani</cite>&gt; <q>maybe</q></li>
<li class="message">[<a href="#T03:48:58" id="T03:48:58"><abbr title="2009-06-07T03:48:58+00:00">03:48:58</abbr></a>] &lt;<cite>muriani</cite>&gt; <q>heh</q></li>
<li class="message">[<a href="#T03:49:22" id="T03:49:22"><abbr title="2009-06-07T03:49:22+00:00">03:49:22</abbr></a>] &lt;<cite>djlewis</cite>&gt; <q>I need to get down to Austin for a visit soon.</q></li>
<li class="message">[<a href="#T03:49:42" id="T03:49:42"><abbr title="2009-06-07T03:49:42+00:00">03:49:42</abbr></a>] &lt;<cite>djlewis</cite>&gt; <q>it is about 700 miles from here I think.</q></li>
<li class="message">[<a href="#T03:49:49" id="T03:49:49"><abbr title="2009-06-07T03:49:49+00:00">03:49:49</abbr></a>] &lt;<cite>muriani</cite>&gt; <q>oof</q></li>
<li class="message">[<a href="#T03:49:55" id="T03:49:55"><abbr title="2009-06-07T03:49:55+00:00">03:49:55</abbr></a>] &lt;<cite>muriani</cite>&gt; <q>where's here?</q></li>
<li class="message">[<a href="#T03:50:04" id="T03:50:04"><abbr title="2009-06-07T03:50:04+00:00">03:50:04</abbr></a>] &lt;<cite>djlewis</cite>&gt; <q>west of Little Rock, AR</q></li>
<li class="message">[<a href="#T03:50:18" id="T03:50:18"><abbr title="2009-06-07T03:50:18+00:00">03:50:18</abbr></a>] &lt;<cite>muriani</cite>&gt; <q>aah</q></li>
<li class="quit">[<a href="#T03:50:22" id="T03:50:22"><abbr title="2009-06-07T03:50:22+00:00">03:50:22</abbr></a>] <span>* landswipe (n=landswip@60-242-188-130.static.tpgi.com.au) Quit ()</span></li>
<li class="message">[<a href="#T03:50:34" id="T03:50:34"><abbr title="2009-06-07T03:50:34+00:00">03:50:34</abbr></a>] &lt;<cite>muriani</cite>&gt; <q>yeah,you're a bit further away that I am</q></li>
<li class="message">[<a href="#T03:50:36" id="T03:50:36"><abbr title="2009-06-07T03:50:36+00:00">03:50:36</abbr></a>] &lt;<cite>djlewis</cite>&gt; <q>he didnt even say byr :(</q></li>
<li class="quit">[<a href="#T03:50:38" id="T03:50:38"><abbr title="2009-06-07T03:50:38+00:00">03:50:38</abbr></a>] <span>* Leon_Nardella (n=leon@200-161-14-111.dsl.telesp.net.br) Quit ("Leaving.")</span></li>
<li class="message">[<a href="#T03:51:11" id="T03:51:11"><abbr title="2009-06-07T03:51:11+00:00">03:51:11</abbr></a>] &lt;<cite>muriani</cite>&gt; <q>it's only a 3-4 hr drive for us</q></li>
<li class="message">[<a href="#T03:51:32" id="T03:51:32"><abbr title="2009-06-07T03:51:32+00:00">03:51:32</abbr></a>] &lt;<cite>djlewis</cite>&gt; <q>yep I found a home on a mountain to enjoy quiet and astronomy so I am 30 miles from work.</q></li>
<li class="message">[<a href="#T03:51:45" id="T03:51:45"><abbr title="2009-06-07T03:51:45+00:00">03:51:45</abbr></a>] &lt;<cite>muriani</cite>&gt; <q>nice</q></li>
<li class="message">[<a href="#T03:52:02" id="T03:52:02"><abbr title="2009-06-07T03:52:02+00:00">03:52:02</abbr></a>] &lt;<cite>djlewis</cite>&gt; <q>no cable tv or pizza delivery here</q></li>
<li class="message">[<a href="#T03:52:03" id="T03:52:03"><abbr title="2009-06-07T03:52:03+00:00">03:52:03</abbr></a>] &lt;<cite>muriani</cite>&gt; <q>I've thought about getting into radio astronomy</q></li>
<li class="message">[<a href="#T03:52:10" id="T03:52:10"><abbr title="2009-06-07T03:52:10+00:00">03:52:10</abbr></a>] &lt;<cite>muriani</cite>&gt; <q>oof</q></li>
<li class="message">[<a href="#T03:52:15" id="T03:52:15"><abbr title="2009-06-07T03:52:15+00:00">03:52:15</abbr></a>] &lt;<cite>muriani</cite>&gt; <q>that's too far out for me</q></li>
<li class="message">[<a href="#T03:52:19" id="T03:52:19"><abbr title="2009-06-07T03:52:19+00:00">03:52:19</abbr></a>] &lt;<cite>djlewis</cite>&gt; <q>I dont miss it</q></li>
<li class="message">[<a href="#T03:52:25" id="T03:52:25"><abbr title="2009-06-07T03:52:25+00:00">03:52:25</abbr></a>] &lt;<cite>muriani</cite>&gt; <q>I'm a city boy</q></li>
<li class="message">[<a href="#T03:52:39" id="T03:52:39"><abbr title="2009-06-07T03:52:39+00:00">03:52:39</abbr></a>] &lt;<cite>djlewis</cite>&gt; <q>its me and my three big dogs.</q></li>
<li class="message">[<a href="#T03:52:50" id="T03:52:50"><abbr title="2009-06-07T03:52:50+00:00">03:52:50</abbr></a>] &lt;<cite>muriani</cite>&gt; <q>heh, three cats here</q></li>
<li class="message">[<a href="#T03:53:04" id="T03:53:04"><abbr title="2009-06-07T03:53:04+00:00">03:53:04</abbr></a>] &lt;<cite>muriani</cite>&gt; <q>I have to keep one seperate though</q></li>
<li class="message">[<a href="#T03:53:16" id="T03:53:16"><abbr title="2009-06-07T03:53:16+00:00">03:53:16</abbr></a>] &lt;<cite>muriani</cite>&gt; <q>he doesn't get along with the others</q></li>
<li class="message">[<a href="#T03:53:18" id="T03:53:18"><abbr title="2009-06-07T03:53:18+00:00">03:53:18</abbr></a>] &lt;<cite>djlewis</cite>&gt; <q>big hundred pounders so I cant step on them</q></li>
<li class="message">[<a href="#T03:53:27" id="T03:53:27"><abbr title="2009-06-07T03:53:27+00:00">03:53:27</abbr></a>] &lt;<cite>muriani</cite>&gt; <q>haha</q></li>
<li class="message">[<a href="#T03:53:50" id="T03:53:50"><abbr title="2009-06-07T03:53:50+00:00">03:53:50</abbr></a>] &lt;<cite>djlewis</cite>&gt; <q>I visit friends with lap dogs and I worry too much I will step on one.</q></li>
<li class="message">[<a href="#T03:53:55" id="T03:53:55"><abbr title="2009-06-07T03:53:55+00:00">03:53:55</abbr></a>] &lt;<cite>muriani</cite>&gt; <q>I wouldn't mind a 30lb cat</q></li>
<li class="join">[<a href="#T03:53:58" id="T03:53:58"><abbr title="2009-06-07T03:53:58+00:00">03:53:58</abbr></a>] <span>* AakashPatel (n=AakashPa@unaffiliated/aakashpatel) has joined #beagle</span></li>
<li class="message">[<a href="#T03:53:59" id="T03:53:59"><abbr title="2009-06-07T03:53:59+00:00">03:53:59</abbr></a>] &lt;<cite>muriani</cite>&gt; <q>heh</q></li>
<li class="message">[<a href="#T03:54:04" id="T03:54:04"><abbr title="2009-06-07T03:54:04+00:00">03:54:04</abbr></a>] &lt;<cite>djlewis</cite>&gt; <q>mountain lion?</q></li>
<li class="message">[<a href="#T03:54:25" id="T03:54:25"><abbr title="2009-06-07T03:54:25+00:00">03:54:25</abbr></a>] &lt;<cite>djlewis</cite>&gt; <q>we have bobcats round here bout that size</q></li>
<li class="message">[<a href="#T03:54:58" id="T03:54:58"><abbr title="2009-06-07T03:54:58+00:00">03:54:58</abbr></a>] &lt;<cite>muriani</cite>&gt; <q>well, if my kitten came up to my knees full grown, that'd be badass</q></li>
<li class="message">[<a href="#T03:56:07" id="T03:56:07"><abbr title="2009-06-07T03:56:07+00:00">03:56:07</abbr></a>] &lt;<cite>djlewis</cite>&gt; <q>I gotta figure how to get a user login prompt on my Angstrom.</q></li>
<li class="message">[<a href="#T03:56:17" id="T03:56:17"><abbr title="2009-06-07T03:56:17+00:00">03:56:17</abbr></a>] &lt;<cite>djlewis</cite>&gt; <q>need to get off root level</q></li>
<li class="message">[<abbr title="2009-06-07T03:56:17+00:00">03:56:17</abbr>] &lt;<cite>muriani</cite>&gt; <q>lion cub sized,but housecat proportioned</q></li>
<li class="message">[<a href="#T03:56:21" id="T03:56:21"><abbr title="2009-06-07T03:56:21+00:00">03:56:21</abbr></a>] &lt;<cite>muriani</cite>&gt; <q>ah</q></li>
<li class="message">[<a href="#T03:56:34" id="T03:56:34"><abbr title="2009-06-07T03:56:34+00:00">03:56:34</abbr></a>] &lt;<cite>muriani</cite>&gt; <q>adduser &lt;user&gt;?</q></li>
<li class="message">[<a href="#T03:56:35" id="T03:56:35"><abbr title="2009-06-07T03:56:35+00:00">03:56:35</abbr></a>] &lt;<cite>djlewis</cite>&gt; <q>nice size, it might train you</q></li>
<li class="message">[<a href="#T03:56:43" id="T03:56:43"><abbr title="2009-06-07T03:56:43+00:00">03:56:43</abbr></a>] &lt;<cite>muriani</cite>&gt; <q>hah</q></li>
<li class="message">[<a href="#T03:56:46" id="T03:56:46"><abbr title="2009-06-07T03:56:46+00:00">03:56:46</abbr></a>] &lt;<cite>muriani</cite>&gt; <q>they're cats</q></li>
<li class="message">[<a href="#T03:56:54" id="T03:56:54"><abbr title="2009-06-07T03:56:54+00:00">03:56:54</abbr></a>] &lt;<cite>djlewis</cite>&gt; <q>I did that but no login screen</q></li>
<li class="message">[<a href="#T03:57:01" id="T03:57:01"><abbr title="2009-06-07T03:57:01+00:00">03:57:01</abbr></a>] &lt;<cite>muriani</cite>&gt; <q>that's what they do</q></li>
<li class="message">[<a href="#T03:57:13" id="T03:57:13"><abbr title="2009-06-07T03:57:13+00:00">03:57:13</abbr></a>] &lt;<cite>djlewis</cite>&gt; <q>yep, had one once</q></li>
<li class="message">[<abbr title="2009-06-07T03:57:13+00:00">03:57:13</abbr>] &lt;<cite>muriani</cite>&gt; <q>oh</q></li>
<li class="part">[<a href="#T03:57:32" id="T03:57:32"><abbr title="2009-06-07T03:57:32+00:00">03:57:32</abbr></a>] <span>* AakashPatel (n=AakashPa@unaffiliated/aakashpatel) has left #beagle</span></li>
<li class="message">[<a href="#T03:57:39" id="T03:57:39"><abbr title="2009-06-07T03:57:39+00:00">03:57:39</abbr></a>] &lt;<cite>muriani</cite>&gt; <q>so itjustdrops immediately to single user?</q></li>
<li class="message">[<a href="#T03:58:09" id="T03:58:09"><abbr title="2009-06-07T03:58:09+00:00">03:58:09</abbr></a>] &lt;<cite>djlewis</cite>&gt; <q>I am using sakoman_ build and itboots straight into root user GUI</q></li>
<li class="message">[<a href="#T03:58:16" id="T03:58:16"><abbr title="2009-06-07T03:58:16+00:00">03:58:16</abbr></a>] &lt;<cite>muriani</cite>&gt; <q>ah</q></li>
<li class="message">[<a href="#T03:58:23" id="T03:58:23"><abbr title="2009-06-07T03:58:23+00:00">03:58:23</abbr></a>] &lt;<cite>djlewis</cite>&gt; <q>logout and it returns to root GUI</q></li>
<li class="message">[<a href="#T03:58:29" id="T03:58:29"><abbr title="2009-06-07T03:58:29+00:00">03:58:29</abbr></a>] &lt;<cite>muriani</cite>&gt; <q>hm,dunno on that </q></li>
<li class="message">[<a href="#T03:58:38" id="T03:58:38"><abbr title="2009-06-07T03:58:38+00:00">03:58:38</abbr></a>] &lt;<cite>djlewis</cite>&gt; <q>I'll look it up, no biggie.</q></li>
<li class="message">[<a href="#T03:59:12" id="T03:59:12"><abbr title="2009-06-07T03:59:12+00:00">03:59:12</abbr></a>] &lt;<cite>djlewis</cite>&gt; <q>I just found today that following instructions did not work.</q></li>
<li class="message">[<a href="#T03:59:25" id="T03:59:25"><abbr title="2009-06-07T03:59:25+00:00">03:59:25</abbr></a>] &lt;<cite>muriani</cite>&gt; <q>hah</q></li>
<li class="message">[<a href="#T03:59:38" id="T03:59:38"><abbr title="2009-06-07T03:59:38+00:00">03:59:38</abbr></a>] &lt;<cite>djlewis</cite>&gt; <q>I had to add user non root level to make opencv build properly</q></li>
<li class="message">[<a href="#T04:00:00" id="T04:00:00"><abbr title="2009-06-07T04:00:00+00:00">04:00:00</abbr></a>] &lt;<cite>djlewis</cite>&gt; <q>instructs said be root but, NO!</q></li>
