<li class="join">[<a href="#T13:39:52" id="T13:39:52"><abbr title="2009-11-05T13:39:52+00:00">13:39:52</abbr></a>] <span>* BeagleBot (n=PircBot@ec2-75-101-156-174.compute-1.amazonaws.com) has joined #beagle</span></li>
<li class="topic">[<abbr title="2009-11-05T13:39:52+00:00">13:39:52</abbr>] <span>* Topic is 'Welcome to #Beagle | Discussion about the OMAP3 Beagle Board - <a href="http://beagleboard.org">http://beagleboard.org</a> | Beagle search tools are on #dashboard at irc.gimp.org, NOT here ;)'</span></li>
<li class="topic">[<abbr title="2009-11-05T13:39:52+00:00">13:39:52</abbr>] <span>* Set by adj on Thu Nov 05 02:22:00 CST 2009</span></li>
<li class="part">[<a href="#T13:40:42" id="T13:40:42"><abbr title="2009-11-05T13:40:42+00:00">13:40:42</abbr></a>] <span>* rsv (i=7aa76170@gateway/web/freenode/x-afa08f3be0bc30df) has left #beagle</span></li>
<li class="join">[<a href="#T13:46:54" id="T13:46:54"><abbr title="2009-11-05T13:46:54+00:00">13:46:54</abbr></a>] <span>* pavan (i=cb919b0b@gateway/web/freenode/x-7509d874bf9c1901) has joined #beagle</span></li>
<li class="message">[<a href="#T13:47:40" id="T13:47:40"><abbr title="2009-11-05T13:47:40+00:00">13:47:40</abbr></a>] &lt;<cite>pavan</cite>&gt; <q>hi how can i access MMC card using symbian textshell image on beagle</q></li>
<li class="message">[<a href="#T13:48:20" id="T13:48:20"><abbr title="2009-11-05T13:48:20+00:00">13:48:20</abbr></a>] &lt;<cite>pavan</cite>&gt; <q>to which drive is the MMC mapped</q></li>
<li class="message">[<a href="#T13:48:36" id="T13:48:36"><abbr title="2009-11-05T13:48:36+00:00">13:48:36</abbr></a>] &lt;<cite>av500</cite>&gt; <q>c:\?</q></li>
<li class="message">[<a href="#T13:50:09" id="T13:50:09"><abbr title="2009-11-05T13:50:09+00:00">13:50:09</abbr></a>] &lt;<cite>pavan</cite>&gt; <q>i have a text file parallel to the image</q></li>
<li class="message">[<a href="#T13:50:39" id="T13:50:39"><abbr title="2009-11-05T13:50:39+00:00">13:50:39</abbr></a>] &lt;<cite>pavan</cite>&gt; <q>once i load the image and type dir to check the files it says 0 files</q></li>
<li class="message">[<a href="#T13:51:06" id="T13:51:06"><abbr title="2009-11-05T13:51:06+00:00">13:51:06</abbr></a>] &lt;<cite>pavan</cite>&gt; <q>i am able to see only two drives c: and z:</q></li>
<li class="message">[<a href="#T13:51:43" id="T13:51:43"><abbr title="2009-11-05T13:51:43+00:00">13:51:43</abbr></a>] &lt;<cite>pavan</cite>&gt; <q>i am using a textshell debug image</q></li>
<li class="join">[<a href="#T13:59:10" id="T13:59:10"><abbr title="2009-11-05T13:59:10+00:00">13:59:10</abbr></a>] <span>* GPSFan (n=kenm@64.92.145.112) has joined #beagle</span></li>
<li class="message">[<a href="#T13:59:25" id="T13:59:25"><abbr title="2009-11-05T13:59:25+00:00">13:59:25</abbr></a>] &lt;<cite>eFfeM</cite>&gt; <q>koen: yesterday you changed glibc for mythtv, i was wondering if a line would be needed for non glibc systems (guess those will need libiconv)</q></li>
<li class="message">[<a href="#T13:59:50" id="T13:59:50"><abbr title="2009-11-05T13:59:50+00:00">13:59:50</abbr></a>] &lt;<cite>koen</cite>&gt; <q>dunno about that</q></li>
<li class="message">[<a href="#T14:00:04" id="T14:00:04"><abbr title="2009-11-05T14:00:04+00:00">14:00:04</abbr></a>] &lt;<cite>koen</cite>&gt; <q>ucblic people will prolly complain about when they try :)</q></li>
<li class="message">[<a href="#T14:01:39" id="T14:01:39"><abbr title="2009-11-05T14:01:39+00:00">14:01:39</abbr></a>] &lt;<cite>eFfeM</cite>&gt; <q>ok ;-)</q></li>
<li class="join">[<a href="#T14:05:21" id="T14:05:21"><abbr title="2009-11-05T14:05:21+00:00">14:05:21</abbr></a>] <span>* rcranetx (n=rcranetx@nat/ti/x-249df84d34f8c371) has joined #beagle</span></li>
<li class="quit">[<a href="#T14:06:52" id="T14:06:52"><abbr title="2009-11-05T14:06:52+00:00">14:06:52</abbr></a>] <span>* pavan (i=cb919b0b@gateway/web/freenode/x-7509d874bf9c1901) Quit (Ping timeout: 180 seconds)</span></li>
<li class="quit">[<a href="#T14:07:50" id="T14:07:50"><abbr title="2009-11-05T14:07:50+00:00">14:07:50</abbr></a>] <span>* jkridner|work (n=a0321898@nat/ti/x-17f104035d16658d) Quit ("Leaving.")</span></li>
<li class="quit">[<a href="#T14:08:25" id="T14:08:25"><abbr title="2009-11-05T14:08:25+00:00">14:08:25</abbr></a>] <span>* paulg_ (i=58684039@gateway/web/freenode/x-9155d7e0f528339f) Quit (Ping timeout: 180 seconds)</span></li>
<li class="quit">[<a href="#T14:10:00" id="T14:10:00"><abbr title="2009-11-05T14:10:00+00:00">14:10:00</abbr></a>] <span>* __alanc__ (n=a-campbe@nat/ti/x-58147b5cfc0f6a5d) Quit ()</span></li>
<li class="quit">[<a href="#T14:13:01" id="T14:13:01"><abbr title="2009-11-05T14:13:01+00:00">14:13:01</abbr></a>] <span>* rsalveti (n=rsalveti@189.115.172.148) Quit (Remote closed the connection)</span></li>
<li class="message">[<a href="#T14:13:49" id="T14:13:49"><abbr title="2009-11-05T14:13:49+00:00">14:13:49</abbr></a>] &lt;<cite>koen</cite>&gt; <q><a href="http://www.flickr.com/photos/koenkooi/4077980580/">http://www.flickr.com/photos/koenkooi/4077980580/</a></q></li>
<li class="message">[<a href="#T14:14:47" id="T14:14:47"><abbr title="2009-11-05T14:14:47+00:00">14:14:47</abbr></a>] &lt;<cite>XorA</cite>&gt; <q>koen: cool</q></li>
<li class="message">[<a href="#T14:15:11" id="T14:15:11"><abbr title="2009-11-05T14:15:11+00:00">14:15:11</abbr></a>] &lt;<cite>hrw</cite>&gt; <q>koen: how much ram free left?</q></li>
<li class="message">[<a href="#T14:15:16" id="T14:15:16"><abbr title="2009-11-05T14:15:16+00:00">14:15:16</abbr></a>] &lt;<cite>av500</cite>&gt; <q>but where is ooffice and gimp?</q></li>
<li class="quit">[<a href="#T14:16:04" id="T14:16:04"><abbr title="2009-11-05T14:16:04+00:00">14:16:04</abbr></a>] <span>* bbhk (i=dce319a2@gateway/web/freenode/x-f5c3e8e10caa863c) Quit (Ping timeout: 180 seconds)</span></li>
<li class="message">[<a href="#T14:17:16" id="T14:17:16"><abbr title="2009-11-05T14:17:16+00:00">14:17:16</abbr></a>] &lt;<cite>_koen_</cite>&gt; <q>hrw: not much</q></li>
<li class="join">[<a href="#T14:17:39" id="T14:17:39"><abbr title="2009-11-05T14:17:39+00:00">14:17:39</abbr></a>] <span>* djlewis (n=djlewis@75.15.65.85) has joined #beagle</span></li>
<li class="join">[<a href="#T14:20:55" id="T14:20:55"><abbr title="2009-11-05T14:20:55+00:00">14:20:55</abbr></a>] <span>* __alanc__ (n=a-campbe@nat/ti/x-9f5a22f8378e3614) has joined #beagle</span></li>
<li class="message">[<a href="#T14:20:57" id="T14:20:57"><abbr title="2009-11-05T14:20:57+00:00">14:20:57</abbr></a>] &lt;<cite>eFfeM</cite>&gt; <q>koen, nice</q></li>
<li class="message">[<a href="#T14:21:21" id="T14:21:21"><abbr title="2009-11-05T14:21:21+00:00">14:21:21</abbr></a>] &lt;<cite>av500</cite>&gt; <q>koen: no wonder its slow, it runs at 125mhz only.... :)</q></li>
<li class="message">[<a href="#T14:22:39" id="T14:22:39"><abbr title="2009-11-05T14:22:39+00:00">14:22:39</abbr></a>] &lt;<cite>hrw</cite>&gt; <q>so if most of ram is taken by gnome what is a use of it?</q></li>
<li class="message">[<a href="#T14:22:50" id="T14:22:50"><abbr title="2009-11-05T14:22:50+00:00">14:22:50</abbr></a>] &lt;<cite>hrw</cite>&gt; <q>running web browser or email client == swapping?</q></li>
<li class="quit">[<a href="#T14:27:01" id="T14:27:01"><abbr title="2009-11-05T14:27:01+00:00">14:27:01</abbr></a>] <span>* sli_ (n=sli@195.6.193.205) Quit (Read error: 60 (Operation timed out))</span></li>
<li class="message">[<a href="#T14:28:58" id="T14:28:58"><abbr title="2009-11-05T14:28:58+00:00">14:28:58</abbr></a>] &lt;<cite>koen</cite>&gt; <q>epiphany runs without swapping</q></li>
<li class="message">[<a href="#T14:29:19" id="T14:29:19"><abbr title="2009-11-05T14:29:19+00:00">14:29:19</abbr></a>] &lt;<cite>koen</cite>&gt; <q>I could try running firefox, but I don't have a 6GB swap partition for it yet</q></li>
<li class="join">[<a href="#T14:29:38" id="T14:29:38"><abbr title="2009-11-05T14:29:38+00:00">14:29:38</abbr></a>] <span>* jkridner|work (n=a0321898@nat/ti/x-5ebd575d6432fccc) has joined #beagle</span></li>
<li class="nick-change">[<a href="#T14:32:27" id="T14:32:27"><abbr title="2009-11-05T14:32:27+00:00">14:32:27</abbr></a>] <span>* prpplague_afk is now known as prpplague</span></li>
<li class="message">[<a href="#T14:32:32" id="T14:32:32"><abbr title="2009-11-05T14:32:32+00:00">14:32:32</abbr></a>] &lt;<cite>prpplague</cite>&gt; <q>sakoman: ping</q></li>
<li class="message">[<a href="#T14:32:40" id="T14:32:40"><abbr title="2009-11-05T14:32:40+00:00">14:32:40</abbr></a>] &lt;<cite>prpplague</cite>&gt; <q>jkridner|work: greetings earthling</q></li>
<li class="message">[<a href="#T14:33:04" id="T14:33:04"><abbr title="2009-11-05T14:33:04+00:00">14:33:04</abbr></a>] &lt;<cite>jkridner|work</cite>&gt; <q>good morning prpplague, all.</q></li>
<li class="join">[<a href="#T14:33:23" id="T14:33:23"><abbr title="2009-11-05T14:33:23+00:00">14:33:23</abbr></a>] <span>* rsalveti (n=rsalveti@200.184.118.130) has joined #beagle</span></li>
<li class="message">[<a href="#T14:33:29" id="T14:33:29"><abbr title="2009-11-05T14:33:29+00:00">14:33:29</abbr></a>] &lt;<cite>florian</cite>&gt; <q>hi jkridner|work </q></li>
<li class="action">[<a href="#T14:33:30" id="T14:33:30"><abbr title="2009-11-05T14:33:30+00:00">14:33:30</abbr></a>] <span>* prpplague hands a cup of coffee to jkridner </span></li>
<li class="action">[<a href="#T14:33:34" id="T14:33:34"><abbr title="2009-11-05T14:33:34+00:00">14:33:34</abbr></a>] <span>* prpplague hands a cup of coffee to jkridner|work </span></li>
<li class="action">[<a href="#T14:33:35" id="T14:33:35"><abbr title="2009-11-05T14:33:35+00:00">14:33:35</abbr></a>] <span>* XorA debates building firefox for avr32</span></li>
<li class="message">[<a href="#T14:33:47" id="T14:33:47"><abbr title="2009-11-05T14:33:47+00:00">14:33:47</abbr></a>] &lt;<cite>prpplague</cite>&gt; <q>XorA: avr32 eh?</q></li>
<li class="message">[<a href="#T14:34:04" id="T14:34:04"><abbr title="2009-11-05T14:34:04+00:00">14:34:04</abbr></a>] &lt;<cite>prpplague</cite>&gt; <q>XorA: whatcha got a ngw100 kit?</q></li>
<li class="action">[<a href="#T14:34:18" id="T14:34:18"><abbr title="2009-11-05T14:34:18+00:00">14:34:18</abbr></a>] <span>* jkridner|work hates not controlling my own computer by running XP with corporate patches that say "time to reboot".</span></li>
<li class="message">[<abbr title="2009-11-05T14:34:18+00:00">14:34:18</abbr>] &lt;<cite>XorA</cite>&gt; <q>prpplague: yes</q></li>
<li class="message">[<a href="#T14:34:54" id="T14:34:54"><abbr title="2009-11-05T14:34:54+00:00">14:34:54</abbr></a>] &lt;<cite>prpplague</cite>&gt; <q>XorA: i've been wanting to grab one of those, just haven't had a valid reason as of yet</q></li>
<li class="message">[<a href="#T14:35:01" id="T14:35:01"><abbr title="2009-11-05T14:35:01+00:00">14:35:01</abbr></a>] &lt;<cite>XorA</cite>&gt; <q>but corporate patches are a great way to elevate your privs :-D</q></li>
<li class="message">[<a href="#T14:35:29" id="T14:35:29"><abbr title="2009-11-05T14:35:29+00:00">14:35:29</abbr></a>] &lt;<cite>XorA</cite>&gt; <q>prpplague: it needs another board to be useful unfortunately :-(</q></li>
<li class="message">[<a href="#T14:35:33" id="T14:35:33"><abbr title="2009-11-05T14:35:33+00:00">14:35:33</abbr></a>] &lt;<cite>hrw</cite>&gt; <q>prpplague: we got few for free</q></li>
<li class="message">[<a href="#T14:36:01" id="T14:36:01"><abbr title="2009-11-05T14:36:01+00:00">14:36:01</abbr></a>] &lt;<cite>prpplague</cite>&gt; <q>hrw: dandy! free hardware is always good</q></li>
<li class="message">[<a href="#T14:36:14" id="T14:36:14"><abbr title="2009-11-05T14:36:14+00:00">14:36:14</abbr></a>] &lt;<cite>prpplague</cite>&gt; <q>XorA: ahh</q></li>
<li class="message">[<a href="#T14:36:27" id="T14:36:27"><abbr title="2009-11-05T14:36:27+00:00">14:36:27</abbr></a>] &lt;<cite>jkridner|work</cite>&gt; <q>XorA: there are enough holes in the security to not need patches to raise privs.  I'm inside anyway, why do I want more access to stuff inside?</q></li>
<li class="message">[<a href="#T14:37:29" id="T14:37:29"><abbr title="2009-11-05T14:37:29+00:00">14:37:29</abbr></a>] &lt;<cite>XorA</cite>&gt; <q>jkridner|work: I once broke the security of a MOD contractor because I was bored :-D</q></li>
<li class="message">[<a href="#T14:37:54" id="T14:37:54"><abbr title="2009-11-05T14:37:54+00:00">14:37:54</abbr></a>] &lt;<cite>prpplague</cite>&gt; <q>jkridner|work: maybe you'll get access to the restricted Tetris game server</q></li>
<li class="message">[<a href="#T14:38:02" id="T14:38:02"><abbr title="2009-11-05T14:38:02+00:00">14:38:02</abbr></a>] &lt;<cite>koen</cite>&gt; <q>jkridner|work: if <a href="http://www.flickr.com/photos/koenkooi/4077980580/">http://www.flickr.com/photos/koenkooi/4077980580/</a> suitable for a 'toweb' tag?</q></li>
<li class="message">[<a href="#T14:38:03" id="T14:38:03"><abbr title="2009-11-05T14:38:03+00:00">14:38:03</abbr></a>] &lt;<cite>jkridner|work</cite>&gt; <q>WOPR?</q></li>
<li class="message">[<a href="#T14:38:17" id="T14:38:17"><abbr title="2009-11-05T14:38:17+00:00">14:38:17</abbr></a>] &lt;<cite>jkridner|work</cite>&gt; <q>yeah!</q></li>
<li class="message">[<a href="#T14:38:28" id="T14:38:28"><abbr title="2009-11-05T14:38:28+00:00">14:38:28</abbr></a>] &lt;<cite>jkridner|work</cite>&gt; <q>we really need to highlight some of these better....</q></li>
<li class="message">[<a href="#T14:38:44" id="T14:38:44"><abbr title="2009-11-05T14:38:44+00:00">14:38:44</abbr></a>] &lt;<cite>jkridner|work</cite>&gt; <q>seems like many people really don't know what all is getting accomplished by Beaglers.</q></li>
<li class="message">[<a href="#T14:39:11" id="T14:39:11"><abbr title="2009-11-05T14:39:11+00:00">14:39:11</abbr></a>] &lt;<cite>koen</cite>&gt; <q>Beagle News Network</q></li>
<li class="message">[<a href="#T14:39:12" id="T14:39:12"><abbr title="2009-11-05T14:39:12+00:00">14:39:12</abbr></a>] &lt;<cite>likewise</cite>&gt; <q>Well, I know koen does a lot of stuff</q></li>
<li class="message">[<a href="#T14:40:10" id="T14:40:10"><abbr title="2009-11-05T14:40:10+00:00">14:40:10</abbr></a>] &lt;<cite>koen</cite>&gt; <q>jkridner|work: back in TX?</q></li>
<li class="join">[<a href="#T14:40:16" id="T14:40:16"><abbr title="2009-11-05T14:40:16+00:00">14:40:16</abbr></a>] <span>* brijesh (n=bksingh@nat/ti/x-0f0fd4d114d3e8e1) has joined #beagle</span></li>
<li class="message">[<a href="#T14:40:19" id="T14:40:19"><abbr title="2009-11-05T14:40:19+00:00">14:40:19</abbr></a>] &lt;<cite>jkridner|work</cite>&gt; <q>how does raster feel about all this Gnome activity?  any new e17 tricks to bring it back to the top?</q></li>
<li class="message">[<a href="#T14:40:21" id="T14:40:21"><abbr title="2009-11-05T14:40:21+00:00">14:40:21</abbr></a>] &lt;<cite>likewise</cite>&gt; <q>koen: nice jo! Does the ondemand governor in working order?</q></li>
<li class="message">[<a href="#T14:40:34" id="T14:40:34"><abbr title="2009-11-05T14:40:34+00:00">14:40:34</abbr></a>] &lt;<cite>likewise</cite>&gt; <q>s/Does/is/</q></li>
<li class="message">[<a href="#T14:40:36" id="T14:40:36"><abbr title="2009-11-05T14:40:36+00:00">14:40:36</abbr></a>] &lt;<cite>av500</cite>&gt; <q>it works here nicely..</q></li>
<li class="message">[<a href="#T14:40:52" id="T14:40:52"><abbr title="2009-11-05T14:40:52+00:00">14:40:52</abbr></a>] &lt;<cite>koen</cite>&gt; <q>jkridner|work: e17 now has a GLES engine, doesn't work on SGX yet, segfaults in an imgtec lib</q></li>
<li class="message">[<a href="#T14:40:58" id="T14:40:58"><abbr title="2009-11-05T14:40:58+00:00">14:40:58</abbr></a>] &lt;<cite>prpplague</cite>&gt; <q>doh, out of printer paper</q></li>
<li class="message">[<a href="#T14:41:05" id="T14:41:05"><abbr title="2009-11-05T14:41:05+00:00">14:41:05</abbr></a>] &lt;<cite>av500</cite>&gt; <q>printer?</q></li>
<li class="message">[<a href="#T14:41:23" id="T14:41:23"><abbr title="2009-11-05T14:41:23+00:00">14:41:23</abbr></a>] &lt;<cite>koen</cite>&gt; <q>likewise: I need to patch the transition latency like Mike T suggests on the l-o ml to make it work better</q></li>
<li class="message">[<a href="#T14:41:28" id="T14:41:28"><abbr title="2009-11-05T14:41:28+00:00">14:41:28</abbr></a>] &lt;<cite>likewise</cite>&gt; <q>av500: on what board (if you meant the power governor)?</q></li>
<li class="message">[<a href="#T14:41:37" id="T14:41:37"><abbr title="2009-11-05T14:41:37+00:00">14:41:37</abbr></a>] &lt;<cite>prpplague</cite>&gt; <q>av500: for schematics and datasheets</q></li>
<li class="action">[<a href="#T14:41:43" id="T14:41:43"><abbr title="2009-11-05T14:41:43+00:00">14:41:43</abbr></a>] <span>* jkridner|work is happy to be hanging with the cats, instead of looking at roller coasters from a hotel window.</span></li>
<li class="message">[<a href="#T14:41:47" id="T14:41:47"><abbr title="2009-11-05T14:41:47+00:00">14:41:47</abbr></a>] &lt;<cite>raster</cite>&gt; <q>jkridner|work: e can gender completely with gl. gnome... can't :)</q></li>
<li class="message">[<a href="#T14:41:55" id="T14:41:55"><abbr title="2009-11-05T14:41:55+00:00">14:41:55</abbr></a>] &lt;<cite>raster</cite>&gt; <q>:)</q></li>
<li class="join">[<a href="#T14:41:59" id="T14:41:59"><abbr title="2009-11-05T14:41:59+00:00">14:41:59</abbr></a>] <span>* sli_ (n=sli@195.6.193.205) has joined #beagle</span></li>
<li class="message">[<a href="#T14:42:00" id="T14:42:00"><abbr title="2009-11-05T14:42:00+00:00">14:42:00</abbr></a>] &lt;<cite>jkridner|work</cite>&gt; <q>:)</q></li>
<li class="message">[<abbr title="2009-11-05T14:42:00+00:00">14:42:00</abbr>] &lt;<cite>av500</cite>&gt; <q>likewise: custom</q></li>
<li class="message">[<a href="#T14:42:34" id="T14:42:34"><abbr title="2009-11-05T14:42:34+00:00">14:42:34</abbr></a>] &lt;<cite>raster</cite>&gt; <q>if u wanto fancy gfx/anim in gnome - u use clutter. but.. then u are stuck with gl-only devices. software mesa isnt going to work well on yoour lower end stuff</q></li>
<li class="message">[<abbr title="2009-11-05T14:42:34+00:00">14:42:34</abbr>] &lt;<cite>av500</cite>&gt; <q>koen: just use the latency from PSP kernel...</q></li>
<li class="message">[<a href="#T14:42:39" id="T14:42:39"><abbr title="2009-11-05T14:42:39+00:00">14:42:39</abbr></a>] &lt;<cite>koen</cite>&gt; <q>hey raster </q></li>
<li class="message">[<a href="#T14:42:40" id="T14:42:40"><abbr title="2009-11-05T14:42:40+00:00">14:42:40</abbr></a>] &lt;<cite>raster</cite>&gt; <q>but... evas will :)</q></li>
<li class="message">[<a href="#T14:42:44" id="T14:42:44"><abbr title="2009-11-05T14:42:44+00:00">14:42:44</abbr></a>] &lt;<cite>likewise</cite>&gt; <q>av500: custom, for custom product? or custom, available as dev board later?</q></li>
<li class="message">[<a href="#T14:42:54" id="T14:42:54"><abbr title="2009-11-05T14:42:54+00:00">14:42:54</abbr></a>] &lt;<cite>koen</cite>&gt; <q>raster: seen the Litl announcement?</q></li>
<li class="message">[<a href="#T14:42:55" id="T14:42:55"><abbr title="2009-11-05T14:42:55+00:00">14:42:55</abbr></a>] &lt;<cite>av500</cite>&gt; <q>likewise: real product</q></li>
<li class="message">[<a href="#T14:42:57" id="T14:42:57"><abbr title="2009-11-05T14:42:57+00:00">14:42:57</abbr></a>] &lt;<cite>raster</cite>&gt; <q>koen:  hey ho</q></li>
<li class="message">[<a href="#T14:43:04" id="T14:43:04"><abbr title="2009-11-05T14:43:04+00:00">14:43:04</abbr></a>] &lt;<cite>likewise</cite>&gt; <q>av500: cool</q></li>
<li class="message">[<a href="#T14:43:05" id="T14:43:05"><abbr title="2009-11-05T14:43:05+00:00">14:43:05</abbr></a>] &lt;<cite>av500</cite>&gt; <q>a litl expensive, no?</q></li>
<li class="message">[<a href="#T14:43:31" id="T14:43:31"><abbr title="2009-11-05T14:43:31+00:00">14:43:31</abbr></a>] &lt;<cite>jkridner|work</cite>&gt; <q>guess no one has the wobbly windows on Beagle yet, eh?</q></li>
<li class="join">[<a href="#T14:43:35" id="T14:43:35"><abbr title="2009-11-05T14:43:35+00:00">14:43:35</abbr></a>] <span>* bisco (i=5a9301a4@gateway/web/freenode/x-29766189cefff8fd) has joined #beagle</span></li>
<li class="message">[<a href="#T14:44:14" id="T14:44:14"><abbr title="2009-11-05T14:44:14+00:00">14:44:14</abbr></a>] &lt;<cite>raster</cite>&gt; <q>does it matter?</q></li>
<li class="message">[<a href="#T14:44:20" id="T14:44:20"><abbr title="2009-11-05T14:44:20+00:00">14:44:20</abbr></a>] &lt;<cite>eFfeM</cite>&gt; <q>what price is quoted for litl ?</q></li>
<li class="message">[<abbr title="2009-11-05T14:44:20+00:00">14:44:20</abbr>] &lt;<cite>jkridner|work</cite>&gt; <q>no, it doesn't.</q></li>
<li class="message">[<a href="#T14:44:31" id="T14:44:31"><abbr title="2009-11-05T14:44:31+00:00">14:44:31</abbr></a>] &lt;<cite>bswix</cite>&gt; <q>I have a device that needs to notify the user mode application of an event (something plugged into...). The device is usually operated as an I2C slave, but this doesn't give me the possibility of actively notify the omap without polling over I2C. So, I'm thinking of using a GPIO pin. Is there a way to hook a user mode callback function to this GPIO pin event without writing any kernel modules?</q></li>
<li class="message">[<a href="#T14:44:39" id="T14:44:39"><abbr title="2009-11-05T14:44:39+00:00">14:44:39</abbr></a>] &lt;<cite>raster</cite>&gt; <q>when peolpe want 3d/effects they want ti within their app windows msot of the time</q></li>
<li class="message">[<a href="#T14:44:47" id="T14:44:47"><abbr title="2009-11-05T14:44:47+00:00">14:44:47</abbr></a>] &lt;<cite>jkridner|work</cite>&gt; <q>raster: it amazes me what people will do to waste cycles on their compute platfoms.</q></li>
<li class="message">[<a href="#T14:44:49" id="T14:44:49"><abbr title="2009-11-05T14:44:49+00:00">14:44:49</abbr></a>] &lt;<cite>raster</cite>&gt; <q>generally only simgple compositing between windows - if any :)</q></li>
<li class="message">[<a href="#T14:44:57" id="T14:44:57"><abbr title="2009-11-05T14:44:57+00:00">14:44:57</abbr></a>] &lt;<cite>raster</cite>&gt; <q>jkridner|work: yup</q></li>
<li class="message">[<a href="#T14:45:11" id="T14:45:11"><abbr title="2009-11-05T14:45:11+00:00">14:45:11</abbr></a>] &lt;<cite>eFfeM</cite>&gt; <q>found it missed the shop button :-[ $ 699 :-(</q></li>
<li class="message">[<a href="#T14:45:21" id="T14:45:21"><abbr title="2009-11-05T14:45:21+00:00">14:45:21</abbr></a>] &lt;<cite>av500</cite>&gt; <q>wobbly lasted for 1day here in office</q></li>
<li class="message">[<a href="#T14:45:33" id="T14:45:33"><abbr title="2009-11-05T14:45:33+00:00">14:45:33</abbr></a>] &lt;<cite>raster</cite>&gt; <q>not really payign attention to gnome - playing "keep up with the joneses" just wastes yoour time and focus</q></li>
<li class="message">[<a href="#T14:45:39" id="T14:45:39"><abbr title="2009-11-05T14:45:39+00:00">14:45:39</abbr></a>] &lt;<cite>jkridner|work</cite>&gt; <q>just an attention grabber.</q></li>
<li class="message">[<a href="#T14:45:40" id="T14:45:40"><abbr title="2009-11-05T14:45:40+00:00">14:45:40</abbr></a>] &lt;<cite>raster</cite>&gt; <q>stick to your plan and keeep going</q></li>
<li class="message">[<a href="#T14:45:50" id="T14:45:50"><abbr title="2009-11-05T14:45:50+00:00">14:45:50</abbr></a>] &lt;<cite>raster</cite>&gt; <q>gnome has yet to have anything close to edje</q></li>
<li class="message">[<a href="#T14:45:51" id="T14:45:51"><abbr title="2009-11-05T14:45:51+00:00">14:45:51</abbr></a>] &lt;<cite>raster</cite>&gt; <q>:)</q></li>
<li class="message">[<a href="#T14:45:58" id="T14:45:58"><abbr title="2009-11-05T14:45:58+00:00">14:45:58</abbr></a>] &lt;<cite>raster</cite>&gt; <q>evas does 3d now</q></li>
<li class="join">[<a href="#T14:45:59" id="T14:45:59"><abbr title="2009-11-05T14:45:59+00:00">14:45:59</abbr></a>] <span>* Hrww (n=hrw@chello089078170228.chello.pl) has joined #beagle</span></li>
<li class="message">[<a href="#T14:46:04" id="T14:46:04"><abbr title="2009-11-05T14:46:04+00:00">14:46:04</abbr></a>] &lt;<cite>raster</cite>&gt; <q>so it''s rather moot :)</q></li>
<li class="action">[<a href="#T14:46:13" id="T14:46:13"><abbr title="2009-11-05T14:46:13+00:00">14:46:13</abbr></a>] <span>* av500 thought edje is a cheese brand...</span></li>
<li class="message">[<a href="#T14:46:14" id="T14:46:14"><abbr title="2009-11-05T14:46:14+00:00">14:46:14</abbr></a>] &lt;<cite>jkridner|work</cite>&gt; <q>personally, I don't even like mice.</q></li>
<li class="action">[<a href="#T14:46:25" id="T14:46:25"><abbr title="2009-11-05T14:46:25+00:00">14:46:25</abbr></a>] <span>* jkridner|work wouldn't mind a good eye tracker....</span></li>
<li class="message">[<a href="#T14:46:28" id="T14:46:28"><abbr title="2009-11-05T14:46:28+00:00">14:46:28</abbr></a>] &lt;<cite>raster</cite>&gt; <q><a href="http://www.youtube.com/watch?v=edLTo61dIgA">http://www.youtube.com/watch?v=edLTo61dIgA</a></q></li>
<li class="action">[<a href="#T14:46:36" id="T14:46:36"><abbr title="2009-11-05T14:46:36+00:00">14:46:36</abbr></a>] <span>* jkridner|work can't stand removing fingers from the home row.</span></li>
<li class="message">[<a href="#T14:46:39" id="T14:46:39"><abbr title="2009-11-05T14:46:39+00:00">14:46:39</abbr></a>] &lt;<cite>av500</cite>&gt; <q>cheese commercial?</q></li>
<li class="message">[<a href="#T14:46:44" id="T14:46:44"><abbr title="2009-11-05T14:46:44+00:00">14:46:44</abbr></a>] &lt;<cite>mru</cite>&gt; <q>a mouse a device for pointing at the xterm in which you wish to type</q></li>
<li class="message">[<a href="#T14:46:53" id="T14:46:53"><abbr title="2009-11-05T14:46:53+00:00">14:46:53</abbr></a>] &lt;<cite>prpplague</cite>&gt; <q>eFfeM: Litl ?</q></li>
<li class="message">[<a href="#T14:46:58" id="T14:46:58"><abbr title="2009-11-05T14:46:58+00:00">14:46:58</abbr></a>] &lt;<cite>av500</cite>&gt; <q>jkridner|work: since when does vt100 need a mouse?</q></li>
<li class="message">[<a href="#T14:47:04" id="T14:47:04"><abbr title="2009-11-05T14:47:04+00:00">14:47:04</abbr></a>] &lt;<cite>jkridner|work</cite>&gt; <q>I'm still working on learning vimperator, but I don't like that it doesn't let me make full use of the history function with ':o'.</q></li>
<li class="message">[<a href="#T14:47:28" id="T14:47:28"><abbr title="2009-11-05T14:47:28+00:00">14:47:28</abbr></a>] &lt;<cite>av500</cite>&gt; <q>mru: lessons oveR?</q></li>
<li class="message">[<a href="#T14:47:42" id="T14:47:42"><abbr title="2009-11-05T14:47:42+00:00">14:47:42</abbr></a>] &lt;<cite>eFfeM</cite>&gt; <q>prpplague: yes</q></li>
<li class="message">[<a href="#T14:47:44" id="T14:47:44"><abbr title="2009-11-05T14:47:44+00:00">14:47:44</abbr></a>] &lt;<cite>jkridner|work</cite>&gt; <q>Alt-TAB brings me to the xterm where I need to type. :)</q></li>
<li class="message">[<a href="#T14:47:50" id="T14:47:50"><abbr title="2009-11-05T14:47:50+00:00">14:47:50</abbr></a>] &lt;<cite>prpplague</cite>&gt; <q>eFfeM: url ?</q></li>
<li class="message">[<a href="#T14:48:00" id="T14:48:00"><abbr title="2009-11-05T14:48:00+00:00">14:48:00</abbr></a>] &lt;<cite>eFfeM</cite>&gt; <q>www.litl.com</q></li>
<li class="quit">[<a href="#T14:48:23" id="T14:48:23"><abbr title="2009-11-05T14:48:23+00:00">14:48:23</abbr></a>] <span>* n6pfk (n=n6pfk__@96.238.186.191) Quit (Remote closed the connection)</span></li>
<li class="message">[<a href="#T14:48:24" id="T14:48:24"><abbr title="2009-11-05T14:48:24+00:00">14:48:24</abbr></a>] &lt;<cite>eFfeM</cite>&gt; <q>:-)</q></li>
<li class="message">[<a href="#T14:48:27" id="T14:48:27"><abbr title="2009-11-05T14:48:27+00:00">14:48:27</abbr></a>] &lt;<cite>eFfeM</cite>&gt; <q>furst button is shop</q></li>
<li class="message">[<a href="#T14:48:53" id="T14:48:53"><abbr title="2009-11-05T14:48:53+00:00">14:48:53</abbr></a>] &lt;<cite>av500</cite>&gt; <q>raster: cool video, didnt know you still have an amiga....</q></li>
<li class="join">[<a href="#T14:49:05" id="T14:49:05"><abbr title="2009-11-05T14:49:05+00:00">14:49:05</abbr></a>] <span>* SoulBlade (n=Classifi@12.173.51.158) has joined #beagle</span></li>
<li class="message">[<a href="#T14:49:24" id="T14:49:24"><abbr title="2009-11-05T14:49:24+00:00">14:49:24</abbr></a>] &lt;<cite>raster</cite>&gt; <q>av500: :-P~</q></li>
<li class="message">[<a href="#T14:49:32" id="T14:49:32"><abbr title="2009-11-05T14:49:32+00:00">14:49:32</abbr></a>] &lt;<cite>av500</cite>&gt; <q>.)</q></li>
<li class="message">[<a href="#T14:49:38" id="T14:49:38"><abbr title="2009-11-05T14:49:38+00:00">14:49:38</abbr></a>] &lt;<cite>prpplague</cite>&gt; <q>eFfeM: thanks</q></li>
<li class="message">[<a href="#T14:49:53" id="T14:49:53"><abbr title="2009-11-05T14:49:53+00:00">14:49:53</abbr></a>] &lt;<cite>eFfeM</cite>&gt; <q>sorry upfront if i quote too much but here are the specs:</q></li>
<li class="message">[<a href="#T14:49:54" id="T14:49:54"><abbr title="2009-11-05T14:49:54+00:00">14:49:54</abbr></a>] &lt;<cite>eFfeM</cite>&gt; <q>You get a 12.1-inch (1280 x 800) display powered by a 1.86GHz Z540 Atom CPU. However this powerful processor is married with just 1GB RAM storage and a paltry 2GB of flash storage. Other features include HDMI, Wi-Fi (b/g), webcam, a solitary USB port and 2,600mAh battery. Interestingly, there is also an IR receiver that is meant to be used with a Litl remote. The whole thing weighs 1.53kg (3.38lbs).</q></li>
<li class="message">[<a href="#T14:50:08" id="T14:50:08"><abbr title="2009-11-05T14:50:08+00:00">14:50:08</abbr></a>] &lt;<cite>jkridner|work</cite>&gt; <q>word 'amiga'...   oh, how I wish I had known about Altparty in time to go.</q></li>
<li class="message">[<a href="#T14:50:44" id="T14:50:44"><abbr title="2009-11-05T14:50:44+00:00">14:50:44</abbr></a>] &lt;<cite>raster</cite>&gt; <q>those were fun days</q></li>
<li class="message">[<a href="#T14:50:52" id="T14:50:52"><abbr title="2009-11-05T14:50:52+00:00">14:50:52</abbr></a>] &lt;<cite>jkridner|work</cite>&gt; <q>:)</q></li>
<li class="message">[<a href="#T14:51:11" id="T14:51:11"><abbr title="2009-11-05T14:51:11+00:00">14:51:11</abbr></a>] &lt;<cite>eFfeM</cite>&gt; <q>av500, raster, stop trolling, there are Atari ST owners out here :-)</q></li>
<li class="join">[<a href="#T14:51:18" id="T14:51:18"><abbr title="2009-11-05T14:51:18+00:00">14:51:18</abbr></a>] <span>* _roger_ (n=a0740758@nat/ti/x-692e990ba79e2e92) has joined #beagle</span></li>
<li class="message">[<a href="#T14:51:29" id="T14:51:29"><abbr title="2009-11-05T14:51:29+00:00">14:51:29</abbr></a>] &lt;<cite>koen</cite>&gt; <q>eFfeM: I like how it has proper hdmi instead of vga like most netbooks</q></li>
<li class="action">[<a href="#T14:51:30" id="T14:51:30"><abbr title="2009-11-05T14:51:30+00:00">14:51:30</abbr></a>] <span>* jkridner|work would kill for that kind of devotion to Beagle Boards. :)</span></li>
<li class="join">[<a href="#T14:51:42" id="T14:51:42"><abbr title="2009-11-05T14:51:42+00:00">14:51:42</abbr></a>] <span>* edufelipe (n=edufelip@189.4.72.143) has joined #beagle</span></li>
<li class="message">[<a href="#T14:51:50" id="T14:51:50"><abbr title="2009-11-05T14:51:50+00:00">14:51:50</abbr></a>] &lt;<cite>raster</cite>&gt; <q>eFfeM: st. pffffft!</q></li>
<li class="message">[<a href="#T14:52:00" id="T14:52:00"><abbr title="2009-11-05T14:52:00+00:00">14:52:00</abbr></a>] &lt;<cite>eFfeM</cite>&gt; <q>koen the hdmi is indeed nice</q></li>
<li class="message">[<a href="#T14:52:02" id="T14:52:02"><abbr title="2009-11-05T14:52:02+00:00">14:52:02</abbr></a>] &lt;<cite>jkridner|work</cite>&gt; <q>there is 64kB on board....   would make for some killer demos. :)</q></li>
<li class="message">[<a href="#T14:52:07" id="T14:52:07"><abbr title="2009-11-05T14:52:07+00:00">14:52:07</abbr></a>] &lt;<cite>eFfeM</cite>&gt; <q>raster, I also had a TT</q></li>
<li class="message">[<a href="#T14:52:09" id="T14:52:09"><abbr title="2009-11-05T14:52:09+00:00">14:52:09</abbr></a>] &lt;<cite>jkridner|work</cite>&gt; <q>er, on-chip.</q></li>
<li class="message">[<a href="#T14:52:11" id="T14:52:11"><abbr title="2009-11-05T14:52:11+00:00">14:52:11</abbr></a>] &lt;<cite>eFfeM</cite>&gt; <q>and it ran minix :-)</q></li>
<li class="message">[<a href="#T14:52:12" id="T14:52:12"><abbr title="2009-11-05T14:52:12+00:00">14:52:12</abbr></a>] &lt;<cite>raster</cite>&gt; <q>jkridner|work: if only the omap3 was as open as the amiga was :)</q></li>
<li class="join">[<a href="#T14:52:19" id="T14:52:19"><abbr title="2009-11-05T14:52:19+00:00">14:52:19</abbr></a>] <span>* jrmuizel (n=jrmuizel@CPE001f5be79d0f-CM0017ee62f8b0.cpe.net.cable.rogers.com) has joined #beagle</span></li>
<li class="message">[<a href="#T14:52:30" id="T14:52:30"><abbr title="2009-11-05T14:52:30+00:00">14:52:30</abbr></a>] &lt;<cite>raster</cite>&gt; <q>if you had the programming manuals the amoiga had.... who knows</q></li>
<li class="message">[<a href="#T14:52:31" id="T14:52:31"><abbr title="2009-11-05T14:52:31+00:00">14:52:31</abbr></a>] &lt;<cite>raster</cite>&gt; <q>:)</q></li>
<li class="message">[<a href="#T14:52:39" id="T14:52:39"><abbr title="2009-11-05T14:52:39+00:00">14:52:39</abbr></a>] &lt;<cite>jkridner|work</cite>&gt; <q>*sigh*</q></li>
<li class="message">[<a href="#T14:52:40" id="T14:52:40"><abbr title="2009-11-05T14:52:40+00:00">14:52:40</abbr></a>] &lt;<cite>mru</cite>&gt; <q>jkridner|work: wait until it's it's obsolete and another decade or two, maybe there will still be users around</q></li>
<li class="message">[<a href="#T14:52:59" id="T14:52:59"><abbr title="2009-11-05T14:52:59+00:00">14:52:59</abbr></a>] &lt;<cite>raster</cite>&gt; <q>the amiga hardware was a goldmine for doing evil hacks</q></li>
<li class="message">[<a href="#T14:53:09" id="T14:53:09"><abbr title="2009-11-05T14:53:09+00:00">14:53:09</abbr></a>] &lt;<cite>jkridner|work</cite>&gt; <q>anyone from Imagination here to kick for some manuals?</q></li>
<li class="message">[<a href="#T14:53:25" id="T14:53:25"><abbr title="2009-11-05T14:53:25+00:00">14:53:25</abbr></a>] &lt;<cite>raster</cite>&gt; <q>hahahaha</q></li>
<li class="message">[<a href="#T14:54:04" id="T14:54:04"><abbr title="2009-11-05T14:54:04+00:00">14:54:04</abbr></a>] &lt;<cite>jkridner|work</cite>&gt; <q>or at least that OpenCL compiler.</q></li>
<li class="message">[<a href="#T14:54:27" id="T14:54:27"><abbr title="2009-11-05T14:54:27+00:00">14:54:27</abbr></a>] &lt;<cite>eFfeM</cite>&gt; <q>koen, but 2gb flash is of course a little bit thin</q></li>
<li class="quit">[<a href="#T14:54:34" id="T14:54:34"><abbr title="2009-11-05T14:54:34+00:00">14:54:34</abbr></a>] <span>* tehpola (n=Adium@cpe-72-177-8-90.austin.res.rr.com) Quit ("Leaving.")</span></li>
<li class="message">[<a href="#T14:54:47" id="T14:54:47"><abbr title="2009-11-05T14:54:47+00:00">14:54:47</abbr></a>] &lt;<cite>av500</cite>&gt; <q>eFfeM: no, all ze data is in ze cloud of course!!!</q></li>
<li class="message">[<a href="#T14:55:04" id="T14:55:04"><abbr title="2009-11-05T14:55:04+00:00">14:55:04</abbr></a>] &lt;<cite>eFfeM</cite>&gt; <q>guess so</q></li>
<li class="action">[<a href="#T14:55:17" id="T14:55:17"><abbr title="2009-11-05T14:55:17+00:00">14:55:17</abbr></a>] <span>* eFfeM is an oldtimer who still wants his data and apps locally</span></li>
<li class="message">[<a href="#T14:55:39" id="T14:55:39"><abbr title="2009-11-05T14:55:39+00:00">14:55:39</abbr></a>] &lt;<cite>eFfeM</cite>&gt; <q>also because clould computing seems nice until you're 8 miles high</q></li>
<li class="message">[<a href="#T14:55:56" id="T14:55:56"><abbr title="2009-11-05T14:55:56+00:00">14:55:56</abbr></a>] &lt;<cite>raster</cite>&gt; <q>jkridner|work: for amiga level - u'd need full register, shader opcode, and more docs</q></li>
<li class="message">[<a href="#T14:56:19" id="T14:56:19"><abbr title="2009-11-05T14:56:19+00:00">14:56:19</abbr></a>] &lt;<cite>raster</cite>&gt; <q>jkridner|work: u'd also need to open up info in nasty detail not just of dsp (tho that is mostly open now it appears)</q></li>
<li class="message">[<a href="#T14:56:25" id="T14:56:25"><abbr title="2009-11-05T14:56:25+00:00">14:56:25</abbr></a>] &lt;<cite>raster</cite>&gt; <q>but... of the isp and other bits of the omap3</q></li>
<li class="message">[<a href="#T14:56:34" id="T14:56:34"><abbr title="2009-11-05T14:56:34+00:00">14:56:34</abbr></a>] &lt;<cite>jkridner|work</cite>&gt; <q>ARM+DSP not enough?  DSP should make a pretty good rendering/shading engine, no?</q></li>
<li class="join">[<a href="#T14:57:11" id="T14:57:11"><abbr title="2009-11-05T14:57:11+00:00">14:57:11</abbr></a>] <span>* davidm (n=David@nat/ti/x-596dc71a834d6708) has joined #beagle</span></li>
<li class="message">[<a href="#T14:57:21" id="T14:57:21"><abbr title="2009-11-05T14:57:21+00:00">14:57:21</abbr></a>] &lt;<cite>jkridner|work</cite>&gt; <q>Linux support for much of ISP bits is starting to show, but docs are certainly still spartan.</q></li>
<li class="nick-change">[<a href="#T14:57:45" id="T14:57:45"><abbr title="2009-11-05T14:57:45+00:00">14:57:45</abbr></a>] <span>* davidm is now known as Guest15315</span></li>
<li class="message">[<a href="#T14:57:51" id="T14:57:51"><abbr title="2009-11-05T14:57:51+00:00">14:57:51</abbr></a>] &lt;<cite>av500</cite>&gt; <q>but ISP is documentend in TRM, no?</q></li>
<li class="message">[<a href="#T14:58:03" id="T14:58:03"><abbr title="2009-11-05T14:58:03+00:00">14:58:03</abbr></a>] &lt;<cite>jkridner|work</cite>&gt; <q>it is.</q></li>
<li class="message">[<a href="#T15:00:05" id="T15:00:05"><abbr title="2009-11-05T15:00:05+00:00">15:00:05</abbr></a>] &lt;<cite>jkridner|work</cite>&gt; <q>I think what is really missing is the "how to" guide... things to baby step people through the ISP...</q></li>
<li class="message">[<a href="#T15:00:21" id="T15:00:21"><abbr title="2009-11-05T15:00:21+00:00">15:00:21</abbr></a>] &lt;<cite>jkridner|work</cite>&gt; <q>also, there are occasional missing details.</q></li>
<li class="message">[<a href="#T15:01:05" id="T15:01:05"><abbr title="2009-11-05T15:01:05+00:00">15:01:05</abbr></a>] &lt;<cite>av500</cite>&gt; <q>and the amiga had these "howto" guides? :)</q></li>
<li class="join">[<a href="#T15:01:27" id="T15:01:27"><abbr title="2009-11-05T15:01:27+00:00">15:01:27</abbr></a>] <span>* j_ack (n=j_ack@p57A42927.dip0.t-ipconnect.de) has joined #beagle</span></li>
<li class="message">[<a href="#T15:01:44" id="T15:01:44"><abbr title="2009-11-05T15:01:44+00:00">15:01:44</abbr></a>] &lt;<cite>av500</cite>&gt; <q>(or that "ST" whatever that was...)</q></li>
<li class="message">[<a href="#T15:01:45" id="T15:01:45"><abbr title="2009-11-05T15:01:45+00:00">15:01:45</abbr></a>] &lt;<cite>jkridner|work</cite>&gt; <q>fair enough.  there are a lot of unexploited OMAP docs out there if raster wants to use the ISP.</q></li>
<li class="join">[<a href="#T15:01:57" id="T15:01:57"><abbr title="2009-11-05T15:01:57+00:00">15:01:57</abbr></a>] <span>* dual (n=dual@5.79-160-122.customer.lyse.net) has joined #beagle</span></li>
<li class="message">[<a href="#T15:03:00" id="T15:03:00"><abbr title="2009-11-05T15:03:00+00:00">15:03:00</abbr></a>] &lt;<cite>raster</cite>&gt; <q>jkridner|work:  i think it s mroe that the amiga.... was fully documented</q></li>
<li class="message">[<a href="#T15:03:01" id="T15:03:01"><abbr title="2009-11-05T15:03:01+00:00">15:03:01</abbr></a>] &lt;<cite>av500</cite>&gt; <q>the thing is, today the silicon gets obsoleted so fast, that nobody bothers to do the amiga/c64 style work on it...</q></li>
<li class="message">[<a href="#T15:03:14" id="T15:03:14"><abbr title="2009-11-05T15:03:14+00:00">15:03:14</abbr></a>] &lt;<cite>raster</cite>&gt; <q>if you wanted to make the effort u could make the hardware really work for yoou</q></li>
<li class="join">[<a href="#T15:03:16" id="T15:03:16"><abbr title="2009-11-05T15:03:16+00:00">15:03:16</abbr></a>] <span>* naeg (n=naeg@194.208.239.170) has joined #beagle</span></li>
<li class="message">[<a href="#T15:03:26" id="T15:03:26"><abbr title="2009-11-05T15:03:26+00:00">15:03:26</abbr></a>] &lt;<cite>raster</cite>&gt; <q>eg u'd havee the audio chips preparing pixel data for the blitter</q></li>
<li class="message">[<a href="#T15:03:34" id="T15:03:34"><abbr title="2009-11-05T15:03:34+00:00">15:03:34</abbr></a>] &lt;<cite>raster</cite>&gt; <q>or cpu rpeare - hand off to blitter</q></li>
<li class="message">[<a href="#T15:03:39" id="T15:03:39"><abbr title="2009-11-05T15:03:39+00:00">15:03:39</abbr></a>] &lt;<cite>jkridner|work</cite>&gt; <q>we plan to keep the OMAP3530 around for a good long time.</q></li>
<li class="message">[<a href="#T15:03:43" id="T15:03:43"><abbr title="2009-11-05T15:03:43+00:00">15:03:43</abbr></a>] &lt;<cite>raster</cite>&gt; <q>have copper dynamically piece it together on the screen</q></li>
<li class="message">[<a href="#T15:04:01" id="T15:04:01"><abbr title="2009-11-05T15:04:01+00:00">15:04:01</abbr></a>] &lt;<cite>raster</cite>&gt; <q>the problem is - development has just changed</q></li>
<li class="message">[<a href="#T15:04:08" id="T15:04:08"><abbr title="2009-11-05T15:04:08+00:00">15:04:08</abbr></a>] &lt;<cite>av500</cite>&gt; <q>jkridner|work: sure you will, but there will still be more shiny stuff next year...</q></li>
<li class="message">[<a href="#T15:04:16" id="T15:04:16"><abbr title="2009-11-05T15:04:16+00:00">15:04:16</abbr></a>] &lt;<cite>raster</cite>&gt; <q>those days u read the hw specs and coded to that - to the letter</q></li>
<li class="message">[<a href="#T15:04:22" id="T15:04:22"><abbr title="2009-11-05T15:04:22+00:00">15:04:22</abbr></a>] &lt;<cite>raster</cite>&gt; <q>u squeeze what u could out of it</q></li>
<li class="message">[<a href="#T15:04:26" id="T15:04:26"><abbr title="2009-11-05T15:04:26+00:00">15:04:26</abbr></a>] &lt;<cite>raster</cite>&gt; <q>these days u code to an api</q></li>
<li class="message">[<a href="#T15:04:38" id="T15:04:38"><abbr title="2009-11-05T15:04:38+00:00">15:04:38</abbr></a>] &lt;<cite>av500</cite>&gt; <q>jkridner|work: we raced thru 6 SOC generations in 8ys...</q></li>
<li class="message">[<a href="#T15:04:51" id="T15:04:51"><abbr title="2009-11-05T15:04:51+00:00">15:04:51</abbr></a>] &lt;<cite>raster</cite>&gt; <q>and apis nicely limit what u can  do, compartmentalise it etc.</q></li>
<li class="message">[<a href="#T15:05:00" id="T15:05:00"><abbr title="2009-11-05T15:05:00+00:00">15:05:00</abbr></a>] &lt;<cite>av500</cite>&gt; <q>err, 8 actually in 8ys...</q></li>
<li class="join">[<a href="#T15:05:39" id="T15:05:39"><abbr title="2009-11-05T15:05:39+00:00">15:05:39</abbr></a>] <span>* killring (n=killring@adsl-99-130-28-28.dsl.sfldmi.sbcglobal.net) has joined #beagle</span></li>
<li class="quit">[<a href="#T15:06:12" id="T15:06:12"><abbr title="2009-11-05T15:06:12+00:00">15:06:12</abbr></a>] <span>* hrw (n=hrw@chello089078170228.chello.pl) Quit (Read error: 110 (Connection timed out))</span></li>
<li class="message">[<a href="#T15:06:56" id="T15:06:56"><abbr title="2009-11-05T15:06:56+00:00">15:06:56</abbr></a>] &lt;<cite>jkridner|work</cite>&gt; <q>well, I am on a mission to push for more compatible SoCs so that it is possible to dive down to the bits.</q></li>
<li class="quit">[<a href="#T15:07:08" id="T15:07:08"><abbr title="2009-11-05T15:07:08+00:00">15:07:08</abbr></a>] <span>* daniel_ki (n=daniel@85.183.48.167) Quit (Read error: 113 (No route to host))</span></li>
<li class="quit">[<a href="#T15:07:09" id="T15:07:09"><abbr title="2009-11-05T15:07:09+00:00">15:07:09</abbr></a>] <span>* Kaptah (i=c0647cdb@gateway/web/freenode/x-3c9790869b9328d4) Quit ("Page closed")</span></li>
<li class="message">[<a href="#T15:08:37" id="T15:08:37"><abbr title="2009-11-05T15:08:37+00:00">15:08:37</abbr></a>] &lt;<cite>jkridner|work</cite>&gt; <q>hmmm....  there is a C port of Tor for Android...   as if browsing on a mobile wasn't slow enough.</q></li>
<li class="join">[<a href="#T15:09:22" id="T15:09:22"><abbr title="2009-11-05T15:09:22+00:00">15:09:22</abbr></a>] <span>* niclas (n=Niclas@nat/ti/x-4bfff91c2c035ff5) has joined #beagle</span></li>
<li class="join">[<a href="#T15:10:16" id="T15:10:16"><abbr title="2009-11-05T15:10:16+00:00">15:10:16</abbr></a>] <span>* montamer (n=montamer@203.199.213.3) has joined #beagle</span></li>
<li class="quit">[<a href="#T15:12:07" id="T15:12:07"><abbr title="2009-11-05T15:12:07+00:00">15:12:07</abbr></a>] <span>* sli_ (n=sli@195.6.193.205) Quit (Remote closed the connection)</span></li>
<li class="quit">[<a href="#T15:12:58" id="T15:12:58"><abbr title="2009-11-05T15:12:58+00:00">15:12:58</abbr></a>] <span>* montamer (n=montamer@203.199.213.3) Quit (Remote closed the connection)</span></li>
<li class="action">[<a href="#T15:13:42" id="T15:13:42"><abbr title="2009-11-05T15:13:42+00:00">15:13:42</abbr></a>] <span>* mru wants adblock on any mobile browser</span></li>
<li class="nick-change">[<a href="#T15:13:51" id="T15:13:51"><abbr title="2009-11-05T15:13:51+00:00">15:13:51</abbr></a>] <span>* jconnolly|away is now known as jconnolly</span></li>
<li class="join">[<a href="#T15:14:34" id="T15:14:34"><abbr title="2009-11-05T15:14:34+00:00">15:14:34</abbr></a>] <span>* montamer (n=montamer@203.199.213.3) has joined #beagle</span></li>
<li class="quit">[<a href="#T15:14:56" id="T15:14:56"><abbr title="2009-11-05T15:14:56+00:00">15:14:56</abbr></a>] <span>* montamer (n=montamer@203.199.213.3) Quit (Client Quit)</span></li>
<li class="join">[<a href="#T15:18:39" id="T15:18:39"><abbr title="2009-11-05T15:18:39+00:00">15:18:39</abbr></a>] <span>* pH5 (n=ph5@e178195081.adsl.alicedsl.de) has joined #beagle</span></li>
<li class="join">[<a href="#T15:19:58" id="T15:19:58"><abbr title="2009-11-05T15:19:58+00:00">15:19:58</abbr></a>] <span>* [Bigneko] (n=Storekat@94.145.194.40) has joined #beagle</span></li>
<li class="join">[<a href="#T15:22:31" id="T15:22:31"><abbr title="2009-11-05T15:22:31+00:00">15:22:31</abbr></a>] <span>* BThompson (n=a0193480@nat/ti/x-40e089f1aa45cd4c) has joined #beagle</span></li>
<li class="quit">[<a href="#T15:26:35" id="T15:26:35"><abbr title="2009-11-05T15:26:35+00:00">15:26:35</abbr></a>] <span>* raster (n=raster@enlightenment/developer/raster) Quit ("Gettin' stinky!")</span></li>
<li class="quit">[<a href="#T15:26:57" id="T15:26:57"><abbr title="2009-11-05T15:26:57+00:00">15:26:57</abbr></a>] <span>* bswix (n=rode@147.84-49-231.nextgentel.com) Quit (Remote closed the connection)</span></li>
<li class="join">[<a href="#T15:27:40" id="T15:27:40"><abbr title="2009-11-05T15:27:40+00:00">15:27:40</abbr></a>] <span>* n6pfk (n=n6pfk__@96.238.186.191) has joined #beagle</span></li>
<li class="join">[<a href="#T15:34:32" id="T15:34:32"><abbr title="2009-11-05T15:34:32+00:00">15:34:32</abbr></a>] <span>* pfoetchen (n=pfoetche@188.46.101.184) has joined #beagle</span></li>
<li class="join">[<a href="#T15:35:41" id="T15:35:41"><abbr title="2009-11-05T15:35:41+00:00">15:35:41</abbr></a>] <span>* ThomasEgi (n=thomas@panda3d/ThomasEgi) has joined #beagle</span></li>
<li class="join">[<a href="#T15:40:14" id="T15:40:14"><abbr title="2009-11-05T15:40:14+00:00">15:40:14</abbr></a>] <span>* _chase_ (n=chase@nat/ti/x-409aa6fbdde1e048) has joined #beagle</span></li>
<li class="join">[<a href="#T15:41:56" id="T15:41:56"><abbr title="2009-11-05T15:41:56+00:00">15:41:56</abbr></a>] <span>* Meizirkki (n=Meizirkk@bbwirelessgw2-feeedc00-64.dhcp.inet.fi) has joined #beagle</span></li>
<li class="message">[<a href="#T15:43:21" id="T15:43:21"><abbr title="2009-11-05T15:43:21+00:00">15:43:21</abbr></a>] &lt;<cite>jkridner|work</cite>&gt; <q>if Frets-on-Fire is now running on the N900, I would suspect that the Pandora guys would get it running there too.  Would make for a very nice Beagle demo/project.</q></li>
<li class="action">[<a href="#T15:43:34" id="T15:43:34"><abbr title="2009-11-05T15:43:34+00:00">15:43:34</abbr></a>] <span>* jkridner|work looks at the contest page to see if I need to give away a board.</span></li>
<li class="message">[<a href="#T15:44:37" id="T15:44:37"><abbr title="2009-11-05T15:44:37+00:00">15:44:37</abbr></a>] &lt;<cite>mru</cite>&gt; <q>jkridner|work: speaking of demos, I haven't forgotten about the "video wall"</q></li>
<li class="message">[<a href="#T15:44:45" id="T15:44:45"><abbr title="2009-11-05T15:44:45+00:00">15:44:45</abbr></a>] &lt;<cite>mru</cite>&gt; <q>hopefully I'll now have time to finish it</q></li>
<li class="quit">[<a href="#T15:45:00" id="T15:45:00"><abbr title="2009-11-05T15:45:00+00:00">15:45:00</abbr></a>] <span>* jrmuizel (n=jrmuizel@CPE001f5be79d0f-CM0017ee62f8b0.cpe.net.cable.rogers.com) Quit ()</span></li>
<li class="message">[<a href="#T15:46:38" id="T15:46:38"><abbr title="2009-11-05T15:46:38+00:00">15:46:38</abbr></a>] &lt;<cite>jkridner|work</cite>&gt; <q>looks like Speed-Reader will get a board, but need a tie-breaker elsewhere.</q></li>
<li class="nick-change">[<a href="#T15:46:40" id="T15:46:40"><abbr title="2009-11-05T15:46:40+00:00">15:46:40</abbr></a>] <span>* cbrake_away is now known as cbrake</span></li>
<li class="message">[<a href="#T15:47:30" id="T15:47:30"><abbr title="2009-11-05T15:47:30+00:00">15:47:30</abbr></a>] &lt;<cite>prpplague</cite>&gt; <q>jkridner|work: what board is that?</q></li>
<li class="message">[<a href="#T15:47:42" id="T15:47:42"><abbr title="2009-11-05T15:47:42+00:00">15:47:42</abbr></a>] &lt;<cite>prpplague</cite>&gt; <q>jkridner|work: btw, don't forget i need that EBV contact info</q></li>
<li class="message">[<a href="#T15:47:45" id="T15:47:45"><abbr title="2009-11-05T15:47:45+00:00">15:47:45</abbr></a>] &lt;<cite>mru</cite>&gt; <q>prpplague: a beagle board</q></li>
<li class="message">[<a href="#T15:47:51" id="T15:47:51"><abbr title="2009-11-05T15:47:51+00:00">15:47:51</abbr></a>] &lt;<cite>prpplague</cite>&gt; <q>ahh</q></li>
<li class="message">[<a href="#T15:47:59" id="T15:47:59"><abbr title="2009-11-05T15:47:59+00:00">15:47:59</abbr></a>] &lt;<cite>mru</cite>&gt; <q>whatever rev is currently shipping</q></li>
<li class="message">[<a href="#T15:48:05" id="T15:48:05"><abbr title="2009-11-05T15:48:05+00:00">15:48:05</abbr></a>] &lt;<cite>av500</cite>&gt; <q>a beagle? what is that?</q></li>
<li class="message">[<a href="#T15:48:09" id="T15:48:09"><abbr title="2009-11-05T15:48:09+00:00">15:48:09</abbr></a>] &lt;<cite>mru</cite>&gt; <q>av500: a dog</q></li>
<li class="message">[<a href="#T15:48:20" id="T15:48:20"><abbr title="2009-11-05T15:48:20+00:00">15:48:20</abbr></a>] &lt;<cite>mru</cite>&gt; <q>av500: also the name Darwin's ship</q></li>
<li class="message">[<a href="#T15:48:28" id="T15:48:28"><abbr title="2009-11-05T15:48:28+00:00">15:48:28</abbr></a>] &lt;<cite>mru</cite>&gt; <q>well, the ship Darwin travelled on</q></li>
<li class="message">[<a href="#T15:48:29" id="T15:48:29"><abbr title="2009-11-05T15:48:29+00:00">15:48:29</abbr></a>] &lt;<cite>jkridner|work</cite>&gt; <q>prpplague: <a href="http://elinux.org/BeagleBoard/contest#Approved_projects">http://elinux.org/BeagleBoard/contest#Approved_projects</a>  (thanks for the reminder on the EBV contact)</q></li>
<li class="message">[<a href="#T15:48:50" id="T15:48:50"><abbr title="2009-11-05T15:48:50+00:00">15:48:50</abbr></a>] &lt;<cite>jkridner|work</cite>&gt; <q>mru: my google alerts turn up Darwin articles every day.</q></li>
<li class="message">[<a href="#T15:49:17" id="T15:49:17"><abbr title="2009-11-05T15:49:17+00:00">15:49:17</abbr></a>] &lt;<cite>av500</cite>&gt; <q>mru: Darwin is the guy that wrote MacOS?</q></li>
<li class="message">[<a href="#T15:50:28" id="T15:50:28"><abbr title="2009-11-05T15:50:28+00:00">15:50:28</abbr></a>] &lt;<cite>prpplague</cite>&gt; <q>av500: hehe</q></li>
<li class="join">[<a href="#T15:55:40" id="T15:55:40"><abbr title="2009-11-05T15:55:40+00:00">15:55:40</abbr></a>] <span>* ssvb (n=ssvb___@viktor.cosmicparrot.net) has joined #beagle</span></li>
<li class="quit">[<a href="#T15:57:52" id="T15:57:52"><abbr title="2009-11-05T15:57:52+00:00">15:57:52</abbr></a>] <span>* tasslehoff (n=Mich@147.84-49-231.nextgentel.com) Quit ("Lost terminal")</span></li>
<li class="join">[<a href="#T15:59:07" id="T15:59:07"><abbr title="2009-11-05T15:59:07+00:00">15:59:07</abbr></a>] <span>* orbarron (n=orb@nat/ti/x-b06d899480bac6b6) has joined #beagle</span></li>
