<li class="message">[<a href="#T00:02:07" id="T00:02:07"><abbr title="2009-01-04T00:02:07+00:00">00:02:07</abbr></a>] &lt;<cite>jkridner</cite>&gt; <q>why don't I use SD cards directly?</q></li>
<li class="message">[<a href="#T00:02:28" id="T00:02:28"><abbr title="2009-01-04T00:02:28+00:00">00:02:28</abbr></a>] &lt;<cite>jkridner</cite>&gt; <q>because my server doesn't have access to an SD card as it is located in a different state than me.</q></li>
<li class="nick-change">[<a href="#T00:02:45" id="T00:02:45"><abbr title="2009-01-04T00:02:45+00:00">00:02:45</abbr></a>] <span>* balister_ is now known as Crofton|work</span></li>
<li class="message">[<a href="#T00:02:54" id="T00:02:54"><abbr title="2009-01-04T00:02:54+00:00">00:02:54</abbr></a>] &lt;<cite>jkridner</cite>&gt; <q>I have VMWare Fusion finally installed on my Mac (thanks to 1/2 price sale around Christmas).</q></li>
<li class="message">[<a href="#T00:03:02" id="T00:03:02"><abbr title="2009-01-04T00:03:02+00:00">00:03:02</abbr></a>] &lt;<cite>jkridner</cite>&gt; <q>but, I still haven't installed Linux.</q></li>
<li class="message">[<a href="#T00:07:06" id="T00:07:06"><abbr title="2009-01-04T00:07:06+00:00">00:07:06</abbr></a>] &lt;<cite>Crofton|work</cite>&gt; <q>Well, that sounds like a problem</q></li>
<li class="quit">[<a href="#T00:09:59" id="T00:09:59"><abbr title="2009-01-04T00:09:59+00:00">00:09:59</abbr></a>] <span>* florian (n=fuchs@e179099038.adsl.alicedsl.de) Quit (Read error: 113 (No route to host))</span></li>
<li class="message">[<a href="#T00:10:49" id="T00:10:49"><abbr title="2009-01-04T00:10:49+00:00">00:10:49</abbr></a>] &lt;<cite>recalcati</cite>&gt; <q>ok, jkridner, i'm sorry, this problem is getting me crazy</q></li>
<li class="message">[<a href="#T00:11:04" id="T00:11:04"><abbr title="2009-01-04T00:11:04+00:00">00:11:04</abbr></a>] &lt;<cite>recalcati</cite>&gt; <q>now I write directly on nand the u-boot</q></li>
<li class="message">[<a href="#T00:11:50" id="T00:11:50"><abbr title="2009-01-04T00:11:50+00:00">00:11:50</abbr></a>] &lt;<cite>jkridner</cite>&gt; <q>and x-load?</q></li>
<li class="message">[<a href="#T00:12:01" id="T00:12:01"><abbr title="2009-01-04T00:12:01+00:00">00:12:01</abbr></a>] &lt;<cite>jkridner</cite>&gt; <q>did you turn on the correct ecc mode before writing?</q></li>
<li class="message">[<a href="#T00:12:21" id="T00:12:21"><abbr title="2009-01-04T00:12:21+00:00">00:12:21</abbr></a>] &lt;<cite>jkridner</cite>&gt; <q>which steps did you follow and which images did you use?</q></li>
<li class="message">[<a href="#T00:14:28" id="T00:14:28"><abbr title="2009-01-04T00:14:28+00:00">00:14:28</abbr></a>] &lt;<cite>recalcati</cite>&gt; <q>I try sfdisk similar to yours </q></li>
<li class="message">[<a href="#T00:15:06" id="T00:15:06"><abbr title="2009-01-04T00:15:06+00:00">00:15:06</abbr></a>] &lt;<cite>recalcati</cite>&gt; <q>I can get sometimes Starting on with MMC   but then it finds errors</q></li>
<li class="message">[<a href="#T00:15:34" id="T00:15:34"><abbr title="2009-01-04T00:15:34+00:00">00:15:34</abbr></a>] &lt;<cite>recalcati</cite>&gt; <q>now I followed <a href="http://www.angstrom-distribution.org/demo/beagleboard/README.txt">http://www.angstrom-distribution.org/demo/beagleboard/README.txt</a></q></li>
<li class="message">[<a href="#T00:15:51" id="T00:15:51"><abbr title="2009-01-04T00:15:51+00:00">00:15:51</abbr></a>] &lt;<cite>recalcati</cite>&gt; <q>and I have Starting on with MMC  </q></li>
<li class="message">[<a href="#T00:15:54" id="T00:15:54"><abbr title="2009-01-04T00:15:54+00:00">00:15:54</abbr></a>] &lt;<cite>recalcati</cite>&gt; <q>and no more</q></li>
<li class="message">[<a href="#T00:16:11" id="T00:16:11"><abbr title="2009-01-04T00:16:11+00:00">00:16:11</abbr></a>] &lt;<cite>jkridner</cite>&gt; <q>which MLO did you use?</q></li>
<li class="message">[<a href="#T00:16:31" id="T00:16:31"><abbr title="2009-01-04T00:16:31+00:00">00:16:31</abbr></a>] &lt;<cite>recalcati</cite>&gt; <q> md5sum MLO  6ae111d0b3bad7673697187a8e3ee4b6  MLO </q></li>
<li class="message">[<a href="#T00:16:57" id="T00:16:57"><abbr title="2009-01-04T00:16:57+00:00">00:16:57</abbr></a>] &lt;<cite>jkridner</cite>&gt; <q>hmmm....</q></li>
<li class="message">[<a href="#T00:17:03" id="T00:17:03"><abbr title="2009-01-04T00:17:03+00:00">00:17:03</abbr></a>] &lt;<cite>recalcati</cite>&gt; <q>not good?</q></li>
<li class="message">[<a href="#T00:17:12" id="T00:17:12"><abbr title="2009-01-04T00:17:12+00:00">00:17:12</abbr></a>] &lt;<cite>jkridner</cite>&gt; <q>if you are trying to load u-boot from NAND, I think you might actually try x-load.bin.ift.</q></li>
<li class="message">[<a href="#T00:17:28" id="T00:17:28"><abbr title="2009-01-04T00:17:28+00:00">00:17:28</abbr></a>] &lt;<cite>jkridner</cite>&gt; <q>That is what I did, but I didn't question koen's instructions.</q></li>
<li class="message">[<a href="#T00:17:49" id="T00:17:49"><abbr title="2009-01-04T00:17:49+00:00">00:17:49</abbr></a>] &lt;<cite>jkridner</cite>&gt; <q>I only did that because I believe that the MLO that is there always tries first to load from MMC/SD.</q></li>
<li class="message">[<a href="#T00:18:17" id="T00:18:17"><abbr title="2009-01-04T00:18:17+00:00">00:18:17</abbr></a>] &lt;<cite>recalcati</cite>&gt; <q>I made before the x-load update</q></li>
<li class="message">[<a href="#T00:18:18" id="T00:18:18"><abbr title="2009-01-04T00:18:18+00:00">00:18:18</abbr></a>] &lt;<cite>jkridner</cite>&gt; <q>because I believe that MLO has sakoman's patches to always try MMC/SD first, and I only wanted it to boot from NAND.</q></li>
<li class="message">[<a href="#T00:18:41" id="T00:18:41"><abbr title="2009-01-04T00:18:41+00:00">00:18:41</abbr></a>] &lt;<cite>jkridner</cite>&gt; <q>you made what before the x-load update?</q></li>
<li class="message">[<a href="#T00:19:02" id="T00:19:02"><abbr title="2009-01-04T00:19:02+00:00">00:19:02</abbr></a>] &lt;<cite>recalcati</cite>&gt; <q>from the beginning:</q></li>
<li class="message">[<a href="#T00:19:28" id="T00:19:28"><abbr title="2009-01-04T00:19:28+00:00">00:19:28</abbr></a>] &lt;<cite>recalcati</cite>&gt; <q>1- a good boot of Angstrom demo to DVI monitor and usb and keyboard</q></li>
<li class="message">[<a href="#T00:19:44" id="T00:19:44"><abbr title="2009-01-04T00:19:44+00:00">00:19:44</abbr></a>] &lt;<cite>jkridner</cite>&gt; <q>I have dinner in a minute, so let's try to get you unstuck.  do you only have a Linux host, or do you have a Windows host as well?</q></li>
<li class="message">[<a href="#T00:19:52" id="T00:19:52"><abbr title="2009-01-04T00:19:52+00:00">00:19:52</abbr></a>] &lt;<cite>recalcati</cite>&gt; <q>2 - trying to recompile the kernel 2.6.27 koen told me to use OE</q></li>
<li class="message">[<a href="#T00:20:14" id="T00:20:14"><abbr title="2009-01-04T00:20:14+00:00">00:20:14</abbr></a>] &lt;<cite>recalcati</cite>&gt; <q>Windows I have , but why?</q></li>
<li class="message">[<a href="#T00:20:48" id="T00:20:48"><abbr title="2009-01-04T00:20:48+00:00">00:20:48</abbr></a>] &lt;<cite>jkridner</cite>&gt; <q>because I want to make sure you can get back into u-boot so that you can re-write the NAND.</q></li>
<li class="message">[<a href="#T00:20:50" id="T00:20:50"><abbr title="2009-01-04T00:20:50+00:00">00:20:50</abbr></a>] &lt;<cite>recalcati</cite>&gt; <q>now the system blcks on mmc ,why?</q></li>
<li class="message">[<a href="#T00:21:16" id="T00:21:16"><abbr title="2009-01-04T00:21:16+00:00">00:21:16</abbr></a>] &lt;<cite>jkridner</cite>&gt; <q>if you get the image into NAND, then it really doesn't matter if you can make your SD cards bootable after that.</q></li>
<li class="message">[<a href="#T00:21:19" id="T00:21:19"><abbr title="2009-01-04T00:21:19+00:00">00:21:19</abbr></a>] &lt;<cite>jkridner</cite>&gt; <q>I do not know.</q></li>
<li class="message">[<a href="#T00:22:43" id="T00:22:43"><abbr title="2009-01-04T00:22:43+00:00">00:22:43</abbr></a>] &lt;<cite>jkridner</cite>&gt; <q>I've heard one concern that some versions of MLO might not set the required MMC/SD voltage.</q></li>
<li class="message">[<abbr title="2009-01-04T00:22:43+00:00">00:22:43</abbr>] &lt;<cite>recalcati</cite>&gt; <q>now, as my system wants to start from MMC , I have to go on reformatting it in a better way</q></li>
<li class="message">[<a href="#T00:22:59" id="T00:22:59"><abbr title="2009-01-04T00:22:59+00:00">00:22:59</abbr></a>] &lt;<cite>jkridner</cite>&gt; <q>which would make it work with low-voltage MMC/SD cards, but not all MMC/SD cards.</q></li>
<li class="message">[<a href="#T00:23:01" id="T00:23:01"><abbr title="2009-01-04T00:23:01+00:00">00:23:01</abbr></a>] &lt;<cite>recalcati</cite>&gt; <q>ah</q></li>
<li class="message">[<a href="#T00:24:06" id="T00:24:06"><abbr title="2009-01-04T00:24:06+00:00">00:24:06</abbr></a>] &lt;<cite>jkridner</cite>&gt; <q>I'm very confident in the Windows formatting utility referenced at <a href="http://code.google.com/p/beagleboard/wiki/BeagleBoardDiagnostics">http://code.google.com/p/beagleboard/wiki/BeagleBoardDiagnostics</a></q></li>
<li class="message">[<a href="#T00:24:12" id="T00:24:12"><abbr title="2009-01-04T00:24:12+00:00">00:24:12</abbr></a>] &lt;<cite>recalcati</cite>&gt; <q>now, how to flash the system? </q></li>
<li class="message">[<a href="#T00:24:17" id="T00:24:17"><abbr title="2009-01-04T00:24:17+00:00">00:24:17</abbr></a>] &lt;<cite>jkridner</cite>&gt; <q>but, it does not make two partitions, so you must use a ramdisk.</q></li>
<li class="message">[<a href="#T00:24:50" id="T00:24:50"><abbr title="2009-01-04T00:24:50+00:00">00:24:50</abbr></a>] &lt;<cite>jkridner</cite>&gt; <q>I have a process at <a href="http://beagleboard.org/demo/esc#angstrom">http://beagleboard.org/demo/esc#angstrom</a> that uses a ramdisk to write to the NAND flash.</q></li>
<li class="message">[<a href="#T00:25:26" id="T00:25:26"><abbr title="2009-01-04T00:25:26+00:00">00:25:26</abbr></a>] &lt;<cite>recalcati</cite>&gt; <q>i'm afraid the situation is wors</q></li>
<li class="message">[<abbr title="2009-01-04T00:25:26+00:00">00:25:26</abbr>] &lt;<cite>jkridner</cite>&gt; <q>one big headache is that process currently requires a powered usb hub with keyboard and mouse, along with a DVI-D monitor, so that you can answer prompts at the console.</q></li>
<li class="message">[<a href="#T00:25:31" id="T00:25:31"><abbr title="2009-01-04T00:25:31+00:00">00:25:31</abbr></a>] &lt;<cite>jkridner</cite>&gt; <q>oh?</q></li>
<li class="message">[<a href="#T00:25:41" id="T00:25:41"><abbr title="2009-01-04T00:25:41+00:00">00:25:41</abbr></a>] &lt;<cite>koen</cite>&gt; <q><a href="http://dominion.thruhere.net/koen/narcissus/deploy/beagleboard/46565c/sd-image-beagleboard-sd.img.gz">http://dominion.thruhere.net/koen/narcissus/deploy/beagleboard/46565c/sd-image-beagleboard-sd.img.gz</a></q></li>
<li class="message">[<a href="#T00:26:00" id="T00:26:00"><abbr title="2009-01-04T00:26:00+00:00">00:26:00</abbr></a>] &lt;<cite>recalcati</cite>&gt; <q>I have usb hub , otg minia miniB , sony bravia</q></li>
<li class="message">[<a href="#T00:26:08" id="T00:26:08"><abbr title="2009-01-04T00:26:08+00:00">00:26:08</abbr></a>] &lt;<cite>koen</cite>&gt; <q>that has a populated vfat partition and an empty ext3 partition, ready to be dd'ed to an sd card</q></li>
<li class="message">[<a href="#T00:26:44" id="T00:26:44"><abbr title="2009-01-04T00:26:44+00:00">00:26:44</abbr></a>] &lt;<cite>recalcati</cite>&gt; <q>thanks</q></li>
<li class="message">[<a href="#T00:26:51" id="T00:26:51"><abbr title="2009-01-04T00:26:51+00:00">00:26:51</abbr></a>] &lt;<cite>jkridner</cite>&gt; <q>thanks koen.  I must drop off for dinner now.  must be really early for you koen.</q></li>
<li class="message">[<a href="#T00:27:17" id="T00:27:17"><abbr title="2009-01-04T00:27:17+00:00">00:27:17</abbr></a>] &lt;<cite>koen</cite>&gt; <q>1:27 am</q></li>
<li class="message">[<a href="#T00:27:31" id="T00:27:31"><abbr title="2009-01-04T00:27:31+00:00">00:27:31</abbr></a>] &lt;<cite>recalcati</cite>&gt; <q>in Italy 1:27 a.m.</q></li>
<li class="message">[<a href="#T00:27:34" id="T00:27:34"><abbr title="2009-01-04T00:27:34+00:00">00:27:34</abbr></a>] &lt;<cite>jkridner</cite>&gt; <q>I will check back in later.</q></li>
<li class="message">[<a href="#T00:27:39" id="T00:27:39"><abbr title="2009-01-04T00:27:39+00:00">00:27:39</abbr></a>] &lt;<cite>recalcati</cite>&gt; <q>koen where are you</q></li>
<li class="message">[<a href="#T00:27:45" id="T00:27:45"><abbr title="2009-01-04T00:27:45+00:00">00:27:45</abbr></a>] &lt;<cite>koen</cite>&gt; <q>.nl</q></li>
<li class="message">[<abbr title="2009-01-04T00:27:45+00:00">00:27:45</abbr>] &lt;<cite>recalcati</cite>&gt; <q>by jkridner</q></li>
<li class="action">[<a href="#T00:27:52" id="T00:27:52"><abbr title="2009-01-04T00:27:52+00:00">00:27:52</abbr></a>] <span>* koen played 4 rounds of <a href="http://www.killerbunnies.com/">http://www.killerbunnies.com/</a></span></li>
<li class="action">[<a href="#T00:27:54" id="T00:27:54"><abbr title="2009-01-04T00:27:54+00:00">00:27:54</abbr></a>] <span>* koen zzzzz now</span></li>
<li class="message">[<a href="#T00:28:21" id="T00:28:21"><abbr title="2009-01-04T00:28:21+00:00">00:28:21</abbr></a>] &lt;<cite>recalcati</cite>&gt; <q>nice</q></li>
<li class="join">[<a href="#T00:30:58" id="T00:30:58"><abbr title="2009-01-04T00:30:58+00:00">00:30:58</abbr></a>] <span>* mib_xjcybm (i=29e2a232@gateway/web/ajax/mibbit.com/x-6a0c0d27d315ee6a) has joined #beagle</span></li>
<li class="quit">[<a href="#T00:34:46" id="T00:34:46"><abbr title="2009-01-04T00:34:46+00:00">00:34:46</abbr></a>] <span>* mib_xjcybm (i=29e2a232@gateway/web/ajax/mibbit.com/x-6a0c0d27d315ee6a) Quit (Client Quit)</span></li>
<li class="quit">[<a href="#T00:38:24" id="T00:38:24"><abbr title="2009-01-04T00:38:24+00:00">00:38:24</abbr></a>] <span>* abitos (n=nixgibts@p5B2E423C.dip.t-dialin.net) Quit (Read error: 110 (Connection timed out))</span></li>
<li class="quit">[<a href="#T00:46:50" id="T00:46:50"><abbr title="2009-01-04T00:46:50+00:00">00:46:50</abbr></a>] <span>* zedstar (n=john@fsf/member/zedstar) Quit (Remote closed the connection)</span></li>
<li class="quit">[<a href="#T01:01:38" id="T01:01:38"><abbr title="2009-01-04T01:01:38+00:00">01:01:38</abbr></a>] <span>* valhalla (n=valhalla@81-174-21-57.dynamic.ngi.it) Quit ("Leaving")</span></li>
<li class="message">[<a href="#T01:08:09" id="T01:08:09"><abbr title="2009-01-04T01:08:09+00:00">01:08:09</abbr></a>] &lt;<cite>recalcati</cite>&gt; <q>eeeee ....</q></li>
<li class="message">[<a href="#T01:08:48" id="T01:08:48"><abbr title="2009-01-04T01:08:48+00:00">01:08:48</abbr></a>] &lt;<cite>recalcati</cite>&gt; <q>I see 480p60 on Sony Bravia</q></li>
<li class="message">[<a href="#T01:10:19" id="T01:10:19"><abbr title="2009-01-04T01:10:19+00:00">01:10:19</abbr></a>] &lt;<cite>recalcati</cite>&gt; <q>echo ciao &gt; /dev/tty1</q></li>
<li class="message">[<a href="#T01:10:30" id="T01:10:30"><abbr title="2009-01-04T01:10:30+00:00">01:10:30</abbr></a>] &lt;<cite>recalcati</cite>&gt; <q>goes on the tv</q></li>
<li class="join">[<a href="#T01:11:52" id="T01:11:52"><abbr title="2009-01-04T01:11:52+00:00">01:11:52</abbr></a>] <span>* brolin (n=brolin@190.157.13.209) has joined #beagle</span></li>
<li class="quit">[<a href="#T01:21:18" id="T01:21:18"><abbr title="2009-01-04T01:21:18+00:00">01:21:18</abbr></a>] <span>* Leon_Nardella (n=Leon@200-161-14-111.dsl.telesp.net.br) Quit (Read error: 104 (Connection reset by peer))</span></li>
<li class="join">[<a href="#T01:21:41" id="T01:21:41"><abbr title="2009-01-04T01:21:41+00:00">01:21:41</abbr></a>] <span>* Leon_Nardella (n=Leon@200-161-14-111.dsl.telesp.net.br) has joined #beagle</span></li>
<li class="quit">[<a href="#T01:24:31" id="T01:24:31"><abbr title="2009-01-04T01:24:31+00:00">01:24:31</abbr></a>] <span>* Leon_Nardella (n=Leon@200-161-14-111.dsl.telesp.net.br) Quit (Read error: 104 (Connection reset by peer))</span></li>
<li class="message">[<a href="#T01:32:35" id="T01:32:35"><abbr title="2009-01-04T01:32:35+00:00">01:32:35</abbr></a>] &lt;<cite>recalcati</cite>&gt; <q>on Sony Bravia KDL-32W4000 work: 480p60, 576p50, 720p60</q></li>
<li class="message">[<a href="#T01:32:58" id="T01:32:58"><abbr title="2009-01-04T01:32:58+00:00">01:32:58</abbr></a>] &lt;<cite>recalcati</cite>&gt; <q>the other resolutions don't work</q></li>
<li class="quit">[<a href="#T01:36:59" id="T01:36:59"><abbr title="2009-01-04T01:36:59+00:00">01:36:59</abbr></a>] <span>* ScriptRipper (n=martin@opensuse/member/MartinMohring) Quit (Remote closed the connection)</span></li>
<li class="quit">[<a href="#T01:41:52" id="T01:41:52"><abbr title="2009-01-04T01:41:52+00:00">01:41:52</abbr></a>] <span>* recalcati (i=5d906229@gateway/web/ajax/mibbit.com/x-13d8ec7ee8b469c9) Quit ("<a href="http://www.mibbit.com">http://www.mibbit.com</a> ajax IRC Client")</span></li>
<li class="quit">[<a href="#T01:44:11" id="T01:44:11"><abbr title="2009-01-04T01:44:11+00:00">01:44:11</abbr></a>] <span>* ldesnogu_ (n=ldesnogu@ven06-2-82-247-86-183.fbx.proxad.net) Quit ()</span></li>
<li class="join">[<a href="#T01:45:55" id="T01:45:55"><abbr title="2009-01-04T01:45:55+00:00">01:45:55</abbr></a>] <span>* recalcati (i=5d906229@gateway/web/ajax/mibbit.com/x-027c642ca9efa9c0) has joined #beagle</span></li>
<li class="message">[<a href="#T01:55:03" id="T01:55:03"><abbr title="2009-01-04T01:55:03+00:00">01:55:03</abbr></a>] &lt;<cite>jkridner</cite>&gt; <q>hi recalcati</q></li>
<li class="message">[<a href="#T01:55:28" id="T01:55:28"><abbr title="2009-01-04T01:55:28+00:00">01:55:28</abbr></a>] &lt;<cite>jkridner</cite>&gt; <q>did you get things working?</q></li>
<li class="action">[<a href="#T01:59:48" id="T01:59:48"><abbr title="2009-01-04T01:59:48+00:00">01:59:48</abbr></a>] <span>* jkridner hopes that "eeeee ...." is a positive expression in Italy.</span></li>
