<li class="join">[<a href="#T00:04:49" id="T00:04:49"><abbr title="2009-09-11T00:04:49+00:00">00:04:49</abbr></a>] <span>* thaytan_ (n=jan@212.2.176.84) has joined #beagle</span></li>
<li class="quit">[<a href="#T00:04:50" id="T00:04:50"><abbr title="2009-09-11T00:04:50+00:00">00:04:50</abbr></a>] <span>* thaytan (n=jan@78.16.18.169) Quit (Read error: 110 (Connection timed out))</span></li>
<li class="join">[<a href="#T00:24:51" id="T00:24:51"><abbr title="2009-09-11T00:24:51+00:00">00:24:51</abbr></a>] <span>* djlewis (n=djlewis@75.15.65.85) has joined #beagle</span></li>
<li class="message">[<a href="#T00:29:59" id="T00:29:59"><abbr title="2009-09-11T00:29:59+00:00">00:29:59</abbr></a>] &lt;<cite>djlewis</cite>&gt; <q>ds2: last night I typo'd rain guage res = 0.01", NOT .001"</q></li>
<li class="quit">[<a href="#T00:32:53" id="T00:32:53"><abbr title="2009-09-11T00:32:53+00:00">00:32:53</abbr></a>] <span>* j_ack (n=j_ack@p57A42733.dip0.t-ipconnect.de) Quit (Client Quit)</span></li>
<li class="message">[<a href="#T00:36:59" id="T00:36:59"><abbr title="2009-09-11T00:36:59+00:00">00:36:59</abbr></a>] &lt;<cite>prpplague</cite>&gt; <q>djlewis what kind of project are you going to use the breeder board for?</q></li>
<li class="message">[<a href="#T00:37:30" id="T00:37:30"><abbr title="2009-09-11T00:37:30+00:00">00:37:30</abbr></a>] &lt;<cite>djlewis</cite>&gt; <q>prpplague: robotics.djlewis.us</q></li>
<li class="message">[<a href="#T00:38:44" id="T00:38:44"><abbr title="2009-09-11T00:38:44+00:00">00:38:44</abbr></a>] &lt;<cite>djlewis</cite>&gt; <q>prpplague: the idea is to have a local brain on the bot dor video processing and nav logic</q></li>
<li class="message">[<a href="#T00:38:49" id="T00:38:49"><abbr title="2009-09-11T00:38:49+00:00">00:38:49</abbr></a>] &lt;<cite>djlewis</cite>&gt; <q>dor = for</q></li>
<li class="message">[<a href="#T00:39:02" id="T00:39:02"><abbr title="2009-09-11T00:39:02+00:00">00:39:02</abbr></a>] &lt;<cite>prpplague</cite>&gt; <q>ahh</q></li>
<li class="message">[<a href="#T00:39:59" id="T00:39:59"><abbr title="2009-09-11T00:39:59+00:00">00:39:59</abbr></a>] &lt;<cite>djlewis</cite>&gt; <q>Sorry, no mass production so simple purchase</q></li>
<li class="join">[<a href="#T00:43:02" id="T00:43:02"><abbr title="2009-09-11T00:43:02+00:00">00:43:02</abbr></a>] <span>* __alanc__ (n=a-campbe@nat/ti/x-kerawfmgdakqgrfy) has joined #beagle</span></li>
<li class="message">[<a href="#T00:45:31" id="T00:45:31"><abbr title="2009-09-11T00:45:31+00:00">00:45:31</abbr></a>] &lt;<cite>djlewis</cite>&gt; <q>I looked over the BeagleBot project but I dont need the controller he built.</q></li>
<li class="message">[<a href="#T00:45:42" id="T00:45:42"><abbr title="2009-09-11T00:45:42+00:00">00:45:42</abbr></a>] &lt;<cite>djlewis</cite>&gt; <q>Just voltage translation</q></li>
<li class="join">[<a href="#T00:45:50" id="T00:45:50"><abbr title="2009-09-11T00:45:50+00:00">00:45:50</abbr></a>] <span>* radhermi1 (n=radhermi@c-24-20-133-71.hsd1.or.comcast.net) has joined #beagle</span></li>
<li class="quit">[<a href="#T00:45:54" id="T00:45:54"><abbr title="2009-09-11T00:45:54+00:00">00:45:54</abbr></a>] <span>* radhermi1 (n=radhermi@c-24-20-133-71.hsd1.or.comcast.net) Quit (Client Quit)</span></li>
<li class="quit">[<a href="#T00:46:07" id="T00:46:07"><abbr title="2009-09-11T00:46:07+00:00">00:46:07</abbr></a>] <span>* Septalicia (n=bakljg@c-98-240-226-129.hsd1.mn.comcast.net) Quit (Read error: 110 (Connection timed out))</span></li>
<li class="message">[<a href="#T00:48:56" id="T00:48:56"><abbr title="2009-09-11T00:48:56+00:00">00:48:56</abbr></a>] &lt;<cite>djlewis</cite>&gt; <q>looks like another 8 days of scattered thunderstorms...</q></li>
<li class="quit">[<a href="#T00:52:36" id="T00:52:36"><abbr title="2009-09-11T00:52:36+00:00">00:52:36</abbr></a>] <span>* wardred (n=wardred@75.142.253.144) Quit (Remote closed the connection)</span></li>
<li class="quit">[<a href="#T01:08:57" id="T01:08:57"><abbr title="2009-09-11T01:08:57+00:00">01:08:57</abbr></a>] <span>* alecrim (n=alecrim@189.2.128.130) Quit (Remote closed the connection)</span></li>
<li class="join">[<a href="#T01:10:35" id="T01:10:35"><abbr title="2009-09-11T01:10:35+00:00">01:10:35</abbr></a>] <span>* pupnik_ (n=pupnik@unaffiliated/pupnik) has joined #beagle</span></li>
<li class="message">[<a href="#T01:17:01" id="T01:17:01"><abbr title="2009-09-11T01:17:01+00:00">01:17:01</abbr></a>] &lt;<cite>prpplague</cite>&gt; <q>djlewis where bouts you at?</q></li>
<li class="message">[<a href="#T01:17:14" id="T01:17:14"><abbr title="2009-09-11T01:17:14+00:00">01:17:14</abbr></a>] &lt;<cite>djlewis</cite>&gt; <q>north of you prpplague</q></li>
<li class="message">[<a href="#T01:18:31" id="T01:18:31"><abbr title="2009-09-11T01:18:31+00:00">01:18:31</abbr></a>] &lt;<cite>djlewis</cite>&gt; <q>prpplague: Wye Arkansas is west of Little Rock, Ar about 25 miles.</q></li>
<li class="message">[<a href="#T01:19:49" id="T01:19:49"><abbr title="2009-09-11T01:19:49+00:00">01:19:49</abbr></a>] &lt;<cite>djlewis</cite>&gt; <q>prpplague: nevermind, I am not sure of your local after all.</q></li>
<li class="message">[<a href="#T01:20:40" id="T01:20:40"><abbr title="2009-09-11T01:20:40+00:00">01:20:40</abbr></a>] &lt;<cite>djlewis</cite>&gt; <q>yep I had you in texas</q></li>
<li class="quit">[<a href="#T01:21:18" id="T01:21:18"><abbr title="2009-09-11T01:21:18+00:00">01:21:18</abbr></a>] <span>* DaQatz (n=db@c-66-30-48-150.hsd1.nh.comcast.net) Quit (Remote closed the connection)</span></li>
<li class="join">[<a href="#T01:21:55" id="T01:21:55"><abbr title="2009-09-11T01:21:55+00:00">01:21:55</abbr></a>] <span>* DaQatz (n=db@c-66-30-48-150.hsd1.nh.comcast.net) has joined #beagle</span></li>
<li class="quit">[<a href="#T01:26:54" id="T01:26:54"><abbr title="2009-09-11T01:26:54+00:00">01:26:54</abbr></a>] <span>* pupnik (n=pupnik@unaffiliated/pupnik) Quit (Connection timed out)</span></li>
<li class="message">[<a href="#T01:38:39" id="T01:38:39"><abbr title="2009-09-11T01:38:39+00:00">01:38:39</abbr></a>] &lt;<cite>djlewis</cite>&gt; <q>prpplague: did my WEB pages stir your curiosity?</q></li>
<li class="quit">[<a href="#T01:39:34" id="T01:39:34"><abbr title="2009-09-11T01:39:34+00:00">01:39:34</abbr></a>] <span>* rsalveti (n=rsalveti@200.184.118.130) Quit (Read error: 113 (No route to host))</span></li>
<li class="join">[<a href="#T01:40:53" id="T01:40:53"><abbr title="2009-09-11T01:40:53+00:00">01:40:53</abbr></a>] <span>* edufelipe (n=edufelip@189.4.104.196) has joined #beagle</span></li>
<li class="join">[<a href="#T01:44:39" id="T01:44:39"><abbr title="2009-09-11T01:44:39+00:00">01:44:39</abbr></a>] <span>* ZetaSyanthis (n=Administ@cpe-98-157-221-98.ma.res.rr.com) has joined #beagle</span></li>
<li class="message">[<a href="#T01:47:22" id="T01:47:22"><abbr title="2009-09-11T01:47:22+00:00">01:47:22</abbr></a>] &lt;<cite>ZetaSyanthis</cite>&gt; <q>Is there somewhere I could look up the pin drive strength on the beagle?</q></li>
<li class="message">[<a href="#T01:47:58" id="T01:47:58"><abbr title="2009-09-11T01:47:58+00:00">01:47:58</abbr></a>] &lt;<cite>ZetaSyanthis</cite>&gt; <q>I'm looking at level translators for a uart, specifically <a href="http://focus.ti.com/docs/prod/folders/print/txb0104.html">http://focus.ti.com/docs/prod/folders/print/txb0104.html</a></q></li>
<li class="message">[<a href="#T01:48:31" id="T01:48:31"><abbr title="2009-09-11T01:48:31+00:00">01:48:31</abbr></a>] &lt;<cite>ZetaSyanthis</cite>&gt; <q>2mA seems quite a bit for the omap and I can't seem to find that info</q></li>
<li class="quit">[<a href="#T01:55:20" id="T01:55:20"><abbr title="2009-09-11T01:55:20+00:00">01:55:20</abbr></a>] <span>* mtc (n=user@fsf/member/mtc) Quit ("Leaving")</span></li>
<li class="join">[<a href="#T01:56:16" id="T01:56:16"><abbr title="2009-09-11T01:56:16+00:00">01:56:16</abbr></a>] <span>* rsalveti (n=rsalveti@189.70.111.77) has joined #beagle</span></li>
<li class="quit">[<a href="#T02:00:28" id="T02:00:28"><abbr title="2009-09-11T02:00:28+00:00">02:00:28</abbr></a>] <span>* ogra (n=ogra@ubuntu/member/ogra) Quit (Read error: 104 (Connection reset by peer))</span></li>
<li class="join">[<a href="#T02:00:56" id="T02:00:56"><abbr title="2009-09-11T02:00:56+00:00">02:00:56</abbr></a>] <span>* ogra (n=ogra@ubuntu/member/ogra) has joined #beagle</span></li>
<li class="join">[<a href="#T02:02:07" id="T02:02:07"><abbr title="2009-09-11T02:02:07+00:00">02:02:07</abbr></a>] <span>* jeremychang (n=jeremych@61-30-10-70.static.tfn.net.tw) has joined #beagle</span></li>
<li class="quit">[<a href="#T02:04:48" id="T02:04:48"><abbr title="2009-09-11T02:04:48+00:00">02:04:48</abbr></a>] <span>* cody___ (n=cody@dslb-084-056-127-019.pools.arcor-ip.net) Quit (holmes.freenode.net irc.freenode.net)</span></li>
<li class="quit">[<abbr title="2009-09-11T02:04:48+00:00">02:04:48</abbr>] <span>* calculus (n=calculus@gentoo/user/calculus) Quit (holmes.freenode.net irc.freenode.net)</span></li>
<li class="quit">[<abbr title="2009-09-11T02:04:48+00:00">02:04:48</abbr>] <span>* notaz (n=notaz@82-135-242-201.static.zebra.lt) Quit (holmes.freenode.net irc.freenode.net)</span></li>
<li class="quit">[<abbr title="2009-09-11T02:04:48+00:00">02:04:48</abbr>] <span>* muriani (i=james@internal.directron.us) Quit (holmes.freenode.net irc.freenode.net)</span></li>
<li class="quit">[<abbr title="2009-09-11T02:04:48+00:00">02:04:48</abbr>] <span>* mrec (n=mrec@carstoponline.de) Quit (holmes.freenode.net irc.freenode.net)</span></li>
<li class="quit">[<abbr title="2009-09-11T02:04:48+00:00">02:04:48</abbr>] <span>* tharvey_ (n=tharvey@adsl-76-205-222-173.dsl.snlo01.sbcglobal.net) Quit (holmes.freenode.net irc.freenode.net)</span></li>
<li class="join">[<a href="#T02:05:06" id="T02:05:06"><abbr title="2009-09-11T02:05:06+00:00">02:05:06</abbr></a>] <span>* muriani (i=james@internal.directron.us) has joined #beagle</span></li>
<li class="join">[<a href="#T02:05:07" id="T02:05:07"><abbr title="2009-09-11T02:05:07+00:00">02:05:07</abbr></a>] <span>* mrec (n=mrec@carstoponline.de) has joined #beagle</span></li>
<li class="join">[<a href="#T02:05:24" id="T02:05:24"><abbr title="2009-09-11T02:05:24+00:00">02:05:24</abbr></a>] <span>* tharvey_ (n=tharvey@76.205.222.173) has joined #beagle</span></li>
<li class="join">[<a href="#T02:05:31" id="T02:05:31"><abbr title="2009-09-11T02:05:31+00:00">02:05:31</abbr></a>] <span>* cody___ (n=cody@dslb-084-056-127-019.pools.arcor-ip.net) has joined #beagle</span></li>
<li class="join">[<a href="#T02:05:49" id="T02:05:49"><abbr title="2009-09-11T02:05:49+00:00">02:05:49</abbr></a>] <span>* notaz (n=notaz@82.135.242.201) has joined #beagle</span></li>
<li class="join">[<a href="#T02:10:14" id="T02:10:14"><abbr title="2009-09-11T02:10:14+00:00">02:10:14</abbr></a>] <span>* calculus (n=calculus@gentoo/user/calculus) has joined #beagle</span></li>
<li class="quit">[<a href="#T02:20:41" id="T02:20:41"><abbr title="2009-09-11T02:20:41+00:00">02:20:41</abbr></a>] <span>* robclark (n=robclark@nat/ti/x-qoqpmisuknufqcml) Quit (Remote closed the connection)</span></li>
<li class="quit">[<a href="#T02:25:17" id="T02:25:17"><abbr title="2009-09-11T02:25:17+00:00">02:25:17</abbr></a>] <span>* kniolet (n=quassel@c-98-201-98-46.hsd1.tx.comcast.net) Quit (Read error: 54 (Connection reset by peer))</span></li>
<li class="join">[<a href="#T02:28:29" id="T02:28:29"><abbr title="2009-09-11T02:28:29+00:00">02:28:29</abbr></a>] <span>* lipengwei (n=lipengwe@116.199.80.139) has joined #beagle</span></li>
<li class="message">[<a href="#T02:30:28" id="T02:30:28"><abbr title="2009-09-11T02:30:28+00:00">02:30:28</abbr></a>] &lt;<cite>lipengwei</cite>&gt; <q>how can I get .pvr format?</q></li>
<li class="part">[<a href="#T02:31:24" id="T02:31:24"><abbr title="2009-09-11T02:31:24+00:00">02:31:24</abbr></a>] <span>* lipengwei (n=lipengwe@116.199.80.139) has left #beagle</span></li>
<li class="join">[<a href="#T02:32:36" id="T02:32:36"><abbr title="2009-09-11T02:32:36+00:00">02:32:36</abbr></a>] <span>* __av500__ (n=av500@p50996ded.dip0.t-ipconnect.de) has joined #beagle</span></li>
<li class="quit">[<a href="#T02:39:20" id="T02:39:20"><abbr title="2009-09-11T02:39:20+00:00">02:39:20</abbr></a>] <span>* Guest53871 (i=74e43a4a@gateway/web/freenode/x-nroymltnkyntvpjj) Quit ("Page closed")</span></li>
<li class="join">[<a href="#T02:41:28" id="T02:41:28"><abbr title="2009-09-11T02:41:28+00:00">02:41:28</abbr></a>] <span>* robclark (n=robclark@70.254.168.176) has joined #beagle</span></li>
<li class="quit">[<a href="#T02:42:28" id="T02:42:28"><abbr title="2009-09-11T02:42:28+00:00">02:42:28</abbr></a>] <span>* av500 (n=av500@p50996ded.dip0.t-ipconnect.de) Quit (Read error: 110 (Connection timed out))</span></li>
<li class="message">[<a href="#T02:51:23" id="T02:51:23"><abbr title="2009-09-11T02:51:23+00:00">02:51:23</abbr></a>] &lt;<cite>ds2</cite>&gt; <q>djlewis: hmmm that is still more sensitive then the Oregon S one</q></li>
<li class="message">[<a href="#T02:53:54" id="T02:53:54"><abbr title="2009-09-11T02:53:54+00:00">02:53:54</abbr></a>] &lt;<cite>djlewis</cite>&gt; <q>hi ds2:</q></li>
<li class="message">[<a href="#T02:54:43" id="T02:54:43"><abbr title="2009-09-11T02:54:43+00:00">02:54:43</abbr></a>] &lt;<cite>djlewis</cite>&gt; <q>I need to clean mine. somethings blocking the tilt.</q></li>
<li class="quit">[<a href="#T03:03:13" id="T03:03:13"><abbr title="2009-09-11T03:03:13+00:00">03:03:13</abbr></a>] <span>* __alanc__ (n=a-campbe@nat/ti/x-kerawfmgdakqgrfy) Quit (Remote closed the connection)</span></li>
<li class="join">[<a href="#T03:08:32" id="T03:08:32"><abbr title="2009-09-11T03:08:32+00:00">03:08:32</abbr></a>] <span>* cody____ (n=cody@dslb-084-056-113-251.pools.arcor-ip.net) has joined #beagle</span></li>
<li class="join">[<a href="#T03:09:27" id="T03:09:27"><abbr title="2009-09-11T03:09:27+00:00">03:09:27</abbr></a>] <span>* robclark_ (n=robclark@70.253.156.17) has joined #beagle</span></li>
<li class="message">[<a href="#T03:14:26" id="T03:14:26"><abbr title="2009-09-11T03:14:26+00:00">03:14:26</abbr></a>] &lt;<cite>ds2</cite>&gt; <q>djlewis: isn't a heavy rain suppose to automatically clean it?</q></li>
<li class="message">[<a href="#T03:17:20" id="T03:17:20"><abbr title="2009-09-11T03:17:20+00:00">03:17:20</abbr></a>] &lt;<cite>djlewis</cite>&gt; <q>ds2: one would think...</q></li>
<li class="join">[<a href="#T03:19:33" id="T03:19:33"><abbr title="2009-09-11T03:19:33+00:00">03:19:33</abbr></a>] <span>* lipengwei (n=lipengwe@116.199.80.139) has joined #beagle</span></li>
<li class="quit">[<a href="#T03:19:56" id="T03:19:56"><abbr title="2009-09-11T03:19:56+00:00">03:19:56</abbr></a>] <span>* cody___ (n=cody@dslb-084-056-127-019.pools.arcor-ip.net) Quit (Read error: 105 (No buffer space available))</span></li>
<li class="quit">[<a href="#T03:25:39" id="T03:25:39"><abbr title="2009-09-11T03:25:39+00:00">03:25:39</abbr></a>] <span>* robclark (n=robclark@70.254.168.176) Quit (Read error: 110 (Connection timed out))</span></li>
<li class="part">[<a href="#T03:25:47" id="T03:25:47"><abbr title="2009-09-11T03:25:47+00:00">03:25:47</abbr></a>] <span>* jeaneus (n=orb@pool-173-71-43-116.dllstx.fios.verizon.net) has left #beagle</span></li>
<li class="join">[<a href="#T03:26:10" id="T03:26:10"><abbr title="2009-09-11T03:26:10+00:00">03:26:10</abbr></a>] <span>* robclark (n=robclark@nat/ti/x-vvzyxrhbvjdqakgv) has joined #beagle</span></li>
<li class="message">[<a href="#T03:32:27" id="T03:32:27"><abbr title="2009-09-11T03:32:27+00:00">03:32:27</abbr></a>] &lt;<cite>lipengwei</cite>&gt; <q>what are you talk about  in normal times?</q></li>
<li class="quit">[<a href="#T03:33:59" id="T03:33:59"><abbr title="2009-09-11T03:33:59+00:00">03:33:59</abbr></a>] <span>* robclark_ (n=robclark@70.253.156.17) Quit (Read error: 145 (Connection timed out))</span></li>
<li class="part">[<a href="#T03:36:00" id="T03:36:00"><abbr title="2009-09-11T03:36:00+00:00">03:36:00</abbr></a>] <span>* lipengwei (n=lipengwe@116.199.80.139) has left #beagle</span></li>
<li class="quit">[<a href="#T03:38:05" id="T03:38:05"><abbr title="2009-09-11T03:38:05+00:00">03:38:05</abbr></a>] <span>* rbelem (n=rodrigo@pdpc/supporter/active/rbelem) Quit ("Leaving")</span></li>
<li class="quit">[<a href="#T03:40:01" id="T03:40:01"><abbr title="2009-09-11T03:40:01+00:00">03:40:01</abbr></a>] <span>* gdm_ (n=gdm@190.173.115.45) Quit (Read error: 145 (Connection timed out))</span></li>
<li class="join">[<a href="#T03:42:14" id="T03:42:14"><abbr title="2009-09-11T03:42:14+00:00">03:42:14</abbr></a>] <span>* robclark_ (n=robclark@192.91.75.29) has joined #beagle</span></li>
<li class="join">[<a href="#T03:49:37" id="T03:49:37"><abbr title="2009-09-11T03:49:37+00:00">03:49:37</abbr></a>] <span>* gdm_ (n=gdm@190.173.73.132) has joined #beagle</span></li>
<li class="quit">[<a href="#T03:50:54" id="T03:50:54"><abbr title="2009-09-11T03:50:54+00:00">03:50:54</abbr></a>] <span>* robclark (n=robclark@nat/ti/x-vvzyxrhbvjdqakgv) Quit (Remote closed the connection)</span></li>
<li class="message">[<a href="#T03:52:14" id="T03:52:14"><abbr title="2009-09-11T03:52:14+00:00">03:52:14</abbr></a>] &lt;<cite>djlewis</cite>&gt; <q>OK, I watched all 5 of the TI omap dev videos.</q></li>
<li class="message">[<a href="#T03:52:46" id="T03:52:46"><abbr title="2009-09-11T03:52:46+00:00">03:52:46</abbr></a>] &lt;<cite>djlewis</cite>&gt; <q>out of date incomplete information.</q></li>
<li class="message">[<a href="#T03:52:59" id="T03:52:59"><abbr title="2009-09-11T03:52:59+00:00">03:52:59</abbr></a>] &lt;<cite>djlewis</cite>&gt; <q>but interesting all the same</q></li>
<li class="quit">[<a href="#T03:55:44" id="T03:55:44"><abbr title="2009-09-11T03:55:44+00:00">03:55:44</abbr></a>] <span>* robclark_ (n=robclark@192.91.75.29) Quit ()</span></li>
<li class="join">[<a href="#T04:07:09" id="T04:07:09"><abbr title="2009-09-11T04:07:09+00:00">04:07:09</abbr></a>] <span>* lemay (n=chatzill@ip68-107-86-146.sd.sd.cox.net) has joined #beagle</span></li>
<li class="message">[<a href="#T04:11:29" id="T04:11:29"><abbr title="2009-09-11T04:11:29+00:00">04:11:29</abbr></a>] &lt;<cite>djlewis</cite>&gt; <q>gn all...</q></li>
<li class="quit">[<a href="#T04:11:46" id="T04:11:46"><abbr title="2009-09-11T04:11:46+00:00">04:11:46</abbr></a>] <span>* djlewis (n=djlewis@75.15.65.85) Quit ("Leaving.")</span></li>
<li class="message">[<a href="#T04:12:05" id="T04:12:05"><abbr title="2009-09-11T04:12:05+00:00">04:12:05</abbr></a>] &lt;<cite>pupnik_</cite>&gt; <q>first public demo of openCL / gpu computatio <a href="http://www.youtube.com/watch?v=mcU89Td53Gg">http://www.youtube.com/watch?v=mcU89Td53Gg</a></q></li>
<li class="join">[<a href="#T04:13:59" id="T04:13:59"><abbr title="2009-09-11T04:13:59+00:00">04:13:59</abbr></a>] <span>* rachit (i=7bed0457@gateway/web/freenode/x-gthkfbnhmrujcahj) has joined #beagle</span></li>
<li class="message">[<a href="#T04:17:24" id="T04:17:24"><abbr title="2009-09-11T04:17:24+00:00">04:17:24</abbr></a>] &lt;<cite>ds2</cite>&gt; <q>on sgx?</q></li>
<li class="join">[<a href="#T04:35:55" id="T04:35:55"><abbr title="2009-09-11T04:35:55+00:00">04:35:55</abbr></a>] <span>* a_ (i=c76fba3e@gateway/web/freenode/x-zqqqjlnycghgrvjk) has joined #beagle</span></li>
<li class="quit">[<a href="#T04:35:58" id="T04:35:58"><abbr title="2009-09-11T04:35:58+00:00">04:35:58</abbr></a>] <span>* a_ (i=c76fba3e@gateway/web/freenode/x-zqqqjlnycghgrvjk) Quit (Client Quit)</span></li>
<li class="quit">[<a href="#T04:38:53" id="T04:38:53"><abbr title="2009-09-11T04:38:53+00:00">04:38:53</abbr></a>] <span>* BThompsonD (n=bernie@cpe-66-25-17-127.tx.res.rr.com) Quit ("Leaving.")</span></li>
<li class="quit">[<a href="#T04:46:25" id="T04:46:25"><abbr title="2009-09-11T04:46:25+00:00">04:46:25</abbr></a>] <span>* _dash_ (i=7bee86e6@gateway/web/freenode/x-tevjsjaqacdyasxh) Quit (Ping timeout: 180 seconds)</span></li>
<li class="message">[<a href="#T04:46:48" id="T04:46:48"><abbr title="2009-09-11T04:46:48+00:00">04:46:48</abbr></a>] &lt;<cite>pupnik_</cite>&gt; <q>nah</q></li>
<li class="message">[<a href="#T04:46:57" id="T04:46:57"><abbr title="2009-09-11T04:46:57+00:00">04:46:57</abbr></a>] &lt;<cite>pupnik_</cite>&gt; <q>jst have some sgx ideas</q></li>
<li class="quit">[<a href="#T04:51:28" id="T04:51:28"><abbr title="2009-09-11T04:51:28+00:00">04:51:28</abbr></a>] <span>* edufelipe (n=edufelip@189.4.104.196) Quit ()</span></li>
<li class="quit">[<a href="#T04:59:27" id="T04:59:27"><abbr title="2009-09-11T04:59:27+00:00">04:59:27</abbr></a>] <span>* ZetaSyanthis (n=Administ@cpe-98-157-221-98.ma.res.rr.com) Quit (Read error: 54 (Connection reset by peer))</span></li>
<li class="message">[<a href="#T05:00:36" id="T05:00:36"><abbr title="2009-09-11T05:00:36+00:00">05:00:36</abbr></a>] &lt;<cite>ds2</cite>&gt; <q>except OpenCL had the backing of Nvidia, IIRC</q></li>
<li class="quit">[<a href="#T05:06:19" id="T05:06:19"><abbr title="2009-09-11T05:06:19+00:00">05:06:19</abbr></a>] <span>* cody____ (n=cody@dslb-084-056-113-251.pools.arcor-ip.net) Quit ("Leaving")</span></li>
<li class="message">[<a href="#T05:12:55" id="T05:12:55"><abbr title="2009-09-11T05:12:55+00:00">05:12:55</abbr></a>] &lt;<cite>pupnik_</cite>&gt; <q>amd/ati are also on-board</q></li>
<li class="message">[<a href="#T05:12:58" id="T05:12:58"><abbr title="2009-09-11T05:12:58+00:00">05:12:58</abbr></a>] &lt;<cite>pupnik_</cite>&gt; <q>how much is to be seen</q></li>
<li class="message">[<a href="#T05:13:06" id="T05:13:06"><abbr title="2009-09-11T05:13:06+00:00">05:13:06</abbr></a>] &lt;<cite>pupnik_</cite>&gt; <q>and how much support comes from MS</q></li>
<li class="message">[<a href="#T05:13:12" id="T05:13:12"><abbr title="2009-09-11T05:13:12+00:00">05:13:12</abbr></a>] &lt;<cite>pupnik_</cite>&gt; <q>hmm <a href="http://www.imgtec.com/powervr/insider/powervr-sdk.asp">http://www.imgtec.com/powervr/insider/powervr-sdk.asp</a></q></li>
<li class="message">[<a href="#T05:13:24" id="T05:13:24"><abbr title="2009-09-11T05:13:24+00:00">05:13:24</abbr></a>] &lt;<cite>pupnik_</cite>&gt; <q>don't need beagle hardware to test that</q></li>
<li class="message">[<a href="#T05:14:45" id="T05:14:45"><abbr title="2009-09-11T05:14:45+00:00">05:14:45</abbr></a>] &lt;<cite>ds2</cite>&gt; <q>all x86 stuff</q></li>
<li class="message">[<a href="#T05:17:04" id="T05:17:04"><abbr title="2009-09-11T05:17:04+00:00">05:17:04</abbr></a>] &lt;<cite>pupnik_</cite>&gt; <q>TI OMAP3430 (inc. Samsung i8910 &amp; Sony Ericsson Satio)</q></li>
<li class="message">[<abbr title="2009-09-11T05:17:04+00:00">05:17:04</abbr>] &lt;<cite>pupnik_</cite>&gt; <q>Symbian S60 3rd/5th Ed </q></li>
<li class="message">[<a href="#T05:17:12" id="T05:17:12"><abbr title="2009-09-11T05:17:12+00:00">05:17:12</abbr></a>] &lt;<cite>pupnik_</cite>&gt; <q>no linux there tho</q></li>
<li class="message">[<a href="#T05:17:40" id="T05:17:40"><abbr title="2009-09-11T05:17:40+00:00">05:17:40</abbr></a>] &lt;<cite>pupnik_</cite>&gt; <q>i thought this stuff was available.  i'm looking at the wrong place</q></li>
<li class="quit">[<a href="#T05:25:24" id="T05:25:24"><abbr title="2009-09-11T05:25:24+00:00">05:25:24</abbr></a>] <span>* freddy (n=freddy@hotel742.server4you.de) Quit (Read error: 113 (No route to host))</span></li>
<li class="message">[<a href="#T05:39:35" id="T05:39:35"><abbr title="2009-09-11T05:39:35+00:00">05:39:35</abbr></a>] &lt;<cite>ds2</cite>&gt; <q>hmmm</q></li>
<li class="join">[<a href="#T05:51:17" id="T05:51:17"><abbr title="2009-09-11T05:51:17+00:00">05:51:17</abbr></a>] <span>* siji (n=siji@122.170.9.183) has joined #beagle</span></li>
<li class="message">[<a href="#T05:52:01" id="T05:52:01"><abbr title="2009-09-11T05:52:01+00:00">05:52:01</abbr></a>] &lt;<cite>lemay</cite>&gt; <q>I've used cuda but not opencl</q></li>
<li class="message">[<a href="#T05:52:17" id="T05:52:17"><abbr title="2009-09-11T05:52:17+00:00">05:52:17</abbr></a>] &lt;<cite>lemay</cite>&gt; <q>cuda's pretty excellent</q></li>
<li class="join">[<a href="#T06:02:44" id="T06:02:44"><abbr title="2009-09-11T06:02:44+00:00">06:02:44</abbr></a>] <span>* andersos (n=andersos@d991.ip15.netikka.fi) has joined #beagle</span></li>
<li class="join">[<a href="#T06:04:38" id="T06:04:38"><abbr title="2009-09-11T06:04:38+00:00">06:04:38</abbr></a>] <span>* tsjsieb (n=tsjsieb@dejongbeheer.nl) has joined #beagle</span></li>
<li class="join">[<a href="#T06:08:21" id="T06:08:21"><abbr title="2009-09-11T06:08:21+00:00">06:08:21</abbr></a>] <span>* lipengwei (n=lipengwe@116.199.80.139) has joined #beagle</span></li>
<li class="part">[<a href="#T06:08:47" id="T06:08:47"><abbr title="2009-09-11T06:08:47+00:00">06:08:47</abbr></a>] <span>* lipengwei (n=lipengwe@116.199.80.139) has left #beagle</span></li>
<li class="nick-change">[<a href="#T06:13:49" id="T06:13:49"><abbr title="2009-09-11T06:13:49+00:00">06:13:49</abbr></a>] <span>* __av500__ is now known as av500</span></li>
<li class="message">[<a href="#T06:14:48" id="T06:14:48"><abbr title="2009-09-11T06:14:48+00:00">06:14:48</abbr></a>] &lt;<cite>av500</cite>&gt; <q>gm</q></li>
<li class="quit">[<a href="#T06:15:27" id="T06:15:27"><abbr title="2009-09-11T06:15:27+00:00">06:15:27</abbr></a>] <span>* jserv-- (n=jserv@61.30.10.70) Quit (Read error: 131 (Connection reset by peer))</span></li>
<li class="join">[<a href="#T06:15:52" id="T06:15:52"><abbr title="2009-09-11T06:15:52+00:00">06:15:52</abbr></a>] <span>* jserv-- (n=jserv@61.30.10.70) has joined #beagle</span></li>
<li class="quit">[<a href="#T06:18:43" id="T06:18:43"><abbr title="2009-09-11T06:18:43+00:00">06:18:43</abbr></a>] <span>* rachit (i=7bed0457@gateway/web/freenode/x-gthkfbnhmrujcahj) Quit (Ping timeout: 180 seconds)</span></li>
<li class="message">[<a href="#T06:30:54" id="T06:30:54"><abbr title="2009-09-11T06:30:54+00:00">06:30:54</abbr></a>] &lt;<cite>lemay</cite>&gt; <q>morning</q></li>
<li class="join">[<a href="#T06:35:09" id="T06:35:09"><abbr title="2009-09-11T06:35:09+00:00">06:35:09</abbr></a>] <span>* _koen_ (n=x0115699@nat/ti/x-pbutayuggazzbqxh) has joined #beagle</span></li>
<li class="join">[<a href="#T06:44:24" id="T06:44:24"><abbr title="2009-09-11T06:44:24+00:00">06:44:24</abbr></a>] <span>* ArteK (n=Artur@81.15.241.96) has joined #beagle</span></li>
<li class="join">[<a href="#T06:46:06" id="T06:46:06"><abbr title="2009-09-11T06:46:06+00:00">06:46:06</abbr></a>] <span>* franktango (n=a0746747@nat/ti/x-nemwtkibsxvptyzw) has joined #beagle</span></li>
<li class="quit">[<a href="#T06:46:10" id="T06:46:10"><abbr title="2009-09-11T06:46:10+00:00">06:46:10</abbr></a>] <span>* killring (n=killring@76.226.238.237) Quit ()</span></li>
<li class="join">[<a href="#T06:52:01" id="T06:52:01"><abbr title="2009-09-11T06:52:01+00:00">06:52:01</abbr></a>] <span>* bearsh|work (n=quassel@160.85.232.178) has joined #beagle</span></li>
<li class="message">[<a href="#T06:54:53" id="T06:54:53"><abbr title="2009-09-11T06:54:53+00:00">06:54:53</abbr></a>] &lt;<cite>_koen_</cite>&gt; <q>good morning all</q></li>
<li class="message">[<a href="#T06:58:17" id="T06:58:17"><abbr title="2009-09-11T06:58:17+00:00">06:58:17</abbr></a>] &lt;<cite>adj</cite>&gt; <q>good morning</q></li>
<li class="quit">[<a href="#T06:59:13" id="T06:59:13"><abbr title="2009-09-11T06:59:13+00:00">06:59:13</abbr></a>] <span>* Yuvi (n=yuvi@resnet-234-148.resnet.UMBC.EDU) Quit (Read error: 110 (Connection timed out))</span></li>
<li class="join">[<a href="#T07:03:17" id="T07:03:17"><abbr title="2009-09-11T07:03:17+00:00">07:03:17</abbr></a>] <span>* courville (n=courvill@archos.rain.fr) has joined #beagle</span></li>
<li class="join">[<a href="#T07:05:51" id="T07:05:51"><abbr title="2009-09-11T07:05:51+00:00">07:05:51</abbr></a>] <span>* dfa (i=7bed0457@gateway/web/freenode/x-pspotyorfmvvdocp) has joined #beagle</span></li>
<li class="message">[<a href="#T07:06:34" id="T07:06:34"><abbr title="2009-09-11T07:06:34+00:00">07:06:34</abbr></a>] &lt;<cite>dfa</cite>&gt; <q>how to add compiler to angstrom distribution?</q></li>
<li class="quit">[<a href="#T07:06:57" id="T07:06:57"><abbr title="2009-09-11T07:06:57+00:00">07:06:57</abbr></a>] <span>* tsjsieb (n=tsjsieb@dejongbeheer.nl) Quit ("ChatZilla 0.9.85 [Firefox 3.0.13/2009080315]")</span></li>
<li class="join">[<a href="#T07:09:32" id="T07:09:32"><abbr title="2009-09-11T07:09:32+00:00">07:09:32</abbr></a>] <span>* lifeeth (n=praneeth@unaffiliated/lifeeth) has joined #beagle</span></li>
<li class="join">[<a href="#T07:13:22" id="T07:13:22"><abbr title="2009-09-11T07:13:22+00:00">07:13:22</abbr></a>] <span>* tsjsieb (n=tsjsieb@dejongbeheer.nl) has joined #beagle</span></li>
<li class="join">[<a href="#T07:13:28" id="T07:13:28"><abbr title="2009-09-11T07:13:28+00:00">07:13:28</abbr></a>] <span>* khem (n=khem@71.146.28.171) has joined #beagle</span></li>
<li class="quit">[<a href="#T07:18:21" id="T07:18:21"><abbr title="2009-09-11T07:18:21+00:00">07:18:21</abbr></a>] <span>* _koen_ (n=x0115699@nat/ti/x-pbutayuggazzbqxh) Quit (Remote closed the connection)</span></li>
<li class="quit">[<a href="#T07:19:28" id="T07:19:28"><abbr title="2009-09-11T07:19:28+00:00">07:19:28</abbr></a>] <span>* lifeeth (n=praneeth@unaffiliated/lifeeth) Quit ("Up and at 'em, Atom Ant!")</span></li>
<li class="join">[<a href="#T07:19:46" id="T07:19:46"><abbr title="2009-09-11T07:19:46+00:00">07:19:46</abbr></a>] <span>* freddy (n=freddy@hotel742.server4you.de) has joined #beagle</span></li>
<li class="quit">[<a href="#T07:20:56" id="T07:20:56"><abbr title="2009-09-11T07:20:56+00:00">07:20:56</abbr></a>] <span>* sol-invictus_ (n=chatzill@143.205.116.245) Quit ("ChatZilla 0.9.85 [Firefox 3.0.13/2009080315]")</span></li>
<li class="join">[<a href="#T07:23:23" id="T07:23:23"><abbr title="2009-09-11T07:23:23+00:00">07:23:23</abbr></a>] <span>* jeremychang- (n=jeremy@61-30-10-70.static.tfn.net.tw) has joined #beagle</span></li>
<li class="message">[<a href="#T07:24:17" id="T07:24:17"><abbr title="2009-09-11T07:24:17+00:00">07:24:17</abbr></a>] &lt;<cite>mru</cite>&gt; <q>morning, beagles</q></li>
<li class="quit">[<a href="#T07:25:27" id="T07:25:27"><abbr title="2009-09-11T07:25:27+00:00">07:25:27</abbr></a>] <span>* booxter (n=booxter@212.98.182.22) Quit ("leaving")</span></li>
<li class="nick-change">[<a href="#T07:27:55" id="T07:27:55"><abbr title="2009-09-11T07:27:55+00:00">07:27:55</abbr></a>] <span>* khem is now known as khem|away</span></li>
<li class="join">[<a href="#T07:33:06" id="T07:33:06"><abbr title="2009-09-11T07:33:06+00:00">07:33:06</abbr></a>] <span>* Yuvi (n=yuvi@resnet-234-148.resnet.UMBC.EDU) has joined #beagle</span></li>
<li class="join">[<a href="#T07:38:49" id="T07:38:49"><abbr title="2009-09-11T07:38:49+00:00">07:38:49</abbr></a>] <span>* radhermi1 (n=radhermi@c-24-20-133-71.hsd1.or.comcast.net) has joined #beagle</span></li>
<li class="quit">[<a href="#T07:39:03" id="T07:39:03"><abbr title="2009-09-11T07:39:03+00:00">07:39:03</abbr></a>] <span>* radhermi1 (n=radhermi@c-24-20-133-71.hsd1.or.comcast.net) Quit (Client Quit)</span></li>
<li class="join">[<a href="#T07:42:50" id="T07:42:50"><abbr title="2009-09-11T07:42:50+00:00">07:42:50</abbr></a>] <span>* _koen_ (n=x0115699@nat/ti/x-vthtlwcusdeovlpx) has joined #beagle</span></li>
<li class="message">[<a href="#T07:43:57" id="T07:43:57"><abbr title="2009-09-11T07:43:57+00:00">07:43:57</abbr></a>] &lt;<cite>tasslehoff</cite>&gt; <q>can a rev C3 card be powered from the USB Host connector, or only from OTG?</q></li>
<li class="message">[<a href="#T07:44:07" id="T07:44:07"><abbr title="2009-09-11T07:44:07+00:00">07:44:07</abbr></a>] &lt;<cite>tasslehoff</cite>&gt; <q>(or external power)</q></li>
<li class="message">[<a href="#T07:44:50" id="T07:44:50"><abbr title="2009-09-11T07:44:50+00:00">07:44:50</abbr></a>] &lt;<cite>adj</cite>&gt; <q>OTG or external power, not from host connector</q></li>
<li class="join">[<a href="#T07:45:23" id="T07:45:23"><abbr title="2009-09-11T07:45:23+00:00">07:45:23</abbr></a>] <span>* daniel_ki (n=daniel@85.183.48.167) has joined #beagle</span></li>
<li class="join">[<a href="#T07:46:45" id="T07:46:45"><abbr title="2009-09-11T07:46:45+00:00">07:46:45</abbr></a>] <span>* lifeeth (n=praneeth@unaffiliated/lifeeth) has joined #beagle</span></li>
<li class="message">[<a href="#T07:46:57" id="T07:46:57"><abbr title="2009-09-11T07:46:57+00:00">07:46:57</abbr></a>] &lt;<cite>adj</cite>&gt; <q>USB specs say that slave device shall never source power to upstream port (towards host) so it would not make sense to manufacture such host device which takes power from usb port</q></li>
<li class="message">[<a href="#T07:49:34" id="T07:49:34"><abbr title="2009-09-11T07:49:34+00:00">07:49:34</abbr></a>] &lt;<cite>tasslehoff</cite>&gt; <q>adj: that makes sense.. external power and keyb/mouse -&gt; usbhub -&gt; usb host connector it is then. thanks.</q></li>
<li class="join">[<a href="#T07:53:29" id="T07:53:29"><abbr title="2009-09-11T07:53:29+00:00">07:53:29</abbr></a>] <span>* florian_kc (n=fuchs@port-217-146-132-69.static.qsc.de) has joined #beagle</span></li>
<li class="nick-change">[<a href="#T07:54:49" id="T07:54:49"><abbr title="2009-09-11T07:54:49+00:00">07:54:49</abbr></a>] <span>* florian_kc is now known as florian</span></li>
<li class="quit">[<a href="#T07:55:57" id="T07:55:57"><abbr title="2009-09-11T07:55:57+00:00">07:55:57</abbr></a>] <span>* daniel_ki (n=daniel@85.183.48.167) Quit ("Leaving.")</span></li>
<li class="message">[<a href="#T07:56:31" id="T07:56:31"><abbr title="2009-09-11T07:56:31+00:00">07:56:31</abbr></a>] &lt;<cite>adj</cite>&gt; <q>however, one might occasionally notice that bb keeps running after disconnecting external power source</q></li>
<li class="quit">[<a href="#T07:56:33" id="T07:56:33"><abbr title="2009-09-11T07:56:33+00:00">07:56:33</abbr></a>] <span>* lifeeth (n=praneeth@unaffiliated/lifeeth) Quit ("Another ED day .. :|")</span></li>
<li class="join">[<a href="#T07:56:48" id="T07:56:48"><abbr title="2009-09-11T07:56:48+00:00">07:56:48</abbr></a>] <span>* _dash_ (i=7bee86e6@gateway/web/freenode/x-filxebogvhwizemc) has joined #beagle</span></li>
<li class="message">[<a href="#T07:56:52" id="T07:56:52"><abbr title="2009-09-11T07:56:52+00:00">07:56:52</abbr></a>] &lt;<cite>_dash_</cite>&gt; <q>hi all</q></li>
<li class="message">[<a href="#T07:57:15" id="T07:57:15"><abbr title="2009-09-11T07:57:15+00:00">07:57:15</abbr></a>] &lt;<cite>adj</cite>&gt; <q>i have couple of usb hubs which actually seem to source power to the host</q></li>
<li class="join">[<a href="#T07:58:04" id="T07:58:04"><abbr title="2009-09-11T07:58:04+00:00">07:58:04</abbr></a>] <span>* daniel_ki (n=daniel@85.183.48.167) has joined #beagle</span></li>
<li class="message">[<a href="#T07:58:17" id="T07:58:17"><abbr title="2009-09-11T07:58:17+00:00">07:58:17</abbr></a>] &lt;<cite>_koen_</cite>&gt; <q>happy 2.6.21 day</q></li>
<li class="message">[<a href="#T07:58:19" id="T07:58:19"><abbr title="2009-09-11T07:58:19+00:00">07:58:19</abbr></a>] &lt;<cite>_koen_</cite>&gt; <q>ehm</q></li>
<li class="message">[<a href="#T07:58:21" id="T07:58:21"><abbr title="2009-09-11T07:58:21+00:00">07:58:21</abbr></a>] &lt;<cite>_koen_</cite>&gt; <q>2.6.31</q></li>
<li class="action">[<a href="#T07:58:27" id="T07:58:27"><abbr title="2009-09-11T07:58:27+00:00">07:58:27</abbr></a>] <span>* _koen_ is still pre-coffee</span></li>
<li class="message">[<a href="#T08:01:21" id="T08:01:21"><abbr title="2009-09-11T08:01:21+00:00">08:01:21</abbr></a>] &lt;<cite>_dash_</cite>&gt; <q>Is issue of USB EHCI still there ??</q></li>
<li class="message">[<a href="#T08:01:57" id="T08:01:57"><abbr title="2009-09-11T08:01:57+00:00">08:01:57</abbr></a>] &lt;<cite>_dash_</cite>&gt; <q>I was reading thread and also fount same problem with rev C3 board just got from digikey</q></li>
<li class="message">[<a href="#T08:02:03" id="T08:02:03"><abbr title="2009-09-11T08:02:03+00:00">08:02:03</abbr></a>] &lt;<cite>_dash_</cite>&gt; <q>*found</q></li>
<li class="message">[<a href="#T08:02:28" id="T08:02:28"><abbr title="2009-09-11T08:02:28+00:00">08:02:28</abbr></a>] &lt;<cite>_dash_</cite>&gt; <q>Kernel version is 2.6.29-r35</q></li>
<li class="join">[<a href="#T08:05:48" id="T08:05:48"><abbr title="2009-09-11T08:05:48+00:00">08:05:48</abbr></a>] <span>* ThomasEgi (n=thomas@pppdyn-3d.stud-ko.rz-online.net) has joined #beagle</span></li>
<li class="join">[<a href="#T08:09:43" id="T08:09:43"><abbr title="2009-09-11T08:09:43+00:00">08:09:43</abbr></a>] <span>* booxter (n=booxter@cpmsq.epam.com) has joined #beagle</span></li>
<li class="nick-change">[<a href="#T08:15:47" id="T08:15:47"><abbr title="2009-09-11T08:15:47+00:00">08:15:47</abbr></a>] <span>* thaytan_ is now known as thaytan</span></li>
<li class="join">[<a href="#T08:19:56" id="T08:19:56"><abbr title="2009-09-11T08:19:56+00:00">08:19:56</abbr></a>] <span>* Aion (i=db57470a@gateway/web/freenode/x-gqfqzayikmirhcuv) has joined #beagle</span></li>
<li class="join">[<a href="#T08:20:39" id="T08:20:39"><abbr title="2009-09-11T08:20:39+00:00">08:20:39</abbr></a>] <span>* amigadave (n=amigadav@85.183.48.167) has joined #beagle</span></li>
<li class="message">[<a href="#T08:27:30" id="T08:27:30"><abbr title="2009-09-11T08:27:30+00:00">08:27:30</abbr></a>] &lt;<cite>_dash_</cite>&gt; <q><a href="http://pastebin.com/m2c54afa4">http://pastebin.com/m2c54afa4</a></q></li>
<li class="message">[<a href="#T08:27:44" id="T08:27:44"><abbr title="2009-09-11T08:27:44+00:00">08:27:44</abbr></a>] &lt;<cite>_dash_</cite>&gt; <q>can anybody help mr out with this thing ??</q></li>
<li class="message">[<a href="#T08:27:59" id="T08:27:59"><abbr title="2009-09-11T08:27:59+00:00">08:27:59</abbr></a>] &lt;<cite>_dash_</cite>&gt; <q>can anybody help mr out with this thing ??</q></li>
<li class="action">[<a href="#T08:29:09" id="T08:29:09"><abbr title="2009-09-11T08:29:09+00:00">08:29:09</abbr></a>] <span>* _dash_ has gone through mailing lists bu was unable to find solution</span></li>
<li class="message">[<a href="#T08:29:47" id="T08:29:47"><abbr title="2009-09-11T08:29:47+00:00">08:29:47</abbr></a>] &lt;<cite>av500</cite>&gt; <q>_dash_: read the good ol EHCI thread on the ML</q></li>
<li class="message">[<a href="#T08:29:50" id="T08:29:50"><abbr title="2009-09-11T08:29:50+00:00">08:29:50</abbr></a>] &lt;<cite>av500</cite>&gt; <q>then, weep</q></li>
<li class="message">[<a href="#T08:30:46" id="T08:30:46"><abbr title="2009-09-11T08:30:46+00:00">08:30:46</abbr></a>] &lt;<cite>_dash_</cite>&gt; <q>I have gone though this <a href="http://groups.google.com/group/beagleboard/browse_thread/thread/5b8385f0bb1f63da?pli=1">http://groups.google.com/group/beagleboard/browse_thread/thread/5b8385f0bb1f63da?pli=1</a></q></li>
<li class="message">[<a href="#T08:31:39" id="T08:31:39"><abbr title="2009-09-11T08:31:39+00:00">08:31:39</abbr></a>] &lt;<cite>_dash_</cite>&gt; <q>av500: Any other thread than this ?</q></li>
<li class="message">[<a href="#T08:32:54" id="T08:32:54"><abbr title="2009-09-11T08:32:54+00:00">08:32:54</abbr></a>] &lt;<cite>_dash_</cite>&gt; <q>Kernel version v2.6.29-r35 (built with OE bitbake)</q></li>
<li class="message">[<a href="#T08:35:19" id="T08:35:19"><abbr title="2009-09-11T08:35:19+00:00">08:35:19</abbr></a>] &lt;<cite>av500</cite>&gt; <q>_dash_: what other thread do you need?</q></li>
<li class="message">[<a href="#T08:36:35" id="T08:36:35"><abbr title="2009-09-11T08:36:35+00:00">08:36:35</abbr></a>] &lt;<cite>_dash_</cite>&gt; <q>av500: there is no solution in thread it just mentions some h/w issues ...</q></li>
<li class="message">[<a href="#T08:36:53" id="T08:36:53"><abbr title="2009-09-11T08:36:53+00:00">08:36:53</abbr></a>] &lt;<cite>_dash_</cite>&gt; <q>I am using rev C3</q></li>
<li class="message">[<a href="#T08:36:56" id="T08:36:56"><abbr title="2009-09-11T08:36:56+00:00">08:36:56</abbr></a>] &lt;<cite>av500</cite>&gt; <q>well, that is the point, so far there is no solution...</q></li>
<li class="message">[<a href="#T08:38:23" id="T08:38:23"><abbr title="2009-09-11T08:38:23+00:00">08:38:23</abbr></a>] &lt;<cite>adj</cite>&gt; <q>order multiple boards and hope for the best, maybe some of them work better than others</q></li>
<li class="join">[<a href="#T08:39:18" id="T08:39:18"><abbr title="2009-09-11T08:39:18+00:00">08:39:18</abbr></a>] <span>* pundiramit (i=7aa602f3@gateway/web/freenode/x-ovqzvfqjnpijwztx) has joined #beagle</span></li>
<li class="message">[<a href="#T08:39:23" id="T08:39:23"><abbr title="2009-09-11T08:39:23+00:00">08:39:23</abbr></a>] &lt;<cite>_dash_</cite>&gt; <q>adj: av500: Got the point </q></li>
<li class="message">[<a href="#T08:39:26" id="T08:39:26"><abbr title="2009-09-11T08:39:26+00:00">08:39:26</abbr></a>] &lt;<cite>_dash_</cite>&gt; <q>Thanks</q></li>
<li class="quit">[<a href="#T08:39:46" id="T08:39:46"><abbr title="2009-09-11T08:39:46+00:00">08:39:46</abbr></a>] <span>* pundiramit (i=7aa602f3@gateway/web/freenode/x-ovqzvfqjnpijwztx) Quit (Client Quit)</span></li>
<li class="join">[<a href="#T08:55:04" id="T08:55:04"><abbr title="2009-09-11T08:55:04+00:00">08:55:04</abbr></a>] <span>* mikhas (n=mikhas@85.183.48.167) has joined #beagle</span></li>
<li class="join">[<a href="#T08:58:38" id="T08:58:38"><abbr title="2009-09-11T08:58:38+00:00">08:58:38</abbr></a>] <span>* likewise (n=chatzill@82.171.51.231) has joined #beagle</span></li>
<li class="message">[<a href="#T09:00:24" id="T09:00:24"><abbr title="2009-09-11T09:00:24+00:00">09:00:24</abbr></a>] &lt;<cite>likewise</cite>&gt; <q>gm</q></li>
<li class="message">[<a href="#T09:01:36" id="T09:01:36"><abbr title="2009-09-11T09:01:36+00:00">09:01:36</abbr></a>] &lt;<cite>av500</cite>&gt; <q>likewise: likewise </q></li>
<li class="join">[<a href="#T09:04:47" id="T09:04:47"><abbr title="2009-09-11T09:04:47+00:00">09:04:47</abbr></a>] <span>* rkirti (n=oespirit@203.199.213.3) has joined #beagle</span></li>
<li class="join">[<a href="#T09:08:46" id="T09:08:46"><abbr title="2009-09-11T09:08:46+00:00">09:08:46</abbr></a>] <span>* _roger_ (n=a0740758@nat/ti/x-qgfehivjpiklltzh) has joined #beagle</span></li>
<li class="quit">[<a href="#T09:12:37" id="T09:12:37"><abbr title="2009-09-11T09:12:37+00:00">09:12:37</abbr></a>] <span>* andersos (n=andersos@d991.ip15.netikka.fi) Quit (Read error: 104 (Connection reset by peer))</span></li>
<li class="nick-change">[<a href="#T09:12:59" id="T09:12:59"><abbr title="2009-09-11T09:12:59+00:00">09:12:59</abbr></a>] <span>* XorA|gone is now known as XorA</span></li>
<li class="join">[<a href="#T09:14:11" id="T09:14:11"><abbr title="2009-09-11T09:14:11+00:00">09:14:11</abbr></a>] <span>* andersos (n=andersos@d991.ip15.netikka.fi) has joined #beagle</span></li>
<li class="join">[<a href="#T09:38:47" id="T09:38:47"><abbr title="2009-09-11T09:38:47+00:00">09:38:47</abbr></a>] <span>* coltox (n=dvogt@actinium.inf.tu-dresden.de) has joined #beagle</span></li>
<li class="join">[<a href="#T09:46:38" id="T09:46:38"><abbr title="2009-09-11T09:46:38+00:00">09:46:38</abbr></a>] <span>* julemore (i=aurorabo@89.130.94.238) has joined #beagle</span></li>
<li class="join">[<a href="#T09:50:03" id="T09:50:03"><abbr title="2009-09-11T09:50:03+00:00">09:50:03</abbr></a>] <span>* ash (i=7aa66606@gateway/web/freenode/x-hqqnvitpfkuvyvrk) has joined #beagle</span></li>
