<li class="quit">[<a href="#T00:01:25" id="T00:01:25"><abbr title="2009-01-15T00:01:25+00:00">00:01:25</abbr></a>] <span>* zedstar (n=john@fsf/member/zedstar) Quit (Remote closed the connection)</span></li>
<li class="quit">[<a href="#T00:01:41" id="T00:01:41"><abbr title="2009-01-15T00:01:41+00:00">00:01:41</abbr></a>] <span>* robtow (n=rtow@nat/montavista/x-bc7ece8b70c448c2) Quit (Read error: 110 (Connection timed out))</span></li>
<li class="join">[<a href="#T00:17:29" id="T00:17:29"><abbr title="2009-01-15T00:17:29+00:00">00:17:29</abbr></a>] <span>* Leon_Nardella1 (n=leon@200-161-14-111.dsl.telesp.net.br) has joined #beagle</span></li>
<li class="nick-change">[<a href="#T00:20:45" id="T00:20:45"><abbr title="2009-01-15T00:20:45+00:00">00:20:45</abbr></a>] <span>* fulgas is now known as FuL|OUT</span></li>
<li class="quit">[<a href="#T00:22:07" id="T00:22:07"><abbr title="2009-01-15T00:22:07+00:00">00:22:07</abbr></a>] <span>* robtow1 (n=rtow@nat/montavista/x-b195347b967f36f6) Quit ("Leaving.")</span></li>
<li class="quit">[<a href="#T00:27:53" id="T00:27:53"><abbr title="2009-01-15T00:27:53+00:00">00:27:53</abbr></a>] <span>* timtimred (n=meh@92-237-114-21.cable.ubr03.chms.blueyonder.co.uk) Quit ()</span></li>
<li class="quit">[<a href="#T00:29:00" id="T00:29:00"><abbr title="2009-01-15T00:29:00+00:00">00:29:00</abbr></a>] <span>* abitos (n=nixgibts@dslb-084-057-155-043.pools.arcor-ip.net) Quit (Read error: 113 (No route to host))</span></li>
<li class="quit">[<a href="#T00:33:34" id="T00:33:34"><abbr title="2009-01-15T00:33:34+00:00">00:33:34</abbr></a>] <span>* jkridner|work (n=a0321898@nat/ti/x-d69a9528182ee6cc) Quit ("Leaving.")</span></li>
<li class="quit">[<a href="#T00:34:27" id="T00:34:27"><abbr title="2009-01-15T00:34:27+00:00">00:34:27</abbr></a>] <span>* Leon_Nardella (n=leon@200-161-14-111.dsl.telesp.net.br) Quit (Read error: 110 (Connection timed out))</span></li>
<li class="join">[<a href="#T01:01:50" id="T01:01:50"><abbr title="2009-01-15T01:01:50+00:00">01:01:50</abbr></a>] <span>* dcramer_ (n=davec@dcdsl.ebox.com) has joined #beagle</span></li>
<li class="quit">[<a href="#T01:01:55" id="T01:01:55"><abbr title="2009-01-15T01:01:55+00:00">01:01:55</abbr></a>] <span>* dcramer (n=davec@dcdsl.ebox.com) Quit (Read error: 131 (Connection reset by peer))</span></li>
<li class="quit">[<a href="#T01:10:21" id="T01:10:21"><abbr title="2009-01-15T01:10:21+00:00">01:10:21</abbr></a>] <span>* jrmuizel (n=jrmuizel@CPE001f5be79d0f-CM0017ee62f8b0.cpe.net.cable.rogers.com) Quit ()</span></li>
<li class="quit">[<a href="#T01:17:18" id="T01:17:18"><abbr title="2009-01-15T01:17:18+00:00">01:17:18</abbr></a>] <span>* Leon_Nardella1 (n=leon@200-161-14-111.dsl.telesp.net.br) Quit (Read error: 110 (Connection timed out))</span></li>
<li class="part">[<a href="#T01:19:19" id="T01:19:19"><abbr title="2009-01-15T01:19:19+00:00">01:19:19</abbr></a>] <span>* emeb (n=ericb@ip72-223-90-212.ph.ph.cox.net) has left #beagle</span></li>
<li class="join">[<a href="#T01:51:45" id="T01:51:45"><abbr title="2009-01-15T01:51:45+00:00">01:51:45</abbr></a>] <span>* calculu5 (n=calculus@gentoo/user/calculus) has joined #beagle</span></li>
<li class="join">[<a href="#T01:55:18" id="T01:55:18"><abbr title="2009-01-15T01:55:18+00:00">01:55:18</abbr></a>] <span>* Crofton (n=balister@63.224.149.101) has joined #beagle</span></li>
<li class="quit">[<a href="#T02:04:46" id="T02:04:46"><abbr title="2009-01-15T02:04:46+00:00">02:04:46</abbr></a>] <span>* calculus (n=calculus@gentoo/user/calculus) Quit (Read error: 110 (Connection timed out))</span></li>
<li class="nick-change">[<a href="#T02:07:32" id="T02:07:32"><abbr title="2009-01-15T02:07:32+00:00">02:07:32</abbr></a>] <span>* calculu5 is now known as calculus</span></li>
<li class="quit">[<a href="#T02:14:56" id="T02:14:56"><abbr title="2009-01-15T02:14:56+00:00">02:14:56</abbr></a>] <span>* BThompson (n=BThompso@cpe-76-185-93-11.tx.res.rr.com) Quit ("Trillian (<a href="http://www.ceruleanstudios.com")">http://www.ceruleanstudios.com")</a></span></li>
<li class="quit">[<a href="#T02:15:05" id="T02:15:05"><abbr title="2009-01-15T02:15:05+00:00">02:15:05</abbr></a>] <span>* docelic (n=docelic@78.134.201.183) Quit ("<a href="http://www.spinlocksolutions.com/")">http://www.spinlocksolutions.com/")</a></span></li>
<li class="quit">[<a href="#T02:26:06" id="T02:26:06"><abbr title="2009-01-15T02:26:06+00:00">02:26:06</abbr></a>] <span>* _don_ (n=don@nat/ti/x-b15a593313bb92ca) Quit ()</span></li>
<li class="join">[<a href="#T02:34:05" id="T02:34:05"><abbr title="2009-01-15T02:34:05+00:00">02:34:05</abbr></a>] <span>* rsalveti (n=salveti@189.70.69.34) has joined #beagle</span></li>
<li class="join">[<a href="#T03:03:43" id="T03:03:43"><abbr title="2009-01-15T03:03:43+00:00">03:03:43</abbr></a>] <span>* JoeyBorn (n=jborn@nmd.sbx02711.skokiil.wayport.net) has joined #beagle</span></li>
<li class="join">[<a href="#T03:04:57" id="T03:04:57"><abbr title="2009-01-15T03:04:57+00:00">03:04:57</abbr></a>] <span>* moi1234 (n=moi@ip70-179-18-67.sd.sd.cox.net) has joined #beagle</span></li>
<li class="message">[<a href="#T03:09:05" id="T03:09:05"><abbr title="2009-01-15T03:09:05+00:00">03:09:05</abbr></a>] &lt;<cite>jkridner</cite>&gt; <q>LinuxDevices picked up the BeagleBot: <a href="http://linuxdevices.com/news/NS6362979448.html">http://linuxdevices.com/news/NS6362979448.html</a></q></li>
<li class="message">[<a href="#T03:10:04" id="T03:10:04"><abbr title="2009-01-15T03:10:04+00:00">03:10:04</abbr></a>] &lt;<cite>jkridner</cite>&gt; <q>Too bad they didn't list all of the contestants.  Guess they'll have to win next time to get the coverage.</q></li>
<li class="message">[<a href="#T03:15:07" id="T03:15:07"><abbr title="2009-01-15T03:15:07+00:00">03:15:07</abbr></a>] &lt;<cite>BeagleBot</cite>&gt; <q><a href="http://beagleboard.org/default/">http://beagleboard.org/default/</a> was edited by blog.hangerhead.com</q></li>
<li class="join">[<a href="#T03:15:14" id="T03:15:14"><abbr title="2009-01-15T03:15:14+00:00">03:15:14</abbr></a>] <span>* jrmuizel (n=jrmuizel@CPE001f5be79d0f-CM0017ee62f8b0.cpe.net.cable.rogers.com) has joined #beagle</span></li>
<li class="quit">[<a href="#T03:21:44" id="T03:21:44"><abbr title="2009-01-15T03:21:44+00:00">03:21:44</abbr></a>] <span>* alecrim (n=alecrim@189.2.128.130) Quit (Remote closed the connection)</span></li>
<li class="quit">[<a href="#T03:31:36" id="T03:31:36"><abbr title="2009-01-15T03:31:36+00:00">03:31:36</abbr></a>] <span>* Strontium (n=Strontiu@118.101.106.2) Quit (Read error: 60 (Operation timed out))</span></li>
<li class="join">[<a href="#T03:31:58" id="T03:31:58"><abbr title="2009-01-15T03:31:58+00:00">03:31:58</abbr></a>] <span>* Strontium (n=Strontiu@118.101.106.2) has joined #beagle</span></li>
<li class="quit">[<a href="#T03:40:08" id="T03:40:08"><abbr title="2009-01-15T03:40:08+00:00">03:40:08</abbr></a>] <span>* bazbell (n=a0192809@nat/ti/x-69d556f25608eb94) Quit ("Leaving.")</span></li>
<li class="quit">[<a href="#T03:45:42" id="T03:45:42"><abbr title="2009-01-15T03:45:42+00:00">03:45:42</abbr></a>] <span>* Crofton (n=balister@63.224.149.101) Quit (Read error: 113 (No route to host))</span></li>
<li class="quit">[<a href="#T03:46:42" id="T03:46:42"><abbr title="2009-01-15T03:46:42+00:00">03:46:42</abbr></a>] <span>* ScriptRipper (n=martin@opensuse/member/MartinMohring) Quit (Remote closed the connection)</span></li>
<li class="join">[<a href="#T03:56:24" id="T03:56:24"><abbr title="2009-01-15T03:56:24+00:00">03:56:24</abbr></a>] <span>* Crofton|laptop (n=balister@63.224.149.100) has joined #beagle</span></li>
<li class="quit">[<a href="#T04:05:24" id="T04:05:24"><abbr title="2009-01-15T04:05:24+00:00">04:05:24</abbr></a>] <span>* JoeyBorn (n=jborn@nmd.sbx02711.skokiil.wayport.net) Quit (Read error: 113 (No route to host))</span></li>
<li class="quit">[<a href="#T04:15:55" id="T04:15:55"><abbr title="2009-01-15T04:15:55+00:00">04:15:55</abbr></a>] <span>* Crofton|laptop (n=balister@63.224.149.100) Quit (Read error: 110 (Connection timed out))</span></li>
<li class="quit">[<a href="#T04:18:07" id="T04:18:07"><abbr title="2009-01-15T04:18:07+00:00">04:18:07</abbr></a>] <span>* jrmuizel (n=jrmuizel@CPE001f5be79d0f-CM0017ee62f8b0.cpe.net.cable.rogers.com) Quit ()</span></li>
<li class="quit">[<a href="#T04:28:18" id="T04:28:18"><abbr title="2009-01-15T04:28:18+00:00">04:28:18</abbr></a>] <span>* felipec (n=felipec@a91-153-251-222.elisa-laajakaista.fi) Quit ("Leaving")</span></li>
<li class="message">[<a href="#T04:37:29" id="T04:37:29"><abbr title="2009-01-15T04:37:29+00:00">04:37:29</abbr></a>] &lt;<cite>moi1234</cite>&gt; <q>I'm trying to use an ASIX USB ETHERNET controller with the beagle board. I have a basic console-image build of Angstrom and the driver source for the ASIX chipset. How do I add a recipe for the module?</q></li>
<li class="join">[<a href="#T04:54:23" id="T04:54:23"><abbr title="2009-01-15T04:54:23+00:00">04:54:23</abbr></a>] <span>* JuanG (n=Juan@nat/ti/x-74d58e838f02dc77) has joined #beagle</span></li>
<li class="part">[<a href="#T04:54:32" id="T04:54:32"><abbr title="2009-01-15T04:54:32+00:00">04:54:32</abbr></a>] <span>* JuanG (n=Juan@nat/ti/x-74d58e838f02dc77) has left #beagle</span></li>
<li class="join">[<a href="#T05:00:43" id="T05:00:43"><abbr title="2009-01-15T05:00:43+00:00">05:00:43</abbr></a>] <span>* tzhau__ (n=tzhau@dsl-245-126-145.telkomadsl.co.za) has joined #beagle</span></li>
<li class="quit">[<a href="#T05:00:54" id="T05:00:54"><abbr title="2009-01-15T05:00:54+00:00">05:00:54</abbr></a>] <span>* tzhau_ (n=tzhau@dsl-245-126-145.telkomadsl.co.za) Quit (Read error: 110 (Connection timed out))</span></li>
<li class="join">[<a href="#T05:18:11" id="T05:18:11"><abbr title="2009-01-15T05:18:11+00:00">05:18:11</abbr></a>] <span>* khasim (n=a0393720@192.163.20.231) has joined #beagle</span></li>
<li class="join">[<a href="#T05:37:42" id="T05:37:42"><abbr title="2009-01-15T05:37:42+00:00">05:37:42</abbr></a>] <span>* khasi1 (n=a0393720@192.163.20.231) has joined #beagle</span></li>
<li class="quit">[<a href="#T05:37:43" id="T05:37:43"><abbr title="2009-01-15T05:37:43+00:00">05:37:43</abbr></a>] <span>* khasim (n=a0393720@192.163.20.231) Quit (Remote closed the connection)</span></li>
<li class="quit">[<a href="#T05:45:05" id="T05:45:05"><abbr title="2009-01-15T05:45:05+00:00">05:45:05</abbr></a>] <span>* leslie_ (n=leslie@222.66.141.242) Quit (Read error: 60 (Operation timed out))</span></li>
<li class="quit">[<a href="#T06:05:12" id="T06:05:12"><abbr title="2009-01-15T06:05:12+00:00">06:05:12</abbr></a>] <span>* emeb-eee (n=ericb@ip72-223-90-212.ph.ph.cox.net) Quit (Read error: 110 (Connection timed out))</span></li>
<li class="join">[<a href="#T06:18:09" id="T06:18:09"><abbr title="2009-01-15T06:18:09+00:00">06:18:09</abbr></a>] <span>* rupeshgujare (n=rupesh@59.160.172.220) has joined #beagle</span></li>
<li class="message">[<a href="#T06:24:47" id="T06:24:47"><abbr title="2009-01-15T06:24:47+00:00">06:24:47</abbr></a>] &lt;<cite>denix0</cite>&gt; <q>koen: <a href="http://thread.gmane.org/gmane.comp.handhelds.openembedded/20599">http://thread.gmane.org/gmane.comp.handhelds.openembedded/20599</a></q></li>
<li class="message">[<a href="#T06:25:15" id="T06:25:15"><abbr title="2009-01-15T06:25:15+00:00">06:25:15</abbr></a>] &lt;<cite>khasi1</cite>&gt; <q>jkridner: ping</q></li>
<li class="message">[<a href="#T06:25:23" id="T06:25:23"><abbr title="2009-01-15T06:25:23+00:00">06:25:23</abbr></a>] &lt;<cite>jkridner</cite>&gt; <q>pong</q></li>
<li class="message">[<a href="#T06:25:49" id="T06:25:49"><abbr title="2009-01-15T06:25:49+00:00">06:25:49</abbr></a>] &lt;<cite>khasi1</cite>&gt; <q>I was able to boot your FS, how did you validate mplayer...</q></li>
<li class="message">[<a href="#T06:26:00" id="T06:26:00"><abbr title="2009-01-15T06:26:00+00:00">06:26:00</abbr></a>] &lt;<cite>khasi1</cite>&gt; <q>do you have a video file in the FS?</q></li>
<li class="message">[<a href="#T06:26:47" id="T06:26:47"><abbr title="2009-01-15T06:26:47+00:00">06:26:47</abbr></a>] &lt;<cite>jkridner</cite>&gt; <q>I had one mounted with a USB stick on the EHCI port.  (big_buck_bunny 480p)</q></li>
<li class="message">[<a href="#T06:27:02" id="T06:27:02"><abbr title="2009-01-15T06:27:02+00:00">06:27:02</abbr></a>] &lt;<cite>khasi1</cite>&gt; <q>I dont see mplayer init</q></li>
<li class="message">[<a href="#T06:27:04" id="T06:27:04"><abbr title="2009-01-15T06:27:04+00:00">06:27:04</abbr></a>] &lt;<cite>jkridner</cite>&gt; <q>so, no, I don't have a video file in the FS.</q></li>
<li class="message">[<a href="#T06:27:05" id="T06:27:05"><abbr title="2009-01-15T06:27:05+00:00">06:27:05</abbr></a>] &lt;<cite>khasi1</cite>&gt; <q>in it</q></li>
<li class="message">[<a href="#T06:27:39" id="T06:27:39"><abbr title="2009-01-15T06:27:39+00:00">06:27:39</abbr></a>] &lt;<cite>raster</cite>&gt; <q>u can just rip out the sd card</q></li>
<li class="message">[<a href="#T06:27:42" id="T06:27:42"><abbr title="2009-01-15T06:27:42+00:00">06:27:42</abbr></a>] &lt;<cite>raster</cite>&gt; <q>mount it on a desktop</q></li>
<li class="message">[<a href="#T06:27:45" id="T06:27:45"><abbr title="2009-01-15T06:27:45+00:00">06:27:45</abbr></a>] &lt;<cite>raster</cite>&gt; <q>throw a video file on</q></li>
<li class="message">[<a href="#T06:27:48" id="T06:27:48"><abbr title="2009-01-15T06:27:48+00:00">06:27:48</abbr></a>] &lt;<cite>raster</cite>&gt; <q>and boot again from it</q></li>
<li class="message">[<a href="#T06:27:50" id="T06:27:50"><abbr title="2009-01-15T06:27:50+00:00">06:27:50</abbr></a>] &lt;<cite>raster</cite>&gt; <q>pretty simple</q></li>
<li class="message">[<a href="#T06:27:51" id="T06:27:51"><abbr title="2009-01-15T06:27:51+00:00">06:27:51</abbr></a>] &lt;<cite>raster</cite>&gt; <q>:)</q></li>
<li class="message">[<a href="#T06:28:01" id="T06:28:01"><abbr title="2009-01-15T06:28:01+00:00">06:28:01</abbr></a>] &lt;<cite>jkridner</cite>&gt; <q>which file system?  <a href="http://www.beagleboard.org/~arago/arago-deploy/images/beagleboard/Angstrom-beagleboard-validation-image-glibc-ipk-2008.1-test-20090115-beagleboard.rootfs.tar.bz2">http://www.beagleboard.org/~arago/arago-deploy/images/beagleboard/Angstrom-beagleboard-validation-image-glibc-ipk-2008.1-test-20090115-beagleboard.rootfs.tar.bz2</a> certainly has mplayer.</q></li>
<li class="message">[<a href="#T06:28:12" id="T06:28:12"><abbr title="2009-01-15T06:28:12+00:00">06:28:12</abbr></a>] &lt;<cite>denix0</cite>&gt; <q>raster: haven't seen anyone typing so fast... :)</q></li>
<li class="message">[<a href="#T06:28:34" id="T06:28:34"><abbr title="2009-01-15T06:28:34+00:00">06:28:34</abbr></a>] &lt;<cite>khasi1</cite>&gt; <q><a href="http://www.beagleboard.org/~arago/arago-deploy/images/beagleboard/Angstrom-console-image-glibc-ipk-2008.1-test-20081114-beagleboard.rootfs.ext2.gz">http://www.beagleboard.org/~arago/arago-deploy/images/beagleboard/Angstrom-console-image-glibc-ipk-2008.1-test-20081114-beagleboard.rootfs.ext2.gz</a></q></li>
<li class="message">[<a href="#T06:28:42" id="T06:28:42"><abbr title="2009-01-15T06:28:42+00:00">06:28:42</abbr></a>] &lt;<cite>raster</cite>&gt; <q>denix0: it coems at a high error rate :) i expet error correction on the other end to clear it up </q></li>
<li class="message">[<abbr title="2009-01-15T06:28:42+00:00">06:28:42</abbr>] &lt;<cite>raster</cite>&gt; <q>:)</q></li>
<li class="message">[<a href="#T06:28:48" id="T06:28:48"><abbr title="2009-01-15T06:28:48+00:00">06:28:48</abbr></a>] &lt;<cite>jkridner</cite>&gt; <q>I simply did 'mplayer big_buck...avi'</q></li>
<li class="message">[<a href="#T06:28:55" id="T06:28:55"><abbr title="2009-01-15T06:28:55+00:00">06:28:55</abbr></a>] &lt;<cite>jkridner</cite>&gt; <q>from the directory where the video file was.</q></li>
<li class="message">[<a href="#T06:29:13" id="T06:29:13"><abbr title="2009-01-15T06:29:13+00:00">06:29:13</abbr></a>] &lt;<cite>denix0</cite>&gt; <q>:)</q></li>
<li class="message">[<a href="#T06:29:20" id="T06:29:20"><abbr title="2009-01-15T06:29:20+00:00">06:29:20</abbr></a>] &lt;<cite>jkridner</cite>&gt; <q>I pasted the wrong link: <a href="http://www.beagleboard.org/~arago/arago-deploy/images/beagleboard/Angstrom-beagleboard-validation-image-glibc-ipk-2008.1-test-20090115-beagleboard.rootfs.ext2.gz">http://www.beagleboard.org/~arago/arago-deploy/images/beagleboard/Angstrom-beagleboard-validation-image-glibc-ipk-2008.1-test-20090115-beagleboard.rootfs.ext2.gz</a></q></li>
<li class="message">[<a href="#T06:29:46" id="T06:29:46"><abbr title="2009-01-15T06:29:46+00:00">06:29:46</abbr></a>] &lt;<cite>raster</cite>&gt; <q>jkridner: when are the power management patches going to make their way into somewhere useulf</q></li>
<li class="message">[<a href="#T06:30:01" id="T06:30:01"><abbr title="2009-01-15T06:30:01+00:00">06:30:01</abbr></a>] &lt;<cite>raster</cite>&gt; <q>ie the ones that allow cpufreq to work and set the kernel to 0hz when idle</q></li>
<li class="message">[<a href="#T06:30:02" id="T06:30:02"><abbr title="2009-01-15T06:30:02+00:00">06:30:02</abbr></a>] &lt;<cite>raster</cite>&gt; <q>etc.</q></li>
<li class="message">[<a href="#T06:30:19" id="T06:30:19"><abbr title="2009-01-15T06:30:19+00:00">06:30:19</abbr></a>] &lt;<cite>khasi1</cite>&gt; <q>ok, I will download this one <a href="http://www.beagleboard.org/~arago/arago-deploy/images/beagleboard/Angstrom-beagleboard-validation-image-glibc-ipk-2008.1-test-20090115-beagleboard.rootfs.ext2.gz">http://www.beagleboard.org/~arago/arago-deploy/images/beagleboard/Angstrom-beagleboard-validation-image-glibc-ipk-2008.1-test-20090115-beagleboard.rootfs.ext2.gz</a></q></li>
<li class="message">[<a href="#T06:30:23" id="T06:30:23"><abbr title="2009-01-15T06:30:23+00:00">06:30:23</abbr></a>] &lt;<cite>jkridner</cite>&gt; <q>raster: that could be implying many things.</q></li>
<li class="message">[<a href="#T06:30:26" id="T06:30:26"><abbr title="2009-01-15T06:30:26+00:00">06:30:26</abbr></a>] &lt;<cite>raster</cite>&gt; <q>that nicely bring power consumption down to some weenie tricle of 1.35watts or so</q></li>
<li class="message">[<a href="#T06:30:28" id="T06:30:28"><abbr title="2009-01-15T06:30:28+00:00">06:30:28</abbr></a>] &lt;<cite>khasi1</cite>&gt; <q>and give it a try</q></li>
<li class="message">[<a href="#T06:30:31" id="T06:30:31"><abbr title="2009-01-15T06:30:31+00:00">06:30:31</abbr></a>] &lt;<cite>jkridner</cite>&gt; <q>khasi1: yes, that's the one.</q></li>
<li class="message">[<a href="#T06:30:38" id="T06:30:38"><abbr title="2009-01-15T06:30:38+00:00">06:30:38</abbr></a>] &lt;<cite>jkridner</cite>&gt; <q>32MB ramdisk.</q></li>
<li class="message">[<a href="#T06:31:09" id="T06:31:09"><abbr title="2009-01-15T06:31:09+00:00">06:31:09</abbr></a>] &lt;<cite>khasi1</cite>&gt; <q>jkridner: 32MB is taking more time to load from MMC to ram, may be we need to suggest gerald to use a dual partitioned MMC for the same.</q></li>
<li class="message">[<a href="#T06:31:13" id="T06:31:13"><abbr title="2009-01-15T06:31:13+00:00">06:31:13</abbr></a>] &lt;<cite>jkridner</cite>&gt; <q>raster: have you played with the omapzoom.org kernel?</q></li>
<li class="message">[<a href="#T06:31:22" id="T06:31:22"><abbr title="2009-01-15T06:31:22+00:00">06:31:22</abbr></a>] &lt;<cite>raster</cite>&gt; <q>jkridner: <a href="http://www.celinux.org/elc08_presentations/TI_OMAP3430_Linux_PM_reference.ppt">http://www.celinux.org/elc08_presentations/TI_OMAP3430_Linux_PM_reference.ppt</a></q></li>
<li class="message">[<a href="#T06:31:30" id="T06:31:30"><abbr title="2009-01-15T06:31:30+00:00">06:31:30</abbr></a>] &lt;<cite>raster</cite>&gt; <q>then thar patches ahoy!</q></li>
<li class="message">[<a href="#T06:32:08" id="T06:32:08"><abbr title="2009-01-15T06:32:08+00:00">06:32:08</abbr></a>] &lt;<cite>raster</cite>&gt; <q>khasi1: do NOT use a ext2 i9mage on fat</q></li>
<li class="message">[<a href="#T06:32:10" id="T06:32:10"><abbr title="2009-01-15T06:32:10+00:00">06:32:10</abbr></a>] &lt;<cite>raster</cite>&gt; <q>its nasty</q></li>
<li class="message">[<a href="#T06:33:15" id="T06:33:15"><abbr title="2009-01-15T06:33:15+00:00">06:33:15</abbr></a>] &lt;<cite>khasi1</cite>&gt; <q>raster: this is for factory validation of REV C boards</q></li>
<li class="message">[<a href="#T06:33:18" id="T06:33:18"><abbr title="2009-01-15T06:33:18+00:00">06:33:18</abbr></a>] &lt;<cite>jkridner</cite>&gt; <q>raster: khasi1 knows these things.</q></li>
<li class="message">[<a href="#T06:33:19" id="T06:33:19"><abbr title="2009-01-15T06:33:19+00:00">06:33:19</abbr></a>] &lt;<cite>raster</cite>&gt; <q>jkridner:  gah! too many kernel trees/patches/blah</q></li>
<li class="message">[<a href="#T06:33:20" id="T06:33:20"><abbr title="2009-01-15T06:33:20+00:00">06:33:20</abbr></a>] &lt;<cite>denix0</cite>&gt; <q>jkridner: sorry, I'll check your .dot files later, as it's 1:30am and I'm still in the office...</q></li>
<li class="message">[<a href="#T06:33:37" id="T06:33:37"><abbr title="2009-01-15T06:33:37+00:00">06:33:37</abbr></a>] &lt;<cite>jkridner</cite>&gt; <q>yikes denix0.  go home!</q></li>
<li class="message">[<a href="#T06:33:50" id="T06:33:50"><abbr title="2009-01-15T06:33:50+00:00">06:33:50</abbr></a>] &lt;<cite>jkridner</cite>&gt; <q>at least I'm working from home.</q></li>
<li class="message">[<a href="#T06:34:01" id="T06:34:01"><abbr title="2009-01-15T06:34:01+00:00">06:34:01</abbr></a>] &lt;<cite>koen</cite>&gt; <q>good morning all</q></li>
<li class="message">[<a href="#T06:34:07" id="T06:34:07"><abbr title="2009-01-15T06:34:07+00:00">06:34:07</abbr></a>] &lt;<cite>denix0</cite>&gt; <q>good night</q></li>
<li class="message">[<a href="#T06:34:46" id="T06:34:46"><abbr title="2009-01-15T06:34:46+00:00">06:34:46</abbr></a>] &lt;<cite>jkridner</cite>&gt; <q>khasi1: partitioned SD card might make sense, since reading the ramdisk from FAT takes a long time.  issue is that many end-users have a difficult time making the partitioned cards.</q></li>
<li class="message">[<a href="#T06:35:28" id="T06:35:28"><abbr title="2009-01-15T06:35:28+00:00">06:35:28</abbr></a>] &lt;<cite>jkridner</cite>&gt; <q>my preference is to leave the slow boot and automate more of the human interactions to speed the testing.</q></li>
<li class="message">[<a href="#T06:35:49" id="T06:35:49"><abbr title="2009-01-15T06:35:49+00:00">06:35:49</abbr></a>] &lt;<cite>koen</cite>&gt; <q>denix0: the patch to package.bbclass makes sense</q></li>
<li class="message">[<a href="#T06:36:14" id="T06:36:14"><abbr title="2009-01-15T06:36:14+00:00">06:36:14</abbr></a>] &lt;<cite>ds2</cite>&gt; <q>isn't there test stuff from Zoom or evm that can be used?</q></li>
<li class="message">[<a href="#T06:36:15" id="T06:36:15"><abbr title="2009-01-15T06:36:15+00:00">06:36:15</abbr></a>] &lt;<cite>jkridner</cite>&gt; <q>partitioned card would rely on having a way to use dd from windows.</q></li>
<li class="message">[<a href="#T06:36:52" id="T06:36:52"><abbr title="2009-01-15T06:36:52+00:00">06:36:52</abbr></a>] &lt;<cite>jkridner</cite>&gt; <q>ds2: we want *open* for Beagle.</q></li>
<li class="message">[<a href="#T06:37:34" id="T06:37:34"><abbr title="2009-01-15T06:37:34+00:00">06:37:34</abbr></a>] &lt;<cite>jkridner</cite>&gt; <q>we have plenty of test solutions, including the existing validation process with small tweaks for EHCI and power measurement testing.</q></li>
<li class="message">[<a href="#T06:37:47" id="T06:37:47"><abbr title="2009-01-15T06:37:47+00:00">06:37:47</abbr></a>] &lt;<cite>ds2</cite>&gt; <q>ah</q></li>
<li class="message">[<a href="#T06:37:49" id="T06:37:49"><abbr title="2009-01-15T06:37:49+00:00">06:37:49</abbr></a>] &lt;<cite>jkridner</cite>&gt; <q>ds2: this isn't about kernel validation, it is about production board testing.</q></li>
<li class="message">[<a href="#T06:37:52" id="T06:37:52"><abbr title="2009-01-15T06:37:52+00:00">06:37:52</abbr></a>] &lt;<cite>denix0</cite>&gt; <q>koen: thanks! now I can go home happy :)</q></li>
<li class="message">[<a href="#T06:38:01" id="T06:38:01"><abbr title="2009-01-15T06:38:01+00:00">06:38:01</abbr></a>] &lt;<cite>ds2</cite>&gt; <q>wasn't sure if you meant there are no mfg tests available for the other boards</q></li>
<li class="message">[<a href="#T06:38:13" id="T06:38:13"><abbr title="2009-01-15T06:38:13+00:00">06:38:13</abbr></a>] &lt;<cite>denix0</cite>&gt; <q>gn all</q></li>
<li class="message">[<a href="#T06:38:22" id="T06:38:22"><abbr title="2009-01-15T06:38:22+00:00">06:38:22</abbr></a>] &lt;<cite>jkridner</cite>&gt; <q>gn denix0</q></li>
<li class="message">[<a href="#T06:38:29" id="T06:38:29"><abbr title="2009-01-15T06:38:29+00:00">06:38:29</abbr></a>] &lt;<cite>ds2</cite>&gt; <q>I am almost surprised the mfg tests for the other boards are not provided as reference</q></li>
<li class="action">[<a href="#T06:38:33" id="T06:38:33"><abbr title="2009-01-15T06:38:33+00:00">06:38:33</abbr></a>] <span>* denix0 is away: I'm not here</span></li>
<li class="message">[<a href="#T06:39:02" id="T06:39:02"><abbr title="2009-01-15T06:39:02+00:00">06:39:02</abbr></a>] &lt;<cite>jkridner</cite>&gt; <q>ds2; EVM has ITBOK (hacks to u-boot)</q></li>
<li class="join">[<a href="#T06:39:11" id="T06:39:11"><abbr title="2009-01-15T06:39:11+00:00">06:39:11</abbr></a>] <span>* supo (n=supo@s-inf-pc117.oulu.fi) has joined #beagle</span></li>
<li class="message">[<a href="#T06:39:41" id="T06:39:41"><abbr title="2009-01-15T06:39:41+00:00">06:39:41</abbr></a>] &lt;<cite>jkridner</cite>&gt; <q>ds2: that isn't the complete test suite, however.  we want it all documented for Beagle, so that others can reproduce.</q></li>
<li class="message">[<a href="#T06:40:21" id="T06:40:21"><abbr title="2009-01-15T06:40:21+00:00">06:40:21</abbr></a>] &lt;<cite>ds2</cite>&gt; <q>jkridner: gotcha... just thought it was more mature on the other boards</q></li>
<li class="message">[<a href="#T06:40:29" id="T06:40:29"><abbr title="2009-01-15T06:40:29+00:00">06:40:29</abbr></a>] &lt;<cite>jkridner</cite>&gt; <q>I think many in the community, however, aren't fond of the validation kernel being 2.6.22-based.</q></li>
<li class="join">[<a href="#T06:40:37" id="T06:40:37"><abbr title="2009-01-15T06:40:37+00:00">06:40:37</abbr></a>] <span>* jsync (n=jess@92.98.9.119) has joined #beagle</span></li>
<li class="message">[<abbr title="2009-01-15T06:40:37+00:00">06:40:37</abbr>] &lt;<cite>ds2</cite>&gt; <q>this sort of stuff is almost fundamental to mfg'ing any board</q></li>
<li class="message">[<a href="#T06:40:49" id="T06:40:49"><abbr title="2009-01-15T06:40:49+00:00">06:40:49</abbr></a>] &lt;<cite>jkridner</cite>&gt; <q>and the file system being one where the source code is essentially lost.</q></li>
<li class="join">[<a href="#T06:41:08" id="T06:41:08"><abbr title="2009-01-15T06:41:08+00:00">06:41:08</abbr></a>] <span>* masaz (i=c0647cdb@gateway/web/ajax/mibbit.com/x-3715ee14167b7915) has joined #beagle</span></li>
<li class="message">[<a href="#T06:41:23" id="T06:41:23"><abbr title="2009-01-15T06:41:23+00:00">06:41:23</abbr></a>] &lt;<cite>jkridner</cite>&gt; <q>(we all know where to get busybox sources, but which ones?)</q></li>
<li class="message">[<a href="#T06:41:37" id="T06:41:37"><abbr title="2009-01-15T06:41:37+00:00">06:41:37</abbr></a>] &lt;<cite>ds2</cite>&gt; <q>and was there any patches ;)</q></li>
<li class="message">[<a href="#T06:42:09" id="T06:42:09"><abbr title="2009-01-15T06:42:09+00:00">06:42:09</abbr></a>] &lt;<cite>jkridner</cite>&gt; <q>exactly.</q></li>
<li class="message">[<a href="#T06:42:11" id="T06:42:11"><abbr title="2009-01-15T06:42:11+00:00">06:42:11</abbr></a>] &lt;<cite>jkridner</cite>&gt; <q>that is why I'm pushing for a bare-minimal OE-based (ds2 runs screaming) file system for validation.</q></li>
<li class="message">[<a href="#T06:43:12" id="T06:43:12"><abbr title="2009-01-15T06:43:12+00:00">06:43:12</abbr></a>] &lt;<cite>jkridner</cite>&gt; <q>I built one with mplayer to play video to the DVI-D and S-Video, instead of the 'stream_video' program currently used.</q></li>
<li class="message">[<a href="#T06:43:22" id="T06:43:22"><abbr title="2009-01-15T06:43:22+00:00">06:43:22</abbr></a>] &lt;<cite>ds2</cite>&gt; <q>well... it isn't that horrible... though I would suggest it being an initramfs root to simplify things</q></li>
<li class="message">[<a href="#T06:43:58" id="T06:43:58"><abbr title="2009-01-15T06:43:58+00:00">06:43:58</abbr></a>] &lt;<cite>jkridner</cite>&gt; <q>just removed X11 dependencies from mplayer.  current version, however, doesn't have armv7a/neon optimizations, so I'm rebuilding with those right now.</q></li>
<li class="message">[<a href="#T06:44:16" id="T06:44:16"><abbr title="2009-01-15T06:44:16+00:00">06:44:16</abbr></a>] &lt;<cite>jkridner</cite>&gt; <q>I've not had good luck with initramfs.</q></li>
<li class="message">[<a href="#T06:44:21" id="T06:44:21"><abbr title="2009-01-15T06:44:21+00:00">06:44:21</abbr></a>] &lt;<cite>khasi1</cite>&gt; <q>jkridner: do you have ALSA utilities to do record and play </q></li>
<li class="message">[<a href="#T06:44:24" id="T06:44:24"><abbr title="2009-01-15T06:44:24+00:00">06:44:24</abbr></a>] &lt;<cite>ds2</cite>&gt; <q>is the neon stuff in the official repo for mplayer?</q></li>
<li class="message">[<a href="#T06:44:39" id="T06:44:39"><abbr title="2009-01-15T06:44:39+00:00">06:44:39</abbr></a>] &lt;<cite>jkridner</cite>&gt; <q>ds2: it sounds great and doesn't work well.</q></li>
<li class="message">[<a href="#T06:45:00" id="T06:45:00"><abbr title="2009-01-15T06:45:00+00:00">06:45:00</abbr></a>] &lt;<cite>jkridner</cite>&gt; <q>ds2: I don't think so.  I'm still pulling in source directly from mru's repo and OE patches.</q></li>
<li class="message">[<a href="#T06:45:05" id="T06:45:05"><abbr title="2009-01-15T06:45:05+00:00">06:45:05</abbr></a>] &lt;<cite>jkridner</cite>&gt; <q>khasi1: yes.</q></li>
<li class="message">[<a href="#T06:45:19" id="T06:45:19"><abbr title="2009-01-15T06:45:19+00:00">06:45:19</abbr></a>] &lt;<cite>ds2</cite>&gt; <q>jkridner: any specific problems with initiramfs? I have had no issues with it</q></li>
<li class="message">[<a href="#T06:45:24" id="T06:45:24"><abbr title="2009-01-15T06:45:24+00:00">06:45:24</abbr></a>] &lt;<cite>jkridner</cite>&gt; <q>khasi1: but, I didn't add the media.</q></li>
<li class="message">[<a href="#T06:45:57" id="T06:45:57"><abbr title="2009-01-15T06:45:57+00:00">06:45:57</abbr></a>] &lt;<cite>jkridner</cite>&gt; <q>ds2: just never found a great way to streamline the configuration/build.</q></li>
<li class="message">[<a href="#T06:46:13" id="T06:46:13"><abbr title="2009-01-15T06:46:13+00:00">06:46:13</abbr></a>] &lt;<cite>jkridner</cite>&gt; <q>ds2: always made little mistakes when I tried to update it.</q></li>
<li class="message">[<a href="#T06:46:25" id="T06:46:25"><abbr title="2009-01-15T06:46:25+00:00">06:46:25</abbr></a>] &lt;<cite>ds2</cite>&gt; <q>you should be able to install it into a temp space then do a simple find command to build it</q></li>
<li class="message">[<a href="#T06:46:41" id="T06:46:41"><abbr title="2009-01-15T06:46:41+00:00">06:46:41</abbr></a>] &lt;<cite>jkridner</cite>&gt; <q>ds2: didn't like rebuilding the kernel to update my file system or vice-versa.</q></li>
<li class="join">[<a href="#T06:47:29" id="T06:47:29"><abbr title="2009-01-15T06:47:29+00:00">06:47:29</abbr></a>] <span>* garren|work (n=chatzill@mail.dm.co.za) has joined #beagle</span></li>
<li class="message">[<a href="#T06:47:34" id="T06:47:34"><abbr title="2009-01-15T06:47:34+00:00">06:47:34</abbr></a>] &lt;<cite>ds2</cite>&gt; <q>jkridner: that last argument I can understand... would it help if linux had a utility to change the initramfs image w/o a rebuild?</q></li>
<li class="message">[<a href="#T06:47:41" id="T06:47:41"><abbr title="2009-01-15T06:47:41+00:00">06:47:41</abbr></a>] &lt;<cite>garren|work</cite>&gt; <q>morning all</q></li>
<li class="message">[<a href="#T06:47:57" id="T06:47:57"><abbr title="2009-01-15T06:47:57+00:00">06:47:57</abbr></a>] &lt;<cite>koen</cite>&gt; <q>hey garren|work </q></li>
<li class="message">[<a href="#T06:48:12" id="T06:48:12"><abbr title="2009-01-15T06:48:12+00:00">06:48:12</abbr></a>] &lt;<cite>jkridner</cite>&gt; <q>ds2: yes.</q></li>
<li class="message">[<a href="#T06:48:15" id="T06:48:15"><abbr title="2009-01-15T06:48:15+00:00">06:48:15</abbr></a>] &lt;<cite>ds2</cite>&gt; <q>something like mdsetimage in bsd if you have seen that</q></li>
<li class="message">[<a href="#T06:49:07" id="T06:49:07"><abbr title="2009-01-15T06:49:07+00:00">06:49:07</abbr></a>] &lt;<cite>jkridner</cite>&gt; <q>ds2: I like the idea of just booting a single image and not having anything to screw up.  my u-boot hacks are currently how I manage.</q></li>
<li class="quit">[<a href="#T06:49:11" id="T06:49:11"><abbr title="2009-01-15T06:49:11+00:00">06:49:11</abbr></a>] <span>* rupeshgujare (n=rupesh@59.160.172.220) Quit (Read error: 113 (No route to host))</span></li>
<li class="join">[<a href="#T06:49:33" id="T06:49:33"><abbr title="2009-01-15T06:49:33+00:00">06:49:33</abbr></a>] <span>* rupeshgujare (n=rupesh@59.160.172.220) has joined #beagle</span></li>
<li class="message">[<a href="#T06:50:12" id="T06:50:12"><abbr title="2009-01-15T06:50:12+00:00">06:50:12</abbr></a>] &lt;<cite>ds2</cite>&gt; <q>jkridner: and for a test kernel, I'd think it should be something that can be easily JTAG downloaded so it does not assume NAND/SD/USB/etc is working</q></li>
<li class="join">[<a href="#T06:51:03" id="T06:51:03"><abbr title="2009-01-15T06:51:03+00:00">06:51:03</abbr></a>] <span>* rupeshgujare1 (n=rupesh@59.160.172.220) has joined #beagle</span></li>
<li class="join">[<a href="#T06:51:33" id="T06:51:33"><abbr title="2009-01-15T06:51:33+00:00">06:51:33</abbr></a>] <span>* rupeshgujare2 (n=rupesh@59.160.172.220) has joined #beagle</span></li>
<li class="message">[<a href="#T06:52:46" id="T06:52:46"><abbr title="2009-01-15T06:52:46+00:00">06:52:46</abbr></a>] &lt;<cite>garren|work</cite>&gt; <q>koen: the link you gave to your experimental web interface to building with OE, is it ok if I try it out sometime in the next couple days it looks cool :-)</q></li>
<li class="quit">[<a href="#T06:52:48" id="T06:52:48"><abbr title="2009-01-15T06:52:48+00:00">06:52:48</abbr></a>] <span>* rupeshgujare2 (n=rupesh@59.160.172.220) Quit (Read error: 104 (Connection reset by peer))</span></li>
<li class="join">[<a href="#T06:52:53" id="T06:52:53"><abbr title="2009-01-15T06:52:53+00:00">06:52:53</abbr></a>] <span>* rupeshgujare2 (n=rupesh@59.160.172.220) has joined #beagle</span></li>
<li class="message">[<a href="#T06:57:44" id="T06:57:44"><abbr title="2009-01-15T06:57:44+00:00">06:57:44</abbr></a>] &lt;<cite>khasi1</cite>&gt; <q>does any one have a video sample of 30sec duration - that can be played with mplayer?</q></li>
<li class="quit">[<a href="#T06:57:45" id="T06:57:45"><abbr title="2009-01-15T06:57:45+00:00">06:57:45</abbr></a>] <span>* rupeshgujare (n=rupesh@59.160.172.220) Quit (Read error: 60 (Operation timed out))</span></li>
<li class="message">[<a href="#T06:59:00" id="T06:59:00"><abbr title="2009-01-15T06:59:00+00:00">06:59:00</abbr></a>] &lt;<cite>jkridner</cite>&gt; <q>khasi1: you can trim big_buck_bunny, as long as it is the part that includes the credits.</q></li>
<li class="message">[<a href="#T06:59:18" id="T06:59:18"><abbr title="2009-01-15T06:59:18+00:00">06:59:18</abbr></a>] &lt;<cite>jkridner</cite>&gt; <q>actually, it is probably best to get a VGA image for testing.</q></li>
<li class="message">[<a href="#T06:59:27" id="T06:59:27"><abbr title="2009-01-15T06:59:27+00:00">06:59:27</abbr></a>] &lt;<cite>ds2</cite>&gt; <q>big_buck_bunny is available as a theora formated file</q></li>
<li class="message">[<a href="#T06:59:48" id="T06:59:48"><abbr title="2009-01-15T06:59:48+00:00">06:59:48</abbr></a>] &lt;<cite>jkridner</cite>&gt; <q>does ffmpeg use neon acceleration for theora?</q></li>
