<li class="join">[<a href="#T00:02:22" id="T00:02:22"><abbr title="2009-08-05T00:02:22+00:00">00:02:22</abbr></a>] <span>* robclark_ (n=robclark@nat/ti/x-pwlslnyythamaryz) has joined #beagle</span></li>
<li class="quit">[<a href="#T00:02:40" id="T00:02:40"><abbr title="2009-08-05T00:02:40+00:00">00:02:40</abbr></a>] <span>* wardred (n=wardred@75.142.253.144) Quit (Remote closed the connection)</span></li>
<li class="quit">[<a href="#T00:12:26" id="T00:12:26"><abbr title="2009-08-05T00:12:26+00:00">00:12:26</abbr></a>] <span>* bmc_ (n=bmc@7-183-126-200.fibertel.com.ar) Quit (Read error: 110 (Connection timed out))</span></li>
<li class="quit">[<a href="#T00:14:12" id="T00:14:12"><abbr title="2009-08-05T00:14:12+00:00">00:14:12</abbr></a>] <span>* duschendestroyer (n=dude@chaosline.com) Quit (wolfe.freenode.net irc.freenode.net)</span></li>
<li class="quit">[<abbr title="2009-08-05T00:14:12+00:00">00:14:12</abbr>] <span>* Crofton|work (n=balister@pool-71-171-22-222.nwrknj.east.verizon.net) Quit (wolfe.freenode.net irc.freenode.net)</span></li>
<li class="quit">[<abbr title="2009-08-05T00:14:12+00:00">00:14:12</abbr>] <span>* _courville_ (n=marc@courville.org) Quit (wolfe.freenode.net irc.freenode.net)</span></li>
<li class="quit">[<abbr title="2009-08-05T00:14:12+00:00">00:14:12</abbr>] <span>* solar (n=solar@smtp.gentoo.org) Quit (wolfe.freenode.net irc.freenode.net)</span></li>
<li class="quit">[<abbr title="2009-08-05T00:14:12+00:00">00:14:12</abbr>] <span>* methril|work (n=Methril@127.Red-80-38-102.staticIP.rima-tde.net) Quit (wolfe.freenode.net irc.freenode.net)</span></li>
<li class="join">[<a href="#T00:16:23" id="T00:16:23"><abbr title="2009-08-05T00:16:23+00:00">00:16:23</abbr></a>] <span>* _courville_ (n=marc@courville.org) has joined #beagle</span></li>
<li class="join">[<a href="#T00:16:43" id="T00:16:43"><abbr title="2009-08-05T00:16:43+00:00">00:16:43</abbr></a>] <span>* Animule (n=Animal@64.105.153.170) has joined #beagle</span></li>
<li class="quit">[<a href="#T00:17:06" id="T00:17:06"><abbr title="2009-08-05T00:17:06+00:00">00:17:06</abbr></a>] <span>* MattCampbell (n=matt@adsl-75-41-35-23.dsl.wchtks.sbcglobal.net) Quit ("Leaving")</span></li>
<li class="join">[<a href="#T00:18:33" id="T00:18:33"><abbr title="2009-08-05T00:18:33+00:00">00:18:33</abbr></a>] <span>* duschendestroyer (n=dude@chaosline.com) has joined #beagle</span></li>
<li class="join">[<abbr title="2009-08-05T00:18:33+00:00">00:18:33</abbr>] <span>* Crofton|work (n=balister@pool-71-171-22-222.nwrknj.east.verizon.net) has joined #beagle</span></li>
<li class="join">[<abbr title="2009-08-05T00:18:33+00:00">00:18:33</abbr>] <span>* methril|work (n=Methril@127.Red-80-38-102.staticIP.rima-tde.net) has joined #beagle</span></li>
<li class="join">[<abbr title="2009-08-05T00:18:33+00:00">00:18:33</abbr>] <span>* solar (n=solar@smtp.gentoo.org) has joined #beagle</span></li>
<li class="quit">[<a href="#T00:18:34" id="T00:18:34"><abbr title="2009-08-05T00:18:34+00:00">00:18:34</abbr></a>] <span>* methril|work (n=Methril@127.Red-80-38-102.staticIP.rima-tde.net) Quit (SendQ exceeded)</span></li>
<li class="join">[<a href="#T00:19:00" id="T00:19:00"><abbr title="2009-08-05T00:19:00+00:00">00:19:00</abbr></a>] <span>* methril|work (n=Methril@127.Red-80-38-102.staticIP.rima-tde.net) has joined #beagle</span></li>
<li class="quit">[<a href="#T00:19:30" id="T00:19:30"><abbr title="2009-08-05T00:19:30+00:00">00:19:30</abbr></a>] <span>* robclark (n=robclark@ppp-70-129-137-250.dsl.rcsntx.swbell.net) Quit (Read error: 110 (Connection timed out))</span></li>
<li class="quit">[<a href="#T00:21:36" id="T00:21:36"><abbr title="2009-08-05T00:21:36+00:00">00:21:36</abbr></a>] <span>* hsi (n=hsi@2001:16d8:ff1a:0:216:3eff:fe64:feb3) Quit (Read error: 60 (Operation timed out))</span></li>
<li class="join">[<a href="#T00:22:05" id="T00:22:05"><abbr title="2009-08-05T00:22:05+00:00">00:22:05</abbr></a>] <span>* hsi (n=hsi@2001:16d8:ff1a:0:216:3eff:fe64:feb3) has joined #beagle</span></li>
<li class="quit">[<a href="#T00:25:52" id="T00:25:52"><abbr title="2009-08-05T00:25:52+00:00">00:25:52</abbr></a>] <span>* rsalveti (n=rsalveti@200.184.118.130) Quit (Read error: 54 (Connection reset by peer))</span></li>
<li class="quit">[<a href="#T00:30:16" id="T00:30:16"><abbr title="2009-08-05T00:30:16+00:00">00:30:16</abbr></a>] <span>* pablo_ (n=pablo@7-183-126-200.fibertel.com.ar) Quit (Read error: 110 (Connection timed out))</span></li>
<li class="join">[<a href="#T00:30:24" id="T00:30:24"><abbr title="2009-08-05T00:30:24+00:00">00:30:24</abbr></a>] <span>* djlewis (n=bubba@75.15.65.232) has joined #beagle</span></li>
<li class="message">[<a href="#T00:36:39" id="T00:36:39"><abbr title="2009-08-05T00:36:39+00:00">00:36:39</abbr></a>] &lt;<cite>djlewis</cite>&gt; <q>ping ds2:</q></li>
<li class="quit">[<a href="#T00:43:14" id="T00:43:14"><abbr title="2009-08-05T00:43:14+00:00">00:43:14</abbr></a>] <span>* davidthings (n=chatzill@207.47.6.166.static.nextweb.net) Quit (Read error: 110 (Connection timed out))</span></li>
<li class="join">[<a href="#T00:43:40" id="T00:43:40"><abbr title="2009-08-05T00:43:40+00:00">00:43:40</abbr></a>] <span>* raster (n=raster@enlightenment/developer/raster) has joined #beagle</span></li>
<li class="message">[<a href="#T00:47:27" id="T00:47:27"><abbr title="2009-08-05T00:47:27+00:00">00:47:27</abbr></a>] &lt;<cite>jkridner|work</cite>&gt; <q>mru: did you report compilation issues of FFmpeg with the TI ARM compiler on community.ti.com?</q></li>
<li class="quit">[<a href="#T00:48:16" id="T00:48:16"><abbr title="2009-08-05T00:48:16+00:00">00:48:16</abbr></a>] <span>* pfoetchen (n=pfoetche@dslb-092-075-126-192.pools.arcor-ip.net) Quit ("leaving")</span></li>
<li class="join">[<a href="#T00:50:38" id="T00:50:38"><abbr title="2009-08-05T00:50:38+00:00">00:50:38</abbr></a>] <span>* lemay (n=chatzill@ip68-107-86-146.sd.sd.cox.net) has joined #beagle</span></li>
<li class="join">[<a href="#T00:53:35" id="T00:53:35"><abbr title="2009-08-05T00:53:35+00:00">00:53:35</abbr></a>] <span>* robtmr (n=robtmr@24.114.236.25) has joined #beagle</span></li>
<li class="quit">[<a href="#T00:53:54" id="T00:53:54"><abbr title="2009-08-05T00:53:54+00:00">00:53:54</abbr></a>] <span>* hsi (n=hsi@2001:16d8:ff1a:0:216:3eff:fe64:feb3) Quit (Remote closed the connection)</span></li>
<li class="join">[<a href="#T00:53:56" id="T00:53:56"><abbr title="2009-08-05T00:53:56+00:00">00:53:56</abbr></a>] <span>* hsi (n=hsi@2001:16d8:ff1a:0:216:3eff:fe64:feb3) has joined #beagle</span></li>
