<li class="message">[<a href="#T00:06:25" id="T00:06:25"><abbr title="2009-12-31T00:06:25+00:00">00:06:25</abbr></a>] &lt;<cite>djlewis_</cite>&gt; <q>bbl</q></li>
<li class="quit">[<a href="#T00:06:27" id="T00:06:27"><abbr title="2009-12-31T00:06:27+00:00">00:06:27</abbr></a>] <span>* djlewis_ (i=41401e0d@gateway/web/freenode/x-mqtdolqdlzcdrjlv) Quit ()</span></li>
<li class="join">[<a href="#T00:11:51" id="T00:11:51"><abbr title="2009-12-31T00:11:51+00:00">00:11:51</abbr></a>] <span>* j_ack (n=j_ack@p57A429D6.dip0.t-ipconnect.de) has joined #beagle</span></li>
<li class="join">[<a href="#T00:23:01" id="T00:23:01"><abbr title="2009-12-31T00:23:01+00:00">00:23:01</abbr></a>] <span>* raster (n=raster@enlightenment/developer/raster) has joined #beagle</span></li>
<li class="part">[<a href="#T00:28:58" id="T00:28:58"><abbr title="2009-12-31T00:28:58+00:00">00:28:58</abbr></a>] <span>* gregoiregentil (n=gregoire@c-98-210-206-210.hsd1.ca.comcast.net) has left #beagle</span></li>
<li class="quit">[<a href="#T00:31:05" id="T00:31:05"><abbr title="2009-12-31T00:31:05+00:00">00:31:05</abbr></a>] <span>* pH5 (n=ph5@e178196061.adsl.alicedsl.de) Quit ("bye")</span></li>
<li class="quit">[<a href="#T00:35:45" id="T00:35:45"><abbr title="2009-12-31T00:35:45+00:00">00:35:45</abbr></a>] <span>* robclark (n=robclark@nat/ti/x-oiigivqtfacxfjja) Quit (Remote closed the connection)</span></li>
<li class="quit">[<a href="#T00:39:10" id="T00:39:10"><abbr title="2009-12-31T00:39:10+00:00">00:39:10</abbr></a>] <span>* felipec (n=felipec@a91-153-253-80.elisa-laajakaista.fi) Quit ("Ex-Chat")</span></li>
<li class="join">[<a href="#T00:39:48" id="T00:39:48"><abbr title="2009-12-31T00:39:48+00:00">00:39:48</abbr></a>] <span>* Analias (n=Analias@c-68-35-8-162.hsd1.nm.comcast.net) has joined #beagle</span></li>
<li class="message">[<a href="#T00:40:49" id="T00:40:49"><abbr title="2009-12-31T00:40:49+00:00">00:40:49</abbr></a>] &lt;<cite>prpplague^2</cite>&gt; <q>hmm classic sci-fi tv tonight, wonder how many votes for bladerunner or logans run</q></li>
<li class="quit">[<a href="#T00:43:22" id="T00:43:22"><abbr title="2009-12-31T00:43:22+00:00">00:43:22</abbr></a>] <span>* j_ack (n=j_ack@p57A429D6.dip0.t-ipconnect.de) Quit ("Verlassend")</span></li>
<li class="quit">[<a href="#T00:47:32" id="T00:47:32"><abbr title="2009-12-31T00:47:32+00:00">00:47:32</abbr></a>] <span>* ant__ (n=andrea@host110-252-dynamic.1-79-r.retail.telecomitalia.it) Quit ("Leaving")</span></li>
<li class="join">[<a href="#T00:54:53" id="T00:54:53"><abbr title="2009-12-31T00:54:53+00:00">00:54:53</abbr></a>] <span>* ppotera (n=ppotera@c-69-243-129-126.hsd1.il.comcast.net) has joined #beagle</span></li>
<li class="quit">[<a href="#T00:58:54" id="T00:58:54"><abbr title="2009-12-31T00:58:54+00:00">00:58:54</abbr></a>] <span>* xpg (n=pf@port234.ds1-gjp.adsl.cybercity.dk) Quit ("Leaving")</span></li>
<li class="quit">[<a href="#T01:01:29" id="T01:01:29"><abbr title="2009-12-31T01:01:29+00:00">01:01:29</abbr></a>] <span>* florian (n=fuchs@Maemo/community/contributor/florian) Quit (Remote closed the connection)</span></li>
<li class="nick-change">[<a href="#T01:11:58" id="T01:11:58"><abbr title="2009-12-31T01:11:58+00:00">01:11:58</abbr></a>] <span>* jconnolly is now known as jconnolly|away</span></li>
<li class="quit">[<a href="#T01:16:44" id="T01:16:44"><abbr title="2009-12-31T01:16:44+00:00">01:16:44</abbr></a>] <span>* Barts_ (n=Barts@c-76-108-137-30.hsd1.fl.comcast.net) Quit (Read error: 110 (Connection timed out))</span></li>
<li class="join">[<a href="#T01:23:37" id="T01:23:37"><abbr title="2009-12-31T01:23:37+00:00">01:23:37</abbr></a>] <span>* djlewis (n=djlewis@65-70-11-236.dsl.tcworks.net) has joined #beagle</span></li>
<li class="join">[<a href="#T01:29:21" id="T01:29:21"><abbr title="2009-12-31T01:29:21+00:00">01:29:21</abbr></a>] <span>* Barts_ (n=Barts@c-76-108-137-30.hsd1.fl.comcast.net) has joined #beagle</span></li>
<li class="join">[<a href="#T01:33:50" id="T01:33:50"><abbr title="2009-12-31T01:33:50+00:00">01:33:50</abbr></a>] <span>* jeremychang (n=jeremych@61-30-10-70.static.tfn.net.tw) has joined #beagle</span></li>
<li class="quit">[<a href="#T01:34:41" id="T01:34:41"><abbr title="2009-12-31T01:34:41+00:00">01:34:41</abbr></a>] <span>* ogra (n=ogra@ubuntu/member/ogra) Quit (Read error: 60 (Operation timed out))</span></li>
<li class="quit">[<a href="#T01:37:29" id="T01:37:29"><abbr title="2009-12-31T01:37:29+00:00">01:37:29</abbr></a>] <span>* mikhas (n=mikhas@p4FC231A5.dip.t-dialin.net) Quit ("Ex-Chat")</span></li>
<li class="join">[<a href="#T01:46:26" id="T01:46:26"><abbr title="2009-12-31T01:46:26+00:00">01:46:26</abbr></a>] <span>* nfoxTc (n=don@173-142-175-70.pools.spcsdns.net) has joined #beagle</span></li>
<li class="join">[<a href="#T01:48:26" id="T01:48:26"><abbr title="2009-12-31T01:48:26+00:00">01:48:26</abbr></a>] <span>* ogra (n=ogra@ubuntu/member/ogra) has joined #beagle</span></li>
<li class="join">[<a href="#T01:53:07" id="T01:53:07"><abbr title="2009-12-31T01:53:07+00:00">01:53:07</abbr></a>] <span>* GrizzlyAdams (n=Grizzly@ip68-230-167-28.mc.at.cox.net) has joined #beagle</span></li>
