<li class="quit">[<a href="#T00:00:24" id="T00:00:24"><abbr title="2009-02-08T00:00:24+00:00">00:00:24</abbr></a>] <span>* ogra (n=ogra@ubuntu/member/ogra) Quit (Remote closed the connection)</span></li>
<li class="join">[<a href="#T00:01:58" id="T00:01:58"><abbr title="2009-02-08T00:01:58+00:00">00:01:58</abbr></a>] <span>* ogra (n=ogra@ubuntu/member/ogra) has joined #beagle</span></li>
<li class="message">[<a href="#T00:04:22" id="T00:04:22"><abbr title="2009-02-08T00:04:22+00:00">00:04:22</abbr></a>] &lt;<cite>jix</cite>&gt; <q>brianski: IIRC compiling the kernel with n cpus (and parallel make) gives nearly linear speedup because the kernel is made of a lot of rather small c files that can be compiled independently</q></li>
<li class="message">[<a href="#T00:04:35" id="T00:04:35"><abbr title="2009-02-08T00:04:35+00:00">00:04:35</abbr></a>] &lt;<cite>jix</cite>&gt; <q>brianski: so i'd say it will be significantly faster</q></li>
<li class="message">[<a href="#T00:05:17" id="T00:05:17"><abbr title="2009-02-08T00:05:17+00:00">00:05:17</abbr></a>] &lt;<cite>jix</cite>&gt; <q>(at least for full compiles, for small changes/recompiles the linking time will be more relevant)</q></li>
<li class="message">[<a href="#T00:05:19" id="T00:05:19"><abbr title="2009-02-08T00:05:19+00:00">00:05:19</abbr></a>] &lt;<cite>brianski</cite>&gt; <q>jix: ahh, good point</q></li>
<li class="message">[<a href="#T00:06:06" id="T00:06:06"><abbr title="2009-02-08T00:06:06+00:00">00:06:06</abbr></a>] &lt;<cite>brianski</cite>&gt; <q>so for that matter building in an emulated arm qemu w/ ncpus=2 might be faster..</q></li>
<li class="part">[<a href="#T00:07:20" id="T00:07:20"><abbr title="2009-02-08T00:07:20+00:00">00:07:20</abbr></a>] <span>* JuanG_ (n=Juan@nat/ti/x-09f7d9a15b66e8b9) has left #beagle</span></li>
<li class="quit">[<a href="#T00:07:35" id="T00:07:35"><abbr title="2009-02-08T00:07:35+00:00">00:07:35</abbr></a>] <span>* ogra (n=ogra@ubuntu/member/ogra) Quit (Remote closed the connection)</span></li>
<li class="message">[<a href="#T00:09:33" id="T00:09:33"><abbr title="2009-02-08T00:09:33+00:00">00:09:33</abbr></a>] &lt;<cite>brianski</cite>&gt; <q>does anyone know of a good benchmark besides kernel compiles (which i don't trust given the amount of arch-dependent stuff that goes on) ? i used to use ubench, but now tickless kernels mean ubench won't build or give meaningful output</q></li>
<li class="message">[<a href="#T00:10:42" id="T00:10:42"><abbr title="2009-02-08T00:10:42+00:00">00:10:42</abbr></a>] &lt;<cite>jix</cite>&gt; <q>hmmm doesn't ffmpeg come with a suite of selftests?</q></li>
<li class="message">[<a href="#T00:11:09" id="T00:11:09"><abbr title="2009-02-08T00:11:09+00:00">00:11:09</abbr></a>] &lt;<cite>jix</cite>&gt; <q>at least that one was used to find quite some compiler bugs for arm... i can imagine it could be a good benchmark too</q></li>
<li class="message">[<a href="#T00:11:18" id="T00:11:18"><abbr title="2009-02-08T00:11:18+00:00">00:11:18</abbr></a>] &lt;<cite>brianski</cite>&gt; <q>hmm, sounds fpu heavy</q></li>
<li class="message">[<a href="#T00:11:48" id="T00:11:48"><abbr title="2009-02-08T00:11:48+00:00">00:11:48</abbr></a>] &lt;<cite>jix</cite>&gt; <q>in addition to that you could try some complex compressors like PAQ</q></li>
<li class="message">[<a href="#T00:12:13" id="T00:12:13"><abbr title="2009-02-08T00:12:13+00:00">00:12:13</abbr></a>] &lt;<cite>brianski</cite>&gt; <q>yeah i've been using gzip on a file pulled from /dev/urandom</q></li>
<li class="message">[<a href="#T00:12:52" id="T00:12:52"><abbr title="2009-02-08T00:12:52+00:00">00:12:52</abbr></a>] &lt;<cite>jix</cite>&gt; <q>well with random data and gzip you basically make gzip doing nothing</q></li>
<li class="message">[<a href="#T00:12:58" id="T00:12:58"><abbr title="2009-02-08T00:12:58+00:00">00:12:58</abbr></a>] &lt;<cite>jix</cite>&gt; <q>so i'd use real data if it was for benchmarking</q></li>
<li class="message">[<a href="#T00:13:25" id="T00:13:25"><abbr title="2009-02-08T00:13:25+00:00">00:13:25</abbr></a>] &lt;<cite>jix</cite>&gt; <q>the deflate algorithm will find no long runs and thus never encodes a match and basically reverts to memcpy</q></li>
<li class="message">[<a href="#T00:13:42" id="T00:13:42"><abbr title="2009-02-08T00:13:42+00:00">00:13:42</abbr></a>] &lt;<cite>brianski</cite>&gt; <q>jix - memcpy is a useful benchmark too :-)</q></li>
<li class="message">[<a href="#T00:14:02" id="T00:14:02"><abbr title="2009-02-08T00:14:02+00:00">00:14:02</abbr></a>] &lt;<cite>jix</cite>&gt; <q>yeah but you can do that easier ;)</q></li>
<li class="message">[<a href="#T00:14:08" id="T00:14:08"><abbr title="2009-02-08T00:14:08+00:00">00:14:08</abbr></a>] &lt;<cite>brianski</cite>&gt; <q>:-P</q></li>
<li class="message">[<a href="#T00:14:20" id="T00:14:20"><abbr title="2009-02-08T00:14:20+00:00">00:14:20</abbr></a>] &lt;<cite>brianski</cite>&gt; <q>actually gzip -0 is store only isn't it?</q></li>
<li class="message">[<a href="#T00:14:26" id="T00:14:26"><abbr title="2009-02-08T00:14:26+00:00">00:14:26</abbr></a>] &lt;<cite>jix</cite>&gt; <q>paq is quite interesting because it uses stuff like hashtables etc...</q></li>
<li class="message">[<a href="#T00:14:32" id="T00:14:32"><abbr title="2009-02-08T00:14:32+00:00">00:14:32</abbr></a>] &lt;<cite>jix</cite>&gt; <q>it updates neural networks</q></li>
<li class="message">[<a href="#T00:14:38" id="T00:14:38"><abbr title="2009-02-08T00:14:38+00:00">00:14:38</abbr></a>] &lt;<cite>jix</cite>&gt; <q>does quite some table lookups</q></li>
<li class="message">[<abbr title="2009-02-08T00:14:38+00:00">00:14:38</abbr>] &lt;<cite>brianski</cite>&gt; <q>i dunno paq</q></li>
<li class="message">[<a href="#T00:14:43" id="T00:14:43"><abbr title="2009-02-08T00:14:43+00:00">00:14:43</abbr></a>] &lt;<cite>brianski</cite>&gt; <q>does it do better than lzma?</q></li>
<li class="message">[<a href="#T00:14:46" id="T00:14:46"><abbr title="2009-02-08T00:14:46+00:00">00:14:46</abbr></a>] &lt;<cite>jix</cite>&gt; <q>a lot</q></li>
<li class="message">[<a href="#T00:14:52" id="T00:14:52"><abbr title="2009-02-08T00:14:52+00:00">00:14:52</abbr></a>] &lt;<cite>jix</cite>&gt; <q>but it is very slow</q></li>
<li class="message">[<a href="#T00:14:59" id="T00:14:59"><abbr title="2009-02-08T00:14:59+00:00">00:14:59</abbr></a>] &lt;<cite>jix</cite>&gt; <q>and is very big</q></li>
<li class="message">[<a href="#T00:15:02" id="T00:15:02"><abbr title="2009-02-08T00:15:02+00:00">00:15:02</abbr></a>] &lt;<cite>brianski</cite>&gt; <q>hmm</q></li>
<li class="message">[<a href="#T00:15:09" id="T00:15:09"><abbr title="2009-02-08T00:15:09+00:00">00:15:09</abbr></a>] &lt;<cite>brianski</cite>&gt; <q>better than lzma -9  ?</q></li>
<li class="message">[<a href="#T00:15:12" id="T00:15:12"><abbr title="2009-02-08T00:15:12+00:00">00:15:12</abbr></a>] &lt;<cite>jix</cite>&gt; <q>yes</q></li>
<li class="message">[<a href="#T00:15:28" id="T00:15:28"><abbr title="2009-02-08T00:15:28+00:00">00:15:28</abbr></a>] &lt;<cite>jix</cite>&gt; <q>lzma doesn't do very good </q></li>
<li class="message">[<a href="#T00:15:33" id="T00:15:33"><abbr title="2009-02-08T00:15:33+00:00">00:15:33</abbr></a>] &lt;<cite>brianski</cite>&gt; <q>uh</q></li>
<li class="message">[<a href="#T00:15:38" id="T00:15:38"><abbr title="2009-02-08T00:15:38+00:00">00:15:38</abbr></a>] &lt;<cite>brianski</cite>&gt; <q>lzma kicks gzip's ass</q></li>
<li class="message">[<a href="#T00:15:41" id="T00:15:41"><abbr title="2009-02-08T00:15:41+00:00">00:15:41</abbr></a>] &lt;<cite>jix</cite>&gt; <q>it just has a very good speed / compression tradeoff</q></li>
<li class="message">[<abbr title="2009-02-08T00:15:41+00:00">00:15:41</abbr>] &lt;<cite>brianski</cite>&gt; <q>are you thinking of lzop ?</q></li>
<li class="message">[<a href="#T00:15:46" id="T00:15:46"><abbr title="2009-02-08T00:15:46+00:00">00:15:46</abbr></a>] &lt;<cite>jix</cite>&gt; <q>yeah gzip does very bad</q></li>
<li class="message">[<a href="#T00:15:48" id="T00:15:48"><abbr title="2009-02-08T00:15:48+00:00">00:15:48</abbr></a>] &lt;<cite>brianski</cite>&gt; <q>yeah you're thinking of lzop</q></li>
<li class="quit">[<a href="#T00:15:51" id="T00:15:51"><abbr title="2009-02-08T00:15:51+00:00">00:15:51</abbr></a>] <span>* hli_ (i=chaton@vig91-2-82-232-97-149.fbx.proxad.net) Quit ("ChatZilla 0.9.84 [Firefox 3.0.6/2009011913]")</span></li>
<li class="message">[<a href="#T00:15:54" id="T00:15:54"><abbr title="2009-02-08T00:15:54+00:00">00:15:54</abbr></a>] &lt;<cite>brianski</cite>&gt; <q>lzma is better than bzip2</q></li>
<li class="message">[<a href="#T00:15:56" id="T00:15:56"><abbr title="2009-02-08T00:15:56+00:00">00:15:56</abbr></a>] &lt;<cite>jix</cite>&gt; <q>no i know lzma i did quite some compression coding</q></li>
<li class="message">[<a href="#T00:16:05" id="T00:16:05"><abbr title="2009-02-08T00:16:05+00:00">00:16:05</abbr></a>] &lt;<cite>jix</cite>&gt; <q>brianski: they all aren't very good</q></li>
<li class="message">[<a href="#T00:16:09" id="T00:16:09"><abbr title="2009-02-08T00:16:09+00:00">00:16:09</abbr></a>] &lt;<cite>jix</cite>&gt; <q>but they are fast that's why they are used</q></li>
<li class="message">[<a href="#T00:16:33" id="T00:16:33"><abbr title="2009-02-08T00:16:33+00:00">00:16:33</abbr></a>] &lt;<cite>jix</cite>&gt; <q>paq is at least 100 times slower than gzip</q></li>
<li class="message">[<a href="#T00:16:44" id="T00:16:44"><abbr title="2009-02-08T00:16:44+00:00">00:16:44</abbr></a>] &lt;<cite>jix</cite>&gt; <q>that just isn't practical for day to day usage</q></li>
<li class="message">[<a href="#T00:16:54" id="T00:16:54"><abbr title="2009-02-08T00:16:54+00:00">00:16:54</abbr></a>] &lt;<cite>jix</cite>&gt; <q>that's why they are a) not widely used and thus b) not popular</q></li>
<li class="message">[<a href="#T00:17:09" id="T00:17:09"><abbr title="2009-02-08T00:17:09+00:00">00:17:09</abbr></a>] &lt;<cite>jix</cite>&gt; <q>they are more kind of research compressors</q></li>
<li class="message">[<a href="#T00:17:32" id="T00:17:32"><abbr title="2009-02-08T00:17:32+00:00">00:17:32</abbr></a>] &lt;<cite>brianski</cite>&gt; <q>gotcha</q></li>
<li class="message">[<a href="#T00:17:57" id="T00:17:57"><abbr title="2009-02-08T00:17:57+00:00">00:17:57</abbr></a>] &lt;<cite>jix</cite>&gt; <q>i actually implemented a compressor that beats lzma myself.... but it's downside is the memory usage.... for 64kb of data it takes hundereds of mb of ram</q></li>
<li class="message">[<a href="#T00:18:13" id="T00:18:13"><abbr title="2009-02-08T00:18:13+00:00">00:18:13</abbr></a>] &lt;<cite>jix</cite>&gt; <q>but the decompression code fits in 240 bytes of x86 assembler</q></li>
<li class="message">[<a href="#T00:18:15" id="T00:18:15"><abbr title="2009-02-08T00:18:15+00:00">00:18:15</abbr></a>] &lt;<cite>brianski</cite>&gt; <q>but i was under the impression that those sorts of algorithms didn't do well as "general purpose" compressors - ie on some datasets they just basicaly did nothing</q></li>
<li class="message">[<a href="#T00:18:37" id="T00:18:37"><abbr title="2009-02-08T00:18:37+00:00">00:18:37</abbr></a>] &lt;<cite>brianski</cite>&gt; <q>well un-lzma'ing is a pretty simple algorithm iirc</q></li>
<li class="join">[<a href="#T00:18:45" id="T00:18:45"><abbr title="2009-02-08T00:18:45+00:00">00:18:45</abbr></a>] <span>* ogra (n=ogra@ubuntu/member/ogra) has joined #beagle</span></li>
<li class="message">[<a href="#T00:18:48" id="T00:18:48"><abbr title="2009-02-08T00:18:48+00:00">00:18:48</abbr></a>] &lt;<cite>jix</cite>&gt; <q>brianski: it is ok... i think 2k x86 code</q></li>
<li class="message">[<a href="#T00:18:49" id="T00:18:49"><abbr title="2009-02-08T00:18:49+00:00">00:18:49</abbr></a>] &lt;<cite>brianski</cite>&gt; <q>un lz-anything i guess is</q></li>
<li class="message">[<a href="#T00:19:06" id="T00:19:06"><abbr title="2009-02-08T00:19:06+00:00">00:19:06</abbr></a>] &lt;<cite>jix</cite>&gt; <q>lzma-flow is the smallest un lzma i know of</q></li>
<li class="message">[<a href="#T00:19:34" id="T00:19:34"><abbr title="2009-02-08T00:19:34+00:00">00:19:34</abbr></a>] &lt;<cite>jix</cite>&gt; <q>used it to generate ultra small mac os x executables before coming up with my algorithm</q></li>
<li class="message">[<a href="#T00:20:10" id="T00:20:10"><abbr title="2009-02-08T00:20:10+00:00">00:20:10</abbr></a>] &lt;<cite>jix</cite>&gt; <q>lzma basically is like gzip but replace huffman coding with an arithmetic coder and an intelligent model</q></li>
<li class="message">[<a href="#T00:20:32" id="T00:20:32"><abbr title="2009-02-08T00:20:32+00:00">00:20:32</abbr></a>] &lt;<cite>jix</cite>&gt; <q>all better compression algorithms are just an arithmetic coder and an intelligent model</q></li>
<li class="message">[<a href="#T00:20:46" id="T00:20:46"><abbr title="2009-02-08T00:20:46+00:00">00:20:46</abbr></a>] &lt;<cite>jix</cite>&gt; <q>turned out LZ actually hurts compression.... but it makes it a lot faster</q></li>
<li class="message">[<a href="#T00:20:54" id="T00:20:54"><abbr title="2009-02-08T00:20:54+00:00">00:20:54</abbr></a>] &lt;<cite>brianski</cite>&gt; <q>eh?</q></li>
<li class="message">[<a href="#T00:21:14" id="T00:21:14"><abbr title="2009-02-08T00:21:14+00:00">00:21:14</abbr></a>] &lt;<cite>brianski</cite>&gt; <q>you mean with a sufficiently smart arith coder and model?</q></li>
<li class="message">[<a href="#T00:21:19" id="T00:21:19"><abbr title="2009-02-08T00:21:19+00:00">00:21:19</abbr></a>] &lt;<cite>jix</cite>&gt; <q>yeah</q></li>
<li class="message">[<a href="#T00:21:33" id="T00:21:33"><abbr title="2009-02-08T00:21:33+00:00">00:21:33</abbr></a>] &lt;<cite>brianski</cite>&gt; <q>what i like about lz* algorithms are there simplicity</q></li>
<li class="message">[<a href="#T00:21:42" id="T00:21:42"><abbr title="2009-02-08T00:21:42+00:00">00:21:42</abbr></a>] &lt;<cite>brianski</cite>&gt; <q>also my pops is one of the S's in LZSS, so i guess i'm partial</q></li>
<li class="quit">[<a href="#T00:23:36" id="T00:23:36"><abbr title="2009-02-08T00:23:36+00:00">00:23:36</abbr></a>] <span>* pH5 (n=ph5@p5485ECB7.dip.t-dialin.net) Quit ("Leaving")</span></li>
<li class="message">[<a href="#T00:24:32" id="T00:24:32"><abbr title="2009-02-08T00:24:32+00:00">00:24:32</abbr></a>] &lt;<cite>jix</cite>&gt; <q>but yeah for everyday use i guess lzma is pretty optimal</q></li>
<li class="message">[<a href="#T00:25:06" id="T00:25:06"><abbr title="2009-02-08T00:25:06+00:00">00:25:06</abbr></a>] &lt;<cite>brianski</cite>&gt; <q>jix: i use lzop when i have very compressible data or a slow cpu, lzma when i need max compression, and gzip when i need max compatibility</q></li>
<li class="message">[<a href="#T00:25:47" id="T00:25:47"><abbr title="2009-02-08T00:25:47+00:00">00:25:47</abbr></a>] &lt;<cite>brianski</cite>&gt; <q>how long would it take to paq a 8GB disk (well, SDHC) image?</q></li>
<li class="message">[<a href="#T00:25:53" id="T00:25:53"><abbr title="2009-02-08T00:25:53+00:00">00:25:53</abbr></a>] &lt;<cite>jix</cite>&gt; <q>hmm</q></li>
<li class="message">[<a href="#T00:26:51" id="T00:26:51"><abbr title="2009-02-08T00:26:51+00:00">00:26:51</abbr></a>] &lt;<cite>brianski</cite>&gt; <q>hours, days, weeks, or more?</q></li>
<li class="message">[<a href="#T00:27:00" id="T00:27:00"><abbr title="2009-02-08T00:27:00+00:00">00:27:00</abbr></a>] &lt;<cite>jix</cite>&gt; <q>looking up some benchmarks right now</q></li>
<li class="message">[<a href="#T00:27:28" id="T00:27:28"><abbr title="2009-02-08T00:27:28+00:00">00:27:28</abbr></a>] &lt;<cite>jix</cite>&gt; <q>56993ns/byte</q></li>
<li class="message">[<a href="#T00:27:50" id="T00:27:50"><abbr title="2009-02-08T00:27:50+00:00">00:27:50</abbr></a>] &lt;<cite>jix</cite>&gt; <q>(medium time needed per byte for 1gb of wikipedia)</q></li>
<li class="message">[<a href="#T00:28:11" id="T00:28:11"><abbr title="2009-02-08T00:28:11+00:00">00:28:11</abbr></a>] &lt;<cite>brianski</cite>&gt; <q>jix: where are the benchmarks you're citing?</q></li>
<li class="message">[<a href="#T00:28:18" id="T00:28:18"><abbr title="2009-02-08T00:28:18+00:00">00:28:18</abbr></a>] &lt;<cite>jix</cite>&gt; <q><a href="http://www.cs.fit.edu/~mmahoney/compression/text.html">http://www.cs.fit.edu/~mmahoney/compression/text.html</a></q></li>
<li class="message">[<a href="#T00:28:32" id="T00:28:32"><abbr title="2009-02-08T00:28:32+00:00">00:28:32</abbr></a>] &lt;<cite>brianski</cite>&gt; <q>thx</q></li>
<li class="message">[<abbr title="2009-02-08T00:28:32+00:00">00:28:32</abbr>] &lt;<cite>jix</cite>&gt; <q>paq8hp12any was the version that number is from</q></li>
<li class="message">[<a href="#T00:28:43" id="T00:28:43"><abbr title="2009-02-08T00:28:43+00:00">00:28:43</abbr></a>] &lt;<cite>jix</cite>&gt; <q><a href="http://www.cs.fit.edu/~mmahoney/compression/">http://www.cs.fit.edu/~mmahoney/compression/</a> &lt;&lt; is the official paq site</q></li>
<li class="message">[<a href="#T00:28:56" id="T00:28:56"><abbr title="2009-02-08T00:28:56+00:00">00:28:56</abbr></a>] &lt;<cite>jix</cite>&gt; <q>but note that all paq versions are incompatible to each other..... another reason no one uses them ^^</q></li>
<li class="join">[<a href="#T00:29:56" id="T00:29:56"><abbr title="2009-02-08T00:29:56+00:00">00:29:56</abbr></a>] <span>* bisco (i=5a9304dd@gateway/web/ajax/mibbit.com/x-c5e960d00b95df8a) has joined #beagle</span></li>
<li class="quit">[<a href="#T00:33:50" id="T00:33:50"><abbr title="2009-02-08T00:33:50+00:00">00:33:50</abbr></a>] <span>* Wowbagger_ (n=wowbagge@d154-20-130-66.bchsia.telus.net) Quit (Client Quit)</span></li>
<li class="quit">[<a href="#T00:36:06" id="T00:36:06"><abbr title="2009-02-08T00:36:06+00:00">00:36:06</abbr></a>] <span>* ogra (n=ogra@ubuntu/member/ogra) Quit (Remote closed the connection)</span></li>
<li class="join">[<a href="#T00:36:59" id="T00:36:59"><abbr title="2009-02-08T00:36:59+00:00">00:36:59</abbr></a>] <span>* ogra (n=ogra@ubuntu/member/ogra) has joined #beagle</span></li>
<li class="message">[<a href="#T00:38:07" id="T00:38:07"><abbr title="2009-02-08T00:38:07+00:00">00:38:07</abbr></a>] &lt;<cite>sakoman_</cite>&gt; <q>brianski: I've been seeing the 'Spurious irq 95' for quite a while.</q></li>
<li class="message">[<a href="#T00:38:25" id="T00:38:25"><abbr title="2009-02-08T00:38:25+00:00">00:38:25</abbr></a>] &lt;<cite>sakoman_</cite>&gt; <q>it is still there with 2.6.29-rc3 and the most recent u-boot</q></li>
<li class="nick-change">[<a href="#T00:41:13" id="T00:41:13"><abbr title="2009-02-08T00:41:13+00:00">00:41:13</abbr></a>] <span>* fulgas is now known as FuL|OUT</span></li>
<li class="message">[<a href="#T00:41:30" id="T00:41:30"><abbr title="2009-02-08T00:41:30+00:00">00:41:30</abbr></a>] &lt;<cite>brianski</cite>&gt; <q>sakoman_: bummer</q></li>
<li class="quit">[<a href="#T00:42:25" id="T00:42:25"><abbr title="2009-02-08T00:42:25+00:00">00:42:25</abbr></a>] <span>* Xenion (n=robert@p579FC50E.dip.t-dialin.net) Quit ("Verlassend")</span></li>
<li class="quit">[<a href="#T00:43:29" id="T00:43:29"><abbr title="2009-02-08T00:43:29+00:00">00:43:29</abbr></a>] <span>* ogra (n=ogra@ubuntu/member/ogra) Quit (Remote closed the connection)</span></li>
<li class="join">[<a href="#T00:46:43" id="T00:46:43"><abbr title="2009-02-08T00:46:43+00:00">00:46:43</abbr></a>] <span>* bmxr (n=bmxr@d64-180-251-177.bchsia.telus.net) has joined #beagle</span></li>
<li class="quit">[<a href="#T00:46:44" id="T00:46:44"><abbr title="2009-02-08T00:46:44+00:00">00:46:44</abbr></a>] <span>* dixson3 (n=dixson3@cpe-24-28-79-164.austin.res.rr.com) Quit (Read error: 104 (Connection reset by peer))</span></li>
<li class="join">[<a href="#T00:48:40" id="T00:48:40"><abbr title="2009-02-08T00:48:40+00:00">00:48:40</abbr></a>] <span>* dixson3 (n=dixson3@cpe-24-28-79-164.austin.res.rr.com) has joined #beagle</span></li>
<li class="message">[<a href="#T00:49:47" id="T00:49:47"><abbr title="2009-02-08T00:49:47+00:00">00:49:47</abbr></a>] &lt;<cite>developer</cite>&gt; <q>bitbake myass</q></li>
<li class="message">[<a href="#T00:50:36" id="T00:50:36"><abbr title="2009-02-08T00:50:36+00:00">00:50:36</abbr></a>] &lt;<cite>bmxr</cite>&gt; <q>try to keep it clean developer...</q></li>
<li class="message">[<a href="#T00:50:44" id="T00:50:44"><abbr title="2009-02-08T00:50:44+00:00">00:50:44</abbr></a>] &lt;<cite>developer</cite>&gt; <q>LOL</q></li>
<li class="message">[<a href="#T00:51:00" id="T00:51:00"><abbr title="2009-02-08T00:51:00+00:00">00:51:00</abbr></a>] &lt;<cite>developer</cite>&gt; <q>thanks a lot for the help</q></li>
<li class="message">[<a href="#T00:51:07" id="T00:51:07"><abbr title="2009-02-08T00:51:07+00:00">00:51:07</abbr></a>] &lt;<cite>developer</cite>&gt; <q>i gotta go</q></li>
<li class="quit">[<a href="#T00:51:41" id="T00:51:41"><abbr title="2009-02-08T00:51:41+00:00">00:51:41</abbr></a>] <span>* developer (n=develope@190.84.62.36) Quit (Remote closed the connection)</span></li>
<li class="quit">[<a href="#T00:56:47" id="T00:56:47"><abbr title="2009-02-08T00:56:47+00:00">00:56:47</abbr></a>] <span>* emeb_mac (n=ericb@ip72-223-90-212.ph.ph.cox.net) Quit ()</span></li>
<li class="join">[<a href="#T01:01:54" id="T01:01:54"><abbr title="2009-02-08T01:01:54+00:00">01:01:54</abbr></a>] <span>* ogra (n=ogra@ubuntu/member/ogra) has joined #beagle</span></li>
<li class="message">[<a href="#T01:04:00" id="T01:04:00"><abbr title="2009-02-08T01:04:00+00:00">01:04:00</abbr></a>] &lt;<cite>brianski</cite>&gt; <q>has anyone succeeded in running a debian/arm (not armel) install on beagleboard?</q></li>
<li class="message">[<a href="#T01:05:48" id="T01:05:48"><abbr title="2009-02-08T01:05:48+00:00">01:05:48</abbr></a>] &lt;<cite>brianski</cite>&gt; <q>hmm, lshw bombs with "bus error" when run with su privs, but provides partial output ok without</q></li>
<li class="quit">[<a href="#T01:11:19" id="T01:11:19"><abbr title="2009-02-08T01:11:19+00:00">01:11:19</abbr></a>] <span>* ogra (n=ogra@ubuntu/member/ogra) Quit (Remote closed the connection)</span></li>
<li class="join">[<a href="#T01:13:49" id="T01:13:49"><abbr title="2009-02-08T01:13:49+00:00">01:13:49</abbr></a>] <span>* emeb (n=ericb@ip72-223-90-212.ph.ph.cox.net) has joined #beagle</span></li>
<li class="quit">[<a href="#T01:14:44" id="T01:14:44"><abbr title="2009-02-08T01:14:44+00:00">01:14:44</abbr></a>] <span>* oc2k1___ (n=oc2k1@p5B10719A.dip.t-dialin.net) Quit (Remote closed the connection)</span></li>
<li class="quit">[<a href="#T01:15:54" id="T01:15:54"><abbr title="2009-02-08T01:15:54+00:00">01:15:54</abbr></a>] <span>* maelcum (n=quassel@e178130007.adsl.alicedsl.de) Quit (Nick collision from services.)</span></li>
<li class="join">[<a href="#T01:16:08" id="T01:16:08"><abbr title="2009-02-08T01:16:08+00:00">01:16:08</abbr></a>] <span>* maelcum (n=quassel@e178130007.adsl.alicedsl.de) has joined #beagle</span></li>
<li class="join">[<a href="#T01:27:41" id="T01:27:41"><abbr title="2009-02-08T01:27:41+00:00">01:27:41</abbr></a>] <span>* bmxr_laptop (n=chatzill@d64-180-251-177.bchsia.telus.net) has joined #beagle</span></li>
<li class="message">[<a href="#T01:37:56" id="T01:37:56"><abbr title="2009-02-08T01:37:56+00:00">01:37:56</abbr></a>] &lt;<cite>jix</cite>&gt; <q>in the 2.6.28 omap kernel you can't disable the framebuffer + display driver stuff :/</q></li>
<li class="quit">[<a href="#T01:39:26" id="T01:39:26"><abbr title="2009-02-08T01:39:26+00:00">01:39:26</abbr></a>] <span>* abitos (n=nixgibts@dslb-084-057-178-087.pools.arcor-ip.net) Quit (Read error: 113 (No route to host))</span></li>
<li class="quit">[<a href="#T01:40:34" id="T01:40:34"><abbr title="2009-02-08T01:40:34+00:00">01:40:34</abbr></a>] <span>* bmxr_laptop (n=chatzill@d64-180-251-177.bchsia.telus.net) Quit ("ChatZilla 0.9.84 [Firefox 3.0.5/2008121623]")</span></li>
<li class="join">[<a href="#T01:48:01" id="T01:48:01"><abbr title="2009-02-08T01:48:01+00:00">01:48:01</abbr></a>] <span>* daperl (n=daperl@cpe-66-74-209-116.san.res.rr.com) has joined #beagle</span></li>
<li class="quit">[<a href="#T01:50:50" id="T01:50:50"><abbr title="2009-02-08T01:50:50+00:00">01:50:50</abbr></a>] <span>* brianski (n=ski@96.231.223.99) Quit ("Leaving.")</span></li>
<li class="quit">[<a href="#T01:51:15" id="T01:51:15"><abbr title="2009-02-08T01:51:15+00:00">01:51:15</abbr></a>] <span>* bisco (i=5a9304dd@gateway/web/ajax/mibbit.com/x-c5e960d00b95df8a) Quit ("<a href="http://www.mibbit.com">http://www.mibbit.com</a> ajax IRC Client")</span></li>
<li class="message">[<a href="#T01:58:40" id="T01:58:40"><abbr title="2009-02-08T01:58:40+00:00">01:58:40</abbr></a>] &lt;<cite>jix</cite>&gt; <q>hmmmm and usb host seems to be pretty broken :(</q></li>
<li class="quit">[<a href="#T02:00:08" id="T02:00:08"><abbr title="2009-02-08T02:00:08+00:00">02:00:08</abbr></a>] <span>* rsalveti (n=salveti@200.184.118.130) Quit (Remote closed the connection)</span></li>
<li class="join">[<a href="#T02:27:26" id="T02:27:26"><abbr title="2009-02-08T02:27:26+00:00">02:27:26</abbr></a>] <span>* Cru_N_cher (n=luls_lol@dslb-084-058-137-101.pools.arcor-ip.net) has joined #beagle</span></li>
<li class="quit">[<a href="#T02:28:16" id="T02:28:16"><abbr title="2009-02-08T02:28:16+00:00">02:28:16</abbr></a>] <span>* CruNcher (n=luls_lol@dslb-084-058-159-132.pools.arcor-ip.net) Quit (Read error: 60 (Operation timed out))</span></li>
<li class="join">[<a href="#T02:32:07" id="T02:32:07"><abbr title="2009-02-08T02:32:07+00:00">02:32:07</abbr></a>] <span>* davidwang (i=41c7bd06@gateway/web/ajax/mibbit.com/x-b64a96ee13c88ab6) has joined #beagle</span></li>
<li class="message">[<a href="#T02:32:58" id="T02:32:58"><abbr title="2009-02-08T02:32:58+00:00">02:32:58</abbr></a>] &lt;<cite>davidwang</cite>&gt; <q>Hi,does anyone know well HDMI on beagleboard?</q></li>
<li class="quit">[<a href="#T02:52:05" id="T02:52:05"><abbr title="2009-02-08T02:52:05+00:00">02:52:05</abbr></a>] <span>* javaJake (n=javaJake@unaffiliated/javajake) Quit ("bye")</span></li>
<li class="join">[<a href="#T02:59:09" id="T02:59:09"><abbr title="2009-02-08T02:59:09+00:00">02:59:09</abbr></a>] <span>* jix_ (n=jix@dyndsl-095-033-066-003.ewe-ip-backbone.de) has joined #beagle</span></li>
<li class="message">[<a href="#T03:04:00" id="T03:04:00"><abbr title="2009-02-08T03:04:00+00:00">03:04:00</abbr></a>] &lt;<cite>gregoiregentil</cite>&gt; <q>How can I use DSS2 with TFTDATALINES=18bits? I tried to patch (force) dispc_set_tft_data_lines in dispc.c but it doesn't seem to work. Any idea?</q></li>
<li class="quit">[<a href="#T03:05:18" id="T03:05:18"><abbr title="2009-02-08T03:05:18+00:00">03:05:18</abbr></a>] <span>* DJWillis (i=djwillis@82-46-19-72.cable.ubr02.bath.blueyonder.co.uk) Quit (Read error: 104 (Connection reset by peer))</span></li>
<li class="quit">[<a href="#T03:12:04" id="T03:12:04"><abbr title="2009-02-08T03:12:04+00:00">03:12:04</abbr></a>] <span>* lcuk (i=lcuk@cpc1-oldh7-0-0-cust232.manc.cable.ntl.com) Quit ("Leaving")</span></li>
<li class="quit">[<a href="#T03:12:16" id="T03:12:16"><abbr title="2009-02-08T03:12:16+00:00">03:12:16</abbr></a>] <span>* jix (n=jix@dyndsl-095-033-079-201.ewe-ip-backbone.de) Quit (Read error: 110 (Connection timed out))</span></li>
<li class="quit">[<a href="#T03:15:38" id="T03:15:38"><abbr title="2009-02-08T03:15:38+00:00">03:15:38</abbr></a>] <span>* kozak (n=subbu@117.192.11.240) Quit (Read error: 110 (Connection timed out))</span></li>
<li class="part">[<a href="#T03:17:18" id="T03:17:18"><abbr title="2009-02-08T03:17:18+00:00">03:17:18</abbr></a>] <span>* emeb (n=ericb@ip72-223-90-212.ph.ph.cox.net) has left #beagle</span></li>
<li class="join">[<a href="#T03:23:07" id="T03:23:07"><abbr title="2009-02-08T03:23:07+00:00">03:23:07</abbr></a>] <span>* emeb_mac (n=ericb@ip72-223-90-212.ph.ph.cox.net) has joined #beagle</span></li>
<li class="join">[<a href="#T03:30:38" id="T03:30:38"><abbr title="2009-02-08T03:30:38+00:00">03:30:38</abbr></a>] <span>* ogra (n=ogra@ubuntu/member/ogra) has joined #beagle</span></li>
<li class="join">[<a href="#T03:44:50" id="T03:44:50"><abbr title="2009-02-08T03:44:50+00:00">03:44:50</abbr></a>] <span>* alecrim (n=alecrim@201008195062.user.veloxzone.com.br) has joined #beagle</span></li>
<li class="quit">[<a href="#T04:07:52" id="T04:07:52"><abbr title="2009-02-08T04:07:52+00:00">04:07:52</abbr></a>] <span>* alecrim (n=alecrim@201008195062.user.veloxzone.com.br) Quit (Remote closed the connection)</span></li>
<li class="join">[<a href="#T04:08:20" id="T04:08:20"><abbr title="2009-02-08T04:08:20+00:00">04:08:20</abbr></a>] <span>* alecrim (n=alecrim@201008195062.user.veloxzone.com.br) has joined #beagle</span></li>
<li class="quit">[<a href="#T05:05:46" id="T05:05:46"><abbr title="2009-02-08T05:05:46+00:00">05:05:46</abbr></a>] <span>* aevin (i=eivindsy@unaffiliated/aevin) Quit (Read error: 110 (Connection timed out))</span></li>
<li class="quit">[<a href="#T05:09:56" id="T05:09:56"><abbr title="2009-02-08T05:09:56+00:00">05:09:56</abbr></a>] <span>* bazbell (n=a0192809@nat/ti/x-0ffba12f81f8c8a3) Quit (Remote closed the connection)</span></li>
<li class="join">[<a href="#T05:27:18" id="T05:27:18"><abbr title="2009-02-08T05:27:18+00:00">05:27:18</abbr></a>] <span>* rsalveti (n=salveti@189.70.71.70) has joined #beagle</span></li>
<li class="quit">[<a href="#T05:31:01" id="T05:31:01"><abbr title="2009-02-08T05:31:01+00:00">05:31:01</abbr></a>] <span>* davidwang (i=41c7bd06@gateway/web/ajax/mibbit.com/x-b64a96ee13c88ab6) Quit ("<a href="http://www.mibbit.com">http://www.mibbit.com</a> ajax IRC Client")</span></li>
<li class="join">[<a href="#T05:39:27" id="T05:39:27"><abbr title="2009-02-08T05:39:27+00:00">05:39:27</abbr></a>] <span>* raster (n=raster@enlightenment/developer/raster) has joined #beagle</span></li>
<li class="quit">[<a href="#T06:16:39" id="T06:16:39"><abbr title="2009-02-08T06:16:39+00:00">06:16:39</abbr></a>] <span>* bmxr (n=bmxr@d64-180-251-177.bchsia.telus.net) Quit (Remote closed the connection)</span></li>
<li class="quit">[<a href="#T06:31:04" id="T06:31:04"><abbr title="2009-02-08T06:31:04+00:00">06:31:04</abbr></a>] <span>* emeb_mac (n=ericb@ip72-223-90-212.ph.ph.cox.net) Quit ()</span></li>
<li class="quit">[<a href="#T06:31:20" id="T06:31:20"><abbr title="2009-02-08T06:31:20+00:00">06:31:20</abbr></a>] <span>* rsalveti (n=salveti@189.70.71.70) Quit (Read error: 110 (Connection timed out))</span></li>
<li class="join">[<a href="#T06:45:07" id="T06:45:07"><abbr title="2009-02-08T06:45:07+00:00">06:45:07</abbr></a>] <span>* kozak (n=subbu@117.192.1.47) has joined #beagle</span></li>
<li class="quit">[<a href="#T06:57:26" id="T06:57:26"><abbr title="2009-02-08T06:57:26+00:00">06:57:26</abbr></a>] <span>* daperl (n=daperl@cpe-66-74-209-116.san.res.rr.com) Quit (Read error: 110 (Connection timed out))</span></li>
<li class="quit">[<a href="#T07:10:31" id="T07:10:31"><abbr title="2009-02-08T07:10:31+00:00">07:10:31</abbr></a>] <span>* hugsig (n=hsi@2001:16d8:ff1a:0:216:3eff:fe5a:59cd) Quit (Read error: 60 (Operation timed out))</span></li>
<li class="quit">[<a href="#T07:16:55" id="T07:16:55"><abbr title="2009-02-08T07:16:55+00:00">07:16:55</abbr></a>] <span>* BThompsonD (n=BThompso@cpe-76-185-93-11.tx.res.rr.com) Quit (Read error: 54 (Connection reset by peer))</span></li>
<li class="message">[<a href="#T07:26:14" id="T07:26:14"><abbr title="2009-02-08T07:26:14+00:00">07:26:14</abbr></a>] &lt;<cite>tomba</cite>&gt; <q>gregoiregentil: isn't that defined in the board file's display config</q></li>
<li class="message">[<a href="#T07:31:33" id="T07:31:33"><abbr title="2009-02-08T07:31:33+00:00">07:31:33</abbr></a>] &lt;<cite>tomba</cite>&gt; <q>although I'm not sure why anyone would want 18bit tft datalines. with 16bpp it's of no use, with 24bpp you'll get only slightly better colors but lot worse memory consumption and bandwidth need</q></li>
<li class="message">[<a href="#T07:32:57" id="T07:32:57"><abbr title="2009-02-08T07:32:57+00:00">07:32:57</abbr></a>] &lt;<cite>gregoiregentil</cite>&gt; <q>tomba: you're right and in the future, I will do 24 bit. but I have some hardware that I would like to make work and it's physically 18 bit</q></li>
<li class="message">[<a href="#T07:33:41" id="T07:33:41"><abbr title="2009-02-08T07:33:41+00:00">07:33:41</abbr></a>] &lt;<cite>tomba</cite>&gt; <q>it doesn't work with 16bit datalines? I think it should work fine. but I guess it depends.</q></li>
<li class="message">[<a href="#T07:33:48" id="T07:33:48"><abbr title="2009-02-08T07:33:48+00:00">07:33:48</abbr></a>] &lt;<cite>gregoiregentil</cite>&gt; <q>I have changed .u.dpi.data_lines = 18 in omap_display_data beagle_display_data_dvi in board-omap3beagle.c</q></li>
<li class="message">[<a href="#T07:33:58" id="T07:33:58"><abbr title="2009-02-08T07:33:58+00:00">07:33:58</abbr></a>] &lt;<cite>gregoiregentil</cite>&gt; <q>but it's the same</q></li>
<li class="message">[<a href="#T07:34:21" id="T07:34:21"><abbr title="2009-02-08T07:34:21+00:00">07:34:21</abbr></a>] &lt;<cite>tomba</cite>&gt; <q>umm so do you have a custom LCD connected to beagle?</q></li>
<li class="message">[<a href="#T07:34:26" id="T07:34:26"><abbr title="2009-02-08T07:34:26+00:00">07:34:26</abbr></a>] &lt;<cite>gregoiregentil</cite>&gt; <q>also, I forced DISPC_CONTROL in dispc.c to code=2 for TFTDATALINE</q></li>
<li class="message">[<a href="#T07:34:29" id="T07:34:29"><abbr title="2009-02-08T07:34:29+00:00">07:34:29</abbr></a>] &lt;<cite>gregoiregentil</cite>&gt; <q>yes</q></li>
<li class="join">[<a href="#T07:34:34" id="T07:34:34"><abbr title="2009-02-08T07:34:34+00:00">07:34:34</abbr></a>] <span>* dirk2 (n=dirk@92.117.4.49) has joined #beagle</span></li>
<li class="message">[<a href="#T07:34:46" id="T07:34:46"><abbr title="2009-02-08T07:34:46+00:00">07:34:46</abbr></a>] &lt;<cite>gregoiregentil</cite>&gt; <q>and I check that this value is applied. I do a check at the end of the initialization of the driver</q></li>
<li class="message">[<a href="#T07:34:49" id="T07:34:49"><abbr title="2009-02-08T07:34:49+00:00">07:34:49</abbr></a>] &lt;<cite>raster</cite>&gt; <q>tomba:  24bpp vs 16bpp is a huge difference</q></li>
<li class="message">[<a href="#T07:34:56" id="T07:34:56"><abbr title="2009-02-08T07:34:56+00:00">07:34:56</abbr></a>] &lt;<cite>raster</cite>&gt; <q>tomba:  in display quality</q></li>
<li class="message">[<a href="#T07:34:58" id="T07:34:58"><abbr title="2009-02-08T07:34:58+00:00">07:34:58</abbr></a>] &lt;<cite>raster</cite>&gt; <q>and speed</q></li>
<li class="message">[<a href="#T07:35:10" id="T07:35:10"><abbr title="2009-02-08T07:35:10+00:00">07:35:10</abbr></a>] &lt;<cite>raster</cite>&gt; <q>with 16bpp to get equivalent quality of 24bpp i ned to dither</q></li>
<li class="message">[<a href="#T07:35:12" id="T07:35:12"><abbr title="2009-02-08T07:35:12+00:00">07:35:12</abbr></a>] &lt;<cite>raster</cite>&gt; <q>and thats costly</q></li>
<li class="message">[<a href="#T07:35:18" id="T07:35:18"><abbr title="2009-02-08T07:35:18+00:00">07:35:18</abbr></a>] &lt;<cite>gregoiregentil</cite>&gt; <q>and I see that it's the right 18-bit value but the physical output is still 24bit matrix</q></li>
<li class="message">[<a href="#T07:35:26" id="T07:35:26"><abbr title="2009-02-08T07:35:26+00:00">07:35:26</abbr></a>] &lt;<cite>tomba</cite>&gt; <q>raster: but this was about 16 vs 18 =)</q></li>
<li class="message">[<a href="#T07:35:30" id="T07:35:30"><abbr title="2009-02-08T07:35:30+00:00">07:35:30</abbr></a>] &lt;<cite>raster</cite>&gt; <q>as such performance is a little better with 24/32bpp as the math is just simply easier</q></li>
<li class="message">[<a href="#T07:35:33" id="T07:35:33"><abbr title="2009-02-08T07:35:33+00:00">07:35:33</abbr></a>] &lt;<cite>raster</cite>&gt; <q>ooh ok</q></li>
<li class="message">[<a href="#T07:35:35" id="T07:35:35"><abbr title="2009-02-08T07:35:35+00:00">07:35:35</abbr></a>] &lt;<cite>raster</cite>&gt; <q>yeah</q></li>
<li class="message">[<a href="#T07:35:39" id="T07:35:39"><abbr title="2009-02-08T07:35:39+00:00">07:35:39</abbr></a>] &lt;<cite>raster</cite>&gt; <q>18bpp vs 16 is silly</q></li>
<li class="message">[<a href="#T07:35:43" id="T07:35:43"><abbr title="2009-02-08T07:35:43+00:00">07:35:43</abbr></a>] &lt;<cite>raster</cite>&gt; <q>agreed</q></li>
<li class="message">[<a href="#T07:35:50" id="T07:35:50"><abbr title="2009-02-08T07:35:50+00:00">07:35:50</abbr></a>] &lt;<cite>tomba</cite>&gt; <q>gregoiregentil: hmm what do you mean?</q></li>
<li class="message">[<a href="#T07:35:53" id="T07:35:53"><abbr title="2009-02-08T07:35:53+00:00">07:35:53</abbr></a>] &lt;<cite>raster</cite>&gt; <q>18 also just doesnt pack nicely</q></li>
<li class="message">[<a href="#T07:35:55" id="T07:35:55"><abbr title="2009-02-08T07:35:55+00:00">07:35:55</abbr></a>] &lt;<cite>raster</cite>&gt; <q>16 does</q></li>
<li class="message">[<a href="#T07:35:57" id="T07:35:57"><abbr title="2009-02-08T07:35:57+00:00">07:35:57</abbr></a>] &lt;<cite>raster</cite>&gt; <q>24/2 do</q></li>
<li class="message">[<a href="#T07:36:02" id="T07:36:02"><abbr title="2009-02-08T07:36:02+00:00">07:36:02</abbr></a>] &lt;<cite>raster</cite>&gt; <q>err 24/32</q></li>
<li class="message">[<a href="#T07:36:08" id="T07:36:08"><abbr title="2009-02-08T07:36:08+00:00">07:36:08</abbr></a>] &lt;<cite>raster</cite>&gt; <q>but 18 just wastes</q></li>
<li class="message">[<a href="#T07:36:16" id="T07:36:16"><abbr title="2009-02-08T07:36:16+00:00">07:36:16</abbr></a>] &lt;<cite>raster</cite>&gt; <q>get a better lcd that does 24bpp</q></li>
<li class="message">[<a href="#T07:36:17" id="T07:36:17"><abbr title="2009-02-08T07:36:17+00:00">07:36:17</abbr></a>] &lt;<cite>tomba</cite>&gt; <q>raster: well, it's not that the framebuffer would be 18bit, but the datalines to tft</q></li>
<li class="message">[<abbr title="2009-02-08T07:36:17+00:00">07:36:17</abbr>] &lt;<cite>raster</cite>&gt; <q>:)</q></li>
<li class="message">[<a href="#T07:36:29" id="T07:36:29"><abbr title="2009-02-08T07:36:29+00:00">07:36:29</abbr></a>] &lt;<cite>raster</cite>&gt; <q>yeah</q></li>
<li class="message">[<a href="#T07:36:38" id="T07:36:38"><abbr title="2009-02-08T07:36:38+00:00">07:36:38</abbr></a>] &lt;<cite>raster</cite>&gt; <q>but that means u effectively only can display 6bit per rgb</q></li>
<li class="message">[<a href="#T07:36:52" id="T07:36:52"><abbr title="2009-02-08T07:36:52+00:00">07:36:52</abbr></a>] &lt;<cite>raster</cite>&gt; <q>whih means u likely would either upsample from rgb565 (16bit)</q></li>
<li class="message">[<a href="#T07:36:59" id="T07:36:59"><abbr title="2009-02-08T07:36:59+00:00">07:36:59</abbr></a>] &lt;<cite>raster</cite>&gt; <q>or just throw away 2 bits from rgb24</q></li>
<li class="message">[<a href="#T07:37:16" id="T07:37:16"><abbr title="2009-02-08T07:37:16+00:00">07:37:16</abbr></a>] &lt;<cite>raster</cite>&gt; <q>ie 6.2.6.2.6.2</q></li>
<li class="message">[<a href="#T07:37:19" id="T07:37:19"><abbr title="2009-02-08T07:37:19+00:00">07:37:19</abbr></a>] &lt;<cite>ds2</cite>&gt; <q>think the hardware will handle that conversion</q></li>
<li class="message">[<a href="#T07:37:23" id="T07:37:23"><abbr title="2009-02-08T07:37:23+00:00">07:37:23</abbr></a>] &lt;<cite>raster</cite>&gt; <q>(where the 2's are just padding)</q></li>
<li class="message">[<a href="#T07:37:37" id="T07:37:37"><abbr title="2009-02-08T07:37:37+00:00">07:37:37</abbr></a>] &lt;<cite>tomba</cite>&gt; <q>gregoiregentil: the framebuffer mode is totally separate from the tftdatalines setting. or what do you mean with "output is still 24bit matrix"?</q></li>
<li class="message">[<a href="#T07:37:47" id="T07:37:47"><abbr title="2009-02-08T07:37:47+00:00">07:37:47</abbr></a>] &lt;<cite>raster</cite>&gt; <q>but to get good display quality the softwar eneeds to be aware that only 6 out of 8 bits are displayable</q></li>
<li class="message">[<a href="#T07:37:56" id="T07:37:56"><abbr title="2009-02-08T07:37:56+00:00">07:37:56</abbr></a>] &lt;<cite>raster</cite>&gt; <q>so it probably shoudl dither in 18bpp</q></li>
<li class="message">[<a href="#T07:38:20" id="T07:38:20"><abbr title="2009-02-08T07:38:20+00:00">07:38:20</abbr></a>] &lt;<cite>ds2</cite>&gt; <q>raster: sure the hw doesn't do that automatically?</q></li>
<li class="message">[<a href="#T07:38:35" id="T07:38:35"><abbr title="2009-02-08T07:38:35+00:00">07:38:35</abbr></a>] &lt;<cite>tomba</cite>&gt; <q>so the omap HW supports either 16bpp or 24/32bpp framebuffers. but LCDs can be connected with 16/18/24 datalines. HW does the conversion.</q></li>
<li class="message">[<a href="#T07:38:53" id="T07:38:53"><abbr title="2009-02-08T07:38:53+00:00">07:38:53</abbr></a>] &lt;<cite>raster</cite>&gt; <q>ds2: hw dither? not last i knew</q></li>
<li class="message">[<a href="#T07:39:00" id="T07:39:00"><abbr title="2009-02-08T07:39:00+00:00">07:39:00</abbr></a>] &lt;<cite>tomba</cite>&gt; <q>so from SW point of view there's no 18bpp mode</q></li>
<li class="message">[<a href="#T07:39:15" id="T07:39:15"><abbr title="2009-02-08T07:39:15+00:00">07:39:15</abbr></a>] &lt;<cite>raster</cite>&gt; <q>tomba:  you need to "Fake" the 18bpp mode</q></li>
<li class="message">[<a href="#T07:39:18" id="T07:39:18"><abbr title="2009-02-08T07:39:18+00:00">07:39:18</abbr></a>] &lt;<cite>raster</cite>&gt; <q>but dithering in 24bpp</q></li>
<li class="message">[<a href="#T07:39:31" id="T07:39:31"><abbr title="2009-02-08T07:39:31+00:00">07:39:31</abbr></a>] &lt;<cite>raster</cite>&gt; <q>and assuming the lsb 2 bits are unused</q></li>
<li class="message">[<a href="#T07:39:33" id="T07:39:33"><abbr title="2009-02-08T07:39:33+00:00">07:39:33</abbr></a>] &lt;<cite>ds2</cite>&gt; <q>raster: don't see why it can't do it between frames or some other tricks like that</q></li>
<li class="message">[<a href="#T07:41:04" id="T07:41:04"><abbr title="2009-02-08T07:41:04+00:00">07:41:04</abbr></a>] &lt;<cite>tomba</cite>&gt; <q>I think internally OMAP handles the colors always in 24bpp. they are first converted to that, and then converted to the output mode</q></li>
<li class="message">[<a href="#T07:43:05" id="T07:43:05"><abbr title="2009-02-08T07:43:05+00:00">07:43:05</abbr></a>] &lt;<cite>raster</cite>&gt; <q>ds2: you mean flicker? ugh! i've done that befoire.. long ago. no thanks</q></li>
<li class="message">[<a href="#T07:43:09" id="T07:43:09"><abbr title="2009-02-08T07:43:09+00:00">07:43:09</abbr></a>] &lt;<cite>raster</cite>&gt; <q>and at best u get 1 more bit</q></li>
<li class="message">[<a href="#T07:44:12" id="T07:44:12"><abbr title="2009-02-08T07:44:12+00:00">07:44:12</abbr></a>] &lt;<cite>ds2</cite>&gt; <q>it isn't that bad... there were some hacks used on the Atari 8bit like that</q></li>
<li class="message">[<a href="#T07:48:02" id="T07:48:02"><abbr title="2009-02-08T07:48:02+00:00">07:48:02</abbr></a>] &lt;<cite>raster</cite>&gt; <q>yeah</q></li>
<li class="message">[<a href="#T07:48:06" id="T07:48:06"><abbr title="2009-02-08T07:48:06+00:00">07:48:06</abbr></a>] &lt;<cite>raster</cite>&gt; <q>amiga land too</q></li>
<li class="message">[<a href="#T07:48:22" id="T07:48:22"><abbr title="2009-02-08T07:48:22+00:00">07:48:22</abbr></a>] &lt;<cite>raster</cite>&gt; <q>totally evil stuff</q></li>
<li class="message">[<a href="#T07:48:35" id="T07:48:35"><abbr title="2009-02-08T07:48:35+00:00">07:48:35</abbr></a>] &lt;<cite>raster</cite>&gt; <q>at least in this day and age 24bit tft panels are out there</q></li>
<li class="message">[<a href="#T07:48:37" id="T07:48:37"><abbr title="2009-02-08T07:48:37+00:00">07:48:37</abbr></a>] &lt;<cite>raster</cite>&gt; <q>and easy to find</q></li>
<li class="quit">[<a href="#T07:50:45" id="T07:50:45"><abbr title="2009-02-08T07:50:45+00:00">07:50:45</abbr></a>] <span>* Crofton (n=balister@ip-213-49-243-46.dsl.scarlet.be) Quit ("Leaving")</span></li>
<li class="quit">[<a href="#T07:55:04" id="T07:55:04"><abbr title="2009-02-08T07:55:04+00:00">07:55:04</abbr></a>] <span>* dirk2 (n=dirk@92.117.4.49) Quit ("Konversation terminated!")</span></li>
<li class="join">[<a href="#T08:06:06" id="T08:06:06"><abbr title="2009-02-08T08:06:06+00:00">08:06:06</abbr></a>] <span>* TAK2004 (n=thomas@dslb-088-072-223-123.pools.arcor-ip.net) has joined #beagle</span></li>
<li class="join">[<a href="#T08:31:15" id="T08:31:15"><abbr title="2009-02-08T08:31:15+00:00">08:31:15</abbr></a>] <span>* arne-unicap (n=arne@p54819060.dip0.t-ipconnect.de) has joined #beagle</span></li>
<li class="message">[<a href="#T08:34:14" id="T08:34:14"><abbr title="2009-02-08T08:34:14+00:00">08:34:14</abbr></a>] &lt;<cite>BeagleBot</cite>&gt; <q><a href="http://beagleboard.org/project/ALIP/">http://beagleboard.org/project/ALIP/</a> was edited by kulve.myopenid.com</q></li>
<li class="quit">[<a href="#T08:52:31" id="T08:52:31"><abbr title="2009-02-08T08:52:31+00:00">08:52:31</abbr></a>] <span>* kozak (n=subbu@117.192.1.47) Quit (Read error: 110 (Connection timed out))</span></li>
<li class="join">[<a href="#T09:03:11" id="T09:03:11"><abbr title="2009-02-08T09:03:11+00:00">09:03:11</abbr></a>] <span>* valhalla (n=valhalla@81-174-37-40.dynamic.ngi.it) has joined #beagle</span></li>
<li class="join">[<a href="#T09:22:16" id="T09:22:16"><abbr title="2009-02-08T09:22:16+00:00">09:22:16</abbr></a>] <span>* pH5 (n=ph5@p5485C082.dip.t-dialin.net) has joined #beagle</span></li>
<li class="join">[<a href="#T09:25:24" id="T09:25:24"><abbr title="2009-02-08T09:25:24+00:00">09:25:24</abbr></a>] <span>* eFfeM (n=Frans@195-241-226-180.ip.telfort.nl) has joined #beagle</span></li>
<li class="join">[<a href="#T09:28:01" id="T09:28:01"><abbr title="2009-02-08T09:28:01+00:00">09:28:01</abbr></a>] <span>* abitos (n=nixgibts@dslb-084-057-178-087.pools.arcor-ip.net) has joined #beagle</span></li>
<li class="quit">[<a href="#T09:45:51" id="T09:45:51"><abbr title="2009-02-08T09:45:51+00:00">09:45:51</abbr></a>] <span>* mrc3 (n=mrc3@nat/ti/x-c308a9a297e21626) Quit (Remote closed the connection)</span></li>
<li class="join">[<a href="#T09:46:01" id="T09:46:01"><abbr title="2009-02-08T09:46:01+00:00">09:46:01</abbr></a>] <span>* mrc3 (n=mrc3@nat/ti/x-1f03cc1feb1f5e65) has joined #beagle</span></li>
