<li class="quit">[<a href="#T00:02:20" id="T00:02:20"><abbr title="2009-05-26T00:02:20+00:00">00:02:20</abbr></a>] <span>* Olipro (n=Olipro@uncyclopedia/pdpc.active.olipro) Quit (Nick collision from services.)</span></li>
<li class="join">[<a href="#T00:02:31" id="T00:02:31"><abbr title="2009-05-26T00:02:31+00:00">00:02:31</abbr></a>] <span>* Olipro (n=Olipro@uncyclopedia/pdpc.active.olipro) has joined #beagle</span></li>
<li class="join">[<a href="#T00:12:46" id="T00:12:46"><abbr title="2009-05-26T00:12:46+00:00">00:12:46</abbr></a>] <span>* jkridner|work (n=a0321898@nat/ti/x-4367a181ecaafcfa) has joined #beagle</span></li>
<li class="nick-change">[<a href="#T00:17:08" id="T00:17:08"><abbr title="2009-05-26T00:17:08+00:00">00:17:08</abbr></a>] <span>* fulgas is now known as FuL|OUT</span></li>
<li class="quit">[<a href="#T00:21:54" id="T00:21:54"><abbr title="2009-05-26T00:21:54+00:00">00:21:54</abbr></a>] <span>* davidcb (n=david@m165e36d0.tmodns.net) Quit (Remote closed the connection)</span></li>
<li class="join">[<a href="#T00:30:27" id="T00:30:27"><abbr title="2009-05-26T00:30:27+00:00">00:30:27</abbr></a>] <span>* DVbeagle1 (n=dvescovi@cpe-72-184-136-6.tampabay.res.rr.com) has joined #beagle</span></li>
<li class="quit">[<a href="#T00:31:58" id="T00:31:58"><abbr title="2009-05-26T00:31:58+00:00">00:31:58</abbr></a>] <span>* DVbeagle1 (n=dvescovi@cpe-72-184-136-6.tampabay.res.rr.com) Quit (Client Quit)</span></li>
<li class="quit">[<a href="#T00:34:58" id="T00:34:58"><abbr title="2009-05-26T00:34:58+00:00">00:34:58</abbr></a>] <span>* greyback (n=greyback@ip-83-147-165-234.dub-3rk1.metro.digiweb.ie) Quit ()</span></li>
<li class="message">[<a href="#T00:41:49" id="T00:41:49"><abbr title="2009-05-26T00:41:49+00:00">00:41:49</abbr></a>] &lt;<cite>bobkatzz</cite>&gt; <q>it says I'm missing makeinfo but when I atp-get it says it can't be found </q></li>
<li class="quit">[<a href="#T00:47:16" id="T00:47:16"><abbr title="2009-05-26T00:47:16+00:00">00:47:16</abbr></a>] <span>* {ISoul-W} (n=ISoul-W@d64-180-64-121.bchsia.telus.net) Quit (Read error: 60 (Operation timed out))</span></li>
<li class="quit">[<a href="#T00:51:37" id="T00:51:37"><abbr title="2009-05-26T00:51:37+00:00">00:51:37</abbr></a>] <span>* rsalveti (n=rsalveti@189.70.40.205) Quit (Read error: 60 (Operation timed out))</span></li>
<li class="quit">[<a href="#T00:55:15" id="T00:55:15"><abbr title="2009-05-26T00:55:15+00:00">00:55:15</abbr></a>] <span>* jeremychang (n=jeremych@61.57.131.211) Quit ("??????")</span></li>
<li class="quit">[<a href="#T00:57:39" id="T00:57:39"><abbr title="2009-05-26T00:57:39+00:00">00:57:39</abbr></a>] <span>* mib_bn9dap (i=d59f6bd6@gateway/web/ajax/mibbit.com/x-ec405e660336e962) Quit ("<a href="http://www.mibbit.com">http://www.mibbit.com</a> ajax IRC Client")</span></li>
<li class="join">[<a href="#T01:00:13" id="T01:00:13"><abbr title="2009-05-26T01:00:13+00:00">01:00:13</abbr></a>] <span>* woxz (i=d2ca1087@gateway/web/ajax/mibbit.com/x-2b6cdeef2abf81f7) has joined #beagle</span></li>
<li class="join">[<a href="#T01:01:05" id="T01:01:05"><abbr title="2009-05-26T01:01:05+00:00">01:01:05</abbr></a>] <span>* mib_bn9dap (i=d59f6bd6@gateway/web/ajax/mibbit.com/x-f5f975853abc3a1c) has joined #beagle</span></li>
<li class="quit">[<a href="#T01:03:19" id="T01:03:19"><abbr title="2009-05-26T01:03:19+00:00">01:03:19</abbr></a>] <span>* elesueur (n=elesueur@vampire.ertos.nicta.com.au) Quit (Read error: 113 (No route to host))</span></li>
<li class="quit">[<a href="#T01:03:35" id="T01:03:35"><abbr title="2009-05-26T01:03:35+00:00">01:03:35</abbr></a>] <span>* CruNcher (n=luls_lol@dslb-084-058-116-213.pools.arcor-ip.net) Quit ()</span></li>
<li class="join">[<a href="#T01:03:38" id="T01:03:38"><abbr title="2009-05-26T01:03:38+00:00">01:03:38</abbr></a>] <span>* elesueur (n=elesueur@vampire.ertos.nicta.com.au) has joined #beagle</span></li>
<li class="join">[<a href="#T01:03:39" id="T01:03:39"><abbr title="2009-05-26T01:03:39+00:00">01:03:39</abbr></a>] <span>* CruNcher (n=luls_lol@dslb-084-058-116-213.pools.arcor-ip.net) has joined #beagle</span></li>
<li class="quit">[<a href="#T01:05:33" id="T01:05:33"><abbr title="2009-05-26T01:05:33+00:00">01:05:33</abbr></a>] <span>* Septalicia (n=bakljg@98.240.226.129) Quit (Read error: 110 (Connection timed out))</span></li>
<li class="join">[<a href="#T01:09:44" id="T01:09:44"><abbr title="2009-05-26T01:09:44+00:00">01:09:44</abbr></a>] <span>* mib_bgt2ur (i=424bf52f@gateway/web/ajax/mibbit.com/x-56ad13537edad3d2) has joined #beagle</span></li>
<li class="join">[<a href="#T01:12:59" id="T01:12:59"><abbr title="2009-05-26T01:12:59+00:00">01:12:59</abbr></a>] <span>* Sept (n=bakljg@c-98-240-226-129.hsd1.mn.comcast.net) has joined #beagle</span></li>
<li class="join">[<a href="#T01:13:38" id="T01:13:38"><abbr title="2009-05-26T01:13:38+00:00">01:13:38</abbr></a>] <span>* favor (n=user@221.10.25.6) has joined #beagle</span></li>
<li class="join">[<a href="#T01:13:56" id="T01:13:56"><abbr title="2009-05-26T01:13:56+00:00">01:13:56</abbr></a>] <span>* kozak (n=subbu@117.192.2.201) has joined #beagle</span></li>
<li class="quit">[<a href="#T01:17:30" id="T01:17:30"><abbr title="2009-05-26T01:17:30+00:00">01:17:30</abbr></a>] <span>* mib_bgt2ur (i=424bf52f@gateway/web/ajax/mibbit.com/x-56ad13537edad3d2) Quit ("<a href="http://www.mibbit.com">http://www.mibbit.com</a> ajax IRC Client")</span></li>
<li class="join">[<a href="#T01:18:48" id="T01:18:48"><abbr title="2009-05-26T01:18:48+00:00">01:18:48</abbr></a>] <span>* jso (n=user@151.159.200.41) has joined #beagle</span></li>
<li class="quit">[<a href="#T01:20:23" id="T01:20:23"><abbr title="2009-05-26T01:20:23+00:00">01:20:23</abbr></a>] <span>* ddompe (n=ddompe@ip2-28-10-190.ct.co.cr) Quit ()</span></li>
<li class="quit">[<a href="#T01:27:19" id="T01:27:19"><abbr title="2009-05-26T01:27:19+00:00">01:27:19</abbr></a>] <span>* CruNcher (n=luls_lol@dslb-084-058-116-213.pools.arcor-ip.net) Quit (Read error: 60 (Operation timed out))</span></li>
<li class="quit">[<a href="#T01:28:37" id="T01:28:37"><abbr title="2009-05-26T01:28:37+00:00">01:28:37</abbr></a>] <span>* jrmuizel (n=jrmuizel@CPE001f5be79d0f-CM0017ee62f8b0.cpe.net.cable.rogers.com) Quit ()</span></li>
<li class="join">[<a href="#T01:28:43" id="T01:28:43"><abbr title="2009-05-26T01:28:43+00:00">01:28:43</abbr></a>] <span>* CruNcher (n=luls_lol@dslb-084-058-165-254.pools.arcor-ip.net) has joined #beagle</span></li>
<li class="part">[<a href="#T01:29:27" id="T01:29:27"><abbr title="2009-05-26T01:29:27+00:00">01:29:27</abbr></a>] <span>* emeb (n=ericb@ip72-223-90-212.ph.ph.cox.net) has left #beagle</span></li>
<li class="join">[<a href="#T01:33:28" id="T01:33:28"><abbr title="2009-05-26T01:33:28+00:00">01:33:28</abbr></a>] <span>* mib_papokl (i=de42e996@gateway/web/ajax/mibbit.com/x-e7a1421ee7de1c7e) has joined #beagle</span></li>
<li class="join">[<a href="#T01:35:02" id="T01:35:02"><abbr title="2009-05-26T01:35:02+00:00">01:35:02</abbr></a>] <span>* jeremychang (n=jeremych@61-30-10-70.static.tfn.net.tw) has joined #beagle</span></li>
<li class="quit">[<a href="#T01:35:35" id="T01:35:35"><abbr title="2009-05-26T01:35:35+00:00">01:35:35</abbr></a>] <span>* adj (i=antti@hervanta.com) Quit (Remote closed the connection)</span></li>
<li class="message">[<a href="#T01:35:45" id="T01:35:45"><abbr title="2009-05-26T01:35:45+00:00">01:35:45</abbr></a>] &lt;<cite>mib_papokl</cite>&gt; <q>hi all</q></li>
<li class="quit">[<a href="#T01:36:08" id="T01:36:08"><abbr title="2009-05-26T01:36:08+00:00">01:36:08</abbr></a>] <span>* jso (n=user@151.159.200.41) Quit (Remote closed the connection)</span></li>
<li class="message">[<a href="#T01:36:28" id="T01:36:28"><abbr title="2009-05-26T01:36:28+00:00">01:36:28</abbr></a>] &lt;<cite>mib_papokl</cite>&gt; <q>I wanna use nfs for rootfs in android.  How can I make it?</q></li>
<li class="message">[<a href="#T01:39:17" id="T01:39:17"><abbr title="2009-05-26T01:39:17+00:00">01:39:17</abbr></a>] &lt;<cite>mib_papokl</cite>&gt; <q>wang@ubuntu-desktop-PC:~/beagleboard/out/target/product/generic$ cp -a data/* ~/Android_RFS/data/ cp: cannot stat `data/*': No such file or directory</q></li>
<li class="message">[<a href="#T01:40:02" id="T01:40:02"><abbr title="2009-05-26T01:40:02+00:00">01:40:02</abbr></a>] &lt;<cite>mib_papokl</cite>&gt; <q>I met this error when I follow the guid of porting android <a href="http://labs.embinux.org/index.php/Android_Porting_Guide_to_Beagle_Board">http://labs.embinux.org/index.php/Android_Porting_Guide_to_Beagle_Board</a></q></li>
<li class="message">[<a href="#T01:40:30" id="T01:40:30"><abbr title="2009-05-26T01:40:30+00:00">01:40:30</abbr></a>] &lt;<cite>mib_papokl</cite>&gt; <q>can somebody help me about android porting</q></li>
<li class="join">[<a href="#T01:42:00" id="T01:42:00"><abbr title="2009-05-26T01:42:00+00:00">01:42:00</abbr></a>] <span>* khasim (n=a0393720@192.163.20.231) has joined #beagle</span></li>
<li class="join">[<a href="#T01:43:48" id="T01:43:48"><abbr title="2009-05-26T01:43:48+00:00">01:43:48</abbr></a>] <span>* joe23 (i=86724de6@gateway/web/ajax/mibbit.com/x-e00ca28de68018d1) has joined #beagle</span></li>
<li class="join">[<a href="#T01:46:04" id="T01:46:04"><abbr title="2009-05-26T01:46:04+00:00">01:46:04</abbr></a>] <span>* jrmuizel (n=jrmuizel@CPE001f5be79d0f-CM0017ee62f8b0.cpe.net.cable.rogers.com) has joined #beagle</span></li>
<li class="join">[<a href="#T01:46:56" id="T01:46:56"><abbr title="2009-05-26T01:46:56+00:00">01:46:56</abbr></a>] <span>* rsalveti (n=rsalveti@189.70.40.205) has joined #beagle</span></li>
<li class="quit">[<a href="#T01:47:54" id="T01:47:54"><abbr title="2009-05-26T01:47:54+00:00">01:47:54</abbr></a>] <span>* jrmuizel (n=jrmuizel@CPE001f5be79d0f-CM0017ee62f8b0.cpe.net.cable.rogers.com) Quit (Client Quit)</span></li>
<li class="join">[<a href="#T01:49:18" id="T01:49:18"><abbr title="2009-05-26T01:49:18+00:00">01:49:18</abbr></a>] <span>* jrmuizel (n=jrmuizel@CPE001f5be79d0f-CM0017ee62f8b0.cpe.net.cable.rogers.com) has joined #beagle</span></li>
<li class="quit">[<a href="#T01:50:09" id="T01:50:09"><abbr title="2009-05-26T01:50:09+00:00">01:50:09</abbr></a>] <span>* woxz (i=d2ca1087@gateway/web/ajax/mibbit.com/x-2b6cdeef2abf81f7) Quit ("<a href="http://www.mibbit.com">http://www.mibbit.com</a> ajax IRC Client")</span></li>
<li class="join">[<a href="#T01:54:44" id="T01:54:44"><abbr title="2009-05-26T01:54:44+00:00">01:54:44</abbr></a>] <span>* emeb_mac (n=ericb@ip72-223-90-212.ph.ph.cox.net) has joined #beagle</span></li>
<li class="quit">[<a href="#T02:02:09" id="T02:02:09"><abbr title="2009-05-26T02:02:09+00:00">02:02:09</abbr></a>] <span>* mib_bn9dap (i=d59f6bd6@gateway/web/ajax/mibbit.com/x-f5f975853abc3a1c) Quit ("<a href="http://www.mibbit.com">http://www.mibbit.com</a> ajax IRC Client")</span></li>
<li class="join">[<a href="#T02:06:21" id="T02:06:21"><abbr title="2009-05-26T02:06:21+00:00">02:06:21</abbr></a>] <span>* mib_bn9dap (i=d59f6bd6@gateway/web/ajax/mibbit.com/x-77eae28bffe1d4ea) has joined #beagle</span></li>
<li class="join">[<a href="#T02:11:19" id="T02:11:19"><abbr title="2009-05-26T02:11:19+00:00">02:11:19</abbr></a>] <span>* woxz (i=d2ca1087@gateway/web/ajax/mibbit.com/x-7db2ae44ca11af4c) has joined #beagle</span></li>
<li class="join">[<a href="#T02:12:37" id="T02:12:37"><abbr title="2009-05-26T02:12:37+00:00">02:12:37</abbr></a>] <span>* jso (n=user@151.159.200.41) has joined #beagle</span></li>
<li class="join">[<a href="#T02:15:42" id="T02:15:42"><abbr title="2009-05-26T02:15:42+00:00">02:15:42</abbr></a>] <span>* mib_57j8jy (i=4474c32d@gateway/web/ajax/mibbit.com/x-00adc50f24085764) has joined #beagle</span></li>
<li class="quit">[<a href="#T02:15:50" id="T02:15:50"><abbr title="2009-05-26T02:15:50+00:00">02:15:50</abbr></a>] <span>* mib_57j8jy (i=4474c32d@gateway/web/ajax/mibbit.com/x-00adc50f24085764) Quit (Client Quit)</span></li>
<li class="message">[<a href="#T02:20:22" id="T02:20:22"><abbr title="2009-05-26T02:20:22+00:00">02:20:22</abbr></a>] &lt;<cite>mib_papokl</cite>&gt; <q>hi somebody can help about the Android port to beagle board</q></li>
<li class="message">[<a href="#T02:21:56" id="T02:21:56"><abbr title="2009-05-26T02:21:56+00:00">02:21:56</abbr></a>] &lt;<cite>mib_papokl</cite>&gt; <q><a href="http://up.widget.mibbit.com/up/8fdkmq6X.log">http://up.widget.mibbit.com/up/8fdkmq6X.log</a> </q></li>
<li class="message">[<a href="#T02:21:59" id="T02:21:59"><abbr title="2009-05-26T02:21:59+00:00">02:21:59</abbr></a>] &lt;<cite>ali_as</cite>&gt; <q>Try asking much earlier in the day.</q></li>
<li class="message">[<a href="#T02:22:37" id="T02:22:37"><abbr title="2009-05-26T02:22:37+00:00">02:22:37</abbr></a>] &lt;<cite>mib_papokl</cite>&gt; <q>the above is the log when I try to run android</q></li>
<li class="message">[<a href="#T02:23:43" id="T02:23:43"><abbr title="2009-05-26T02:23:43+00:00">02:23:43</abbr></a>] &lt;<cite>ali_as</cite>&gt; <q>The room will have many more people awake in about 12 hours.</q></li>
<li class="message">[<a href="#T02:24:07" id="T02:24:07"><abbr title="2009-05-26T02:24:07+00:00">02:24:07</abbr></a>] &lt;<cite>joe23</cite>&gt; <q>Could someone point me to the right tutorial to setup a Rev C2 with ??ngstr??m </q></li>
<li class="message">[<a href="#T02:24:30" id="T02:24:30"><abbr title="2009-05-26T02:24:30+00:00">02:24:30</abbr></a>] &lt;<cite>ali_as</cite>&gt; <q>Have you readthe beagleboard beginner wiki?</q></li>
<li class="message">[<a href="#T02:24:43" id="T02:24:43"><abbr title="2009-05-26T02:24:43+00:00">02:24:43</abbr></a>] &lt;<cite>joe23</cite>&gt; <q>yeah, is that the best way to set it up?</q></li>
<li class="message">[<a href="#T02:24:56" id="T02:24:56"><abbr title="2009-05-26T02:24:56+00:00">02:24:56</abbr></a>] &lt;<cite>ali_as</cite>&gt; <q>All I can say is that it worked for me.</q></li>
<li class="message">[<a href="#T02:25:44" id="T02:25:44"><abbr title="2009-05-26T02:25:44+00:00">02:25:44</abbr></a>] &lt;<cite>joe23</cite>&gt; <q>Thanks, has anyone checked out the EBVBeagle is I was to get another board, would this be a better all-in-one package?</q></li>
<li class="message">[<a href="#T02:26:03" id="T02:26:03"><abbr title="2009-05-26T02:26:03+00:00">02:26:03</abbr></a>] &lt;<cite>joe23</cite>&gt; <q>if I was to get*</q></li>
<li class="message">[<a href="#T02:26:24" id="T02:26:24"><abbr title="2009-05-26T02:26:24+00:00">02:26:24</abbr></a>] &lt;<cite>mib_papokl</cite>&gt; <q>hi ali_as</q></li>
<li class="message">[<a href="#T02:26:45" id="T02:26:45"><abbr title="2009-05-26T02:26:45+00:00">02:26:45</abbr></a>] &lt;<cite>mib_papokl</cite>&gt; <q>have you run android in beagle ?</q></li>
<li class="message">[<a href="#T02:27:50" id="T02:27:50"><abbr title="2009-05-26T02:27:50+00:00">02:27:50</abbr></a>] &lt;<cite>ali_as</cite>&gt; <q>Sorry, no.</q></li>
<li class="quit">[<a href="#T02:30:24" id="T02:30:24"><abbr title="2009-05-26T02:30:24+00:00">02:30:24</abbr></a>] <span>* BThompsonD (n=bernie@cpe-66-25-52-232.tx.res.rr.com) Quit ("Leaving.")</span></li>
<li class="message">[<a href="#T02:33:30" id="T02:33:30"><abbr title="2009-05-26T02:33:30+00:00">02:33:30</abbr></a>] &lt;<cite>ali_as</cite>&gt; <q>Gnite.</q></li>
<li class="nick-change">[<a href="#T02:33:36" id="T02:33:36"><abbr title="2009-05-26T02:33:36+00:00">02:33:36</abbr></a>] <span>* ali_as is now known as as_leep</span></li>
<li class="quit">[<a href="#T02:41:10" id="T02:41:10"><abbr title="2009-05-26T02:41:10+00:00">02:41:10</abbr></a>] <span>* mranostay (n=mranosta@rrcs-74-219-131-28.central.biz.rr.com) Quit ("This computer has gone to sleep")</span></li>
<li class="quit">[<a href="#T02:42:48" id="T02:42:48"><abbr title="2009-05-26T02:42:48+00:00">02:42:48</abbr></a>] <span>* joe23 (i=86724de6@gateway/web/ajax/mibbit.com/x-e00ca28de68018d1) Quit ("<a href="http://www.mibbit.com">http://www.mibbit.com</a> ajax IRC Client")</span></li>
<li class="join">[<a href="#T02:55:45" id="T02:55:45"><abbr title="2009-05-26T02:55:45+00:00">02:55:45</abbr></a>] <span>* jeremychang_ (n=jeremych@61.57.131.14) has joined #beagle</span></li>
<li class="quit">[<a href="#T02:56:59" id="T02:56:59"><abbr title="2009-05-26T02:56:59+00:00">02:56:59</abbr></a>] <span>* jeremychang (n=jeremych@61-30-10-70.static.tfn.net.tw) Quit (Read error: 110 (Connection timed out))</span></li>
