<li class="quit">[<a href="#T00:04:21" id="T00:04:21"><abbr title="2010-04-15T00:04:21+00:00">00:04:21</abbr></a>] <span>* StevenC (~steven.co@78-22-115-173.access.telenet.be) Quit (Ping timeout: 260 seconds)</span></li>
<li class="join">[<a href="#T00:08:08" id="T00:08:08"><abbr title="2010-04-15T00:08:08+00:00">00:08:08</abbr></a>] <span>* raster (~raster@enlightenment/developer/raster) has joined #beagle</span></li>
<li class="quit">[<a href="#T00:10:25" id="T00:10:25"><abbr title="2010-04-15T00:10:25+00:00">00:10:25</abbr></a>] <span>* LaptopBrain (~brain@cpc2-mapp3-0-0-cust318.nott.cable.ntl.com) Quit (Read error: Connection reset by peer)</span></li>
<li class="join">[<a href="#T00:10:54" id="T00:10:54"><abbr title="2010-04-15T00:10:54+00:00">00:10:54</abbr></a>] <span>* LaptopBrain (~brain@cpc2-mapp3-0-0-cust318.nott.cable.ntl.com) has joined #beagle</span></li>
<li class="quit">[<a href="#T00:17:44" id="T00:17:44"><abbr title="2010-04-15T00:17:44+00:00">00:17:44</abbr></a>] <span>* wroberts1 (~klogd@qbang.org) Quit (Ping timeout: 246 seconds)</span></li>
<li class="message">[<a href="#T00:19:16" id="T00:19:16"><abbr title="2010-04-15T00:19:16+00:00">00:19:16</abbr></a>] &lt;<cite>htns</cite>&gt; <q>is the HDMI on beagle HDMI 1.3 or 1.4?</q></li>
<li class="join">[<a href="#T00:20:49" id="T00:20:49"><abbr title="2010-04-15T00:20:49+00:00">00:20:49</abbr></a>] <span>* littlebear (littlebear@gateway/shell/bshellz.net/x-umgpmuuvetglzowe) has joined #beagle</span></li>
<li class="message">[<a href="#T00:21:14" id="T00:21:14"><abbr title="2010-04-15T00:21:14+00:00">00:21:14</abbr></a>] &lt;<cite>littlebear</cite>&gt; <q>hi is CruNcher here?</q></li>
<li class="quit">[<a href="#T00:22:05" id="T00:22:05"><abbr title="2010-04-15T00:22:05+00:00">00:22:05</abbr></a>] <span>* neure (~timo@xdsl-205-43.nblnetworks.fi) Quit (Read error: Connection reset by peer)</span></li>
<li class="message">[<a href="#T00:22:15" id="T00:22:15"><abbr title="2010-04-15T00:22:15+00:00">00:22:15</abbr></a>] &lt;<cite>littlebear</cite>&gt; <q>CruNcher: I was wondering if you remember 2009-08-03 conversation in regards to archos 3 vision player</q></li>
<li class="join">[<a href="#T00:25:11" id="T00:25:11"><abbr title="2010-04-15T00:25:11+00:00">00:25:11</abbr></a>] <span>* wroberts1 (~klogd@qbang.org) has joined #beagle</span></li>
<li class="quit">[<a href="#T00:26:03" id="T00:26:03"><abbr title="2010-04-15T00:26:03+00:00">00:26:03</abbr></a>] <span>* rsalveti (~rsalveti@200.184.118.130) Quit (Read error: Connection reset by peer)</span></li>
<li class="quit">[<a href="#T00:27:12" id="T00:27:12"><abbr title="2010-04-15T00:27:12+00:00">00:27:12</abbr></a>] <span>* j_ack (~j_ack@p57A42C71.dip0.t-ipconnect.de) Quit (Quit: Verlassend)</span></li>
<li class="quit">[<a href="#T00:27:40" id="T00:27:40"><abbr title="2010-04-15T00:27:40+00:00">00:27:40</abbr></a>] <span>* ppotera_ (~ppotera@c-69-243-130-95.hsd1.il.comcast.net) Quit (Quit: ppotera_)</span></li>
<li class="quit">[<a href="#T00:27:46" id="T00:27:46"><abbr title="2010-04-15T00:27:46+00:00">00:27:46</abbr></a>] <span>* jacques (~jacques@nslu2-linux/jacques) Quit (Ping timeout: 276 seconds)</span></li>
<li class="join">[<a href="#T00:28:47" id="T00:28:47"><abbr title="2010-04-15T00:28:47+00:00">00:28:47</abbr></a>] <span>* j_ack (~j_ack@p57A42C71.dip0.t-ipconnect.de) has joined #beagle</span></li>
<li class="join">[<a href="#T00:31:28" id="T00:31:28"><abbr title="2010-04-15T00:31:28+00:00">00:31:28</abbr></a>] <span>* alancam (~a-campbel@nat/ti/x-ecmhzsnkbxplqrly) has joined #beagle</span></li>
<li class="join">[<a href="#T00:34:52" id="T00:34:52"><abbr title="2010-04-15T00:34:52+00:00">00:34:52</abbr></a>] <span>* ppotera_ (~ppotera@c-69-243-130-95.hsd1.il.comcast.net) has joined #beagle</span></li>
<li class="quit">[<a href="#T00:37:15" id="T00:37:15"><abbr title="2010-04-15T00:37:15+00:00">00:37:15</abbr></a>] <span>* ppotera_ (~ppotera@c-69-243-130-95.hsd1.il.comcast.net) Quit (Client Quit)</span></li>
<li class="join">[<a href="#T00:38:00" id="T00:38:00"><abbr title="2010-04-15T00:38:00+00:00">00:38:00</abbr></a>] <span>* ppotera_ (~ppotera@c-69-243-130-95.hsd1.il.comcast.net) has joined #beagle</span></li>
<li class="quit">[<a href="#T00:41:32" id="T00:41:32"><abbr title="2010-04-15T00:41:32+00:00">00:41:32</abbr></a>] <span>* Ceriand|work (~Ceriand@unaffiliated/ceriand) Quit (Quit: Leaving.)</span></li>
<li class="join">[<a href="#T00:50:00" id="T00:50:00"><abbr title="2010-04-15T00:50:00+00:00">00:50:00</abbr></a>] <span>* rsalveti (~rsalveti@187.59.112.220) has joined #beagle</span></li>
<li class="quit">[<a href="#T00:54:50" id="T00:54:50"><abbr title="2010-04-15T00:54:50+00:00">00:54:50</abbr></a>] <span>* CruNcher (~luls_lol@dslb-088-068-134-191.pools.arcor-ip.net) Quit (Ping timeout: 246 seconds)</span></li>
<li class="join">[<a href="#T00:58:05" id="T00:58:05"><abbr title="2010-04-15T00:58:05+00:00">00:58:05</abbr></a>] <span>* alancam_ (~a-campbel@nat/ti/x-jrmzlusrgiwacqfa) has joined #beagle</span></li>
<li class="quit">[<a href="#T01:01:31" id="T01:01:31"><abbr title="2010-04-15T01:01:31+00:00">01:01:31</abbr></a>] <span>* alancam (~a-campbel@nat/ti/x-ecmhzsnkbxplqrly) Quit (Ping timeout: 260 seconds)</span></li>
<li class="join">[<a href="#T01:08:21" id="T01:08:21"><abbr title="2010-04-15T01:08:21+00:00">01:08:21</abbr></a>] <span>* Brokie (~default@2-248.35-65.tampabay.res.rr.com) has joined #beagle</span></li>
<li class="message">[<a href="#T01:09:28" id="T01:09:28"><abbr title="2010-04-15T01:09:28+00:00">01:09:28</abbr></a>] &lt;<cite>Brokie</cite>&gt; <q>had an interesting day today for sure, Seems that everytime someone disagrees with me on a subject, they turn around and quote me, or infer the very thing they disagreed with me about during their discussion with someone else...</q></li>
<li class="message">[<a href="#T01:10:08" id="T01:10:08"><abbr title="2010-04-15T01:10:08+00:00">01:10:08</abbr></a>] &lt;<cite>djlewis2</cite>&gt; <q>Brokie: sounds like managers</q></li>
<li class="message">[<a href="#T01:10:37" id="T01:10:37"><abbr title="2010-04-15T01:10:37+00:00">01:10:37</abbr></a>] &lt;<cite>Brokie</cite>&gt; <q>Thank you mru, for validating my statements 2 weeks ago..., and I quote you... "I think you overestimate the importance of openmax.  FFmpeg already</q></li>
<li class="message">[<abbr title="2010-04-15T01:10:37+00:00">01:10:37</abbr>] &lt;<cite>Brokie</cite>&gt; <q>has lots of NEON code, and is gaining more every week.  In terms of</q></li>
<li class="message">[<abbr title="2010-04-15T01:10:37+00:00">01:10:37</abbr>] &lt;<cite>Brokie</cite>&gt; <q>this particular gsoc projects, there's probably not much to be done</q></li>
<li class="message">[<abbr title="2010-04-15T01:10:37+00:00">01:10:37</abbr>] &lt;<cite>Brokie</cite>&gt; <q>there, so that time is better spent on optimising the post-decoding</q></li>
<li class="message">[<abbr title="2010-04-15T01:10:37+00:00">01:10:37</abbr>] &lt;<cite>Brokie</cite>&gt; <q>pipeline, for instance by using the hardware overlay and perhaps by</q></li>
<li class="message">[<a href="#T01:10:41" id="T01:10:41"><abbr title="2010-04-15T01:10:41+00:00">01:10:41</abbr></a>] &lt;<cite>Brokie</cite>&gt; <q>eliminating any redundant copying that might be happening (I do not</q></li>
<li class="message">[<a href="#T01:10:43" id="T01:10:43"><abbr title="2010-04-15T01:10:43+00:00">01:10:43</abbr></a>] &lt;<cite>Brokie</cite>&gt; <q>know if this is the case).</q></li>
<li class="message">[<a href="#T01:10:44" id="T01:10:44"><abbr title="2010-04-15T01:10:44+00:00">01:10:44</abbr></a>] &lt;<cite>djlewis2</cite>&gt; <q>or higherups or those nasty competitive cut throat workers</q></li>
<li class="message">[<a href="#T01:10:45" id="T01:10:45"><abbr title="2010-04-15T01:10:45+00:00">01:10:45</abbr></a>] &lt;<cite>Brokie</cite>&gt; <q>" End quote...</q></li>
<li class="action">[<a href="#T01:11:31" id="T01:11:31"><abbr title="2010-04-15T01:11:31+00:00">01:11:31</abbr></a>] <span>* djlewis2 says mru is not included in my response reflecting on some past workplaces...</span></li>
<li class="message">[<a href="#T01:11:33" id="T01:11:33"><abbr title="2010-04-15T01:11:33+00:00">01:11:33</abbr></a>] &lt;<cite>Brokie</cite>&gt; <q>Of course I refer to the unnecessary copying done from stage to stage from decoding to presentation.</q></li>
<li class="message">[<a href="#T01:13:02" id="T01:13:02"><abbr title="2010-04-15T01:13:02+00:00">01:13:02</abbr></a>] &lt;<cite>Brokie</cite>&gt; <q>I am beginning to think that some people argue, so that they can learn from the passionate experience of others</q></li>
<li class="action">[<a href="#T01:14:43" id="T01:14:43"><abbr title="2010-04-15T01:14:43+00:00">01:14:43</abbr></a>] <span>* Brokie is a noob and knows nothing tho...</span></li>
<li class="message">[<a href="#T01:14:45" id="T01:14:45"><abbr title="2010-04-15T01:14:45+00:00">01:14:45</abbr></a>] &lt;<cite>Brokie</cite>&gt; <q>peace</q></li>
<li class="nick-change">[<a href="#T01:14:59" id="T01:14:59"><abbr title="2010-04-15T01:14:59+00:00">01:14:59</abbr></a>] <span>* Brokie is now known as Brokie_afk</span></li>
<li class="join">[<a href="#T01:16:46" id="T01:16:46"><abbr title="2010-04-15T01:16:46+00:00">01:16:46</abbr></a>] <span>* prpplague (~dave123_a@ppp-70-242-126-44.dsl.rcsntx.swbell.net) has joined #beagle</span></li>
<li class="quit">[<a href="#T01:19:38" id="T01:19:38"><abbr title="2010-04-15T01:19:38+00:00">01:19:38</abbr></a>] <span>* Artanis (Artanis@159.108.165.83.dynamic.mundo-r.com) Quit ()</span></li>
<li class="join">[<a href="#T01:21:30" id="T01:21:30"><abbr title="2010-04-15T01:21:30+00:00">01:21:30</abbr></a>] <span>* djlewis (~djlewis@75.15.64.20) has joined #beagle</span></li>
<li class="part">[<a href="#T01:21:57" id="T01:21:57"><abbr title="2010-04-15T01:21:57+00:00">01:21:57</abbr></a>] <span>* djlewis2 (~root@75.15.64.20) has left #beagle</span></li>
<li class="join">[<a href="#T01:26:35" id="T01:26:35"><abbr title="2010-04-15T01:26:35+00:00">01:26:35</abbr></a>] <span>* Ceriand|desktop (~Ceriand@unaffiliated/ceriand) has joined #beagle</span></li>
<li class="quit">[<a href="#T01:26:42" id="T01:26:42"><abbr title="2010-04-15T01:26:42+00:00">01:26:42</abbr></a>] <span>* raster (~raster@enlightenment/developer/raster) Quit (Quit: Gettin' stinky!)</span></li>
<li class="quit">[<a href="#T01:35:00" id="T01:35:00"><abbr title="2010-04-15T01:35:00+00:00">01:35:00</abbr></a>] <span>* cwillu (~cwillu@cwillu.com) Quit (Remote host closed the connection)</span></li>
<li class="join">[<a href="#T01:39:43" id="T01:39:43"><abbr title="2010-04-15T01:39:43+00:00">01:39:43</abbr></a>] <span>* kanru (~kanru@61-30-10-70.static.tfn.net.tw) has joined #beagle</span></li>
<li class="quit">[<a href="#T01:43:10" id="T01:43:10"><abbr title="2010-04-15T01:43:10+00:00">01:43:10</abbr></a>] <span>* kanru (~kanru@61-30-10-70.static.tfn.net.tw) Quit (Client Quit)</span></li>
<li class="join">[<a href="#T01:48:58" id="T01:48:58"><abbr title="2010-04-15T01:48:58+00:00">01:48:58</abbr></a>] <span>* kanru (~kanru@61-30-10-70.static.tfn.net.tw) has joined #beagle</span></li>
<li class="quit">[<a href="#T01:53:52" id="T01:53:52"><abbr title="2010-04-15T01:53:52+00:00">01:53:52</abbr></a>] <span>* wroberts1_ (~0c9b8122@gateway/web/freenode/x-pdodravpbumidsvj) Quit (Quit: Page closed)</span></li>
<li class="quit">[<a href="#T01:56:00" id="T01:56:00"><abbr title="2010-04-15T01:56:00+00:00">01:56:00</abbr></a>] <span>* Zoxc (~zoxc@ti0128a340-dhcp0330.bb.online.no) Quit ()</span></li>
<li class="join">[<a href="#T01:56:22" id="T01:56:22"><abbr title="2010-04-15T01:56:22+00:00">01:56:22</abbr></a>] <span>* mrc3_ (~ddiaz@189.157.117.148) has joined #beagle</span></li>
<li class="quit">[<a href="#T02:17:38" id="T02:17:38"><abbr title="2010-04-15T02:17:38+00:00">02:17:38</abbr></a>] <span>* GrizzlyAdams (~Grizzly@ip98-184-88-41.mc.at.cox.net) Quit (Quit: Leaving.)</span></li>
<li class="message">[<a href="#T02:18:03" id="T02:18:03"><abbr title="2010-04-15T02:18:03+00:00">02:18:03</abbr></a>] &lt;<cite>djlewis</cite>&gt; <q>happy happy... two more field rats gone :)</q></li>
<li class="join">[<a href="#T02:20:34" id="T02:20:34"><abbr title="2010-04-15T02:20:34+00:00">02:20:34</abbr></a>] <span>* j_ack_ (~j_ack@p57A4292D.dip0.t-ipconnect.de) has joined #beagle</span></li>
<li class="join">[<a href="#T02:23:55" id="T02:23:55"><abbr title="2010-04-15T02:23:55+00:00">02:23:55</abbr></a>] <span>* dinesh1rty (~dinesh@pool-68-163-246-196.bos.east.verizon.net) has joined #beagle</span></li>
<li class="quit">[<a href="#T02:24:33" id="T02:24:33"><abbr title="2010-04-15T02:24:33+00:00">02:24:33</abbr></a>] <span>* j_ack (~j_ack@p57A42C71.dip0.t-ipconnect.de) Quit (Ping timeout: 265 seconds)</span></li>
<li class="join">[<a href="#T02:28:59" id="T02:28:59"><abbr title="2010-04-15T02:28:59+00:00">02:28:59</abbr></a>] <span>* emeb|mac (~ericb@ip72-223-81-194.ph.ph.cox.net) has joined #beagle</span></li>
<li class="quit">[<a href="#T02:34:28" id="T02:34:28"><abbr title="2010-04-15T02:34:28+00:00">02:34:28</abbr></a>] <span>* Ceriand|desktop (~Ceriand@unaffiliated/ceriand) Quit (Read error: Connection reset by peer)</span></li>
<li class="join">[<a href="#T02:35:03" id="T02:35:03"><abbr title="2010-04-15T02:35:03+00:00">02:35:03</abbr></a>] <span>* Ceriand|desktop (~Ceriand@unaffiliated/ceriand) has joined #beagle</span></li>
<li class="quit">[<a href="#T02:40:44" id="T02:40:44"><abbr title="2010-04-15T02:40:44+00:00">02:40:44</abbr></a>] <span>* Xerion (~xerion@84.25.7.202) Quit (Read error: Connection reset by peer)</span></li>
<li class="quit">[<a href="#T02:43:41" id="T02:43:41"><abbr title="2010-04-15T02:43:41+00:00">02:43:41</abbr></a>] <span>* j_ack_ (~j_ack@p57A4292D.dip0.t-ipconnect.de) Quit (Quit: Verlassend)</span></li>
<li class="quit">[<a href="#T02:49:33" id="T02:49:33"><abbr title="2010-04-15T02:49:33+00:00">02:49:33</abbr></a>] <span>* emeb|mac (~ericb@ip72-223-81-194.ph.ph.cox.net) Quit (Remote host closed the connection)</span></li>
<li class="join">[<a href="#T02:53:50" id="T02:53:50"><abbr title="2010-04-15T02:53:50+00:00">02:53:50</abbr></a>] <span>* tdh2002 (~tt@59.42.93.98) has joined #beagle</span></li>
<li class="quit">[<a href="#T02:58:04" id="T02:58:04"><abbr title="2010-04-15T02:58:04+00:00">02:58:04</abbr></a>] <span>* tdh2002 (~tt@59.42.93.98) Quit (Ping timeout: 252 seconds)</span></li>
<li class="join">[<a href="#T02:58:52" id="T02:58:52"><abbr title="2010-04-15T02:58:52+00:00">02:58:52</abbr></a>] <span>* cmurillo (~cristina@201.206.53.134) has joined #beagle</span></li>
<li class="part">[<a href="#T02:58:57" id="T02:58:57"><abbr title="2010-04-15T02:58:57+00:00">02:58:57</abbr></a>] <span>* cmurillo (~cristina@201.206.53.134) has left #beagle</span></li>
<li class="join">[<a href="#T03:01:13" id="T03:01:13"><abbr title="2010-04-15T03:01:13+00:00">03:01:13</abbr></a>] <span>* cody_ (~cody@dslb-084-056-084-078.pools.arcor-ip.net) has joined #beagle</span></li>
<li class="join">[<a href="#T03:04:27" id="T03:04:27"><abbr title="2010-04-15T03:04:27+00:00">03:04:27</abbr></a>] <span>* aholler_ (~aholler@p57B22A60.dip0.t-ipconnect.de) has joined #beagle</span></li>
<li class="quit">[<a href="#T03:04:38" id="T03:04:38"><abbr title="2010-04-15T03:04:38+00:00">03:04:38</abbr></a>] <span>* cody__ (~cody@dslb-084-056-075-228.pools.arcor-ip.net) Quit (Ping timeout: 276 seconds)</span></li>
<li class="quit">[<a href="#T03:08:32" id="T03:08:32"><abbr title="2010-04-15T03:08:32+00:00">03:08:32</abbr></a>] <span>* aholler (~aholler@p57B22B90.dip0.t-ipconnect.de) Quit (Ping timeout: 276 seconds)</span></li>
<li class="message">[<a href="#T03:09:06" id="T03:09:06"><abbr title="2010-04-15T03:09:06+00:00">03:09:06</abbr></a>] &lt;<cite>emeb</cite>&gt; <q>djlewis: out huntin' varmints?</q></li>
<li class="message">[<a href="#T03:11:26" id="T03:11:26"><abbr title="2010-04-15T03:11:26+00:00">03:11:26</abbr></a>] &lt;<cite>djlewis</cite>&gt; <q>hey emeb </q></li>
<li class="message">[<a href="#T03:11:47" id="T03:11:47"><abbr title="2010-04-15T03:11:47+00:00">03:11:47</abbr></a>] &lt;<cite>djlewis</cite>&gt; <q>Yep, rat shot is like birdshot in a 22 shell</q></li>
<li class="message">[<abbr title="2010-04-15T03:11:47+00:00">03:11:47</abbr>] &lt;<cite>emeb</cite>&gt; <q>hiya.</q></li>
<li class="message">[<a href="#T03:11:58" id="T03:11:58"><abbr title="2010-04-15T03:11:58+00:00">03:11:58</abbr></a>] &lt;<cite>emeb</cite>&gt; <q>tiny!</q></li>
<li class="message">[<a href="#T03:12:04" id="T03:12:04"><abbr title="2010-04-15T03:12:04+00:00">03:12:04</abbr></a>] &lt;<cite>djlewis</cite>&gt; <q>yep.</q></li>
<li class="message">[<a href="#T03:12:20" id="T03:12:20"><abbr title="2010-04-15T03:12:20+00:00">03:12:20</abbr></a>] &lt;<cite>djlewis</cite>&gt; <q>but the baby field rats are three times larger than a mouse</q></li>
<li class="message">[<a href="#T03:12:44" id="T03:12:44"><abbr title="2010-04-15T03:12:44+00:00">03:12:44</abbr></a>] &lt;<cite>emeb</cite>&gt; <q>A nuisance, eh?</q></li>
<li class="message">[<a href="#T03:12:59" id="T03:12:59"><abbr title="2010-04-15T03:12:59+00:00">03:12:59</abbr></a>] &lt;<cite>emeb</cite>&gt; <q>Need a hungry cat.</q></li>
<li class="message">[<a href="#T03:13:13" id="T03:13:13"><abbr title="2010-04-15T03:13:13+00:00">03:13:13</abbr></a>] &lt;<cite>djlewis</cite>&gt; <q>they ahve all but destroyed my truck. Ate all the insulation off the wiring in my riding mower...</q></li>
<li class="quit">[<a href="#T03:13:18" id="T03:13:18"><abbr title="2010-04-15T03:13:18+00:00">03:13:18</abbr></a>] <span>* ppotera_ (~ppotera@c-69-243-130-95.hsd1.il.comcast.net) Quit (Quit: ppotera_)</span></li>
<li class="message">[<a href="#T03:13:29" id="T03:13:29"><abbr title="2010-04-15T03:13:29+00:00">03:13:29</abbr></a>] &lt;<cite>emeb</cite>&gt; <q>I've heard stories like that here in AZ too.</q></li>
<li class="message">[<a href="#T03:13:32" id="T03:13:32"><abbr title="2010-04-15T03:13:32+00:00">03:13:32</abbr></a>] &lt;<cite>djlewis</cite>&gt; <q>I dont have much of a soft spot for the little vermin</q></li>
<li class="message">[<a href="#T03:13:59" id="T03:13:59"><abbr title="2010-04-15T03:13:59+00:00">03:13:59</abbr></a>] &lt;<cite>djlewis</cite>&gt; <q>if they would leave my stuff alone then, maybe then...</q></li>
<li class="message">[<a href="#T03:14:02" id="T03:14:02"><abbr title="2010-04-15T03:14:02+00:00">03:14:02</abbr></a>] &lt;<cite>emeb</cite>&gt; <q>packrats nesting in engine compartments, chewing wires &amp; piling garbage into critical systems.</q></li>
<li class="action">[<a href="#T03:14:29" id="T03:14:29"><abbr title="2010-04-15T03:14:29+00:00">03:14:29</abbr></a>] <span>* ppotera hands djlewis his 30lbs always hungry cat</span></li>
<li class="message">[<a href="#T03:14:50" id="T03:14:50"><abbr title="2010-04-15T03:14:50+00:00">03:14:50</abbr></a>] &lt;<cite>djlewis</cite>&gt; <q>yea ppotera , thats the ticket.</q></li>
<li class="message">[<a href="#T03:15:05" id="T03:15:05"><abbr title="2010-04-15T03:15:05+00:00">03:15:05</abbr></a>] &lt;<cite>djlewis</cite>&gt; <q>sounds like it could fend for itself with my 100lb dogs too :)</q></li>
<li class="message">[<a href="#T03:15:10" id="T03:15:10"><abbr title="2010-04-15T03:15:10+00:00">03:15:10</abbr></a>] &lt;<cite>emeb</cite>&gt; <q>I've got a 14lb always-hungry cat too, but he wouldn't know what to do with a rat (or mouse)</q></li>
<li class="message">[<a href="#T03:15:23" id="T03:15:23"><abbr title="2010-04-15T03:15:23+00:00">03:15:23</abbr></a>] &lt;<cite>djlewis</cite>&gt; <q>yep, dosmestics</q></li>
<li class="message">[<a href="#T03:15:41" id="T03:15:41"><abbr title="2010-04-15T03:15:41+00:00">03:15:41</abbr></a>] &lt;<cite>emeb</cite>&gt; <q>only stalks the wiley kibble.</q></li>
<li class="message">[<a href="#T03:16:28" id="T03:16:28"><abbr title="2010-04-15T03:16:28+00:00">03:16:28</abbr></a>] &lt;<cite>djlewis</cite>&gt; <q>three times I took my truck heater apart to remove a cpl lbs of acorns.</q></li>
<li class="message">[<a href="#T03:16:37" id="T03:16:37"><abbr title="2010-04-15T03:16:37+00:00">03:16:37</abbr></a>] &lt;<cite>emeb</cite>&gt; <q>ouch!</q></li>
<li class="message">[<a href="#T03:17:00" id="T03:17:00"><abbr title="2010-04-15T03:17:00+00:00">03:17:00</abbr></a>] &lt;<cite>djlewis</cite>&gt; <q>many a time I had to remove nests on my manifolds before I could leave for work.</q></li>
<li class="message">[<a href="#T03:17:21" id="T03:17:21"><abbr title="2010-04-15T03:17:21+00:00">03:17:21</abbr></a>] &lt;<cite>djlewis</cite>&gt; <q>I have some scarey pictures of their nesting habbits</q></li>
<li class="message">[<a href="#T03:18:05" id="T03:18:05"><abbr title="2010-04-15T03:18:05+00:00">03:18:05</abbr></a>] &lt;<cite>emeb</cite>&gt; <q>In-laws live out in the desert &amp; have similar issues. They tried the ultrasonic repellers but that doesn't seem to help much.</q></li>
<li class="quit">[<a href="#T03:18:32" id="T03:18:32"><abbr title="2010-04-15T03:18:32+00:00">03:18:32</abbr></a>] <span>* GPSFan (~kenm@64.92.145.112) Quit (Quit: Leaving)</span></li>
<li class="message">[<a href="#T03:19:27" id="T03:19:27"><abbr title="2010-04-15T03:19:27+00:00">03:19:27</abbr></a>] &lt;<cite>emeb</cite>&gt; <q>Need to figure out how to use a Beagle as a rat deterrent!</q></li>
<li class="message">[<a href="#T03:19:45" id="T03:19:45"><abbr title="2010-04-15T03:19:45+00:00">03:19:45</abbr></a>] &lt;<cite>djlewis</cite>&gt; <q>I been there trying sonics.</q></li>
<li class="message">[<a href="#T03:19:54" id="T03:19:54"><abbr title="2010-04-15T03:19:54+00:00">03:19:54</abbr></a>] &lt;<cite>emeb</cite>&gt; <q>OpenCV + servos + pea-shooter.</q></li>
<li class="message">[<a href="#T03:20:02" id="T03:20:02"><abbr title="2010-04-15T03:20:02+00:00">03:20:02</abbr></a>] &lt;<cite>djlewis</cite>&gt; <q>I have a pretty little female dog wanting outside, brb</q></li>
<li class="message">[<a href="#T03:20:04" id="T03:20:04"><abbr title="2010-04-15T03:20:04+00:00">03:20:04</abbr></a>] &lt;<cite>emeb</cite>&gt; <q>...or _lazers_ !</q></li>
<li class="join">[<a href="#T03:24:02" id="T03:24:02"><abbr title="2010-04-15T03:24:02+00:00">03:24:02</abbr></a>] <span>* Belna (~Thomas@ppp-88-217-113-138.dynamic.mnet-online.de) has joined #beagle</span></li>
<li class="join">[<a href="#T03:25:39" id="T03:25:39"><abbr title="2010-04-15T03:25:39+00:00">03:25:39</abbr></a>] <span>* jacques (~jacques@nslu2-linux/jacques) has joined #beagle</span></li>
<li class="quit">[<a href="#T03:30:33" id="T03:30:33"><abbr title="2010-04-15T03:30:33+00:00">03:30:33</abbr></a>] <span>* RazZziel (~raziel@63.93.117.91.dynamic.mundo-r.com) Quit (Read error: Operation timed out)</span></li>
<li class="message">[<a href="#T03:36:54" id="T03:36:54"><abbr title="2010-04-15T03:36:54+00:00">03:36:54</abbr></a>] &lt;<cite>DanaG</cite>&gt; <q>not just lazers....</q></li>
<li class="message">[<a href="#T03:36:58" id="T03:36:58"><abbr title="2010-04-15T03:36:58+00:00">03:36:58</abbr></a>] &lt;<cite>DanaG</cite>&gt; <q>FRICKIN' lazers!</q></li>
<li class="message">[<a href="#T03:37:00" id="T03:37:00"><abbr title="2010-04-15T03:37:00+00:00">03:37:00</abbr></a>] &lt;<cite>DanaG</cite>&gt; <q>=??</q></li>
<li class="message">[<a href="#T03:38:05" id="T03:38:05"><abbr title="2010-04-15T03:38:05+00:00">03:38:05</abbr></a>] &lt;<cite>djlewis</cite>&gt; <q>just nailed another... :)</q></li>
<li class="message">[<a href="#T03:39:53" id="T03:39:53"><abbr title="2010-04-15T03:39:53+00:00">03:39:53</abbr></a>] &lt;<cite>DanaG</cite>&gt; <q>hope you wear hearing protection when shooting stuff.</q></li>
<li class="message">[<a href="#T03:40:02" id="T03:40:02"><abbr title="2010-04-15T03:40:02+00:00">03:40:02</abbr></a>] &lt;<cite>DanaG</cite>&gt; <q>er, "ear protection"</q></li>
<li class="message">[<a href="#T03:40:20" id="T03:40:20"><abbr title="2010-04-15T03:40:20+00:00">03:40:20</abbr></a>] &lt;<cite>djlewis</cite>&gt; <q>sadly I never think of it until after the fact.</q></li>
<li class="message">[<a href="#T03:40:44" id="T03:40:44"><abbr title="2010-04-15T03:40:44+00:00">03:40:44</abbr></a>] &lt;<cite>djlewis</cite>&gt; <q>and yes, that right ear is very low of gain.</q></li>
<li class="message">[<a href="#T03:44:25" id="T03:44:25"><abbr title="2010-04-15T03:44:25+00:00">03:44:25</abbr></a>] &lt;<cite>djlewis</cite>&gt; <q>is it omapfbply with the NEON code?</q></li>
<li class="message">[<a href="#T03:44:35" id="T03:44:35"><abbr title="2010-04-15T03:44:35+00:00">03:44:35</abbr></a>] &lt;<cite>djlewis</cite>&gt; <q>omapfbplay</q></li>
<li class="action">[<a href="#T03:47:58" id="T03:47:58"><abbr title="2010-04-15T03:47:58+00:00">03:47:58</abbr></a>] <span>* djlewis has only one shot left. gotta get more ammo</span></li>
<li class="quit">[<a href="#T03:49:15" id="T03:49:15"><abbr title="2010-04-15T03:49:15+00:00">03:49:15</abbr></a>] <span>* cbrake (~cbrake@oh-69-34-21-229.sta.embarqhsd.net) Quit (Ping timeout: 276 seconds)</span></li>
<li class="quit">[<abbr title="2010-04-15T03:49:15+00:00">03:49:15</abbr>] <span>* _courville_ (~marc@courville.org) Quit (Read error: Connection reset by peer)</span></li>
<li class="message">[<a href="#T03:58:29" id="T03:58:29"><abbr title="2010-04-15T03:58:29+00:00">03:58:29</abbr></a>] &lt;<cite>djlewis</cite>&gt; <q>target pratice with my 9mm pistol does my hearing no good either.</q></li>
<li class="message">[<a href="#T03:59:05" id="T03:59:05"><abbr title="2010-04-15T03:59:05+00:00">03:59:05</abbr></a>] &lt;<cite>djlewis</cite>&gt; <q>years of working various concerts in a stadium, lots of hunting with shotgun... </q></li>
