<li class="quit">[<a href="#T00:00:27" id="T00:00:27"><abbr title="2010-07-02T00:00:27+00:00">00:00:27</abbr></a>] <span>* jconnolly (~jconnolly@firebug.buglabs.net) Quit (*.net *.split)</span></li>
<li class="quit">[<abbr title="2010-07-02T00:00:27+00:00">00:00:27</abbr>] <span>* kai (~kai@samba/team/kai) Quit (*.net *.split)</span></li>
<li class="quit">[<abbr title="2010-07-02T00:00:27+00:00">00:00:27</abbr>] <span>* radhermit (~radhermit@radhermit-1-pt.tunnel.tserv3.fmt2.ipv6.he.net) Quit (*.net *.split)</span></li>
<li class="quit">[<abbr title="2010-07-02T00:00:27+00:00">00:00:27</abbr>] <span>* dm8tbr (dm8tbr@2001:41b8:0:f010::2) Quit (*.net *.split)</span></li>
<li class="quit">[<abbr title="2010-07-02T00:00:27+00:00">00:00:27</abbr>] <span>* ds2 (noinf@netblock-66-245-251-24.dslextreme.com) Quit (*.net *.split)</span></li>
<li class="quit">[<abbr title="2010-07-02T00:00:27+00:00">00:00:27</abbr>] <span>* Summeli (summeli@irc.summeli.fi) Quit (*.net *.split)</span></li>
<li class="quit">[<abbr title="2010-07-02T00:00:27+00:00">00:00:27</abbr>] <span>* _av500_ (vladimir@dk0td.afthd.tu-darmstadt.de) Quit (*.net *.split)</span></li>
<li class="quit">[<a href="#T00:00:48" id="T00:00:48"><abbr title="2010-07-02T00:00:48+00:00">00:00:48</abbr></a>] <span>* rlameiro (~lameiro@87.196.146.29) Quit (Quit: Saindo)</span></li>
<li class="message">[<a href="#T00:05:40" id="T00:05:40"><abbr title="2010-07-02T00:05:40+00:00">00:05:40</abbr></a>] &lt;<cite>Cru_N_cher</cite>&gt; <q><a href="http://ic.tweakimg.net/ext/i/imagelarge/1267455453.jpeg">http://ic.tweakimg.net/ext/i/imagelarge/1267455453.jpeg</a> &lt;- licensed not pirated ;)</q></li>
<li class="message">[<a href="#T00:06:38" id="T00:06:38"><abbr title="2010-07-02T00:06:38+00:00">00:06:38</abbr></a>] &lt;<cite>Cru_N_cher</cite>&gt; <q>if you have to put that information into marketing stuff what do you want to communicate with that ;) ?</q></li>
<li class="message">[<a href="#T00:07:52" id="T00:07:52"><abbr title="2010-07-02T00:07:52+00:00">00:07:52</abbr></a>] &lt;<cite>mru</cite>&gt; <q>dolby licensing is funny stuff</q></li>
<li class="message">[<a href="#T00:07:59" id="T00:07:59"><abbr title="2010-07-02T00:07:59+00:00">00:07:59</abbr></a>] &lt;<cite>Cru_N_cher</cite>&gt; <q>"Look customers you get Licensed Dolby Digital it sounds much better then not licensed" &lt;- maybe ?</q></li>
<li class="join">[<a href="#T00:11:57" id="T00:11:57"><abbr title="2010-07-02T00:11:57+00:00">00:11:57</abbr></a>] <span>* Summeli (summeli@irc.summeli.fi) has joined #beagle</span></li>
<li class="join">[<abbr title="2010-07-02T00:11:57+00:00">00:11:57</abbr>] <span>* jconnolly (~jconnolly@firebug.buglabs.net) has joined #beagle</span></li>
<li class="join">[<abbr title="2010-07-02T00:11:57+00:00">00:11:57</abbr>] <span>* kai (~kai@samba/team/kai) has joined #beagle</span></li>
<li class="join">[<abbr title="2010-07-02T00:11:57+00:00">00:11:57</abbr>] <span>* ds2 (noinf@netblock-66-245-251-24.dslextreme.com) has joined #beagle</span></li>
<li class="join">[<abbr title="2010-07-02T00:11:57+00:00">00:11:57</abbr>] <span>* _av500_ (vladimir@dk0td.afthd.tu-darmstadt.de) has joined #beagle</span></li>
<li class="message">[<a href="#T00:12:44" id="T00:12:44"><abbr title="2010-07-02T00:12:44+00:00">00:12:44</abbr></a>] &lt;<cite>Cru_N_cher</cite>&gt; <q>hmm could also mean Dolby Digital is licensed the rest not &gt;:)</q></li>
<li class="quit">[<a href="#T00:16:48" id="T00:16:48"><abbr title="2010-07-02T00:16:48+00:00">00:16:48</abbr></a>] <span>* W_I (~W_I@ip-87-108-76-187.customer.academica.fi) Quit (Quit: W_I)</span></li>
<li class="quit">[<a href="#T00:18:06" id="T00:18:06"><abbr title="2010-07-02T00:18:06+00:00">00:18:06</abbr></a>] <span>* raster (raster@enlightenment/developer/raster) Quit (Quit: Gettin' stinky!)</span></li>
<li class="join">[<a href="#T00:18:15" id="T00:18:15"><abbr title="2010-07-02T00:18:15+00:00">00:18:15</abbr></a>] <span>* raster (raster@enlightenment/developer/raster) has joined #beagle</span></li>
<li class="quit">[<a href="#T00:19:06" id="T00:19:06"><abbr title="2010-07-02T00:19:06+00:00">00:19:06</abbr></a>] <span>* bearsh (~quassel@adsl-245-48-fixip.datacomm.ch) Quit (Read error: Connection reset by peer)</span></li>
<li class="join">[<a href="#T00:20:11" id="T00:20:11"><abbr title="2010-07-02T00:20:11+00:00">00:20:11</abbr></a>] <span>* bearsh (~quassel@adsl-245-48-fixip.datacomm.ch) has joined #beagle</span></li>
<li class="join">[<a href="#T00:20:46" id="T00:20:46"><abbr title="2010-07-02T00:20:46+00:00">00:20:46</abbr></a>] <span>* radhermit (~radhermit@radhermit-1-pt.tunnel.tserv3.fmt2.ipv6.he.net) has joined #beagle</span></li>
<li class="quit">[<a href="#T00:22:38" id="T00:22:38"><abbr title="2010-07-02T00:22:38+00:00">00:22:38</abbr></a>] <span>* Ceriand|work (~Ceriand@unaffiliated/ceriand) Quit (Quit: Leaving.)</span></li>
<li class="quit">[<a href="#T00:22:58" id="T00:22:58"><abbr title="2010-07-02T00:22:58+00:00">00:22:58</abbr></a>] <span>* _don_ (~don@nat/ti/x-qwurenihxyrrjaca) Quit ()</span></li>
<li class="quit">[<a href="#T00:27:57" id="T00:27:57"><abbr title="2010-07-02T00:27:57+00:00">00:27:57</abbr></a>] <span>* bearsh (~quassel@adsl-245-48-fixip.datacomm.ch) Quit (Read error: Connection reset by peer)</span></li>
<li class="join">[<a href="#T00:29:04" id="T00:29:04"><abbr title="2010-07-02T00:29:04+00:00">00:29:04</abbr></a>] <span>* bearsh (~quassel@adsl-245-48-fixip.datacomm.ch) has joined #beagle</span></li>
<li class="join">[<a href="#T00:34:53" id="T00:34:53"><abbr title="2010-07-02T00:34:53+00:00">00:34:53</abbr></a>] <span>* dm8tbr (dm8tbr@gw.bfst.de) has joined #beagle</span></li>
<li class="quit">[<a href="#T00:37:06" id="T00:37:06"><abbr title="2010-07-02T00:37:06+00:00">00:37:06</abbr></a>] <span>* Summeli (summeli@irc.summeli.fi) Quit (Remote host closed the connection)</span></li>
<li class="join">[<abbr title="2010-07-02T00:37:06+00:00">00:37:06</abbr>] <span>* Summeli (~antti@irc.summeli.fi) has joined #beagle</span></li>
<li class="quit">[<a href="#T00:40:00" id="T00:40:00"><abbr title="2010-07-02T00:40:00+00:00">00:40:00</abbr></a>] <span>* 94SAADGB6 (~mrodrigue@186.32.57.22) Quit (Quit: Leaving.)</span></li>
<li class="join">[<a href="#T00:47:56" id="T00:47:56"><abbr title="2010-07-02T00:47:56+00:00">00:47:56</abbr></a>] <span>* rsalveti (~rsalveti@201-92-10-242.dsl.telesp.net.br) has joined #beagle</span></li>
<li class="join">[<a href="#T00:48:47" id="T00:48:47"><abbr title="2010-07-02T00:48:47+00:00">00:48:47</abbr></a>] <span>* maluta (bd6b5368@gateway/web/freenode/ip.189.107.83.104) has joined #beagle</span></li>
<li class="quit">[<a href="#T00:52:00" id="T00:52:00"><abbr title="2010-07-02T00:52:00+00:00">00:52:00</abbr></a>] <span>* drinkcat (~nicolas@181-162.4-85.cust.bluewin.ch) Quit (Ping timeout: 260 seconds)</span></li>
