<li class="quit">[<a href="#T00:03:41" id="T00:03:41"><abbr title="2010-08-07T00:03:41+00:00">00:03:41</abbr></a>] <span>* davidc__ (~davidc__@S0106000f662a10a4.vc.shawcable.net) Quit (Read error: Connection reset by peer)</span></li>
<li class="join">[<a href="#T00:03:50" id="T00:03:50"><abbr title="2010-08-07T00:03:50+00:00">00:03:50</abbr></a>] <span>* davidc__ (~davidc__@S0106000f662a10a4.vc.shawcable.net) has joined #beagle</span></li>
<li class="join">[<a href="#T00:20:31" id="T00:20:31"><abbr title="2010-08-07T00:20:31+00:00">00:20:31</abbr></a>] <span>* khasim (~a0393720@192.163.20.231) has joined #beagle</span></li>
<li class="join">[<a href="#T00:26:25" id="T00:26:25"><abbr title="2010-08-07T00:26:25+00:00">00:26:25</abbr></a>] <span>* Redb3ard (~SF0010MAC@75.110.202.83) has joined #beagle</span></li>
<li class="join">[<a href="#T00:30:14" id="T00:30:14"><abbr title="2010-08-07T00:30:14+00:00">00:30:14</abbr></a>] <span>* jrmuizel (~jrmuizel@CPE001f5be79d0f-CM0017ee62f8b0.cpe.net.cable.rogers.com) has joined #beagle</span></li>
<li class="quit">[<a href="#T00:39:03" id="T00:39:03"><abbr title="2010-08-07T00:39:03+00:00">00:39:03</abbr></a>] <span>* jevin (~jevin@c-24-13-122-71.hsd1.in.comcast.net) Quit (Quit: Leaving)</span></li>
<li class="join">[<a href="#T00:39:21" id="T00:39:21"><abbr title="2010-08-07T00:39:21+00:00">00:39:21</abbr></a>] <span>* djlewis (~djlewis@75.15.67.41) has joined #beagle</span></li>
<li class="quit">[<a href="#T00:40:42" id="T00:40:42"><abbr title="2010-08-07T00:40:42+00:00">00:40:42</abbr></a>] <span>* ogra (~ogra@ubuntu/member/ogra) Quit (Read error: Connection reset by peer)</span></li>
<li class="quit">[<a href="#T00:41:35" id="T00:41:35"><abbr title="2010-08-07T00:41:35+00:00">00:41:35</abbr></a>] <span>* rcn-ee_lpt (~voodoo@thief-pool1-30.mncable.net) Quit (Remote host closed the connection)</span></li>
<li class="quit">[<a href="#T00:42:36" id="T00:42:36"><abbr title="2010-08-07T00:42:36+00:00">00:42:36</abbr></a>] <span>* scrp3l (~scrp3l@201.250.186.151) Quit (Remote host closed the connection)</span></li>
<li class="join">[<a href="#T00:42:52" id="T00:42:52"><abbr title="2010-08-07T00:42:52+00:00">00:42:52</abbr></a>] <span>* ogra (~ogra@ubuntu/member/ogra) has joined #beagle</span></li>
<li class="join">[<a href="#T00:43:21" id="T00:43:21"><abbr title="2010-08-07T00:43:21+00:00">00:43:21</abbr></a>] <span>* scrp3l (~scrp3l@201.250.186.151) has joined #beagle</span></li>
<li class="message">[<a href="#T00:43:32" id="T00:43:32"><abbr title="2010-08-07T00:43:32+00:00">00:43:32</abbr></a>] &lt;<cite>emeb</cite>&gt; <q>Yay! xM documentation....</q></li>
<li class="quit">[<a href="#T00:43:41" id="T00:43:41"><abbr title="2010-08-07T00:43:41+00:00">00:43:41</abbr></a>] <span>* alancam (~a-campbel@nat/ti/x-yidokgyeecxtozyz) Quit ()</span></li>
<li class="message">[<a href="#T00:54:15" id="T00:54:15"><abbr title="2010-08-07T00:54:15+00:00">00:54:15</abbr></a>] &lt;<cite>SmkMnstr</cite>&gt; <q>anyone know how to disable wpa_supplicant from boot?</q></li>
<li class="message">[<a href="#T00:54:19" id="T00:54:19"><abbr title="2010-08-07T00:54:19+00:00">00:54:19</abbr></a>] &lt;<cite>SmkMnstr</cite>&gt; <q>i cant figure out whats starting it</q></li>
<li class="message">[<a href="#T00:54:52" id="T00:54:52"><abbr title="2010-08-07T00:54:52+00:00">00:54:52</abbr></a>] &lt;<cite>SmkMnstr</cite>&gt; <q>grep -r wpa_supplicant /etc/*</q></li>
<li class="quit">[<a href="#T00:57:03" id="T00:57:03"><abbr title="2010-08-07T00:57:03+00:00">00:57:03</abbr></a>] <span>* khasim (~a0393720@192.163.20.231) Quit (Ping timeout: 264 seconds)</span></li>
<li class="quit">[<a href="#T00:59:22" id="T00:59:22"><abbr title="2010-08-07T00:59:22+00:00">00:59:22</abbr></a>] <span>* raster (~raster@enlightenment/developer/raster) Quit (Quit: Gettin' stinky!)</span></li>
<li class="join">[<a href="#T00:59:52" id="T00:59:52"><abbr title="2010-08-07T00:59:52+00:00">00:59:52</abbr></a>] <span>* GrizzlyAdams (~Grizzly@ip98-184-88-41.mc.at.cox.net) has joined #beagle</span></li>
<li class="quit">[<a href="#T01:03:07" id="T01:03:07"><abbr title="2010-08-07T01:03:07+00:00">01:03:07</abbr></a>] <span>* jayabharath (~a0866114@nat/ti/x-swrbqskkhytqlizn) Quit (Ping timeout: 265 seconds)</span></li>
<li class="message">[<a href="#T01:08:56" id="T01:08:56"><abbr title="2010-08-07T01:08:56+00:00">01:08:56</abbr></a>] &lt;<cite>thurbad</cite>&gt; <q>probably the connection manager is starting it up.. is that running</q></li>
<li class="message">[<a href="#T01:09:34" id="T01:09:34"><abbr title="2010-08-07T01:09:34+00:00">01:09:34</abbr></a>] &lt;<cite>thurbad</cite>&gt; <q>connection manager does all sorts of stuff I dislike</q></li>
<li class="quit">[<a href="#T01:31:09" id="T01:31:09"><abbr title="2010-08-07T01:31:09+00:00">01:31:09</abbr></a>] <span>* GrizzlyAdams (~Grizzly@ip98-184-88-41.mc.at.cox.net) Quit (Quit: Leaving.)</span></li>
<li class="quit">[<a href="#T01:32:39" id="T01:32:39"><abbr title="2010-08-07T01:32:39+00:00">01:32:39</abbr></a>] <span>* eAndrius (~andrius@88-222-169-44.meganet.lt) Quit (Quit: Leaving)</span></li>
<li class="quit">[<a href="#T01:34:23" id="T01:34:23"><abbr title="2010-08-07T01:34:23+00:00">01:34:23</abbr></a>] <span>* mrc3 (~ddiaz@189.157.111.231) Quit (Remote host closed the connection)</span></li>
<li class="join">[<a href="#T01:38:04" id="T01:38:04"><abbr title="2010-08-07T01:38:04+00:00">01:38:04</abbr></a>] <span>* raster (~raster@enlightenment/developer/raster) has joined #beagle</span></li>
<li class="message">[<a href="#T01:44:16" id="T01:44:16"><abbr title="2010-08-07T01:44:16+00:00">01:44:16</abbr></a>] &lt;<cite>SmkMnstr</cite>&gt; <q>ah yeah it is indeed</q></li>
<li class="message">[<a href="#T01:44:19" id="T01:44:19"><abbr title="2010-08-07T01:44:19+00:00">01:44:19</abbr></a>] &lt;<cite>SmkMnstr</cite>&gt; <q>so thats what conmand is</q></li>
<li class="message">[<a href="#T01:50:28" id="T01:50:28"><abbr title="2010-08-07T01:50:28+00:00">01:50:28</abbr></a>] &lt;<cite>SmkMnstr</cite>&gt; <q>nice, got wirless with wep coming up on boot</q></li>
<li class="message">[<a href="#T01:50:57" id="T01:50:57"><abbr title="2010-08-07T01:50:57+00:00">01:50:57</abbr></a>] &lt;<cite>SmkMnstr</cite>&gt; <q>chmod a-x /etc/init.d/connman didnt work, because it caused an error that disables further net starts</q></li>
<li class="message">[<a href="#T01:51:05" id="T01:51:05"><abbr title="2010-08-07T01:51:05+00:00">01:51:05</abbr></a>] &lt;<cite>SmkMnstr</cite>&gt; <q>so i just replaced it with an empty shell script, and it works</q></li>
<li class="message">[<a href="#T01:51:14" id="T01:51:14"><abbr title="2010-08-07T01:51:14+00:00">01:51:14</abbr></a>] &lt;<cite>SmkMnstr</cite>&gt; <q>probably some sysconfig place i can turn this off also :)</q></li>
<li class="quit">[<a href="#T01:55:28" id="T01:55:28"><abbr title="2010-08-07T01:55:28+00:00">01:55:28</abbr></a>] <span>* mpoirier_ (~quassel@S0106002369de4dac.cg.shawcable.net) Quit (Ping timeout: 240 seconds)</span></li>
<li class="quit">[<abbr title="2010-08-07T01:55:28+00:00">01:55:28</abbr>] <span>* mpoirier (~quassel@S0106002369de4dac.cg.shawcable.net) Quit (Ping timeout: 240 seconds)</span></li>
<li class="message">[<a href="#T01:56:12" id="T01:56:12"><abbr title="2010-08-07T01:56:12+00:00">01:56:12</abbr></a>] &lt;<cite>SmkMnstr</cite>&gt; <q>update-rc.d -f connman remove</q></li>
<li class="message">[<a href="#T01:56:15" id="T01:56:15"><abbr title="2010-08-07T01:56:15+00:00">01:56:15</abbr></a>] &lt;<cite>SmkMnstr</cite>&gt; <q>cool</q></li>
<li class="message">[<a href="#T01:56:18" id="T01:56:18"><abbr title="2010-08-07T01:56:18+00:00">01:56:18</abbr></a>] &lt;<cite>SmkMnstr</cite>&gt; <q>thanks for the tip :)</q></li>
<li class="message">[<a href="#T01:57:24" id="T01:57:24"><abbr title="2010-08-07T01:57:24+00:00">01:57:24</abbr></a>] &lt;<cite>ds2</cite>&gt; <q>it is all a big con</q></li>
<li class="message">[<a href="#T02:02:41" id="T02:02:41"><abbr title="2010-08-07T02:02:41+00:00">02:02:41</abbr></a>] &lt;<cite>SmkMnstr</cite>&gt; <q>dont be cyncial ds2 :)</q></li>
<li class="message">[<a href="#T02:04:28" id="T02:04:28"><abbr title="2010-08-07T02:04:28+00:00">02:04:28</abbr></a>] &lt;<cite>SmkMnstr</cite>&gt; <q>can anyone recommend a really good insulator, or insulator tape</q></li>
<li class="message">[<a href="#T02:04:39" id="T02:04:39"><abbr title="2010-08-07T02:04:39+00:00">02:04:39</abbr></a>] &lt;<cite>SmkMnstr</cite>&gt; <q>i need something to put between these 2 circuit borders</q></li>
<li class="message">[<a href="#T02:05:03" id="T02:05:03"><abbr title="2010-08-07T02:05:03+00:00">02:05:03</abbr></a>] &lt;<cite>SmkMnstr</cite>&gt; <q>they get quite warm</q></li>
<li class="message">[<a href="#T02:13:25" id="T02:13:25"><abbr title="2010-08-07T02:13:25+00:00">02:13:25</abbr></a>] &lt;<cite>djlewis</cite>&gt; <q>SmkMnstr: i hope yo uare not implying a BB gets warm</q></li>
<li class="message">[<a href="#T02:13:50" id="T02:13:50"><abbr title="2010-08-07T02:13:50+00:00">02:13:50</abbr></a>] &lt;<cite>SmkMnstr</cite>&gt; <q>no this is just a general inquiry djlewis</q></li>
<li class="message">[<a href="#T02:13:59" id="T02:13:59"><abbr title="2010-08-07T02:13:59+00:00">02:13:59</abbr></a>] &lt;<cite>djlewis</cite>&gt; <q>good</q></li>
<li class="message">[<a href="#T02:14:01" id="T02:14:01"><abbr title="2010-08-07T02:14:01+00:00">02:14:01</abbr></a>] &lt;<cite>djlewis</cite>&gt; <q>:)</q></li>
<li class="message">[<a href="#T02:14:15" id="T02:14:15"><abbr title="2010-08-07T02:14:15+00:00">02:14:15</abbr></a>] &lt;<cite>djlewis</cite>&gt; <q>my heart goes out to overheated BB's</q></li>
<li class="message">[<a href="#T02:15:17" id="T02:15:17"><abbr title="2010-08-07T02:15:17+00:00">02:15:17</abbr></a>] &lt;<cite>djlewis</cite>&gt; <q>try searching for heatblock</q></li>
<li class="quit">[<a href="#T02:15:38" id="T02:15:38"><abbr title="2010-08-07T02:15:38+00:00">02:15:38</abbr></a>] <span>* kanru (~kanru@61-228-156-150.dynamic.hinet.net) Quit (Ping timeout: 260 seconds)</span></li>
<li class="message">[<a href="#T02:16:45" id="T02:16:45"><abbr title="2010-08-07T02:16:45+00:00">02:16:45</abbr></a>] &lt;<cite>djlewis</cite>&gt; <q>ds2: so what are you being "cynical" over ;)</q></li>
<li class="message">[<a href="#T02:19:56" id="T02:19:56"><abbr title="2010-08-07T02:19:56+00:00">02:19:56</abbr></a>] &lt;<cite>ds2</cite>&gt; <q>SmkMnstr: kapton seems to be popular</q></li>
<li class="message">[<a href="#T02:20:18" id="T02:20:18"><abbr title="2010-08-07T02:20:18+00:00">02:20:18</abbr></a>] &lt;<cite>ds2</cite>&gt; <q>djlewis: eye ball deep in "stuff" :/</q></li>
<li class="message">[<a href="#T02:20:45" id="T02:20:45"><abbr title="2010-08-07T02:20:45+00:00">02:20:45</abbr></a>] &lt;<cite>djlewis</cite>&gt; <q>that can do it. I hope it is making you lots of money.</q></li>
<li class="join">[<abbr title="2010-08-07T02:20:45+00:00">02:20:45</abbr>] <span>* kanru (~kanru@61-228-156-150.dynamic.hinet.net) has joined #beagle</span></li>
<li class="join">[<a href="#T02:20:58" id="T02:20:58"><abbr title="2010-08-07T02:20:58+00:00">02:20:58</abbr></a>] <span>* drinkcat (~nicolas@119.56.3.26) has joined #beagle</span></li>
<li class="message">[<a href="#T02:21:00" id="T02:21:00"><abbr title="2010-08-07T02:21:00+00:00">02:21:00</abbr></a>] &lt;<cite>ds2</cite>&gt; <q>that is the wrong metric</q></li>
<li class="message">[<a href="#T02:21:07" id="T02:21:07"><abbr title="2010-08-07T02:21:07+00:00">02:21:07</abbr></a>] &lt;<cite>djlewis</cite>&gt; <q>hmm</q></li>
<li class="message">[<a href="#T02:21:14" id="T02:21:14"><abbr title="2010-08-07T02:21:14+00:00">02:21:14</abbr></a>] &lt;<cite>ds2</cite>&gt; <q>money/unit of sanity is a better metric</q></li>
<li class="message">[<a href="#T02:21:57" id="T02:21:57"><abbr title="2010-08-07T02:21:57+00:00">02:21:57</abbr></a>] &lt;<cite>thurbad</cite>&gt; <q>there is a part that gets a little warm on my beagle, near the OTG port... not hot though</q></li>
<li class="quit">[<a href="#T02:22:00" id="T02:22:00"><abbr title="2010-08-07T02:22:00+00:00">02:22:00</abbr></a>] <span>* maria1 (~mrodrigue@201.196.107.110) Quit (Quit: Leaving.)</span></li>
<li class="message">[<a href="#T02:22:24" id="T02:22:24"><abbr title="2010-08-07T02:22:24+00:00">02:22:24</abbr></a>] &lt;<cite>djlewis</cite>&gt; <q>that might be the power control IC</q></li>
<li class="message">[<a href="#T02:22:42" id="T02:22:42"><abbr title="2010-08-07T02:22:42+00:00">02:22:42</abbr></a>] &lt;<cite>ds2</cite>&gt; <q>look on the gerbers or allegro files </q></li>
<li class="message">[<a href="#T02:22:59" id="T02:22:59"><abbr title="2010-08-07T02:22:59+00:00">02:22:59</abbr></a>] &lt;<cite>thurbad</cite>&gt; <q>most likely</q></li>
<li class="message">[<a href="#T02:23:13" id="T02:23:13"><abbr title="2010-08-07T02:23:13+00:00">02:23:13</abbr></a>] &lt;<cite>thurbad</cite>&gt; <q>meh, just wasted half an hour trying to figure out which script I had modified to autostart an app</q></li>
<li class="message">[<a href="#T02:23:22" id="T02:23:22"><abbr title="2010-08-07T02:23:22+00:00">02:23:22</abbr></a>] &lt;<cite>djlewis</cite>&gt; <q>midly warm is about tops average for a normal running BB</q></li>
<li class="action">[<a href="#T02:24:07" id="T02:24:07"><abbr title="2010-08-07T02:24:07+00:00">02:24:07</abbr></a>] <span>* djlewis suspects someone will ask me to define "normal"</span></li>
<li class="quit">[<a href="#T02:37:34" id="T02:37:34"><abbr title="2010-08-07T02:37:34+00:00">02:37:34</abbr></a>] <span>* jkridner (~jason@pdpc/supporter/active/jkridner) Quit (Read error: Connection reset by peer)</span></li>
<li class="join">[<a href="#T02:37:52" id="T02:37:52"><abbr title="2010-08-07T02:37:52+00:00">02:37:52</abbr></a>] <span>* jkridner (~jason@pdpc/supporter/active/jkridner) has joined #beagle</span></li>
<li class="quit">[<abbr title="2010-08-07T02:37:52+00:00">02:37:52</abbr>] <span>* jkridner (~jason@pdpc/supporter/active/jkridner) Quit (Excess Flood)</span></li>
<li class="join">[<a href="#T02:41:44" id="T02:41:44"><abbr title="2010-08-07T02:41:44+00:00">02:41:44</abbr></a>] <span>* jakey (~jakey@65-122-139-147.dia.static.qwest.net) has joined #beagle</span></li>
<li class="quit">[<a href="#T02:43:31" id="T02:43:31"><abbr title="2010-08-07T02:43:31+00:00">02:43:31</abbr></a>] <span>* jrmuizel (~jrmuizel@CPE001f5be79d0f-CM0017ee62f8b0.cpe.net.cable.rogers.com) Quit (Quit: jrmuizel)</span></li>
<li class="quit">[<a href="#T02:45:20" id="T02:45:20"><abbr title="2010-08-07T02:45:20+00:00">02:45:20</abbr></a>] <span>* djlewis (~djlewis@75.15.67.41) Quit (Quit: Leaving.)</span></li>
<li class="join">[<a href="#T02:47:49" id="T02:47:49"><abbr title="2010-08-07T02:47:49+00:00">02:47:49</abbr></a>] <span>* jkridner (~jason@c-98-250-141-144.hsd1.mi.comcast.net) has joined #beagle</span></li>
<li class="quit">[<abbr title="2010-08-07T02:47:49+00:00">02:47:49</abbr>] <span>* jkridner (~jason@c-98-250-141-144.hsd1.mi.comcast.net) Quit (Changing host)</span></li>
<li class="join">[<abbr title="2010-08-07T02:47:49+00:00">02:47:49</abbr>] <span>* jkridner (~jason@pdpc/supporter/active/jkridner) has joined #beagle</span></li>
<li class="quit">[<a href="#T02:48:19" id="T02:48:19"><abbr title="2010-08-07T02:48:19+00:00">02:48:19</abbr></a>] <span>* russ (~russ@206.29.188.181) Quit (Read error: Connection reset by peer)</span></li>
<li class="join">[<a href="#T02:49:44" id="T02:49:44"><abbr title="2010-08-07T02:49:44+00:00">02:49:44</abbr></a>] <span>* mrc3 (~ddiaz@189.157.111.231) has joined #beagle</span></li>
<li class="quit">[<a href="#T02:55:55" id="T02:55:55"><abbr title="2010-08-07T02:55:55+00:00">02:55:55</abbr></a>] <span>* cecil_lincher (~clincher@pool-173-63-77-209.nwrknj.fios.verizon.net) Quit (Quit: Leaving)</span></li>
<li class="join">[<a href="#T03:00:27" id="T03:00:27"><abbr title="2010-08-07T03:00:27+00:00">03:00:27</abbr></a>] <span>* cody (~cody@dslb-084-056-093-255.pools.arcor-ip.net) has joined #beagle</span></li>
<li class="message">[<a href="#T03:01:29" id="T03:01:29"><abbr title="2010-08-07T03:01:29+00:00">03:01:29</abbr></a>] &lt;<cite>SmkMnstr</cite>&gt; <q>how do you tell bitbake to repeat a certain process</q></li>
<li class="message">[<a href="#T03:01:33" id="T03:01:33"><abbr title="2010-08-07T03:01:33+00:00">03:01:33</abbr></a>] &lt;<cite>SmkMnstr</cite>&gt; <q>the unpack of something is failing</q></li>
<li class="message">[<a href="#T03:01:40" id="T03:01:40"><abbr title="2010-08-07T03:01:40+00:00">03:01:40</abbr></a>] &lt;<cite>SmkMnstr</cite>&gt; <q>so i want to rerun the previous step of it downloading it</q></li>
<li class="quit">[<abbr title="2010-08-07T03:01:40+00:00">03:01:40</abbr>] <span>* cody_ (~cody@dslb-084-056-109-133.pools.arcor-ip.net) Quit (Read error: Operation timed out)</span></li>
<li class="message">[<a href="#T03:03:42" id="T03:03:42"><abbr title="2010-08-07T03:03:42+00:00">03:03:42</abbr></a>] &lt;<cite>ds2</cite>&gt; <q>bitbake will retry the last step</q></li>
<li class="message">[<a href="#T03:03:48" id="T03:03:48"><abbr title="2010-08-07T03:03:48+00:00">03:03:48</abbr></a>] &lt;<cite>ds2</cite>&gt; <q>or you can fool around with -c</q></li>
<li class="message">[<a href="#T03:04:06" id="T03:04:06"><abbr title="2010-08-07T03:04:06+00:00">03:04:06</abbr></a>] &lt;<cite>ds2</cite>&gt; <q>or you can screw with the internal controls ;)</q></li>
<li class="message">[<a href="#T03:06:12" id="T03:06:12"><abbr title="2010-08-07T03:06:12+00:00">03:06:12</abbr></a>] &lt;<cite>ds2</cite>&gt; <q>or you can chuck it entirely</q></li>
<li class="join">[<a href="#T03:06:39" id="T03:06:39"><abbr title="2010-08-07T03:06:39+00:00">03:06:39</abbr></a>] <span>* rbarraud (~rbarraud@118-93-72-142.dsl.dyn.ihug.co.nz) has joined #beagle</span></li>
<li class="join">[<a href="#T03:19:05" id="T03:19:05"><abbr title="2010-08-07T03:19:05+00:00">03:19:05</abbr></a>] <span>* jrmuizel (~jrmuizel@CPE001f5be79d0f-CM0017ee62f8b0.cpe.net.cable.rogers.com) has joined #beagle</span></li>
<li class="join">[<a href="#T03:21:53" id="T03:21:53"><abbr title="2010-08-07T03:21:53+00:00">03:21:53</abbr></a>] <span>* jkridner1 (~a0321898@nat/ti/x-sejidohvietgoifr) has joined #beagle</span></li>
<li class="quit">[<a href="#T03:21:58" id="T03:21:58"><abbr title="2010-08-07T03:21:58+00:00">03:21:58</abbr></a>] <span>* scrp3l (~scrp3l@201.250.186.151) Quit (Ping timeout: 276 seconds)</span></li>
<li class="quit">[<a href="#T03:23:25" id="T03:23:25"><abbr title="2010-08-07T03:23:25+00:00">03:23:25</abbr></a>] <span>* jrmuizel (~jrmuizel@CPE001f5be79d0f-CM0017ee62f8b0.cpe.net.cable.rogers.com) Quit (Client Quit)</span></li>
<li class="join">[<a href="#T03:30:14" id="T03:30:14"><abbr title="2010-08-07T03:30:14+00:00">03:30:14</abbr></a>] <span>* jrmuizel (~jrmuizel@CPE001f5be79d0f-CM0017ee62f8b0.cpe.net.cable.rogers.com) has joined #beagle</span></li>
<li class="message">[<a href="#T03:31:25" id="T03:31:25"><abbr title="2010-08-07T03:31:25+00:00">03:31:25</abbr></a>] &lt;<cite>SmkMnstr</cite>&gt; <q>the expat-2.0.1.tar.gz on sourceforge and a lot of mirrors has gzip crc error</q></li>
<li class="message">[<a href="#T03:32:22" id="T03:32:22"><abbr title="2010-08-07T03:32:22+00:00">03:32:22</abbr></a>] &lt;<cite>SmkMnstr</cite>&gt; <q>hrm wait from 2007, heh maybe my gzip is screwed?</q></li>
<li class="message">[<a href="#T03:35:15" id="T03:35:15"><abbr title="2010-08-07T03:35:15+00:00">03:35:15</abbr></a>] &lt;<cite>SmkMnstr</cite>&gt; <q>yup my vmware ubuntu's gzip :/</q></li>
<li class="join">[<a href="#T03:39:12" id="T03:39:12"><abbr title="2010-08-07T03:39:12+00:00">03:39:12</abbr></a>] <span>* ben_kludged (~ben@65-122-139-147.dia.static.qwest.net) has joined #beagle</span></li>
<li class="quit">[<a href="#T03:39:59" id="T03:39:59"><abbr title="2010-08-07T03:39:59+00:00">03:39:59</abbr></a>] <span>* jrmuizel (~jrmuizel@CPE001f5be79d0f-CM0017ee62f8b0.cpe.net.cable.rogers.com) Quit (Quit: jrmuizel)</span></li>
<li class="message">[<a href="#T03:40:34" id="T03:40:34"><abbr title="2010-08-07T03:40:34+00:00">03:40:34</abbr></a>] &lt;<cite>SmkMnstr</cite>&gt; <q>i just uncompressed and recompressed it on diff machine, then replaced the .tgz and .md5 in sources ;)</q></li>
<li class="join">[<a href="#T03:46:23" id="T03:46:23"><abbr title="2010-08-07T03:46:23+00:00">03:46:23</abbr></a>] <span>* emeb|mac (~ericb@ip72-223-81-194.ph.ph.cox.net) has joined #beagle</span></li>
<li class="quit">[<a href="#T03:55:05" id="T03:55:05"><abbr title="2010-08-07T03:55:05+00:00">03:55:05</abbr></a>] <span>* raster (~raster@enlightenment/developer/raster) Quit (Quit: Gettin' stinky!)</span></li>
<li class="message">[<a href="#T03:57:07" id="T03:57:07"><abbr title="2010-08-07T03:57:07+00:00">03:57:07</abbr></a>] &lt;<cite>rbarraud</cite>&gt; <q>doh whiuch version of Ubuntu/gzip is b0rked?</q></li>
