<li class="quit">[<a href="#T00:14:29" id="T00:14:29"><abbr title="2010-09-29T00:14:29+00:00">00:14:29</abbr></a>] <span>* alancam (~a-campbel@nat/ti/x-ydhrdzaswbbgvivx) Quit (Ping timeout: 255 seconds)</span></li>
<li class="join">[<a href="#T00:22:47" id="T00:22:47"><abbr title="2010-09-29T00:22:47+00:00">00:22:47</abbr></a>] <span>* hitlin37 (3bb14775@gateway/web/freenode/ip.59.177.71.117) has joined #beagle</span></li>
<li class="message">[<a href="#T00:23:24" id="T00:23:24"><abbr title="2010-09-29T00:23:24+00:00">00:23:24</abbr></a>] &lt;<cite>hitlin37</cite>&gt; <q>how can i get the display from s video,i've connected to tv out</q></li>
<li class="quit">[<a href="#T00:34:09" id="T00:34:09"><abbr title="2010-09-29T00:34:09+00:00">00:34:09</abbr></a>] <span>* kanru (~kanru@118-168-236-6.dynamic.hinet.net) Quit (Ping timeout: 265 seconds)</span></li>
<li class="quit">[<a href="#T00:37:08" id="T00:37:08"><abbr title="2010-09-29T00:37:08+00:00">00:37:08</abbr></a>] <span>* amitk (~amit@a91-154-124-12.elisa-laajakaista.fi) Quit (Quit: leaving)</span></li>
<li class="join">[<a href="#T00:41:24" id="T00:41:24"><abbr title="2010-09-29T00:41:24+00:00">00:41:24</abbr></a>] <span>* jrmuizel (~jrmuizel@CPE001f5be79d0f-CM0017ee62f8b0.cpe.net.cable.rogers.com) has joined #beagle</span></li>
<li class="join">[<a href="#T00:45:54" id="T00:45:54"><abbr title="2010-09-29T00:45:54+00:00">00:45:54</abbr></a>] <span>* mgrundy (~grund@38.121.36.75) has joined #beagle</span></li>
<li class="join">[<a href="#T00:47:33" id="T00:47:33"><abbr title="2010-09-29T00:47:33+00:00">00:47:33</abbr></a>] <span>* Ceriand|desktop (~Ceriand@unaffiliated/ceriand) has joined #beagle</span></li>
<li class="join">[<a href="#T00:52:32" id="T00:52:32"><abbr title="2010-09-29T00:52:32+00:00">00:52:32</abbr></a>] <span>* rlameiro (~lameiro@87-196-151-221.net.novis.pt) has joined #beagle</span></li>
<li class="quit">[<a href="#T00:54:18" id="T00:54:18"><abbr title="2010-09-29T00:54:18+00:00">00:54:18</abbr></a>] <span>* mgrundy (~grund@38.121.36.75) Quit (Ping timeout: 240 seconds)</span></li>
<li class="join">[<a href="#T00:58:09" id="T00:58:09"><abbr title="2010-09-29T00:58:09+00:00">00:58:09</abbr></a>] <span>* Ceriand|desktop1 (~Ceriand@unaffiliated/ceriand) has joined #beagle</span></li>
<li class="quit">[<a href="#T01:00:02" id="T01:00:02"><abbr title="2010-09-29T01:00:02+00:00">01:00:02</abbr></a>] <span>* Ceriand|desktop (~Ceriand@unaffiliated/ceriand) Quit (Ping timeout: 264 seconds)</span></li>
<li class="quit">[<a href="#T01:05:05" id="T01:05:05"><abbr title="2010-09-29T01:05:05+00:00">01:05:05</abbr></a>] <span>* rbarraud_ (~rbarraud@118-92-139-26.dsl.dyn.ihug.co.nz) Quit (Read error: Connection reset by peer)</span></li>
<li class="join">[<a href="#T01:05:34" id="T01:05:34"><abbr title="2010-09-29T01:05:34+00:00">01:05:34</abbr></a>] <span>* rbarraud_ (~rbarraud@118-92-139-26.dsl.dyn.ihug.co.nz) has joined #beagle</span></li>
<li class="quit">[<a href="#T01:05:36" id="T01:05:36"><abbr title="2010-09-29T01:05:36+00:00">01:05:36</abbr></a>] <span>* negril (~negril@fsr.e-technik.uni-rostock.de) Quit (Ping timeout: 240 seconds)</span></li>
<li class="part">[<a href="#T01:07:26" id="T01:07:26"><abbr title="2010-09-29T01:07:26+00:00">01:07:26</abbr></a>] <span>* davidcb (~David@75.182.88.170) has left #beagle</span></li>
<li class="join">[<a href="#T01:11:13" id="T01:11:13"><abbr title="2010-09-29T01:11:13+00:00">01:11:13</abbr></a>] <span>* c3heng (~c3heng@76-10-134-208.dsl.teksavvy.com) has joined #beagle</span></li>
<li class="quit">[<a href="#T01:15:32" id="T01:15:32"><abbr title="2010-09-29T01:15:32+00:00">01:15:32</abbr></a>] <span>* Xerion (~xerion@541907CA.cm-5-2a.dynamic.ziggo.nl) Quit (Read error: Connection reset by peer)</span></li>
<li class="quit">[<a href="#T01:16:31" id="T01:16:31"><abbr title="2010-09-29T01:16:31+00:00">01:16:31</abbr></a>] <span>* mikey_w (~mike@pool-173-53-57-150.rcmdva.fios.verizon.net) Quit (Read error: No route to host)</span></li>
<li class="quit">[<a href="#T01:18:03" id="T01:18:03"><abbr title="2010-09-29T01:18:03+00:00">01:18:03</abbr></a>] <span>* prpplague (~danders@nat/ti/x-xmqkigvnrxvxgrjn) Quit (Quit: Leaving)</span></li>
<li class="join">[<a href="#T01:18:07" id="T01:18:07"><abbr title="2010-09-29T01:18:07+00:00">01:18:07</abbr></a>] <span>* mikey_w (~mike@pool-173-53-57-150.rcmdva.fios.verizon.net) has joined #beagle</span></li>
<li class="quit">[<a href="#T01:22:39" id="T01:22:39"><abbr title="2010-09-29T01:22:39+00:00">01:22:39</abbr></a>] <span>* hitlin37 (3bb14775@gateway/web/freenode/ip.59.177.71.117) Quit (Ping timeout: 252 seconds)</span></li>
<li class="join">[<a href="#T01:24:37" id="T01:24:37"><abbr title="2010-09-29T01:24:37+00:00">01:24:37</abbr></a>] <span>* hitlin37 (3bb14775@gateway/web/freenode/ip.59.177.71.117) has joined #beagle</span></li>
<li class="quit">[<a href="#T01:34:10" id="T01:34:10"><abbr title="2010-09-29T01:34:10+00:00">01:34:10</abbr></a>] <span>* hitlin37 (3bb14775@gateway/web/freenode/ip.59.177.71.117) Quit (Quit: Page closed)</span></li>
<li class="quit">[<a href="#T01:46:40" id="T01:46:40"><abbr title="2010-09-29T01:46:40+00:00">01:46:40</abbr></a>] <span>* duffolonious (~bryan@75-168-77-218.mpls.qwest.net) Quit (Ping timeout: 252 seconds)</span></li>
<li class="join">[<a href="#T01:47:43" id="T01:47:43"><abbr title="2010-09-29T01:47:43+00:00">01:47:43</abbr></a>] <span>* brolin (~brolin@190.71.96.136) has joined #beagle</span></li>
<li class="join">[<a href="#T01:49:01" id="T01:49:01"><abbr title="2010-09-29T01:49:01+00:00">01:49:01</abbr></a>] <span>* duffolonious (~bryan@75-168-77-218.mpls.qwest.net) has joined #beagle</span></li>
<li class="quit">[<a href="#T01:52:11" id="T01:52:11"><abbr title="2010-09-29T01:52:11+00:00">01:52:11</abbr></a>] <span>* rlameiro (~lameiro@87-196-151-221.net.novis.pt) Quit (Quit: Saindo)</span></li>
<li class="join">[<a href="#T01:55:00" id="T01:55:00"><abbr title="2010-09-29T01:55:00+00:00">01:55:00</abbr></a>] <span>* raster (raster@enlightenment2.osuosl.org) has joined #beagle</span></li>
<li class="quit">[<abbr title="2010-09-29T01:55:00+00:00">01:55:00</abbr>] <span>* raster (raster@enlightenment2.osuosl.org) Quit (Changing host)</span></li>
<li class="join">[<abbr title="2010-09-29T01:55:00+00:00">01:55:00</abbr>] <span>* raster (raster@enlightenment/developer/raster) has joined #beagle</span></li>
