<li class="join">[<a href="#T00:05:59" id="T00:05:59"><abbr title="2010-08-26T00:05:59+00:00">00:05:59</abbr></a>] <span>* ogra (~ogra@ubuntu/member/ogra) has joined #beagle</span></li>
<li class="join">[<a href="#T00:06:57" id="T00:06:57"><abbr title="2010-08-26T00:06:57+00:00">00:06:57</abbr></a>] <span>* rbarraud (~rbarraud@118-93-191-215.dsl.dyn.ihug.co.nz) has joined #beagle</span></li>
<li class="join">[<a href="#T00:12:23" id="T00:12:23"><abbr title="2010-08-26T00:12:23+00:00">00:12:23</abbr></a>] <span>* kg4giy (~kg4giy@66.135.114.50) has joined #beagle</span></li>
<li class="quit">[<abbr title="2010-08-26T00:12:23+00:00">00:12:23</abbr>] <span>* kg4giy (~kg4giy@66.135.114.50) Quit (Changing host)</span></li>
<li class="join">[<abbr title="2010-08-26T00:12:23+00:00">00:12:23</abbr>] <span>* kg4giy (~kg4giy@linuxjournal/staff/DavidLane) has joined #beagle</span></li>
<li class="quit">[<a href="#T00:12:49" id="T00:12:49"><abbr title="2010-08-26T00:12:49+00:00">00:12:49</abbr></a>] <span>* russ (~russ@206.29.188.226) Quit (Remote host closed the connection)</span></li>
<li class="join">[<a href="#T00:13:58" id="T00:13:58"><abbr title="2010-08-26T00:13:58+00:00">00:13:58</abbr></a>] <span>* russ (~russ@206.29.188.226) has joined #beagle</span></li>
<li class="join">[<a href="#T00:21:03" id="T00:21:03"><abbr title="2010-08-26T00:21:03+00:00">00:21:03</abbr></a>] <span>* djlewis (~djlewis@75.15.67.41) has joined #beagle</span></li>
<li class="quit">[<a href="#T00:22:56" id="T00:22:56"><abbr title="2010-08-26T00:22:56+00:00">00:22:56</abbr></a>] <span>* katier (~katierh@nat/ti/x-cknbdmbyghorkdwi) Quit ()</span></li>
<li class="quit">[<a href="#T00:26:57" id="T00:26:57"><abbr title="2010-08-26T00:26:57+00:00">00:26:57</abbr></a>] <span>* eAndrius (~andrius@88-222-169-44.meganet.lt) Quit (Quit: Leaving)</span></li>
<li class="quit">[<a href="#T00:27:47" id="T00:27:47"><abbr title="2010-08-26T00:27:47+00:00">00:27:47</abbr></a>] <span>* gdm (~gdm@186.19.159.138) Quit (Remote host closed the connection)</span></li>
<li class="quit">[<a href="#T00:28:41" id="T00:28:41"><abbr title="2010-08-26T00:28:41+00:00">00:28:41</abbr></a>] <span>* rbarraud (~rbarraud@118-93-191-215.dsl.dyn.ihug.co.nz) Quit (Ping timeout: 260 seconds)</span></li>
<li class="quit">[<a href="#T00:28:49" id="T00:28:49"><abbr title="2010-08-26T00:28:49+00:00">00:28:49</abbr></a>] <span>* Ceriand|work (~Ceriand@unaffiliated/ceriand) Quit (Quit: Leaving.)</span></li>
<li class="message">[<a href="#T00:34:09" id="T00:34:09"><abbr title="2010-08-26T00:34:09+00:00">00:34:09</abbr></a>] &lt;<cite>ds2</cite>&gt; <q>djlewis: zeroplus</q></li>
<li class="message">[<a href="#T00:34:30" id="T00:34:30"><abbr title="2010-08-26T00:34:30+00:00">00:34:30</abbr></a>] &lt;<cite>djlewis</cite>&gt; <q>one = zero</q></li>
<li class="message">[<a href="#T00:34:46" id="T00:34:46"><abbr title="2010-08-26T00:34:46+00:00">00:34:46</abbr></a>] &lt;<cite>ds2</cite>&gt; <q>djlewis: that is the name of the logic analyzer I was talking about last night</q></li>
<li class="message">[<a href="#T00:34:48" id="T00:34:48"><abbr title="2010-08-26T00:34:48+00:00">00:34:48</abbr></a>] &lt;<cite>djlewis</cite>&gt; <q>zero + one = 1</q></li>
<li class="message">[<a href="#T00:34:51" id="T00:34:51"><abbr title="2010-08-26T00:34:51+00:00">00:34:51</abbr></a>] &lt;<cite>ds2</cite>&gt; <q>or at least teh mfg</q></li>
<li class="message">[<a href="#T00:35:06" id="T00:35:06"><abbr title="2010-08-26T00:35:06+00:00">00:35:06</abbr></a>] &lt;<cite>djlewis</cite>&gt; <q>oh... I slept since then :)</q></li>
<li class="message">[<a href="#T00:35:11" id="T00:35:11"><abbr title="2010-08-26T00:35:11+00:00">00:35:11</abbr></a>] &lt;<cite>ds2</cite>&gt; <q>=)</q></li>
<li class="message">[<a href="#T00:35:22" id="T00:35:22"><abbr title="2010-08-26T00:35:22+00:00">00:35:22</abbr></a>] &lt;<cite>djlewis</cite>&gt; <q>I'll look into it</q></li>
<li class="message">[<a href="#T00:35:46" id="T00:35:46"><abbr title="2010-08-26T00:35:46+00:00">00:35:46</abbr></a>] &lt;<cite>ds2</cite>&gt; <q>djlewis: I have it and it for the most part works..alas, it has windoze sw</q></li>
<li class="message">[<a href="#T00:36:20" id="T00:36:20"><abbr title="2010-08-26T00:36:20+00:00">00:36:20</abbr></a>] &lt;<cite>djlewis</cite>&gt; <q>and you said it cxan talk properly with 1.8Vdc logic levels?</q></li>
<li class="message">[<a href="#T00:36:33" id="T00:36:33"><abbr title="2010-08-26T00:36:33+00:00">00:36:33</abbr></a>] &lt;<cite>ds2</cite>&gt; <q>that's the reason I got it...the specs say so</q></li>
<li class="message">[<a href="#T00:36:54" id="T00:36:54"><abbr title="2010-08-26T00:36:54+00:00">00:36:54</abbr></a>] &lt;<cite>djlewis</cite>&gt; <q>ouch, first hit is $300</q></li>
<li class="join">[<a href="#T00:37:34" id="T00:37:34"><abbr title="2010-08-26T00:37:34+00:00">00:37:34</abbr></a>] <span>* gdm (~gdm@186.19.159.138) has joined #beagle</span></li>
<li class="message">[<a href="#T00:37:37" id="T00:37:37"><abbr title="2010-08-26T00:37:37+00:00">00:37:37</abbr></a>] &lt;<cite>djlewis</cite>&gt; <q>2nd = $400</q></li>
<li class="quit">[<a href="#T00:37:49" id="T00:37:49"><abbr title="2010-08-26T00:37:49+00:00">00:37:49</abbr></a>] <span>* russ (~russ@206.29.188.226) Quit (Remote host closed the connection)</span></li>
<li class="message">[<a href="#T00:38:09" id="T00:38:09"><abbr title="2010-08-26T00:38:09+00:00">00:38:09</abbr></a>] &lt;<cite>ds2</cite>&gt; <q>there are different models with different channels and memory</q></li>
<li class="message">[<a href="#T00:38:21" id="T00:38:21"><abbr title="2010-08-26T00:38:21+00:00">00:38:21</abbr></a>] &lt;<cite>ds2</cite>&gt; <q>the base one is around $120</q></li>
<li class="message">[<a href="#T00:38:47" id="T00:38:47"><abbr title="2010-08-26T00:38:47+00:00">00:38:47</abbr></a>] &lt;<cite>djlewis</cite>&gt; <q>I spy a LAP-C-16032 at $125</q></li>
<li class="message">[<a href="#T00:39:03" id="T00:39:03"><abbr title="2010-08-26T00:39:03+00:00">00:39:03</abbr></a>] &lt;<cite>ds2</cite>&gt; <q>that sounds like it</q></li>
<li class="message">[<a href="#T00:40:42" id="T00:40:42"><abbr title="2010-08-26T00:40:42+00:00">00:40:42</abbr></a>] &lt;<cite>djlewis</cite>&gt; <q>it has 32k memory built in which helps</q></li>
<li class="message">[<a href="#T00:41:11" id="T00:41:11"><abbr title="2010-08-26T00:41:11+00:00">00:41:11</abbr></a>] &lt;<cite>djlewis</cite>&gt; <q>or rather 512Kbits, 32Kbits/ch</q></li>
<li class="join">[<a href="#T00:41:14" id="T00:41:14"><abbr title="2010-08-26T00:41:14+00:00">00:41:14</abbr></a>] <span>* rbarraud (~rbarraud@121.90.214.46) has joined #beagle</span></li>
<li class="message">[<a href="#T00:43:26" id="T00:43:26"><abbr title="2010-08-26T00:43:26+00:00">00:43:26</abbr></a>] &lt;<cite>djlewis</cite>&gt; <q>ds2:  did you have to add any accessories?</q></li>
<li class="message">[<a href="#T00:43:54" id="T00:43:54"><abbr title="2010-08-26T00:43:54+00:00">00:43:54</abbr></a>] &lt;<cite>djlewis</cite>&gt; <q>I found it here so far: <a href="http://microcontrollershop.com/product_info.php?cPath=147_328&amp;products_id=3369">http://microcontrollershop.com/product_info.php?cPath=147_328&amp;products_id=3369</a></q></li>
<li class="join">[<a href="#T00:49:02" id="T00:49:02"><abbr title="2010-08-26T00:49:02+00:00">00:49:02</abbr></a>] <span>* jyore (45b41c82@gateway/web/freenode/ip.69.180.28.130) has joined #beagle</span></li>
<li class="quit">[<a href="#T00:50:02" id="T00:50:02"><abbr title="2010-08-26T00:50:02+00:00">00:50:02</abbr></a>] <span>* jyore (45b41c82@gateway/web/freenode/ip.69.180.28.130) Quit (Client Quit)</span></li>
<li class="join">[<a href="#T00:50:14" id="T00:50:14"><abbr title="2010-08-26T00:50:14+00:00">00:50:14</abbr></a>] <span>* Xerion_ (~xerion@84.25.7.202) has joined #beagle</span></li>
<li class="message">[<a href="#T00:50:59" id="T00:50:59"><abbr title="2010-08-26T00:50:59+00:00">00:50:59</abbr></a>] &lt;<cite>ds2</cite>&gt; <q>djlewis: clips unless you have nice headers</q></li>
<li class="message">[<a href="#T00:51:29" id="T00:51:29"><abbr title="2010-08-26T00:51:29+00:00">00:51:29</abbr></a>] &lt;<cite>ds2</cite>&gt; <q>it comes with I think 1 clip; you will need/want more... there are some folks who seem to bundle it with more clips though</q></li>
<li class="quit">[<a href="#T00:52:26" id="T00:52:26"><abbr title="2010-08-26T00:52:26+00:00">00:52:26</abbr></a>] <span>* Xerion (~xerion@84.25.7.202) Quit (Ping timeout: 265 seconds)</span></li>
<li class="nick-change">[<abbr title="2010-08-26T00:52:26+00:00">00:52:26</abbr>] <span>* Xerion_ is now known as Xerion</span></li>
<li class="join">[<a href="#T00:58:40" id="T00:58:40"><abbr title="2010-08-26T00:58:40+00:00">00:58:40</abbr></a>] <span>* alancam (~a-campbel@nat/ti/x-dzwxdgjunfmvodzx) has joined #beagle</span></li>
<li class="join">[<a href="#T00:58:58" id="T00:58:58"><abbr title="2010-08-26T00:58:58+00:00">00:58:58</abbr></a>] <span>* Ceriand|desktop (~Ceriand@c-67-182-169-19.hsd1.ca.comcast.net) has joined #beagle</span></li>
<li class="message">[<a href="#T00:58:59" id="T00:58:59"><abbr title="2010-08-26T00:58:59+00:00">00:58:59</abbr></a>] &lt;<cite>djlewis</cite>&gt; <q>ds2:  cool, tnx</q></li>
<li class="quit">[<a href="#T00:59:08" id="T00:59:08"><abbr title="2010-08-26T00:59:08+00:00">00:59:08</abbr></a>] <span>* Ceriand|desktop (~Ceriand@c-67-182-169-19.hsd1.ca.comcast.net) Quit (Changing host)</span></li>
<li class="join">[<abbr title="2010-08-26T00:59:08+00:00">00:59:08</abbr>] <span>* Ceriand|desktop (~Ceriand@unaffiliated/ceriand) has joined #beagle</span></li>
<li class="quit">[<a href="#T01:00:28" id="T01:00:28"><abbr title="2010-08-26T01:00:28+00:00">01:00:28</abbr></a>] <span>* cmurillo (~cmurillo@186.4.15.155) Quit (Quit: Leaving.)</span></li>
<li class="quit">[<a href="#T01:01:26" id="T01:01:26"><abbr title="2010-08-26T01:01:26+00:00">01:01:26</abbr></a>] <span>* Zoxc (~zoxc@ti0128a340-dhcp0032.bb.online.no) Quit ()</span></li>
<li class="quit">[<a href="#T01:05:32" id="T01:05:32"><abbr title="2010-08-26T01:05:32+00:00">01:05:32</abbr></a>] <span>* berco (~a0919194@192.91.60.11) Quit (Remote host closed the connection)</span></li>
<li class="join">[<a href="#T01:05:55" id="T01:05:55"><abbr title="2010-08-26T01:05:55+00:00">01:05:55</abbr></a>] <span>* berco (~a0919194@192.91.60.10) has joined #beagle</span></li>
<li class="quit">[<a href="#T01:11:40" id="T01:11:40"><abbr title="2010-08-26T01:11:40+00:00">01:11:40</abbr></a>] <span>* alancam (~a-campbel@nat/ti/x-dzwxdgjunfmvodzx) Quit (Remote host closed the connection)</span></li>
<li class="quit">[<a href="#T01:11:48" id="T01:11:48"><abbr title="2010-08-26T01:11:48+00:00">01:11:48</abbr></a>] <span>* Ceriand|desktop (~Ceriand@unaffiliated/ceriand) Quit (Read error: Connection reset by peer)</span></li>
<li class="join">[<a href="#T01:12:28" id="T01:12:28"><abbr title="2010-08-26T01:12:28+00:00">01:12:28</abbr></a>] <span>* Ceriand|desktop (~Ceriand@unaffiliated/ceriand) has joined #beagle</span></li>
<li class="quit">[<a href="#T01:13:01" id="T01:13:01"><abbr title="2010-08-26T01:13:01+00:00">01:13:01</abbr></a>] <span>* kg4giy (~kg4giy@linuxjournal/staff/DavidLane) Quit (Quit: Time to track the dreaded Jabberwocky!)</span></li>
<li class="quit">[<a href="#T01:15:17" id="T01:15:17"><abbr title="2010-08-26T01:15:17+00:00">01:15:17</abbr></a>] <span>* Xerion (~xerion@84.25.7.202) Quit (Read error: Connection reset by peer)</span></li>
<li class="quit">[<a href="#T01:20:01" id="T01:20:01"><abbr title="2010-08-26T01:20:01+00:00">01:20:01</abbr></a>] <span>* kanru (~kanru@118-160-164-153.dynamic.hinet.net) Quit (Ping timeout: 260 seconds)</span></li>
<li class="join">[<a href="#T01:24:25" id="T01:24:25"><abbr title="2010-08-26T01:24:25+00:00">01:24:25</abbr></a>] <span>* alancam (~a-campbel@nat/ti/x-fgoyywtgxcfqkpqo) has joined #beagle</span></li>
<li class="message">[<a href="#T01:28:38" id="T01:28:38"><abbr title="2010-08-26T01:28:38+00:00">01:28:38</abbr></a>] &lt;<cite>emeb</cite>&gt; <q>I looked at those before getting the one I've got now</q></li>
<li class="message">[<a href="#T01:28:56" id="T01:28:56"><abbr title="2010-08-26T01:28:56+00:00">01:28:56</abbr></a>] &lt;<cite>emeb</cite>&gt; <q>look pretty nice, but a bit of overkill for what I needed at the time.</q></li>
<li class="quit">[<a href="#T01:32:20" id="T01:32:20"><abbr title="2010-08-26T01:32:20+00:00">01:32:20</abbr></a>] <span>* rbarraud (~rbarraud@121.90.214.46) Quit (Ping timeout: 255 seconds)</span></li>
<li class="message">[<a href="#T01:34:43" id="T01:34:43"><abbr title="2010-08-26T01:34:43+00:00">01:34:43</abbr></a>] &lt;<cite>ben_kludged</cite>&gt; <q>i gots this puppy several weeks ago from special comp ,,their demo works pretty good using usb-otg usb-mini-b to ubuntu usb net host ,,, and and usb-otg mini-a to 3port/ether hub using eth to ubuntu ... then i gots the www:ang-dist/demo/beagle,,,, built the sdhc,,, and i hangs ,,, do i use usb-otg?... a or b? or do i use the other usb port with usb hub/ether???</q></li>
<li class="message">[<a href="#T01:35:24" id="T01:35:24"><abbr title="2010-08-26T01:35:24+00:00">01:35:24</abbr></a>] &lt;<cite>ben_kludged</cite>&gt; <q>im chasin' my tail</q></li>
<li class="message">[<a href="#T01:36:26" id="T01:36:26"><abbr title="2010-08-26T01:36:26+00:00">01:36:26</abbr></a>] &lt;<cite>ben_kludged</cite>&gt; <q>goin in circuisus</q></li>
<li class="quit">[<a href="#T01:37:54" id="T01:37:54"><abbr title="2010-08-26T01:37:54+00:00">01:37:54</abbr></a>] <span>* BThompson (~a0193480@nat/ti/x-kwqhnzgfatdmcxvr) Quit (Remote host closed the connection)</span></li>
<li class="message">[<a href="#T01:39:23" id="T01:39:23"><abbr title="2010-08-26T01:39:23+00:00">01:39:23</abbr></a>] &lt;<cite>emeb</cite>&gt; <q>ben_kludged: hook up the serial port when you boot &amp; see where it hangs.</q></li>
<li class="join">[<a href="#T01:41:15" id="T01:41:15"><abbr title="2010-08-26T01:41:15+00:00">01:41:15</abbr></a>] <span>* BThompsonGR (~bernie@cpe-76-183-65-93.tx.res.rr.com) has joined #beagle</span></li>
<li class="message">[<a href="#T01:41:16" id="T01:41:16"><abbr title="2010-08-26T01:41:16+00:00">01:41:16</abbr></a>] &lt;<cite>ben_kludged</cite>&gt; <q>3201120 bytes read</q></li>
<li class="message">[<a href="#T01:41:17" id="T01:41:17"><abbr title="2010-08-26T01:41:17+00:00">01:41:17</abbr></a>] &lt;<cite>ben_kludged</cite>&gt; <q>Booting from mmc ...</q></li>
<li class="message">[<abbr title="2010-08-26T01:41:17+00:00">01:41:17</abbr>] &lt;<cite>ben_kludged</cite>&gt; <q>## Booting kernel from Legacy Image at 80200000 ...</q></li>
<li class="message">[<abbr title="2010-08-26T01:41:17+00:00">01:41:17</abbr>] &lt;<cite>ben_kludged</cite>&gt; <q>   Image Name:   Linux-2.6.32</q></li>
<li class="message">[<abbr title="2010-08-26T01:41:17+00:00">01:41:17</abbr>] &lt;<cite>ben_kludged</cite>&gt; <q>   Image Type:   ARM Linux Kernel Image (uncompressed)</q></li>
<li class="message">[<abbr title="2010-08-26T01:41:17+00:00">01:41:17</abbr>] &lt;<cite>ben_kludged</cite>&gt; <q>   Data Size:    3201056 Bytes =  3.1 MB</q></li>
<li class="message">[<a href="#T01:41:19" id="T01:41:19"><abbr title="2010-08-26T01:41:19+00:00">01:41:19</abbr></a>] &lt;<cite>ben_kludged</cite>&gt; <q>   Load Address: 80008000</q></li>
<li class="message">[<a href="#T01:41:21" id="T01:41:21"><abbr title="2010-08-26T01:41:21+00:00">01:41:21</abbr></a>] &lt;<cite>ben_kludged</cite>&gt; <q>   Entry Point:  80008000</q></li>
<li class="message">[<a href="#T01:41:23" id="T01:41:23"><abbr title="2010-08-26T01:41:23+00:00">01:41:23</abbr></a>] &lt;<cite>ben_kludged</cite>&gt; <q>   Verifying Checksum ... OK</q></li>
<li class="message">[<a href="#T01:41:25" id="T01:41:25"><abbr title="2010-08-26T01:41:25+00:00">01:41:25</abbr></a>] &lt;<cite>ben_kludged</cite>&gt; <q>   Loading Kernel Image ... OK</q></li>
<li class="message">[<a href="#T01:41:27" id="T01:41:27"><abbr title="2010-08-26T01:41:27+00:00">01:41:27</abbr></a>] &lt;<cite>ben_kludged</cite>&gt; <q>OK</q></li>
<li class="message">[<a href="#T01:41:29" id="T01:41:29"><abbr title="2010-08-26T01:41:29+00:00">01:41:29</abbr></a>] &lt;<cite>ben_kludged</cite>&gt; <q>Starting kernel ...</q></li>
<li class="message">[<a href="#T01:41:31" id="T01:41:31"><abbr title="2010-08-26T01:41:31+00:00">01:41:31</abbr></a>] &lt;<cite>ben_kludged</cite>&gt; <q>Uncompressing Linux.............................................................one, booting the kernel.</q></li>
<li class="join">[<a href="#T01:41:39" id="T01:41:39"><abbr title="2010-08-26T01:41:39+00:00">01:41:39</abbr></a>] <span>* mmarker (~crichton@2001:470:8:77e:211:9ff:fedc:61e4) has joined #beagle</span></li>
<li class="message">[<a href="#T01:42:04" id="T01:42:04"><abbr title="2010-08-26T01:42:04+00:00">01:42:04</abbr></a>] &lt;<cite>ben_kludged</cite>&gt; <q>dont go no further,,, using usb-oth-b to ubuntu usb net</q></li>
<li class="message">[<a href="#T01:42:23" id="T01:42:23"><abbr title="2010-08-26T01:42:23+00:00">01:42:23</abbr></a>] &lt;<cite>ben_kludged</cite>&gt; <q>otc</q></li>
<li class="quit">[<a href="#T01:42:59" id="T01:42:59"><abbr title="2010-08-26T01:42:59+00:00">01:42:59</abbr></a>] <span>* raster (raster@enlightenment/developer/raster) Quit (Quit: Gettin' stinky!)</span></li>
<li class="action">[<a href="#T01:44:18" id="T01:44:18"><abbr title="2010-08-26T01:44:18+00:00">01:44:18</abbr></a>] <span>* mmarker looks in his mailbox...no xM yet...</span></li>
<li class="message">[<a href="#T01:45:26" id="T01:45:26"><abbr title="2010-08-26T01:45:26+00:00">01:45:26</abbr></a>] &lt;<cite>mmarker</cite>&gt; <q>Ok, reading over the PDF documentation for the BB, and not quite wrapping my head around how the BBs boot from SD. It's 2 files (ane some X thingy, and UBoot) plus a kernel on a FAT32 partition?</q></li>
<li class="quit">[<a href="#T01:45:41" id="T01:45:41"><abbr title="2010-08-26T01:45:41+00:00">01:45:41</abbr></a>] <span>* gdm (~gdm@186.19.159.138) Quit (Remote host closed the connection)</span></li>
<li class="message">[<a href="#T01:50:18" id="T01:50:18"><abbr title="2010-08-26T01:50:18+00:00">01:50:18</abbr></a>] &lt;<cite>ben_kludged</cite>&gt; <q>i gots the fat part and ext part set properly,,, built and run a couple of narcissus images,, ,, just now i used usb/hub/ether usin usb mini a to usb-otg,,, and i boot and get a prompt..........Angstrom 2009.X-test-20100104 beagleboard ttyS2</q></li>
<li class="message">[<abbr title="2010-08-26T01:50:18+00:00">01:50:18</abbr>] &lt;<cite>ben_kludged</cite>&gt; <q>???????????????@b???ag??????b???a???d??????# ot</q></li>
<li class="message">[<a href="#T01:52:07" id="T01:52:07"><abbr title="2010-08-26T01:52:07+00:00">01:52:07</abbr></a>] &lt;<cite>ben_kludged</cite>&gt; <q>but i can get to the beagle, thur ethernet ssh from buntu</q></li>
<li class="quit">[<a href="#T01:52:33" id="T01:52:33"><abbr title="2010-08-26T01:52:33+00:00">01:52:33</abbr></a>] <span>* _don_ (~don@nat/ti/x-frsyooglrfqpvxaf) Quit ()</span></li>
<li class="message">[<a href="#T01:53:16" id="T01:53:16"><abbr title="2010-08-26T01:53:16+00:00">01:53:16</abbr></a>] &lt;<cite>ben_kludged</cite>&gt; <q>but serial is all garbled,,,, beagle usb-otg-mini-b to 3 port/ether hub ,,, i can ssh into puppy</q></li>
<li class="message">[<a href="#T01:54:02" id="T01:54:02"><abbr title="2010-08-26T01:54:02+00:00">01:54:02</abbr></a>] &lt;<cite>mmarker</cite>&gt; <q>ben: I'm assuming you checked the usual suspects. Baud and all that?</q></li>
<li class="message">[<a href="#T01:55:02" id="T01:55:02"><abbr title="2010-08-26T01:55:02+00:00">01:55:02</abbr></a>] &lt;<cite>ben_kludged</cite>&gt; <q>oh yeah,,,, </q></li>
<li class="message">[<a href="#T01:56:22" id="T01:56:22"><abbr title="2010-08-26T01:56:22+00:00">01:56:22</abbr></a>] &lt;<cite>ben_kludged</cite>&gt; <q>i plugged mem dongle into the other usb port on beagle and i gots it.... haint had this before</q></li>
<li class="join">[<a href="#T01:57:00" id="T01:57:00"><abbr title="2010-08-26T01:57:00+00:00">01:57:00</abbr></a>] <span>* katie (~katierh@nat/ti/x-kxkqctuhjigtxxzu) has joined #beagle</span></li>
<li class="quit">[<a href="#T01:57:28" id="T01:57:28"><abbr title="2010-08-26T01:57:28+00:00">01:57:28</abbr></a>] <span>* robclark (~robclark@ppp-70-129-131-147.dsl.rcsntx.swbell.net) Quit (Remote host closed the connection)</span></li>
<li class="quit">[<a href="#T01:57:37" id="T01:57:37"><abbr title="2010-08-26T01:57:37+00:00">01:57:37</abbr></a>] <span>* 52AAB5K40 (~mrodrigue@186.4.15.155) Quit (Quit: Leaving.)</span></li>
<li class="join">[<a href="#T01:57:45" id="T01:57:45"><abbr title="2010-08-26T01:57:45+00:00">01:57:45</abbr></a>] <span>* gdm (~gdm@186.19.159.138) has joined #beagle</span></li>
<li class="join">[<a href="#T01:57:57" id="T01:57:57"><abbr title="2010-08-26T01:57:57+00:00">01:57:57</abbr></a>] <span>* kanru (~kanru@61-30-10-70.static.tfn.net.tw) has joined #beagle</span></li>
<li class="join">[<a href="#T01:58:01" id="T01:58:01"><abbr title="2010-08-26T01:58:01+00:00">01:58:01</abbr></a>] <span>* robclark (~robclark@nat/ti/x-aijcwcaksbqrpwdz) has joined #beagle</span></li>
<li class="message">[<a href="#T01:59:16" id="T01:59:16"><abbr title="2010-08-26T01:59:16+00:00">01:59:16</abbr></a>] &lt;<cite>ben_kludged</cite>&gt; <q>i will putz with this for a while,,,, but the putty serial gives me garble.....</q></li>
<li class="message">[<a href="#T01:59:22" id="T01:59:22"><abbr title="2010-08-26T01:59:22+00:00">01:59:22</abbr></a>] &lt;<cite>ben_kludged</cite>&gt; <q>.-------.</q></li>
<li class="message">[<abbr title="2010-08-26T01:59:22+00:00">01:59:22</abbr>] &lt;<cite>ben_kludged</cite>&gt; <q>|       |                  .-.</q></li>
<li class="message">[<abbr title="2010-08-26T01:59:22+00:00">01:59:22</abbr>] &lt;<cite>ben_kludged</cite>&gt; <q>|   |   |-----.-----.-----.| |   .----..-----.-----.</q></li>
<li class="message">[<abbr title="2010-08-26T01:59:22+00:00">01:59:22</abbr>] &lt;<cite>ben_kludged</cite>&gt; <q>|       |     | __  |  ---'| '--.|  .-'|     |     |</q></li>
<li class="message">[<abbr title="2010-08-26T01:59:22+00:00">01:59:22</abbr>] &lt;<cite>ben_kludged</cite>&gt; <q>|   |   |  |  |     |---  ||  --'|  |  |  '  | | | |</q></li>
<li class="message">[<a href="#T01:59:23" id="T01:59:23"><abbr title="2010-08-26T01:59:23+00:00">01:59:23</abbr></a>] &lt;<cite>ben_kludged</cite>&gt; <q>'---'---'--'--'--.  |-----''----''--'  '-----'-'-'-'</q></li>
<li class="message">[<a href="#T01:59:25" id="T01:59:25"><abbr title="2010-08-26T01:59:25+00:00">01:59:25</abbr></a>] &lt;<cite>ben_kludged</cite>&gt; <q>                -'  |</q></li>
<li class="message">[<a href="#T01:59:27" id="T01:59:27"><abbr title="2010-08-26T01:59:27+00:00">01:59:27</abbr></a>] &lt;<cite>ben_kludged</cite>&gt; <q>                '---'</q></li>
<li class="message">[<a href="#T01:59:29" id="T01:59:29"><abbr title="2010-08-26T01:59:29+00:00">01:59:29</abbr></a>] &lt;<cite>ben_kludged</cite>&gt; <q>The Angstrom Distribution beagleboard ttyS2</q></li>
<li class="message">[<a href="#T01:59:31" id="T01:59:31"><abbr title="2010-08-26T01:59:31+00:00">01:59:31</abbr></a>] &lt;<cite>ben_kludged</cite>&gt; <q>Angstrom 2009.X-test-20100104 beagleboard ttyS2</q></li>
<li class="message">[<a href="#T01:59:33" id="T01:59:33"><abbr title="2010-08-26T01:59:33+00:00">01:59:33</abbr></a>] &lt;<cite>ben_kludged</cite>&gt; <q>???????????????@b???ag??????b???a???d??????# [  ????????????4288???4] usb 2???2??? n?????? h???gh sp??????d ????????? d???v????????? us???ng ???h??????[  ??????????????????487???] usb 2???2??? ????????? ????????? d???v????????? s?????????ngs??? ?????????=1, ?????????du??????=2, ????????????a??????umb??????=???[  ?????????????????????8??????] s???s??? ???????????????????????? ??????????????????????????????ss     ??????1??????    ???</q></li>
<li class="message">[<a href="#T01:59:38" id="T01:59:38"><abbr title="2010-08-26T01:59:38+00:00">01:59:38</abbr></a>] &lt;<cite>ben_kludged</cite>&gt; <q>??????2F???ash????????????ag??? ???????????? ???Q???[  ??????????????????747???] sd ???????????????????????? [sda] 78???7???88 ???12???by?????? ??????g??????a??? b?????????ks??? ???4??????4 ??????/??????7??????????????????@b???ag??????b???a???d??????# an?????? ??????nd a va??????d F???T ????????????sys??????m ???n d???v sda???ugh</q></li>
<li class="message">[<a href="#T01:59:46" id="T01:59:46"><abbr title="2010-08-26T01:59:46+00:00">01:59:46</abbr></a>] &lt;<cite>mmarker</cite>&gt; <q>My eyes!</q></li>
<li class="message">[<a href="#T01:59:53" id="T01:59:53"><abbr title="2010-08-26T01:59:53+00:00">01:59:53</abbr></a>] &lt;<cite>emeb</cite>&gt; <q>ben_kludged: please learn to use pastebin for long stuff like that</q></li>
<li class="message">[<a href="#T01:59:59" id="T01:59:59"><abbr title="2010-08-26T01:59:59+00:00">01:59:59</abbr></a>] &lt;<cite>ben_kludged</cite>&gt; <q>thatswhatimtalkinbout</q></li>
<li class="join">[<a href="#T02:00:25" id="T02:00:25"><abbr title="2010-08-26T02:00:25+00:00">02:00:25</abbr></a>] <span>* russ (foobar@ip70-176-251-1.ph.ph.cox.net) has joined #beagle</span></li>
<li class="message">[<a href="#T02:01:17" id="T02:01:17"><abbr title="2010-08-26T02:01:17+00:00">02:01:17</abbr></a>] &lt;<cite>ben_kludged</cite>&gt; <q>sir,, emeb,,, if i said i was gettin garble,,, and asked the community go check out pastebin,,,, would you spend the time to check it out?</q></li>
<li class="quit">[<a href="#T02:02:12" id="T02:02:12"><abbr title="2010-08-26T02:02:12+00:00">02:02:12</abbr></a>] <span>* robclark (~robclark@nat/ti/x-aijcwcaksbqrpwdz) Quit (Client Quit)</span></li>
<li class="quit">[<a href="#T02:02:13" id="T02:02:13"><abbr title="2010-08-26T02:02:13+00:00">02:02:13</abbr></a>] <span>* niclas (~niclas@nat/ti/x-tgsppwmsqlzakvwq) Quit ()</span></li>
<li class="message">[<a href="#T02:02:40" id="T02:02:40"><abbr title="2010-08-26T02:02:40+00:00">02:02:40</abbr></a>] &lt;<cite>emeb</cite>&gt; <q>I would. </q></li>
<li class="message">[<a href="#T02:03:05" id="T02:03:05"><abbr title="2010-08-26T02:03:05+00:00">02:03:05</abbr></a>] &lt;<cite>emeb</cite>&gt; <q>most folks here I know would</q></li>
<li class="message">[<a href="#T02:03:34" id="T02:03:34"><abbr title="2010-08-26T02:03:34+00:00">02:03:34</abbr></a>] &lt;<cite>mmarker</cite>&gt; <q>I'll go farther. Those who tend to annoy me in IRC end up being filtered out :\</q></li>
<li class="quit">[<a href="#T02:06:21" id="T02:06:21"><abbr title="2010-08-26T02:06:21+00:00">02:06:21</abbr></a>] <span>* Iow (~kira@41.174.56.6) Quit ()</span></li>
<li class="message">[<a href="#T02:06:35" id="T02:06:35"><abbr title="2010-08-26T02:06:35+00:00">02:06:35</abbr></a>] &lt;<cite>ben_kludged</cite>&gt; <q>hmmm thanks,,,,, me cant finger out what is muckin this up,,, this is the latest ang/demo... and the narcissus images i built and installed only give me the first character garbled,,, but the special comp demo image works good there,,, cept i can only get the usb-otg port to work,,, not the other usb port,,  me guess it is a simple demo</q></li>
<li class="message">[<a href="#T02:12:03" id="T02:12:03"><abbr title="2010-08-26T02:12:03+00:00">02:12:03</abbr></a>] &lt;<cite>mikey_w</cite>&gt; <q>ben_kludged, is there a problem with the baud rate?</q></li>
<li class="message">[<a href="#T02:14:07" id="T02:14:07"><abbr title="2010-08-26T02:14:07+00:00">02:14:07</abbr></a>] &lt;<cite>ben_kludged</cite>&gt; <q>i be usin putty,, hand gots it 'figured ok,,, usin special comp demo i gets no garble,,, usin narcissus builds i get only first char garble,,, i backspace and it is ok,,, but this ang/demo is all garble</q></li>
<li class="message">[<a href="#T02:17:30" id="T02:17:30"><abbr title="2010-08-26T02:17:30+00:00">02:17:30</abbr></a>] &lt;<cite>ben_kludged</cite>&gt; <q>at least i got a ether ssh to the puppy,,, i will putz with that fer a while,,, i cranked up the gtkvncviewer,,, and i get a small lcd window in buntu,,, anybody know how to gimme a good desktop view thru the gtkvncviewer,, ? i been lookin at x11vnc and am still decipherin how it is started but cant find the size of the display manager that is displayed thru vnc</q></li>
<li class="quit">[<a href="#T02:20:20" id="T02:20:20"><abbr title="2010-08-26T02:20:20+00:00">02:20:20</abbr></a>] <span>* Redb3ard (~SF0010MAC@75.110.202.83) Quit (Quit: Redb3ard)</span></li>
<li class="join">[<a href="#T02:21:39" id="T02:21:39"><abbr title="2010-08-26T02:21:39+00:00">02:21:39</abbr></a>] <span>* raster (raster@enlightenment/developer/raster) has joined #beagle</span></li>
<li class="message">[<a href="#T02:23:08" id="T02:23:08"><abbr title="2010-08-26T02:23:08+00:00">02:23:08</abbr></a>] &lt;<cite>ds2</cite>&gt; <q>people who paste large amounts of info are ignored.</q></li>
<li class="join">[<a href="#T02:25:46" id="T02:25:46"><abbr title="2010-08-26T02:25:46+00:00">02:25:46</abbr></a>] <span>* pcacjr (~pcacjr@unaffiliated/pcacjr) has joined #beagle</span></li>
<li class="quit">[<a href="#T02:27:49" id="T02:27:49"><abbr title="2010-08-26T02:27:49+00:00">02:27:49</abbr></a>] <span>* mmarker (~crichton@2001:470:8:77e:211:9ff:fedc:61e4) Quit (Quit: Leaving)</span></li>
<li class="join">[<a href="#T02:29:33" id="T02:29:33"><abbr title="2010-08-26T02:29:33+00:00">02:29:33</abbr></a>] <span>* doogie_ (~doogie@c-71-193-195-116.hsd1.or.comcast.net) has joined #beagle</span></li>
<li class="message">[<a href="#T02:29:43" id="T02:29:43"><abbr title="2010-08-26T02:29:43+00:00">02:29:43</abbr></a>] &lt;<cite>doogie_</cite>&gt; <q>hello beagle world</q></li>
<li class="quit">[<a href="#T02:29:48" id="T02:29:48"><abbr title="2010-08-26T02:29:48+00:00">02:29:48</abbr></a>] <span>* moocow (~new@64.151.208.2) Quit (Remote host closed the connection)</span></li>
<li class="join">[<a href="#T02:31:48" id="T02:31:48"><abbr title="2010-08-26T02:31:48+00:00">02:31:48</abbr></a>] <span>* Redb3ard (~SF0010MAC@75.110.202.83) has joined #beagle</span></li>
<li class="message">[<a href="#T02:32:28" id="T02:32:28"><abbr title="2010-08-26T02:32:28+00:00">02:32:28</abbr></a>] &lt;<cite>doogie_</cite>&gt; <q>I have a c4 beagleboard connected to a 1024x768 hdmi monitor.... Running angstrom, I cannot get the monitor to change resolutions to anything other than 480x272...</q></li>
<li class="message">[<a href="#T02:33:03" id="T02:33:03"><abbr title="2010-08-26T02:33:03+00:00">02:33:03</abbr></a>] &lt;<cite>doogie_</cite>&gt; <q>Does anyone have good string to input in setenv command to set resolution of monitor for C4 boards</q></li>
<li class="message">[<a href="#T02:34:30" id="T02:34:30"><abbr title="2010-08-26T02:34:30+00:00">02:34:30</abbr></a>] &lt;<cite>djlewis</cite>&gt; <q>doogie_: have a look at <a href="http://www.sakoman.com/OMAP3/changing-the-display-resolution.html">http://www.sakoman.com/OMAP3/changing-the-display-resolution.html</a></q></li>
<li class="message">[<a href="#T02:34:40" id="T02:34:40"><abbr title="2010-08-26T02:34:40+00:00">02:34:40</abbr></a>] &lt;<cite>doogie_</cite>&gt; <q>thank you</q></li>
<li class="message">[<a href="#T02:36:02" id="T02:36:02"><abbr title="2010-08-26T02:36:02+00:00">02:36:02</abbr></a>] &lt;<cite>doogie_</cite>&gt; <q>I will say I have tried that exact string in bootargs, but I will keep trying slightly different iterations of it...</q></li>
<li class="quit">[<a href="#T02:37:29" id="T02:37:29"><abbr title="2010-08-26T02:37:29+00:00">02:37:29</abbr></a>] <span>* htns (~htns@61.6.64.6) Quit (Ping timeout: 276 seconds)</span></li>
<li class="quit">[<a href="#T02:37:49" id="T02:37:49"><abbr title="2010-08-26T02:37:49+00:00">02:37:49</abbr></a>] <span>* joeR (80f40909@gateway/web/freenode/ip.128.244.9.9) Quit (Ping timeout: 252 seconds)</span></li>
<li class="join">[<a href="#T02:40:00" id="T02:40:00"><abbr title="2010-08-26T02:40:00+00:00">02:40:00</abbr></a>] <span>* jkridner_ (~jason@pdpc/supporter/active/jkridner) has joined #beagle</span></li>
<li class="quit">[<abbr title="2010-08-26T02:40:00+00:00">02:40:00</abbr>] <span>* jkridner (~jason@pdpc/supporter/active/jkridner) Quit (Read error: Connection reset by peer)</span></li>
<li class="nick-change">[<a href="#T02:40:01" id="T02:40:01"><abbr title="2010-08-26T02:40:01+00:00">02:40:01</abbr></a>] <span>* jkridner_ is now known as jkridner</span></li>
<li class="message">[<a href="#T02:40:36" id="T02:40:36"><abbr title="2010-08-26T02:40:36+00:00">02:40:36</abbr></a>] &lt;<cite>djlewis</cite>&gt; <q>doogie_: soemtimes a simple nand erase 260000 20000 with no args will get somethingf</q></li>
<li class="quit">[<a href="#T02:40:42" id="T02:40:42"><abbr title="2010-08-26T02:40:42+00:00">02:40:42</abbr></a>] <span>* russ (foobar@ip70-176-251-1.ph.ph.cox.net) Quit (Ping timeout: 240 seconds)</span></li>
<li class="message">[<a href="#T02:41:33" id="T02:41:33"><abbr title="2010-08-26T02:41:33+00:00">02:41:33</abbr></a>] &lt;<cite>djlewis</cite>&gt; <q>I think mine defaults to 1024x768 when I do it.</q></li>
<li class="message">[<a href="#T02:41:57" id="T02:41:57"><abbr title="2010-08-26T02:41:57+00:00">02:41:57</abbr></a>] &lt;<cite>doogie_</cite>&gt; <q>will try. I need to input all env (ie bootcmd, bootargs, dvimode) variables after erasing nand right?</q></li>
<li class="message">[<a href="#T02:42:12" id="T02:42:12"><abbr title="2010-08-26T02:42:12+00:00">02:42:12</abbr></a>] &lt;<cite>djlewis</cite>&gt; <q>But I setenv dvimode 1280x1024</q></li>
<li class="message">[<a href="#T02:42:13" id="T02:42:13"><abbr title="2010-08-26T02:42:13+00:00">02:42:13</abbr></a>] &lt;<cite>djlewis</cite>&gt; <q>no</q></li>
<li class="message">[<a href="#T02:42:27" id="T02:42:27"><abbr title="2010-08-26T02:42:27+00:00">02:42:27</abbr></a>] &lt;<cite>djlewis</cite>&gt; <q>you are only eraseing the defaults and they come back</q></li>
<li class="message">[<a href="#T02:43:09" id="T02:43:09"><abbr title="2010-08-26T02:43:09+00:00">02:43:09</abbr></a>] &lt;<cite>djlewis</cite>&gt; <q>I think defaults are in read only in omap</q></li>
<li class="message">[<a href="#T02:45:25" id="T02:45:25"><abbr title="2010-08-26T02:45:25+00:00">02:45:25</abbr></a>] &lt;<cite>djlewis</cite>&gt; <q>doogie_: To wipe out your environment variables and give you all the default ones, enter the following into the beagleboard shell: OMAP3 beagleboard.org # nand erase 260000 20000  power off  and back on. The only caveat is that you then  get an error message about CRC upon bootup, but you can ignore this  message. </q></li>
<li class="message">[<a href="#T02:45:57" id="T02:45:57"><abbr title="2010-08-26T02:45:57+00:00">02:45:57</abbr></a>] &lt;<cite>djlewis</cite>&gt; <q>palgerized from one of our many beagleboard wiki's</q></li>
<li class="message">[<a href="#T02:46:23" id="T02:46:23"><abbr title="2010-08-26T02:46:23+00:00">02:46:23</abbr></a>] &lt;<cite>doogie_</cite>&gt; <q>thank you for helping me djlewis, I have a few ideas on what my issue is.</q></li>
<li class="message">[<a href="#T02:46:31" id="T02:46:31"><abbr title="2010-08-26T02:46:31+00:00">02:46:31</abbr></a>] &lt;<cite>djlewis</cite>&gt; <q>ok</q></li>
<li class="quit">[<a href="#T02:46:42" id="T02:46:42"><abbr title="2010-08-26T02:46:42+00:00">02:46:42</abbr></a>] <span>* duffolonious (~bryan@75-168-77-218.mpls.qwest.net) Quit (Ping timeout: 240 seconds)</span></li>
<li class="action">[<a href="#T02:47:04" id="T02:47:04"><abbr title="2010-08-26T02:47:04+00:00">02:47:04</abbr></a>] <span>* djlewis goes back to searching for an old sealmaster bearing ass'y</span></li>
<li class="message">[<a href="#T02:48:37" id="T02:48:37"><abbr title="2010-08-26T02:48:37+00:00">02:48:37</abbr></a>] &lt;<cite>doogie_</cite>&gt; <q>when I get orange screen, res is 1024x768.  when angstrom (liquidware's distro) boots the res changes lower... issue(other than my understanding of all this) is with specific distro I chose</q></li>
<li class="join">[<a href="#T02:49:22" id="T02:49:22"><abbr title="2010-08-26T02:49:22+00:00">02:49:22</abbr></a>] <span>* duffolonious (~bryan@75-168-77-218.mpls.qwest.net) has joined #beagle</span></li>
<li class="message">[<a href="#T02:50:35" id="T02:50:35"><abbr title="2010-08-26T02:50:35+00:00">02:50:35</abbr></a>] &lt;<cite>djlewis</cite>&gt; <q>it may be tweaked foir a lcd?</q></li>
<li class="message">[<a href="#T02:50:50" id="T02:50:50"><abbr title="2010-08-26T02:50:50+00:00">02:50:50</abbr></a>] &lt;<cite>djlewis</cite>&gt; <q>the lwer rez one.</q></li>
<li class="message">[<a href="#T02:50:58" id="T02:50:58"><abbr title="2010-08-26T02:50:58+00:00">02:50:58</abbr></a>] &lt;<cite>djlewis</cite>&gt; <q>lower</q></li>
<li class="join">[<a href="#T02:51:47" id="T02:51:47"><abbr title="2010-08-26T02:51:47+00:00">02:51:47</abbr></a>] <span>* htns (~htns@42.105.48.60.brk01-home.tm.net.my) has joined #beagle</span></li>
<li class="join">[<a href="#T02:54:47" id="T02:54:47"><abbr title="2010-08-26T02:54:47+00:00">02:54:47</abbr></a>] <span>* rbarraud (~rbarraud@118-93-191-215.dsl.dyn.ihug.co.nz) has joined #beagle</span></li>
<li class="message">[<a href="#T02:57:32" id="T02:57:32"><abbr title="2010-08-26T02:57:32+00:00">02:57:32</abbr></a>] &lt;<cite>ds2</cite>&gt; <q>djlewis: what's the bearing for?</q></li>
<li class="message">[<a href="#T02:58:12" id="T02:58:12"><abbr title="2010-08-26T02:58:12+00:00">02:58:12</abbr></a>] &lt;<cite>djlewis</cite>&gt; <q>its two bearings in the Right Ascension axes of my old Cave Astrola equatorial mount</q></li>
<li class="message">[<a href="#T02:58:48" id="T02:58:48"><abbr title="2010-08-26T02:58:48+00:00">02:58:48</abbr></a>] &lt;<cite>djlewis</cite>&gt; <q>it is a er-24 style. I find some but without pulling mine I cant verify exactness</q></li>
<li class="message">[<a href="#T02:59:57" id="T02:59:57"><abbr title="2010-08-26T02:59:57+00:00">02:59:57</abbr></a>] &lt;<cite>djlewis</cite>&gt; <q>they are press fit into aliminum housing. I'll have to heat it in the oven to get one out.</q></li>
<li class="message">[<a href="#T03:00:04" id="T03:00:04"><abbr title="2010-08-26T03:00:04+00:00">03:00:04</abbr></a>] &lt;<cite>djlewis</cite>&gt; <q>aluminum</q></li>
<li class="join">[<a href="#T03:00:56" id="T03:00:56"><abbr title="2010-08-26T03:00:56+00:00">03:00:56</abbr></a>] <span>* cody (~cody@dslb-084-056-117-026.pools.arcor-ip.net) has joined #beagle</span></li>
<li class="message">[<a href="#T03:01:02" id="T03:01:02"><abbr title="2010-08-26T03:01:02+00:00">03:01:02</abbr></a>] &lt;<cite>djlewis</cite>&gt; <q>managed to get the 18"l x 1.5"od steel shaft out this aft. Soaked with PB Blaster all day.</q></li>
<li class="message">[<a href="#T03:01:06" id="T03:01:06"><abbr title="2010-08-26T03:01:06+00:00">03:01:06</abbr></a>] &lt;<cite>ds2</cite>&gt; <q>whoa...what does 'ER-24' mean in this context? (ER-24 has a specific meaning that I suspect isn't what is meant here)</q></li>
<li class="message">[<a href="#T03:01:43" id="T03:01:43"><abbr title="2010-08-26T03:01:43+00:00">03:01:43</abbr></a>] &lt;<cite>djlewis</cite>&gt; <q>seraching for er-24 bearing turs them up.</q></li>
<li class="message">[<a href="#T03:01:59" id="T03:01:59"><abbr title="2010-08-26T03:01:59+00:00">03:01:59</abbr></a>] &lt;<cite>djlewis</cite>&gt; <q>it is a size and shape marking</q></li>
<li class="message">[<a href="#T03:02:14" id="T03:02:14"><abbr title="2010-08-26T03:02:14+00:00">03:02:14</abbr></a>] &lt;<cite>ds2</cite>&gt; <q>got it</q></li>
<li class="message">[<a href="#T03:02:24" id="T03:02:24"><abbr title="2010-08-26T03:02:24+00:00">03:02:24</abbr></a>] &lt;<cite>ds2</cite>&gt; <q>ER-24 also is a type of collets use by machinist</q></li>
<li class="message">[<a href="#T03:02:29" id="T03:02:29"><abbr title="2010-08-26T03:02:29+00:00">03:02:29</abbr></a>] &lt;<cite>djlewis</cite>&gt; <q>hmm</q></li>
<li class="message">[<a href="#T03:02:50" id="T03:02:50"><abbr title="2010-08-26T03:02:50+00:00">03:02:50</abbr></a>] &lt;<cite>djlewis</cite>&gt; <q>this is a collared bearing with set screws for the inside shaft</q></li>
<li class="message">[<a href="#T03:02:55" id="T03:02:55"><abbr title="2010-08-26T03:02:55+00:00">03:02:55</abbr></a>] &lt;<cite>ds2</cite>&gt; <q>oops..that's ER-25 </q></li>
<li class="message">[<a href="#T03:04:14" id="T03:04:14"><abbr title="2010-08-26T03:04:14+00:00">03:04:14</abbr></a>] &lt;<cite>djlewis</cite>&gt; <q>I thnk water got in one bearing over the years. I can probably use it like it is rather than spend bout $50/ bearing to replace</q></li>
<li class="quit">[<a href="#T03:04:38" id="T03:04:38"><abbr title="2010-08-26T03:04:38+00:00">03:04:38</abbr></a>] <span>* cody__ (~cody@dslb-084-056-092-172.pools.arcor-ip.net) Quit (Ping timeout: 276 seconds)</span></li>
<li class="message">[<a href="#T03:04:41" id="T03:04:41"><abbr title="2010-08-26T03:04:41+00:00">03:04:41</abbr></a>] &lt;<cite>djlewis</cite>&gt; <q>its sealed so I cant clean and re lube</q></li>
<li class="message">[<a href="#T03:05:04" id="T03:05:04"><abbr title="2010-08-26T03:05:04+00:00">03:05:04</abbr></a>] &lt;<cite>ds2</cite>&gt; <q>couldn't you adapt a cheaper bearing?</q></li>
<li class="message">[<a href="#T03:05:26" id="T03:05:26"><abbr title="2010-08-26T03:05:26+00:00">03:05:26</abbr></a>] &lt;<cite>djlewis</cite>&gt; <q>It has to have the same OD and Bore</q></li>
<li class="message">[<a href="#T03:06:00" id="T03:06:00"><abbr title="2010-08-26T03:06:00+00:00">03:06:00</abbr></a>] &lt;<cite>ds2</cite>&gt; <q>turn down some stock to make an adapter ring</q></li>
<li class="message">[<a href="#T03:06:19" id="T03:06:19"><abbr title="2010-08-26T03:06:19+00:00">03:06:19</abbr></a>] &lt;<cite>djlewis</cite>&gt; <q>I snug fit of the bearing inside and out aids in reducing RA errror</q></li>
<li class="message">[<a href="#T03:06:40" id="T03:06:40"><abbr title="2010-08-26T03:06:40+00:00">03:06:40</abbr></a>] &lt;<cite>ds2</cite>&gt; <q>djlewis: I take it, no access to a lathe?</q></li>
<li class="action">[<a href="#T03:06:53" id="T03:06:53"><abbr title="2010-08-26T03:06:53+00:00">03:06:53</abbr></a>] <span>* djlewis has no cool machines lika a lathe :(</span></li>
<li class="message">[<a href="#T03:07:32" id="T03:07:32"><abbr title="2010-08-26T03:07:32+00:00">03:07:32</abbr></a>] &lt;<cite>djlewis</cite>&gt; <q>I dont even have a garage or utility building to work it in.</q></li>
<li class="message">[<a href="#T03:08:10" id="T03:08:10"><abbr title="2010-08-26T03:08:10+00:00">03:08:10</abbr></a>] &lt;<cite>ds2</cite>&gt; <q>a living room lathe :D</q></li>
<li class="message">[<a href="#T03:09:15" id="T03:09:15"><abbr title="2010-08-26T03:09:15+00:00">03:09:15</abbr></a>] &lt;<cite>djlewis</cite>&gt; <q>I already have a dining room drill press :)</q></li>
<li class="message">[<a href="#T03:09:46" id="T03:09:46"><abbr title="2010-08-26T03:09:46+00:00">03:09:46</abbr></a>] &lt;<cite>ds2</cite>&gt; <q>so a nice HAAS SL-20 would decorate the living room prefectly :D</q></li>
<li class="action">[<a href="#T03:09:57" id="T03:09:57"><abbr title="2010-08-26T03:09:57+00:00">03:09:57</abbr></a>] <span>* djlewis searches</span></li>
<li class="quit">[<a href="#T03:10:25" id="T03:10:25"><abbr title="2010-08-26T03:10:25+00:00">03:10:25</abbr></a>] <span>* rbarraud (~rbarraud@118-93-191-215.dsl.dyn.ihug.co.nz) Quit (Remote host closed the connection)</span></li>
<li class="join">[<a href="#T03:10:45" id="T03:10:45"><abbr title="2010-08-26T03:10:45+00:00">03:10:45</abbr></a>] <span>* rbarraud (~rbarraud@118-93-191-215.dsl.dyn.ihug.co.nz) has joined #beagle</span></li>
<li class="message">[<a href="#T03:11:41" id="T03:11:41"><abbr title="2010-08-26T03:11:41+00:00">03:11:41</abbr></a>] &lt;<cite>djlewis</cite>&gt; <q>I get the impression it is a huge tool.</q></li>
<li class="message">[<a href="#T03:13:48" id="T03:13:48"><abbr title="2010-08-26T03:13:48+00:00">03:13:48</abbr></a>] &lt;<cite>djlewis</cite>&gt; <q>I recall seeing something like that in the machine shop at college</q></li>
<li class="quit">[<a href="#T03:15:30" id="T03:15:30"><abbr title="2010-08-26T03:15:30+00:00">03:15:30</abbr></a>] <span>* khasim (~a0393720@192.163.20.231) Quit (Ping timeout: 240 seconds)</span></li>
<li class="message">[<a href="#T03:15:32" id="T03:15:32"><abbr title="2010-08-26T03:15:32+00:00">03:15:32</abbr></a>] &lt;<cite>ds2</cite>&gt; <q>heh</q></li>
<li class="message">[<a href="#T03:18:10" id="T03:18:10"><abbr title="2010-08-26T03:18:10+00:00">03:18:10</abbr></a>] &lt;<cite>djlewis</cite>&gt; <q>i'm afraid the sl-20 would cave in my floor.</q></li>
<li class="message">[<a href="#T03:19:09" id="T03:19:09"><abbr title="2010-08-26T03:19:09+00:00">03:19:09</abbr></a>] &lt;<cite>ds2</cite>&gt; <q>are you not on a slab?</q></li>
<li class="quit">[<a href="#T03:20:27" id="T03:20:27"><abbr title="2010-08-26T03:20:27+00:00">03:20:27</abbr></a>] <span>* gdm (~gdm@186.19.159.138) Quit (Remote host closed the connection)</span></li>
<li class="message">[<a href="#T03:20:46" id="T03:20:46"><abbr title="2010-08-26T03:20:46+00:00">03:20:46</abbr></a>] &lt;<cite>djlewis</cite>&gt; <q>wood frame all around</q></li>
<li class="join">[<a href="#T03:20:56" id="T03:20:56"><abbr title="2010-08-26T03:20:56+00:00">03:20:56</abbr></a>] <span>* gdm (~gdm@186.19.159.138) has joined #beagle</span></li>
<li class="message">[<a href="#T03:22:06" id="T03:22:06"><abbr title="2010-08-26T03:22:06+00:00">03:22:06</abbr></a>] &lt;<cite>ds2</cite>&gt; <q>oh</q></li>
<li class="message">[<a href="#T03:24:33" id="T03:24:33"><abbr title="2010-08-26T03:24:33+00:00">03:24:33</abbr></a>] &lt;<cite>ds2</cite>&gt; <q>go home time</q></li>
<li class="message">[<a href="#T03:25:22" id="T03:25:22"><abbr title="2010-08-26T03:25:22+00:00">03:25:22</abbr></a>] &lt;<cite>djlewis</cite>&gt; <q>be safe :)</q></li>
<li class="quit">[<a href="#T03:27:33" id="T03:27:33"><abbr title="2010-08-26T03:27:33+00:00">03:27:33</abbr></a>] <span>* rbarraud (~rbarraud@118-93-191-215.dsl.dyn.ihug.co.nz) Quit (Quit: Konversation terminated!)</span></li>
<li class="join">[<a href="#T03:27:39" id="T03:27:39"><abbr title="2010-08-26T03:27:39+00:00">03:27:39</abbr></a>] <span>* rbarraud (~rbarraud@118-93-191-215.dsl.dyn.ihug.co.nz) has joined #beagle</span></li>
<li class="quit">[<a href="#T03:31:52" id="T03:31:52"><abbr title="2010-08-26T03:31:52+00:00">03:31:52</abbr></a>] <span>* jonmasters (~jcm@dallas.jonmasters.org) Quit (Read error: Operation timed out)</span></li>
<li class="join">[<a href="#T03:32:32" id="T03:32:32"><abbr title="2010-08-26T03:32:32+00:00">03:32:32</abbr></a>] <span>* jonmasters (~jcm@dallas.jonmasters.org) has joined #beagle</span></li>
<li class="join">[<a href="#T03:35:33" id="T03:35:33"><abbr title="2010-08-26T03:35:33+00:00">03:35:33</abbr></a>] <span>* soman (~somnath@118.102.130.6) has joined #beagle</span></li>
<li class="quit">[<a href="#T03:37:54" id="T03:37:54"><abbr title="2010-08-26T03:37:54+00:00">03:37:54</abbr></a>] <span>* rbarraud (~rbarraud@118-93-191-215.dsl.dyn.ihug.co.nz) Quit (Quit: Konversation terminated!)</span></li>
<li class="join">[<a href="#T03:38:14" id="T03:38:14"><abbr title="2010-08-26T03:38:14+00:00">03:38:14</abbr></a>] <span>* rbarraud (~rbarraud@118-93-191-215.dsl.dyn.ihug.co.nz) has joined #beagle</span></li>
<li class="quit">[<a href="#T03:44:07" id="T03:44:07"><abbr title="2010-08-26T03:44:07+00:00">03:44:07</abbr></a>] <span>* rbarraud (~rbarraud@118-93-191-215.dsl.dyn.ihug.co.nz) Quit (Read error: Connection reset by peer)</span></li>
<li class="quit">[<a href="#T03:50:15" id="T03:50:15"><abbr title="2010-08-26T03:50:15+00:00">03:50:15</abbr></a>] <span>* djlewis (~djlewis@75.15.67.41) Quit (Quit: Leaving.)</span></li>
<li class="quit">[<a href="#T04:11:06" id="T04:11:06"><abbr title="2010-08-26T04:11:06+00:00">04:11:06</abbr></a>] <span>* pting (~pting@adsl-99-32-245-41.dsl.lsan03.sbcglobal.net) Quit (Quit: Ex-Chat)</span></li>
<li class="message">[<a href="#T04:12:29" id="T04:12:29"><abbr title="2010-08-26T04:12:29+00:00">04:12:29</abbr></a>] &lt;<cite>ds2</cite>&gt; <q>hmmm</q></li>
<li class="part">[<a href="#T04:13:46" id="T04:13:46"><abbr title="2010-08-26T04:13:46+00:00">04:13:46</abbr></a>] <span>* emeb (~ericb@ip72-223-86-148.ph.ph.cox.net) has left #beagle</span></li>
<li class="join">[<a href="#T04:14:17" id="T04:14:17"><abbr title="2010-08-26T04:14:17+00:00">04:14:17</abbr></a>] <span>* DanaG (~dana@71-9-55-225.dhcp.snlo.ca.charter.com) has joined #beagle</span></li>
<li class="quit">[<a href="#T04:18:56" id="T04:18:56"><abbr title="2010-08-26T04:18:56+00:00">04:18:56</abbr></a>] <span>* matthsu (~matt@61-30-10-70.static.tfn.net.tw) Quit (Quit: Lost terminal)</span></li>
<li class="join">[<a href="#T04:22:17" id="T04:22:17"><abbr title="2010-08-26T04:22:17+00:00">04:22:17</abbr></a>] <span>* emeb|mac (~ericb@ip72-223-86-148.ph.ph.cox.net) has joined #beagle</span></li>
<li class="quit">[<a href="#T04:38:07" id="T04:38:07"><abbr title="2010-08-26T04:38:07+00:00">04:38:07</abbr></a>] <span>* torez (~torez@cpe-70-123-142-200.austin.res.rr.com) Quit (Quit: Leaving)</span></li>
<li class="quit">[<a href="#T04:38:51" id="T04:38:51"><abbr title="2010-08-26T04:38:51+00:00">04:38:51</abbr></a>] <span>* Redb3ard (~SF0010MAC@75.110.202.83) Quit (Quit: Redb3ard)</span></li>
<li class="join">[<a href="#T04:45:56" id="T04:45:56"><abbr title="2010-08-26T04:45:56+00:00">04:45:56</abbr></a>] <span>* khasim (~a0393720@192.163.20.231) has joined #beagle</span></li>
<li class="message">[<a href="#T04:46:29" id="T04:46:29"><abbr title="2010-08-26T04:46:29+00:00">04:46:29</abbr></a>] &lt;<cite>_av500_</cite>&gt; <q>i got shipped a lunchpack</q></li>
<li class="quit">[<a href="#T05:04:09" id="T05:04:09"><abbr title="2010-08-26T05:04:09+00:00">05:04:09</abbr></a>] <span>* mrc3 (~mrc3@nat/ti/x-qmvebkzdvxjlxxnn) Quit (Remote host closed the connection)</span></li>
<li class="join">[<a href="#T05:04:47" id="T05:04:47"><abbr title="2010-08-26T05:04:47+00:00">05:04:47</abbr></a>] <span>* mrc3 (~mrc3@nat/ti/x-npeatmhugscsxazk) has joined #beagle</span></li>
<li class="quit">[<a href="#T05:05:48" id="T05:05:48"><abbr title="2010-08-26T05:05:48+00:00">05:05:48</abbr></a>] <span>* PBansal (~pbansal@nat/ti/x-yyadsvklrqfrsjnr) Quit (Ping timeout: 265 seconds)</span></li>
<li class="quit">[<a href="#T05:07:14" id="T05:07:14"><abbr title="2010-08-26T05:07:14+00:00">05:07:14</abbr></a>] <span>* mrc3 (~mrc3@nat/ti/x-npeatmhugscsxazk) Quit (Remote host closed the connection)</span></li>
<li class="join">[<a href="#T05:07:33" id="T05:07:33"><abbr title="2010-08-26T05:07:33+00:00">05:07:33</abbr></a>] <span>* mrc3 (~mrc3@nat/ti/x-ihqyvbhxnabxrems) has joined #beagle</span></li>
<li class="quit">[<a href="#T05:12:38" id="T05:12:38"><abbr title="2010-08-26T05:12:38+00:00">05:12:38</abbr></a>] <span>* DanaG (~dana@71-9-55-225.dhcp.snlo.ca.charter.com) Quit (Quit: Leaving.)</span></li>
<li class="join">[<a href="#T05:16:18" id="T05:16:18"><abbr title="2010-08-26T05:16:18+00:00">05:16:18</abbr></a>] <span>* kunguz (~Kaan@212.175.32.130) has joined #beagle</span></li>
<li class="join">[<a href="#T05:19:39" id="T05:19:39"><abbr title="2010-08-26T05:19:39+00:00">05:19:39</abbr></a>] <span>* russ (foobar@ip70-176-251-1.ph.ph.cox.net) has joined #beagle</span></li>
<li class="quit">[<a href="#T05:27:53" id="T05:27:53"><abbr title="2010-08-26T05:27:53+00:00">05:27:53</abbr></a>] <span>* BThompsonGR (~bernie@cpe-76-183-65-93.tx.res.rr.com) Quit (Read error: Connection reset by peer)</span></li>
<li class="join">[<a href="#T05:33:06" id="T05:33:06"><abbr title="2010-08-26T05:33:06+00:00">05:33:06</abbr></a>] <span>* tasslehoff (~Mich@147.84-49-231.nextgentel.com) has joined #beagle</span></li>
<li class="join">[<a href="#T05:33:54" id="T05:33:54"><abbr title="2010-08-26T05:33:54+00:00">05:33:54</abbr></a>] <span>* hitlin37 (6eea0302@gateway/web/freenode/ip.110.234.3.2) has joined #beagle</span></li>
<li class="quit">[<a href="#T05:36:50" id="T05:36:50"><abbr title="2010-08-26T05:36:50+00:00">05:36:50</abbr></a>] <span>* russ (foobar@ip70-176-251-1.ph.ph.cox.net) Quit (Ping timeout: 272 seconds)</span></li>
<li class="quit">[<a href="#T05:41:08" id="T05:41:08"><abbr title="2010-08-26T05:41:08+00:00">05:41:08</abbr></a>] <span>* kunguz (~Kaan@212.175.32.130) Quit (Remote host closed the connection)</span></li>
<li class="quit">[<a href="#T05:49:36" id="T05:49:36"><abbr title="2010-08-26T05:49:36+00:00">05:49:36</abbr></a>] <span>* alancam (~a-campbel@nat/ti/x-fgoyywtgxcfqkpqo) Quit ()</span></li>
<li class="join">[<a href="#T05:52:05" id="T05:52:05"><abbr title="2010-08-26T05:52:05+00:00">05:52:05</abbr></a>] <span>* russ (foobar@ip70-176-251-1.ph.ph.cox.net) has joined #beagle</span></li>
