<li class="join">[<a href="#T00:00:33" id="T00:00:33"><abbr title="2010-02-15T00:00:33+00:00">00:00:33</abbr></a>] <span>* heathkid` (~heathkid2@173-105-226-162.pools.spcsdns.net) has joined #beagle</span></li>
<li class="quit">[<a href="#T00:02:41" id="T00:02:41"><abbr title="2010-02-15T00:02:41+00:00">00:02:41</abbr></a>] <span>* heathkid (~heathkid2@173-99-186-114.pools.spcsdns.net) Quit (Ping timeout: 245 seconds)</span></li>
<li class="quit">[<a href="#T00:04:16" id="T00:04:16"><abbr title="2010-02-15T00:04:16+00:00">00:04:16</abbr></a>] <span>* GrizzlyAdams (~Grizzly@ip98-184-88-41.mc.at.cox.net) Quit (Read error: Connection reset by peer)</span></li>
<li class="join">[<a href="#T00:04:23" id="T00:04:23"><abbr title="2010-02-15T00:04:23+00:00">00:04:23</abbr></a>] <span>* heathkid1 (~heathkid2@108.99.195.51) has joined #beagle</span></li>
<li class="quit">[<a href="#T00:08:02" id="T00:08:02"><abbr title="2010-02-15T00:08:02+00:00">00:08:02</abbr></a>] <span>* heathkid` (~heathkid2@173-105-226-162.pools.spcsdns.net) Quit (Ping timeout: 248 seconds)</span></li>
<li class="nick-change">[<a href="#T00:11:40" id="T00:11:40"><abbr title="2010-02-15T00:11:40+00:00">00:11:40</abbr></a>] <span>* lifeeth is now known as lifeeth|sleep</span></li>
<li class="quit">[<a href="#T00:19:51" id="T00:19:51"><abbr title="2010-02-15T00:19:51+00:00">00:19:51</abbr></a>] <span>* prpplague (~dave123_a@ppp-70-249-155-242.dsl.rcsntx.swbell.net) Quit (Ping timeout: 265 seconds)</span></li>
<li class="join">[<a href="#T00:23:45" id="T00:23:45"><abbr title="2010-02-15T00:23:45+00:00">00:23:45</abbr></a>] <span>* prpplague (~dave123_a@ppp-70-249-155-242.dsl.rcsntx.swbell.net) has joined #beagle</span></li>
<li class="quit">[<a href="#T00:24:28" id="T00:24:28"><abbr title="2010-02-15T00:24:28+00:00">00:24:28</abbr></a>] <span>* florian (~fuchs@Maemo/community/contributor/florian) Quit (Quit: Verlassend)</span></li>
<li class="quit">[<a href="#T01:08:26" id="T01:08:26"><abbr title="2010-02-15T01:08:26+00:00">01:08:26</abbr></a>] <span>* heathkid1 (~heathkid2@108.99.195.51) Quit (Quit: Leaving)</span></li>
<li class="message">[<a href="#T01:16:47" id="T01:16:47"><abbr title="2010-02-15T01:16:47+00:00">01:16:47</abbr></a>] &lt;<cite>cwillu_at_work</cite>&gt; <q>how is dss a pain to configure?</q></li>
<li class="message">[<a href="#T01:16:59" id="T01:16:59"><abbr title="2010-02-15T01:16:59+00:00">01:16:59</abbr></a>] &lt;<cite>cwillu_at_work</cite>&gt; <q>gotta be the easiest thing since xrandr 1.2</q></li>
<li class="quit">[<a href="#T01:23:50" id="T01:23:50"><abbr title="2010-02-15T01:23:50+00:00">01:23:50</abbr></a>] <span>* pmeerw_ (~pmeerw@mail.commend.com) Quit (Ping timeout: 240 seconds)</span></li>
<li class="join">[<a href="#T01:25:02" id="T01:25:02"><abbr title="2010-02-15T01:25:02+00:00">01:25:02</abbr></a>] <span>* Aditya__1 (~Aditya@c-69-143-196-44.hsd1.md.comcast.net) has joined #beagle</span></li>
<li class="join">[<a href="#T01:32:30" id="T01:32:30"><abbr title="2010-02-15T01:32:30+00:00">01:32:30</abbr></a>] <span>* raster (~raster@enlightenment/developer/raster) has joined #beagle</span></li>
<li class="join">[<a href="#T01:36:45" id="T01:36:45"><abbr title="2010-02-15T01:36:45+00:00">01:36:45</abbr></a>] <span>* torusle (~nils@c134169.adsl.hansenet.de) has joined #beagle</span></li>
<li class="message">[<a href="#T01:37:13" id="T01:37:13"><abbr title="2010-02-15T01:37:13+00:00">01:37:13</abbr></a>] &lt;<cite>torusle</cite>&gt; <q>hey folks.. month ago I've seen a beagleboard like board that features a TI chip and a camera.. Does anyone remember the name of it?</q></li>
<li class="quit">[<a href="#T01:47:50" id="T01:47:50"><abbr title="2010-02-15T01:47:50+00:00">01:47:50</abbr></a>] <span>* robclark (~robclark@nat/ti/x-gyfskqzrboczvadr) Quit (Ping timeout: 240 seconds)</span></li>
<li class="message">[<a href="#T01:49:30" id="T01:49:30"><abbr title="2010-02-15T01:49:30+00:00">01:49:30</abbr></a>] &lt;<cite>xxiao</cite>&gt; <q>torusle: <a href="http://designsomething.org/leopardboard/default.aspx">http://designsomething.org/leopardboard/default.aspx</a> ?</q></li>
<li class="join">[<a href="#T01:52:24" id="T01:52:24"><abbr title="2010-02-15T01:52:24+00:00">01:52:24</abbr></a>] <span>* brendans (~anonymous@d207-216-85-176.bchsia.telus.net) has joined #beagle</span></li>
<li class="quit">[<a href="#T01:52:42" id="T01:52:42"><abbr title="2010-02-15T01:52:42+00:00">01:52:42</abbr></a>] <span>* torusle (~nils@c134169.adsl.hansenet.de) Quit (Ping timeout: 240 seconds)</span></li>
<li class="join">[<a href="#T01:55:12" id="T01:55:12"><abbr title="2010-02-15T01:55:12+00:00">01:55:12</abbr></a>] <span>* thaytan (~jan@198.23.233.220.static.exetel.com.au) has joined #beagle</span></li>
<li class="join">[<a href="#T02:05:30" id="T02:05:30"><abbr title="2010-02-15T02:05:30+00:00">02:05:30</abbr></a>] <span>* torusle (~nils@c224198.adsl.hansenet.de) has joined #beagle</span></li>
<li class="quit">[<a href="#T02:11:31" id="T02:11:31"><abbr title="2010-02-15T02:11:31+00:00">02:11:31</abbr></a>] <span>* thaytan (~jan@198.23.233.220.static.exetel.com.au) Quit (Ping timeout: 258 seconds)</span></li>
<li class="quit">[<a href="#T02:13:35" id="T02:13:35"><abbr title="2010-02-15T02:13:35+00:00">02:13:35</abbr></a>] <span>* djlewis (~djlewis@75.15.67.3) Quit (Quit: Clolur me gone)</span></li>
<li class="join">[<a href="#T02:13:44" id="T02:13:44"><abbr title="2010-02-15T02:13:44+00:00">02:13:44</abbr></a>] <span>* djlewis (~djlewis@75.15.67.3) has joined #beagle</span></li>
<li class="message">[<a href="#T02:14:41" id="T02:14:41"><abbr title="2010-02-15T02:14:41+00:00">02:14:41</abbr></a>] &lt;<cite>djlewis</cite>&gt; <q>well I thought I was here ofr the past hour but alas, not.</q></li>
<li class="join">[<a href="#T02:29:07" id="T02:29:07"><abbr title="2010-02-15T02:29:07+00:00">02:29:07</abbr></a>] <span>* thaytan (~jan@198.23.233.220.static.exetel.com.au) has joined #beagle</span></li>
<li class="quit">[<a href="#T02:42:02" id="T02:42:02"><abbr title="2010-02-15T02:42:02+00:00">02:42:02</abbr></a>] <span>* brendans (~anonymous@d207-216-85-176.bchsia.telus.net) Quit (Quit: brendans)</span></li>
<li class="join">[<a href="#T02:52:30" id="T02:52:30"><abbr title="2010-02-15T02:52:30+00:00">02:52:30</abbr></a>] <span>* vliaskov (~vliaskov@cpe-24-28-76-6.austin.res.rr.com) has joined #beagle</span></li>
<li class="quit">[<a href="#T02:53:15" id="T02:53:15"><abbr title="2010-02-15T02:53:15+00:00">02:53:15</abbr></a>] <span>* rsalveti (~rsalveti@189.115.166.26.dynamic.adsl.gvt.net.br) Quit (Remote host closed the connection)</span></li>
