<li class="join">[<a href="#T00:00:57" id="T00:00:57"><abbr title="2010-05-04T00:00:57+00:00">00:00:57</abbr></a>] <span>* ScriptRipper__ (~mmohring@p4FDBBDCB.dip.t-dialin.net) has joined #beagle</span></li>
<li class="message">[<a href="#T00:01:22" id="T00:01:22"><abbr title="2010-05-04T00:01:22+00:00">00:01:22</abbr></a>] &lt;<cite>noway</cite>&gt; <q>emeb : yes it very popular</q></li>
<li class="join">[<a href="#T00:01:43" id="T00:01:43"><abbr title="2010-05-04T00:01:43+00:00">00:01:43</abbr></a>] <span>* pablo_ (~pablo@201.250.149.117) has joined #beagle</span></li>
<li class="message">[<a href="#T00:01:49" id="T00:01:49"><abbr title="2010-05-04T00:01:49+00:00">00:01:49</abbr></a>] &lt;<cite>emeb</cite>&gt; <q>what part of Tunisia? (I'm looking at google maps now)</q></li>
<li class="quit">[<a href="#T00:01:54" id="T00:01:54"><abbr title="2010-05-04T00:01:54+00:00">00:01:54</abbr></a>] <span>* pablo_ (~pablo@201.250.149.117) Quit (Read error: Connection reset by peer)</span></li>
<li class="message">[<a href="#T00:01:56" id="T00:01:56"><abbr title="2010-05-04T00:01:56+00:00">00:01:56</abbr></a>] &lt;<cite>noway</cite>&gt; <q>Tunis</q></li>
<li class="message">[<a href="#T00:02:17" id="T00:02:17"><abbr title="2010-05-04T00:02:17+00:00">00:02:17</abbr></a>] &lt;<cite>emeb</cite>&gt; <q>Looks pretty... Right on the Med. Beaches, etc. Nice.</q></li>
<li class="message">[<a href="#T00:02:43" id="T00:02:43"><abbr title="2010-05-04T00:02:43+00:00">00:02:43</abbr></a>] &lt;<cite>noway</cite>&gt; <q>thanks , and you where are you fom</q></li>
<li class="message">[<a href="#T00:03:08" id="T00:03:08"><abbr title="2010-05-04T00:03:08+00:00">00:03:08</abbr></a>] &lt;<cite>emeb</cite>&gt; <q>Arizona USA. About the same latitude, but your deserts look a bit drier.</q></li>
<li class="message">[<a href="#T00:03:25" id="T00:03:25"><abbr title="2010-05-04T00:03:25+00:00">00:03:25</abbr></a>] &lt;<cite>noway</cite>&gt; <q>:)</q></li>
<li class="message">[<a href="#T00:04:13" id="T00:04:13"><abbr title="2010-05-04T00:04:13+00:00">00:04:13</abbr></a>] &lt;<cite>emeb</cite>&gt; <q>Hadn't realized that Carthage ~= Tunis.</q></li>
<li class="quit">[<a href="#T00:04:16" id="T00:04:16"><abbr title="2010-05-04T00:04:16+00:00">00:04:16</abbr></a>] <span>* ScriptRipper_ (~mmohring@p4FDBD8FE.dip.t-dialin.net) Quit (Ping timeout: 265 seconds)</span></li>
<li class="message">[<a href="#T00:08:00" id="T00:08:00"><abbr title="2010-05-04T00:08:00+00:00">00:08:00</abbr></a>] &lt;<cite>noway</cite>&gt; <q>emeb : carthage was before the capital of Tunisia when it ws called "ifriqia' but now the capital of Tunisia is Tunis </q></li>
<li class="message">[<a href="#T00:08:31" id="T00:08:31"><abbr title="2010-05-04T00:08:31+00:00">00:08:31</abbr></a>] &lt;<cite>emeb</cite>&gt; <q>Lots of history in that part of the world.</q></li>
<li class="message">[<a href="#T00:08:37" id="T00:08:37"><abbr title="2010-05-04T00:08:37+00:00">00:08:37</abbr></a>] &lt;<cite>noway</cite>&gt; <q>:)</q></li>
<li class="message">[<a href="#T00:09:33" id="T00:09:33"><abbr title="2010-05-04T00:09:33+00:00">00:09:33</abbr></a>] &lt;<cite>emeb</cite>&gt; <q>I think a lot of folks in US would recognize Tunisia as where the original Star Wars Tattooine scenes were shot.</q></li>
<li class="quit">[<a href="#T00:14:07" id="T00:14:07"><abbr title="2010-05-04T00:14:07+00:00">00:14:07</abbr></a>] <span>* ikkakujyu (~Adium@adsl-69-233-151-245.dsl.sndg02.pacbell.net) Quit (Ping timeout: 260 seconds)</span></li>
<li class="quit">[<a href="#T00:15:23" id="T00:15:23"><abbr title="2010-05-04T00:15:23+00:00">00:15:23</abbr></a>] <span>* Zoxc (~zoxc@ti0128a340-dhcp0330.bb.online.no) Quit ()</span></li>
<li class="message">[<a href="#T00:16:33" id="T00:16:33"><abbr title="2010-05-04T00:16:33+00:00">00:16:33</abbr></a>] &lt;<cite>noway</cite>&gt; <q>emeb : yes it  s amazing</q></li>
<li class="join">[<a href="#T00:16:34" id="T00:16:34"><abbr title="2010-05-04T00:16:34+00:00">00:16:34</abbr></a>] <span>* biscuit_ (~180501ec@gateway/web/freenode/x-rxrapqnrzdilkwxy) has joined #beagle</span></li>
<li class="nick-change">[<a href="#T00:20:20" id="T00:20:20"><abbr title="2010-05-04T00:20:20+00:00">00:20:20</abbr></a>] <span>* PuffTheMagic is now known as TonyStark</span></li>
<li class="quit">[<a href="#T00:22:54" id="T00:22:54"><abbr title="2010-05-04T00:22:54+00:00">00:22:54</abbr></a>] <span>* noway (~29e3a3b2@gateway/web/freenode/x-olqolyrrraanjftz) Quit (Quit: Page closed)</span></li>
<li class="join">[<a href="#T00:24:51" id="T00:24:51"><abbr title="2010-05-04T00:24:51+00:00">00:24:51</abbr></a>] <span>* BThompsonGR (~bernie@cpe-76-184-159-129.tx.res.rr.com) has joined #beagle</span></li>
<li class="quit">[<a href="#T00:25:47" id="T00:25:47"><abbr title="2010-05-04T00:25:47+00:00">00:25:47</abbr></a>] <span>* rsalveti (~rsalveti@200.184.118.130) Quit (Remote host closed the connection)</span></li>
<li class="nick-change">[<a href="#T00:26:00" id="T00:26:00"><abbr title="2010-05-04T00:26:00+00:00">00:26:00</abbr></a>] <span>* TonyStark is now known as PrettyTony</span></li>
<li class="quit">[<a href="#T00:27:02" id="T00:27:02"><abbr title="2010-05-04T00:27:02+00:00">00:27:02</abbr></a>] <span>* DanaG (~dana@66-169-236-186.static.snlo.ca.charter.com) Quit (Ping timeout: 246 seconds)</span></li>
<li class="join">[<a href="#T00:29:14" id="T00:29:14"><abbr title="2010-05-04T00:29:14+00:00">00:29:14</abbr></a>] <span>* ppotera (~ppotera@c-69-243-130-95.hsd1.il.comcast.net) has joined #beagle</span></li>
<li class="join">[<a href="#T00:30:59" id="T00:30:59"><abbr title="2010-05-04T00:30:59+00:00">00:30:59</abbr></a>] <span>* needsbc (~4a28a118@gateway/web/freenode/x-nlykaoyacoewvknf) has joined #beagle</span></li>
<li class="message">[<a href="#T00:32:02" id="T00:32:02"><abbr title="2010-05-04T00:32:02+00:00">00:32:02</abbr></a>] &lt;<cite>needsbc</cite>&gt; <q>this will seem like an odd question to ask in the #beagle channel, but I'm needing a board similar to the beagle that will do actual HDMI output (audio + video), any suggestions?</q></li>
<li class="join">[<a href="#T00:32:20" id="T00:32:20"><abbr title="2010-05-04T00:32:20+00:00">00:32:20</abbr></a>] <span>* BThompson (~a0193480@nat/ti/x-kbdunkfsbxfbxkum) has joined #beagle</span></li>
<li class="message">[<a href="#T00:32:22" id="T00:32:22"><abbr title="2010-05-04T00:32:22+00:00">00:32:22</abbr></a>] &lt;<cite>needsbc</cite>&gt; <q>something in the same price range preferably</q></li>
<li class="quit">[<a href="#T00:32:46" id="T00:32:46"><abbr title="2010-05-04T00:32:46+00:00">00:32:46</abbr></a>] <span>* BThompson (~a0193480@nat/ti/x-kbdunkfsbxfbxkum) Quit (Client Quit)</span></li>
<li class="quit">[<a href="#T00:32:49" id="T00:32:49"><abbr title="2010-05-04T00:32:49+00:00">00:32:49</abbr></a>] <span>* ppotera (~ppotera@c-69-243-130-95.hsd1.il.comcast.net) Quit (Client Quit)</span></li>
<li class="quit">[<a href="#T00:32:55" id="T00:32:55"><abbr title="2010-05-04T00:32:55+00:00">00:32:55</abbr></a>] <span>* tomatoes7 (~turtle@adsl-76-234-20-90.dsl.scrm01.sbcglobal.net) Quit (Quit: Leaving)</span></li>
<li class="nick-change">[<a href="#T00:33:51" id="T00:33:51"><abbr title="2010-05-04T00:33:51+00:00">00:33:51</abbr></a>] <span>* PrettyTony is now known as Ghostface</span></li>
<li class="quit">[<a href="#T00:34:18" id="T00:34:18"><abbr title="2010-05-04T00:34:18+00:00">00:34:18</abbr></a>] <span>* javaJake (~javaJake@unaffiliated/javajake) Quit (Ping timeout: 276 seconds)</span></li>
<li class="message">[<a href="#T00:34:53" id="T00:34:53"><abbr title="2010-05-04T00:34:53+00:00">00:34:53</abbr></a>] &lt;<cite>needsbc</cite>&gt; <q>anyone?</q></li>
<li class="quit">[<a href="#T00:35:26" id="T00:35:26"><abbr title="2010-05-04T00:35:26+00:00">00:35:26</abbr></a>] <span>* needsbc (~4a28a118@gateway/web/freenode/x-nlykaoyacoewvknf) Quit (Client Quit)</span></li>
<li class="join">[<a href="#T00:45:35" id="T00:45:35"><abbr title="2010-05-04T00:45:35+00:00">00:45:35</abbr></a>] <span>* guybrush (~billybeaw@ppp-58-8-35-204.revip2.asianet.co.th) has joined #beagle</span></li>
<li class="quit">[<a href="#T00:47:36" id="T00:47:36"><abbr title="2010-05-04T00:47:36+00:00">00:47:36</abbr></a>] <span>* biscuit_ (~180501ec@gateway/web/freenode/x-rxrapqnrzdilkwxy) Quit (Quit: Page closed)</span></li>
<li class="quit">[<a href="#T00:48:31" id="T00:48:31"><abbr title="2010-05-04T00:48:31+00:00">00:48:31</abbr></a>] <span>* Ceriand|work (~Ceriand@unaffiliated/ceriand) Quit (Quit: Leaving.)</span></li>
<li class="nick-change">[<a href="#T00:49:04" id="T00:49:04"><abbr title="2010-05-04T00:49:04+00:00">00:49:04</abbr></a>] <span>* Ghostface is now known as PuffTheMagic</span></li>
<li class="quit">[<a href="#T00:50:03" id="T00:50:03"><abbr title="2010-05-04T00:50:03+00:00">00:50:03</abbr></a>] <span>* RazZziel (~raziel@63.93.117.91.dynamic.mundo-r.com) Quit (Ping timeout: 260 seconds)</span></li>
<li class="join">[<a href="#T00:50:07" id="T00:50:07"><abbr title="2010-05-04T00:50:07+00:00">00:50:07</abbr></a>] <span>* biscuit_ (~180501ec@gateway/web/freenode/x-asaykgexibnmvexs) has joined #beagle</span></li>
<li class="quit">[<a href="#T00:55:31" id="T00:55:31"><abbr title="2010-05-04T00:55:31+00:00">00:55:31</abbr></a>] <span>* ssvb (~ssvb___@a88-112-120-50.elisa-laajakaista.fi) Quit (Ping timeout: 245 seconds)</span></li>
<li class="quit">[<a href="#T00:57:11" id="T00:57:11"><abbr title="2010-05-04T00:57:11+00:00">00:57:11</abbr></a>] <span>* JDuke128 (JDuke128@81.6.87.125) Quit (Ping timeout: 252 seconds)</span></li>
<li class="join">[<a href="#T00:59:10" id="T00:59:10"><abbr title="2010-05-04T00:59:10+00:00">00:59:10</abbr></a>] <span>* BThompson (~a0193480@nat/ti/x-jvqaxtdhcqcgxnhe) has joined #beagle</span></li>
