<li class="message">[<a href="#T00:00:10" id="T00:00:10"><abbr title="2010-01-10T00:00:10+00:00">00:00:10</abbr></a>] &lt;<cite>CruNcher</cite>&gt; <q>tegra 2 isnt tegra 1 yep</q></li>
<li class="message">[<a href="#T00:00:27" id="T00:00:27"><abbr title="2010-01-10T00:00:27+00:00">00:00:27</abbr></a>] &lt;<cite>mru</cite>&gt; <q>I was watching the first vid</q></li>
<li class="message">[<a href="#T00:00:58" id="T00:00:58"><abbr title="2010-01-10T00:00:58+00:00">00:00:58</abbr></a>] &lt;<cite>CruNcher</cite>&gt; <q>yep tegra 1 was presented as the sodim board with the possibility of the extension board</q></li>
<li class="message">[<a href="#T00:01:21" id="T00:01:21"><abbr title="2010-01-10T00:01:21+00:00">00:01:21</abbr></a>] &lt;<cite>CruNcher</cite>&gt; <q>not sure what Samsung and Microsoft though use for the Zune HD or the YP-M1</q></li>
<li class="message">[<a href="#T00:01:50" id="T00:01:50"><abbr title="2010-01-10T00:01:50+00:00">00:01:50</abbr></a>] &lt;<cite>mru</cite>&gt; <q>I guess lots of machines are already able to handle the sodimm pcb</q></li>
<li class="message">[<a href="#T00:01:52" id="T00:01:52"><abbr title="2010-01-10T00:01:52+00:00">00:01:52</abbr></a>] &lt;<cite>CruNcher</cite>&gt; <q>tegra 2 was presented as 1 board with everything</q></li>
<li class="message">[<a href="#T00:01:56" id="T00:01:56"><abbr title="2010-01-10T00:01:56+00:00">00:01:56</abbr></a>] &lt;<cite>CruNcher</cite>&gt; <q>like the beagleboard</q></li>
<li class="message">[<a href="#T00:02:59" id="T00:02:59"><abbr title="2010-01-10T00:02:59+00:00">00:02:59</abbr></a>] &lt;<cite>crashovrd</cite>&gt; <q>it looked like the same size</q></li>
<li class="join">[<a href="#T00:03:05" id="T00:03:05"><abbr title="2010-01-10T00:03:05+00:00">00:03:05</abbr></a>] <span>* ppotera (n=ppotera@c-69-243-129-126.hsd1.il.comcast.net) has joined #beagle</span></li>
<li class="message">[<a href="#T00:03:07" id="T00:03:07"><abbr title="2010-01-10T00:03:07+00:00">00:03:07</abbr></a>] &lt;<cite>crashovrd</cite>&gt; <q>but the web site said 5"</q></li>
<li class="message">[<a href="#T00:03:10" id="T00:03:10"><abbr title="2010-01-10T00:03:10+00:00">00:03:10</abbr></a>] &lt;<cite>CruNcher</cite>&gt; <q>eh nope sorry the Dev board the main board he showed into the camera wasnt :)</q></li>
<li class="message">[<a href="#T00:03:32" id="T00:03:32"><abbr title="2010-01-10T00:03:32+00:00">00:03:32</abbr></a>] &lt;<cite>CruNcher</cite>&gt; <q>but it isnt as small anymore ;)</q></li>
<li class="message">[<a href="#T00:03:48" id="T00:03:48"><abbr title="2010-01-10T00:03:48+00:00">00:03:48</abbr></a>] &lt;<cite>crashovrd</cite>&gt; <q>in the end it all comes down to developer support</q></li>
<li class="message">[<a href="#T00:04:12" id="T00:04:12"><abbr title="2010-01-10T00:04:12+00:00">00:04:12</abbr></a>] &lt;<cite>CruNcher</cite>&gt; <q>yep OS so far looks only a few</q></li>
<li class="message">[<a href="#T00:04:13" id="T00:04:13"><abbr title="2010-01-10T00:04:13+00:00">00:04:13</abbr></a>] &lt;<cite>crashovrd</cite>&gt; <q>if they offer a reference linux binary for it, i am there!</q></li>
<li class="message">[<a href="#T00:04:29" id="T00:04:29"><abbr title="2010-01-10T00:04:29+00:00">00:04:29</abbr></a>] &lt;<cite>CruNcher</cite>&gt; <q>7 zip and Xbmc</q></li>
<li class="quit">[<a href="#T00:05:23" id="T00:05:23"><abbr title="2010-01-10T00:05:23+00:00">00:05:23</abbr></a>] <span>* xpg (n=pf@port234.ds1-gjp.adsl.cybercity.dk) Quit ("Leaving")</span></li>
<li class="message">[<a href="#T00:06:44" id="T00:06:44"><abbr title="2010-01-10T00:06:44+00:00">00:06:44</abbr></a>] &lt;<cite>CruNcher</cite>&gt; <q><a href="http://tegradeveloper.nvidia.com/tegra/">http://tegradeveloper.nvidia.com/tegra/</a></q></li>
<li class="quit">[<a href="#T00:07:16" id="T00:07:16"><abbr title="2010-01-10T00:07:16+00:00">00:07:16</abbr></a>] <span>* pablo__ (n=pablo@201.250.189.175) Quit (Remote closed the connection)</span></li>
<li class="message">[<a href="#T00:07:33" id="T00:07:33"><abbr title="2010-01-10T00:07:33+00:00">00:07:33</abbr></a>] &lt;<cite>crashovrd</cite>&gt; <q><a href="http://www.anandtech.com/gadgets/showdoc.aspx?i=3714">http://www.anandtech.com/gadgets/showdoc.aspx?i=3714</a></q></li>
<li class="message">[<a href="#T00:07:35" id="T00:07:35"><abbr title="2010-01-10T00:07:35+00:00">00:07:35</abbr></a>] &lt;<cite>CruNcher</cite>&gt; <q>sdk is currently only for windows CE :P</q></li>
<li class="message">[<a href="#T00:07:39" id="T00:07:39"><abbr title="2010-01-10T00:07:39+00:00">00:07:39</abbr></a>] &lt;<cite>crashovrd</cite>&gt; <q>thats a good article on it</q></li>
<li class="message">[<a href="#T00:08:23" id="T00:08:23"><abbr title="2010-01-10T00:08:23+00:00">00:08:23</abbr></a>] &lt;<cite>mru</cite>&gt; <q>TI seem much friendlier</q></li>
<li class="message">[<a href="#T00:08:25" id="T00:08:25"><abbr title="2010-01-10T00:08:25+00:00">00:08:25</abbr></a>] &lt;<cite>crashovrd</cite>&gt; <q>"NVIDIA is supplying 5" development boards to its partners interested in Tegra 2."</q></li>
<li class="message">[<a href="#T00:09:05" id="T00:09:05"><abbr title="2010-01-10T00:09:05+00:00">00:09:05</abbr></a>] &lt;<cite>CruNcher</cite>&gt; <q>mru yep</q></li>
<li class="message">[<a href="#T00:09:56" id="T00:09:56"><abbr title="2010-01-10T00:09:56+00:00">00:09:56</abbr></a>] &lt;<cite>CruNcher</cite>&gt; <q>Nvidia is still very closed i mean compared to the TI Dev community :)</q></li>
<li class="join">[<a href="#T00:10:15" id="T00:10:15"><abbr title="2010-01-10T00:10:15+00:00">00:10:15</abbr></a>] <span>* djlewis1 (i=41460bec@gateway/web/freenode/x-gjcmgkgyogrfiapd) has joined #beagle</span></li>
<li class="message">[<a href="#T00:10:16" id="T00:10:16"><abbr title="2010-01-10T00:10:16+00:00">00:10:16</abbr></a>] &lt;<cite>crashovrd</cite>&gt; <q>in what way?</q></li>
<li class="message">[<a href="#T00:10:24" id="T00:10:24"><abbr title="2010-01-10T00:10:24+00:00">00:10:24</abbr></a>] &lt;<cite>CruNcher</cite>&gt; <q>and working products are on the market :)</q></li>
<li class="message">[<a href="#T00:10:27" id="T00:10:27"><abbr title="2010-01-10T00:10:27+00:00">00:10:27</abbr></a>] &lt;<cite>mru</cite>&gt; <q>do you see linux-tegra on kernel.org?</q></li>
<li class="message">[<a href="#T00:10:33" id="T00:10:33"><abbr title="2010-01-10T00:10:33+00:00">00:10:33</abbr></a>] &lt;<cite>CruNcher</cite>&gt; <q>and we share :)</q></li>
<li class="message">[<a href="#T00:10:45" id="T00:10:45"><abbr title="2010-01-10T00:10:45+00:00">00:10:45</abbr></a>] &lt;<cite>CruNcher</cite>&gt; <q>between these projects</q></li>
<li class="message">[<a href="#T00:10:57" id="T00:10:57"><abbr title="2010-01-10T00:10:57+00:00">00:10:57</abbr></a>] &lt;<cite>CruNcher</cite>&gt; <q>Nvidia hasnt such a ecosystem yet</q></li>
<li class="message">[<a href="#T00:11:02" id="T00:11:02"><abbr title="2010-01-10T00:11:02+00:00">00:11:02</abbr></a>] &lt;<cite>mru</cite>&gt; <q>exactly</q></li>
<li class="join">[<a href="#T00:11:14" id="T00:11:14"><abbr title="2010-01-10T00:11:14+00:00">00:11:14</abbr></a>] <span>* pablo__ (n=pablo@201.250.189.175) has joined #beagle</span></li>
<li class="message">[<a href="#T00:11:37" id="T00:11:37"><abbr title="2010-01-10T00:11:37+00:00">00:11:37</abbr></a>] &lt;<cite>crashovrd</cite>&gt; <q>they are running android, so the kernel git has to be out there somewhere</q></li>
<li class="message">[<a href="#T00:11:48" id="T00:11:48"><abbr title="2010-01-10T00:11:48+00:00">00:11:48</abbr></a>] &lt;<cite>mru</cite>&gt; <q>has it?</q></li>
<li class="message">[<a href="#T00:11:50" id="T00:11:50"><abbr title="2010-01-10T00:11:50+00:00">00:11:50</abbr></a>] &lt;<cite>crashovrd</cite>&gt; <q>i am just not familiar enough with thier sub culture to know where</q></li>
<li class="message">[<a href="#T00:11:54" id="T00:11:54"><abbr title="2010-01-10T00:11:54+00:00">00:11:54</abbr></a>] &lt;<cite>CruNcher</cite>&gt; <q>they run android since tegra 1 :P</q></li>
<li class="message">[<a href="#T00:12:15" id="T00:12:15"><abbr title="2010-01-10T00:12:15+00:00">00:12:15</abbr></a>] &lt;<cite>crashovrd</cite>&gt; <q>so i dont think they are any more closed than TI</q></li>
<li class="message">[<a href="#T00:12:16" id="T00:12:16"><abbr title="2010-01-10T00:12:16+00:00">00:12:16</abbr></a>] &lt;<cite>CruNcher</cite>&gt; <q>and now they still supply the WinCE SDk laughable ;)</q></li>
<li class="message">[<a href="#T00:12:19" id="T00:12:19"><abbr title="2010-01-10T00:12:19+00:00">00:12:19</abbr></a>] &lt;<cite>crashovrd</cite>&gt; <q>ARM is common knowledge</q></li>
<li class="message">[<a href="#T00:12:27" id="T00:12:27"><abbr title="2010-01-10T00:12:27+00:00">00:12:27</abbr></a>] &lt;<cite>crashovrd</cite>&gt; <q>its the GPU thats kept under lock and key</q></li>
<li class="message">[<a href="#T00:12:39" id="T00:12:39"><abbr title="2010-01-10T00:12:39+00:00">00:12:39</abbr></a>] &lt;<cite>crashovrd</cite>&gt; <q>and we see the same thing with OMAP+SGX</q></li>
<li class="join">[<a href="#T00:12:52" id="T00:12:52"><abbr title="2010-01-10T00:12:52+00:00">00:12:52</abbr></a>] <span>* pfoetchen (n=pfoetche@dslb-094-217-205-021.pools.arcor-ip.net) has joined #beagle</span></li>
<li class="message">[<a href="#T00:13:09" id="T00:13:09"><abbr title="2010-01-10T00:13:09+00:00">00:13:09</abbr></a>] &lt;<cite>crashovrd</cite>&gt; <q>so i think of them as both equally closed since they both are hiding parts from you</q></li>
<li class="message">[<a href="#T00:13:13" id="T00:13:13"><abbr title="2010-01-10T00:13:13+00:00">00:13:13</abbr></a>] &lt;<cite>CruNcher</cite>&gt; <q>crashovrd yeah sadly true ;)</q></li>
<li class="message">[<a href="#T00:13:57" id="T00:13:57"><abbr title="2010-01-10T00:13:57+00:00">00:13:57</abbr></a>] &lt;<cite>CruNcher</cite>&gt; <q>only licensed devs get all the goodies under NDA :P</q></li>
<li class="message">[<a href="#T00:14:24" id="T00:14:24"><abbr title="2010-01-10T00:14:24+00:00">00:14:24</abbr></a>] &lt;<cite>crashovrd</cite>&gt; <q>at the end of the day, i dont care what kernel/OS i am running on as long as i can get what i need done</q></li>
<li class="message">[<a href="#T00:15:37" id="T00:15:37"><abbr title="2010-01-10T00:15:37+00:00">00:15:37</abbr></a>] &lt;<cite>crashovrd</cite>&gt; <q>i am not making a terraherts cluster array, so most of what linux provides is useless to me</q></li>
<li class="message">[<a href="#T00:15:54" id="T00:15:54"><abbr title="2010-01-10T00:15:54+00:00">00:15:54</abbr></a>] &lt;<cite>crashovrd</cite>&gt; <q>but i do need SGX</q></li>
<li class="message">[<a href="#T00:16:05" id="T00:16:05"><abbr title="2010-01-10T00:16:05+00:00">00:16:05</abbr></a>] &lt;<cite>CruNcher</cite>&gt; <q>but crashovrd the open devs would become problematic if the performance would be the same as stuff thats on the market it's just protection :)</q></li>
<li class="message">[<a href="#T00:16:07" id="T00:16:07"><abbr title="2010-01-10T00:16:07+00:00">00:16:07</abbr></a>] &lt;<cite>crashovrd</cite>&gt; <q>and so linux wins by being "not windows CE"</q></li>
<li class="message">[<a href="#T00:17:16" id="T00:17:16"><abbr title="2010-01-10T00:17:16+00:00">00:17:16</abbr></a>] &lt;<cite>CruNcher</cite>&gt; <q>so you sign your agreement with TI and you become part of the commercial part gaining all the power and performance you need :)</q></li>
<li class="message">[<a href="#T00:17:22" id="T00:17:22"><abbr title="2010-01-10T00:17:22+00:00">00:17:22</abbr></a>] &lt;<cite>crashovrd</cite>&gt; <q>i gotta agree with the statements made by nvidia at CES, its no longer about personal computers, its about personal computING</q></li>
<li class="message">[<a href="#T00:17:34" id="T00:17:34"><abbr title="2010-01-10T00:17:34+00:00">00:17:34</abbr></a>] &lt;<cite>crashovrd</cite>&gt; <q>and i see platforms like beagle as the "new PC"</q></li>
<li class="join">[<a href="#T00:18:44" id="T00:18:44"><abbr title="2010-01-10T00:18:44+00:00">00:18:44</abbr></a>] <span>* like2wise (n=like2wis@82-171-51-231.ip.telfort.nl) has joined #beagle</span></li>
<li class="message">[<a href="#T00:18:59" id="T00:18:59"><abbr title="2010-01-10T00:18:59+00:00">00:18:59</abbr></a>] &lt;<cite>crashovrd</cite>&gt; <q>i would also much rather see innovation happen in the OS instead of inheriting the sins of the fathers with a 40 year old design</q></li>
<li class="quit">[<a href="#T00:19:20" id="T00:19:20"><abbr title="2010-01-10T00:19:20+00:00">00:19:20</abbr></a>] <span>* like2wise (n=like2wis@82-171-51-231.ip.telfort.nl) Quit (Remote closed the connection)</span></li>
<li class="message">[<a href="#T00:19:36" id="T00:19:36"><abbr title="2010-01-10T00:19:36+00:00">00:19:36</abbr></a>] &lt;<cite>crashovrd</cite>&gt; <q>so i do think this is an important time in our lives. just as the dawn of the PC was</q></li>
<li class="join">[<a href="#T00:19:53" id="T00:19:53"><abbr title="2010-01-10T00:19:53+00:00">00:19:53</abbr></a>] <span>* likewise (n=likewise@82-171-51-231.ip.telfort.nl) has joined #beagle</span></li>
<li class="quit">[<abbr title="2010-01-10T00:19:53+00:00">00:19:53</abbr>] <span>* likewise (n=likewise@82-171-51-231.ip.telfort.nl) Quit (Client Quit)</span></li>
<li class="message">[<a href="#T00:20:11" id="T00:20:11"><abbr title="2010-01-10T00:20:11+00:00">00:20:11</abbr></a>] &lt;<cite>crashovrd</cite>&gt; <q>there are great things to be done! we have a chance to grow now that we are not tied to x86 and legacy</q></li>
<li class="quit">[<abbr title="2010-01-10T00:20:11+00:00">00:20:11</abbr>] <span>* pablo__ (n=pablo@201.250.189.175) Quit ("Leaving")</span></li>
<li class="message">[<a href="#T00:20:16" id="T00:20:16"><abbr title="2010-01-10T00:20:16+00:00">00:20:16</abbr></a>] &lt;<cite>CruNcher</cite>&gt; <q>sure nobody denies that but i see some reactions allready ;)</q></li>
<li class="message">[<a href="#T00:20:36" id="T00:20:36"><abbr title="2010-01-10T00:20:36+00:00">00:20:36</abbr></a>] &lt;<cite>CruNcher</cite>&gt; <q>1 will be energy suppliers will higher their prices hehe</q></li>
<li class="message">[<a href="#T00:21:01" id="T00:21:01"><abbr title="2010-01-10T00:21:01+00:00">00:21:01</abbr></a>] &lt;<cite>CruNcher</cite>&gt; <q>so people not gonna really have anything from low power anyways :P</q></li>
<li class="message">[<a href="#T00:21:32" id="T00:21:32"><abbr title="2010-01-10T00:21:32+00:00">00:21:32</abbr></a>] &lt;<cite>CruNcher</cite>&gt; <q>i mean sure they gonna save nature to some degree but they wont save anything ;)</q></li>
<li class="message">[<a href="#T00:21:34" id="T00:21:34"><abbr title="2010-01-10T00:21:34+00:00">00:21:34</abbr></a>] &lt;<cite>mru</cite>&gt; <q>low power is necessary for battery-powered devices</q></li>
<li class="message">[<a href="#T00:21:38" id="T00:21:38"><abbr title="2010-01-10T00:21:38+00:00">00:21:38</abbr></a>] &lt;<cite>mru</cite>&gt; <q>regardless of energy prices</q></li>
<li class="message">[<a href="#T00:22:45" id="T00:22:45"><abbr title="2010-01-10T00:22:45+00:00">00:22:45</abbr></a>] &lt;<cite>crashovrd</cite>&gt; <q>on a side note, the main thing i like about embedded dev is that what you code matters.</q></li>
<li class="message">[<a href="#T00:22:48" id="T00:22:48"><abbr title="2010-01-10T00:22:48+00:00">00:22:48</abbr></a>] &lt;<cite>CruNcher</cite>&gt; <q>yes but most of consumers think they can also save money with it :)</q></li>
<li class="message">[<a href="#T00:22:55" id="T00:22:55"><abbr title="2010-01-10T00:22:55+00:00">00:22:55</abbr></a>] &lt;<cite>crashovrd</cite>&gt; <q>on the desktop you just throw a faster processor at the problem</q></li>
<li class="message">[<a href="#T00:23:01" id="T00:23:01"><abbr title="2010-01-10T00:23:01+00:00">00:23:01</abbr></a>] &lt;<cite>crashovrd</cite>&gt; <q>on embedded, you got what you got</q></li>
<li class="message">[<a href="#T00:23:37" id="T00:23:37"><abbr title="2010-01-10T00:23:37+00:00">00:23:37</abbr></a>] &lt;<cite>crashovrd</cite>&gt; <q>so it kind of brings back the art-of-coding that was lost </q></li>
<li class="quit">[<a href="#T00:23:49" id="T00:23:49"><abbr title="2010-01-10T00:23:49+00:00">00:23:49</abbr></a>] <span>* ppotera (n=ppotera@c-69-243-129-126.hsd1.il.comcast.net) Quit ()</span></li>
<li class="message">[<a href="#T00:24:03" id="T00:24:03"><abbr title="2010-01-10T00:24:03+00:00">00:24:03</abbr></a>] &lt;<cite>crashovrd</cite>&gt; <q>of course we have flash now instead of ROM, so we still have that release now, patch later philosophy</q></li>
<li class="message">[<abbr title="2010-01-10T00:24:03+00:00">00:24:03</abbr>] &lt;<cite>mru</cite>&gt; <q>to some extent, yes</q></li>
<li class="message">[<a href="#T00:24:33" id="T00:24:33"><abbr title="2010-01-10T00:24:33+00:00">00:24:33</abbr></a>] &lt;<cite>CruNcher</cite>&gt; <q>yep it stops the .NET zombie creation to some degree hehe</q></li>
<li class="message">[<a href="#T00:24:50" id="T00:24:50"><abbr title="2010-01-10T00:24:50+00:00">00:24:50</abbr></a>] &lt;<cite>crashovrd</cite>&gt; <q>.NET has its place in embedded</q></li>
<li class="message">[<a href="#T00:24:54" id="T00:24:54"><abbr title="2010-01-10T00:24:54+00:00">00:24:54</abbr></a>] &lt;<cite>crashovrd</cite>&gt; <q>just like Java does</q></li>
<li class="message">[<a href="#T00:25:13" id="T00:25:13"><abbr title="2010-01-10T00:25:13+00:00">00:25:13</abbr></a>] &lt;<cite>crashovrd</cite>&gt; <q>both can be very powerful tools in the hands of somone skilled</q></li>
<li class="message">[<a href="#T00:25:22" id="T00:25:22"><abbr title="2010-01-10T00:25:22+00:00">00:25:22</abbr></a>] &lt;<cite>mru</cite>&gt; <q>the only place .net should be embedded is where the sun don't shine</q></li>
<li class="message">[<a href="#T00:25:37" id="T00:25:37"><abbr title="2010-01-10T00:25:37+00:00">00:25:37</abbr></a>] &lt;<cite>CruNcher</cite>&gt; <q>hehe</q></li>
<li class="message">[<a href="#T00:26:21" id="T00:26:21"><abbr title="2010-01-10T00:26:21+00:00">00:26:21</abbr></a>] &lt;<cite>crashovrd</cite>&gt; <q>in the real world, its about the right tool for the job. and sometimes .Net/Java is that right tool</q></li>
<li class="message">[<a href="#T00:26:27" id="T00:26:27"><abbr title="2010-01-10T00:26:27+00:00">00:26:27</abbr></a>] &lt;<cite>CruNcher</cite>&gt; <q>i mean it's easy you create a complete new generation of .NET coders and they never will be a problem</q></li>
<li class="message">[<a href="#T00:26:34" id="T00:26:34"><abbr title="2010-01-10T00:26:34+00:00">00:26:34</abbr></a>] &lt;<cite>mru</cite>&gt; <q>I've yet to see such a situation</q></li>
<li class="message">[<a href="#T00:26:35" id="T00:26:35"><abbr title="2010-01-10T00:26:35+00:00">00:26:35</abbr></a>] &lt;<cite>crashovrd</cite>&gt; <q>google went so far as to make an entire OS based on that premise</q></li>
<li class="message">[<a href="#T00:27:12" id="T00:27:12"><abbr title="2010-01-10T00:27:12+00:00">00:27:12</abbr></a>] &lt;<cite>CruNcher</cite>&gt; <q>dalvik wahhh :P</q></li>
<li class="message">[<a href="#T00:27:19" id="T00:27:19"><abbr title="2010-01-10T00:27:19+00:00">00:27:19</abbr></a>] &lt;<cite>crashovrd</cite>&gt; <q>so rooting for you favorite team and fanboyism is fun. but it has no place in business</q></li>
<li class="message">[<a href="#T00:27:54" id="T00:27:54"><abbr title="2010-01-10T00:27:54+00:00">00:27:54</abbr></a>] &lt;<cite>mru</cite>&gt; <q>rule #1: compilers suck</q></li>
<li class="message">[<a href="#T00:28:02" id="T00:28:02"><abbr title="2010-01-10T00:28:02+00:00">00:28:02</abbr></a>] &lt;<cite>mru</cite>&gt; <q>rule #2: jit compilers suck more</q></li>
<li class="message">[<a href="#T00:28:11" id="T00:28:11"><abbr title="2010-01-10T00:28:11+00:00">00:28:11</abbr></a>] &lt;<cite>crashovrd</cite>&gt; <q>.net is a clean modern full featured language that speeds development and reduces common errors</q></li>
<li class="message">[<a href="#T00:28:12" id="T00:28:12"><abbr title="2010-01-10T00:28:12+00:00">00:28:12</abbr></a>] &lt;<cite>CruNcher</cite>&gt; <q>hehe</q></li>
<li class="message">[<a href="#T00:28:18" id="T00:28:18"><abbr title="2010-01-10T00:28:18+00:00">00:28:18</abbr></a>] &lt;<cite>crashovrd</cite>&gt; <q>so its faster time to market</q></li>
<li class="message">[<a href="#T00:28:23" id="T00:28:23"><abbr title="2010-01-10T00:28:23+00:00">00:28:23</abbr></a>] &lt;<cite>crashovrd</cite>&gt; <q>and that means $$$</q></li>
<li class="message">[<a href="#T00:28:28" id="T00:28:28"><abbr title="2010-01-10T00:28:28+00:00">00:28:28</abbr></a>] &lt;<cite>mru</cite>&gt; <q>faster runtime is what matters to me</q></li>
<li class="message">[<a href="#T00:28:36" id="T00:28:36"><abbr title="2010-01-10T00:28:36+00:00">00:28:36</abbr></a>] &lt;<cite>CruNcher</cite>&gt; <q>yeah</q></li>
<li class="message">[<a href="#T00:28:43" id="T00:28:43"><abbr title="2010-01-10T00:28:43+00:00">00:28:43</abbr></a>] &lt;<cite>mru</cite>&gt; <q>want to watch that 1080p film in 24 fps or in 0.00001 fps?</q></li>
<li class="message">[<a href="#T00:28:53" id="T00:28:53"><abbr title="2010-01-10T00:28:53+00:00">00:28:53</abbr></a>] &lt;<cite>CruNcher</cite>&gt; <q>android shows that perfectly :P</q></li>
<li class="join">[<a href="#T00:29:05" id="T00:29:05"><abbr title="2010-01-10T00:29:05+00:00">00:29:05</abbr></a>] <span>* jrmuizel (n=jrmuizel@CPE001f5be79d0f-CM0017ee62f8b0.cpe.net.cable.rogers.com) has joined #beagle</span></li>
<li class="message">[<a href="#T00:29:15" id="T00:29:15"><abbr title="2010-01-10T00:29:15+00:00">00:29:15</abbr></a>] &lt;<cite>mru</cite>&gt; <q>there are no video players running _on_ android</q></li>
<li class="message">[<a href="#T00:29:36" id="T00:29:36"><abbr title="2010-01-10T00:29:36+00:00">00:29:36</abbr></a>] &lt;<cite>CruNcher</cite>&gt; <q>i really hope Nokia shows Google where the hammer hangs :P</q></li>
<li class="message">[<a href="#T00:29:40" id="T00:29:40"><abbr title="2010-01-10T00:29:40+00:00">00:29:40</abbr></a>] &lt;<cite>crashovrd</cite>&gt; <q>.net solves that problem very well through its interop</q></li>
<li class="message">[<a href="#T00:29:55" id="T00:29:55"><abbr title="2010-01-10T00:29:55+00:00">00:29:55</abbr></a>] &lt;<cite>CruNcher</cite>&gt; <q>mru there is one hehe :P</q></li>
<li class="message">[<a href="#T00:30:09" id="T00:30:09"><abbr title="2010-01-10T00:30:09+00:00">00:30:09</abbr></a>] &lt;<cite>CruNcher</cite>&gt; <q>yxflash some crazy koreans made it</q></li>
<li class="message">[<a href="#T00:30:11" id="T00:30:11"><abbr title="2010-01-10T00:30:11+00:00">00:30:11</abbr></a>] &lt;<cite>crashovrd</cite>&gt; <q>i have had designs pushing 720p HD video using .net</q></li>
<li class="message">[<a href="#T00:30:13" id="T00:30:13"><abbr title="2010-01-10T00:30:13+00:00">00:30:13</abbr></a>] &lt;<cite>mru</cite>&gt; <q>there is no such thing as a video player in java</q></li>
<li class="message">[<a href="#T00:30:19" id="T00:30:19"><abbr title="2010-01-10T00:30:19+00:00">00:30:19</abbr></a>] &lt;<cite>mru</cite>&gt; <q>or .net</q></li>
<li class="message">[<a href="#T00:30:25" id="T00:30:25"><abbr title="2010-01-10T00:30:25+00:00">00:30:25</abbr></a>] &lt;<cite>mru</cite>&gt; <q>maybe for high-level stuff</q></li>
<li class="message">[<a href="#T00:30:30" id="T00:30:30"><abbr title="2010-01-10T00:30:30+00:00">00:30:30</abbr></a>] &lt;<cite>mru</cite>&gt; <q>like playlist management and guis</q></li>
<li class="message">[<a href="#T00:30:37" id="T00:30:37"><abbr title="2010-01-10T00:30:37+00:00">00:30:37</abbr></a>] &lt;<cite>mru</cite>&gt; <q>but not for the actual decoding</q></li>
<li class="message">[<a href="#T00:31:02" id="T00:31:02"><abbr title="2010-01-10T00:31:02+00:00">00:31:02</abbr></a>] &lt;<cite>crashovrd</cite>&gt; <q>actually, its at the mid level (or open max IL for those familiar with it) that it really shines</q></li>
<li class="message">[<a href="#T00:31:14" id="T00:31:14"><abbr title="2010-01-10T00:31:14+00:00">00:31:14</abbr></a>] &lt;<cite>crashovrd</cite>&gt; <q>i would not create a codec with .net</q></li>
<li class="message">[<a href="#T00:31:20" id="T00:31:20"><abbr title="2010-01-10T00:31:20+00:00">00:31:20</abbr></a>] &lt;<cite>crashovrd</cite>&gt; <q>but i would tie them together with it</q></li>
<li class="message">[<a href="#T00:31:29" id="T00:31:29"><abbr title="2010-01-10T00:31:29+00:00">00:31:29</abbr></a>] &lt;<cite>crashovrd</cite>&gt; <q>as i said before, its about the right tool for the job</q></li>
<li class="message">[<a href="#T00:31:33" id="T00:31:33"><abbr title="2010-01-10T00:31:33+00:00">00:31:33</abbr></a>] &lt;<cite>CruNcher</cite>&gt; <q>the decoding takes part on the framework level packetcore (openmax)</q></li>
<li class="message">[<a href="#T00:31:41" id="T00:31:41"><abbr title="2010-01-10T00:31:41+00:00">00:31:41</abbr></a>] &lt;<cite>mru</cite>&gt; <q>which sucks bigtime</q></li>
<li class="message">[<a href="#T00:31:47" id="T00:31:47"><abbr title="2010-01-10T00:31:47+00:00">00:31:47</abbr></a>] &lt;<cite>CruNcher</cite>&gt; <q>though you can replace the framework</q></li>
<li class="message">[<a href="#T00:31:58" id="T00:31:58"><abbr title="2010-01-10T00:31:58+00:00">00:31:58</abbr></a>] &lt;<cite>mru</cite>&gt; <q>and then it's not android any more</q></li>
<li class="message">[<a href="#T00:32:17" id="T00:32:17"><abbr title="2010-01-10T00:32:17+00:00">00:32:17</abbr></a>] &lt;<cite>CruNcher</cite>&gt; <q>:P</q></li>
<li class="quit">[<a href="#T00:32:45" id="T00:32:45"><abbr title="2010-01-10T00:32:45+00:00">00:32:45</abbr></a>] <span>* philo (i=4618dd8c@gateway/web/freenode/x-kaczphwvbbwaaxio) Quit (Ping timeout: 180 seconds)</span></li>
<li class="message">[<a href="#T00:32:50" id="T00:32:50"><abbr title="2010-01-10T00:32:50+00:00">00:32:50</abbr></a>] &lt;<cite>CruNcher</cite>&gt; <q>the consumer doesnt think that way :P</q></li>
<li class="message">[<abbr title="2010-01-10T00:32:50+00:00">00:32:50</abbr>] &lt;<cite>crashovrd</cite>&gt; <q>there is also a neat side effect from all the metadata and IL that is used in managed languages</q></li>
<li class="message">[<a href="#T00:32:59" id="T00:32:59"><abbr title="2010-01-10T00:32:59+00:00">00:32:59</abbr></a>] &lt;<cite>mru</cite>&gt; <q>this fiat here is really fast if I replace it with a ferrari</q></li>
<li class="message">[<a href="#T00:33:00" id="T00:33:00"><abbr title="2010-01-10T00:33:00+00:00">00:33:00</abbr></a>] &lt;<cite>crashovrd</cite>&gt; <q>and that is that it can result in *faster* code</q></li>
<li class="message">[<a href="#T00:33:21" id="T00:33:21"><abbr title="2010-01-10T00:33:21+00:00">00:33:21</abbr></a>] &lt;<cite>crashovrd</cite>&gt; <q>managed code naturually achieves what LLVM is trying to implement</q></li>
<li class="message">[<a href="#T00:33:28" id="T00:33:28"><abbr title="2010-01-10T00:33:28+00:00">00:33:28</abbr></a>] &lt;<cite>mru</cite>&gt; <q>bwahahahaha</q></li>
<li class="message">[<a href="#T00:33:30" id="T00:33:30"><abbr title="2010-01-10T00:33:30+00:00">00:33:30</abbr></a>] &lt;<cite>mru</cite>&gt; <q>very funny</q></li>
<li class="message">[<a href="#T00:33:40" id="T00:33:40"><abbr title="2010-01-10T00:33:40+00:00">00:33:40</abbr></a>] &lt;<cite>mru</cite>&gt; <q>llvm sucks as much as anything</q></li>
<li class="message">[<a href="#T00:34:03" id="T00:34:03"><abbr title="2010-01-10T00:34:03+00:00">00:34:03</abbr></a>] &lt;<cite>mru</cite>&gt; <q>I bet I can beat *any* compiler by at least 30% on average</q></li>
<li class="message">[<a href="#T00:34:04" id="T00:34:04"><abbr title="2010-01-10T00:34:04+00:00">00:34:04</abbr></a>] &lt;<cite>crashovrd</cite>&gt; <q>its natural to fear that which you dont understand</q></li>
<li class="message">[<a href="#T00:34:11" id="T00:34:11"><abbr title="2010-01-10T00:34:11+00:00">00:34:11</abbr></a>] &lt;<cite>CruNcher</cite>&gt; <q>mru seems hes allready one of those new generation zombies ;)</q></li>
<li class="message">[<a href="#T00:34:15" id="T00:34:15"><abbr title="2010-01-10T00:34:15+00:00">00:34:15</abbr></a>] &lt;<cite>crashovrd</cite>&gt; <q>but i can tell you this: it is the future</q></li>
<li class="message">[<a href="#T00:34:19" id="T00:34:19"><abbr title="2010-01-10T00:34:19+00:00">00:34:19</abbr></a>] &lt;<cite>mru</cite>&gt; <q>I understand processors</q></li>
<li class="message">[<a href="#T00:34:45" id="T00:34:45"><abbr title="2010-01-10T00:34:45+00:00">00:34:45</abbr></a>] &lt;<cite>mru</cite>&gt; <q>I know how to squeeze every drop of performance out of them</q></li>
<li class="message">[<a href="#T00:34:51" id="T00:34:51"><abbr title="2010-01-10T00:34:51+00:00">00:34:51</abbr></a>] &lt;<cite>mru</cite>&gt; <q>compilers simply cannot do that</q></li>
<li class="message">[<a href="#T00:35:00" id="T00:35:00"><abbr title="2010-01-10T00:35:00+00:00">00:35:00</abbr></a>] &lt;<cite>CruNcher</cite>&gt; <q>crashovrd you losing knowledge and that on purpose</q></li>
<li class="message">[<a href="#T00:35:39" id="T00:35:39"><abbr title="2010-01-10T00:35:39+00:00">00:35:39</abbr></a>] &lt;<cite>CruNcher</cite>&gt; <q>you getting zombinized :P</q></li>
<li class="message">[<a href="#T00:35:42" id="T00:35:42"><abbr title="2010-01-10T00:35:42+00:00">00:35:42</abbr></a>] &lt;<cite>CruNcher</cite>&gt; <q>slowly</q></li>
<li class="message">[<a href="#T00:35:56" id="T00:35:56"><abbr title="2010-01-10T00:35:56+00:00">00:35:56</abbr></a>] &lt;<cite>crashovrd</cite>&gt; <q>now thats the freenode i came to know and love!</q></li>
<li class="message">[<a href="#T00:35:59" id="T00:35:59"><abbr title="2010-01-10T00:35:59+00:00">00:35:59</abbr></a>] &lt;<cite>crashovrd</cite>&gt; <q>;)</q></li>
<li class="message">[<a href="#T00:36:01" id="T00:36:01"><abbr title="2010-01-10T00:36:01+00:00">00:36:01</abbr></a>] &lt;<cite>CruNcher</cite>&gt; <q>so you will be no problem in the future anymore</q></li>
<li class="message">[<a href="#T00:36:29" id="T00:36:29"><abbr title="2010-01-10T00:36:29+00:00">00:36:29</abbr></a>] &lt;<cite>crashovrd</cite>&gt; <q>chillax guys, no one is going to force you to do anything. and my choices of tech are not taking food or money from you</q></li>
<li class="message">[<a href="#T00:36:43" id="T00:36:43"><abbr title="2010-01-10T00:36:43+00:00">00:36:43</abbr></a>] &lt;<cite>qball</cite>&gt; <q>mru: so if I send you my C code, you write cpu code for me/</q></li>
<li class="message">[<a href="#T00:36:57" id="T00:36:57"><abbr title="2010-01-10T00:36:57+00:00">00:36:57</abbr></a>] &lt;<cite>mru</cite>&gt; <q>qball: if you pay me, sure</q></li>
<li class="message">[<a href="#T00:37:27" id="T00:37:27"><abbr title="2010-01-10T00:37:27+00:00">00:37:27</abbr></a>] &lt;<cite>qball</cite>&gt; <q>hmm I think i stick to gcc then</q></li>
<li class="quit">[<a href="#T00:37:28" id="T00:37:28"><abbr title="2010-01-10T00:37:28+00:00">00:37:28</abbr></a>] <span>* ant__ (n=andrea@host110-252-dynamic.1-79-r.retail.telecomitalia.it) Quit ("Leaving")</span></li>
<li class="message">[<a href="#T00:37:37" id="T00:37:37"><abbr title="2010-01-10T00:37:37+00:00">00:37:37</abbr></a>] &lt;<cite>mru</cite>&gt; <q>you get what you pay for...</q></li>
<li class="action">[<a href="#T00:37:40" id="T00:37:40"><abbr title="2010-01-10T00:37:40+00:00">00:37:40</abbr></a>] <span>* crashovrd notes that his choice of tech is, however, going to take all the chicks from u guys</span></li>
<li class="message">[<a href="#T00:37:42" id="T00:37:42"><abbr title="2010-01-10T00:37:42+00:00">00:37:42</abbr></a>] &lt;<cite>crashovrd</cite>&gt; <q>:D</q></li>
<li class="message">[<a href="#T00:38:02" id="T00:38:02"><abbr title="2010-01-10T00:38:02+00:00">00:38:02</abbr></a>] &lt;<cite>crashovrd</cite>&gt; <q>managed coders have no dangling pointers!</q></li>
<li class="message">[<a href="#T00:38:05" id="T00:38:05"><abbr title="2010-01-10T00:38:05+00:00">00:38:05</abbr></a>] &lt;<cite>crashovrd</cite>&gt; <q>\o/</q></li>
<li class="action">[<a href="#T00:38:22" id="T00:38:22"><abbr title="2010-01-10T00:38:22+00:00">00:38:22</abbr></a>] <span>* mru said goodbye to his manager last year</span></li>
<li class="message">[<a href="#T00:38:38" id="T00:38:38"><abbr title="2010-01-10T00:38:38+00:00">00:38:38</abbr></a>] &lt;<cite>CruNcher</cite>&gt; <q>hehe</q></li>
<li class="message">[<a href="#T00:38:45" id="T00:38:45"><abbr title="2010-01-10T00:38:45+00:00">00:38:45</abbr></a>] &lt;<cite>qball</cite>&gt; <q>most managers do have dangling pointers!</q></li>
<li class="message">[<a href="#T00:39:15" id="T00:39:15"><abbr title="2010-01-10T00:39:15+00:00">00:39:15</abbr></a>] &lt;<cite>mru</cite>&gt; <q>if garbage collection really worked, java apps would self-delete on execution</q></li>
<li class="message">[<a href="#T00:39:29" id="T00:39:29"><abbr title="2010-01-10T00:39:29+00:00">00:39:29</abbr></a>] &lt;<cite>CruNcher</cite>&gt; <q>:D</q></li>
<li class="message">[<a href="#T00:40:27" id="T00:40:27"><abbr title="2010-01-10T00:40:27+00:00">00:40:27</abbr></a>] &lt;<cite>mru</cite>&gt; <q>let's just say there's a reason people are willing to pay me upwards of $100 per hour for optimised assembler</q></li>
<li class="message">[<a href="#T00:41:08" id="T00:41:08"><abbr title="2010-01-10T00:41:08+00:00">00:41:08</abbr></a>] &lt;<cite>qball</cite>&gt; <q>people pay me not to write assembler.. last time i did.. well the recesion is still there</q></li>
<li class="message">[<a href="#T00:41:09" id="T00:41:09"><abbr title="2010-01-10T00:41:09+00:00">00:41:09</abbr></a>] &lt;<cite>mru</cite>&gt; <q>I've more than doubled the speed of some apps</q></li>
<li class="message">[<a href="#T00:41:50" id="T00:41:50"><abbr title="2010-01-10T00:41:50+00:00">00:41:50</abbr></a>] &lt;<cite>CruNcher</cite>&gt; <q><a href="http://images.anandtech.com/reviews/SoC/NVIDIA/Tegra2/tegra2blocki.jpg">http://images.anandtech.com/reviews/SoC/NVIDIA/Tegra2/tegra2blocki.jpg</a> &lt;- ehh how does this work tegra 1 also had 8 cores but wasn't dual core</q></li>
<li class="message">[<a href="#T00:41:56" id="T00:41:56"><abbr title="2010-01-10T00:41:56+00:00">00:41:56</abbr></a>] &lt;<cite>CruNcher</cite>&gt; <q>strange mathematics</q></li>
<li class="message">[<a href="#T00:42:00" id="T00:42:00"><abbr title="2010-01-10T00:42:00+00:00">00:42:00</abbr></a>] &lt;<cite>CruNcher</cite>&gt; <q>;)</q></li>
<li class="action">[<a href="#T00:42:02" id="T00:42:02"><abbr title="2010-01-10T00:42:02+00:00">00:42:02</abbr></a>] <span>* qball reduced the L2 access 1000 fold in his app.</span></li>
<li class="message">[<a href="#T00:42:36" id="T00:42:36"><abbr title="2010-01-10T00:42:36+00:00">00:42:36</abbr></a>] &lt;<cite>mru</cite>&gt; <q>that's a high-level optimisation</q></li>
<li class="message">[<a href="#T00:42:43" id="T00:42:43"><abbr title="2010-01-10T00:42:43+00:00">00:42:43</abbr></a>] &lt;<cite>mru</cite>&gt; <q>but one that's very hard to do in java or .net</q></li>
<li class="message">[<a href="#T00:43:14" id="T00:43:14"><abbr title="2010-01-10T00:43:14+00:00">00:43:14</abbr></a>] &lt;<cite>qball</cite>&gt; <q>I only write assembler for atmels..  normally I stick to C</q></li>
<li class="message">[<a href="#T00:43:22" id="T00:43:22"><abbr title="2010-01-10T00:43:22+00:00">00:43:22</abbr></a>] &lt;<cite>qball</cite>&gt; <q>(do check assembler to see what it produces)</q></li>
<li class="message">[<a href="#T00:43:36" id="T00:43:36"><abbr title="2010-01-10T00:43:36+00:00">00:43:36</abbr></a>] &lt;<cite>mru</cite>&gt; <q>I found the only known bug in the avr32 core</q></li>
<li class="action">[<a href="#T00:44:03" id="T00:44:03"><abbr title="2010-01-10T00:44:03+00:00">00:44:03</abbr></a>] <span>* qball pats mru on the back, and gives him a lollypop</span></li>
<li class="action">[<a href="#T00:44:17" id="T00:44:17"><abbr title="2010-01-10T00:44:17+00:00">00:44:17</abbr></a>] <span>* qball is a terrible coder</span></li>
<li class="message">[<a href="#T00:45:05" id="T00:45:05"><abbr title="2010-01-10T00:45:05+00:00">00:45:05</abbr></a>] &lt;<cite>CruNcher</cite>&gt; <q>the best coders are OS ones and most of the time also members of the Demoscene that's fact ;)</q></li>
<li class="message">[<a href="#T00:45:19" id="T00:45:19"><abbr title="2010-01-10T00:45:19+00:00">00:45:19</abbr></a>] &lt;<cite>crashovrd</cite>&gt; <q>:O</q></li>
<li class="message">[<a href="#T00:45:34" id="T00:45:34"><abbr title="2010-01-10T00:45:34+00:00">00:45:34</abbr></a>] &lt;<cite>crashovrd</cite>&gt; <q>the best coders are the ones who write maintable code!</q></li>
<li class="message">[<a href="#T00:45:41" id="T00:45:41"><abbr title="2010-01-10T00:45:41+00:00">00:45:41</abbr></a>] &lt;<cite>crashovrd</cite>&gt; <q>maintainable</q></li>
<li class="message">[<a href="#T00:45:44" id="T00:45:44"><abbr title="2010-01-10T00:45:44+00:00">00:45:44</abbr></a>] &lt;<cite>mru</cite>&gt; <q>the very best are found in all kinds of places</q></li>
<li class="message">[<a href="#T00:46:02" id="T00:46:02"><abbr title="2010-01-10T00:46:02+00:00">00:46:02</abbr></a>] &lt;<cite>qball</cite>&gt; <q>the  best coders are the ones that write very little code</q></li>
<li class="message">[<a href="#T00:46:21" id="T00:46:21"><abbr title="2010-01-10T00:46:21+00:00">00:46:21</abbr></a>] &lt;<cite>qball</cite>&gt; <q>and drink earl-grey tea</q></li>
<li class="message">[<a href="#T00:46:26" id="T00:46:26"><abbr title="2010-01-10T00:46:26+00:00">00:46:26</abbr></a>] &lt;<cite>mru</cite>&gt; <q>hacking a nice 4k demo is very, very different from writing a real app</q></li>
<li class="join">[<a href="#T00:47:37" id="T00:47:37"><abbr title="2010-01-10T00:47:37+00:00">00:47:37</abbr></a>] <span>* likewise (n=likewise@82-171-51-231.ip.telfort.nl) has joined #beagle</span></li>
<li class="message">[<a href="#T00:47:45" id="T00:47:45"><abbr title="2010-01-10T00:47:45+00:00">00:47:45</abbr></a>] &lt;<cite>CruNcher</cite>&gt; <q>true hehe you can allways see that if the Demoscener decide to make Game Engines ;)</q></li>
<li class="message">[<a href="#T00:47:50" id="T00:47:50"><abbr title="2010-01-10T00:47:50+00:00">00:47:50</abbr></a>] &lt;<cite>qball</cite>&gt; <q>mru: so you gonna fix the usb crap on BB</q></li>
<li class="message">[<a href="#T00:47:59" id="T00:47:59"><abbr title="2010-01-10T00:47:59+00:00">00:47:59</abbr></a>] &lt;<cite>mru</cite>&gt; <q>which part of it?</q></li>
<li class="message">[<a href="#T00:48:08" id="T00:48:08"><abbr title="2010-01-10T00:48:08+00:00">00:48:08</abbr></a>] &lt;<cite>crashovrd</cite>&gt; <q>whats broken now?</q></li>
<li class="message">[<a href="#T00:48:20" id="T00:48:20"><abbr title="2010-01-10T00:48:20+00:00">00:48:20</abbr></a>] &lt;<cite>qball</cite>&gt; <q>well the part where it crashes and timesout and fails utterly and painfully</q></li>
<li class="message">[<a href="#T00:48:30" id="T00:48:30"><abbr title="2010-01-10T00:48:30+00:00">00:48:30</abbr></a>] &lt;<cite>mru</cite>&gt; <q>which controller?</q></li>
<li class="message">[<a href="#T00:48:31" id="T00:48:31"><abbr title="2010-01-10T00:48:31+00:00">00:48:31</abbr></a>] &lt;<cite>qball</cite>&gt; <q>the part where it driving me nuts</q></li>
<li class="message">[<a href="#T00:48:33" id="T00:48:33"><abbr title="2010-01-10T00:48:33+00:00">00:48:33</abbr></a>] &lt;<cite>mru</cite>&gt; <q>otg or ehci?</q></li>
<li class="message">[<a href="#T00:48:37" id="T00:48:37"><abbr title="2010-01-10T00:48:37+00:00">00:48:37</abbr></a>] &lt;<cite>qball</cite>&gt; <q>otg</q></li>
<li class="message">[<a href="#T00:48:40" id="T00:48:40"><abbr title="2010-01-10T00:48:40+00:00">00:48:40</abbr></a>] &lt;<cite>crashovrd</cite>&gt; <q>my USB has been running fine since the capacitor fix, dont jinx it</q></li>
<li class="message">[<a href="#T00:49:03" id="T00:49:03"><abbr title="2010-01-10T00:49:03+00:00">00:49:03</abbr></a>] &lt;<cite>crashovrd</cite>&gt; <q>now, wireless drivers, is a different matter</q></li>
<li class="message">[<a href="#T00:49:04" id="T00:49:04"><abbr title="2010-01-10T00:49:04+00:00">00:49:04</abbr></a>] &lt;<cite>qball</cite>&gt; <q>moment I have 2 devices via hub on otg</q></li>
<li class="message">[<a href="#T00:49:09" id="T00:49:09"><abbr title="2010-01-10T00:49:09+00:00">00:49:09</abbr></a>] &lt;<cite>qball</cite>&gt; <q>it is pain and unstable </q></li>
<li class="message">[<a href="#T00:49:13" id="T00:49:13"><abbr title="2010-01-10T00:49:13+00:00">00:49:13</abbr></a>] &lt;<cite>crashovrd</cite>&gt; <q>but i did trace down the root of my zd1211 issues</q></li>
<li class="message">[<a href="#T00:49:26" id="T00:49:26"><abbr title="2010-01-10T00:49:26+00:00">00:49:26</abbr></a>] &lt;<cite>mru</cite>&gt; <q>try this patch: <a href="http://git.mansr.com/?p=linux-omap;a=commitdiff;h=9ddd279">http://git.mansr.com/?p=linux-omap;a=commitdiff;h=9ddd279</a></q></li>
<li class="message">[<a href="#T00:49:27" id="T00:49:27"><abbr title="2010-01-10T00:49:27+00:00">00:49:27</abbr></a>] &lt;<cite>qball</cite>&gt; <q><a href="http://www.embeddedartists.com/products/displays/qvga_oled_28.php?PHPSESSID=n3ptqrn0dt4r6e7h64tf2jr290">http://www.embeddedartists.com/products/displays/qvga_oled_28.php?PHPSESSID=n3ptqrn0dt4r6e7h64tf2jr290</a></q></li>
<li class="message">[<a href="#T00:49:32" id="T00:49:32"><abbr title="2010-01-10T00:49:32+00:00">00:49:32</abbr></a>] &lt;<cite>crashovrd</cite>&gt; <q>they rewrote the driver and left out part of the original vendor driver</q></li>
<li class="message">[<a href="#T00:49:36" id="T00:49:36"><abbr title="2010-01-10T00:49:36+00:00">00:49:36</abbr></a>] &lt;<cite>qball</cite>&gt; <q>gonna try to use on eof those.</q></li>
<li class="message">[<a href="#T00:49:39" id="T00:49:39"><abbr title="2010-01-10T00:49:39+00:00">00:49:39</abbr></a>] &lt;<cite>crashovrd</cite>&gt; <q>so it fails on certain chip revisions</q></li>
<li class="message">[<a href="#T00:50:47" id="T00:50:47"><abbr title="2010-01-10T00:50:47+00:00">00:50:47</abbr></a>] &lt;<cite>qball</cite>&gt; <q>mru: owh gonna try that one</q></li>
<li class="message">[<a href="#T00:50:56" id="T00:50:56"><abbr title="2010-01-10T00:50:56+00:00">00:50:56</abbr></a>] &lt;<cite>mru</cite>&gt; <q>does wonders for me</q></li>
<li class="message">[<a href="#T00:51:00" id="T00:51:00"><abbr title="2010-01-10T00:51:00+00:00">00:51:00</abbr></a>] &lt;<cite>qball</cite>&gt; <q>mru: patch is not in OE?</q></li>
<li class="message">[<a href="#T00:53:31" id="T00:53:31"><abbr title="2010-01-10T00:53:31+00:00">00:53:31</abbr></a>] &lt;<cite>mru</cite>&gt; <q>maybe not</q></li>
<li class="message">[<a href="#T00:53:32" id="T00:53:32"><abbr title="2010-01-10T00:53:32+00:00">00:53:32</abbr></a>] &lt;<cite>mru</cite>&gt; <q>don't know</q></li>
<li class="message">[<a href="#T00:53:37" id="T00:53:37"><abbr title="2010-01-10T00:53:37+00:00">00:53:37</abbr></a>] &lt;<cite>mru</cite>&gt; <q>I build my own kernels</q></li>
<li class="message">[<a href="#T00:54:55" id="T00:54:55"><abbr title="2010-01-10T00:54:55+00:00">00:54:55</abbr></a>] &lt;<cite>qball</cite>&gt; <q>and no mru recipi available.. (/me is lazy as hell)</q></li>
<li class="message">[<a href="#T00:55:56" id="T00:55:56"><abbr title="2010-01-10T00:55:56+00:00">00:55:56</abbr></a>] &lt;<cite>qball</cite>&gt; <q>well gonna see if I can try it tomorrow</q></li>
<li class="join">[<a href="#T00:56:39" id="T00:56:39"><abbr title="2010-01-10T00:56:39+00:00">00:56:39</abbr></a>] <span>* raster (n=raster@enlightenment/developer/raster) has joined #beagle</span></li>
<li class="join">[<a href="#T01:00:05" id="T01:00:05"><abbr title="2010-01-10T01:00:05+00:00">01:00:05</abbr></a>] <span>* Zoxc (n=zoxc@ti0128a340-dhcp0501.bb.online.no) has joined #beagle</span></li>
<li class="message">[<a href="#T01:00:30" id="T01:00:30"><abbr title="2010-01-10T01:00:30+00:00">01:00:30</abbr></a>] &lt;<cite>CruNcher</cite>&gt; <q>crashovrd</q></li>
<li class="message">[<a href="#T01:00:37" id="T01:00:37"><abbr title="2010-01-10T01:00:37+00:00">01:00:37</abbr></a>] &lt;<cite>Zoxc</cite>&gt; <q>does anyone know the the SGX driver interfaces with X11?</q></li>
<li class="message">[<abbr title="2010-01-10T01:00:37+00:00">01:00:37</abbr>] &lt;<cite>CruNcher</cite>&gt; <q>explain me that please ;)</q></li>
<li class="message">[<a href="#T01:00:43" id="T01:00:43"><abbr title="2010-01-10T01:00:43+00:00">01:00:43</abbr></a>] &lt;<cite>CruNcher</cite>&gt; <q><a href="http://www.youtube.com/watch?v=qWqlKBp9qQ0">http://www.youtube.com/watch?v=qWqlKBp9qQ0</a></q></li>
<li class="message">[<a href="#T01:00:52" id="T01:00:52"><abbr title="2010-01-10T01:00:52+00:00">01:00:52</abbr></a>] &lt;<cite>CruNcher</cite>&gt; <q><a href="http://images.anandtech.com/reviews/SoC/NVIDIA/Tegra2/tegra2blocki.jpg">http://images.anandtech.com/reviews/SoC/NVIDIA/Tegra2/tegra2blocki.jpg</a> &lt;- ehh how does this work tegra 1 also had 8 cores but wasn't dual core</q></li>
<li class="message">[<a href="#T01:01:16" id="T01:01:16"><abbr title="2010-01-10T01:01:16+00:00">01:01:16</abbr></a>] &lt;<cite>CruNcher</cite>&gt; <q>Annandtech Quote " The SoC is made up of 8 independent processors, up from 7 in the original Tegra. "</q></li>
<li class="message">[<a href="#T01:01:23" id="T01:01:23"><abbr title="2010-01-10T01:01:23+00:00">01:01:23</abbr></a>] &lt;<cite>crashovrd</cite>&gt; <q>i dont have flash on here, so i cant view that video to comment on it</q></li>
<li class="message">[<a href="#T01:01:24" id="T01:01:24"><abbr title="2010-01-10T01:01:24+00:00">01:01:24</abbr></a>] &lt;<cite>CruNcher</cite>&gt; <q>????</q></li>
<li class="message">[<a href="#T01:01:29" id="T01:01:29"><abbr title="2010-01-10T01:01:29+00:00">01:01:29</abbr></a>] &lt;<cite>CruNcher</cite>&gt; <q>doesnt fit does it ;)</q></li>
<li class="message">[<a href="#T01:01:44" id="T01:01:44"><abbr title="2010-01-10T01:01:44+00:00">01:01:44</abbr></a>] &lt;<cite>CruNcher</cite>&gt; <q>you shouldn't belive what others tell you ;)</q></li>
<li class="message">[<a href="#T01:01:51" id="T01:01:51"><abbr title="2010-01-10T01:01:51+00:00">01:01:51</abbr></a>] &lt;<cite>CruNcher</cite>&gt; <q>and Annandtech are idiots</q></li>
<li class="message">[<a href="#T01:02:05" id="T01:02:05"><abbr title="2010-01-10T01:02:05+00:00">01:02:05</abbr></a>] &lt;<cite>crashovrd</cite>&gt; <q>they are probably refering to GPU </q></li>
<li class="quit">[<a href="#T01:02:47" id="T01:02:47"><abbr title="2010-01-10T01:02:47+00:00">01:02:47</abbr></a>] <span>* jrmuizel (n=jrmuizel@CPE001f5be79d0f-CM0017ee62f8b0.cpe.net.cable.rogers.com) Quit ()</span></li>
<li class="message">[<a href="#T01:03:18" id="T01:03:18"><abbr title="2010-01-10T01:03:18+00:00">01:03:18</abbr></a>] &lt;<cite>CruNcher</cite>&gt; <q>the same you shouldn't so much belive into managed world or soon you just get managed by others hehe</q></li>
<li class="message">[<a href="#T01:04:09" id="T01:04:09"><abbr title="2010-01-10T01:04:09+00:00">01:04:09</abbr></a>] &lt;<cite>crashovrd</cite>&gt; <q>not to worry. i do it all. from asm all the way on up to managed.</q></li>
<li class="message">[<a href="#T01:04:36" id="T01:04:36"><abbr title="2010-01-10T01:04:36+00:00">01:04:36</abbr></a>] &lt;<cite>crashovrd</cite>&gt; <q>i have not lost my way. i write asm when needed and mostly develop in ...</q></li>
<li class="message">[<a href="#T01:04:37" id="T01:04:37"><abbr title="2010-01-10T01:04:37+00:00">01:04:37</abbr></a>] &lt;<cite>crashovrd</cite>&gt; <q>C++</q></li>
<li class="message">[<a href="#T01:04:48" id="T01:04:48"><abbr title="2010-01-10T01:04:48+00:00">01:04:48</abbr></a>] &lt;<cite>crashovrd</cite>&gt; <q>thats right boys, dont really care for C</q></li>
<li class="action">[<a href="#T01:04:55" id="T01:04:55"><abbr title="2010-01-10T01:04:55+00:00">01:04:55</abbr></a>] <span>* crashovrd starts another flame war</span></li>
<li class="message">[<a href="#T01:05:40" id="T01:05:40"><abbr title="2010-01-10T01:05:40+00:00">01:05:40</abbr></a>] &lt;<cite>crashovrd</cite>&gt; <q>but in an object oriented world, its very efficient to have something glues everything together</q></li>
<li class="message">[<a href="#T01:05:48" id="T01:05:48"><abbr title="2010-01-10T01:05:48+00:00">01:05:48</abbr></a>] &lt;<cite>crashovrd</cite>&gt; <q>and that is where i choose managed languages</q></li>
<li class="message">[<a href="#T01:06:37" id="T01:06:37"><abbr title="2010-01-10T01:06:37+00:00">01:06:37</abbr></a>] &lt;<cite>crashovrd</cite>&gt; <q>of java and .net, my preference is for .net especially in an embedded system</q></li>
<li class="message">[<a href="#T01:06:49" id="T01:06:49"><abbr title="2010-01-10T01:06:49+00:00">01:06:49</abbr></a>] &lt;<cite>crashovrd</cite>&gt; <q>the reason for that is that .net has the concept of a struct</q></li>
<li class="message">[<a href="#T01:06:52" id="T01:06:52"><abbr title="2010-01-10T01:06:52+00:00">01:06:52</abbr></a>] &lt;<cite>crashovrd</cite>&gt; <q>java does not</q></li>
<li class="message">[<a href="#T01:07:13" id="T01:07:13"><abbr title="2010-01-10T01:07:13+00:00">01:07:13</abbr></a>] &lt;<cite>crashovrd</cite>&gt; <q>a struct makes marshalling data in and out of the VM very efficient</q></li>
<li class="message">[<a href="#T01:08:09" id="T01:08:09"><abbr title="2010-01-10T01:08:09+00:00">01:08:09</abbr></a>] &lt;<cite>crashovrd</cite>&gt; <q>the other reason being that i find Visual Studio to be the best IDE known to man</q></li>
<li class="action">[<a href="#T01:08:16" id="T01:08:16"><abbr title="2010-01-10T01:08:16+00:00">01:08:16</abbr></a>] <span>* crashovrd drops more flame bait</span></li>
<li class="message">[<a href="#T01:08:34" id="T01:08:34"><abbr title="2010-01-10T01:08:34+00:00">01:08:34</abbr></a>] &lt;<cite>crashovrd</cite>&gt; <q>developing C# with it is about as fast and efficient as you can get</q></li>
<li class="message">[<a href="#T01:08:40" id="T01:08:40"><abbr title="2010-01-10T01:08:40+00:00">01:08:40</abbr></a>] &lt;<cite>crashovrd</cite>&gt; <q>and time is money</q></li>
<li class="join">[<a href="#T01:09:59" id="T01:09:59"><abbr title="2010-01-10T01:09:59+00:00">01:09:59</abbr></a>] <span>* jrmuizel (n=jrmuizel@CPE001f5be79d0f-CM0017ee62f8b0.cpe.net.cable.rogers.com) has joined #beagle</span></li>
<li class="message">[<a href="#T01:10:56" id="T01:10:56"><abbr title="2010-01-10T01:10:56+00:00">01:10:56</abbr></a>] &lt;<cite>CruNcher</cite>&gt; <q>hmmm if i look @ the nvidia presentation from 2009 again it's strange what there was on the slide :P</q></li>
<li class="message">[<a href="#T01:11:12" id="T01:11:12"><abbr title="2010-01-10T01:11:12+00:00">01:11:12</abbr></a>] &lt;<cite>CruNcher</cite>&gt; <q>"8 independen processors"</q></li>
<li class="message">[<a href="#T01:11:23" id="T01:11:23"><abbr title="2010-01-10T01:11:23+00:00">01:11:23</abbr></a>] &lt;<cite>CruNcher</cite>&gt; <q>and you see ARM 11, ARM 7</q></li>
<li class="message">[<a href="#T01:11:46" id="T01:11:46"><abbr title="2010-01-10T01:11:46+00:00">01:11:46</abbr></a>] &lt;<cite>CruNcher</cite>&gt; <q>nowhere 3d but imaging and 2d</q></li>
<li class="message">[<a href="#T01:12:06" id="T01:12:06"><abbr title="2010-01-10T01:12:06+00:00">01:12:06</abbr></a>] &lt;<cite>CruNcher</cite>&gt; <q>lol seems not even Nvidia really knows what's inside :D</q></li>
<li class="message">[<a href="#T01:12:56" id="T01:12:56"><abbr title="2010-01-10T01:12:56+00:00">01:12:56</abbr></a>] &lt;<cite>crashovrd</cite>&gt; <q>the block diagram tegra2blocki.jpb shows them all</q></li>
<li class="message">[<a href="#T01:13:19" id="T01:13:19"><abbr title="2010-01-10T01:13:19+00:00">01:13:19</abbr></a>] &lt;<cite>crashovrd</cite>&gt; <q>count the green squares</q></li>
<li class="message">[<a href="#T01:13:22" id="T01:13:22"><abbr title="2010-01-10T01:13:22+00:00">01:13:22</abbr></a>] &lt;<cite>crashovrd</cite>&gt; <q>each is a processor</q></li>
<li class="message">[<a href="#T01:13:40" id="T01:13:40"><abbr title="2010-01-10T01:13:40+00:00">01:13:40</abbr></a>] &lt;<cite>CruNcher</cite>&gt; <q>yes but it doesn't fit if Annandtech says up from the 7 if Hsun said 8 processors @ the Tegra introduction</q></li>
<li class="message">[<a href="#T01:14:10" id="T01:14:10"><abbr title="2010-01-10T01:14:10+00:00">01:14:10</abbr></a>] &lt;<cite>CruNcher</cite>&gt; <q>not Tegra 2 introduction but the tegra introduction</q></li>
<li class="message">[<a href="#T01:14:15" id="T01:14:15"><abbr title="2010-01-10T01:14:15+00:00">01:14:15</abbr></a>] &lt;<cite>mru</cite>&gt; <q>is that an arm11 mpcore?</q></li>
<li class="message">[<a href="#T01:14:21" id="T01:14:21"><abbr title="2010-01-10T01:14:21+00:00">01:14:21</abbr></a>] &lt;<cite>CruNcher</cite>&gt; <q>@ computex</q></li>
<li class="message">[<a href="#T01:14:44" id="T01:14:44"><abbr title="2010-01-10T01:14:44+00:00">01:14:44</abbr></a>] &lt;<cite>CruNcher</cite>&gt; <q>mru nope tegra 1 has no dualcore as i know</q></li>
<li class="message">[<a href="#T01:15:08" id="T01:15:08"><abbr title="2010-01-10T01:15:08+00:00">01:15:08</abbr></a>] &lt;<cite>CruNcher</cite>&gt; <q>but what the hell is on the slide ARM 11 and ARM 7</q></li>
<li class="message">[<a href="#T01:15:09" id="T01:15:09"><abbr title="2010-01-10T01:15:09+00:00">01:15:09</abbr></a>] &lt;<cite>CruNcher</cite>&gt; <q>:D</q></li>
<li class="message">[<a href="#T01:15:56" id="T01:15:56"><abbr title="2010-01-10T01:15:56+00:00">01:15:56</abbr></a>] &lt;<cite>CruNcher</cite>&gt; <q>i guess they mixed something up maybe shit people could have guesed that someone maybe made a error and that meant ARM v7 ;)</q></li>
<li class="message">[<a href="#T01:16:19" id="T01:16:19"><abbr title="2010-01-10T01:16:19+00:00">01:16:19</abbr></a>] &lt;<cite>CruNcher</cite>&gt; <q>so Cortex A8 ?</q></li>
<li class="message">[<a href="#T01:16:24" id="T01:16:24"><abbr title="2010-01-10T01:16:24+00:00">01:16:24</abbr></a>] &lt;<cite>CruNcher</cite>&gt; <q>very strange</q></li>
<li class="message">[<a href="#T01:16:28" id="T01:16:28"><abbr title="2010-01-10T01:16:28+00:00">01:16:28</abbr></a>] &lt;<cite>CruNcher</cite>&gt; <q>if i look back</q></li>
<li class="message">[<a href="#T01:16:45" id="T01:16:45"><abbr title="2010-01-10T01:16:45+00:00">01:16:45</abbr></a>] &lt;<cite>mru</cite>&gt; <q>almost everything has a few small arm cores for managing bits and pieces</q></li>
<li class="message">[<a href="#T01:17:35" id="T01:17:35"><abbr title="2010-01-10T01:17:35+00:00">01:17:35</abbr></a>] &lt;<cite>mru</cite>&gt; <q>omap4 has at least 5 arm cores that I know of in addition to the a9</q></li>
<li class="message">[<a href="#T01:19:06" id="T01:19:06"><abbr title="2010-01-10T01:19:06+00:00">01:19:06</abbr></a>] &lt;<cite>CruNcher</cite>&gt; <q><a href="http://www.hardwarezone.com/img/data/articles/2009/2917/8independent.jpg">http://www.hardwarezone.com/img/data/articles/2009/2917/8independent.jpg</a></q></li>
<li class="join">[<a href="#T01:19:14" id="T01:19:14"><abbr title="2010-01-10T01:19:14+00:00">01:19:14</abbr></a>] <span>* lifeeth (n=praneeth@unaffiliated/lifeeth) has joined #beagle</span></li>
<li class="message">[<abbr title="2010-01-10T01:19:14+00:00">01:19:14</abbr>] &lt;<cite>CruNcher</cite>&gt; <q>but that doesn't fit does it ?</q></li>
<li class="message">[<a href="#T01:19:26" id="T01:19:26"><abbr title="2010-01-10T01:19:26+00:00">01:19:26</abbr></a>] &lt;<cite>CruNcher</cite>&gt; <q>that was the tegra 1 presentation :P</q></li>
<li class="message">[<a href="#T01:20:28" id="T01:20:28"><abbr title="2010-01-10T01:20:28+00:00">01:20:28</abbr></a>] &lt;<cite>CruNcher</cite>&gt; <q>and know annandtech says for tegra 2 up from the 7</q></li>
<li class="message">[<a href="#T01:20:35" id="T01:20:35"><abbr title="2010-01-10T01:20:35+00:00">01:20:35</abbr></a>] &lt;<cite>CruNcher</cite>&gt; <q>lol what a strange world ;)</q></li>
<li class="message">[<a href="#T01:22:32" id="T01:22:32"><abbr title="2010-01-10T01:22:32+00:00">01:22:32</abbr></a>] &lt;<cite>CruNcher</cite>&gt; <q><a href="http://www.hardwarezone.com/img/data/articles/2009/2917/roadmap.jpg;pved258e043bcb4bff">http://www.hardwarezone.com/img/data/articles/2009/2917/roadmap.jpg;pved258e043bcb4bff</a> &lt;- that fits</q></li>
<li class="quit">[<a href="#T01:27:23" id="T01:27:23"><abbr title="2010-01-10T01:27:23+00:00">01:27:23</abbr></a>] <span>* Analias (n=Analias@c-68-35-8-162.hsd1.nm.comcast.net) Quit ("Leaving.")</span></li>
<li class="message">[<a href="#T01:27:34" id="T01:27:34"><abbr title="2010-01-10T01:27:34+00:00">01:27:34</abbr></a>] &lt;<cite>CruNcher</cite>&gt; <q>ARM 7 like on that slide would mean a ARM v3 core :P</q></li>
<li class="message">[<a href="#T01:27:39" id="T01:27:39"><abbr title="2010-01-10T01:27:39+00:00">01:27:39</abbr></a>] &lt;<cite>mru</cite>&gt; <q>armv4</q></li>
<li class="message">[<a href="#T01:28:36" id="T01:28:36"><abbr title="2010-01-10T01:28:36+00:00">01:28:36</abbr></a>] &lt;<cite>CruNcher</cite>&gt; <q>isnt that ARM7TDMI ?</q></li>
<li class="message">[<a href="#T01:28:52" id="T01:28:52"><abbr title="2010-01-10T01:28:52+00:00">01:28:52</abbr></a>] &lt;<cite>mru</cite>&gt; <q>there is no core called just arm7</q></li>
<li class="message">[<a href="#T01:30:11" id="T01:30:11"><abbr title="2010-01-10T01:30:11+00:00">01:30:11</abbr></a>] &lt;<cite>mru</cite>&gt; <q>there's ARM7DI, ARM7EJ-S, ARM7TDMI, ARM7TDMI-S, ARM710, ARM720, ARM740, ARM710a, ARM7100, and ARM7500</q></li>
<li class="join">[<a href="#T01:30:34" id="T01:30:34"><abbr title="2010-01-10T01:30:34+00:00">01:30:34</abbr></a>] <span>* RoHS (n=cruxphot@c-71-237-33-118.hsd1.co.comcast.net) has joined #Beagle</span></li>
<li class="quit">[<a href="#T01:30:58" id="T01:30:58"><abbr title="2010-01-10T01:30:58+00:00">01:30:58</abbr></a>] <span>* Barts_ (n=Barts@c-76-108-137-30.hsd1.fl.comcast.net) Quit (Read error: 104 (Connection reset by peer))</span></li>
<li class="join">[<a href="#T01:31:00" id="T01:31:00"><abbr title="2010-01-10T01:31:00+00:00">01:31:00</abbr></a>] <span>* Barts_ (n=Barts@c-76-108-137-30.hsd1.fl.comcast.net) has joined #beagle</span></li>
<li class="message">[<a href="#T01:31:05" id="T01:31:05"><abbr title="2010-01-10T01:31:05+00:00">01:31:05</abbr></a>] &lt;<cite>CruNcher</cite>&gt; <q>ARM700 = ARM 7 ?</q></li>
<li class="quit">[<a href="#T01:31:15" id="T01:31:15"><abbr title="2010-01-10T01:31:15+00:00">01:31:15</abbr></a>] <span>* thaytan (n=jan@CPE-121-217-40-98.lnse1.cht.bigpond.net.au) Quit (Read error: 110 (Connection timed out))</span></li>
<li class="message">[<a href="#T01:31:26" id="T01:31:26"><abbr title="2010-01-10T01:31:26+00:00">01:31:26</abbr></a>] &lt;<cite>mru</cite>&gt; <q>all of those are part of the ARM7 family</q></li>
<li class="quit">[<a href="#T01:32:08" id="T01:32:08"><abbr title="2010-01-10T01:32:08+00:00">01:32:08</abbr></a>] <span>* likewise (n=likewise@82-171-51-231.ip.telfort.nl) Quit ()</span></li>
<li class="message">[<a href="#T01:32:19" id="T01:32:19"><abbr title="2010-01-10T01:32:19+00:00">01:32:19</abbr></a>] &lt;<cite>CruNcher</cite>&gt; <q><a href="http://wapedia.mobi/en/ARM_architecture">http://wapedia.mobi/en/ARM_architecture</a></q></li>
<li class="message">[<a href="#T01:32:26" id="T01:32:26"><abbr title="2010-01-10T01:32:26+00:00">01:32:26</abbr></a>] &lt;<cite>CruNcher</cite>&gt; <q>so this is incorrect ?</q></li>
<li class="message">[<a href="#T01:32:29" id="T01:32:29"><abbr title="2010-01-10T01:32:29+00:00">01:32:29</abbr></a>] &lt;<cite>mru</cite>&gt; <q>I trust arm.com more</q></li>
<li class="message">[<a href="#T01:33:24" id="T01:33:24"><abbr title="2010-01-10T01:33:24+00:00">01:33:24</abbr></a>] &lt;<cite>CruNcher</cite>&gt; <q>its obsolete</q></li>
<li class="message">[<a href="#T01:33:44" id="T01:33:44"><abbr title="2010-01-10T01:33:44+00:00">01:33:44</abbr></a>] &lt;<cite>mru</cite>&gt; <q>what is?</q></li>
<li class="message">[<a href="#T01:33:57" id="T01:33:57"><abbr title="2010-01-10T01:33:57+00:00">01:33:57</abbr></a>] &lt;<cite>CruNcher</cite>&gt; <q>ARM7 the ARM700</q></li>
<li class="message">[<a href="#T01:34:11" id="T01:34:11"><abbr title="2010-01-10T01:34:11+00:00">01:34:11</abbr></a>] &lt;<cite>CruNcher</cite>&gt; <q>so i guess you wont find it on arm.com anymore</q></li>
<li class="message">[<a href="#T01:34:29" id="T01:34:29"><abbr title="2010-01-10T01:34:29+00:00">01:34:29</abbr></a>] &lt;<cite>CruNcher</cite>&gt; <q>arm v3</q></li>
<li class="message">[<a href="#T01:35:36" id="T01:35:36"><abbr title="2010-01-10T01:35:36+00:00">01:35:36</abbr></a>] &lt;<cite>CruNcher</cite>&gt; <q><a href="http://www.arm.com/support/0141_5LineCard.pdf">http://www.arm.com/support/0141_5LineCard.pdf</a></q></li>
<li class="message">[<a href="#T01:38:44" id="T01:38:44"><abbr title="2010-01-10T01:38:44+00:00">01:38:44</abbr></a>] &lt;<cite>CruNcher</cite>&gt; <q>yeah the ARM700 never appears hehe</q></li>
<li class="message">[<a href="#T01:38:58" id="T01:38:58"><abbr title="2010-01-10T01:38:58+00:00">01:38:58</abbr></a>] &lt;<cite>CruNcher</cite>&gt; <q>but it seemed to exist one day ;)</q></li>
<li class="message">[<a href="#T01:39:53" id="T01:39:53"><abbr title="2010-01-10T01:39:53+00:00">01:39:53</abbr></a>] &lt;<cite>mru</cite>&gt; <q>I think it's safe to say that's not what's in the tegra</q></li>
<li class="join">[<a href="#T01:43:47" id="T01:43:47"><abbr title="2010-01-10T01:43:47+00:00">01:43:47</abbr></a>] <span>* philo (i=4618dd8c@gateway/web/freenode/x-ovuuxmtwhxgczkkx) has joined #beagle</span></li>
<li class="message">[<a href="#T01:44:15" id="T01:44:15"><abbr title="2010-01-10T01:44:15+00:00">01:44:15</abbr></a>] &lt;<cite>mru</cite>&gt; <q>ok, enough trolling... bedtime here</q></li>
<li class="message">[<a href="#T01:45:05" id="T01:45:05"><abbr title="2010-01-10T01:45:05+00:00">01:45:05</abbr></a>] &lt;<cite>CruNcher</cite>&gt; <q>hehe</q></li>
<li class="message">[<a href="#T01:45:13" id="T01:45:13"><abbr title="2010-01-10T01:45:13+00:00">01:45:13</abbr></a>] &lt;<cite>CruNcher</cite>&gt; <q>night</q></li>
<li class="message">[<a href="#T01:47:36" id="T01:47:36"><abbr title="2010-01-10T01:47:36+00:00">01:47:36</abbr></a>] &lt;<cite>CruNcher</cite>&gt; <q>mru it gets even better ;)</q></li>
<li class="message">[<a href="#T01:47:40" id="T01:47:40"><abbr title="2010-01-10T01:47:40+00:00">01:47:40</abbr></a>] &lt;<cite>CruNcher</cite>&gt; <q>and more confusing</q></li>
<li class="message">[<a href="#T01:47:41" id="T01:47:41"><abbr title="2010-01-10T01:47:41+00:00">01:47:41</abbr></a>] &lt;<cite>CruNcher</cite>&gt; <q><a href="http://www.youtube.com/watch?v=H5gYSgqka1A">http://www.youtube.com/watch?v=H5gYSgqka1A</a></q></li>
<li class="message">[<a href="#T01:47:49" id="T01:47:49"><abbr title="2010-01-10T01:47:49+00:00">01:47:49</abbr></a>] &lt;<cite>CruNcher</cite>&gt; <q>now its 4 cores ;)</q></li>
<li class="message">[<a href="#T01:48:34" id="T01:48:34"><abbr title="2010-01-10T01:48:34+00:00">01:48:34</abbr></a>] &lt;<cite>CruNcher</cite>&gt; <q>i love this</q></li>
<li class="message">[<a href="#T01:48:47" id="T01:48:47"><abbr title="2010-01-10T01:48:47+00:00">01:48:47</abbr></a>] &lt;<cite>CruNcher</cite>&gt; <q>7 8 4 no one knows ;)</q></li>
<li class="message">[<a href="#T01:50:17" id="T01:50:17"><abbr title="2010-01-10T01:50:17+00:00">01:50:17</abbr></a>] &lt;<cite>CruNcher</cite>&gt; <q>anyways if i would be the ARM guy @ the side of him i wouldn't care either another licensee so what they say doesn't matter hehe</q></li>
<li class="join">[<a href="#T01:54:02" id="T01:54:02"><abbr title="2010-01-10T01:54:02+00:00">01:54:02</abbr></a>] <span>* ppotera (n=ppotera@c-69-243-129-126.hsd1.il.comcast.net) has joined #beagle</span></li>
<li class="join">[<a href="#T02:02:03" id="T02:02:03"><abbr title="2010-01-10T02:02:03+00:00">02:02:03</abbr></a>] <span>* pH5_ (n=ph5@e178195087.adsl.alicedsl.de) has joined #beagle</span></li>
<li class="message">[<a href="#T02:08:38" id="T02:08:38"><abbr title="2010-01-10T02:08:38+00:00">02:08:38</abbr></a>] &lt;<cite>CruNcher</cite>&gt; <q>hey</q></li>
<li class="message">[<a href="#T02:08:46" id="T02:08:46"><abbr title="2010-01-10T02:08:46+00:00">02:08:46</abbr></a>] &lt;<cite>CruNcher</cite>&gt; <q>that explains the ARM 7 :)</q></li>
<li class="message">[<a href="#T02:09:00" id="T02:09:00"><abbr title="2010-01-10T02:09:00+00:00">02:09:00</abbr></a>] &lt;<cite>CruNcher</cite>&gt; <q>Annandtech Quote " Tegra 2 (like Tegra) has an ARM7 processor that is used for chip management. It handles dataflow, power management and other similar tasks. "</q></li>
<li class="message">[<a href="#T02:09:27" id="T02:09:27"><abbr title="2010-01-10T02:09:27+00:00">02:09:27</abbr></a>] &lt;<cite>CruNcher</cite>&gt; <q>the pmu is the old obsolete ARM7</q></li>
<li class="join">[<a href="#T02:13:16" id="T02:13:16"><abbr title="2010-01-10T02:13:16+00:00">02:13:16</abbr></a>] <span>* Barts__ (n=Barts@c-76-108-137-30.hsd1.fl.comcast.net) has joined #beagle</span></li>
<li class="quit">[<a href="#T02:16:43" id="T02:16:43"><abbr title="2010-01-10T02:16:43+00:00">02:16:43</abbr></a>] <span>* Barts_ (n=Barts@c-76-108-137-30.hsd1.fl.comcast.net) Quit (Read error: 113 (No route to host))</span></li>
<li class="quit">[<a href="#T02:18:27" id="T02:18:27"><abbr title="2010-01-10T02:18:27+00:00">02:18:27</abbr></a>] <span>* pH5 (n=ph5@e178194020.adsl.alicedsl.de) Quit (Read error: 110 (Connection timed out))</span></li>
<li class="quit">[<a href="#T02:19:40" id="T02:19:40"><abbr title="2010-01-10T02:19:40+00:00">02:19:40</abbr></a>] <span>* pH5_ (n=ph5@e178195087.adsl.alicedsl.de) Quit ("bye")</span></li>
<li class="message">[<a href="#T02:23:02" id="T02:23:02"><abbr title="2010-01-10T02:23:02+00:00">02:23:02</abbr></a>] &lt;<cite>philo</cite>&gt; <q>any detaills on the gpu on tegra ?</q></li>
<li class="quit">[<a href="#T02:29:05" id="T02:29:05"><abbr title="2010-01-10T02:29:05+00:00">02:29:05</abbr></a>] <span>* pfoetchen (n=pfoetche@dslb-094-217-205-021.pools.arcor-ip.net) Quit ("leaving")</span></li>
<li class="message">[<a href="#T02:33:26" id="T02:33:26"><abbr title="2010-01-10T02:33:26+00:00">02:33:26</abbr></a>] &lt;<cite>CruNcher</cite>&gt; <q>philo that part is top secret :P</q></li>
<li class="message">[<a href="#T02:33:40" id="T02:33:40"><abbr title="2010-01-10T02:33:40+00:00">02:33:40</abbr></a>] &lt;<cite>CruNcher</cite>&gt; <q>understandably</q></li>
<li class="message">[<a href="#T02:34:13" id="T02:34:13"><abbr title="2010-01-10T02:34:13+00:00">02:34:13</abbr></a>] &lt;<cite>CruNcher</cite>&gt; <q>i mean it's the first time imagination get a real contender :P</q></li>
<li class="message">[<a href="#T02:35:22" id="T02:35:22"><abbr title="2010-01-10T02:35:22+00:00">02:35:22</abbr></a>] &lt;<cite>CruNcher</cite>&gt; <q>and it's funny as the adreno200 is rather Nvidias old enemy ;)</q></li>
<li class="message">[<a href="#T02:42:54" id="T02:42:54"><abbr title="2010-01-10T02:42:54+00:00">02:42:54</abbr></a>] &lt;<cite>philo</cite>&gt; <q>i wonder why it is that secret</q></li>
<li class="message">[<a href="#T02:44:41" id="T02:44:41"><abbr title="2010-01-10T02:44:41+00:00">02:44:41</abbr></a>] &lt;<cite>CruNcher</cite>&gt; <q>because Qualcomm and Imagination also would like to know what Nvidia is gonna to launch their ;)</q></li>
<li class="join">[<a href="#T02:45:32" id="T02:45:32"><abbr title="2010-01-10T02:45:32+00:00">02:45:32</abbr></a>] <span>* Belna_ (n=Thomas@ppp-88-217-114-99.dynamic.mnet-online.de) has joined #beagle</span></li>
<li class="message">[<a href="#T02:48:09" id="T02:48:09"><abbr title="2010-01-10T02:48:09+00:00">02:48:09</abbr></a>] &lt;<cite>philo</cite>&gt; <q>well i would have think qualcomm would have some spy there </q></li>
<li class="message">[<a href="#T02:49:17" id="T02:49:17"><abbr title="2010-01-10T02:49:17+00:00">02:49:17</abbr></a>] &lt;<cite>CruNcher</cite>&gt; <q>sure but he cant look inside the chip :P</q></li>
<li class="quit">[<a href="#T02:50:43" id="T02:50:43"><abbr title="2010-01-10T02:50:43+00:00">02:50:43</abbr></a>] <span>* lifeeth (n=praneeth@unaffiliated/lifeeth) Quit ("Up and at 'em, Atom Ant!")</span></li>
<li class="quit">[<a href="#T02:55:25" id="T02:55:25"><abbr title="2010-01-10T02:55:25+00:00">02:55:25</abbr></a>] <span>* Belna (n=Thomas@ppp-88-217-121-4.dynamic.mnet-online.de) Quit (Read error: 104 (Connection reset by peer))</span></li>
<li class="message">[<a href="#T02:59:18" id="T02:59:18"><abbr title="2010-01-10T02:59:18+00:00">02:59:18</abbr></a>] &lt;<cite>CruNcher</cite>&gt; <q>the most interesting thing now though is how Sony is going to react with the PSP series</q></li>
<li class="message">[<a href="#T03:00:01" id="T03:00:01"><abbr title="2010-01-10T03:00:01+00:00">03:00:01</abbr></a>] &lt;<cite>CruNcher</cite>&gt; <q>i mean Sony allways tried to be unique :)</q></li>
<li class="message">[<a href="#T03:00:43" id="T03:00:43"><abbr title="2010-01-10T03:00:43+00:00">03:00:43</abbr></a>] &lt;<cite>philo</cite>&gt; <q>yea</q></li>
<li class="message">[<a href="#T03:00:52" id="T03:00:52"><abbr title="2010-01-10T03:00:52+00:00">03:00:52</abbr></a>] &lt;<cite>philo</cite>&gt; <q>but guess they wont be this time</q></li>
<li class="message">[<a href="#T03:00:54" id="T03:00:54"><abbr title="2010-01-10T03:00:54+00:00">03:00:54</abbr></a>] &lt;<cite>CruNcher</cite>&gt; <q>it's crazy to think how much powerfull compared to the Cortex A9 they try to make the PSP 2</q></li>
<li class="join">[<a href="#T03:01:11" id="T03:01:11"><abbr title="2010-01-10T03:01:11+00:00">03:01:11</abbr></a>] <span>* gdm (n=gdm@190.173.85.47) has joined #beagle</span></li>
<li class="quit">[<abbr title="2010-01-10T03:01:11+00:00">03:01:11</abbr>] <span>* jrmuizel (n=jrmuizel@CPE001f5be79d0f-CM0017ee62f8b0.cpe.net.cable.rogers.com) Quit ()</span></li>
<li class="message">[<a href="#T03:01:17" id="T03:01:17"><abbr title="2010-01-10T03:01:17+00:00">03:01:17</abbr></a>] &lt;<cite>CruNcher</cite>&gt; <q>i guess their would be only 1 solution</q></li>
<li class="message">[<a href="#T03:01:41" id="T03:01:41"><abbr title="2010-01-10T03:01:41+00:00">03:01:41</abbr></a>] &lt;<cite>CruNcher</cite>&gt; <q>and it's crazy to think about if they worked in there labs really on a Mobile Cell :D</q></li>
<li class="message">[<a href="#T03:01:47" id="T03:01:47"><abbr title="2010-01-10T03:01:47+00:00">03:01:47</abbr></a>] &lt;<cite>philo</cite>&gt; <q>i think they will go with something like a arm+gpx</q></li>
<li class="message">[<a href="#T03:02:33" id="T03:02:33"><abbr title="2010-01-10T03:02:33+00:00">03:02:33</abbr></a>] &lt;<cite>CruNcher</cite>&gt; <q>that's what they use with Sony Erricson :)</q></li>
<li class="message">[<a href="#T03:02:43" id="T03:02:43"><abbr title="2010-01-10T03:02:43+00:00">03:02:43</abbr></a>] &lt;<cite>CruNcher</cite>&gt; <q>but not Sony Computer Entertainment</q></li>
<li class="join">[<a href="#T03:03:20" id="T03:03:20"><abbr title="2010-01-10T03:03:20+00:00">03:03:20</abbr></a>] <span>* jrmuizel (n=jrmuizel@CPE001f5be79d0f-CM0017ee62f8b0.cpe.net.cable.rogers.com) has joined #beagle</span></li>
<li class="message">[<a href="#T03:05:53" id="T03:05:53"><abbr title="2010-01-10T03:05:53+00:00">03:05:53</abbr></a>] &lt;<cite>CruNcher</cite>&gt; <q>going from a 333 Mhz RISC to Arm not unthinkable but strange :)</q></li>
<li class="message">[<a href="#T03:07:15" id="T03:07:15"><abbr title="2010-01-10T03:07:15+00:00">03:07:15</abbr></a>] &lt;<cite>CruNcher</cite>&gt; <q>also they have no real own GFX solution they license SGX core the same as most :P</q></li>
<li class="message">[<a href="#T03:08:45" id="T03:08:45"><abbr title="2010-01-10T03:08:45+00:00">03:08:45</abbr></a>] &lt;<cite>CruNcher</cite>&gt; <q>hmm maybe they gonna give up the PSP :P</q></li>
<li class="message">[<a href="#T03:09:05" id="T03:09:05"><abbr title="2010-01-10T03:09:05+00:00">03:09:05</abbr></a>] &lt;<cite>philo</cite>&gt; <q>lol</q></li>
<li class="join">[<a href="#T03:09:28" id="T03:09:28"><abbr title="2010-01-10T03:09:28+00:00">03:09:28</abbr></a>] <span>* pablo__ (n=pablo@201.250.189.175) has joined #beagle</span></li>
<li class="quit">[<a href="#T03:13:29" id="T03:13:29"><abbr title="2010-01-10T03:13:29+00:00">03:13:29</abbr></a>] <span>* philo (i=4618dd8c@gateway/web/freenode/x-ovuuxmtwhxgczkkx) Quit ("Page closed")</span></li>
<li class="quit">[<a href="#T03:17:30" id="T03:17:30"><abbr title="2010-01-10T03:17:30+00:00">03:17:30</abbr></a>] <span>* cbrake (n=cbrake@oh-69-34-21-229.sta.embarqhsd.net) Quit (Read error: 110 (Connection timed out))</span></li>
<li class="message">[<a href="#T03:22:33" id="T03:22:33"><abbr title="2010-01-10T03:22:33+00:00">03:22:33</abbr></a>] &lt;<cite>djlewis</cite>&gt; <q>uptime</q></li>
<li class="message">[<a href="#T03:22:36" id="T03:22:36"><abbr title="2010-01-10T03:22:36+00:00">03:22:36</abbr></a>] &lt;<cite>djlewis</cite>&gt; <q>oops</q></li>
<li class="quit">[<a href="#T03:28:22" id="T03:28:22"><abbr title="2010-01-10T03:28:22+00:00">03:28:22</abbr></a>] <span>* jrmuizel (n=jrmuizel@CPE001f5be79d0f-CM0017ee62f8b0.cpe.net.cable.rogers.com) Quit ()</span></li>
<li class="join">[<a href="#T03:33:05" id="T03:33:05"><abbr title="2010-01-10T03:33:05+00:00">03:33:05</abbr></a>] <span>* smackpotato (n=user@bas6-sudbury98-2925272891.dsl.bell.ca) has joined #beagle</span></li>
<li class="message">[<a href="#T03:33:50" id="T03:33:50"><abbr title="2010-01-10T03:33:50+00:00">03:33:50</abbr></a>] &lt;<cite>smackpotato</cite>&gt; <q>does the ti chronos have a channel</q></li>
<li class="quit">[<a href="#T03:35:18" id="T03:35:18"><abbr title="2010-01-10T03:35:18+00:00">03:35:18</abbr></a>] <span>* ppotera (n=ppotera@c-69-243-129-126.hsd1.il.comcast.net) Quit ()</span></li>
<li class="quit">[<a href="#T03:43:31" id="T03:43:31"><abbr title="2010-01-10T03:43:31+00:00">03:43:31</abbr></a>] <span>* djlewis (n=djlewis@65-70-11-236.dsl.tcworks.net) Quit (Read error: 110 (Connection timed out))</span></li>
