<li class="message">[<a href="#T00:15:52" id="T00:15:52"><abbr title="2010-06-22T00:15:52+00:00">00:15:52</abbr></a>] &lt;<cite>emeb</cite>&gt; <q>very quiet in beagle land today...</q></li>
<li class="join">[<a href="#T00:17:12" id="T00:17:12"><abbr title="2010-06-22T00:17:12+00:00">00:17:12</abbr></a>] <span>* jrmuizel (~jrmuizel@CPE001f5be79d0f-CM0017ee62f8b0.cpe.net.cable.rogers.com) has joined #beagle</span></li>
<li class="quit">[<a href="#T00:21:48" id="T00:21:48"><abbr title="2010-06-22T00:21:48+00:00">00:21:48</abbr></a>] <span>* eAndrius (~andrius@88-222-169-44.meganet.lt) Quit (Quit: Leaving)</span></li>
<li class="quit">[<a href="#T00:28:49" id="T00:28:49"><abbr title="2010-06-22T00:28:49+00:00">00:28:49</abbr></a>] <span>* jayabharath (~a0866114@nat/ti/x-lpxvycrpsjypsjhb) Quit (Ping timeout: 264 seconds)</span></li>
<li class="join">[<a href="#T00:38:28" id="T00:38:28"><abbr title="2010-06-22T00:38:28+00:00">00:38:28</abbr></a>] <span>* espindola (~espindola@CPE001a704e2b6d-CM001225dd5348.cpe.net.cable.rogers.com) has joined #beagle</span></li>
<li class="join">[<a href="#T00:40:47" id="T00:40:47"><abbr title="2010-06-22T00:40:47+00:00">00:40:47</abbr></a>] <span>* cfriedt (~cfriedt@modemcable178.225-21-96.mc.videotron.ca) has joined #beagle</span></li>
<li class="quit">[<a href="#T00:51:06" id="T00:51:06"><abbr title="2010-06-22T00:51:06+00:00">00:51:06</abbr></a>] <span>* alancam (~a-campbel@nat/ti/x-xpenyzdipbvihrit) Quit (Ping timeout: 272 seconds)</span></li>
<li class="quit">[<a href="#T00:52:30" id="T00:52:30"><abbr title="2010-06-22T00:52:30+00:00">00:52:30</abbr></a>] <span>* cmurillo (~cmurillo@186.32.57.22) Quit (Quit: Leaving.)</span></li>
<li class="join">[<a href="#T01:01:41" id="T01:01:41"><abbr title="2010-06-22T01:01:41+00:00">01:01:41</abbr></a>] <span>* raster (~raster@enlightenment/developer/raster) has joined #beagle</span></li>
<li class="join">[<a href="#T01:02:19" id="T01:02:19"><abbr title="2010-06-22T01:02:19+00:00">01:02:19</abbr></a>] <span>* tlab (~tlab@c-69-243-187-136.hsd1.in.comcast.net) has joined #beagle</span></li>
<li class="quit">[<a href="#T01:04:46" id="T01:04:46"><abbr title="2010-06-22T01:04:46+00:00">01:04:46</abbr></a>] <span>* tlab (~tlab@c-69-243-187-136.hsd1.in.comcast.net) Quit (Client Quit)</span></li>
<li class="quit">[<a href="#T01:07:00" id="T01:07:00"><abbr title="2010-06-22T01:07:00+00:00">01:07:00</abbr></a>] <span>* Zoxc (~zoxc@ti0128a340-dhcp0372.bb.online.no) Quit ()</span></li>
<li class="join">[<a href="#T01:15:12" id="T01:15:12"><abbr title="2010-06-22T01:15:12+00:00">01:15:12</abbr></a>] <span>* djlewis (~djlewis@75.15.64.195) has joined #beagle</span></li>
<li class="join">[<a href="#T01:15:23" id="T01:15:23"><abbr title="2010-06-22T01:15:23+00:00">01:15:23</abbr></a>] <span>* kanru (~kanru@61-30-10-70.static.tfn.net.tw) has joined #beagle</span></li>
<li class="message">[<a href="#T01:15:48" id="T01:15:48"><abbr title="2010-06-22T01:15:48+00:00">01:15:48</abbr></a>] &lt;<cite>djlewis</cite>&gt; <q>hi emeb , I was just beginning to wonder if irc logs was brkoe.</q></li>
<li class="join">[<a href="#T01:16:01" id="T01:16:01"><abbr title="2010-06-22T01:16:01+00:00">01:16:01</abbr></a>] <span>* Ceriand|desktop (~Ceriand@unaffiliated/ceriand) has joined #beagle</span></li>
<li class="quit">[<a href="#T01:18:59" id="T01:18:59"><abbr title="2010-06-22T01:18:59+00:00">01:18:59</abbr></a>] <span>* Cru_N_cher (~luls_lol@dslb-088-069-117-217.pools.arcor-ip.net) Quit (Read error: Connection reset by peer)</span></li>
<li class="message">[<a href="#T01:20:17" id="T01:20:17"><abbr title="2010-06-22T01:20:17+00:00">01:20:17</abbr></a>] &lt;<cite>emeb</cite>&gt; <q>djlewis: yep - not a lot going on.</q></li>
<li class="message">[<a href="#T01:20:51" id="T01:20:51"><abbr title="2010-06-22T01:20:51+00:00">01:20:51</abbr></a>] &lt;<cite>djlewis</cite>&gt; <q>summer time</q></li>
<li class="message">[<a href="#T01:21:03" id="T01:21:03"><abbr title="2010-06-22T01:21:03+00:00">01:21:03</abbr></a>] &lt;<cite>emeb</cite>&gt; <q>...and the livin' is easy...</q></li>
<li class="message">[<a href="#T01:21:05" id="T01:21:05"><abbr title="2010-06-22T01:21:05+00:00">01:21:05</abbr></a>] &lt;<cite>djlewis</cite>&gt; <q>heat index of 110.7 today.</q></li>
<li class="message">[<a href="#T01:21:35" id="T01:21:35"><abbr title="2010-06-22T01:21:35+00:00">01:21:35</abbr></a>] &lt;<cite>emeb</cite>&gt; <q>looks like we got up to 102+ here</q></li>
<li class="message">[<a href="#T01:21:50" id="T01:21:50"><abbr title="2010-06-22T01:21:50+00:00">01:21:50</abbr></a>] &lt;<cite>emeb</cite>&gt; <q>but of course the humidity is almost 0</q></li>
<li class="message">[<a href="#T01:22:29" id="T01:22:29"><abbr title="2010-06-22T01:22:29+00:00">01:22:29</abbr></a>] &lt;<cite>djlewis</cite>&gt; <q>tempyep, our high temp was only 100.6 but luckily the humidity was down between 50 - 60%</q></li>
<li class="message">[<a href="#T01:22:37" id="T01:22:37"><abbr title="2010-06-22T01:22:37+00:00">01:22:37</abbr></a>] &lt;<cite>emeb</cite>&gt; <q>probably too dry to grow bananas like sakoman &amp; ds2 do</q></li>
<li class="message">[<a href="#T01:22:55" id="T01:22:55"><abbr title="2010-06-22T01:22:55+00:00">01:22:55</abbr></a>] &lt;<cite>emeb</cite>&gt; <q>down to 50-60. Hah.</q></li>
<li class="message">[<a href="#T01:23:13" id="T01:23:13"><abbr title="2010-06-22T01:23:13+00:00">01:23:13</abbr></a>] &lt;<cite>djlewis</cite>&gt; <q>you'd think Hah... :)</q></li>
<li class="join">[<a href="#T01:24:15" id="T01:24:15"><abbr title="2010-06-22T01:24:15+00:00">01:24:15</abbr></a>] <span>* CruNcher (~luls_lol@dslb-088-069-117-217.pools.arcor-ip.net) has joined #beagle</span></li>
<li class="message">[<a href="#T01:24:44" id="T01:24:44"><abbr title="2010-06-22T01:24:44+00:00">01:24:44</abbr></a>] &lt;<cite>emeb</cite>&gt; <q>NWS says our humidity is 8%. Heat index is actually lower than air temp.</q></li>
<li class="message">[<a href="#T01:24:59" id="T01:24:59"><abbr title="2010-06-22T01:24:59+00:00">01:24:59</abbr></a>] &lt;<cite>djlewis</cite>&gt; <q>trade ys </q></li>
<li class="message">[<a href="#T01:25:03" id="T01:25:03"><abbr title="2010-06-22T01:25:03+00:00">01:25:03</abbr></a>] &lt;<cite>djlewis</cite>&gt; <q>ya</q></li>
<li class="message">[<a href="#T01:25:48" id="T01:25:48"><abbr title="2010-06-22T01:25:48+00:00">01:25:48</abbr></a>] &lt;<cite>emeb</cite>&gt; <q>:) no thanks</q></li>
<li class="message">[<a href="#T01:27:27" id="T01:27:27"><abbr title="2010-06-22T01:27:27+00:00">01:27:27</abbr></a>] &lt;<cite>djlewis</cite>&gt; <q>as for growing bananas, you folk can make deserts into oasis, can't ya ;P</q></li>
<li class="join">[<a href="#T01:31:05" id="T01:31:05"><abbr title="2010-06-22T01:31:05+00:00">01:31:05</abbr></a>] <span>* Dead1nside (~Dead1nsid@78.86.212.180) has joined #beagle</span></li>
<li class="message">[<a href="#T01:33:56" id="T01:33:56"><abbr title="2010-06-22T01:33:56+00:00">01:33:56</abbr></a>] &lt;<cite>emeb</cite>&gt; <q>yeah - we use water like it's going out of style here.</q></li>
<li class="message">[<a href="#T01:34:24" id="T01:34:24"><abbr title="2010-06-22T01:34:24+00:00">01:34:24</abbr></a>] &lt;<cite>djlewis</cite>&gt; <q>i'm just checking observatory sites in your area.</q></li>
<li class="message">[<a href="#T01:34:42" id="T01:34:42"><abbr title="2010-06-22T01:34:42+00:00">01:34:42</abbr></a>] &lt;<cite>emeb</cite>&gt; <q>I've got rock and xeriscape in the front yard, but some folks like to keep putting greens.</q></li>
<li class="message">[<a href="#T01:35:12" id="T01:35:12"><abbr title="2010-06-22T01:35:12+00:00">01:35:12</abbr></a>] &lt;<cite>emeb</cite>&gt; <q>lots of observatories here.</q></li>
<li class="message">[<a href="#T01:35:38" id="T01:35:38"><abbr title="2010-06-22T01:35:38+00:00">01:35:38</abbr></a>] &lt;<cite>emeb</cite>&gt; <q>kit peak, mt. hopkins, mt graham, lowell, etc.</q></li>
<li class="message">[<a href="#T01:35:50" id="T01:35:50"><abbr title="2010-06-22T01:35:50+00:00">01:35:50</abbr></a>] &lt;<cite>djlewis</cite>&gt; <q>While I was out in Albuquerque the local powers were encouraging non grass yards</q></li>
<li class="message">[<a href="#T01:36:12" id="T01:36:12"><abbr title="2010-06-22T01:36:12+00:00">01:36:12</abbr></a>] &lt;<cite>djlewis</cite>&gt; <q>no, ones a person can set up a telescope and stay nearby or at.</q></li>
<li class="message">[<a href="#T01:36:19" id="T01:36:19"><abbr title="2010-06-22T01:36:19+00:00">01:36:19</abbr></a>] &lt;<cite>emeb</cite>&gt; <q>good on 'em. I think its silly to keep grass in this climate.</q></li>
<li class="message">[<a href="#T01:36:27" id="T01:36:27"><abbr title="2010-06-22T01:36:27+00:00">01:36:27</abbr></a>] &lt;<cite>emeb</cite>&gt; <q>Ah - that works too.</q></li>
<li class="message">[<a href="#T01:37:07" id="T01:37:07"><abbr title="2010-06-22T01:37:07+00:00">01:37:07</abbr></a>] &lt;<cite>djlewis</cite>&gt; <q>looking at conditions your skies are beautifully clear while the seeing is bad at present</q></li>
<li class="message">[<a href="#T01:37:16" id="T01:37:16"><abbr title="2010-06-22T01:37:16+00:00">01:37:16</abbr></a>] &lt;<cite>emeb</cite>&gt; <q>local astronomy club has a site out in the desert for star parties.</q></li>
<li class="quit">[<a href="#T01:37:28" id="T01:37:28"><abbr title="2010-06-22T01:37:28+00:00">01:37:28</abbr></a>] <span>* Dead1nside (~Dead1nsid@78.86.212.180) Quit (Quit: Leaving)</span></li>
<li class="message">[<a href="#T01:37:32" id="T01:37:32"><abbr title="2010-06-22T01:37:32+00:00">01:37:32</abbr></a>] &lt;<cite>djlewis</cite>&gt; <q>sounds like my kinda party :)</q></li>
<li class="message">[<a href="#T01:38:31" id="T01:38:31"><abbr title="2010-06-22T01:38:31+00:00">01:38:31</abbr></a>] &lt;<cite>emeb</cite>&gt; <q>here: <a href="http://maps.google.com/maps?f=q&amp;source=s_q&amp;hl=en&amp;geocode=&amp;q=sentinel,+AZ&amp;sll=32.867477,-113.079529&amp;sspn=0.398521,0.476532&amp;ie=UTF8&amp;hq=&amp;hnear=Sentinel,+Maricopa,+Arizona&amp;ll=32.819451,-113.194885&amp;spn=0.099684,0.119133&amp;t=h&amp;z=13">http://maps.google.com/maps?f=q&amp;source=s_q&amp;hl=en&amp;geocode=&amp;q=sentinel,+AZ&amp;sll=32.867477,-113.079529&amp;sspn=0.398521,0.476532&amp;ie=UTF8&amp;hq=&amp;hnear=Sentinel,+Maricopa,+Arizona&amp;ll=32.819451,-113.194885&amp;spn=0.099684,0.119133&amp;t=h&amp;z=13</a></q></li>
<li class="message">[<a href="#T01:38:32" id="T01:38:32"><abbr title="2010-06-22T01:38:32+00:00">01:38:32</abbr></a>] &lt;<cite>djlewis</cite>&gt; <q>several clus there</q></li>
<li class="message">[<a href="#T01:39:07" id="T01:39:07"><abbr title="2010-06-22T01:39:07+00:00">01:39:07</abbr></a>] &lt;<cite>djlewis</cite>&gt; <q>looks most excellent</q></li>
<li class="message">[<a href="#T01:39:19" id="T01:39:19"><abbr title="2010-06-22T01:39:19+00:00">01:39:19</abbr></a>] &lt;<cite>emeb</cite>&gt; <q>about the only thing manmade you can see there are the aerostats on the border.</q></li>
<li class="message">[<a href="#T01:40:12" id="T01:40:12"><abbr title="2010-06-22T01:40:12+00:00">01:40:12</abbr></a>] &lt;<cite>ds2</cite>&gt; <q>that's the kind of parties where you go and light up magnesium flares, rightt? :D</q></li>
<li class="message">[<a href="#T01:40:17" id="T01:40:17"><abbr title="2010-06-22T01:40:17+00:00">01:40:17</abbr></a>] &lt;<cite>djlewis</cite>&gt; <q>those crossing lines?</q></li>
<li class="message">[<a href="#T01:40:39" id="T01:40:39"><abbr title="2010-06-22T01:40:39+00:00">01:40:39</abbr></a>] &lt;<cite>djlewis</cite>&gt; <q>right ds2 and you would be the bell of the party after that ;)</q></li>
<li class="message">[<a href="#T01:41:04" id="T01:41:04"><abbr title="2010-06-22T01:41:04+00:00">01:41:04</abbr></a>] &lt;<cite>ds2</cite>&gt; <q>got to shed light on it!</q></li>
<li class="message">[<a href="#T01:41:11" id="T01:41:11"><abbr title="2010-06-22T01:41:11+00:00">01:41:11</abbr></a>] &lt;<cite>emeb</cite>&gt; <q>as long as its a _red_ flare.</q></li>
<li class="message">[<a href="#T01:41:50" id="T01:41:50"><abbr title="2010-06-22T01:41:50+00:00">01:41:50</abbr></a>] &lt;<cite>ds2</cite>&gt; <q>do you see many red magnesium flares? ;)</q></li>
<li class="message">[<a href="#T01:43:05" id="T01:43:05"><abbr title="2010-06-22T01:43:05+00:00">01:43:05</abbr></a>] &lt;<cite>emeb</cite>&gt; <q>kinda pinkish...</q></li>
<li class="message">[<a href="#T01:43:46" id="T01:43:46"><abbr title="2010-06-22T01:43:46+00:00">01:43:46</abbr></a>] &lt;<cite>djlewis</cite>&gt; <q>emeb:  that club is a bunch of roughians going out there.</q></li>
<li class="message">[<a href="#T01:43:55" id="T01:43:55"><abbr title="2010-06-22T01:43:55+00:00">01:43:55</abbr></a>] &lt;<cite>djlewis</cite>&gt; <q>gota let pup out.</q></li>
<li class="join">[<a href="#T01:56:44" id="T01:56:44"><abbr title="2010-06-22T01:56:44+00:00">01:56:44</abbr></a>] <span>* khasim (~a0393720@192.163.20.231) has joined #beagle</span></li>
<li class="quit">[<a href="#T02:01:14" id="T02:01:14"><abbr title="2010-06-22T02:01:14+00:00">02:01:14</abbr></a>] <span>* jkridner1 (~a0321898@nat/ti/x-roeequsrctwonzhv) Quit (Quit: Leaving.)</span></li>
<li class="quit">[<a href="#T02:07:27" id="T02:07:27"><abbr title="2010-06-22T02:07:27+00:00">02:07:27</abbr></a>] <span>* khasim (~a0393720@192.163.20.231) Quit (Ping timeout: 265 seconds)</span></li>
<li class="quit">[<a href="#T02:16:50" id="T02:16:50"><abbr title="2010-06-22T02:16:50+00:00">02:16:50</abbr></a>] <span>* raster (~raster@enlightenment/developer/raster) Quit (Quit: Gettin' stinky!)</span></li>
<li class="message">[<a href="#T02:20:39" id="T02:20:39"><abbr title="2010-06-22T02:20:39+00:00">02:20:39</abbr></a>] &lt;<cite>djlewis</cite>&gt; <q>wound up bathing a 50 lb'er</q></li>
<li class="message">[<a href="#T02:20:59" id="T02:20:59"><abbr title="2010-06-22T02:20:59+00:00">02:20:59</abbr></a>] &lt;<cite>djlewis</cite>&gt; <q>then be, i felt so dirty after.</q></li>
<li class="message">[<a href="#T02:21:08" id="T02:21:08"><abbr title="2010-06-22T02:21:08+00:00">02:21:08</abbr></a>] &lt;<cite>djlewis</cite>&gt; <q>s/be/me</q></li>
<li class="quit">[<a href="#T02:23:48" id="T02:23:48"><abbr title="2010-06-22T02:23:48+00:00">02:23:48</abbr></a>] <span>* luke-jr (~luke-jr@2002:62b3:1d4c:0:20e:a6ff:fec4:4e5d) Quit (Read error: Connection reset by peer)</span></li>
<li class="quit">[<a href="#T02:25:45" id="T02:25:45"><abbr title="2010-06-22T02:25:45+00:00">02:25:45</abbr></a>] <span>* mpoirier (~quassel@S0106002369de4dac.cg.shawcable.net) Quit (Ping timeout: 240 seconds)</span></li>
<li class="join">[<a href="#T02:38:07" id="T02:38:07"><abbr title="2010-06-22T02:38:07+00:00">02:38:07</abbr></a>] <span>* katie (~katierh@nat/ti/x-nrtkxtggxmxbjxpv) has joined #beagle</span></li>
<li class="quit">[<a href="#T02:42:01" id="T02:42:01"><abbr title="2010-06-22T02:42:01+00:00">02:42:01</abbr></a>] <span>* scrp3l_ (~scrp3l@201.250.142.40) Quit (Ping timeout: 264 seconds)</span></li>
<li class="join">[<a href="#T02:48:23" id="T02:48:23"><abbr title="2010-06-22T02:48:23+00:00">02:48:23</abbr></a>] <span>* t_s_o (~tso@183.84-49-135.nextgentel.com) has joined #beagle</span></li>
<li class="part">[<a href="#T02:53:32" id="T02:53:32"><abbr title="2010-06-22T02:53:32+00:00">02:53:32</abbr></a>] <span>* hgs (~hgs@82.202-63-132.static.qala.com.sg) has left #beagle</span></li>
<li class="join">[<a href="#T02:53:50" id="T02:53:50"><abbr title="2010-06-22T02:53:50+00:00">02:53:50</abbr></a>] <span>* hgs (~hgs@82.202-63-132.static.qala.com.sg) has joined #beagle</span></li>
<li class="join">[<a href="#T03:02:21" id="T03:02:21"><abbr title="2010-06-22T03:02:21+00:00">03:02:21</abbr></a>] <span>* cody_ (~cody@dslb-084-056-067-027.pools.arcor-ip.net) has joined #beagle</span></li>
<li class="quit">[<a href="#T03:03:27" id="T03:03:27"><abbr title="2010-06-22T03:03:27+00:00">03:03:27</abbr></a>] <span>* cody__ (~cody@dslb-084-056-107-222.pools.arcor-ip.net) Quit (Ping timeout: 260 seconds)</span></li>
<li class="join">[<a href="#T03:03:56" id="T03:03:56"><abbr title="2010-06-22T03:03:56+00:00">03:03:56</abbr></a>] <span>* neo01124 (~neo@122.163.218.124) has joined #beagle</span></li>
<li class="join">[<a href="#T03:07:34" id="T03:07:34"><abbr title="2010-06-22T03:07:34+00:00">03:07:34</abbr></a>] <span>* Redb3ard (~SF0010MAC@75.110.202.83) has joined #beagle</span></li>
<li class="quit">[<a href="#T03:10:07" id="T03:10:07"><abbr title="2010-06-22T03:10:07+00:00">03:10:07</abbr></a>] <span>* Ceriand|desktop (~Ceriand@unaffiliated/ceriand) Quit (Ping timeout: 252 seconds)</span></li>
<li class="quit">[<a href="#T03:18:01" id="T03:18:01"><abbr title="2010-06-22T03:18:01+00:00">03:18:01</abbr></a>] <span>* BThompson (~a0193480@nat/ti/x-pismfmacrkrzzmkc) Quit (Remote host closed the connection)</span></li>
<li class="quit">[<a href="#T03:18:50" id="T03:18:50"><abbr title="2010-06-22T03:18:50+00:00">03:18:50</abbr></a>] <span>* RobotGrrl (~RobotGrrl@bas2-montreal50-1176031552.dsl.bell.ca) Quit (Quit: RobotGrrl)</span></li>
<li class="quit">[<a href="#T03:19:50" id="T03:19:50"><abbr title="2010-06-22T03:19:50+00:00">03:19:50</abbr></a>] <span>* neo01124 (~neo@122.163.218.124) Quit (Remote host closed the connection)</span></li>
<li class="quit">[<a href="#T03:20:12" id="T03:20:12"><abbr title="2010-06-22T03:20:12+00:00">03:20:12</abbr></a>] <span>* sombunall (~sawdis@modemcable203.209-56-74.mc.videotron.ca) Quit (Read error: Connection reset by peer)</span></li>
<li class="quit">[<a href="#T03:21:33" id="T03:21:33"><abbr title="2010-06-22T03:21:33+00:00">03:21:33</abbr></a>] <span>* fgau (~fgau@webbox1220.server-home.net) Quit (Read error: Operation timed out)</span></li>
<li class="quit">[<a href="#T03:22:16" id="T03:22:16"><abbr title="2010-06-22T03:22:16+00:00">03:22:16</abbr></a>] <span>* djlewis (~djlewis@75.15.64.195) Quit (Quit: Leaving.)</span></li>
<li class="join">[<a href="#T03:31:02" id="T03:31:02"><abbr title="2010-06-22T03:31:02+00:00">03:31:02</abbr></a>] <span>* Ceriand|desktop (~Ceriand@unaffiliated/ceriand) has joined #beagle</span></li>
<li class="quit">[<a href="#T03:43:55" id="T03:43:55"><abbr title="2010-06-22T03:43:55+00:00">03:43:55</abbr></a>] <span>* cfriedt (~cfriedt@modemcable178.225-21-96.mc.videotron.ca) Quit (Quit: Leaving.)</span></li>
<li class="join">[<a href="#T03:44:32" id="T03:44:32"><abbr title="2010-06-22T03:44:32+00:00">03:44:32</abbr></a>] <span>* emeb|mac (~ericb@ip72-223-81-194.ph.ph.cox.net) has joined #beagle</span></li>
<li class="quit">[<a href="#T03:45:04" id="T03:45:04"><abbr title="2010-06-22T03:45:04+00:00">03:45:04</abbr></a>] <span>* pting (~pting@adsl-99-32-245-41.dsl.lsan03.sbcglobal.net) Quit (Quit: Ex-Chat)</span></li>
<li class="join">[<a href="#T03:46:34" id="T03:46:34"><abbr title="2010-06-22T03:46:34+00:00">03:46:34</abbr></a>] <span>* soman (~somnath@118.102.130.6) has joined #beagle</span></li>
<li class="quit">[<a href="#T03:48:20" id="T03:48:20"><abbr title="2010-06-22T03:48:20+00:00">03:48:20</abbr></a>] <span>* katie (~katierh@nat/ti/x-nrtkxtggxmxbjxpv) Quit ()</span></li>
<li class="join">[<a href="#T03:51:18" id="T03:51:18"><abbr title="2010-06-22T03:51:18+00:00">03:51:18</abbr></a>] <span>* aholler_ (~aholler@p57B22733.dip0.t-ipconnect.de) has joined #beagle</span></li>
<li class="join">[<a href="#T03:54:31" id="T03:54:31"><abbr title="2010-06-22T03:54:31+00:00">03:54:31</abbr></a>] <span>* mgalemin (cbc09295@gateway/web/freenode/ip.203.192.146.149) has joined #beagle</span></li>
<li class="quit">[<a href="#T03:54:47" id="T03:54:47"><abbr title="2010-06-22T03:54:47+00:00">03:54:47</abbr></a>] <span>* aholler (~aholler@p57B22E5E.dip0.t-ipconnect.de) Quit (Ping timeout: 260 seconds)</span></li>
<li class="message">[<a href="#T03:55:28" id="T03:55:28"><abbr title="2010-06-22T03:55:28+00:00">03:55:28</abbr></a>] &lt;<cite>mgalemin</cite>&gt; <q>hi all! can I use JTAG XDS510 with beagle? thanks!</q></li>
<li class="join">[<a href="#T03:57:14" id="T03:57:14"><abbr title="2010-06-22T03:57:14+00:00">03:57:14</abbr></a>] <span>* scrp3l_ (~scrp3l@201.250.142.40) has joined #beagle</span></li>
<li class="join">[<a href="#T03:57:34" id="T03:57:34"><abbr title="2010-06-22T03:57:34+00:00">03:57:34</abbr></a>] <span>* fgau (~fgau@webbox1220.server-home.net) has joined #beagle</span></li>
<li class="join">[<a href="#T04:00:41" id="T04:00:41"><abbr title="2010-06-22T04:00:41+00:00">04:00:41</abbr></a>] <span>* thaytan_ (~jan@ppp59-167-167-201.static.internode.on.net) has joined #beagle</span></li>
<li class="quit">[<abbr title="2010-06-22T04:00:41+00:00">04:00:41</abbr>] <span>* thaytan (~jan@ppp59-167-167-201.static.internode.on.net) Quit (Read error: Connection reset by peer)</span></li>
<li class="join">[<a href="#T04:02:33" id="T04:02:33"><abbr title="2010-06-22T04:02:33+00:00">04:02:33</abbr></a>] <span>* neo01124 (7aa3da7c@gateway/web/freenode/ip.122.163.218.124) has joined #beagle</span></li>
<li class="message">[<a href="#T04:03:01" id="T04:03:01"><abbr title="2010-06-22T04:03:01+00:00">04:03:01</abbr></a>] &lt;<cite>neo01124</cite>&gt; <q>can the xvds100v2 be used on linux ?</q></li>
<li class="nick-change">[<a href="#T04:03:50" id="T04:03:50"><abbr title="2010-06-22T04:03:50+00:00">04:03:50</abbr></a>] <span>* thaytan_ is now known as thaytan</span></li>
<li class="quit">[<a href="#T04:04:06" id="T04:04:06"><abbr title="2010-06-22T04:04:06+00:00">04:04:06</abbr></a>] <span>* mgalemin (cbc09295@gateway/web/freenode/ip.203.192.146.149) Quit (Ping timeout: 252 seconds)</span></li>
<li class="join">[<a href="#T04:04:28" id="T04:04:28"><abbr title="2010-06-22T04:04:28+00:00">04:04:28</abbr></a>] <span>* pablo (~pablo@200.80.164.60) has joined #beagle</span></li>
<li class="quit">[<a href="#T04:04:41" id="T04:04:41"><abbr title="2010-06-22T04:04:41+00:00">04:04:41</abbr></a>] <span>* pablo (~pablo@200.80.164.60) Quit (Client Quit)</span></li>
<li class="quit">[<a href="#T04:09:58" id="T04:09:58"><abbr title="2010-06-22T04:09:58+00:00">04:09:58</abbr></a>] <span>* t_s_o (~tso@183.84-49-135.nextgentel.com) Quit (Ping timeout: 264 seconds)</span></li>
<li class="join">[<a href="#T04:10:26" id="T04:10:26"><abbr title="2010-06-22T04:10:26+00:00">04:10:26</abbr></a>] <span>* t_s_o (~tso@183.84-49-135.nextgentel.com) has joined #beagle</span></li>
<li class="part">[<a href="#T04:20:37" id="T04:20:37"><abbr title="2010-06-22T04:20:37+00:00">04:20:37</abbr></a>] <span>* neo01124 (7aa3da7c@gateway/web/freenode/ip.122.163.218.124) has left #beagle</span></li>
<li class="join">[<a href="#T04:20:54" id="T04:20:54"><abbr title="2010-06-22T04:20:54+00:00">04:20:54</abbr></a>] <span>* mgalemin (cbc09295@gateway/web/freenode/ip.203.192.146.149) has joined #beagle</span></li>
<li class="message">[<a href="#T04:23:07" id="T04:23:07"><abbr title="2010-06-22T04:23:07+00:00">04:23:07</abbr></a>] &lt;<cite>mgalemin</cite>&gt; <q>ok, I can't use XDS510, only XDS510+ :)</q></li>
<li class="quit">[<a href="#T04:27:34" id="T04:27:34"><abbr title="2010-06-22T04:27:34+00:00">04:27:34</abbr></a>] <span>* mgalemin (cbc09295@gateway/web/freenode/ip.203.192.146.149) Quit (Ping timeout: 252 seconds)</span></li>
<li class="quit">[<a href="#T04:33:31" id="T04:33:31"><abbr title="2010-06-22T04:33:31+00:00">04:33:31</abbr></a>] <span>* espindola (~espindola@CPE001a704e2b6d-CM001225dd5348.cpe.net.cable.rogers.com) Quit (Remote host closed the connection)</span></li>
<li class="join">[<a href="#T04:35:01" id="T04:35:01"><abbr title="2010-06-22T04:35:01+00:00">04:35:01</abbr></a>] <span>* vijayb (3ba358b4@gateway/web/freenode/ip.59.163.88.180) has joined #beagle</span></li>
<li class="message">[<a href="#T04:36:59" id="T04:36:59"><abbr title="2010-06-22T04:36:59+00:00">04:36:59</abbr></a>] &lt;<cite>vijayb</cite>&gt; <q>Hi i m new to beagle board community</q></li>
<li class="quit">[<a href="#T04:43:24" id="T04:43:24"><abbr title="2010-06-22T04:43:24+00:00">04:43:24</abbr></a>] <span>* vijayb (3ba358b4@gateway/web/freenode/ip.59.163.88.180) Quit (Quit: Page closed)</span></li>
<li class="join">[<a href="#T04:44:47" id="T04:44:47"><abbr title="2010-06-22T04:44:47+00:00">04:44:47</abbr></a>] <span>* hvaibhav (~a0393758@192.163.20.231) has joined #beagle</span></li>
<li class="quit">[<a href="#T04:49:28" id="T04:49:28"><abbr title="2010-06-22T04:49:28+00:00">04:49:28</abbr></a>] <span>* BThompsonGR (~bernie@cpe-76-183-65-93.tx.res.rr.com) Quit (Read error: Connection reset by peer)</span></li>
<li class="quit">[<a href="#T04:57:55" id="T04:57:55"><abbr title="2010-06-22T04:57:55+00:00">04:57:55</abbr></a>] <span>* CruNcher (~luls_lol@dslb-088-069-117-217.pools.arcor-ip.net) Quit ()</span></li>
<li class="quit">[<a href="#T05:01:07" id="T05:01:07"><abbr title="2010-06-22T05:01:07+00:00">05:01:07</abbr></a>] <span>* GrizzlyAdams (~Grizzly@ip98-184-88-41.mc.at.cox.net) Quit (Quit: Leaving.)</span></li>
<li class="quit">[<a href="#T05:01:54" id="T05:01:54"><abbr title="2010-06-22T05:01:54+00:00">05:01:54</abbr></a>] <span>* jonmasters (~jcm@dallas.jonmasters.org) Quit (Read error: Operation timed out)</span></li>
<li class="part">[<a href="#T05:05:26" id="T05:05:26"><abbr title="2010-06-22T05:05:26+00:00">05:05:26</abbr></a>] <span>* emeb (~ericb@ip72-223-81-194.ph.ph.cox.net) has left #beagle</span></li>
<li class="quit">[<a href="#T05:08:09" id="T05:08:09"><abbr title="2010-06-22T05:08:09+00:00">05:08:09</abbr></a>] <span>* _chase_ (~chase@nat/ti/x-ucbomwerwbpdpjbs) Quit (Remote host closed the connection)</span></li>
<li class="quit">[<abbr title="2010-06-22T05:08:09+00:00">05:08:09</abbr>] <span>* _don_ (~ddarling@nat/ti/x-mtvxsttczfdkcfyo) Quit (Remote host closed the connection)</span></li>
<li class="join">[<a href="#T05:08:15" id="T05:08:15"><abbr title="2010-06-22T05:08:15+00:00">05:08:15</abbr></a>] <span>* _chase_ (~chase@nat/ti/x-kliskogawemdbjqx) has joined #beagle</span></li>
<li class="join">[<a href="#T05:08:26" id="T05:08:26"><abbr title="2010-06-22T05:08:26+00:00">05:08:26</abbr></a>] <span>* _don_ (~ddarling@nat/ti/x-wxecsbsnfveqpvov) has joined #beagle</span></li>
<li class="join">[<a href="#T05:08:42" id="T05:08:42"><abbr title="2010-06-22T05:08:42+00:00">05:08:42</abbr></a>] <span>* khasim (~a0393720@192.163.20.231) has joined #beagle</span></li>
<li class="join">[<a href="#T05:09:28" id="T05:09:28"><abbr title="2010-06-22T05:09:28+00:00">05:09:28</abbr></a>] <span>* ppoudel (~chatzilla@129.114.246.141) has joined #beagle</span></li>
<li class="join">[<a href="#T05:11:32" id="T05:11:32"><abbr title="2010-06-22T05:11:32+00:00">05:11:32</abbr></a>] <span>* jonmasters (~jcm@dallas.jonmasters.org) has joined #beagle</span></li>
<li class="quit">[<a href="#T05:19:41" id="T05:19:41"><abbr title="2010-06-22T05:19:41+00:00">05:19:41</abbr></a>] <span>* thaytan (~jan@ppp59-167-167-201.static.internode.on.net) Quit (Remote host closed the connection)</span></li>
<li class="quit">[<a href="#T05:21:36" id="T05:21:36"><abbr title="2010-06-22T05:21:36+00:00">05:21:36</abbr></a>] <span>* Redb3ard (~SF0010MAC@75.110.202.83) Quit (Quit: Redb3ard)</span></li>
<li class="join">[<a href="#T05:24:09" id="T05:24:09"><abbr title="2010-06-22T05:24:09+00:00">05:24:09</abbr></a>] <span>* thaytan (~jan@ppp59-167-167-201.static.internode.on.net) has joined #beagle</span></li>
<li class="quit">[<a href="#T05:27:09" id="T05:27:09"><abbr title="2010-06-22T05:27:09+00:00">05:27:09</abbr></a>] <span>* jrmuizel (~jrmuizel@CPE001f5be79d0f-CM0017ee62f8b0.cpe.net.cable.rogers.com) Quit (Quit: jrmuizel)</span></li>
<li class="quit">[<a href="#T05:27:33" id="T05:27:33"><abbr title="2010-06-22T05:27:33+00:00">05:27:33</abbr></a>] <span>* _don_ (~ddarling@nat/ti/x-wxecsbsnfveqpvov) Quit (Ping timeout: 265 seconds)</span></li>
<li class="join">[<a href="#T05:27:51" id="T05:27:51"><abbr title="2010-06-22T05:27:51+00:00">05:27:51</abbr></a>] <span>* _don_ (~ddarling@nat/ti/x-btawvzbahtdlbtgw) has joined #beagle</span></li>
<li class="quit">[<a href="#T05:35:10" id="T05:35:10"><abbr title="2010-06-22T05:35:10+00:00">05:35:10</abbr></a>] <span>* muriani (james@internal.directron.us) Quit (Ping timeout: 264 seconds)</span></li>
<li class="join">[<a href="#T05:35:16" id="T05:35:16"><abbr title="2010-06-22T05:35:16+00:00">05:35:16</abbr></a>] <span>* muriani (james@internal.directron.us) has joined #beagle</span></li>
<li class="join">[<a href="#T05:35:24" id="T05:35:24"><abbr title="2010-06-22T05:35:24+00:00">05:35:24</abbr></a>] <span>* tasslehoff (~Mich@147.84-49-231.nextgentel.com) has joined #beagle</span></li>
<li class="join">[<a href="#T05:36:57" id="T05:36:57"><abbr title="2010-06-22T05:36:57+00:00">05:36:57</abbr></a>] <span>* jrmuizel (~jrmuizel@CPE001f5be79d0f-CM0017ee62f8b0.cpe.net.cable.rogers.com) has joined #beagle</span></li>
<li class="quit">[<a href="#T05:44:40" id="T05:44:40"><abbr title="2010-06-22T05:44:40+00:00">05:44:40</abbr></a>] <span>* gdm (~gdm@190.55.34.222) Quit (Ping timeout: 252 seconds)</span></li>
<li class="quit">[<a href="#T05:50:13" id="T05:50:13"><abbr title="2010-06-22T05:50:13+00:00">05:50:13</abbr></a>] <span>* muriani (james@internal.directron.us) Quit (Read error: Operation timed out)</span></li>
<li class="quit">[<a href="#T05:51:25" id="T05:51:25"><abbr title="2010-06-22T05:51:25+00:00">05:51:25</abbr></a>] <span>* _courville_ (~marc@courville.org) Quit (Ping timeout: 276 seconds)</span></li>
<li class="join">[<a href="#T05:52:01" id="T05:52:01"><abbr title="2010-06-22T05:52:01+00:00">05:52:01</abbr></a>] <span>* _courville_ (~marc@82.238.73.80) has joined #beagle</span></li>
<li class="join">[<a href="#T05:55:22" id="T05:55:22"><abbr title="2010-06-22T05:55:22+00:00">05:55:22</abbr></a>] <span>* screwgoth (~raseel@122.170.44.87) has joined #beagle</span></li>
<li class="join">[<a href="#T06:08:40" id="T06:08:40"><abbr title="2010-06-22T06:08:40+00:00">06:08:40</abbr></a>] <span>* Olipro (~Olipro@uncyclopedia/pdpc.21for7.olipro) has joined #beagle</span></li>
<li class="join">[<a href="#T06:25:51" id="T06:25:51"><abbr title="2010-06-22T06:25:51+00:00">06:25:51</abbr></a>] <span>* tsjsieb (~tsjsieb@80.101.185.65) has joined #beagle</span></li>
<li class="join">[<a href="#T06:28:44" id="T06:28:44"><abbr title="2010-06-22T06:28:44+00:00">06:28:44</abbr></a>] <span>* franktango (~a0746747@nat/ti/x-nckavqwuirdlojms) has joined #beagle</span></li>
<li class="quit">[<a href="#T06:29:20" id="T06:29:20"><abbr title="2010-06-22T06:29:20+00:00">06:29:20</abbr></a>] <span>* ojn (ojn@mail.lixom.net) Quit (Ping timeout: 276 seconds)</span></li>
<li class="quit">[<a href="#T06:29:33" id="T06:29:33"><abbr title="2010-06-22T06:29:33+00:00">06:29:33</abbr></a>] <span>* screwgoth (~raseel@122.170.44.87) Quit (Ping timeout: 260 seconds)</span></li>
<li class="quit">[<a href="#T06:30:11" id="T06:30:11"><abbr title="2010-06-22T06:30:11+00:00">06:30:11</abbr></a>] <span>* emeb|mac (~ericb@ip72-223-81-194.ph.ph.cox.net) Quit (Ping timeout: 258 seconds)</span></li>
<li class="join">[<a href="#T06:30:51" id="T06:30:51"><abbr title="2010-06-22T06:30:51+00:00">06:30:51</abbr></a>] <span>* Belna (~Thomas@DSL01.212.114.252.242.ip-pool.NEFkom.net) has joined #beagle</span></li>
<li class="quit">[<a href="#T06:35:57" id="T06:35:57"><abbr title="2010-06-22T06:35:57+00:00">06:35:57</abbr></a>] <span>* jrmuizel (~jrmuizel@CPE001f5be79d0f-CM0017ee62f8b0.cpe.net.cable.rogers.com) Quit (Quit: jrmuizel)</span></li>
<li class="nick-change">[<a href="#T06:36:59" id="T06:36:59"><abbr title="2010-06-22T06:36:59+00:00">06:36:59</abbr></a>] <span>* aholler_ is now known as aHOLLER</span></li>
<li class="nick-change">[<a href="#T06:37:08" id="T06:37:08"><abbr title="2010-06-22T06:37:08+00:00">06:37:08</abbr></a>] <span>* aHOLLER is now known as aholler</span></li>
<li class="join">[<a href="#T06:38:27" id="T06:38:27"><abbr title="2010-06-22T06:38:27+00:00">06:38:27</abbr></a>] <span>* DanaG (~dana@66-169-236-186.static.snlo.ca.charter.com) has joined #beagle</span></li>
<li class="quit">[<a href="#T06:40:05" id="T06:40:05"><abbr title="2010-06-22T06:40:05+00:00">06:40:05</abbr></a>] <span>* ghoti (~paul@38.117.126.254) Quit (Ping timeout: 272 seconds)</span></li>
<li class="join">[<a href="#T06:41:25" id="T06:41:25"><abbr title="2010-06-22T06:41:25+00:00">06:41:25</abbr></a>] <span>* ghoti (~paul@38.117.126.254) has joined #beagle</span></li>
<li class="join">[<a href="#T06:41:57" id="T06:41:57"><abbr title="2010-06-22T06:41:57+00:00">06:41:57</abbr></a>] <span>* Crofton (~balister@188.107.239.189) has joined #beagle</span></li>
<li class="join">[<a href="#T06:43:10" id="T06:43:10"><abbr title="2010-06-22T06:43:10+00:00">06:43:10</abbr></a>] <span>* screwgoth (~raseel@122.170.44.87) has joined #beagle</span></li>
<li class="quit">[<a href="#T06:48:22" id="T06:48:22"><abbr title="2010-06-22T06:48:22+00:00">06:48:22</abbr></a>] <span>* ghoti (~paul@38.117.126.254) Quit (Ping timeout: 264 seconds)</span></li>
<li class="join">[<a href="#T06:48:41" id="T06:48:41"><abbr title="2010-06-22T06:48:41+00:00">06:48:41</abbr></a>] <span>* ghoti (~paul@38.117.126.254) has joined #beagle</span></li>
<li class="join">[<a href="#T06:50:21" id="T06:50:21"><abbr title="2010-06-22T06:50:21+00:00">06:50:21</abbr></a>] <span>* lamp_ (4d5c4ee1@gateway/web/freenode/ip.77.92.78.225) has joined #beagle</span></li>
<li class="message">[<a href="#T06:50:59" id="T06:50:59"><abbr title="2010-06-22T06:50:59+00:00">06:50:59</abbr></a>] &lt;<cite>lamp_</cite>&gt; <q>hello</q></li>
<li class="message">[<a href="#T06:51:33" id="T06:51:33"><abbr title="2010-06-22T06:51:33+00:00">06:51:33</abbr></a>] &lt;<cite>lamp_</cite>&gt; <q>install ubuntu 10.04 but my usb kayboard not working</q></li>
<li class="message">[<a href="#T06:51:53" id="T06:51:53"><abbr title="2010-06-22T06:51:53+00:00">06:51:53</abbr></a>] &lt;<cite>lamp_</cite>&gt; <q>how to resolve this problem</q></li>
<li class="quit">[<a href="#T06:55:07" id="T06:55:07"><abbr title="2010-06-22T06:55:07+00:00">06:55:07</abbr></a>] <span>* calculus (~calculus@gentoo/user/calculus) Quit (Ping timeout: 276 seconds)</span></li>
<li class="quit">[<a href="#T06:58:11" id="T06:58:11"><abbr title="2010-06-22T06:58:11+00:00">06:58:11</abbr></a>] <span>* ghoti (~paul@38.117.126.254) Quit (Ping timeout: 240 seconds)</span></li>
<li class="join">[<a href="#T06:59:20" id="T06:59:20"><abbr title="2010-06-22T06:59:20+00:00">06:59:20</abbr></a>] <span>* ghoti (~paul@38.117.126.254) has joined #beagle</span></li>
