<li class="join">[<a href="#T00:01:33" id="T00:01:33"><abbr title="2010-11-01T00:01:33+00:00">00:01:33</abbr></a>] <span>* r1nu_ (~remmargor@ppp-94-67-155-95.home.otenet.gr) has joined #beagle</span></li>
<li class="quit">[<a href="#T00:05:04" id="T00:05:04"><abbr title="2010-11-01T00:05:04+00:00">00:05:04</abbr></a>] <span>* johnnyg (~johnnyg@27-32-126-185.static.tpgi.com.au) Quit (Quit: Leaving)</span></li>
<li class="quit">[<a href="#T00:05:44" id="T00:05:44"><abbr title="2010-11-01T00:05:44+00:00">00:05:44</abbr></a>] <span>* r1nu- (~remmargor@unaffiliated/r1nu-) Quit (Ping timeout: 272 seconds)</span></li>
<li class="quit">[<a href="#T00:06:51" id="T00:06:51"><abbr title="2010-11-01T00:06:51+00:00">00:06:51</abbr></a>] <span>* Crofton (~balister@12.230.218.121) Quit (Quit: Leaving)</span></li>
<li class="join">[<a href="#T00:18:57" id="T00:18:57"><abbr title="2010-11-01T00:18:57+00:00">00:18:57</abbr></a>] <span>* djlewis (~djlewis@75.15.67.127) has joined #beagle</span></li>
<li class="message">[<a href="#T00:19:51" id="T00:19:51"><abbr title="2010-11-01T00:19:51+00:00">00:19:51</abbr></a>] &lt;<cite>djlewis</cite>&gt; <q>lets see if a used and slightly modified linksys G card works better</q></li>
<li class="quit">[<a href="#T00:30:07" id="T00:30:07"><abbr title="2010-11-01T00:30:07+00:00">00:30:07</abbr></a>] <span>* Guest12348 (~Crazymik3@CPE00259c601d5d-CM00080da43848.cpe.net.cable.rogers.com) Quit (Quit: Leaving)</span></li>
<li class="join">[<a href="#T00:30:39" id="T00:30:39"><abbr title="2010-11-01T00:30:39+00:00">00:30:39</abbr></a>] <span>* thaytan (~jan@ppp59-167-167-201.static.internode.on.net) has joined #beagle</span></li>
<li class="join">[<a href="#T00:38:01" id="T00:38:01"><abbr title="2010-11-01T00:38:01+00:00">00:38:01</abbr></a>] <span>* jayabharath (~jayabhara@nat/ti/x-aurlznwspxelnxuq) has joined #beagle</span></li>
<li class="quit">[<a href="#T00:52:33" id="T00:52:33"><abbr title="2010-11-01T00:52:33+00:00">00:52:33</abbr></a>] <span>* CMoH (~cipi@unaffiliated/c-moh) Quit (Remote host closed the connection)</span></li>
<li class="message">[<a href="#T00:57:49" id="T00:57:49"><abbr title="2010-11-01T00:57:49+00:00">00:57:49</abbr></a>] &lt;<cite>DavideV_</cite>&gt; <q>So is using opkg update; opkg upgrade on an Angstrom demo image taboo? Because two out of two tries it has mangled my install.</q></li>
<li class="quit">[<a href="#T00:59:28" id="T00:59:28"><abbr title="2010-11-01T00:59:28+00:00">00:59:28</abbr></a>] <span>* davidcb (~David@cpe-075-182-070-212.nc.res.rr.com) Quit (Remote host closed the connection)</span></li>
<li class="message">[<a href="#T01:01:33" id="T01:01:33"><abbr title="2010-11-01T01:01:33+00:00">01:01:33</abbr></a>] &lt;<cite>DavideV_</cite>&gt; <q>Aaaaand now I'm overwriting a fresh angstrom demo image again...</q></li>
<li class="message">[<a href="#T01:05:34" id="T01:05:34"><abbr title="2010-11-01T01:05:34+00:00">01:05:34</abbr></a>] &lt;<cite>djlewis</cite>&gt; <q>DavideV_: I too had the issue with login probs recently wit the demo image.</q></li>
<li class="message">[<a href="#T01:05:44" id="T01:05:44"><abbr title="2010-11-01T01:05:44+00:00">01:05:44</abbr></a>] &lt;<cite>djlewis</cite>&gt; <q>I just dropped it for the present</q></li>
<li class="message">[<a href="#T01:06:17" id="T01:06:17"><abbr title="2010-11-01T01:06:17+00:00">01:06:17</abbr></a>] &lt;<cite>djlewis</cite>&gt; <q>and last time I did a opkg upgrade was several versions back, 2.6.28 and it blew up on me.</q></li>
<li class="message">[<a href="#T01:06:23" id="T01:06:23"><abbr title="2010-11-01T01:06:23+00:00">01:06:23</abbr></a>] &lt;<cite>djlewis</cite>&gt; <q>It does work for  some.</q></li>
<li class="join">[<a href="#T01:07:22" id="T01:07:22"><abbr title="2010-11-01T01:07:22+00:00">01:07:22</abbr></a>] <span>* johnnyg (~johnnyg@27-32-126-185.static.tpgi.com.au) has joined #beagle</span></li>
<li class="message">[<a href="#T01:08:11" id="T01:08:11"><abbr title="2010-11-01T01:08:11+00:00">01:08:11</abbr></a>] &lt;<cite>DavideV_</cite>&gt; <q>Is there a good reason for the demo image to default to using unstable for updates?</q></li>
<li class="message">[<a href="#T01:09:05" id="T01:09:05"><abbr title="2010-11-01T01:09:05+00:00">01:09:05</abbr></a>] &lt;<cite>djlewis</cite>&gt; <q>it might be in transition</q></li>
<li class="part">[<a href="#T01:09:12" id="T01:09:12"><abbr title="2010-11-01T01:09:12+00:00">01:09:12</abbr></a>] <span>* johnnyg (~johnnyg@27-32-126-185.static.tpgi.com.au) has left #beagle</span></li>
<li class="join">[<a href="#T01:09:50" id="T01:09:50"><abbr title="2010-11-01T01:09:50+00:00">01:09:50</abbr></a>] <span>* kanru (~kanru@61-30-10-70.static.tfn.net.tw) has joined #beagle</span></li>
<li class="message">[<a href="#T01:10:32" id="T01:10:32"><abbr title="2010-11-01T01:10:32+00:00">01:10:32</abbr></a>] &lt;<cite>djlewis</cite>&gt; <q>i think unstable has been around a while now</q></li>
<li class="quit">[<a href="#T01:11:53" id="T01:11:53"><abbr title="2010-11-01T01:11:53+00:00">01:11:53</abbr></a>] <span>* SensorRod (ad19dd16@gateway/web/freenode/ip.173.25.221.22) Quit (Quit: Page closed)</span></li>
<li class="join">[<a href="#T01:12:02" id="T01:12:02"><abbr title="2010-11-01T01:12:02+00:00">01:12:02</abbr></a>] <span>* Crazymik3 (~Crazymik3@CPE00259c601d5d-CM00080da43848.cpe.net.cable.rogers.com) has joined #beagle</span></li>
<li class="quit">[<a href="#T01:25:46" id="T01:25:46"><abbr title="2010-11-01T01:25:46+00:00">01:25:46</abbr></a>] <span>* topfs2 (~topfs2@xbmc/staff/topfs2) Quit (Read error: Connection reset by peer)</span></li>
<li class="quit">[<a href="#T01:27:55" id="T01:27:55"><abbr title="2010-11-01T01:27:55+00:00">01:27:55</abbr></a>] <span>* russ (foobar@ip70-176-251-1.ph.ph.cox.net) Quit (Ping timeout: 240 seconds)</span></li>
<li class="join">[<a href="#T01:29:49" id="T01:29:49"><abbr title="2010-11-01T01:29:49+00:00">01:29:49</abbr></a>] <span>* russ (foobar@ip70-176-251-1.ph.ph.cox.net) has joined #beagle</span></li>
<li class="message">[<a href="#T01:33:12" id="T01:33:12"><abbr title="2010-11-01T01:33:12+00:00">01:33:12</abbr></a>] &lt;<cite>mru</cite>&gt; <q>ugh, now I have 49 different gcc builds installed again...</q></li>
<li class="message">[<a href="#T01:33:16" id="T01:33:16"><abbr title="2010-11-01T01:33:16+00:00">01:33:16</abbr></a>] &lt;<cite>mru</cite>&gt; <q>must do something about that</q></li>
<li class="message">[<a href="#T01:40:45" id="T01:40:45"><abbr title="2010-11-01T01:40:45+00:00">01:40:45</abbr></a>] &lt;<cite>djlewis</cite>&gt; <q>and I barely get along with one at a time</q></li>
<li class="join">[<a href="#T01:41:02" id="T01:41:02"><abbr title="2010-11-01T01:41:02+00:00">01:41:02</abbr></a>] <span>* mrj10 (~mrj10@24-217-106-63.dhcp.stls.mo.charter.com) has joined #beagle</span></li>
<li class="join">[<a href="#T01:42:15" id="T01:42:15"><abbr title="2010-11-01T01:42:15+00:00">01:42:15</abbr></a>] <span>* CMoH-notebook (~cipi@95.76.71.81) has joined #beagle</span></li>
<li class="quit">[<abbr title="2010-11-01T01:42:15+00:00">01:42:15</abbr>] <span>* CMoH-notebook (~cipi@95.76.71.81) Quit (Changing host)</span></li>
<li class="join">[<abbr title="2010-11-01T01:42:15+00:00">01:42:15</abbr>] <span>* CMoH-notebook (~cipi@unaffiliated/c-moh) has joined #beagle</span></li>
<li class="join">[<a href="#T01:47:32" id="T01:47:32"><abbr title="2010-11-01T01:47:32+00:00">01:47:32</abbr></a>] <span>* r1nu__ (~remmargor@ppp-94-67-158-233.home.otenet.gr) has joined #beagle</span></li>
<li class="quit">[<a href="#T01:48:10" id="T01:48:10"><abbr title="2010-11-01T01:48:10+00:00">01:48:10</abbr></a>] <span>* r1nu_ (~remmargor@ppp-94-67-155-95.home.otenet.gr) Quit (Read error: Operation timed out)</span></li>
<li class="message">[<a href="#T01:51:20" id="T01:51:20"><abbr title="2010-11-01T01:51:20+00:00">01:51:20</abbr></a>] &lt;<cite>ben_kludged</cite>&gt; <q>every time me thanks i gots a clue,,, i get mucked by so much nonsense about so much junk 'bout beagleboard</q></li>
<li class="message">[<a href="#T01:54:46" id="T01:54:46"><abbr title="2010-11-01T01:54:46+00:00">01:54:46</abbr></a>] &lt;<cite>ben_kludged</cite>&gt; <q>demo... narcissius/angstrom download ,, this that,,,, is there anything that works?  2008 thru 2010... cant get much to work,,, me thanks this is a secret</q></li>
<li class="quit">[<a href="#T01:55:13" id="T01:55:13"><abbr title="2010-11-01T01:55:13+00:00">01:55:13</abbr></a>] <span>* peabody124 (~peabody12@128.249.96.124) Quit (Quit: peabody124)</span></li>
<li class="message">[<a href="#T01:55:25" id="T01:55:25"><abbr title="2010-11-01T01:55:25+00:00">01:55:25</abbr></a>] &lt;<cite>rcn-ee</cite>&gt; <q>yeap, should work as is...  what error/issue/etc are you having?</q></li>
<li class="join">[<a href="#T01:58:34" id="T01:58:34"><abbr title="2010-11-01T01:58:34+00:00">01:58:34</abbr></a>] <span>* topfs2 (~topfs2@xbmc/staff/topfs2) has joined #beagle</span></li>
<li class="message">[<a href="#T01:59:01" id="T01:59:01"><abbr title="2010-11-01T01:59:01+00:00">01:59:01</abbr></a>] &lt;<cite>ben_kludged</cite>&gt; <q>i been seein all these guru's... here and the posts they provide... and each and everyone of 'em cant seem to get a straight forward demo doc </q></li>
<li class="message">[<a href="#T01:59:33" id="T01:59:33"><abbr title="2010-11-01T01:59:33+00:00">01:59:33</abbr></a>] &lt;<cite>djlewis</cite>&gt; <q>seems the process changes between versions</q></li>
<li class="quit">[<a href="#T02:00:15" id="T02:00:15"><abbr title="2010-11-01T02:00:15+00:00">02:00:15</abbr></a>] <span>* Crazymik3 (~Crazymik3@CPE00259c601d5d-CM00080da43848.cpe.net.cable.rogers.com) Quit (Quit: Leaving)</span></li>
<li class="message">[<a href="#T02:01:14" id="T02:01:14"><abbr title="2010-11-01T02:01:14+00:00">02:01:14</abbr></a>] &lt;<cite>djlewis</cite>&gt; <q>ben_kludged: i believe this is the most recent read below files list.</q></li>
<li class="message">[<a href="#T02:01:15" id="T02:01:15"><abbr title="2010-11-01T02:01:15+00:00">02:01:15</abbr></a>] &lt;<cite>djlewis</cite>&gt; <q><a href="http://www.angstrom-distribution.org/demo/beagleboard/">http://www.angstrom-distribution.org/demo/beagleboard/</a></q></li>
<li class="message">[<a href="#T02:02:31" id="T02:02:31"><abbr title="2010-11-01T02:02:31+00:00">02:02:31</abbr></a>] &lt;<cite>ben_kludged</cite>&gt; <q>i create demo linuxtab from narcissus... and then angstrom demo.... and what works with one just dont work with the other... is there just one demo for c4 that will work... o' btw there is nothin to 'splain how to use x11vnc , insteat of dvi or svideo,,,, that is a waste of bucks for me... </q></li>
<li class="message">[<a href="#T02:03:27" id="T02:03:27"><abbr title="2010-11-01T02:03:27+00:00">02:03:27</abbr></a>] &lt;<cite>ben_kludged</cite>&gt; <q>usb network, wifi,,, netgear, belkin, all mucked up</q></li>
<li class="message">[<a href="#T02:03:45" id="T02:03:45"><abbr title="2010-11-01T02:03:45+00:00">02:03:45</abbr></a>] &lt;<cite>rcn-ee</cite>&gt; <q>it should work across all boards, do you have an actual error or boot log for us to look at? x11vnc setup would be like any other linux setup...</q></li>
<li class="quit">[<a href="#T02:04:11" id="T02:04:11"><abbr title="2010-11-01T02:04:11+00:00">02:04:11</abbr></a>] <span>* mrj10 (~mrj10@24-217-106-63.dhcp.stls.mo.charter.com) Quit (Quit: Leaving.)</span></li>
<li class="message">[<a href="#T02:06:12" id="T02:06:12"><abbr title="2010-11-01T02:06:12+00:00">02:06:12</abbr></a>] &lt;<cite>ben_kludged</cite>&gt; <q>narcissus-linuxtab 2010,, dont start x11vnc,,,, angstrom-demo does,,, but like i says,,,,, i just gots a buntu host,,, and need to x11vnc to puppy,,, svid and dvi just haint the ticket</q></li>
<li class="message">[<a href="#T02:08:33" id="T02:08:33"><abbr title="2010-11-01T02:08:33+00:00">02:08:33</abbr></a>] &lt;<cite>ben_kludged</cite>&gt; <q>me use the linuxtab from narcissus,,, and cant get the belkin wifi workin,,,, but if i start the x11vnc manually,,, it dont start by itself... i can use the gnome gui to start the belkin wifi</q></li>
<li class="join">[<a href="#T02:09:28" id="T02:09:28"><abbr title="2010-11-01T02:09:28+00:00">02:09:28</abbr></a>] <span>* mrj10 (~mrj10@24-217-106-63.dhcp.stls.mo.charter.com) has joined #beagle</span></li>
<li class="message">[<a href="#T02:10:04" id="T02:10:04"><abbr title="2010-11-01T02:10:04+00:00">02:10:04</abbr></a>] &lt;<cite>ben_kludged</cite>&gt; <q>seems every thing is ass-halved... angstrom demo just dont even have /etc/network/interfaces... seems that there is a lot of thought goin on there</q></li>
<li class="quit">[<a href="#T02:10:33" id="T02:10:33"><abbr title="2010-11-01T02:10:33+00:00">02:10:33</abbr></a>] <span>* CMoH-notebook (~cipi@unaffiliated/c-moh) Quit (Remote host closed the connection)</span></li>
<li class="message">[<a href="#T02:13:31" id="T02:13:31"><abbr title="2010-11-01T02:13:31+00:00">02:13:31</abbr></a>] &lt;<cite>mrj10</cite>&gt; <q>have you used a non-debian-based distro before?</q></li>
<li class="message">[<a href="#T02:13:57" id="T02:13:57"><abbr title="2010-11-01T02:13:57+00:00">02:13:57</abbr></a>] &lt;<cite>mrj10</cite>&gt; <q>and what needs explaining about x11vnc?</q></li>
<li class="join">[<a href="#T02:15:33" id="T02:15:33"><abbr title="2010-11-01T02:15:33+00:00">02:15:33</abbr></a>] <span>* peabody124 (~peabody12@adsl-99-41-234-41.dsl.hstntx.sbcglobal.net) has joined #beagle</span></li>
<li class="message">[<a href="#T02:16:04" id="T02:16:04"><abbr title="2010-11-01T02:16:04+00:00">02:16:04</abbr></a>] &lt;<cite>mrj10</cite>&gt; <q>i'll go out on a limb and assume you're not a troll. /etc/network/interfaces should only exist if you're using ifupdown, one of several packages which manage network interfaces.  yes, debian and ubuntu use it, but not everyone.</q></li>
<li class="message">[<a href="#T02:16:06" id="T02:16:06"><abbr title="2010-11-01T02:16:06+00:00">02:16:06</abbr></a>] &lt;<cite>ben_kludged</cite>&gt; <q>where could i find an image i could put into my sdhc,,, that would allow me to x11vnc thru usb0(otg) or mayhaps eth0(usb-dongle) or wpa(usb-dongle) and use gstreamer,,, oh and by the way everytime i try to echo 150 &gt; export it mucks me up cause there is not any gpio_150 tickets in /sys/class/gpi-only gots gpiochips there....... as for non debian? whadda'y mean?</q></li>
<li class="message">[<a href="#T02:18:02" id="T02:18:02"><abbr title="2010-11-01T02:18:02+00:00">02:18:02</abbr></a>] &lt;<cite>mrj10</cite>&gt; <q>please paste an error message (use pastebin.com and post a link if it's longer than ~2 lines), it's easier to diagnose that way</q></li>
<li class="message">[<a href="#T02:18:07" id="T02:18:07"><abbr title="2010-11-01T02:18:07+00:00">02:18:07</abbr></a>] &lt;<cite>ben_kludged</cite>&gt; <q>would like to use buntu... but accordin' to docs ,, me needs dvi connection fer first boot,,, no gots</q></li>
<li class="message">[<a href="#T02:18:22" id="T02:18:22"><abbr title="2010-11-01T02:18:22+00:00">02:18:22</abbr></a>] &lt;<cite>rcn-ee</cite>&gt; <q>reread the docs, both images have a workaround for serial port...</q></li>
<li class="message">[<a href="#T02:18:40" id="T02:18:40"><abbr title="2010-11-01T02:18:40+00:00">02:18:40</abbr></a>] &lt;<cite>mrj10</cite>&gt; <q>you mean you don't have any DVI or HDMI monitors around?  or DVI doesn't work for the angstrom images you've tried?</q></li>
<li class="quit">[<a href="#T02:19:57" id="T02:19:57"><abbr title="2010-11-01T02:19:57+00:00">02:19:57</abbr></a>] <span>* mrj10 (~mrj10@24-217-106-63.dhcp.stls.mo.charter.com) Quit (Quit: Leaving.)</span></li>
<li class="join">[<a href="#T02:20:02" id="T02:20:02"><abbr title="2010-11-01T02:20:02+00:00">02:20:02</abbr></a>] <span>* mrj10 (~mrj10@24-217-106-63.dhcp.stls.mo.charter.com) has joined #beagle</span></li>
<li class="quit">[<a href="#T02:21:03" id="T02:21:03"><abbr title="2010-11-01T02:21:03+00:00">02:21:03</abbr></a>] <span>* hpham (~hpham@fwdweb.net) Quit (Ping timeout: 265 seconds)</span></li>
<li class="quit">[<a href="#T02:21:27" id="T02:21:27"><abbr title="2010-11-01T02:21:27+00:00">02:21:27</abbr></a>] <span>* mrj10 (~mrj10@24-217-106-63.dhcp.stls.mo.charter.com) Quit (Client Quit)</span></li>
<li class="join">[<a href="#T02:21:43" id="T02:21:43"><abbr title="2010-11-01T02:21:43+00:00">02:21:43</abbr></a>] <span>* mrj10 (~mrj10@24-217-106-63.dhcp.stls.mo.charter.com) has joined #beagle</span></li>
<li class="message">[<a href="#T02:22:02" id="T02:22:02"><abbr title="2010-11-01T02:22:02+00:00">02:22:02</abbr></a>] &lt;<cite>ben_kludged</cite>&gt; <q>this is a cheap dev board... no?.. i make sdhc,,, i plug my rs232 null ... get usb0 (otg) or ehci eth0 workin,,,, comon,,, now i need cables.... in my world usin the robot i plan,, i will use wifi,,, haint gonna have enuf cable to run to the 8' span of the piper j3</q></li>
<li class="message">[<a href="#T02:22:48" id="T02:22:48"><abbr title="2010-11-01T02:22:48+00:00">02:22:48</abbr></a>] &lt;<cite>djlewis</cite>&gt; <q>interpretation: he wants to setup with a console</q></li>
<li class="message">[<a href="#T02:23:08" id="T02:23:08"><abbr title="2010-11-01T02:23:08+00:00">02:23:08</abbr></a>] &lt;<cite>ben_kludged</cite>&gt; <q>that may be well true</q></li>
<li class="message">[<a href="#T02:23:10" id="T02:23:10"><abbr title="2010-11-01T02:23:10+00:00">02:23:10</abbr></a>] &lt;<cite>mrj10</cite>&gt; <q>don't spoil the fun for our european brethren</q></li>
<li class="message">[<a href="#T02:23:20" id="T02:23:20"><abbr title="2010-11-01T02:23:20+00:00">02:23:20</abbr></a>] &lt;<cite>djlewis</cite>&gt; <q>sorry :(</q></li>
<li class="message">[<a href="#T02:24:16" id="T02:24:16"><abbr title="2010-11-01T02:24:16+00:00">02:24:16</abbr></a>] &lt;<cite>mrj10</cite>&gt; <q>:P</q></li>
<li class="message">[<a href="#T02:24:17" id="T02:24:17"><abbr title="2010-11-01T02:24:17+00:00">02:24:17</abbr></a>] &lt;<cite>ben_kludged</cite>&gt; <q>yeah,, x11 console</q></li>
<li class="message">[<a href="#T02:24:33" id="T02:24:33"><abbr title="2010-11-01T02:24:33+00:00">02:24:33</abbr></a>] &lt;<cite>ben_kludged</cite>&gt; <q>wifi</q></li>
<li class="message">[<a href="#T02:25:31" id="T02:25:31"><abbr title="2010-11-01T02:25:31+00:00">02:25:31</abbr></a>] &lt;<cite>ben_kludged</cite>&gt; <q>mayhaps usin xbee spread spectrum with bigtime mileage range,, for video and stuffs</q></li>
<li class="join">[<a href="#T02:26:09" id="T02:26:09"><abbr title="2010-11-01T02:26:09+00:00">02:26:09</abbr></a>] <span>* BThompsonGR (~bernie@cpe-76-183-65-93.tx.res.rr.com) has joined #beagle</span></li>
<li class="message">[<a href="#T02:26:13" id="T02:26:13"><abbr title="2010-11-01T02:26:13+00:00">02:26:13</abbr></a>] &lt;<cite>ben_kludged</cite>&gt; <q>or just a plain car in the parkin' lot chasin cats at nite</q></li>
<li class="quit">[<a href="#T02:27:11" id="T02:27:11"><abbr title="2010-11-01T02:27:11+00:00">02:27:11</abbr></a>] <span>* mrj10 (~mrj10@24-217-106-63.dhcp.stls.mo.charter.com) Quit (Read error: Connection reset by peer)</span></li>
<li class="join">[<a href="#T02:27:18" id="T02:27:18"><abbr title="2010-11-01T02:27:18+00:00">02:27:18</abbr></a>] <span>* hookem (3ff6a930@gateway/web/freenode/ip.63.246.169.48) has joined #beagle</span></li>
<li class="join">[<a href="#T02:27:29" id="T02:27:29"><abbr title="2010-11-01T02:27:29+00:00">02:27:29</abbr></a>] <span>* mrj10 (~mrj10@24-217-106-63.dhcp.stls.mo.charter.com) has joined #beagle</span></li>
<li class="join">[<a href="#T02:28:50" id="T02:28:50"><abbr title="2010-11-01T02:28:50+00:00">02:28:50</abbr></a>] <span>* hpham (~hpham@fwdweb.net) has joined #beagle</span></li>
<li class="message">[<a href="#T02:32:12" id="T02:32:12"><abbr title="2010-11-01T02:32:12+00:00">02:32:12</abbr></a>] &lt;<cite>ben_kludged</cite>&gt; <q>cant even get wpa wireless workin on narcissus demo,,, or angstrom demo.... what's up wit dat?</q></li>
<li class="quit">[<abbr title="2010-11-01T02:32:12+00:00">02:32:12</abbr>] <span>* topfs2 (~topfs2@xbmc/staff/topfs2) Quit (Read error: Connection reset by peer)</span></li>
<li class="message">[<a href="#T02:32:42" id="T02:32:42"><abbr title="2010-11-01T02:32:42+00:00">02:32:42</abbr></a>] &lt;<cite>mrj10</cite>&gt; <q>can you get wep or unsecured wireless to work?</q></li>
<li class="message">[<a href="#T02:32:53" id="T02:32:53"><abbr title="2010-11-01T02:32:53+00:00">02:32:53</abbr></a>] &lt;<cite>ben_kludged</cite>&gt; <q>ok ,,, now i have vented,,, thanks</q></li>
<li class="message">[<a href="#T02:34:02" id="T02:34:02"><abbr title="2010-11-01T02:34:02+00:00">02:34:02</abbr></a>] &lt;<cite>mrj10</cite>&gt; <q>might not have the right drivers compiled in, the idea is for the demo images to exercise the features of the board, not compile in every driver in the universe</q></li>
<li class="message">[<a href="#T02:34:50" id="T02:34:50"><abbr title="2010-11-01T02:34:50+00:00">02:34:50</abbr></a>] &lt;<cite>ben_kludged</cite>&gt; <q>i can get wep/wpa workin thru narcissus linuxtab,,, but not from the command line,, only thur the x11vnc gui,,,,,once i log off it all evaporates</q></li>
<li class="message">[<a href="#T02:35:51" id="T02:35:51"><abbr title="2010-11-01T02:35:51+00:00">02:35:51</abbr></a>] &lt;<cite>mrj10</cite>&gt; <q>are you running out of a ramdisk, or is your root file system on the sd card?</q></li>
<li class="message">[<a href="#T02:36:20" id="T02:36:20"><abbr title="2010-11-01T02:36:20+00:00">02:36:20</abbr></a>] &lt;<cite>ben_kludged</cite>&gt; <q>wont be able to test clear wifi till next week,,,, mayhaps me be cryin' too soon</q></li>
<li class="message">[<a href="#T02:37:11" id="T02:37:11"><abbr title="2010-11-01T02:37:11+00:00">02:37:11</abbr></a>] &lt;<cite>DavideV_</cite>&gt; <q>Is there a safe way to update the software on the latest angstrom demo image?</q></li>
<li class="message">[<a href="#T02:37:27" id="T02:37:27"><abbr title="2010-11-01T02:37:27+00:00">02:37:27</abbr></a>] &lt;<cite>ben_kludged</cite>&gt; <q>ramdisk,,, me gots a 256M swap,, and plenty of space in this 4G sdhc slug</q></li>
<li class="message">[<a href="#T02:37:58" id="T02:37:58"><abbr title="2010-11-01T02:37:58+00:00">02:37:58</abbr></a>] &lt;<cite>mrj10</cite>&gt; <q>yeah, you'll want the directories where the wireless config is stored to be persistent (on the sd card)</q></li>
<li class="message">[<a href="#T02:38:00" id="T02:38:00"><abbr title="2010-11-01T02:38:00+00:00">02:38:00</abbr></a>] &lt;<cite>hookem</cite>&gt; <q>hey everyone, i'm trying to get 0xdroid to work on my beagleboard. i'm trying to grab the source from the server but it's like a couple gbs and takes forever to grab and always crashes midway. any ideas on how to just grab what i need/want?</q></li>
<li class="message">[<a href="#T02:38:27" id="T02:38:27"><abbr title="2010-11-01T02:38:27+00:00">02:38:27</abbr></a>] &lt;<cite>mrj10</cite>&gt; <q>DavideV_: Do you know about "opkg update &amp;&amp; opkg upgrade"?  are you wanting another way?</q></li>
<li class="message">[<a href="#T02:39:17" id="T02:39:17"><abbr title="2010-11-01T02:39:17+00:00">02:39:17</abbr></a>] &lt;<cite>mrj10</cite>&gt; <q>hookem: it's a gitorious repo right?  shouldn't you be able to checkout parts of the repo?</q></li>
<li class="message">[<a href="#T02:39:38" id="T02:39:38"><abbr title="2010-11-01T02:39:38+00:00">02:39:38</abbr></a>] &lt;<cite>DavideV_</cite>&gt; <q>@mrj10 Yes. That is exactly how I've toasted two fresh angstrom demo installs today.</q></li>
<li class="message">[<a href="#T02:39:45" id="T02:39:45"><abbr title="2010-11-01T02:39:45+00:00">02:39:45</abbr></a>] &lt;<cite>mrj10</cite>&gt; <q>ah</q></li>
<li class="message">[<a href="#T02:39:58" id="T02:39:58"><abbr title="2010-11-01T02:39:58+00:00">02:39:58</abbr></a>] &lt;<cite>ben_kludged</cite>&gt; <q>hmmm..... dude is there a doc that 'splains "opkt update &amp;&amp; opkg upgrade"... haint seen that 'fore</q></li>
<li class="message">[<a href="#T02:39:59" id="T02:39:59"><abbr title="2010-11-01T02:39:59+00:00">02:39:59</abbr></a>] &lt;<cite>mrj10</cite>&gt; <q>what is the failure mode?  is there a specific package upgrade that toasts you?</q></li>
<li class="message">[<a href="#T02:40:03" id="T02:40:03"><abbr title="2010-11-01T02:40:03+00:00">02:40:03</abbr></a>] &lt;<cite>DavideV_</cite>&gt; <q>Hence wanting a "safe" way.</q></li>
<li class="message">[<a href="#T02:40:05" id="T02:40:05"><abbr title="2010-11-01T02:40:05+00:00">02:40:05</abbr></a>] &lt;<cite>hookem</cite>&gt; <q>yes its the gitorious repo. i'm not exactly sure what command i would use to checkout only what i want</q></li>
<li class="message">[<a href="#T02:40:33" id="T02:40:33"><abbr title="2010-11-01T02:40:33+00:00">02:40:33</abbr></a>] &lt;<cite>hookem</cite>&gt; <q>i already specified my branch but i dunno why it's still downloading so much</q></li>
<li class="message">[<a href="#T02:40:47" id="T02:40:47"><abbr title="2010-11-01T02:40:47+00:00">02:40:47</abbr></a>] &lt;<cite>mrj10</cite>&gt; <q>angstrom uses opkg as its package manager <a href="http://code.google.com/p/opkg/">http://code.google.com/p/opkg/</a></q></li>
<li class="message">[<a href="#T02:40:52" id="T02:40:52"><abbr title="2010-11-01T02:40:52+00:00">02:40:52</abbr></a>] &lt;<cite>DavideV_</cite>&gt; <q>The first install would repeatedly crash X11 and return to the login screen 5 seconds after a successful login.</q></li>
<li class="message">[<a href="#T02:41:24" id="T02:41:24"><abbr title="2010-11-01T02:41:24+00:00">02:41:24</abbr></a>] &lt;<cite>DavideV_</cite>&gt; <q>The second install would just load X after login with nothing but a mouse cursor and stay there with a black screen.</q></li>
<li class="message">[<a href="#T02:41:49" id="T02:41:49"><abbr title="2010-11-01T02:41:49+00:00">02:41:49</abbr></a>] &lt;<cite>mrj10</cite>&gt; <q>hm.  i'd say it's not supposed to do that, but it's hard to say if there's a generally safer way, i think something's just broken with some package you're upgrading and that's a bug that should be fixed</q></li>
<li class="message">[<a href="#T02:42:26" id="T02:42:26"><abbr title="2010-11-01T02:42:26+00:00">02:42:26</abbr></a>] &lt;<cite>mrj10</cite>&gt; <q>alternatively you could only upgrade the packages you need new versions of (for now) and see if that still breaks it or not</q></li>
<li class="message">[<a href="#T02:42:32" id="T02:42:32"><abbr title="2010-11-01T02:42:32+00:00">02:42:32</abbr></a>] &lt;<cite>DavideV_</cite>&gt; <q>What are the recommended repos? Anything other than the default "unstable"</q></li>
<li class="message">[<a href="#T02:46:38" id="T02:46:38"><abbr title="2010-11-01T02:46:38+00:00">02:46:38</abbr></a>] &lt;<cite>ben_kludged</cite>&gt; <q>me just started the "opkg update &amp;&amp; opkg upgrade" ... and it is still workin'  another secret?</q></li>
<li class="message">[<a href="#T02:49:55" id="T02:49:55"><abbr title="2010-11-01T02:49:55+00:00">02:49:55</abbr></a>] &lt;<cite>mrj10</cite>&gt; <q>sorry davidev, i couldn't tell you</q></li>
<li class="message">[<a href="#T02:50:04" id="T02:50:04"><abbr title="2010-11-01T02:50:04+00:00">02:50:04</abbr></a>] &lt;<cite>mrj10</cite>&gt; <q>there's #openembedded on freenode, they would know</q></li>
<li class="message">[<a href="#T02:51:22" id="T02:51:22"><abbr title="2010-11-01T02:51:22+00:00">02:51:22</abbr></a>] &lt;<cite>ben_kludged</cite>&gt; <q>i been putzin here for 2+ months,, and haint seen nothin 'bout opkg upgrade... where is that clue located?</q></li>
<li class="message">[<a href="#T02:53:36" id="T02:53:36"><abbr title="2010-11-01T02:53:36+00:00">02:53:36</abbr></a>] &lt;<cite>DavideV_</cite>&gt; <q>I looked on the angstrom image build system, apparently the only options for beagleboard repo's are "unstable" and "next", which is even more bleeding edge and guaranteed to have problems.</q></li>
<li class="message">[<a href="#T02:56:44" id="T02:56:44"><abbr title="2010-11-01T02:56:44+00:00">02:56:44</abbr></a>] &lt;<cite>ben_kludged</cite>&gt; <q>what does "opkg upgrade" do ??  does it check? for current stuffs and upgrade? so if i use on one sdhc card,, the linuxtag 2010,,, it will upgrade that to the current? and if i use angstrom demo on another sdhc... it wil upgrade all images on that?</q></li>
<li class="join">[<a href="#T02:57:14" id="T02:57:14"><abbr title="2010-11-01T02:57:14+00:00">02:57:14</abbr></a>] <span>* r1nu_ (~remmargor@ppp-94-67-137-253.home.otenet.gr) has joined #beagle</span></li>
<li class="message">[<a href="#T02:57:55" id="T02:57:55"><abbr title="2010-11-01T02:57:55+00:00">02:57:55</abbr></a>] &lt;<cite>DavideV_</cite>&gt; <q>basically, it looks to its configuration files for a list of package sources, and decides what is newer than your installed packages.</q></li>
<li class="message">[<a href="#T02:58:08" id="T02:58:08"><abbr title="2010-11-01T02:58:08+00:00">02:58:08</abbr></a>] &lt;<cite>ben_kludged</cite>&gt; <q>ah</q></li>
<li class="message">[<a href="#T02:58:23" id="T02:58:23"><abbr title="2010-11-01T02:58:23+00:00">02:58:23</abbr></a>] &lt;<cite>DavideV_</cite>&gt; <q>No guarantees that the new apps will work properly.</q></li>
<li class="message">[<a href="#T02:58:53" id="T02:58:53"><abbr title="2010-11-01T02:58:53+00:00">02:58:53</abbr></a>] &lt;<cite>DavideV_</cite>&gt; <q>And opkg update is the command for updating the list of available packages.</q></li>
<li class="message">[<a href="#T02:59:10" id="T02:59:10"><abbr title="2010-11-01T02:59:10+00:00">02:59:10</abbr></a>] &lt;<cite>DavideV_</cite>&gt; <q>Otherwise it won't know there are newer packages out there.</q></li>
