<li class="quit">[<a href="#T00:18:02" id="T00:18:02"><abbr title="2010-10-05T00:18:02+00:00">00:18:02</abbr></a>] <span>* grund (~grund@host65-17-84-58.birch.net) Quit (Ping timeout: 264 seconds)</span></li>
<li class="quit">[<a href="#T00:32:58" id="T00:32:58"><abbr title="2010-10-05T00:32:58+00:00">00:32:58</abbr></a>] <span>* Zoxc (~zoxc@ti0128a380-dhcp0073.bb.online.no) Quit ()</span></li>
<li class="join">[<a href="#T00:34:41" id="T00:34:41"><abbr title="2010-10-05T00:34:41+00:00">00:34:41</abbr></a>] <span>* jayabharath (~jayabhara@nat/ti/x-ojzygbmtfxjsmuhz) has joined #beagle</span></li>
<li class="join">[<a href="#T00:40:51" id="T00:40:51"><abbr title="2010-10-05T00:40:51+00:00">00:40:51</abbr></a>] <span>* raster (raster@enlightenment2.osuosl.org) has joined #beagle</span></li>
<li class="quit">[<abbr title="2010-10-05T00:40:51+00:00">00:40:51</abbr>] <span>* raster (raster@enlightenment2.osuosl.org) Quit (Changing host)</span></li>
<li class="join">[<abbr title="2010-10-05T00:40:51+00:00">00:40:51</abbr>] <span>* raster (raster@enlightenment/developer/raster) has joined #beagle</span></li>
<li class="quit">[<a href="#T00:47:07" id="T00:47:07"><abbr title="2010-10-05T00:47:07+00:00">00:47:07</abbr></a>] <span>* katie (~katierh@nat/ti/x-yjrpzzzbmysfoogw) Quit ()</span></li>
<li class="quit">[<a href="#T00:47:13" id="T00:47:13"><abbr title="2010-10-05T00:47:13+00:00">00:47:13</abbr></a>] <span>* alancam (~a-campbel@nat/ti/x-qmhphzzdnvwyqiiw) Quit (Ping timeout: 252 seconds)</span></li>
<li class="quit">[<a href="#T00:49:13" id="T00:49:13"><abbr title="2010-10-05T00:49:13+00:00">00:49:13</abbr></a>] <span>* raster (raster@enlightenment/developer/raster) Quit (Quit: Gettin' stinky!)</span></li>
<li class="join">[<a href="#T00:50:24" id="T00:50:24"><abbr title="2010-10-05T00:50:24+00:00">00:50:24</abbr></a>] <span>* raster (raster@enlightenment2.osuosl.org) has joined #beagle</span></li>
<li class="quit">[<abbr title="2010-10-05T00:50:24+00:00">00:50:24</abbr>] <span>* raster (raster@enlightenment2.osuosl.org) Quit (Changing host)</span></li>
<li class="join">[<abbr title="2010-10-05T00:50:24+00:00">00:50:24</abbr>] <span>* raster (raster@enlightenment/developer/raster) has joined #beagle</span></li>
<li class="join">[<a href="#T00:56:57" id="T00:56:57"><abbr title="2010-10-05T00:56:57+00:00">00:56:57</abbr></a>] <span>* Sog (~sog@114-24-6-142.dynamic.hinet.net) has joined #beagle</span></li>
<li class="quit">[<a href="#T00:57:01" id="T00:57:01"><abbr title="2010-10-05T00:57:01+00:00">00:57:01</abbr></a>] <span>* jayabharath (~jayabhara@nat/ti/x-ojzygbmtfxjsmuhz) Quit (Ping timeout: 252 seconds)</span></li>
<li class="join">[<a href="#T00:57:16" id="T00:57:16"><abbr title="2010-10-05T00:57:16+00:00">00:57:16</abbr></a>] <span>* rbarraud__ (~rbarraud@118-92-25-3.dsl.dyn.ihug.co.nz) has joined #beagle</span></li>
<li class="quit">[<a href="#T00:57:54" id="T00:57:54"><abbr title="2010-10-05T00:57:54+00:00">00:57:54</abbr></a>] <span>* rbarraud_ (~rbarraud@118-92-3-220.dsl.dyn.ihug.co.nz) Quit (Ping timeout: 265 seconds)</span></li>
<li class="quit">[<a href="#T00:58:56" id="T00:58:56"><abbr title="2010-10-05T00:58:56+00:00">00:58:56</abbr></a>] <span>* davidc__ (~davidc__@S0106000f662a10a4.vc.shawcable.net) Quit (Quit: davidc__)</span></li>
<li class="quit">[<a href="#T01:06:28" id="T01:06:28"><abbr title="2010-10-05T01:06:28+00:00">01:06:28</abbr></a>] <span>* kanru (~kanru@118-168-236-242.dynamic.hinet.net) Quit (Ping timeout: 252 seconds)</span></li>
<li class="quit">[<a href="#T01:09:56" id="T01:09:56"><abbr title="2010-10-05T01:09:56+00:00">01:09:56</abbr></a>] <span>* Sog (~sog@114-24-6-142.dynamic.hinet.net) Quit (Quit: Leaving.)</span></li>
<li class="quit">[<a href="#T01:11:40" id="T01:11:40"><abbr title="2010-10-05T01:11:40+00:00">01:11:40</abbr></a>] <span>* krtaylor (~krtaylor@72.183.125.181) Quit (Quit: Leaving)</span></li>
<li class="join">[<a href="#T01:11:53" id="T01:11:53"><abbr title="2010-10-05T01:11:53+00:00">01:11:53</abbr></a>] <span>* djlewis (~djlewis@75.15.67.41) has joined #beagle</span></li>
<li class="message">[<a href="#T01:15:00" id="T01:15:00"><abbr title="2010-10-05T01:15:00+00:00">01:15:00</abbr></a>] &lt;<cite>djlewis</cite>&gt; <q>i'm back :)</q></li>
<li class="join">[<a href="#T01:17:10" id="T01:17:10"><abbr title="2010-10-05T01:17:10+00:00">01:17:10</abbr></a>] <span>* Ceriand|desktop (~Ceriand@unaffiliated/ceriand) has joined #beagle</span></li>
<li class="join">[<a href="#T01:21:16" id="T01:21:16"><abbr title="2010-10-05T01:21:16+00:00">01:21:16</abbr></a>] <span>* GeneralAntilles (~ryan@Maemo/community/council/GeneralAntilles) has joined #beagle</span></li>
<li class="join">[<a href="#T01:34:20" id="T01:34:20"><abbr title="2010-10-05T01:34:20+00:00">01:34:20</abbr></a>] <span>* davidc__ (~davidc__@S0106000f662a10a4.vc.shawcable.net) has joined #beagle</span></li>
<li class="quit">[<a href="#T01:35:49" id="T01:35:49"><abbr title="2010-10-05T01:35:49+00:00">01:35:49</abbr></a>] <span>* davidc__ (~davidc__@S0106000f662a10a4.vc.shawcable.net) Quit (Read error: Connection reset by peer)</span></li>
<li class="join">[<a href="#T01:35:51" id="T01:35:51"><abbr title="2010-10-05T01:35:51+00:00">01:35:51</abbr></a>] <span>* davidc__ (~davidc__@S0106000f662a10a4.vc.shawcable.net) has joined #beagle</span></li>
<li class="quit">[<a href="#T01:37:25" id="T01:37:25"><abbr title="2010-10-05T01:37:25+00:00">01:37:25</abbr></a>] <span>* gdm_ (~gdm@186.19.159.138) Quit (Read error: Connection reset by peer)</span></li>
<li class="quit">[<a href="#T01:38:48" id="T01:38:48"><abbr title="2010-10-05T01:38:48+00:00">01:38:48</abbr></a>] <span>* gdm (~gdm@186.19.159.138) Quit (Ping timeout: 240 seconds)</span></li>
<li class="join">[<a href="#T01:43:59" id="T01:43:59"><abbr title="2010-10-05T01:43:59+00:00">01:43:59</abbr></a>] <span>* Sog (~sog@123.50.41.179) has joined #beagle</span></li>
<li class="join">[<a href="#T01:46:02" id="T01:46:02"><abbr title="2010-10-05T01:46:02+00:00">01:46:02</abbr></a>] <span>* brolin (~brolin@190.71.160.62) has joined #beagle</span></li>
<li class="quit">[<a href="#T01:48:38" id="T01:48:38"><abbr title="2010-10-05T01:48:38+00:00">01:48:38</abbr></a>] <span>* Artanis (Artanis@159.108.165.83.dynamic.mundo-r.com) Quit (Disconnected by services)</span></li>
<li class="join">[<abbr title="2010-10-05T01:48:38+00:00">01:48:38</abbr>] <span>* GaunerRasekov (Artanis@159.108.165.83.dynamic.mundo-r.com) has joined #beagle</span></li>
<li class="join">[<a href="#T01:50:21" id="T01:50:21"><abbr title="2010-10-05T01:50:21+00:00">01:50:21</abbr></a>] <span>* jrmuizel (~jrmuizel@CPE001f5be79d0f-CM0017ee62f8b0.cpe.net.cable.rogers.com) has joined #beagle</span></li>
<li class="quit">[<a href="#T01:51:34" id="T01:51:34"><abbr title="2010-10-05T01:51:34+00:00">01:51:34</abbr></a>] <span>* XorA|gone (~XorA@www.xora.org.uk) Quit (Ping timeout: 252 seconds)</span></li>
<li class="join">[<a href="#T01:51:53" id="T01:51:53"><abbr title="2010-10-05T01:51:53+00:00">01:51:53</abbr></a>] <span>* XorA|gone (~XorA@www.xora.org.uk) has joined #beagle</span></li>
<li class="join">[<a href="#T01:55:14" id="T01:55:14"><abbr title="2010-10-05T01:55:14+00:00">01:55:14</abbr></a>] <span>* gdm (~gdm@186.19.159.138) has joined #beagle</span></li>
<li class="join">[<a href="#T01:59:09" id="T01:59:09"><abbr title="2010-10-05T01:59:09+00:00">01:59:09</abbr></a>] <span>* kanru (~kanru@61-30-10-70.static.tfn.net.tw) has joined #beagle</span></li>
<li class="quit">[<a href="#T02:21:08" id="T02:21:08"><abbr title="2010-10-05T02:21:08+00:00">02:21:08</abbr></a>] <span>* GaunerRasekov (Artanis@159.108.165.83.dynamic.mundo-r.com) Quit ()</span></li>
<li class="join">[<a href="#T02:21:13" id="T02:21:13"><abbr title="2010-10-05T02:21:13+00:00">02:21:13</abbr></a>] <span>* Artanis (Artanis@159.108.165.83.dynamic.mundo-r.com) has joined #beagle</span></li>
<li class="join">[<a href="#T02:28:14" id="T02:28:14"><abbr title="2010-10-05T02:28:14+00:00">02:28:14</abbr></a>] <span>* emeb|mac (~ericb@ip72-223-86-148.ph.ph.cox.net) has joined #beagle</span></li>
<li class="quit">[<a href="#T02:37:18" id="T02:37:18"><abbr title="2010-10-05T02:37:18+00:00">02:37:18</abbr></a>] <span>* emeb|mac (~ericb@ip72-223-86-148.ph.ph.cox.net) Quit (Ping timeout: 240 seconds)</span></li>
<li class="quit">[<a href="#T02:44:50" id="T02:44:50"><abbr title="2010-10-05T02:44:50+00:00">02:44:50</abbr></a>] <span>* GeneralAntilles (~ryan@Maemo/community/council/GeneralAntilles) Quit (Read error: Connection reset by peer)</span></li>
<li class="join">[<a href="#T02:45:51" id="T02:45:51"><abbr title="2010-10-05T02:45:51+00:00">02:45:51</abbr></a>] <span>* GeneralAntilles (~ryan@Maemo/community/council/GeneralAntilles) has joined #beagle</span></li>
<li class="quit">[<a href="#T02:57:35" id="T02:57:35"><abbr title="2010-10-05T02:57:35+00:00">02:57:35</abbr></a>] <span>* jrmuizel (~jrmuizel@CPE001f5be79d0f-CM0017ee62f8b0.cpe.net.cable.rogers.com) Quit (Quit: jrmuizel)</span></li>
<li class="join">[<a href="#T03:01:31" id="T03:01:31"><abbr title="2010-10-05T03:01:31+00:00">03:01:31</abbr></a>] <span>* cody (~cody@dslb-084-056-080-079.pools.arcor-ip.net) has joined #beagle</span></li>
<li class="join">[<a href="#T03:02:10" id="T03:02:10"><abbr title="2010-10-05T03:02:10+00:00">03:02:10</abbr></a>] <span>* dl9pf_ (~quassel@p5B213250.dip.t-dialin.net) has joined #beagle</span></li>
<li class="quit">[<a href="#T03:03:05" id="T03:03:05"><abbr title="2010-10-05T03:03:05+00:00">03:03:05</abbr></a>] <span>* dl9pf (~quassel@opensuse/member/dl9pf) Quit (Ping timeout: 265 seconds)</span></li>
<li class="join">[<a href="#T03:04:34" id="T03:04:34"><abbr title="2010-10-05T03:04:34+00:00">03:04:34</abbr></a>] <span>* russ (foobar@ip70-176-251-1.ph.ph.cox.net) has joined #beagle</span></li>
<li class="quit">[<a href="#T03:04:36" id="T03:04:36"><abbr title="2010-10-05T03:04:36+00:00">03:04:36</abbr></a>] <span>* cody_ (~cody@dslb-084-056-069-196.pools.arcor-ip.net) Quit (Ping timeout: 272 seconds)</span></li>
<li class="quit">[<a href="#T03:14:55" id="T03:14:55"><abbr title="2010-10-05T03:14:55+00:00">03:14:55</abbr></a>] <span>* GrizzlyAdams (~Grizzly@ip98-184-88-41.mc.at.cox.net) Quit (Quit: Leaving.)</span></li>
<li class="join">[<a href="#T03:22:36" id="T03:22:36"><abbr title="2010-10-05T03:22:36+00:00">03:22:36</abbr></a>] <span>* alancam (~a-campbel@nat/ti/x-cfmqbpqfxmtytqkb) has joined #beagle</span></li>
<li class="join">[<a href="#T03:23:46" id="T03:23:46"><abbr title="2010-10-05T03:23:46+00:00">03:23:46</abbr></a>] <span>* grund (~grund@64.244.156.164) has joined #beagle</span></li>
<li class="quit">[<a href="#T03:29:35" id="T03:29:35"><abbr title="2010-10-05T03:29:35+00:00">03:29:35</abbr></a>] <span>* BThompsonGR (~bernie@cpe-76-183-65-93.tx.res.rr.com) Quit (Read error: Connection reset by peer)</span></li>
<li class="join">[<a href="#T03:33:23" id="T03:33:23"><abbr title="2010-10-05T03:33:23+00:00">03:33:23</abbr></a>] <span>* hgs (~hgs@82.202-63-132.static.qala.com.sg) has joined #beagle</span></li>
<li class="quit">[<a href="#T03:47:27" id="T03:47:27"><abbr title="2010-10-05T03:47:27+00:00">03:47:27</abbr></a>] <span>* Sog (~sog@123.50.41.179) Quit (Quit: Leaving.)</span></li>
<li class="join">[<a href="#T03:48:02" id="T03:48:02"><abbr title="2010-10-05T03:48:02+00:00">03:48:02</abbr></a>] <span>* Sog (~sog@123.50.41.179) has joined #beagle</span></li>
<li class="quit">[<a href="#T03:51:34" id="T03:51:34"><abbr title="2010-10-05T03:51:34+00:00">03:51:34</abbr></a>] <span>* emeb (~ericb@ip72-223-86-148.ph.ph.cox.net) Quit (Quit: Leaving.)</span></li>
<li class="join">[<a href="#T03:57:50" id="T03:57:50"><abbr title="2010-10-05T03:57:50+00:00">03:57:50</abbr></a>] <span>* jrmuizel (~jrmuizel@CPE001f5be79d0f-CM0017ee62f8b0.cpe.net.cable.rogers.com) has joined #beagle</span></li>
<li class="quit">[<a href="#T04:13:46" id="T04:13:46"><abbr title="2010-10-05T04:13:46+00:00">04:13:46</abbr></a>] <span>* topfs2 (~topfs2@xbmc/staff/topfs2) Quit (Remote host closed the connection)</span></li>
<li class="join">[<a href="#T04:16:34" id="T04:16:34"><abbr title="2010-10-05T04:16:34+00:00">04:16:34</abbr></a>] <span>* chainsawbike (~chainsawb@2001:470:35:bb::2) has joined #beagle</span></li>
<li class="quit">[<a href="#T04:29:18" id="T04:29:18"><abbr title="2010-10-05T04:29:18+00:00">04:29:18</abbr></a>] <span>* jrmuizel (~jrmuizel@CPE001f5be79d0f-CM0017ee62f8b0.cpe.net.cable.rogers.com) Quit (Quit: jrmuizel)</span></li>
<li class="quit">[<a href="#T04:32:40" id="T04:32:40"><abbr title="2010-10-05T04:32:40+00:00">04:32:40</abbr></a>] <span>* scrp3l (~scrp3l@201.250.143.65) Quit (Ping timeout: 264 seconds)</span></li>
<li class="join">[<a href="#T04:38:42" id="T04:38:42"><abbr title="2010-10-05T04:38:42+00:00">04:38:42</abbr></a>] <span>* emeb|mac (~ericb@ip72-223-86-148.ph.ph.cox.net) has joined #beagle</span></li>
<li class="join">[<a href="#T04:42:31" id="T04:42:31"><abbr title="2010-10-05T04:42:31+00:00">04:42:31</abbr></a>] <span>* jayabharath (~jayabhara@nat/ti/x-joopaqcaohwadtjv) has joined #beagle</span></li>
<li class="quit">[<a href="#T04:43:31" id="T04:43:31"><abbr title="2010-10-05T04:43:31+00:00">04:43:31</abbr></a>] <span>* gregsparc (~chatzilla@208.65.91.90) Quit (Read error: No route to host)</span></li>
<li class="join">[<a href="#T04:43:48" id="T04:43:48"><abbr title="2010-10-05T04:43:48+00:00">04:43:48</abbr></a>] <span>* gregsparc_ (~chatzilla@208.65.91.90) has joined #beagle</span></li>
<li class="nick-change">[<a href="#T04:43:51" id="T04:43:51"><abbr title="2010-10-05T04:43:51+00:00">04:43:51</abbr></a>] <span>* gregsparc_ is now known as gregsparc</span></li>
<li class="quit">[<a href="#T04:47:55" id="T04:47:55"><abbr title="2010-10-05T04:47:55+00:00">04:47:55</abbr></a>] <span>* chainsawbike (~chainsawb@2001:470:35:bb::2) Quit (Read error: Operation timed out)</span></li>
<li class="join">[<a href="#T04:54:03" id="T04:54:03"><abbr title="2010-10-05T04:54:03+00:00">04:54:03</abbr></a>] <span>* hitlin37 (6eea0302@gateway/web/freenode/ip.110.234.3.2) has joined #beagle</span></li>
<li class="quit">[<a href="#T04:56:18" id="T04:56:18"><abbr title="2010-10-05T04:56:18+00:00">04:56:18</abbr></a>] <span>* emeb|mac (~ericb@ip72-223-86-148.ph.ph.cox.net) Quit (Ping timeout: 240 seconds)</span></li>
<li class="quit">[<a href="#T04:57:32" id="T04:57:32"><abbr title="2010-10-05T04:57:32+00:00">04:57:32</abbr></a>] <span>* espindola (~espindola@CPE001a704e2b6d-CM001225dd5348.cpe.net.cable.rogers.com) Quit (Quit: Ex-Chat)</span></li>
<li class="join">[<a href="#T04:59:49" id="T04:59:49"><abbr title="2010-10-05T04:59:49+00:00">04:59:49</abbr></a>] <span>* Animule (~Animal@70-57-17-233.hlrn.qwest.net) has joined #beagle</span></li>
<li class="quit">[<a href="#T05:01:59" id="T05:01:59"><abbr title="2010-10-05T05:01:59+00:00">05:01:59</abbr></a>] <span>* jonmasters (~jcm@dallas.jonmasters.org) Quit (Read error: Operation timed out)</span></li>
<li class="quit">[<a href="#T05:05:33" id="T05:05:33"><abbr title="2010-10-05T05:05:33+00:00">05:05:33</abbr></a>] <span>* mrc3 (~mrc3@nat/ti/x-fgwsoctsbrrtutha) Quit (Remote host closed the connection)</span></li>
<li class="join">[<a href="#T05:05:50" id="T05:05:50"><abbr title="2010-10-05T05:05:50+00:00">05:05:50</abbr></a>] <span>* mrc3 (~mrc3@nat/ti/x-hzxwjljzuemwsqqn) has joined #beagle</span></li>
<li class="join">[<a href="#T05:08:24" id="T05:08:24"><abbr title="2010-10-05T05:08:24+00:00">05:08:24</abbr></a>] <span>* chainsawbike (~chainsawb@chainsawbike-1-pt.tunnel.tserv25.sin1.ipv6.he.net) has joined #beagle</span></li>
<li class="message">[<a href="#T05:12:17" id="T05:12:17"><abbr title="2010-10-05T05:12:17+00:00">05:12:17</abbr></a>] &lt;<cite>hitlin37</cite>&gt; <q>i have through dss documentation,i have one doubt,it says display0,display1,display2 for lcd,dvi-d ,t v but on my system there are only two dispalys display0 and display1(board is currently connected to dvi-d only).what is display 0 and display 1 by default</q></li>
<li class="quit">[<a href="#T05:14:18" id="T05:14:18"><abbr title="2010-10-05T05:14:18+00:00">05:14:18</abbr></a>] <span>* jayabharath (~jayabhara@nat/ti/x-joopaqcaohwadtjv) Quit (Ping timeout: 240 seconds)</span></li>
<li class="join">[<a href="#T05:14:55" id="T05:14:55"><abbr title="2010-10-05T05:14:55+00:00">05:14:55</abbr></a>] <span>* jonmasters (~jcm@dallas.jonmasters.org) has joined #beagle</span></li>
<li class="join">[<a href="#T05:15:52" id="T05:15:52"><abbr title="2010-10-05T05:15:52+00:00">05:15:52</abbr></a>] <span>* emeb|mac (~ericb@ip72-223-86-148.ph.ph.cox.net) has joined #beagle</span></li>
<li class="message">[<a href="#T05:16:22" id="T05:16:22"><abbr title="2010-10-05T05:16:22+00:00">05:16:22</abbr></a>] &lt;<cite>tomba</cite>&gt; <q>hitlin37: it depends on your board. the displays appear in the order they were introduced in the kernel board file.</q></li>
<li class="message">[<a href="#T05:17:53" id="T05:17:53"><abbr title="2010-10-05T05:17:53+00:00">05:17:53</abbr></a>] &lt;<cite>hitlin37</cite>&gt; <q>is there any way i can check display 0 and display 1 refers to what</q></li>
<li class="quit">[<a href="#T05:19:16" id="T05:19:16"><abbr title="2010-10-05T05:19:16+00:00">05:19:16</abbr></a>] <span>* grund (~grund@64.244.156.164) Quit (Quit: meh, I quit)</span></li>
<li class="message">[<a href="#T05:19:37" id="T05:19:37"><abbr title="2010-10-05T05:19:37+00:00">05:19:37</abbr></a>] &lt;<cite>tomba</cite>&gt; <q>I think there's "name" entry under the sysfs for the displays.</q></li>
<li class="quit">[<a href="#T05:23:26" id="T05:23:26"><abbr title="2010-10-05T05:23:26+00:00">05:23:26</abbr></a>] <span>* Artanis (Artanis@159.108.165.83.dynamic.mundo-r.com) Quit (Ping timeout: 264 seconds)</span></li>
<li class="join">[<a href="#T05:28:29" id="T05:28:29"><abbr title="2010-10-05T05:28:29+00:00">05:28:29</abbr></a>] <span>* Artanis (~nolodigo@159.108.165.83.dynamic.mundo-r.com) has joined #beagle</span></li>
<li class="join">[<a href="#T05:28:52" id="T05:28:52"><abbr title="2010-10-05T05:28:52+00:00">05:28:52</abbr></a>] <span>* tassleho1f (~Mich@147.84-49-231.nextgentel.com) has joined #beagle</span></li>
<li class="message">[<a href="#T05:29:24" id="T05:29:24"><abbr title="2010-10-05T05:29:24+00:00">05:29:24</abbr></a>] &lt;<cite>hitlin37</cite>&gt; <q>a littile precise.?...in sys/fs there's ext4 directory,nothing else</q></li>
<li class="message">[<a href="#T05:29:38" id="T05:29:38"><abbr title="2010-10-05T05:29:38+00:00">05:29:38</abbr></a>] &lt;<cite>ds2</cite>&gt; <q>Hmmm</q></li>
<li class="message">[<a href="#T05:29:55" id="T05:29:55"><abbr title="2010-10-05T05:29:55+00:00">05:29:55</abbr></a>] &lt;<cite>_av500_</cite>&gt; <q>gm tomba, did you get the question about pal-m the other day?</q></li>
<li class="join">[<a href="#T05:31:17" id="T05:31:17"><abbr title="2010-10-05T05:31:17+00:00">05:31:17</abbr></a>] <span>* hvaibhav (~a0393758@192.163.20.231) has joined #beagle</span></li>
<li class="join">[<a href="#T05:44:24" id="T05:44:24"><abbr title="2010-10-05T05:44:24+00:00">05:44:24</abbr></a>] <span>* pcacjr_ (~pcacjr@unaffiliated/pcacjr) has joined #beagle</span></li>
<li class="quit">[<a href="#T05:48:11" id="T05:48:11"><abbr title="2010-10-05T05:48:11+00:00">05:48:11</abbr></a>] <span>* alancam (~a-campbel@nat/ti/x-cfmqbpqfxmtytqkb) Quit (Ping timeout: 276 seconds)</span></li>
<li class="quit">[<a href="#T05:48:16" id="T05:48:16"><abbr title="2010-10-05T05:48:16+00:00">05:48:16</abbr></a>] <span>* pcacjr (~pcacjr@unaffiliated/pcacjr) Quit (Ping timeout: 264 seconds)</span></li>
<li class="join">[<a href="#T05:52:37" id="T05:52:37"><abbr title="2010-10-05T05:52:37+00:00">05:52:37</abbr></a>] <span>* pcacjr__ (~pcacjr@187.78.26.239) has joined #beagle</span></li>
<li class="quit">[<a href="#T05:53:39" id="T05:53:39"><abbr title="2010-10-05T05:53:39+00:00">05:53:39</abbr></a>] <span>* tassleho1f (~Mich@147.84-49-231.nextgentel.com) Quit (Quit: leaving)</span></li>
<li class="message">[<a href="#T05:53:50" id="T05:53:50"><abbr title="2010-10-05T05:53:50+00:00">05:53:50</abbr></a>] &lt;<cite>hitlin37</cite>&gt; <q>thanks i got d name entry</q></li>
<li class="join">[<a href="#T05:54:06" id="T05:54:06"><abbr title="2010-10-05T05:54:06+00:00">05:54:06</abbr></a>] <span>* tassleho1f (~Mich@147.84-49-231.nextgentel.com) has joined #beagle</span></li>
<li class="quit">[<a href="#T05:56:40" id="T05:56:40"><abbr title="2010-10-05T05:56:40+00:00">05:56:40</abbr></a>] <span>* pcacjr_ (~pcacjr@unaffiliated/pcacjr) Quit (Ping timeout: 264 seconds)</span></li>
