<li class="quit">[<a href="#T00:02:34" id="T00:02:34"><abbr title="2010-12-29T00:02:34+00:00">00:02:34</abbr></a>] <span>* mikecsh (~mikecsh@188-223-42-38.zone14.bethere.co.uk) Quit (Quit: mikecsh)</span></li>
<li class="join">[<a href="#T00:05:11" id="T00:05:11"><abbr title="2010-12-29T00:05:11+00:00">00:05:11</abbr></a>] <span>* prpplague (~Dave@ppp-70-242-126-33.dsl.rcsntx.swbell.net) has joined #beagle</span></li>
<li class="quit">[<a href="#T00:06:41" id="T00:06:41"><abbr title="2010-12-29T00:06:41+00:00">00:06:41</abbr></a>] <span>* ppotera (~ppotera@99-100-130-116.lightspeed.stlsmo.sbcglobal.net) Quit (Quit: ppotera)</span></li>
<li class="join">[<a href="#T00:08:23" id="T00:08:23"><abbr title="2010-12-29T00:08:23+00:00">00:08:23</abbr></a>] <span>* mikey_w (~mike@pool-173-53-37-97.rcmdva.fios.verizon.net) has joined #beagle</span></li>
<li class="quit">[<a href="#T00:14:31" id="T00:14:31"><abbr title="2010-12-29T00:14:31+00:00">00:14:31</abbr></a>] <span>* rcn-ee (~voodoo@thief-pool1-30.mncable.net) Quit (Quit: Leaving)</span></li>
<li class="quit">[<a href="#T00:22:58" id="T00:22:58"><abbr title="2010-12-29T00:22:58+00:00">00:22:58</abbr></a>] <span>* CMoH (~cipi@unaffiliated/c-moh) Quit (Remote host closed the connection)</span></li>
<li class="nick-change">[<a href="#T00:28:10" id="T00:28:10"><abbr title="2010-12-29T00:28:10+00:00">00:28:10</abbr></a>] <span>* Guest180 is now known as ogra</span></li>
<li class="quit">[<a href="#T00:28:20" id="T00:28:20"><abbr title="2010-12-29T00:28:20+00:00">00:28:20</abbr></a>] <span>* ogra (~ogra@p5098ed03.dip0.t-ipconnect.de) Quit (Changing host)</span></li>
<li class="join">[<abbr title="2010-12-29T00:28:20+00:00">00:28:20</abbr>] <span>* ogra (~ogra@ubuntu/member/ogra) has joined #beagle</span></li>
<li class="join">[<a href="#T00:37:27" id="T00:37:27"><abbr title="2010-12-29T00:37:27+00:00">00:37:27</abbr></a>] <span>* djlewis (~djlewis@75.15.65.246) has joined #beagle</span></li>
<li class="join">[<a href="#T00:39:15" id="T00:39:15"><abbr title="2010-12-29T00:39:15+00:00">00:39:15</abbr></a>] <span>* mikecsh (~mikecsh@188-223-42-38.zone14.bethere.co.uk) has joined #beagle</span></li>
<li class="join">[<a href="#T00:43:36" id="T00:43:36"><abbr title="2010-12-29T00:43:36+00:00">00:43:36</abbr></a>] <span>* ppotera (~ppotera@99-100-130-116.lightspeed.stlsmo.sbcglobal.net) has joined #beagle</span></li>
<li class="quit">[<a href="#T00:43:55" id="T00:43:55"><abbr title="2010-12-29T00:43:55+00:00">00:43:55</abbr></a>] <span>* ppotera (~ppotera@99-100-130-116.lightspeed.stlsmo.sbcglobal.net) Quit (Client Quit)</span></li>
<li class="quit">[<a href="#T00:47:21" id="T00:47:21"><abbr title="2010-12-29T00:47:21+00:00">00:47:21</abbr></a>] <span>* CMoH-notebook (~cipi@unaffiliated/c-moh) Quit (Remote host closed the connection)</span></li>
<li class="quit">[<a href="#T00:58:24" id="T00:58:24"><abbr title="2010-12-29T00:58:24+00:00">00:58:24</abbr></a>] <span>* emeb (~ericb@ip70-190-178-182.ph.ph.cox.net) Quit (Quit: Leaving.)</span></li>
<li class="quit">[<a href="#T01:03:39" id="T01:03:39"><abbr title="2010-12-29T01:03:39+00:00">01:03:39</abbr></a>] <span>* mikecsh (~mikecsh@188-223-42-38.zone14.bethere.co.uk) Quit (Quit: mikecsh)</span></li>
<li class="action">[<a href="#T01:06:09" id="T01:06:09"><abbr title="2010-12-29T01:06:09+00:00">01:06:09</abbr></a>] <span>* ds2 throws around scooby snax</span></li>
<li class="message">[<a href="#T01:09:46" id="T01:09:46"><abbr title="2010-12-29T01:09:46+00:00">01:09:46</abbr></a>] &lt;<cite>ds2</cite>&gt; <q>who ever decided to make nolisten tcp the default for X on distros shouldbe shot</q></li>
<li class="message">[<a href="#T01:17:01" id="T01:17:01"><abbr title="2010-12-29T01:17:01+00:00">01:17:01</abbr></a>] &lt;<cite>ds2</cite>&gt; <q>security needs to be done at the highest layer that has enough context information to know how to secure it</q></li>
<li class="quit">[<a href="#T01:19:23" id="T01:19:23"><abbr title="2010-12-29T01:19:23+00:00">01:19:23</abbr></a>] <span>* sakoman (~sakoman@static-74-41-60-154.dsl1.pco.ca.frontiernet.net) Quit (Ping timeout: 240 seconds)</span></li>
<li class="join">[<a href="#T01:19:39" id="T01:19:39"><abbr title="2010-12-29T01:19:39+00:00">01:19:39</abbr></a>] <span>* sakoman (~sakoman@static-74-41-60-154.dsl1.pco.ca.frontiernet.net) has joined #beagle</span></li>
<li class="join">[<a href="#T01:20:27" id="T01:20:27"><abbr title="2010-12-29T01:20:27+00:00">01:20:27</abbr></a>] <span>* ppotera (~ppotera@99-100-130-116.lightspeed.stlsmo.sbcglobal.net) has joined #beagle</span></li>
<li class="join">[<a href="#T01:24:26" id="T01:24:26"><abbr title="2010-12-29T01:24:26+00:00">01:24:26</abbr></a>] <span>* mikecsh (~mikecsh@188-223-42-38.zone14.bethere.co.uk) has joined #beagle</span></li>
<li class="join">[<a href="#T01:34:56" id="T01:34:56"><abbr title="2010-12-29T01:34:56+00:00">01:34:56</abbr></a>] <span>* SynSlash (8ea2138d@gateway/web/freenode/ip.142.162.19.141) has joined #beagle</span></li>
<li class="quit">[<a href="#T01:35:26" id="T01:35:26"><abbr title="2010-12-29T01:35:26+00:00">01:35:26</abbr></a>] <span>* gdm (~gdm@186.18.69.144) Quit (Ping timeout: 260 seconds)</span></li>
<li class="quit">[<a href="#T01:35:27" id="T01:35:27"><abbr title="2010-12-29T01:35:27+00:00">01:35:27</abbr></a>] <span>* gdm_ (~gdm@186.18.69.144) Quit (Ping timeout: 272 seconds)</span></li>
<li class="message">[<a href="#T01:36:28" id="T01:36:28"><abbr title="2010-12-29T01:36:28+00:00">01:36:28</abbr></a>] &lt;<cite>SynSlash</cite>&gt; <q>I just got a beagleboard xm and was wondering, out of the box if i connect to a monitor and power on, should there be any output on the DVI port? because im getting nothing.. thanks</q></li>
<li class="message">[<a href="#T01:37:50" id="T01:37:50"><abbr title="2010-12-29T01:37:50+00:00">01:37:50</abbr></a>] &lt;<cite>ds2</cite>&gt; <q>probally</q></li>
<li class="message">[<a href="#T01:38:07" id="T01:38:07"><abbr title="2010-12-29T01:38:07+00:00">01:38:07</abbr></a>] &lt;<cite>djlewis</cite>&gt; <q>not</q></li>
<li class="message">[<a href="#T01:38:55" id="T01:38:55"><abbr title="2010-12-29T01:38:55+00:00">01:38:55</abbr></a>] &lt;<cite>ds2</cite>&gt; <q>the XM comes with a demo image</q></li>
<li class="message">[<a href="#T01:39:01" id="T01:39:01"><abbr title="2010-12-29T01:39:01+00:00">01:39:01</abbr></a>] &lt;<cite>djlewis</cite>&gt; <q>not a gui</q></li>
<li class="message">[<a href="#T01:39:14" id="T01:39:14"><abbr title="2010-12-29T01:39:14+00:00">01:39:14</abbr></a>] &lt;<cite>ds2</cite>&gt; <q>the bootloader should at least do something</q></li>
<li class="message">[<a href="#T01:39:16" id="T01:39:16"><abbr title="2010-12-29T01:39:16+00:00">01:39:16</abbr></a>] &lt;<cite>djlewis</cite>&gt; <q>does that demo image open a fb on dvi?</q></li>
<li class="message">[<a href="#T01:39:18" id="T01:39:18"><abbr title="2010-12-29T01:39:18+00:00">01:39:18</abbr></a>] &lt;<cite>SynSlash</cite>&gt; <q>not expecting a gui. i just get no signal at all</q></li>
<li class="message">[<a href="#T01:39:54" id="T01:39:54"><abbr title="2010-12-29T01:39:54+00:00">01:39:54</abbr></a>] &lt;<cite>djlewis</cite>&gt; <q>others have had the same issue and it took building up another image on a SD</q></li>
<li class="message">[<a href="#T01:40:09" id="T01:40:09"><abbr title="2010-12-29T01:40:09+00:00">01:40:09</abbr></a>] &lt;<cite>djlewis</cite>&gt; <q>hmmm</q></li>
<li class="message">[<a href="#T01:40:32" id="T01:40:32"><abbr title="2010-12-29T01:40:32+00:00">01:40:32</abbr></a>] &lt;<cite>SynSlash</cite>&gt; <q>also on the serial port im getting a small ammount of gibberish on boot and can't get anything comprehendable regardless of the baud rate with 8N1</q></li>
<li class="message">[<a href="#T01:40:33" id="T01:40:33"><abbr title="2010-12-29T01:40:33+00:00">01:40:33</abbr></a>] &lt;<cite>ds2</cite>&gt; <q>unless someone phucked up the bootloader yet again.... ;)</q></li>
<li class="join">[<a href="#T01:40:44" id="T01:40:44"><abbr title="2010-12-29T01:40:44+00:00">01:40:44</abbr></a>] <span>* BThompsonGR (~bernie@cpe-76-183-65-93.tx.res.rr.com) has joined #beagle</span></li>
<li class="message">[<a href="#T01:40:57" id="T01:40:57"><abbr title="2010-12-29T01:40:57+00:00">01:40:57</abbr></a>] &lt;<cite>djlewis</cite>&gt; <q>ds2: now, that never happens :P</q></li>
<li class="message">[<a href="#T01:41:20" id="T01:41:20"><abbr title="2010-12-29T01:41:20+00:00">01:41:20</abbr></a>] &lt;<cite>ds2</cite>&gt; <q>the dog was nice, then it was citrusified, then....</q></li>
<li class="message">[<a href="#T01:41:21" id="T01:41:21"><abbr title="2010-12-29T01:41:21+00:00">01:41:21</abbr></a>] &lt;<cite>djlewis</cite>&gt; <q>ds2: you thinking of the orange screen?</q></li>
<li class="quit">[<a href="#T01:41:40" id="T01:41:40"><abbr title="2010-12-29T01:41:40+00:00">01:41:40</abbr></a>] <span>* mikecsh (~mikecsh@188-223-42-38.zone14.bethere.co.uk) Quit (Quit: mikecsh)</span></li>
<li class="message">[<a href="#T01:41:43" id="T01:41:43"><abbr title="2010-12-29T01:41:43+00:00">01:41:43</abbr></a>] &lt;<cite>ds2</cite>&gt; <q>yes, citrusified</q></li>
<li class="message">[<a href="#T01:41:44" id="T01:41:44"><abbr title="2010-12-29T01:41:44+00:00">01:41:44</abbr></a>] &lt;<cite>djlewis</cite>&gt; <q>SynSlash: start with a clean serial console</q></li>
<li class="message">[<a href="#T01:41:59" id="T01:41:59"><abbr title="2010-12-29T01:41:59+00:00">01:41:59</abbr></a>] &lt;<cite>djlewis</cite>&gt; <q>115,200, 8,n,1</q></li>
<li class="message">[<a href="#T01:42:15" id="T01:42:15"><abbr title="2010-12-29T01:42:15+00:00">01:42:15</abbr></a>] &lt;<cite>SynSlash</cite>&gt; <q>yep that would be what im using at the moment</q></li>
<li class="message">[<a href="#T01:42:40" id="T01:42:40"><abbr title="2010-12-29T01:42:40+00:00">01:42:40</abbr></a>] &lt;<cite>djlewis</cite>&gt; <q>really need that console</q></li>
<li class="quit">[<a href="#T01:44:13" id="T01:44:13"><abbr title="2010-12-29T01:44:13+00:00">01:44:13</abbr></a>] <span>* ppotera (~ppotera@99-100-130-116.lightspeed.stlsmo.sbcglobal.net) Quit (Quit: ppotera)</span></li>
<li class="message">[<a href="#T01:44:42" id="T01:44:42"><abbr title="2010-12-29T01:44:42+00:00">01:44:42</abbr></a>] &lt;<cite>SynSlash</cite>&gt; <q>well I more or less got what i came here for.  I'll just go do some more reading and troubleshooting.. im sure ill be back. Thanks!</q></li>
<li class="message">[<a href="#T01:46:57" id="T01:46:57"><abbr title="2010-12-29T01:46:57+00:00">01:46:57</abbr></a>] &lt;<cite>djlewis</cite>&gt; <q>SynSlash: what is between the XM and PC and what os on PC?</q></li>
<li class="message">[<a href="#T01:47:38" id="T01:47:38"><abbr title="2010-12-29T01:47:38+00:00">01:47:38</abbr></a>] &lt;<cite>djlewis</cite>&gt; <q>and I dont mean your cup of mocha</q></li>
<li class="join">[<a href="#T01:47:45" id="T01:47:45"><abbr title="2010-12-29T01:47:45+00:00">01:47:45</abbr></a>] <span>* rcn-ee (~voodoo@thief-pool1-30.mncable.net) has joined #beagle</span></li>
<li class="nick-change">[<a href="#T01:48:16" id="T01:48:16"><abbr title="2010-12-29T01:48:16+00:00">01:48:16</abbr></a>] <span>* kimitake is now known as kimitake_idle</span></li>
<li class="quit">[<a href="#T01:51:34" id="T01:51:34"><abbr title="2010-12-29T01:51:34+00:00">01:51:34</abbr></a>] <span>* SynSlash (8ea2138d@gateway/web/freenode/ip.142.162.19.141) Quit (Ping timeout: 265 seconds)</span></li>
<li class="join">[<a href="#T01:58:29" id="T01:58:29"><abbr title="2010-12-29T01:58:29+00:00">01:58:29</abbr></a>] <span>* thaytan (~jan@ppp59-167-167-201.static.internode.on.net) has joined #beagle</span></li>
<li class="join">[<a href="#T02:01:31" id="T02:01:31"><abbr title="2010-12-29T02:01:31+00:00">02:01:31</abbr></a>] <span>* mihu1 (~michael@dslb-178-003-209-219.pools.arcor-ip.net) has joined #beagle</span></li>
<li class="quit">[<a href="#T02:02:03" id="T02:02:03"><abbr title="2010-12-29T02:02:03+00:00">02:02:03</abbr></a>] <span>* mihu (~michael@dslb-178-003-220-242.pools.arcor-ip.net) Quit (Ping timeout: 272 seconds)</span></li>
<li class="message">[<a href="#T02:10:20" id="T02:10:20"><abbr title="2010-12-29T02:10:20+00:00">02:10:20</abbr></a>] &lt;<cite>djlewis</cite>&gt; <q>ds2: seems the validation image does a console switch to a colour fb 128x48</q></li>
<li class="message">[<a href="#T02:11:25" id="T02:11:25"><abbr title="2010-12-29T02:11:25+00:00">02:11:25</abbr></a>] &lt;<cite>djlewis</cite>&gt; <q>and: fbcvt: 1024x768@60: CVT Name - .786M3-R</q></li>
<li class="message">[<a href="#T02:11:32" id="T02:11:32"><abbr title="2010-12-29T02:11:32+00:00">02:11:32</abbr></a>] &lt;<cite>djlewis</cite>&gt; <q>or whatever mode is set</q></li>
<li class="quit">[<a href="#T02:12:08" id="T02:12:08"><abbr title="2010-12-29T02:12:08+00:00">02:12:08</abbr></a>] <span>* mpoirier (~quassel@S0106002369de4dac.cg.shawcable.net) Quit (Read error: Operation timed out)</span></li>
<li class="message">[<a href="#T02:12:28" id="T02:12:28"><abbr title="2010-12-29T02:12:28+00:00">02:12:28</abbr></a>] &lt;<cite>ds2</cite>&gt; <q>so it should do something</q></li>
<li class="message">[<a href="#T02:13:13" id="T02:13:13"><abbr title="2010-12-29T02:13:13+00:00">02:13:13</abbr></a>] &lt;<cite>djlewis</cite>&gt; <q>someone should send me one so I can know first hand what goes on :)</q></li>
<li class="message">[<a href="#T02:13:45" id="T02:13:45"><abbr title="2010-12-29T02:13:45+00:00">02:13:45</abbr></a>] &lt;<cite>ds2</cite>&gt; <q>add NAND</q></li>
<li class="message">[<a href="#T02:13:57" id="T02:13:57"><abbr title="2010-12-29T02:13:57+00:00">02:13:57</abbr></a>] &lt;<cite>ds2</cite>&gt; <q>Ob av500 fodder ;)</q></li>
<li class="message">[<a href="#T02:14:01" id="T02:14:01"><abbr title="2010-12-29T02:14:01+00:00">02:14:01</abbr></a>] &lt;<cite>djlewis</cite>&gt; <q>hehee</q></li>
<li class="join">[<a href="#T02:20:29" id="T02:20:29"><abbr title="2010-12-29T02:20:29+00:00">02:20:29</abbr></a>] <span>* dj (~dj@ip68-8-92-178.sd.sd.cox.net) has joined #beagle</span></li>
<li class="nick-change">[<a href="#T02:20:50" id="T02:20:50"><abbr title="2010-12-29T02:20:50+00:00">02:20:50</abbr></a>] <span>* dj is now known as Guest75263</span></li>
<li class="message">[<a href="#T02:21:32" id="T02:21:32"><abbr title="2010-12-29T02:21:32+00:00">02:21:32</abbr></a>] &lt;<cite>Guest75263</cite>&gt; <q>i've got android installed on my beagle,  but I want to copy some apps to /system/app/ folder</q></li>
<li class="message">[<a href="#T02:21:56" id="T02:21:56"><abbr title="2010-12-29T02:21:56+00:00">02:21:56</abbr></a>] &lt;<cite>Guest75263</cite>&gt; <q>i get permission denied when i try to do it in ubuntu</q></li>
<li class="nick-change">[<a href="#T02:22:03" id="T02:22:03"><abbr title="2010-12-29T02:22:03+00:00">02:22:03</abbr></a>] <span>* kimitake_idle is now known as kimitake</span></li>
<li class="message">[<a href="#T02:22:25" id="T02:22:25"><abbr title="2010-12-29T02:22:25+00:00">02:22:25</abbr></a>] &lt;<cite>Guest75263</cite>&gt; <q>so i tried terminal but keep getting No such file or directory when i mount the sd card</q></li>
<li class="message">[<a href="#T02:31:21" id="T02:31:21"><abbr title="2010-12-29T02:31:21+00:00">02:31:21</abbr></a>] &lt;<cite>djlewis</cite>&gt; <q>did you sudo in ubuntu?</q></li>
<li class="quit">[<a href="#T02:31:51" id="T02:31:51"><abbr title="2010-12-29T02:31:51+00:00">02:31:51</abbr></a>] <span>* Guest75263 (~dj@ip68-8-92-178.sd.sd.cox.net) Quit (Quit: Leaving)</span></li>
<li class="message">[<a href="#T02:34:54" id="T02:34:54"><abbr title="2010-12-29T02:34:54+00:00">02:34:54</abbr></a>] &lt;<cite>djlewis</cite>&gt; <q>was it something I said? :P</q></li>
<li class="join">[<a href="#T02:36:30" id="T02:36:30"><abbr title="2010-12-29T02:36:30+00:00">02:36:30</abbr></a>] <span>* ppotera (~ppotera@99-100-130-116.lightspeed.stlsmo.sbcglobal.net) has joined #beagle</span></li>
<li class="join">[<a href="#T02:47:09" id="T02:47:09"><abbr title="2010-12-29T02:47:09+00:00">02:47:09</abbr></a>] <span>* sakoman_ (~sakoman@static-74-41-60-154.dsl1.pco.ca.frontiernet.net) has joined #beagle</span></li>
<li class="quit">[<a href="#T02:48:05" id="T02:48:05"><abbr title="2010-12-29T02:48:05+00:00">02:48:05</abbr></a>] <span>* sakoman (~sakoman@static-74-41-60-154.dsl1.pco.ca.frontiernet.net) Quit (Ping timeout: 264 seconds)</span></li>
<li class="quit">[<a href="#T03:00:49" id="T03:00:49"><abbr title="2010-12-29T03:00:49+00:00">03:00:49</abbr></a>] <span>* sakoman_ (~sakoman@static-74-41-60-154.dsl1.pco.ca.frontiernet.net) Quit (Ping timeout: 240 seconds)</span></li>
<li class="join">[<a href="#T03:02:04" id="T03:02:04"><abbr title="2010-12-29T03:02:04+00:00">03:02:04</abbr></a>] <span>* sakoman_ (~sakoman@static-74-41-60-154.dsl1.pco.ca.frontiernet.net) has joined #beagle</span></li>
<li class="message">[<a href="#T03:02:58" id="T03:02:58"><abbr title="2010-12-29T03:02:58+00:00">03:02:58</abbr></a>] &lt;<cite>djlewis</cite>&gt; <q>what were they thinking with a metal to metal clutch?</q></li>
<li class="message">[<a href="#T03:05:53" id="T03:05:53"><abbr title="2010-12-29T03:05:53+00:00">03:05:53</abbr></a>] &lt;<cite>ds2</cite>&gt; <q>1000 alloy alum to 1000 alloy alum? :D</q></li>
<li class="message">[<a href="#T03:06:26" id="T03:06:26"><abbr title="2010-12-29T03:06:26+00:00">03:06:26</abbr></a>] &lt;<cite>djlewis</cite>&gt; <q>steel to brass</q></li>
<li class="message">[<a href="#T03:07:23" id="T03:07:23"><abbr title="2010-12-29T03:07:23+00:00">03:07:23</abbr></a>] &lt;<cite>djlewis</cite>&gt; <q>and this low end drilling, four holes that should fit two plates together any way you lay them but </q></li>
<li class="message">[<a href="#T03:07:34" id="T03:07:34"><abbr title="2010-12-29T03:07:34+00:00">03:07:34</abbr></a>] &lt;<cite>ds2</cite>&gt; <q>what kind of machine is this?</q></li>
<li class="message">[<a href="#T03:07:39" id="T03:07:39"><abbr title="2010-12-29T03:07:39+00:00">03:07:39</abbr></a>] &lt;<cite>djlewis</cite>&gt; <q>precision so bad the holes only line up one way.</q></li>
<li class="message">[<a href="#T03:08:00" id="T03:08:00"><abbr title="2010-12-29T03:08:00+00:00">03:08:00</abbr></a>] &lt;<cite>djlewis</cite>&gt; <q>the cave astrola telescope mount</q></li>
<li class="message">[<a href="#T03:08:08" id="T03:08:08"><abbr title="2010-12-29T03:08:08+00:00">03:08:08</abbr></a>] &lt;<cite>ds2</cite>&gt; <q>oh so it is not high speed</q></li>
<li class="message">[<a href="#T03:08:19" id="T03:08:19"><abbr title="2010-12-29T03:08:19+00:00">03:08:19</abbr></a>] &lt;<cite>djlewis</cite>&gt; <q>fortunately :)</q></li>
<li class="message">[<a href="#T03:09:15" id="T03:09:15"><abbr title="2010-12-29T03:09:15+00:00">03:09:15</abbr></a>] &lt;<cite>djlewis</cite>&gt; <q>still, my being a perfectionist, I could not turn out their idea of product and sleep at night</q></li>
<li class="message">[<a href="#T03:09:43" id="T03:09:43"><abbr title="2010-12-29T03:09:43+00:00">03:09:43</abbr></a>] &lt;<cite>ds2</cite>&gt; <q>make replacement parts on the lathe / mill</q></li>
<li class="message">[<a href="#T03:09:45" id="T03:09:45"><abbr title="2010-12-29T03:09:45+00:00">03:09:45</abbr></a>] &lt;<cite>djlewis</cite>&gt; <q>co started out small, got too busy too fast and started cutting corners.</q></li>
<li class="message">[<a href="#T03:10:12" id="T03:10:12"><abbr title="2010-12-29T03:10:12+00:00">03:10:12</abbr></a>] &lt;<cite>djlewis</cite>&gt; <q>I'll have to come visit you with my "to be redone" parts :)</q></li>
<li class="message">[<a href="#T03:10:38" id="T03:10:38"><abbr title="2010-12-29T03:10:38+00:00">03:10:38</abbr></a>] &lt;<cite>ds2</cite>&gt; <q>I'll have the shop rates poster up in time :D</q></li>
<li class="message">[<a href="#T03:11:05" id="T03:11:05"><abbr title="2010-12-29T03:11:05+00:00">03:11:05</abbr></a>] &lt;<cite>djlewis</cite>&gt; <q>the DEC shaft is a 2"od steel bar that fits in a alum sleeve, no bearings.</q></li>
<li class="message">[<a href="#T03:11:27" id="T03:11:27"><abbr title="2010-12-29T03:11:27+00:00">03:11:27</abbr></a>] &lt;<cite>djlewis</cite>&gt; <q>at least the RA shaft has sealed bearings.</q></li>
<li class="message">[<a href="#T03:11:56" id="T03:11:56"><abbr title="2010-12-29T03:11:56+00:00">03:11:56</abbr></a>] &lt;<cite>ds2</cite>&gt; <q>is that shaft covered in grease?</q></li>
<li class="message">[<a href="#T03:12:23" id="T03:12:23"><abbr title="2010-12-29T03:12:23+00:00">03:12:23</abbr></a>] &lt;<cite>djlewis</cite>&gt; <q>$90 /hr, $120 if you watch, $300 if you help</q></li>
<li class="message">[<a href="#T03:12:47" id="T03:12:47"><abbr title="2010-12-29T03:12:47+00:00">03:12:47</abbr></a>] &lt;<cite>djlewis</cite>&gt; <q>it was dry when I took it apart but it will have a coat of grease going back together.</q></li>
<li class="message">[<a href="#T03:12:48" id="T03:12:48"><abbr title="2010-12-29T03:12:48+00:00">03:12:48</abbr></a>] &lt;<cite>ds2</cite>&gt; <q>}:-)</q></li>
<li class="message">[<a href="#T03:12:59" id="T03:12:59"><abbr title="2010-12-29T03:12:59+00:00">03:12:59</abbr></a>] &lt;<cite>ds2</cite>&gt; <q>bacon?</q></li>
<li class="message">[<a href="#T03:17:20" id="T03:17:20"><abbr title="2010-12-29T03:17:20+00:00">03:17:20</abbr></a>] &lt;<cite>djlewis</cite>&gt; <q>or use a little oil from behind my ears ..</q></li>
<li class="message">[<a href="#T03:17:29" id="T03:17:29"><abbr title="2010-12-29T03:17:29+00:00">03:17:29</abbr></a>] &lt;<cite>djlewis</cite>&gt; <q>my hair is too dry</q></li>
<li class="quit">[<a href="#T03:20:29" id="T03:20:29"><abbr title="2010-12-29T03:20:29+00:00">03:20:29</abbr></a>] <span>* mrj101 (~mrj10@71-221-128-180.bois.qwest.net) Quit (Ping timeout: 264 seconds)</span></li>
<li class="message">[<a href="#T03:24:14" id="T03:24:14"><abbr title="2010-12-29T03:24:14+00:00">03:24:14</abbr></a>] &lt;<cite>ds2</cite>&gt; <q>whatever works :D </q></li>
<li class="quit">[<a href="#T03:25:32" id="T03:25:32"><abbr title="2010-12-29T03:25:32+00:00">03:25:32</abbr></a>] <span>* brolin (~brolin@190.250.240.212) Quit (Quit: leaving)</span></li>
<li class="quit">[<a href="#T03:34:12" id="T03:34:12"><abbr title="2010-12-29T03:34:12+00:00">03:34:12</abbr></a>] <span>* khasim (~a0393720@192.163.20.231) Quit (Ping timeout: 255 seconds)</span></li>
<li class="nick-change">[<a href="#T03:35:06" id="T03:35:06"><abbr title="2010-12-29T03:35:06+00:00">03:35:06</abbr></a>] <span>* kimitake is now known as kimitake_idle</span></li>
<li class="quit">[<a href="#T03:41:58" id="T03:41:58"><abbr title="2010-12-29T03:41:58+00:00">03:41:58</abbr></a>] <span>* hgs1 (~hgs@82.202-63-132.static.qala.com.sg) Quit (Remote host closed the connection)</span></li>
<li class="join">[<a href="#T03:55:32" id="T03:55:32"><abbr title="2010-12-29T03:55:32+00:00">03:55:32</abbr></a>] <span>* mrj10 (~mrj10@96.18.108.190) has joined #beagle</span></li>
<li class="join">[<a href="#T03:57:20" id="T03:57:20"><abbr title="2010-12-29T03:57:20+00:00">03:57:20</abbr></a>] <span>* jrmuizel (~jrmuizel@CPE001f5be79d0f-CM0017ee62f8b0.cpe.net.cable.rogers.com) has joined #beagle</span></li>
<li class="quit">[<a href="#T04:03:27" id="T04:03:27"><abbr title="2010-12-29T04:03:27+00:00">04:03:27</abbr></a>] <span>* jrmuizel (~jrmuizel@CPE001f5be79d0f-CM0017ee62f8b0.cpe.net.cable.rogers.com) Quit (Quit: jrmuizel)</span></li>
<li class="join">[<a href="#T04:04:37" id="T04:04:37"><abbr title="2010-12-29T04:04:37+00:00">04:04:37</abbr></a>] <span>* jrmuizel (~jrmuizel@CPE001f5be79d0f-CM0017ee62f8b0.cpe.net.cable.rogers.com) has joined #beagle</span></li>
<li class="quit">[<a href="#T04:21:46" id="T04:21:46"><abbr title="2010-12-29T04:21:46+00:00">04:21:46</abbr></a>] <span>* mrj10 (~mrj10@96.18.108.190) Quit (Ping timeout: 240 seconds)</span></li>
<li class="join">[<a href="#T04:40:30" id="T04:40:30"><abbr title="2010-12-29T04:40:30+00:00">04:40:30</abbr></a>] <span>* aholler_ (~aholler@p57B201F4.dip0.t-ipconnect.de) has joined #beagle</span></li>
<li class="join">[<a href="#T04:42:38" id="T04:42:38"><abbr title="2010-12-29T04:42:38+00:00">04:42:38</abbr></a>] <span>* jayabharath (~jayabhara@nat/ti/x-rnfftbddaiqohuxl) has joined #beagle</span></li>
<li class="quit">[<a href="#T04:44:11" id="T04:44:11"><abbr title="2010-12-29T04:44:11+00:00">04:44:11</abbr></a>] <span>* aholler (~aholler@p57B2014D.dip0.t-ipconnect.de) Quit (Ping timeout: 272 seconds)</span></li>
<li class="quit">[<a href="#T04:48:57" id="T04:48:57"><abbr title="2010-12-29T04:48:57+00:00">04:48:57</abbr></a>] <span>* BThompsonGR (~bernie@cpe-76-183-65-93.tx.res.rr.com) Quit (Read error: Connection reset by peer)</span></li>
<li class="quit">[<a href="#T05:04:55" id="T05:04:55"><abbr title="2010-12-29T05:04:55+00:00">05:04:55</abbr></a>] <span>* espindola (~espindola@CPE30469af9ce48-CM001225dd5348.cpe.net.cable.rogers.com) Quit (Quit: Ex-Chat)</span></li>
<li class="join">[<a href="#T05:17:30" id="T05:17:30"><abbr title="2010-12-29T05:17:30+00:00">05:17:30</abbr></a>] <span>* khasim (~a0393720@192.163.20.231) has joined #beagle</span></li>
<li class="message">[<a href="#T05:20:50" id="T05:20:50"><abbr title="2010-12-29T05:20:50+00:00">05:20:50</abbr></a>] &lt;<cite>ds2</cite>&gt; <q>btw, has anyone tried qemu to run x86 software on the beagle?</q></li>
<li class="message">[<a href="#T05:23:20" id="T05:23:20"><abbr title="2010-12-29T05:23:20+00:00">05:23:20</abbr></a>] &lt;<cite>prpplague</cite>&gt; <q>ds2: interesting concept</q></li>
<li class="message">[<a href="#T05:23:28" id="T05:23:28"><abbr title="2010-12-29T05:23:28+00:00">05:23:28</abbr></a>] &lt;<cite>prpplague</cite>&gt; <q>ds2: what is the use case?</q></li>
<li class="message">[<a href="#T05:24:32" id="T05:24:32"><abbr title="2010-12-29T05:24:32+00:00">05:24:32</abbr></a>] &lt;<cite>ds2</cite>&gt; <q>prpplague: isn't it obvious?</q></li>
<li class="message">[<a href="#T05:24:39" id="T05:24:39"><abbr title="2010-12-29T05:24:39+00:00">05:24:39</abbr></a>] &lt;<cite>prpplague</cite>&gt; <q>ds2: not to me</q></li>
<li class="message">[<a href="#T05:25:06" id="T05:25:06"><abbr title="2010-12-29T05:25:06+00:00">05:25:06</abbr></a>] &lt;<cite>ds2</cite>&gt; <q>well, running x86 software, i.e. answer to why windows should be quarantined to a VM instead of being let loose</q></li>
<li class="quit">[<a href="#T05:25:16" id="T05:25:16"><abbr title="2010-12-29T05:25:16+00:00">05:25:16</abbr></a>] <span>* peabody124 (~peabody12@ip68-102-210-178.ks.ok.cox.net) Quit (Ping timeout: 260 seconds)</span></li>
<li class="message">[<a href="#T05:25:38" id="T05:25:38"><abbr title="2010-12-29T05:25:38+00:00">05:25:38</abbr></a>] &lt;<cite>ds2</cite>&gt; <q>lots of things can be recompiled but for specific fields where the publisher does a volume of sub 1000 sales in the lifetime, that just isn't likely</q></li>
<li class="message">[<a href="#T05:26:35" id="T05:26:35"><abbr title="2010-12-29T05:26:35+00:00">05:26:35</abbr></a>] &lt;<cite>ds2</cite>&gt; <q>or prehaps to show intel how low power one can get w/o an Atom and still run x86 software ;)</q></li>
<li class="quit">[<a href="#T05:35:01" id="T05:35:01"><abbr title="2010-12-29T05:35:01+00:00">05:35:01</abbr></a>] <span>* GPSFan (~kenm@64.92.145.112) Quit (Remote host closed the connection)</span></li>
<li class="join">[<a href="#T05:42:33" id="T05:42:33"><abbr title="2010-12-29T05:42:33+00:00">05:42:33</abbr></a>] <span>* heathkid (~heathkid2@108.114.202.130) has joined #beagle</span></li>
<li class="part">[<a href="#T05:44:51" id="T05:44:51"><abbr title="2010-12-29T05:44:51+00:00">05:44:51</abbr></a>] <span>* heathkid (~heathkid2@108.114.202.130) has left #beagle</span></li>
<li class="message">[<a href="#T05:52:33" id="T05:52:33"><abbr title="2010-12-29T05:52:33+00:00">05:52:33</abbr></a>] &lt;<cite>Animule</cite>&gt; <q>man....</q></li>
<li class="message">[<a href="#T05:52:51" id="T05:52:51"><abbr title="2010-12-29T05:52:51+00:00">05:52:51</abbr></a>] &lt;<cite>Animule</cite>&gt; <q>....shoebox dioramas of prehistoric dinosaur scenes....</q></li>
<li class="message">[<a href="#T05:52:58" id="T05:52:58"><abbr title="2010-12-29T05:52:58+00:00">05:52:58</abbr></a>] &lt;<cite>Animule</cite>&gt; <q>...i haven't made one of those since I was in 3rd grade!</q></li>
<li class="quit">[<a href="#T05:53:46" id="T05:53:46"><abbr title="2010-12-29T05:53:46+00:00">05:53:46</abbr></a>] <span>* ppotera (~ppotera@99-100-130-116.lightspeed.stlsmo.sbcglobal.net) Quit (Quit: ppotera)</span></li>
<li class="quit">[<a href="#T05:58:11" id="T05:58:11"><abbr title="2010-12-29T05:58:11+00:00">05:58:11</abbr></a>] <span>* jrmuizel (~jrmuizel@CPE001f5be79d0f-CM0017ee62f8b0.cpe.net.cable.rogers.com) Quit (Quit: jrmuizel)</span></li>
<li class="join">[<a href="#T05:59:03" id="T05:59:03"><abbr title="2010-12-29T05:59:03+00:00">05:59:03</abbr></a>] <span>* virals (~viral@122.179.95.104) has joined #beagle</span></li>
<li class="join">[<a href="#T06:07:20" id="T06:07:20"><abbr title="2010-12-29T06:07:20+00:00">06:07:20</abbr></a>] <span>* hitlin37 (6eea0302@gateway/web/freenode/ip.110.234.3.2) has joined #beagle</span></li>
<li class="quit">[<a href="#T06:12:05" id="T06:12:05"><abbr title="2010-12-29T06:12:05+00:00">06:12:05</abbr></a>] <span>* hitlin37 (6eea0302@gateway/web/freenode/ip.110.234.3.2) Quit (Ping timeout: 265 seconds)</span></li>
<li class="nick-change">[<a href="#T06:14:51" id="T06:14:51"><abbr title="2010-12-29T06:14:51+00:00">06:14:51</abbr></a>] <span>* jeremyTV is now known as jeremychang</span></li>
<li class="join">[<a href="#T06:20:41" id="T06:20:41"><abbr title="2010-12-29T06:20:41+00:00">06:20:41</abbr></a>] <span>* hitlin37 (6eea0302@gateway/web/freenode/ip.110.234.3.2) has joined #beagle</span></li>
<li class="message">[<a href="#T06:22:49" id="T06:22:49"><abbr title="2010-12-29T06:22:49+00:00">06:22:49</abbr></a>] &lt;<cite>destinal</cite>&gt; <q>ds2: eh, you'll be running x86 software very slowly though</q></li>
<li class="message">[<a href="#T06:24:01" id="T06:24:01"><abbr title="2010-12-29T06:24:01+00:00">06:24:01</abbr></a>] &lt;<cite>ds2</cite>&gt; <q>see "turtle vs hare"</q></li>
<li class="message">[<a href="#T06:24:02" id="T06:24:02"><abbr title="2010-12-29T06:24:02+00:00">06:24:02</abbr></a>] &lt;<cite>ds2</cite>&gt; <q>:D</q></li>
<li class="quit">[<a href="#T06:24:57" id="T06:24:57"><abbr title="2010-12-29T06:24:57+00:00">06:24:57</abbr></a>] <span>* khasim (~a0393720@192.163.20.231) Quit (Remote host closed the connection)</span></li>
<li class="join">[<a href="#T06:25:39" id="T06:25:39"><abbr title="2010-12-29T06:25:39+00:00">06:25:39</abbr></a>] <span>* khasim (~a0393720@192.163.20.231) has joined #beagle</span></li>
<li class="message">[<a href="#T06:34:31" id="T06:34:31"><abbr title="2010-12-29T06:34:31+00:00">06:34:31</abbr></a>] &lt;<cite>ds2</cite>&gt; <q>so much for OE being useful @#%$$%#$</q></li>
<li class="join">[<a href="#T06:43:56" id="T06:43:56"><abbr title="2010-12-29T06:43:56+00:00">06:43:56</abbr></a>] <span>* lyakh (~lyakh@pD9EB929E.dip0.t-ipconnect.de) has joined #beagle</span></li>
<li class="message">[<a href="#T06:46:18" id="T06:46:18"><abbr title="2010-12-29T06:46:18+00:00">06:46:18</abbr></a>] &lt;<cite>prpplague</cite>&gt; <q>ds2: hehe</q></li>
<li class="message">[<a href="#T06:46:42" id="T06:46:42"><abbr title="2010-12-29T06:46:42+00:00">06:46:42</abbr></a>] &lt;<cite>ds2</cite>&gt; <q>prpplague: I go look for a qemu recipe and up comes a native one... I can do that just fine @!$#@$#@$#@!</q></li>
<li class="message">[<a href="#T06:49:58" id="T06:49:58"><abbr title="2010-12-29T06:49:58+00:00">06:49:58</abbr></a>] &lt;<cite>ds2</cite>&gt; <q>finally came across a word that doesn't look like the english counter part - schonsten</q></li>
<li class="message">[<a href="#T06:53:48" id="T06:53:48"><abbr title="2010-12-29T06:53:48+00:00">06:53:48</abbr></a>] &lt;<cite>_av500_</cite>&gt; <q>ds2:  <a href="http://www.openaos.org/archives/372">http://www.openaos.org/archives/372</a></q></li>
<li class="message">[<a href="#T06:55:30" id="T06:55:30"><abbr title="2010-12-29T06:55:30+00:00">06:55:30</abbr></a>] &lt;<cite>ds2</cite>&gt; <q>_av500_: nice. what hw is gen6? </q></li>
<li class="message">[<a href="#T06:55:32" id="T06:55:32"><abbr title="2010-12-29T06:55:32+00:00">06:55:32</abbr></a>] &lt;<cite>ds2</cite>&gt; <q>omap2?</q></li>
<li class="message">[<a href="#T07:00:21" id="T07:00:21"><abbr title="2010-12-29T07:00:21+00:00">07:00:21</abbr></a>] &lt;<cite>ds2</cite>&gt; <q>found it, slower cortex</q></li>
<li class="quit">[<a href="#T07:09:40" id="T07:09:40"><abbr title="2010-12-29T07:09:40+00:00">07:09:40</abbr></a>] <span>* jayabharath (~jayabhara@nat/ti/x-rnfftbddaiqohuxl) Quit (Ping timeout: 276 seconds)</span></li>
<li class="join">[<a href="#T07:14:20" id="T07:14:20"><abbr title="2010-12-29T07:14:20+00:00">07:14:20</abbr></a>] <span>* mrj10 (~mrj10@96.18.108.190) has joined #beagle</span></li>
<li class="message">[<a href="#T07:22:21" id="T07:22:21"><abbr title="2010-12-29T07:22:21+00:00">07:22:21</abbr></a>] &lt;<cite>_av500_</cite>&gt; <q>omap3</q></li>
<li class="join">[<a href="#T07:23:16" id="T07:23:16"><abbr title="2010-12-29T07:23:16+00:00">07:23:16</abbr></a>] <span>* chiques_ (~tony@pool-98-112-74-151.lsanca.fios.verizon.net) has joined #beagle</span></li>
<li class="quit">[<a href="#T07:24:37" id="T07:24:37"><abbr title="2010-12-29T07:24:37+00:00">07:24:37</abbr></a>] <span>* ssvb (~ssvb@a88-114-220-213.elisa-laajakaista.fi) Quit (Quit: Leaving)</span></li>
<li class="quit">[<a href="#T07:24:40" id="T07:24:40"><abbr title="2010-12-29T07:24:40+00:00">07:24:40</abbr></a>] <span>* Openfree` (~Openfreer@116.228.88.131) Quit (Remote host closed the connection)</span></li>
<li class="join">[<a href="#T07:26:29" id="T07:26:29"><abbr title="2010-12-29T07:26:29+00:00">07:26:29</abbr></a>] <span>* Openfree` (~Openfreer@116.228.88.131) has joined #beagle</span></li>
<li class="quit">[<a href="#T07:28:59" id="T07:28:59"><abbr title="2010-12-29T07:28:59+00:00">07:28:59</abbr></a>] <span>* mrj10 (~mrj10@96.18.108.190) Quit (Ping timeout: 260 seconds)</span></li>
<li class="join">[<a href="#T07:53:48" id="T07:53:48"><abbr title="2010-12-29T07:53:48+00:00">07:53:48</abbr></a>] <span>* mrj10 (~mrj10@96.18.108.190) has joined #beagle</span></li>
<li class="quit">[<a href="#T08:02:21" id="T08:02:21"><abbr title="2010-12-29T08:02:21+00:00">08:02:21</abbr></a>] <span>* mrj10 (~mrj10@96.18.108.190) Quit (Ping timeout: 246 seconds)</span></li>
<li class="nick-change">[<a href="#T08:11:06" id="T08:11:06"><abbr title="2010-12-29T08:11:06+00:00">08:11:06</abbr></a>] <span>* destinal is now known as destinal-sleep</span></li>
<li class="message">[<a href="#T08:12:05" id="T08:12:05"><abbr title="2010-12-29T08:12:05+00:00">08:12:05</abbr></a>] &lt;<cite>koen</cite>&gt; <q>av500: this sounds like the story you told me at linuxtag: <a href="http://apple.slashdot.org/story/10/12/28/1932251/France-Planning-Non-Windows-Tablet-Tax">http://apple.slashdot.org/story/10/12/28/1932251/France-Planning-Non-Windows-Tablet-Tax</a></q></li>
<li class="message">[<a href="#T08:18:38" id="T08:18:38"><abbr title="2010-12-29T08:18:38+00:00">08:18:38</abbr></a>] &lt;<cite>av500</cite>&gt; <q>yeah</q></li>
<li class="join">[<a href="#T08:29:54" id="T08:29:54"><abbr title="2010-12-29T08:29:54+00:00">08:29:54</abbr></a>] <span>* jpirko (~jirka@ip-89-102-7-191.net.upcbroadband.cz) has joined #beagle</span></li>
<li class="message">[<a href="#T08:35:44" id="T08:35:44"><abbr title="2010-12-29T08:35:44+00:00">08:35:44</abbr></a>] &lt;<cite>ynezz</cite>&gt; <q>lol</q></li>
<li class="message">[<a href="#T08:36:28" id="T08:36:28"><abbr title="2010-12-29T08:36:28+00:00">08:36:28</abbr></a>] &lt;<cite>ynezz</cite>&gt; <q>those hallucinogenic frog eaters...</q></li>
<li class="quit">[<a href="#T08:39:40" id="T08:39:40"><abbr title="2010-12-29T08:39:40+00:00">08:39:40</abbr></a>] <span>* zodttd (~me@user-0c90n0l.cable.mindspring.com) Quit (Quit: Linkinus is updating...)</span></li>
<li class="join">[<a href="#T08:39:49" id="T08:39:49"><abbr title="2010-12-29T08:39:49+00:00">08:39:49</abbr></a>] <span>* zodttd (~me@user-0c90n0l.cable.mindspring.com) has joined #beagle</span></li>
<li class="join">[<a href="#T08:42:54" id="T08:42:54"><abbr title="2010-12-29T08:42:54+00:00">08:42:54</abbr></a>] <span>* Meizirkki (~quassel@YKMMMCCCLXXX.gprs.sl-laajakaista.fi) has joined #beagle</span></li>
<li class="quit">[<a href="#T08:47:51" id="T08:47:51"><abbr title="2010-12-29T08:47:51+00:00">08:47:51</abbr></a>] <span>* Openfree` (~Openfreer@116.228.88.131) Quit (Ping timeout: 255 seconds)</span></li>
<li class="quit">[<abbr title="2010-12-29T08:47:51+00:00">08:47:51</abbr>] <span>* chiques_ (~tony@pool-98-112-74-151.lsanca.fios.verizon.net) Quit (Ping timeout: 255 seconds)</span></li>
<li class="quit">[<a href="#T08:48:30" id="T08:48:30"><abbr title="2010-12-29T08:48:30+00:00">08:48:30</abbr></a>] <span>* killring (~killring@adsl-76-226-115-77.dsl.sfldmi.sbcglobal.net) Quit (Remote host closed the connection)</span></li>
<li class="join">[<a href="#T08:48:49" id="T08:48:49"><abbr title="2010-12-29T08:48:49+00:00">08:48:49</abbr></a>] <span>* killring (~killring@adsl-76-226-115-77.dsl.sfldmi.sbcglobal.net) has joined #beagle</span></li>
<li class="quit">[<a href="#T08:49:08" id="T08:49:08"><abbr title="2010-12-29T08:49:08+00:00">08:49:08</abbr></a>] <span>* mjrosenb (~mjrosenb@ip68-108-253-68.sb.sd.cox.net) Quit (Remote host closed the connection)</span></li>
<li class="join">[<a href="#T08:49:14" id="T08:49:14"><abbr title="2010-12-29T08:49:14+00:00">08:49:14</abbr></a>] <span>* mjrosenb (~mjrosenb@ip68-108-253-68.sb.sd.cox.net) has joined #beagle</span></li>
<li class="quit">[<a href="#T08:49:39" id="T08:49:39"><abbr title="2010-12-29T08:49:39+00:00">08:49:39</abbr></a>] <span>* rick__ (~rick@118-160-42-68.dynamic.hinet.net) Quit (Ping timeout: 255 seconds)</span></li>
<li class="message">[<a href="#T08:51:45" id="T08:51:45"><abbr title="2010-12-29T08:51:45+00:00">08:51:45</abbr></a>] &lt;<cite>ds2</cite>&gt; <q>it is shrooms to you!</q></li>
<li class="message">[<a href="#T08:51:48" id="T08:51:48"><abbr title="2010-12-29T08:51:48+00:00">08:51:48</abbr></a>] &lt;<cite>ds2</cite>&gt; <q>;)</q></li>
<li class="message">[<a href="#T08:52:05" id="T08:52:05"><abbr title="2010-12-29T08:52:05+00:00">08:52:05</abbr></a>] &lt;<cite>ds2</cite>&gt; <q>and shouldn't it be frog lickers? ;)</q></li>
<li class="join">[<a href="#T09:00:24" id="T09:00:24"><abbr title="2010-12-29T09:00:24+00:00">09:00:24</abbr></a>] <span>* chiques_ (~tony@pool-98-112-74-151.lsanca.fios.verizon.net) has joined #beagle</span></li>
<li class="join">[<a href="#T09:00:32" id="T09:00:32"><abbr title="2010-12-29T09:00:32+00:00">09:00:32</abbr></a>] <span>* Openfree` (~Openfreer@116.228.88.131) has joined #beagle</span></li>
<li class="join">[<a href="#T09:01:39" id="T09:01:39"><abbr title="2010-12-29T09:01:39+00:00">09:01:39</abbr></a>] <span>* rick__ (~rick@118-160-42-68.dynamic.hinet.net) has joined #beagle</span></li>
<li class="nick-change">[<a href="#T09:06:11" id="T09:06:11"><abbr title="2010-12-29T09:06:11+00:00">09:06:11</abbr></a>] <span>* ericben|away is now known as ericben</span></li>
<li class="join">[<a href="#T09:20:19" id="T09:20:19"><abbr title="2010-12-29T09:20:19+00:00">09:20:19</abbr></a>] <span>* niclas (~niclas@nat/ti/x-tzigvjunzdyetuhh) has joined #beagle</span></li>
<li class="message">[<a href="#T09:20:47" id="T09:20:47"><abbr title="2010-12-29T09:20:47+00:00">09:20:47</abbr></a>] &lt;<cite>ynezz</cite>&gt; <q>ds2: whatever :)</q></li>
<li class="quit">[<a href="#T09:21:29" id="T09:21:29"><abbr title="2010-12-29T09:21:29+00:00">09:21:29</abbr></a>] <span>* zodttd (~me@user-0c90n0l.cable.mindspring.com) Quit (Quit: zodttd)</span></li>
<li class="quit">[<a href="#T09:24:38" id="T09:24:38"><abbr title="2010-12-29T09:24:38+00:00">09:24:38</abbr></a>] <span>* khasim (~a0393720@192.163.20.231) Quit (Remote host closed the connection)</span></li>
<li class="join">[<a href="#T09:25:25" id="T09:25:25"><abbr title="2010-12-29T09:25:25+00:00">09:25:25</abbr></a>] <span>* khasim (~a0393720@192.163.20.231) has joined #beagle</span></li>
<li class="join">[<a href="#T09:42:45" id="T09:42:45"><abbr title="2010-12-29T09:42:45+00:00">09:42:45</abbr></a>] <span>* aditya (3b5d40b4@gateway/web/freenode/ip.59.93.64.180) has joined #beagle</span></li>
<li class="message">[<a href="#T09:42:59" id="T09:42:59"><abbr title="2010-12-29T09:42:59+00:00">09:42:59</abbr></a>] &lt;<cite>aditya</cite>&gt; <q>hi guys</q></li>
<li class="message">[<a href="#T09:43:06" id="T09:43:06"><abbr title="2010-12-29T09:43:06+00:00">09:43:06</abbr></a>] &lt;<cite>aditya</cite>&gt; <q>is anyone there?</q></li>
<li class="message">[<a href="#T09:43:24" id="T09:43:24"><abbr title="2010-12-29T09:43:24+00:00">09:43:24</abbr></a>] &lt;<cite>aditya</cite>&gt; <q>??</q></li>
<li class="quit">[<a href="#T09:44:12" id="T09:44:12"><abbr title="2010-12-29T09:44:12+00:00">09:44:12</abbr></a>] <span>* aditya (3b5d40b4@gateway/web/freenode/ip.59.93.64.180) Quit (Client Quit)</span></li>
<li class="join">[<a href="#T09:45:04" id="T09:45:04"><abbr title="2010-12-29T09:45:04+00:00">09:45:04</abbr></a>] <span>* aditya (3b5d40b4@gateway/web/freenode/ip.59.93.64.180) has joined #beagle</span></li>
<li class="message">[<a href="#T09:45:24" id="T09:45:24"><abbr title="2010-12-29T09:45:24+00:00">09:45:24</abbr></a>] &lt;<cite>aditya</cite>&gt; <q>can anyone help me please</q></li>
<li class="message">[<a href="#T09:48:11" id="T09:48:11"><abbr title="2010-12-29T09:48:11+00:00">09:48:11</abbr></a>] &lt;<cite>mihu1</cite>&gt; <q>aditya: Depends on what your problem is.</q></li>
<li class="join">[<a href="#T09:53:50" id="T09:53:50"><abbr title="2010-12-29T09:53:50+00:00">09:53:50</abbr></a>] <span>* aditya_ (3b5d34d2@gateway/web/freenode/ip.59.93.52.210) has joined #beagle</span></li>
<li class="message">[<a href="#T09:54:17" id="T09:54:17"><abbr title="2010-12-29T09:54:17+00:00">09:54:17</abbr></a>] &lt;<cite>aditya_</cite>&gt; <q>i am completely new to the beegal board can anyone tell me how to start?</q></li>
<li class="quit">[<a href="#T09:54:54" id="T09:54:54"><abbr title="2010-12-29T09:54:54+00:00">09:54:54</abbr></a>] <span>* aditya (3b5d40b4@gateway/web/freenode/ip.59.93.64.180) Quit (Ping timeout: 265 seconds)</span></li>
<li class="message">[<a href="#T09:55:19" id="T09:55:19"><abbr title="2010-12-29T09:55:19+00:00">09:55:19</abbr></a>] &lt;<cite>koen</cite>&gt; <q>is beegal the chinese knockoff of beagle?</q></li>
<li class="message">[<a href="#T09:55:28" id="T09:55:28"><abbr title="2010-12-29T09:55:28+00:00">09:55:28</abbr></a>] &lt;<cite>av500</cite>&gt; <q>indian</q></li>
<li class="join">[<a href="#T09:56:25" id="T09:56:25"><abbr title="2010-12-29T09:56:25+00:00">09:56:25</abbr></a>] <span>* naeg (~naeg@194.208.239.170) has joined #beagle</span></li>
<li class="join">[<a href="#T09:56:41" id="T09:56:41"><abbr title="2010-12-29T09:56:41+00:00">09:56:41</abbr></a>] <span>* lchile (d9219712@gateway/web/freenode/ip.217.33.151.18) has joined #beagle</span></li>
<li class="quit">[<a href="#T09:58:48" id="T09:58:48"><abbr title="2010-12-29T09:58:48+00:00">09:58:48</abbr></a>] <span>* lchile (d9219712@gateway/web/freenode/ip.217.33.151.18) Quit (Client Quit)</span></li>
<li class="quit">[<a href="#T09:59:29" id="T09:59:29"><abbr title="2010-12-29T09:59:29+00:00">09:59:29</abbr></a>] <span>* niclas (~niclas@nat/ti/x-tzigvjunzdyetuhh) Quit ()</span></li>
<li class="join">[<a href="#T09:59:52" id="T09:59:52"><abbr title="2010-12-29T09:59:52+00:00">09:59:52</abbr></a>] <span>* niclas (~niclas@nat/ti/x-soajaklhkxmdebxp) has joined #beagle</span></li>
<li class="quit">[<a href="#T10:07:43" id="T10:07:43"><abbr title="2010-12-29T10:07:43+00:00">10:07:43</abbr></a>] <span>* aditya_ (3b5d34d2@gateway/web/freenode/ip.59.93.52.210) Quit (Quit: Page closed)</span></li>
<li class="quit">[<a href="#T10:27:53" id="T10:27:53"><abbr title="2010-12-29T10:27:53+00:00">10:27:53</abbr></a>] <span>* kukyakya (~kukyakya@kukyakya.kaist.ac.kr) Quit (Quit: ??? ?????? ?????????.)</span></li>
<li class="message">[<a href="#T10:53:53" id="T10:53:53"><abbr title="2010-12-29T10:53:53+00:00">10:53:53</abbr></a>] &lt;<cite>aholler_</cite>&gt; <q>hmm, that tax makes sense, regarding how closed all those none-windows stuff is</q></li>
<li class="message">[<a href="#T10:54:25" id="T10:54:25"><abbr title="2010-12-29T10:54:25+00:00">10:54:25</abbr></a>] &lt;<cite>av500</cite>&gt; <q>a closed source tax </q></li>
<li class="message">[<a href="#T10:54:43" id="T10:54:43"><abbr title="2010-12-29T10:54:43+00:00">10:54:43</abbr></a>] &lt;<cite>aholler_</cite>&gt; <q>non-root-tax ;)</q></li>
<li class="message">[<a href="#T10:55:19" id="T10:55:19"><abbr title="2010-12-29T10:55:19+00:00">10:55:19</abbr></a>] &lt;<cite>av500</cite>&gt; <q>funny how it increases with storage size </q></li>
<li class="join">[<a href="#T11:04:37" id="T11:04:37"><abbr title="2010-12-29T11:04:37+00:00">11:04:37</abbr></a>] <span>* lifeeth (~praneeth@202.3.77.206) has joined #beagle</span></li>
<li class="quit">[<abbr title="2010-12-29T11:04:37+00:00">11:04:37</abbr>] <span>* lifeeth (~praneeth@202.3.77.206) Quit (Changing host)</span></li>
<li class="join">[<abbr title="2010-12-29T11:04:37+00:00">11:04:37</abbr>] <span>* lifeeth (~praneeth@unaffiliated/lifeeth) has joined #beagle</span></li>
<li class="quit">[<a href="#T11:24:57" id="T11:24:57"><abbr title="2010-12-29T11:24:57+00:00">11:24:57</abbr></a>] <span>* Meizirkki (~quassel@YKMMMCCCLXXX.gprs.sl-laajakaista.fi) Quit (Read error: Connection reset by peer)</span></li>
<li class="join">[<a href="#T11:33:28" id="T11:33:28"><abbr title="2010-12-29T11:33:28+00:00">11:33:28</abbr></a>] <span>* gustavoz (~gustavoz@host161.201-253-133.telecom.net.ar) has joined #beagle</span></li>
<li class="quit">[<a href="#T11:51:23" id="T11:51:23"><abbr title="2010-12-29T11:51:23+00:00">11:51:23</abbr></a>] <span>* hitlin37 (6eea0302@gateway/web/freenode/ip.110.234.3.2) Quit (Ping timeout: 265 seconds)</span></li>
<li class="quit">[<a href="#T12:11:54" id="T12:11:54"><abbr title="2010-12-29T12:11:54+00:00">12:11:54</abbr></a>] <span>* bjdooks (~ben@trinity.fluff.org) Quit (Quit: Lost terminal)</span></li>
<li class="join">[<a href="#T12:12:31" id="T12:12:31"><abbr title="2010-12-29T12:12:31+00:00">12:12:31</abbr></a>] <span>* flo_lap (~fuchs@Maemo/community/contributor/florian) has joined #beagle</span></li>
<li class="join">[<a href="#T12:17:58" id="T12:17:58"><abbr title="2010-12-29T12:17:58+00:00">12:17:58</abbr></a>] <span>* mrj10 (~mrj10@71-221-128-180.bois.qwest.net) has joined #beagle</span></li>
<li class="part">[<a href="#T12:24:40" id="T12:24:40"><abbr title="2010-12-29T12:24:40+00:00">12:24:40</abbr></a>] <span>* mihu1 (~michael@dslb-178-003-209-219.pools.arcor-ip.net) has left #beagle</span></li>
<li class="join">[<a href="#T12:50:53" id="T12:50:53"><abbr title="2010-12-29T12:50:53+00:00">12:50:53</abbr></a>] <span>* ppotera (~ppotera@99-100-130-116.lightspeed.stlsmo.sbcglobal.net) has joined #beagle</span></li>
<li class="join">[<a href="#T13:02:02" id="T13:02:02"><abbr title="2010-12-29T13:02:02+00:00">13:02:02</abbr></a>] <span>* kukyakya (~kukyakya@kukyakya.kaist.ac.kr) has joined #beagle</span></li>
<li class="join">[<a href="#T13:09:29" id="T13:09:29"><abbr title="2010-12-29T13:09:29+00:00">13:09:29</abbr></a>] <span>* drakkan1000 (~drakkan@62.123.237.207) has joined #beagle</span></li>
<li class="quit">[<a href="#T13:28:25" id="T13:28:25"><abbr title="2010-12-29T13:28:25+00:00">13:28:25</abbr></a>] <span>* khasim (~a0393720@192.163.20.231) Quit (Remote host closed the connection)</span></li>
<li class="join">[<a href="#T13:30:10" id="T13:30:10"><abbr title="2010-12-29T13:30:10+00:00">13:30:10</abbr></a>] <span>* khasim (~a0393720@192.163.20.231) has joined #beagle</span></li>
<li class="join">[<a href="#T13:39:43" id="T13:39:43"><abbr title="2010-12-29T13:39:43+00:00">13:39:43</abbr></a>] <span>* khasim1 (~a0393720@192.163.20.231) has joined #beagle</span></li>
<li class="quit">[<abbr title="2010-12-29T13:39:43+00:00">13:39:43</abbr>] <span>* khasim (~a0393720@192.163.20.231) Quit (Remote host closed the connection)</span></li>
<li class="quit">[<a href="#T13:49:03" id="T13:49:03"><abbr title="2010-12-29T13:49:03+00:00">13:49:03</abbr></a>] <span>* ppotera (~ppotera@99-100-130-116.lightspeed.stlsmo.sbcglobal.net) Quit (Quit: ppotera)</span></li>
<li class="message">[<a href="#T13:54:39" id="T13:54:39"><abbr title="2010-12-29T13:54:39+00:00">13:54:39</abbr></a>] &lt;<cite>lyakh</cite>&gt; <q>got an image from my beaglebox-xM + mt9p031 5m camera from Leopard Imaging:)</q></li>
<li class="message">[<a href="#T13:55:43" id="T13:55:43"><abbr title="2010-12-29T13:55:43+00:00">13:55:43</abbr></a>] &lt;<cite>av500</cite>&gt; <q>\\\ooo///</q></li>
<li class="quit">[<a href="#T14:02:52" id="T14:02:52"><abbr title="2010-12-29T14:02:52+00:00">14:02:52</abbr></a>] <span>* gustavoz (~gustavoz@host161.201-253-133.telecom.net.ar) Quit (Quit: Leaving)</span></li>
<li class="quit">[<a href="#T14:11:14" id="T14:11:14"><abbr title="2010-12-29T14:11:14+00:00">14:11:14</abbr></a>] <span>* naeg (~naeg@194.208.239.170) Quit (Quit: WeeChat 0.3.3)</span></li>
<li class="nick-change">[<a href="#T14:16:49" id="T14:16:49"><abbr title="2010-12-29T14:16:49+00:00">14:16:49</abbr></a>] <span>* aholler_ is now known as aholler</span></li>
<li class="join">[<a href="#T14:20:18" id="T14:20:18"><abbr title="2010-12-29T14:20:18+00:00">14:20:18</abbr></a>] <span>* jpsaman (~jpsaman@2001:4cb8:17:1:21d:9ff:fec6:18ac) has joined #beagle</span></li>
<li class="quit">[<abbr title="2010-12-29T14:20:18+00:00">14:20:18</abbr>] <span>* jpsaman (~jpsaman@2001:4cb8:17:1:21d:9ff:fec6:18ac) Quit (Changing host)</span></li>
<li class="join">[<abbr title="2010-12-29T14:20:18+00:00">14:20:18</abbr>] <span>* jpsaman (~jpsaman@videolan/developer/jpsaman) has joined #beagle</span></li>
<li class="join">[<a href="#T14:20:35" id="T14:20:35"><abbr title="2010-12-29T14:20:35+00:00">14:20:35</abbr></a>] <span>* ppotera (~ppotera@99-100-130-116.lightspeed.stlsmo.sbcglobal.net) has joined #beagle</span></li>
<li class="message">[<a href="#T14:25:40" id="T14:25:40"><abbr title="2010-12-29T14:25:40+00:00">14:25:40</abbr></a>] &lt;<cite>djlewis</cite>&gt; <q>lyakh: cool :)</q></li>
<li class="join">[<a href="#T14:27:09" id="T14:27:09"><abbr title="2010-12-29T14:27:09+00:00">14:27:09</abbr></a>] <span>* rsv (7aa62e54@gateway/web/freenode/ip.122.166.46.84) has joined #beagle</span></li>
<li class="message">[<a href="#T14:27:38" id="T14:27:38"><abbr title="2010-12-29T14:27:38+00:00">14:27:38</abbr></a>] &lt;<cite>rsv</cite>&gt; <q>if i want to access Mux mode register. do i need supervisory mode?</q></li>
<li class="message">[<a href="#T14:28:10" id="T14:28:10"><abbr title="2010-12-29T14:28:10+00:00">14:28:10</abbr></a>] &lt;<cite>av500</cite>&gt; <q>the kernel is in supervisor mode afaik</q></li>
<li class="quit">[<a href="#T14:29:43" id="T14:29:43"><abbr title="2010-12-29T14:29:43+00:00">14:29:43</abbr></a>] <span>* ppotera (~ppotera@99-100-130-116.lightspeed.stlsmo.sbcglobal.net) Quit (Quit: ppotera)</span></li>
<li class="message">[<a href="#T14:30:57" id="T14:30:57"><abbr title="2010-12-29T14:30:57+00:00">14:30:57</abbr></a>] &lt;<cite>rsv</cite>&gt; <q>okay. i use code composer and trying to access mux mode register from c and it doesnt reflect the changes</q></li>
<li class="join">[<a href="#T14:44:00" id="T14:44:00"><abbr title="2010-12-29T14:44:00+00:00">14:44:00</abbr></a>] <span>* Openfree (~Openfreer@61.170.200.5) has joined #beagle</span></li>
<li class="join">[<a href="#T14:45:17" id="T14:45:17"><abbr title="2010-12-29T14:45:17+00:00">14:45:17</abbr></a>] <span>* zodttd (~me@user-0c90n0l.cable.mindspring.com) has joined #beagle</span></li>
<li class="quit">[<a href="#T14:47:55" id="T14:47:55"><abbr title="2010-12-29T14:47:55+00:00">14:47:55</abbr></a>] <span>* PaulW_cdot (~paul@142.204.133.124) Quit (Ping timeout: 276 seconds)</span></li>
<li class="quit">[<a href="#T14:50:31" id="T14:50:31"><abbr title="2010-12-29T14:50:31+00:00">14:50:31</abbr></a>] <span>* klaas_work_ (~klaas@d54C07617.access.telenet.be) Quit (Ping timeout: 276 seconds)</span></li>
<li class="join">[<a href="#T14:50:58" id="T14:50:58"><abbr title="2010-12-29T14:50:58+00:00">14:50:58</abbr></a>] <span>* klaas_work_ (~klaas@d54C07617.access.telenet.be) has joined #beagle</span></li>
<li class="join">[<a href="#T14:59:09" id="T14:59:09"><abbr title="2010-12-29T14:59:09+00:00">14:59:09</abbr></a>] <span>* PaulW_cdot (~paul@142.204.133.124) has joined #beagle</span></li>
<li class="quit">[<a href="#T15:02:14" id="T15:02:14"><abbr title="2010-12-29T15:02:14+00:00">15:02:14</abbr></a>] <span>* rsv (7aa62e54@gateway/web/freenode/ip.122.166.46.84) Quit (Quit: Page closed)</span></li>
<li class="quit">[<a href="#T15:10:44" id="T15:10:44"><abbr title="2010-12-29T15:10:44+00:00">15:10:44</abbr></a>] <span>* khasim1 (~a0393720@192.163.20.231) Quit (Quit: Leaving.)</span></li>
<li class="quit">[<a href="#T15:16:33" id="T15:16:33"><abbr title="2010-12-29T15:16:33+00:00">15:16:33</abbr></a>] <span>* prpplague (~Dave@ppp-70-242-126-33.dsl.rcsntx.swbell.net) Quit (Quit: Leaving)</span></li>
<li class="quit">[<a href="#T15:22:35" id="T15:22:35"><abbr title="2010-12-29T15:22:35+00:00">15:22:35</abbr></a>] <span>* mikey_w (~mike@pool-173-53-37-97.rcmdva.fios.verizon.net) Quit (Ping timeout: 240 seconds)</span></li>
<li class="quit">[<a href="#T15:23:29" id="T15:23:29"><abbr title="2010-12-29T15:23:29+00:00">15:23:29</abbr></a>] <span>* Openfree (~Openfreer@61.170.200.5) Quit (Read error: Connection reset by peer)</span></li>
<li class="join">[<a href="#T15:23:41" id="T15:23:41"><abbr title="2010-12-29T15:23:41+00:00">15:23:41</abbr></a>] <span>* Openfree (~Openfreer@61.170.200.5) has joined #beagle</span></li>
<li class="quit">[<a href="#T15:25:25" id="T15:25:25"><abbr title="2010-12-29T15:25:25+00:00">15:25:25</abbr></a>] <span>* Openfree (~Openfreer@61.170.200.5) Quit (Read error: Connection reset by peer)</span></li>
<li class="join">[<a href="#T15:25:36" id="T15:25:36"><abbr title="2010-12-29T15:25:36+00:00">15:25:36</abbr></a>] <span>* Openfree (~Openfreer@61.170.200.5) has joined #beagle</span></li>
<li class="quit">[<a href="#T15:28:13" id="T15:28:13"><abbr title="2010-12-29T15:28:13+00:00">15:28:13</abbr></a>] <span>* Zoxc (Zoxc@ti0128a380-dhcp0526.bb.online.no) Quit (Ping timeout: 276 seconds)</span></li>
<li class="join">[<a href="#T15:31:21" id="T15:31:21"><abbr title="2010-12-29T15:31:21+00:00">15:31:21</abbr></a>] <span>* Zoxc (Zoxc@ti0128a380-dhcp0526.bb.online.no) has joined #beagle</span></li>
<li class="join">[<a href="#T15:34:59" id="T15:34:59"><abbr title="2010-12-29T15:34:59+00:00">15:34:59</abbr></a>] <span>* jrmuizel (~jrmuizel@CPE001f5be79d0f-CM0017ee62f8b0.cpe.net.cable.rogers.com) has joined #beagle</span></li>
<li class="join">[<a href="#T15:38:49" id="T15:38:49"><abbr title="2010-12-29T15:38:49+00:00">15:38:49</abbr></a>] <span>* mikey_w (~mike@94.102.151.146) has joined #beagle</span></li>
<li class="join">[<a href="#T15:40:55" id="T15:40:55"><abbr title="2010-12-29T15:40:55+00:00">15:40:55</abbr></a>] <span>* gustavoz (~gustavoz@host161.201-253-133.telecom.net.ar) has joined #beagle</span></li>
<li class="quit">[<a href="#T15:41:28" id="T15:41:28"><abbr title="2010-12-29T15:41:28+00:00">15:41:28</abbr></a>] <span>* mrc3_ (~ddiaz@189.157.112.115) Quit (Remote host closed the connection)</span></li>
<li class="join">[<a href="#T15:56:13" id="T15:56:13"><abbr title="2010-12-29T15:56:13+00:00">15:56:13</abbr></a>] <span>* pcacjr (~pcacjr@187.78.173.54) has joined #beagle</span></li>
<li class="quit">[<abbr title="2010-12-29T15:56:13+00:00">15:56:13</abbr>] <span>* pcacjr (~pcacjr@187.78.173.54) Quit (Changing host)</span></li>
<li class="join">[<abbr title="2010-12-29T15:56:13+00:00">15:56:13</abbr>] <span>* pcacjr (~pcacjr@unaffiliated/pcacjr) has joined #beagle</span></li>
<li class="join">[<a href="#T16:01:23" id="T16:01:23"><abbr title="2010-12-29T16:01:23+00:00">16:01:23</abbr></a>] <span>* emeb (~ericb@ip70-190-178-182.ph.ph.cox.net) has joined #beagle</span></li>
<li class="join">[<a href="#T16:13:07" id="T16:13:07"><abbr title="2010-12-29T16:13:07+00:00">16:13:07</abbr></a>] <span>* prpplague (~danders@nat/ti/x-zybyicpwrktnguff) has joined #beagle</span></li>
<li class="join">[<a href="#T16:26:48" id="T16:26:48"><abbr title="2010-12-29T16:26:48+00:00">16:26:48</abbr></a>] <span>* MK (47bf8772@gateway/web/freenode/ip.71.191.135.114) has joined #beagle</span></li>
<li class="quit">[<a href="#T16:27:07" id="T16:27:07"><abbr title="2010-12-29T16:27:07+00:00">16:27:07</abbr></a>] <span>* jrmuizel (~jrmuizel@CPE001f5be79d0f-CM0017ee62f8b0.cpe.net.cable.rogers.com) Quit (Quit: jrmuizel)</span></li>
<li class="nick-change">[<a href="#T16:27:15" id="T16:27:15"><abbr title="2010-12-29T16:27:15+00:00">16:27:15</abbr></a>] <span>* MK is now known as Guest99942</span></li>
<li class="quit">[<a href="#T16:28:21" id="T16:28:21"><abbr title="2010-12-29T16:28:21+00:00">16:28:21</abbr></a>] <span>* jpsaman (~jpsaman@videolan/developer/jpsaman) Quit (Quit: Leaving)</span></li>
<li class="join">[<a href="#T16:29:50" id="T16:29:50"><abbr title="2010-12-29T16:29:50+00:00">16:29:50</abbr></a>] <span>* peabody124 (~peabody12@ip68-102-210-178.ks.ok.cox.net) has joined #beagle</span></li>
<li class="message">[<a href="#T16:29:57" id="T16:29:57"><abbr title="2010-12-29T16:29:57+00:00">16:29:57</abbr></a>] &lt;<cite>Guest99942</cite>&gt; <q>XM board  revB . Does anyone know of any issues with setting omapfb.vram env variable? It works in the u-boot that is shipped with the board, but not when I use u-boot that is built through bitbake</q></li>
<li class="join">[<a href="#T16:30:25" id="T16:30:25"><abbr title="2010-12-29T16:30:25+00:00">16:30:25</abbr></a>] <span>* ppotera (~ppotera@99-100-130-116.lightspeed.stlsmo.sbcglobal.net) has joined #beagle</span></li>
<li class="join">[<a href="#T16:32:15" id="T16:32:15"><abbr title="2010-12-29T16:32:15+00:00">16:32:15</abbr></a>] <span>* dirk2 (~dirk@p5B04002E.dip0.t-ipconnect.de) has joined #beagle</span></li>
<li class="quit">[<a href="#T16:33:40" id="T16:33:40"><abbr title="2010-12-29T16:33:40+00:00">16:33:40</abbr></a>] <span>* dirk2 (~dirk@p5B04002E.dip0.t-ipconnect.de) Quit (Remote host closed the connection)</span></li>
<li class="join">[<a href="#T16:34:06" id="T16:34:06"><abbr title="2010-12-29T16:34:06+00:00">16:34:06</abbr></a>] <span>* dirk2 (~dirk@p5B04002E.dip0.t-ipconnect.de) has joined #beagle</span></li>
<li class="quit">[<a href="#T16:37:47" id="T16:37:47"><abbr title="2010-12-29T16:37:47+00:00">16:37:47</abbr></a>] <span>* mikey_w (~mike@94.102.151.146) Quit (Ping timeout: 240 seconds)</span></li>
<li class="join">[<a href="#T16:40:27" id="T16:40:27"><abbr title="2010-12-29T16:40:27+00:00">16:40:27</abbr></a>] <span>* jrmuizel (~jrmuizel@CPE001f5be79d0f-CM0017ee62f8b0.cpe.net.cable.rogers.com) has joined #beagle</span></li>
<li class="nick-change">[<a href="#T16:40:50" id="T16:40:50"><abbr title="2010-12-29T16:40:50+00:00">16:40:50</abbr></a>] <span>* destinal-sleep is now known as destinal</span></li>
<li class="message">[<a href="#T16:42:59" id="T16:42:59"><abbr title="2010-12-29T16:42:59+00:00">16:42:59</abbr></a>] &lt;<cite>koen</cite>&gt; <q>uboot has nothing to do with vram</q></li>
<li class="join">[<a href="#T16:53:36" id="T16:53:36"><abbr title="2010-12-29T16:53:36+00:00">16:53:36</abbr></a>] <span>* mikey_w (~mike@pool-173-53-37-97.rcmdva.fios.verizon.net) has joined #beagle</span></li>
<li class="quit">[<a href="#T16:54:14" id="T16:54:14"><abbr title="2010-12-29T16:54:14+00:00">16:54:14</abbr></a>] <span>* Darek- (darek@work.sznajder.org) Quit (Ping timeout: 260 seconds)</span></li>
<li class="join">[<a href="#T16:55:51" id="T16:55:51"><abbr title="2010-12-29T16:55:51+00:00">16:55:51</abbr></a>] <span>* Darek- (darek@work.sznajder.org) has joined #beagle</span></li>
<li class="quit">[<a href="#T16:59:07" id="T16:59:07"><abbr title="2010-12-29T16:59:07+00:00">16:59:07</abbr></a>] <span>* ppotera (~ppotera@99-100-130-116.lightspeed.stlsmo.sbcglobal.net) Quit (Quit: ppotera)</span></li>
<li class="join">[<a href="#T17:04:20" id="T17:04:20"><abbr title="2010-12-29T17:04:20+00:00">17:04:20</abbr></a>] <span>* khasim (~a0393720@192.163.20.231) has joined #beagle</span></li>
<li class="join">[<a href="#T17:08:54" id="T17:08:54"><abbr title="2010-12-29T17:08:54+00:00">17:08:54</abbr></a>] <span>* CMoH (~cipi@95.76.68.223) has joined #beagle</span></li>
<li class="quit">[<abbr title="2010-12-29T17:08:54+00:00">17:08:54</abbr>] <span>* CMoH (~cipi@95.76.68.223) Quit (Changing host)</span></li>
<li class="join">[<abbr title="2010-12-29T17:08:54+00:00">17:08:54</abbr>] <span>* CMoH (~cipi@unaffiliated/c-moh) has joined #beagle</span></li>
<li class="join">[<a href="#T17:08:59" id="T17:08:59"><abbr title="2010-12-29T17:08:59+00:00">17:08:59</abbr></a>] <span>* GPSFan (~kenm@64.92.145.112) has joined #beagle</span></li>
<li class="join">[<a href="#T17:18:37" id="T17:18:37"><abbr title="2010-12-29T17:18:37+00:00">17:18:37</abbr></a>] <span>* eFfeM (~frans@j200125.upc-j.chello.nl) has joined #beagle</span></li>
<li class="quit">[<a href="#T17:34:56" id="T17:34:56"><abbr title="2010-12-29T17:34:56+00:00">17:34:56</abbr></a>] <span>* flo_lap (~fuchs@Maemo/community/contributor/florian) Quit (Ping timeout: 248 seconds)</span></li>
<li class="join">[<a href="#T17:44:59" id="T17:44:59"><abbr title="2010-12-29T17:44:59+00:00">17:44:59</abbr></a>] <span>* jayabharath (~jayabhara@nat/ti/x-czovfdttjmueaddd) has joined #beagle</span></li>
<li class="quit">[<a href="#T17:51:09" id="T17:51:09"><abbr title="2010-12-29T17:51:09+00:00">17:51:09</abbr></a>] <span>* lifeeth (~praneeth@unaffiliated/lifeeth) Quit (Ping timeout: 240 seconds)</span></li>
<li class="join">[<a href="#T17:57:36" id="T17:57:36"><abbr title="2010-12-29T17:57:36+00:00">17:57:36</abbr></a>] <span>* pH5 (~ph5@e178213102.adsl.alicedsl.de) has joined #beagle</span></li>
<li class="join">[<a href="#T17:57:59" id="T17:57:59"><abbr title="2010-12-29T17:57:59+00:00">17:57:59</abbr></a>] <span>* icam (4037b0b8@gateway/web/freenode/ip.64.55.176.184) has joined #beagle</span></li>
<li class="join">[<a href="#T18:02:22" id="T18:02:22"><abbr title="2010-12-29T18:02:22+00:00">18:02:22</abbr></a>] <span>* dl9pf (~quassel@p5B213315.dip.t-dialin.net) has joined #beagle</span></li>
<li class="quit">[<abbr title="2010-12-29T18:02:22+00:00">18:02:22</abbr>] <span>* dl9pf (~quassel@p5B213315.dip.t-dialin.net) Quit (Changing host)</span></li>
<li class="join">[<abbr title="2010-12-29T18:02:22+00:00">18:02:22</abbr>] <span>* dl9pf (~quassel@opensuse/member/dl9pf) has joined #beagle</span></li>
<li class="quit">[<a href="#T18:02:35" id="T18:02:35"><abbr title="2010-12-29T18:02:35+00:00">18:02:35</abbr></a>] <span>* dl9pf_ (~quassel@p5B214F77.dip.t-dialin.net) Quit (Ping timeout: 240 seconds)</span></li>
<li class="message">[<a href="#T18:05:51" id="T18:05:51"><abbr title="2010-12-29T18:05:51+00:00">18:05:51</abbr></a>] &lt;<cite>icam</cite>&gt; <q>Hi</q></li>
<li class="quit">[<a href="#T18:09:54" id="T18:09:54"><abbr title="2010-12-29T18:09:54+00:00">18:09:54</abbr></a>] <span>* djlewis (~djlewis@75.15.65.246) Quit (Quit: Leaving.)</span></li>
<li class="message">[<a href="#T18:15:33" id="T18:15:33"><abbr title="2010-12-29T18:15:33+00:00">18:15:33</abbr></a>] &lt;<cite>destinal</cite>&gt; <q>Are the omap3 patches to enable usbtty into u-boot console being maintained and can someone point me at the best place to get a working version?   googling it seems to only result in the original patches from '09.</q></li>
<li class="message">[<a href="#T18:22:56" id="T18:22:56"><abbr title="2010-12-29T18:22:56+00:00">18:22:56</abbr></a>] &lt;<cite>prpplague</cite>&gt; <q>anyone using KiCad for design work?</q></li>
<li class="message">[<a href="#T18:24:09" id="T18:24:09"><abbr title="2010-12-29T18:24:09+00:00">18:24:09</abbr></a>] &lt;<cite>emeb</cite>&gt; <q>prpplague: I've played with it a bit but haven't done a real project with it</q></li>
<li class="message">[<a href="#T18:24:34" id="T18:24:34"><abbr title="2010-12-29T18:24:34+00:00">18:24:34</abbr></a>] &lt;<cite>emeb</cite>&gt; <q>but the Qi Hardware guys (Ben Nanonote, etc) appear to be using it for some rather complex stuff</q></li>
<li class="message">[<a href="#T18:24:36" id="T18:24:36"><abbr title="2010-12-29T18:24:36+00:00">18:24:36</abbr></a>] &lt;<cite>prpplague</cite>&gt; <q>emeb: hows the feel compared to orcad/eagle/altium ?</q></li>
<li class="join">[<a href="#T18:24:38" id="T18:24:38"><abbr title="2010-12-29T18:24:38+00:00">18:24:38</abbr></a>] <span>* Electric_Monk (~colin@87-194-159-227.bethere.co.uk) has joined #beagle</span></li>
<li class="message">[<a href="#T18:25:09" id="T18:25:09"><abbr title="2010-12-29T18:25:09+00:00">18:25:09</abbr></a>] &lt;<cite>emeb</cite>&gt; <q>prpplague: it's a fully integrated suite, unlike the gschem/PCB stuff I've been using, so it feels better integrated</q></li>
<li class="message">[<a href="#T18:25:24" id="T18:25:24"><abbr title="2010-12-29T18:25:24+00:00">18:25:24</abbr></a>] &lt;<cite>emeb</cite>&gt; <q>prpplague: compared to OrCAD it's pretty similar tho</q></li>
<li class="message">[<a href="#T18:25:59" id="T18:25:59"><abbr title="2010-12-29T18:25:59+00:00">18:25:59</abbr></a>] &lt;<cite>buZz</cite>&gt; <q>lol, searching for nanonote on ebay gets me to banknote search results :P</q></li>
<li class="message">[<a href="#T18:26:01" id="T18:26:01"><abbr title="2010-12-29T18:26:01+00:00">18:26:01</abbr></a>] &lt;<cite>buZz</cite>&gt; <q>stupid AI</q></li>
<li class="message">[<a href="#T18:26:26" id="T18:26:26"><abbr title="2010-12-29T18:26:26+00:00">18:26:26</abbr></a>] &lt;<cite>prpplague</cite>&gt; <q>buZz: <a href="http://www.linuxfordevices.com/c/a/News/Qi-Hardware-Ben-NanoNote/">http://www.linuxfordevices.com/c/a/News/Qi-Hardware-Ben-NanoNote/</a></q></li>
<li class="message">[<a href="#T18:26:44" id="T18:26:44"><abbr title="2010-12-29T18:26:44+00:00">18:26:44</abbr></a>] &lt;<cite>buZz</cite>&gt; <q>yeah i know it, was just wondering if ppl were selling it cheaper ;)</q></li>
<li class="message">[<a href="#T18:26:55" id="T18:26:55"><abbr title="2010-12-29T18:26:55+00:00">18:26:55</abbr></a>] &lt;<cite>prpplague</cite>&gt; <q>buZz: ahh</q></li>
<li class="quit">[<a href="#T18:27:11" id="T18:27:11"><abbr title="2010-12-29T18:27:11+00:00">18:27:11</abbr></a>] <span>* drakkan1000 (~drakkan@62.123.237.207) Quit (Remote host closed the connection)</span></li>
<li class="message">[<a href="#T18:27:20" id="T18:27:20"><abbr title="2010-12-29T18:27:20+00:00">18:27:20</abbr></a>] &lt;<cite>prpplague</cite>&gt; <q>shame it wasn't omap based</q></li>
<li class="message">[<a href="#T18:27:41" id="T18:27:41"><abbr title="2010-12-29T18:27:41+00:00">18:27:41</abbr></a>] &lt;<cite>emeb</cite>&gt; <q>it prolly would have cost 3x what it does tho</q></li>
<li class="action">[<a href="#T18:27:45" id="T18:27:45"><abbr title="2010-12-29T18:27:45+00:00">18:27:45</abbr></a>] <span>* prpplague uses a nanonote as a portable terminal</span></li>
<li class="quit">[<abbr title="2010-12-29T18:27:45+00:00">18:27:45</abbr>] <span>* jayabharath (~jayabhara@nat/ti/x-czovfdttjmueaddd) Quit (Remote host closed the connection)</span></li>
<li class="message">[<a href="#T18:27:55" id="T18:27:55"><abbr title="2010-12-29T18:27:55+00:00">18:27:55</abbr></a>] &lt;<cite>emeb</cite>&gt; <q>it's a cute gizmo</q></li>
<li class="join">[<a href="#T18:27:57" id="T18:27:57"><abbr title="2010-12-29T18:27:57+00:00">18:27:57</abbr></a>] <span>* lifeeth (~praneeth@202.3.77.232) has joined #beagle</span></li>
<li class="quit">[<abbr title="2010-12-29T18:27:57+00:00">18:27:57</abbr>] <span>* lifeeth (~praneeth@202.3.77.232) Quit (Changing host)</span></li>
<li class="join">[<abbr title="2010-12-29T18:27:57+00:00">18:27:57</abbr>] <span>* lifeeth (~praneeth@unaffiliated/lifeeth) has joined #beagle</span></li>
<li class="message">[<a href="#T18:28:06" id="T18:28:06"><abbr title="2010-12-29T18:28:06+00:00">18:28:06</abbr></a>] &lt;<cite>emeb</cite>&gt; <q>kinda limited </q></li>
<li class="message">[<a href="#T18:28:19" id="T18:28:19"><abbr title="2010-12-29T18:28:19+00:00">18:28:19</abbr></a>] &lt;<cite>buZz</cite>&gt; <q>yeah no network by default :(</q></li>
<li class="message">[<a href="#T18:28:20" id="T18:28:20"><abbr title="2010-12-29T18:28:20+00:00">18:28:20</abbr></a>] &lt;<cite>prpplague</cite>&gt; <q>emeb: by my estimates on about 60% more expensive</q></li>
<li class="message">[<a href="#T18:28:28" id="T18:28:28"><abbr title="2010-12-29T18:28:28+00:00">18:28:28</abbr></a>] &lt;<cite>prpplague</cite>&gt; <q>s/on/only</q></li>
<li class="message">[<a href="#T18:28:45" id="T18:28:45"><abbr title="2010-12-29T18:28:45+00:00">18:28:45</abbr></a>] &lt;<cite>emeb</cite>&gt; <q>You're guess is better than mine</q></li>
<li class="quit">[<a href="#T18:29:05" id="T18:29:05"><abbr title="2010-12-29T18:29:05+00:00">18:29:05</abbr></a>] <span>* dirk2 (~dirk@p5B04002E.dip0.t-ipconnect.de) Quit (Remote host closed the connection)</span></li>
<li class="action">[<a href="#T18:29:06" id="T18:29:06"><abbr title="2010-12-29T18:29:06+00:00">18:29:06</abbr></a>] <span>* prpplague did a concept design with an omap4430 that fit inside the plastics for the nano-note</span></li>
<li class="message">[<a href="#T18:29:17" id="T18:29:17"><abbr title="2010-12-29T18:29:17+00:00">18:29:17</abbr></a>] &lt;<cite>emeb</cite>&gt; <q>nifty!</q></li>
<li class="message">[<a href="#T18:30:17" id="T18:30:17"><abbr title="2010-12-29T18:30:17+00:00">18:30:17</abbr></a>] &lt;<cite>emeb</cite>&gt; <q>Qi folks are doing this in KiCad: <a href="http://en.qi-hardware.com/wiki/Xu%C3%A9">http://en.qi-hardware.com/wiki/Xu%C3%A9</a></q></li>
<li class="message">[<a href="#T18:30:46" id="T18:30:46"><abbr title="2010-12-29T18:30:46+00:00">18:30:46</abbr></a>] &lt;<cite>prpplague</cite>&gt; <q>emeb: yea</q></li>
<li class="message">[<a href="#T18:30:58" id="T18:30:58"><abbr title="2010-12-29T18:30:58+00:00">18:30:58</abbr></a>] &lt;<cite>prpplague</cite>&gt; <q>emeb: i was just curious if someone who had used orcad had used KiCad</q></li>
<li class="message">[<a href="#T18:31:01" id="T18:31:01"><abbr title="2010-12-29T18:31:01+00:00">18:31:01</abbr></a>] &lt;<cite>emeb</cite>&gt; <q>they've got it pretty well integrated into their version control too - graphical diffs on the schematic</q></li>
<li class="message">[<a href="#T18:31:20" id="T18:31:20"><abbr title="2010-12-29T18:31:20+00:00">18:31:20</abbr></a>] &lt;<cite>emeb</cite>&gt; <q>I use OrCAD just for schematics - never tried their layout stuff</q></li>
<li class="join">[<a href="#T18:34:03" id="T18:34:03"><abbr title="2010-12-29T18:34:03+00:00">18:34:03</abbr></a>] <span>* ppotera (~ppotera@99-100-130-116.lightspeed.stlsmo.sbcglobal.net) has joined #beagle</span></li>
<li class="message">[<a href="#T18:34:17" id="T18:34:17"><abbr title="2010-12-29T18:34:17+00:00">18:34:17</abbr></a>] &lt;<cite>prpplague</cite>&gt; <q>emeb: i'm really time of having a windows install for nothing but my pcb work</q></li>
<li class="message">[<a href="#T18:34:38" id="T18:34:38"><abbr title="2010-12-29T18:34:38+00:00">18:34:38</abbr></a>] &lt;<cite>prpplague</cite>&gt; <q>emeb: i love altium, but i just don't like windows</q></li>
<li class="message">[<a href="#T18:34:45" id="T18:34:45"><abbr title="2010-12-29T18:34:45+00:00">18:34:45</abbr></a>] &lt;<cite>emeb</cite>&gt; <q>that's a nuisance.</q></li>
<li class="message">[<a href="#T18:35:23" id="T18:35:23"><abbr title="2010-12-29T18:35:23+00:00">18:35:23</abbr></a>] &lt;<cite>emeb</cite>&gt; <q>I do enough work w/ other processors (MCHP) that are Win-only that I've got to have it for them too.</q></li>
<li class="message">[<a href="#T18:35:44" id="T18:35:44"><abbr title="2010-12-29T18:35:44+00:00">18:35:44</abbr></a>] &lt;<cite>emeb</cite>&gt; <q>And the day job uses OrCAD. Personal stuff is all gEDA.</q></li>
<li class="message">[<a href="#T18:35:59" id="T18:35:59"><abbr title="2010-12-29T18:35:59+00:00">18:35:59</abbr></a>] &lt;<cite>emeb</cite>&gt; <q>yay - more OSes around...</q></li>
<li class="quit">[<a href="#T18:36:00" id="T18:36:00"><abbr title="2010-12-29T18:36:00+00:00">18:36:00</abbr></a>] <span>* virals (~viral@122.179.95.104) Quit (Ping timeout: 265 seconds)</span></li>
<li class="message">[<a href="#T18:42:31" id="T18:42:31"><abbr title="2010-12-29T18:42:31+00:00">18:42:31</abbr></a>] &lt;<cite>prpplague</cite>&gt; <q>emeb: guess i need to get it installed and do a breakout board for something as a test run</q></li>
<li class="action">[<a href="#T18:42:46" id="T18:42:46"><abbr title="2010-12-29T18:42:46+00:00">18:42:46</abbr></a>] <span>* prpplague wonders about importing orcad files into kicad</span></li>
<li class="message">[<a href="#T18:43:29" id="T18:43:29"><abbr title="2010-12-29T18:43:29+00:00">18:43:29</abbr></a>] &lt;<cite>emeb</cite>&gt; <q>sounds like an interesting experiment.</q></li>
<li class="message">[<a href="#T18:43:39" id="T18:43:39"><abbr title="2010-12-29T18:43:39+00:00">18:43:39</abbr></a>] &lt;<cite>emeb</cite>&gt; <q>no idea if there's a supported path for that tho.</q></li>
<li class="message">[<a href="#T18:44:35" id="T18:44:35"><abbr title="2010-12-29T18:44:35+00:00">18:44:35</abbr></a>] &lt;<cite>prpplague</cite>&gt; <q>emeb: <a href="http://sourceforge.net/projects/edif2kicad/">http://sourceforge.net/projects/edif2kicad/</a></q></li>
<li class="message">[<a href="#T18:44:47" id="T18:44:47"><abbr title="2010-12-29T18:44:47+00:00">18:44:47</abbr></a>] &lt;<cite>emeb</cite>&gt; <q>bingo!</q></li>
<li class="quit">[<a href="#T18:45:04" id="T18:45:04"><abbr title="2010-12-29T18:45:04+00:00">18:45:04</abbr></a>] <span>* Kevin` (~kevin@nelson.kwzs.be) Quit (Ping timeout: 260 seconds)</span></li>
<li class="join">[<a href="#T18:45:23" id="T18:45:23"><abbr title="2010-12-29T18:45:23+00:00">18:45:23</abbr></a>] <span>* Kevin` (~kevin@nelson.kwzs.be) has joined #beagle</span></li>
<li class="quit">[<a href="#T18:48:30" id="T18:48:30"><abbr title="2010-12-29T18:48:30+00:00">18:48:30</abbr></a>] <span>* CMoH (~cipi@unaffiliated/c-moh) Quit (Remote host closed the connection)</span></li>
<li class="join">[<a href="#T18:49:40" id="T18:49:40"><abbr title="2010-12-29T18:49:40+00:00">18:49:40</abbr></a>] <span>* virals (~viral@122.179.36.188) has joined #beagle</span></li>
<li class="message">[<a href="#T19:01:33" id="T19:01:33"><abbr title="2010-12-29T19:01:33+00:00">19:01:33</abbr></a>] &lt;<cite>prpplague</cite>&gt; <q>emeb: argh, colour scheme is terrible</q></li>
<li class="message">[<a href="#T19:01:52" id="T19:01:52"><abbr title="2010-12-29T19:01:52+00:00">19:01:52</abbr></a>] &lt;<cite>emeb</cite>&gt; <q>not user-settable?</q></li>
<li class="message">[<a href="#T19:04:18" id="T19:04:18"><abbr title="2010-12-29T19:04:18+00:00">19:04:18</abbr></a>] &lt;<cite>prpplague</cite>&gt; <q>emeb: yea, doesn't look like you can save it as a scheme thou</q></li>
<li class="message">[<a href="#T19:04:22" id="T19:04:22"><abbr title="2010-12-29T19:04:22+00:00">19:04:22</abbr></a>] &lt;<cite>prpplague</cite>&gt; <q>emeb: still looking</q></li>
<li class="message">[<a href="#T19:04:39" id="T19:04:39"><abbr title="2010-12-29T19:04:39+00:00">19:04:39</abbr></a>] &lt;<cite>prpplague</cite>&gt; <q>emeb: wire connections and moving components seems to be an issue</q></li>
<li class="message">[<a href="#T19:05:01" id="T19:05:01"><abbr title="2010-12-29T19:05:01+00:00">19:05:01</abbr></a>] &lt;<cite>emeb</cite>&gt; <q>prpplague: hmm - KiCad litters my user dir with sufficient config files I'd have thought it would be in one of those.</q></li>
<li class="message">[<a href="#T19:05:19" id="T19:05:19"><abbr title="2010-12-29T19:05:19+00:00">19:05:19</abbr></a>] &lt;<cite>prpplague</cite>&gt; <q>emeb: probably so</q></li>
<li class="message">[<a href="#T19:05:26" id="T19:05:26"><abbr title="2010-12-29T19:05:26+00:00">19:05:26</abbr></a>] &lt;<cite>prpplague</cite>&gt; <q>emeb: just getting into it now</q></li>
<li class="message">[<a href="#T19:05:39" id="T19:05:39"><abbr title="2010-12-29T19:05:39+00:00">19:05:39</abbr></a>] &lt;<cite>emeb</cite>&gt; <q>prpplague: moving components would seem to be pretty fundamental.</q></li>
<li class="message">[<a href="#T19:05:46" id="T19:05:46"><abbr title="2010-12-29T19:05:46+00:00">19:05:46</abbr></a>] &lt;<cite>prpplague</cite>&gt; <q>emeb: was going to a simple 7805 board to see how well i can use it</q></li>
<li class="message">[<a href="#T19:05:53" id="T19:05:53"><abbr title="2010-12-29T19:05:53+00:00">19:05:53</abbr></a>] &lt;<cite>prpplague</cite>&gt; <q>emeb: that would be my though as well</q></li>
<li class="message">[<a href="#T19:06:43" id="T19:06:43"><abbr title="2010-12-29T19:06:43+00:00">19:06:43</abbr></a>] &lt;<cite>emeb</cite>&gt; <q>prpplague: one of those things that gets debugged early on...</q></li>
<li class="message">[<a href="#T19:07:44" id="T19:07:44"><abbr title="2010-12-29T19:07:44+00:00">19:07:44</abbr></a>] &lt;<cite>prpplague</cite>&gt; <q>emeb: yea it works, it just is not what i am used to </q></li>
<li class="message">[<a href="#T19:07:49" id="T19:07:49"><abbr title="2010-12-29T19:07:49+00:00">19:07:49</abbr></a>] &lt;<cite>prpplague</cite>&gt; <q>emeb: very inefficient</q></li>
<li class="message">[<a href="#T19:09:01" id="T19:09:01"><abbr title="2010-12-29T19:09:01+00:00">19:09:01</abbr></a>] &lt;<cite>prpplague</cite>&gt; <q>emeb: very clunky</q></li>
<li class="message">[<a href="#T19:09:03" id="T19:09:03"><abbr title="2010-12-29T19:09:03+00:00">19:09:03</abbr></a>] &lt;<cite>emeb</cite>&gt; <q>prpplague: I'm playing around with it now</q></li>
<li class="message">[<a href="#T19:09:23" id="T19:09:23"><abbr title="2010-12-29T19:09:23+00:00">19:09:23</abbr></a>] &lt;<cite>prpplague</cite>&gt; <q>emeb: can't drag the end of a wire to meet up with another connection</q></li>
<li class="message">[<a href="#T19:09:31" id="T19:09:31"><abbr title="2010-12-29T19:09:31+00:00">19:09:31</abbr></a>] &lt;<cite>prpplague</cite>&gt; <q>emeb: or atleast i can find a way yet</q></li>
<li class="message">[<a href="#T19:09:33" id="T19:09:33"><abbr title="2010-12-29T19:09:33+00:00">19:09:33</abbr></a>] &lt;<cite>emeb</cite>&gt; <q>drag select box around symbols, then drag selected stuff...</q></li>
<li class="message">[<a href="#T19:10:05" id="T19:10:05"><abbr title="2010-12-29T19:10:05+00:00">19:10:05</abbr></a>] &lt;<cite>prpplague</cite>&gt; <q>emeb: yea, or right click on the item and select drag</q></li>
<li class="message">[<a href="#T19:10:21" id="T19:10:21"><abbr title="2010-12-29T19:10:21+00:00">19:10:21</abbr></a>] &lt;<cite>prpplague</cite>&gt; <q><a href="http://kicad.sourceforge.net/wiki/index.php/Mini_tutorial#The_.22Selection.22_tool">http://kicad.sourceforge.net/wiki/index.php/Mini_tutorial#The_.22Selection.22_tool</a></q></li>
<li class="join">[<a href="#T19:10:37" id="T19:10:37"><abbr title="2010-12-29T19:10:37+00:00">19:10:37</abbr></a>] <span>* rsv (3a4416ab@gateway/web/freenode/ip.58.68.22.171) has joined #beagle</span></li>
<li class="join">[<a href="#T19:10:55" id="T19:10:55"><abbr title="2010-12-29T19:10:55+00:00">19:10:55</abbr></a>] <span>* djlewis_ (~djlewis@adsl-65-64-30-13.dsl.ltrkar.swbell.net) has joined #beagle</span></li>
<li class="message">[<a href="#T19:12:16" id="T19:12:16"><abbr title="2010-12-29T19:12:16+00:00">19:12:16</abbr></a>] &lt;<cite>emeb</cite>&gt; <q>fighting with copy/paste now...</q></li>
<li class="message">[<a href="#T19:14:47" id="T19:14:47"><abbr title="2010-12-29T19:14:47+00:00">19:14:47</abbr></a>] &lt;<cite>djlewis_</cite>&gt; <q>gm</q></li>
<li class="message">[<a href="#T19:14:54" id="T19:14:54"><abbr title="2010-12-29T19:14:54+00:00">19:14:54</abbr></a>] &lt;<cite>emeb</cite>&gt; <q>hey djlewis_</q></li>
<li class="message">[<a href="#T19:15:15" id="T19:15:15"><abbr title="2010-12-29T19:15:15+00:00">19:15:15</abbr></a>] &lt;<cite>djlewis_</cite>&gt; <q>hi emeb</q></li>
<li class="action">[<a href="#T19:17:23" id="T19:17:23"><abbr title="2010-12-29T19:17:23+00:00">19:17:23</abbr></a>] <span>* djlewis_ is chowing down on his 2lb burrito (per ups scales)</span></li>
<li class="message">[<a href="#T19:18:01" id="T19:18:01"><abbr title="2010-12-29T19:18:01+00:00">19:18:01</abbr></a>] &lt;<cite>emeb</cite>&gt; <q>they ship burritos via UPS?</q></li>
<li class="message">[<a href="#T19:18:13" id="T19:18:13"><abbr title="2010-12-29T19:18:13+00:00">19:18:13</abbr></a>] &lt;<cite>djlewis_</cite>&gt; <q>I sometimes make two meals of it :</q></li>
<li class="message">[<a href="#T19:18:18" id="T19:18:18"><abbr title="2010-12-29T19:18:18+00:00">19:18:18</abbr></a>] &lt;<cite>djlewis_</cite>&gt; <q>they should ship this one.</q></li>
<li class="quit">[<a href="#T19:24:02" id="T19:24:02"><abbr title="2010-12-29T19:24:02+00:00">19:24:02</abbr></a>] <span>* rsv (3a4416ab@gateway/web/freenode/ip.58.68.22.171) Quit (Quit: Page closed)</span></li>
<li class="message">[<a href="#T19:24:53" id="T19:24:53"><abbr title="2010-12-29T19:24:53+00:00">19:24:53</abbr></a>] &lt;<cite>prpplague</cite>&gt; <q>djlewis_: thats what we call "the bomb" burrito</q></li>
<li class="message">[<a href="#T19:25:40" id="T19:25:40"><abbr title="2010-12-29T19:25:40+00:00">19:25:40</abbr></a>] &lt;<cite>prpplague</cite>&gt; <q>djlewis_: blows up when you nuke it in the microwave, feels like it blew up in your stomach afterwards, and the next day.........</q></li>
<li class="quit">[<a href="#T19:27:41" id="T19:27:41"><abbr title="2010-12-29T19:27:41+00:00">19:27:41</abbr></a>] <span>* ppotera (~ppotera@99-100-130-116.lightspeed.stlsmo.sbcglobal.net) Quit (Quit: ppotera)</span></li>
<li class="message">[<a href="#T19:29:09" id="T19:29:09"><abbr title="2010-12-29T19:29:09+00:00">19:29:09</abbr></a>] &lt;<cite>emeb</cite>&gt; <q>prpplague: have a simple schematic, now how to import to layout...</q></li>
<li class="message">[<a href="#T19:29:21" id="T19:29:21"><abbr title="2010-12-29T19:29:21+00:00">19:29:21</abbr></a>] &lt;<cite>ds2</cite>&gt; <q>emeb: can it import allegro :D</q></li>
<li class="message">[<a href="#T19:29:49" id="T19:29:49"><abbr title="2010-12-29T19:29:49+00:00">19:29:49</abbr></a>] &lt;<cite>emeb</cite>&gt; <q>ds2: don't even see GUI method to import its own...</q></li>
<li class="message">[<a href="#T19:30:07" id="T19:30:07"><abbr title="2010-12-29T19:30:07+00:00">19:30:07</abbr></a>] &lt;<cite>emeb</cite>&gt; <q>hope you don't have to bail out to cmd line for that...</q></li>
<li class="quit">[<a href="#T19:30:50" id="T19:30:50"><abbr title="2010-12-29T19:30:50+00:00">19:30:50</abbr></a>] <span>* pcacjr (~pcacjr@unaffiliated/pcacjr) Quit (Ping timeout: 250 seconds)</span></li>
<li class="message">[<a href="#T19:33:11" id="T19:33:11"><abbr title="2010-12-29T19:33:11+00:00">19:33:11</abbr></a>] &lt;<cite>prpplague</cite>&gt; <q>emeb: looks like you can't drag the ends of wires</q></li>
<li class="message">[<a href="#T19:34:03" id="T19:34:03"><abbr title="2010-12-29T19:34:03+00:00">19:34:03</abbr></a>] &lt;<cite>emeb</cite>&gt; <q>prpplague: I think you can - right click on the wire and select from the drop-down menu.</q></li>
<li class="message">[<a href="#T19:34:26" id="T19:34:26"><abbr title="2010-12-29T19:34:26+00:00">19:34:26</abbr></a>] &lt;<cite>prpplague</cite>&gt; <q>emeb: yea i tried that</q></li>
<li class="message">[<a href="#T19:34:35" id="T19:34:35"><abbr title="2010-12-29T19:34:35+00:00">19:34:35</abbr></a>] &lt;<cite>prpplague</cite>&gt; <q>emeb: didn't see a drag option</q></li>
<li class="join">[<a href="#T19:35:11" id="T19:35:11"><abbr title="2010-12-29T19:35:11+00:00">19:35:11</abbr></a>] <span>* pcacjr (~pcacjr@187.78.173.54) has joined #beagle</span></li>
<li class="quit">[<abbr title="2010-12-29T19:35:11+00:00">19:35:11</abbr>] <span>* pcacjr (~pcacjr@187.78.173.54) Quit (Changing host)</span></li>
<li class="join">[<abbr title="2010-12-29T19:35:11+00:00">19:35:11</abbr>] <span>* pcacjr (~pcacjr@unaffiliated/pcacjr) has joined #beagle</span></li>
<li class="message">[<a href="#T19:35:24" id="T19:35:24"><abbr title="2010-12-29T19:35:24+00:00">19:35:24</abbr></a>] &lt;<cite>emeb</cite>&gt; <q>Top item on the menu. </q></li>
<li class="message">[<a href="#T19:35:46" id="T19:35:46"><abbr title="2010-12-29T19:35:46+00:00">19:35:46</abbr></a>] &lt;<cite>prpplague</cite>&gt; <q>weird</q></li>
<li class="message">[<a href="#T19:35:52" id="T19:35:52"><abbr title="2010-12-29T19:35:52+00:00">19:35:52</abbr></a>] &lt;<cite>prpplague</cite>&gt; <q>emeb: i'm not seeing that</q></li>
<li class="message">[<a href="#T19:35:54" id="T19:35:54"><abbr title="2010-12-29T19:35:54+00:00">19:35:54</abbr></a>] &lt;<cite>emeb</cite>&gt; <q>prpplague: what rev of the app do you have (mine is 2010-05-09)</q></li>
<li class="action">[<a href="#T19:36:12" id="T19:36:12"><abbr title="2010-12-29T19:36:12+00:00">19:36:12</abbr></a>] <span>* prpplague looks</span></li>
<li class="message">[<a href="#T19:36:30" id="T19:36:30"><abbr title="2010-12-29T19:36:30+00:00">19:36:30</abbr></a>] &lt;<cite>prpplague</cite>&gt; <q>emeb: ahh older edition - Build: (20090216-final)</q></li>
<li class="message">[<a href="#T19:36:34" id="T19:36:34"><abbr title="2010-12-29T19:36:34+00:00">19:36:34</abbr></a>] &lt;<cite>emeb</cite>&gt; <q>prpplague: hotkey on menu is 'G' - maybe try that...</q></li>
<li class="message">[<abbr title="2010-12-29T19:36:34+00:00">19:36:34</abbr>] &lt;<cite>prpplague</cite>&gt; <q>way old</q></li>
<li class="action">[<a href="#T19:36:42" id="T19:36:42"><abbr title="2010-12-29T19:36:42+00:00">19:36:42</abbr></a>] <span>* prpplague removes and installs fresh</span></li>
<li class="message">[<a href="#T19:36:50" id="T19:36:50"><abbr title="2010-12-29T19:36:50+00:00">19:36:50</abbr></a>] &lt;<cite>emeb</cite>&gt; <q>prpplague: I got mine from Fedora 13 repo</q></li>
<li class="message">[<a href="#T19:37:10" id="T19:37:10"><abbr title="2010-12-29T19:37:10+00:00">19:37:10</abbr></a>] &lt;<cite>prpplague</cite>&gt; <q>emeb: ubuntu repo</q></li>
<li class="message">[<a href="#T19:37:23" id="T19:37:23"><abbr title="2010-12-29T19:37:23+00:00">19:37:23</abbr></a>] &lt;<cite>emeb</cite>&gt; <q>prpplague: ah</q></li>
<li class="action">[<a href="#T19:37:37" id="T19:37:37"><abbr title="2010-12-29T19:37:37+00:00">19:37:37</abbr></a>] <span>* emeb has noticed that ubuntu's engr apps tend to lag a bit</span></li>
<li class="join">[<a href="#T19:46:40" id="T19:46:40"><abbr title="2010-12-29T19:46:40+00:00">19:46:40</abbr></a>] <span>* embDev (d1f2076d@gateway/web/freenode/ip.209.242.7.109) has joined #beagle</span></li>
<li class="quit">[<a href="#T19:47:24" id="T19:47:24"><abbr title="2010-12-29T19:47:24+00:00">19:47:24</abbr></a>] <span>* lag (~lag@ubuntu/member/lag) Quit (Quit: Coyote finally caught me)</span></li>
<li class="join">[<a href="#T19:48:32" id="T19:48:32"><abbr title="2010-12-29T19:48:32+00:00">19:48:32</abbr></a>] <span>* lag (~lag@cpc2-aztw21-0-0-cust264.aztw.cable.virginmedia.com) has joined #beagle</span></li>
<li class="quit">[<abbr title="2010-12-29T19:48:32+00:00">19:48:32</abbr>] <span>* lag (~lag@cpc2-aztw21-0-0-cust264.aztw.cable.virginmedia.com) Quit (Changing host)</span></li>
<li class="join">[<abbr title="2010-12-29T19:48:32+00:00">19:48:32</abbr>] <span>* lag (~lag@ubuntu/member/lag) has joined #beagle</span></li>
<li class="message">[<a href="#T19:48:38" id="T19:48:38"><abbr title="2010-12-29T19:48:38+00:00">19:48:38</abbr></a>] &lt;<cite>prpplague</cite>&gt; <q>emeb: looks like i'll have to build from source</q></li>
<li class="message">[<a href="#T19:49:06" id="T19:49:06"><abbr title="2010-12-29T19:49:06+00:00">19:49:06</abbr></a>] &lt;<cite>emeb</cite>&gt; <q>prpplague: blech!</q></li>
<li class="join">[<a href="#T19:49:44" id="T19:49:44"><abbr title="2010-12-29T19:49:44+00:00">19:49:44</abbr></a>] <span>* HES (18eea22d@gateway/web/freenode/ip.24.238.162.45) has joined #beagle</span></li>
<li class="action">[<a href="#T19:49:53" id="T19:49:53"><abbr title="2010-12-29T19:49:53+00:00">19:49:53</abbr></a>] <span>* _av500_ loves commercial linux apps, one tgz, extract, done :)</span></li>
<li class="message">[<a href="#T19:50:03" id="T19:50:03"><abbr title="2010-12-29T19:50:03+00:00">19:50:03</abbr></a>] &lt;<cite>muriani</cite>&gt; <q>heh</q></li>
<li class="message">[<a href="#T19:50:20" id="T19:50:20"><abbr title="2010-12-29T19:50:20+00:00">19:50:20</abbr></a>] &lt;<cite>muriani</cite>&gt; <q>which commercial app is that?</q></li>
<li class="action">[<a href="#T19:50:40" id="T19:50:40"><abbr title="2010-12-29T19:50:40+00:00">19:50:40</abbr></a>] <span>* _av500_ waits for nokia customer support to have to answer rpm questions...</span></li>
<li class="message">[<a href="#T19:50:44" id="T19:50:44"><abbr title="2010-12-29T19:50:44+00:00">19:50:44</abbr></a>] &lt;<cite>muriani</cite>&gt; <q>because jeebus half the ones I deal with require specific linux installs, etc</q></li>
<li class="message">[<a href="#T19:51:28" id="T19:51:28"><abbr title="2010-12-29T19:51:28+00:00">19:51:28</abbr></a>] &lt;<cite>ds2</cite>&gt; <q>rpm -foo-bar -magic 0x23242132 -magic2 0x42 </q></li>
<li class="message">[<a href="#T19:51:30" id="T19:51:30"><abbr title="2010-12-29T19:51:30+00:00">19:51:30</abbr></a>] &lt;<cite>ds2</cite>&gt; <q>that's the answer. </q></li>
<li class="message">[<a href="#T19:51:44" id="T19:51:44"><abbr title="2010-12-29T19:51:44+00:00">19:51:44</abbr></a>] &lt;<cite>_av500_</cite>&gt; <q>--dwim</q></li>
<li class="message">[<a href="#T19:52:17" id="T19:52:17"><abbr title="2010-12-29T19:52:17+00:00">19:52:17</abbr></a>] &lt;<cite>ds2</cite>&gt; <q>writing spec files isn't that horrible... it is a bit less painful then writing recipes ;)</q></li>
<li class="message">[<a href="#T19:52:53" id="T19:52:53"><abbr title="2010-12-29T19:52:53+00:00">19:52:53</abbr></a>] &lt;<cite>_av500_</cite>&gt; <q>ds2: yes, but the "other" packaging system always sucks</q></li>
<li class="message">[<a href="#T19:54:33" id="T19:54:33"><abbr title="2010-12-29T19:54:33+00:00">19:54:33</abbr></a>] &lt;<cite>emeb</cite>&gt; <q>just static link - problems solved. ;)</q></li>
<li class="message">[<a href="#T19:54:49" id="T19:54:49"><abbr title="2010-12-29T19:54:49+00:00">19:54:49</abbr></a>] &lt;<cite>ds2</cite>&gt; <q>_av500_: only if you haven't had the "other" thrusted upon you before :/</q></li>
<li class="message">[<a href="#T19:57:10" id="T19:57:10"><abbr title="2010-12-29T19:57:10+00:00">19:57:10</abbr></a>] &lt;<cite>embDev</cite>&gt; <q>anyone out there figure out how to get 0xdroid to boot on XM?</q></li>
<li class="join">[<a href="#T19:59:21" id="T19:59:21"><abbr title="2010-12-29T19:59:21+00:00">19:59:21</abbr></a>] <span>* mikecsh (~mikecsh@188-223-42-38.zone14.bethere.co.uk) has joined #beagle</span></li>
