<li class="quit">[<a href="#T00:01:13" id="T00:01:13"><abbr title="2010-05-29T00:01:13+00:00">00:01:13</abbr></a>] <span>* jamuraa (~jamuraa@c-24-118-48-176.hsd1.mn.comcast.net) Quit (Ping timeout: 264 seconds)</span></li>
<li class="message">[<a href="#T00:07:25" id="T00:07:25"><abbr title="2010-05-29T00:07:25+00:00">00:07:25</abbr></a>] &lt;<cite>xorAxAx</cite>&gt; <q>koen: you had the same problem</q></li>
<li class="join">[<abbr title="2010-05-29T00:07:25+00:00">00:07:25</abbr>] <span>* jamuraa (~jamuraa@c-24-118-48-176.hsd1.mn.comcast.net) has joined #beagle</span></li>
<li class="message">[<a href="#T00:07:28" id="T00:07:28"><abbr title="2010-05-29T00:07:28+00:00">00:07:28</abbr></a>] &lt;<cite>xorAxAx</cite>&gt; <q>koen: how did you fix it?</q></li>
<li class="join">[<a href="#T00:15:25" id="T00:15:25"><abbr title="2010-05-29T00:15:25+00:00">00:15:25</abbr></a>] <span>* chainsawbike_ (~chainsawb@202-0-50-230.cable.telstraclear.net) has joined #beagle</span></li>
<li class="quit">[<a href="#T00:15:59" id="T00:15:59"><abbr title="2010-05-29T00:15:59+00:00">00:15:59</abbr></a>] <span>* chainsawbike (~chainsawb@202-0-50-230.cable.telstraclear.net) Quit (Ping timeout: 272 seconds)</span></li>
<li class="nick-change">[<abbr title="2010-05-29T00:15:59+00:00">00:15:59</abbr>] <span>* chainsawbike_ is now known as chainsawbike</span></li>
<li class="quit">[<a href="#T00:16:28" id="T00:16:28"><abbr title="2010-05-29T00:16:28+00:00">00:16:28</abbr></a>] <span>* katie (~katierh@nat/ti/x-frijiagpiiuseszz) Quit ()</span></li>
<li class="quit">[<a href="#T00:17:30" id="T00:17:30"><abbr title="2010-05-29T00:17:30+00:00">00:17:30</abbr></a>] <span>* awozniak (~awozniak@76.205.222.173) Quit (Quit: Leaving)</span></li>
<li class="quit">[<a href="#T00:35:31" id="T00:35:31"><abbr title="2010-05-29T00:35:31+00:00">00:35:31</abbr></a>] <span>* lifeeth (~praneeth@unaffiliated/lifeeth) Quit (Quit: Up and at 'em, Atom Ant!)</span></li>
<li class="join">[<a href="#T00:45:53" id="T00:45:53"><abbr title="2010-05-29T00:45:53+00:00">00:45:53</abbr></a>] <span>* thaytan (~jan@ppp59-167-167-201.static.internode.on.net) has joined #beagle</span></li>
<li class="nick-change">[<a href="#T00:47:25" id="T00:47:25"><abbr title="2010-05-29T00:47:25+00:00">00:47:25</abbr></a>] <span>* Jefro is now known as Jefro_afk</span></li>
<li class="quit">[<a href="#T01:09:15" id="T01:09:15"><abbr title="2010-05-29T01:09:15+00:00">01:09:15</abbr></a>] <span>* gdm (~gdm@190.55.34.222) Quit (Ping timeout: 240 seconds)</span></li>
<li class="join">[<a href="#T01:10:47" id="T01:10:47"><abbr title="2010-05-29T01:10:47+00:00">01:10:47</abbr></a>] <span>* gdm (~gdm@190.55.34.222) has joined #beagle</span></li>
<li class="quit">[<a href="#T01:13:58" id="T01:13:58"><abbr title="2010-05-29T01:13:58+00:00">01:13:58</abbr></a>] <span>* Cru_N_cher (~luls_lol@188.107.47.90) Quit (Ping timeout: 265 seconds)</span></li>
<li class="join">[<a href="#T01:18:33" id="T01:18:33"><abbr title="2010-05-29T01:18:33+00:00">01:18:33</abbr></a>] <span>* CruNcher (~luls_lol@dslb-088-068-140-050.pools.arcor-ip.net) has joined #beagle</span></li>
<li class="quit">[<a href="#T01:48:55" id="T01:48:55"><abbr title="2010-05-29T01:48:55+00:00">01:48:55</abbr></a>] <span>* duffolonious (~bryan@75-168-96-194.mpls.qwest.net) Quit (Ping timeout: 260 seconds)</span></li>
<li class="join">[<a href="#T01:51:06" id="T01:51:06"><abbr title="2010-05-29T01:51:06+00:00">01:51:06</abbr></a>] <span>* duffolonious (~bryan@75-168-96-194.mpls.qwest.net) has joined #beagle</span></li>
<li class="join">[<a href="#T02:24:46" id="T02:24:46"><abbr title="2010-05-29T02:24:46+00:00">02:24:46</abbr></a>] <span>* Openfree (~Openfree`@218.1.217.198) has joined #beagle</span></li>
<li class="join">[<a href="#T02:29:55" id="T02:29:55"><abbr title="2010-05-29T02:29:55+00:00">02:29:55</abbr></a>] <span>* Entasis (~Jarred@ppp118-210-124-115.lns20.adl2.internode.on.net) has joined #beagle</span></li>
<li class="join">[<a href="#T02:39:28" id="T02:39:28"><abbr title="2010-05-29T02:39:28+00:00">02:39:28</abbr></a>] <span>* raster (~raster@enlightenment/developer/raster) has joined #beagle</span></li>
<li class="join">[<a href="#T02:49:29" id="T02:49:29"><abbr title="2010-05-29T02:49:29+00:00">02:49:29</abbr></a>] <span>* dl9pf (~quassel@p5B21342F.dip.t-dialin.net) has joined #beagle</span></li>
<li class="quit">[<abbr title="2010-05-29T02:49:29+00:00">02:49:29</abbr>] <span>* dl9pf (~quassel@p5B21342F.dip.t-dialin.net) Quit (Changing host)</span></li>
<li class="join">[<abbr title="2010-05-29T02:49:29+00:00">02:49:29</abbr>] <span>* dl9pf (~quassel@opensuse/member/dl9pf) has joined #beagle</span></li>
<li class="quit">[<a href="#T02:50:33" id="T02:50:33"><abbr title="2010-05-29T02:50:33+00:00">02:50:33</abbr></a>] <span>* dl9pf_ (~quassel@p5B213626.dip.t-dialin.net) Quit (Ping timeout: 276 seconds)</span></li>
<li class="quit">[<a href="#T03:04:38" id="T03:04:38"><abbr title="2010-05-29T03:04:38+00:00">03:04:38</abbr></a>] <span>* cody_ (~cody@dslb-084-056-117-190.pools.arcor-ip.net) Quit (Ping timeout: 260 seconds)</span></li>
<li class="join">[<a href="#T03:06:00" id="T03:06:00"><abbr title="2010-05-29T03:06:00+00:00">03:06:00</abbr></a>] <span>* GrizzlyAdams (~Grizzly@ip98-184-88-41.mc.at.cox.net) has joined #beagle</span></li>
<li class="join">[<a href="#T03:06:13" id="T03:06:13"><abbr title="2010-05-29T03:06:13+00:00">03:06:13</abbr></a>] <span>* cody (~cody@dslb-084-056-084-102.pools.arcor-ip.net) has joined #beagle</span></li>
<li class="join">[<a href="#T03:15:43" id="T03:15:43"><abbr title="2010-05-29T03:15:43+00:00">03:15:43</abbr></a>] <span>* scrp3l (~scrp3l@201.250.161.253) has joined #beagle</span></li>
<li class="join">[<a href="#T03:20:44" id="T03:20:44"><abbr title="2010-05-29T03:20:44+00:00">03:20:44</abbr></a>] <span>* aholler_ (~aholler@p57B21FEF.dip0.t-ipconnect.de) has joined #beagle</span></li>
<li class="join">[<a href="#T03:21:11" id="T03:21:11"><abbr title="2010-05-29T03:21:11+00:00">03:21:11</abbr></a>] <span>* emeb|mac (~ericb@ip72-223-81-194.ph.ph.cox.net) has joined #beagle</span></li>
<li class="quit">[<a href="#T03:24:21" id="T03:24:21"><abbr title="2010-05-29T03:24:21+00:00">03:24:21</abbr></a>] <span>* aholler (~aholler@p57B22979.dip0.t-ipconnect.de) Quit (Ping timeout: 276 seconds)</span></li>
