<li class="join">[<a href="#T00:05:29" id="T00:05:29"><abbr title="2010-10-07T00:05:29+00:00">00:05:29</abbr></a>] <span>* gdm_ (~gdm@186.19.159.138) has joined #beagle</span></li>
<li class="quit">[<a href="#T00:07:31" id="T00:07:31"><abbr title="2010-10-07T00:07:31+00:00">00:07:31</abbr></a>] <span>* CMoH (~cipi@unaffiliated/c-moh) Quit (Ping timeout: 240 seconds)</span></li>
<li class="part">[<a href="#T00:07:55" id="T00:07:55"><abbr title="2010-10-07T00:07:55+00:00">00:07:55</abbr></a>] <span>* omarrmz (~x0084701@nat/ti/x-eqrwdftmrdhowyph) has left #beagle</span></li>
<li class="quit">[<a href="#T00:08:11" id="T00:08:11"><abbr title="2010-10-07T00:08:11+00:00">00:08:11</abbr></a>] <span>* fresch (~fresch@ip-178-203-206-27.unitymediagroup.de) Quit (Ping timeout: 240 seconds)</span></li>
<li class="quit">[<a href="#T00:11:41" id="T00:11:41"><abbr title="2010-10-07T00:11:41+00:00">00:11:41</abbr></a>] <span>* gdm_ (~gdm@186.19.159.138) Quit (Remote host closed the connection)</span></li>
<li class="join">[<a href="#T00:12:09" id="T00:12:09"><abbr title="2010-10-07T00:12:09+00:00">00:12:09</abbr></a>] <span>* gdm_ (~gdm@186.19.159.138) has joined #beagle</span></li>
<li class="quit">[<a href="#T00:12:41" id="T00:12:41"><abbr title="2010-10-07T00:12:41+00:00">00:12:41</abbr></a>] <span>* gdm_ (~gdm@186.19.159.138) Quit (Remote host closed the connection)</span></li>
<li class="message">[<a href="#T00:38:50" id="T00:38:50"><abbr title="2010-10-07T00:38:50+00:00">00:38:50</abbr></a>] &lt;<cite>ds2</cite>&gt; <q>18 inch scope? is that for some huge cannon?</q></li>
<li class="join">[<a href="#T00:39:26" id="T00:39:26"><abbr title="2010-10-07T00:39:26+00:00">00:39:26</abbr></a>] <span>* alancam (~a-campbel@nat/ti/x-ertbkjtrijlaiqcg) has joined #beagle</span></li>
<li class="quit">[<a href="#T00:39:51" id="T00:39:51"><abbr title="2010-10-07T00:39:51+00:00">00:39:51</abbr></a>] <span>* prpplague (~danders@nat/ti/x-qdjalxnjiqgmwqsm) Quit (Quit: Leaving)</span></li>
<li class="quit">[<a href="#T00:44:59" id="T00:44:59"><abbr title="2010-10-07T00:44:59+00:00">00:44:59</abbr></a>] <span>* Sog (~sog@123.50.41.179) Quit (Quit: Leaving.)</span></li>
<li class="join">[<a href="#T00:45:45" id="T00:45:45"><abbr title="2010-10-07T00:45:45+00:00">00:45:45</abbr></a>] <span>* prpplague (~danders@nat/ti/x-xdkhodbyoozyedec) has joined #beagle</span></li>
<li class="quit">[<a href="#T00:53:18" id="T00:53:18"><abbr title="2010-10-07T00:53:18+00:00">00:53:18</abbr></a>] <span>* _roger_ (~a0740758@nat/ti/x-ohksevowkrefexml) Quit (Ping timeout: 240 seconds)</span></li>
<li class="quit">[<a href="#T00:59:03" id="T00:59:03"><abbr title="2010-10-07T00:59:03+00:00">00:59:03</abbr></a>] <span>* mpoirier (~quassel@S0106002369de4dac.cg.shawcable.net) Quit (Ping timeout: 265 seconds)</span></li>
<li class="join">[<a href="#T00:59:35" id="T00:59:35"><abbr title="2010-10-07T00:59:35+00:00">00:59:35</abbr></a>] <span>* alancam_ (~a-campbel@nat/ti/x-jaxnreeymulxqzzi) has joined #beagle</span></li>
<li class="join">[<a href="#T01:00:59" id="T01:00:59"><abbr title="2010-10-07T01:00:59+00:00">01:00:59</abbr></a>] <span>* GrizzlyAdams (~Grizzly@ip98-184-88-41.mc.at.cox.net) has joined #beagle</span></li>
<li class="quit">[<a href="#T01:01:18" id="T01:01:18"><abbr title="2010-10-07T01:01:18+00:00">01:01:18</abbr></a>] <span>* alancam (~a-campbel@nat/ti/x-ertbkjtrijlaiqcg) Quit (Ping timeout: 240 seconds)</span></li>
<li class="join">[<a href="#T01:01:29" id="T01:01:29"><abbr title="2010-10-07T01:01:29+00:00">01:01:29</abbr></a>] <span>* alancam (~a-campbel@nat/ti/x-cpwwjqpftpklcvxo) has joined #beagle</span></li>
<li class="quit">[<a href="#T01:04:13" id="T01:04:13"><abbr title="2010-10-07T01:04:13+00:00">01:04:13</abbr></a>] <span>* Ceriand|work (~Ceriand@unaffiliated/ceriand) Quit (Quit: Leaving.)</span></li>
<li class="quit">[<a href="#T01:04:17" id="T01:04:17"><abbr title="2010-10-07T01:04:17+00:00">01:04:17</abbr></a>] <span>* alancam_ (~a-campbel@nat/ti/x-jaxnreeymulxqzzi) Quit (Ping timeout: 276 seconds)</span></li>
<li class="join">[<a href="#T01:06:28" id="T01:06:28"><abbr title="2010-10-07T01:06:28+00:00">01:06:28</abbr></a>] <span>* rcn-ee (~voodoo@thief-pool1-30.mncable.net) has joined #beagle</span></li>
<li class="quit">[<a href="#T01:11:18" id="T01:11:18"><abbr title="2010-10-07T01:11:18+00:00">01:11:18</abbr></a>] <span>* alancam (~a-campbel@nat/ti/x-cpwwjqpftpklcvxo) Quit (Remote host closed the connection)</span></li>
<li class="join">[<a href="#T01:15:11" id="T01:15:11"><abbr title="2010-10-07T01:15:11+00:00">01:15:11</abbr></a>] <span>* BThompsonGR (~bernie@cpe-76-183-65-93.tx.res.rr.com) has joined #beagle</span></li>
<li class="quit">[<a href="#T01:25:44" id="T01:25:44"><abbr title="2010-10-07T01:25:44+00:00">01:25:44</abbr></a>] <span>* Psychiatras (~psy@cl-78-158-2-141.fastlink.lt) Quit (Ping timeout: 276 seconds)</span></li>
<li class="join">[<a href="#T01:25:49" id="T01:25:49"><abbr title="2010-10-07T01:25:49+00:00">01:25:49</abbr></a>] <span>* Psychiatras (~psy@cl-78-158-2-141.fastlink.lt) has joined #beagle</span></li>
<li class="join">[<a href="#T01:28:33" id="T01:28:33"><abbr title="2010-10-07T01:28:33+00:00">01:28:33</abbr></a>] <span>* Ceriand|desktop (~Ceriand@unaffiliated/ceriand) has joined #beagle</span></li>
<li class="join">[<a href="#T01:38:49" id="T01:38:49"><abbr title="2010-10-07T01:38:49+00:00">01:38:49</abbr></a>] <span>* b7500af1 (b7500af1@c-71-62-125-191.hsd1.va.comcast.net) has joined #beagle</span></li>
<li class="quit">[<a href="#T01:47:13" id="T01:47:13"><abbr title="2010-10-07T01:47:13+00:00">01:47:13</abbr></a>] <span>* duffolonious (~bryan@75-168-77-218.mpls.qwest.net) Quit (Ping timeout: 245 seconds)</span></li>
<li class="join">[<a href="#T01:49:45" id="T01:49:45"><abbr title="2010-10-07T01:49:45+00:00">01:49:45</abbr></a>] <span>* duffolonious (~bryan@75-168-77-218.mpls.qwest.net) has joined #beagle</span></li>
<li class="quit">[<a href="#T01:50:27" id="T01:50:27"><abbr title="2010-10-07T01:50:27+00:00">01:50:27</abbr></a>] <span>* b7500af1 (b7500af1@c-71-62-125-191.hsd1.va.comcast.net) Quit ()</span></li>
<li class="join">[<a href="#T01:52:53" id="T01:52:53"><abbr title="2010-10-07T01:52:53+00:00">01:52:53</abbr></a>] <span>* jrmuizel (~jrmuizel@CPE001f5be79d0f-CM0017ee62f8b0.cpe.net.cable.rogers.com) has joined #beagle</span></li>
<li class="join">[<a href="#T01:54:35" id="T01:54:35"><abbr title="2010-10-07T01:54:35+00:00">01:54:35</abbr></a>] <span>* jayabharath (~jayabhara@nat/ti/x-fqketezkzrkecdpw) has joined #beagle</span></li>
<li class="quit">[<a href="#T01:58:40" id="T01:58:40"><abbr title="2010-10-07T01:58:40+00:00">01:58:40</abbr></a>] <span>* ppotera (~ppotera@99-100-130-116.lightspeed.stlsmo.sbcglobal.net) Quit (Quit: ppotera)</span></li>
<li class="join">[<a href="#T02:13:28" id="T02:13:28"><abbr title="2010-10-07T02:13:28+00:00">02:13:28</abbr></a>] <span>* ppotera (~ppotera@99-100-130-116.lightspeed.stlsmo.sbcglobal.net) has joined #beagle</span></li>
<li class="message">[<a href="#T02:13:34" id="T02:13:34"><abbr title="2010-10-07T02:13:34+00:00">02:13:34</abbr></a>] &lt;<cite>djlewis</cite>&gt; <q>ds2: yep I here them called light cannons sometiimes</q></li>
<li class="message">[<a href="#T02:13:49" id="T02:13:49"><abbr title="2010-10-07T02:13:49+00:00">02:13:49</abbr></a>] &lt;<cite>djlewis</cite>&gt; <q>I been out amplifying some photins.</q></li>
<li class="message">[<a href="#T02:13:58" id="T02:13:58"><abbr title="2010-10-07T02:13:58+00:00">02:13:58</abbr></a>] &lt;<cite>djlewis</cite>&gt; <q>s/photins/photons</q></li>
<li class="message">[<a href="#T02:14:15" id="T02:14:15"><abbr title="2010-10-07T02:14:15+00:00">02:14:15</abbr></a>] &lt;<cite>mru</cite>&gt; <q>how big did you make 'em?</q></li>
<li class="message">[<a href="#T02:14:34" id="T02:14:34"><abbr title="2010-10-07T02:14:34+00:00">02:14:34</abbr></a>] &lt;<cite>djlewis</cite>&gt; <q>not bigger, but brighter :)</q></li>
<li class="quit">[<a href="#T02:16:43" id="T02:16:43"><abbr title="2010-10-07T02:16:43+00:00">02:16:43</abbr></a>] <span>* Psychiatras (~psy@cl-78-158-2-141.fastlink.lt) Quit (Ping timeout: 240 seconds)</span></li>
<li class="join">[<a href="#T02:16:47" id="T02:16:47"><abbr title="2010-10-07T02:16:47+00:00">02:16:47</abbr></a>] <span>* Psychiatras (~psy@cl-78-158-2-141.fastlink.lt) has joined #beagle</span></li>
<li class="join">[<a href="#T02:20:04" id="T02:20:04"><abbr title="2010-10-07T02:20:04+00:00">02:20:04</abbr></a>] <span>* raster (raster@enlightenment2.osuosl.org) has joined #beagle</span></li>
<li class="quit">[<abbr title="2010-10-07T02:20:04+00:00">02:20:04</abbr>] <span>* raster (raster@enlightenment2.osuosl.org) Quit (Changing host)</span></li>
<li class="join">[<abbr title="2010-10-07T02:20:04+00:00">02:20:04</abbr>] <span>* raster (raster@enlightenment/developer/raster) has joined #beagle</span></li>
<li class="quit">[<a href="#T02:27:52" id="T02:27:52"><abbr title="2010-10-07T02:27:52+00:00">02:27:52</abbr></a>] <span>* krtaylor (~krtaylor@72.183.125.181) Quit (Read error: Operation timed out)</span></li>
<li class="quit">[<a href="#T02:28:29" id="T02:28:29"><abbr title="2010-10-07T02:28:29+00:00">02:28:29</abbr></a>] <span>* torez (~torez@cpe-70-123-142-200.austin.res.rr.com) Quit (Remote host closed the connection)</span></li>
<li class="quit">[<a href="#T02:30:38" id="T02:30:38"><abbr title="2010-10-07T02:30:38+00:00">02:30:38</abbr></a>] <span>* crazy_pete (~peter@c-24-5-98-89.hsd1.ca.comcast.net) Quit (Quit: Leaving)</span></li>
<li class="join">[<a href="#T02:34:26" id="T02:34:26"><abbr title="2010-10-07T02:34:26+00:00">02:34:26</abbr></a>] <span>* espindola (~espindola@CPE001a704e2b6d-CM001225dd5348.cpe.net.cable.rogers.com) has joined #beagle</span></li>
<li class="quit">[<a href="#T02:39:05" id="T02:39:05"><abbr title="2010-10-07T02:39:05+00:00">02:39:05</abbr></a>] <span>* emeb (~ericb@ip72-223-86-148.ph.ph.cox.net) Quit (Quit: Leaving.)</span></li>
<li class="quit">[<a href="#T02:50:01" id="T02:50:01"><abbr title="2010-10-07T02:50:01+00:00">02:50:01</abbr></a>] <span>* Zoxc (~zoxc@ti0128a380-dhcp0073.bb.online.no) Quit ()</span></li>
<li class="join">[<a href="#T02:52:24" id="T02:52:24"><abbr title="2010-10-07T02:52:24+00:00">02:52:24</abbr></a>] <span>* katie (~katierh@nat/ti/x-dgxesguqsnpaqdbr) has joined #beagle</span></li>
<li class="join">[<a href="#T02:54:20" id="T02:54:20"><abbr title="2010-10-07T02:54:20+00:00">02:54:20</abbr></a>] <span>* cvandonderen_ (~quassel@ikben.in) has joined #beagle</span></li>
<li class="join">[<a href="#T02:54:38" id="T02:54:38"><abbr title="2010-10-07T02:54:38+00:00">02:54:38</abbr></a>] <span>* __av500__ (~av500@p50996ded.dip0.t-ipconnect.de) has joined #beagle</span></li>
<li class="quit">[<a href="#T02:55:01" id="T02:55:01"><abbr title="2010-10-07T02:55:01+00:00">02:55:01</abbr></a>] <span>* cvandonderen (~quassel@ikben.in) Quit (Quit: No Ping reply in 180 seconds.)</span></li>
<li class="quit">[<abbr title="2010-10-07T02:55:01+00:00">02:55:01</abbr>] <span>* av500 (~av500@p50996ded.dip0.t-ipconnect.de) Quit (Remote host closed the connection)</span></li>
<li class="join">[<abbr title="2010-10-07T02:55:01+00:00">02:55:01</abbr>] <span>* PBansal (~pbansal@nat/ti/session) has joined #beagle</span></li>
<li class="quit">[<a href="#T02:55:02" id="T02:55:02"><abbr title="2010-10-07T02:55:02+00:00">02:55:02</abbr></a>] <span>* PBansal (~pbansal@nat/ti/session) Quit (Changing host)</span></li>
<li class="join">[<abbr title="2010-10-07T02:55:02+00:00">02:55:02</abbr>] <span>* PBansal (~pbansal@nat/ti/x-wacgcczmfhdovhcb) has joined #beagle</span></li>
<li class="join">[<a href="#T02:55:30" id="T02:55:30"><abbr title="2010-10-07T02:55:30+00:00">02:55:30</abbr></a>] <span>* rbarraud_ (~rbarraud@118-93-187-226.dsl.dyn.ihug.co.nz) has joined #beagle</span></li>
<li class="quit">[<a href="#T02:56:02" id="T02:56:02"><abbr title="2010-10-07T02:56:02+00:00">02:56:02</abbr></a>] <span>* rbarraud (~rbarraud@118-92-25-3.dsl.dyn.ihug.co.nz) Quit (Ping timeout: 255 seconds)</span></li>
