<li class="quit">[<a href="#T00:03:01" id="T00:03:01"><abbr title="2010-04-24T00:03:01+00:00">00:03:01</abbr></a>] <span>* jayabharath (~a0866114@nat/ti/x-xznyfqiucwophroj) Quit (Ping timeout: 264 seconds)</span></li>
<li class="quit">[<a href="#T00:04:14" id="T00:04:14"><abbr title="2010-04-24T00:04:14+00:00">00:04:14</abbr></a>] <span>* raghu (~raghu@nat/ti/x-wmnarovqijidncwe) Quit (Quit: Leaving)</span></li>
<li class="quit">[<a href="#T00:05:44" id="T00:05:44"><abbr title="2010-04-24T00:05:44+00:00">00:05:44</abbr></a>] <span>* RazZziel (~raziel@63.93.117.91.dynamic.mundo-r.com) Quit (Ping timeout: 240 seconds)</span></li>
<li class="quit">[<a href="#T00:07:49" id="T00:07:49"><abbr title="2010-04-24T00:07:49+00:00">00:07:49</abbr></a>] <span>* theholyduck (~holyduck@ip-188-136-106-77.eidsiva.net) Quit (Read error: Connection reset by peer)</span></li>
<li class="join">[<a href="#T00:10:33" id="T00:10:33"><abbr title="2010-04-24T00:10:33+00:00">00:10:33</abbr></a>] <span>* DanaG (~dana@pcp057515pcs.wireless.calpoly.edu) has joined #beagle</span></li>
<li class="quit">[<a href="#T00:11:12" id="T00:11:12"><abbr title="2010-04-24T00:11:12+00:00">00:11:12</abbr></a>] <span>* raster (~raster@enlightenment/developer/raster) Quit (Ping timeout: 276 seconds)</span></li>
<li class="join">[<a href="#T00:11:36" id="T00:11:36"><abbr title="2010-04-24T00:11:36+00:00">00:11:36</abbr></a>] <span>* raster (~raster@enlightenment/developer/raster) has joined #beagle</span></li>
<li class="quit">[<a href="#T00:32:12" id="T00:32:12"><abbr title="2010-04-24T00:32:12+00:00">00:32:12</abbr></a>] <span>* andruk (~chatzilla@unaffiliated/andruk) Quit (Ping timeout: 265 seconds)</span></li>
<li class="nick-change">[<a href="#T00:37:16" id="T00:37:16"><abbr title="2010-04-24T00:37:16+00:00">00:37:16</abbr></a>] <span>* XorA|gone is now known as XorA|goner</span></li>
<li class="join">[<a href="#T00:50:26" id="T00:50:26"><abbr title="2010-04-24T00:50:26+00:00">00:50:26</abbr></a>] <span>* ppotera__ (~ppotera@c-69-243-130-95.hsd1.il.comcast.net) has joined #beagle</span></li>
<li class="quit">[<a href="#T00:52:50" id="T00:52:50"><abbr title="2010-04-24T00:52:50+00:00">00:52:50</abbr></a>] <span>* ppotera (~ppotera@c-69-243-130-95.hsd1.il.comcast.net) Quit (Ping timeout: 240 seconds)</span></li>
<li class="nick-change">[<abbr title="2010-04-24T00:52:50+00:00">00:52:50</abbr>] <span>* ppotera__ is now known as ppotera</span></li>
<li class="quit">[<a href="#T01:02:41" id="T01:02:41"><abbr title="2010-04-24T01:02:41+00:00">01:02:41</abbr></a>] <span>* DanaG (~dana@pcp057515pcs.wireless.calpoly.edu) Quit (Read error: Operation timed out)</span></li>
<li class="join">[<a href="#T01:09:33" id="T01:09:33"><abbr title="2010-04-24T01:09:33+00:00">01:09:33</abbr></a>] <span>* rsalveti (~rsalveti@187.59.242.78) has joined #beagle</span></li>
<li class="message">[<a href="#T01:14:50" id="T01:14:50"><abbr title="2010-04-24T01:14:50+00:00">01:14:50</abbr></a>] &lt;<cite>ds2</cite>&gt; <q>6</q></li>
<li class="quit">[<a href="#T01:15:59" id="T01:15:59"><abbr title="2010-04-24T01:15:59+00:00">01:15:59</abbr></a>] <span>* StevenC (~steven.co@78-22-115-173.access.telenet.be) Quit (Ping timeout: 246 seconds)</span></li>
<li class="quit">[<a href="#T01:18:35" id="T01:18:35"><abbr title="2010-04-24T01:18:35+00:00">01:18:35</abbr></a>] <span>* scrp3l (~scrp3l__@201.250.191.245) Quit (Read error: Connection reset by peer)</span></li>
<li class="join">[<a href="#T01:21:09" id="T01:21:09"><abbr title="2010-04-24T01:21:09+00:00">01:21:09</abbr></a>] <span>* emeb|mac (~ericb@ip72-223-81-194.ph.ph.cox.net) has joined #beagle</span></li>
<li class="join">[<a href="#T01:36:54" id="T01:36:54"><abbr title="2010-04-24T01:36:54+00:00">01:36:54</abbr></a>] <span>* zeroresidue (~sawdis@modemcable203.209-56-74.mc.videotron.ca) has joined #beagle</span></li>
<li class="message">[<a href="#T01:39:37" id="T01:39:37"><abbr title="2010-04-24T01:39:37+00:00">01:39:37</abbr></a>] &lt;<cite>mru</cite>&gt; <q>7</q></li>
<li class="join">[<a href="#T01:41:59" id="T01:41:59"><abbr title="2010-04-24T01:41:59+00:00">01:41:59</abbr></a>] <span>* djlewis (~djlewis@75.15.64.20) has joined #beagle</span></li>
<li class="message">[<a href="#T01:42:05" id="T01:42:05"><abbr title="2010-04-24T01:42:05+00:00">01:42:05</abbr></a>] &lt;<cite>djlewis</cite>&gt; <q>8</q></li>
<li class="message">[<a href="#T01:42:06" id="T01:42:06"><abbr title="2010-04-24T01:42:06+00:00">01:42:06</abbr></a>] &lt;<cite>nullpuppy</cite>&gt; <q> </q></li>
<li class="message">[<a href="#T01:45:09" id="T01:45:09"><abbr title="2010-04-24T01:45:09+00:00">01:45:09</abbr></a>] &lt;<cite>emeb</cite>&gt; <q>10</q></li>
<li class="message">[<a href="#T01:46:39" id="T01:46:39"><abbr title="2010-04-24T01:46:39+00:00">01:46:39</abbr></a>] &lt;<cite>thurbad</cite>&gt; <q>bingo!!!</q></li>
<li class="quit">[<a href="#T01:47:22" id="T01:47:22"><abbr title="2010-04-24T01:47:22+00:00">01:47:22</abbr></a>] <span>* noway (~29e1cef5@gateway/web/freenode/x-ezllwgpidyttwqlo) Quit (Ping timeout: 252 seconds)</span></li>
<li class="quit">[<a href="#T01:51:12" id="T01:51:12"><abbr title="2010-04-24T01:51:12+00:00">01:51:12</abbr></a>] <span>* zeroresidue (~sawdis@modemcable203.209-56-74.mc.videotron.ca) Quit (Quit: Leaving.)</span></li>
<li class="join">[<a href="#T01:52:09" id="T01:52:09"><abbr title="2010-04-24T01:52:09+00:00">01:52:09</abbr></a>] <span>* DanaG (~dana@66-169-236-186.static.snlo.ca.charter.com) has joined #beagle</span></li>
<li class="part">[<a href="#T01:52:27" id="T01:52:27"><abbr title="2010-04-24T01:52:27+00:00">01:52:27</abbr></a>] <span>* emeb (~ericb@ip72-223-81-194.ph.ph.cox.net) has left #beagle</span></li>
<li class="quit">[<a href="#T02:02:03" id="T02:02:03"><abbr title="2010-04-24T02:02:03+00:00">02:02:03</abbr></a>] <span>* Crofton (~balister@adsl-75-36-176-185.dsl.pltn13.sbcglobal.net) Quit (Quit: Leaving)</span></li>
<li class="quit">[<a href="#T02:04:17" id="T02:04:17"><abbr title="2010-04-24T02:04:17+00:00">02:04:17</abbr></a>] <span>* raster (~raster@enlightenment/developer/raster) Quit (Quit: Gettin' stinky!)</span></li>
<li class="quit">[<a href="#T02:06:30" id="T02:06:30"><abbr title="2010-04-24T02:06:30+00:00">02:06:30</abbr></a>] <span>* ppotera (~ppotera@c-69-243-130-95.hsd1.il.comcast.net) Quit (Quit: ppotera)</span></li>
<li class="quit">[<a href="#T02:23:14" id="T02:23:14"><abbr title="2010-04-24T02:23:14+00:00">02:23:14</abbr></a>] <span>* chainsawbike (~chainsawb@202-0-50-230.cable.telstraclear.net) Quit (Ping timeout: 240 seconds)</span></li>
<li class="join">[<a href="#T02:30:48" id="T02:30:48"><abbr title="2010-04-24T02:30:48+00:00">02:30:48</abbr></a>] <span>* chainsawbike (~chainsawb@202-0-50-230.cable.telstraclear.net) has joined #beagle</span></li>
<li class="join">[<a href="#T02:37:05" id="T02:37:05"><abbr title="2010-04-24T02:37:05+00:00">02:37:05</abbr></a>] <span>* tdh2002 (~tt@58.63.15.205) has joined #beagle</span></li>
<li class="message">[<a href="#T02:47:22" id="T02:47:22"><abbr title="2010-04-24T02:47:22+00:00">02:47:22</abbr></a>] &lt;<cite>thurbad</cite>&gt; <q>damnit, the beagle has the wrong i2c-dev.h header on it anyone have advice on how to get the one for userspace apps? I've already installed i2c-tools</q></li>
<li class="quit">[<a href="#T02:53:58" id="T02:53:58"><abbr title="2010-04-24T02:53:58+00:00">02:53:58</abbr></a>] <span>* NishanthMenon (~nmenon@nat/ti/x-qcvxaphpryacuzbg) Quit (Quit: Ex-Chat)</span></li>
<li class="join">[<a href="#T03:01:14" id="T03:01:14"><abbr title="2010-04-24T03:01:14+00:00">03:01:14</abbr></a>] <span>* cody_ (~cody@dslb-084-056-121-064.pools.arcor-ip.net) has joined #beagle</span></li>
<li class="join">[<a href="#T03:03:53" id="T03:03:53"><abbr title="2010-04-24T03:03:53+00:00">03:03:53</abbr></a>] <span>* jayabharath (~a0866114@nat/ti/x-mqasglwicoedlqgk) has joined #beagle</span></li>
<li class="quit">[<a href="#T03:04:34" id="T03:04:34"><abbr title="2010-04-24T03:04:34+00:00">03:04:34</abbr></a>] <span>* cody (~cody@dslb-084-057-106-023.pools.arcor-ip.net) Quit (Ping timeout: 264 seconds)</span></li>
<li class="quit">[<a href="#T03:09:22" id="T03:09:22"><abbr title="2010-04-24T03:09:22+00:00">03:09:22</abbr></a>] <span>* emeb|mac (~ericb@ip72-223-81-194.ph.ph.cox.net) Quit (Ping timeout: 264 seconds)</span></li>
<li class="join">[<a href="#T03:10:18" id="T03:10:18"><abbr title="2010-04-24T03:10:18+00:00">03:10:18</abbr></a>] <span>* emeb (~ericb@ip72-223-81-194.ph.ph.cox.net) has joined #beagle</span></li>
<li class="quit">[<a href="#T03:15:32" id="T03:15:32"><abbr title="2010-04-24T03:15:32+00:00">03:15:32</abbr></a>] <span>* jesusmad3 (~fuldrul@253.67.18.95.dynamic.jazztel.es) Quit ()</span></li>
<li class="join">[<a href="#T03:19:37" id="T03:19:37"><abbr title="2010-04-24T03:19:37+00:00">03:19:37</abbr></a>] <span>* raster (~raster@enlightenment/developer/raster) has joined #beagle</span></li>
<li class="join">[<a href="#T03:28:01" id="T03:28:01"><abbr title="2010-04-24T03:28:01+00:00">03:28:01</abbr></a>] <span>* rsalveti_ (~rsalveti@187.59.242.73) has joined #beagle</span></li>
<li class="quit">[<a href="#T03:28:08" id="T03:28:08"><abbr title="2010-04-24T03:28:08+00:00">03:28:08</abbr></a>] <span>* rsalveti (~rsalveti@187.59.242.78) Quit (Ping timeout: 265 seconds)</span></li>
<li class="quit">[<a href="#T03:34:35" id="T03:34:35"><abbr title="2010-04-24T03:34:35+00:00">03:34:35</abbr></a>] <span>* djlewis (~djlewis@75.15.64.20) Quit (Ping timeout: 248 seconds)</span></li>
<li class="quit">[<a href="#T03:48:37" id="T03:48:37"><abbr title="2010-04-24T03:48:37+00:00">03:48:37</abbr></a>] <span>* cbrake (~cbrake@oh-69-34-21-229.sta.embarqhsd.net) Quit (Ping timeout: 246 seconds)</span></li>
<li class="quit">[<a href="#T03:50:28" id="T03:50:28"><abbr title="2010-04-24T03:50:28+00:00">03:50:28</abbr></a>] <span>* jserv-- (~jserv@61-30-10-70.static.tfn.net.tw) Quit (Quit: jserv--)</span></li>
<li class="part">[<a href="#T03:50:40" id="T03:50:40"><abbr title="2010-04-24T03:50:40+00:00">03:50:40</abbr></a>] <span>* tdh2002 (~tt@58.63.15.205) has left #beagle</span></li>
<li class="join">[<a href="#T03:51:36" id="T03:51:36"><abbr title="2010-04-24T03:51:36+00:00">03:51:36</abbr></a>] <span>* aholler_ (~aholler@p57B216BB.dip0.t-ipconnect.de) has joined #beagle</span></li>
<li class="quit">[<a href="#T03:55:42" id="T03:55:42"><abbr title="2010-04-24T03:55:42+00:00">03:55:42</abbr></a>] <span>* aholler (~aholler@p57B224C1.dip0.t-ipconnect.de) Quit (Ping timeout: 276 seconds)</span></li>
<li class="quit">[<a href="#T04:06:26" id="T04:06:26"><abbr title="2010-04-24T04:06:26+00:00">04:06:26</abbr></a>] <span>* Zoxc (~zoxc@ti0128a340-dhcp0330.bb.online.no) Quit ()</span></li>
<li class="quit">[<a href="#T04:08:33" id="T04:08:33"><abbr title="2010-04-24T04:08:33+00:00">04:08:33</abbr></a>] <span>* denix0 (~denix@pool-71-251-58-177.washdc.east.verizon.net) Quit (Quit: <a href="http://arago-project.org)">http://arago-project.org)</a></span></li>
<li class="quit">[<a href="#T04:10:19" id="T04:10:19"><abbr title="2010-04-24T04:10:19+00:00">04:10:19</abbr></a>] <span>* jayabharath (~a0866114@nat/ti/x-mqasglwicoedlqgk) Quit (Ping timeout: 248 seconds)</span></li>
<li class="join">[<a href="#T04:15:34" id="T04:15:34"><abbr title="2010-04-24T04:15:34+00:00">04:15:34</abbr></a>] <span>* ksinkar (~ksinkar@210.211.129.95) has joined #beagle</span></li>
<li class="join">[<a href="#T04:17:23" id="T04:17:23"><abbr title="2010-04-24T04:17:23+00:00">04:17:23</abbr></a>] <span>* Belna (~Thomas@ppp-93-104-140-70.dynamic.mnet-online.de) has joined #beagle</span></li>
<li class="join">[<a href="#T04:26:39" id="T04:26:39"><abbr title="2010-04-24T04:26:39+00:00">04:26:39</abbr></a>] <span>* TenTenTen (~43ab8322@gateway/web/freenode/x-buvbrnpufyxzzxln) has joined #beagle</span></li>
<li class="message">[<a href="#T04:27:51" id="T04:27:51"><abbr title="2010-04-24T04:27:51+00:00">04:27:51</abbr></a>] &lt;<cite>TenTenTen</cite>&gt; <q>Non Beagleboard question:  Has anyone had issues opening their browser? I have intenet connection, I can ping anysite, but I can't get none of the browsers going...</q></li>
<li class="quit">[<a href="#T04:31:28" id="T04:31:28"><abbr title="2010-04-24T04:31:28+00:00">04:31:28</abbr></a>] <span>* mrc3_ (~ddiaz@189.157.117.148) Quit (Read error: Connection reset by peer)</span></li>
<li class="quit">[<a href="#T04:35:38" id="T04:35:38"><abbr title="2010-04-24T04:35:38+00:00">04:35:38</abbr></a>] <span>* lifeeth (~praneeth@unaffiliated/lifeeth) Quit (Ping timeout: 258 seconds)</span></li>
<li class="join">[<a href="#T04:36:42" id="T04:36:42"><abbr title="2010-04-24T04:36:42+00:00">04:36:42</abbr></a>] <span>* lifeeth (~praneeth@unaffiliated/lifeeth) has joined #beagle</span></li>
<li class="message">[<a href="#T04:44:08" id="T04:44:08"><abbr title="2010-04-24T04:44:08+00:00">04:44:08</abbr></a>] &lt;<cite>ds2</cite>&gt; <q>aren't you coming from a browser based client??</q></li>
<li class="quit">[<a href="#T04:44:36" id="T04:44:36"><abbr title="2010-04-24T04:44:36+00:00">04:44:36</abbr></a>] <span>* bearsh (~quassel@adsl-245-48-fixip.datacomm.ch) Quit (Read error: Connection reset by peer)</span></li>
<li class="join">[<a href="#T04:45:44" id="T04:45:44"><abbr title="2010-04-24T04:45:44+00:00">04:45:44</abbr></a>] <span>* bearsh (~quassel@adsl-245-48-fixip.datacomm.ch) has joined #beagle</span></li>
<li class="message">[<a href="#T04:48:00" id="T04:48:00"><abbr title="2010-04-24T04:48:00+00:00">04:48:00</abbr></a>] &lt;<cite>TenTenTen</cite>&gt; <q>I ran "ipconfig /release" and now the pice of sheet is working...</q></li>
<li class="quit">[<a href="#T04:52:17" id="T04:52:17"><abbr title="2010-04-24T04:52:17+00:00">04:52:17</abbr></a>] <span>* bearsh (~quassel@adsl-245-48-fixip.datacomm.ch) Quit (Quit: No Ping reply in 180 seconds.)</span></li>
<li class="join">[<a href="#T04:52:26" id="T04:52:26"><abbr title="2010-04-24T04:52:26+00:00">04:52:26</abbr></a>] <span>* bearsh (~quassel@adsl-245-48-fixip.datacomm.ch) has joined #beagle</span></li>
<li class="message">[<a href="#T04:55:40" id="T04:55:40"><abbr title="2010-04-24T04:55:40+00:00">04:55:40</abbr></a>] &lt;<cite>thurbad</cite>&gt; <q>windows?</q></li>
<li class="message">[<a href="#T04:56:44" id="T04:56:44"><abbr title="2010-04-24T04:56:44+00:00">04:56:44</abbr></a>] &lt;<cite>TenTenTen</cite>&gt; <q>Yeah, Windowns!</q></li>
<li class="message">[<a href="#T04:57:19" id="T04:57:19"><abbr title="2010-04-24T04:57:19+00:00">04:57:19</abbr></a>] &lt;<cite>thurbad</cite>&gt; <q>eeps, I've only got 3MB of memory to spare when my app is running full bore :/</q></li>
<li class="message">[<a href="#T04:58:23" id="T04:58:23"><abbr title="2010-04-24T04:58:23+00:00">04:58:23</abbr></a>] &lt;<cite>thurbad</cite>&gt; <q>and the client wants to add stuff to it still</q></li>
<li class="message">[<a href="#T05:00:35" id="T05:00:35"><abbr title="2010-04-24T05:00:35+00:00">05:00:35</abbr></a>] &lt;<cite>thurbad</cite>&gt; <q>maybe I should think about changing the backend from SDL to QT and running without an XServer?</q></li>
<li class="join">[<a href="#T05:03:25" id="T05:03:25"><abbr title="2010-04-24T05:03:25+00:00">05:03:25</abbr></a>] <span>* peksha (~peksha@145.86.broadband10.iol.cz) has joined #beagle</span></li>
<li class="message">[<a href="#T05:12:30" id="T05:12:30"><abbr title="2010-04-24T05:12:30+00:00">05:12:30</abbr></a>] &lt;<cite>cwillu_at_work</cite>&gt; <q>depending on how the memory is being used, you can probably recover some space by adding swap (i.e., get the stuff that's reserved but rarely accessed out of precious memory)</q></li>
<li class="message">[<a href="#T05:12:53" id="T05:12:53"><abbr title="2010-04-24T05:12:53+00:00">05:12:53</abbr></a>] &lt;<cite>thurbad</cite>&gt; <q>hmm is there a licensing fee for qt in commercial apps still, I was previously told there wasn't</q></li>
<li class="message">[<a href="#T05:13:09" id="T05:13:09"><abbr title="2010-04-24T05:13:09+00:00">05:13:09</abbr></a>] &lt;<cite>thurbad</cite>&gt; <q>but nokia's site implies there is</q></li>
<li class="message">[<a href="#T05:19:51" id="T05:19:51"><abbr title="2010-04-24T05:19:51+00:00">05:19:51</abbr></a>] &lt;<cite>thurbad</cite>&gt; <q>nevermind... looks like I can use 2.1, but not 3.0</q></li>
<li class="message">[<a href="#T05:32:35" id="T05:32:35"><abbr title="2010-04-24T05:32:35+00:00">05:32:35</abbr></a>] &lt;<cite>thurbad</cite>&gt; <q>does anyone know what type of licensing qt-embedded uses? opkg says it's version 4?</q></li>
<li class="message">[<a href="#T05:33:21" id="T05:33:21"><abbr title="2010-04-24T05:33:21+00:00">05:33:21</abbr></a>] &lt;<cite>_av500_</cite>&gt; <q>gpl</q></li>
<li class="message">[<a href="#T05:33:39" id="T05:33:39"><abbr title="2010-04-24T05:33:39+00:00">05:33:39</abbr></a>] &lt;<cite>_av500_</cite>&gt; <q>or lpgl?</q></li>
<li class="message">[<a href="#T05:34:46" id="T05:34:46"><abbr title="2010-04-24T05:34:46+00:00">05:34:46</abbr></a>] &lt;<cite>thurbad</cite>&gt; <q>hopefully lgpl... but I don't know</q></li>
<li class="message">[<a href="#T05:36:00" id="T05:36:00"><abbr title="2010-04-24T05:36:00+00:00">05:36:00</abbr></a>] &lt;<cite>_av500_</cite>&gt; <q>google knows</q></li>
<li class="message">[<a href="#T05:36:26" id="T05:36:26"><abbr title="2010-04-24T05:36:26+00:00">05:36:26</abbr></a>] &lt;<cite>thurbad</cite>&gt; <q>maybe.. but it's not telling me</q></li>
<li class="message">[<a href="#T05:41:45" id="T05:41:45"><abbr title="2010-04-24T05:41:45+00:00">05:41:45</abbr></a>] &lt;<cite>_av500_</cite>&gt; <q><a href="http://qt.nokia.com/products/licensing">http://qt.nokia.com/products/licensing</a></q></li>
<li class="message">[<a href="#T05:42:34" id="T05:42:34"><abbr title="2010-04-24T05:42:34+00:00">05:42:34</abbr></a>] &lt;<cite>thurbad</cite>&gt; <q>yeah. that says nothing about version 4</q></li>
<li class="message">[<a href="#T05:43:14" id="T05:43:14"><abbr title="2010-04-24T05:43:14+00:00">05:43:14</abbr></a>] &lt;<cite>thurbad</cite>&gt; <q>or is that referring to licensing versions rather than software versions?</q></li>
<li class="join">[<a href="#T05:43:37" id="T05:43:37"><abbr title="2010-04-24T05:43:37+00:00">05:43:37</abbr></a>] <span>* Meizirkki (~Meizirkki@80-186-30-234.elisa-mobile.fi) has joined #beagle</span></li>
<li class="message">[<a href="#T05:44:06" id="T05:44:06"><abbr title="2010-04-24T05:44:06+00:00">05:44:06</abbr></a>] &lt;<cite>_av500_</cite>&gt; <q>no, there was a qte 4.x</q></li>
<li class="quit">[<a href="#T05:53:46" id="T05:53:46"><abbr title="2010-04-24T05:53:46+00:00">05:53:46</abbr></a>] <span>* TenTenTen (~43ab8322@gateway/web/freenode/x-buvbrnpufyxzzxln) Quit (Ping timeout: 252 seconds)</span></li>
<li class="join">[<a href="#T05:59:49" id="T05:59:49"><abbr title="2010-04-24T05:59:49+00:00">05:59:49</abbr></a>] <span>* mobidev (~mobidev@94.127.205.30) has joined #beagle</span></li>
