<li class="join">[<a href="#T00:01:22" id="T00:01:22"><abbr title="2010-07-03T00:01:22+00:00">00:01:22</abbr></a>] <span>* rhk (~rhk@12.19.192.3) has joined #beagle</span></li>
<li class="quit">[<a href="#T00:05:24" id="T00:05:24"><abbr title="2010-07-03T00:05:24+00:00">00:05:24</abbr></a>] <span>* drinkcat (~nicolas@181-162.4-85.cust.bluewin.ch) Quit (Ping timeout: 260 seconds)</span></li>
<li class="quit">[<a href="#T00:07:15" id="T00:07:15"><abbr title="2010-07-03T00:07:15+00:00">00:07:15</abbr></a>] <span>* _don_ (~don@nat/ti/x-wlusyumvcvwkccjx) Quit ()</span></li>
<li class="quit">[<a href="#T00:12:00" id="T00:12:00"><abbr title="2010-07-03T00:12:00+00:00">00:12:00</abbr></a>] <span>* ant__ (~andrea@host96-74-dynamic.5-87-r.retail.telecomitalia.it) Quit (Quit: Ex-Chat)</span></li>
<li class="quit">[<a href="#T00:14:09" id="T00:14:09"><abbr title="2010-07-03T00:14:09+00:00">00:14:09</abbr></a>] <span>* emeb (~ericb@75-174-195-30.phnx.qwest.net) Quit (Quit: Leaving.)</span></li>
<li class="nick-change">[<a href="#T00:14:47" id="T00:14:47"><abbr title="2010-07-03T00:14:47+00:00">00:14:47</abbr></a>] <span>* jconnolly is now known as jconnolly|away</span></li>
<li class="part">[<a href="#T00:19:12" id="T00:19:12"><abbr title="2010-07-03T00:19:12+00:00">00:19:12</abbr></a>] <span>* bkinman (~bkinman@c-67-188-116-157.hsd1.ca.comcast.net) has left #beagle</span></li>
<li class="quit">[<a href="#T00:29:27" id="T00:29:27"><abbr title="2010-07-03T00:29:27+00:00">00:29:27</abbr></a>] <span>* maria (~mrodrigue@186.32.57.22) Quit (Quit: Leaving.)</span></li>
<li class="message">[<a href="#T00:37:03" id="T00:37:03"><abbr title="2010-07-03T00:37:03+00:00">00:37:03</abbr></a>] &lt;<cite>rlameiro</cite>&gt; <q>well i opened the cable and it is a crossed cable, so it should work</q></li>
<li class="message">[<a href="#T00:37:25" id="T00:37:25"><abbr title="2010-07-03T00:37:25+00:00">00:37:25</abbr></a>] &lt;<cite>rlameiro</cite>&gt; <q>could it be the serial to usb converter?</q></li>
<li class="join">[<a href="#T00:43:38" id="T00:43:38"><abbr title="2010-07-03T00:43:38+00:00">00:43:38</abbr></a>] <span>* djlewis (~djlewis@65-66-76-177.dsl.tcworks.net) has joined #beagle</span></li>
<li class="message">[<a href="#T00:44:30" id="T00:44:30"><abbr title="2010-07-03T00:44:30+00:00">00:44:30</abbr></a>] &lt;<cite>djlewis</cite>&gt; <q>test</q></li>
<li class="message">[<a href="#T00:45:15" id="T00:45:15"><abbr title="2010-07-03T00:45:15+00:00">00:45:15</abbr></a>] &lt;<cite>mru</cite>&gt; <q>test failed</q></li>
<li class="quit">[<a href="#T00:46:13" id="T00:46:13"><abbr title="2010-07-03T00:46:13+00:00">00:46:13</abbr></a>] <span>* Artanis (Artanis@159.108.165.83.dynamic.mundo-r.com) Quit (Ping timeout: 264 seconds)</span></li>
<li class="message">[<a href="#T00:46:15" id="T00:46:15"><abbr title="2010-07-03T00:46:15+00:00">00:46:15</abbr></a>] &lt;<cite>mru</cite>&gt; <q>what are you testing anyway?</q></li>
<li class="message">[<a href="#T00:46:37" id="T00:46:37"><abbr title="2010-07-03T00:46:37+00:00">00:46:37</abbr></a>] &lt;<cite>djlewis</cite>&gt; <q>irc logs == ok</q></li>
<li class="message">[<a href="#T00:46:51" id="T00:46:51"><abbr title="2010-07-03T00:46:51+00:00">00:46:51</abbr></a>] &lt;<cite>djlewis</cite>&gt; <q>hi mru</q></li>
<li class="message">[<a href="#T00:47:22" id="T00:47:22"><abbr title="2010-07-03T00:47:22+00:00">00:47:22</abbr></a>] &lt;<cite>mru</cite>&gt; <q>my logs always record exactly what I want them to</q></li>
<li class="message">[<a href="#T00:47:48" id="T00:47:48"><abbr title="2010-07-03T00:47:48+00:00">00:47:48</abbr></a>] &lt;<cite>djlewis</cite>&gt; <q>i dont leave my computers on</q></li>
<li class="message">[<a href="#T00:48:08" id="T00:48:08"><abbr title="2010-07-03T00:48:08+00:00">00:48:08</abbr></a>] &lt;<cite>mru</cite>&gt; <q>electricity is cheap in europe</q></li>
<li class="message">[<a href="#T00:48:16" id="T00:48:16"><abbr title="2010-07-03T00:48:16+00:00">00:48:16</abbr></a>] &lt;<cite>djlewis</cite>&gt; <q>other than the weather box upstairs</q></li>
<li class="message">[<a href="#T00:48:34" id="T00:48:34"><abbr title="2010-07-03T00:48:34+00:00">00:48:34</abbr></a>] &lt;<cite>mru</cite>&gt; <q>you could rig a beagle as irc logger</q></li>
<li class="message">[<a href="#T00:48:53" id="T00:48:53"><abbr title="2010-07-03T00:48:53+00:00">00:48:53</abbr></a>] &lt;<cite>djlewis</cite>&gt; <q>not cheap for me  :(</q></li>
<li class="message">[<a href="#T00:49:25" id="T00:49:25"><abbr title="2010-07-03T00:49:25+00:00">00:49:25</abbr></a>] &lt;<cite>buZz</cite>&gt; <q>i think there is a public irc log for this channel</q></li>
<li class="message">[<a href="#T00:49:31" id="T00:49:31"><abbr title="2010-07-03T00:49:31+00:00">00:49:31</abbr></a>] &lt;<cite>mru</cite>&gt; <q>:-)</q></li>
<li class="message">[<a href="#T00:49:59" id="T00:49:59"><abbr title="2010-07-03T00:49:59+00:00">00:49:59</abbr></a>] &lt;<cite>buZz</cite>&gt; <q><a href="http://www.beagleboard.org/irclogs/">http://www.beagleboard.org/irclogs/</a></q></li>
<li class="quit">[<a href="#T00:50:12" id="T00:50:12"><abbr title="2010-07-03T00:50:12+00:00">00:50:12</abbr></a>] <span>* _roger_ (~a0740758@nat/ti/x-qrmciogecngmnbyj) Quit (Ping timeout: 260 seconds)</span></li>
<li class="message">[<a href="#T00:50:13" id="T00:50:13"><abbr title="2010-07-03T00:50:13+00:00">00:50:13</abbr></a>] &lt;<cite>djlewis</cite>&gt; <q>and I didnt send buZz my weeds</q></li>
<li class="message">[<a href="#T00:50:23" id="T00:50:23"><abbr title="2010-07-03T00:50:23+00:00">00:50:23</abbr></a>] &lt;<cite>buZz</cite>&gt; <q><a href="http://www.beagleboard.org/irclogs/index.php?date=2010-07-03#T00:49:25">http://www.beagleboard.org/irclogs/index.php?date=2010-07-03#T00:49:25</a>   :D</q></li>
<li class="message">[<a href="#T00:50:32" id="T00:50:32"><abbr title="2010-07-03T00:50:32+00:00">00:50:32</abbr></a>] &lt;<cite>buZz</cite>&gt; <q>djlewis: thats why i'm so clearminded</q></li>
<li class="message">[<a href="#T00:50:35" id="T00:50:35"><abbr title="2010-07-03T00:50:35+00:00">00:50:35</abbr></a>] &lt;<cite>buZz</cite>&gt; <q>better fix that</q></li>
<li class="message">[<a href="#T00:50:42" id="T00:50:42"><abbr title="2010-07-03T00:50:42+00:00">00:50:42</abbr></a>] &lt;<cite>djlewis</cite>&gt; <q>hehee </q></li>
<li class="message">[<a href="#T00:50:51" id="T00:50:51"><abbr title="2010-07-03T00:50:51+00:00">00:50:51</abbr></a>] &lt;<cite>mru</cite>&gt; <q>buZz: we know all about those logs</q></li>
<li class="message">[<a href="#T00:50:54" id="T00:50:54"><abbr title="2010-07-03T00:50:54+00:00">00:50:54</abbr></a>] &lt;<cite>buZz</cite>&gt; <q>untoxicated</q></li>
<li class="message">[<a href="#T00:51:05" id="T00:51:05"><abbr title="2010-07-03T00:51:05+00:00">00:51:05</abbr></a>] &lt;<cite>buZz</cite>&gt; <q>mru: well i was just showing it to djlewis </q></li>
<li class="quit">[<a href="#T00:51:08" id="T00:51:08"><abbr title="2010-07-03T00:51:08+00:00">00:51:08</abbr></a>] <span>* robtow (~rob@12.156.66.34) Quit (Ping timeout: 240 seconds)</span></li>
<li class="message">[<a href="#T00:51:12" id="T00:51:12"><abbr title="2010-07-03T00:51:12+00:00">00:51:12</abbr></a>] &lt;<cite>mru</cite>&gt; <q>s/un/in/</q></li>
<li class="message">[<a href="#T00:51:19" id="T00:51:19"><abbr title="2010-07-03T00:51:19+00:00">00:51:19</abbr></a>] &lt;<cite>buZz</cite>&gt; <q>no, i'm untoxicated</q></li>
<li class="message">[<a href="#T00:51:22" id="T00:51:22"><abbr title="2010-07-03T00:51:22+00:00">00:51:22</abbr></a>] &lt;<cite>buZz</cite>&gt; <q>i have to fix that</q></li>
<li class="action">[<a href="#T00:51:31" id="T00:51:31"><abbr title="2010-07-03T00:51:31+00:00">00:51:31</abbr></a>] <span>* mru is speaking about himself</span></li>
<li class="message">[<a href="#T00:51:35" id="T00:51:35"><abbr title="2010-07-03T00:51:35+00:00">00:51:35</abbr></a>] &lt;<cite>buZz</cite>&gt; <q>ah :)</q></li>
<li class="action">[<a href="#T00:51:49" id="T00:51:49"><abbr title="2010-07-03T00:51:49+00:00">00:51:49</abbr></a>] <span>* mru is about to write some ppc asm</span></li>
<li class="message">[<a href="#T00:52:03" id="T00:52:03"><abbr title="2010-07-03T00:52:03+00:00">00:52:03</abbr></a>] &lt;<cite>buZz</cite>&gt; <q>fancy :D</q></li>
<li class="message">[<a href="#T00:52:15" id="T00:52:15"><abbr title="2010-07-03T00:52:15+00:00">00:52:15</abbr></a>] &lt;<cite>mru</cite>&gt; <q>after drinking beer</q></li>
<li class="message">[<a href="#T00:52:17" id="T00:52:17"><abbr title="2010-07-03T00:52:17+00:00">00:52:17</abbr></a>] &lt;<cite>djlewis</cite>&gt; <q>for fun or profit ?</q></li>
<li class="message">[<a href="#T00:53:30" id="T00:53:30"><abbr title="2010-07-03T00:53:30+00:00">00:53:30</abbr></a>] &lt;<cite>mru</cite>&gt; <q>there's a difference?</q></li>
<li class="message">[<a href="#T00:53:37" id="T00:53:37"><abbr title="2010-07-03T00:53:37+00:00">00:53:37</abbr></a>] &lt;<cite>djlewis</cite>&gt; <q>i just gotta put this bucket of ice cream away</q></li>
<li class="action">[<a href="#T00:53:41" id="T00:53:41"><abbr title="2010-07-03T00:53:41+00:00">00:53:41</abbr></a>] <span>* mru thinks profit is fun</span></li>
<li class="message">[<a href="#T00:53:52" id="T00:53:52"><abbr title="2010-07-03T00:53:52+00:00">00:53:52</abbr></a>] &lt;<cite>djlewis</cite>&gt; <q>good point</q></li>
<li class="message">[<a href="#T00:54:25" id="T00:54:25"><abbr title="2010-07-03T00:54:25+00:00">00:54:25</abbr></a>] &lt;<cite>mru</cite>&gt; <q>it so happens I accidentally broke ffmpeg on ppc64 yesterday</q></li>
<li class="message">[<a href="#T00:54:32" id="T00:54:32"><abbr title="2010-07-03T00:54:32+00:00">00:54:32</abbr></a>] &lt;<cite>mru</cite>&gt; <q>I'm sort of obliged to fix it</q></li>
<li class="message">[<a href="#T00:55:02" id="T00:55:02"><abbr title="2010-07-03T00:55:02+00:00">00:55:02</abbr></a>] &lt;<cite>djlewis</cite>&gt; <q>yep, its your baby :)</q></li>
<li class="message">[<a href="#T00:55:23" id="T00:55:23"><abbr title="2010-07-03T00:55:23+00:00">00:55:23</abbr></a>] &lt;<cite>mru</cite>&gt; <q>ppc isn't normally my territory</q></li>
<li class="quit">[<a href="#T00:55:27" id="T00:55:27"><abbr title="2010-07-03T00:55:27+00:00">00:55:27</abbr></a>] <span>* rhk (~rhk@12.19.192.3) Quit (Quit: ChatZilla 0.9.86 [Firefox 3.6.6/20100625231939])</span></li>
<li class="message">[<a href="#T00:55:47" id="T00:55:47"><abbr title="2010-07-03T00:55:47+00:00">00:55:47</abbr></a>] &lt;<cite>djlewis</cite>&gt; <q>meanwhile this bucket isn't going to the fridge on its on...</q></li>
<li class="join">[<a href="#T01:01:31" id="T01:01:31"><abbr title="2010-07-03T01:01:31+00:00">01:01:31</abbr></a>] <span>* Artanis (Artanis@159.108.165.83.dynamic.mundo-r.com) has joined #beagle</span></li>
<li class="quit">[<a href="#T01:02:29" id="T01:02:29"><abbr title="2010-07-03T01:02:29+00:00">01:02:29</abbr></a>] <span>* maqr (~maqr@httpcraft/hax) Quit (Ping timeout: 260 seconds)</span></li>
<li class="message">[<a href="#T01:03:16" id="T01:03:16"><abbr title="2010-07-03T01:03:16+00:00">01:03:16</abbr></a>] &lt;<cite>buZz</cite>&gt; <q>way too hot here for icecream</q></li>
<li class="message">[<a href="#T01:04:00" id="T01:04:00"><abbr title="2010-07-03T01:04:00+00:00">01:04:00</abbr></a>] &lt;<cite>buZz</cite>&gt; <q>it was 33.5 celsius today .. still pretty humid </q></li>
<li class="message">[<a href="#T01:04:09" id="T01:04:09"><abbr title="2010-07-03T01:04:09+00:00">01:04:09</abbr></a>] &lt;<cite>mru</cite>&gt; <q>too hot for icecream... sounds bad</q></li>
<li class="join">[<abbr title="2010-07-03T01:04:09+00:00">01:04:09</abbr>] <span>* maqr (~maqr@httpcraft/hax) has joined #beagle</span></li>
<li class="message">[<a href="#T01:04:30" id="T01:04:30"><abbr title="2010-07-03T01:04:30+00:00">01:04:30</abbr></a>] &lt;<cite>mru</cite>&gt; <q>some say icecream is best made with liquid nitrogen</q></li>
<li class="message">[<a href="#T01:04:55" id="T01:04:55"><abbr title="2010-07-03T01:04:55+00:00">01:04:55</abbr></a>] &lt;<cite>buZz</cite>&gt; <q>i've seen linux powered icecream vending machines</q></li>
<li class="message">[<a href="#T01:05:00" id="T01:05:00"><abbr title="2010-07-03T01:05:00+00:00">01:05:00</abbr></a>] &lt;<cite>buZz</cite>&gt; <q>somewhere on the web</q></li>
<li class="message">[<a href="#T01:05:43" id="T01:05:43"><abbr title="2010-07-03T01:05:43+00:00">01:05:43</abbr></a>] &lt;<cite>buZz</cite>&gt; <q><a href="http://www.downloadsquad.com/2010/05/11/linux-now-makes-ice-cream-can-your-os-do-that/">http://www.downloadsquad.com/2010/05/11/linux-now-makes-ice-cream-can-your-os-do-that/</a></q></li>
<li class="quit">[<a href="#T01:08:25" id="T01:08:25"><abbr title="2010-07-03T01:08:25+00:00">01:08:25</abbr></a>] <span>* Artanis (Artanis@159.108.165.83.dynamic.mundo-r.com) Quit (Ping timeout: 264 seconds)</span></li>
<li class="join">[<a href="#T01:14:26" id="T01:14:26"><abbr title="2010-07-03T01:14:26+00:00">01:14:26</abbr></a>] <span>* Artanis (Artanis@159.108.165.83.dynamic.mundo-r.com) has joined #beagle</span></li>
<li class="quit">[<a href="#T01:19:13" id="T01:19:13"><abbr title="2010-07-03T01:19:13+00:00">01:19:13</abbr></a>] <span>* Artanis (Artanis@159.108.165.83.dynamic.mundo-r.com) Quit (Ping timeout: 264 seconds)</span></li>
<li class="quit">[<a href="#T01:20:25" id="T01:20:25"><abbr title="2010-07-03T01:20:25+00:00">01:20:25</abbr></a>] <span>* maqr (~maqr@httpcraft/hax) Quit (Ping timeout: 276 seconds)</span></li>
<li class="join">[<a href="#T01:21:32" id="T01:21:32"><abbr title="2010-07-03T01:21:32+00:00">01:21:32</abbr></a>] <span>* maqr (~maqr@httpcraft/hax) has joined #beagle</span></li>
<li class="message">[<a href="#T01:21:56" id="T01:21:56"><abbr title="2010-07-03T01:21:56+00:00">01:21:56</abbr></a>] &lt;<cite>ds2</cite>&gt; <q>hmmm</q></li>
<li class="quit">[<a href="#T01:24:40" id="T01:24:40"><abbr title="2010-07-03T01:24:40+00:00">01:24:40</abbr></a>] <span>* msutherl (~msutherl@bas16-montreal02-1242357332.dsl.bell.ca) Quit (Ping timeout: 265 seconds)</span></li>
<li class="join">[<a href="#T01:24:50" id="T01:24:50"><abbr title="2010-07-03T01:24:50+00:00">01:24:50</abbr></a>] <span>* Artanis (Artanis@159.108.165.83.dynamic.mundo-r.com) has joined #beagle</span></li>
<li class="message">[<a href="#T01:28:45" id="T01:28:45"><abbr title="2010-07-03T01:28:45+00:00">01:28:45</abbr></a>] &lt;<cite>mru</cite>&gt; <q>ds2: is that so?</q></li>
<li class="quit">[<a href="#T01:29:25" id="T01:29:25"><abbr title="2010-07-03T01:29:25+00:00">01:29:25</abbr></a>] <span>* Artanis (Artanis@159.108.165.83.dynamic.mundo-r.com) Quit (Ping timeout: 264 seconds)</span></li>
<li class="message">[<a href="#T01:29:26" id="T01:29:26"><abbr title="2010-07-03T01:29:26+00:00">01:29:26</abbr></a>] &lt;<cite>ds2</cite>&gt; <q>indeed</q></li>
<li class="message">[<a href="#T01:30:17" id="T01:30:17"><abbr title="2010-07-03T01:30:17+00:00">01:30:17</abbr></a>] &lt;<cite>mru</cite>&gt; <q>wow, who'd've thought</q></li>
<li class="message">[<a href="#T01:32:06" id="T01:32:06"><abbr title="2010-07-03T01:32:06+00:00">01:32:06</abbr></a>] &lt;<cite>ds2</cite>&gt; <q>it links!</q></li>
<li class="message">[<a href="#T01:32:31" id="T01:32:31"><abbr title="2010-07-03T01:32:31+00:00">01:32:31</abbr></a>] &lt;<cite>mru</cite>&gt; <q>but does it run?</q></li>
<li class="quit">[<abbr title="2010-07-03T01:32:31+00:00">01:32:31</abbr>] <span>* Gaston|Home (~Miranda@c-012fe353.155-1-64736c11.cust.bredbandsbolaget.se) Quit (Read error: Connection reset by peer)</span></li>
<li class="message">[<a href="#T01:33:02" id="T01:33:02"><abbr title="2010-07-03T01:33:02+00:00">01:33:02</abbr></a>] &lt;<cite>ds2</cite>&gt; <q>no :(</q></li>
<li class="message">[<a href="#T01:33:12" id="T01:33:12"><abbr title="2010-07-03T01:33:12+00:00">01:33:12</abbr></a>] &lt;<cite>mru</cite>&gt; <q>too bad</q></li>
<li class="message">[<a href="#T01:33:24" id="T01:33:24"><abbr title="2010-07-03T01:33:24+00:00">01:33:24</abbr></a>] &lt;<cite>mru</cite>&gt; <q>what are you working on btw?</q></li>
<li class="quit">[<abbr title="2010-07-03T01:33:24+00:00">01:33:24</abbr>] <span>* brijesh (~brijesh@nat/ti/x-gxvactsmmqxzuwqz) Quit (Quit: Leaving)</span></li>
<li class="message">[<a href="#T01:33:33" id="T01:33:33"><abbr title="2010-07-03T01:33:33+00:00">01:33:33</abbr></a>] &lt;<cite>ds2</cite>&gt; <q>stuff</q></li>
<li class="message">[<a href="#T01:33:44" id="T01:33:44"><abbr title="2010-07-03T01:33:44+00:00">01:33:44</abbr></a>] &lt;<cite>ds2</cite>&gt; <q>juggling 2344213428324798132743724892378943728943728943892467825364 things</q></li>
<li class="message">[<a href="#T01:33:46" id="T01:33:46"><abbr title="2010-07-03T01:33:46+00:00">01:33:46</abbr></a>] &lt;<cite>mru</cite>&gt; <q>ah, I could never have guessed</q></li>
<li class="join">[<a href="#T01:34:01" id="T01:34:01"><abbr title="2010-07-03T01:34:01+00:00">01:34:01</abbr></a>] <span>* Artanis (Artanis@159.108.165.83.dynamic.mundo-r.com) has joined #beagle</span></li>
<li class="message">[<abbr title="2010-07-03T01:34:01+00:00">01:34:01</abbr>] &lt;<cite>mru</cite>&gt; <q>is that a git hash?</q></li>
<li class="message">[<a href="#T01:34:16" id="T01:34:16"><abbr title="2010-07-03T01:34:16+00:00">01:34:16</abbr></a>] &lt;<cite>ds2</cite>&gt; <q>prehaps, but I am not telling you what tree ;)</q></li>
<li class="message">[<a href="#T01:34:26" id="T01:34:26"><abbr title="2010-07-03T01:34:26+00:00">01:34:26</abbr></a>] &lt;<cite>mru</cite>&gt; <q>one day I'll find it</q></li>
<li class="message">[<a href="#T01:34:42" id="T01:34:42"><abbr title="2010-07-03T01:34:42+00:00">01:34:42</abbr></a>] &lt;<cite>mru</cite>&gt; <q>and all will become clear</q></li>
<li class="message">[<a href="#T01:35:05" id="T01:35:05"><abbr title="2010-07-03T01:35:05+00:00">01:35:05</abbr></a>] &lt;<cite>mru</cite>&gt; <q>for now, my ppc asm is working</q></li>
<li class="message">[<a href="#T01:35:20" id="T01:35:20"><abbr title="2010-07-03T01:35:20+00:00">01:35:20</abbr></a>] &lt;<cite>ds2</cite>&gt; <q>people still use PPC cores?</q></li>
<li class="message">[<a href="#T01:35:48" id="T01:35:48"><abbr title="2010-07-03T01:35:48+00:00">01:35:48</abbr></a>] &lt;<cite>ds2</cite>&gt; <q>is there an optimized ffmeg lib for PPC?</q></li>
<li class="message">[<a href="#T01:35:52" id="T01:35:52"><abbr title="2010-07-03T01:35:52+00:00">01:35:52</abbr></a>] &lt;<cite>mru</cite>&gt; <q>it's still supported in ffmpeg</q></li>
<li class="message">[<a href="#T01:36:31" id="T01:36:31"><abbr title="2010-07-03T01:36:31+00:00">01:36:31</abbr></a>] &lt;<cite>mru</cite>&gt; <q>ffmpeg supports many unusual systems</q></li>
<li class="message">[<a href="#T01:36:38" id="T01:36:38"><abbr title="2010-07-03T01:36:38+00:00">01:36:38</abbr></a>] &lt;<cite>mru</cite>&gt; <q>even Alpha</q></li>
<li class="message">[<a href="#T01:36:43" id="T01:36:43"><abbr title="2010-07-03T01:36:43+00:00">01:36:43</abbr></a>] &lt;<cite>ds2</cite>&gt; <q>wonder how much faster is the hw accelerator compared to ffmpeg</q></li>
<li class="message">[<a href="#T01:37:04" id="T01:37:04"><abbr title="2010-07-03T01:37:04+00:00">01:37:04</abbr></a>] &lt;<cite>ds2</cite>&gt; <q>got a MediaMVP box sitting around</q></li>
<li class="message">[<a href="#T01:37:13" id="T01:37:13"><abbr title="2010-07-03T01:37:13+00:00">01:37:13</abbr></a>] &lt;<cite>mru</cite>&gt; <q>which hw?</q></li>
<li class="message">[<a href="#T01:37:27" id="T01:37:27"><abbr title="2010-07-03T01:37:27+00:00">01:37:27</abbr></a>] &lt;<cite>ds2</cite>&gt; <q>it is an IBM PPC core with some MPEG acceleration</q></li>
<li class="join">[<a href="#T01:37:36" id="T01:37:36"><abbr title="2010-07-03T01:37:36+00:00">01:37:36</abbr></a>] <span>* Crofton|road (~balister@pool-96-240-180-89.ronkva.east.verizon.net) has joined #beagle</span></li>
<li class="join">[<a href="#T01:37:39" id="T01:37:39"><abbr title="2010-07-03T01:37:39+00:00">01:37:39</abbr></a>] <span>* Crofton|work (~balister@pool-96-240-180-89.ronkva.east.verizon.net) has joined #beagle</span></li>
<li class="message">[<a href="#T01:37:42" id="T01:37:42"><abbr title="2010-07-03T01:37:42+00:00">01:37:42</abbr></a>] &lt;<cite>mru</cite>&gt; <q>the old vulcan chip?</q></li>
<li class="join">[<abbr title="2010-07-03T01:37:42+00:00">01:37:42</abbr>] <span>* Crofton (~balister@pool-96-240-180-89.ronkva.east.verizon.net) has joined #beagle</span></li>
<li class="quit">[<a href="#T01:37:43" id="T01:37:43"><abbr title="2010-07-03T01:37:43+00:00">01:37:43</abbr></a>] <span>* calculu5 (~calculus@gentoo/user/calculus) Quit (Ping timeout: 260 seconds)</span></li>
<li class="message">[<a href="#T01:37:47" id="T01:37:47"><abbr title="2010-07-03T01:37:47+00:00">01:37:47</abbr></a>] &lt;<cite>mru</cite>&gt; <q>or something more modern?</q></li>
<li class="message">[<a href="#T01:37:59" id="T01:37:59"><abbr title="2010-07-03T01:37:59+00:00">01:37:59</abbr></a>] &lt;<cite>ds2</cite>&gt; <q>it is an old board</q></li>
<li class="message">[<a href="#T01:38:07" id="T01:38:07"><abbr title="2010-07-03T01:38:07+00:00">01:38:07</abbr></a>] &lt;<cite>ds2</cite>&gt; <q>but it netboots by default so it is handy to muck with</q></li>
<li class="message">[<a href="#T01:38:08" id="T01:38:08"><abbr title="2010-07-03T01:38:08+00:00">01:38:08</abbr></a>] &lt;<cite>mru</cite>&gt; <q>vulcan is ppc60x+mpeg</q></li>
<li class="message">[<a href="#T01:38:24" id="T01:38:24"><abbr title="2010-07-03T01:38:24+00:00">01:38:24</abbr></a>] &lt;<cite>ds2</cite>&gt; <q>except the MPEG part is not well documented by IBM</q></li>
<li class="message">[<a href="#T01:38:53" id="T01:38:53"><abbr title="2010-07-03T01:38:53+00:00">01:38:53</abbr></a>] &lt;<cite>mru</cite>&gt; <q>hehe</q></li>
<li class="quit">[<a href="#T01:39:01" id="T01:39:01"><abbr title="2010-07-03T01:39:01+00:00">01:39:01</abbr></a>] <span>* Artanis (Artanis@159.108.165.83.dynamic.mundo-r.com) Quit (Ping timeout: 264 seconds)</span></li>
<li class="message">[<a href="#T01:39:06" id="T01:39:06"><abbr title="2010-07-03T01:39:06+00:00">01:39:06</abbr></a>] &lt;<cite>mru</cite>&gt; <q>I have one of those in my stash</q></li>
<li class="message">[<a href="#T01:39:14" id="T01:39:14"><abbr title="2010-07-03T01:39:14+00:00">01:39:14</abbr></a>] &lt;<cite>mru</cite>&gt; <q>old amino stb</q></li>
<li class="message">[<a href="#T01:39:22" id="T01:39:22"><abbr title="2010-07-03T01:39:22+00:00">01:39:22</abbr></a>] &lt;<cite>ds2</cite>&gt; <q>machine         : IBM Redwood6</q></li>
<li class="message">[<a href="#T01:39:26" id="T01:39:26"><abbr title="2010-07-03T01:39:26+00:00">01:39:26</abbr></a>] &lt;<cite>ds2</cite>&gt; <q>that is from cpuinfo</q></li>
<li class="message">[<a href="#T01:39:42" id="T01:39:42"><abbr title="2010-07-03T01:39:42+00:00">01:39:42</abbr></a>] &lt;<cite>mru</cite>&gt; <q>I don't remember what mine says</q></li>
<li class="message">[<a href="#T01:40:13" id="T01:40:13"><abbr title="2010-07-03T01:40:13+00:00">01:40:13</abbr></a>] &lt;<cite>ds2</cite>&gt; <q>not sure how else to check what CPU it is</q></li>
<li class="message">[<a href="#T01:40:20" id="T01:40:20"><abbr title="2010-07-03T01:40:20+00:00">01:40:20</abbr></a>] &lt;<cite>mru</cite>&gt; <q>right now I'm using a ps3 and a g4 windtunnel</q></li>
<li class="message">[<a href="#T01:40:34" id="T01:40:34"><abbr title="2010-07-03T01:40:34+00:00">01:40:34</abbr></a>] &lt;<cite>mru</cite>&gt; <q>read the markings on the chip?</q></li>
<li class="message">[<a href="#T01:40:47" id="T01:40:47"><abbr title="2010-07-03T01:40:47+00:00">01:40:47</abbr></a>] &lt;<cite>mru</cite>&gt; <q>iirc mine starts with a 2</q></li>
<li class="message">[<a href="#T01:40:49" id="T01:40:49"><abbr title="2010-07-03T01:40:49+00:00">01:40:49</abbr></a>] &lt;<cite>ds2</cite>&gt; <q>this is a "finished" product that netboots</q></li>
<li class="message">[<a href="#T01:40:56" id="T01:40:56"><abbr title="2010-07-03T01:40:56+00:00">01:40:56</abbr></a>] &lt;<cite>ds2</cite>&gt; <q>and I am not near it to open it up either</q></li>
<li class="message">[<a href="#T01:41:42" id="T01:41:42"><abbr title="2010-07-03T01:41:42+00:00">01:41:42</abbr></a>] &lt;<cite>mru</cite>&gt; <q>mine is &lt;10 feet away</q></li>
<li class="message">[<a href="#T01:42:03" id="T01:42:03"><abbr title="2010-07-03T01:42:03+00:00">01:42:03</abbr></a>] &lt;<cite>mru</cite>&gt; <q>might need tools to open it though</q></li>
<li class="message">[<a href="#T01:42:07" id="T01:42:07"><abbr title="2010-07-03T01:42:07+00:00">01:42:07</abbr></a>] &lt;<cite>ds2</cite>&gt; <q>I use it as a media player as it has composite out</q></li>
<li class="message">[<a href="#T01:42:11" id="T01:42:11"><abbr title="2010-07-03T01:42:11+00:00">01:42:11</abbr></a>] &lt;<cite>mru</cite>&gt; <q>don't remeber if I put the screws back last time</q></li>
<li class="message">[<a href="#T01:42:20" id="T01:42:20"><abbr title="2010-07-03T01:42:20+00:00">01:42:20</abbr></a>] &lt;<cite>buZz</cite>&gt; <q>i've been looking at that ppc dealextreme has on offer</q></li>
<li class="message">[<a href="#T01:43:08" id="T01:43:08"><abbr title="2010-07-03T01:43:08+00:00">01:43:08</abbr></a>] &lt;<cite>buZz</cite>&gt; <q><a href="http://www.dealextreme.com/details.dx/sku.29102">http://www.dealextreme.com/details.dx/sku.29102</a></q></li>
<li class="message">[<a href="#T01:43:18" id="T01:43:18"><abbr title="2010-07-03T01:43:18+00:00">01:43:18</abbr></a>] &lt;<cite>buZz</cite>&gt; <q>- 250 MHz IBM PowerPC Processor (350 MIPS)</q></li>
<li class="message">[<a href="#T01:43:22" id="T01:43:22"><abbr title="2010-07-03T01:43:22+00:00">01:43:22</abbr></a>] &lt;<cite>ds2</cite>&gt; <q>this is the free software that works on it - <a href="http://www.mvpmc.org/">http://www.mvpmc.org/</a></q></li>
<li class="message">[<a href="#T01:43:23" id="T01:43:23"><abbr title="2010-07-03T01:43:23+00:00">01:43:23</abbr></a>] &lt;<cite>mru</cite>&gt; <q>looks like I did</q></li>
<li class="quit">[<a href="#T01:43:28" id="T01:43:28"><abbr title="2010-07-03T01:43:28+00:00">01:43:28</abbr></a>] <span>* djlewis (~djlewis@65-66-76-177.dsl.tcworks.net) Quit (Quit: Leaving.)</span></li>
<li class="message">[<a href="#T01:43:37" id="T01:43:37"><abbr title="2010-07-03T01:43:37+00:00">01:43:37</abbr></a>] &lt;<cite>mru</cite>&gt; <q>it's an STB02501</q></li>
<li class="message">[<a href="#T01:44:21" id="T01:44:21"><abbr title="2010-07-03T01:44:21+00:00">01:44:21</abbr></a>] &lt;<cite>ds2</cite>&gt; <q>might be the same... what remains of the bootlog shows STBx25xx as teh FB name</q></li>
<li class="join">[<a href="#T01:44:45" id="T01:44:45"><abbr title="2010-07-03T01:44:45+00:00">01:44:45</abbr></a>] <span>* calculus (~calculus@gentoo/user/calculus) has joined #beagle</span></li>
<li class="join">[<a href="#T01:44:56" id="T01:44:56"><abbr title="2010-07-03T01:44:56+00:00">01:44:56</abbr></a>] <span>* Artanis (Artanis@159.108.165.83.dynamic.mundo-r.com) has joined #beagle</span></li>
<li class="message">[<a href="#T01:45:11" id="T01:45:11"><abbr title="2010-07-03T01:45:11+00:00">01:45:11</abbr></a>] &lt;<cite>mru</cite>&gt; <q>probably something similar then</q></li>
<li class="message">[<a href="#T01:45:29" id="T01:45:29"><abbr title="2010-07-03T01:45:29+00:00">01:45:29</abbr></a>] &lt;<cite>ds2</cite>&gt; <q>how does your board behavior for video decoding?</q></li>
<li class="message">[<a href="#T01:46:16" id="T01:46:16"><abbr title="2010-07-03T01:46:16+00:00">01:46:16</abbr></a>] &lt;<cite>mru</cite>&gt; <q>whatever is in the flash chip decodes mpeg2</q></li>
<li class="message">[<a href="#T01:46:55" id="T01:46:55"><abbr title="2010-07-03T01:46:55+00:00">01:46:55</abbr></a>] &lt;<cite>mru</cite>&gt; <q><a href="https://www-01.ibm.com/chips/techlib/techlib.nsf/techdocs/C915A9928B49DAA487256BC2003813EF">https://www-01.ibm.com/chips/techlib/techlib.nsf/techdocs/C915A9928B49DAA487256BC2003813EF</a></q></li>
<li class="message">[<a href="#T01:47:32" id="T01:47:32"><abbr title="2010-07-03T01:47:32+00:00">01:47:32</abbr></a>] &lt;<cite>mru</cite>&gt; <q>ppc405 apparenly</q></li>
<li class="message">[<a href="#T01:48:34" id="T01:48:34"><abbr title="2010-07-03T01:48:34+00:00">01:48:34</abbr></a>] &lt;<cite>mru</cite>&gt; <q>it was a nice system back in the day</q></li>
<li class="quit">[<a href="#T01:49:49" id="T01:49:49"><abbr title="2010-07-03T01:49:49+00:00">01:49:49</abbr></a>] <span>* Artanis (Artanis@159.108.165.83.dynamic.mundo-r.com) Quit (Ping timeout: 264 seconds)</span></li>
<li class="join">[<a href="#T01:55:39" id="T01:55:39"><abbr title="2010-07-03T01:55:39+00:00">01:55:39</abbr></a>] <span>* Artanis (Artanis@159.108.165.83.dynamic.mundo-r.com) has joined #beagle</span></li>
<li class="message">[<a href="#T01:56:51" id="T01:56:51"><abbr title="2010-07-03T01:56:51+00:00">01:56:51</abbr></a>] &lt;<cite>rlameiro</cite>&gt; <q>anyone can help me in here</q></li>
<li class="message">[<a href="#T01:57:08" id="T01:57:08"><abbr title="2010-07-03T01:57:08+00:00">01:57:08</abbr></a>] &lt;<cite>rlameiro</cite>&gt; <q>i am booting a igepv2 and using the serial console</q></li>
<li class="message">[<a href="#T01:57:18" id="T01:57:18"><abbr title="2010-07-03T01:57:18+00:00">01:57:18</abbr></a>] &lt;<cite>rlameiro</cite>&gt; <q>but it doesnt receive nothing</q></li>
<li class="message">[<a href="#T01:57:26" id="T01:57:26"><abbr title="2010-07-03T01:57:26+00:00">01:57:26</abbr></a>] &lt;<cite>ds2</cite>&gt; <q>the netboot makes it quite convenient but the 16Ms is a doozer</q></li>
<li class="message">[<a href="#T01:57:43" id="T01:57:43"><abbr title="2010-07-03T01:57:43+00:00">01:57:43</abbr></a>] &lt;<cite>rlameiro</cite>&gt; <q>when it prompts for the login i tipe root and it doesnt ask me the password</q></li>
<li class="message">[<a href="#T01:57:54" id="T01:57:54"><abbr title="2010-07-03T01:57:54+00:00">01:57:54</abbr></a>] &lt;<cite>rlameiro</cite>&gt; <q>i already checked if my cable is null modem</q></li>
<li class="message">[<a href="#T01:58:10" id="T01:58:10"><abbr title="2010-07-03T01:58:10+00:00">01:58:10</abbr></a>] &lt;<cite>rlameiro</cite>&gt; <q>and also the idc -db9 is correctly wired</q></li>
<li class="message">[<a href="#T01:58:35" id="T01:58:35"><abbr title="2010-07-03T01:58:35+00:00">01:58:35</abbr></a>] &lt;<cite>rlameiro</cite>&gt; <q>can it be from my Serial to usb converter?</q></li>
