<li class="join">[<a href="#T00:07:15" id="T00:07:15"><abbr title="2010-08-19T00:07:15+00:00">00:07:15</abbr></a>] <span>* mpoirier (~quassel@S0106002369de4dac.cg.shawcable.net) has joined #beagle</span></li>
<li class="quit">[<a href="#T00:15:16" id="T00:15:16"><abbr title="2010-08-19T00:15:16+00:00">00:15:16</abbr></a>] <span>* mpoirier (~quassel@S0106002369de4dac.cg.shawcable.net) Quit (Ping timeout: 276 seconds)</span></li>
<li class="join">[<a href="#T00:16:28" id="T00:16:28"><abbr title="2010-08-19T00:16:28+00:00">00:16:28</abbr></a>] <span>* jkridner|work (~a0321898@nat/ti/x-cmketsqknkfnotag) has joined #beagle</span></li>
<li class="quit">[<a href="#T00:18:39" id="T00:18:39"><abbr title="2010-08-19T00:18:39+00:00">00:18:39</abbr></a>] <span>* jkridner|work1 (~a0321898@nat/ti/x-ovqvqxznalrobypu) Quit (Ping timeout: 240 seconds)</span></li>
<li class="quit">[<a href="#T00:20:57" id="T00:20:57"><abbr title="2010-08-19T00:20:57+00:00">00:20:57</abbr></a>] <span>* emeb (~ericb@ip72-223-81-194.ph.ph.cox.net) Quit (Quit: Leaving.)</span></li>
<li class="quit">[<a href="#T00:21:51" id="T00:21:51"><abbr title="2010-08-19T00:21:51+00:00">00:21:51</abbr></a>] <span>* russ (~russ@206.29.188.191) Quit (Ping timeout: 252 seconds)</span></li>
<li class="quit">[<a href="#T00:23:06" id="T00:23:06"><abbr title="2010-08-19T00:23:06+00:00">00:23:06</abbr></a>] <span>* alancam (~a-campbel@nat/ti/x-yfjxvxqgjgyzoddf) Quit ()</span></li>
<li class="join">[<a href="#T00:23:56" id="T00:23:56"><abbr title="2010-08-19T00:23:56+00:00">00:23:56</abbr></a>] <span>* Mike (~Crazymik3@CPE00259c601d5d-CM00080da43848.cpe.net.cable.rogers.com) has joined #beagle</span></li>
<li class="nick-change">[<a href="#T00:24:24" id="T00:24:24"><abbr title="2010-08-19T00:24:24+00:00">00:24:24</abbr></a>] <span>* Mike is now known as Guest22743</span></li>
<li class="quit">[<a href="#T00:33:23" id="T00:33:23"><abbr title="2010-08-19T00:33:23+00:00">00:33:23</abbr></a>] <span>* Ceriand|work (~Ceriand@unaffiliated/ceriand) Quit (Quit: Leaving.)</span></li>
<li class="quit">[<a href="#T00:34:07" id="T00:34:07"><abbr title="2010-08-19T00:34:07+00:00">00:34:07</abbr></a>] <span>* duffolonious (~bryan@75-168-65-180.mpls.qwest.net) Quit (Ping timeout: 276 seconds)</span></li>
<li class="quit">[<a href="#T00:34:31" id="T00:34:31"><abbr title="2010-08-19T00:34:31+00:00">00:34:31</abbr></a>] <span>* rbarraud_ (~rbarraud@202-180-88-252.callplus.net.nz) Quit (Ping timeout: 246 seconds)</span></li>
<li class="join">[<a href="#T00:36:06" id="T00:36:06"><abbr title="2010-08-19T00:36:06+00:00">00:36:06</abbr></a>] <span>* duffolonious (~bryan@75-168-65-180.mpls.qwest.net) has joined #beagle</span></li>
<li class="quit">[<a href="#T00:36:38" id="T00:36:38"><abbr title="2010-08-19T00:36:38+00:00">00:36:38</abbr></a>] <span>* jkridner|work (~a0321898@nat/ti/x-cmketsqknkfnotag) Quit (Ping timeout: 264 seconds)</span></li>
<li class="join">[<a href="#T00:37:45" id="T00:37:45"><abbr title="2010-08-19T00:37:45+00:00">00:37:45</abbr></a>] <span>* jkridner|work (~a0321898@nat/ti/x-tzjnkesdswrzihbd) has joined #beagle</span></li>
<li class="quit">[<a href="#T00:39:38" id="T00:39:38"><abbr title="2010-08-19T00:39:38+00:00">00:39:38</abbr></a>] <span>* kanru (~kanru@118-160-162-233.dynamic.hinet.net) Quit (Ping timeout: 248 seconds)</span></li>
<li class="quit">[<a href="#T00:42:40" id="T00:42:40"><abbr title="2010-08-19T00:42:40+00:00">00:42:40</abbr></a>] <span>* mru (~mru@hotblack.mansr.com) Quit (Ping timeout: 240 seconds)</span></li>
<li class="join">[<a href="#T00:42:55" id="T00:42:55"><abbr title="2010-08-19T00:42:55+00:00">00:42:55</abbr></a>] <span>* mru (~mru@hotblack.mansr.com) has joined #beagle</span></li>
<li class="quit">[<a href="#T00:46:10" id="T00:46:10"><abbr title="2010-08-19T00:46:10+00:00">00:46:10</abbr></a>] <span>* Redb3ard (~SF0010MAC@75.110.202.83) Quit (Quit: Redb3ard)</span></li>
<li class="quit">[<a href="#T00:47:43" id="T00:47:43"><abbr title="2010-08-19T00:47:43+00:00">00:47:43</abbr></a>] <span>* katie (~katierh@nat/ti/x-uuebbshwlluanobb) Quit ()</span></li>
<li class="join">[<a href="#T00:49:34" id="T00:49:34"><abbr title="2010-08-19T00:49:34+00:00">00:49:34</abbr></a>] <span>* Ceriand|desktop (~Ceriand@unaffiliated/ceriand) has joined #beagle</span></li>
<li class="quit">[<a href="#T00:53:29" id="T00:53:29"><abbr title="2010-08-19T00:53:29+00:00">00:53:29</abbr></a>] <span>* maelcum (~horst@brln-4dba951f.pool.mediaWays.net) Quit (Remote host closed the connection)</span></li>
<li class="join">[<a href="#T00:57:16" id="T00:57:16"><abbr title="2010-08-19T00:57:16+00:00">00:57:16</abbr></a>] <span>* russ (~russ@206.29.188.239) has joined #beagle</span></li>
<li class="quit">[<a href="#T01:02:00" id="T01:02:00"><abbr title="2010-08-19T01:02:00+00:00">01:02:00</abbr></a>] <span>* jrmuizel (~jrmuizel@mozca02.ca.mozilla.com) Quit (Quit: jrmuizel)</span></li>
<li class="quit">[<a href="#T01:07:23" id="T01:07:23"><abbr title="2010-08-19T01:07:23+00:00">01:07:23</abbr></a>] <span>* Guest22743 (~Crazymik3@CPE00259c601d5d-CM00080da43848.cpe.net.cable.rogers.com) Quit (Quit: Leaving)</span></li>
<li class="quit">[<a href="#T01:09:10" id="T01:09:10"><abbr title="2010-08-19T01:09:10+00:00">01:09:10</abbr></a>] <span>* jkridner|work (~a0321898@nat/ti/x-tzjnkesdswrzihbd) Quit (Ping timeout: 240 seconds)</span></li>
<li class="join">[<a href="#T01:09:17" id="T01:09:17"><abbr title="2010-08-19T01:09:17+00:00">01:09:17</abbr></a>] <span>* prpplague (~Dave@ppp-70-242-126-63.dsl.rcsntx.swbell.net) has joined #beagle</span></li>
<li class="join">[<a href="#T01:09:27" id="T01:09:27"><abbr title="2010-08-19T01:09:27+00:00">01:09:27</abbr></a>] <span>* robclark (~robclark@nat/ti/x-iggquoyoldwyrbde) has joined #beagle</span></li>
<li class="quit">[<a href="#T01:09:30" id="T01:09:30"><abbr title="2010-08-19T01:09:30+00:00">01:09:30</abbr></a>] <span>* russ (~russ@206.29.188.239) Quit (Remote host closed the connection)</span></li>
<li class="join">[<a href="#T01:10:13" id="T01:10:13"><abbr title="2010-08-19T01:10:13+00:00">01:10:13</abbr></a>] <span>* jkridner|work (~a0321898@nat/ti/x-vwmbpzrhgtlfnars) has joined #beagle</span></li>
<li class="join">[<a href="#T01:16:29" id="T01:16:29"><abbr title="2010-08-19T01:16:29+00:00">01:16:29</abbr></a>] <span>* russ (~russ@206.29.188.191) has joined #beagle</span></li>
<li class="join">[<a href="#T01:18:58" id="T01:18:58"><abbr title="2010-08-19T01:18:58+00:00">01:18:58</abbr></a>] <span>* Redb3ard (~SF0010MAC@75.110.202.83) has joined #beagle</span></li>
<li class="join">[<a href="#T01:28:38" id="T01:28:38"><abbr title="2010-08-19T01:28:38+00:00">01:28:38</abbr></a>] <span>* kanru (~kanru@61-30-10-70.static.tfn.net.tw) has joined #beagle</span></li>
<li class="join">[<a href="#T01:32:46" id="T01:32:46"><abbr title="2010-08-19T01:32:46+00:00">01:32:46</abbr></a>] <span>* jkridner|work1 (~a0321898@nat/ti/x-agkleadhcvdkpvuh) has joined #beagle</span></li>
<li class="join">[<a href="#T01:35:13" id="T01:35:13"><abbr title="2010-08-19T01:35:13+00:00">01:35:13</abbr></a>] <span>* raster (raster@enlightenment/developer/raster) has joined #beagle</span></li>
<li class="join">[<a href="#T01:35:39" id="T01:35:39"><abbr title="2010-08-19T01:35:39+00:00">01:35:39</abbr></a>] <span>* rbarraud_ (~rbarraud@118-93-161-254.dsl.dyn.ihug.co.nz) has joined #beagle</span></li>
<li class="quit">[<a href="#T01:35:48" id="T01:35:48"><abbr title="2010-08-19T01:35:48+00:00">01:35:48</abbr></a>] <span>* russ (~russ@206.29.188.191) Quit (Ping timeout: 240 seconds)</span></li>
<li class="quit">[<a href="#T01:35:52" id="T01:35:52"><abbr title="2010-08-19T01:35:52+00:00">01:35:52</abbr></a>] <span>* jkridner|work (~a0321898@nat/ti/x-vwmbpzrhgtlfnars) Quit (Ping timeout: 276 seconds)</span></li>
<li class="quit">[<a href="#T01:38:53" id="T01:38:53"><abbr title="2010-08-19T01:38:53+00:00">01:38:53</abbr></a>] <span>* tconant (~tconant@68.111.35.226) Quit (Quit: tconant)</span></li>
<li class="join">[<a href="#T01:39:12" id="T01:39:12"><abbr title="2010-08-19T01:39:12+00:00">01:39:12</abbr></a>] <span>* Qard (6032ab17@gateway/web/freenode/ip.96.50.171.23) has joined #beagle</span></li>
<li class="quit">[<a href="#T01:40:26" id="T01:40:26"><abbr title="2010-08-19T01:40:26+00:00">01:40:26</abbr></a>] <span>* Qard (6032ab17@gateway/web/freenode/ip.96.50.171.23) Quit (Client Quit)</span></li>
<li class="join">[<a href="#T01:40:57" id="T01:40:57"><abbr title="2010-08-19T01:40:57+00:00">01:40:57</abbr></a>] <span>* Qard (6032ab17@gateway/web/freenode/ip.96.50.171.23) has joined #beagle</span></li>
<li class="join">[<a href="#T01:47:09" id="T01:47:09"><abbr title="2010-08-19T01:47:09+00:00">01:47:09</abbr></a>] <span>* jrmuizel (~jrmuizel@CPE001f5be79d0f-CM0017ee62f8b0.cpe.net.cable.rogers.com) has joined #beagle</span></li>
<li class="quit">[<a href="#T01:48:14" id="T01:48:14"><abbr title="2010-08-19T01:48:14+00:00">01:48:14</abbr></a>] <span>* jrmuizel (~jrmuizel@CPE001f5be79d0f-CM0017ee62f8b0.cpe.net.cable.rogers.com) Quit (Client Quit)</span></li>
<li class="quit">[<a href="#T01:57:19" id="T01:57:19"><abbr title="2010-08-19T01:57:19+00:00">01:57:19</abbr></a>] <span>* eAndrius (~andrius@88-222-169-44.meganet.lt) Quit (Ping timeout: 276 seconds)</span></li>
<li class="join">[<a href="#T02:00:47" id="T02:00:47"><abbr title="2010-08-19T02:00:47+00:00">02:00:47</abbr></a>] <span>* drinkcat (~nicolas@nusnet-237-150.dynip.nus.edu.sg) has joined #beagle</span></li>
<li class="message">[<a href="#T02:06:17" id="T02:06:17"><abbr title="2010-08-19T02:06:17+00:00">02:06:17</abbr></a>] &lt;<cite>jkridner|work1</cite>&gt; <q>koen: why would angstrom-version fail to install?  it is saying it can't find lsb_release: <a href="http://tinderbox.openembedded.net/packages/703360/">http://tinderbox.openembedded.net/packages/703360/</a></q></li>
<li class="quit">[<a href="#T02:09:32" id="T02:09:32"><abbr title="2010-08-19T02:09:32+00:00">02:09:32</abbr></a>] <span>* dl9pf_ (~quassel@p5B213320.dip.t-dialin.net) Quit (Read error: Connection reset by peer)</span></li>
<li class="join">[<a href="#T02:09:49" id="T02:09:49"><abbr title="2010-08-19T02:09:49+00:00">02:09:49</abbr></a>] <span>* dl9pf (~quassel@opensuse/member/dl9pf) has joined #beagle</span></li>
<li class="message">[<a href="#T02:34:26" id="T02:34:26"><abbr title="2010-08-19T02:34:26+00:00">02:34:26</abbr></a>] &lt;<cite>sakoman</cite>&gt; <q>jkridner|work1: change mkdir -p ${D}${sysconfdir} in the recipe to install -d ${D}${sysconfdir}</q></li>
<li class="join">[<a href="#T02:34:29" id="T02:34:29"><abbr title="2010-08-19T02:34:29+00:00">02:34:29</abbr></a>] <span>* jkridner|work (~a0321898@nat/ti/x-pijptzefjhiuthoh) has joined #beagle</span></li>
<li class="message">[<a href="#T02:35:01" id="T02:35:01"><abbr title="2010-08-19T02:35:01+00:00">02:35:01</abbr></a>] &lt;<cite>jkridner|work</cite>&gt; <q>sakoman: thanks!</q></li>
<li class="quit">[<a href="#T02:37:14" id="T02:37:14"><abbr title="2010-08-19T02:37:14+00:00">02:37:14</abbr></a>] <span>* jkridner|work1 (~a0321898@nat/ti/x-agkleadhcvdkpvuh) Quit (Ping timeout: 264 seconds)</span></li>
<li class="message">[<a href="#T02:37:42" id="T02:37:42"><abbr title="2010-08-19T02:37:42+00:00">02:37:42</abbr></a>] &lt;<cite>jkridner|work</cite>&gt; <q>that worked.  patch will be in the mail shortly.</q></li>
<li class="message">[<a href="#T02:38:00" id="T02:38:00"><abbr title="2010-08-19T02:38:00+00:00">02:38:00</abbr></a>] &lt;<cite>jkridner|work</cite>&gt; <q>what clued you in?</q></li>
<li class="quit">[<a href="#T02:39:11" id="T02:39:11"><abbr title="2010-08-19T02:39:11+00:00">02:39:11</abbr></a>] <span>* jkridner (~jason@pdpc/supporter/active/jkridner) Quit (Read error: Connection reset by peer)</span></li>
<li class="join">[<abbr title="2010-08-19T02:39:11+00:00">02:39:11</abbr>] <span>* jkridner (~jason@pdpc/supporter/active/jkridner) has joined #beagle</span></li>
<li class="quit">[<a href="#T02:40:08" id="T02:40:08"><abbr title="2010-08-19T02:40:08+00:00">02:40:08</abbr></a>] <span>* Qard (6032ab17@gateway/web/freenode/ip.96.50.171.23) Quit (Quit: Page closed)</span></li>
<li class="join">[<a href="#T02:42:08" id="T02:42:08"><abbr title="2010-08-19T02:42:08+00:00">02:42:08</abbr></a>] <span>* ddd_ (8bb38719@gateway/web/freenode/ip.139.179.135.25) has joined #beagle</span></li>
<li class="message">[<a href="#T02:42:36" id="T02:42:36"><abbr title="2010-08-19T02:42:36+00:00">02:42:36</abbr></a>] &lt;<cite>sakoman</cite>&gt; <q>jkridner|work: I ran into it earlier today :-)</q></li>
<li class="message">[<a href="#T02:43:05" id="T02:43:05"><abbr title="2010-08-19T02:43:05+00:00">02:43:05</abbr></a>] &lt;<cite>jkridner</cite>&gt; <q>did you build gedit earlier today? :)</q></li>
<li class="message">[<a href="#T02:43:23" id="T02:43:23"><abbr title="2010-08-19T02:43:23+00:00">02:43:23</abbr></a>] &lt;<cite>ddd_</cite>&gt; <q>errors when building "server" of codec engine, <a href="http://pastebin.com/sMGTLPdb">http://pastebin.com/sMGTLPdb</a></q></li>
<li class="message">[<a href="#T02:43:41" id="T02:43:41"><abbr title="2010-08-19T02:43:41+00:00">02:43:41</abbr></a>] &lt;<cite>ddd_</cite>&gt; <q>anyone knows how to fix it? thx</q></li>
<li class="message">[<a href="#T02:45:03" id="T02:45:03"><abbr title="2010-08-19T02:45:03+00:00">02:45:03</abbr></a>] &lt;<cite>jkridner</cite>&gt; <q>which method are you using to build?</q></li>
<li class="action">[<a href="#T02:45:17" id="T02:45:17"><abbr title="2010-08-19T02:45:17+00:00">02:45:17</abbr></a>] <span>* jkridner has only built it with OE.</span></li>
<li class="message">[<a href="#T02:45:27" id="T02:45:27"><abbr title="2010-08-19T02:45:27+00:00">02:45:27</abbr></a>] &lt;<cite>mIKEjONES</cite>&gt; <q>what's the max speed of these SPI ports?</q></li>
<li class="message">[<a href="#T02:46:24" id="T02:46:24"><abbr title="2010-08-19T02:46:24+00:00">02:46:24</abbr></a>] &lt;<cite>ddd_</cite>&gt; <q>jkridner, i am using from CE , </q></li>
<li class="quit">[<a href="#T02:47:36" id="T02:47:36"><abbr title="2010-08-19T02:47:36+00:00">02:47:36</abbr></a>] <span>* robclark (~robclark@nat/ti/x-iggquoyoldwyrbde) Quit (Quit: robclark)</span></li>
<li class="message">[<a href="#T02:47:52" id="T02:47:52"><abbr title="2010-08-19T02:47:52+00:00">02:47:52</abbr></a>] &lt;<cite>ddd_</cite>&gt; <q>you mean you build it from <a href="http://code.google.com/p/opencv-dsp-acceleration/wiki/GettingStarted1">http://code.google.com/p/opencv-dsp-acceleration/wiki/GettingStarted1</a></q></li>
<li class="quit">[<a href="#T02:48:46" id="T02:48:46"><abbr title="2010-08-19T02:48:46+00:00">02:48:46</abbr></a>] <span>* Redb3ard (~SF0010MAC@75.110.202.83) Quit (Quit: Redb3ard)</span></li>
<li class="message">[<a href="#T02:48:52" id="T02:48:52"><abbr title="2010-08-19T02:48:52+00:00">02:48:52</abbr></a>] &lt;<cite>jkridner</cite>&gt; <q>ddd_: no, I used 'bitbake', rather than the typical TI build process.</q></li>
<li class="message">[<a href="#T02:49:46" id="T02:49:46"><abbr title="2010-08-19T02:49:46+00:00">02:49:46</abbr></a>] &lt;<cite>jkridner</cite>&gt; <q>mIKEjONES: I believe 48MHz.</q></li>
<li class="message">[<a href="#T02:51:51" id="T02:51:51"><abbr title="2010-08-19T02:51:51+00:00">02:51:51</abbr></a>] &lt;<cite>ddd_</cite>&gt; <q>jkridner, have you found the problem above?</q></li>
<li class="message">[<a href="#T02:52:40" id="T02:52:40"><abbr title="2010-08-19T02:52:40+00:00">02:52:40</abbr></a>] &lt;<cite>jkridner</cite>&gt; <q>you have two object files that define the same symbol.  you need to not link one of them in.</q></li>
<li class="join">[<a href="#T02:54:03" id="T02:54:03"><abbr title="2010-08-19T02:54:03+00:00">02:54:03</abbr></a>] <span>* GrizzlyAdams (~Grizzly@ip98-184-88-41.mc.at.cox.net) has joined #beagle</span></li>
<li class="message">[<a href="#T02:55:02" id="T02:55:02"><abbr title="2010-08-19T02:55:02+00:00">02:55:02</abbr></a>] &lt;<cite>jkridner</cite>&gt; <q>ddd_: I'm not even sure what step you are at when you see the error.</q></li>
<li class="message">[<a href="#T02:56:09" id="T02:56:09"><abbr title="2010-08-19T02:56:09+00:00">02:56:09</abbr></a>] &lt;<cite>sakoman</cite>&gt; <q>jkridner: yes, I was building a gnome image that included gedit</q></li>
<li class="message">[<a href="#T02:56:17" id="T02:56:17"><abbr title="2010-08-19T02:56:17+00:00">02:56:17</abbr></a>] &lt;<cite>ddd_</cite>&gt; <q>jkridner, it happens in /servers make, build /codecs is fine, </q></li>
