<li class="join">[<a href="#T00:03:20" id="T00:03:20"><abbr title="2010-02-25T00:03:20+00:00">00:03:20</abbr></a>] <span>* jrmuizel (~jrmuizel@nat/mozilla/x-gduxxsaadakqeonp) has joined #beagle</span></li>
<li class="join">[<a href="#T00:05:43" id="T00:05:43"><abbr title="2010-02-25T00:05:43+00:00">00:05:43</abbr></a>] <span>* alcy (~3bb4245e@gateway/web/freenode/x-uzuuqyrsyqjkfona) has joined #beagle</span></li>
<li class="message">[<a href="#T00:06:35" id="T00:06:35"><abbr title="2010-02-25T00:06:35+00:00">00:06:35</abbr></a>] &lt;<cite>alcy</cite>&gt; <q>Hello oflks, I had been using Angstrom till now, and decided to try 0xdroid now. I am trying to use the 0xdroid beagle-donut-0x3. I am using the pre-built binary image for this purpose. The problem is that the boot is stuck at displaying the Beagleboard logo. I can't proceed forward. What could be the possible solution ? </q></li>
<li class="quit">[<a href="#T00:08:10" id="T00:08:10"><abbr title="2010-02-25T00:08:10+00:00">00:08:10</abbr></a>] <span>* florian (~fuchs@Maemo/community/contributor/florian) Quit (Quit: Verlassend)</span></li>
<li class="quit">[<a href="#T00:08:20" id="T00:08:20"><abbr title="2010-02-25T00:08:20+00:00">00:08:20</abbr></a>] <span>* mobidev (~mobidev@94.127.205.30) Quit (Quit: I go offline...)</span></li>
<li class="quit">[<a href="#T00:14:42" id="T00:14:42"><abbr title="2010-02-25T00:14:42+00:00">00:14:42</abbr></a>] <span>* ant__ (~andrea@host219-248-dynamic.5-87-r.retail.telecomitalia.it) Quit (Quit: Leaving)</span></li>
<li class="join">[<a href="#T00:15:22" id="T00:15:22"><abbr title="2010-02-25T00:15:22+00:00">00:15:22</abbr></a>] <span>* robclark (~robclark@ppp-70-253-157-93.dsl.rcsntx.swbell.net) has joined #beagle</span></li>
<li class="quit">[<a href="#T00:15:31" id="T00:15:31"><abbr title="2010-02-25T00:15:31+00:00">00:15:31</abbr></a>] <span>* jkridner (~a0321898@pdpc/supporter/active/jkridner) Quit (Quit: Leaving.)</span></li>
<li class="quit">[<a href="#T00:15:32" id="T00:15:32"><abbr title="2010-02-25T00:15:32+00:00">00:15:32</abbr></a>] <span>* jkridner|work (~a0321898@nat/ti/x-rblbeuvdmmogjxqy) Quit (Quit: Leaving.)</span></li>
<li class="quit">[<a href="#T00:15:37" id="T00:15:37"><abbr title="2010-02-25T00:15:37+00:00">00:15:37</abbr></a>] <span>* robclark (~robclark@ppp-70-253-157-93.dsl.rcsntx.swbell.net) Quit (Remote host closed the connection)</span></li>
<li class="join">[<a href="#T00:16:13" id="T00:16:13"><abbr title="2010-02-25T00:16:13+00:00">00:16:13</abbr></a>] <span>* robclark (~robclark@nat/ti/x-oobnbhhaguvcmdrz) has joined #beagle</span></li>
<li class="quit">[<a href="#T00:19:51" id="T00:19:51"><abbr title="2010-02-25T00:19:51+00:00">00:19:51</abbr></a>] <span>* radhermit (~radhermit@radhermit-1-pt.tunnel.tserv3.fmt2.ipv6.he.net) Quit (Read error: Operation timed out)</span></li>
<li class="join">[<a href="#T00:20:19" id="T00:20:19"><abbr title="2010-02-25T00:20:19+00:00">00:20:19</abbr></a>] <span>* jkridner (~a0321898@pdpc/supporter/active/jkridner) has joined #beagle</span></li>
<li class="join">[<a href="#T00:20:41" id="T00:20:41"><abbr title="2010-02-25T00:20:41+00:00">00:20:41</abbr></a>] <span>* jkridner|work (~a0321898@nat/ti/x-urnkavxisngvupoe) has joined #beagle</span></li>
<li class="quit">[<a href="#T00:20:50" id="T00:20:50"><abbr title="2010-02-25T00:20:50+00:00">00:20:50</abbr></a>] <span>* alcy (~3bb4245e@gateway/web/freenode/x-uzuuqyrsyqjkfona) Quit (Quit: Page closed)</span></li>
<li class="join">[<a href="#T00:22:20" id="T00:22:20"><abbr title="2010-02-25T00:22:20+00:00">00:22:20</abbr></a>] <span>* radhermit (~radhermit@radhermit-1-pt.tunnel.tserv3.fmt2.ipv6.he.net) has joined #beagle</span></li>
<li class="quit">[<a href="#T00:26:13" id="T00:26:13"><abbr title="2010-02-25T00:26:13+00:00">00:26:13</abbr></a>] <span>* Stskeeps (~chobits@Maemo/community/distmaster/Stskeeps) Quit (Ping timeout: 260 seconds)</span></li>
<li class="join">[<a href="#T00:26:16" id="T00:26:16"><abbr title="2010-02-25T00:26:16+00:00">00:26:16</abbr></a>] <span>* Stskeeps (~chobits@pc-10-195.skjoldhoej.dk) has joined #beagle</span></li>
<li class="quit">[<abbr title="2010-02-25T00:26:16+00:00">00:26:16</abbr>] <span>* Stskeeps (~chobits@pc-10-195.skjoldhoej.dk) Quit (Changing host)</span></li>
<li class="join">[<abbr title="2010-02-25T00:26:16+00:00">00:26:16</abbr>] <span>* Stskeeps (~chobits@Maemo/community/distmaster/Stskeeps) has joined #beagle</span></li>
<li class="quit">[<a href="#T00:26:44" id="T00:26:44"><abbr title="2010-02-25T00:26:44+00:00">00:26:44</abbr></a>] <span>* jrmuizel (~jrmuizel@nat/mozilla/x-gduxxsaadakqeonp) Quit (Quit: jrmuizel)</span></li>
<li class="join">[<a href="#T00:30:28" id="T00:30:28"><abbr title="2010-02-25T00:30:28+00:00">00:30:28</abbr></a>] <span>* kanru (~kanru@61-30-10-70.static.tfn.net.tw) has joined #beagle</span></li>
<li class="join">[<a href="#T00:35:51" id="T00:35:51"><abbr title="2010-02-25T00:35:51+00:00">00:35:51</abbr></a>] <span>* jrmuizel (~jrmuizel@nat/mozilla/x-qqfljjzexsybbdtr) has joined #beagle</span></li>
<li class="quit">[<a href="#T00:37:12" id="T00:37:12"><abbr title="2010-02-25T00:37:12+00:00">00:37:12</abbr></a>] <span>* jkridner (~a0321898@pdpc/supporter/active/jkridner) Quit (Quit: Leaving.)</span></li>
<li class="quit">[<a href="#T00:37:13" id="T00:37:13"><abbr title="2010-02-25T00:37:13+00:00">00:37:13</abbr></a>] <span>* jkridner|work (~a0321898@nat/ti/x-urnkavxisngvupoe) Quit (Quit: Leaving.)</span></li>
<li class="quit">[<a href="#T00:37:25" id="T00:37:25"><abbr title="2010-02-25T00:37:25+00:00">00:37:25</abbr></a>] <span>* _roger_ (~a0740758@nat/ti/x-ysfqnvlmedajjrwz) Quit (Ping timeout: 260 seconds)</span></li>
<li class="join">[<a href="#T00:37:27" id="T00:37:27"><abbr title="2010-02-25T00:37:27+00:00">00:37:27</abbr></a>] <span>* samway (~samway@pcp099287pcs.unl.edu) has joined #beagle</span></li>
<li class="quit">[<a href="#T00:38:37" id="T00:38:37"><abbr title="2010-02-25T00:38:37+00:00">00:38:37</abbr></a>] <span>* robclark (~robclark@nat/ti/x-oobnbhhaguvcmdrz) Quit (Remote host closed the connection)</span></li>
<li class="quit">[<a href="#T00:44:00" id="T00:44:00"><abbr title="2010-02-25T00:44:00+00:00">00:44:00</abbr></a>] <span>* jrmuizel (~jrmuizel@nat/mozilla/x-qqfljjzexsybbdtr) Quit (Quit: jrmuizel)</span></li>
<li class="join">[<a href="#T00:57:22" id="T00:57:22"><abbr title="2010-02-25T00:57:22+00:00">00:57:22</abbr></a>] <span>* jrmuizel (~jrmuizel@nat/mozilla/x-slratqxzsnhmwojf) has joined #beagle</span></li>
