<li class="join">[<a href="#T00:03:46" id="T00:03:46"><abbr title="2010-09-27T00:03:46+00:00">00:03:46</abbr></a>] <span>* raster (raster@enlightenment2.osuosl.org) has joined #beagle</span></li>
<li class="quit">[<abbr title="2010-09-27T00:03:46+00:00">00:03:46</abbr>] <span>* raster (raster@enlightenment2.osuosl.org) Quit (Changing host)</span></li>
<li class="join">[<abbr title="2010-09-27T00:03:46+00:00">00:03:46</abbr>] <span>* raster (raster@enlightenment/developer/raster) has joined #beagle</span></li>
<li class="quit">[<a href="#T00:41:52" id="T00:41:52"><abbr title="2010-09-27T00:41:52+00:00">00:41:52</abbr></a>] <span>* gdm (~gdm@186.19.159.138) Quit (Ping timeout: 265 seconds)</span></li>
<li class="join">[<a href="#T00:43:58" id="T00:43:58"><abbr title="2010-09-27T00:43:58+00:00">00:43:58</abbr></a>] <span>* rcranetx (~rcranetx@nat/ti/x-tdtqirntfipgsqwh) has joined #beagle</span></li>
<li class="join">[<a href="#T00:44:59" id="T00:44:59"><abbr title="2010-09-27T00:44:59+00:00">00:44:59</abbr></a>] <span>* gdm (~gdm@186.19.159.138) has joined #beagle</span></li>
<li class="join">[<a href="#T01:03:26" id="T01:03:26"><abbr title="2010-09-27T01:03:26+00:00">01:03:26</abbr></a>] <span>* jserv-- (~jserv@61-30-10-70.static.tfn.net.tw) has joined #beagle</span></li>
<li class="quit">[<a href="#T01:05:48" id="T01:05:48"><abbr title="2010-09-27T01:05:48+00:00">01:05:48</abbr></a>] <span>* duffolonious (~bryan@75-168-77-218.mpls.qwest.net) Quit (Ping timeout: 240 seconds)</span></li>
<li class="quit">[<a href="#T01:06:42" id="T01:06:42"><abbr title="2010-09-27T01:06:42+00:00">01:06:42</abbr></a>] <span>* topfs2 (~topfs2@xbmc/staff/topfs2) Quit (Remote host closed the connection)</span></li>
<li class="join">[<a href="#T01:08:20" id="T01:08:20"><abbr title="2010-09-27T01:08:20+00:00">01:08:20</abbr></a>] <span>* duffolonious (~bryan@75-168-77-218.mpls.qwest.net) has joined #beagle</span></li>
<li class="join">[<a href="#T01:08:44" id="T01:08:44"><abbr title="2010-09-27T01:08:44+00:00">01:08:44</abbr></a>] <span>* topfs2 (~topfs2@xbmc/staff/topfs2) has joined #beagle</span></li>
<li class="join">[<a href="#T01:15:03" id="T01:15:03"><abbr title="2010-09-27T01:15:03+00:00">01:15:03</abbr></a>] <span>* kanru (~kanru@61-30-10-70.static.tfn.net.tw) has joined #beagle</span></li>
<li class="join">[<a href="#T01:16:17" id="T01:16:17"><abbr title="2010-09-27T01:16:17+00:00">01:16:17</abbr></a>] <span>* brolin (~brolin@190.71.241.120) has joined #beagle</span></li>
<li class="quit">[<a href="#T01:32:33" id="T01:32:33"><abbr title="2010-09-27T01:32:33+00:00">01:32:33</abbr></a>] <span>* rlameiro (~lameiro@87.196.216.196) Quit (Quit: Saindo)</span></li>
<li class="join">[<a href="#T01:50:41" id="T01:50:41"><abbr title="2010-09-27T01:50:41+00:00">01:50:41</abbr></a>] <span>* jayabharath (~jayabhara@nat/ti/x-ddotdlstlmdwijxl) has joined #beagle</span></li>
<li class="quit">[<a href="#T01:54:19" id="T01:54:19"><abbr title="2010-09-27T01:54:19+00:00">01:54:19</abbr></a>] <span>* jonpry (~jonpry@63.245.31.4) Quit (Ping timeout: 240 seconds)</span></li>
<li class="join">[<a href="#T01:54:57" id="T01:54:57"><abbr title="2010-09-27T01:54:57+00:00">01:54:57</abbr></a>] <span>* matthsu (~matt@61-30-10-70.static.tfn.net.tw) has joined #beagle</span></li>
<li class="join">[<a href="#T01:57:48" id="T01:57:48"><abbr title="2010-09-27T01:57:48+00:00">01:57:48</abbr></a>] <span>* johnnyg (~johnnyg@2402:1800:4000:1:20d:56ff:fe29:2b94) has joined #beagle</span></li>
<li class="quit">[<a href="#T02:07:18" id="T02:07:18"><abbr title="2010-09-27T02:07:18+00:00">02:07:18</abbr></a>] <span>* prpplague (~Dave@ppp-70-242-121-21.dsl.rcsntx.swbell.net) Quit (Quit: Leaving)</span></li>
<li class="quit">[<a href="#T02:08:26" id="T02:08:26"><abbr title="2010-09-27T02:08:26+00:00">02:08:26</abbr></a>] <span>* jayabharath (~jayabhara@nat/ti/x-ddotdlstlmdwijxl) Quit (Ping timeout: 264 seconds)</span></li>
<li class="quit">[<a href="#T02:23:15" id="T02:23:15"><abbr title="2010-09-27T02:23:15+00:00">02:23:15</abbr></a>] <span>* shoragan_ (~shoragan@sicherheitsschwankung.de) Quit (Remote host closed the connection)</span></li>
<li class="join">[<a href="#T02:24:06" id="T02:24:06"><abbr title="2010-09-27T02:24:06+00:00">02:24:06</abbr></a>] <span>* jayabharath (~jayabhara@nat/ti/x-kwcxhwvlgcrtaosq) has joined #beagle</span></li>
<li class="join">[<a href="#T02:24:19" id="T02:24:19"><abbr title="2010-09-27T02:24:19+00:00">02:24:19</abbr></a>] <span>* shoragan_ (~shoragan@sicherheitsschwankung.de) has joined #beagle</span></li>
<li class="quit">[<a href="#T02:25:17" id="T02:25:17"><abbr title="2010-09-27T02:25:17+00:00">02:25:17</abbr></a>] <span>* ogra (~ogra@ubuntu/member/ogra) Quit (Ping timeout: 265 seconds)</span></li>
<li class="join">[<a href="#T02:25:46" id="T02:25:46"><abbr title="2010-09-27T02:25:46+00:00">02:25:46</abbr></a>] <span>* ogra (~ogra@ubuntu/member/ogra) has joined #beagle</span></li>
<li class="quit">[<a href="#T02:28:36" id="T02:28:36"><abbr title="2010-09-27T02:28:36+00:00">02:28:36</abbr></a>] <span>* brolin (~brolin@190.71.241.120) Quit (Quit: leaving)</span></li>
<li class="quit">[<a href="#T02:57:14" id="T02:57:14"><abbr title="2010-09-27T02:57:14+00:00">02:57:14</abbr></a>] <span>* zodttd (~me@user-0c90n12.cable.mindspring.com) Quit (Ping timeout: 276 seconds)</span></li>
<li class="quit">[<a href="#T03:00:42" id="T03:00:42"><abbr title="2010-09-27T03:00:42+00:00">03:00:42</abbr></a>] <span>* dl9pf (~quassel@opensuse/member/dl9pf) Quit (Read error: Operation timed out)</span></li>
<li class="join">[<a href="#T03:01:06" id="T03:01:06"><abbr title="2010-09-27T03:01:06+00:00">03:01:06</abbr></a>] <span>* cody_ (~cody@dslb-084-056-070-166.pools.arcor-ip.net) has joined #beagle</span></li>
<li class="join">[<a href="#T03:01:23" id="T03:01:23"><abbr title="2010-09-27T03:01:23+00:00">03:01:23</abbr></a>] <span>* dl9pf (~quassel@p5B2133CE.dip.t-dialin.net) has joined #beagle</span></li>
<li class="quit">[<abbr title="2010-09-27T03:01:23+00:00">03:01:23</abbr>] <span>* dl9pf (~quassel@p5B2133CE.dip.t-dialin.net) Quit (Changing host)</span></li>
<li class="join">[<abbr title="2010-09-27T03:01:23+00:00">03:01:23</abbr>] <span>* dl9pf (~quassel@opensuse/member/dl9pf) has joined #beagle</span></li>
<li class="join">[<a href="#T03:01:58" id="T03:01:58"><abbr title="2010-09-27T03:01:58+00:00">03:01:58</abbr></a>] <span>* zodttd (~me@user-0c90n12.cable.mindspring.com) has joined #beagle</span></li>
<li class="quit">[<a href="#T03:03:57" id="T03:03:57"><abbr title="2010-09-27T03:03:57+00:00">03:03:57</abbr></a>] <span>* BThompsonGR (~bernie@cpe-76-183-65-93.tx.res.rr.com) Quit (Read error: Connection reset by peer)</span></li>
<li class="quit">[<a href="#T03:04:25" id="T03:04:25"><abbr title="2010-09-27T03:04:25+00:00">03:04:25</abbr></a>] <span>* cody (~cody@dslb-084-056-114-214.pools.arcor-ip.net) Quit (Ping timeout: 252 seconds)</span></li>
<li class="join">[<a href="#T03:06:46" id="T03:06:46"><abbr title="2010-09-27T03:06:46+00:00">03:06:46</abbr></a>] <span>* _koen_ (~x0115699@nat/ti/x-kdzwfkjwdzcsafhq) has joined #beagle</span></li>
<li class="message">[<a href="#T03:06:55" id="T03:06:55"><abbr title="2010-09-27T03:06:55+00:00">03:06:55</abbr></a>] &lt;<cite>_koen_</cite>&gt; <q>good morning all</q></li>
<li class="quit">[<a href="#T03:15:01" id="T03:15:01"><abbr title="2010-09-27T03:15:01+00:00">03:15:01</abbr></a>] <span>* GrizzlyAdams (~Grizzly@ip98-184-88-41.mc.at.cox.net) Quit (Read error: Connection reset by peer)</span></li>
<li class="quit">[<a href="#T03:32:28" id="T03:32:28"><abbr title="2010-09-27T03:32:28+00:00">03:32:28</abbr></a>] <span>* _koen_ (~x0115699@nat/ti/x-kdzwfkjwdzcsafhq) Quit (Ping timeout: 240 seconds)</span></li>
<li class="quit">[<a href="#T03:52:30" id="T03:52:30"><abbr title="2010-09-27T03:52:30+00:00">03:52:30</abbr></a>] <span>* kai (~kai@samba/team/kai) Quit (Remote host closed the connection)</span></li>
<li class="join">[<a href="#T03:52:42" id="T03:52:42"><abbr title="2010-09-27T03:52:42+00:00">03:52:42</abbr></a>] <span>* jonpry (~jonpry@63.245.31.4) has joined #beagle</span></li>
<li class="message">[<a href="#T03:53:15" id="T03:53:15"><abbr title="2010-09-27T03:53:15+00:00">03:53:15</abbr></a>] &lt;<cite>jonpry</cite>&gt; <q>i guess there is no #cadence</q></li>
<li class="join">[<a href="#T03:59:23" id="T03:59:23"><abbr title="2010-09-27T03:59:23+00:00">03:59:23</abbr></a>] <span>* djlewis (~djlewis@75.15.67.41) has joined #beagle</span></li>
<li class="message">[<a href="#T04:00:02" id="T04:00:02"><abbr title="2010-09-27T04:00:02+00:00">04:00:02</abbr></a>] &lt;<cite>djlewis</cite>&gt; <q>koen: good morning</q></li>
<li class="quit">[<a href="#T04:05:31" id="T04:05:31"><abbr title="2010-09-27T04:05:31+00:00">04:05:31</abbr></a>] <span>* jonpry (~jonpry@63.245.31.4) Quit (Ping timeout: 240 seconds)</span></li>
<li class="join">[<a href="#T04:07:43" id="T04:07:43"><abbr title="2010-09-27T04:07:43+00:00">04:07:43</abbr></a>] <span>* jonpry (~jonpry@63.245.31.4) has joined #beagle</span></li>
<li class="message">[<a href="#T04:13:06" id="T04:13:06"><abbr title="2010-09-27T04:13:06+00:00">04:13:06</abbr></a>] &lt;<cite>vinit</cite>&gt; <q>morning koen</q></li>
<li class="quit">[<a href="#T04:13:56" id="T04:13:56"><abbr title="2010-09-27T04:13:56+00:00">04:13:56</abbr></a>] <span>* djlewis (~djlewis@75.15.67.41) Quit (Quit: Leaving.)</span></li>
<li class="message">[<a href="#T04:15:32" id="T04:15:32"><abbr title="2010-09-27T04:15:32+00:00">04:15:32</abbr></a>] &lt;<cite>_av500_</cite>&gt; <q>gm koen </q></li>
<li class="quit">[<a href="#T04:25:13" id="T04:25:13"><abbr title="2010-09-27T04:25:13+00:00">04:25:13</abbr></a>] <span>* johnnyg (~johnnyg@2402:1800:4000:1:20d:56ff:fe29:2b94) Quit (Quit: Leaving)</span></li>
<li class="quit">[<a href="#T04:48:48" id="T04:48:48"><abbr title="2010-09-27T04:48:48+00:00">04:48:48</abbr></a>] <span>* gdm (~gdm@186.19.159.138) Quit (Ping timeout: 240 seconds)</span></li>
<li class="quit">[<a href="#T04:58:41" id="T04:58:41"><abbr title="2010-09-27T04:58:41+00:00">04:58:41</abbr></a>] <span>* rcranetx (~rcranetx@nat/ti/x-tdtqirntfipgsqwh) Quit (Quit: Leaving.)</span></li>
<li class="quit">[<a href="#T05:01:34" id="T05:01:34"><abbr title="2010-09-27T05:01:34+00:00">05:01:34</abbr></a>] <span>* vinit (~vinit@202.3.77.239) Quit (Remote host closed the connection)</span></li>
<li class="quit">[<a href="#T05:02:50" id="T05:02:50"><abbr title="2010-09-27T05:02:50+00:00">05:02:50</abbr></a>] <span>* duffolonious (~bryan@75-168-77-218.mpls.qwest.net) Quit (Read error: Operation timed out)</span></li>
<li class="quit">[<a href="#T05:02:58" id="T05:02:58"><abbr title="2010-09-27T05:02:58+00:00">05:02:58</abbr></a>] <span>* zodttd (~me@user-0c90n12.cable.mindspring.com) Quit (Ping timeout: 250 seconds)</span></li>
<li class="join">[<a href="#T05:03:44" id="T05:03:44"><abbr title="2010-09-27T05:03:44+00:00">05:03:44</abbr></a>] <span>* hitlin37 (6eea0302@gateway/web/freenode/ip.110.234.3.2) has joined #beagle</span></li>
<li class="join">[<a href="#T05:06:12" id="T05:06:12"><abbr title="2010-09-27T05:06:12+00:00">05:06:12</abbr></a>] <span>* duffolonious (~bryan@75-168-77-218.mpls.qwest.net) has joined #beagle</span></li>
<li class="message">[<a href="#T05:06:40" id="T05:06:40"><abbr title="2010-09-27T05:06:40+00:00">05:06:40</abbr></a>] &lt;<cite>hitlin37</cite>&gt; <q>i did a opkg upgrade and now after reboot ,its not showing top most area of desktop,so im unable to open my terminal,how do i get back normal desktop  </q></li>
<li class="message">[<a href="#T05:07:52" id="T05:07:52"><abbr title="2010-09-27T05:07:52+00:00">05:07:52</abbr></a>] &lt;<cite>hitlin37</cite>&gt; <q>BTW,system got hanged during opkg upgrade,so i rebooted the system</q></li>
<li class="quit">[<a href="#T05:08:13" id="T05:08:13"><abbr title="2010-09-27T05:08:13+00:00">05:08:13</abbr></a>] <span>* mrc3 (~mrc3@nat/ti/x-sowcksccnpeecmqs) Quit (Remote host closed the connection)</span></li>
<li class="quit">[<abbr title="2010-09-27T05:08:13+00:00">05:08:13</abbr>] <span>* katie (~katierh@nat/ti/x-mwinnppaiewyimkk) Quit (Remote host closed the connection)</span></li>
<li class="join">[<a href="#T05:08:38" id="T05:08:38"><abbr title="2010-09-27T05:08:38+00:00">05:08:38</abbr></a>] <span>* katie (~katierh@nat/ti/x-wlxncoaxcepinbry) has joined #beagle</span></li>
<li class="join">[<a href="#T05:09:03" id="T05:09:03"><abbr title="2010-09-27T05:09:03+00:00">05:09:03</abbr></a>] <span>* mrc3 (~mrc3@nat/ti/x-xbwuucgmfndrtvak) has joined #beagle</span></li>
<li class="join">[<a href="#T05:09:23" id="T05:09:23"><abbr title="2010-09-27T05:09:23+00:00">05:09:23</abbr></a>] <span>* Hasan (dd78dc0d@gateway/web/freenode/ip.221.120.220.13) has joined #beagle</span></li>
<li class="message">[<a href="#T05:10:17" id="T05:10:17"><abbr title="2010-09-27T05:10:17+00:00">05:10:17</abbr></a>] &lt;<cite>Hasan</cite>&gt; <q>Salam to all</q></li>
<li class="message">[<a href="#T05:10:39" id="T05:10:39"><abbr title="2010-09-27T05:10:39+00:00">05:10:39</abbr></a>] &lt;<cite>Hasan</cite>&gt; <q>does bb supports RtLinux</q></li>
<li class="message">[<a href="#T05:11:48" id="T05:11:48"><abbr title="2010-09-27T05:11:48+00:00">05:11:48</abbr></a>] &lt;<cite>hitlin37</cite>&gt; <q>is there any option lik opkg downgrade ?</q></li>
<li class="message">[<a href="#T05:12:44" id="T05:12:44"><abbr title="2010-09-27T05:12:44+00:00">05:12:44</abbr></a>] &lt;<cite>Hasan</cite>&gt; <q>no idea</q></li>
<li class="message">[<a href="#T05:15:03" id="T05:15:03"><abbr title="2010-09-27T05:15:03+00:00">05:15:03</abbr></a>] &lt;<cite>Hasan</cite>&gt; <q>I have downloaded RtLinux free </q></li>
<li class="message">[<a href="#T05:15:28" id="T05:15:28"><abbr title="2010-09-27T05:15:28+00:00">05:15:28</abbr></a>] &lt;<cite>Hasan</cite>&gt; <q>and cant figure which files to copy in which partition</q></li>
<li class="quit">[<a href="#T05:15:42" id="T05:15:42"><abbr title="2010-09-27T05:15:42+00:00">05:15:42</abbr></a>] <span>* mrc3 (~mrc3@nat/ti/x-xbwuucgmfndrtvak) Quit (Remote host closed the connection)</span></li>
<li class="join">[<a href="#T05:15:57" id="T05:15:57"><abbr title="2010-09-27T05:15:57+00:00">05:15:57</abbr></a>] <span>* mrc3 (~mrc3@nat/ti/x-kjtdkqlqivkkcuhy) has joined #beagle</span></li>
<li class="join">[<a href="#T05:17:57" id="T05:17:57"><abbr title="2010-09-27T05:17:57+00:00">05:17:57</abbr></a>] <span>* Ceriand|desktop1 (~Ceriand@unaffiliated/ceriand) has joined #beagle</span></li>
<li class="quit">[<a href="#T05:18:11" id="T05:18:11"><abbr title="2010-09-27T05:18:11+00:00">05:18:11</abbr></a>] <span>* Ceriand|desktop (~Ceriand@unaffiliated/ceriand) Quit (Ping timeout: 240 seconds)</span></li>
<li class="message">[<a href="#T05:20:43" id="T05:20:43"><abbr title="2010-09-27T05:20:43+00:00">05:20:43</abbr></a>] &lt;<cite>Hasan</cite>&gt; <q>Is RtLinux compatible with BB ??? PLZ anyone</q></li>
<li class="message">[<a href="#T05:23:31" id="T05:23:31"><abbr title="2010-09-27T05:23:31+00:00">05:23:31</abbr></a>] &lt;<cite>_av500_</cite>&gt; <q>what for?</q></li>
<li class="quit">[<a href="#T05:25:26" id="T05:25:26"><abbr title="2010-09-27T05:25:26+00:00">05:25:26</abbr></a>] <span>* jayabharath (~jayabhara@nat/ti/x-kwcxhwvlgcrtaosq) Quit (Remote host closed the connection)</span></li>
<li class="message">[<a href="#T05:26:02" id="T05:26:02"><abbr title="2010-09-27T05:26:02+00:00">05:26:02</abbr></a>] &lt;<cite>hitlin37</cite>&gt; <q>i did d opkg upgrade n its not showing complete desktop</q></li>
<li class="message">[<a href="#T05:26:08" id="T05:26:08"><abbr title="2010-09-27T05:26:08+00:00">05:26:08</abbr></a>] &lt;<cite>Hasan</cite>&gt; <q>as RTOS</q></li>
<li class="join">[<a href="#T05:38:07" id="T05:38:07"><abbr title="2010-09-27T05:38:07+00:00">05:38:07</abbr></a>] <span>* tasslehoff (~Mich@147.84-49-231.nextgentel.com) has joined #beagle</span></li>
<li class="join">[<a href="#T05:38:25" id="T05:38:25"><abbr title="2010-09-27T05:38:25+00:00">05:38:25</abbr></a>] <span>* akumar (~mm4@122.170.41.121) has joined #beagle</span></li>
<li class="quit">[<a href="#T05:38:35" id="T05:38:35"><abbr title="2010-09-27T05:38:35+00:00">05:38:35</abbr></a>] <span>* akumar (~mm4@122.170.41.121) Quit (Remote host closed the connection)</span></li>
<li class="join">[<a href="#T05:41:58" id="T05:41:58"><abbr title="2010-09-27T05:41:58+00:00">05:41:58</abbr></a>] <span>* akumar1 (~mm4@122.170.41.121) has joined #beagle</span></li>
<li class="join">[<a href="#T05:50:25" id="T05:50:25"><abbr title="2010-09-27T05:50:25+00:00">05:50:25</abbr></a>] <span>* soundcyst_ (~soundcyst@12.105.251.10) has joined #beagle</span></li>
<li class="nick-change">[<a href="#T05:58:27" id="T05:58:27"><abbr title="2010-09-27T05:58:27+00:00">05:58:27</abbr></a>] <span>* soundcyst_ is now known as soundcyst</span></li>
<li class="join">[<a href="#T05:58:39" id="T05:58:39"><abbr title="2010-09-27T05:58:39+00:00">05:58:39</abbr></a>] <span>* gadiyar (~chatzilla@192.163.20.231) has joined #beagle</span></li>
<li class="join">[<a href="#T06:11:56" id="T06:11:56"><abbr title="2010-09-27T06:11:56+00:00">06:11:56</abbr></a>] <span>* kunguz (~Kaan@212.175.32.130) has joined #beagle</span></li>
<li class="join">[<a href="#T06:15:28" id="T06:15:28"><abbr title="2010-09-27T06:15:28+00:00">06:15:28</abbr></a>] <span>* rsv (7aa75679@gateway/web/freenode/ip.122.167.86.121) has joined #beagle</span></li>
<li class="quit">[<a href="#T06:17:58" id="T06:17:58"><abbr title="2010-09-27T06:17:58+00:00">06:17:58</abbr></a>] <span>* katie (~katierh@nat/ti/x-wlxncoaxcepinbry) Quit (Remote host closed the connection)</span></li>
<li class="join">[<a href="#T06:18:20" id="T06:18:20"><abbr title="2010-09-27T06:18:20+00:00">06:18:20</abbr></a>] <span>* katie (~katierh@nat/ti/x-dqrpdbppzgzgmqse) has joined #beagle</span></li>
<li class="join">[<a href="#T06:18:50" id="T06:18:50"><abbr title="2010-09-27T06:18:50+00:00">06:18:50</abbr></a>] <span>* zakri (59bf90f4@gateway/web/freenode/ip.89.191.144.244) has joined #beagle</span></li>
<li class="message">[<a href="#T06:19:02" id="T06:19:02"><abbr title="2010-09-27T06:19:02+00:00">06:19:02</abbr></a>] &lt;<cite>zakri</cite>&gt; <q>Hi</q></li>
<li class="quit">[<a href="#T06:20:05" id="T06:20:05"><abbr title="2010-09-27T06:20:05+00:00">06:20:05</abbr></a>] <span>* kunguz (~Kaan@212.175.32.130) Quit (Ping timeout: 276 seconds)</span></li>
<li class="join">[<a href="#T06:20:11" id="T06:20:11"><abbr title="2010-09-27T06:20:11+00:00">06:20:11</abbr></a>] <span>* kunguz (~Kaan@212.175.32.132) has joined #beagle</span></li>
<li class="message">[<a href="#T06:21:10" id="T06:21:10"><abbr title="2010-09-27T06:21:10+00:00">06:21:10</abbr></a>] &lt;<cite>zakri</cite>&gt; <q>Is anyone able to describe me how to switch on frame buffer. </q></li>
<li class="message">[<a href="#T06:21:33" id="T06:21:33"><abbr title="2010-09-27T06:21:33+00:00">06:21:33</abbr></a>] &lt;<cite>zakri</cite>&gt; <q>I have kernel 2.6.35.4 and Agnstorm distrybution</q></li>
<li class="join">[<a href="#T06:31:50" id="T06:31:50"><abbr title="2010-09-27T06:31:50+00:00">06:31:50</abbr></a>] <span>* harbaum (~quassel@2001:8d8:1fe:8:baac:6fff:fe2d:73a3) has joined #beagle</span></li>
<li class="message">[<a href="#T06:33:06" id="T06:33:06"><abbr title="2010-09-27T06:33:06+00:00">06:33:06</abbr></a>] &lt;<cite>ds2</cite>&gt; <q>you turn the switch from off to on? :D</q></li>
<li class="message">[<a href="#T06:34:19" id="T06:34:19"><abbr title="2010-09-27T06:34:19+00:00">06:34:19</abbr></a>] &lt;<cite>Russ</cite>&gt; <q>listen to ds2, he knows framebuffers inside and out</q></li>
<li class="join">[<a href="#T06:34:58" id="T06:34:58"><abbr title="2010-09-27T06:34:58+00:00">06:34:58</abbr></a>] <span>* franktango (~a0746747@nat/ti/x-lvxuoklkkpkgezwl) has joined #beagle</span></li>
<li class="quit">[<a href="#T06:35:25" id="T06:35:25"><abbr title="2010-09-27T06:35:25+00:00">06:35:25</abbr></a>] <span>* soundcyst (~soundcyst@12.105.251.10) Quit (Quit: salt, and it stains)</span></li>
<li class="quit">[<a href="#T06:39:25" id="T06:39:25"><abbr title="2010-09-27T06:39:25+00:00">06:39:25</abbr></a>] <span>* calculus (~calculus@gentoo/user/calculus) Quit (Ping timeout: 252 seconds)</span></li>
<li class="message">[<a href="#T06:48:38" id="T06:48:38"><abbr title="2010-09-27T06:48:38+00:00">06:48:38</abbr></a>] &lt;<cite>zakri</cite>&gt; <q>I asked seriously!!</q></li>
<li class="join">[<a href="#T06:59:06" id="T06:59:06"><abbr title="2010-09-27T06:59:06+00:00">06:59:06</abbr></a>] <span>* GeneralAntilles (~ryan@248-35.187-72.tampabay.res.rr.com) has joined #beagle</span></li>
<li class="quit">[<a href="#T06:59:08" id="T06:59:08"><abbr title="2010-09-27T06:59:08+00:00">06:59:08</abbr></a>] <span>* GeneralAntilles (~ryan@248-35.187-72.tampabay.res.rr.com) Quit (Changing host)</span></li>
<li class="join">[<abbr title="2010-09-27T06:59:08+00:00">06:59:08</abbr>] <span>* GeneralAntilles (~ryan@Maemo/community/council/GeneralAntilles) has joined #beagle</span></li>
<li class="join">[<a href="#T07:03:09" id="T07:03:09"><abbr title="2010-09-27T07:03:09+00:00">07:03:09</abbr></a>] <span>* jpsaman (~jpsaman@2001:4cb8:17:1:21d:9ff:fec6:18ac) has joined #beagle</span></li>
<li class="quit">[<abbr title="2010-09-27T07:03:09+00:00">07:03:09</abbr>] <span>* jpsaman (~jpsaman@2001:4cb8:17:1:21d:9ff:fec6:18ac) Quit (Changing host)</span></li>
<li class="join">[<abbr title="2010-09-27T07:03:09+00:00">07:03:09</abbr>] <span>* jpsaman (~jpsaman@videolan/developer/jpsaman) has joined #beagle</span></li>
<li class="join">[<a href="#T07:05:49" id="T07:05:49"><abbr title="2010-09-27T07:05:49+00:00">07:05:49</abbr></a>] <span>* Zubair (6f4467a3@gateway/web/freenode/ip.111.68.103.163) has joined #beagle</span></li>
<li class="nick-change">[<a href="#T07:06:04" id="T07:06:04"><abbr title="2010-09-27T07:06:04+00:00">07:06:04</abbr></a>] <span>* hrw|gone is now known as hrw</span></li>
<li class="message">[<a href="#T07:06:12" id="T07:06:12"><abbr title="2010-09-27T07:06:12+00:00">07:06:12</abbr></a>] &lt;<cite>Zubair</cite>&gt; <q>Hello everyone</q></li>
<li class="join">[<a href="#T07:06:13" id="T07:06:13"><abbr title="2010-09-27T07:06:13+00:00">07:06:13</abbr></a>] <span>* courville (~courville@archos.rain.fr) has joined #beagle</span></li>
<li class="message">[<a href="#T07:07:01" id="T07:07:01"><abbr title="2010-09-27T07:07:01+00:00">07:07:01</abbr></a>] &lt;<cite>Zubair</cite>&gt; <q>How to clear the NAND memory to default ??</q></li>
<li class="message">[<a href="#T07:07:29" id="T07:07:29"><abbr title="2010-09-27T07:07:29+00:00">07:07:29</abbr></a>] &lt;<cite>Zubair</cite>&gt; <q>As I am using a BB initially used by someone else, </q></li>
<li class="message">[<a href="#T07:07:42" id="T07:07:42"><abbr title="2010-09-27T07:07:42+00:00">07:07:42</abbr></a>] &lt;<cite>Zubair</cite>&gt; <q>so I think he had done something with the NAND</q></li>
<li class="message">[<a href="#T07:08:20" id="T07:08:20"><abbr title="2010-09-27T07:08:20+00:00">07:08:20</abbr></a>] &lt;<cite>Zubair</cite>&gt; <q>as nothing appears on the minicom screen</q></li>
<li class="message">[<a href="#T07:08:36" id="T07:08:36"><abbr title="2010-09-27T07:08:36+00:00">07:08:36</abbr></a>] &lt;<cite>Zubair</cite>&gt; <q>now that I am using Linux and had left Windows</q></li>
<li class="message">[<a href="#T07:08:51" id="T07:08:51"><abbr title="2010-09-27T07:08:51+00:00">07:08:51</abbr></a>] &lt;<cite>Zubair</cite>&gt; <q>plz anybody that can help</q></li>
<li class="quit">[<a href="#T07:11:21" id="T07:11:21"><abbr title="2010-09-27T07:11:21+00:00">07:11:21</abbr></a>] <span>* ZeZu (~ZeZu@c-69-245-228-237.hsd1.in.comcast.net) Quit ()</span></li>
<li class="message">[<a href="#T07:12:13" id="T07:12:13"><abbr title="2010-09-27T07:12:13+00:00">07:12:13</abbr></a>] &lt;<cite>Zubair</cite>&gt; <q>anyone ??</q></li>
<li class="join">[<a href="#T07:12:42" id="T07:12:42"><abbr title="2010-09-27T07:12:42+00:00">07:12:42</abbr></a>] <span>* jpirko (~jirka@ip-89-103-8-226.net.upcbroadband.cz) has joined #beagle</span></li>
<li class="message">[<a href="#T07:14:18" id="T07:14:18"><abbr title="2010-09-27T07:14:18+00:00">07:14:18</abbr></a>] &lt;<cite>Zubair</cite>&gt; <q>its been a week, help me out people.</q></li>
<li class="message">[<a href="#T07:15:49" id="T07:15:49"><abbr title="2010-09-27T07:15:49+00:00">07:15:49</abbr></a>] &lt;<cite>zakri</cite>&gt; <q>maybe this: <a href="http://code.google.com/p/beagleboard/wiki/BeagleNANDFlashing">http://code.google.com/p/beagleboard/wiki/BeagleNANDFlashing</a></q></li>
<li class="join">[<a href="#T07:18:26" id="T07:18:26"><abbr title="2010-09-27T07:18:26+00:00">07:18:26</abbr></a>] <span>* ceyusa (~vjaquez@155.99.117.91.static.mundo-r.com) has joined #beagle</span></li>
<li class="join">[<a href="#T07:26:54" id="T07:26:54"><abbr title="2010-09-27T07:26:54+00:00">07:26:54</abbr></a>] <span>* markos_ (~markos@athedsl-427805.home.otenet.gr) has joined #beagle</span></li>
<li class="join">[<a href="#T07:27:46" id="T07:27:46"><abbr title="2010-09-27T07:27:46+00:00">07:27:46</abbr></a>] <span>* calculus (~calculus@gentoo/user/calculus) has joined #beagle</span></li>
<li class="quit">[<a href="#T07:35:45" id="T07:35:45"><abbr title="2010-09-27T07:35:45+00:00">07:35:45</abbr></a>] <span>* hitlin37 (6eea0302@gateway/web/freenode/ip.110.234.3.2) Quit (Ping timeout: 252 seconds)</span></li>
<li class="join">[<a href="#T07:47:21" id="T07:47:21"><abbr title="2010-09-27T07:47:21+00:00">07:47:21</abbr></a>] <span>* drakkan1000 (~drakkan@62.123.237.207) has joined #beagle</span></li>
<li class="message">[<a href="#T07:47:55" id="T07:47:55"><abbr title="2010-09-27T07:47:55+00:00">07:47:55</abbr></a>] &lt;<cite>Russ</cite>&gt; <q>zakri, I was being serious too</q></li>
<li class="message">[<a href="#T07:53:22" id="T07:53:22"><abbr title="2010-09-27T07:53:22+00:00">07:53:22</abbr></a>] &lt;<cite>zakri</cite>&gt; <q>ok</q></li>
<li class="message">[<a href="#T07:53:41" id="T07:53:41"><abbr title="2010-09-27T07:53:41+00:00">07:53:41</abbr></a>] &lt;<cite>zakri</cite>&gt; <q>in boot args I add: omapfb.debug=y omapdss.debug=y omapdss.def_disp=dvi omapfb.test=y omapfb.mode=dvi:1024x768MR-24@60 omapfb.vram=0:3M,1:3M,2:3M </q></li>
<li class="message">[<a href="#T07:54:15" id="T07:54:15"><abbr title="2010-09-27T07:54:15+00:00">07:54:15</abbr></a>] &lt;<cite>zakri</cite>&gt; <q>what  else should I do??</q></li>
<li class="message">[<a href="#T07:54:30" id="T07:54:30"><abbr title="2010-09-27T07:54:30+00:00">07:54:30</abbr></a>] &lt;<cite>Russ</cite>&gt; <q>do the kernel messages tell you anything interesting?</q></li>
<li class="quit">[<a href="#T07:56:12" id="T07:56:12"><abbr title="2010-09-27T07:56:12+00:00">07:56:12</abbr></a>] <span>* jpirko (~jirka@ip-89-103-8-226.net.upcbroadband.cz) Quit (Quit: Leaving)</span></li>
<li class="message">[<a href="#T07:57:36" id="T07:57:36"><abbr title="2010-09-27T07:57:36+00:00">07:57:36</abbr></a>] &lt;<cite>zakri</cite>&gt; <q>in log: OMAP DSS rev 2.0 OMAP DISPC rev 3.0 OMAP VENC rev 2</q></li>
<li class="join">[<a href="#T07:58:16" id="T07:58:16"><abbr title="2010-09-27T07:58:16+00:00">07:58:16</abbr></a>] <span>* Stskeeps (~cvm@Maemo/community/distmaster/Stskeeps) has joined #beagle</span></li>
<li class="join">[<a href="#T07:58:55" id="T07:58:55"><abbr title="2010-09-27T07:58:55+00:00">07:58:55</abbr></a>] <span>* nuchhu (dce319a2@gateway/web/freenode/ip.220.227.25.162) has joined #beagle</span></li>
<li class="join">[<a href="#T08:00:24" id="T08:00:24"><abbr title="2010-09-27T08:00:24+00:00">08:00:24</abbr></a>] <span>* hvaibhav (~a0393758@192.163.20.231) has joined #beagle</span></li>
<li class="message">[<a href="#T08:00:59" id="T08:00:59"><abbr title="2010-09-27T08:00:59+00:00">08:00:59</abbr></a>] &lt;<cite>Russ</cite>&gt; <q>and what makes you think that things aren't working?</q></li>
<li class="message">[<a href="#T08:02:09" id="T08:02:09"><abbr title="2010-09-27T08:02:09+00:00">08:02:09</abbr></a>] &lt;<cite>zakri</cite>&gt; <q>In /dev I dont have fb</q></li>
<li class="message">[<a href="#T08:04:16" id="T08:04:16"><abbr title="2010-09-27T08:04:16+00:00">08:04:16</abbr></a>] &lt;<cite>zakri</cite>&gt; <q>I don't have too:  /sys/class/graphics</q></li>
<li class="message">[<a href="#T08:05:28" id="T08:05:28"><abbr title="2010-09-27T08:05:28+00:00">08:05:28</abbr></a>] &lt;<cite>Russ</cite>&gt; <q>where did you get your kernel config?</q></li>
<li class="message">[<a href="#T08:07:12" id="T08:07:12"><abbr title="2010-09-27T08:07:12+00:00">08:07:12</abbr></a>] &lt;<cite>zakri</cite>&gt; <q>arch/arm/configs/omap3_beagle_defconfig</q></li>
<li class="message">[<a href="#T08:08:29" id="T08:08:29"><abbr title="2010-09-27T08:08:29+00:00">08:08:29</abbr></a>] &lt;<cite>_av500_</cite>&gt; <q>zakri: no</q></li>
<li class="message">[<a href="#T08:08:36" id="T08:08:36"><abbr title="2010-09-27T08:08:36+00:00">08:08:36</abbr></a>] &lt;<cite>Russ</cite>&gt; <q>those aren't really kept up to date so well....</q></li>
<li class="message">[<a href="#T08:08:43" id="T08:08:43"><abbr title="2010-09-27T08:08:43+00:00">08:08:43</abbr></a>] &lt;<cite>_av500_</cite>&gt; <q>use the angstrom beagle kernel</q></li>
<li class="message">[<a href="#T08:09:19" id="T08:09:19"><abbr title="2010-09-27T08:09:19+00:00">08:09:19</abbr></a>] &lt;<cite>mru</cite>&gt; <q>can we just delete them already?</q></li>
<li class="message">[<a href="#T08:09:25" id="T08:09:25"><abbr title="2010-09-27T08:09:25+00:00">08:09:25</abbr></a>] &lt;<cite>mru</cite>&gt; <q>linus gave the order</q></li>
<li class="message">[<a href="#T08:09:32" id="T08:09:32"><abbr title="2010-09-27T08:09:32+00:00">08:09:32</abbr></a>] &lt;<cite>zakri</cite>&gt; <q>ok where can i find them</q></li>
<li class="join">[<a href="#T08:15:36" id="T08:15:36"><abbr title="2010-09-27T08:15:36+00:00">08:15:36</abbr></a>] <span>* ghexpert (~ghexpert@87-194-17-20.bethere.co.uk) has joined #beagle</span></li>
<li class="part">[<a href="#T08:16:03" id="T08:16:03"><abbr title="2010-09-27T08:16:03+00:00">08:16:03</abbr></a>] <span>* ghexpert (~ghexpert@87-194-17-20.bethere.co.uk) has left #beagle</span></li>
<li class="join">[<a href="#T08:25:25" id="T08:25:25"><abbr title="2010-09-27T08:25:25+00:00">08:25:25</abbr></a>] <span>* jpirko (~jirka@nat/redhat/x-wtxrqrsnsogxskce) has joined #beagle</span></li>
<li class="message">[<a href="#T08:28:05" id="T08:28:05"><abbr title="2010-09-27T08:28:05+00:00">08:28:05</abbr></a>] &lt;<cite>Russ</cite>&gt; <q>angstrom and oe are good places to look</q></li>
<li class="quit">[<a href="#T08:29:17" id="T08:29:17"><abbr title="2010-09-27T08:29:17+00:00">08:29:17</abbr></a>] <span>* nuchhu (dce319a2@gateway/web/freenode/ip.220.227.25.162) Quit (Ping timeout: 252 seconds)</span></li>
<li class="quit">[<a href="#T08:30:12" id="T08:30:12"><abbr title="2010-09-27T08:30:12+00:00">08:30:12</abbr></a>] <span>* ceyusa (~vjaquez@155.99.117.91.static.mundo-r.com) Quit (Quit: Lost terminal)</span></li>
<li class="quit">[<a href="#T08:31:40" id="T08:31:40"><abbr title="2010-09-27T08:31:40+00:00">08:31:40</abbr></a>] <span>* PaulW_cdot (~paul@142.204.133.124) Quit (Ping timeout: 252 seconds)</span></li>
<li class="join">[<a href="#T08:31:54" id="T08:31:54"><abbr title="2010-09-27T08:31:54+00:00">08:31:54</abbr></a>] <span>* rcranetx (~rcranetx@nat/ti/x-sykejlzkqrsyoyjx) has joined #beagle</span></li>
<li class="join">[<a href="#T08:32:14" id="T08:32:14"><abbr title="2010-09-27T08:32:14+00:00">08:32:14</abbr></a>] <span>* florian_kc (~fuchs@port-217-146-132-69.static.qsc.de) has joined #beagle</span></li>
<li class="quit">[<abbr title="2010-09-27T08:32:14+00:00">08:32:14</abbr>] <span>* florian_kc (~fuchs@port-217-146-132-69.static.qsc.de) Quit (Changing host)</span></li>
<li class="join">[<abbr title="2010-09-27T08:32:14+00:00">08:32:14</abbr>] <span>* florian_kc (~fuchs@Maemo/community/contributor/florian) has joined #beagle</span></li>
<li class="join">[<a href="#T08:32:46" id="T08:32:46"><abbr title="2010-09-27T08:32:46+00:00">08:32:46</abbr></a>] <span>* woglinde (~henning@p5DDC369B.dip.t-dialin.net) has joined #beagle</span></li>
<li class="nick-change">[<a href="#T08:32:58" id="T08:32:58"><abbr title="2010-09-27T08:32:58+00:00">08:32:58</abbr></a>] <span>* florian_kc is now known as florian</span></li>
<li class="quit">[<a href="#T08:33:26" id="T08:33:26"><abbr title="2010-09-27T08:33:26+00:00">08:33:26</abbr></a>] <span>* Russ (foobar@ip70-176-251-1.ph.ph.cox.net) Quit (Ping timeout: 265 seconds)</span></li>
<li class="join">[<a href="#T08:43:23" id="T08:43:23"><abbr title="2010-09-27T08:43:23+00:00">08:43:23</abbr></a>] <span>* nath_ (d4eb406a@gateway/web/freenode/ip.212.235.64.106) has joined #beagle</span></li>
<li class="message">[<a href="#T08:43:32" id="T08:43:32"><abbr title="2010-09-27T08:43:32+00:00">08:43:32</abbr></a>] &lt;<cite>nath_</cite>&gt; <q>HI EVERYBODY...</q></li>
<li class="message">[<a href="#T08:43:57" id="T08:43:57"><abbr title="2010-09-27T08:43:57+00:00">08:43:57</abbr></a>] &lt;<cite>nath_</cite>&gt; <q>IS THERE SOMEONE HERE THAT COULD HELP ME WITH MY NEW EBAGLEBOARD???</q></li>
<li class="message">[<a href="#T08:44:10" id="T08:44:10"><abbr title="2010-09-27T08:44:10+00:00">08:44:10</abbr></a>] &lt;<cite>mru</cite>&gt; <q>not while you're shouting</q></li>
<li class="message">[<a href="#T08:44:11" id="T08:44:11"><abbr title="2010-09-27T08:44:11+00:00">08:44:11</abbr></a>] &lt;<cite>woglinde</cite>&gt; <q>NO</q></li>
<li class="message">[<a href="#T08:44:29" id="T08:44:29"><abbr title="2010-09-27T08:44:29+00:00">08:44:29</abbr></a>] &lt;<cite>woglinde</cite>&gt; <q>BUT WE CAN TELL 100 WAYS TO BREAK IT</q></li>
<li class="message">[<a href="#T08:44:46" id="T08:44:46"><abbr title="2010-09-27T08:44:46+00:00">08:44:46</abbr></a>] &lt;<cite>nath_</cite>&gt; <q>SHOUTING...?or shouting you mean...;)??</q></li>
<li class="message">[<a href="#T08:45:43" id="T08:45:43"><abbr title="2010-09-27T08:45:43+00:00">08:45:43</abbr></a>] &lt;<cite>nath_</cite>&gt; <q>if not you two, someone else?</q></li>
<li class="message">[<a href="#T08:46:05" id="T08:46:05"><abbr title="2010-09-27T08:46:05+00:00">08:46:05</abbr></a>] &lt;<cite>woglinde</cite>&gt; <q>hm its friday again?</q></li>
<li class="message">[<a href="#T08:46:08" id="T08:46:08"><abbr title="2010-09-27T08:46:08+00:00">08:46:08</abbr></a>] &lt;<cite>nath_</cite>&gt; <q>by the way, i don't need anyone to rbeak it...this is pretty esay!!</q></li>
<li class="message">[<a href="#T08:47:31" id="T08:47:31"><abbr title="2010-09-27T08:47:31+00:00">08:47:31</abbr></a>] &lt;<cite>woglinde</cite>&gt; <q>so whats your problem with the beagle?</q></li>
<li class="message">[<a href="#T08:47:49" id="T08:47:49"><abbr title="2010-09-27T08:47:49+00:00">08:47:49</abbr></a>] &lt;<cite>nath_</cite>&gt; <q>ok...</q></li>
<li class="message">[<a href="#T08:48:33" id="T08:48:33"><abbr title="2010-09-27T08:48:33+00:00">08:48:33</abbr></a>] &lt;<cite>nath_</cite>&gt; <q>I have the evaluation BSP, i.e only the .raw to pass with EVMflash, as the instructions say</q></li>
<li class="message">[<a href="#T08:48:40" id="T08:48:40"><abbr title="2010-09-27T08:48:40+00:00">08:48:40</abbr></a>] &lt;<cite>nath_</cite>&gt; <q>this is ok</q></li>
<li class="message">[<a href="#T08:48:58" id="T08:48:58"><abbr title="2010-09-27T08:48:58+00:00">08:48:58</abbr></a>] &lt;<cite>nath_</cite>&gt; <q>then with VS I am trying to deploy the nk.bin</q></li>
<li class="message">[<a href="#T08:49:22" id="T08:49:22"><abbr title="2010-09-27T08:49:22+00:00">08:49:22</abbr></a>] &lt;<cite>nath_</cite>&gt; <q>I configured the ip adress...via the hyperterminal</q></li>
<li class="message">[<a href="#T08:49:30" id="T08:49:30"><abbr title="2010-09-27T08:49:30+00:00">08:49:30</abbr></a>] &lt;<cite>woglinde</cite>&gt; <q>hm so you are the one of 100 people which runs microsoft rather then linux it?</q></li>
<li class="message">[<a href="#T08:49:55" id="T08:49:55"><abbr title="2010-09-27T08:49:55+00:00">08:49:55</abbr></a>] &lt;<cite>woglinde</cite>&gt; <q>+on</q></li>
<li class="message">[<a href="#T08:50:03" id="T08:50:03"><abbr title="2010-09-27T08:50:03+00:00">08:50:03</abbr></a>] &lt;<cite>nath_</cite>&gt; <q>but when I do attach the device, it tells me "(CoreCon) Error: Failed to download image. Please check connection settings."</q></li>
<li class="message">[<a href="#T08:50:05" id="T08:50:05"><abbr title="2010-09-27T08:50:05+00:00">08:50:05</abbr></a>] &lt;<cite>woglinde</cite>&gt; <q>I fear you will not get much help here</q></li>
<li class="message">[<a href="#T08:50:14" id="T08:50:14"><abbr title="2010-09-27T08:50:14+00:00">08:50:14</abbr></a>] &lt;<cite>nath_</cite>&gt; <q>ah really&gt;?</q></li>
<li class="message">[<a href="#T08:50:24" id="T08:50:24"><abbr title="2010-09-27T08:50:24+00:00">08:50:24</abbr></a>] &lt;<cite>nath_</cite>&gt; <q>everyone on linux here?</q></li>
<li class="message">[<a href="#T08:51:28" id="T08:51:28"><abbr title="2010-09-27T08:51:28+00:00">08:51:28</abbr></a>] &lt;<cite>nath_</cite>&gt; <q>it is still interesting that the quick start guide for the beagleboard is intended for windows!</q></li>
<li class="message">[<a href="#T08:52:08" id="T08:52:08"><abbr title="2010-09-27T08:52:08+00:00">08:52:08</abbr></a>] &lt;<cite>woglinde</cite>&gt; <q>hm?</q></li>
<li class="message">[<a href="#T08:52:23" id="T08:52:23"><abbr title="2010-09-27T08:52:23+00:00">08:52:23</abbr></a>] &lt;<cite>nath_</cite>&gt; <q>is anyone here working on beagleboard with microsoft?</q></li>
<li class="join">[<a href="#T08:52:25" id="T08:52:25"><abbr title="2010-09-27T08:52:25+00:00">08:52:25</abbr></a>] <span>* fyp3d (8f59bc02@gateway/web/freenode/ip.143.89.188.2) has joined #beagle</span></li>
<li class="message">[<a href="#T08:52:34" id="T08:52:34"><abbr title="2010-09-27T08:52:34+00:00">08:52:34</abbr></a>] &lt;<cite>nath_</cite>&gt; <q>what "hm" means?</q></li>
<li class="message">[<a href="#T08:52:46" id="T08:52:46"><abbr title="2010-09-27T08:52:46+00:00">08:52:46</abbr></a>] &lt;<cite>ynezz</cite>&gt; <q>no, thanks</q></li>
<li class="message">[<a href="#T08:53:02" id="T08:53:02"><abbr title="2010-09-27T08:53:02+00:00">08:53:02</abbr></a>] &lt;<cite>woglinde</cite>&gt; <q>nath just for intrest what ce version the BSP is for?</q></li>
<li class="message">[<a href="#T08:53:11" id="T08:53:11"><abbr title="2010-09-27T08:53:11+00:00">08:53:11</abbr></a>] &lt;<cite>woglinde</cite>&gt; <q>gm ynezz</q></li>
<li class="message">[<a href="#T08:53:15" id="T08:53:15"><abbr title="2010-09-27T08:53:15+00:00">08:53:15</abbr></a>] &lt;<cite>nath_</cite>&gt; <q>ce 6.0</q></li>
<li class="message">[<a href="#T08:53:17" id="T08:53:17"><abbr title="2010-09-27T08:53:17+00:00">08:53:17</abbr></a>] &lt;<cite>ynezz</cite>&gt; <q>morning woglinde </q></li>
<li class="message">[<a href="#T08:53:39" id="T08:53:39"><abbr title="2010-09-27T08:53:39+00:00">08:53:39</abbr></a>] &lt;<cite>woglinde</cite>&gt; <q>uh thats old</q></li>
<li class="message">[<a href="#T08:53:50" id="T08:53:50"><abbr title="2010-09-27T08:53:50+00:00">08:53:50</abbr></a>] &lt;<cite>fyp3d</cite>&gt; <q>dd</q></li>
<li class="message">[<a href="#T08:53:56" id="T08:53:56"><abbr title="2010-09-27T08:53:56+00:00">08:53:56</abbr></a>] &lt;<cite>nath_</cite>&gt; <q>maybe but it doesnt change anything</q></li>
<li class="message">[<a href="#T08:54:00" id="T08:54:00"><abbr title="2010-09-27T08:54:00+00:00">08:54:00</abbr></a>] &lt;<cite>fyp3d</cite>&gt; <q>hey</q></li>
<li class="message">[<a href="#T08:54:07" id="T08:54:07"><abbr title="2010-09-27T08:54:07+00:00">08:54:07</abbr></a>] &lt;<cite>woglinde</cite>&gt; <q>dd if=/dev/zero of=/dev/sda1</q></li>
<li class="message">[<a href="#T08:54:12" id="T08:54:12"><abbr title="2010-09-27T08:54:12+00:00">08:54:12</abbr></a>] &lt;<cite>woglinde</cite>&gt; <q>dont type this</q></li>
<li class="message">[<a href="#T08:54:53" id="T08:54:53"><abbr title="2010-09-27T08:54:53+00:00">08:54:53</abbr></a>] &lt;<cite>nath_</cite>&gt; <q>and that's obvioulsy not my problem. The thing is that I have already managed to deploy the image once, and then I wanted to try with an other bootloader, since then, impossible to deploy</q></li>
<li class="message">[<a href="#T08:55:05" id="T08:55:05"><abbr title="2010-09-27T08:55:05+00:00">08:55:05</abbr></a>] &lt;<cite>fyp3d</cite>&gt; <q>sorry about this</q></li>
<li class="message">[<a href="#T08:55:46" id="T08:55:46"><abbr title="2010-09-27T08:55:46+00:00">08:55:46</abbr></a>] &lt;<cite>woglinde</cite>&gt; <q>nath hm sorry dont know which bootloader is used for ce</q></li>
<li class="message">[<a href="#T08:55:56" id="T08:55:56"><abbr title="2010-09-27T08:55:56+00:00">08:55:56</abbr></a>] &lt;<cite>woglinde</cite>&gt; <q>linux uses x-loader and u-boot</q></li>
<li class="message">[<a href="#T08:56:34" id="T08:56:34"><abbr title="2010-09-27T08:56:34+00:00">08:56:34</abbr></a>] &lt;<cite>fyp3d</cite>&gt; <q>actually i would like to ask whether I can lower the resolution of beagle board to achieve a faster (120Hz) refreshing rate?</q></li>
<li class="message">[<a href="#T08:56:39" id="T08:56:39"><abbr title="2010-09-27T08:56:39+00:00">08:56:39</abbr></a>] &lt;<cite>fyp3d</cite>&gt; <q>thz a lot =]</q></li>
<li class="message">[<a href="#T08:56:43" id="T08:56:43"><abbr title="2010-09-27T08:56:43+00:00">08:56:43</abbr></a>] &lt;<cite>nath_</cite>&gt; <q>of...the principles are the same...</q></li>
<li class="message">[<a href="#T08:57:08" id="T08:57:08"><abbr title="2010-09-27T08:57:08+00:00">08:57:08</abbr></a>] &lt;<cite>nath_</cite>&gt; <q>at MS, it is called flashnand, and ebootnand</q></li>
<li class="message">[<a href="#T08:57:48" id="T08:57:48"><abbr title="2010-09-27T08:57:48+00:00">08:57:48</abbr></a>] &lt;<cite>ynezz</cite>&gt; <q>I wonder, how could anyone invest their time to that half-binary blob called Windows CE</q></li>
<li class="message">[<a href="#T08:57:49" id="T08:57:49"><abbr title="2010-09-27T08:57:49+00:00">08:57:49</abbr></a>] &lt;<cite>woglinde</cite>&gt; <q>fyp3d you have a flatscreen which can do 120Hz?</q></li>
<li class="message">[<a href="#T08:58:20" id="T08:58:20"><abbr title="2010-09-27T08:58:20+00:00">08:58:20</abbr></a>] &lt;<cite>woglinde</cite>&gt; <q>ynezz he the roylaties per device isnt that much</q></li>
<li class="message">[<a href="#T08:58:26" id="T08:58:26"><abbr title="2010-09-27T08:58:26+00:00">08:58:26</abbr></a>] &lt;<cite>fyp3d</cite>&gt; <q>may be we will buy a HDTV</q></li>
<li class="message">[<a href="#T08:58:36" id="T08:58:36"><abbr title="2010-09-27T08:58:36+00:00">08:58:36</abbr></a>] &lt;<cite>woglinde</cite>&gt; <q>ms even calculates this for you</q></li>
<li class="quit">[<a href="#T08:58:37" id="T08:58:37"><abbr title="2010-09-27T08:58:37+00:00">08:58:37</abbr></a>] <span>* nath_ (d4eb406a@gateway/web/freenode/ip.212.235.64.106) Quit (Quit: Page closed)</span></li>
<li class="message">[<a href="#T08:58:43" id="T08:58:43"><abbr title="2010-09-27T08:58:43+00:00">08:58:43</abbr></a>] &lt;<cite>ynezz</cite>&gt; <q>I'm not talking about money, here</q></li>
<li class="message">[<a href="#T08:58:47" id="T08:58:47"><abbr title="2010-09-27T08:58:47+00:00">08:58:47</abbr></a>] &lt;<cite>woglinde</cite>&gt; <q>*g*</q></li>
<li class="message">[<a href="#T08:58:57" id="T08:58:57"><abbr title="2010-09-27T08:58:57+00:00">08:58:57</abbr></a>] &lt;<cite>buZz</cite>&gt; <q>woglinde: they calculate how much you have to pay them? lol</q></li>
<li class="message">[<a href="#T08:59:14" id="T08:59:14"><abbr title="2010-09-27T08:59:14+00:00">08:59:14</abbr></a>] &lt;<cite>buZz</cite>&gt; <q>if only all the compagnies who want money from me did that ;)</q></li>
<li class="message">[<a href="#T08:59:28" id="T08:59:28"><abbr title="2010-09-27T08:59:28+00:00">08:59:28</abbr></a>] &lt;<cite>ynezz</cite>&gt; <q>the problem is, that you don't have sources for every bit in that system</q></li>
<li class="message">[<a href="#T08:59:36" id="T08:59:36"><abbr title="2010-09-27T08:59:36+00:00">08:59:36</abbr></a>] &lt;<cite>woglinde</cite>&gt; <q>buzz depends what you want on your ce image</q></li>
<li class="message">[<a href="#T08:59:37" id="T08:59:37"><abbr title="2010-09-27T08:59:37+00:00">08:59:37</abbr></a>] &lt;<cite>buZz</cite>&gt; <q>'we want your money' 'how much?' 'i dont know! you calculate it!!1'</q></li>
<li class="message">[<a href="#T08:59:55" id="T08:59:55"><abbr title="2010-09-27T08:59:55+00:00">08:59:55</abbr></a>] &lt;<cite>woglinde</cite>&gt; <q>buzz without vpn-stuff its cheaper</q></li>
<li class="quit">[<a href="#T08:59:57" id="T08:59:57"><abbr title="2010-09-27T08:59:57+00:00">08:59:57</abbr></a>] <span>* drakkan1000 (~drakkan@62.123.237.207) Quit (Remote host closed the connection)</span></li>
<li class="message">[<a href="#T09:00:04" id="T09:00:04"><abbr title="2010-09-27T09:00:04+00:00">09:00:04</abbr></a>] &lt;<cite>buZz</cite>&gt; <q>woglinde: yeah i know m$ is into licenses for each little bit of software you copy from them</q></li>
<li class="message">[<a href="#T09:00:27" id="T09:00:27"><abbr title="2010-09-27T09:00:27+00:00">09:00:27</abbr></a>] &lt;<cite>ynezz</cite>&gt; <q>some of the bits are supplied with the source code, but it's usually just for the GUI frontends which is useless and priceless</q></li>
