<li class="join">[<a href="#T00:00:06" id="T00:00:06"><abbr title="2010-02-24T00:00:06+00:00">00:00:06</abbr></a>] <span>* rcranetx (~rcranetx@nat/ti/x-dlwwougchyyucrtr) has joined #beagle</span></li>
<li class="join">[<a href="#T00:06:53" id="T00:06:53"><abbr title="2010-02-24T00:06:53+00:00">00:06:53</abbr></a>] <span>* ppotera_ (~ppotera@c-69-243-130-95.hsd1.il.comcast.net) has joined #beagle</span></li>
<li class="join">[<a href="#T00:07:59" id="T00:07:59"><abbr title="2010-02-24T00:07:59+00:00">00:07:59</abbr></a>] <span>* DanaG (~dana@66-169-236-186.static.snlo.ca.charter.com) has joined #beagle</span></li>
<li class="quit">[<a href="#T00:08:35" id="T00:08:35"><abbr title="2010-02-24T00:08:35+00:00">00:08:35</abbr></a>] <span>* BThompson (~a0193480@nat/ti/x-peyskltkajyigomv) Quit (Read error: Connection reset by peer)</span></li>
<li class="quit">[<a href="#T00:09:07" id="T00:09:07"><abbr title="2010-02-24T00:09:07+00:00">00:09:07</abbr></a>] <span>* ppotera_ (~ppotera@c-69-243-130-95.hsd1.il.comcast.net) Quit (Client Quit)</span></li>
<li class="quit">[<a href="#T00:12:36" id="T00:12:36"><abbr title="2010-02-24T00:12:36+00:00">00:12:36</abbr></a>] <span>* florian (~fuchs@Maemo/community/contributor/florian) Quit (Quit: Verlassend)</span></li>
<li class="join">[<a href="#T00:17:58" id="T00:17:58"><abbr title="2010-02-24T00:17:58+00:00">00:17:58</abbr></a>] <span>* killring (~killring@adsl-76-234-150-254.dsl.sfldmi.sbcglobal.net) has joined #beagle</span></li>
<li class="quit">[<a href="#T00:18:03" id="T00:18:03"><abbr title="2010-02-24T00:18:03+00:00">00:18:03</abbr></a>] <span>* ant__ (~andrea@host219-248-dynamic.5-87-r.retail.telecomitalia.it) Quit (Quit: Leaving)</span></li>
<li class="quit">[<a href="#T00:18:35" id="T00:18:35"><abbr title="2010-02-24T00:18:35+00:00">00:18:35</abbr></a>] <span>* djlewis_ (~djlewis@adsl-65-64-30-13.dsl.ltrkar.swbell.net) Quit (Quit: Leaving.)</span></li>
<li class="quit">[<a href="#T00:34:33" id="T00:34:33"><abbr title="2010-02-24T00:34:33+00:00">00:34:33</abbr></a>] <span>* alecrim (~alecrim@189.2.128.130) Quit (Remote host closed the connection)</span></li>
<li class="join">[<a href="#T00:36:59" id="T00:36:59"><abbr title="2010-02-24T00:36:59+00:00">00:36:59</abbr></a>] <span>* BThompsonGR (~bernie@cpe-76-184-159-129.tx.res.rr.com) has joined #beagle</span></li>
<li class="quit">[<a href="#T00:38:12" id="T00:38:12"><abbr title="2010-02-24T00:38:12+00:00">00:38:12</abbr></a>] <span>* tlab (~tlab@c-69-243-187-136.hsd1.in.comcast.net) Quit (Ping timeout: 256 seconds)</span></li>
<li class="quit">[<a href="#T00:45:41" id="T00:45:41"><abbr title="2010-02-24T00:45:41+00:00">00:45:41</abbr></a>] <span>* robtow (~rob@dsl092-218-034.sfo2.dsl.speakeasy.net) Quit (Ping timeout: 260 seconds)</span></li>
<li class="join">[<a href="#T00:48:50" id="T00:48:50"><abbr title="2010-02-24T00:48:50+00:00">00:48:50</abbr></a>] <span>* tlab (~tlab@c-69-243-187-136.hsd1.in.comcast.net) has joined #beagle</span></li>
<li class="quit">[<a href="#T00:56:32" id="T00:56:32"><abbr title="2010-02-24T00:56:32+00:00">00:56:32</abbr></a>] <span>* tlab (~tlab@c-69-243-187-136.hsd1.in.comcast.net) Quit (Quit: Leaving)</span></li>
<li class="join">[<a href="#T00:58:03" id="T00:58:03"><abbr title="2010-02-24T00:58:03+00:00">00:58:03</abbr></a>] <span>* tdh2002 (~tt@59.42.59.212) has joined #beagle</span></li>
<li class="message">[<a href="#T00:58:22" id="T00:58:22"><abbr title="2010-02-24T00:58:22+00:00">00:58:22</abbr></a>] &lt;<cite>tdh2002</cite>&gt; <q>hi everyone</q></li>
<li class="quit">[<a href="#T01:03:13" id="T01:03:13"><abbr title="2010-02-24T01:03:13+00:00">01:03:13</abbr></a>] <span>* robclark_ (~robclark@nat/ti/x-hygkmmqmgmcwkfra) Quit (Quit: robclark_)</span></li>
<li class="quit">[<a href="#T01:04:56" id="T01:04:56"><abbr title="2010-02-24T01:04:56+00:00">01:04:56</abbr></a>] <span>* ddompe (~ddompe@200.122.155.113) Quit (Quit: ddompe is leaving)</span></li>
<li class="nick-change">[<a href="#T01:12:45" id="T01:12:45"><abbr title="2010-02-24T01:12:45+00:00">01:12:45</abbr></a>] <span>* FOM is now known as FOM_afk</span></li>
<li class="quit">[<a href="#T01:18:50" id="T01:18:50"><abbr title="2010-02-24T01:18:50+00:00">01:18:50</abbr></a>] <span>* guntshi (~c05e5e6a@gateway/web/freenode/x-plujtufktrrzwflx) Quit (Quit: Page closed)</span></li>
<li class="join">[<a href="#T01:19:28" id="T01:19:28"><abbr title="2010-02-24T01:19:28+00:00">01:19:28</abbr></a>] <span>* guntshi (~c05b4b1d@gateway/web/freenode/x-dsvnnrawinphovtr) has joined #beagle</span></li>
<li class="quit">[<a href="#T01:21:49" id="T01:21:49"><abbr title="2010-02-24T01:21:49+00:00">01:21:49</abbr></a>] <span>* guntshi (~c05b4b1d@gateway/web/freenode/x-dsvnnrawinphovtr) Quit (Client Quit)</span></li>
<li class="join">[<a href="#T01:36:24" id="T01:36:24"><abbr title="2010-02-24T01:36:24+00:00">01:36:24</abbr></a>] <span>* jrmuizel (~jrmuizel@nat/mozilla/x-uadhqteuoaqwukfo) has joined #beagle</span></li>
<li class="quit">[<a href="#T01:39:18" id="T01:39:18"><abbr title="2010-02-24T01:39:18+00:00">01:39:18</abbr></a>] <span>* mrc3 (~ddiaz@122.181.11.126) Quit (Ping timeout: 252 seconds)</span></li>
<li class="quit">[<a href="#T01:40:04" id="T01:40:04"><abbr title="2010-02-24T01:40:04+00:00">01:40:04</abbr></a>] <span>* LearnIt (~404f7f0a@gateway/web/freenode/x-lzpoibvepmxrzcsc) Quit (Ping timeout: 252 seconds)</span></li>
<li class="join">[<a href="#T01:40:53" id="T01:40:53"><abbr title="2010-02-24T01:40:53+00:00">01:40:53</abbr></a>] <span>* RoHS (~cruxphoto@c-67-161-139-147.hsd1.co.comcast.net) has joined #beagle</span></li>
<li class="part">[<a href="#T01:41:29" id="T01:41:29"><abbr title="2010-02-24T01:41:29+00:00">01:41:29</abbr></a>] <span>* RoHS (~cruxphoto@c-67-161-139-147.hsd1.co.comcast.net) has left #beagle</span></li>
<li class="message">[<a href="#T01:43:31" id="T01:43:31"><abbr title="2010-02-24T01:43:31+00:00">01:43:31</abbr></a>] &lt;<cite>tdh2002</cite>&gt; <q>:-D</q></li>
<li class="join">[<a href="#T01:43:38" id="T01:43:38"><abbr title="2010-02-24T01:43:38+00:00">01:43:38</abbr></a>] <span>* ppotera_ (~ppotera@c-69-243-130-95.hsd1.il.comcast.net) has joined #beagle</span></li>
<li class="message">[<a href="#T01:43:47" id="T01:43:47"><abbr title="2010-02-24T01:43:47+00:00">01:43:47</abbr></a>] &lt;<cite>tdh2002</cite>&gt; <q>someone here?</q></li>
<li class="quit">[<a href="#T01:50:48" id="T01:50:48"><abbr title="2010-02-24T01:50:48+00:00">01:50:48</abbr></a>] <span>* Zoxc (~zoxc@ti0128a340-dhcp0330.bb.online.no) Quit ()</span></li>
<li class="join">[<a href="#T01:52:38" id="T01:52:38"><abbr title="2010-02-24T01:52:38+00:00">01:52:38</abbr></a>] <span>* Openfree` (~Openfreer@116.228.88.98) has joined #beagle</span></li>
<li class="join">[<a href="#T01:54:47" id="T01:54:47"><abbr title="2010-02-24T01:54:47+00:00">01:54:47</abbr></a>] <span>* djlewis (~djlewis@75.15.67.3) has joined #beagle</span></li>
<li class="join">[<a href="#T01:54:54" id="T01:54:54"><abbr title="2010-02-24T01:54:54+00:00">01:54:54</abbr></a>] <span>* djlewis1 (~djlewis@75.15.67.3) has joined #beagle</span></li>
<li class="part">[<a href="#T01:55:17" id="T01:55:17"><abbr title="2010-02-24T01:55:17+00:00">01:55:17</abbr></a>] <span>* djlewis (~djlewis@75.15.67.3) has left #beagle</span></li>
<li class="quit">[<a href="#T01:55:44" id="T01:55:44"><abbr title="2010-02-24T01:55:44+00:00">01:55:44</abbr></a>] <span>* djlewis1 (~djlewis@75.15.67.3) Quit (Client Quit)</span></li>
<li class="join">[<a href="#T01:56:36" id="T01:56:36"><abbr title="2010-02-24T01:56:36+00:00">01:56:36</abbr></a>] <span>* djlewis (~djlewis@75.15.67.3) has joined #beagle</span></li>
<li class="message">[<a href="#T01:56:49" id="T01:56:49"><abbr title="2010-02-24T01:56:49+00:00">01:56:49</abbr></a>] &lt;<cite>djlewis</cite>&gt; <q>yo guys</q></li>
<li class="join">[<a href="#T01:59:09" id="T01:59:09"><abbr title="2010-02-24T01:59:09+00:00">01:59:09</abbr></a>] <span>* tlab (~tlab@c-69-243-187-136.hsd1.in.comcast.net) has joined #beagle</span></li>
<li class="quit">[<a href="#T02:03:48" id="T02:03:48"><abbr title="2010-02-24T02:03:48+00:00">02:03:48</abbr></a>] <span>* jrmuizel (~jrmuizel@nat/mozilla/x-uadhqteuoaqwukfo) Quit (Quit: jrmuizel)</span></li>
<li class="join">[<a href="#T02:06:22" id="T02:06:22"><abbr title="2010-02-24T02:06:22+00:00">02:06:22</abbr></a>] <span>* jrmuizel (~jrmuizel@nat/mozilla/x-ixvqrhdzjlleqzxp) has joined #beagle</span></li>
<li class="quit">[<a href="#T02:06:55" id="T02:06:55"><abbr title="2010-02-24T02:06:55+00:00">02:06:55</abbr></a>] <span>* jrmuizel (~jrmuizel@nat/mozilla/x-ixvqrhdzjlleqzxp) Quit (Client Quit)</span></li>
<li class="join">[<a href="#T02:07:36" id="T02:07:36"><abbr title="2010-02-24T02:07:36+00:00">02:07:36</abbr></a>] <span>* lifeeth (~praneeth@unaffiliated/lifeeth) has joined #beagle</span></li>
<li class="message">[<a href="#T02:11:09" id="T02:11:09"><abbr title="2010-02-24T02:11:09+00:00">02:11:09</abbr></a>] &lt;<cite>tdh2002</cite>&gt; <q>faint</q></li>
<li class="join">[<a href="#T02:32:03" id="T02:32:03"><abbr title="2010-02-24T02:32:03+00:00">02:32:03</abbr></a>] <span>* raster (~raster@enlightenment/developer/raster) has joined #beagle</span></li>
<li class="message">[<a href="#T02:33:01" id="T02:33:01"><abbr title="2010-02-24T02:33:01+00:00">02:33:01</abbr></a>] &lt;<cite>kerute</cite>&gt; <q>sorry im back</q></li>
<li class="message">[<a href="#T02:33:14" id="T02:33:14"><abbr title="2010-02-24T02:33:14+00:00">02:33:14</abbr></a>] &lt;<cite>kerute</cite>&gt; <q>i seen the beagle board has lcd headers</q></li>
<li class="message">[<a href="#T02:33:41" id="T02:33:41"><abbr title="2010-02-24T02:33:41+00:00">02:33:41</abbr></a>] &lt;<cite>kerute</cite>&gt; <q>is there a reference somewhere  of how to use it to put an lcd ?</q></li>
<li class="message">[<a href="#T02:41:50" id="T02:41:50"><abbr title="2010-02-24T02:41:50+00:00">02:41:50</abbr></a>] &lt;<cite>ds2</cite>&gt; <q>yes</q></li>
<li class="message">[<a href="#T02:42:03" id="T02:42:03"><abbr title="2010-02-24T02:42:03+00:00">02:42:03</abbr></a>] &lt;<cite>bgamari</cite>&gt; <q>Should the RevC board function as a gadget?</q></li>
<li class="message">[<a href="#T02:42:09" id="T02:42:09"><abbr title="2010-02-24T02:42:09+00:00">02:42:09</abbr></a>] &lt;<cite>ds2</cite>&gt; <q>it is called the BBSRM, you might be surprised by the goldmine of information found there</q></li>
<li class="message">[<a href="#T02:42:31" id="T02:42:31"><abbr title="2010-02-24T02:42:31+00:00">02:42:31</abbr></a>] &lt;<cite>bgamari</cite>&gt; <q>The UDC seems to fail on probe</q></li>
<li class="join">[<a href="#T02:42:40" id="T02:42:40"><abbr title="2010-02-24T02:42:40+00:00">02:42:40</abbr></a>] <span>* mrc3 (~ddiaz@122.181.11.126) has joined #beagle</span></li>
<li class="message">[<a href="#T02:42:55" id="T02:42:55"><abbr title="2010-02-24T02:42:55+00:00">02:42:55</abbr></a>] &lt;<cite>ds2</cite>&gt; <q>all the BB boards should function as a gadget</q></li>
<li class="message">[<a href="#T02:43:46" id="T02:43:46"><abbr title="2010-02-24T02:43:46+00:00">02:43:46</abbr></a>] &lt;<cite>bgamari</cite>&gt; <q>Any nifty new kernel bits necessary?</q></li>
<li class="message">[<a href="#T02:43:58" id="T02:43:58"><abbr title="2010-02-24T02:43:58+00:00">02:43:58</abbr></a>] &lt;<cite>bgamari</cite>&gt; <q>Perhaps the USB transciever isn't supported in 2.6.32?</q></li>
<li class="message">[<a href="#T02:44:38" id="T02:44:38"><abbr title="2010-02-24T02:44:38+00:00">02:44:38</abbr></a>] &lt;<cite>ds2</cite>&gt; <q>*shrug* debug the driver </q></li>
<li class="message">[<a href="#T02:44:48" id="T02:44:48"><abbr title="2010-02-24T02:44:48+00:00">02:44:48</abbr></a>] &lt;<cite>kerute</cite>&gt; <q>sorry srm ?</q></li>
<li class="message">[<a href="#T02:45:15" id="T02:45:15"><abbr title="2010-02-24T02:45:15+00:00">02:45:15</abbr></a>] &lt;<cite>bgamari</cite>&gt; <q>ds2: Yeah, I'm in the middle of that process right now</q></li>
<li class="message">[<a href="#T02:45:23" id="T02:45:23"><abbr title="2010-02-24T02:45:23+00:00">02:45:23</abbr></a>] &lt;<cite>bgamari</cite>&gt; <q>Is there any reason why the kernel would not output printk(KERN_DEBUG)s?</q></li>
<li class="message">[<a href="#T02:45:35" id="T02:45:35"><abbr title="2010-02-24T02:45:35+00:00">02:45:35</abbr></a>] &lt;<cite>bgamari</cite>&gt; <q>It should always at least go to dmesg, right?</q></li>
<li class="message">[<a href="#T02:46:08" id="T02:46:08"><abbr title="2010-02-24T02:46:08+00:00">02:46:08</abbr></a>] &lt;<cite>ds2</cite>&gt; <q>yes</q></li>
<li class="message">[<a href="#T02:46:15" id="T02:46:15"><abbr title="2010-02-24T02:46:15+00:00">02:46:15</abbr></a>] &lt;<cite>ds2</cite>&gt; <q>check your out level settings</q></li>
<li class="message">[<a href="#T02:46:18" id="T02:46:18"><abbr title="2010-02-24T02:46:18+00:00">02:46:18</abbr></a>] &lt;<cite>ds2</cite>&gt; <q>it is a sysctl</q></li>
<li class="message">[<a href="#T02:47:05" id="T02:47:05"><abbr title="2010-02-24T02:47:05+00:00">02:47:05</abbr></a>] &lt;<cite>kerute</cite>&gt; <q>sorry i was reading the srm just didnt notice the name</q></li>
<li class="message">[<a href="#T02:47:20" id="T02:47:20"><abbr title="2010-02-24T02:47:20+00:00">02:47:20</abbr></a>] &lt;<cite>kerute</cite>&gt; <q>thanks a lot for your answers</q></li>
<li class="message">[<a href="#T02:47:57" id="T02:47:57"><abbr title="2010-02-24T02:47:57+00:00">02:47:57</abbr></a>] &lt;<cite>GrizzlyAdams</cite>&gt; <q>rofl</q></li>
<li class="message">[<a href="#T02:48:05" id="T02:48:05"><abbr title="2010-02-24T02:48:05+00:00">02:48:05</abbr></a>] &lt;<cite>GrizzlyAdams</cite>&gt; <q>"OMAP is a wireless technology from Texas Instruments"</q></li>
<li class="message">[<a href="#T02:48:31" id="T02:48:31"><abbr title="2010-02-24T02:48:31+00:00">02:48:31</abbr></a>] &lt;<cite>GrizzlyAdams</cite>&gt; <q>someone needs to tell howstuffworks that OMAP is not a wireless video transmission standard</q></li>
<li class="message">[<a href="#T02:48:41" id="T02:48:41"><abbr title="2010-02-24T02:48:41+00:00">02:48:41</abbr></a>] &lt;<cite>GrizzlyAdams</cite>&gt; <q><a href="http://electronics.howstuffworks.com/dlp4.htm">http://electronics.howstuffworks.com/dlp4.htm</a> &lt;- scroll down half way</q></li>
<li class="message">[<a href="#T02:49:45" id="T02:49:45"><abbr title="2010-02-24T02:49:45+00:00">02:49:45</abbr></a>] &lt;<cite>bgamari</cite>&gt; <q>ds2: However, everything should make it to dmesg, correct?</q></li>
<li class="message">[<a href="#T02:49:49" id="T02:49:49"><abbr title="2010-02-24T02:49:49+00:00">02:49:49</abbr></a>] &lt;<cite>ds2</cite>&gt; <q>GrizzlyAdams: put resonate wires on the LCD headers then come back and say that again ;)</q></li>
<li class="message">[<a href="#T02:49:53" id="T02:49:53"><abbr title="2010-02-24T02:49:53+00:00">02:49:53</abbr></a>] &lt;<cite>ds2</cite>&gt; <q>bgamari: yep</q></li>
<li class="message">[<a href="#T02:49:58" id="T02:49:58"><abbr title="2010-02-24T02:49:58+00:00">02:49:58</abbr></a>] &lt;<cite>GrizzlyAdams</cite>&gt; <q>heh</q></li>
<li class="message">[<a href="#T02:50:25" id="T02:50:25"><abbr title="2010-02-24T02:50:25+00:00">02:50:25</abbr></a>] &lt;<cite>tdh2002</cite>&gt; <q>the lastest version is v2.6.33-rc8</q></li>
<li class="message">[<a href="#T02:50:42" id="T02:50:42"><abbr title="2010-02-24T02:50:42+00:00">02:50:42</abbr></a>] &lt;<cite>bgamari</cite>&gt; <q>arg</q></li>
<li class="message">[<a href="#T02:51:03" id="T02:51:03"><abbr title="2010-02-24T02:51:03+00:00">02:51:03</abbr></a>] &lt;<cite>ds2</cite>&gt; <q>arg? </q></li>
<li class="message">[<a href="#T02:51:07" id="T02:51:07"><abbr title="2010-02-24T02:51:07+00:00">02:51:07</abbr></a>] &lt;<cite>ds2</cite>&gt; <q>something obvious or?</q></li>
<li class="message">[<a href="#T02:51:15" id="T02:51:15"><abbr title="2010-02-24T02:51:15+00:00">02:51:15</abbr></a>] &lt;<cite>bgamari</cite>&gt; <q>Somehow it's not even making it to omap_udc_probe</q></li>
<li class="message">[<a href="#T02:51:32" id="T02:51:32"><abbr title="2010-02-24T02:51:32+00:00">02:51:32</abbr></a>] &lt;<cite>ds2</cite>&gt; <q>is this modules or monolithic kernel?</q></li>
<li class="message">[<a href="#T02:51:41" id="T02:51:41"><abbr title="2010-02-24T02:51:41+00:00">02:51:41</abbr></a>] &lt;<cite>bgamari</cite>&gt; <q>module</q></li>
<li class="message">[<a href="#T02:51:45" id="T02:51:45"><abbr title="2010-02-24T02:51:45+00:00">02:51:45</abbr></a>] &lt;<cite>bgamari</cite>&gt; <q>modprobe fails with NODEV</q></li>
<li class="message">[<a href="#T02:51:58" id="T02:51:58"><abbr title="2010-02-24T02:51:58+00:00">02:51:58</abbr></a>] &lt;<cite>bgamari</cite>&gt; <q>and I get the message from udc_init()</q></li>
<li class="message">[<a href="#T02:52:19" id="T02:52:19"><abbr title="2010-02-24T02:52:19+00:00">02:52:19</abbr></a>] &lt;<cite>bgamari</cite>&gt; <q>which is then calls platform_driver_probe()</q></li>
<li class="message">[<a href="#T02:52:29" id="T02:52:29"><abbr title="2010-02-24T02:52:29+00:00">02:52:29</abbr></a>] &lt;<cite>bgamari</cite>&gt; <q>which will presumably will call omap_udc_probe</q></li>
<li class="message">[<a href="#T02:52:37" id="T02:52:37"><abbr title="2010-02-24T02:52:37+00:00">02:52:37</abbr></a>] &lt;<cite>bgamari</cite>&gt; <q>however, I never seem to get there</q></li>
<li class="message">[<a href="#T02:53:50" id="T02:53:50"><abbr title="2010-02-24T02:53:50+00:00">02:53:50</abbr></a>] &lt;<cite>ds2</cite>&gt; <q>are you sure your .config is correct?</q></li>
<li class="message">[<a href="#T02:53:59" id="T02:53:59"><abbr title="2010-02-24T02:53:59+00:00">02:53:59</abbr></a>] &lt;<cite>ds2</cite>&gt; <q>actually</q></li>
<li class="message">[<a href="#T02:54:55" id="T02:54:55"><abbr title="2010-02-24T02:54:55+00:00">02:54:55</abbr></a>] &lt;<cite>bgamari</cite>&gt; <q>heh, define "correct"</q></li>
<li class="message">[<a href="#T02:55:07" id="T02:55:07"><abbr title="2010-02-24T02:55:07+00:00">02:55:07</abbr></a>] &lt;<cite>ds2</cite>&gt; <q>if  you are using a BB board, it will NEVER call omap_udc_probe unless you manage to change to silicon ;)</q></li>
<li class="message">[<a href="#T02:55:17" id="T02:55:17"><abbr title="2010-02-24T02:55:17+00:00">02:55:17</abbr></a>] &lt;<cite>ds2</cite>&gt; <q>i.e. omap_udc is the wrong driver!</q></li>
<li class="message">[<a href="#T02:55:23" id="T02:55:23"><abbr title="2010-02-24T02:55:23+00:00">02:55:23</abbr></a>] &lt;<cite>bgamari</cite>&gt; <q>ahhh</q></li>
<li class="message">[<a href="#T02:55:29" id="T02:55:29"><abbr title="2010-02-24T02:55:29+00:00">02:55:29</abbr></a>] &lt;<cite>bgamari</cite>&gt; <q>well, I suppose that might explain it</q></li>
<li class="message">[<a href="#T02:55:33" id="T02:55:33"><abbr title="2010-02-24T02:55:33+00:00">02:55:33</abbr></a>] &lt;<cite>bgamari</cite>&gt; <q>which UDC should I be using?</q></li>
<li class="message">[<a href="#T02:55:37" id="T02:55:37"><abbr title="2010-02-24T02:55:37+00:00">02:55:37</abbr></a>] &lt;<cite>ds2</cite>&gt; <q>the gadget stuff is the evil twin of the MUSB driver</q></li>
<li class="message">[<a href="#T02:55:42" id="T02:55:42"><abbr title="2010-02-24T02:55:42+00:00">02:55:42</abbr></a>] &lt;<cite>ds2</cite>&gt; <q>look in drivers/usb/musb</q></li>
<li class="message">[<a href="#T02:55:59" id="T02:55:59"><abbr title="2010-02-24T02:55:59+00:00">02:55:59</abbr></a>] &lt;<cite>ds2</cite>&gt; <q>I think the stuff is in musb_gadget.c... you'll have to find the name as I am going by memory</q></li>
