<li class="quit">[<a href="#T00:09:03" id="T00:09:03"><abbr title="2010-09-30T00:09:03+00:00">00:09:03</abbr></a>] <span>* freddy (~freddy@kenny.kriewitz.eu) Quit (Remote host closed the connection)</span></li>
<li class="quit">[<a href="#T00:10:56" id="T00:10:56"><abbr title="2010-09-30T00:10:56+00:00">00:10:56</abbr></a>] <span>* topfs2 (~topfs2@xbmc/staff/topfs2) Quit (Ping timeout: 276 seconds)</span></li>
<li class="join">[<a href="#T00:31:39" id="T00:31:39"><abbr title="2010-09-30T00:31:39+00:00">00:31:39</abbr></a>] <span>* topfs2 (~topfs2@xbmc/staff/topfs2) has joined #beagle</span></li>
<li class="join">[<a href="#T00:40:00" id="T00:40:00"><abbr title="2010-09-30T00:40:00+00:00">00:40:00</abbr></a>] <span>* raster (raster@enlightenment/developer/raster) has joined #beagle</span></li>
<li class="quit">[<a href="#T00:40:45" id="T00:40:45"><abbr title="2010-09-30T00:40:45+00:00">00:40:45</abbr></a>] <span>* rcranetx (~rcranetx@nat/ti/x-qvrvhzvjpkbaooam) Quit (Quit: Leaving.)</span></li>
<li class="quit">[<a href="#T00:55:26" id="T00:55:26"><abbr title="2010-09-30T00:55:26+00:00">00:55:26</abbr></a>] <span>* jrmuizel (~jrmuizel@CPE001f5be79d0f-CM0017ee62f8b0.cpe.net.cable.rogers.com) Quit (Quit: jrmuizel)</span></li>
<li class="quit">[<a href="#T00:57:37" id="T00:57:37"><abbr title="2010-09-30T00:57:37+00:00">00:57:37</abbr></a>] <span>* topfs2 (~topfs2@xbmc/staff/topfs2) Quit (Remote host closed the connection)</span></li>
<li class="join">[<a href="#T00:58:50" id="T00:58:50"><abbr title="2010-09-30T00:58:50+00:00">00:58:50</abbr></a>] <span>* robtow (~a0272704@nat/ti/x-gbusczrvntrbhawp) has joined #beagle</span></li>
<li class="quit">[<a href="#T01:02:52" id="T01:02:52"><abbr title="2010-09-30T01:02:52+00:00">01:02:52</abbr></a>] <span>* mpoirier (~quassel@S0106002369de4dac.cg.shawcable.net) Quit (Read error: Operation timed out)</span></li>
<li class="join">[<a href="#T01:05:09" id="T01:05:09"><abbr title="2010-09-30T01:05:09+00:00">01:05:09</abbr></a>] <span>* jrmuizel (~jrmuizel@CPE001f5be79d0f-CM0017ee62f8b0.cpe.net.cable.rogers.com) has joined #beagle</span></li>
<li class="join">[<a href="#T01:16:43" id="T01:16:43"><abbr title="2010-09-30T01:16:43+00:00">01:16:43</abbr></a>] <span>* Ceriand|desktop (~Ceriand@unaffiliated/ceriand) has joined #beagle</span></li>
<li class="quit">[<a href="#T01:28:28" id="T01:28:28"><abbr title="2010-09-30T01:28:28+00:00">01:28:28</abbr></a>] <span>* rlameiro (~lameiro@87-196-151-221.net.novis.pt) Quit (Ping timeout: 245 seconds)</span></li>
<li class="join">[<a href="#T01:29:14" id="T01:29:14"><abbr title="2010-09-30T01:29:14+00:00">01:29:14</abbr></a>] <span>* kanru (~kanru@61-30-10-70.static.tfn.net.tw) has joined #beagle</span></li>
<li class="join">[<a href="#T01:40:37" id="T01:40:37"><abbr title="2010-09-30T01:40:37+00:00">01:40:37</abbr></a>] <span>* rbarraud_ (~rbarraud@118-92-9-206.dsl.dyn.ihug.co.nz) has joined #beagle</span></li>
<li class="quit">[<a href="#T01:41:40" id="T01:41:40"><abbr title="2010-09-30T01:41:40+00:00">01:41:40</abbr></a>] <span>* rbarraud (~rbarraud@118-92-140-168.dsl.dyn.ihug.co.nz) Quit (Ping timeout: 265 seconds)</span></li>
<li class="quit">[<a href="#T02:18:09" id="T02:18:09"><abbr title="2010-09-30T02:18:09+00:00">02:18:09</abbr></a>] <span>* rcn-ee (~voodoo@thief-pool1-30.mncable.net) Quit (Remote host closed the connection)</span></li>
<li class="join">[<a href="#T02:18:16" id="T02:18:16"><abbr title="2010-09-30T02:18:16+00:00">02:18:16</abbr></a>] <span>* ppotera_ (~ppotera@99-100-130-116.lightspeed.stlsmo.sbcglobal.net) has joined #beagle</span></li>
<li class="join">[<a href="#T02:19:20" id="T02:19:20"><abbr title="2010-09-30T02:19:20+00:00">02:19:20</abbr></a>] <span>* rbarraud__ (~rbarraud@118-92-153-145.dsl.dyn.ihug.co.nz) has joined #beagle</span></li>
<li class="quit">[<a href="#T02:20:17" id="T02:20:17"><abbr title="2010-09-30T02:20:17+00:00">02:20:17</abbr></a>] <span>* rbarraud_ (~rbarraud@118-92-9-206.dsl.dyn.ihug.co.nz) Quit (Ping timeout: 276 seconds)</span></li>
<li class="quit">[<a href="#T02:20:26" id="T02:20:26"><abbr title="2010-09-30T02:20:26+00:00">02:20:26</abbr></a>] <span>* ppotera (~ppotera@99-100-130-116.lightspeed.stlsmo.sbcglobal.net) Quit (Ping timeout: 264 seconds)</span></li>
<li class="nick-change">[<a href="#T02:20:28" id="T02:20:28"><abbr title="2010-09-30T02:20:28+00:00">02:20:28</abbr></a>] <span>* ppotera_ is now known as ppotera</span></li>
<li class="quit">[<a href="#T02:20:49" id="T02:20:49"><abbr title="2010-09-30T02:20:49+00:00">02:20:49</abbr></a>] <span>* khasim (~a0393720@192.163.20.231) Quit (Ping timeout: 265 seconds)</span></li>
<li class="join">[<a href="#T02:21:19" id="T02:21:19"><abbr title="2010-09-30T02:21:19+00:00">02:21:19</abbr></a>] <span>* espindola (~espindola@CPE001a704e2b6d-CM001225dd5348.cpe.net.cable.rogers.com) has joined #beagle</span></li>
<li class="quit">[<a href="#T02:22:13" id="T02:22:13"><abbr title="2010-09-30T02:22:13+00:00">02:22:13</abbr></a>] <span>* Crazymik3 (~Crazymik3@CPE00259c601d5d-CM00080da43848.cpe.net.cable.rogers.com) Quit (Ping timeout: 245 seconds)</span></li>
<li class="quit">[<a href="#T02:23:59" id="T02:23:59"><abbr title="2010-09-30T02:23:59+00:00">02:23:59</abbr></a>] <span>* pcacjr (~pcacjr@unaffiliated/pcacjr) Quit (Remote host closed the connection)</span></li>
<li class="join">[<a href="#T02:24:31" id="T02:24:31"><abbr title="2010-09-30T02:24:31+00:00">02:24:31</abbr></a>] <span>* pcacjr (~pcacjr@187.78.104.152) has joined #beagle</span></li>
<li class="quit">[<abbr title="2010-09-30T02:24:31+00:00">02:24:31</abbr>] <span>* pcacjr (~pcacjr@187.78.104.152) Quit (Changing host)</span></li>
<li class="join">[<abbr title="2010-09-30T02:24:31+00:00">02:24:31</abbr>] <span>* pcacjr (~pcacjr@unaffiliated/pcacjr) has joined #beagle</span></li>
<li class="quit">[<a href="#T02:32:31" id="T02:32:31"><abbr title="2010-09-30T02:32:31+00:00">02:32:31</abbr></a>] <span>* ogra (~ogra@ubuntu/member/ogra) Quit (Read error: Connection reset by peer)</span></li>
<li class="join">[<a href="#T02:33:23" id="T02:33:23"><abbr title="2010-09-30T02:33:23+00:00">02:33:23</abbr></a>] <span>* ogra (~ogra@ubuntu/member/ogra) has joined #beagle</span></li>
<li class="quit">[<a href="#T02:36:48" id="T02:36:48"><abbr title="2010-09-30T02:36:48+00:00">02:36:48</abbr></a>] <span>* chainsawbike (~chainsawb@202-0-50-230.cable.telstraclear.net) Quit (Ping timeout: 240 seconds)</span></li>
<li class="join">[<a href="#T02:39:00" id="T02:39:00"><abbr title="2010-09-30T02:39:00+00:00">02:39:00</abbr></a>] <span>* chainsawbike (~chainsawb@202-0-50-230.cable.telstraclear.net) has joined #beagle</span></li>
<li class="join">[<a href="#T02:39:17" id="T02:39:17"><abbr title="2010-09-30T02:39:17+00:00">02:39:17</abbr></a>] <span>* BThompsonGR (~bernie@cpe-76-183-65-93.tx.res.rr.com) has joined #beagle</span></li>
<li class="join">[<a href="#T02:40:12" id="T02:40:12"><abbr title="2010-09-30T02:40:12+00:00">02:40:12</abbr></a>] <span>* khasim (~a0393720@192.163.20.231) has joined #beagle</span></li>
<li class="quit">[<a href="#T02:43:35" id="T02:43:35"><abbr title="2010-09-30T02:43:35+00:00">02:43:35</abbr></a>] <span>* emeb (~ericb@ip72-223-86-148.ph.ph.cox.net) Quit (Quit: Leaving.)</span></li>
<li class="join">[<a href="#T02:54:37" id="T02:54:37"><abbr title="2010-09-30T02:54:37+00:00">02:54:37</abbr></a>] <span>* johnnyg (~johnnyg@2402:1800:4000:1:20d:56ff:fe29:2b94) has joined #beagle</span></li>
