<li class="message">[<a href="#T00:02:18" id="T00:02:18"><abbr title="2010-09-24T00:02:18+00:00">00:02:18</abbr></a>] &lt;<cite>NishanthMenon</cite>&gt; <q> ouch.. missed spin76</q></li>
<li class="quit">[<a href="#T00:21:59" id="T00:21:59"><abbr title="2010-09-24T00:21:59+00:00">00:21:59</abbr></a>] <span>* rlameiro (~lameiro@87-196-166-92.net.novis.pt) Quit (Quit: Saindo)</span></li>
<li class="quit">[<a href="#T00:24:24" id="T00:24:24"><abbr title="2010-09-24T00:24:24+00:00">00:24:24</abbr></a>] <span>* Ceriand|work (~Ceriand@unaffiliated/ceriand) Quit (Quit: Leaving.)</span></li>
<li class="join">[<a href="#T00:29:15" id="T00:29:15"><abbr title="2010-09-24T00:29:15+00:00">00:29:15</abbr></a>] <span>* GrizzlyAdams (~Grizzly@ip98-184-88-41.mc.at.cox.net) has joined #beagle</span></li>
<li class="message">[<a href="#T00:48:28" id="T00:48:28"><abbr title="2010-09-24T00:48:28+00:00">00:48:28</abbr></a>] &lt;<cite>encode</cite>&gt; <q>are beagleboard C3's in stock anywhere?</q></li>
<li class="message">[<a href="#T00:48:32" id="T00:48:32"><abbr title="2010-09-24T00:48:32+00:00">00:48:32</abbr></a>] &lt;<cite>encode</cite>&gt; <q>c4*</q></li>
<li class="message">[<a href="#T00:52:03" id="T00:52:03"><abbr title="2010-09-24T00:52:03+00:00">00:52:03</abbr></a>] &lt;<cite>djlewis</cite>&gt; <q>dunno but I hear the c4 is still produced.</q></li>
<li class="quit">[<a href="#T00:54:24" id="T00:54:24"><abbr title="2010-09-24T00:54:24+00:00">00:54:24</abbr></a>] <span>* chainsawbike (~chainsawb@202-0-50-230.cable.telstraclear.net) Quit (Ping timeout: 240 seconds)</span></li>
<li class="join">[<a href="#T00:56:16" id="T00:56:16"><abbr title="2010-09-24T00:56:16+00:00">00:56:16</abbr></a>] <span>* chainsawbike (~chainsawb@202-0-50-230.cable.telstraclear.net) has joined #beagle</span></li>
<li class="join">[<a href="#T01:12:06" id="T01:12:06"><abbr title="2010-09-24T01:12:06+00:00">01:12:06</abbr></a>] <span>* raster (~raster@enlightenment/developer/raster) has joined #beagle</span></li>
<li class="join">[<a href="#T01:15:28" id="T01:15:28"><abbr title="2010-09-24T01:15:28+00:00">01:15:28</abbr></a>] <span>* Sog (~sog@123.50.41.179) has joined #beagle</span></li>
<li class="quit">[<a href="#T01:25:31" id="T01:25:31"><abbr title="2010-09-24T01:25:31+00:00">01:25:31</abbr></a>] <span>* Openfree` (~Openfreer@116.228.88.131) Quit (Ping timeout: 240 seconds)</span></li>
<li class="join">[<a href="#T01:27:40" id="T01:27:40"><abbr title="2010-09-24T01:27:40+00:00">01:27:40</abbr></a>] <span>* Openfree` (~Openfreer@116.228.88.131) has joined #beagle</span></li>
<li class="quit">[<a href="#T01:29:38" id="T01:29:38"><abbr title="2010-09-24T01:29:38+00:00">01:29:38</abbr></a>] <span>* PBansal (~pbansal@nat/ti/x-vyycejoiotabjcsb) Quit (Ping timeout: 240 seconds)</span></li>
<li class="quit">[<a href="#T01:30:46" id="T01:30:46"><abbr title="2010-09-24T01:30:46+00:00">01:30:46</abbr></a>] <span>* Openfree` (~Openfreer@116.228.88.131) Quit (Max SendQ exceeded)</span></li>
<li class="join">[<a href="#T01:32:29" id="T01:32:29"><abbr title="2010-09-24T01:32:29+00:00">01:32:29</abbr></a>] <span>* Openfree` (~Openfreer@116.228.88.131) has joined #beagle</span></li>
<li class="quit">[<a href="#T01:48:00" id="T01:48:00"><abbr title="2010-09-24T01:48:00+00:00">01:48:00</abbr></a>] <span>* gdm (~gdm@186.19.159.138) Quit (Ping timeout: 252 seconds)</span></li>
<li class="quit">[<a href="#T01:56:20" id="T01:56:20"><abbr title="2010-09-24T01:56:20+00:00">01:56:20</abbr></a>] <span>* emeb (~ericb@ip72-223-86-148.ph.ph.cox.net) Quit (Quit: Leaving.)</span></li>
<li class="quit">[<a href="#T02:02:52" id="T02:02:52"><abbr title="2010-09-24T02:02:52+00:00">02:02:52</abbr></a>] <span>* khasim (~a0393720@192.163.20.231) Quit (Remote host closed the connection)</span></li>
<li class="join">[<a href="#T02:03:34" id="T02:03:34"><abbr title="2010-09-24T02:03:34+00:00">02:03:34</abbr></a>] <span>* khasim (~a0393720@192.163.20.231) has joined #beagle</span></li>
<li class="join">[<a href="#T02:05:50" id="T02:05:50"><abbr title="2010-09-24T02:05:50+00:00">02:05:50</abbr></a>] <span>* gdm (~gdm@186.19.159.138) has joined #beagle</span></li>
<li class="quit">[<a href="#T02:15:37" id="T02:15:37"><abbr title="2010-09-24T02:15:37+00:00">02:15:37</abbr></a>] <span>* ogra (~ogra@ubuntu/member/ogra) Quit (Read error: Connection reset by peer)</span></li>
<li class="join">[<a href="#T02:16:08" id="T02:16:08"><abbr title="2010-09-24T02:16:08+00:00">02:16:08</abbr></a>] <span>* BThompsonGR (~bernie@cpe-76-183-65-93.tx.res.rr.com) has joined #beagle</span></li>
<li class="join">[<a href="#T02:16:36" id="T02:16:36"><abbr title="2010-09-24T02:16:36+00:00">02:16:36</abbr></a>] <span>* ogra (~ogra@ubuntu/member/ogra) has joined #beagle</span></li>
<li class="join">[<a href="#T02:19:44" id="T02:19:44"><abbr title="2010-09-24T02:19:44+00:00">02:19:44</abbr></a>] <span>* emeb|mac (~ericb@ip72-223-86-148.ph.ph.cox.net) has joined #beagle</span></li>
<li class="join">[<a href="#T02:20:34" id="T02:20:34"><abbr title="2010-09-24T02:20:34+00:00">02:20:34</abbr></a>] <span>* crazy_pete (~peter@c-24-5-98-89.hsd1.ca.comcast.net) has joined #beagle</span></li>
<li class="quit">[<a href="#T02:23:53" id="T02:23:53"><abbr title="2010-09-24T02:23:53+00:00">02:23:53</abbr></a>] <span>* mozmck (~moses@12.37.63.231.skytex.net) Quit (Quit: Leaving.)</span></li>
<li class="join">[<a href="#T02:24:44" id="T02:24:44"><abbr title="2010-09-24T02:24:44+00:00">02:24:44</abbr></a>] <span>* mozmck (~moses@12.37.63.231.skytex.net) has joined #beagle</span></li>
<li class="quit">[<a href="#T02:25:29" id="T02:25:29"><abbr title="2010-09-24T02:25:29+00:00">02:25:29</abbr></a>] <span>* mozmck (~moses@12.37.63.231.skytex.net) Quit (Client Quit)</span></li>
<li class="join">[<a href="#T02:27:29" id="T02:27:29"><abbr title="2010-09-24T02:27:29+00:00">02:27:29</abbr></a>] <span>* mozmck (~moses@12.37.63.231.skytex.net) has joined #beagle</span></li>
<li class="quit">[<a href="#T02:28:43" id="T02:28:43"><abbr title="2010-09-24T02:28:43+00:00">02:28:43</abbr></a>] <span>* mozmck (~moses@12.37.63.231.skytex.net) Quit (Client Quit)</span></li>
<li class="join">[<a href="#T02:29:24" id="T02:29:24"><abbr title="2010-09-24T02:29:24+00:00">02:29:24</abbr></a>] <span>* mozmck (~moses@12.37.63.231.skytex.net) has joined #beagle</span></li>
<li class="quit">[<a href="#T02:29:43" id="T02:29:43"><abbr title="2010-09-24T02:29:43+00:00">02:29:43</abbr></a>] <span>* emeb|mac (~ericb@ip72-223-86-148.ph.ph.cox.net) Quit (Ping timeout: 245 seconds)</span></li>
<li class="join">[<a href="#T02:31:06" id="T02:31:06"><abbr title="2010-09-24T02:31:06+00:00">02:31:06</abbr></a>] <span>* `26 (~kvirc@unaffiliated/26/x-1186543) has joined #beagle</span></li>
<li class="message">[<a href="#T02:31:45" id="T02:31:45"><abbr title="2010-09-24T02:31:45+00:00">02:31:45</abbr></a>] &lt;<cite>`26</cite>&gt; <q>I am *back*. I was wondering (as I asked before), how does the Beagleboard-xM compare in speed when running Ubuntu to, say, an Atom netbook?</q></li>
<li class="message">[<a href="#T02:32:51" id="T02:32:51"><abbr title="2010-09-24T02:32:51+00:00">02:32:51</abbr></a>] &lt;<cite>crazy_pete</cite>&gt; <q>benchmark em and find out ? :)</q></li>
<li class="join">[<a href="#T02:33:49" id="T02:33:49"><abbr title="2010-09-24T02:33:49+00:00">02:33:49</abbr></a>] <span>* ppotera_ (~ppotera@99-100-130-116.lightspeed.stlsmo.sbcglobal.net) has joined #beagle</span></li>
<li class="quit">[<a href="#T02:34:00" id="T02:34:00"><abbr title="2010-09-24T02:34:00+00:00">02:34:00</abbr></a>] <span>* ppotera_ (~ppotera@99-100-130-116.lightspeed.stlsmo.sbcglobal.net) Quit (Client Quit)</span></li>
<li class="message">[<a href="#T02:34:20" id="T02:34:20"><abbr title="2010-09-24T02:34:20+00:00">02:34:20</abbr></a>] &lt;<cite>`26</cite>&gt; <q>First ask, then buy.</q></li>
<li class="message">[<a href="#T02:34:31" id="T02:34:31"><abbr title="2010-09-24T02:34:31+00:00">02:34:31</abbr></a>] &lt;<cite>`26</cite>&gt; <q>And I don't have an Intel netbook in the first place.</q></li>
<li class="message">[<a href="#T02:35:00" id="T02:35:00"><abbr title="2010-09-24T02:35:00+00:00">02:35:00</abbr></a>] &lt;<cite>crazy_pete</cite>&gt; <q>why would u believe us? :)</q></li>
<li class="message">[<a href="#T02:35:39" id="T02:35:39"><abbr title="2010-09-24T02:35:39+00:00">02:35:39</abbr></a>] &lt;<cite>`26</cite>&gt; <q>shouldn't I?</q></li>
<li class="quit">[<a href="#T02:36:26" id="T02:36:26"><abbr title="2010-09-24T02:36:26+00:00">02:36:26</abbr></a>] <span>* ppotera (~ppotera@99-100-130-116.lightspeed.stlsmo.sbcglobal.net) Quit (Ping timeout: 272 seconds)</span></li>
<li class="join">[<a href="#T02:36:52" id="T02:36:52"><abbr title="2010-09-24T02:36:52+00:00">02:36:52</abbr></a>] <span>* Russ (foobar@ip70-176-251-1.ph.ph.cox.net) has joined #beagle</span></li>
<li class="message">[<a href="#T02:39:13" id="T02:39:13"><abbr title="2010-09-24T02:39:13+00:00">02:39:13</abbr></a>] &lt;<cite>`26</cite>&gt; <q>So absolutely *nobody* in here attempted to benchmark the two?!</q></li>
<li class="message">[<a href="#T02:40:41" id="T02:40:41"><abbr title="2010-09-24T02:40:41+00:00">02:40:41</abbr></a>] &lt;<cite>crazy_pete</cite>&gt; <q>i haven't </q></li>
<li class="message">[<a href="#T02:40:44" id="T02:40:44"><abbr title="2010-09-24T02:40:44+00:00">02:40:44</abbr></a>] &lt;<cite>crazy_pete</cite>&gt; <q>try google? </q></li>
<li class="message">[<a href="#T02:41:03" id="T02:41:03"><abbr title="2010-09-24T02:41:03+00:00">02:41:03</abbr></a>] &lt;<cite>encode</cite>&gt; <q>I haven't. But "compare in speed" is way too general</q></li>
<li class="message">[<a href="#T02:41:20" id="T02:41:20"><abbr title="2010-09-24T02:41:20+00:00">02:41:20</abbr></a>] &lt;<cite>encode</cite>&gt; <q>if you had a specific workload in mind, that would help</q></li>
<li class="message">[<a href="#T02:41:36" id="T02:41:36"><abbr title="2010-09-24T02:41:36+00:00">02:41:36</abbr></a>] &lt;<cite>djlewis</cite>&gt; <q>we are the faithful followers of the mighty beagleboard. We dont no stinkn comparisons :P</q></li>
<li class="message">[<a href="#T02:42:01" id="T02:42:01"><abbr title="2010-09-24T02:42:01+00:00">02:42:01</abbr></a>] &lt;<cite>`26</cite>&gt; <q>Starting up, launching firefox, launching OpenOffice, starting a youtube video.</q></li>
<li class="message">[<a href="#T02:42:32" id="T02:42:32"><abbr title="2010-09-24T02:42:32+00:00">02:42:32</abbr></a>] &lt;<cite>`26</cite>&gt; <q>Desktop use. In math, the ARM is probably going to do better than the x86, so I'm rather asking for desktop use.</q></li>
<li class="message">[<a href="#T02:42:41" id="T02:42:41"><abbr title="2010-09-24T02:42:41+00:00">02:42:41</abbr></a>] &lt;<cite>djlewis</cite>&gt; <q>your atom will probably be snappier</q></li>
<li class="message">[<a href="#T02:43:30" id="T02:43:30"><abbr title="2010-09-24T02:43:30+00:00">02:43:30</abbr></a>] &lt;<cite>encode</cite>&gt; <q>things like openoffice and firefox use a lot of ram</q></li>
<li class="join">[<a href="#T02:43:39" id="T02:43:39"><abbr title="2010-09-24T02:43:39+00:00">02:43:39</abbr></a>] <span>* ppotera (~ppotera@99-100-130-116.lightspeed.stlsmo.sbcglobal.net) has joined #beagle</span></li>
<li class="message">[<a href="#T02:43:45" id="T02:43:45"><abbr title="2010-09-24T02:43:45+00:00">02:43:45</abbr></a>] &lt;<cite>encode</cite>&gt; <q>so the netbook has an advantage there, supporting up to 2gb of ram</q></li>
<li class="message">[<a href="#T02:44:16" id="T02:44:16"><abbr title="2010-09-24T02:44:16+00:00">02:44:16</abbr></a>] &lt;<cite>encode</cite>&gt; <q>but the beagleboard is smaller, uses less power, and is way cooler</q></li>
<li class="message">[<a href="#T02:44:26" id="T02:44:26"><abbr title="2010-09-24T02:44:26+00:00">02:44:26</abbr></a>] &lt;<cite>`26</cite>&gt; <q>LOOK WHAT I FOUND <a href="http://www.surpluscomputers.com/350079/data-modul-claa070lc0jct-color-800.html#">http://www.surpluscomputers.com/350079/data-modul-claa070lc0jct-color-800.html#</a> !</q></li>
<li class="message">[<a href="#T02:45:01" id="T02:45:01"><abbr title="2010-09-24T02:45:01+00:00">02:45:01</abbr></a>] &lt;<cite>`26</cite>&gt; <q>Now making it work, that would be the issue...</q></li>
<li class="join">[<a href="#T02:51:30" id="T02:51:30"><abbr title="2010-09-24T02:51:30+00:00">02:51:30</abbr></a>] <span>* rbarraud (~rbarraud@118-92-9-129.dsl.dyn.ihug.co.nz) has joined #beagle</span></li>
<li class="quit">[<a href="#T02:51:38" id="T02:51:38"><abbr title="2010-09-24T02:51:38+00:00">02:51:38</abbr></a>] <span>* rbarraud__ (~rbarraud@118-92-9-129.dsl.dyn.ihug.co.nz) Quit (Ping timeout: 264 seconds)</span></li>
<li class="message">[<a href="#T02:53:34" id="T02:53:34"><abbr title="2010-09-24T02:53:34+00:00">02:53:34</abbr></a>] &lt;<cite>`26</cite>&gt; <q>Oh dammit, are LCD prices ever going to get low?</q></li>
<li class="message">[<a href="#T02:54:43" id="T02:54:43"><abbr title="2010-09-24T02:54:43+00:00">02:54:43</abbr></a>] &lt;<cite>ds2</cite>&gt; <q>that's not that low</q></li>
<li class="message">[<a href="#T02:54:59" id="T02:54:59"><abbr title="2010-09-24T02:54:59+00:00">02:54:59</abbr></a>] &lt;<cite>ds2</cite>&gt; <q>getting to work is a basic exercise</q></li>
<li class="message">[<a href="#T02:56:07" id="T02:56:07"><abbr title="2010-09-24T02:56:07+00:00">02:56:07</abbr></a>] &lt;<cite>`26</cite>&gt; <q>Should I get a touchscreen LCD or a regular LCD and apply a touchscreen layer on top of it?</q></li>
<li class="message">[<a href="#T02:56:32" id="T02:56:32"><abbr title="2010-09-24T02:56:32+00:00">02:56:32</abbr></a>] &lt;<cite>ds2</cite>&gt; <q>not much of a difference</q></li>
<li class="message">[<a href="#T02:57:06" id="T02:57:06"><abbr title="2010-09-24T02:57:06+00:00">02:57:06</abbr></a>] &lt;<cite>`26</cite>&gt; <q>Price-wise.</q></li>
<li class="message">[<a href="#T02:57:23" id="T02:57:23"><abbr title="2010-09-24T02:57:23+00:00">02:57:23</abbr></a>] &lt;<cite>ds2</cite>&gt; <q>not much of a difference</q></li>
<li class="message">[<a href="#T02:57:35" id="T02:57:35"><abbr title="2010-09-24T02:57:35+00:00">02:57:35</abbr></a>] &lt;<cite>ds2</cite>&gt; <q>about the only consideration is connectorwise</q></li>
<li class="message">[<a href="#T02:57:59" id="T02:57:59"><abbr title="2010-09-24T02:57:59+00:00">02:57:59</abbr></a>] &lt;<cite>`26</cite>&gt; <q>Darn, I found 12 inch LCDs for 50-60$ but touchscreen layers are 80$ and up.</q></li>
<li class="message">[<a href="#T02:58:04" id="T02:58:04"><abbr title="2010-09-24T02:58:04+00:00">02:58:04</abbr></a>] &lt;<cite>`26</cite>&gt; <q>Dammit.</q></li>
<li class="message">[<a href="#T02:58:10" id="T02:58:10"><abbr title="2010-09-24T02:58:10+00:00">02:58:10</abbr></a>] &lt;<cite>`26</cite>&gt; <q>Kind of ironic.</q></li>
<li class="message">[<a href="#T02:58:31" id="T02:58:31"><abbr title="2010-09-24T02:58:31+00:00">02:58:31</abbr></a>] &lt;<cite>`26</cite>&gt; <q>I might as well create my own tracking system using a rotating laser and mirrors.</q></li>
<li class="message">[<a href="#T02:58:45" id="T02:58:45"><abbr title="2010-09-24T02:58:45+00:00">02:58:45</abbr></a>] &lt;<cite>`26</cite>&gt; <q>Err, laser, rotating mirror and other mirrors.</q></li>
<li class="message">[<a href="#T02:58:50" id="T02:58:50"><abbr title="2010-09-24T02:58:50+00:00">02:58:50</abbr></a>] &lt;<cite>`26</cite>&gt; <q>(just an idea I had once)</q></li>
<li class="quit">[<a href="#T02:59:12" id="T02:59:12"><abbr title="2010-09-24T02:59:12+00:00">02:59:12</abbr></a>] <span>* dl9pf_ (~quassel@p5B2131B6.dip.t-dialin.net) Quit (Read error: Operation timed out)</span></li>
<li class="message">[<a href="#T02:59:40" id="T02:59:40"><abbr title="2010-09-24T02:59:40+00:00">02:59:40</abbr></a>] &lt;<cite>ds2</cite>&gt; <q>$80? they usually are about $10 or so</q></li>
<li class="message">[<a href="#T02:59:48" id="T02:59:48"><abbr title="2010-09-24T02:59:48+00:00">02:59:48</abbr></a>] &lt;<cite>`26</cite>&gt; <q>Wow. Where?!</q></li>
<li class="message">[<a href="#T02:59:54" id="T02:59:54"><abbr title="2010-09-24T02:59:54+00:00">02:59:54</abbr></a>] &lt;<cite>ds2</cite>&gt; <q>typical vendors</q></li>
<li class="message">[<a href="#T03:00:35" id="T03:00:35"><abbr title="2010-09-24T03:00:35+00:00">03:00:35</abbr></a>] &lt;<cite>`26</cite>&gt; <q>If I get it to run, I can make myself an awesome fully-open source tablet PC for under 300$.</q></li>
<li class="message">[<a href="#T03:01:05" id="T03:01:05"><abbr title="2010-09-24T03:01:05+00:00">03:01:05</abbr></a>] &lt;<cite>`26</cite>&gt; <q>Though it might end up being a little thick. Who cares, it's still awesome.</q></li>
<li class="join">[<a href="#T03:01:22" id="T03:01:22"><abbr title="2010-09-24T03:01:22+00:00">03:01:22</abbr></a>] <span>* dl9pf (~quassel@p5B2148C2.dip.t-dialin.net) has joined #beagle</span></li>
<li class="quit">[<a href="#T03:01:23" id="T03:01:23"><abbr title="2010-09-24T03:01:23+00:00">03:01:23</abbr></a>] <span>* dl9pf (~quassel@p5B2148C2.dip.t-dialin.net) Quit (Changing host)</span></li>
<li class="join">[<abbr title="2010-09-24T03:01:23+00:00">03:01:23</abbr>] <span>* dl9pf (~quassel@opensuse/member/dl9pf) has joined #beagle</span></li>
<li class="message">[<a href="#T03:01:37" id="T03:01:37"><abbr title="2010-09-24T03:01:37+00:00">03:01:37</abbr></a>] &lt;<cite>ds2</cite>&gt; <q>that's a relatively trivial exercise</q></li>
<li class="message">[<a href="#T03:02:26" id="T03:02:26"><abbr title="2010-09-24T03:02:26+00:00">03:02:26</abbr></a>] &lt;<cite>`26</cite>&gt; <q>Trivial, but it'd get me rid of the damn 2.7 kg laptop I have to carry around every day to the university, back and forth.</q></li>
<li class="message">[<a href="#T03:03:43" id="T03:03:43"><abbr title="2010-09-24T03:03:43+00:00">03:03:43</abbr></a>] &lt;<cite>djlewis</cite>&gt; <q>that screens led backlight sucks 400 - 450 mA</q></li>
<li class="quit">[<a href="#T03:04:36" id="T03:04:36"><abbr title="2010-09-24T03:04:36+00:00">03:04:36</abbr></a>] <span>* pting (~pting@adsl-99-32-245-41.dsl.lsan03.sbcglobal.net) Quit (Quit: Ex-Chat)</span></li>
<li class="message">[<a href="#T03:04:46" id="T03:04:46"><abbr title="2010-09-24T03:04:46+00:00">03:04:46</abbr></a>] &lt;<cite>ds2</cite>&gt; <q> /exec echo eval(2.7*2.2)</q></li>
<li class="message">[<a href="#T03:04:47" id="T03:04:47"><abbr title="2010-09-24T03:04:47+00:00">03:04:47</abbr></a>] &lt;<cite>ds2</cite>&gt; <q>blah</q></li>
<li class="quit">[<a href="#T03:10:28" id="T03:10:28"><abbr title="2010-09-24T03:10:28+00:00">03:10:28</abbr></a>] <span>* brolin (~brolin@190.71.243.63) Quit (Quit: leaving)</span></li>
<li class="join">[<a href="#T03:11:13" id="T03:11:13"><abbr title="2010-09-24T03:11:13+00:00">03:11:13</abbr></a>] <span>* brolin (~brolin@190.71.243.63) has joined #beagle</span></li>
<li class="quit">[<a href="#T03:15:41" id="T03:15:41"><abbr title="2010-09-24T03:15:41+00:00">03:15:41</abbr></a>] <span>* topfs2 (~topfs2@xbmc/staff/topfs2) Quit (Remote host closed the connection)</span></li>
<li class="join">[<a href="#T03:20:01" id="T03:20:01"><abbr title="2010-09-24T03:20:01+00:00">03:20:01</abbr></a>] <span>* topfs2 (~topfs2@xbmc/staff/topfs2) has joined #beagle</span></li>
<li class="quit">[<a href="#T03:22:25" id="T03:22:25"><abbr title="2010-09-24T03:22:25+00:00">03:22:25</abbr></a>] <span>* BThompsonGR (~bernie@cpe-76-183-65-93.tx.res.rr.com) Quit (Read error: Connection reset by peer)</span></li>
<li class="quit">[<a href="#T03:32:13" id="T03:32:13"><abbr title="2010-09-24T03:32:13+00:00">03:32:13</abbr></a>] <span>* djlewis (~djlewis@75.15.67.41) Quit (Quit: Leaving.)</span></li>
<li class="quit">[<a href="#T03:34:41" id="T03:34:41"><abbr title="2010-09-24T03:34:41+00:00">03:34:41</abbr></a>] <span>* ppotera (~ppotera@99-100-130-116.lightspeed.stlsmo.sbcglobal.net) Quit (Quit: ppotera)</span></li>
<li class="join">[<a href="#T03:46:22" id="T03:46:22"><abbr title="2010-09-24T03:46:22+00:00">03:46:22</abbr></a>] <span>* kanru (~kanru@118-168-240-217.dynamic.hinet.net) has joined #beagle</span></li>
<li class="message">[<a href="#T03:47:54" id="T03:47:54"><abbr title="2010-09-24T03:47:54+00:00">03:47:54</abbr></a>] &lt;<cite>`26</cite>&gt; <q>Dang, 400 mA is quite a lot :/</q></li>
<li class="join">[<a href="#T03:48:41" id="T03:48:41"><abbr title="2010-09-24T03:48:41+00:00">03:48:41</abbr></a>] <span>* heathkid (~heathkid2@173-122-184-160.pools.spcsdns.net) has joined #beagle</span></li>
<li class="part">[<a href="#T03:49:06" id="T03:49:06"><abbr title="2010-09-24T03:49:06+00:00">03:49:06</abbr></a>] <span>* heathkid (~heathkid2@173-122-184-160.pools.spcsdns.net) has left #beagle</span></li>
<li class="quit">[<a href="#T03:58:18" id="T03:58:18"><abbr title="2010-09-24T03:58:18+00:00">03:58:18</abbr></a>] <span>* kanru (~kanru@118-168-240-217.dynamic.hinet.net) Quit (Ping timeout: 240 seconds)</span></li>
<li class="quit">[<a href="#T03:59:01" id="T03:59:01"><abbr title="2010-09-24T03:59:01+00:00">03:59:01</abbr></a>] <span>* mozmck (~moses@12.37.63.231.skytex.net) Quit (Quit: Leaving.)</span></li>
<li class="message">[<a href="#T04:35:57" id="T04:35:57"><abbr title="2010-09-24T04:35:57+00:00">04:35:57</abbr></a>] &lt;<cite>ds2</cite>&gt; <q>depends on what you are doing...400mA isn't that much for power vacuum tube systems</q></li>
<li class="join">[<a href="#T04:43:19" id="T04:43:19"><abbr title="2010-09-24T04:43:19+00:00">04:43:19</abbr></a>] <span>* Ceriand|desktop (~Ceriand@unaffiliated/ceriand) has joined #beagle</span></li>
<li class="message">[<a href="#T04:47:28" id="T04:47:28"><abbr title="2010-09-24T04:47:28+00:00">04:47:28</abbr></a>] &lt;<cite>encode</cite>&gt; <q>or cranking a car</q></li>
<li class="join">[<a href="#T04:48:33" id="T04:48:33"><abbr title="2010-09-24T04:48:33+00:00">04:48:33</abbr></a>] <span>* hitlin37 (6eea0302@gateway/web/freenode/ip.110.234.3.2) has joined #beagle</span></li>
<li class="quit">[<a href="#T04:51:51" id="T04:51:51"><abbr title="2010-09-24T04:51:51+00:00">04:51:51</abbr></a>] <span>* brolin (~brolin@190.71.243.63) Quit (Quit: leaving)</span></li>
<li class="quit">[<a href="#T04:53:05" id="T04:53:05"><abbr title="2010-09-24T04:53:05+00:00">04:53:05</abbr></a>] <span>* jserv-- (~jserv@61-30-10-70.static.tfn.net.tw) Quit (Ping timeout: 276 seconds)</span></li>
<li class="join">[<a href="#T04:53:43" id="T04:53:43"><abbr title="2010-09-24T04:53:43+00:00">04:53:43</abbr></a>] <span>* jserv-- (~jserv@61-30-10-70.static.tfn.net.tw) has joined #beagle</span></li>
<li class="quit">[<a href="#T04:57:17" id="T04:57:17"><abbr title="2010-09-24T04:57:17+00:00">04:57:17</abbr></a>] <span>* hitlin37 (6eea0302@gateway/web/freenode/ip.110.234.3.2) Quit (Ping timeout: 252 seconds)</span></li>
<li class="join">[<a href="#T05:00:20" id="T05:00:20"><abbr title="2010-09-24T05:00:20+00:00">05:00:20</abbr></a>] <span>* JDuke128 (51d6168a@gateway/web/freenode/ip.81.214.22.138) has joined #beagle</span></li>
<li class="message">[<a href="#T05:00:22" id="T05:00:22"><abbr title="2010-09-24T05:00:22+00:00">05:00:22</abbr></a>] &lt;<cite>JDuke128</cite>&gt; <q>hi , i cant run omaplfb &amp; SGX on my device , here is what i ve tried to <a href="http://pastebin.com/cW3uuFzc">http://pastebin.com/cW3uuFzc</a> , can someone help ?</q></li>
<li class="join">[<a href="#T05:04:16" id="T05:04:16"><abbr title="2010-09-24T05:04:16+00:00">05:04:16</abbr></a>] <span>* katie (~katierh@nat/ti/x-tyyqdqbwibizkgka) has joined #beagle</span></li>
<li class="quit">[<a href="#T05:05:39" id="T05:05:39"><abbr title="2010-09-24T05:05:39+00:00">05:05:39</abbr></a>] <span>* _don_ (~don@nat/ti/x-fqefhfofzetdlreu) Quit (Remote host closed the connection)</span></li>
<li class="quit">[<abbr title="2010-09-24T05:05:39+00:00">05:05:39</abbr>] <span>* mrc3 (~mrc3@nat/ti/x-dfzxjnqjsacodxoe) Quit (Remote host closed the connection)</span></li>
<li class="quit">[<a href="#T05:05:49" id="T05:05:49"><abbr title="2010-09-24T05:05:49+00:00">05:05:49</abbr></a>] <span>* katie (~katierh@nat/ti/x-tyyqdqbwibizkgka) Quit (Read error: Connection reset by peer)</span></li>
<li class="join">[<a href="#T05:05:50" id="T05:05:50"><abbr title="2010-09-24T05:05:50+00:00">05:05:50</abbr></a>] <span>* katie_ (~katierh@nat/ti/x-xrqhdogmoyzgloty) has joined #beagle</span></li>
<li class="join">[<a href="#T05:05:58" id="T05:05:58"><abbr title="2010-09-24T05:05:58+00:00">05:05:58</abbr></a>] <span>* mrc3 (~mrc3@nat/ti/x-bwohadvkbkeekyoj) has joined #beagle</span></li>
<li class="join">[<a href="#T05:06:08" id="T05:06:08"><abbr title="2010-09-24T05:06:08+00:00">05:06:08</abbr></a>] <span>* _don_ (~don@nat/ti/x-hdncetoedhqcuzde) has joined #beagle</span></li>
<li class="message">[<a href="#T05:06:50" id="T05:06:50"><abbr title="2010-09-24T05:06:50+00:00">05:06:50</abbr></a>] &lt;<cite>_av500_</cite>&gt; <q>Unknown symbol PVRGetDisplayClassJTable</q></li>
<li class="quit">[<a href="#T05:09:31" id="T05:09:31"><abbr title="2010-09-24T05:09:31+00:00">05:09:31</abbr></a>] <span>* cwillu (~cwillu@cwillu.com) Quit (Ping timeout: 240 seconds)</span></li>
<li class="quit">[<a href="#T05:09:58" id="T05:09:58"><abbr title="2010-09-24T05:09:58+00:00">05:09:58</abbr></a>] <span>* jeremiah_ (~jeremiah@li150-237.members.linode.com) Quit (Ping timeout: 240 seconds)</span></li>
<li class="join">[<a href="#T05:10:08" id="T05:10:08"><abbr title="2010-09-24T05:10:08+00:00">05:10:08</abbr></a>] <span>* cwillu (~cwillu@cwillu.com) has joined #beagle</span></li>
<li class="join">[<a href="#T05:10:51" id="T05:10:51"><abbr title="2010-09-24T05:10:51+00:00">05:10:51</abbr></a>] <span>* jeremiah (~jeremiah@li150-237.members.linode.com) has joined #beagle</span></li>
<li class="quit">[<a href="#T05:11:07" id="T05:11:07"><abbr title="2010-09-24T05:11:07+00:00">05:11:07</abbr></a>] <span>* mrc3 (~mrc3@nat/ti/x-bwohadvkbkeekyoj) Quit (Remote host closed the connection)</span></li>
<li class="join">[<a href="#T05:11:35" id="T05:11:35"><abbr title="2010-09-24T05:11:35+00:00">05:11:35</abbr></a>] <span>* mrc3 (~mrc3@nat/ti/x-povzvosldqmryvve) has joined #beagle</span></li>
<li class="message">[<a href="#T05:13:38" id="T05:13:38"><abbr title="2010-09-24T05:13:38+00:00">05:13:38</abbr></a>] &lt;<cite>JDuke128</cite>&gt; <q>_av500_ , yes</q></li>
<li class="message">[<a href="#T05:13:46" id="T05:13:46"><abbr title="2010-09-24T05:13:46+00:00">05:13:46</abbr></a>] &lt;<cite>JDuke128</cite>&gt; <q>how can i fix "Unknown symbol PVRGetDisplayClassJTable"</q></li>
<li class="message">[<a href="#T05:13:57" id="T05:13:57"><abbr title="2010-09-24T05:13:57+00:00">05:13:57</abbr></a>] &lt;<cite>JDuke128</cite>&gt; <q>i m gonna eat my head here</q></li>
<li class="join">[<a href="#T05:14:14" id="T05:14:14"><abbr title="2010-09-24T05:14:14+00:00">05:14:14</abbr></a>] <span>* kunguz (~Kaan@212.175.32.130) has joined #beagle</span></li>
<li class="quit">[<a href="#T05:15:24" id="T05:15:24"><abbr title="2010-09-24T05:15:24+00:00">05:15:24</abbr></a>] <span>* khasim (~a0393720@192.163.20.231) Quit (Ping timeout: 272 seconds)</span></li>
<li class="message">[<a href="#T05:15:31" id="T05:15:31"><abbr title="2010-09-24T05:15:31+00:00">05:15:31</abbr></a>] &lt;<cite>_av500_</cite>&gt; <q>what did google say?</q></li>
<li class="message">[<a href="#T05:16:10" id="T05:16:10"><abbr title="2010-09-24T05:16:10+00:00">05:16:10</abbr></a>] &lt;<cite>JDuke128</cite>&gt; <q>i tried all what google says</q></li>
<li class="message">[<a href="#T05:16:19" id="T05:16:19"><abbr title="2010-09-24T05:16:19+00:00">05:16:19</abbr></a>] &lt;<cite>JDuke128</cite>&gt; <q>compiling on GFX_Linux_KM</q></li>
<li class="message">[<a href="#T05:16:31" id="T05:16:31"><abbr title="2010-09-24T05:16:31+00:00">05:16:31</abbr></a>] &lt;<cite>JDuke128</cite>&gt; <q>moving OMAP Graphics SDK to machine</q></li>
<li class="message">[<a href="#T05:16:41" id="T05:16:41"><abbr title="2010-09-24T05:16:41+00:00">05:16:41</abbr></a>] &lt;<cite>JDuke128</cite>&gt; <q>and i compiled my own kernel modules</q></li>
<li class="message">[<a href="#T05:16:47" id="T05:16:47"><abbr title="2010-09-24T05:16:47+00:00">05:16:47</abbr></a>] &lt;<cite>JDuke128</cite>&gt; <q>everything i did with fail</q></li>
<li class="message">[<a href="#T05:16:51" id="T05:16:51"><abbr title="2010-09-24T05:16:51+00:00">05:16:51</abbr></a>] &lt;<cite>JDuke128</cite>&gt; <q>PVRGetDisplayClassJTable</q></li>
<li class="message">[<a href="#T05:17:26" id="T05:17:26"><abbr title="2010-09-24T05:17:26+00:00">05:17:26</abbr></a>] &lt;<cite>JDuke128</cite>&gt; <q>by the way i hate X Window system and i didnt install it</q></li>
<li class="message">[<a href="#T05:17:29" id="T05:17:29"><abbr title="2010-09-24T05:17:29+00:00">05:17:29</abbr></a>] &lt;<cite>JDuke128</cite>&gt; <q>it makes problem ?</q></li>
<li class="join">[<a href="#T05:19:54" id="T05:19:54"><abbr title="2010-09-24T05:19:54+00:00">05:19:54</abbr></a>] <span>* Zubair (dd78dc0d@gateway/web/freenode/ip.221.120.220.13) has joined #beagle</span></li>
<li class="join">[<a href="#T05:25:17" id="T05:25:17"><abbr title="2010-09-24T05:25:17+00:00">05:25:17</abbr></a>] <span>* jpirko (~jirka@ip-89-103-8-226.net.upcbroadband.cz) has joined #beagle</span></li>
<li class="quit">[<a href="#T05:29:38" id="T05:29:38"><abbr title="2010-09-24T05:29:38+00:00">05:29:38</abbr></a>] <span>* rbarraud (~rbarraud@118-92-9-129.dsl.dyn.ihug.co.nz) Quit (Ping timeout: 240 seconds)</span></li>
<li class="join">[<a href="#T05:35:52" id="T05:35:52"><abbr title="2010-09-24T05:35:52+00:00">05:35:52</abbr></a>] <span>* tasslehoff (~Mich@147.84-49-231.nextgentel.com) has joined #beagle</span></li>
<li class="quit">[<a href="#T05:36:21" id="T05:36:21"><abbr title="2010-09-24T05:36:21+00:00">05:36:21</abbr></a>] <span>* kunguz (~Kaan@212.175.32.130) Quit (Quit: Konversation terminated!)</span></li>
<li class="join">[<a href="#T05:36:32" id="T05:36:32"><abbr title="2010-09-24T05:36:32+00:00">05:36:32</abbr></a>] <span>* gadiyar (~chatzilla@192.163.20.231) has joined #beagle</span></li>
<li class="join">[<a href="#T05:36:53" id="T05:36:53"><abbr title="2010-09-24T05:36:53+00:00">05:36:53</abbr></a>] <span>* kunguz (~Kaan@212.175.32.132) has joined #beagle</span></li>
<li class="join">[<a href="#T05:38:12" id="T05:38:12"><abbr title="2010-09-24T05:38:12+00:00">05:38:12</abbr></a>] <span>* hitlin37 (6eea0302@gateway/web/freenode/ip.110.234.3.2) has joined #beagle</span></li>
<li class="message">[<a href="#T05:38:45" id="T05:38:45"><abbr title="2010-09-24T05:38:45+00:00">05:38:45</abbr></a>] &lt;<cite>hitlin37</cite>&gt; <q>whats d switch for double precision on arm?</q></li>
<li class="message">[<a href="#T05:40:57" id="T05:40:57"><abbr title="2010-09-24T05:40:57+00:00">05:40:57</abbr></a>] &lt;<cite>hitlin37</cite>&gt; <q>mru i got d same result on x86 as compared to arm after using -mpc32,because by default On x86 GNU/Linux systems ,default is extended precision(80 bit)</q></li>
<li class="nick-change">[<a href="#T05:41:47" id="T05:41:47"><abbr title="2010-09-24T05:41:47+00:00">05:41:47</abbr></a>] <span>* zodttd_ybor is now known as zodttd</span></li>
<li class="quit">[<a href="#T05:44:33" id="T05:44:33"><abbr title="2010-09-24T05:44:33+00:00">05:44:33</abbr></a>] <span>* JDuke128 (51d6168a@gateway/web/freenode/ip.81.214.22.138) Quit (Quit: Page closed)</span></li>
<li class="join">[<a href="#T05:47:23" id="T05:47:23"><abbr title="2010-09-24T05:47:23+00:00">05:47:23</abbr></a>] <span>* akumar (~mm4@122.169.85.26) has joined #beagle</span></li>
<li class="join">[<a href="#T05:49:28" id="T05:49:28"><abbr title="2010-09-24T05:49:28+00:00">05:49:28</abbr></a>] <span>* emeb|mac (~ericb@ip72-223-86-148.ph.ph.cox.net) has joined #beagle</span></li>
<li class="message">[<a href="#T05:57:20" id="T05:57:20"><abbr title="2010-09-24T05:57:20+00:00">05:57:20</abbr></a>] &lt;<cite>Zubair</cite>&gt; <q>Hello all</q></li>
<li class="message">[<a href="#T05:58:10" id="T05:58:10"><abbr title="2010-09-24T05:58:10+00:00">05:58:10</abbr></a>] &lt;<cite>Zubair</cite>&gt; <q>can someone send me the files for loading on SD during bb hardware verification</q></li>
<li class="message">[<a href="#T05:58:37" id="T05:58:37"><abbr title="2010-09-24T05:58:37+00:00">05:58:37</abbr></a>] &lt;<cite>Zubair</cite>&gt; <q>email ID: zubairahmed319@gmail.com</q></li>
<li class="message">[<a href="#T05:58:42" id="T05:58:42"><abbr title="2010-09-24T05:58:42+00:00">05:58:42</abbr></a>] &lt;<cite>crazy_pete</cite>&gt; <q>cant u download them ?</q></li>
<li class="message">[<a href="#T05:58:55" id="T05:58:55"><abbr title="2010-09-24T05:58:55+00:00">05:58:55</abbr></a>] &lt;<cite>Zubair</cite>&gt; <q>I had downloaded them </q></li>
<li class="message">[<a href="#T05:58:59" id="T05:58:59"><abbr title="2010-09-24T05:58:59+00:00">05:58:59</abbr></a>] &lt;<cite>Zubair</cite>&gt; <q>and copied to SD</q></li>
<li class="message">[<a href="#T05:59:07" id="T05:59:07"><abbr title="2010-09-24T05:59:07+00:00">05:59:07</abbr></a>] &lt;<cite>Zubair</cite>&gt; <q>but that doesn't work</q></li>
<li class="message">[<a href="#T05:59:17" id="T05:59:17"><abbr title="2010-09-24T05:59:17+00:00">05:59:17</abbr></a>] &lt;<cite>crazy_pete</cite>&gt; <q>there are some bad files out there </q></li>
<li class="message">[<a href="#T05:59:23" id="T05:59:23"><abbr title="2010-09-24T05:59:23+00:00">05:59:23</abbr></a>] &lt;<cite>crazy_pete</cite>&gt; <q>make sure the address in the boot.scr is right </q></li>
<li class="message">[<a href="#T05:59:36" id="T05:59:36"><abbr title="2010-09-24T05:59:36+00:00">05:59:36</abbr></a>] &lt;<cite>Zubair</cite>&gt; <q>I am using Windows</q></li>
<li class="message">[<a href="#T05:59:40" id="T05:59:40"><abbr title="2010-09-24T05:59:40+00:00">05:59:40</abbr></a>] &lt;<cite>crazy_pete</cite>&gt; <q>some were loading to 80300 instead of 0x8030000</q></li>
<li class="message">[<a href="#T05:59:49" id="T05:59:49"><abbr title="2010-09-24T05:59:49+00:00">05:59:49</abbr></a>] &lt;<cite>crazy_pete</cite>&gt; <q>i am sorry to hear that Zubair  :)</q></li>
<li class="message">[<a href="#T06:00:22" id="T06:00:22"><abbr title="2010-09-24T06:00:22+00:00">06:00:22</abbr></a>] &lt;<cite>Zubair</cite>&gt; <q>and cant open boot.scr</q></li>
<li class="message">[<a href="#T06:01:13" id="T06:01:13"><abbr title="2010-09-24T06:01:13+00:00">06:01:13</abbr></a>] &lt;<cite>crazy_pete</cite>&gt; <q>why can't you open it ? </q></li>
<li class="message">[<a href="#T06:01:27" id="T06:01:27"><abbr title="2010-09-24T06:01:27+00:00">06:01:27</abbr></a>] &lt;<cite>Zubair</cite>&gt; <q>its in screen saver format</q></li>
<li class="message">[<a href="#T06:01:30" id="T06:01:30"><abbr title="2010-09-24T06:01:30+00:00">06:01:30</abbr></a>] &lt;<cite>crazy_pete</cite>&gt; <q>anyway you use the mkimage program to </q></li>
<li class="message">[<a href="#T06:01:35" id="T06:01:35"><abbr title="2010-09-24T06:01:35+00:00">06:01:35</abbr></a>] &lt;<cite>crazy_pete</cite>&gt; <q>in screen saver format?  WTF?</q></li>
<li class="message">[<a href="#T06:01:38" id="T06:01:38"><abbr title="2010-09-24T06:01:38+00:00">06:01:38</abbr></a>] &lt;<cite>crazy_pete</cite>&gt; <q>wow </q></li>
<li class="message">[<a href="#T06:01:45" id="T06:01:45"><abbr title="2010-09-24T06:01:45+00:00">06:01:45</abbr></a>] &lt;<cite>crazy_pete</cite>&gt; <q>scr is not a screen saver </q></li>
<li class="message">[<a href="#T06:01:48" id="T06:01:48"><abbr title="2010-09-24T06:01:48+00:00">06:01:48</abbr></a>] &lt;<cite>crazy_pete</cite>&gt; <q>it is a script :)</q></li>
<li class="message">[<a href="#T06:02:03" id="T06:02:03"><abbr title="2010-09-24T06:02:03+00:00">06:02:03</abbr></a>] &lt;<cite>Zubair</cite>&gt; <q>well in windows, it is showing me this</q></li>
<li class="quit">[<a href="#T06:02:16" id="T06:02:16"><abbr title="2010-09-24T06:02:16+00:00">06:02:16</abbr></a>] <span>* negril (~negril@fsr.e-technik.uni-rostock.de) Quit (Ping timeout: 272 seconds)</span></li>
<li class="message">[<a href="#T06:02:19" id="T06:02:19"><abbr title="2010-09-24T06:02:19+00:00">06:02:19</abbr></a>] &lt;<cite>crazy_pete</cite>&gt; <q>MS windows is garbage </q></li>
<li class="message">[<a href="#T06:02:33" id="T06:02:33"><abbr title="2010-09-24T06:02:33+00:00">06:02:33</abbr></a>] &lt;<cite>Zubair</cite>&gt; <q>so what can I do ?</q></li>
<li class="message">[<a href="#T06:02:36" id="T06:02:36"><abbr title="2010-09-24T06:02:36+00:00">06:02:36</abbr></a>] &lt;<cite>crazy_pete</cite>&gt; <q>and it is a script file not a screen saver, wincrap is just too stupid to know that </q></li>
<li class="message">[<a href="#T06:02:40" id="T06:02:40"><abbr title="2010-09-24T06:02:40+00:00">06:02:40</abbr></a>] &lt;<cite>Zubair</cite>&gt; <q>plz send me the files</q></li>
<li class="message">[<a href="#T06:02:47" id="T06:02:47"><abbr title="2010-09-24T06:02:47+00:00">06:02:47</abbr></a>] &lt;<cite>Zubair</cite>&gt; <q>haha</q></li>
<li class="quit">[<a href="#T06:04:34" id="T06:04:34"><abbr title="2010-09-24T06:04:34+00:00">06:04:34</abbr></a>] <span>* brijesh (~brijesh@nat/ti/x-kpdztjkiawkykaij) Quit (Remote host closed the connection)</span></li>
<li class="join">[<a href="#T06:04:57" id="T06:04:57"><abbr title="2010-09-24T06:04:57+00:00">06:04:57</abbr></a>] <span>* brijesh (~brijesh@nat/ti/x-exembsiookmojshe) has joined #beagle</span></li>
<li class="message">[<a href="#T06:10:25" id="T06:10:25"><abbr title="2010-09-24T06:10:25+00:00">06:10:25</abbr></a>] &lt;<cite>Zubair</cite>&gt; <q>plz need some guidance</q></li>
<li class="quit">[<a href="#T06:12:31" id="T06:12:31"><abbr title="2010-09-24T06:12:31+00:00">06:12:31</abbr></a>] <span>* brijesh (~brijesh@nat/ti/x-exembsiookmojshe) Quit (Remote host closed the connection)</span></li>
<li class="join">[<a href="#T06:12:59" id="T06:12:59"><abbr title="2010-09-24T06:12:59+00:00">06:12:59</abbr></a>] <span>* brijesh (~brijesh@nat/ti/x-sjiyutkaqgnkxqjv) has joined #beagle</span></li>
<li class="join">[<a href="#T06:17:06" id="T06:17:06"><abbr title="2010-09-24T06:17:06+00:00">06:17:06</abbr></a>] <span>* hitlin37_ (6eea0302@gateway/web/freenode/ip.110.234.3.2) has joined #beagle</span></li>
<li class="join">[<a href="#T06:17:18" id="T06:17:18"><abbr title="2010-09-24T06:17:18+00:00">06:17:18</abbr></a>] <span>* negril (~negril@fsr.e-technik.uni-rostock.de) has joined #beagle</span></li>
<li class="join">[<abbr title="2010-09-24T06:17:18+00:00">06:17:18</abbr>] <span>* hvaibhav (~a0393758@192.163.20.231) has joined #beagle</span></li>
<li class="quit">[<a href="#T06:18:19" id="T06:18:19"><abbr title="2010-09-24T06:18:19+00:00">06:18:19</abbr></a>] <span>* hitlin37 (6eea0302@gateway/web/freenode/ip.110.234.3.2) Quit (Ping timeout: 252 seconds)</span></li>
<li class="quit">[<a href="#T06:19:57" id="T06:19:57"><abbr title="2010-09-24T06:19:57+00:00">06:19:57</abbr></a>] <span>* kunguz (~Kaan@212.175.32.132) Quit (Remote host closed the connection)</span></li>
<li class="nick-change">[<a href="#T06:21:03" id="T06:21:03"><abbr title="2010-09-24T06:21:03+00:00">06:21:03</abbr></a>] <span>* amitk-afk is now known as amitk</span></li>
<li class="quit">[<a href="#T06:28:13" id="T06:28:13"><abbr title="2010-09-24T06:28:13+00:00">06:28:13</abbr></a>] <span>* jpirko (~jirka@ip-89-103-8-226.net.upcbroadband.cz) Quit (Quit: Leaving)</span></li>
<li class="join">[<a href="#T06:29:12" id="T06:29:12"><abbr title="2010-09-24T06:29:12+00:00">06:29:12</abbr></a>] <span>* franktango (~a0746747@nat/ti/x-losenowvordveomk) has joined #beagle</span></li>
<li class="quit">[<a href="#T06:31:50" id="T06:31:50"><abbr title="2010-09-24T06:31:50+00:00">06:31:50</abbr></a>] <span>* emeb|mac (~ericb@ip72-223-86-148.ph.ph.cox.net) Quit (Ping timeout: 264 seconds)</span></li>
<li class="quit">[<a href="#T06:31:53" id="T06:31:53"><abbr title="2010-09-24T06:31:53+00:00">06:31:53</abbr></a>] <span>* jayabharath (~jayabhara@nat/ti/x-mjcswvskzmktocur) Quit (Ping timeout: 276 seconds)</span></li>
<li class="quit">[<a href="#T06:41:08" id="T06:41:08"><abbr title="2010-09-24T06:41:08+00:00">06:41:08</abbr></a>] <span>* calculus (~calculus@gentoo/user/calculus) Quit (Ping timeout: 276 seconds)</span></li>
<li class="join">[<a href="#T06:43:47" id="T06:43:47"><abbr title="2010-09-24T06:43:47+00:00">06:43:47</abbr></a>] <span>* harbaum (~quassel@2001:8d8:1fe:8:baac:6fff:fe2d:73a3) has joined #beagle</span></li>
<li class="quit">[<a href="#T06:45:16" id="T06:45:16"><abbr title="2010-09-24T06:45:16+00:00">06:45:16</abbr></a>] <span>* gdm (~gdm@186.19.159.138) Quit (Ping timeout: 252 seconds)</span></li>
<li class="quit">[<a href="#T06:46:55" id="T06:46:55"><abbr title="2010-09-24T06:46:55+00:00">06:46:55</abbr></a>] <span>* Sept (~bakljg@c-24-131-138-21.hsd1.mn.comcast.net) Quit (Read error: Connection reset by peer)</span></li>
<li class="join">[<a href="#T06:47:13" id="T06:47:13"><abbr title="2010-09-24T06:47:13+00:00">06:47:13</abbr></a>] <span>* Sept (~bakljg@c-24-131-138-21.hsd1.mn.comcast.net) has joined #beagle</span></li>
<li class="quit">[<a href="#T06:47:14" id="T06:47:14"><abbr title="2010-09-24T06:47:14+00:00">06:47:14</abbr></a>] <span>* topfs2 (~topfs2@xbmc/staff/topfs2) Quit (Ping timeout: 272 seconds)</span></li>
<li class="quit">[<a href="#T06:47:47" id="T06:47:47"><abbr title="2010-09-24T06:47:47+00:00">06:47:47</abbr></a>] <span>* GrizzlyAdams (~Grizzly@ip98-184-88-41.mc.at.cox.net) Quit (Quit: Leaving.)</span></li>
<li class="quit">[<a href="#T06:48:48" id="T06:48:48"><abbr title="2010-09-24T06:48:48+00:00">06:48:48</abbr></a>] <span>* nullpuppy (~dustin@freematrix/staff/nullpuppy) Quit (Read error: Connection reset by peer)</span></li>
<li class="join">[<a href="#T06:49:09" id="T06:49:09"><abbr title="2010-09-24T06:49:09+00:00">06:49:09</abbr></a>] <span>* nullpuppy (~dustin@c-24-16-84-118.hsd1.wa.comcast.net) has joined #beagle</span></li>
<li class="quit">[<a href="#T06:50:19" id="T06:50:19"><abbr title="2010-09-24T06:50:19+00:00">06:50:19</abbr></a>] <span>* rsalveti (~rsalveti@201.82.70.219) Quit (Ping timeout: 240 seconds)</span></li>
<li class="quit">[<a href="#T06:50:39" id="T06:50:39"><abbr title="2010-09-24T06:50:39+00:00">06:50:39</abbr></a>] <span>* svolpe (~Gerrath@unaffiliated/gerrath) Quit (Read error: Operation timed out)</span></li>
<li class="join">[<a href="#T06:54:19" id="T06:54:19"><abbr title="2010-09-24T06:54:19+00:00">06:54:19</abbr></a>] <span>* svolpe (~Gerrath@unaffiliated/gerrath) has joined #beagle</span></li>
<li class="join">[<a href="#T06:54:32" id="T06:54:32"><abbr title="2010-09-24T06:54:32+00:00">06:54:32</abbr></a>] <span>* kanru (~kanru@118-168-240-217.dynamic.hinet.net) has joined #beagle</span></li>
<li class="message">[<a href="#T06:55:05" id="T06:55:05"><abbr title="2010-09-24T06:55:05+00:00">06:55:05</abbr></a>] &lt;<cite>hitlin37_</cite>&gt; <q>is there any single step to install all dependency of gcc4.5</q></li>
<li class="quit">[<a href="#T06:56:08" id="T06:56:08"><abbr title="2010-09-24T06:56:08+00:00">06:56:08</abbr></a>] <span>* crazy_pete (~peter@c-24-5-98-89.hsd1.ca.comcast.net) Quit (Quit: Leaving)</span></li>
<li class="join">[<a href="#T07:01:54" id="T07:01:54"><abbr title="2010-09-24T07:01:54+00:00">07:01:54</abbr></a>] <span>* mza (~mza@2001:470:dc88:2:21f:e2ff:fe10:3fa) has joined #beagle</span></li>
<li class="quit">[<a href="#T07:02:19" id="T07:02:19"><abbr title="2010-09-24T07:02:19+00:00">07:02:19</abbr></a>] <span>* Zubair (dd78dc0d@gateway/web/freenode/ip.221.120.220.13) Quit (Quit: Page closed)</span></li>
<li class="nick-change">[<a href="#T07:04:11" id="T07:04:11"><abbr title="2010-09-24T07:04:11+00:00">07:04:11</abbr></a>] <span>* hrw|gone is now known as hrw</span></li>
<li class="join">[<a href="#T07:08:12" id="T07:08:12"><abbr title="2010-09-24T07:08:12+00:00">07:08:12</abbr></a>] <span>* Ceriand|desktop1 (~Ceriand@unaffiliated/ceriand) has joined #beagle</span></li>
<li class="join">[<a href="#T07:08:35" id="T07:08:35"><abbr title="2010-09-24T07:08:35+00:00">07:08:35</abbr></a>] <span>* rsalveti_n900 (~user@189.64.168.135) has joined #beagle</span></li>
<li class="quit">[<a href="#T07:09:43" id="T07:09:43"><abbr title="2010-09-24T07:09:43+00:00">07:09:43</abbr></a>] <span>* Ceriand|desktop (~Ceriand@unaffiliated/ceriand) Quit (Ping timeout: 245 seconds)</span></li>
<li class="quit">[<a href="#T07:10:02" id="T07:10:02"><abbr title="2010-09-24T07:10:02+00:00">07:10:02</abbr></a>] <span>* jesionaj (~dongs@174-18-5-185.tcso.qwest.net) Quit (Read error: Connection reset by peer)</span></li>
<li class="join">[<a href="#T07:10:14" id="T07:10:14"><abbr title="2010-09-24T07:10:14+00:00">07:10:14</abbr></a>] <span>* jesionaj (~dongs@174-18-5-185.tcso.qwest.net) has joined #beagle</span></li>
<li class="quit">[<a href="#T07:11:31" id="T07:11:31"><abbr title="2010-09-24T07:11:31+00:00">07:11:31</abbr></a>] <span>* nullpuppy (~dustin@c-24-16-84-118.hsd1.wa.comcast.net) Quit (Ping timeout: 240 seconds)</span></li>
<li class="join">[<a href="#T07:12:31" id="T07:12:31"><abbr title="2010-09-24T07:12:31+00:00">07:12:31</abbr></a>] <span>* rsalveti (~rsalveti@201.82.70.219) has joined #beagle</span></li>
<li class="message">[<a href="#T07:12:41" id="T07:12:41"><abbr title="2010-09-24T07:12:41+00:00">07:12:41</abbr></a>] &lt;<cite>Belna</cite>&gt; <q>hello</q></li>
<li class="join">[<a href="#T07:14:52" id="T07:14:52"><abbr title="2010-09-24T07:14:52+00:00">07:14:52</abbr></a>] <span>* courville (~courville@archos.rain.fr) has joined #beagle</span></li>
<li class="message">[<a href="#T07:16:03" id="T07:16:03"><abbr title="2010-09-24T07:16:03+00:00">07:16:03</abbr></a>] &lt;<cite>Belna</cite>&gt; <q>has someone experiences with debug of the x-loader?</q></li>
<li class="join">[<a href="#T07:16:49" id="T07:16:49"><abbr title="2010-09-24T07:16:49+00:00">07:16:49</abbr></a>] <span>* jpirko (~jirka@nat/redhat/x-qixvqnjwjiozekbu) has joined #beagle</span></li>
<li class="message">[<a href="#T07:16:50" id="T07:16:50"><abbr title="2010-09-24T07:16:50+00:00">07:16:50</abbr></a>] &lt;<cite>mru</cite>&gt; <q>do you suspect there's a bug there?</q></li>
<li class="message">[<a href="#T07:17:05" id="T07:17:05"><abbr title="2010-09-24T07:17:05+00:00">07:17:05</abbr></a>] &lt;<cite>mru</cite>&gt; <q>debugging x-loader is not something I'd do just for fun</q></li>
<li class="message">[<a href="#T07:17:15" id="T07:17:15"><abbr title="2010-09-24T07:17:15+00:00">07:17:15</abbr></a>] &lt;<cite>Belna</cite>&gt; <q>no, i have a devkit8000 and only got the version 1.41</q></li>
<li class="message">[<a href="#T07:17:29" id="T07:17:29"><abbr title="2010-09-24T07:17:29+00:00">07:17:29</abbr></a>] &lt;<cite>mru</cite>&gt; <q>so get something more recent</q></li>
<li class="message">[<a href="#T07:17:48" id="T07:17:48"><abbr title="2010-09-24T07:17:48+00:00">07:17:48</abbr></a>] &lt;<cite>Belna</cite>&gt; <q>yes, but i cannot find a repository where devkit8000 is included</q></li>
<li class="message">[<a href="#T07:18:04" id="T07:18:04"><abbr title="2010-09-24T07:18:04+00:00">07:18:04</abbr></a>] &lt;<cite>mru</cite>&gt; <q>isn't it mostly beagle-compatible?</q></li>
<li class="message">[<a href="#T07:18:17" id="T07:18:17"><abbr title="2010-09-24T07:18:17+00:00">07:18:17</abbr></a>] &lt;<cite>Belna</cite>&gt; <q>it uses cus-package</q></li>
<li class="message">[<a href="#T07:18:25" id="T07:18:25"><abbr title="2010-09-24T07:18:25+00:00">07:18:25</abbr></a>] &lt;<cite>mru</cite>&gt; <q>wtf is that?</q></li>
<li class="message">[<a href="#T07:18:32" id="T07:18:32"><abbr title="2010-09-24T07:18:32+00:00">07:18:32</abbr></a>] &lt;<cite>mru</cite>&gt; <q>is the mmc connected to the same pins?</q></li>
<li class="message">[<a href="#T07:18:33" id="T07:18:33"><abbr title="2010-09-24T07:18:33+00:00">07:18:33</abbr></a>] &lt;<cite>Belna</cite>&gt; <q>no package on package</q></li>
<li class="message">[<a href="#T07:18:47" id="T07:18:47"><abbr title="2010-09-24T07:18:47+00:00">07:18:47</abbr></a>] &lt;<cite>Belna</cite>&gt; <q>you can see the omap from above :)</q></li>
<li class="quit">[<a href="#T07:19:13" id="T07:19:13"><abbr title="2010-09-24T07:19:13+00:00">07:19:13</abbr></a>] <span>* _don_ (~don@nat/ti/x-hdncetoedhqcuzde) Quit (Ping timeout: 265 seconds)</span></li>
<li class="quit">[<a href="#T07:19:30" id="T07:19:30"><abbr title="2010-09-24T07:19:30+00:00">07:19:30</abbr></a>] <span>* Ceriand|desktop1 (~Ceriand@unaffiliated/ceriand) Quit (Read error: Connection reset by peer)</span></li>
<li class="quit">[<a href="#T07:19:42" id="T07:19:42"><abbr title="2010-09-24T07:19:42+00:00">07:19:42</abbr></a>] <span>* NishanthMenon (~nmenon@nat/ti/x-zvfgjzuekhwwusnm) Quit (Ping timeout: 265 seconds)</span></li>
<li class="join">[<a href="#T07:19:58" id="T07:19:58"><abbr title="2010-09-24T07:19:58+00:00">07:19:58</abbr></a>] <span>* Ceriand|desktop (~Ceriand@unaffiliated/ceriand) has joined #beagle</span></li>
<li class="message">[<a href="#T07:20:34" id="T07:20:34"><abbr title="2010-09-24T07:20:34+00:00">07:20:34</abbr></a>] &lt;<cite>Belna</cite>&gt; <q>mmc is connected</q></li>
<li class="join">[<a href="#T07:20:35" id="T07:20:35"><abbr title="2010-09-24T07:20:35+00:00">07:20:35</abbr></a>] <span>* _don_ (~don@nat/ti/x-syjjwarmyocdpoan) has joined #beagle</span></li>
<li class="message">[<a href="#T07:20:42" id="T07:20:42"><abbr title="2010-09-24T07:20:42+00:00">07:20:42</abbr></a>] &lt;<cite>Belna</cite>&gt; <q>like on beagleboard</q></li>
<li class="join">[<a href="#T07:20:56" id="T07:20:56"><abbr title="2010-09-24T07:20:56+00:00">07:20:56</abbr></a>] <span>* NishanthMenon (~nmenon@nat/ti/x-yiiaixenqdkdwpcv) has joined #beagle</span></li>
<li class="quit">[<a href="#T07:21:23" id="T07:21:23"><abbr title="2010-09-24T07:21:23+00:00">07:21:23</abbr></a>] <span>* Sept (~bakljg@c-24-131-138-21.hsd1.mn.comcast.net) Quit (Ping timeout: 265 seconds)</span></li>
<li class="join">[<a href="#T07:21:49" id="T07:21:49"><abbr title="2010-09-24T07:21:49+00:00">07:21:49</abbr></a>] <span>* nullpuppy (~dustin@c-24-16-84-118.hsd1.wa.comcast.net) has joined #beagle</span></li>
<li class="quit">[<a href="#T07:23:38" id="T07:23:38"><abbr title="2010-09-24T07:23:38+00:00">07:23:38</abbr></a>] <span>* kanru (~kanru@118-168-240-217.dynamic.hinet.net) Quit (Ping timeout: 240 seconds)</span></li>
<li class="join">[<a href="#T07:23:54" id="T07:23:54"><abbr title="2010-09-24T07:23:54+00:00">07:23:54</abbr></a>] <span>* ucasano (~ucasano@host153-182-static.227-95-b.business.telecomitalia.it) has joined #beagle</span></li>
<li class="quit">[<a href="#T07:25:32" id="T07:25:32"><abbr title="2010-09-24T07:25:32+00:00">07:25:32</abbr></a>] <span>* hitlin37_ (6eea0302@gateway/web/freenode/ip.110.234.3.2) Quit (Quit: Page closed)</span></li>
<li class="join">[<a href="#T07:28:01" id="T07:28:01"><abbr title="2010-09-24T07:28:01+00:00">07:28:01</abbr></a>] <span>* Sept (~bakljg@c-24-131-138-21.hsd1.mn.comcast.net) has joined #beagle</span></li>
<li class="join">[<a href="#T07:29:07" id="T07:29:07"><abbr title="2010-09-24T07:29:07+00:00">07:29:07</abbr></a>] <span>* calculus (~calculus@adsl-75-51-66-190.dsl.lsan03.sbcglobal.net) has joined #beagle</span></li>
<li class="quit">[<a href="#T07:29:11" id="T07:29:11"><abbr title="2010-09-24T07:29:11+00:00">07:29:11</abbr></a>] <span>* calculus (~calculus@adsl-75-51-66-190.dsl.lsan03.sbcglobal.net) Quit (Changing host)</span></li>
<li class="join">[<a href="#T07:29:12" id="T07:29:12"><abbr title="2010-09-24T07:29:12+00:00">07:29:12</abbr></a>] <span>* calculus (~calculus@gentoo/user/calculus) has joined #beagle</span></li>
<li class="join">[<a href="#T07:29:42" id="T07:29:42"><abbr title="2010-09-24T07:29:42+00:00">07:29:42</abbr></a>] <span>* woglinde (~heinold@f052238008.adsl.alicedsl.de) has joined #beagle</span></li>
<li class="message">[<a href="#T07:29:49" id="T07:29:49"><abbr title="2010-09-24T07:29:49+00:00">07:29:49</abbr></a>] &lt;<cite>woglinde</cite>&gt; <q>jo</q></li>
<li class="quit">[<a href="#T07:33:14" id="T07:33:14"><abbr title="2010-09-24T07:33:14+00:00">07:33:14</abbr></a>] <span>* cbrake (~cbrake@oh-69-34-21-229.sta.embarqhsd.net) Quit (Ping timeout: 265 seconds)</span></li>
<li class="join">[<a href="#T07:33:34" id="T07:33:34"><abbr title="2010-09-24T07:33:34+00:00">07:33:34</abbr></a>] <span>* cbrake (~cbrake@oh-69-34-21-229.sta.embarqhsd.net) has joined #beagle</span></li>
<li class="quit">[<a href="#T07:34:02" id="T07:34:02"><abbr title="2010-09-24T07:34:02+00:00">07:34:02</abbr></a>] <span>* raster (~raster@enlightenment/developer/raster) Quit (Quit: Gettin' stinky!)</span></li>
<li class="message">[<a href="#T07:35:52" id="T07:35:52"><abbr title="2010-09-24T07:35:52+00:00">07:35:52</abbr></a>] &lt;<cite>mru</cite>&gt; <q>morning woglinde </q></li>
<li class="join">[<a href="#T07:36:39" id="T07:36:39"><abbr title="2010-09-24T07:36:39+00:00">07:36:39</abbr></a>] <span>* raster (~raster@enlightenment/developer/raster) has joined #beagle</span></li>
<li class="message">[<a href="#T07:37:59" id="T07:37:59"><abbr title="2010-09-24T07:37:59+00:00">07:37:59</abbr></a>] &lt;<cite>woglinde</cite>&gt; <q>yo raster</q></li>
<li class="join">[<a href="#T07:38:27" id="T07:38:27"><abbr title="2010-09-24T07:38:27+00:00">07:38:27</abbr></a>] <span>* jpsaman (~jpsaman@86.85.25.127) has joined #beagle</span></li>
<li class="quit">[<abbr title="2010-09-24T07:38:27+00:00">07:38:27</abbr>] <span>* jpsaman (~jpsaman@86.85.25.127) Quit (Changing host)</span></li>
<li class="join">[<abbr title="2010-09-24T07:38:27+00:00">07:38:27</abbr>] <span>* jpsaman (~jpsaman@videolan/developer/jpsaman) has joined #beagle</span></li>
<li class="quit">[<a href="#T07:38:56" id="T07:38:56"><abbr title="2010-09-24T07:38:56+00:00">07:38:56</abbr></a>] <span>* rsalveti_n900 (~user@189.64.168.135) Quit (Quit: Bye)</span></li>
<li class="quit">[<a href="#T07:41:04" id="T07:41:04"><abbr title="2010-09-24T07:41:04+00:00">07:41:04</abbr></a>] <span>* HokieTux (~bhilburn@wireless-5192.wireless.ece.vt.edu) Quit (Ping timeout: 272 seconds)</span></li>
<li class="join">[<a href="#T07:41:37" id="T07:41:37"><abbr title="2010-09-24T07:41:37+00:00">07:41:37</abbr></a>] <span>* HokieTux (~bhilburn@wireless-5192.wireless.ece.vt.edu) has joined #beagle</span></li>
<li class="join">[<a href="#T07:42:41" id="T07:42:41"><abbr title="2010-09-24T07:42:41+00:00">07:42:41</abbr></a>] <span>* hitlin37 (6eea0302@gateway/web/freenode/ip.110.234.3.2) has joined #beagle</span></li>
<li class="quit">[<a href="#T07:46:35" id="T07:46:35"><abbr title="2010-09-24T07:46:35+00:00">07:46:35</abbr></a>] <span>* jesionaj (~dongs@174-18-5-185.tcso.qwest.net) Quit (Read error: Connection reset by peer)</span></li>
<li class="join">[<a href="#T07:46:47" id="T07:46:47"><abbr title="2010-09-24T07:46:47+00:00">07:46:47</abbr></a>] <span>* jesionaj (~dongs@174-18-5-185.tcso.qwest.net) has joined #beagle</span></li>
<li class="quit">[<a href="#T07:51:46" id="T07:51:46"><abbr title="2010-09-24T07:51:46+00:00">07:51:46</abbr></a>] <span>* hitlin37 (6eea0302@gateway/web/freenode/ip.110.234.3.2) Quit (Quit: Page closed)</span></li>
<li class="join">[<a href="#T07:52:04" id="T07:52:04"><abbr title="2010-09-24T07:52:04+00:00">07:52:04</abbr></a>] <span>* _koen_ (~x0115699@nat/ti/x-ltydxthufimxdine) has joined #beagle</span></li>
<li class="message">[<a href="#T07:52:27" id="T07:52:27"><abbr title="2010-09-24T07:52:27+00:00">07:52:27</abbr></a>] &lt;<cite>woglinde</cite>&gt; <q>hi koen</q></li>
<li class="part">[<a href="#T07:52:39" id="T07:52:39"><abbr title="2010-09-24T07:52:39+00:00">07:52:39</abbr></a>] <span>* Sog (~sog@123.50.41.179) has left #beagle</span></li>
<li class="join">[<a href="#T07:56:05" id="T07:56:05"><abbr title="2010-09-24T07:56:05+00:00">07:56:05</abbr></a>] <span>* ceyusa (~vjaquez@155.99.117.91.static.mundo-r.com) has joined #beagle</span></li>
