<li class="quit">[<a href="#T00:00:31" id="T00:00:31"><abbr title="2010-05-11T00:00:31+00:00">00:00:31</abbr></a>] <span>* rcn-ee (~voodoo@thief-pool1-30.mncable.net) Quit (Remote host closed the connection)</span></li>
<li class="join">[<a href="#T00:03:19" id="T00:03:19"><abbr title="2010-05-11T00:03:19+00:00">00:03:19</abbr></a>] <span>* djsmith (~ad0a1986@gateway/web/freenode/x-nydagsuwdtatilco) has joined #beagle</span></li>
<li class="message">[<a href="#T00:03:32" id="T00:03:32"><abbr title="2010-05-11T00:03:32+00:00">00:03:32</abbr></a>] &lt;<cite>djsmith</cite>&gt; <q>Greetings everyone.</q></li>
<li class="join">[<a href="#T00:04:38" id="T00:04:38"><abbr title="2010-05-11T00:04:38+00:00">00:04:38</abbr></a>] <span>* rcn-ee (~voodoo@thief-pool1-30.mncable.net) has joined #beagle</span></li>
<li class="message">[<a href="#T00:05:13" id="T00:05:13"><abbr title="2010-05-11T00:05:13+00:00">00:05:13</abbr></a>] &lt;<cite>djsmith</cite>&gt; <q>I am having a problem with my Lucid 10.04 image. The network interface usb0 does not appear to work. It does work under Angstrom, however. Any ideas on this?</q></li>
<li class="message">[<a href="#T00:06:04" id="T00:06:04"><abbr title="2010-05-11T00:06:04+00:00">00:06:04</abbr></a>] &lt;<cite>rcn-ee</cite>&gt; <q>djsmith, which kernel? Does it show up with? "sudo ifconfig -a"</q></li>
<li class="message">[<a href="#T00:06:30" id="T00:06:30"><abbr title="2010-05-11T00:06:30+00:00">00:06:30</abbr></a>] &lt;<cite>djsmith</cite>&gt; <q>rcn-ee: Linux beagleboard 2.6.32.11-l13 #1 PREEMPT Tue Apr 13 04:25:20 UTC 2010 armv7l GNU/Linux</q></li>
<li class="message">[<a href="#T00:06:34" id="T00:06:34"><abbr title="2010-05-11T00:06:34+00:00">00:06:34</abbr></a>] &lt;<cite>djsmith</cite>&gt; <q>Yes, the interface appears with ifconfig -a.</q></li>
<li class="message">[<a href="#T00:06:58" id="T00:06:58"><abbr title="2010-05-11T00:06:58+00:00">00:06:58</abbr></a>] &lt;<cite>Ikarus</cite>&gt; <q>hrm, silly question, anyone tried to hook up multiple SD cards to the beagleboard, multiplexed on a single MMC/SD pin set that is (just a unique chip select GPIO pin for each) ?</q></li>
<li class="message">[<a href="#T00:07:14" id="T00:07:14"><abbr title="2010-05-11T00:07:14+00:00">00:07:14</abbr></a>] &lt;<cite>Ikarus</cite>&gt; <q>and if not, anyone know what I should watch out for if I want to implement it myself </q></li>
<li class="message">[<a href="#T00:08:11" id="T00:08:11"><abbr title="2010-05-11T00:08:11+00:00">00:08:11</abbr></a>] &lt;<cite>rcn-ee</cite>&gt; <q>okay... yeah we had a discussion on that yesterday on the email list.. it seems to work better with a different config setting.. use this uImage and modules: <a href="http://rcn-ee.homeip.net:81/dl/testing/usbnet/">http://rcn-ee.homeip.net:81/dl/testing/usbnet/</a>  (i'm fighint a lucid gcc bug so i dont' have native *.deb's yet)</q></li>
<li class="message">[<a href="#T00:08:50" id="T00:08:50"><abbr title="2010-05-11T00:08:50+00:00">00:08:50</abbr></a>] &lt;<cite>djsmith</cite>&gt; <q>Ah yes, I saw that discussion. About your URL, I know what to do with the uImage,b ut what do I do with modules.tar.gz?</q></li>
<li class="message">[<a href="#T00:09:10" id="T00:09:10"><abbr title="2010-05-11T00:09:10+00:00">00:09:10</abbr></a>] &lt;<cite>djsmith</cite>&gt; <q>(just extract it over my /lib/modules?)</q></li>
<li class="message">[<a href="#T00:09:39" id="T00:09:39"><abbr title="2010-05-11T00:09:39+00:00">00:09:39</abbr></a>] &lt;<cite>rcn-ee</cite>&gt; <q>just untarr it directly into your root file system ... it's all "/lib/modules/2.6....."</q></li>
<li class="message">[<a href="#T00:10:25" id="T00:10:25"><abbr title="2010-05-11T00:10:25+00:00">00:10:25</abbr></a>] &lt;<cite>rcn-ee</cite>&gt; <q>tester just said he was able to ping so, so i'm assuming it worked beyond that too.. (cross fingers..)</q></li>
<li class="join">[<a href="#T00:10:46" id="T00:10:46"><abbr title="2010-05-11T00:10:46+00:00">00:10:46</abbr></a>] <span>* RobotGrrl (~RobotGrrl@bas2-montreal50-1176032947.dsl.bell.ca) has joined #beagle</span></li>
<li class="message">[<a href="#T00:10:57" id="T00:10:57"><abbr title="2010-05-11T00:10:57+00:00">00:10:57</abbr></a>] &lt;<cite>djsmith</cite>&gt; <q>I'll have a go tomorrow when I get back into work. In the mean time, does the 9.10 image suffer from the same problem?</q></li>
<li class="message">[<a href="#T00:12:20" id="T00:12:20"><abbr title="2010-05-11T00:12:20+00:00">00:12:20</abbr></a>] &lt;<cite>DanaG</cite>&gt; <q>ah, the "eem" not working?</q></li>
<li class="message">[<a href="#T00:12:27" id="T00:12:27"><abbr title="2010-05-11T00:12:27+00:00">00:12:27</abbr></a>] &lt;<cite>DanaG</cite>&gt; <q>It was amusing using wireshark on that.</q></li>
<li class="message">[<a href="#T00:13:29" id="T00:13:29"><abbr title="2010-05-11T00:13:29+00:00">00:13:29</abbr></a>] &lt;<cite>djsmith</cite>&gt; <q>What's the preferred method of cross-compiling software for this version of Ubuntu? I'm running Lucid on my PC.</q></li>
<li class="message">[<a href="#T00:13:39" id="T00:13:39"><abbr title="2010-05-11T00:13:39+00:00">00:13:39</abbr></a>] &lt;<cite>rcn-ee</cite>&gt; <q>yeap... (i run the same kernel config for all debian/ubuntu variants..)</q></li>
<li class="message">[<a href="#T00:13:48" id="T00:13:48"><abbr title="2010-05-11T00:13:48+00:00">00:13:48</abbr></a>] &lt;<cite>djsmith</cite>&gt; <q>I have been working on a Qt (command line) app that I want to cross-compile for the Beagleboard running Ubuntu.</q></li>
<li class="message">[<a href="#T00:14:40" id="T00:14:40"><abbr title="2010-05-11T00:14:40+00:00">00:14:40</abbr></a>] &lt;<cite>rcn-ee</cite>&gt; <q>use angstrom's compiler...  (even thou lucid is 4.4.3 and angstrom's is 4.3..) there's a blueprint in maverick for a ubuntu cross compiler..</q></li>
<li class="message">[<a href="#T00:14:59" id="T00:14:59"><abbr title="2010-05-11T00:14:59+00:00">00:14:59</abbr></a>] &lt;<cite>djsmith</cite>&gt; <q>(by the way, when I wireshark usb0 on my host PC and ping the host from the Beagleboard, I get no packets)</q></li>
<li class="message">[<a href="#T00:15:58" id="T00:15:58"><abbr title="2010-05-11T00:15:58+00:00">00:15:58</abbr></a>] &lt;<cite>djsmith</cite>&gt; <q>rcn-ee: Is there a HOWTO to get started? I've used buildroot in the past to build the toolchain, but Angstrom and OpenEmbedded are foreign to me.</q></li>
<li class="message">[<a href="#T00:16:32" id="T00:16:32"><abbr title="2010-05-11T00:16:32+00:00">00:16:32</abbr></a>] &lt;<cite>DanaG</cite>&gt; <q>djsmith: no packets at all? that's odd... when I tried it, I got framing-error-ish garbage.</q></li>
<li class="quit">[<a href="#T00:16:36" id="T00:16:36"><abbr title="2010-05-11T00:16:36+00:00">00:16:36</abbr></a>] <span>* tlab (~tlab@c-69-243-187-136.hsd1.in.comcast.net) Quit (Quit: Leaving)</span></li>
<li class="join">[<a href="#T00:17:09" id="T00:17:09"><abbr title="2010-05-11T00:17:09+00:00">00:17:09</abbr></a>] <span>* dl9pf (~quassel@p5B214352.dip.t-dialin.net) has joined #beagle</span></li>
<li class="quit">[<abbr title="2010-05-11T00:17:09+00:00">00:17:09</abbr>] <span>* dl9pf (~quassel@p5B214352.dip.t-dialin.net) Quit (Changing host)</span></li>
<li class="join">[<abbr title="2010-05-11T00:17:09+00:00">00:17:09</abbr>] <span>* dl9pf (~quassel@opensuse/member/dl9pf) has joined #beagle</span></li>
<li class="message">[<a href="#T00:17:14" id="T00:17:14"><abbr title="2010-05-11T00:17:14+00:00">00:17:14</abbr></a>] &lt;<cite>rcn-ee</cite>&gt; <q>djsmith, i learned from this one: <a href="http://www.angstrom-distribution.org/building-angstrom">http://www.angstrom-distribution.org/building-angstrom</a>  but then again, i went my own way with debian/ubuntu.. ;)</q></li>
<li class="message">[<a href="#T00:17:19" id="T00:17:19"><abbr title="2010-05-11T00:17:19+00:00">00:17:19</abbr></a>] &lt;<cite>djsmith</cite>&gt; <q>DanaG: That's right. Running right now. I wish I saw framing errors. That would tell me I'm at least seeing *something*.</q></li>
<li class="join">[<a href="#T00:17:37" id="T00:17:37"><abbr title="2010-05-11T00:17:37+00:00">00:17:37</abbr></a>] <span>* rcranetx1 (~rcranetx@nat/ti/x-moqyxqvoozrwkgje) has joined #beagle</span></li>
<li class="quit">[<a href="#T00:18:24" id="T00:18:24"><abbr title="2010-05-11T00:18:24+00:00">00:18:24</abbr></a>] <span>* dl9pf_ (~quassel@p5B214309.dip.t-dialin.net) Quit (Ping timeout: 276 seconds)</span></li>
<li class="message">[<a href="#T00:19:18" id="T00:19:18"><abbr title="2010-05-11T00:19:18+00:00">00:19:18</abbr></a>] &lt;<cite>DanaG</cite>&gt; <q>Random thing to try: g_ether.use_eem=0</q></li>
<li class="message">[<a href="#T00:19:26" id="T00:19:26"><abbr title="2010-05-11T00:19:26+00:00">00:19:26</abbr></a>] &lt;<cite>DanaG</cite>&gt; <q>Makes it use cdc_subset instead.</q></li>
<li class="message">[<a href="#T00:19:58" id="T00:19:58"><abbr title="2010-05-11T00:19:58+00:00">00:19:58</abbr></a>] &lt;<cite>DanaG</cite>&gt; <q>That's a kernel command-line parameter, since g_ether is built-in.</q></li>
<li class="quit">[<a href="#T00:20:19" id="T00:20:19"><abbr title="2010-05-11T00:20:19+00:00">00:20:19</abbr></a>] <span>* rcranetx1 (~rcranetx@nat/ti/x-moqyxqvoozrwkgje) Quit (Client Quit)</span></li>
<li class="message">[<a href="#T00:20:56" id="T00:20:56"><abbr title="2010-05-11T00:20:56+00:00">00:20:56</abbr></a>] &lt;<cite>djlewis</cite>&gt; <q>Ikarus, save yourself the trouble and get a Zippy from TCT</q></li>
<li class="quit">[<a href="#T00:20:59" id="T00:20:59"><abbr title="2010-05-11T00:20:59+00:00">00:20:59</abbr></a>] <span>* rcranetx (~rcranetx@nat/ti/x-ugromccjjqpwecfs) Quit (Ping timeout: 248 seconds)</span></li>
<li class="message">[<a href="#T00:22:34" id="T00:22:34"><abbr title="2010-05-11T00:22:34+00:00">00:22:34</abbr></a>] &lt;<cite>DanaG</cite>&gt; <q>What I use: 3-port ethernet+usb hub</q></li>
<li class="message">[<abbr title="2010-05-11T00:22:34+00:00">00:22:34</abbr>] &lt;<cite>Ikarus</cite>&gt; <q>djlewis: only adds a single SD card slot</q></li>
<li class="message">[<a href="#T00:22:52" id="T00:22:52"><abbr title="2010-05-11T00:22:52+00:00">00:22:52</abbr></a>] &lt;<cite>DanaG</cite>&gt; <q>I wish the beagle xm would do gigabit....</q></li>
<li class="message">[<a href="#T00:22:54" id="T00:22:54"><abbr title="2010-05-11T00:22:54+00:00">00:22:54</abbr></a>] &lt;<cite>Ikarus</cite>&gt; <q>djlewis: and no, I won't use USB for it </q></li>
<li class="message">[<a href="#T00:23:11" id="T00:23:11"><abbr title="2010-05-11T00:23:11+00:00">00:23:11</abbr></a>] &lt;<cite>DanaG</cite>&gt; <q>or there were that marvell ebox.... right now it's just a concept product.</q></li>
<li class="message">[<a href="#T00:24:25" id="T00:24:25"><abbr title="2010-05-11T00:24:25+00:00">00:24:25</abbr></a>] &lt;<cite>djlewis</cite>&gt; <q>Ikarus, well other than that and what emeb  is working on, I am unaware of any other multiple SD work</q></li>
<li class="message">[<a href="#T00:24:45" id="T00:24:45"><abbr title="2010-05-11T00:24:45+00:00">00:24:45</abbr></a>] &lt;<cite>Ikarus</cite>&gt; <q>emeb ?</q></li>
<li class="message">[<a href="#T00:25:29" id="T00:25:29"><abbr title="2010-05-11T00:25:29+00:00">00:25:29</abbr></a>] &lt;<cite>Ikarus</cite>&gt; <q>(ie, what is emeb working on)</q></li>
<li class="message">[<a href="#T00:25:36" id="T00:25:36"><abbr title="2010-05-11T00:25:36+00:00">00:25:36</abbr></a>] &lt;<cite>djlewis</cite>&gt; <q>he built a fpga card with a SD socket, Not sure what it does. Attaches to BB</q></li>
<li class="message">[<a href="#T00:25:40" id="T00:25:40"><abbr title="2010-05-11T00:25:40+00:00">00:25:40</abbr></a>] &lt;<cite>Ikarus</cite>&gt; <q>ah</q></li>
<li class="message">[<a href="#T00:25:50" id="T00:25:50"><abbr title="2010-05-11T00:25:50+00:00">00:25:50</abbr></a>] &lt;<cite>Ikarus</cite>&gt; <q>probably loads the FPGA code from SD</q></li>
<li class="message">[<a href="#T00:26:00" id="T00:26:00"><abbr title="2010-05-11T00:26:00+00:00">00:26:00</abbr></a>] &lt;<cite>Ikarus</cite>&gt; <q>guess I'll be tinkering on my own :)</q></li>
<li class="quit">[<a href="#T00:26:10" id="T00:26:10"><abbr title="2010-05-11T00:26:10+00:00">00:26:10</abbr></a>] <span>* djsmith (~ad0a1986@gateway/web/freenode/x-nydagsuwdtatilco) Quit (Quit: Page closed)</span></li>
<li class="message">[<a href="#T00:26:12" id="T00:26:12"><abbr title="2010-05-11T00:26:12+00:00">00:26:12</abbr></a>] &lt;<cite>djlewis</cite>&gt; <q>sorry I could'nt help</q></li>
<li class="message">[<a href="#T00:26:13" id="T00:26:13"><abbr title="2010-05-11T00:26:13+00:00">00:26:13</abbr></a>] &lt;<cite>DanaG</cite>&gt; <q>Good luck using the Xilinx tools ON the beagle...</q></li>
<li class="message">[<a href="#T00:26:23" id="T00:26:23"><abbr title="2010-05-11T00:26:23+00:00">00:26:23</abbr></a>] &lt;<cite>Ikarus</cite>&gt; <q>djlewis: np</q></li>
<li class="message">[<a href="#T00:26:28" id="T00:26:28"><abbr title="2010-05-11T00:26:28+00:00">00:26:28</abbr></a>] &lt;<cite>DanaG</cite>&gt; <q>They're x86 / x86-64 only.</q></li>
<li class="message">[<abbr title="2010-05-11T00:26:28+00:00">00:26:28</abbr>] &lt;<cite>Ikarus</cite>&gt; <q>djlewis: I know roughly what is needed</q></li>
<li class="message">[<a href="#T00:26:36" id="T00:26:36"><abbr title="2010-05-11T00:26:36+00:00">00:26:36</abbr></a>] &lt;<cite>DanaG</cite>&gt; <q>Even with SPI... how do you load the fpga?</q></li>
<li class="message">[<a href="#T00:26:53" id="T00:26:53"><abbr title="2010-05-11T00:26:53+00:00">00:26:53</abbr></a>] &lt;<cite>Ikarus</cite>&gt; <q>DanaG: the protocol for loading SRAM FPGAs is documented</q></li>
<li class="message">[<a href="#T00:26:58" id="T00:26:58"><abbr title="2010-05-11T00:26:58+00:00">00:26:58</abbr></a>] &lt;<cite>Ikarus</cite>&gt; <q>the bitstream format just isn't</q></li>
<li class="message">[<a href="#T00:27:01" id="T00:27:01"><abbr title="2010-05-11T00:27:01+00:00">00:27:01</abbr></a>] &lt;<cite>Ikarus</cite>&gt; <q>but the tools output that</q></li>
<li class="message">[<a href="#T00:27:45" id="T00:27:45"><abbr title="2010-05-11T00:27:45+00:00">00:27:45</abbr></a>] &lt;<cite>Ikarus</cite>&gt; <q>guess I'll have to patch the SD driver with some additional locks to avoid simultaneous access to a single MMC and have it store the card ID it needs</q></li>
<li class="message">[<a href="#T00:27:53" id="T00:27:53"><abbr title="2010-05-11T00:27:53+00:00">00:27:53</abbr></a>] &lt;<cite>DanaG</cite>&gt; <q>ah.</q></li>
<li class="message">[<a href="#T00:27:58" id="T00:27:58"><abbr title="2010-05-11T00:27:58+00:00">00:27:58</abbr></a>] &lt;<cite>Ikarus</cite>&gt; <q>the hardware is pretty simple, SD cards tristate when they don't get CS</q></li>
<li class="message">[<a href="#T00:28:09" id="T00:28:09"><abbr title="2010-05-11T00:28:09+00:00">00:28:09</abbr></a>] &lt;<cite>djlewis</cite>&gt; <q>mmMmm, chili, cold tater salad and beer :)</q></li>
<li class="message">[<a href="#T00:28:29" id="T00:28:29"><abbr title="2010-05-11T00:28:29+00:00">00:28:29</abbr></a>] &lt;<cite>Ikarus</cite>&gt; <q>so I just need a multiplexer IC to control CS </q></li>
<li class="message">[<a href="#T00:28:38" id="T00:28:38"><abbr title="2010-05-11T00:28:38+00:00">00:28:38</abbr></a>] &lt;<cite>Ikarus</cite>&gt; <q>and mmc 1 is on the expansion connector</q></li>
<li class="message">[<a href="#T00:28:47" id="T00:28:47"><abbr title="2010-05-11T00:28:47+00:00">00:28:47</abbr></a>] &lt;<cite>Ikarus</cite>&gt; <q>which is designed to hook up to cards directly</q></li>
<li class="message">[<a href="#T00:28:56" id="T00:28:56"><abbr title="2010-05-11T00:28:56+00:00">00:28:56</abbr></a>] &lt;<cite>Ikarus</cite>&gt; <q>if I am not mistaken</q></li>
<li class="message">[<a href="#T00:28:58" id="T00:28:58"><abbr title="2010-05-11T00:28:58+00:00">00:28:58</abbr></a>] &lt;<cite>emeb</cite>&gt; <q>hmmmm- my ears are burning...</q></li>
<li class="message">[<a href="#T00:29:58" id="T00:29:58"><abbr title="2010-05-11T00:29:58+00:00">00:29:58</abbr></a>] &lt;<cite>emeb</cite>&gt; <q>The board w/ the microSD is not for use with Beagle - just an example of SMD hotplate soldering for koen.</q></li>
<li class="message">[<a href="#T00:30:46" id="T00:30:46"><abbr title="2010-05-11T00:30:46+00:00">00:30:46</abbr></a>] &lt;<cite>emeb</cite>&gt; <q>the board for Beagle is just an FPGA &amp; has no flash / SD on it. All FPGA bitstream comes from Beagle via SPI.</q></li>
<li class="message">[<a href="#T00:30:55" id="T00:30:55"><abbr title="2010-05-11T00:30:55+00:00">00:30:55</abbr></a>] &lt;<cite>djlewis</cite>&gt; <q>that's what i get for passing names :(</q></li>
<li class="message">[<a href="#T00:31:18" id="T00:31:18"><abbr title="2010-05-11T00:31:18+00:00">00:31:18</abbr></a>] &lt;<cite>emeb</cite>&gt; <q>:) np - just clarifying.</q></li>
<li class="action">[<a href="#T00:31:40" id="T00:31:40"><abbr title="2010-05-11T00:31:40+00:00">00:31:40</abbr></a>] <span>* djlewis should have looked closer at picture earlier</span></li>
<li class="message">[<a href="#T00:32:15" id="T00:32:15"><abbr title="2010-05-11T00:32:15+00:00">00:32:15</abbr></a>] &lt;<cite>emeb</cite>&gt; <q>that board has dsPIC on to read SD card &amp; load FPGA. Works pretty well.</q></li>
<li class="message">[<a href="#T00:33:14" id="T00:33:14"><abbr title="2010-05-11T00:33:14+00:00">00:33:14</abbr></a>] &lt;<cite>emeb</cite>&gt; <q>and to DanaG's point - yes, FPGA bitstream will have to be compiled on x86 machine. Tools are free tho...</q></li>
<li class="message">[<a href="#T00:33:47" id="T00:33:47"><abbr title="2010-05-11T00:33:47+00:00">00:33:47</abbr></a>] &lt;<cite>DanaG</cite>&gt; <q>hmm, which "Free"?  Last time I checked, the Xilinx tools were expensive.</q></li>
<li class="message">[<a href="#T00:34:22" id="T00:34:22"><abbr title="2010-05-11T00:34:22+00:00">00:34:22</abbr></a>] &lt;<cite>emeb</cite>&gt; <q>Xilinx ISE Webpack is a free download &amp; handles most parts in the Spartan3* family.</q></li>
<li class="message">[<a href="#T00:34:33" id="T00:34:33"><abbr title="2010-05-11T00:34:33+00:00">00:34:33</abbr></a>] &lt;<cite>DanaG</cite>&gt; <q>ah... forgot that.</q></li>
<li class="message">[<a href="#T00:34:36" id="T00:34:36"><abbr title="2010-05-11T00:34:36+00:00">00:34:36</abbr></a>] &lt;<cite>emeb</cite>&gt; <q>Definitely good for the part I'm using...</q></li>
<li class="message">[<a href="#T00:34:53" id="T00:34:53"><abbr title="2010-05-11T00:34:53+00:00">00:34:53</abbr></a>] &lt;<cite>emeb</cite>&gt; <q>And runs on Linux too.</q></li>
<li class="message">[<a href="#T00:35:12" id="T00:35:12"><abbr title="2010-05-11T00:35:12+00:00">00:35:12</abbr></a>] &lt;<cite>DanaG</cite>&gt; <q>Over the summer, I tried to get Linux booted on a Virtex-5 board...  ouch.  So many broken or nonexisting tools.</q></li>
<li class="message">[<a href="#T00:35:44" id="T00:35:44"><abbr title="2010-05-11T00:35:44+00:00">00:35:44</abbr></a>] &lt;<cite>emeb</cite>&gt; <q>Running Linux on their Microblaze soft CPU sounds like asking for trouble.</q></li>
<li class="message">[<a href="#T00:36:50" id="T00:36:50"><abbr title="2010-05-11T00:36:50+00:00">00:36:50</abbr></a>] &lt;<cite>DanaG</cite>&gt; <q>Yup.</q></li>
<li class="message">[<a href="#T00:37:06" id="T00:37:06"><abbr title="2010-05-11T00:37:06+00:00">00:37:06</abbr></a>] &lt;<cite>DanaG</cite>&gt; <q>The .30 kernel added "support" for it... but yet there was no publicly available GCC to build it!</q></li>
<li class="message">[<a href="#T00:37:26" id="T00:37:26"><abbr title="2010-05-11T00:37:26+00:00">00:37:26</abbr></a>] &lt;<cite>emeb</cite>&gt; <q>I haven't ever used the EDK or on-FPGA CPUs. Always have an external MCU running the show. Cheaper, better performance, better tools.</q></li>
<li class="message">[<a href="#T00:37:51" id="T00:37:51"><abbr title="2010-05-11T00:37:51+00:00">00:37:51</abbr></a>] &lt;<cite>DanaG</cite>&gt; <q>Why pay $$$ and god-only-knows how many watts (came with a 120W brick) when you can get a beagle?</q></li>
<li class="message">[<a href="#T00:37:53" id="T00:37:53"><abbr title="2010-05-11T00:37:53+00:00">00:37:53</abbr></a>] &lt;<cite>DanaG</cite>&gt; <q>=??</q></li>
<li class="message">[<a href="#T00:38:08" id="T00:38:08"><abbr title="2010-05-11T00:38:08+00:00">00:38:08</abbr></a>] &lt;<cite>DanaG</cite>&gt; <q>Hmm, do you have any specific plans for what to do with the fpga attached to the beagle?</q></li>
<li class="message">[<a href="#T00:39:56" id="T00:39:56"><abbr title="2010-05-11T00:39:56+00:00">00:39:56</abbr></a>] &lt;<cite>emeb</cite>&gt; <q>A few things: Interfacing to specific peripherals (Digilent has PMOD cards for SD socket, Ethernet, audio output, motor control, etc), thinking about co-processor apps, and finally Software Defined Radio (I've got some HF TX/RX cards in the works)</q></li>
<li class="message">[<a href="#T00:40:19" id="T00:40:19"><abbr title="2010-05-11T00:40:19+00:00">00:40:19</abbr></a>] &lt;<cite>emeb</cite>&gt; <q>SDR is the main motivator though. </q></li>
<li class="message">[<a href="#T00:40:24" id="T00:40:24"><abbr title="2010-05-11T00:40:24+00:00">00:40:24</abbr></a>] &lt;<cite>DanaG</cite>&gt; <q>Oh yeah, digilent now has an RF thingy, as well.</q></li>
<li class="message">[<a href="#T00:40:47" id="T00:40:47"><abbr title="2010-05-11T00:40:47+00:00">00:40:47</abbr></a>] &lt;<cite>DanaG</cite>&gt; <q>In my embedded-systems class, some classmates made a crude AM radio using ONLY the ADC and DAC modules.</q></li>
<li class="message">[<a href="#T00:40:57" id="T00:40:57"><abbr title="2010-05-11T00:40:57+00:00">00:40:57</abbr></a>] &lt;<cite>emeb</cite>&gt; <q>Yes - but it's got the full PHY on-chip so you don't get to muck with the waveforms.</q></li>
<li class="message">[<a href="#T00:41:13" id="T00:41:13"><abbr title="2010-05-11T00:41:13+00:00">00:41:13</abbr></a>] &lt;<cite>emeb</cite>&gt; <q>Yep - AM radio is doable - sample rates are low enough.</q></li>
<li class="message">[<a href="#T00:41:30" id="T00:41:30"><abbr title="2010-05-11T00:41:30+00:00">00:41:30</abbr></a>] &lt;<cite>ds2</cite>&gt; <q>emeb: what ADC?</q></li>
<li class="message">[<a href="#T00:41:39" id="T00:41:39"><abbr title="2010-05-11T00:41:39+00:00">00:41:39</abbr></a>] &lt;<cite>emeb</cite>&gt; <q>With an FPGA though I can cover 80kHz - 20MHz.</q></li>
<li class="message">[<a href="#T00:41:46" id="T00:41:46"><abbr title="2010-05-11T00:41:46+00:00">00:41:46</abbr></a>] &lt;<cite>DanaG</cite>&gt; <q>The class used the nexys2 + parallel lcd + DAC.</q></li>
<li class="message">[<a href="#T00:41:51" id="T00:41:51"><abbr title="2010-05-11T00:41:51+00:00">00:41:51</abbr></a>] &lt;<cite>DanaG</cite>&gt; <q>I instead got S3E Starter Kit.</q></li>
<li class="message">[<a href="#T00:42:20" id="T00:42:20"><abbr title="2010-05-11T00:42:20+00:00">00:42:20</abbr></a>] &lt;<cite>emeb</cite>&gt; <q>The RX card uses a TI analog frontend chip that samples @ 80MHz and then decimates/tunes/filters down to ~2.5MHz BW.</q></li>
<li class="message">[<a href="#T00:43:01" id="T00:43:01"><abbr title="2010-05-11T00:43:01+00:00">00:43:01</abbr></a>] &lt;<cite>ds2</cite>&gt; <q>Nice... can it hear down to -150dBm?</q></li>
<li class="message">[<a href="#T00:44:09" id="T00:44:09"><abbr title="2010-05-11T00:44:09+00:00">00:44:09</abbr></a>] &lt;<cite>djlewis</cite>&gt; <q>ds2, what? you wanna hear a gnat fart?</q></li>
<li class="quit">[<a href="#T00:49:23" id="T00:49:23"><abbr title="2010-05-11T00:49:23+00:00">00:49:23</abbr></a>] <span>* ddompe (~ddompe@186.32.57.22) Quit (Ping timeout: 240 seconds)</span></li>
<li class="message">[<a href="#T00:50:56" id="T00:50:56"><abbr title="2010-05-11T00:50:56+00:00">00:50:56</abbr></a>] &lt;<cite>djlewis</cite>&gt; <q>ya could've heard a pin drop . . .</q></li>
<li class="join">[<a href="#T00:55:31" id="T00:55:31"><abbr title="2010-05-11T00:55:31+00:00">00:55:31</abbr></a>] <span>* kanru (~kanru@61-30-10-70.static.tfn.net.tw) has joined #beagle</span></li>
<li class="join">[<a href="#T00:55:40" id="T00:55:40"><abbr title="2010-05-11T00:55:40+00:00">00:55:40</abbr></a>] <span>* ddompe (~ddompe@ip221-27-10-190.ct.co.cr) has joined #beagle</span></li>
<li class="message">[<a href="#T00:56:03" id="T00:56:03"><abbr title="2010-05-11T00:56:03+00:00">00:56:03</abbr></a>] &lt;<cite>Ikarus</cite>&gt; <q>hmz, meh</q></li>
<li class="message">[<a href="#T00:56:11" id="T00:56:11"><abbr title="2010-05-11T00:56:11+00:00">00:56:11</abbr></a>] &lt;<cite>Ikarus</cite>&gt; <q>turns out SD only has a CS line when used in 1 bit mode</q></li>
<li class="message">[<a href="#T00:56:13" id="T00:56:13"><abbr title="2010-05-11T00:56:13+00:00">00:56:13</abbr></a>] &lt;<cite>Ikarus</cite>&gt; <q>not in 4 </q></li>
<li class="quit">[<a href="#T00:56:31" id="T00:56:31"><abbr title="2010-05-11T00:56:31+00:00">00:56:31</abbr></a>] <span>* ddompe (~ddompe@ip221-27-10-190.ct.co.cr) Quit (Client Quit)</span></li>
<li class="message">[<a href="#T00:57:24" id="T00:57:24"><abbr title="2010-05-11T00:57:24+00:00">00:57:24</abbr></a>] &lt;<cite>Ikarus</cite>&gt; <q>so if I want 4 bit mode I need to add a buffer chip with tristating </q></li>
<li class="message">[<a href="#T00:59:59" id="T00:59:59"><abbr title="2010-05-11T00:59:59+00:00">00:59:59</abbr></a>] &lt;<cite>Ikarus</cite>&gt; <q>though in theory even 1 bit mode provides acceptable performance if I run the bus at 48Mhz (which iirc is supported)</q></li>
<li class="quit">[<a href="#T01:01:05" id="T01:01:05"><abbr title="2010-05-11T01:01:05+00:00">01:01:05</abbr></a>] <span>* rcn-ee (~voodoo@thief-pool1-30.mncable.net) Quit (Remote host closed the connection)</span></li>
<li class="join">[<a href="#T01:03:17" id="T01:03:17"><abbr title="2010-05-11T01:03:17+00:00">01:03:17</abbr></a>] <span>* rcn-ee (~voodoo@thief-pool1-30.mncable.net) has joined #beagle</span></li>
<li class="quit">[<a href="#T01:03:43" id="T01:03:43"><abbr title="2010-05-11T01:03:43+00:00">01:03:43</abbr></a>] <span>* jonrp (~Dead1nsid@78.86.212.180) Quit (Quit: Leaving)</span></li>
<li class="message">[<a href="#T01:04:57" id="T01:04:57"><abbr title="2010-05-11T01:04:57+00:00">01:04:57</abbr></a>] &lt;<cite>emeb</cite>&gt; <q>ds2: this part: <a href="http://focus.ti.com/docs/prod/folders/print/afedri8201.html">http://focus.ti.com/docs/prod/folders/print/afedri8201.html</a></q></li>
<li class="message">[<a href="#T01:06:26" id="T01:06:26"><abbr title="2010-05-11T01:06:26+00:00">01:06:26</abbr></a>] &lt;<cite>ds2</cite>&gt; <q>yes, I want to hear a gnat fart</q></li>
<li class="message">[<a href="#T01:07:00" id="T01:07:00"><abbr title="2010-05-11T01:07:00+00:00">01:07:00</abbr></a>] &lt;<cite>ds2</cite>&gt; <q>not instrument grade</q></li>
<li class="join">[<a href="#T01:12:28" id="T01:12:28"><abbr title="2010-05-11T01:12:28+00:00">01:12:28</abbr></a>] <span>* guybrush (~billybeaw@ppp-61-90-23-66.revip.asianet.co.th) has joined #beagle</span></li>
<li class="message">[<a href="#T01:13:03" id="T01:13:03"><abbr title="2010-05-11T01:13:03+00:00">01:13:03</abbr></a>] &lt;<cite>emeb</cite>&gt; <q>nope - although that depends on your definition of instrument grade.</q></li>
<li class="message">[<a href="#T01:13:21" id="T01:13:21"><abbr title="2010-05-11T01:13:21+00:00">01:13:21</abbr></a>] &lt;<cite>emeb</cite>&gt; <q>12-bits @ 80MSPS is no great shakes these days.</q></li>
<li class="message">[<a href="#T01:13:38" id="T01:13:38"><abbr title="2010-05-11T01:13:38+00:00">01:13:38</abbr></a>] &lt;<cite>emeb</cite>&gt; <q>OTOH, it will get the job done for proof-of-concept.</q></li>
<li class="message">[<a href="#T01:13:50" id="T01:13:50"><abbr title="2010-05-11T01:13:50+00:00">01:13:50</abbr></a>] &lt;<cite>ds2</cite>&gt; <q>the toys the spectrum analyzers play with goes down to almost -200dBm</q></li>
<li class="message">[<a href="#T01:13:54" id="T01:13:54"><abbr title="2010-05-11T01:13:54+00:00">01:13:54</abbr></a>] &lt;<cite>ds2</cite>&gt; <q>much much quieter</q></li>
<li class="message">[<a href="#T01:14:07" id="T01:14:07"><abbr title="2010-05-11T01:14:07+00:00">01:14:07</abbr></a>] &lt;<cite>ds2</cite>&gt; <q>think they are limited by kT noise</q></li>
<li class="message">[<a href="#T01:15:07" id="T01:15:07"><abbr title="2010-05-11T01:15:07+00:00">01:15:07</abbr></a>] &lt;<cite>emeb</cite>&gt; <q>Depends on how much you want to spend on the spectrum analyzer. I've got an Agilent E4402B here that does just fine, but costs ~$15k new.</q></li>
<li class="message">[<a href="#T01:15:18" id="T01:15:18"><abbr title="2010-05-11T01:15:18+00:00">01:15:18</abbr></a>] &lt;<cite>emeb</cite>&gt; <q>And that's considered low-end.</q></li>
<li class="quit">[<a href="#T01:21:07" id="T01:21:07"><abbr title="2010-05-11T01:21:07+00:00">01:21:07</abbr></a>] <span>* kanru (~kanru@61-30-10-70.static.tfn.net.tw) Quit (Quit: WeeChat 0.3.2)</span></li>
<li class="quit">[<a href="#T01:24:16" id="T01:24:16"><abbr title="2010-05-11T01:24:16+00:00">01:24:16</abbr></a>] <span>* alancam_ (~a-campbel@nat/ti/x-wgvabjbftplmvflc) Quit ()</span></li>
<li class="join">[<a href="#T01:29:36" id="T01:29:36"><abbr title="2010-05-11T01:29:36+00:00">01:29:36</abbr></a>] <span>* raster (~raster@enlightenment/developer/raster) has joined #beagle</span></li>
<li class="message">[<a href="#T01:32:09" id="T01:32:09"><abbr title="2010-05-11T01:32:09+00:00">01:32:09</abbr></a>] &lt;<cite>ds2</cite>&gt; <q>*nod*</q></li>
<li class="message">[<a href="#T01:34:57" id="T01:34:57"><abbr title="2010-05-11T01:34:57+00:00">01:34:57</abbr></a>] &lt;<cite>emeb</cite>&gt; <q>getting ready to solder down the FPGA - building an FPGA 'hello world' design to test it out...</q></li>
<li class="message">[<a href="#T01:35:12" id="T01:35:12"><abbr title="2010-05-11T01:35:12+00:00">01:35:12</abbr></a>] &lt;<cite>emeb</cite>&gt; <q>(blinky LED at fixed divider from clock osc).</q></li>
<li class="join">[<a href="#T01:35:36" id="T01:35:36"><abbr title="2010-05-11T01:35:36+00:00">01:35:36</abbr></a>] <span>* tlab (~tlab@c-69-243-187-136.hsd1.in.comcast.net) has joined #beagle</span></li>
<li class="message">[<a href="#T01:38:26" id="T01:38:26"><abbr title="2010-05-11T01:38:26+00:00">01:38:26</abbr></a>] &lt;<cite>ds2</cite>&gt; <q>why not a giant ring oscillator using all the pins? ;)</q></li>
<li class="quit">[<a href="#T01:38:37" id="T01:38:37"><abbr title="2010-05-11T01:38:37+00:00">01:38:37</abbr></a>] <span>* guybrush (~billybeaw@ppp-61-90-23-66.revip.asianet.co.th) Quit (Quit: [BX] Silly wabbit, BitchX is for kids!)</span></li>
<li class="message">[<a href="#T01:39:38" id="T01:39:38"><abbr title="2010-05-11T01:39:38+00:00">01:39:38</abbr></a>] &lt;<cite>emeb</cite>&gt; <q>...and all the internal gates!</q></li>
<li class="quit">[<a href="#T01:39:40" id="T01:39:40"><abbr title="2010-05-11T01:39:40+00:00">01:39:40</abbr></a>] <span>* RobotGrrl (~RobotGrrl@bas2-montreal50-1176032947.dsl.bell.ca) Quit (Quit: RobotGrrl)</span></li>
<li class="message">[<a href="#T01:39:50" id="T01:39:50"><abbr title="2010-05-11T01:39:50+00:00">01:39:50</abbr></a>] &lt;<cite>emeb</cite>&gt; <q>stress-test the power supply.</q></li>
<li class="message">[<a href="#T01:43:35" id="T01:43:35"><abbr title="2010-05-11T01:43:35+00:00">01:43:35</abbr></a>] &lt;<cite>ds2</cite>&gt; <q>surely, you are powering off the 1.8V rail on the expansion connector, right? :D</q></li>
<li class="quit">[<a href="#T01:44:51" id="T01:44:51"><abbr title="2010-05-11T01:44:51+00:00">01:44:51</abbr></a>] <span>* DanaG (~dana@66-169-236-186.static.snlo.ca.charter.com) Quit (Quit: Running with ???.  And throwing ?????? at stuff.  I ??? Unicode!)</span></li>
<li class="join">[<a href="#T01:45:37" id="T01:45:37"><abbr title="2010-05-11T01:45:37+00:00">01:45:37</abbr></a>] <span>* DanaG (~dana@66-169-236-186.static.snlo.ca.charter.com) has joined #beagle</span></li>
<li class="quit">[<a href="#T01:46:24" id="T01:46:24"><abbr title="2010-05-11T01:46:24+00:00">01:46:24</abbr></a>] <span>* beginner (~816e055a@gateway/web/freenode/x-jzxlzzoilpucrmek) Quit (Ping timeout: 252 seconds)</span></li>
<li class="join">[<a href="#T01:52:01" id="T01:52:01"><abbr title="2010-05-11T01:52:01+00:00">01:52:01</abbr></a>] <span>* kanru (~kanru@61-30-10-70.static.tfn.net.tw) has joined #beagle</span></li>
<li class="quit">[<a href="#T01:52:39" id="T01:52:39"><abbr title="2010-05-11T01:52:39+00:00">01:52:39</abbr></a>] <span>* DanaG (~dana@66-169-236-186.static.snlo.ca.charter.com) Quit (Quit: Running with ???.  And throwing ?????? at stuff.  I ??? Unicode!)</span></li>
<li class="join">[<a href="#T01:57:27" id="T01:57:27"><abbr title="2010-05-11T01:57:27+00:00">01:57:27</abbr></a>] <span>* DanaG (~dana@66-169-236-186.static.snlo.ca.charter.com) has joined #beagle</span></li>
<li class="message">[<a href="#T01:58:23" id="T01:58:23"><abbr title="2010-05-11T01:58:23+00:00">01:58:23</abbr></a>] &lt;<cite>emeb</cite>&gt; <q>uhhh... yeah...</q></li>
<li class="join">[<a href="#T01:58:25" id="T01:58:25"><abbr title="2010-05-11T01:58:25+00:00">01:58:25</abbr></a>] <span>* guybrush (~billybeaw@ppp-61-90-23-66.revip.asianet.co.th) has joined #beagle</span></li>
<li class="quit">[<a href="#T02:01:56" id="T02:01:56"><abbr title="2010-05-11T02:01:56+00:00">02:01:56</abbr></a>] <span>* begin (~7aac57aa@gateway/web/freenode/x-prxwvoolzpjtehlc) Quit (Quit: Page closed)</span></li>
<li class="join">[<a href="#T02:02:44" id="T02:02:44"><abbr title="2010-05-11T02:02:44+00:00">02:02:44</abbr></a>] <span>* RobotGrrl (~RobotGrrl@bas2-montreal50-1176032947.dsl.bell.ca) has joined #beagle</span></li>
<li class="message">[<a href="#T02:26:08" id="T02:26:08"><abbr title="2010-05-11T02:26:08+00:00">02:26:08</abbr></a>] &lt;<cite>emeb</cite>&gt; <q>whee - FPGA is down, JTAG programming works. LED blinks.</q></li>
<li class="message">[<a href="#T02:49:48" id="T02:49:48"><abbr title="2010-05-11T02:49:48+00:00">02:49:48</abbr></a>] &lt;<cite>djlewis</cite>&gt; <q>emeb,  is this good ;)</q></li>
<li class="message">[<a href="#T02:50:32" id="T02:50:32"><abbr title="2010-05-11T02:50:32+00:00">02:50:32</abbr></a>] &lt;<cite>cwillu</cite>&gt; <q>djlewis, jtag programming is never good</q></li>
<li class="message">[<a href="#T02:53:16" id="T02:53:16"><abbr title="2010-05-11T02:53:16+00:00">02:53:16</abbr></a>] &lt;<cite>djlewis</cite>&gt; <q>I dont like replacing ccfl's in monitors or laptops :P</q></li>
<li class="quit">[<a href="#T02:58:07" id="T02:58:07"><abbr title="2010-05-11T02:58:07+00:00">02:58:07</abbr></a>] <span>* RobotGrrl (~RobotGrrl@bas2-montreal50-1176032947.dsl.bell.ca) Quit (Quit: RobotGrrl)</span></li>
<li class="message">[<a href="#T02:58:11" id="T02:58:11"><abbr title="2010-05-11T02:58:11+00:00">02:58:11</abbr></a>] &lt;<cite>emeb</cite>&gt; <q>djlewis: this is good. It's the 1st step to proving the part is working correctly. Next I buzz-out all the I/O &amp; make sure the levels are safe for the Beagle board. Then hook it to beagle &amp; power up. After that I enter the vale of software woe. :)</q></li>
<li class="quit">[<a href="#T02:59:44" id="T02:59:44"><abbr title="2010-05-11T02:59:44+00:00">02:59:44</abbr></a>] <span>* DanaG (~dana@66-169-236-186.static.snlo.ca.charter.com) Quit (Read error: Connection reset by peer)</span></li>
<li class="join">[<a href="#T03:02:17" id="T03:02:17"><abbr title="2010-05-11T03:02:17+00:00">03:02:17</abbr></a>] <span>* cody_ (~cody@dslb-084-056-091-096.pools.arcor-ip.net) has joined #beagle</span></li>
<li class="quit">[<a href="#T03:03:45" id="T03:03:45"><abbr title="2010-05-11T03:03:45+00:00">03:03:45</abbr></a>] <span>* cody (~cody@dslb-084-056-123-151.pools.arcor-ip.net) Quit (Ping timeout: 240 seconds)</span></li>
<li class="quit">[<abbr title="2010-05-11T03:03:45+00:00">03:03:45</abbr>] <span>* Ikarus (~ikarus@dhcp-077-250-195-114.chello.nl) Quit (Ping timeout: 240 seconds)</span></li>
<li class="quit">[<abbr title="2010-05-11T03:03:45+00:00">03:03:45</abbr>] <span>* bgamari (~ben@pool-96-233-177-221.spfdma.east.verizon.net) Quit (Ping timeout: 240 seconds)</span></li>
<li class="join">[<a href="#T03:04:09" id="T03:04:09"><abbr title="2010-05-11T03:04:09+00:00">03:04:09</abbr></a>] <span>* DanaG (~dana@66-169-236-186.static.snlo.ca.charter.com) has joined #beagle</span></li>
<li class="join">[<a href="#T03:04:34" id="T03:04:34"><abbr title="2010-05-11T03:04:34+00:00">03:04:34</abbr></a>] <span>* bgamari (~ben@pool-96-233-177-221.spfdma.east.verizon.net) has joined #beagle</span></li>
<li class="join">[<a href="#T03:04:41" id="T03:04:41"><abbr title="2010-05-11T03:04:41+00:00">03:04:41</abbr></a>] <span>* Ikarus (~ikarus@dhcp-077-250-195-114.chello.nl) has joined #beagle</span></li>
<li class="quit">[<a href="#T03:04:45" id="T03:04:45"><abbr title="2010-05-11T03:04:45+00:00">03:04:45</abbr></a>] <span>* armin76 (~armin@gentoo/developer/armin76) Quit (Ping timeout: 240 seconds)</span></li>
<li class="quit">[<a href="#T03:05:45" id="T03:05:45"><abbr title="2010-05-11T03:05:45+00:00">03:05:45</abbr></a>] <span>* wroberts1 (~klogd@qbang.org) Quit (Ping timeout: 240 seconds)</span></li>
<li class="join">[<a href="#T03:06:39" id="T03:06:39"><abbr title="2010-05-11T03:06:39+00:00">03:06:39</abbr></a>] <span>* armin76 (~armin@gentoo/developer/armin76) has joined #beagle</span></li>
<li class="join">[<a href="#T03:06:51" id="T03:06:51"><abbr title="2010-05-11T03:06:51+00:00">03:06:51</abbr></a>] <span>* wroberts1 (~klogd@qbang.org) has joined #beagle</span></li>
<li class="join">[<a href="#T03:07:00" id="T03:07:00"><abbr title="2010-05-11T03:07:00+00:00">03:07:00</abbr></a>] <span>* pablo (~pablo@201.250.179.169) has joined #beagle</span></li>
<li class="quit">[<a href="#T03:07:16" id="T03:07:16"><abbr title="2010-05-11T03:07:16+00:00">03:07:16</abbr></a>] <span>* pablo (~pablo@201.250.179.169) Quit (Remote host closed the connection)</span></li>
<li class="join">[<a href="#T03:09:36" id="T03:09:36"><abbr title="2010-05-11T03:09:36+00:00">03:09:36</abbr></a>] <span>* emeb|mac (~ericb@ip72-223-81-194.ph.ph.cox.net) has joined #beagle</span></li>
<li class="quit">[<a href="#T03:10:02" id="T03:10:02"><abbr title="2010-05-11T03:10:02+00:00">03:10:02</abbr></a>] <span>* tlab (~tlab@c-69-243-187-136.hsd1.in.comcast.net) Quit (Quit: Leaving)</span></li>
<li class="quit">[<a href="#T03:16:19" id="T03:16:19"><abbr title="2010-05-11T03:16:19+00:00">03:16:19</abbr></a>] <span>* cwillu (~cwillu@cwillu.com) Quit (Ping timeout: 265 seconds)</span></li>
<li class="quit">[<a href="#T03:16:39" id="T03:16:39"><abbr title="2010-05-11T03:16:39+00:00">03:16:39</abbr></a>] <span>* djlewis (~djlewis@65-70-11-176.dsl.tcworks.net) Quit (Ping timeout: 276 seconds)</span></li>
<li class="join">[<a href="#T03:17:13" id="T03:17:13"><abbr title="2010-05-11T03:17:13+00:00">03:17:13</abbr></a>] <span>* cwillu (~cwillu@cwillu.com) has joined #beagle</span></li>
<li class="quit">[<a href="#T03:17:15" id="T03:17:15"><abbr title="2010-05-11T03:17:15+00:00">03:17:15</abbr></a>] <span>* marcheu (~marcheu@annarchy.freedesktop.org) Quit (Ping timeout: 240 seconds)</span></li>
<li class="join">[<a href="#T03:18:09" id="T03:18:09"><abbr title="2010-05-11T03:18:09+00:00">03:18:09</abbr></a>] <span>* marcheu (~marcheu@annarchy.freedesktop.org) has joined #beagle</span></li>
<li class="quit">[<a href="#T03:18:15" id="T03:18:15"><abbr title="2010-05-11T03:18:15+00:00">03:18:15</abbr></a>] <span>* Ceriand|work (~Ceriand@unaffiliated/ceriand) Quit (Ping timeout: 240 seconds)</span></li>
<li class="quit">[<a href="#T03:19:40" id="T03:19:40"><abbr title="2010-05-11T03:19:40+00:00">03:19:40</abbr></a>] <span>* guybrush (~billybeaw@ppp-61-90-23-66.revip.asianet.co.th) Quit (Quit: [BX] I theenk I need a beeger box!)</span></li>
<li class="join">[<a href="#T03:20:06" id="T03:20:06"><abbr title="2010-05-11T03:20:06+00:00">03:20:06</abbr></a>] <span>* Ceriand|work (~Ceriand@unaffiliated/ceriand) has joined #beagle</span></li>
<li class="join">[<a href="#T03:32:38" id="T03:32:38"><abbr title="2010-05-11T03:32:38+00:00">03:32:38</abbr></a>] <span>* nerxgas (~turtle@adsl-76-232-2-224.dsl.scrm01.sbcglobal.net) has joined #beagle</span></li>
<li class="join">[<a href="#T03:35:28" id="T03:35:28"><abbr title="2010-05-11T03:35:28+00:00">03:35:28</abbr></a>] <span>* Nilly (~73fc6807@gateway/web/freenode/x-gqtgeiushezcjsly) has joined #beagle</span></li>
<li class="join">[<a href="#T03:39:44" id="T03:39:44"><abbr title="2010-05-11T03:39:44+00:00">03:39:44</abbr></a>] <span>* _koen_ (~x0115699@nat/ti/x-klrjrjrzxshiwbng) has joined #beagle</span></li>
<li class="quit">[<a href="#T03:40:15" id="T03:40:15"><abbr title="2010-05-11T03:40:15+00:00">03:40:15</abbr></a>] <span>* htns (~htns@61.6.64.6) Quit (Ping timeout: 240 seconds)</span></li>
<li class="join">[<a href="#T03:40:32" id="T03:40:32"><abbr title="2010-05-11T03:40:32+00:00">03:40:32</abbr></a>] <span>* aholler_ (~aholler@p57B23D75.dip0.t-ipconnect.de) has joined #beagle</span></li>
<li class="quit">[<a href="#T03:42:15" id="T03:42:15"><abbr title="2010-05-11T03:42:15+00:00">03:42:15</abbr></a>] <span>* _koen_1 (~x0115699@nat/ti/x-bixdzdmiiumtmoch) Quit (Ping timeout: 240 seconds)</span></li>
<li class="quit">[<a href="#T03:44:27" id="T03:44:27"><abbr title="2010-05-11T03:44:27+00:00">03:44:27</abbr></a>] <span>* aholler (~aholler@p57B22CC4.dip0.t-ipconnect.de) Quit (Ping timeout: 276 seconds)</span></li>
<li class="join">[<a href="#T03:44:39" id="T03:44:39"><abbr title="2010-05-11T03:44:39+00:00">03:44:39</abbr></a>] <span>* Belna (~Thomas@ppp-93-104-144-212.dynamic.mnet-online.de) has joined #beagle</span></li>
<li class="join">[<a href="#T03:51:07" id="T03:51:07"><abbr title="2010-05-11T03:51:07+00:00">03:51:07</abbr></a>] <span>* heathkid (~heathkid2@173-98-110-45.pools.spcsdns.net) has joined #beagle</span></li>
<li class="message">[<a href="#T04:08:30" id="T04:08:30"><abbr title="2010-05-11T04:08:30+00:00">04:08:30</abbr></a>] &lt;<cite>_av500_</cite>&gt; <q>gm</q></li>
<li class="join">[<a href="#T04:15:32" id="T04:15:32"><abbr title="2010-05-11T04:15:32+00:00">04:15:32</abbr></a>] <span>* Eko (~eko@205.158.58.41.ptr.us.xo.net) has joined #beagle</span></li>
<li class="quit">[<a href="#T04:25:54" id="T04:25:54"><abbr title="2010-05-11T04:25:54+00:00">04:25:54</abbr></a>] <span>* Nilly (~73fc6807@gateway/web/freenode/x-gqtgeiushezcjsly) Quit (Ping timeout: 252 seconds)</span></li>
<li class="join">[<a href="#T04:28:38" id="T04:28:38"><abbr title="2010-05-11T04:28:38+00:00">04:28:38</abbr></a>] <span>* Nilly (~73fc6807@gateway/web/freenode/x-rcnjuelpbzfwerby) has joined #beagle</span></li>
<li class="quit">[<a href="#T04:40:52" id="T04:40:52"><abbr title="2010-05-11T04:40:52+00:00">04:40:52</abbr></a>] <span>* jrmuizel (~jrmuizel@CPE001f5be79d0f-CM0017ee62f8b0.cpe.net.cable.rogers.com) Quit (Quit: jrmuizel)</span></li>
<li class="join">[<a href="#T04:41:35" id="T04:41:35"><abbr title="2010-05-11T04:41:35+00:00">04:41:35</abbr></a>] <span>* jrmuizel (~jrmuizel@CPE001f5be79d0f-CM0017ee62f8b0.cpe.net.cable.rogers.com) has joined #beagle</span></li>
<li class="quit">[<a href="#T04:45:30" id="T04:45:30"><abbr title="2010-05-11T04:45:30+00:00">04:45:30</abbr></a>] <span>* Belna (~Thomas@ppp-93-104-144-212.dynamic.mnet-online.de) Quit (Remote host closed the connection)</span></li>
<li class="join">[<a href="#T04:49:05" id="T04:49:05"><abbr title="2010-05-11T04:49:05+00:00">04:49:05</abbr></a>] <span>* hvaibhav (~a0393758@192.163.20.231) has joined #beagle</span></li>
<li class="join">[<a href="#T04:58:15" id="T04:58:15"><abbr title="2010-05-11T04:58:15+00:00">04:58:15</abbr></a>] <span>* virals (~Viral_Sac@122.166.2.35) has joined #beagle</span></li>
<li class="join">[<a href="#T04:59:19" id="T04:59:19"><abbr title="2010-05-11T04:59:19+00:00">04:59:19</abbr></a>] <span>* sam1 (~sam1@60.243.238.80) has joined #beagle</span></li>
<li class="quit">[<a href="#T05:01:50" id="T05:01:50"><abbr title="2010-05-11T05:01:50+00:00">05:01:50</abbr></a>] <span>* jonmasters (~jcm@dallas.jonmasters.org) Quit (Read error: Operation timed out)</span></li>
<li class="quit">[<a href="#T05:03:36" id="T05:03:36"><abbr title="2010-05-11T05:03:36+00:00">05:03:36</abbr></a>] <span>* jrmuizel (~jrmuizel@CPE001f5be79d0f-CM0017ee62f8b0.cpe.net.cable.rogers.com) Quit (Quit: jrmuizel)</span></li>
<li class="message">[<a href="#T05:03:42" id="T05:03:42"><abbr title="2010-05-11T05:03:42+00:00">05:03:42</abbr></a>] &lt;<cite>sam1</cite>&gt; <q>hi</q></li>
<li class="message">[<a href="#T05:05:24" id="T05:05:24"><abbr title="2010-05-11T05:05:24+00:00">05:05:24</abbr></a>] &lt;<cite>sam1</cite>&gt; <q>my I have just brought up- my beagle board. but it is not detecting my usb keyboard. what's the issue? keyboard is working fine with desktops and laptops.</q></li>
<li class="message">[<a href="#T05:07:45" id="T05:07:45"><abbr title="2010-05-11T05:07:45+00:00">05:07:45</abbr></a>] &lt;<cite>av500</cite>&gt; <q>on which usb port?</q></li>
<li class="message">[<a href="#T05:07:51" id="T05:07:51"><abbr title="2010-05-11T05:07:51+00:00">05:07:51</abbr></a>] &lt;<cite>av500</cite>&gt; <q>on the ehci you need a hub</q></li>
<li class="message">[<a href="#T05:08:38" id="T05:08:38"><abbr title="2010-05-11T05:08:38+00:00">05:08:38</abbr></a>] &lt;<cite>sam1</cite>&gt; <q>av500, on ehci</q></li>
<li class="message">[<a href="#T05:09:16" id="T05:09:16"><abbr title="2010-05-11T05:09:16+00:00">05:09:16</abbr></a>] &lt;<cite>sam1</cite>&gt; <q>i have also used with a usb hub with power suppy too.</q></li>
<li class="message">[<a href="#T05:10:25" id="T05:10:25"><abbr title="2010-05-11T05:10:25+00:00">05:10:25</abbr></a>] &lt;<cite>sam1</cite>&gt; <q>but some how keyboard is not even getting power, like num lock or capslock key are showing (light)...</q></li>
<li class="join">[<a href="#T05:11:59" id="T05:11:59"><abbr title="2010-05-11T05:11:59+00:00">05:11:59</abbr></a>] <span>* maskit (~maskit@122.167.99.201) has joined #beagle</span></li>
<li class="message">[<a href="#T05:12:20" id="T05:12:20"><abbr title="2010-05-11T05:12:20+00:00">05:12:20</abbr></a>] &lt;<cite>maskit</cite>&gt; <q>.</q></li>
<li class="join">[<a href="#T05:12:46" id="T05:12:46"><abbr title="2010-05-11T05:12:46+00:00">05:12:46</abbr></a>] <span>* jonmasters (~jcm@dallas.jonmasters.org) has joined #beagle</span></li>
<li class="message">[<a href="#T05:13:18" id="T05:13:18"><abbr title="2010-05-11T05:13:18+00:00">05:13:18</abbr></a>] &lt;<cite>sam1</cite>&gt; <q>av500, is it a driver issue or something else?</q></li>
<li class="message">[<a href="#T05:16:03" id="T05:16:03"><abbr title="2010-05-11T05:16:03+00:00">05:16:03</abbr></a>] &lt;<cite>av500</cite>&gt; <q>what board?</q></li>
<li class="message">[<a href="#T05:17:41" id="T05:17:41"><abbr title="2010-05-11T05:17:41+00:00">05:17:41</abbr></a>] &lt;<cite>sam1</cite>&gt; <q>av500, beagle rev c3</q></li>
<li class="quit">[<a href="#T05:19:54" id="T05:19:54"><abbr title="2010-05-11T05:19:54+00:00">05:19:54</abbr></a>] <span>* BThompsonGR1 (~bernie@cpe-70-123-101-135.tx.res.rr.com) Quit (Read error: Connection reset by peer)</span></li>
<li class="action">[<a href="#T05:20:03" id="T05:20:03"><abbr title="2010-05-11T05:20:03+00:00">05:20:03</abbr></a>] <span>* DanaG wonders which watchdog would be "better" (if there is even such a thing as "better"):</span></li>
<li class="message">[<a href="#T05:20:11" id="T05:20:11"><abbr title="2010-05-11T05:20:11+00:00">05:20:11</abbr></a>] &lt;<cite>DanaG</cite>&gt; <q>omap_wdt, or twl4030_wdt?</q></li>
<li class="message">[<a href="#T05:20:51" id="T05:20:51"><abbr title="2010-05-11T05:20:51+00:00">05:20:51</abbr></a>] &lt;<cite>av500</cite>&gt; <q>have them both watching each other</q></li>
<li class="message">[<a href="#T05:20:54" id="T05:20:54"><abbr title="2010-05-11T05:20:54+00:00">05:20:54</abbr></a>] &lt;<cite>av500</cite>&gt; <q>grrr</q></li>
<li class="message">[<a href="#T05:21:12" id="T05:21:12"><abbr title="2010-05-11T05:21:12+00:00">05:21:12</abbr></a>] &lt;<cite>av500</cite>&gt; <q>sam1: and does the hub/mouse show up in dmesg output?</q></li>
<li class="message">[<a href="#T05:22:07" id="T05:22:07"><abbr title="2010-05-11T05:22:07+00:00">05:22:07</abbr></a>] &lt;<cite>sam1</cite>&gt; <q>av500, after conneting to beagle board?</q></li>
<li class="message">[<a href="#T05:22:28" id="T05:22:28"><abbr title="2010-05-11T05:22:28+00:00">05:22:28</abbr></a>] &lt;<cite>DanaG</cite>&gt; <q>You can't use both.</q></li>
<li class="message">[<a href="#T05:22:34" id="T05:22:34"><abbr title="2010-05-11T05:22:34+00:00">05:22:34</abbr></a>] &lt;<cite>DanaG</cite>&gt; <q>They both try to claim /dev/watchdog</q></li>
<li class="message">[<a href="#T05:22:38" id="T05:22:38"><abbr title="2010-05-11T05:22:38+00:00">05:22:38</abbr></a>] &lt;<cite>DanaG</cite>&gt; <q>not /dev/watchdogN</q></li>
<li class="message">[<a href="#T05:23:08" id="T05:23:08"><abbr title="2010-05-11T05:23:08+00:00">05:23:08</abbr></a>] &lt;<cite>av500</cite>&gt; <q>sam1: of course</q></li>
<li class="message">[<a href="#T05:28:13" id="T05:28:13"><abbr title="2010-05-11T05:28:13+00:00">05:28:13</abbr></a>] &lt;<cite>sam1</cite>&gt; <q>av500, its giving this output        "usb 5-5: USB disconnect, address 20"</q></li>
<li class="quit">[<a href="#T05:28:34" id="T05:28:34"><abbr title="2010-05-11T05:28:34+00:00">05:28:34</abbr></a>] <span>* heathkid (~heathkid2@173-98-110-45.pools.spcsdns.net) Quit (Quit: Leaving)</span></li>
<li class="join">[<a href="#T05:30:19" id="T05:30:19"><abbr title="2010-05-11T05:30:19+00:00">05:30:19</abbr></a>] <span>* Belna (~Thomas@DSL01.212.114.252.242.ip-pool.NEFkom.net) has joined #beagle</span></li>
<li class="part">[<a href="#T05:35:30" id="T05:35:30"><abbr title="2010-05-11T05:35:30+00:00">05:35:30</abbr></a>] <span>* emeb (~ericb@ip72-223-81-194.ph.ph.cox.net) has left #beagle</span></li>
<li class="message">[<a href="#T05:36:09" id="T05:36:09"><abbr title="2010-05-11T05:36:09+00:00">05:36:09</abbr></a>] &lt;<cite>sam1</cite>&gt; <q>av500, I don't think its picking it up</q></li>
<li class="message">[<a href="#T05:37:06" id="T05:37:06"><abbr title="2010-05-11T05:37:06+00:00">05:37:06</abbr></a>] &lt;<cite>sam1</cite>&gt; <q>i tried dmseg | tail to check devices on the sytem  </q></li>
<li class="message">[<a href="#T05:37:58" id="T05:37:58"><abbr title="2010-05-11T05:37:58+00:00">05:37:58</abbr></a>] &lt;<cite>sam1</cite>&gt; <q>and got the above output. it was showing the sd cards but not the usb hub and attahed device(mouse) to the hub</q></li>
<li class="message">[<a href="#T05:39:00" id="T05:39:00"><abbr title="2010-05-11T05:39:00+00:00">05:39:00</abbr></a>] &lt;<cite>DanaG</cite>&gt; <q>nice, 0db on the beagle and 0db on my mic jack really are 0db.</q></li>
<li class="message">[<a href="#T05:39:20" id="T05:39:20"><abbr title="2010-05-11T05:39:20+00:00">05:39:20</abbr></a>] &lt;<cite>DanaG</cite>&gt; <q>ouch: <a href="http://users.csc.calpoly.edu/~dgoyette/ouch.log">http://users.csc.calpoly.edu/~dgoyette/ouch.log</a></q></li>
<li class="join">[<a href="#T05:41:53" id="T05:41:53"><abbr title="2010-05-11T05:41:53+00:00">05:41:53</abbr></a>] <span>* hrw-uds|afk (~hrw@217.111.180.77) has joined #beagle</span></li>
<li class="message">[<a href="#T05:44:17" id="T05:44:17"><abbr title="2010-05-11T05:44:17+00:00">05:44:17</abbr></a>] &lt;<cite>sam1</cite>&gt; <q>my beagel board (rev c3) not detecting my usb hub, the hub is showing in the dmesg output if I connect it directly o the desktop. please tell me what can be the possible issue? </q></li>
<li class="quit">[<a href="#T05:49:05" id="T05:49:05"><abbr title="2010-05-11T05:49:05+00:00">05:49:05</abbr></a>] <span>* DanaG (~dana@66-169-236-186.static.snlo.ca.charter.com) Quit (Quit: Running with ???.  And throwing ?????? at stuff.  I ??? Unicode!)</span></li>
<li class="join">[<a href="#T05:52:55" id="T05:52:55"><abbr title="2010-05-11T05:52:55+00:00">05:52:55</abbr></a>] <span>* DanaG (~dana@66-169-236-186.static.snlo.ca.charter.com) has joined #beagle</span></li>
<li class="join">[<a href="#T05:57:35" id="T05:57:35"><abbr title="2010-05-11T05:57:35+00:00">05:57:35</abbr></a>] <span>* pablo (~pablo@201.250.179.169) has joined #beagle</span></li>
<li class="quit">[<a href="#T05:57:45" id="T05:57:45"><abbr title="2010-05-11T05:57:45+00:00">05:57:45</abbr></a>] <span>* pablo (~pablo@201.250.179.169) Quit (Remote host closed the connection)</span></li>
<li class="message">[<a href="#T06:01:09" id="T06:01:09"><abbr title="2010-05-11T06:01:09+00:00">06:01:09</abbr></a>] &lt;<cite>maskit</cite>&gt; <q>Has anyone ported android eclair on beagle board?</q></li>
<li class="message">[<a href="#T06:02:01" id="T06:02:01"><abbr title="2010-05-11T06:02:01+00:00">06:02:01</abbr></a>] &lt;<cite>av500</cite>&gt; <q>yes</q></li>
<li class="quit">[<a href="#T06:02:26" id="T06:02:26"><abbr title="2010-05-11T06:02:26+00:00">06:02:26</abbr></a>] <span>* DanaG (~dana@66-169-236-186.static.snlo.ca.charter.com) Quit (Read error: Connection reset by peer)</span></li>
<li class="message">[<a href="#T06:02:32" id="T06:02:32"><abbr title="2010-05-11T06:02:32+00:00">06:02:32</abbr></a>] &lt;<cite>av500</cite>&gt; <q><a href="http://downloads.0xlab.org/release/">http://downloads.0xlab.org/release/</a></q></li>
<li class="join">[<a href="#T06:03:21" id="T06:03:21"><abbr title="2010-05-11T06:03:21+00:00">06:03:21</abbr></a>] <span>* soman (~somnath@stargate.starnet.fi) has joined #beagle</span></li>
<li class="join">[<a href="#T06:03:43" id="T06:03:43"><abbr title="2010-05-11T06:03:43+00:00">06:03:43</abbr></a>] <span>* RazZziel (~raziel@63.93.117.91.dynamic.mundo-r.com) has joined #beagle</span></li>
<li class="message">[<a href="#T06:05:59" id="T06:05:59"><abbr title="2010-05-11T06:05:59+00:00">06:05:59</abbr></a>] &lt;<cite>sam1</cite>&gt; <q>av500, are you there?</q></li>
<li class="message">[<a href="#T06:06:20" id="T06:06:20"><abbr title="2010-05-11T06:06:20+00:00">06:06:20</abbr></a>] &lt;<cite>av500</cite>&gt; <q>sure</q></li>
<li class="join">[<a href="#T06:07:15" id="T06:07:15"><abbr title="2010-05-11T06:07:15+00:00">06:07:15</abbr></a>] <span>* ddd (~8bb30d8f@gateway/web/freenode/x-wzmjalvmzqkxqapp) has joined #beagle</span></li>
<li class="join">[<a href="#T06:07:35" id="T06:07:35"><abbr title="2010-05-11T06:07:35+00:00">06:07:35</abbr></a>] <span>* DanaG (~dana@66-169-236-186.static.snlo.ca.charter.com) has joined #beagle</span></li>
<li class="message">[<a href="#T06:07:45" id="T06:07:45"><abbr title="2010-05-11T06:07:45+00:00">06:07:45</abbr></a>] &lt;<cite>sam1</cite>&gt; <q>av500, I checked that hub is not detecting when connected to board but when connected to other desktops it is showing in the dmesg output.</q></li>
<li class="message">[<a href="#T06:08:06" id="T06:08:06"><abbr title="2010-05-11T06:08:06+00:00">06:08:06</abbr></a>] &lt;<cite>av500</cite>&gt; <q>yes, I read that</q></li>
<li class="message">[<abbr title="2010-05-11T06:08:06+00:00">06:08:06</abbr>] &lt;<cite>sam1</cite>&gt; <q>so how can I make it work</q></li>
<li class="quit">[<a href="#T06:08:20" id="T06:08:20"><abbr title="2010-05-11T06:08:20+00:00">06:08:20</abbr></a>] <span>* Sirisian (~Sirisian@adsl-76-212-65-113.dsl.klmzmi.sbcglobal.net) Quit (Ping timeout: 252 seconds)</span></li>
<li class="message">[<a href="#T06:10:05" id="T06:10:05"><abbr title="2010-05-11T06:10:05+00:00">06:10:05</abbr></a>] &lt;<cite>sam1</cite>&gt; <q>av500, can you help me with any suggestions that you might have?</q></li>
<li class="message">[<a href="#T06:12:59" id="T06:12:59"><abbr title="2010-05-11T06:12:59+00:00">06:12:59</abbr></a>] &lt;<cite>av500</cite>&gt; <q>could you go through this: <a href="http://code.google.com/p/beagleboard/wiki/BeagleboardRevC3Validation">http://code.google.com/p/beagleboard/wiki/BeagleboardRevC3Validation</a></q></li>
<li class="message">[<a href="#T06:13:11" id="T06:13:11"><abbr title="2010-05-11T06:13:11+00:00">06:13:11</abbr></a>] &lt;<cite>av500</cite>&gt; <q>and make sure this all works?</q></li>
<li class="message">[<a href="#T06:13:27" id="T06:13:27"><abbr title="2010-05-11T06:13:27+00:00">06:13:27</abbr></a>] &lt;<cite>av500</cite>&gt; <q>it also tests the usb host</q></li>
<li class="message">[<a href="#T06:14:07" id="T06:14:07"><abbr title="2010-05-11T06:14:07+00:00">06:14:07</abbr></a>] &lt;<cite>sam1</cite>&gt; <q>ok, thanks a lot</q></li>
<li class="join">[<a href="#T06:16:46" id="T06:16:46"><abbr title="2010-05-11T06:16:46+00:00">06:16:46</abbr></a>] <span>* neo01124 (~neo@122.177.7.69) has joined #beagle</span></li>
<li class="quit">[<a href="#T06:20:36" id="T06:20:36"><abbr title="2010-05-11T06:20:36+00:00">06:20:36</abbr></a>] <span>* tom_ (~tom@adsl-70-143-86-95.dsl.pltn13.sbcglobal.net) Quit (Ping timeout: 276 seconds)</span></li>
<li class="quit">[<a href="#T06:26:57" id="T06:26:57"><abbr title="2010-05-11T06:26:57+00:00">06:26:57</abbr></a>] <span>* hrw-uds|afk (~hrw@217.111.180.77) Quit (Ping timeout: 276 seconds)</span></li>
<li class="join">[<a href="#T06:29:28" id="T06:29:28"><abbr title="2010-05-11T06:29:28+00:00">06:29:28</abbr></a>] <span>* tom_ (~tom@adsl-70-143-66-49.dsl.pltn13.sbcglobal.net) has joined #beagle</span></li>
<li class="quit">[<a href="#T06:32:52" id="T06:32:52"><abbr title="2010-05-11T06:32:52+00:00">06:32:52</abbr></a>] <span>* DanaG (~dana@66-169-236-186.static.snlo.ca.charter.com) Quit (Quit: Running with ???.  And throwing ?????? at stuff.  I ??? Unicode!)</span></li>
<li class="join">[<a href="#T06:32:59" id="T06:32:59"><abbr title="2010-05-11T06:32:59+00:00">06:32:59</abbr></a>] <span>* DanaG (~dana@66-169-236-186.static.snlo.ca.charter.com) has joined #beagle</span></li>
<li class="join">[<a href="#T06:33:54" id="T06:33:54"><abbr title="2010-05-11T06:33:54+00:00">06:33:54</abbr></a>] <span>* franktango (~a0746747@nat/ti/x-mhukwwwktojvreab) has joined #beagle</span></li>
<li class="join">[<a href="#T06:35:53" id="T06:35:53"><abbr title="2010-05-11T06:35:53+00:00">06:35:53</abbr></a>] <span>* tom__ (~tom@adsl-70-143-73-109.dsl.pltn13.sbcglobal.net) has joined #beagle</span></li>
<li class="quit">[<a href="#T06:36:38" id="T06:36:38"><abbr title="2010-05-11T06:36:38+00:00">06:36:38</abbr></a>] <span>* Yuvi (~yuvi@d-69-161-90-167.cpe.metrocast.net) Quit (Quit: Yuvi)</span></li>
<li class="quit">[<a href="#T06:36:42" id="T06:36:42"><abbr title="2010-05-11T06:36:42+00:00">06:36:42</abbr></a>] <span>* tom_ (~tom@adsl-70-143-66-49.dsl.pltn13.sbcglobal.net) Quit (Ping timeout: 276 seconds)</span></li>
<li class="join">[<a href="#T06:36:45" id="T06:36:45"><abbr title="2010-05-11T06:36:45+00:00">06:36:45</abbr></a>] <span>* Yuvi (~yuvi@d-69-161-90-167.cpe.metrocast.net) has joined #beagle</span></li>
<li class="join">[<a href="#T06:38:55" id="T06:38:55"><abbr title="2010-05-11T06:38:55+00:00">06:38:55</abbr></a>] <span>* eFfeM_work (~frans@atwork-193.r-212.178.107.atwork.nl) has joined #beagle</span></li>
<li class="join">[<a href="#T06:39:08" id="T06:39:08"><abbr title="2010-05-11T06:39:08+00:00">06:39:08</abbr></a>] <span>* tasslehoff (~tasslehof@147.84-49-231.nextgentel.com) has joined #beagle</span></li>
<li class="join">[<a href="#T06:43:48" id="T06:43:48"><abbr title="2010-05-11T06:43:48+00:00">06:43:48</abbr></a>] <span>* siji (~siji@122.169.6.26) has joined #beagle</span></li>
<li class="quit">[<a href="#T06:49:14" id="T06:49:14"><abbr title="2010-05-11T06:49:14+00:00">06:49:14</abbr></a>] <span>* ddd (~8bb30d8f@gateway/web/freenode/x-wzmjalvmzqkxqapp) Quit (Quit: Page closed)</span></li>
<li class="quit">[<a href="#T06:52:23" id="T06:52:23"><abbr title="2010-05-11T06:52:23+00:00">06:52:23</abbr></a>] <span>* emeb|mac (~ericb@ip72-223-81-194.ph.ph.cox.net) Quit (Ping timeout: 246 seconds)</span></li>
<li class="join">[<a href="#T06:53:41" id="T06:53:41"><abbr title="2010-05-11T06:53:41+00:00">06:53:41</abbr></a>] <span>* Proxyles (~henrik@c-b993e255.56-4-64736c14.cust.bredbandsbolaget.se) has joined #beagle</span></li>
<li class="quit">[<a href="#T06:54:51" id="T06:54:51"><abbr title="2010-05-11T06:54:51+00:00">06:54:51</abbr></a>] <span>* DanaG (~dana@66-169-236-186.static.snlo.ca.charter.com) Quit (Read error: Connection reset by peer)</span></li>
<li class="join">[<a href="#T06:54:54" id="T06:54:54"><abbr title="2010-05-11T06:54:54+00:00">06:54:54</abbr></a>] <span>* DanaG (~dana@66-169-236-186.static.snlo.ca.charter.com) has joined #beagle</span></li>
<li class="quit">[<a href="#T06:55:07" id="T06:55:07"><abbr title="2010-05-11T06:55:07+00:00">06:55:07</abbr></a>] <span>* calculus (~calculus@gentoo/user/calculus) Quit (Ping timeout: 248 seconds)</span></li>
<li class="join">[<a href="#T06:57:35" id="T06:57:35"><abbr title="2010-05-11T06:57:35+00:00">06:57:35</abbr></a>] <span>* hrw-uds|afk (~hrw@217.111.180.77) has joined #beagle</span></li>
<li class="message">[<abbr title="2010-05-11T06:57:35+00:00">06:57:35</abbr>] &lt;<cite>nerxgas</cite>&gt; <q>is there a usb wifi stick that works right out of the box on angstrom and ubuntu beagle distros?</q></li>
<li class="message">[<a href="#T06:58:16" id="T06:58:16"><abbr title="2010-05-11T06:58:16+00:00">06:58:16</abbr></a>] &lt;<cite>nerxgas</cite>&gt; <q>sorry, just for angstrom</q></li>
<li class="message">[<a href="#T06:58:37" id="T06:58:37"><abbr title="2010-05-11T06:58:37+00:00">06:58:37</abbr></a>] &lt;<cite>nerxgas</cite>&gt; <q>is there one that just WORKs for angstrom?</q></li>
<li class="quit">[<a href="#T06:59:26" id="T06:59:26"><abbr title="2010-05-11T06:59:26+00:00">06:59:26</abbr></a>] <span>* neo01124 (~neo@122.177.7.69) Quit (Read error: Connection reset by peer)</span></li>
<li class="message">[<a href="#T07:03:06" id="T07:03:06"><abbr title="2010-05-11T07:03:06+00:00">07:03:06</abbr></a>] &lt;<cite>koen</cite>&gt; <q>if it's supported by the kernel it should work</q></li>
<li class="message">[<a href="#T07:04:20" id="T07:04:20"><abbr title="2010-05-11T07:04:20+00:00">07:04:20</abbr></a>] &lt;<cite>nerxgas</cite>&gt; <q>is there a list of ones supported by the kernel?</q></li>
<li class="quit">[<a href="#T07:04:50" id="T07:04:50"><abbr title="2010-05-11T07:04:50+00:00">07:04:50</abbr></a>] <span>* hrw-uds|afk (~hrw@217.111.180.77) Quit (Ping timeout: 240 seconds)</span></li>
<li class="message">[<a href="#T07:05:18" id="T07:05:18"><abbr title="2010-05-11T07:05:18+00:00">07:05:18</abbr></a>] &lt;<cite>nerxgas</cite>&gt; <q>do you mean the linux kernel....the kernel that all linux distributions use? or is this something just for angstrom?</q></li>
<li class="message">[<a href="#T07:05:57" id="T07:05:57"><abbr title="2010-05-11T07:05:57+00:00">07:05:57</abbr></a>] &lt;<cite>nerxgas</cite>&gt; <q>my usb2ethernet works on angstrom but not on my beagle ubuntu</q></li>
<li class="message">[<a href="#T07:06:15" id="T07:06:15"><abbr title="2010-05-11T07:06:15+00:00">07:06:15</abbr></a>] &lt;<cite>av500</cite>&gt; <q>then use angstrom</q></li>
<li class="message">[<a href="#T07:06:29" id="T07:06:29"><abbr title="2010-05-11T07:06:29+00:00">07:06:29</abbr></a>] &lt;<cite>nerxgas</cite>&gt; <q>yeah, i will</q></li>
<li class="message">[<a href="#T07:06:36" id="T07:06:36"><abbr title="2010-05-11T07:06:36+00:00">07:06:36</abbr></a>] &lt;<cite>av500</cite>&gt; <q>they all use *a* kernel, but not *the* kernel</q></li>
<li class="join">[<a href="#T07:06:46" id="T07:06:46"><abbr title="2010-05-11T07:06:46+00:00">07:06:46</abbr></a>] <span>* hrw-uds|afk (~hrw@conference/ubuntudevsummit/x-fcyhcpryxpylrooo) has joined #beagle</span></li>
<li class="nick-change">[<a href="#T07:07:01" id="T07:07:01"><abbr title="2010-05-11T07:07:01+00:00">07:07:01</abbr></a>] <span>* XorA|gone is now known as XorA|UDS</span></li>
<li class="join">[<a href="#T07:07:34" id="T07:07:34"><abbr title="2010-05-11T07:07:34+00:00">07:07:34</abbr></a>] <span>* ogra (~ogra@ubuntu/member/ogra) has joined #beagle</span></li>
<li class="message">[<abbr title="2010-05-11T07:07:34+00:00">07:07:34</abbr>] &lt;<cite>nerxgas</cite>&gt; <q>does angstrom fork from *the* kernel?</q></li>
<li class="message">[<a href="#T07:07:59" id="T07:07:59"><abbr title="2010-05-11T07:07:59+00:00">07:07:59</abbr></a>] &lt;<cite>av500</cite>&gt; <q>fork is the wrong word</q></li>
<li class="message">[<a href="#T07:08:14" id="T07:08:14"><abbr title="2010-05-11T07:08:14+00:00">07:08:14</abbr></a>] &lt;<cite>nerxgas</cite>&gt; <q>:(</q></li>
<li class="nick-change">[<abbr title="2010-05-11T07:08:14+00:00">07:08:14</abbr>] <span>* hrw-uds|afk is now known as hrw-uds</span></li>
<li class="message">[<a href="#T07:09:21" id="T07:09:21"><abbr title="2010-05-11T07:09:21+00:00">07:09:21</abbr></a>] &lt;<cite>nerxgas</cite>&gt; <q>well, i guess i'll just keep trying different wi-fi sticks</q></li>
<li class="message">[<a href="#T07:09:29" id="T07:09:29"><abbr title="2010-05-11T07:09:29+00:00">07:09:29</abbr></a>] &lt;<cite>nerxgas</cite>&gt; <q>until one works</q></li>
<li class="quit">[<a href="#T07:11:16" id="T07:11:16"><abbr title="2010-05-11T07:11:16+00:00">07:11:16</abbr></a>] <span>* Nilly (~73fc6807@gateway/web/freenode/x-rcnjuelpbzfwerby) Quit (Ping timeout: 252 seconds)</span></li>
<li class="join">[<a href="#T07:11:34" id="T07:11:34"><abbr title="2010-05-11T07:11:34+00:00">07:11:34</abbr></a>] <span>* courville (~courville@archos.rain.fr) has joined #beagle</span></li>
<li class="join">[<a href="#T07:15:51" id="T07:15:51"><abbr title="2010-05-11T07:15:51+00:00">07:15:51</abbr></a>] <span>* neo01124 (~neo@122.163.29.62) has joined #beagle</span></li>
<li class="quit">[<a href="#T07:16:32" id="T07:16:32"><abbr title="2010-05-11T07:16:32+00:00">07:16:32</abbr></a>] <span>* CruNcher (~luls_lol@dslb-088-068-129-017.pools.arcor-ip.net) Quit (Ping timeout: 246 seconds)</span></li>
<li class="join">[<a href="#T07:20:39" id="T07:20:39"><abbr title="2010-05-11T07:20:39+00:00">07:20:39</abbr></a>] <span>* neopsis (~48d380d3@gateway/web/freenode/x-zikewdoqmipbjjdp) has joined #beagle</span></li>
<li class="join">[<a href="#T07:21:05" id="T07:21:05"><abbr title="2010-05-11T07:21:05+00:00">07:21:05</abbr></a>] <span>* CruNcher (~luls_lol@dslb-088-068-129-017.pools.arcor-ip.net) has joined #beagle</span></li>
<li class="quit">[<a href="#T07:21:29" id="T07:21:29"><abbr title="2010-05-11T07:21:29+00:00">07:21:29</abbr></a>] <span>* neopsis (~48d380d3@gateway/web/freenode/x-zikewdoqmipbjjdp) Quit (Client Quit)</span></li>
<li class="join">[<a href="#T07:23:21" id="T07:23:21"><abbr title="2010-05-11T07:23:21+00:00">07:23:21</abbr></a>] <span>* neopsis (~neopsis@ip72-211-128-211.tc.ph.cox.net) has joined #beagle</span></li>
<li class="join">[<a href="#T07:24:21" id="T07:24:21"><abbr title="2010-05-11T07:24:21+00:00">07:24:21</abbr></a>] <span>* topfs2 (~topfs2@xbmc/staff/topfs2) has joined #beagle</span></li>
<li class="join">[<a href="#T07:30:33" id="T07:30:33"><abbr title="2010-05-11T07:30:33+00:00">07:30:33</abbr></a>] <span>* KosiNuss (~tom@p4FD1272F.dip0.t-ipconnect.de) has joined #beagle</span></li>
<li class="message">[<a href="#T07:32:21" id="T07:32:21"><abbr title="2010-05-11T07:32:21+00:00">07:32:21</abbr></a>] &lt;<cite>hrw-uds</cite>&gt; <q>nerxgas: rt73usb one worked for me</q></li>
<li class="message">[<a href="#T07:34:05" id="T07:34:05"><abbr title="2010-05-11T07:34:05+00:00">07:34:05</abbr></a>] &lt;<cite>nerxgas</cite>&gt; <q>hrw-uds, cool, what brand and model do you own?</q></li>
<li class="message">[<a href="#T07:34:45" id="T07:34:45"><abbr title="2010-05-11T07:34:45+00:00">07:34:45</abbr></a>] &lt;<cite>hrw-uds</cite>&gt; <q>airlive something</q></li>
<li class="message">[<a href="#T07:34:53" id="T07:34:53"><abbr title="2010-05-11T07:34:53+00:00">07:34:53</abbr></a>] &lt;<cite>hrw-uds</cite>&gt; <q>costed me ~6???</q></li>
<li class="message">[<a href="#T07:35:25" id="T07:35:25"><abbr title="2010-05-11T07:35:25+00:00">07:35:25</abbr></a>] &lt;<cite>nerxgas</cite>&gt; <q>and which os's are you running on the beagle?</q></li>
<li class="message">[<a href="#T07:35:32" id="T07:35:32"><abbr title="2010-05-11T07:35:32+00:00">07:35:32</abbr></a>] &lt;<cite>hrw-uds</cite>&gt; <q>when .34 will work on beagleboard I will use tplink 802.11n one instead</q></li>
<li class="message">[<a href="#T07:35:40" id="T07:35:40"><abbr title="2010-05-11T07:35:40+00:00">07:35:40</abbr></a>] &lt;<cite>hrw-uds</cite>&gt; <q>nerxgas: currently none</q></li>
<li class="message">[<a href="#T07:35:55" id="T07:35:55"><abbr title="2010-05-11T07:35:55+00:00">07:35:55</abbr></a>] &lt;<cite>hrw-uds</cite>&gt; <q>did angstrom and ubuntu</q></li>
<li class="message">[<a href="#T07:36:02" id="T07:36:02"><abbr title="2010-05-11T07:36:02+00:00">07:36:02</abbr></a>] &lt;<cite>nerxgas</cite>&gt; <q>sweet</q></li>
<li class="message">[<a href="#T07:36:14" id="T07:36:14"><abbr title="2010-05-11T07:36:14+00:00">07:36:14</abbr></a>] &lt;<cite>hrw-uds</cite>&gt; <q>now I am waiting for beagleboard xm </q></li>
<li class="message">[<a href="#T07:36:33" id="T07:36:33"><abbr title="2010-05-11T07:36:33+00:00">07:36:33</abbr></a>] &lt;<cite>nerxgas</cite>&gt; <q>beagleboard xm? whats that?</q></li>
<li class="message">[<a href="#T07:37:08" id="T07:37:08"><abbr title="2010-05-11T07:37:08+00:00">07:37:08</abbr></a>] &lt;<cite>hrw-uds</cite>&gt; <q>new version of bb</q></li>
<li class="message">[<a href="#T07:38:44" id="T07:38:44"><abbr title="2010-05-11T07:38:44+00:00">07:38:44</abbr></a>] &lt;<cite>nerxgas</cite>&gt; <q>wow, its gonna be 1ghz</q></li>
<li class="message">[<a href="#T07:39:18" id="T07:39:18"><abbr title="2010-05-11T07:39:18+00:00">07:39:18</abbr></a>] &lt;<cite>av500</cite>&gt; <q>omg</q></li>
<li class="quit">[<a href="#T07:39:37" id="T07:39:37"><abbr title="2010-05-11T07:39:37+00:00">07:39:37</abbr></a>] <span>* raster (~raster@enlightenment/developer/raster) Quit (Quit: Gettin' stinky!)</span></li>
<li class="join">[<a href="#T07:46:45" id="T07:46:45"><abbr title="2010-05-11T07:46:45+00:00">07:46:45</abbr></a>] <span>* neo01123 (~neo@122.163.112.212) has joined #beagle</span></li>
<li class="quit">[<a href="#T07:48:15" id="T07:48:15"><abbr title="2010-05-11T07:48:15+00:00">07:48:15</abbr></a>] <span>* neo01124 (~neo@122.163.29.62) Quit (Ping timeout: 240 seconds)</span></li>
<li class="message">[<a href="#T07:48:42" id="T07:48:42"><abbr title="2010-05-11T07:48:42+00:00">07:48:42</abbr></a>] &lt;<cite>hrw-uds</cite>&gt; <q>for me it can be 500MHz - other features are more important</q></li>
<li class="nick-change">[<a href="#T07:51:02" id="T07:51:02"><abbr title="2010-05-11T07:51:02+00:00">07:51:02</abbr></a>] <span>* Try`0xff is now known as Tryum</span></li>
<li class="quit">[<a href="#T07:56:06" id="T07:56:06"><abbr title="2010-05-11T07:56:06+00:00">07:56:06</abbr></a>] <span>* Openfree` (~Openfreer@116.228.88.98) Quit (Read error: Connection reset by peer)</span></li>
<li class="join">[<a href="#T07:57:19" id="T07:57:19"><abbr title="2010-05-11T07:57:19+00:00">07:57:19</abbr></a>] <span>* Openfree` (~Openfreer@116.228.88.98) has joined #beagle</span></li>
<li class="join">[<a href="#T07:57:34" id="T07:57:34"><abbr title="2010-05-11T07:57:34+00:00">07:57:34</abbr></a>] <span>* raster (~raster@enlightenment/developer/raster) has joined #beagle</span></li>
<li class="quit">[<a href="#T07:59:57" id="T07:59:57"><abbr title="2010-05-11T07:59:57+00:00">07:59:57</abbr></a>] <span>* neo01123 (~neo@122.163.112.212) Quit (Read error: Connection reset by peer)</span></li>
