<li class="join">[<a href="#T00:00:06" id="T00:00:06"><abbr title="2011-01-30T00:00:06+00:00">00:00:06</abbr></a>] <span>* RCF (~rcf@154.102-243-81.adsl-dyn.isp.belgacom.be) has joined #beagle</span></li>
<li class="message">[<a href="#T00:06:25" id="T00:06:25"><abbr title="2011-01-30T00:06:25+00:00">00:06:25</abbr></a>] &lt;<cite>olive</cite>&gt; <q>pupnik_: I'm french</q></li>
<li class="message">[<a href="#T00:06:31" id="T00:06:31"><abbr title="2011-01-30T00:06:31+00:00">00:06:31</abbr></a>] &lt;<cite>olive</cite>&gt; <q>from France</q></li>
<li class="message">[<a href="#T00:06:39" id="T00:06:39"><abbr title="2011-01-30T00:06:39+00:00">00:06:39</abbr></a>] &lt;<cite>pupnik_</cite>&gt; <q>ah bien</q></li>
<li class="nick-change">[<a href="#T00:06:44" id="T00:06:44"><abbr title="2011-01-30T00:06:44+00:00">00:06:44</abbr></a>] <span>* pupnik_ is now known as pupnik</span></li>
<li class="quit">[<a href="#T00:10:04" id="T00:10:04"><abbr title="2011-01-30T00:10:04+00:00">00:10:04</abbr></a>] <span>* topfs2 (~topfs2@xbmc/staff/topfs2) Quit (Quit: Leaving)</span></li>
<li class="join">[<a href="#T00:28:34" id="T00:28:34"><abbr title="2011-01-30T00:28:34+00:00">00:28:34</abbr></a>] <span>* pcacjr_ (~pcacjr@187.78.52.198) has joined #beagle</span></li>
<li class="quit">[<a href="#T00:28:35" id="T00:28:35"><abbr title="2011-01-30T00:28:35+00:00">00:28:35</abbr></a>] <span>* pcacjr_ (~pcacjr@187.78.52.198) Quit (Changing host)</span></li>
<li class="join">[<abbr title="2011-01-30T00:28:35+00:00">00:28:35</abbr>] <span>* pcacjr_ (~pcacjr@unaffiliated/pcacjr) has joined #beagle</span></li>
<li class="quit">[<a href="#T00:28:57" id="T00:28:57"><abbr title="2011-01-30T00:28:57+00:00">00:28:57</abbr></a>] <span>* lyakh (~lyakh@pD9EB8886.dip0.t-ipconnect.de) Quit (Quit: thanks, bye)</span></li>
<li class="quit">[<a href="#T00:31:17" id="T00:31:17"><abbr title="2011-01-30T00:31:17+00:00">00:31:17</abbr></a>] <span>* pcacjr (~pcacjr@unaffiliated/pcacjr) Quit (Ping timeout: 264 seconds)</span></li>
<li class="quit">[<a href="#T01:05:51" id="T01:05:51"><abbr title="2011-01-30T01:05:51+00:00">01:05:51</abbr></a>] <span>* Russ (foobar@ip70-176-251-1.ph.ph.cox.net) Quit (Ping timeout: 240 seconds)</span></li>
<li class="join">[<a href="#T01:06:57" id="T01:06:57"><abbr title="2011-01-30T01:06:57+00:00">01:06:57</abbr></a>] <span>* mikey_w (~mike@pool-173-53-37-97.rcmdva.fios.verizon.net) has joined #beagle</span></li>
<li class="join">[<a href="#T01:14:39" id="T01:14:39"><abbr title="2011-01-30T01:14:39+00:00">01:14:39</abbr></a>] <span>* ozk (~ozk@pool-71-170-15-185.dllstx.fios.verizon.net) has joined #beagle</span></li>
<li class="quit">[<a href="#T01:20:15" id="T01:20:15"><abbr title="2011-01-30T01:20:15+00:00">01:20:15</abbr></a>] <span>* ozk (~ozk@pool-71-170-15-185.dllstx.fios.verizon.net) Quit (Ping timeout: 240 seconds)</span></li>
<li class="quit">[<a href="#T01:21:03" id="T01:21:03"><abbr title="2011-01-30T01:21:03+00:00">01:21:03</abbr></a>] <span>* CMoH-notebook (~cipi@unaffiliated/c-moh) Quit (Remote host closed the connection)</span></li>
<li class="quit">[<a href="#T01:23:19" id="T01:23:19"><abbr title="2011-01-30T01:23:19+00:00">01:23:19</abbr></a>] <span>* Openfree` (~Openfreer@116.228.88.131) Quit (Remote host closed the connection)</span></li>
<li class="join">[<a href="#T01:23:50" id="T01:23:50"><abbr title="2011-01-30T01:23:50+00:00">01:23:50</abbr></a>] <span>* Openfree` (~Openfreer@116.228.88.131) has joined #beagle</span></li>
<li class="join">[<a href="#T01:46:04" id="T01:46:04"><abbr title="2011-01-30T01:46:04+00:00">01:46:04</abbr></a>] <span>* ozk (~ozk@pool-71-170-15-185.dllstx.fios.verizon.net) has joined #beagle</span></li>
<li class="quit">[<a href="#T01:46:30" id="T01:46:30"><abbr title="2011-01-30T01:46:30+00:00">01:46:30</abbr></a>] <span>* Openfree` (~Openfreer@116.228.88.131) Quit (Read error: Connection timed out)</span></li>
<li class="join">[<a href="#T01:47:51" id="T01:47:51"><abbr title="2011-01-30T01:47:51+00:00">01:47:51</abbr></a>] <span>* Openfree` (~Openfreer@116.228.88.131) has joined #beagle</span></li>
<li class="join">[<a href="#T01:49:41" id="T01:49:41"><abbr title="2011-01-30T01:49:41+00:00">01:49:41</abbr></a>] <span>* kingoddball (ca7c4a01@gateway/web/freenode/ip.202.124.74.1) has joined #beagle</span></li>
<li class="message">[<a href="#T01:50:02" id="T01:50:02"><abbr title="2011-01-30T01:50:02+00:00">01:50:02</abbr></a>] &lt;<cite>kingoddball</cite>&gt; <q>Can someone help? I can not access serial console on RevC4 - Never been able to?</q></li>
<li class="quit">[<a href="#T01:51:16" id="T01:51:16"><abbr title="2011-01-30T01:51:16+00:00">01:51:16</abbr></a>] <span>* kingoddball (ca7c4a01@gateway/web/freenode/ip.202.124.74.1) Quit (Client Quit)</span></li>
<li class="join">[<a href="#T01:51:56" id="T01:51:56"><abbr title="2011-01-30T01:51:56+00:00">01:51:56</abbr></a>] <span>* kingoddball (ca7c4a01@gateway/web/freenode/ip.202.124.74.1) has joined #beagle</span></li>
<li class="message">[<a href="#T01:52:23" id="T01:52:23"><abbr title="2011-01-30T01:52:23+00:00">01:52:23</abbr></a>] &lt;<cite>kingoddball</cite>&gt; <q>I have never been able to access serial. I bought this new 3 weeks ago.</q></li>
<li class="quit">[<a href="#T01:54:41" id="T01:54:41"><abbr title="2011-01-30T01:54:41+00:00">01:54:41</abbr></a>] <span>* kaidokert (~kaido@208.87.58.179) Quit (Ping timeout: 264 seconds)</span></li>
<li class="quit">[<a href="#T01:57:04" id="T01:57:04"><abbr title="2011-01-30T01:57:04+00:00">01:57:04</abbr></a>] <span>* kingoddball (ca7c4a01@gateway/web/freenode/ip.202.124.74.1) Quit (Quit: Page closed)</span></li>
<li class="join">[<a href="#T02:12:33" id="T02:12:33"><abbr title="2011-01-30T02:12:33+00:00">02:12:33</abbr></a>] <span>* topfs2 (~topfs2@xbmc/staff/topfs2) has joined #beagle</span></li>
<li class="quit">[<a href="#T02:22:51" id="T02:22:51"><abbr title="2011-01-30T02:22:51+00:00">02:22:51</abbr></a>] <span>* rcn-ee (~voodoo@thief-pool1-30.mncable.net) Quit (Ping timeout: 276 seconds)</span></li>
<li class="join">[<a href="#T02:35:01" id="T02:35:01"><abbr title="2011-01-30T02:35:01+00:00">02:35:01</abbr></a>] <span>* rcn-ee (~voodoo@thief-pool1-30.mncable.net) has joined #beagle</span></li>
<li class="quit">[<a href="#T02:40:53" id="T02:40:53"><abbr title="2011-01-30T02:40:53+00:00">02:40:53</abbr></a>] <span>* rcn-ee (~voodoo@thief-pool1-30.mncable.net) Quit (Ping timeout: 240 seconds)</span></li>
<li class="quit">[<a href="#T02:43:08" id="T02:43:08"><abbr title="2011-01-30T02:43:08+00:00">02:43:08</abbr></a>] <span>* _courville_ (~marc@courville.org) Quit (Ping timeout: 276 seconds)</span></li>
<li class="join">[<a href="#T02:53:27" id="T02:53:27"><abbr title="2011-01-30T02:53:27+00:00">02:53:27</abbr></a>] <span>* tlab (~tlab@c-69-243-187-136.hsd1.in.comcast.net) has joined #beagle</span></li>
<li class="quit">[<a href="#T03:00:38" id="T03:00:38"><abbr title="2011-01-30T03:00:38+00:00">03:00:38</abbr></a>] <span>* baobrien (~baobrien@cm74-226.madisontelco.com) Quit (Quit: Ex-Chat)</span></li>
<li class="quit">[<a href="#T03:06:50" id="T03:06:50"><abbr title="2011-01-30T03:06:50+00:00">03:06:50</abbr></a>] <span>* Zoxc (Zoxc@ti0128a380-dhcp0824.bb.online.no) Quit (Ping timeout: 240 seconds)</span></li>
<li class="quit">[<a href="#T03:19:53" id="T03:19:53"><abbr title="2011-01-30T03:19:53+00:00">03:19:53</abbr></a>] <span>* tlab (~tlab@c-69-243-187-136.hsd1.in.comcast.net) Quit (Quit: Leaving)</span></li>
<li class="quit">[<a href="#T03:36:55" id="T03:36:55"><abbr title="2011-01-30T03:36:55+00:00">03:36:55</abbr></a>] <span>* peabody124 (~peabody12@c-98-196-22-185.hsd1.tx.comcast.net) Quit (Quit: peabody124)</span></li>
<li class="join">[<a href="#T03:43:42" id="T03:43:42"><abbr title="2011-01-30T03:43:42+00:00">03:43:42</abbr></a>] <span>* djlewis (~djlewis@65-70-11-221.dsl.tcworks.net) has joined #beagle</span></li>
<li class="message">[<a href="#T03:44:24" id="T03:44:24"><abbr title="2011-01-30T03:44:24+00:00">03:44:24</abbr></a>] &lt;<cite>djlewis</cite>&gt; <q>it is just too wrong to have to accept a Microslof Eula for a Ubuntu update :(</q></li>
<li class="message">[<a href="#T03:44:37" id="T03:44:37"><abbr title="2011-01-30T03:44:37+00:00">03:44:37</abbr></a>] &lt;<cite>mru</cite>&gt; <q>huh?</q></li>
<li class="message">[<a href="#T03:45:08" id="T03:45:08"><abbr title="2011-01-30T03:45:08+00:00">03:45:08</abbr></a>] &lt;<cite>djlewis</cite>&gt; <q>ttf-mscorefonts-installer 3.2</q></li>
<li class="message">[<a href="#T03:45:20" id="T03:45:20"><abbr title="2011-01-30T03:45:20+00:00">03:45:20</abbr></a>] &lt;<cite>djlewis</cite>&gt; <q>one of the defaults this update.</q></li>
<li class="message">[<a href="#T03:45:27" id="T03:45:27"><abbr title="2011-01-30T03:45:27+00:00">03:45:27</abbr></a>] &lt;<cite>mru</cite>&gt; <q>funny, I can install those fonts w/o accepting anything</q></li>
<li class="message">[<a href="#T03:45:42" id="T03:45:42"><abbr title="2011-01-30T03:45:42+00:00">03:45:42</abbr></a>] &lt;<cite>mru</cite>&gt; <q>but then I'm not running ubuntu</q></li>
<li class="message">[<a href="#T03:46:02" id="T03:46:02"><abbr title="2011-01-30T03:46:02+00:00">03:46:02</abbr></a>] &lt;<cite>mru</cite>&gt; <q>gentoo takes a more pragmatic approach</q></li>
<li class="message">[<a href="#T03:46:14" id="T03:46:14"><abbr title="2011-01-30T03:46:14+00:00">03:46:14</abbr></a>] &lt;<cite>djlewis</cite>&gt; <q>it's the irony. I feel so violated ...</q></li>
<li class="message">[<a href="#T03:46:17" id="T03:46:17"><abbr title="2011-01-30T03:46:17+00:00">03:46:17</abbr></a>] &lt;<cite>djlewis</cite>&gt; <q>;)</q></li>
<li class="message">[<a href="#T03:46:30" id="T03:46:30"><abbr title="2011-01-30T03:46:30+00:00">03:46:30</abbr></a>] &lt;<cite>mru</cite>&gt; <q>if the file can be download w/o clickwrap, it'll do it</q></li>
<li class="message">[<a href="#T03:46:58" id="T03:46:58"><abbr title="2011-01-30T03:46:58+00:00">03:46:58</abbr></a>] &lt;<cite>djlewis</cite>&gt; <q>my instinct is to decline the eula and thus the font.</q></li>
<li class="message">[<a href="#T03:47:11" id="T03:47:11"><abbr title="2011-01-30T03:47:11+00:00">03:47:11</abbr></a>] &lt;<cite>mru</cite>&gt; <q>the fonts are useful to have</q></li>
<li class="message">[<a href="#T03:47:17" id="T03:47:17"><abbr title="2011-01-30T03:47:17+00:00">03:47:17</abbr></a>] &lt;<cite>djlewis</cite>&gt; <q>hmmm</q></li>
<li class="message">[<a href="#T03:47:20" id="T03:47:20"><abbr title="2011-01-30T03:47:20+00:00">03:47:20</abbr></a>] &lt;<cite>mru</cite>&gt; <q>and they're not made by microsoft anyway</q></li>
<li class="message">[<a href="#T03:47:33" id="T03:47:33"><abbr title="2011-01-30T03:47:33+00:00">03:47:33</abbr></a>] &lt;<cite>mru</cite>&gt; <q>they're from various font foundries</q></li>
<li class="message">[<a href="#T03:47:36" id="T03:47:36"><abbr title="2011-01-30T03:47:36+00:00">03:47:36</abbr></a>] &lt;<cite>mru</cite>&gt; <q>monotype mostly</q></li>
<li class="message">[<a href="#T03:53:35" id="T03:53:35"><abbr title="2011-01-30T03:53:35+00:00">03:53:35</abbr></a>] &lt;<cite>AlTheKiller</cite>&gt; <q>Meh. Don't need anything but terminus fonts.</q></li>
<li class="message">[<a href="#T03:58:00" id="T03:58:00"><abbr title="2011-01-30T03:58:00+00:00">03:58:00</abbr></a>] &lt;<cite>djlewis</cite>&gt; <q>i feel the same, I dont word process</q></li>
