<li class="quit">[<a href="#T00:00:09" id="T00:00:09"><abbr title="2011-12-22T00:00:09+00:00">00:00:09</abbr></a>] <span>* Luca256 (~luca@pimentas.org) Quit (Client Quit)</span></li>
<li class="quit">[<a href="#T00:01:36" id="T00:01:36"><abbr title="2011-12-22T00:01:36+00:00">00:01:36</abbr></a>] <span>* TheBurrito (~TheBurrit@24.115.221.67) Quit (Remote host closed the connection)</span></li>
<li class="message">[<a href="#T00:01:48" id="T00:01:48"><abbr title="2011-12-22T00:01:48+00:00">00:01:48</abbr></a>] &lt;<cite>prpplague</cite>&gt; <q>ho ho ho. merry wednesday!</q></li>
<li class="join">[<a href="#T00:02:04" id="T00:02:04"><abbr title="2011-12-22T00:02:04+00:00">00:02:04</abbr></a>] <span>* smithw101 (~smithw101@pool-96-252-47-78.bstnma.fios.verizon.net) has joined #beaglebone</span></li>
<li class="join">[<abbr title="2011-12-22T00:02:04+00:00">00:02:04</abbr>] <span>* smithw101 (~smithw101@pool-96-252-47-78.bstnma.fios.verizon.net) has joined #beagleboard</span></li>
<li class="join">[<abbr title="2011-12-22T00:02:04+00:00">00:02:04</abbr>] <span>* smithw101 (~smithw101@pool-96-252-47-78.bstnma.fios.verizon.net) has joined #beagle</span></li>
<li class="join">[<a href="#T00:02:53" id="T00:02:53"><abbr title="2011-12-22T00:02:53+00:00">00:02:53</abbr></a>] <span>* Luca256 (~luca@pimentas.org) has joined #beagle</span></li>
<li class="message">[<a href="#T00:04:00" id="T00:04:00"><abbr title="2011-12-22T00:04:00+00:00">00:04:00</abbr></a>] &lt;<cite>syrioosh</cite>&gt; <q>i have a problem with usb, nothing happens when connect devices</q></li>
<li class="message">[<abbr title="2011-12-22T00:04:00+00:00">00:04:00</abbr>] &lt;<cite>syrioosh</cite>&gt; <q>i enabled all usb devices in kernel configuration </q></li>
<li class="message">[<abbr title="2011-12-22T00:04:00+00:00">00:04:00</abbr>] &lt;<cite>syrioosh</cite>&gt; <q>but is there any other place  should i look for clues</q></li>
<li class="message">[<abbr title="2011-12-22T00:04:00+00:00">00:04:00</abbr>] &lt;<cite>syrioosh</cite>&gt; <q>and on nand i actually have linux that usb work, </q></li>
<li class="message">[<abbr title="2011-12-22T00:04:00+00:00">00:04:00</abbr>] &lt;<cite>syrioosh</cite>&gt; <q>so do you know some interesting poins where to look for confiuration information ?</q></li>
<li class="message">[<a href="#T00:04:01" id="T00:04:01"><abbr title="2011-12-22T00:04:01+00:00">00:04:01</abbr></a>] &lt;<cite>syrioosh</cite>&gt; <q>in order to compare</q></li>
<li class="quit">[<a href="#T00:05:01" id="T00:05:01"><abbr title="2011-12-22T00:05:01+00:00">00:05:01</abbr></a>] <span>* Luca256 (~luca@pimentas.org) Quit (Client Quit)</span></li>
<li class="join">[<a href="#T00:05:18" id="T00:05:18"><abbr title="2011-12-22T00:05:18+00:00">00:05:18</abbr></a>] <span>* Luca256 (~luca@pimentas.org) has joined #beagle</span></li>
<li class="quit">[<a href="#T00:05:19" id="T00:05:19"><abbr title="2011-12-22T00:05:19+00:00">00:05:19</abbr></a>] <span>* Luca256 (~luca@pimentas.org) Quit (Client Quit)</span></li>
<li class="join">[<a href="#T00:05:29" id="T00:05:29"><abbr title="2011-12-22T00:05:29+00:00">00:05:29</abbr></a>] <span>* Luca256 (~luca@pimentas.org) has joined #beagle</span></li>
<li class="quit">[<a href="#T00:05:34" id="T00:05:34"><abbr title="2011-12-22T00:05:34+00:00">00:05:34</abbr></a>] <span>* Luca256 (~luca@pimentas.org) Quit (Client Quit)</span></li>
<li class="join">[<a href="#T00:05:40" id="T00:05:40"><abbr title="2011-12-22T00:05:40+00:00">00:05:40</abbr></a>] <span>* Luca256 (~luca@pimentas.org) has joined #beagle</span></li>
<li class="quit">[<a href="#T00:07:56" id="T00:07:56"><abbr title="2011-12-22T00:07:56+00:00">00:07:56</abbr></a>] <span>* djlewis (~djelwis@adsl-65-64-30-13.dsl.ltrkar.swbell.net) Quit (Quit: Leaving.)</span></li>
<li class="message">[<a href="#T00:16:22" id="T00:16:22"><abbr title="2011-12-22T00:16:22+00:00">00:16:22</abbr></a>] &lt;<cite>mranostay</cite>&gt; <q>syrioosh: er lsusb</q></li>
<li class="message">[<a href="#T00:17:31" id="T00:17:31"><abbr title="2011-12-22T00:17:31+00:00">00:17:31</abbr></a>] &lt;<cite>syrioosh</cite>&gt; <q># lsusb</q></li>
<li class="message">[<abbr title="2011-12-22T00:17:31+00:00">00:17:31</abbr>] &lt;<cite>syrioosh</cite>&gt; <q>Bus 001 Device 001: ID 1d6b:0002 Linux Foundation 2.0 root hub</q></li>
<li class="message">[<abbr title="2011-12-22T00:17:31+00:00">00:17:31</abbr>] &lt;<cite>syrioosh</cite>&gt; <q>Bus 002 Device 001: ID 1d6b:0002 Linux Foundation 2.0 root hub</q></li>
<li class="message">[<a href="#T00:19:10" id="T00:19:10"><abbr title="2011-12-22T00:19:10+00:00">00:19:10</abbr></a>] &lt;<cite>ds2</cite>&gt; <q>something looks f'ed</q></li>
<li class="message">[<a href="#T00:19:39" id="T00:19:39"><abbr title="2011-12-22T00:19:39+00:00">00:19:39</abbr></a>] &lt;<cite>syrioosh</cite>&gt; <q>so it is</q></li>
<li class="message">[<a href="#T00:20:00" id="T00:20:00"><abbr title="2011-12-22T00:20:00+00:00">00:20:00</abbr></a>] &lt;<cite>mranostay</cite>&gt; <q>syrioosh: what kind of device and what rev beagleboard/bone/xm you have?</q></li>
<li class="message">[<a href="#T00:20:13" id="T00:20:13"><abbr title="2011-12-22T00:20:13+00:00">00:20:13</abbr></a>] &lt;<cite>syrioosh</cite>&gt; <q>devkit8000 ;/</q></li>
<li class="message">[<a href="#T00:20:55" id="T00:20:55"><abbr title="2011-12-22T00:20:55+00:00">00:20:55</abbr></a>] &lt;<cite>syrioosh</cite>&gt; <q>its clone of beagleboard</q></li>
<li class="join">[<a href="#T00:21:18" id="T00:21:18"><abbr title="2011-12-22T00:21:18+00:00">00:21:18</abbr></a>] <span>* arun_ (~arun@unaffiliated/sindian) has joined #beagle</span></li>
<li class="join">[<a href="#T00:22:00" id="T00:22:00"><abbr title="2011-12-22T00:22:00+00:00">00:22:00</abbr></a>] <span>* arun__ (~arun@pool-72-83-252-185.washdc.fios.verizon.net) has joined #beagle</span></li>
<li class="join">[<a href="#T00:23:20" id="T00:23:20"><abbr title="2011-12-22T00:23:20+00:00">00:23:20</abbr></a>] <span>* mnt_real (~mnt_real@bas1-montreal43-2925255109.dsl.bell.ca) has joined #beagle</span></li>
<li class="quit">[<a href="#T00:23:40" id="T00:23:40"><abbr title="2011-12-22T00:23:40+00:00">00:23:40</abbr></a>] <span>* arun_ (~arun@unaffiliated/sindian) Quit (Remote host closed the connection)</span></li>
<li class="quit">[<a href="#T00:24:03" id="T00:24:03"><abbr title="2011-12-22T00:24:03+00:00">00:24:03</abbr></a>] <span>* arun__ (~arun@pool-72-83-252-185.washdc.fios.verizon.net) Quit (Client Quit)</span></li>
<li class="message">[<a href="#T00:24:38" id="T00:24:38"><abbr title="2011-12-22T00:24:38+00:00">00:24:38</abbr></a>] &lt;<cite>aholler_</cite>&gt; <q>syrioosh: which usb?</q></li>
<li class="message">[<a href="#T00:24:52" id="T00:24:52"><abbr title="2011-12-22T00:24:52+00:00">00:24:52</abbr></a>] &lt;<cite>syrioosh</cite>&gt; <q>host </q></li>
<li class="message">[<a href="#T00:25:07" id="T00:25:07"><abbr title="2011-12-22T00:25:07+00:00">00:25:07</abbr></a>] &lt;<cite>syrioosh</cite>&gt; <q>i attach pendrive and nothing happens</q></li>
<li class="message">[<abbr title="2011-12-22T00:25:07+00:00">00:25:07</abbr>] &lt;<cite>aholler_</cite>&gt; <q>wrong answer</q></li>
<li class="message">[<a href="#T00:25:30" id="T00:25:30"><abbr title="2011-12-22T00:25:30+00:00">00:25:30</abbr></a>] &lt;<cite>aholler_</cite>&gt; <q>but I assume you mean the ehci</q></li>
<li class="message">[<a href="#T00:25:40" id="T00:25:40"><abbr title="2011-12-22T00:25:40+00:00">00:25:40</abbr></a>] &lt;<cite>syrioosh</cite>&gt; <q>yes</q></li>
<li class="message">[<a href="#T00:25:54" id="T00:25:54"><abbr title="2011-12-22T00:25:54+00:00">00:25:54</abbr></a>] &lt;<cite>aholler_</cite>&gt; <q>so you  kernel-config is mssing something</q></li>
<li class="message">[<a href="#T00:26:33" id="T00:26:33"><abbr title="2011-12-22T00:26:33+00:00">00:26:33</abbr></a>] &lt;<cite>aholler_</cite>&gt; <q>or you have something as module which doesn't work</q></li>
<li class="message">[<a href="#T00:27:24" id="T00:27:24"><abbr title="2011-12-22T00:27:24+00:00">00:27:24</abbr></a>] &lt;<cite>jay6981</cite>&gt; <q>he's running some really old kernel because he can't get the later ones working</q></li>
<li class="message">[<a href="#T00:28:12" id="T00:28:12"><abbr title="2011-12-22T00:28:12+00:00">00:28:12</abbr></a>] &lt;<cite>syrioosh</cite>&gt; <q>sort of true</q></li>
<li class="message">[<a href="#T00:28:56" id="T00:28:56"><abbr title="2011-12-22T00:28:56+00:00">00:28:56</abbr></a>] &lt;<cite>aholler_</cite>&gt; <q>dmesg doesn't give aclue?</q></li>
<li class="join">[<a href="#T00:29:12" id="T00:29:12"><abbr title="2011-12-22T00:29:12+00:00">00:29:12</abbr></a>] <span>* thurbad (~natesewel@cpe-70-124-80-154.austin.res.rr.com) has joined #beagle</span></li>
<li class="join">[<a href="#T00:29:23" id="T00:29:23"><abbr title="2011-12-22T00:29:23+00:00">00:29:23</abbr></a>] <span>* n6pfk (~n6pfk__@pool-74-110-218-2.rcmdva.fios.verizon.net) has joined #beagle</span></li>
<li class="message">[<a href="#T00:30:09" id="T00:30:09"><abbr title="2011-12-22T00:30:09+00:00">00:30:09</abbr></a>] &lt;<cite>aholler_</cite>&gt; <q>no</q></li>
<li class="message">[<a href="#T00:31:01" id="T00:31:01"><abbr title="2011-12-22T00:31:01+00:00">00:31:01</abbr></a>] &lt;<cite>aholler_</cite>&gt; <q>you've got ignored</q></li>
<li class="message">[<a href="#T00:31:26" id="T00:31:26"><abbr title="2011-12-22T00:31:26+00:00">00:31:26</abbr></a>] &lt;<cite>aholler_</cite>&gt; <q>1. no pm, 2. no logs through pm</q></li>
<li class="message">[<a href="#T00:31:36" id="T00:31:36"><abbr title="2011-12-22T00:31:36+00:00">00:31:36</abbr></a>] &lt;<cite>aholler_</cite>&gt; <q>n8</q></li>
<li class="message">[<a href="#T00:34:18" id="T00:34:18"><abbr title="2011-12-22T00:34:18+00:00">00:34:18</abbr></a>] &lt;<cite>syrioosh</cite>&gt; <q>ok</q></li>
<li class="message">[<a href="#T00:34:31" id="T00:34:31"><abbr title="2011-12-22T00:34:31+00:00">00:34:31</abbr></a>] &lt;<cite>syrioosh</cite>&gt; <q><a href="http://pastebin.com/kVD5igBd">http://pastebin.com/kVD5igBd</a> </q></li>
<li class="message">[<a href="#T00:34:57" id="T00:34:57"><abbr title="2011-12-22T00:34:57+00:00">00:34:57</abbr></a>] &lt;<cite>syrioosh</cite>&gt; <q>output for dmesg  | grep usb</q></li>
<li class="quit">[<a href="#T00:37:17" id="T00:37:17"><abbr title="2011-12-22T00:37:17+00:00">00:37:17</abbr></a>] <span>* rcf (~rcf@180.186-243-81.adsl-dyn.isp.belgacom.be) Quit (Quit: This war is mine)</span></li>
<li class="part">[<a href="#T00:39:35" id="T00:39:35"><abbr title="2011-12-22T00:39:35+00:00">00:39:35</abbr></a>] <span>* _roger_ (~a0740758@nat/ti/x-lkqxapigksujopnw) has left #beagle</span></li>
<li class="join">[<a href="#T00:41:17" id="T00:41:17"><abbr title="2011-12-22T00:41:17+00:00">00:41:17</abbr></a>] <span>* TheBurrito (~TheBurrit@24.115.221.67) has joined #beagle</span></li>
<li class="message">[<a href="#T00:43:27" id="T00:43:27"><abbr title="2011-12-22T00:43:27+00:00">00:43:27</abbr></a>] &lt;<cite>ds2</cite>&gt; <q>which board is this?</q></li>
<li class="quit">[<a href="#T00:47:06" id="T00:47:06"><abbr title="2011-12-22T00:47:06+00:00">00:47:06</abbr></a>] <span>* syrioosh (~quassel@xz138.internetdsl.tpnet.pl) Quit (Ping timeout: 252 seconds)</span></li>
<li class="join">[<a href="#T00:53:36" id="T00:53:36"><abbr title="2011-12-22T00:53:36+00:00">00:53:36</abbr></a>] <span>* guanucoluis (~luis@200-127-233-158.cab.prima.net.ar) has joined #beagleboard</span></li>
<li class="quit">[<a href="#T00:58:11" id="T00:58:11"><abbr title="2011-12-22T00:58:11+00:00">00:58:11</abbr></a>] <span>* ChrisWeiss (~CWeiss@dsl253-068-066.sfo1.dsl.speakeasy.net) Quit (Quit: ~ Trillian Astra - www.trillian.im ~)</span></li>
<li class="quit">[<a href="#T01:13:41" id="T01:13:41"><abbr title="2011-12-22T01:13:41+00:00">01:13:41</abbr></a>] <span>* jay6981 (~Adium@38.114.132.193) Quit (Quit: Leaving.)</span></li>
<li class="quit">[<a href="#T01:22:45" id="T01:22:45"><abbr title="2011-12-22T01:22:45+00:00">01:22:45</abbr></a>] <span>* phantoxe (~destroy@a95-92-89-24.cpe.netcabo.pt) Quit ()</span></li>
<li class="join">[<a href="#T01:47:58" id="T01:47:58"><abbr title="2011-12-22T01:47:58+00:00">01:47:58</abbr></a>] <span>* fraz_ (~fraz@12.233.153.4) has joined #beagle</span></li>
<li class="part">[<a href="#T01:48:03" id="T01:48:03"><abbr title="2011-12-22T01:48:03+00:00">01:48:03</abbr></a>] <span>* fraz_ (~fraz@12.233.153.4) has left #beagle</span></li>
<li class="quit">[<a href="#T01:50:53" id="T01:50:53"><abbr title="2011-12-22T01:50:53+00:00">01:50:53</abbr></a>] <span>* risca (~risca@81-233-40-137-no18.tbcn.telia.com) Quit (Ping timeout: 240 seconds)</span></li>
<li class="join">[<a href="#T01:51:24" id="T01:51:24"><abbr title="2011-12-22T01:51:24+00:00">01:51:24</abbr></a>] <span>* risca (~risca@81-233-40-137-no18.tbcn.telia.com) has joined #beagle</span></li>
<li class="join">[<a href="#T01:52:52" id="T01:52:52"><abbr title="2011-12-22T01:52:52+00:00">01:52:52</abbr></a>] <span>* jay6981 (~Adium@99-90-66-112.lightspeed.sntcca.sbcglobal.net) has joined #beagle</span></li>
<li class="message">[<a href="#T01:58:06" id="T01:58:06"><abbr title="2011-12-22T01:58:06+00:00">01:58:06</abbr></a>] &lt;<cite>mdp</cite>&gt; <q>mranostay, iirc, koen posted what he started with on another channel..I'll see if I can find that link</q></li>
