<li class="message">[<a href="#T00:03:25" id="T00:03:25"><abbr title="2011-01-24T00:03:25+00:00">00:03:25</abbr></a>] &lt;<cite>ggreer</cite>&gt; <q>angstrom was a lot easier to get working, and cat /proc/cpuinfo gives me twice the bogomips</q></li>
<li class="part">[<a href="#T00:03:42" id="T00:03:42"><abbr title="2011-01-24T00:03:42+00:00">00:03:42</abbr></a>] <span>* cmwslw (~cmwslw@c-98-249-104-118.hsd1.tn.comcast.net) has left #beagle</span></li>
<li class="message">[<a href="#T00:13:13" id="T00:13:13"><abbr title="2011-01-24T00:13:13+00:00">00:13:13</abbr></a>] &lt;<cite>pupnik</cite>&gt; <q>i'd like to get bitbake working someday</q></li>
<li class="quit">[<a href="#T00:13:35" id="T00:13:35"><abbr title="2011-01-24T00:13:35+00:00">00:13:35</abbr></a>] <span>* gplubb (~gplubb@109.96.205.143) Quit (Quit: gplubb)</span></li>
<li class="quit">[<a href="#T00:21:03" id="T00:21:03"><abbr title="2011-01-24T00:21:03+00:00">00:21:03</abbr></a>] <span>* CMoH-notebook (~cipi@unaffiliated/c-moh) Quit (Remote host closed the connection)</span></li>
<li class="join">[<a href="#T00:22:07" id="T00:22:07"><abbr title="2011-01-24T00:22:07+00:00">00:22:07</abbr></a>] <span>* CMoH-notebook (~cipi@95.76.68.223) has joined #beagle</span></li>
<li class="quit">[<abbr title="2011-01-24T00:22:07+00:00">00:22:07</abbr>] <span>* CMoH-notebook (~cipi@95.76.68.223) Quit (Changing host)</span></li>
<li class="join">[<abbr title="2011-01-24T00:22:07+00:00">00:22:07</abbr>] <span>* CMoH-notebook (~cipi@unaffiliated/c-moh) has joined #beagle</span></li>
<li class="quit">[<a href="#T00:22:18" id="T00:22:18"><abbr title="2011-01-24T00:22:18+00:00">00:22:18</abbr></a>] <span>* rlameiro (~lameiro@87.196.59.117) Quit (Read error: Connection reset by peer)</span></li>
<li class="quit">[<a href="#T00:25:56" id="T00:25:56"><abbr title="2011-01-24T00:25:56+00:00">00:25:56</abbr></a>] <span>* peabody124 (~peabody12@c-98-196-22-185.hsd1.tx.comcast.net) Quit (Read error: No route to host)</span></li>
<li class="join">[<a href="#T00:27:24" id="T00:27:24"><abbr title="2011-01-24T00:27:24+00:00">00:27:24</abbr></a>] <span>* peabody124 (~peabody12@c-98-196-22-185.hsd1.tx.comcast.net) has joined #beagle</span></li>
<li class="message">[<a href="#T00:28:00" id="T00:28:00"><abbr title="2011-01-24T00:28:00+00:00">00:28:00</abbr></a>] &lt;<cite>djlewis</cite>&gt; <q>bogomips, umm, eat em for breakfast :)</q></li>
<li class="quit">[<a href="#T00:30:39" id="T00:30:39"><abbr title="2011-01-24T00:30:39+00:00">00:30:39</abbr></a>] <span>* Openfree (~Openfreer@61.170.200.171) Quit (Ping timeout: 240 seconds)</span></li>
<li class="message">[<a href="#T00:37:27" id="T00:37:27"><abbr title="2011-01-24T00:37:27+00:00">00:37:27</abbr></a>] &lt;<cite>ggreer</cite>&gt; <q>what's the angstrom package that installs man?</q></li>
<li class="message">[<a href="#T00:51:33" id="T00:51:33"><abbr title="2011-01-24T00:51:33+00:00">00:51:33</abbr></a>] &lt;<cite>djlewis</cite>&gt; <q>ggreer: here, type man in the search box, scroll down to man, click on man</q></li>
<li class="message">[<a href="#T00:51:37" id="T00:51:37"><abbr title="2011-01-24T00:51:37+00:00">00:51:37</abbr></a>] &lt;<cite>djlewis</cite>&gt; <q>ggreer: <a href="http://www.angstrom-distribution.org/repo/">http://www.angstrom-distribution.org/repo/</a></q></li>
<li class="message">[<a href="#T00:53:30" id="T00:53:30"><abbr title="2011-01-24T00:53:30+00:00">00:53:30</abbr></a>] &lt;<cite>djlewis</cite>&gt; <q>actually you dont have to click on man, it tells you right beside it</q></li>
<li class="quit">[<a href="#T01:05:11" id="T01:05:11"><abbr title="2011-01-24T01:05:11+00:00">01:05:11</abbr></a>] <span>* tlab (~tlab@c-69-243-187-136.hsd1.in.comcast.net) Quit (Quit: Leaving)</span></li>
<li class="join">[<a href="#T01:17:40" id="T01:17:40"><abbr title="2011-01-24T01:17:40+00:00">01:17:40</abbr></a>] <span>* Crofton (~balister@207.47.37.2.static.nextweb.net) has joined #beagle</span></li>
<li class="message">[<a href="#T01:18:12" id="T01:18:12"><abbr title="2011-01-24T01:18:12+00:00">01:18:12</abbr></a>] &lt;<cite>ggreer</cite>&gt; <q>I see it there, but opkg info man gives me nothing</q></li>
<li class="message">[<a href="#T01:18:18" id="T01:18:18"><abbr title="2011-01-24T01:18:18+00:00">01:18:18</abbr></a>] &lt;<cite>ggreer</cite>&gt; <q>and opkg install man says the package doesn't exist</q></li>
<li class="message">[<a href="#T01:18:41" id="T01:18:41"><abbr title="2011-01-24T01:18:41+00:00">01:18:41</abbr></a>] &lt;<cite>ggreer</cite>&gt; <q>I guess there's no version for the beagleboard's architecture?</q></li>
<li class="message">[<a href="#T01:20:08" id="T01:20:08"><abbr title="2011-01-24T01:20:08+00:00">01:20:08</abbr></a>] &lt;<cite>djlewis</cite>&gt; <q>ggreer: it is part of the base package</q></li>
<li class="message">[<a href="#T01:21:04" id="T01:21:04"><abbr title="2011-01-24T01:21:04+00:00">01:21:04</abbr></a>] &lt;<cite>djlewis</cite>&gt; <q>it would be in demo and you might have to select it in narcissus</q></li>
<li class="message">[<a href="#T01:23:52" id="T01:23:52"><abbr title="2011-01-24T01:23:52+00:00">01:23:52</abbr></a>] &lt;<cite>ggreer</cite>&gt; <q>ok, but how do I install it with opkg?</q></li>
<li class="message">[<a href="#T01:32:37" id="T01:32:37"><abbr title="2011-01-24T01:32:37+00:00">01:32:37</abbr></a>] &lt;<cite>djlewis</cite>&gt; <q>are you running a narcissus image?</q></li>
<li class="quit">[<a href="#T01:37:48" id="T01:37:48"><abbr title="2011-01-24T01:37:48+00:00">01:37:48</abbr></a>] <span>* espindola (~espindola@CPE30469af9ce48-CM001225dd5348.cpe.net.cable.rogers.com) Quit (Quit: Ex-Chat)</span></li>
<li class="message">[<a href="#T01:39:27" id="T01:39:27"><abbr title="2011-01-24T01:39:27+00:00">01:39:27</abbr></a>] &lt;<cite>ggreer</cite>&gt; <q>yes. I built two of them. one was pretty stripped down. one has x11</q></li>
<li class="message">[<a href="#T01:39:29" id="T01:39:29"><abbr title="2011-01-24T01:39:29+00:00">01:39:29</abbr></a>] &lt;<cite>ggreer</cite>&gt; <q>neither have man</q></li>
<li class="join">[<a href="#T01:40:10" id="T01:40:10"><abbr title="2011-01-24T01:40:10+00:00">01:40:10</abbr></a>] <span>* rick_ (~rick@118-160-36-36.dynamic.hinet.net) has joined #beagle</span></li>
<li class="join">[<a href="#T01:45:35" id="T01:45:35"><abbr title="2011-01-24T01:45:35+00:00">01:45:35</abbr></a>] <span>* Openfree (~Openfreer@116.228.88.131) has joined #beagle</span></li>
<li class="quit">[<a href="#T01:52:40" id="T01:52:40"><abbr title="2011-01-24T01:52:40+00:00">01:52:40</abbr></a>] <span>* Openfree (~Openfreer@116.228.88.131) Quit (Ping timeout: 255 seconds)</span></li>
<li class="quit">[<a href="#T01:54:39" id="T01:54:39"><abbr title="2011-01-24T01:54:39+00:00">01:54:39</abbr></a>] <span>* hramrach_ (debian-tor@gateway/tor-sasl/hramrach) Quit (Ping timeout: 240 seconds)</span></li>
<li class="join">[<a href="#T01:56:36" id="T01:56:36"><abbr title="2011-01-24T01:56:36+00:00">01:56:36</abbr></a>] <span>* hramrach_ (debian-tor@gateway/tor-sasl/hramrach) has joined #beagle</span></li>
<li class="quit">[<a href="#T02:02:29" id="T02:02:29"><abbr title="2011-01-24T02:02:29+00:00">02:02:29</abbr></a>] <span>* alancam (~a-campbel@nat/ti/x-wojsvfrwjxdgxkvt) Quit (Ping timeout: 264 seconds)</span></li>
<li class="quit">[<a href="#T02:09:29" id="T02:09:29"><abbr title="2011-01-24T02:09:29+00:00">02:09:29</abbr></a>] <span>* ZaPPaS (~zappas@stgt-5d841c07.pool.mediaWays.net) Quit (Ping timeout: 265 seconds)</span></li>
<li class="join">[<a href="#T02:14:39" id="T02:14:39"><abbr title="2011-01-24T02:14:39+00:00">02:14:39</abbr></a>] <span>* dl9pf_ (~quassel@p5B215E70.dip.t-dialin.net) has joined #beagle</span></li>
<li class="quit">[<a href="#T02:15:37" id="T02:15:37"><abbr title="2011-01-24T02:15:37+00:00">02:15:37</abbr></a>] <span>* dl9pf (~quassel@opensuse/member/dl9pf) Quit (Ping timeout: 255 seconds)</span></li>
<li class="join">[<a href="#T02:21:04" id="T02:21:04"><abbr title="2011-01-24T02:21:04+00:00">02:21:04</abbr></a>] <span>* ZaPPaS (~zappas@stgt-5d841636.pool.mediaWays.net) has joined #beagle</span></li>
<li class="join">[<a href="#T02:28:34" id="T02:28:34"><abbr title="2011-01-24T02:28:34+00:00">02:28:34</abbr></a>] <span>* raster (raster@enlightenment2.osuosl.org) has joined #beagle</span></li>
<li class="quit">[<a href="#T02:28:36" id="T02:28:36"><abbr title="2011-01-24T02:28:36+00:00">02:28:36</abbr></a>] <span>* raster (raster@enlightenment2.osuosl.org) Quit (Changing host)</span></li>
<li class="join">[<abbr title="2011-01-24T02:28:36+00:00">02:28:36</abbr>] <span>* raster (raster@enlightenment/developer/raster) has joined #beagle</span></li>
<li class="join">[<a href="#T02:33:20" id="T02:33:20"><abbr title="2011-01-24T02:33:20+00:00">02:33:20</abbr></a>] <span>* GeniusGeeko (4ad30592@gateway/web/freenode/ip.74.211.5.146) has joined #beagle</span></li>
<li class="message">[<a href="#T02:33:29" id="T02:33:29"><abbr title="2011-01-24T02:33:29+00:00">02:33:29</abbr></a>] &lt;<cite>GeniusGeeko</cite>&gt; <q>Anybody willing to help?</q></li>
<li class="message">[<a href="#T02:35:13" id="T02:35:13"><abbr title="2011-01-24T02:35:13+00:00">02:35:13</abbr></a>] &lt;<cite>mru</cite>&gt; <q>if you want help, perhaps calling yourself genius isn't the smartest move :)</q></li>
<li class="quit">[<a href="#T02:36:09" id="T02:36:09"><abbr title="2011-01-24T02:36:09+00:00">02:36:09</abbr></a>] <span>* phantoxe (~destroy@a89-155-22-187.cpe.netcabo.pt) Quit ()</span></li>
<li class="message">[<a href="#T02:41:08" id="T02:41:08"><abbr title="2011-01-24T02:41:08+00:00">02:41:08</abbr></a>] &lt;<cite>GeniusGeeko</cite>&gt; <q>Haha, I just use it for everything.</q></li>
<li class="message">[<a href="#T02:41:22" id="T02:41:22"><abbr title="2011-01-24T02:41:22+00:00">02:41:22</abbr></a>] &lt;<cite>GeniusGeeko</cite>&gt; <q>BeagleBoard is something I am pretty new with.</q></li>
<li class="message">[<a href="#T02:44:19" id="T02:44:19"><abbr title="2011-01-24T02:44:19+00:00">02:44:19</abbr></a>] &lt;<cite>mru</cite>&gt; <q>well, ask your question</q></li>
<li class="message">[<a href="#T02:44:26" id="T02:44:26"><abbr title="2011-01-24T02:44:26+00:00">02:44:26</abbr></a>] &lt;<cite>mru</cite>&gt; <q>with luck, someone will know the answer</q></li>
<li class="message">[<a href="#T02:45:56" id="T02:45:56"><abbr title="2011-01-24T02:45:56+00:00">02:45:56</abbr></a>] &lt;<cite>GeniusGeeko</cite>&gt; <q>I have tried to create a successful booting sd card. Everytime I follow this guide, <a href="http://code.google.com/p/beagleboard/wiki/HowToGetAngstromRunning">http://code.google.com/p/beagleboard/wiki/HowToGetAngstromRunning</a> , it never boots up. I am using the C4 board.</q></li>
<li class="join">[<a href="#T02:56:04" id="T02:56:04"><abbr title="2011-01-24T02:56:04+00:00">02:56:04</abbr></a>] <span>* alancam (~a-campbel@nat/ti/x-zgeyoxnxqtrknvaz) has joined #beagle</span></li>
