<li class="message">[<a href="#T00:06:08" id="T00:06:08"><abbr title="2011-09-10T00:06:08+00:00">00:06:08</abbr></a>] &lt;<cite>djlewis</cite>&gt; <q>sooner</q></li>
<li class="quit">[<a href="#T00:17:19" id="T00:17:19"><abbr title="2011-09-10T00:17:19+00:00">00:17:19</abbr></a>] <span>* DesertZ (~quassel@200.92.209.248) Quit (Ping timeout: 250 seconds)</span></li>
<li class="join">[<a href="#T00:17:35" id="T00:17:35"><abbr title="2011-09-10T00:17:35+00:00">00:17:35</abbr></a>] <span>* DesertZ (~quassel@200.92.209.248) has joined #beagleboard</span></li>
<li class="join">[<a href="#T00:20:37" id="T00:20:37"><abbr title="2011-09-10T00:20:37+00:00">00:20:37</abbr></a>] <span>* alancam (~alancam@nat/ti/x-mpsjxhiujfusqapj) has joined #beagle</span></li>
<li class="join">[<a href="#T00:28:34" id="T00:28:34"><abbr title="2011-09-10T00:28:34+00:00">00:28:34</abbr></a>] <span>* Matt_O (~MattOwnby@nat.myfamilyinc.com) has joined #beagle</span></li>
<li class="quit">[<a href="#T00:29:01" id="T00:29:01"><abbr title="2011-09-10T00:29:01+00:00">00:29:01</abbr></a>] <span>* Matt_O1 (~MattOwnby@nat.myfamilyinc.com) Quit (Ping timeout: 250 seconds)</span></li>
<li class="join">[<a href="#T00:37:17" id="T00:37:17"><abbr title="2011-09-10T00:37:17+00:00">00:37:17</abbr></a>] <span>* Guest55479 (~David@653246hfc62.tampabay.res.rr.com) has joined #beagleboard</span></li>
<li class="part">[<a href="#T00:49:56" id="T00:49:56"><abbr title="2011-09-10T00:49:56+00:00">00:49:56</abbr></a>] <span>* Guest55479 (~David@653246hfc62.tampabay.res.rr.com) has left #beagleboard</span></li>
<li class="message">[<a href="#T01:11:07" id="T01:11:07"><abbr title="2011-09-10T01:11:07+00:00">01:11:07</abbr></a>] &lt;<cite>emeb</cite>&gt; <q>djlewis: inna house?</q></li>
<li class="quit">[<a href="#T01:11:21" id="T01:11:21"><abbr title="2011-09-10T01:11:21+00:00">01:11:21</abbr></a>] <span>* peabody124 (~peabody12@128.249.96.21) Quit (Quit: peabody124)</span></li>
<li class="quit">[<a href="#T01:14:38" id="T01:14:38"><abbr title="2011-09-10T01:14:38+00:00">01:14:38</abbr></a>] <span>* lyakh (~lyakh@dslb-178-006-243-213.pools.arcor-ip.net) Quit (Ping timeout: 260 seconds)</span></li>
<li class="message">[<a href="#T01:17:43" id="T01:17:43"><abbr title="2011-09-10T01:17:43+00:00">01:17:43</abbr></a>] &lt;<cite>djlewis</cite>&gt; <q>emeb: hi, working on my sdr kit :)</q></li>
<li class="message">[<a href="#T01:18:09" id="T01:18:09"><abbr title="2011-09-10T01:18:09+00:00">01:18:09</abbr></a>] &lt;<cite>djlewis</cite>&gt; <q>about to solder a huge 1.5mm x 3mm 3.3v regulator with 5 legs</q></li>
<li class="message">[<a href="#T01:18:43" id="T01:18:43"><abbr title="2011-09-10T01:18:43+00:00">01:18:43</abbr></a>] &lt;<cite>emeb</cite>&gt; <q>djlewis: Fun!</q></li>
<li class="message">[<a href="#T01:19:18" id="T01:19:18"><abbr title="2011-09-10T01:19:18+00:00">01:19:18</abbr></a>] &lt;<cite>djlewis</cite>&gt; <q>yeah, i like it, gotta switch out my solder tip though</q></li>
<li class="message">[<a href="#T01:19:20" id="T01:19:20"><abbr title="2011-09-10T01:19:20+00:00">01:19:20</abbr></a>] &lt;<cite>emeb</cite>&gt; <q>I think I've used that pkg before.</q></li>
<li class="message">[<a href="#T01:20:37" id="T01:20:37"><abbr title="2011-09-10T01:20:37+00:00">01:20:37</abbr></a>] &lt;<cite>djlewis</cite>&gt; <q>I think the .1uf 's are 802. 1mm x 4mm</q></li>
<li class="message">[<a href="#T01:21:36" id="T01:21:36"><abbr title="2011-09-10T01:21:36+00:00">01:21:36</abbr></a>] &lt;<cite>djlewis</cite>&gt; <q>this regulator is for a thumbdrive, not a 2x4" board :P</q></li>
<li class="message">[<a href="#T01:21:57" id="T01:21:57"><abbr title="2011-09-10T01:21:57+00:00">01:21:57</abbr></a>] &lt;<cite>emeb</cite>&gt; <q>SOT23 pkg?</q></li>
<li class="message">[<a href="#T01:23:18" id="T01:23:18"><abbr title="2011-09-10T01:23:18+00:00">01:23:18</abbr></a>] &lt;<cite>djlewis</cite>&gt; <q>i dunno, the kit only refers to it as "very tiny, and I mean very tiny"</q></li>
<li class="message">[<a href="#T01:23:47" id="T01:23:47"><abbr title="2011-09-10T01:23:47+00:00">01:23:47</abbr></a>] &lt;<cite>emeb</cite>&gt; <q>Heh - not what one would call an objective measurement.</q></li>
<li class="message">[<a href="#T01:25:24" id="T01:25:24"><abbr title="2011-09-10T01:25:24+00:00">01:25:24</abbr></a>] &lt;<cite>djlewis</cite>&gt; <q>oh, that was in the directions.</q></li>
<li class="message">[<a href="#T01:25:38" id="T01:25:38"><abbr title="2011-09-10T01:25:38+00:00">01:25:38</abbr></a>] &lt;<cite>djlewis</cite>&gt; <q>found it in the parts list = SOT-23-5</q></li>
<li class="message">[<a href="#T01:25:57" id="T01:25:57"><abbr title="2011-09-10T01:25:57+00:00">01:25:57</abbr></a>] &lt;<cite>djlewis</cite>&gt; <q>so you wuz correct :)</q></li>
<li class="message">[<a href="#T01:26:26" id="T01:26:26"><abbr title="2011-09-10T01:26:26+00:00">01:26:26</abbr></a>] &lt;<cite>ds2</cite>&gt; <q>SOT-23's are easy</q></li>
<li class="message">[<a href="#T01:26:51" id="T01:26:51"><abbr title="2011-09-10T01:26:51+00:00">01:26:51</abbr></a>] &lt;<cite>djlewis</cite>&gt; <q>yeah, I have my dual lense head magnifier on and I am ready for bear!</q></li>
<li class="join">[<abbr title="2011-09-10T01:26:51+00:00">01:26:51</abbr>] <span>* lyakh (~lyakh@dslb-178-006-243-149.pools.arcor-ip.net) has joined #beagle</span></li>
<li class="message">[<a href="#T01:27:29" id="T01:27:29"><abbr title="2011-09-10T01:27:29+00:00">01:27:29</abbr></a>] &lt;<cite>emeb</cite>&gt; <q>I've got one like that on the FPGA board for the 1.8V supply.</q></li>
<li class="message">[<a href="#T01:28:34" id="T01:28:34"><abbr title="2011-09-10T01:28:34+00:00">01:28:34</abbr></a>] &lt;<cite>ds2</cite>&gt; <q>SOT-23's are huge</q></li>
<li class="message">[<a href="#T01:28:45" id="T01:28:45"><abbr title="2011-09-10T01:28:45+00:00">01:28:45</abbr></a>] &lt;<cite>emeb</cite>&gt; <q>comparatively.</q></li>
<li class="nick-change">[<a href="#T01:28:53" id="T01:28:53"><abbr title="2011-09-10T01:28:53+00:00">01:28:53</abbr></a>] <span>* kimitake is now known as kimitake_idle</span></li>
<li class="message">[<a href="#T01:29:11" id="T01:29:11"><abbr title="2011-09-10T01:29:11+00:00">01:29:11</abbr></a>] &lt;<cite>emeb</cite>&gt; <q>ds2: you still looking for a cheap, low-power FPGA?</q></li>
<li class="message">[<a href="#T01:29:21" id="T01:29:21"><abbr title="2011-09-10T01:29:21+00:00">01:29:21</abbr></a>] &lt;<cite>ds2</cite>&gt; <q>it fits 0603's across 2 pins!</q></li>
<li class="message">[<a href="#T01:29:28" id="T01:29:28"><abbr title="2011-09-10T01:29:28+00:00">01:29:28</abbr></a>] &lt;<cite>ds2</cite>&gt; <q>emeb: always... got a P/N?</q></li>
<li class="message">[<a href="#T01:29:39" id="T01:29:39"><abbr title="2011-09-10T01:29:39+00:00">01:29:39</abbr></a>] &lt;<cite>emeb</cite>&gt; <q>just a moment...</q></li>
<li class="message">[<a href="#T01:30:57" id="T01:30:57"><abbr title="2011-09-10T01:30:57+00:00">01:30:57</abbr></a>] &lt;<cite>emeb</cite>&gt; <q>Looked at the Actel Igloo? Here's one: <a href="http://www.mouser.com/ProductDetail/Microsemi-SoC-Products/AGLN010V2-QNG48/?qs=sGAEpiMZZMvoScKlWpK8TNeNT1Y5lux5K0qM2ugNTIM%3d">http://www.mouser.com/ProductDetail/Microsemi-SoC-Products/AGLN010V2-QNG48/?qs=sGAEpiMZZMvoScKlWpK8TNeNT1Y5lux5K0qM2ugNTIM%3d</a></q></li>
<li class="message">[<a href="#T01:32:08" id="T01:32:08"><abbr title="2011-09-10T01:32:08+00:00">01:32:08</abbr></a>] &lt;<cite>ds2</cite>&gt; <q>Oh yeah, I looked at those... no cheap boards, IIRC</q></li>
<li class="message">[<a href="#T01:32:22" id="T01:32:22"><abbr title="2011-09-10T01:32:22+00:00">01:32:22</abbr></a>] &lt;<cite>emeb</cite>&gt; <q>Ah - you want a canned devboard?</q></li>
<li class="message">[<a href="#T01:32:41" id="T01:32:41"><abbr title="2011-09-10T01:32:41+00:00">01:32:41</abbr></a>] &lt;<cite>ds2</cite>&gt; <q>a canned cheap board</q></li>
<li class="message">[<a href="#T01:33:05" id="T01:33:05"><abbr title="2011-09-10T01:33:05+00:00">01:33:05</abbr></a>] &lt;<cite>emeb</cite>&gt; <q>Haven't used them myself, but they look pretty simple.</q></li>
<li class="message">[<a href="#T01:33:32" id="T01:33:32"><abbr title="2011-09-10T01:33:32+00:00">01:33:32</abbr></a>] &lt;<cite>emeb</cite>&gt; <q>Flash-based, so you don't need external cfg memory.</q></li>
<li class="message">[<a href="#T01:34:24" id="T01:34:24"><abbr title="2011-09-10T01:34:24+00:00">01:34:24</abbr></a>] &lt;<cite>emeb</cite>&gt; <q>downside is that all the cheap ones (sub $8) are BGA/QFN pkgs, so you'd need a good PCB process to use 'em</q></li>
<li class="message">[<a href="#T01:37:28" id="T01:37:28"><abbr title="2011-09-10T01:37:28+00:00">01:37:28</abbr></a>] &lt;<cite>ds2</cite>&gt; <q>exactly why I want to start with a board</q></li>
<li class="message">[<a href="#T01:37:50" id="T01:37:50"><abbr title="2011-09-10T01:37:50+00:00">01:37:50</abbr></a>] &lt;<cite>ds2</cite>&gt; <q>IIRC, some of them even includes rights for a M1 core</q></li>
<li class="message">[<a href="#T01:43:24" id="T01:43:24"><abbr title="2011-09-10T01:43:24+00:00">01:43:24</abbr></a>] &lt;<cite>emeb</cite>&gt; <q>seen this one: <a href="http://www.actel.com/products/hardware/devkits_boards/igloonano_starter.aspx">http://www.actel.com/products/hardware/devkits_boards/igloonano_starter.aspx</a> ?</q></li>
<li class="nick-change">[<a href="#T01:44:49" id="T01:44:49"><abbr title="2011-09-10T01:44:49+00:00">01:44:49</abbr></a>] <span>* kimitake_idle is now known as kimitake</span></li>
<li class="message">[<a href="#T01:50:18" id="T01:50:18"><abbr title="2011-09-10T01:50:18+00:00">01:50:18</abbr></a>] &lt;<cite>ds2</cite>&gt; <q>not this one... seems to be newer</q></li>
<li class="message">[<a href="#T01:51:24" id="T01:51:24"><abbr title="2011-09-10T01:51:24+00:00">01:51:24</abbr></a>] &lt;<cite>emeb</cite>&gt; <q>looks like there was a price increase on it - was $50 when it came out 2 yrs ago, now $99</q></li>
<li class="message">[<a href="#T01:52:00" id="T01:52:00"><abbr title="2011-09-10T01:52:00+00:00">01:52:00</abbr></a>] &lt;<cite>emeb</cite>&gt; <q>guess they must have used up their marketing support budget... ;)</q></li>
<li class="quit">[<a href="#T01:52:31" id="T01:52:31"><abbr title="2011-09-10T01:52:31+00:00">01:52:31</abbr></a>] <span>* ogra_ (~ogra@p5098ed03.dip0.t-ipconnect.de) Quit (Ping timeout: 252 seconds)</span></li>
<li class="message">[<a href="#T01:55:57" id="T01:55:57"><abbr title="2011-09-10T01:55:57+00:00">01:55:57</abbr></a>] &lt;<cite>ds2</cite>&gt; <q>never seen this before</q></li>
<li class="message">[<a href="#T01:57:03" id="T01:57:03"><abbr title="2011-09-10T01:57:03+00:00">01:57:03</abbr></a>] &lt;<cite>emeb</cite>&gt; <q>They're claiming some pretty low power on those, and the I/O can do lots if different voltage levels.</q></li>
<li class="message">[<a href="#T01:57:14" id="T01:57:14"><abbr title="2011-09-10T01:57:14+00:00">01:57:14</abbr></a>] &lt;<cite>emeb</cite>&gt; <q>Good for interfacing I'd guess.</q></li>
<li class="message">[<a href="#T01:57:31" id="T01:57:31"><abbr title="2011-09-10T01:57:31+00:00">01:57:31</abbr></a>] &lt;<cite>ds2</cite>&gt; <q>doesn't seem to list a stocking seller</q></li>
<li class="message">[<a href="#T01:57:40" id="T01:57:40"><abbr title="2011-09-10T01:57:40+00:00">01:57:40</abbr></a>] &lt;<cite>emeb</cite>&gt; <q>Mouser carries them</q></li>
<li class="message">[<a href="#T01:57:47" id="T01:57:47"><abbr title="2011-09-10T01:57:47+00:00">01:57:47</abbr></a>] &lt;<cite>emeb</cite>&gt; <q>(parts)</q></li>
<li class="message">[<a href="#T01:58:16" id="T01:58:16"><abbr title="2011-09-10T01:58:16+00:00">01:58:16</abbr></a>] &lt;<cite>ds2</cite>&gt; <q>but not the dev board</q></li>
<li class="message">[<a href="#T01:58:23" id="T01:58:23"><abbr title="2011-09-10T01:58:23+00:00">01:58:23</abbr></a>] &lt;<cite>emeb</cite>&gt; <q>nope.</q></li>
<li class="message">[<a href="#T01:59:19" id="T01:59:19"><abbr title="2011-09-10T01:59:19+00:00">01:59:19</abbr></a>] &lt;<cite>emeb</cite>&gt; <q>Avnet had them for a while, but no longer seems to</q></li>
