<li class="quit">[<a href="#T00:18:39" id="T00:18:39"><abbr title="2011-10-02T00:18:39+00:00">00:18:39</abbr></a>] <span>* joelagnel_afk (~joel@cpe-76-184-244-226.tx.res.rr.com) Quit (Ping timeout: 252 seconds)</span></li>
<li class="quit">[<a href="#T00:28:55" id="T00:28:55"><abbr title="2011-10-02T00:28:55+00:00">00:28:55</abbr></a>] <span>* jkridner (~jkridner@pdpc/supporter/active/jkridner) Quit (Ping timeout: 258 seconds)</span></li>
<li class="join">[<a href="#T00:30:39" id="T00:30:39"><abbr title="2011-10-02T00:30:39+00:00">00:30:39</abbr></a>] <span>* jkridner (~jkridner@adsl-68-88-70-1.dsl.rcsntx.swbell.net) has joined #beagle</span></li>
<li class="join">[<abbr title="2011-10-02T00:30:39+00:00">00:30:39</abbr>] <span>* jkridner (~jkridner@adsl-68-88-70-1.dsl.rcsntx.swbell.net) has joined #beagleboard</span></li>
<li class="quit">[<abbr title="2011-10-02T00:30:39+00:00">00:30:39</abbr>] <span>* jkridner (~jkridner@adsl-68-88-70-1.dsl.rcsntx.swbell.net) Quit (Changing host)</span></li>
<li class="join">[<abbr title="2011-10-02T00:30:39+00:00">00:30:39</abbr>] <span>* jkridner (~jkridner@pdpc/supporter/active/jkridner) has joined #beagleboard</span></li>
<li class="join">[<abbr title="2011-10-02T00:30:39+00:00">00:30:39</abbr>] <span>* jkridner (~jkridner@pdpc/supporter/active/jkridner) has joined #beagle</span></li>
<li class="quit">[<a href="#T00:39:39" id="T00:39:39"><abbr title="2011-10-02T00:39:39+00:00">00:39:39</abbr></a>] <span>* jkridner (~jkridner@pdpc/supporter/active/jkridner) Quit (Ping timeout: 258 seconds)</span></li>
<li class="join">[<a href="#T01:21:26" id="T01:21:26"><abbr title="2011-10-02T01:21:26+00:00">01:21:26</abbr></a>] <span>* joelagnel_afk (~joel@cpe-76-184-244-226.tx.res.rr.com) has joined #beagle</span></li>
<li class="join">[<a href="#T02:12:03" id="T02:12:03"><abbr title="2011-10-02T02:12:03+00:00">02:12:03</abbr></a>] <span>* rcf (~rcf@223.108-243-81.adsl-dyn.isp.belgacom.be) has joined #beagle</span></li>
<li class="nick-change">[<a href="#T02:21:25" id="T02:21:25"><abbr title="2011-10-02T02:21:25+00:00">02:21:25</abbr></a>] <span>* joelagnel_afk is now known as joelagnel</span></li>
<li class="join">[<a href="#T02:33:30" id="T02:33:30"><abbr title="2011-10-02T02:33:30+00:00">02:33:30</abbr></a>] <span>* thweber_ (~thomas@host-188-174-152-146.customer.m-online.net) has joined #beagle</span></li>
<li class="quit">[<a href="#T02:34:52" id="T02:34:52"><abbr title="2011-10-02T02:34:52+00:00">02:34:52</abbr></a>] <span>* thweber (~thomas@ppp-93-104-162-89.dynamic.mnet-online.de) Quit (Read error: Operation timed out)</span></li>
<li class="join">[<a href="#T02:37:32" id="T02:37:32"><abbr title="2011-10-02T02:37:32+00:00">02:37:32</abbr></a>] <span>* thurbad (~natesewel@cpe-70-124-80-154.austin.res.rr.com) has joined #beagle</span></li>
<li class="quit">[<a href="#T02:42:58" id="T02:42:58"><abbr title="2011-10-02T02:42:58+00:00">02:42:58</abbr></a>] <span>* phantoxe (~destroy@a95-92-86-197.cpe.netcabo.pt) Quit ()</span></li>
<li class="quit">[<a href="#T02:48:21" id="T02:48:21"><abbr title="2011-10-02T02:48:21+00:00">02:48:21</abbr></a>] <span>* joelagnel (~joel@cpe-76-184-244-226.tx.res.rr.com) Quit (Read error: Connection reset by peer)</span></li>
<li class="join">[<a href="#T02:48:27" id="T02:48:27"><abbr title="2011-10-02T02:48:27+00:00">02:48:27</abbr></a>] <span>* joel__ (~joel@cpe-76-184-244-226.tx.res.rr.com) has joined #beagle</span></li>
<li class="join">[<a href="#T03:11:22" id="T03:11:22"><abbr title="2011-10-02T03:11:22+00:00">03:11:22</abbr></a>] <span>* Russ__ (foobar@ip70-176-251-1.ph.ph.cox.net) has joined #beagle</span></li>
<li class="quit">[<a href="#T03:15:51" id="T03:15:51"><abbr title="2011-10-02T03:15:51+00:00">03:15:51</abbr></a>] <span>* rcf (~rcf@223.108-243-81.adsl-dyn.isp.belgacom.be) Quit (Quit: This war is mine)</span></li>
<li class="quit">[<a href="#T03:23:44" id="T03:23:44"><abbr title="2011-10-02T03:23:44+00:00">03:23:44</abbr></a>] <span>* thurbad (~natesewel@cpe-70-124-80-154.austin.res.rr.com) Quit (Read error: Connection reset by peer)</span></li>
<li class="nick-change">[<a href="#T03:30:24" id="T03:30:24"><abbr title="2011-10-02T03:30:24+00:00">03:30:24</abbr></a>] <span>* Russ__ is now known as Russ</span></li>
<li class="join">[<a href="#T03:38:06" id="T03:38:06"><abbr title="2011-10-02T03:38:06+00:00">03:38:06</abbr></a>] <span>* raster (~raster@enlightenment/developer/raster) has joined #beagle</span></li>
<li class="join">[<a href="#T03:39:25" id="T03:39:25"><abbr title="2011-10-02T03:39:25+00:00">03:39:25</abbr></a>] <span>* thurbad (~natesewel@cpe-70-124-80-154.austin.res.rr.com) has joined #beagle</span></li>
<li class="quit">[<a href="#T03:43:29" id="T03:43:29"><abbr title="2011-10-02T03:43:29+00:00">03:43:29</abbr></a>] <span>* GPSFan (~kenm@64.92.145.112) Quit (Remote host closed the connection)</span></li>
<li class="quit">[<a href="#T03:53:46" id="T03:53:46"><abbr title="2011-10-02T03:53:46+00:00">03:53:46</abbr></a>] <span>* thurbad (~natesewel@cpe-70-124-80-154.austin.res.rr.com) Quit (Read error: Connection reset by peer)</span></li>
<li class="join">[<a href="#T03:55:20" id="T03:55:20"><abbr title="2011-10-02T03:55:20+00:00">03:55:20</abbr></a>] <span>* thurbad (~natesewel@cpe-70-124-80-154.austin.res.rr.com) has joined #beagle</span></li>
<li class="quit">[<a href="#T03:56:38" id="T03:56:38"><abbr title="2011-10-02T03:56:38+00:00">03:56:38</abbr></a>] <span>* jonpry (~jon@unaffiliated/jonpry) Quit (Ping timeout: 245 seconds)</span></li>
