<li class="quit">[<a href="#T00:02:48" id="T00:02:48"><abbr title="2011-10-05T00:02:48+00:00">00:02:48</abbr></a>] <span>* Ceriand|work (~Ceriand@unaffiliated/ceriand) Quit (Quit: Leaving.)</span></li>
<li class="join">[<a href="#T00:18:07" id="T00:18:07"><abbr title="2011-10-05T00:18:07+00:00">00:18:07</abbr></a>] <span>* Ceriand|desktop (~Ceriand@unaffiliated/ceriand) has joined #beagle</span></li>
<li class="join">[<a href="#T00:30:45" id="T00:30:45"><abbr title="2011-10-05T00:30:45+00:00">00:30:45</abbr></a>] <span>* joelagnel (~joel@cpe-76-184-244-226.tx.res.rr.com) has joined #beagle</span></li>
<li class="quit">[<a href="#T00:31:32" id="T00:31:32"><abbr title="2011-10-05T00:31:32+00:00">00:31:32</abbr></a>] <span>* jkridner (~jkridner@pdpc/supporter/active/jkridner) Quit (Quit: Leaving.)</span></li>
<li class="quit">[<a href="#T00:44:07" id="T00:44:07"><abbr title="2011-10-05T00:44:07+00:00">00:44:07</abbr></a>] <span>* gustavoz (~gustavoz@host49.186-109-136.telecom.net.ar) Quit (Quit: Leaving)</span></li>
<li class="quit">[<a href="#T00:49:48" id="T00:49:48"><abbr title="2011-10-05T00:49:48+00:00">00:49:48</abbr></a>] <span>* benmcnelly (~ben@adsl-99-38-78-150.dsl.spfdmo.sbcglobal.net) Quit (Read error: Connection reset by peer)</span></li>
<li class="join">[<a href="#T00:51:35" id="T00:51:35"><abbr title="2011-10-05T00:51:35+00:00">00:51:35</abbr></a>] <span>* DieMumiee (~DieMumiee@p4FEEAB27.dip.t-dialin.net) has joined #beagleboard</span></li>
<li class="quit">[<a href="#T00:52:56" id="T00:52:56"><abbr title="2011-10-05T00:52:56+00:00">00:52:56</abbr></a>] <span>* DieMumie1 (~DieMumiee@p4FEEA35D.dip.t-dialin.net) Quit (Read error: Operation timed out)</span></li>
<li class="join">[<a href="#T01:04:36" id="T01:04:36"><abbr title="2011-10-05T01:04:36+00:00">01:04:36</abbr></a>] <span>* Matt_O1 (~MattOwnby@216.160.243.228) has joined #beagle</span></li>
<li class="quit">[<a href="#T01:08:24" id="T01:08:24"><abbr title="2011-10-05T01:08:24+00:00">01:08:24</abbr></a>] <span>* Matt_O (~MattOwnby@nat.myfamilyinc.com) Quit (Ping timeout: 255 seconds)</span></li>
<li class="quit">[<a href="#T01:13:31" id="T01:13:31"><abbr title="2011-10-05T01:13:31+00:00">01:13:31</abbr></a>] <span>* Russ (~russ@206.29.182.170) Quit (Read error: Connection reset by peer)</span></li>
<li class="quit">[<a href="#T01:17:32" id="T01:17:32"><abbr title="2011-10-05T01:17:32+00:00">01:17:32</abbr></a>] <span>* risca (~risca@h241n2-n-a31.ias.bredband.telia.com) Quit (Quit: L??mnar)</span></li>
<li class="quit">[<a href="#T01:39:50" id="T01:39:50"><abbr title="2011-10-05T01:39:50+00:00">01:39:50</abbr></a>] <span>* thaytan (~thaytan@ppp59-167-167-201.static.internode.on.net) Quit (Quit: cya!)</span></li>
<li class="join">[<a href="#T01:42:32" id="T01:42:32"><abbr title="2011-10-05T01:42:32+00:00">01:42:32</abbr></a>] <span>* thaytan (~thaytan@ppp59-167-167-201.static.internode.on.net) has joined #beagle</span></li>
<li class="join">[<a href="#T01:53:39" id="T01:53:39"><abbr title="2011-10-05T01:53:39+00:00">01:53:39</abbr></a>] <span>* Russ (foobar@ip70-176-251-1.ph.ph.cox.net) has joined #beagle</span></li>
<li class="quit">[<a href="#T02:06:27" id="T02:06:27"><abbr title="2011-10-05T02:06:27+00:00">02:06:27</abbr></a>] <span>* Russ (foobar@ip70-176-251-1.ph.ph.cox.net) Quit (Ping timeout: 255 seconds)</span></li>
<li class="quit">[<a href="#T02:07:18" id="T02:07:18"><abbr title="2011-10-05T02:07:18+00:00">02:07:18</abbr></a>] <span>* thurbad (~natesewel@cpe-70-124-80-154.austin.res.rr.com) Quit (Quit: thurbad)</span></li>
<li class="join">[<a href="#T02:12:12" id="T02:12:12"><abbr title="2011-10-05T02:12:12+00:00">02:12:12</abbr></a>] <span>* emeb_mac (~ericb@ip72-223-85-60.ph.ph.cox.net) has joined #beagle</span></li>
<li class="quit">[<a href="#T02:14:31" id="T02:14:31"><abbr title="2011-10-05T02:14:31+00:00">02:14:31</abbr></a>] <span>* contempt (contempt@unaffiliated/contempt) Quit (Read error: Connection reset by peer)</span></li>
<li class="join">[<a href="#T02:14:48" id="T02:14:48"><abbr title="2011-10-05T02:14:48+00:00">02:14:48</abbr></a>] <span>* contempt (contempt@unaffiliated/contempt) has joined #beagleboard</span></li>
<li class="join">[<abbr title="2011-10-05T02:14:48+00:00">02:14:48</abbr>] <span>* contempt (contempt@unaffiliated/contempt) has joined #beagle</span></li>
<li class="join">[<a href="#T02:29:23" id="T02:29:23"><abbr title="2011-10-05T02:29:23+00:00">02:29:23</abbr></a>] <span>* thweber_ (~thomas@ppp-188-174-27-154.dynamic.mnet-online.de) has joined #beagle</span></li>
<li class="quit">[<a href="#T02:32:28" id="T02:32:28"><abbr title="2011-10-05T02:32:28+00:00">02:32:28</abbr></a>] <span>* thweber (~thomas@host-188-174-159-110.customer.m-online.net) Quit (Ping timeout: 245 seconds)</span></li>
<li class="quit">[<a href="#T02:32:41" id="T02:32:41"><abbr title="2011-10-05T02:32:41+00:00">02:32:41</abbr></a>] <span>* peabody124 (~peabody12@128.249.96.21) Quit (Quit: peabody124)</span></li>
<li class="quit">[<a href="#T02:32:55" id="T02:32:55"><abbr title="2011-10-05T02:32:55+00:00">02:32:55</abbr></a>] <span>* rcn-ee (~voodoo@thief-pool2-123-49.mncable.net) Quit (Ping timeout: 260 seconds)</span></li>
<li class="join">[<a href="#T02:33:36" id="T02:33:36"><abbr title="2011-10-05T02:33:36+00:00">02:33:36</abbr></a>] <span>* peabody124 (~peabody12@128.249.96.21) has joined #beagle</span></li>
<li class="quit">[<a href="#T02:35:31" id="T02:35:31"><abbr title="2011-10-05T02:35:31+00:00">02:35:31</abbr></a>] <span>* peabody124 (~peabody12@128.249.96.21) Quit (Client Quit)</span></li>
<li class="quit">[<a href="#T02:56:58" id="T02:56:58"><abbr title="2011-10-05T02:56:58+00:00">02:56:58</abbr></a>] <span>* phantoxe (~destroy@a95-92-86-197.cpe.netcabo.pt) Quit ()</span></li>
<li class="join">[<a href="#T02:57:52" id="T02:57:52"><abbr title="2011-10-05T02:57:52+00:00">02:57:52</abbr></a>] <span>* thurbad (~natesewel@cpe-70-124-80-154.austin.res.rr.com) has joined #beagle</span></li>
<li class="join">[<a href="#T03:03:01" id="T03:03:01"><abbr title="2011-10-05T03:03:01+00:00">03:03:01</abbr></a>] <span>* peabody124 (~peabody12@c-98-201-161-152.hsd1.tx.comcast.net) has joined #beagle</span></li>
<li class="quit">[<a href="#T03:10:43" id="T03:10:43"><abbr title="2011-10-05T03:10:43+00:00">03:10:43</abbr></a>] <span>* emeb (~ericb@ip72-223-85-60.ph.ph.cox.net) Quit (Quit: Leaving.)</span></li>
<li class="quit">[<a href="#T03:27:33" id="T03:27:33"><abbr title="2011-10-05T03:27:33+00:00">03:27:33</abbr></a>] <span>* djlewis (~djlewis@75.15.65.156) Quit (Ping timeout: 252 seconds)</span></li>
<li class="quit">[<a href="#T03:53:01" id="T03:53:01"><abbr title="2011-10-05T03:53:01+00:00">03:53:01</abbr></a>] <span>* GPSFan (~kenm@64.92.145.112) Quit (Remote host closed the connection)</span></li>
<li class="quit">[<a href="#T03:57:11" id="T03:57:11"><abbr title="2011-10-05T03:57:11+00:00">03:57:11</abbr></a>] <span>* peabody124 (~peabody12@c-98-201-161-152.hsd1.tx.comcast.net) Quit (Quit: peabody124)</span></li>
<li class="join">[<a href="#T04:01:09" id="T04:01:09"><abbr title="2011-10-05T04:01:09+00:00">04:01:09</abbr></a>] <span>* peabody124 (~peabody12@c-98-194-201-181.hsd1.tx.comcast.net) has joined #beagle</span></li>
<li class="join">[<a href="#T04:10:19" id="T04:10:19"><abbr title="2011-10-05T04:10:19+00:00">04:10:19</abbr></a>] <span>* hitlin37 (b64723e4@gateway/web/freenode/ip.182.71.35.228) has joined #beagle</span></li>
<li class="join">[<a href="#T04:28:37" id="T04:28:37"><abbr title="2011-10-05T04:28:37+00:00">04:28:37</abbr></a>] <span>* Russ (foobar@ip70-176-251-1.ph.ph.cox.net) has joined #beagle</span></li>
<li class="quit">[<a href="#T04:34:05" id="T04:34:05"><abbr title="2011-10-05T04:34:05+00:00">04:34:05</abbr></a>] <span>* mnt_real (~mnt_real@bas1-montreal43-1177755867.dsl.bell.ca) Quit (Quit: Leaving)</span></li>
<li class="quit">[<a href="#T04:39:54" id="T04:39:54"><abbr title="2011-10-05T04:39:54+00:00">04:39:54</abbr></a>] <span>* Russ (foobar@ip70-176-251-1.ph.ph.cox.net) Quit (Ping timeout: 255 seconds)</span></li>
<li class="quit">[<a href="#T04:50:27" id="T04:50:27"><abbr title="2011-10-05T04:50:27+00:00">04:50:27</abbr></a>] <span>* peabody124 (~peabody12@c-98-194-201-181.hsd1.tx.comcast.net) Quit (Quit: peabody124)</span></li>
<li class="join">[<a href="#T04:54:45" id="T04:54:45"><abbr title="2011-10-05T04:54:45+00:00">04:54:45</abbr></a>] <span>* peabody124 (~peabody12@c-98-201-161-152.hsd1.tx.comcast.net) has joined #beagle</span></li>
<li class="join">[<a href="#T05:18:14" id="T05:18:14"><abbr title="2011-10-05T05:18:14+00:00">05:18:14</abbr></a>] <span>* Russ (foobar@ip70-176-251-1.ph.ph.cox.net) has joined #beagle</span></li>
<li class="quit">[<a href="#T05:31:37" id="T05:31:37"><abbr title="2011-10-05T05:31:37+00:00">05:31:37</abbr></a>] <span>* Russ (foobar@ip70-176-251-1.ph.ph.cox.net) Quit (Quit: Ex-Chat)</span></li>
<li class="join">[<a href="#T05:33:57" id="T05:33:57"><abbr title="2011-10-05T05:33:57+00:00">05:33:57</abbr></a>] <span>* NotTooDumb3 (~vayavya@122.166.13.141) has joined #beagle</span></li>
<li class="nick-change">[<a href="#T05:34:23" id="T05:34:23"><abbr title="2011-10-05T05:34:23+00:00">05:34:23</abbr></a>] <span>* NotTooDumb3 is now known as Guest2835</span></li>
<li class="join">[<a href="#T05:44:35" id="T05:44:35"><abbr title="2011-10-05T05:44:35+00:00">05:44:35</abbr></a>] <span>* Russ (foobar@ip70-176-251-1.ph.ph.cox.net) has joined #beagle</span></li>
<li class="quit">[<a href="#T05:45:59" id="T05:45:59"><abbr title="2011-10-05T05:45:59+00:00">05:45:59</abbr></a>] <span>* Guest2835 (~vayavya@122.166.13.141) Quit (Quit: Leaving)</span></li>
<li class="join">[<a href="#T06:08:09" id="T06:08:09"><abbr title="2011-10-05T06:08:09+00:00">06:08:09</abbr></a>] <span>* pugvader (~pugvader@p54867EF7.dip.t-dialin.net) has joined #beagle</span></li>
<li class="quit">[<a href="#T06:20:12" id="T06:20:12"><abbr title="2011-10-05T06:20:12+00:00">06:20:12</abbr></a>] <span>* emeb_mac (~ericb@ip72-223-85-60.ph.ph.cox.net) Quit (Quit: emeb_mac)</span></li>
<li class="join">[<abbr title="2011-10-05T06:20:12+00:00">06:20:12</abbr>] <span>* rsalveti (~rsalveti@189.61.233.110) has joined #beagle</span></li>
<li class="quit">[<abbr title="2011-10-05T06:20:12+00:00">06:20:12</abbr>] <span>* rsalveti (~rsalveti@189.61.233.110) Quit (Changing host)</span></li>
<li class="join">[<abbr title="2011-10-05T06:20:12+00:00">06:20:12</abbr>] <span>* rsalveti (~rsalveti@linaro/rsalveti) has joined #beagle</span></li>
<li class="quit">[<a href="#T06:31:16" id="T06:31:16"><abbr title="2011-10-05T06:31:16+00:00">06:31:16</abbr></a>] <span>* contempt (contempt@unaffiliated/contempt) Quit (Read error: Connection reset by peer)</span></li>
<li class="join">[<a href="#T06:31:33" id="T06:31:33"><abbr title="2011-10-05T06:31:33+00:00">06:31:33</abbr></a>] <span>* contempt (contempt@unaffiliated/contempt) has joined #beagleboard</span></li>
<li class="join">[<abbr title="2011-10-05T06:31:33+00:00">06:31:33</abbr>] <span>* contempt (contempt@unaffiliated/contempt) has joined #beagle</span></li>
<li class="join">[<a href="#T06:38:10" id="T06:38:10"><abbr title="2011-10-05T06:38:10+00:00">06:38:10</abbr></a>] <span>* balestrino (~balestrin@illegal-use-181-112.dimnp.unipi.it) has joined #beagle</span></li>
<li class="quit">[<a href="#T06:52:53" id="T06:52:53"><abbr title="2011-10-05T06:52:53+00:00">06:52:53</abbr></a>] <span>* kaio (~kaio@fedora/kaio) Quit (Remote host closed the connection)</span></li>
<li class="join">[<a href="#T07:12:52" id="T07:12:52"><abbr title="2011-10-05T07:12:52+00:00">07:12:52</abbr></a>] <span>* kaio (~kaio@fedora/kaio) has joined #beagle</span></li>
<li class="join">[<a href="#T07:18:12" id="T07:18:12"><abbr title="2011-10-05T07:18:12+00:00">07:18:12</abbr></a>] <span>* jpsaman (~jpsaman@videolan/developer/jpsaman) has joined #beagle</span></li>
<li class="part">[<a href="#T07:25:45" id="T07:25:45"><abbr title="2011-10-05T07:25:45+00:00">07:25:45</abbr></a>] <span>* gregoiregentil (~gregoire@c-69-181-223-70.hsd1.ca.comcast.net) has left #beagle</span></li>
<li class="join">[<a href="#T07:30:49" id="T07:30:49"><abbr title="2011-10-05T07:30:49+00:00">07:30:49</abbr></a>] <span>* virals (~viral@122.179.47.222) has joined #beagle</span></li>
<li class="join">[<a href="#T07:41:48" id="T07:41:48"><abbr title="2011-10-05T07:41:48+00:00">07:41:48</abbr></a>] <span>* tasslehoff (~Tasslehof@147.84-49-231.nextgentel.com) has joined #beagle</span></li>
<li class="join">[<a href="#T07:47:12" id="T07:47:12"><abbr title="2011-10-05T07:47:12+00:00">07:47:12</abbr></a>] <span>* drakkan1000 (~drakkan@dynamic-adsl-78-12-182-206.clienti.tiscali.it) has joined #beagle</span></li>
<li class="join">[<a href="#T07:49:31" id="T07:49:31"><abbr title="2011-10-05T07:49:31+00:00">07:49:31</abbr></a>] <span>* jpirko (~jirka@ip-89-102-9-183.net.upcbroadband.cz) has joined #beagle</span></li>
<li class="join">[<a href="#T07:55:35" id="T07:55:35"><abbr title="2011-10-05T07:55:35+00:00">07:55:35</abbr></a>] <span>* ant_work (~andrea@host6-80-static.42-85-b.business.telecomitalia.it) has joined #beagle</span></li>
<li class="join">[<a href="#T08:00:07" id="T08:00:07"><abbr title="2011-10-05T08:00:07+00:00">08:00:07</abbr></a>] <span>* olsen (~sesselast@213.144.157.68) has joined #beagle</span></li>
<li class="message">[<a href="#T08:00:50" id="T08:00:50"><abbr title="2011-10-05T08:00:50+00:00">08:00:50</abbr></a>] &lt;<cite>Russ</cite>&gt; <q>awesome, phoenix got autotuned</q></li>
<li class="message">[<a href="#T08:00:57" id="T08:00:57"><abbr title="2011-10-05T08:00:57+00:00">08:00:57</abbr></a>] &lt;<cite>Russ</cite>&gt; <q><a href="http://www.youtube.com/watch?v=FCSBoOcGFFE">http://www.youtube.com/watch?v=FCSBoOcGFFE</a></q></li>
<li class="quit">[<a href="#T08:03:36" id="T08:03:36"><abbr title="2011-10-05T08:03:36+00:00">08:03:36</abbr></a>] <span>* AngryParsley (~AngryPars@unaffiliated/angryparsley) Quit (Excess Flood)</span></li>
<li class="message">[<a href="#T08:06:08" id="T08:06:08"><abbr title="2011-10-05T08:06:08+00:00">08:06:08</abbr></a>] &lt;<cite>pugvader</cite>&gt; <q>huh</q></li>
<li class="join">[<a href="#T08:06:56" id="T08:06:56"><abbr title="2011-10-05T08:06:56+00:00">08:06:56</abbr></a>] <span>* florian (~fuchs@Maemo/community/contributor/florian) has joined #beagle</span></li>
<li class="join">[<a href="#T08:07:11" id="T08:07:11"><abbr title="2011-10-05T08:07:11+00:00">08:07:11</abbr></a>] <span>* ggreer (~AngryPars@unaffiliated/angryparsley) has joined #beagle</span></li>
<li class="join">[<a href="#T08:07:20" id="T08:07:20"><abbr title="2011-10-05T08:07:20+00:00">08:07:20</abbr></a>] <span>* artib (~artib@122.166.11.13) has joined #beagle</span></li>
<li class="message">[<a href="#T08:08:21" id="T08:08:21"><abbr title="2011-10-05T08:08:21+00:00">08:08:21</abbr></a>] &lt;<cite>pugvader</cite>&gt; <q>can't watch not html5</q></li>
<li class="message">[<a href="#T08:08:37" id="T08:08:37"><abbr title="2011-10-05T08:08:37+00:00">08:08:37</abbr></a>] &lt;<cite>Russ</cite>&gt; <q>ah, bummer</q></li>
<li class="message">[<a href="#T08:08:47" id="T08:08:47"><abbr title="2011-10-05T08:08:47+00:00">08:08:47</abbr></a>] &lt;<cite>Russ</cite>&gt; <q>if you are desperate, there is always clive</q></li>
<li class="quit">[<a href="#T08:10:58" id="T08:10:58"><abbr title="2011-10-05T08:10:58+00:00">08:10:58</abbr></a>] <span>* olsen (~sesselast@213.144.157.68) Quit (Quit: Leaving.)</span></li>
<li class="quit">[<a href="#T08:15:14" id="T08:15:14"><abbr title="2011-10-05T08:15:14+00:00">08:15:14</abbr></a>] <span>* Ceriand|desktop (~Ceriand@unaffiliated/ceriand) Quit (Quit: Leaving.)</span></li>
<li class="join">[<a href="#T08:15:59" id="T08:15:59"><abbr title="2011-10-05T08:15:59+00:00">08:15:59</abbr></a>] <span>* NotTooDumb3 (~vayavya@122.166.13.141) has joined #beagle</span></li>
<li class="nick-change">[<a href="#T08:16:25" id="T08:16:25"><abbr title="2011-10-05T08:16:25+00:00">08:16:25</abbr></a>] <span>* NotTooDumb3 is now known as Guest55518</span></li>
<li class="message">[<a href="#T08:17:00" id="T08:17:00"><abbr title="2011-10-05T08:17:00+00:00">08:17:00</abbr></a>] &lt;<cite>pugvader</cite>&gt; <q>those guys have a lot of views</q></li>
<li class="message">[<a href="#T08:18:02" id="T08:18:02"><abbr title="2011-10-05T08:18:02+00:00">08:18:02</abbr></a>] &lt;<cite>Guest55518</cite>&gt; <q>is it possible for me to see what video data is actually getting written to /dev/fb0 or /dev/fb1 from application, by dumping hex values to a file either in mplayer or driver source code?</q></li>
<li class="message">[<a href="#T08:18:53" id="T08:18:53"><abbr title="2011-10-05T08:18:53+00:00">08:18:53</abbr></a>] &lt;<cite>pugvader</cite>&gt; <q>it is possible, but not for me.</q></li>
<li class="message">[<a href="#T08:19:03" id="T08:19:03"><abbr title="2011-10-05T08:19:03+00:00">08:19:03</abbr></a>] &lt;<cite>av500</cite>&gt; <q>sure you can dump data to a file</q></li>
<li class="message">[<a href="#T08:19:14" id="T08:19:14"><abbr title="2011-10-05T08:19:14+00:00">08:19:14</abbr></a>] &lt;<cite>av500</cite>&gt; <q>open(), write(), close()</q></li>
<li class="message">[<a href="#T08:19:40" id="T08:19:40"><abbr title="2011-10-05T08:19:40+00:00">08:19:40</abbr></a>] &lt;<cite>pugvader</cite>&gt; <q>assume you don't have source to the app av500 -- then how</q></li>
<li class="message">[<a href="#T08:20:38" id="T08:20:38"><abbr title="2011-10-05T08:20:38+00:00">08:20:38</abbr></a>] &lt;<cite>av500</cite>&gt; <q>tricks</q></li>
<li class="message">[<a href="#T08:20:54" id="T08:20:54"><abbr title="2011-10-05T08:20:54+00:00">08:20:54</abbr></a>] &lt;<cite>av500</cite>&gt; <q>but since the source is available....</q></li>
<li class="message">[<a href="#T08:20:58" id="T08:20:58"><abbr title="2011-10-05T08:20:58+00:00">08:20:58</abbr></a>] &lt;<cite>pugvader</cite>&gt; <q>yes</q></li>
<li class="message">[<a href="#T08:21:50" id="T08:21:50"><abbr title="2011-10-05T08:21:50+00:00">08:21:50</abbr></a>] &lt;<cite>Guest55518</cite>&gt; <q>av500, do i find video data, at the address i write to GFX_BA or VID1_BA right?</q></li>
<li class="message">[<a href="#T08:24:25" id="T08:24:25"><abbr title="2011-10-05T08:24:25+00:00">08:24:25</abbr></a>] &lt;<cite>Russ</cite>&gt; <q>dude, the mplayer tools can just output to a file</q></li>
<li class="message">[<a href="#T08:24:34" id="T08:24:34"><abbr title="2011-10-05T08:24:34+00:00">08:24:34</abbr></a>] &lt;<cite>Russ</cite>&gt; <q>why you no read manpage?</q></li>
<li class="message">[<a href="#T08:25:07" id="T08:25:07"><abbr title="2011-10-05T08:25:07+00:00">08:25:07</abbr></a>] &lt;<cite>Russ</cite>&gt; <q>NotToDumb3, or is this another case of wanting to do pointless things the hard way for no reason?</q></li>
<li class="message">[<a href="#T08:25:08" id="T08:25:08"><abbr title="2011-10-05T08:25:08+00:00">08:25:08</abbr></a>] &lt;<cite>Guest55518</cite>&gt; <q>i read, and found out that the file it writes to with dumpvideo option is not in a readable or usable format</q></li>
<li class="message">[<a href="#T08:25:15" id="T08:25:15"><abbr title="2011-10-05T08:25:15+00:00">08:25:15</abbr></a>] &lt;<cite>Russ</cite>&gt; <q>heheh</q></li>
<li class="message">[<a href="#T08:25:26" id="T08:25:26"><abbr title="2011-10-05T08:25:26+00:00">08:25:26</abbr></a>] &lt;<cite>Russ</cite>&gt; <q>ya, they just write random crap that no tool can read</q></li>
<li class="message">[<a href="#T08:25:59" id="T08:25:59"><abbr title="2011-10-05T08:25:59+00:00">08:25:59</abbr></a>] &lt;<cite>Russ</cite>&gt; <q>clearly the solution is to intercept data as it is written to /dev/fb0</q></li>
<li class="message">[<a href="#T08:26:25" id="T08:26:25"><abbr title="2011-10-05T08:26:25+00:00">08:26:25</abbr></a>] &lt;<cite>Russ</cite>&gt; <q>you are about 4 levels removed from whatever problem it is your originally wanted to solve</q></li>
<li class="message">[<a href="#T08:27:41" id="T08:27:41"><abbr title="2011-10-05T08:27:41+00:00">08:27:41</abbr></a>] &lt;<cite>Guest55518</cite>&gt; <q>ya that's what i wanted to do, </q></li>
<li class="message">[<a href="#T08:27:58" id="T08:27:58"><abbr title="2011-10-05T08:27:58+00:00">08:27:58</abbr></a>] &lt;<cite>Russ</cite>&gt; <q>do you just want to transcode a video from one format to another?</q></li>
<li class="message">[<a href="#T08:28:41" id="T08:28:41"><abbr title="2011-10-05T08:28:41+00:00">08:28:41</abbr></a>] &lt;<cite>av500</cite>&gt; <q>of course its in a usable format</q></li>
<li class="message">[<a href="#T08:28:48" id="T08:28:48"><abbr title="2011-10-05T08:28:48+00:00">08:28:48</abbr></a>] &lt;<cite>Guest55518</cite>&gt; <q>i got a yuv file, i thought transcode may not be required, as that's an uncompressed raw video file</q></li>
<li class="message">[<a href="#T08:29:10" id="T08:29:10"><abbr title="2011-10-05T08:29:10+00:00">08:29:10</abbr></a>] &lt;<cite>av500</cite>&gt; <q>yes</q></li>
<li class="message">[<a href="#T08:29:25" id="T08:29:25"><abbr title="2011-10-05T08:29:25+00:00">08:29:25</abbr></a>] &lt;<cite>Guest55518</cite>&gt; <q>ok</q></li>
<li class="message">[<a href="#T08:29:35" id="T08:29:35"><abbr title="2011-10-05T08:29:35+00:00">08:29:35</abbr></a>] &lt;<cite>Russ</cite>&gt; <q>transcoding is an area that is pretty well covered</q></li>
<li class="quit">[<a href="#T08:30:07" id="T08:30:07"><abbr title="2011-10-05T08:30:07+00:00">08:30:07</abbr></a>] <span>* Crofton|work (~balister@pool-96-240-179-234.ronkva.east.verizon.net) Quit (Ping timeout: 248 seconds)</span></li>
<li class="quit">[<abbr title="2011-10-05T08:30:07+00:00">08:30:07</abbr>] <span>* Crofton (~balister@pool-96-240-179-234.ronkva.east.verizon.net) Quit (Ping timeout: 248 seconds)</span></li>
<li class="message">[<a href="#T08:30:12" id="T08:30:12"><abbr title="2011-10-05T08:30:12+00:00">08:30:12</abbr></a>] &lt;<cite>av500</cite>&gt; <q>Guest55518: in order to see /dev/fb1 on your screen you can also write /dev/urandom to it</q></li>
<li class="message">[<a href="#T08:30:19" id="T08:30:19"><abbr title="2011-10-05T08:30:19+00:00">08:30:19</abbr></a>] &lt;<cite>av500</cite>&gt; <q>no need to patch mplayer</q></li>
<li class="message">[<a href="#T08:31:31" id="T08:31:31"><abbr title="2011-10-05T08:31:31+00:00">08:31:31</abbr></a>] &lt;<cite>Guest55518</cite>&gt; <q>ya i tried that /dev/urandom&gt; /dev/fb1 i do not see anything on screen and after a while it says not enough memory and closes, in fact this error and closing itself was happening even if i try to write to fb0</q></li>
<li class="message">[<a href="#T08:31:44" id="T08:31:44"><abbr title="2011-10-05T08:31:44+00:00">08:31:44</abbr></a>] &lt;<cite>av500</cite>&gt; <q>of course</q></li>
<li class="message">[<a href="#T08:32:02" id="T08:32:02"><abbr title="2011-10-05T08:32:02+00:00">08:32:02</abbr></a>] &lt;<cite>av500</cite>&gt; <q>the framebuffer memory is not infinite</q></li>
<li class="message">[<a href="#T08:32:09" id="T08:32:09"><abbr title="2011-10-05T08:32:09+00:00">08:32:09</abbr></a>] &lt;<cite>Guest55518</cite>&gt; <q>i should see atleast till i get error message right?</q></li>
<li class="message">[<a href="#T08:32:15" id="T08:32:15"><abbr title="2011-10-05T08:32:15+00:00">08:32:15</abbr></a>] &lt;<cite>av500</cite>&gt; <q>no</q></li>
<li class="message">[<a href="#T08:32:21" id="T08:32:21"><abbr title="2011-10-05T08:32:21+00:00">08:32:21</abbr></a>] &lt;<cite>av500</cite>&gt; <q>you wrote random data to the framebuffer</q></li>
<li class="message">[<a href="#T08:32:28" id="T08:32:28"><abbr title="2011-10-05T08:32:28+00:00">08:32:28</abbr></a>] &lt;<cite>av500</cite>&gt; <q>that will not display it on the screen</q></li>
<li class="message">[<a href="#T08:32:40" id="T08:32:40"><abbr title="2011-10-05T08:32:40+00:00">08:32:40</abbr></a>] &lt;<cite>av500</cite>&gt; <q>for that you need to enable it</q></li>
<li class="message">[<a href="#T08:32:41" id="T08:32:41"><abbr title="2011-10-05T08:32:41+00:00">08:32:41</abbr></a>] &lt;<cite>av500</cite>&gt; <q>etc..</q></li>
<li class="message">[<a href="#T08:32:56" id="T08:32:56"><abbr title="2011-10-05T08:32:56+00:00">08:32:56</abbr></a>] &lt;<cite>Guest55518</cite>&gt; <q>oh..any idea what i need to enable?</q></li>
<li class="message">[<a href="#T08:33:36" id="T08:33:36"><abbr title="2011-10-05T08:33:36+00:00">08:33:36</abbr></a>] &lt;<cite>mru</cite>&gt; <q>your brain</q></li>
<li class="message">[<abbr title="2011-10-05T08:33:36+00:00">08:33:36</abbr>] &lt;<cite>av500</cite>&gt; <q><a href="http://git.mansr.com/?p=omapfbplay;a=blob;f=omapfb.c;h=05bdc0460f7148076c9a32fecc76ddc9648f7418;hb=HEAD#l107">http://git.mansr.com/?p=omapfbplay;a=blob;f=omapfb.c;h=05bdc0460f7148076c9a32fecc76ddc9648f7418;hb=HEAD#l107</a></q></li>
<li class="message">[<a href="#T08:34:16" id="T08:34:16"><abbr title="2011-10-05T08:34:16+00:00">08:34:16</abbr></a>] &lt;<cite>av500</cite>&gt; <q>or the same code in mplayer</q></li>
<li class="message">[<a href="#T08:34:42" id="T08:34:42"><abbr title="2011-10-05T08:34:42+00:00">08:34:42</abbr></a>] &lt;<cite>Guest55518</cite>&gt; <q>ok</q></li>
<li class="message">[<a href="#T08:35:01" id="T08:35:01"><abbr title="2011-10-05T08:35:01+00:00">08:35:01</abbr></a>] &lt;<cite>av500</cite>&gt; <q>and all that we said here the last 4 weeks</q></li>
<li class="message">[<a href="#T08:35:14" id="T08:35:14"><abbr title="2011-10-05T08:35:14+00:00">08:35:14</abbr></a>] &lt;<cite>av500</cite>&gt; <q>I am tired of repeating it</q></li>
<li class="message">[<a href="#T08:35:45" id="T08:35:45"><abbr title="2011-10-05T08:35:45+00:00">08:35:45</abbr></a>] &lt;<cite>Guest55518</cite>&gt; <q>oh sorry, i am not doing this from 4 weeks</q></li>
<li class="message">[<a href="#T08:38:16" id="T08:38:16"><abbr title="2011-10-05T08:38:16+00:00">08:38:16</abbr></a>] &lt;<cite>av500</cite>&gt; <q>true, its more like 8month...</q></li>
<li class="join">[<a href="#T08:39:45" id="T08:39:45"><abbr title="2011-10-05T08:39:45+00:00">08:39:45</abbr></a>] <span>* rOxx (3eced31d@gateway/web/freenode/ip.62.206.211.29) has joined #beagle</span></li>
<li class="quit">[<a href="#T08:41:09" id="T08:41:09"><abbr title="2011-10-05T08:41:09+00:00">08:41:09</abbr></a>] <span>* jpirko (~jirka@ip-89-102-9-183.net.upcbroadband.cz) Quit (Remote host closed the connection)</span></li>
<li class="join">[<a href="#T08:41:49" id="T08:41:49"><abbr title="2011-10-05T08:41:49+00:00">08:41:49</abbr></a>] <span>* jpirko (~jirka@ip-89-102-9-183.net.upcbroadband.cz) has joined #beagle</span></li>
<li class="message">[<a href="#T08:42:13" id="T08:42:13"><abbr title="2011-10-05T08:42:13+00:00">08:42:13</abbr></a>] &lt;<cite>rOxx</cite>&gt; <q>Hello, i have a problem with syslog and kern.log messages. i use socketcan with mcp2515 controller and every time when i send messages over the canbus, the log messages are filled w ith this data: smsc95xx 1-2.1:1.0: rpm_resume flags 0x5, smsc95xx 1-2.1:1.0: rpm_resume returns 1, map2_mcspi omap2_mcspi.4: rpm_resume flags 0x4, omap2_mcspi omap2_mcspi.4: rpm_resume returns 0.</q></li>
<li class="message">[<a href="#T08:42:41" id="T08:42:41"><abbr title="2011-10-05T08:42:41+00:00">08:42:41</abbr></a>] &lt;<cite>rOxx</cite>&gt; <q>can someone help me ? are this messages debug code ?</q></li>
<li class="join">[<a href="#T08:43:18" id="T08:43:18"><abbr title="2011-10-05T08:43:18+00:00">08:43:18</abbr></a>] <span>* Crofton (~balister@pool-96-240-183-10.ronkva.east.verizon.net) has joined #beagle</span></li>
<li class="join">[<a href="#T08:43:28" id="T08:43:28"><abbr title="2011-10-05T08:43:28+00:00">08:43:28</abbr></a>] <span>* Crofton|work (~balister@pool-96-240-183-10.ronkva.east.verizon.net) has joined #beagle</span></li>
<li class="message">[<a href="#T08:44:35" id="T08:44:35"><abbr title="2011-10-05T08:44:35+00:00">08:44:35</abbr></a>] &lt;<cite>Russ</cite>&gt; <q>looks to be, just check out your kernel source, sounds like someone is being overly noisy or you have enabled debugging in a driver</q></li>
<li class="join">[<a href="#T08:47:14" id="T08:47:14"><abbr title="2011-10-05T08:47:14+00:00">08:47:14</abbr></a>] <span>* cet_ (d9d02a7e@gateway/web/freenode/ip.217.208.42.126) has joined #beagle</span></li>
<li class="message">[<a href="#T08:48:58" id="T08:48:58"><abbr title="2011-10-05T08:48:58+00:00">08:48:58</abbr></a>] &lt;<cite>cet_</cite>&gt; <q>Hi, I've been reading some time about the IC's to know which TRM's to look at on the beagleboard rev C4. Is there anything called TWL4030 or is this replaced by the TPS65950 on the C4?</q></li>
<li class="message">[<a href="#T08:49:49" id="T08:49:49"><abbr title="2011-10-05T08:49:49+00:00">08:49:49</abbr></a>] &lt;<cite>dm8tbr</cite>&gt; <q>without checking. probably different names for the same thing.</q></li>
<li class="message">[<a href="#T08:50:58" id="T08:50:58"><abbr title="2011-10-05T08:50:58+00:00">08:50:58</abbr></a>] &lt;<cite>cet_</cite>&gt; <q>okay, thanks for the clarification</q></li>
<li class="action">[<a href="#T08:51:34" id="T08:51:34"><abbr title="2011-10-05T08:51:34+00:00">08:51:34</abbr></a>] <span>* av500 is reading beagle irc logs from 3ys ago, feels old</span></li>
<li class="message">[<a href="#T08:51:58" id="T08:51:58"><abbr title="2011-10-05T08:51:58+00:00">08:51:58</abbr></a>] &lt;<cite>cet_</cite>&gt; <q>saw this one: You will probably want to look at the TPS65950 manual instead, which is functionally equivalent to the TWL4030. The TPS65950 TRM is finally public.</q></li>
<li class="message">[<a href="#T08:53:11" id="T08:53:11"><abbr title="2011-10-05T08:53:11+00:00">08:53:11</abbr></a>] &lt;<cite>cet_</cite>&gt; <q>that sentence seems to tell that there is two different IC's</q></li>
<li class="message">[<a href="#T08:53:16" id="T08:53:16"><abbr title="2011-10-05T08:53:16+00:00">08:53:16</abbr></a>] &lt;<cite>cet_</cite>&gt; <q>but functionally equivalent</q></li>
<li class="message">[<a href="#T08:53:24" id="T08:53:24"><abbr title="2011-10-05T08:53:24+00:00">08:53:24</abbr></a>] &lt;<cite>av500</cite>&gt; <q>cet_: there is a ton of different TPS ICs</q></li>
<li class="message">[<a href="#T08:54:27" id="T08:54:27"><abbr title="2011-10-05T08:54:27+00:00">08:54:27</abbr></a>] &lt;<cite>cet_</cite>&gt; <q>so what is this TWL4030 then? Same but renamed to TPS65950?</q></li>
<li class="join">[<a href="#T08:56:13" id="T08:56:13"><abbr title="2011-10-05T08:56:13+00:00">08:56:13</abbr></a>] <span>* phdeswer (~philippe@a83-245-252-47.elisa-laajakaista.fi) has joined #beagle</span></li>
<li class="message">[<a href="#T08:56:18" id="T08:56:18"><abbr title="2011-10-05T08:56:18+00:00">08:56:18</abbr></a>] &lt;<cite>mru</cite>&gt; <q>more or less</q></li>
<li class="message">[<a href="#T08:56:48" id="T08:56:48"><abbr title="2011-10-05T08:56:48+00:00">08:56:48</abbr></a>] &lt;<cite>mru</cite>&gt; <q>not exactly the same silicon iiuc</q></li>
<li class="message">[<a href="#T08:57:06" id="T08:57:06"><abbr title="2011-10-05T08:57:06+00:00">08:57:06</abbr></a>] &lt;<cite>mru</cite>&gt; <q>but looks and feels the same</q></li>
<li class="message">[<a href="#T08:57:45" id="T08:57:45"><abbr title="2011-10-05T08:57:45+00:00">08:57:45</abbr></a>] &lt;<cite>cet_</cite>&gt; <q>allright, now i got it</q></li>
<li class="message">[<a href="#T08:57:46" id="T08:57:46"><abbr title="2011-10-05T08:57:46+00:00">08:57:46</abbr></a>] &lt;<cite>cet_</cite>&gt; <q>thanks</q></li>
<li class="join">[<a href="#T08:58:46" id="T08:58:46"><abbr title="2011-10-05T08:58:46+00:00">08:58:46</abbr></a>] <span>* olsen (~sesselast@213.144.157.68) has joined #beagle</span></li>
<li class="message">[<a href="#T09:02:07" id="T09:02:07"><abbr title="2011-10-05T09:02:07+00:00">09:02:07</abbr></a>] &lt;<cite>Russ</cite>&gt; <q>anyone happen to know how I do a proper python isinstance for something that returns "&lt;class '__main__.Matrix'&gt;" for type()?</q></li>
<li class="message">[<a href="#T09:03:04" id="T09:03:04"><abbr title="2011-10-05T09:03:04+00:00">09:03:04</abbr></a>] &lt;<cite>Russ</cite>&gt; <q>if isinstance(tok, __main__.Matrix):       NameError: global name '__main__' is not defined</q></li>
<li class="quit">[<a href="#T09:03:35" id="T09:03:35"><abbr title="2011-10-05T09:03:35+00:00">09:03:35</abbr></a>] <span>* jpirko (~jirka@ip-89-102-9-183.net.upcbroadband.cz) Quit (Quit: Leaving)</span></li>
<li class="quit">[<a href="#T09:28:38" id="T09:28:38"><abbr title="2011-10-05T09:28:38+00:00">09:28:38</abbr></a>] <span>* cet_ (d9d02a7e@gateway/web/freenode/ip.217.208.42.126) Quit (Ping timeout: 252 seconds)</span></li>
<li class="message">[<a href="#T09:30:29" id="T09:30:29"><abbr title="2011-10-05T09:30:29+00:00">09:30:29</abbr></a>] &lt;<cite>av500</cite>&gt; <q>TPS65950 and TWL4030 block diagrams are 100% the same</q></li>
<li class="quit">[<a href="#T09:44:24" id="T09:44:24"><abbr title="2011-10-05T09:44:24+00:00">09:44:24</abbr></a>] <span>* rOxx (3eced31d@gateway/web/freenode/ip.62.206.211.29) Quit (Ping timeout: 252 seconds)</span></li>
<li class="message">[<a href="#T09:49:12" id="T09:49:12"><abbr title="2011-10-05T09:49:12+00:00">09:49:12</abbr></a>] &lt;<cite>mru</cite>&gt; <q>av500: errata are probably different</q></li>
<li class="join">[<a href="#T09:50:41" id="T09:50:41"><abbr title="2011-10-05T09:50:41+00:00">09:50:41</abbr></a>] <span>* tkcheng_ (7384f82d@gateway/web/freenode/ip.115.132.248.45) has joined #beagle</span></li>
<li class="message">[<a href="#T09:50:49" id="T09:50:49"><abbr title="2011-10-05T09:50:49+00:00">09:50:49</abbr></a>] &lt;<cite>tasslehoff</cite>&gt; <q>anyone know of a working repo for linux-omap?</q></li>
<li class="quit">[<a href="#T09:51:14" id="T09:51:14"><abbr title="2011-10-05T09:51:14+00:00">09:51:14</abbr></a>] <span>* Guest55518 (~vayavya@122.166.13.141) Quit (Ping timeout: 258 seconds)</span></li>
<li class="message">[<a href="#T09:51:16" id="T09:51:16"><abbr title="2011-10-05T09:51:16+00:00">09:51:16</abbr></a>] &lt;<cite>av500</cite>&gt; <q>omapzoom?</q></li>
<li class="message">[<a href="#T09:51:32" id="T09:51:32"><abbr title="2011-10-05T09:51:32+00:00">09:51:32</abbr></a>] &lt;<cite>av500</cite>&gt; <q>mru: I dont read those :)</q></li>
<li class="message">[<a href="#T09:58:22" id="T09:58:22"><abbr title="2011-10-05T09:58:22+00:00">09:58:22</abbr></a>] &lt;<cite>tasslehoff</cite>&gt; <q>well, omapzoom sure has a lot of repos</q></li>
<li class="join">[<a href="#T09:59:45" id="T09:59:45"><abbr title="2011-10-05T09:59:45+00:00">09:59:45</abbr></a>] <span>* mikecsh (~mikecsh@n219079204241.netvigator.com) has joined #beagle</span></li>
<li class="part">[<a href="#T10:01:04" id="T10:01:04"><abbr title="2011-10-05T10:01:04+00:00">10:01:04</abbr></a>] <span>* tkcheng_ (7384f82d@gateway/web/freenode/ip.115.132.248.45) has left #beagle</span></li>
<li class="join">[<a href="#T10:05:11" id="T10:05:11"><abbr title="2011-10-05T10:05:11+00:00">10:05:11</abbr></a>] <span>* tkcheng (~chatzilla@115.132.248.45) has joined #beagle</span></li>
<li class="quit">[<a href="#T10:07:47" id="T10:07:47"><abbr title="2011-10-05T10:07:47+00:00">10:07:47</abbr></a>] <span>* artib (~artib@122.166.11.13) Quit (Read error: Operation timed out)</span></li>
<li class="quit">[<a href="#T10:07:59" id="T10:07:59"><abbr title="2011-10-05T10:07:59+00:00">10:07:59</abbr></a>] <span>* tkcheng (~chatzilla@115.132.248.45) Quit (Client Quit)</span></li>
<li class="join">[<a href="#T10:08:05" id="T10:08:05"><abbr title="2011-10-05T10:08:05+00:00">10:08:05</abbr></a>] <span>* artib (~artib@122.166.11.13) has joined #beagle</span></li>
<li class="quit">[<a href="#T10:08:08" id="T10:08:08"><abbr title="2011-10-05T10:08:08+00:00">10:08:08</abbr></a>] <span>* mikecsh (~mikecsh@n219079204241.netvigator.com) Quit (Quit: mikecsh)</span></li>
<li class="join">[<a href="#T10:08:15" id="T10:08:15"><abbr title="2011-10-05T10:08:15+00:00">10:08:15</abbr></a>] <span>* tkcheng (~chatzilla@115.132.248.45) has joined #beagle</span></li>
<li class="part">[<a href="#T10:16:27" id="T10:16:27"><abbr title="2011-10-05T10:16:27+00:00">10:16:27</abbr></a>] <span>* mdp (~mdp@cpe-24-166-64-7.neo.res.rr.com) has left #beagle</span></li>
<li class="join">[<a href="#T10:16:56" id="T10:16:56"><abbr title="2011-10-05T10:16:56+00:00">10:16:56</abbr></a>] <span>* mdp (~mdp@cpe-24-166-64-7.neo.res.rr.com) has joined #beagle</span></li>
<li class="quit">[<a href="#T10:18:50" id="T10:18:50"><abbr title="2011-10-05T10:18:50+00:00">10:18:50</abbr></a>] <span>* artib (~artib@122.166.11.13) Quit (Ping timeout: 258 seconds)</span></li>
<li class="join">[<a href="#T10:19:27" id="T10:19:27"><abbr title="2011-10-05T10:19:27+00:00">10:19:27</abbr></a>] <span>* niclas (~niclas@nat/ti/x-vjziailgtkcdhoda) has joined #beagle</span></li>
<li class="join">[<a href="#T10:25:22" id="T10:25:22"><abbr title="2011-10-05T10:25:22+00:00">10:25:22</abbr></a>] <span>* panto (~panto@ppp-94-65-58-8.home.otenet.gr) has joined #beagle</span></li>
<li class="join">[<a href="#T10:26:17" id="T10:26:17"><abbr title="2011-10-05T10:26:17+00:00">10:26:17</abbr></a>] <span>* CMoH (~cipi@95.76.68.223) has joined #beagle</span></li>
<li class="quit">[<abbr title="2011-10-05T10:26:17+00:00">10:26:17</abbr>] <span>* CMoH (~cipi@95.76.68.223) Quit (Changing host)</span></li>
<li class="join">[<abbr title="2011-10-05T10:26:17+00:00">10:26:17</abbr>] <span>* CMoH (~cipi@unaffiliated/c-moh) has joined #beagle</span></li>
<li class="join">[<a href="#T10:27:28" id="T10:27:28"><abbr title="2011-10-05T10:27:28+00:00">10:27:28</abbr></a>] <span>* NotTooDumb3 (~vayavya@122.166.13.141) has joined #beagle</span></li>
<li class="quit">[<a href="#T10:27:37" id="T10:27:37"><abbr title="2011-10-05T10:27:37+00:00">10:27:37</abbr></a>] <span>* Rubenz (~bla@77.109.101.56) Quit (Ping timeout: 244 seconds)</span></li>
<li class="nick-change">[<a href="#T10:27:54" id="T10:27:54"><abbr title="2011-10-05T10:27:54+00:00">10:27:54</abbr></a>] <span>* NotTooDumb3 is now known as Guest65863</span></li>
<li class="message">[<a href="#T10:28:42" id="T10:28:42"><abbr title="2011-10-05T10:28:42+00:00">10:28:42</abbr></a>] &lt;<cite>Guest65863</cite>&gt; <q>Hi i get  ifup eth0 ifup: interface eth0 already configured, but could not ping even after restarting network d</q></li>
<li class="message">[<a href="#T10:31:28" id="T10:31:28"><abbr title="2011-10-05T10:31:28+00:00">10:31:28</abbr></a>] &lt;<cite>tkcheng</cite>&gt; <q>what do u get with ifconfig command?</q></li>
<li class="message">[<a href="#T10:32:55" id="T10:32:55"><abbr title="2011-10-05T10:32:55+00:00">10:32:55</abbr></a>] &lt;<cite>Guest65863</cite>&gt; <q>no eth0 in ifconfig output <a href="http://pastebin.com/4t0LthC5">http://pastebin.com/4t0LthC5</a></q></li>
<li class="message">[<a href="#T10:41:26" id="T10:41:26"><abbr title="2011-10-05T10:41:26+00:00">10:41:26</abbr></a>] &lt;<cite>Guest65863</cite>&gt; <q>any idea? ifup eth0 or ifup usb0 say they are already configured</q></li>
<li class="message">[<a href="#T10:42:38" id="T10:42:38"><abbr title="2011-10-05T10:42:38+00:00">10:42:38</abbr></a>] &lt;<cite>tkcheng</cite>&gt; <q>no idea, have not come across this.</q></li>
<li class="message">[<a href="#T10:43:18" id="T10:43:18"><abbr title="2011-10-05T10:43:18+00:00">10:43:18</abbr></a>] &lt;<cite>Guest65863</cite>&gt; <q>which link did you follow to get access to internet on beagle?</q></li>
<li class="quit">[<a href="#T10:52:08" id="T10:52:08"><abbr title="2011-10-05T10:52:08+00:00">10:52:08</abbr></a>] <span>* tkcheng (~chatzilla@115.132.248.45) Quit (Quit: ChatZilla 0.9.87 [Firefox 7.0.1/20110928134238])</span></li>
<li class="message">[<a href="#T10:54:40" id="T10:54:40"><abbr title="2011-10-05T10:54:40+00:00">10:54:40</abbr></a>] &lt;<cite>Guest65863</cite>&gt; <q>could anyone point me to the doc to go through to get internet up? there are many on the web.</q></li>
<li class="message">[<a href="#T11:02:19" id="T11:02:19"><abbr title="2011-10-05T11:02:19+00:00">11:02:19</abbr></a>] &lt;<cite>Guest65863</cite>&gt; <q>do i need a otg to ethenet cable or normal usb to ethernet cable will work?</q></li>
<li class="quit">[<a href="#T11:03:00" id="T11:03:00"><abbr title="2011-10-05T11:03:00+00:00">11:03:00</abbr></a>] <span>* taemun (~taemun@host-149-144.barnesway.latrobe.edu.au) Quit (Read error: Connection reset by peer)</span></li>
<li class="join">[<a href="#T11:03:47" id="T11:03:47"><abbr title="2011-10-05T11:03:47+00:00">11:03:47</abbr></a>] <span>* taemun (~taemun@host-149-144.barnesway.latrobe.edu.au) has joined #beagle</span></li>
<li class="message">[<a href="#T11:04:04" id="T11:04:04"><abbr title="2011-10-05T11:04:04+00:00">11:04:04</abbr></a>] &lt;<cite>tasslehoff</cite>&gt; <q>ah. sakoman.com to the rescue :)</q></li>
<li class="join">[<a href="#T11:09:57" id="T11:09:57"><abbr title="2011-10-05T11:09:57+00:00">11:09:57</abbr></a>] <span>* novogrammer (~novogramm@softbank126108028029.bbtec.net) has joined #beagle</span></li>
<li class="join">[<a href="#T11:17:06" id="T11:17:06"><abbr title="2011-10-05T11:17:06+00:00">11:17:06</abbr></a>] <span>* jpirko (jirka@nat/redhat/x-tanaqapcetkbmhcz) has joined #beagle</span></li>
<li class="quit">[<a href="#T11:21:28" id="T11:21:28"><abbr title="2011-10-05T11:21:28+00:00">11:21:28</abbr></a>] <span>* Guest65863 (~vayavya@122.166.13.141) Quit (Quit: Leaving)</span></li>
<li class="join">[<a href="#T11:28:32" id="T11:28:32"><abbr title="2011-10-05T11:28:32+00:00">11:28:32</abbr></a>] <span>* raster (raster@enlightenment/developer/raster) has joined #beagle</span></li>
<li class="quit">[<a href="#T11:30:45" id="T11:30:45"><abbr title="2011-10-05T11:30:45+00:00">11:30:45</abbr></a>] <span>* signal11 (esteban@gnv.quaddro.net) Quit (Ping timeout: 260 seconds)</span></li>
<li class="join">[<a href="#T11:31:07" id="T11:31:07"><abbr title="2011-10-05T11:31:07+00:00">11:31:07</abbr></a>] <span>* siji (~siji@static-mum-120.63.152.64.mtnl.net.in) has joined #beagle</span></li>
<li class="quit">[<a href="#T11:34:33" id="T11:34:33"><abbr title="2011-10-05T11:34:33+00:00">11:34:33</abbr></a>] <span>* balestrino (~balestrin@illegal-use-181-112.dimnp.unipi.it) Quit (Ping timeout: 258 seconds)</span></li>
<li class="join">[<a href="#T11:39:45" id="T11:39:45"><abbr title="2011-10-05T11:39:45+00:00">11:39:45</abbr></a>] <span>* topfs2 (~topfs2@xbmc/staff/topfs2) has joined #beagle</span></li>
<li class="join">[<a href="#T11:39:58" id="T11:39:58"><abbr title="2011-10-05T11:39:58+00:00">11:39:58</abbr></a>] <span>* rcranetx (~rcranetx@nat/ti/x-agfopsybojunpvwh) has joined #beagle</span></li>
<li class="join">[<a href="#T11:48:23" id="T11:48:23"><abbr title="2011-10-05T11:48:23+00:00">11:48:23</abbr></a>] <span>* NotTooDumb3 (~vayavya@122.166.13.141) has joined #beagle</span></li>
<li class="nick-change">[<a href="#T11:48:49" id="T11:48:49"><abbr title="2011-10-05T11:48:49+00:00">11:48:49</abbr></a>] <span>* NotTooDumb3 is now known as Guest51461</span></li>
<li class="quit">[<a href="#T11:50:36" id="T11:50:36"><abbr title="2011-10-05T11:50:36+00:00">11:50:36</abbr></a>] <span>* Guest51461 (~vayavya@122.166.13.141) Quit (Client Quit)</span></li>
<li class="join">[<a href="#T11:51:14" id="T11:51:14"><abbr title="2011-10-05T11:51:14+00:00">11:51:14</abbr></a>] <span>* gustavoz (~gustavoz@host49.186-109-136.telecom.net.ar) has joined #beagle</span></li>
<li class="quit">[<a href="#T11:52:34" id="T11:52:34"><abbr title="2011-10-05T11:52:34+00:00">11:52:34</abbr></a>] <span>* peabody124 (~peabody12@c-98-201-161-152.hsd1.tx.comcast.net) Quit (Quit: peabody124)</span></li>
<li class="join">[<a href="#T11:58:32" id="T11:58:32"><abbr title="2011-10-05T11:58:32+00:00">11:58:32</abbr></a>] <span>* peabody124 (~peabody12@c-98-194-201-181.hsd1.tx.comcast.net) has joined #beagle</span></li>
