<li class="join">[<a href="#T00:00:13" id="T00:00:13"><abbr title="2011-01-10T00:00:13+00:00">00:00:13</abbr></a>] <span>* freetx (~freetx@adsl-76-247-251-51.dsl.hstntx.sbcglobal.net) has joined #beagle</span></li>
<li class="join">[<a href="#T00:11:20" id="T00:11:20"><abbr title="2011-01-10T00:11:20+00:00">00:11:20</abbr></a>] <span>* CMoH-notebook (~cipi@95.76.68.223) has joined #beagle</span></li>
<li class="quit">[<abbr title="2011-01-10T00:11:20+00:00">00:11:20</abbr>] <span>* CMoH-notebook (~cipi@95.76.68.223) Quit (Changing host)</span></li>
<li class="join">[<abbr title="2011-01-10T00:11:20+00:00">00:11:20</abbr>] <span>* CMoH-notebook (~cipi@unaffiliated/c-moh) has joined #beagle</span></li>
<li class="quit">[<a href="#T00:19:57" id="T00:19:57"><abbr title="2011-01-10T00:19:57+00:00">00:19:57</abbr></a>] <span>* CMoH-notebook (~cipi@unaffiliated/c-moh) Quit (Remote host closed the connection)</span></li>
<li class="join">[<a href="#T00:21:06" id="T00:21:06"><abbr title="2011-01-10T00:21:06+00:00">00:21:06</abbr></a>] <span>* CMoH-notebook (~cipi@unaffiliated/c-moh) has joined #beagle</span></li>
<li class="join">[<a href="#T00:31:56" id="T00:31:56"><abbr title="2011-01-10T00:31:56+00:00">00:31:56</abbr></a>] <span>* mrj10 (~mrj10@63.252.64.254) has joined #beagle</span></li>
<li class="join">[<a href="#T00:35:32" id="T00:35:32"><abbr title="2011-01-10T00:35:32+00:00">00:35:32</abbr></a>] <span>* DMorsing (~krisis@84.238.81.146) has joined #beagle</span></li>
<li class="join">[<a href="#T00:38:42" id="T00:38:42"><abbr title="2011-01-10T00:38:42+00:00">00:38:42</abbr></a>] <span>* rlameiro (~lameiro@87-196-211-211.net.novis.pt) has joined #beagle</span></li>
<li class="quit">[<a href="#T00:42:00" id="T00:42:00"><abbr title="2011-01-10T00:42:00+00:00">00:42:00</abbr></a>] <span>* arun_ (~arun@unaffiliated/sindian) Quit (Ping timeout: 240 seconds)</span></li>
<li class="quit">[<a href="#T00:44:12" id="T00:44:12"><abbr title="2011-01-10T00:44:12+00:00">00:44:12</abbr></a>] <span>* robtmr (~robtmr@S01060026bb736c67.vc.shawcable.net) Quit (Quit: robtmr)</span></li>
<li class="quit">[<a href="#T00:54:18" id="T00:54:18"><abbr title="2011-01-10T00:54:18+00:00">00:54:18</abbr></a>] <span>* emeb (~ericb@ip70-190-178-182.ph.ph.cox.net) Quit (Quit: Leaving.)</span></li>
<li class="join">[<a href="#T00:54:39" id="T00:54:39"><abbr title="2011-01-10T00:54:39+00:00">00:54:39</abbr></a>] <span>* arun_ (~arun@j163077.upc-j.chello.nl) has joined #beagle</span></li>
<li class="quit">[<abbr title="2011-01-10T00:54:39+00:00">00:54:39</abbr>] <span>* arun_ (~arun@j163077.upc-j.chello.nl) Quit (Changing host)</span></li>
<li class="join">[<abbr title="2011-01-10T00:54:39+00:00">00:54:39</abbr>] <span>* arun_ (~arun@unaffiliated/sindian) has joined #beagle</span></li>
<li class="quit">[<a href="#T01:12:49" id="T01:12:49"><abbr title="2011-01-10T01:12:49+00:00">01:12:49</abbr></a>] <span>* mrj10 (~mrj10@63.252.64.254) Quit (Quit: Leaving.)</span></li>
<li class="quit">[<a href="#T01:13:53" id="T01:13:53"><abbr title="2011-01-10T01:13:53+00:00">01:13:53</abbr></a>] <span>* DMorsing (~krisis@84.238.81.146) Quit (Remote host closed the connection)</span></li>
<li class="quit">[<a href="#T01:23:16" id="T01:23:16"><abbr title="2011-01-10T01:23:16+00:00">01:23:16</abbr></a>] <span>* peabody124 (~peabody12@c-98-196-22-185.hsd1.tx.comcast.net) Quit (Read error: Connection reset by peer)</span></li>
<li class="join">[<a href="#T01:30:21" id="T01:30:21"><abbr title="2011-01-10T01:30:21+00:00">01:30:21</abbr></a>] <span>* hrw (~hrw@linaro/hrw) has joined #beagle</span></li>
<li class="quit">[<a href="#T01:41:24" id="T01:41:24"><abbr title="2011-01-10T01:41:24+00:00">01:41:24</abbr></a>] <span>* DesktopMa (~DesktopMa@82.116.88.97) Quit (Ping timeout: 260 seconds)</span></li>
<li class="join">[<a href="#T01:45:34" id="T01:45:34"><abbr title="2011-01-10T01:45:34+00:00">01:45:34</abbr></a>] <span>* mrj10 (~mrj10@63.252.64.254) has joined #beagle</span></li>
<li class="join">[<a href="#T01:46:02" id="T01:46:02"><abbr title="2011-01-10T01:46:02+00:00">01:46:02</abbr></a>] <span>* DesktopMa (~DesktopMa@82.116.88.97) has joined #beagle</span></li>
<li class="quit">[<a href="#T01:48:55" id="T01:48:55"><abbr title="2011-01-10T01:48:55+00:00">01:48:55</abbr></a>] <span>* thaytan (~jan@ppp59-167-167-201.static.internode.on.net) Quit (Ping timeout: 246 seconds)</span></li>
<li class="quit">[<a href="#T01:53:42" id="T01:53:42"><abbr title="2011-01-10T01:53:42+00:00">01:53:42</abbr></a>] <span>* hrw (~hrw@linaro/hrw) Quit (Ping timeout: 265 seconds)</span></li>
<li class="join">[<a href="#T01:56:39" id="T01:56:39"><abbr title="2011-01-10T01:56:39+00:00">01:56:39</abbr></a>] <span>* torez (~torez@66.226.254.2) has joined #beagle</span></li>
<li class="quit">[<abbr title="2011-01-10T01:56:39+00:00">01:56:39</abbr>] <span>* torez (~torez@66.226.254.2) Quit (Changing host)</span></li>
<li class="join">[<abbr title="2011-01-10T01:56:39+00:00">01:56:39</abbr>] <span>* torez (~torez@linaro/torez) has joined #beagle</span></li>
<li class="join">[<a href="#T02:04:07" id="T02:04:07"><abbr title="2011-01-10T02:04:07+00:00">02:04:07</abbr></a>] <span>* hrw (~hrw@63.133.153.66) has joined #beagle</span></li>
<li class="quit">[<abbr title="2011-01-10T02:04:07+00:00">02:04:07</abbr>] <span>* hrw (~hrw@63.133.153.66) Quit (Changing host)</span></li>
<li class="join">[<abbr title="2011-01-10T02:04:07+00:00">02:04:07</abbr>] <span>* hrw (~hrw@linaro/hrw) has joined #beagle</span></li>
<li class="join">[<a href="#T02:12:34" id="T02:12:34"><abbr title="2011-01-10T02:12:34+00:00">02:12:34</abbr></a>] <span>* dl9pf (~quassel@p5B213EE7.dip.t-dialin.net) has joined #beagle</span></li>
<li class="quit">[<abbr title="2011-01-10T02:12:34+00:00">02:12:34</abbr>] <span>* dl9pf (~quassel@p5B213EE7.dip.t-dialin.net) Quit (Changing host)</span></li>
<li class="join">[<abbr title="2011-01-10T02:12:34+00:00">02:12:34</abbr>] <span>* dl9pf (~quassel@opensuse/member/dl9pf) has joined #beagle</span></li>
<li class="quit">[<a href="#T02:13:53" id="T02:13:53"><abbr title="2011-01-10T02:13:53+00:00">02:13:53</abbr></a>] <span>* dl9pf_ (~quassel@p5B213059.dip.t-dialin.net) Quit (Ping timeout: 264 seconds)</span></li>
<li class="join">[<a href="#T02:23:20" id="T02:23:20"><abbr title="2011-01-10T02:23:20+00:00">02:23:20</abbr></a>] <span>* raster (raster@enlightenment2.osuosl.org) has joined #beagle</span></li>
<li class="quit">[<abbr title="2011-01-10T02:23:20+00:00">02:23:20</abbr>] <span>* raster (raster@enlightenment2.osuosl.org) Quit (Changing host)</span></li>
<li class="join">[<abbr title="2011-01-10T02:23:20+00:00">02:23:20</abbr>] <span>* raster (raster@enlightenment/developer/raster) has joined #beagle</span></li>
<li class="quit">[<a href="#T02:23:50" id="T02:23:50"><abbr title="2011-01-10T02:23:50+00:00">02:23:50</abbr></a>] <span>* hrw (~hrw@linaro/hrw) Quit (Ping timeout: 240 seconds)</span></li>
<li class="join">[<a href="#T02:25:24" id="T02:25:24"><abbr title="2011-01-10T02:25:24+00:00">02:25:24</abbr></a>] <span>* mpoirier (~quassel@S0106002369de4dac.cg.shawcable.net) has joined #beagle</span></li>
<li class="quit">[<a href="#T02:32:44" id="T02:32:44"><abbr title="2011-01-10T02:32:44+00:00">02:32:44</abbr></a>] <span>* torez (~torez@linaro/torez) Quit (Quit: Leaving)</span></li>
<li class="join">[<a href="#T02:38:32" id="T02:38:32"><abbr title="2011-01-10T02:38:32+00:00">02:38:32</abbr></a>] <span>* russ (foobar@ip70-176-251-1.ph.ph.cox.net) has joined #beagle</span></li>
<li class="join">[<a href="#T02:41:13" id="T02:41:13"><abbr title="2011-01-10T02:41:13+00:00">02:41:13</abbr></a>] <span>* hrw (~hrw@linaro/hrw) has joined #beagle</span></li>
<li class="quit">[<a href="#T02:49:12" id="T02:49:12"><abbr title="2011-01-10T02:49:12+00:00">02:49:12</abbr></a>] <span>* mrj10 (~mrj10@63.252.64.254) Quit (Ping timeout: 240 seconds)</span></li>
<li class="quit">[<a href="#T02:54:10" id="T02:54:10"><abbr title="2011-01-10T02:54:10+00:00">02:54:10</abbr></a>] <span>* rlameiro (~lameiro@87-196-211-211.net.novis.pt) Quit (Quit: Saindo)</span></li>
<li class="quit">[<a href="#T02:57:26" id="T02:57:26"><abbr title="2011-01-10T02:57:26+00:00">02:57:26</abbr></a>] <span>* Zoxc (Zoxc@ti0128a380-dhcp0526.bb.online.no) Quit ()</span></li>
<li class="join">[<a href="#T03:06:42" id="T03:06:42"><abbr title="2011-01-10T03:06:42+00:00">03:06:42</abbr></a>] <span>* mrj10 (~mrj10@63.252.64.254) has joined #beagle</span></li>
<li class="join">[<a href="#T03:08:13" id="T03:08:13"><abbr title="2011-01-10T03:08:13+00:00">03:08:13</abbr></a>] <span>* macmaster8 (~macmaster@ip68-8-237-16.sd.sd.cox.net) has joined #beagle</span></li>
<li class="quit">[<a href="#T03:09:40" id="T03:09:40"><abbr title="2011-01-10T03:09:40+00:00">03:09:40</abbr></a>] <span>* macmaster8 (~macmaster@ip68-8-237-16.sd.sd.cox.net) Quit (Client Quit)</span></li>
<li class="join">[<a href="#T03:10:45" id="T03:10:45"><abbr title="2011-01-10T03:10:45+00:00">03:10:45</abbr></a>] <span>* macmaster8 (~macmaster@ip68-8-237-16.sd.sd.cox.net) has joined #beagle</span></li>
<li class="quit">[<a href="#T03:11:01" id="T03:11:01"><abbr title="2011-01-10T03:11:01+00:00">03:11:01</abbr></a>] <span>* macmaster8 (~macmaster@ip68-8-237-16.sd.sd.cox.net) Quit (Client Quit)</span></li>
<li class="join">[<a href="#T03:13:49" id="T03:13:49"><abbr title="2011-01-10T03:13:49+00:00">03:13:49</abbr></a>] <span>* macmaster8 (~macmaster@ip68-8-237-16.sd.sd.cox.net) has joined #beagle</span></li>
<li class="quit">[<a href="#T03:14:24" id="T03:14:24"><abbr title="2011-01-10T03:14:24+00:00">03:14:24</abbr></a>] <span>* macmaster8 (~macmaster@ip68-8-237-16.sd.sd.cox.net) Quit (Client Quit)</span></li>
<li class="quit">[<a href="#T03:30:06" id="T03:30:06"><abbr title="2011-01-10T03:30:06+00:00">03:30:06</abbr></a>] <span>* CMoH-notebook (~cipi@unaffiliated/c-moh) Quit (Ping timeout: 276 seconds)</span></li>
<li class="join">[<a href="#T03:55:59" id="T03:55:59"><abbr title="2011-01-10T03:55:59+00:00">03:55:59</abbr></a>] <span>* peabody124 (~peabody12@c-98-196-22-185.hsd1.tx.comcast.net) has joined #beagle</span></li>
<li class="join">[<a href="#T04:12:17" id="T04:12:17"><abbr title="2011-01-10T04:12:17+00:00">04:12:17</abbr></a>] <span>* heathkid (~heathkid2@184-202-107-83.pools.spcsdns.net) has joined #beagle</span></li>
<li class="part">[<a href="#T04:12:23" id="T04:12:23"><abbr title="2011-01-10T04:12:23+00:00">04:12:23</abbr></a>] <span>* heathkid (~heathkid2@184-202-107-83.pools.spcsdns.net) has left #beagle</span></li>
<li class="join">[<a href="#T04:25:58" id="T04:25:58"><abbr title="2011-01-10T04:25:58+00:00">04:25:58</abbr></a>] <span>* aholler (~aholler@p57B20116.dip0.t-ipconnect.de) has joined #beagle</span></li>
<li class="quit">[<a href="#T04:29:31" id="T04:29:31"><abbr title="2011-01-10T04:29:31+00:00">04:29:31</abbr></a>] <span>* aholler_ (~aholler@p57B202D7.dip0.t-ipconnect.de) Quit (Ping timeout: 276 seconds)</span></li>
<li class="join">[<a href="#T04:35:08" id="T04:35:08"><abbr title="2011-01-10T04:35:08+00:00">04:35:08</abbr></a>] <span>* jkridner (~jason@pdpc/supporter/active/jkridner) has joined #beagle</span></li>
<li class="quit">[<a href="#T04:48:52" id="T04:48:52"><abbr title="2011-01-10T04:48:52+00:00">04:48:52</abbr></a>] <span>* GPSFan (~kenm@64.92.145.112) Quit (Remote host closed the connection)</span></li>
<li class="message">[<a href="#T04:55:59" id="T04:55:59"><abbr title="2011-01-10T04:55:59+00:00">04:55:59</abbr></a>] &lt;<cite>hgs</cite>&gt; <q>hi all, 483.7 MB sized video of 27:34 duration video freezes at 25:40 and then after sometime resumes, skipping some 40 second duration of video playaback. I have the media file residing on 8gb sd card. can any one tell whether it is the problem with the dsp decoder or something with  swap space or sd card memory?</q></li>
<li class="quit">[<a href="#T04:56:14" id="T04:56:14"><abbr title="2011-01-10T04:56:14+00:00">04:56:14</abbr></a>] <span>* hrw (~hrw@linaro/hrw) Quit (Ping timeout: 240 seconds)</span></li>
<li class="message">[<a href="#T04:59:36" id="T04:59:36"><abbr title="2011-01-10T04:59:36+00:00">04:59:36</abbr></a>] &lt;<cite>aholler</cite>&gt; <q>Don't expect an answer. Most crystal balls are of a very low quality ;)</q></li>
<li class="message">[<a href="#T05:01:12" id="T05:01:12"><abbr title="2011-01-10T05:01:12+00:00">05:01:12</abbr></a>] &lt;<cite>AlTheKiller</cite>&gt; <q>It's probably one or more of the above or any combination of a number of other things.</q></li>
<li class="message">[<a href="#T05:02:36" id="T05:02:36"><abbr title="2011-01-10T05:02:36+00:00">05:02:36</abbr></a>] &lt;<cite>aholler</cite>&gt; <q>first swap should not be used for playing video. Just by calling free you should see how much swap is used. And to check the sd you could just try another.</q></li>
<li class="message">[<a href="#T05:03:30" id="T05:03:30"><abbr title="2011-01-10T05:03:30+00:00">05:03:30</abbr></a>] &lt;<cite>AlTheKiller</cite>&gt; <q>Odds are if it's stopping in the same place it's a demux or decode problem wit hthe file itself.</q></li>
<li class="message">[<a href="#T05:16:32" id="T05:16:32"><abbr title="2011-01-10T05:16:32+00:00">05:16:32</abbr></a>] &lt;<cite>aholler</cite>&gt; <q>hgs: playing the file from another media like network or usb-hd would answer most questions</q></li>
<li class="join">[<a href="#T05:18:05" id="T05:18:05"><abbr title="2011-01-10T05:18:05+00:00">05:18:05</abbr></a>] <span>* 36DAAZYLJ (~tt@113.65.29.157) has joined #beagle</span></li>
<li class="quit">[<a href="#T05:19:34" id="T05:19:34"><abbr title="2011-01-10T05:19:34+00:00">05:19:34</abbr></a>] <span>* scrp3l_ (~scrp3l@201.250.161.44) Quit (Ping timeout: 260 seconds)</span></li>
<li class="quit">[<a href="#T05:22:26" id="T05:22:26"><abbr title="2011-01-10T05:22:26+00:00">05:22:26</abbr></a>] <span>* peabody124 (~peabody12@c-98-196-22-185.hsd1.tx.comcast.net) Quit (Read error: Connection reset by peer)</span></li>
<li class="message">[<a href="#T05:22:41" id="T05:22:41"><abbr title="2011-01-10T05:22:41+00:00">05:22:41</abbr></a>] &lt;<cite>hgs</cite>&gt; <q>AlTheKiller &amp; aholler: thanks will do some tests....i did free and swap shows 0 but cache shows huge number...</q></li>
<li class="message">[<a href="#T05:23:47" id="T05:23:47"><abbr title="2011-01-10T05:23:47+00:00">05:23:47</abbr></a>] &lt;<cite>aholler</cite>&gt; <q>linux usually uses all unused memory for the cache</q></li>
<li class="message">[<a href="#T05:24:25" id="T05:24:25"><abbr title="2011-01-10T05:24:25+00:00">05:24:25</abbr></a>] &lt;<cite>hgs</cite>&gt; <q>between i force ffmpeg to limit the bitrate to 2.5mbps but it looks like there are other factors to achieve fluent playback. </q></li>
<li class="join">[<a href="#T05:39:07" id="T05:39:07"><abbr title="2011-01-10T05:39:07+00:00">05:39:07</abbr></a>] <span>* peabody124 (~peabody12@c-98-196-22-185.hsd1.tx.comcast.net) has joined #beagle</span></li>
<li class="quit">[<a href="#T05:49:05" id="T05:49:05"><abbr title="2011-01-10T05:49:05+00:00">05:49:05</abbr></a>] <span>* peabody124 (~peabody12@c-98-196-22-185.hsd1.tx.comcast.net) Quit (Quit: peabody124)</span></li>
<li class="quit">[<a href="#T06:07:45" id="T06:07:45"><abbr title="2011-01-10T06:07:45+00:00">06:07:45</abbr></a>] <span>* mrc3_ (~mrc3@nat/ti/x-fkxdejxblwnrykyo) Quit (Remote host closed the connection)</span></li>
<li class="join">[<a href="#T06:08:01" id="T06:08:01"><abbr title="2011-01-10T06:08:01+00:00">06:08:01</abbr></a>] <span>* mrc3_ (~mrc3@nat/ti/x-jkfuxoeurpkwyaqg) has joined #beagle</span></li>
<li class="join">[<a href="#T06:17:41" id="T06:17:41"><abbr title="2011-01-10T06:17:41+00:00">06:17:41</abbr></a>] <span>* peabody124 (~peabody12@adsl-99-68-221-233.dsl.hstntx.sbcglobal.net) has joined #beagle</span></li>
<li class="join">[<a href="#T06:33:49" id="T06:33:49"><abbr title="2011-01-10T06:33:49+00:00">06:33:49</abbr></a>] <span>* Openfree` (~Openfreer@116.228.88.131) has joined #beagle</span></li>
<li class="join">[<a href="#T06:40:43" id="T06:40:43"><abbr title="2011-01-10T06:40:43+00:00">06:40:43</abbr></a>] <span>* tasslehoff (~Tasslehof@147.84-49-231.nextgentel.com) has joined #beagle</span></li>
<li class="join">[<a href="#T06:47:59" id="T06:47:59"><abbr title="2011-01-10T06:47:59+00:00">06:47:59</abbr></a>] <span>* lyakh (~lyakh@pD9EB96A9.dip0.t-ipconnect.de) has joined #beagle</span></li>
<li class="join">[<a href="#T06:49:03" id="T06:49:03"><abbr title="2011-01-10T06:49:03+00:00">06:49:03</abbr></a>] <span>* hitlin37 (6eea0302@gateway/web/freenode/ip.110.234.3.2) has joined #beagle</span></li>
<li class="quit">[<a href="#T07:04:23" id="T07:04:23"><abbr title="2011-01-10T07:04:23+00:00">07:04:23</abbr></a>] <span>* niclas (~niclas@nat/ti/x-aadcwvveylepxyoq) Quit (Remote host closed the connection)</span></li>
<li class="join">[<a href="#T07:04:45" id="T07:04:45"><abbr title="2011-01-10T07:04:45+00:00">07:04:45</abbr></a>] <span>* niclas (~niclas@nat/ti/x-wqeiewumqnoeiefq) has joined #beagle</span></li>
<li class="quit">[<a href="#T07:09:19" id="T07:09:19"><abbr title="2011-01-10T07:09:19+00:00">07:09:19</abbr></a>] <span>* chase (~chase@nat/ti/x-awzdrzuljxumuebd) Quit (Remote host closed the connection)</span></li>
<li class="quit">[<a href="#T07:09:21" id="T07:09:21"><abbr title="2011-01-10T07:09:21+00:00">07:09:21</abbr></a>] <span>* Ragha (~ragha@nat/ti/x-xjyymtlgckwmdrbl) Quit (Read error: Connection reset by peer)</span></li>
<li class="join">[<a href="#T07:09:47" id="T07:09:47"><abbr title="2011-01-10T07:09:47+00:00">07:09:47</abbr></a>] <span>* Ragha (~ragha@nat/ti/x-trkmtmkcedezvjet) has joined #beagle</span></li>
<li class="join">[<a href="#T07:09:59" id="T07:09:59"><abbr title="2011-01-10T07:09:59+00:00">07:09:59</abbr></a>] <span>* chase (~chase@nat/ti/x-agmmzhbtzohtsmiv) has joined #beagle</span></li>
<li class="quit">[<a href="#T07:22:07" id="T07:22:07"><abbr title="2011-01-10T07:22:07+00:00">07:22:07</abbr></a>] <span>* rcn-ee (~voodoo@thief-pool1-30.mncable.net) Quit (Ping timeout: 240 seconds)</span></li>
<li class="quit">[<a href="#T07:39:55" id="T07:39:55"><abbr title="2011-01-10T07:39:55+00:00">07:39:55</abbr></a>] <span>* russ (foobar@ip70-176-251-1.ph.ph.cox.net) Quit (Ping timeout: 255 seconds)</span></li>
<li class="join">[<a href="#T07:44:19" id="T07:44:19"><abbr title="2011-01-10T07:44:19+00:00">07:44:19</abbr></a>] <span>* russ (foobar@ip70-176-251-1.ph.ph.cox.net) has joined #beagle</span></li>
<li class="quit">[<a href="#T07:52:58" id="T07:52:58"><abbr title="2011-01-10T07:52:58+00:00">07:52:58</abbr></a>] <span>* russ (foobar@ip70-176-251-1.ph.ph.cox.net) Quit (Ping timeout: 276 seconds)</span></li>
<li class="quit">[<a href="#T07:56:56" id="T07:56:56"><abbr title="2011-01-10T07:56:56+00:00">07:56:56</abbr></a>] <span>* hitlin37 (6eea0302@gateway/web/freenode/ip.110.234.3.2) Quit (Quit: Page closed)</span></li>
<li class="join">[<a href="#T08:07:05" id="T08:07:05"><abbr title="2011-01-10T08:07:05+00:00">08:07:05</abbr></a>] <span>* jpirko (~jirka@ip-89-102-7-191.net.upcbroadband.cz) has joined #beagle</span></li>
<li class="join">[<a href="#T08:19:04" id="T08:19:04"><abbr title="2011-01-10T08:19:04+00:00">08:19:04</abbr></a>] <span>* jpsaman (~jpsaman@videolan/developer/jpsaman) has joined #beagle</span></li>
<li class="join">[<a href="#T08:28:39" id="T08:28:39"><abbr title="2011-01-10T08:28:39+00:00">08:28:39</abbr></a>] <span>* rcn-ee (~voodoo@thief-pool1-30.mncable.net) has joined #beagle</span></li>
<li class="join">[<a href="#T08:47:29" id="T08:47:29"><abbr title="2011-01-10T08:47:29+00:00">08:47:29</abbr></a>] <span>* drakkan1000 (~drakkan@62.123.237.207) has joined #beagle</span></li>
<li class="join">[<a href="#T08:48:22" id="T08:48:22"><abbr title="2011-01-10T08:48:22+00:00">08:48:22</abbr></a>] <span>* nerxgas (~turtle@adsl-68-125-108-202.dsl.scrm01.pacbell.net) has joined #beagle</span></li>
<li class="join">[<a href="#T08:50:14" id="T08:50:14"><abbr title="2011-01-10T08:50:14+00:00">08:50:14</abbr></a>] <span>* rsv (7aa60de8@gateway/web/freenode/ip.122.166.13.232) has joined #beagle</span></li>
<li class="quit">[<a href="#T08:57:31" id="T08:57:31"><abbr title="2011-01-10T08:57:31+00:00">08:57:31</abbr></a>] <span>* rsv (7aa60de8@gateway/web/freenode/ip.122.166.13.232) Quit (Ping timeout: 265 seconds)</span></li>
<li class="quit">[<a href="#T08:59:50" id="T08:59:50"><abbr title="2011-01-10T08:59:50+00:00">08:59:50</abbr></a>] <span>* lag (~lag@ubuntu/member/lag) Quit (Ping timeout: 240 seconds)</span></li>
<li class="quit">[<a href="#T08:59:57" id="T08:59:57"><abbr title="2011-01-10T08:59:57+00:00">08:59:57</abbr></a>] <span>* pupnik (~pupnik@p54B2A411.dip.t-dialin.net) Quit (Quit: Lost terminal)</span></li>
<li class="join">[<a href="#T09:04:01" id="T09:04:01"><abbr title="2011-01-10T09:04:01+00:00">09:04:01</abbr></a>] <span>* CMoH-notebook (~cipi@unaffiliated/c-moh) has joined #beagle</span></li>
<li class="join">[<a href="#T09:05:01" id="T09:05:01"><abbr title="2011-01-10T09:05:01+00:00">09:05:01</abbr></a>] <span>* ambit (~tc@host62-187-dynamic.50-79-r.retail.telecomitalia.it) has joined #beagle</span></li>
<li class="join">[<a href="#T09:05:32" id="T09:05:32"><abbr title="2011-01-10T09:05:32+00:00">09:05:32</abbr></a>] <span>* lag (~lag@cpc2-aztw21-0-0-cust264.aztw.cable.virginmedia.com) has joined #beagle</span></li>
<li class="quit">[<abbr title="2011-01-10T09:05:32+00:00">09:05:32</abbr>] <span>* lag (~lag@cpc2-aztw21-0-0-cust264.aztw.cable.virginmedia.com) Quit (Changing host)</span></li>
<li class="join">[<abbr title="2011-01-10T09:05:32+00:00">09:05:32</abbr>] <span>* lag (~lag@ubuntu/member/lag) has joined #beagle</span></li>
<li class="join">[<a href="#T09:14:29" id="T09:14:29"><abbr title="2011-01-10T09:14:29+00:00">09:14:29</abbr></a>] <span>* pupnik (~pupnik@p54B2A411.dip.t-dialin.net) has joined #beagle</span></li>
<li class="quit">[<a href="#T09:18:46" id="T09:18:46"><abbr title="2011-01-10T09:18:46+00:00">09:18:46</abbr></a>] <span>* JoeSchmo (~jciccone@2001:470:1f07:c06:223:54ff:fe9c:2e78) Quit (Read error: Operation timed out)</span></li>
<li class="join">[<a href="#T09:20:43" id="T09:20:43"><abbr title="2011-01-10T09:20:43+00:00">09:20:43</abbr></a>] <span>* JoeSchmo (~jciccone@2001:470:1f07:c06:223:54ff:fe9c:2e78) has joined #beagle</span></li>
<li class="quit">[<a href="#T09:24:43" id="T09:24:43"><abbr title="2011-01-10T09:24:43+00:00">09:24:43</abbr></a>] <span>* ambit (~tc@host62-187-dynamic.50-79-r.retail.telecomitalia.it) Quit (Quit: leaving)</span></li>
<li class="quit">[<a href="#T09:31:49" id="T09:31:49"><abbr title="2011-01-10T09:31:49+00:00">09:31:49</abbr></a>] <span>* jpirko (~jirka@ip-89-102-7-191.net.upcbroadband.cz) Quit (Quit: Leaving)</span></li>
<li class="message">[<a href="#T09:35:14" id="T09:35:14"><abbr title="2011-01-10T09:35:14+00:00">09:35:14</abbr></a>] &lt;<cite>pupnik</cite>&gt; <q>mono is the name of a disease</q></li>
<li class="quit">[<a href="#T09:36:09" id="T09:36:09"><abbr title="2011-01-10T09:36:09+00:00">09:36:09</abbr></a>] <span>* pupnik (~pupnik@p54B2A411.dip.t-dialin.net) Quit (Remote host closed the connection)</span></li>
<li class="quit">[<a href="#T09:54:08" id="T09:54:08"><abbr title="2011-01-10T09:54:08+00:00">09:54:08</abbr></a>] <span>* peabody124 (~peabody12@adsl-99-68-221-233.dsl.hstntx.sbcglobal.net) Quit (Quit: peabody124)</span></li>
<li class="join">[<a href="#T09:56:42" id="T09:56:42"><abbr title="2011-01-10T09:56:42+00:00">09:56:42</abbr></a>] <span>* florian_kc (~fuchs@Maemo/community/contributor/florian) has joined #beagle</span></li>
<li class="nick-change">[<a href="#T09:56:53" id="T09:56:53"><abbr title="2011-01-10T09:56:53+00:00">09:56:53</abbr></a>] <span>* florian_kc is now known as florian</span></li>
<li class="quit">[<a href="#T09:58:46" id="T09:58:46"><abbr title="2011-01-10T09:58:46+00:00">09:58:46</abbr></a>] <span>* JoeSchmo (~jciccone@2001:470:1f07:c06:223:54ff:fe9c:2e78) Quit (Read error: Operation timed out)</span></li>
<li class="quit">[<a href="#T10:06:02" id="T10:06:02"><abbr title="2011-01-10T10:06:02+00:00">10:06:02</abbr></a>] <span>* Openfree` (~Openfreer@116.228.88.131) Quit (Remote host closed the connection)</span></li>
<li class="quit">[<a href="#T10:06:21" id="T10:06:21"><abbr title="2011-01-10T10:06:21+00:00">10:06:21</abbr></a>] <span>* tasslehoff (~Tasslehof@147.84-49-231.nextgentel.com) Quit (Remote host closed the connection)</span></li>
<li class="join">[<a href="#T10:06:55" id="T10:06:55"><abbr title="2011-01-10T10:06:55+00:00">10:06:55</abbr></a>] <span>* _koen_ (~x0115699@nat/ti/x-chuzsotidgtsbcxl) has joined #beagle</span></li>
<li class="join">[<a href="#T10:08:40" id="T10:08:40"><abbr title="2011-01-10T10:08:40+00:00">10:08:40</abbr></a>] <span>* JoeSchmo (~jciccone@2001:470:1f07:c06:223:54ff:fe9c:2e78) has joined #beagle</span></li>
<li class="join">[<a href="#T10:13:13" id="T10:13:13"><abbr title="2011-01-10T10:13:13+00:00">10:13:13</abbr></a>] <span>* tasslehoff (~Tasslehof@147.84-49-231.nextgentel.com) has joined #beagle</span></li>
<li class="join">[<a href="#T10:15:41" id="T10:15:41"><abbr title="2011-01-10T10:15:41+00:00">10:15:41</abbr></a>] <span>* jpirko (~jirka@nat/redhat/x-yidkggnttidmoasi) has joined #beagle</span></li>
<li class="join">[<a href="#T10:15:44" id="T10:15:44"><abbr title="2011-01-10T10:15:44+00:00">10:15:44</abbr></a>] <span>* rodrigo_golive (c8bab803@gateway/web/freenode/ip.200.186.184.3) has joined #beagle</span></li>
<li class="join">[<a href="#T10:18:01" id="T10:18:01"><abbr title="2011-01-10T10:18:01+00:00">10:18:01</abbr></a>] <span>* ant_work (~andrea@host6-80-static.42-85-b.business.telecomitalia.it) has joined #beagle</span></li>
<li class="join">[<a href="#T10:21:36" id="T10:21:36"><abbr title="2011-01-10T10:21:36+00:00">10:21:36</abbr></a>] <span>* rodrigo_golive_ (c8bab803@gateway/web/freenode/ip.200.186.184.3) has joined #beagle</span></li>
<li class="quit">[<a href="#T10:23:04" id="T10:23:04"><abbr title="2011-01-10T10:23:04+00:00">10:23:04</abbr></a>] <span>* rodrigo_golive (c8bab803@gateway/web/freenode/ip.200.186.184.3) Quit (Ping timeout: 265 seconds)</span></li>
<li class="nick-change">[<a href="#T10:23:36" id="T10:23:36"><abbr title="2011-01-10T10:23:36+00:00">10:23:36</abbr></a>] <span>* XorA|gone is now known as XorA</span></li>
<li class="quit">[<a href="#T10:40:57" id="T10:40:57"><abbr title="2011-01-10T10:40:57+00:00">10:40:57</abbr></a>] <span>* rodrigo_golive_ (c8bab803@gateway/web/freenode/ip.200.186.184.3) Quit (Ping timeout: 265 seconds)</span></li>
<li class="quit">[<a href="#T10:41:34" id="T10:41:34"><abbr title="2011-01-10T10:41:34+00:00">10:41:34</abbr></a>] <span>* raster (raster@enlightenment/developer/raster) Quit (Quit: Gettin' stinky!)</span></li>
<li class="join">[<a href="#T10:52:59" id="T10:52:59"><abbr title="2011-01-10T10:52:59+00:00">10:52:59</abbr></a>] <span>* rodrigo_golive (c8bab803@gateway/web/freenode/ip.200.186.184.3) has joined #beagle</span></li>
<li class="message">[<a href="#T11:11:52" id="T11:11:52"><abbr title="2011-01-10T11:11:52+00:00">11:11:52</abbr></a>] &lt;<cite>av500</cite>&gt; <q>hgs: what do you use to play the video?</q></li>
<li class="message">[<a href="#T11:14:21" id="T11:14:21"><abbr title="2011-01-10T11:14:21+00:00">11:14:21</abbr></a>] &lt;<cite>hgs</cite>&gt; <q>av500: gstreamer + ti plugins </q></li>
<li class="message">[<a href="#T11:15:13" id="T11:15:13"><abbr title="2011-01-10T11:15:13+00:00">11:15:13</abbr></a>] &lt;<cite>av500</cite>&gt; <q>well, gst should have some log/debug output that can tell you why it stops decoding</q></li>
<li class="quit">[<a href="#T11:31:47" id="T11:31:47"><abbr title="2011-01-10T11:31:47+00:00">11:31:47</abbr></a>] <span>* Ceriand|desktop (~Ceriand@unaffiliated/ceriand) Quit (Quit: Leaving.)</span></li>
<li class="message">[<a href="#T11:35:34" id="T11:35:34"><abbr title="2011-01-10T11:35:34+00:00">11:35:34</abbr></a>] &lt;<cite>hgs</cite>&gt; <q>av500: could you suggest me which element to target and what debug level to set??. this video runs for long time and enabling higher debugs could distort the result? </q></li>
<li class="message">[<a href="#T11:37:17" id="T11:37:17"><abbr title="2011-01-10T11:37:17+00:00">11:37:17</abbr></a>] &lt;<cite>hgs</cite>&gt; <q>ok let me figure it out..</q></li>
<li class="join">[<a href="#T11:39:18" id="T11:39:18"><abbr title="2011-01-10T11:39:18+00:00">11:39:18</abbr></a>] <span>* gustavoz (~gustavoz@201.252.45.98) has joined #beagle</span></li>
<li class="message">[<a href="#T11:44:53" id="T11:44:53"><abbr title="2011-01-10T11:44:53+00:00">11:44:53</abbr></a>] &lt;<cite>av500</cite>&gt; <q>hgs: I know almost nothing about gst</q></li>
<li class="quit">[<a href="#T11:54:51" id="T11:54:51"><abbr title="2011-01-10T11:54:51+00:00">11:54:51</abbr></a>] <span>* rcranetx (~rcranetx@nat/ti/x-uhedamrcxlwqrtch) Quit (Quit: Leaving.)</span></li>
<li class="join">[<a href="#T12:00:20" id="T12:00:20"><abbr title="2011-01-10T12:00:20+00:00">12:00:20</abbr></a>] <span>* pupnik (~pupnik@p54B2A411.dip.t-dialin.net) has joined #beagle</span></li>
<li class="quit">[<a href="#T12:02:28" id="T12:02:28"><abbr title="2011-01-10T12:02:28+00:00">12:02:28</abbr></a>] <span>* pupnik (~pupnik@p54B2A411.dip.t-dialin.net) Quit (Changing host)</span></li>
<li class="join">[<abbr title="2011-01-10T12:02:28+00:00">12:02:28</abbr>] <span>* pupnik (~pupnik@unaffiliated/pupnik) has joined #beagle</span></li>
<li class="join">[<a href="#T12:05:48" id="T12:05:48"><abbr title="2011-01-10T12:05:48+00:00">12:05:48</abbr></a>] <span>* hrw (~hrw@linaro/hrw) has joined #beagle</span></li>
<li class="quit">[<a href="#T12:31:22" id="T12:31:22"><abbr title="2011-01-10T12:31:22+00:00">12:31:22</abbr></a>] <span>* hrw (~hrw@linaro/hrw) Quit (Ping timeout: 240 seconds)</span></li>
<li class="quit">[<a href="#T12:34:04" id="T12:34:04"><abbr title="2011-01-10T12:34:04+00:00">12:34:04</abbr></a>] <span>* pupnik (~pupnik@unaffiliated/pupnik) Quit (Quit: leaving)</span></li>
<li class="join">[<a href="#T12:37:41" id="T12:37:41"><abbr title="2011-01-10T12:37:41+00:00">12:37:41</abbr></a>] <span>* raster (~raster@221.147.71.45) has joined #beagle</span></li>
<li class="quit">[<abbr title="2011-01-10T12:37:41+00:00">12:37:41</abbr>] <span>* raster (~raster@221.147.71.45) Quit (Changing host)</span></li>
<li class="join">[<abbr title="2011-01-10T12:37:41+00:00">12:37:41</abbr>] <span>* raster (~raster@enlightenment/developer/raster) has joined #beagle</span></li>
<li class="join">[<a href="#T12:39:38" id="T12:39:38"><abbr title="2011-01-10T12:39:38+00:00">12:39:38</abbr></a>] <span>* Openfree (~Openfreer@61.170.202.103) has joined #beagle</span></li>
<li class="part">[<a href="#T12:40:29" id="T12:40:29"><abbr title="2011-01-10T12:40:29+00:00">12:40:29</abbr></a>] <span>* ant_work (~andrea@host6-80-static.42-85-b.business.telecomitalia.it) has left #beagle</span></li>
<li class="join">[<a href="#T12:44:16" id="T12:44:16"><abbr title="2011-01-10T12:44:16+00:00">12:44:16</abbr></a>] <span>* hrw (~hrw@linaro/hrw) has joined #beagle</span></li>
<li class="quit">[<a href="#T12:54:54" id="T12:54:54"><abbr title="2011-01-10T12:54:54+00:00">12:54:54</abbr></a>] <span>* raster (~raster@enlightenment/developer/raster) Quit (Quit: Gettin' stinky!)</span></li>
<li class="join">[<a href="#T12:59:57" id="T12:59:57"><abbr title="2011-01-10T12:59:57+00:00">12:59:57</abbr></a>] <span>* raster (~raster@enlightenment/developer/raster) has joined #beagle</span></li>
<li class="join">[<a href="#T13:03:01" id="T13:03:01"><abbr title="2011-01-10T13:03:01+00:00">13:03:01</abbr></a>] <span>* rcranetx (~rcranetx@nat/ti/x-qhbfyoafltmonfpi) has joined #beagle</span></li>
<li class="part">[<a href="#T13:03:54" id="T13:03:54"><abbr title="2011-01-10T13:03:54+00:00">13:03:54</abbr></a>] <span>* 36DAAZYLJ (~tt@113.65.29.157) has left #beagle</span></li>
<li class="join">[<a href="#T13:04:09" id="T13:04:09"><abbr title="2011-01-10T13:04:09+00:00">13:04:09</abbr></a>] <span>* pupnik (~pupnik@p54B2A4D2.dip.t-dialin.net) has joined #beagle</span></li>
<li class="quit">[<a href="#T13:04:38" id="T13:04:38"><abbr title="2011-01-10T13:04:38+00:00">13:04:38</abbr></a>] <span>* pupnik (~pupnik@p54B2A4D2.dip.t-dialin.net) Quit (Client Quit)</span></li>
<li class="join">[<a href="#T13:05:05" id="T13:05:05"><abbr title="2011-01-10T13:05:05+00:00">13:05:05</abbr></a>] <span>* pupnik (~pupnik@p54B2A4D2.dip.t-dialin.net) has joined #beagle</span></li>
<li class="quit">[<a href="#T13:05:27" id="T13:05:27"><abbr title="2011-01-10T13:05:27+00:00">13:05:27</abbr></a>] <span>* pupnik (~pupnik@p54B2A4D2.dip.t-dialin.net) Quit (Changing host)</span></li>
<li class="join">[<abbr title="2011-01-10T13:05:27+00:00">13:05:27</abbr>] <span>* pupnik (~pupnik@unaffiliated/pupnik) has joined #beagle</span></li>
<li class="quit">[<a href="#T13:05:44" id="T13:05:44"><abbr title="2011-01-10T13:05:44+00:00">13:05:44</abbr></a>] <span>* JoeSchmo (~jciccone@2001:470:1f07:c06:223:54ff:fe9c:2e78) Quit (Read error: Operation timed out)</span></li>
<li class="quit">[<a href="#T13:06:00" id="T13:06:00"><abbr title="2011-01-10T13:06:00+00:00">13:06:00</abbr></a>] <span>* ozk (~ozk@pool-71-170-43-14.dllstx.fios.verizon.net) Quit (Ping timeout: 240 seconds)</span></li>
<li class="join">[<a href="#T13:07:43" id="T13:07:43"><abbr title="2011-01-10T13:07:43+00:00">13:07:43</abbr></a>] <span>* JoeSchmo (~jciccone@2001:470:1f07:c06:223:54ff:fe9c:2e78) has joined #beagle</span></li>
<li class="join">[<a href="#T13:15:31" id="T13:15:31"><abbr title="2011-01-10T13:15:31+00:00">13:15:31</abbr></a>] <span>* krtaylor (~krtaylor@12.159.21.5) has joined #beagle</span></li>
<li class="quit">[<a href="#T13:17:29" id="T13:17:29"><abbr title="2011-01-10T13:17:29+00:00">13:17:29</abbr></a>] <span>* raster (~raster@enlightenment/developer/raster) Quit (Quit: Gettin' stinky!)</span></li>
<li class="join">[<a href="#T13:18:40" id="T13:18:40"><abbr title="2011-01-10T13:18:40+00:00">13:18:40</abbr></a>] <span>* courville (~courville@archos.rain.fr) has joined #beagle</span></li>
<li class="join">[<a href="#T13:27:15" id="T13:27:15"><abbr title="2011-01-10T13:27:15+00:00">13:27:15</abbr></a>] <span>* smplman (~smplman@74-132-235-184.dhcp.insightbb.com) has joined #beagle</span></li>
<li class="message">[<a href="#T13:27:39" id="T13:27:39"><abbr title="2011-01-10T13:27:39+00:00">13:27:39</abbr></a>] &lt;<cite>smplman</cite>&gt; <q>does anyone know how i can test my sqx driver installation in ubuntu?</q></li>
<li class="message">[<a href="#T13:27:49" id="T13:27:49"><abbr title="2011-01-10T13:27:49+00:00">13:27:49</abbr></a>] &lt;<cite>smplman</cite>&gt; <q>sgx**</q></li>
<li class="message">[<a href="#T13:30:59" id="T13:30:59"><abbr title="2011-01-10T13:30:59+00:00">13:30:59</abbr></a>] &lt;<cite>aholler</cite>&gt; <q>glxgears</q></li>
<li class="message">[<a href="#T13:33:34" id="T13:33:34"><abbr title="2011-01-10T13:33:34+00:00">13:33:34</abbr></a>] &lt;<cite>aholler</cite>&gt; <q>glxinfo might be interesting too</q></li>
<li class="quit">[<a href="#T13:36:13" id="T13:36:13"><abbr title="2011-01-10T13:36:13+00:00">13:36:13</abbr></a>] <span>* Openfree (~Openfreer@61.170.202.103) Quit (Remote host closed the connection)</span></li>
<li class="message">[<a href="#T13:41:18" id="T13:41:18"><abbr title="2011-01-10T13:41:18+00:00">13:41:18</abbr></a>] &lt;<cite>_koen_</cite>&gt; <q>aholler: no glx support for sgx530 anywhere</q></li>
<li class="message">[<a href="#T13:48:53" id="T13:48:53"><abbr title="2011-01-10T13:48:53+00:00">13:48:53</abbr></a>] &lt;<cite>aholler</cite>&gt; <q>oh, didn't know that, never gone through the pain of installing sgx ;)</q></li>
<li class="message">[<a href="#T13:52:21" id="T13:52:21"><abbr title="2011-01-10T13:52:21+00:00">13:52:21</abbr></a>] &lt;<cite>koen</cite>&gt; <q>in angstrom it's just 'opkg install libgles-omap3'</q></li>
<li class="message">[<a href="#T13:52:32" id="T13:52:32"><abbr title="2011-01-10T13:52:32+00:00">13:52:32</abbr></a>] &lt;<cite>koen</cite>&gt; <q>hard to see what's so painfull about that</q></li>
<li class="message">[<a href="#T13:52:40" id="T13:52:40"><abbr title="2011-01-10T13:52:40+00:00">13:52:40</abbr></a>] &lt;<cite>aholler</cite>&gt; <q>angstrom</q></li>
<li class="message">[<a href="#T13:53:02" id="T13:53:02"><abbr title="2011-01-10T13:53:02+00:00">13:53:02</abbr></a>] &lt;<cite>koen</cite>&gt; <q>that's hardly painfull</q></li>
<li class="message">[<a href="#T13:53:26" id="T13:53:26"><abbr title="2011-01-10T13:53:26+00:00">13:53:26</abbr></a>] &lt;<cite>aholler</cite>&gt; <q>i don't use angstrom, so for me it would be pain.</q></li>
<li class="message">[<a href="#T13:54:53" id="T13:54:53"><abbr title="2011-01-10T13:54:53+00:00">13:54:53</abbr></a>] &lt;<cite>mru</cite>&gt; <q>aholler: what package manglement do you prefer?</q></li>
<li class="message">[<a href="#T13:55:04" id="T13:55:04"><abbr title="2011-01-10T13:55:04+00:00">13:55:04</abbr></a>] &lt;<cite>av500</cite>&gt; <q>make install</q></li>
<li class="message">[<a href="#T13:55:08" id="T13:55:08"><abbr title="2011-01-10T13:55:08+00:00">13:55:08</abbr></a>] &lt;<cite>aholler</cite>&gt; <q>emerge</q></li>
<li class="message">[<a href="#T13:55:37" id="T13:55:37"><abbr title="2011-01-10T13:55:37+00:00">13:55:37</abbr></a>] &lt;<cite>aholler</cite>&gt; <q>(gentoo)</q></li>
<li class="message">[<abbr title="2011-01-10T13:55:37+00:00">13:55:37</abbr>] &lt;<cite>mru</cite>&gt; <q>so prepare an sgx ebuild</q></li>
<li class="message">[<a href="#T13:55:53" id="T13:55:53"><abbr title="2011-01-10T13:55:53+00:00">13:55:53</abbr></a>] &lt;<cite>mru</cite>&gt; <q>that's what I'd do if I cared at all about 3d</q></li>
<li class="message">[<a href="#T13:55:55" id="T13:55:55"><abbr title="2011-01-10T13:55:55+00:00">13:55:55</abbr></a>] &lt;<cite>mru</cite>&gt; <q>but I don't</q></li>
<li class="message">[<a href="#T13:56:15" id="T13:56:15"><abbr title="2011-01-10T13:56:15+00:00">13:56:15</abbr></a>] &lt;<cite>aholler</cite>&gt; <q>that includes registration by ti (where the pain starts) ;)</q></li>
<li class="message">[<a href="#T13:57:37" id="T13:57:37"><abbr title="2011-01-10T13:57:37+00:00">13:57:37</abbr></a>] &lt;<cite>koen</cite>&gt; <q>that's a lie</q></li>
<li class="message">[<a href="#T13:57:48" id="T13:57:48"><abbr title="2011-01-10T13:57:48+00:00">13:57:48</abbr></a>] &lt;<cite>koen</cite>&gt; <q>you can wget the sdk without any registration</q></li>
<li class="message">[<a href="#T13:58:01" id="T13:58:01"><abbr title="2011-01-10T13:58:01+00:00">13:58:01</abbr></a>] &lt;<cite>aholler</cite>&gt; <q>since when?</q></li>
<li class="message">[<a href="#T13:58:14" id="T13:58:14"><abbr title="2011-01-10T13:58:14+00:00">13:58:14</abbr></a>] &lt;<cite>av500</cite>&gt; <q>koen: url?</q></li>
<li class="message">[<a href="#T13:58:18" id="T13:58:18"><abbr title="2011-01-10T13:58:18+00:00">13:58:18</abbr></a>] &lt;<cite>av500</cite>&gt; <q>:)</q></li>
<li class="message">[<a href="#T13:59:01" id="T13:59:01"><abbr title="2011-01-10T13:59:01+00:00">13:59:01</abbr></a>] &lt;<cite>koen</cite>&gt; <q>since last september or so</q></li>
<li class="message">[<a href="#T13:59:48" id="T13:59:48"><abbr title="2011-01-10T13:59:48+00:00">13:59:48</abbr></a>] &lt;<cite>aholler</cite>&gt; <q>oh, than maybe I will have a look at it. Have already seen an ebuild somewhere</q></li>
<li class="message">[<a href="#T13:59:56" id="T13:59:56"><abbr title="2011-01-10T13:59:56+00:00">13:59:56</abbr></a>] &lt;<cite>koen</cite>&gt; <q><a href="http://software-dl.ti.com/dsps/dsps_public_sw/sdo_sb/targetcontent/gfxsdk/4_00_00_01/exports/Graphics_SDK_setuplinux_4_00_00_01.bin">http://software-dl.ti.com/dsps/dsps_public_sw/sdo_sb/targetcontent/gfxsdk/4_00_00_01/exports/Graphics_SDK_setuplinux_4_00_00_01.bin</a></q></li>
