<li class="join">[<a href="#T00:02:11" id="T00:02:11"><abbr title="2011-07-10T00:02:11+00:00">00:02:11</abbr></a>] <span>* cbrake (~cbrake@oh-69-34-21-229.sta.embarqhsd.net) has joined #beagle</span></li>
<li class="quit">[<a href="#T00:08:48" id="T00:08:48"><abbr title="2011-07-10T00:08:48+00:00">00:08:48</abbr></a>] <span>* espindola (~espindola@CPE30469af9ce48-CM001225dd5348.cpe.net.cable.rogers.com) Quit (Quit: Ex-Chat)</span></li>
<li class="quit">[<a href="#T00:26:58" id="T00:26:58"><abbr title="2011-07-10T00:26:58+00:00">00:26:58</abbr></a>] <span>* Min (7706611d@gateway/web/freenode/ip.119.6.97.29) Quit (Ping timeout: 252 seconds)</span></li>
<li class="join">[<a href="#T01:17:00" id="T01:17:00"><abbr title="2011-07-10T01:17:00+00:00">01:17:00</abbr></a>] <span>* tegila (~tegila@189-015-171-052.xd-dynamic.ctbcnetsuper.com.br) has joined #beagle</span></li>
<li class="quit">[<a href="#T01:42:27" id="T01:42:27"><abbr title="2011-07-10T01:42:27+00:00">01:42:27</abbr></a>] <span>* jevin (~jevin@ec2-174-129-222-35.compute-1.amazonaws.com) Quit (Remote host closed the connection)</span></li>
<li class="quit">[<a href="#T01:52:48" id="T01:52:48"><abbr title="2011-07-10T01:52:48+00:00">01:52:48</abbr></a>] <span>* Russ (foobar@ip70-176-251-1.ph.ph.cox.net) Quit (Quit: Ex-Chat)</span></li>
<li class="join">[<a href="#T01:53:03" id="T01:53:03"><abbr title="2011-07-10T01:53:03+00:00">01:53:03</abbr></a>] <span>* Russ__ (foobar@ip70-176-251-1.ph.ph.cox.net) has joined #beagle</span></li>
<li class="nick-change">[<a href="#T01:54:25" id="T01:54:25"><abbr title="2011-07-10T01:54:25+00:00">01:54:25</abbr></a>] <span>* Russ__ is now known as Russ</span></li>
<li class="message">[<a href="#T01:59:51" id="T01:59:51"><abbr title="2011-07-10T01:59:51+00:00">01:59:51</abbr></a>] &lt;<cite>joelagnel</cite>&gt; <q>koen: I got narcissus working fully on my setup, thank you</q></li>
<li class="message">[<a href="#T02:00:34" id="T02:00:34"><abbr title="2011-07-10T02:00:34+00:00">02:00:34</abbr></a>] &lt;<cite>joelagnel</cite>&gt; <q>I ended up writing wrappers to redirect output to logs instead of using firebug, though</q></li>
<li class="join">[<a href="#T02:09:31" id="T02:09:31"><abbr title="2011-07-10T02:09:31+00:00">02:09:31</abbr></a>] <span>* djerome (~djerome@ip24-251-138-141.ph.ph.cox.net) has joined #beagle</span></li>
<li class="action">[<a href="#T02:10:23" id="T02:10:23"><abbr title="2011-07-10T02:10:23+00:00">02:10:23</abbr></a>] <span>* mranostay pokes in for some reason</span></li>
<li class="quit">[<a href="#T02:14:45" id="T02:14:45"><abbr title="2011-07-10T02:14:45+00:00">02:14:45</abbr></a>] <span>* Marbug (~Marbug@83.101.67.3) Quit (Ping timeout: 276 seconds)</span></li>
<li class="join">[<a href="#T02:21:10" id="T02:21:10"><abbr title="2011-07-10T02:21:10+00:00">02:21:10</abbr></a>] <span>* Marbug (~Marbug@83.101.67.3) has joined #beagle</span></li>
<li class="message">[<a href="#T02:27:18" id="T02:27:18"><abbr title="2011-07-10T02:27:18+00:00">02:27:18</abbr></a>] &lt;<cite>djlewis</cite>&gt; <q> mranostay: just cause ya missed us :)</q></li>
<li class="join">[<a href="#T02:28:04" id="T02:28:04"><abbr title="2011-07-10T02:28:04+00:00">02:28:04</abbr></a>] <span>* emeb_mac (~ericb@ip70-190-178-49.ph.ph.cox.net) has joined #beagle</span></li>
<li class="quit">[<a href="#T02:39:03" id="T02:39:03"><abbr title="2011-07-10T02:39:03+00:00">02:39:03</abbr></a>] <span>* tegila (~tegila@189-015-171-052.xd-dynamic.ctbcnetsuper.com.br) Quit (Quit: Leaving.)</span></li>
<li class="quit">[<a href="#T02:44:01" id="T02:44:01"><abbr title="2011-07-10T02:44:01+00:00">02:44:01</abbr></a>] <span>* djlewis (~quassel@75.15.67.97) Quit (Ping timeout: 260 seconds)</span></li>
<li class="join">[<a href="#T03:28:38" id="T03:28:38"><abbr title="2011-07-10T03:28:38+00:00">03:28:38</abbr></a>] <span>* peabody124 (~peabody12@pool-71-97-92-131.dfw.dsl-w.verizon.net) has joined #beagle</span></li>
<li class="quit">[<a href="#T03:36:59" id="T03:36:59"><abbr title="2011-07-10T03:36:59+00:00">03:36:59</abbr></a>] <span>* GPSFan (~kenm@64.92.145.112) Quit (Remote host closed the connection)</span></li>
<li class="quit">[<a href="#T03:55:53" id="T03:55:53"><abbr title="2011-07-10T03:55:53+00:00">03:55:53</abbr></a>] <span>* n6pfk (~n6pfk__@pool-74-110-218-2.rcmdva.fios.verizon.net) Quit (Remote host closed the connection)</span></li>
<li class="quit">[<a href="#T04:02:30" id="T04:02:30"><abbr title="2011-07-10T04:02:30+00:00">04:02:30</abbr></a>] <span>* peabody124 (~peabody12@pool-71-97-92-131.dfw.dsl-w.verizon.net) Quit (Quit: peabody124)</span></li>
<li class="quit">[<a href="#T04:07:00" id="T04:07:00"><abbr title="2011-07-10T04:07:00+00:00">04:07:00</abbr></a>] <span>* thurbad (~natesewel@rrcs-97-79-173-242.sw.biz.rr.com) Quit (Read error: Connection reset by peer)</span></li>
<li class="join">[<a href="#T04:07:10" id="T04:07:10"><abbr title="2011-07-10T04:07:10+00:00">04:07:10</abbr></a>] <span>* thurbad (~natesewel@rrcs-97-79-173-242.sw.biz.rr.com) has joined #beagle</span></li>
<li class="join">[<a href="#T04:12:27" id="T04:12:27"><abbr title="2011-07-10T04:12:27+00:00">04:12:27</abbr></a>] <span>* peabody124 (~peabody12@pool-71-97-92-131.dfw.dsl-w.verizon.net) has joined #beagle</span></li>
<li class="join">[<a href="#T04:15:41" id="T04:15:41"><abbr title="2011-07-10T04:15:41+00:00">04:15:41</abbr></a>] <span>* Ceriand|desktop (~Ceriand@unaffiliated/ceriand) has joined #beagle</span></li>
<li class="quit">[<a href="#T04:22:01" id="T04:22:01"><abbr title="2011-07-10T04:22:01+00:00">04:22:01</abbr></a>] <span>* rcf (~rcf@63.58-243-81.adsl-dyn.isp.belgacom.be) Quit (Ping timeout: 260 seconds)</span></li>
<li class="message">[<a href="#T04:31:44" id="T04:31:44"><abbr title="2011-07-10T04:31:44+00:00">04:31:44</abbr></a>] &lt;<cite>ds2</cite>&gt; <q>Russ: ???</q></li>
<li class="join">[<a href="#T04:49:18" id="T04:49:18"><abbr title="2011-07-10T04:49:18+00:00">04:49:18</abbr></a>] <span>* emeb (~ericb@ip70-190-178-49.ph.ph.cox.net) has joined #beagle</span></li>
<li class="quit">[<a href="#T04:50:09" id="T04:50:09"><abbr title="2011-07-10T04:50:09+00:00">04:50:09</abbr></a>] <span>* emeb (~ericb@ip70-190-178-49.ph.ph.cox.net) Quit (Client Quit)</span></li>
<li class="quit">[<a href="#T05:13:18" id="T05:13:18"><abbr title="2011-07-10T05:13:18+00:00">05:13:18</abbr></a>] <span>* novogrammer (~novogramm@w0109-114-22-161-19.uqwimax.jp) Quit (Read error: Connection reset by peer)</span></li>
<li class="join">[<a href="#T05:14:41" id="T05:14:41"><abbr title="2011-07-10T05:14:41+00:00">05:14:41</abbr></a>] <span>* jkridner_ (~jason@99.150.138.38) has joined #beagle</span></li>
<li class="quit">[<abbr title="2011-07-10T05:14:41+00:00">05:14:41</abbr>] <span>* jkridner_ (~jason@99.150.138.38) Quit (Changing host)</span></li>
<li class="join">[<abbr title="2011-07-10T05:14:41+00:00">05:14:41</abbr>] <span>* jkridner_ (~jason@pdpc/supporter/active/jkridner) has joined #beagle</span></li>
<li class="join">[<a href="#T05:14:49" id="T05:14:49"><abbr title="2011-07-10T05:14:49+00:00">05:14:49</abbr></a>] <span>* jkridner_ (~jason@pdpc/supporter/active/jkridner) has joined #beagleboard</span></li>
<li class="quit">[<a href="#T05:16:19" id="T05:16:19"><abbr title="2011-07-10T05:16:19+00:00">05:16:19</abbr></a>] <span>* jkridner (~jason@pdpc/supporter/active/jkridner) Quit (Read error: Operation timed out)</span></li>
<li class="nick-change">[<abbr title="2011-07-10T05:16:19+00:00">05:16:19</abbr>] <span>* jkridner_ is now known as jkridner</span></li>
<li class="join">[<a href="#T05:43:38" id="T05:43:38"><abbr title="2011-07-10T05:43:38+00:00">05:43:38</abbr></a>] <span>* Darek- (darek@work.sznajder.org) has joined #beagle</span></li>
