<li class="join">[<a href="#T00:02:09" id="T00:02:09"><abbr title="2011-08-12T00:02:09+00:00">00:02:09</abbr></a>] <span>* lexupdate (c9162d94@gateway/web/freenode/ip.201.22.45.148) has joined #beagle</span></li>
<li class="part">[<a href="#T00:04:34" id="T00:04:34"><abbr title="2011-08-12T00:04:34+00:00">00:04:34</abbr></a>] <span>* lexupdate (c9162d94@gateway/web/freenode/ip.201.22.45.148) has left #beagle</span></li>
<li class="quit">[<a href="#T00:16:34" id="T00:16:34"><abbr title="2011-08-12T00:16:34+00:00">00:16:34</abbr></a>] <span>* Ceriand|work (~Ceriand@unaffiliated/ceriand) Quit (Quit: Leaving.)</span></li>
<li class="quit">[<a href="#T00:24:48" id="T00:24:48"><abbr title="2011-08-12T00:24:48+00:00">00:24:48</abbr></a>] <span>* arcanescu_ (561d6776@gateway/web/freenode/ip.86.29.103.118) Quit (Quit: Page closed)</span></li>
<li class="nick-change">[<a href="#T00:29:12" id="T00:29:12"><abbr title="2011-08-12T00:29:12+00:00">00:29:12</abbr></a>] <span>* rsalveti` is now known as rsalveti</span></li>
<li class="quit">[<a href="#T00:29:21" id="T00:29:21"><abbr title="2011-08-12T00:29:21+00:00">00:29:21</abbr></a>] <span>* rsalveti (~rsalveti@201.82.74.83) Quit (Changing host)</span></li>
<li class="join">[<abbr title="2011-08-12T00:29:21+00:00">00:29:21</abbr>] <span>* rsalveti (~rsalveti@linaro/rsalveti) has joined #beagle</span></li>
<li class="quit">[<a href="#T00:34:11" id="T00:34:11"><abbr title="2011-08-12T00:34:11+00:00">00:34:11</abbr></a>] <span>* leming (~leming@c-75-71-192-135.hsd1.co.comcast.net) Quit (Ping timeout: 258 seconds)</span></li>
<li class="join">[<a href="#T00:37:51" id="T00:37:51"><abbr title="2011-08-12T00:37:51+00:00">00:37:51</abbr></a>] <span>* Ceriand|desktop (~Ceriand@unaffiliated/ceriand) has joined #beagle</span></li>
<li class="join">[<a href="#T00:48:11" id="T00:48:11"><abbr title="2011-08-12T00:48:11+00:00">00:48:11</abbr></a>] <span>* leming (~leming@c-75-71-192-135.hsd1.co.comcast.net) has joined #beagle</span></li>
<li class="quit">[<a href="#T00:57:46" id="T00:57:46"><abbr title="2011-08-12T00:57:46+00:00">00:57:46</abbr></a>] <span>* leming (~leming@c-75-71-192-135.hsd1.co.comcast.net) Quit (Ping timeout: 264 seconds)</span></li>
<li class="join">[<a href="#T01:00:01" id="T01:00:01"><abbr title="2011-08-12T01:00:01+00:00">01:00:01</abbr></a>] <span>* leming (~leming@c-75-71-192-135.hsd1.co.comcast.net) has joined #beagle</span></li>
<li class="join">[<a href="#T01:01:12" id="T01:01:12"><abbr title="2011-08-12T01:01:12+00:00">01:01:12</abbr></a>] <span>* robtow (~rob@nat/ti/x-slztnrmadjlgdvqq) has joined #beagle</span></li>
<li class="message">[<a href="#T01:10:35" id="T01:10:35"><abbr title="2011-08-12T01:10:35+00:00">01:10:35</abbr></a>] &lt;<cite>robtow</cite>&gt; <q>I'm trying to build Ubuntu for Beagleboard under Ubuntu 1.10, and rootstock hangs with 100% cpu while "setting up xrulrunner-1.9.2 (1.9.2.10+build1+nobinonly-0unbuntu1)"</q></li>
<li class="message">[<a href="#T01:11:14" id="T01:11:14"><abbr title="2011-08-12T01:11:14+00:00">01:11:14</abbr></a>] &lt;<cite>robtow</cite>&gt; <q>Any advice?</q></li>
<li class="message">[<a href="#T01:12:03" id="T01:12:03"><abbr title="2011-08-12T01:12:03+00:00">01:12:03</abbr></a>] &lt;<cite>prpplague</cite>&gt; <q>robtow: btw, i have given up on getting your stuff shipped via TI, i'm gonna try to get it the mail on monday and pay for it myself</q></li>
<li class="quit">[<a href="#T01:13:22" id="T01:13:22"><abbr title="2011-08-12T01:13:22+00:00">01:13:22</abbr></a>] <span>* SSilver2k2 (~Adium@c-68-62-250-191.hsd1.fl.comcast.net) Quit (Quit: Leaving.)</span></li>
<li class="message">[<a href="#T01:13:23" id="T01:13:23"><abbr title="2011-08-12T01:13:23+00:00">01:13:23</abbr></a>] &lt;<cite>robtow</cite>&gt; <q>prpplague - what was the failure mode for shipping?</q></li>
<li class="join">[<a href="#T01:13:51" id="T01:13:51"><abbr title="2011-08-12T01:13:51+00:00">01:13:51</abbr></a>] <span>* SSilver2k2 (~Adium@c-68-62-250-191.hsd1.fl.comcast.net) has joined #beagle</span></li>
<li class="message">[<a href="#T01:14:00" id="T01:14:00"><abbr title="2011-08-12T01:14:00+00:00">01:14:00</abbr></a>] &lt;<cite>ds2</cite>&gt; <q>item not arriving at destination? :D</q></li>
<li class="quit">[<a href="#T01:14:01" id="T01:14:01"><abbr title="2011-08-12T01:14:01+00:00">01:14:01</abbr></a>] <span>* SSilver2k2 (~Adium@c-68-62-250-191.hsd1.fl.comcast.net) Quit (Client Quit)</span></li>
<li class="message">[<a href="#T01:14:08" id="T01:14:08"><abbr title="2011-08-12T01:14:08+00:00">01:14:08</abbr></a>] &lt;<cite>prpplague</cite>&gt; <q>robtow: they want me to do a bunch of paperwork on country of manufacturer on some of the parts</q></li>
<li class="message">[<a href="#T01:15:12" id="T01:15:12"><abbr title="2011-08-12T01:15:12+00:00">01:15:12</abbr></a>] &lt;<cite>robtow</cite>&gt; <q>I am trying to ship a Blaze to one of our engineers in Finland, and am filling out similar docs. I just said it was manufactured by TI in USA.</q></li>
<li class="message">[<a href="#T01:15:32" id="T01:15:32"><abbr title="2011-08-12T01:15:32+00:00">01:15:32</abbr></a>] &lt;<cite>ds2</cite>&gt; <q>prpplague: just say everything is made in Tehran ;)</q></li>
<li class="message">[<a href="#T01:17:04" id="T01:17:04"><abbr title="2011-08-12T01:17:04+00:00">01:17:04</abbr></a>] &lt;<cite>robtow</cite>&gt; <q>prpplague - ever used rootstock?</q></li>
<li class="message">[<a href="#T01:17:41" id="T01:17:41"><abbr title="2011-08-12T01:17:41+00:00">01:17:41</abbr></a>] &lt;<cite>prpplague</cite>&gt; <q>robtow: look d00d, we don't do that kind druggie stuff in texas</q></li>
<li class="message">[<a href="#T01:17:55" id="T01:17:55"><abbr title="2011-08-12T01:17:55+00:00">01:17:55</abbr></a>] &lt;<cite>robtow</cite>&gt; <q>&lt;rolls eyes&gt;</q></li>
<li class="message">[<a href="#T01:17:59" id="T01:17:59"><abbr title="2011-08-12T01:17:59+00:00">01:17:59</abbr></a>] &lt;<cite>prpplague</cite>&gt; <q>robtow: hehe</q></li>
<li class="message">[<a href="#T01:18:02" id="T01:18:02"><abbr title="2011-08-12T01:18:02+00:00">01:18:02</abbr></a>] &lt;<cite>prpplague</cite>&gt; <q>robtow: sorry no</q></li>
<li class="message">[<a href="#T01:18:12" id="T01:18:12"><abbr title="2011-08-12T01:18:12+00:00">01:18:12</abbr></a>] &lt;<cite>prpplague</cite>&gt; <q>robtow: buildroot and OE </q></li>
<li class="message">[<a href="#T01:18:52" id="T01:18:52"><abbr title="2011-08-12T01:18:52+00:00">01:18:52</abbr></a>] &lt;<cite>robtow</cite>&gt; <q>I've done OE, for Angstrom... trying this other stuff, to get Ubuntu and DSP on Beagle.</q></li>
<li class="message">[<a href="#T01:18:59" id="T01:18:59"><abbr title="2011-08-12T01:18:59+00:00">01:18:59</abbr></a>] &lt;<cite>robtow</cite>&gt; <q>&lt;sighs deeply&gt;</q></li>
<li class="message">[<a href="#T01:19:16" id="T01:19:16"><abbr title="2011-08-12T01:19:16+00:00">01:19:16</abbr></a>] &lt;<cite>ds2</cite>&gt; <q>robtow: rcn is the guy you want to talk to</q></li>
<li class="join">[<a href="#T01:20:11" id="T01:20:11"><abbr title="2011-08-12T01:20:11+00:00">01:20:11</abbr></a>] <span>* rcranetx (~rcranetx@nat/ti/x-xgwsirvlamlpjrdp) has joined #beagle</span></li>
<li class="message">[<a href="#T01:21:31" id="T01:21:31"><abbr title="2011-08-12T01:21:31+00:00">01:21:31</abbr></a>] &lt;<cite>robtow</cite>&gt; <q>Oh?</q></li>
<li class="message">[<a href="#T01:21:46" id="T01:21:46"><abbr title="2011-08-12T01:21:46+00:00">01:21:46</abbr></a>] &lt;<cite>robtow</cite>&gt; <q>ping rcn</q></li>
<li class="message">[<a href="#T01:23:35" id="T01:23:35"><abbr title="2011-08-12T01:23:35+00:00">01:23:35</abbr></a>] &lt;<cite>robtow</cite>&gt; <q>OK</q></li>
<li class="message">[<a href="#T01:24:03" id="T01:24:03"><abbr title="2011-08-12T01:24:03+00:00">01:24:03</abbr></a>] &lt;<cite>ds2</cite>&gt; <q>he did the community port of Ubuntu</q></li>
<li class="join">[<a href="#T01:31:57" id="T01:31:57"><abbr title="2011-08-12T01:31:57+00:00">01:31:57</abbr></a>] <span>* emeb (~ericb@ip72-223-93-59.ph.ph.cox.net) has joined #beagle</span></li>
<li class="quit">[<a href="#T01:33:28" id="T01:33:28"><abbr title="2011-08-12T01:33:28+00:00">01:33:28</abbr></a>] <span>* phdeswer (~philippe@a83-245-252-47.elisa-laajakaista.fi) Quit (Ping timeout: 258 seconds)</span></li>
<li class="quit">[<a href="#T01:41:11" id="T01:41:11"><abbr title="2011-08-12T01:41:11+00:00">01:41:11</abbr></a>] <span>* phantoxe (~destroy@a95-92-86-197.cpe.netcabo.pt) Quit ()</span></li>
<li class="quit">[<a href="#T01:42:19" id="T01:42:19"><abbr title="2011-08-12T01:42:19+00:00">01:42:19</abbr></a>] <span>* omsai (~quassel@ip68-14-14-15.ri.ri.cox.net) Quit (Remote host closed the connection)</span></li>
<li class="join">[<a href="#T01:46:40" id="T01:46:40"><abbr title="2011-08-12T01:46:40+00:00">01:46:40</abbr></a>] <span>* peabody124_ (~peabody12@128.249.96.123) has joined #beagle</span></li>
<li class="quit">[<a href="#T01:47:07" id="T01:47:07"><abbr title="2011-08-12T01:47:07+00:00">01:47:07</abbr></a>] <span>* peabody124_ (~peabody12@128.249.96.123) Quit (Read error: Connection reset by peer)</span></li>
<li class="quit">[<a href="#T01:48:35" id="T01:48:35"><abbr title="2011-08-12T01:48:35+00:00">01:48:35</abbr></a>] <span>* peabody124 (~peabody12@128.249.96.21) Quit (Read error: Operation timed out)</span></li>
<li class="join">[<a href="#T01:57:17" id="T01:57:17"><abbr title="2011-08-12T01:57:17+00:00">01:57:17</abbr></a>] <span>* NotTooDumb3 (NotTooDumb@124.125.45.95) has joined #beagle</span></li>
<li class="join">[<a href="#T02:02:39" id="T02:02:39"><abbr title="2011-08-12T02:02:39+00:00">02:02:39</abbr></a>] <span>* BThompsonGR (~bernie@cpe-76-183-65-93.tx.res.rr.com) has joined #beagle</span></li>
<li class="quit">[<a href="#T02:05:12" id="T02:05:12"><abbr title="2011-08-12T02:05:12+00:00">02:05:12</abbr></a>] <span>* CMoH (~cipi@unaffiliated/c-moh) Quit (Read error: Connection reset by peer)</span></li>
<li class="quit">[<a href="#T02:43:31" id="T02:43:31"><abbr title="2011-08-12T02:43:31+00:00">02:43:31</abbr></a>] <span>* NotTooDumb3 (NotTooDumb@124.125.45.95) Quit (Ping timeout: 258 seconds)</span></li>
<li class="quit">[<a href="#T03:19:18" id="T03:19:18"><abbr title="2011-08-12T03:19:18+00:00">03:19:18</abbr></a>] <span>* robtow (~rob@nat/ti/x-slztnrmadjlgdvqq) Quit (Ping timeout: 276 seconds)</span></li>
<li class="join">[<a href="#T03:21:43" id="T03:21:43"><abbr title="2011-08-12T03:21:43+00:00">03:21:43</abbr></a>] <span>* ZeZu (~null@c-98-227-57-88.hsd1.in.comcast.net) has joined #beagle</span></li>
<li class="part">[<a href="#T03:22:50" id="T03:22:50"><abbr title="2011-08-12T03:22:50+00:00">03:22:50</abbr></a>] <span>* emeb (~ericb@ip72-223-93-59.ph.ph.cox.net) has left #beagle</span></li>
<li class="join">[<a href="#T03:25:00" id="T03:25:00"><abbr title="2011-08-12T03:25:00+00:00">03:25:00</abbr></a>] <span>* Kamondelious (~kamondeli@24.52.209.68) has joined #beagle</span></li>
<li class="quit">[<a href="#T03:43:12" id="T03:43:12"><abbr title="2011-08-12T03:43:12+00:00">03:43:12</abbr></a>] <span>* openfree (~dennis@116.228.88.131) Quit (Ping timeout: 240 seconds)</span></li>
<li class="join">[<a href="#T03:44:13" id="T03:44:13"><abbr title="2011-08-12T03:44:13+00:00">03:44:13</abbr></a>] <span>* openfree (~dennis@116.228.88.131) has joined #beagle</span></li>
<li class="join">[<a href="#T04:01:36" id="T04:01:36"><abbr title="2011-08-12T04:01:36+00:00">04:01:36</abbr></a>] <span>* jkridner|work (~a0321898@nat/ti/x-yhareyqlnzksdulr) has joined #beagle</span></li>
<li class="join">[<a href="#T04:15:18" id="T04:15:18"><abbr title="2011-08-12T04:15:18+00:00">04:15:18</abbr></a>] <span>* mrc3 (~ddiaz@189.157.109.216) has joined #beagle</span></li>
<li class="join">[<a href="#T04:31:18" id="T04:31:18"><abbr title="2011-08-12T04:31:18+00:00">04:31:18</abbr></a>] <span>* denix0 (~denix@pool-108-18-140-4.washdc.fios.verizon.net) has joined #beagle</span></li>
<li class="message">[<a href="#T04:33:04" id="T04:33:04"><abbr title="2011-08-12T04:33:04+00:00">04:33:04</abbr></a>] &lt;<cite>_av500_</cite>&gt; <q>ubuntu ported itself a community?</q></li>
<li class="quit">[<a href="#T04:54:43" id="T04:54:43"><abbr title="2011-08-12T04:54:43+00:00">04:54:43</abbr></a>] <span>* thaytan (~jan@112-213-184-138.bb.ispone.net.au) Quit (Ping timeout: 250 seconds)</span></li>
<li class="join">[<a href="#T04:56:54" id="T04:56:54"><abbr title="2011-08-12T04:56:54+00:00">04:56:54</abbr></a>] <span>* Jagan (3b6024d9@gateway/web/freenode/ip.59.96.36.217) has joined #beagle</span></li>
<li class="message">[<a href="#T04:58:27" id="T04:58:27"><abbr title="2011-08-12T04:58:27+00:00">04:58:27</abbr></a>] &lt;<cite>Jagan</cite>&gt; <q>Hello all, I got a question. There are demo images available in the angstrom distribution page. Does these work on all the beagle board xm revisions like rev B and rev C ??</q></li>
<li class="quit">[<a href="#T04:59:35" id="T04:59:35"><abbr title="2011-08-12T04:59:35+00:00">04:59:35</abbr></a>] <span>* BThompsonGR (~bernie@cpe-76-183-65-93.tx.res.rr.com) Quit (Read error: Connection reset by peer)</span></li>
<li class="message">[<a href="#T05:00:47" id="T05:00:47"><abbr title="2011-08-12T05:00:47+00:00">05:00:47</abbr></a>] &lt;<cite>vcs</cite>&gt; <q>I think RevC comes with stuff from the distribution page</q></li>
<li class="quit">[<a href="#T05:03:26" id="T05:03:26"><abbr title="2011-08-12T05:03:26+00:00">05:03:26</abbr></a>] <span>* kevinsc (~a0214685@nat/ti/x-khkdpzbvvrqjuwsm) Quit (Remote host closed the connection)</span></li>
<li class="quit">[<a href="#T05:03:27" id="T05:03:27"><abbr title="2011-08-12T05:03:27+00:00">05:03:27</abbr></a>] <span>* chase (~chase@nat/ti/x-okprqmahcsrtluub) Quit (Remote host closed the connection)</span></li>
<li class="join">[<a href="#T05:03:47" id="T05:03:47"><abbr title="2011-08-12T05:03:47+00:00">05:03:47</abbr></a>] <span>* chase (~chase@nat/ti/x-nophgjrlnjflzraf) has joined #beagle</span></li>
<li class="join">[<a href="#T05:04:37" id="T05:04:37"><abbr title="2011-08-12T05:04:37+00:00">05:04:37</abbr></a>] <span>* kevinsc (~a0214685@nat/ti/x-qlxfnskuefovhvip) has joined #beagle</span></li>
<li class="join">[<a href="#T05:05:54" id="T05:05:54"><abbr title="2011-08-12T05:05:54+00:00">05:05:54</abbr></a>] <span>* raster (raster@enlightenment2.osuosl.org) has joined #beagle</span></li>
<li class="quit">[<abbr title="2011-08-12T05:05:54+00:00">05:05:54</abbr>] <span>* raster (raster@enlightenment2.osuosl.org) Quit (Changing host)</span></li>
<li class="join">[<abbr title="2011-08-12T05:05:54+00:00">05:05:54</abbr>] <span>* raster (raster@enlightenment/developer/raster) has joined #beagle</span></li>
<li class="quit">[<a href="#T05:06:47" id="T05:06:47"><abbr title="2011-08-12T05:06:47+00:00">05:06:47</abbr></a>] <span>* raster (raster@enlightenment/developer/raster) Quit (Remote host closed the connection)</span></li>
<li class="quit">[<a href="#T05:06:58" id="T05:06:58"><abbr title="2011-08-12T05:06:58+00:00">05:06:58</abbr></a>] <span>* jkridner|work (~a0321898@nat/ti/x-yhareyqlnzksdulr) Quit (Quit: Leaving.)</span></li>
<li class="join">[<a href="#T05:07:20" id="T05:07:20"><abbr title="2011-08-12T05:07:20+00:00">05:07:20</abbr></a>] <span>* raster (raster@enlightenment/developer/raster) has joined #beagle</span></li>
<li class="quit">[<a href="#T05:08:45" id="T05:08:45"><abbr title="2011-08-12T05:08:45+00:00">05:08:45</abbr></a>] <span>* kevinsc (~a0214685@nat/ti/x-qlxfnskuefovhvip) Quit (Ping timeout: 240 seconds)</span></li>
<li class="quit">[<a href="#T05:14:01" id="T05:14:01"><abbr title="2011-08-12T05:14:01+00:00">05:14:01</abbr></a>] <span>* mrc3 (~ddiaz@189.157.109.216) Quit (Ping timeout: 258 seconds)</span></li>
<li class="quit">[<a href="#T05:22:30" id="T05:22:30"><abbr title="2011-08-12T05:22:30+00:00">05:22:30</abbr></a>] <span>* Jagan (3b6024d9@gateway/web/freenode/ip.59.96.36.217) Quit (Ping timeout: 252 seconds)</span></li>
<li class="join">[<a href="#T05:22:41" id="T05:22:41"><abbr title="2011-08-12T05:22:41+00:00">05:22:41</abbr></a>] <span>* hitlin37 (b64723e4@gateway/web/freenode/ip.182.71.35.228) has joined #beagle</span></li>
<li class="join">[<a href="#T05:28:31" id="T05:28:31"><abbr title="2011-08-12T05:28:31+00:00">05:28:31</abbr></a>] <span>* Cubi_ (~cubi@static-87-79-65-72.netcologne.de) has joined #beagle</span></li>
<li class="join">[<a href="#T05:34:58" id="T05:34:58"><abbr title="2011-08-12T05:34:58+00:00">05:34:58</abbr></a>] <span>* dl9pf_ (~quassel@p5B2145EC.dip.t-dialin.net) has joined #beagle</span></li>
<li class="quit">[<a href="#T05:36:15" id="T05:36:15"><abbr title="2011-08-12T05:36:15+00:00">05:36:15</abbr></a>] <span>* dl9pf (~quassel@opensuse/member/dl9pf) Quit (Ping timeout: 276 seconds)</span></li>
<li class="join">[<a href="#T05:48:50" id="T05:48:50"><abbr title="2011-08-12T05:48:50+00:00">05:48:50</abbr></a>] <span>* pH5 (~ph5@e178208027.adsl.alicedsl.de) has joined #beagle</span></li>
<li class="join">[<a href="#T05:49:54" id="T05:49:54"><abbr title="2011-08-12T05:49:54+00:00">05:49:54</abbr></a>] <span>* jpirko (~jirka@jirka.pirko.cz) has joined #beagle</span></li>
<li class="join">[<a href="#T05:50:16" id="T05:50:16"><abbr title="2011-08-12T05:50:16+00:00">05:50:16</abbr></a>] <span>* siji (~siji@triband-mum-120.60.139.138.mtnl.net.in) has joined #beagle</span></li>
<li class="join">[<a href="#T05:59:51" id="T05:59:51"><abbr title="2011-08-12T05:59:51+00:00">05:59:51</abbr></a>] <span>* bubi25 (~arnim@91-64-244-94-dynip.superkabel.de) has joined #beagle</span></li>
<li class="message">[<a href="#T06:00:12" id="T06:00:12"><abbr title="2011-08-12T06:00:12+00:00">06:00:12</abbr></a>] &lt;<cite>bubi25</cite>&gt; <q>join #pandaboard</q></li>
<li class="message">[<a href="#T06:00:25" id="T06:00:25"><abbr title="2011-08-12T06:00:25+00:00">06:00:25</abbr></a>] &lt;<cite>av500</cite>&gt; <q>join failed</q></li>
<li class="quit">[<a href="#T06:03:16" id="T06:03:16"><abbr title="2011-08-12T06:03:16+00:00">06:03:16</abbr></a>] <span>* rcranetx (~rcranetx@nat/ti/x-xgwsirvlamlpjrdp) Quit (Remote host closed the connection)</span></li>
<li class="join">[<a href="#T06:04:00" id="T06:04:00"><abbr title="2011-08-12T06:04:00+00:00">06:04:00</abbr></a>] <span>* rcranetx (~rcranetx@nat/ti/x-swmezwojwmwtzsay) has joined #beagle</span></li>
<li class="quit">[<a href="#T06:16:09" id="T06:16:09"><abbr title="2011-08-12T06:16:09+00:00">06:16:09</abbr></a>] <span>* ssvb (~ssvb@a88-114-220-213.elisa-laajakaista.fi) Quit (Quit: Leaving)</span></li>
<li class="quit">[<a href="#T06:27:25" id="T06:27:25"><abbr title="2011-08-12T06:27:25+00:00">06:27:25</abbr></a>] <span>* mctouch_ (~mctouch@cpc17-sgyl28-2-0-cust34.sgyl.cable.virginmedia.com) Quit (Quit: Leaving...)</span></li>
<li class="quit">[<a href="#T06:31:42" id="T06:31:42"><abbr title="2011-08-12T06:31:42+00:00">06:31:42</abbr></a>] <span>* siji (~siji@triband-mum-120.60.139.138.mtnl.net.in) Quit (Ping timeout: 276 seconds)</span></li>
<li class="quit">[<a href="#T06:37:13" id="T06:37:13"><abbr title="2011-08-12T06:37:13+00:00">06:37:13</abbr></a>] <span>* mIKEjONES (~mIKEjONES@orbital.rh.rit.edu) Quit (Quit: leaving)</span></li>
<li class="join">[<a href="#T06:37:47" id="T06:37:47"><abbr title="2011-08-12T06:37:47+00:00">06:37:47</abbr></a>] <span>* mIKEjONES (~mIKEjONES@orbital.rh.rit.edu) has joined #beagle</span></li>
<li class="join">[<a href="#T06:42:37" id="T06:42:37"><abbr title="2011-08-12T06:42:37+00:00">06:42:37</abbr></a>] <span>* siji (~siji@triband-mum-120.60.147.154.mtnl.net.in) has joined #beagle</span></li>
<li class="join">[<a href="#T06:46:01" id="T06:46:01"><abbr title="2011-08-12T06:46:01+00:00">06:46:01</abbr></a>] <span>* peabody124 (~peabody12@c-98-196-22-185.hsd1.tx.comcast.net) has joined #beagle</span></li>
<li class="quit">[<a href="#T06:49:07" id="T06:49:07"><abbr title="2011-08-12T06:49:07+00:00">06:49:07</abbr></a>] <span>* mnt_real (~mnt_real@bas9-montrealak-1177755395.dsl.bell.ca) Quit (Remote host closed the connection)</span></li>
<li class="join">[<a href="#T06:55:58" id="T06:55:58"><abbr title="2011-08-12T06:55:58+00:00">06:55:58</abbr></a>] <span>* woglinde (~heinold@g225146175.adsl.alicedsl.de) has joined #beagle</span></li>
<li class="join">[<a href="#T07:02:46" id="T07:02:46"><abbr title="2011-08-12T07:02:46+00:00">07:02:46</abbr></a>] <span>* rened (~rened@83-169-144-18.static.superkabel.de) has joined #beagleboard</span></li>
<li class="join">[<a href="#T07:26:49" id="T07:26:49"><abbr title="2011-08-12T07:26:49+00:00">07:26:49</abbr></a>] <span>* ant_work (~andrea@host6-80-static.42-85-b.business.telecomitalia.it) has joined #beagle</span></li>
<li class="message">[<a href="#T07:28:05" id="T07:28:05"><abbr title="2011-08-12T07:28:05+00:00">07:28:05</abbr></a>] &lt;<cite>woglinde</cite>&gt; <q>hi ant</q></li>
<li class="quit">[<a href="#T07:32:56" id="T07:32:56"><abbr title="2011-08-12T07:32:56+00:00">07:32:56</abbr></a>] <span>* bubi25 (~arnim@91-64-244-94-dynip.superkabel.de) Quit (Quit: Ex-Chat)</span></li>
<li class="message">[<a href="#T07:39:56" id="T07:39:56"><abbr title="2011-08-12T07:39:56+00:00">07:39:56</abbr></a>] &lt;<cite>ant_work</cite>&gt; <q>hello woglinde </q></li>
<li class="message">[<a href="#T07:51:35" id="T07:51:35"><abbr title="2011-08-12T07:51:35+00:00">07:51:35</abbr></a>] &lt;<cite>av500</cite>&gt; <q>woglinde: back from vacation?</q></li>
<li class="message">[<a href="#T07:52:20" id="T07:52:20"><abbr title="2011-08-12T07:52:20+00:00">07:52:20</abbr></a>] &lt;<cite>woglinde</cite>&gt; <q>which vacation?</q></li>
<li class="message">[<a href="#T07:52:43" id="T07:52:43"><abbr title="2011-08-12T07:52:43+00:00">07:52:43</abbr></a>] &lt;<cite>av500</cite>&gt; <q>if you was in germany, probably diving</q></li>
<li class="message">[<a href="#T07:53:09" id="T07:53:09"><abbr title="2011-08-12T07:53:09+00:00">07:53:09</abbr></a>] &lt;<cite>av500</cite>&gt; <q>with all that water</q></li>
<li class="message">[<a href="#T07:59:47" id="T07:59:47"><abbr title="2011-08-12T07:59:47+00:00">07:59:47</abbr></a>] &lt;<cite>woglinde</cite>&gt; <q>ah no vacation for me</q></li>
<li class="message">[<a href="#T08:00:51" id="T08:00:51"><abbr title="2011-08-12T08:00:51+00:00">08:00:51</abbr></a>] &lt;<cite>av500</cite>&gt; <q>all work and no play make woglinde a ...</q></li>
<li class="message">[<a href="#T08:02:01" id="T08:02:01"><abbr title="2011-08-12T08:02:01+00:00">08:02:01</abbr></a>] &lt;<cite>woglinde</cite>&gt; <q>uhm?</q></li>
<li class="message">[<a href="#T08:02:54" id="T08:02:54"><abbr title="2011-08-12T08:02:54+00:00">08:02:54</abbr></a>] &lt;<cite>koen</cite>&gt; <q>a shining example?</q></li>
<li class="message">[<a href="#T08:04:06" id="T08:04:06"><abbr title="2011-08-12T08:04:06+00:00">08:04:06</abbr></a>] &lt;<cite>av500</cite>&gt; <q>The Shining?</q></li>
<li class="quit">[<a href="#T08:09:58" id="T08:09:58"><abbr title="2011-08-12T08:09:58+00:00">08:09:58</abbr></a>] <span>* pH5 (~ph5@e178208027.adsl.alicedsl.de) Quit (Quit: bye)</span></li>
<li class="join">[<a href="#T08:21:41" id="T08:21:41"><abbr title="2011-08-12T08:21:41+00:00">08:21:41</abbr></a>] <span>* rsv (7ab2c952@gateway/web/freenode/ip.122.178.201.82) has joined #beagle</span></li>
<li class="join">[<a href="#T08:26:46" id="T08:26:46"><abbr title="2011-08-12T08:26:46+00:00">08:26:46</abbr></a>] <span>* juhka (88a32c66@gateway/web/freenode/ip.136.163.44.102) has joined #beagle</span></li>
<li class="quit">[<a href="#T08:41:37" id="T08:41:37"><abbr title="2011-08-12T08:41:37+00:00">08:41:37</abbr></a>] <span>* howlymowly (~quassel@tubsat.fb12.tu-berlin.de) Quit (Read error: Connection reset by peer)</span></li>
<li class="message">[<a href="#T08:54:48" id="T08:54:48"><abbr title="2011-08-12T08:54:48+00:00">08:54:48</abbr></a>] &lt;<cite>rsv</cite>&gt; <q>can we rn jpeg encoders in arm also? are there any performance measurements available for omap3 </q></li>
<li class="message">[<a href="#T08:55:16" id="T08:55:16"><abbr title="2011-08-12T08:55:16+00:00">08:55:16</abbr></a>] &lt;<cite>av500</cite>&gt; <q>why should it not run?</q></li>
<li class="join">[<a href="#T08:55:47" id="T08:55:47"><abbr title="2011-08-12T08:55:47+00:00">08:55:47</abbr></a>] <span>* florian (~fuchs@Maemo/community/contributor/florian) has joined #beagle</span></li>
<li class="message">[<a href="#T08:55:54" id="T08:55:54"><abbr title="2011-08-12T08:55:54+00:00">08:55:54</abbr></a>] &lt;<cite>rsv</cite>&gt; <q>it should run no dount</q></li>
<li class="message">[<a href="#T08:56:22" id="T08:56:22"><abbr title="2011-08-12T08:56:22+00:00">08:56:22</abbr></a>] &lt;<cite>rsv</cite>&gt; <q>i would like to know what inputs they take - yuv422/rgb565/raw</q></li>
<li class="message">[<a href="#T08:56:43" id="T08:56:43"><abbr title="2011-08-12T08:56:43+00:00">08:56:43</abbr></a>] &lt;<cite>av500</cite>&gt; <q>google will tell you</q></li>
<li class="message">[<a href="#T08:56:58" id="T08:56:58"><abbr title="2011-08-12T08:56:58+00:00">08:56:58</abbr></a>] &lt;<cite>rsv</cite>&gt; <q>av500: are you referring to libjpeg</q></li>
<li class="message">[<a href="#T08:57:17" id="T08:57:17"><abbr title="2011-08-12T08:57:17+00:00">08:57:17</abbr></a>] &lt;<cite>av500</cite>&gt; <q>libjpeg, libavcodec etc..</q></li>
<li class="message">[<a href="#T08:57:32" id="T08:57:32"><abbr title="2011-08-12T08:57:32+00:00">08:57:32</abbr></a>] &lt;<cite>av500</cite>&gt; <q>they all have not been written yesterday</q></li>
<li class="message">[<a href="#T08:57:38" id="T08:57:38"><abbr title="2011-08-12T08:57:38+00:00">08:57:38</abbr></a>] &lt;<cite>av500</cite>&gt; <q>examples and docs exist</q></li>
<li class="message">[<a href="#T08:58:49" id="T08:58:49"><abbr title="2011-08-12T08:58:49+00:00">08:58:49</abbr></a>] &lt;<cite>av500</cite>&gt; <q>this one has even "turbo" in the name: <a href="http://sourceforge.net/projects/libjpeg-turbo/">http://sourceforge.net/projects/libjpeg-turbo/</a></q></li>
<li class="message">[<a href="#T08:59:07" id="T08:59:07"><abbr title="2011-08-12T08:59:07+00:00">08:59:07</abbr></a>] &lt;<cite>rsv</cite>&gt; <q>yes i seen that</q></li>
<li class="message">[<a href="#T08:59:22" id="T08:59:22"><abbr title="2011-08-12T08:59:22+00:00">08:59:22</abbr></a>] &lt;<cite>rsv</cite>&gt; <q>some kind of fast encoding</q></li>
<li class="message">[<a href="#T08:59:38" id="T08:59:38"><abbr title="2011-08-12T08:59:38+00:00">08:59:38</abbr></a>] &lt;<cite>av500</cite>&gt; <q>decode too</q></li>
<li class="message">[<a href="#T08:59:54" id="T08:59:54"><abbr title="2011-08-12T08:59:54+00:00">08:59:54</abbr></a>] &lt;<cite>rsv</cite>&gt; <q>yes</q></li>
<li class="quit">[<a href="#T09:00:04" id="T09:00:04"><abbr title="2011-08-12T09:00:04+00:00">09:00:04</abbr></a>] <span>* Ceriand|desktop (~Ceriand@unaffiliated/ceriand) Quit (Read error: Connection reset by peer)</span></li>
<li class="message">[<a href="#T09:00:11" id="T09:00:11"><abbr title="2011-08-12T09:00:11+00:00">09:00:11</abbr></a>] &lt;<cite>av500</cite>&gt; <q>so, go and use it :)</q></li>
