<li class="message">[<a href="#T00:00:05" id="T00:00:05"><abbr title="2011-11-17T00:00:05+00:00">00:00:05</abbr></a>] &lt;<cite>niro</cite>&gt; <q>i thought the xM was the better version?</q></li>
<li class="message">[<a href="#T00:00:47" id="T00:00:47"><abbr title="2011-11-17T00:00:47+00:00">00:00:47</abbr></a>] &lt;<cite>_av500_</cite>&gt; <q>it is</q></li>
<li class="message">[<a href="#T00:00:49" id="T00:00:49"><abbr title="2011-11-17T00:00:49+00:00">00:00:49</abbr></a>] &lt;<cite>thurbad</cite>&gt; <q>the nand was not enough bang for the buck for most users</q></li>
<li class="message">[<a href="#T00:00:53" id="T00:00:53"><abbr title="2011-11-17T00:00:53+00:00">00:00:53</abbr></a>] &lt;<cite>_av500_</cite>&gt; <q>having no nand is better</q></li>
<li class="message">[<a href="#T00:01:25" id="T00:01:25"><abbr title="2011-11-17T00:01:25+00:00">00:01:25</abbr></a>] &lt;<cite>mazzanet</cite>&gt; <q>i have a jffs2 partition on my nand and it's a little... slow</q></li>
<li class="message">[<a href="#T00:01:39" id="T00:01:39"><abbr title="2011-11-17T00:01:39+00:00">00:01:39</abbr></a>] &lt;<cite>_av500_</cite>&gt; <q>please use ubifs</q></li>
<li class="message">[<a href="#T00:01:48" id="T00:01:48"><abbr title="2011-11-17T00:01:48+00:00">00:01:48</abbr></a>] &lt;<cite>_av500_</cite>&gt; <q>the j in jffs2 is for "joke"</q></li>
<li class="message">[<a href="#T00:01:54" id="T00:01:54"><abbr title="2011-11-17T00:01:54+00:00">00:01:54</abbr></a>] &lt;<cite>niro</cite>&gt; <q>haha</q></li>
<li class="quit">[<a href="#T00:02:09" id="T00:02:09"><abbr title="2011-11-17T00:02:09+00:00">00:02:09</abbr></a>] <span>* thurbad (~natesewel@64.132.24.248) Quit (Quit: thurbad)</span></li>
<li class="message">[<a href="#T00:02:11" id="T00:02:11"><abbr title="2011-11-17T00:02:11+00:00">00:02:11</abbr></a>] &lt;<cite>_av500_</cite>&gt; <q>the ff is for "f*cks flash"</q></li>
<li class="message">[<a href="#T00:02:20" id="T00:02:20"><abbr title="2011-11-17T00:02:20+00:00">00:02:20</abbr></a>] &lt;<cite>mazzanet</cite>&gt; <q>well there you go :P</q></li>
<li class="message">[<a href="#T00:02:27" id="T00:02:27"><abbr title="2011-11-17T00:02:27+00:00">00:02:27</abbr></a>] &lt;<cite>niro</cite>&gt; <q>did it work?</q></li>
<li class="quit">[<a href="#T00:02:46" id="T00:02:46"><abbr title="2011-11-17T00:02:46+00:00">00:02:46</abbr></a>] <span>* rcf (~rcf@200.167-243-81.adsl-dyn.isp.belgacom.be) Quit (Quit: This war is mine)</span></li>
<li class="quit">[<a href="#T00:03:18" id="T00:03:18"><abbr title="2011-11-17T00:03:18+00:00">00:03:18</abbr></a>] <span>* tty (9206844b@gateway/web/freenode/ip.146.6.132.75) Quit (Quit: Page closed)</span></li>
<li class="message">[<a href="#T00:03:52" id="T00:03:52"><abbr title="2011-11-17T00:03:52+00:00">00:03:52</abbr></a>] &lt;<cite>mazzanet</cite>&gt; <q>getting there</q></li>
<li class="message">[<a href="#T00:04:03" id="T00:04:03"><abbr title="2011-11-17T00:04:03+00:00">00:04:03</abbr></a>] &lt;<cite>mazzanet</cite>&gt; <q>need to switch back to the new kernel</q></li>
<li class="message">[<a href="#T00:04:13" id="T00:04:13"><abbr title="2011-11-17T00:04:13+00:00">00:04:13</abbr></a>] &lt;<cite>niro</cite>&gt; <q>but you're getting output now</q></li>
<li class="quit">[<a href="#T00:17:11" id="T00:17:11"><abbr title="2011-11-17T00:17:11+00:00">00:17:11</abbr></a>] <span>* Gaston|Home (Gaston@ua-83-227-239-139.cust.bredbandsbolaget.se) Quit (Read error: Connection reset by peer)</span></li>
<li class="part">[<a href="#T00:18:32" id="T00:18:32"><abbr title="2011-11-17T00:18:32+00:00">00:18:32</abbr></a>] <span>* perter-jim (~mike@183.62.141.147) has left #beagle</span></li>
<li class="quit">[<a href="#T00:19:00" id="T00:19:00"><abbr title="2011-11-17T00:19:00+00:00">00:19:00</abbr></a>] <span>* jayabharath (~jayabhara@nat/ti/x-eetnrynajshtfxuw) Quit (Quit: jayabharath)</span></li>
<li class="message">[<a href="#T00:22:24" id="T00:22:24"><abbr title="2011-11-17T00:22:24+00:00">00:22:24</abbr></a>] &lt;<cite>mazzanet</cite>&gt; <q>niro: got distracted</q></li>
<li class="message">[<a href="#T00:22:34" id="T00:22:34"><abbr title="2011-11-17T00:22:34+00:00">00:22:34</abbr></a>] &lt;<cite>mazzanet</cite>&gt; <q>ok i have boot output now, i get to login</q></li>
<li class="message">[<a href="#T00:22:54" id="T00:22:54"><abbr title="2011-11-17T00:22:54+00:00">00:22:54</abbr></a>] &lt;<cite>mazzanet</cite>&gt; <q>omapfb omapfb: illegal display bpp</q></li>
<li class="message">[<a href="#T00:24:27" id="T00:24:27"><abbr title="2011-11-17T00:24:27+00:00">00:24:27</abbr></a>] &lt;<cite>mazzanet</cite>&gt; <q>and musb won't go into host mode</q></li>
<li class="message">[<a href="#T00:29:05" id="T00:29:05"><abbr title="2011-11-17T00:29:05+00:00">00:29:05</abbr></a>] &lt;<cite>niro</cite>&gt; <q>you have to plug the usb cable into the beagle first</q></li>
<li class="message">[<a href="#T00:30:00" id="T00:30:00"><abbr title="2011-11-17T00:30:00+00:00">00:30:00</abbr></a>] &lt;<cite>mazzanet</cite>&gt; <q>the cable is always plugged in</q></li>
<li class="quit">[<a href="#T00:30:16" id="T00:30:16"><abbr title="2011-11-17T00:30:16+00:00">00:30:16</abbr></a>] <span>* toofar (~toobluesc@rrcs-24-153-174-218.sw.biz.rr.com) Quit (Ping timeout: 240 seconds)</span></li>
<li class="message">[<a href="#T00:30:47" id="T00:30:47"><abbr title="2011-11-17T00:30:47+00:00">00:30:47</abbr></a>] &lt;<cite>mazzanet</cite>&gt; <q>just in case i have `echo host &gt; /sys/devices/platform/musb_hdrc/mode` in my boot scripts</q></li>
<li class="message">[<a href="#T00:30:48" id="T00:30:48"><abbr title="2011-11-17T00:30:48+00:00">00:30:48</abbr></a>] &lt;<cite>niro</cite>&gt; <q>so you dont have a powersupply?</q></li>
<li class="message">[<a href="#T00:30:57" id="T00:30:57"><abbr title="2011-11-17T00:30:57+00:00">00:30:57</abbr></a>] &lt;<cite>mazzanet</cite>&gt; <q>i do</q></li>
<li class="message">[<a href="#T00:31:03" id="T00:31:03"><abbr title="2011-11-17T00:31:03+00:00">00:31:03</abbr></a>] &lt;<cite>mazzanet</cite>&gt; <q>this worked fine on the old kernel</q></li>
<li class="join">[<a href="#T00:34:56" id="T00:34:56"><abbr title="2011-11-17T00:34:56+00:00">00:34:56</abbr></a>] <span>* toofar (~toobluesc@rrcs-24-153-174-218.sw.biz.rr.com) has joined #beagle</span></li>
<li class="message">[<a href="#T00:35:40" id="T00:35:40"><abbr title="2011-11-17T00:35:40+00:00">00:35:40</abbr></a>] &lt;<cite>jONpRY</cite>&gt; <q>dur. who invented automatic vbus drive</q></li>
<li class="message">[<a href="#T00:36:59" id="T00:36:59"><abbr title="2011-11-17T00:36:59+00:00">00:36:59</abbr></a>] &lt;<cite>niro</cite>&gt; <q>dont know then</q></li>
<li class="quit">[<a href="#T00:41:43" id="T00:41:43"><abbr title="2011-11-17T00:41:43+00:00">00:41:43</abbr></a>] <span>* peabody124 (~peabody12@128.249.96.123) Quit (Quit: peabody124)</span></li>
<li class="quit">[<a href="#T00:48:38" id="T00:48:38"><abbr title="2011-11-17T00:48:38+00:00">00:48:38</abbr></a>] <span>* lyakh_ (~lyakh@dslb-178-001-146-097.pools.arcor-ip.net) Quit (Quit: thanks, bye)</span></li>
<li class="join">[<a href="#T00:53:49" id="T00:53:49"><abbr title="2011-11-17T00:53:49+00:00">00:53:49</abbr></a>] <span>* djlewis (~djlewis@75.15.65.1) has joined #beagle</span></li>
<li class="join">[<a href="#T00:53:58" id="T00:53:58"><abbr title="2011-11-17T00:53:58+00:00">00:53:58</abbr></a>] <span>* djerome (~djerome@ip24-251-138-141.ph.ph.cox.net) has joined #beagle</span></li>
<li class="part">[<a href="#T00:54:20" id="T00:54:20"><abbr title="2011-11-17T00:54:20+00:00">00:54:20</abbr></a>] <span>* djerome (~djerome@ip24-251-138-141.ph.ph.cox.net) has left #beagle</span></li>
<li class="quit">[<a href="#T00:59:46" id="T00:59:46"><abbr title="2011-11-17T00:59:46+00:00">00:59:46</abbr></a>] <span>* jay6981 (~Adium@38.114.132.193) Quit (Read error: Connection reset by peer)</span></li>
<li class="join">[<a href="#T01:00:00" id="T01:00:00"><abbr title="2011-11-17T01:00:00+00:00">01:00:00</abbr></a>] <span>* jay6981 (~Adium@38.114.132.193) has joined #beagle</span></li>
<li class="quit">[<a href="#T01:01:28" id="T01:01:28"><abbr title="2011-11-17T01:01:28+00:00">01:01:28</abbr></a>] <span>* Russ (~russ@206.29.182.219) Quit (Ping timeout: 240 seconds)</span></li>
<li class="message">[<a href="#T01:03:38" id="T01:03:38"><abbr title="2011-11-17T01:03:38+00:00">01:03:38</abbr></a>] &lt;<cite>mazzanet</cite>&gt; <q>niro: tried a newer version from rcn-ee and i've progressed further now</q></li>
<li class="message">[<a href="#T01:03:54" id="T01:03:54"><abbr title="2011-11-17T01:03:54+00:00">01:03:54</abbr></a>] &lt;<cite>mazzanet</cite>&gt; <q>i now boot into X with svideo output</q></li>
<li class="message">[<a href="#T01:04:10" id="T01:04:10"><abbr title="2011-11-17T01:04:10+00:00">01:04:10</abbr></a>] &lt;<cite>mazzanet</cite>&gt; <q>but a few seconds later the whole system locks up</q></li>
<li class="message">[<a href="#T01:04:29" id="T01:04:29"><abbr title="2011-11-17T01:04:29+00:00">01:04:29</abbr></a>] &lt;<cite>mazzanet</cite>&gt; <q>running 2.6.39.3-x3</q></li>
<li class="join">[<a href="#T01:06:06" id="T01:06:06"><abbr title="2011-11-17T01:06:06+00:00">01:06:06</abbr></a>] <span>* peabody124 (~peabody12@128.249.96.123) has joined #beagle</span></li>
<li class="join">[<a href="#T01:13:49" id="T01:13:49"><abbr title="2011-11-17T01:13:49+00:00">01:13:49</abbr></a>] <span>* thurbad (~natesewel@cpe-70-124-80-154.austin.res.rr.com) has joined #beagle</span></li>
<li class="quit">[<a href="#T01:17:52" id="T01:17:52"><abbr title="2011-11-17T01:17:52+00:00">01:17:52</abbr></a>] <span>* niro (~niro@cpc5-nrte5-0-0-cust23.8-4.cable.virginmedia.com) Quit (Ping timeout: 240 seconds)</span></li>
<li class="quit">[<a href="#T01:20:27" id="T01:20:27"><abbr title="2011-11-17T01:20:27+00:00">01:20:27</abbr></a>] <span>* Ceriand|work (~Ceriand@unaffiliated/ceriand) Quit (Quit: Leaving.)</span></li>
<li class="join">[<a href="#T01:21:22" id="T01:21:22"><abbr title="2011-11-17T01:21:22+00:00">01:21:22</abbr></a>] <span>* prpplague (~prpplague@ppp-70-242-118-38.dsl.rcsntx.swbell.net) has joined #beagle</span></li>
<li class="join">[<a href="#T01:28:36" id="T01:28:36"><abbr title="2011-11-17T01:28:36+00:00">01:28:36</abbr></a>] <span>* guanucoluis1 (~luis@200.127.182.232) has joined #beagleboard</span></li>
<li class="quit">[<a href="#T01:31:52" id="T01:31:52"><abbr title="2011-11-17T01:31:52+00:00">01:31:52</abbr></a>] <span>* guanucoluis (~luis@201-212-46-155.cab.prima.net.ar) Quit (Ping timeout: 240 seconds)</span></li>
<li class="join">[<a href="#T01:31:54" id="T01:31:54"><abbr title="2011-11-17T01:31:54+00:00">01:31:54</abbr></a>] <span>* Ceriand|desktop (~Ceriand@unaffiliated/ceriand) has joined #beagle</span></li>
<li class="quit">[<a href="#T01:33:08" id="T01:33:08"><abbr title="2011-11-17T01:33:08+00:00">01:33:08</abbr></a>] <span>* guanucoluis1 (~luis@200.127.182.232) Quit (Ping timeout: 252 seconds)</span></li>
<li class="quit">[<a href="#T01:43:58" id="T01:43:58"><abbr title="2011-11-17T01:43:58+00:00">01:43:58</abbr></a>] <span>* jay6981 (~Adium@38.114.132.193) Quit (Quit: Leaving.)</span></li>
<li class="quit">[<a href="#T01:47:33" id="T01:47:33"><abbr title="2011-11-17T01:47:33+00:00">01:47:33</abbr></a>] <span>* W1N9Zr0 (~W1N9Zr0@69-165-245-165.cable.teksavvy.com) Quit (Read error: Connection reset by peer)</span></li>
<li class="join">[<a href="#T01:49:17" id="T01:49:17"><abbr title="2011-11-17T01:49:17+00:00">01:49:17</abbr></a>] <span>* W1N9Zr0 (~W1N9Zr0@69-165-245-165.cable.teksavvy.com) has joined #beagle</span></li>
<li class="join">[<a href="#T01:56:16" id="T01:56:16"><abbr title="2011-11-17T01:56:16+00:00">01:56:16</abbr></a>] <span>* Russ (foobar@ip68-106-254-4.ph.ph.cox.net) has joined #beagle</span></li>
<li class="quit">[<a href="#T02:03:59" id="T02:03:59"><abbr title="2011-11-17T02:03:59+00:00">02:03:59</abbr></a>] <span>* doublebeta-sleep (~ircme@205.185.116.160) Quit (Ping timeout: 258 seconds)</span></li>
<li class="quit">[<a href="#T02:18:35" id="T02:18:35"><abbr title="2011-11-17T02:18:35+00:00">02:18:35</abbr></a>] <span>* Russ (foobar@ip68-106-254-4.ph.ph.cox.net) Quit (Read error: Connection reset by peer)</span></li>
<li class="join">[<abbr title="2011-11-17T02:18:35+00:00">02:18:35</abbr>] <span>* Russ__ (foobar@ip68-106-254-4.ph.ph.cox.net) has joined #beagle</span></li>
<li class="nick-change">[<a href="#T02:24:46" id="T02:24:46"><abbr title="2011-11-17T02:24:46+00:00">02:24:46</abbr></a>] <span>* Russ__ is now known as Russ</span></li>
<li class="quit">[<a href="#T02:27:52" id="T02:27:52"><abbr title="2011-11-17T02:27:52+00:00">02:27:52</abbr></a>] <span>* bgamari (~ben@physicsnat56.physics.umass.edu) Quit (Ping timeout: 240 seconds)</span></li>
<li class="join">[<a href="#T02:28:51" id="T02:28:51"><abbr title="2011-11-17T02:28:51+00:00">02:28:51</abbr></a>] <span>* jay6981 (~Adium@99-90-66-112.lightspeed.sntcca.sbcglobal.net) has joined #beagle</span></li>
<li class="quit">[<a href="#T02:37:06" id="T02:37:06"><abbr title="2011-11-17T02:37:06+00:00">02:37:06</abbr></a>] <span>* phantoxe (~destroy@a95-92-89-24.cpe.netcabo.pt) Quit ()</span></li>
<li class="join">[<a href="#T02:40:20" id="T02:40:20"><abbr title="2011-11-17T02:40:20+00:00">02:40:20</abbr></a>] <span>* Leo (bdca3590@gateway/web/freenode/ip.189.202.53.144) has joined #beagle</span></li>
<li class="message">[<a href="#T02:40:32" id="T02:40:32"><abbr title="2011-11-17T02:40:32+00:00">02:40:32</abbr></a>] &lt;<cite>Leo</cite>&gt; <q>hi </q></li>
<li class="message">[<a href="#T02:40:58" id="T02:40:58"><abbr title="2011-11-17T02:40:58+00:00">02:40:58</abbr></a>] &lt;<cite>Leo</cite>&gt; <q>someone speaks Spanish?</q></li>
<li class="message">[<a href="#T02:46:25" id="T02:46:25"><abbr title="2011-11-17T02:46:25+00:00">02:46:25</abbr></a>] &lt;<cite>mranostay</cite>&gt; <q>a couple million people do iirc</q></li>
<li class="message">[<a href="#T02:50:46" id="T02:50:46"><abbr title="2011-11-17T02:50:46+00:00">02:50:46</abbr></a>] &lt;<cite>mazzanet</cite>&gt; <q>weird</q></li>
<li class="message">[<a href="#T02:50:51" id="T02:50:51"><abbr title="2011-11-17T02:50:51+00:00">02:50:51</abbr></a>] &lt;<cite>mazzanet</cite>&gt; <q>trying a 3.1.1 kernel now</q></li>
<li class="message">[<a href="#T02:50:59" id="T02:50:59"><abbr title="2011-11-17T02:50:59+00:00">02:50:59</abbr></a>] &lt;<cite>mazzanet</cite>&gt; <q>everything pretty much works</q></li>
<li class="message">[<a href="#T02:51:08" id="T02:51:08"><abbr title="2011-11-17T02:51:08+00:00">02:51:08</abbr></a>] &lt;<cite>mazzanet</cite>&gt; <q>except networking</q></li>
<li class="message">[<a href="#T02:51:22" id="T02:51:22"><abbr title="2011-11-17T02:51:22+00:00">02:51:22</abbr></a>] &lt;<cite>mazzanet</cite>&gt; <q>i'm getting roughly 80% packet loss</q></li>
<li class="message">[<a href="#T02:51:48" id="T02:51:48"><abbr title="2011-11-17T02:51:48+00:00">02:51:48</abbr></a>] &lt;<cite>mazzanet</cite>&gt; <q>and ping is spitting out "wrong data byte #34 should be 0x22 but was 0x21"</q></li>
<li class="quit">[<a href="#T02:54:14" id="T02:54:14"><abbr title="2011-11-17T02:54:14+00:00">02:54:14</abbr></a>] <span>* Ceriand|desktop (~Ceriand@unaffiliated/ceriand) Quit (Quit: Leaving.)</span></li>
<li class="quit">[<a href="#T02:56:11" id="T02:56:11"><abbr title="2011-11-17T02:56:11+00:00">02:56:11</abbr></a>] <span>* thurbad (~natesewel@cpe-70-124-80-154.austin.res.rr.com) Quit (Quit: thurbad)</span></li>
<li class="join">[<a href="#T02:57:11" id="T02:57:11"><abbr title="2011-11-17T02:57:11+00:00">02:57:11</abbr></a>] <span>* thurbad (~natesewel@cpe-70-124-80-154.austin.res.rr.com) has joined #beagle</span></li>
<li class="join">[<a href="#T03:04:48" id="T03:04:48"><abbr title="2011-11-17T03:04:48+00:00">03:04:48</abbr></a>] <span>* thweber_ (~thomas@ppp-188-174-119-144.dynamic.mnet-online.de) has joined #beagle</span></li>
<li class="quit">[<a href="#T03:08:17" id="T03:08:17"><abbr title="2011-11-17T03:08:17+00:00">03:08:17</abbr></a>] <span>* thweber (~thomas@host-188-174-179-151.customer.m-online.net) Quit (Ping timeout: 252 seconds)</span></li>
<li class="quit">[<a href="#T03:16:03" id="T03:16:03"><abbr title="2011-11-17T03:16:03+00:00">03:16:03</abbr></a>] <span>* Leo (bdca3590@gateway/web/freenode/ip.189.202.53.144) Quit (Quit: Page closed)</span></li>
<li class="join">[<a href="#T03:22:14" id="T03:22:14"><abbr title="2011-11-17T03:22:14+00:00">03:22:14</abbr></a>] <span>* raster (raster@enlightenment/developer/raster) has joined #beagle</span></li>
<li class="join">[<a href="#T03:25:00" id="T03:25:00"><abbr title="2011-11-17T03:25:00+00:00">03:25:00</abbr></a>] <span>* misham (~misham@99-171-180-26.lightspeed.sndgca.sbcglobal.net) has joined #beagle</span></li>
<li class="join">[<a href="#T03:36:45" id="T03:36:45"><abbr title="2011-11-17T03:36:45+00:00">03:36:45</abbr></a>] <span>* bgamari (~ben@pool-72-79-217-78.spfdma.east.verizon.net) has joined #beagle</span></li>
<li class="quit">[<a href="#T03:47:12" id="T03:47:12"><abbr title="2011-11-17T03:47:12+00:00">03:47:12</abbr></a>] <span>* ggreer (~AngryPars@unaffiliated/angryparsley) Quit (Excess Flood)</span></li>
<li class="join">[<a href="#T03:48:22" id="T03:48:22"><abbr title="2011-11-17T03:48:22+00:00">03:48:22</abbr></a>] <span>* AngryParsley (~AngryPars@li140-157.members.linode.com) has joined #beagle</span></li>
<li class="nick-change">[<a href="#T03:50:12" id="T03:50:12"><abbr title="2011-11-17T03:50:12+00:00">03:50:12</abbr></a>] <span>* AngryParsley is now known as ggreer</span></li>
<li class="quit">[<a href="#T03:50:17" id="T03:50:17"><abbr title="2011-11-17T03:50:17+00:00">03:50:17</abbr></a>] <span>* ggreer (~AngryPars@li140-157.members.linode.com) Quit (Changing host)</span></li>
<li class="join">[<abbr title="2011-11-17T03:50:17+00:00">03:50:17</abbr>] <span>* ggreer (~AngryPars@unaffiliated/angryparsley) has joined #beagle</span></li>
<li class="quit">[<a href="#T03:56:35" id="T03:56:35"><abbr title="2011-11-17T03:56:35+00:00">03:56:35</abbr></a>] <span>* djlewis (~djlewis@75.15.65.1) Quit (Ping timeout: 260 seconds)</span></li>
<li class="quit">[<a href="#T03:58:49" id="T03:58:49"><abbr title="2011-11-17T03:58:49+00:00">03:58:49</abbr></a>] <span>* peabody124 (~peabody12@128.249.96.123) Quit (Quit: peabody124)</span></li>
<li class="join">[<a href="#T04:24:32" id="T04:24:32"><abbr title="2011-11-17T04:24:32+00:00">04:24:32</abbr></a>] <span>* peabody124 (~peabody12@c-98-201-161-152.hsd1.tx.comcast.net) has joined #beagle</span></li>
<li class="quit">[<a href="#T04:28:21" id="T04:28:21"><abbr title="2011-11-17T04:28:21+00:00">04:28:21</abbr></a>] <span>* joelagnel (~joel@nat/ti/x-vvoxbwkuxxxwrunc) Quit (Remote host closed the connection)</span></li>
<li class="join">[<a href="#T04:31:41" id="T04:31:41"><abbr title="2011-11-17T04:31:41+00:00">04:31:41</abbr></a>] <span>* hitlin37 (~chatzilla@182.71.35.228) has joined #beagle</span></li>
<li class="message">[<a href="#T04:33:20" id="T04:33:20"><abbr title="2011-11-17T04:33:20+00:00">04:33:20</abbr></a>] &lt;<cite>hitlin37</cite>&gt; <q>good morning</q></li>
<li class="join">[<a href="#T04:48:25" id="T04:48:25"><abbr title="2011-11-17T04:48:25+00:00">04:48:25</abbr></a>] <span>* joelagnel (~joel@nat/ti/x-lvqaxcczgccofneq) has joined #beagle</span></li>
<li class="quit">[<a href="#T04:49:40" id="T04:49:40"><abbr title="2011-11-17T04:49:40+00:00">04:49:40</abbr></a>] <span>* prpplague (~prpplague@ppp-70-242-118-38.dsl.rcsntx.swbell.net) Quit (Quit: Later Folks!)</span></li>
<li class="nick-change">[<a href="#T04:50:06" id="T04:50:06"><abbr title="2011-11-17T04:50:06+00:00">04:50:06</abbr></a>] <span>* joelagnel is now known as joel-afk</span></li>
<li class="quit">[<a href="#T04:54:23" id="T04:54:23"><abbr title="2011-11-17T04:54:23+00:00">04:54:23</abbr></a>] <span>* GPSFan (~kenm@64.92.145.112) Quit (Remote host closed the connection)</span></li>
<li class="join">[<a href="#T04:55:09" id="T04:55:09"><abbr title="2011-11-17T04:55:09+00:00">04:55:09</abbr></a>] <span>* Ceriand|desktop (~Ceriand@unaffiliated/ceriand) has joined #beagle</span></li>
<li class="join">[<a href="#T05:01:48" id="T05:01:48"><abbr title="2011-11-17T05:01:48+00:00">05:01:48</abbr></a>] <span>* joelagnel (~joel@cpe-76-184-244-226.tx.res.rr.com) has joined #beagle</span></li>
<li class="quit">[<a href="#T05:05:04" id="T05:05:04"><abbr title="2011-11-17T05:05:04+00:00">05:05:04</abbr></a>] <span>* joel-afk (~joel@nat/ti/x-lvqaxcczgccofneq) Quit (Ping timeout: 240 seconds)</span></li>
<li class="join">[<a href="#T05:22:21" id="T05:22:21"><abbr title="2011-11-17T05:22:21+00:00">05:22:21</abbr></a>] <span>* geckosenator (~sean@219-89-162-82.jetstart.xtra.co.nz) has joined #beagleboard</span></li>
<li class="join">[<a href="#T05:22:40" id="T05:22:40"><abbr title="2011-11-17T05:22:40+00:00">05:22:40</abbr></a>] <span>* geckosenator (~sean@219-89-162-82.jetstart.xtra.co.nz) has joined #beagle</span></li>
<li class="part">[<a href="#T05:22:50" id="T05:22:50"><abbr title="2011-11-17T05:22:50+00:00">05:22:50</abbr></a>] <span>* geckosenator (~sean@219-89-162-82.jetstart.xtra.co.nz) has left #beagleboard</span></li>
<li class="quit">[<a href="#T05:29:08" id="T05:29:08"><abbr title="2011-11-17T05:29:08+00:00">05:29:08</abbr></a>] <span>* Ceriand|desktop (~Ceriand@unaffiliated/ceriand) Quit (Read error: Connection reset by peer)</span></li>
<li class="join">[<a href="#T05:38:09" id="T05:38:09"><abbr title="2011-11-17T05:38:09+00:00">05:38:09</abbr></a>] <span>* Ceriand|desktop (~Ceriand@unaffiliated/ceriand) has joined #beagle</span></li>
<li class="nick-change">[<a href="#T05:39:20" id="T05:39:20"><abbr title="2011-11-17T05:39:20+00:00">05:39:20</abbr></a>] <span>* ka6sox-away is now known as ka6sox</span></li>
<li class="message">[<a href="#T05:46:50" id="T05:46:50"><abbr title="2011-11-17T05:46:50+00:00">05:46:50</abbr></a>] &lt;<cite>_av500_</cite>&gt; <q>jkridner: ping</q></li>
<li class="quit">[<a href="#T05:48:53" id="T05:48:53"><abbr title="2011-11-17T05:48:53+00:00">05:48:53</abbr></a>] <span>* Ceriand|desktop (~Ceriand@unaffiliated/ceriand) Quit (Ping timeout: 252 seconds)</span></li>
<li class="quit">[<a href="#T05:49:52" id="T05:49:52"><abbr title="2011-11-17T05:49:52+00:00">05:49:52</abbr></a>] <span>* n6pfk (~n6pfk__@pool-74-110-218-2.rcmdva.fios.verizon.net) Quit (Remote host closed the connection)</span></li>
<li class="join">[<a href="#T05:50:56" id="T05:50:56"><abbr title="2011-11-17T05:50:56+00:00">05:50:56</abbr></a>] <span>* Ceriand|desktop (~Ceriand@unaffiliated/ceriand) has joined #beagle</span></li>
<li class="join">[<a href="#T05:52:23" id="T05:52:23"><abbr title="2011-11-17T05:52:23+00:00">05:52:23</abbr></a>] <span>* n6pfk (~n6pfk__@pool-74-110-218-2.rcmdva.fios.verizon.net) has joined #beagle</span></li>
<li class="quit">[<a href="#T05:53:23" id="T05:53:23"><abbr title="2011-11-17T05:53:23+00:00">05:53:23</abbr></a>] <span>* n6pfk (~n6pfk__@pool-74-110-218-2.rcmdva.fios.verizon.net) Quit (Remote host closed the connection)</span></li>
<li class="quit">[<a href="#T05:56:40" id="T05:56:40"><abbr title="2011-11-17T05:56:40+00:00">05:56:40</abbr></a>] <span>* joelagnel (~joel@cpe-76-184-244-226.tx.res.rr.com) Quit (Ping timeout: 240 seconds)</span></li>
<li class="message">[<a href="#T06:09:02" id="T06:09:02"><abbr title="2011-11-17T06:09:02+00:00">06:09:02</abbr></a>] &lt;<cite>misham</cite>&gt; <q>I'm compiling the latest kernel from Linus' tree for BeagleBoard-xM, and I'm getting the following error:</q></li>
<li class="message">[<a href="#T06:09:04" id="T06:09:04"><abbr title="2011-11-17T06:09:04+00:00">06:09:04</abbr></a>] &lt;<cite>misham</cite>&gt; <q>drivers/media/video/omap3isp/ispvideo.c:1267:11: error: ?THIS_MODULE? undeclared here (not in a function)</q></li>
<li class="join">[<a href="#T06:09:26" id="T06:09:26"><abbr title="2011-11-17T06:09:26+00:00">06:09:26</abbr></a>] <span>* tor (~tor@c-6967e655.125-1-64736c10.cust.bredbandsbolaget.se) has joined #beagle</span></li>
<li class="message">[<a href="#T06:09:27" id="T06:09:27"><abbr title="2011-11-17T06:09:27+00:00">06:09:27</abbr></a>] &lt;<cite>misham</cite>&gt; <q>has anyone seen this or knows how to fix it?</q></li>
<li class="message">[<a href="#T06:11:34" id="T06:11:34"><abbr title="2011-11-17T06:11:34+00:00">06:11:34</abbr></a>] &lt;<cite>dm8tbr</cite>&gt; <q>_av500_: yes?</q></li>
<li class="message">[<a href="#T06:12:44" id="T06:12:44"><abbr title="2011-11-17T06:12:44+00:00">06:12:44</abbr></a>] &lt;<cite>_av500_</cite>&gt; <q>dm8tbr: nvm, solved it</q></li>
<li class="quit">[<a href="#T06:12:47" id="T06:12:47"><abbr title="2011-11-17T06:12:47+00:00">06:12:47</abbr></a>] <span>* raster (raster@enlightenment/developer/raster) Quit (Quit: Gettin' stinky!)</span></li>
<li class="join">[<a href="#T06:12:49" id="T06:12:49"><abbr title="2011-11-17T06:12:49+00:00">06:12:49</abbr></a>] <span>* Ceriand|desktop1 (~Ceriand@unaffiliated/ceriand) has joined #beagle</span></li>
<li class="message">[<a href="#T06:12:51" id="T06:12:51"><abbr title="2011-11-17T06:12:51+00:00">06:12:51</abbr></a>] &lt;<cite>dm8tbr</cite>&gt; <q>k</q></li>
<li class="message">[<a href="#T06:13:03" id="T06:13:03"><abbr title="2011-11-17T06:13:03+00:00">06:13:03</abbr></a>] &lt;<cite>_av500_</cite>&gt; <q>dm8tbr: i hacked into the mainframe myself</q></li>
<li class="action">[<abbr title="2011-11-17T06:13:03+00:00">06:13:03</abbr>] <span>* dm8tbr checks his borad</span></li>
<li class="quit">[<a href="#T06:13:16" id="T06:13:16"><abbr title="2011-11-17T06:13:16+00:00">06:13:16</abbr></a>] <span>* Ceriand|desktop (~Ceriand@unaffiliated/ceriand) Quit (Ping timeout: 244 seconds)</span></li>
<li class="message">[<a href="#T06:13:38" id="T06:13:38"><abbr title="2011-11-17T06:13:38+00:00">06:13:38</abbr></a>] &lt;<cite>dm8tbr</cite>&gt; <q>k</q></li>
<li class="join">[<a href="#T06:25:11" id="T06:25:11"><abbr title="2011-11-17T06:25:11+00:00">06:25:11</abbr></a>] <span>* raster (raster@enlightenment2.osuosl.org) has joined #beagle</span></li>
<li class="quit">[<abbr title="2011-11-17T06:25:11+00:00">06:25:11</abbr>] <span>* raster (raster@enlightenment2.osuosl.org) Quit (Changing host)</span></li>
<li class="join">[<abbr title="2011-11-17T06:25:11+00:00">06:25:11</abbr>] <span>* raster (raster@enlightenment/developer/raster) has joined #beagle</span></li>
<li class="quit">[<a href="#T06:25:28" id="T06:25:28"><abbr title="2011-11-17T06:25:28+00:00">06:25:28</abbr></a>] <span>* NulL`` (~bleh1@178.16.0.233) Quit (Ping timeout: 240 seconds)</span></li>
<li class="quit">[<a href="#T06:25:57" id="T06:25:57"><abbr title="2011-11-17T06:25:57+00:00">06:25:57</abbr></a>] <span>* raster (raster@enlightenment/developer/raster) Quit (Client Quit)</span></li>
<li class="join">[<a href="#T06:26:15" id="T06:26:15"><abbr title="2011-11-17T06:26:15+00:00">06:26:15</abbr></a>] <span>* tasslehoff (~Tasslehof@147.84-49-231.nextgentel.com) has joined #beagle</span></li>
<li class="join">[<a href="#T06:27:27" id="T06:27:27"><abbr title="2011-11-17T06:27:27+00:00">06:27:27</abbr></a>] <span>* raster (raster@enlightenment2.osuosl.org) has joined #beagle</span></li>
<li class="quit">[<abbr title="2011-11-17T06:27:27+00:00">06:27:27</abbr>] <span>* raster (raster@enlightenment2.osuosl.org) Quit (Changing host)</span></li>
<li class="join">[<abbr title="2011-11-17T06:27:27+00:00">06:27:27</abbr>] <span>* raster (raster@enlightenment/developer/raster) has joined #beagle</span></li>
<li class="quit">[<a href="#T06:29:59" id="T06:29:59"><abbr title="2011-11-17T06:29:59+00:00">06:29:59</abbr></a>] <span>* Ceriand|desktop1 (~Ceriand@unaffiliated/ceriand) Quit (Quit: Leaving.)</span></li>
<li class="join">[<a href="#T06:31:11" id="T06:31:11"><abbr title="2011-11-17T06:31:11+00:00">06:31:11</abbr></a>] <span>* Ceriand|desktop (~Ceriand@unaffiliated/ceriand) has joined #beagle</span></li>
<li class="quit">[<a href="#T06:32:09" id="T06:32:09"><abbr title="2011-11-17T06:32:09+00:00">06:32:09</abbr></a>] <span>* raster (raster@enlightenment/developer/raster) Quit (Remote host closed the connection)</span></li>
<li class="quit">[<a href="#T06:33:04" id="T06:33:04"><abbr title="2011-11-17T06:33:04+00:00">06:33:04</abbr></a>] <span>* Crofton (~balister@pool-96-240-172-5.ronkva.east.verizon.net) Quit (Ping timeout: 240 seconds)</span></li>
<li class="quit">[<a href="#T06:33:28" id="T06:33:28"><abbr title="2011-11-17T06:33:28+00:00">06:33:28</abbr></a>] <span>* Crofton|work (~balister@pool-96-240-172-5.ronkva.east.verizon.net) Quit (Ping timeout: 240 seconds)</span></li>
<li class="quit">[<a href="#T06:39:20" id="T06:39:20"><abbr title="2011-11-17T06:39:20+00:00">06:39:20</abbr></a>] <span>* Ceriand|desktop (~Ceriand@unaffiliated/ceriand) Quit (Ping timeout: 260 seconds)</span></li>
<li class="join">[<a href="#T06:42:08" id="T06:42:08"><abbr title="2011-11-17T06:42:08+00:00">06:42:08</abbr></a>] <span>* NulL (~bleh1@87.254.82.163) has joined #beagle</span></li>
<li class="join">[<a href="#T06:45:27" id="T06:45:27"><abbr title="2011-11-17T06:45:27+00:00">06:45:27</abbr></a>] <span>* Ceriand|desktop (~Ceriand@c-24-23-34-248.hsd1.ca.comcast.net) has joined #beagle</span></li>
<li class="quit">[<a href="#T06:45:33" id="T06:45:33"><abbr title="2011-11-17T06:45:33+00:00">06:45:33</abbr></a>] <span>* Ceriand|desktop (~Ceriand@c-24-23-34-248.hsd1.ca.comcast.net) Quit (Changing host)</span></li>
<li class="join">[<abbr title="2011-11-17T06:45:33+00:00">06:45:33</abbr>] <span>* Ceriand|desktop (~Ceriand@unaffiliated/ceriand) has joined #beagle</span></li>
<li class="join">[<a href="#T06:49:58" id="T06:49:58"><abbr title="2011-11-17T06:49:58+00:00">06:49:58</abbr></a>] <span>* Crofton (~balister@pool-96-240-172-5.ronkva.east.verizon.net) has joined #beagle</span></li>
<li class="join">[<abbr title="2011-11-17T06:49:58+00:00">06:49:58</abbr>] <span>* Crofton|work (~balister@pool-96-240-172-5.ronkva.east.verizon.net) has joined #beagle</span></li>
<li class="nick-change">[<a href="#T06:59:00" id="T06:59:00"><abbr title="2011-11-17T06:59:00+00:00">06:59:00</abbr></a>] <span>* thweber_ is now known as thweber</span></li>
<li class="join">[<a href="#T06:59:36" id="T06:59:36"><abbr title="2011-11-17T06:59:36+00:00">06:59:36</abbr></a>] <span>* sean__ (~sean@219-89-160-232.jetstart.xtra.co.nz) has joined #beagle</span></li>
