<li class="quit">[<a href="#T00:08:23" id="T00:08:23"><abbr title="2011-04-24T00:08:23+00:00">00:08:23</abbr></a>] <span>* mpoirier (~quassel@S0106002369de4dac.cg.shawcable.net) Quit (Ping timeout: 276 seconds)</span></li>
<li class="join">[<a href="#T00:16:46" id="T00:16:46"><abbr title="2011-04-24T00:16:46+00:00">00:16:46</abbr></a>] <span>* ZeZu (~null@c-98-227-57-1.hsd1.in.comcast.net) has joined #beagle</span></li>
<li class="message">[<a href="#T00:22:17" id="T00:22:17"><abbr title="2011-04-24T00:22:17+00:00">00:22:17</abbr></a>] &lt;<cite>thurbad</cite>&gt; <q>Pinar the nautilus shell will work if you tell it to use sftp with the ip of the beagle</q></li>
<li class="message">[<a href="#T00:24:39" id="T00:24:39"><abbr title="2011-04-24T00:24:39+00:00">00:24:39</abbr></a>] &lt;<cite>Pinar</cite>&gt; <q>thurbad, thank you.</q></li>
<li class="message">[<a href="#T00:25:27" id="T00:25:27"><abbr title="2011-04-24T00:25:27+00:00">00:25:27</abbr></a>] &lt;<cite>Pinar</cite>&gt; <q>and what IDE to use when developing with c6accel? </q></li>
<li class="message">[<a href="#T00:26:44" id="T00:26:44"><abbr title="2011-04-24T00:26:44+00:00">00:26:44</abbr></a>] &lt;<cite>Pinar</cite>&gt; <q>makefile project on eclipse would be fine?</q></li>
<li class="join">[<a href="#T01:14:17" id="T01:14:17"><abbr title="2011-04-24T01:14:17+00:00">01:14:17</abbr></a>] <span>* gordos (3a6a4ce5@gateway/web/freenode/ip.58.106.76.229) has joined #beagle</span></li>
<li class="quit">[<a href="#T01:15:11" id="T01:15:11"><abbr title="2011-04-24T01:15:11+00:00">01:15:11</abbr></a>] <span>* Joe_B (617a823e@gateway/web/freenode/ip.97.122.130.62) Quit (Ping timeout: 252 seconds)</span></li>
<li class="join">[<a href="#T01:24:30" id="T01:24:30"><abbr title="2011-04-24T01:24:30+00:00">01:24:30</abbr></a>] <span>* H1N1_ (75c44460@gateway/web/freenode/ip.117.196.68.96) has joined #beagle</span></li>
<li class="message">[<a href="#T01:25:21" id="T01:25:21"><abbr title="2011-04-24T01:25:21+00:00">01:25:21</abbr></a>] &lt;<cite>H1N1_</cite>&gt; <q>djlewis: now opencv programs r working (SAKOMAN).got Display.Thank you Dude!!</q></li>
<li class="message">[<a href="#T01:25:38" id="T01:25:38"><abbr title="2011-04-24T01:25:38+00:00">01:25:38</abbr></a>] &lt;<cite>djlewis</cite>&gt; <q>H1N1_: hi, i'm glad you got it.</q></li>
<li class="message">[<a href="#T01:27:36" id="T01:27:36"><abbr title="2011-04-24T01:27:36+00:00">01:27:36</abbr></a>] &lt;<cite>H1N1_</cite>&gt; <q>cya bye</q></li>
<li class="message">[<a href="#T01:28:01" id="T01:28:01"><abbr title="2011-04-24T01:28:01+00:00">01:28:01</abbr></a>] &lt;<cite>H1N1_</cite>&gt; <q>again thanks from my friend too</q></li>
<li class="message">[<a href="#T01:30:40" id="T01:30:40"><abbr title="2011-04-24T01:30:40+00:00">01:30:40</abbr></a>] &lt;<cite>djlewis</cite>&gt; <q>you bet</q></li>
<li class="message">[<a href="#T01:30:42" id="T01:30:42"><abbr title="2011-04-24T01:30:42+00:00">01:30:42</abbr></a>] &lt;<cite>djlewis</cite>&gt; <q>later</q></li>
<li class="quit">[<a href="#T01:31:16" id="T01:31:16"><abbr title="2011-04-24T01:31:16+00:00">01:31:16</abbr></a>] <span>* H1N1_ (75c44460@gateway/web/freenode/ip.117.196.68.96) Quit (Quit: Page closed)</span></li>
<li class="quit">[<a href="#T01:50:51" id="T01:50:51"><abbr title="2011-04-24T01:50:51+00:00">01:50:51</abbr></a>] <span>* ZeZu (~null@c-98-227-57-1.hsd1.in.comcast.net) Quit ()</span></li>
<li class="quit">[<a href="#T01:53:33" id="T01:53:33"><abbr title="2011-04-24T01:53:33+00:00">01:53:33</abbr></a>] <span>* rcf (~rcf@126.227-243-81.adsl-dyn.isp.belgacom.be) Quit (Read error: Connection reset by peer)</span></li>
<li class="quit">[<a href="#T01:58:11" id="T01:58:11"><abbr title="2011-04-24T01:58:11+00:00">01:58:11</abbr></a>] <span>* W1N9Zr0 (~W1N9Zr0@69-165-245-171.cable.teksavvy.com) Quit (Ping timeout: 240 seconds)</span></li>
<li class="join">[<a href="#T02:05:49" id="T02:05:49"><abbr title="2011-04-24T02:05:49+00:00">02:05:49</abbr></a>] <span>* W1N9Zr0 (~W1N9Zr0@69-165-245-171.cable.teksavvy.com) has joined #beagle</span></li>
<li class="quit">[<a href="#T02:20:19" id="T02:20:19"><abbr title="2011-04-24T02:20:19+00:00">02:20:19</abbr></a>] <span>* gordos (3a6a4ce5@gateway/web/freenode/ip.58.106.76.229) Quit (Quit: Page closed)</span></li>
<li class="join">[<a href="#T02:30:19" id="T02:30:19"><abbr title="2011-04-24T02:30:19+00:00">02:30:19</abbr></a>] <span>* mtx_init (~mtx_init@unaffiliated/medex) has joined #beagle</span></li>
<li class="message">[<a href="#T02:31:40" id="T02:31:40"><abbr title="2011-04-24T02:31:40+00:00">02:31:40</abbr></a>] &lt;<cite>mtx_init</cite>&gt; <q>does anybody know how many watts the beagle pulls at 100% utilization?</q></li>
<li class="join">[<a href="#T02:36:09" id="T02:36:09"><abbr title="2011-04-24T02:36:09+00:00">02:36:09</abbr></a>] <span>* raster (~raster@enlightenment/developer/raster) has joined #beagle</span></li>
<li class="message">[<a href="#T02:44:17" id="T02:44:17"><abbr title="2011-04-24T02:44:17+00:00">02:44:17</abbr></a>] &lt;<cite>Pinar</cite>&gt; <q>how does bitbake do many tasks like do_patch do_configure do_compile?</q></li>
<li class="quit">[<a href="#T02:57:29" id="T02:57:29"><abbr title="2011-04-24T02:57:29+00:00">02:57:29</abbr></a>] <span>* Pinar (b2e98c5b@gateway/web/freenode/ip.178.233.140.91) Quit (Ping timeout: 252 seconds)</span></li>
<li class="join">[<a href="#T04:04:21" id="T04:04:21"><abbr title="2011-04-24T04:04:21+00:00">04:04:21</abbr></a>] <span>* Keripo (~keripo@165.123.49.169) has joined #beagle</span></li>
<li class="message">[<a href="#T04:05:28" id="T04:05:28"><abbr title="2011-04-24T04:05:28+00:00">04:05:28</abbr></a>] &lt;<cite>djlewis</cite>&gt; <q>hey, the processor was built with milliwatts in mind</q></li>
<li class="message">[<abbr title="2011-04-24T04:05:28+00:00">04:05:28</abbr>] &lt;<cite>Keripo</cite>&gt; <q>hi, I was wondering how one would go about (if its possible) using a beagleboard xM to simulate a USB keyboard to a standard computer</q></li>
<li class="message">[<a href="#T04:06:00" id="T04:06:00"><abbr title="2011-04-24T04:06:00+00:00">04:06:00</abbr></a>] &lt;<cite>djlewis</cite>&gt; <q>Keripo: you could do that a lot cheaper</q></li>
<li class="message">[<a href="#T04:08:02" id="T04:08:02"><abbr title="2011-04-24T04:08:02+00:00">04:08:02</abbr></a>] &lt;<cite>Keripo</cite>&gt; <q>djlewis: I'm working with the beagleboard xM since thats what I was given for my class as part of our final project ; )</q></li>
<li class="message">[<a href="#T04:08:42" id="T04:08:42"><abbr title="2011-04-24T04:08:42+00:00">04:08:42</abbr></a>] &lt;<cite>djlewis</cite>&gt; <q>oh. so what, fill ram full of characters and have it send them out usb as if someone was typing?</q></li>
<li class="message">[<a href="#T04:10:53" id="T04:10:53"><abbr title="2011-04-24T04:10:53+00:00">04:10:53</abbr></a>] &lt;<cite>djlewis</cite>&gt; <q>look at usb keyboard spec, write a emulator to reverse engineer it. otg port might do it.</q></li>
<li class="nick-change">[<a href="#T04:13:43" id="T04:13:43"><abbr title="2011-04-24T04:13:43+00:00">04:13:43</abbr></a>] <span>* kimitake_idle is now known as kimitake</span></li>
<li class="join">[<a href="#T04:22:58" id="T04:22:58"><abbr title="2011-04-24T04:22:58+00:00">04:22:58</abbr></a>] <span>* ands1 (~ands@89.244.126.194) has joined #beagle</span></li>
<li class="quit">[<abbr title="2011-04-24T04:22:58+00:00">04:22:58</abbr>] <span>* ands (~ands@89.244.126.194) Quit (Read error: Connection reset by peer)</span></li>
<li class="nick-change">[<a href="#T04:23:00" id="T04:23:00"><abbr title="2011-04-24T04:23:00+00:00">04:23:00</abbr></a>] <span>* ands1 is now known as ands</span></li>
<li class="quit">[<a href="#T04:44:30" id="T04:44:30"><abbr title="2011-04-24T04:44:30+00:00">04:44:30</abbr></a>] <span>* phantoxe (~destroy@a95-92-94-213.cpe.netcabo.pt) Quit ()</span></li>
<li class="join">[<a href="#T04:55:23" id="T04:55:23"><abbr title="2011-04-24T04:55:23+00:00">04:55:23</abbr></a>] <span>* prpplague^2 (~prpplague@ppp-70-242-117-153.dsl.rcsntx.swbell.net) has joined #beagle</span></li>
<li class="quit">[<a href="#T04:57:32" id="T04:57:32"><abbr title="2011-04-24T04:57:32+00:00">04:57:32</abbr></a>] <span>* GPSFan (~kenm@64.92.145.112) Quit (Remote host closed the connection)</span></li>
<li class="quit">[<a href="#T04:58:17" id="T04:58:17"><abbr title="2011-04-24T04:58:17+00:00">04:58:17</abbr></a>] <span>* prpplague (~prpplague@ppp-70-249-149-233.dsl.rcsntx.swbell.net) Quit (Ping timeout: 276 seconds)</span></li>
<li class="join">[<a href="#T05:12:59" id="T05:12:59"><abbr title="2011-04-24T05:12:59+00:00">05:12:59</abbr></a>] <span>* Openfree^ (~Openfree`@61.170.193.125) has joined #beagle</span></li>
<li class="quit">[<a href="#T05:18:24" id="T05:18:24"><abbr title="2011-04-24T05:18:24+00:00">05:18:24</abbr></a>] <span>* prpplague^2 (~prpplague@ppp-70-242-117-153.dsl.rcsntx.swbell.net) Quit (Read error: Connection reset by peer)</span></li>
<li class="join">[<a href="#T05:18:28" id="T05:18:28"><abbr title="2011-04-24T05:18:28+00:00">05:18:28</abbr></a>] <span>* prpplague^3 (~prpplague@ppp-70-242-115-91.dsl.rcsntx.swbell.net) has joined #beagle</span></li>
<li class="quit">[<a href="#T05:30:42" id="T05:30:42"><abbr title="2011-04-24T05:30:42+00:00">05:30:42</abbr></a>] <span>* novogrammer (~novogramm@w0109-114-22-183-19.uqwimax.jp) Quit (Read error: Connection reset by peer)</span></li>
<li class="join">[<a href="#T05:54:19" id="T05:54:19"><abbr title="2011-04-24T05:54:19+00:00">05:54:19</abbr></a>] <span>* rcf (~rcf@37.55-243-81.adsl-dyn.isp.belgacom.be) has joined #beagle</span></li>
<li class="message">[<a href="#T06:10:56" id="T06:10:56"><abbr title="2011-04-24T06:10:56+00:00">06:10:56</abbr></a>] &lt;<cite>_av500_</cite>&gt; <q>happy easter bunny hunting</q></li>
<li class="quit">[<a href="#T06:28:32" id="T06:28:32"><abbr title="2011-04-24T06:28:32+00:00">06:28:32</abbr></a>] <span>* djerome (~djerome@ip24-251-138-141.ph.ph.cox.net) Quit (Quit: Leaving)</span></li>
<li class="join">[<a href="#T06:51:59" id="T06:51:59"><abbr title="2011-04-24T06:51:59+00:00">06:51:59</abbr></a>] <span>* novogrammer (~novogramm@softbank126108028029.bbtec.net) has joined #beagle</span></li>
<li class="quit">[<a href="#T06:59:29" id="T06:59:29"><abbr title="2011-04-24T06:59:29+00:00">06:59:29</abbr></a>] <span>* mnt_real (~mnt_real@bas1-montreal43-2925384860.dsl.bell.ca) Quit (Remote host closed the connection)</span></li>
<li class="quit">[<a href="#T07:09:58" id="T07:09:58"><abbr title="2011-04-24T07:09:58+00:00">07:09:58</abbr></a>] <span>* Keripo (~keripo@165.123.49.169) Quit (Remote host closed the connection)</span></li>
<li class="join">[<a href="#T07:47:15" id="T07:47:15"><abbr title="2011-04-24T07:47:15+00:00">07:47:15</abbr></a>] <span>* arc_mat (~matze@p4FD8BC31.dip.t-dialin.net) has joined #beagle</span></li>
<li class="quit">[<a href="#T08:03:13" id="T08:03:13"><abbr title="2011-04-24T08:03:13+00:00">08:03:13</abbr></a>] <span>* C-o-r-E (~nash@173.178.30.142) Quit (Read error: Connection reset by peer)</span></li>
<li class="join">[<a href="#T08:07:02" id="T08:07:02"><abbr title="2011-04-24T08:07:02+00:00">08:07:02</abbr></a>] <span>* C-o-r-E (~nash@modemcable142.30-178-173.mc.videotron.ca) has joined #beagle</span></li>
<li class="quit">[<a href="#T08:20:56" id="T08:20:56"><abbr title="2011-04-24T08:20:56+00:00">08:20:56</abbr></a>] <span>* mtx_init (~mtx_init@unaffiliated/medex) Quit (Quit: mtx_init)</span></li>
<li class="join">[<a href="#T08:22:36" id="T08:22:36"><abbr title="2011-04-24T08:22:36+00:00">08:22:36</abbr></a>] <span>* ogra_ (~ogra@p5098ed03.dip0.t-ipconnect.de) has joined #beagle</span></li>
<li class="quit">[<a href="#T08:34:00" id="T08:34:00"><abbr title="2011-04-24T08:34:00+00:00">08:34:00</abbr></a>] <span>* brolin (~brolin@190.250.179.208) Quit (Quit: Lost terminal)</span></li>
<li class="quit">[<a href="#T08:34:36" id="T08:34:36"><abbr title="2011-04-24T08:34:36+00:00">08:34:36</abbr></a>] <span>* raster (~raster@enlightenment/developer/raster) Quit (Quit: Gettin' stinky!)</span></li>
<li class="quit">[<a href="#T08:46:53" id="T08:46:53"><abbr title="2011-04-24T08:46:53+00:00">08:46:53</abbr></a>] <span>* jacekowski (jacekowski@jacekowski.org) Quit (Ping timeout: 276 seconds)</span></li>
<li class="join">[<a href="#T08:56:33" id="T08:56:33"><abbr title="2011-04-24T08:56:33+00:00">08:56:33</abbr></a>] <span>* liu (7d47e7ce@gateway/web/freenode/ip.125.71.231.206) has joined #beagle</span></li>
<li class="join">[<a href="#T09:25:34" id="T09:25:34"><abbr title="2011-04-24T09:25:34+00:00">09:25:34</abbr></a>] <span>* arun_ (~arun@unaffiliated/sindian) has joined #beagle</span></li>
<li class="join">[<a href="#T09:39:25" id="T09:39:25"><abbr title="2011-04-24T09:39:25+00:00">09:39:25</abbr></a>] <span>* mctouch (~mctouch@cpc17-sgyl28-2-0-cust34.sgyl.cable.virginmedia.com) has joined #beagle</span></li>
<li class="join">[<a href="#T09:41:06" id="T09:41:06"><abbr title="2011-04-24T09:41:06+00:00">09:41:06</abbr></a>] <span>* ssc|home_ (~ssc@port-92-203-114-175.dynamic.qsc.de) has joined #beagle</span></li>
<li class="quit">[<a href="#T09:44:53" id="T09:44:53"><abbr title="2011-04-24T09:44:53+00:00">09:44:53</abbr></a>] <span>* ssc|home__ (~ssc@port-92-203-70-202.dynamic.qsc.de) Quit (Ping timeout: 260 seconds)</span></li>
<li class="quit">[<a href="#T09:51:19" id="T09:51:19"><abbr title="2011-04-24T09:51:19+00:00">09:51:19</abbr></a>] <span>* mrc3 (~ddiaz@189.157.110.14) Quit (Ping timeout: 250 seconds)</span></li>
<li class="join">[<a href="#T10:05:30" id="T10:05:30"><abbr title="2011-04-24T10:05:30+00:00">10:05:30</abbr></a>] <span>* mrc3 (~ddiaz@189.157.118.24) has joined #beagle</span></li>
<li class="join">[<a href="#T10:06:20" id="T10:06:20"><abbr title="2011-04-24T10:06:20+00:00">10:06:20</abbr></a>] <span>* skodabenz (~keshav_pr@skodabenz.broker.freenet6.net) has joined #beagle</span></li>
<li class="quit">[<a href="#T10:07:03" id="T10:07:03"><abbr title="2011-04-24T10:07:03+00:00">10:07:03</abbr></a>] <span>* arc_mat (~matze@p4FD8BC31.dip.t-dialin.net) Quit (Ping timeout: 260 seconds)</span></li>
<li class="quit">[<a href="#T10:12:01" id="T10:12:01"><abbr title="2011-04-24T10:12:01+00:00">10:12:01</abbr></a>] <span>* mrc3 (~ddiaz@189.157.118.24) Quit (Ping timeout: 252 seconds)</span></li>
<li class="join">[<a href="#T10:13:23" id="T10:13:23"><abbr title="2011-04-24T10:13:23+00:00">10:13:23</abbr></a>] <span>* florian (~fuchs@Maemo/community/contributor/florian) has joined #beagle</span></li>
<li class="join">[<a href="#T10:13:37" id="T10:13:37"><abbr title="2011-04-24T10:13:37+00:00">10:13:37</abbr></a>] <span>* dl9pf (~quassel@opensuse/member/dl9pf) has joined #beagle</span></li>
<li class="quit">[<a href="#T10:14:56" id="T10:14:56"><abbr title="2011-04-24T10:14:56+00:00">10:14:56</abbr></a>] <span>* ogra_ (~ogra@p5098ed03.dip0.t-ipconnect.de) Quit (Excess Flood)</span></li>
<li class="join">[<a href="#T10:15:29" id="T10:15:29"><abbr title="2011-04-24T10:15:29+00:00">10:15:29</abbr></a>] <span>* ogra_ (~ogra@80.152.237.3) has joined #beagle</span></li>
<li class="quit">[<a href="#T10:18:17" id="T10:18:17"><abbr title="2011-04-24T10:18:17+00:00">10:18:17</abbr></a>] <span>* _koen_ (~x0115699@nat/ti/x-gadvbkvbeeosjkdg) Quit (Ping timeout: 252 seconds)</span></li>
<li class="join">[<a href="#T10:24:27" id="T10:24:27"><abbr title="2011-04-24T10:24:27+00:00">10:24:27</abbr></a>] <span>* mrc3 (~ddiaz@189.157.121.56) has joined #beagle</span></li>
<li class="part">[<a href="#T10:31:06" id="T10:31:06"><abbr title="2011-04-24T10:31:06+00:00">10:31:06</abbr></a>] <span>* skodabenz (~keshav_pr@skodabenz.broker.freenet6.net) has left #beagle</span></li>
<li class="join">[<a href="#T10:38:55" id="T10:38:55"><abbr title="2011-04-24T10:38:55+00:00">10:38:55</abbr></a>] <span>* sundar (7aa44571@gateway/web/freenode/ip.122.164.69.113) has joined #beagle</span></li>
<li class="message">[<a href="#T10:39:33" id="T10:39:33"><abbr title="2011-04-24T10:39:33+00:00">10:39:33</abbr></a>] &lt;<cite>sundar</cite>&gt; <q>hello guys... i have a problem with the kernel that i compiled. i get a kernel panic from vfs</q></li>
<li class="message">[<a href="#T10:39:44" id="T10:39:44"><abbr title="2011-04-24T10:39:44+00:00">10:39:44</abbr></a>] &lt;<cite>sundar</cite>&gt; <q>could someone please help?</q></li>
<li class="part">[<a href="#T10:42:07" id="T10:42:07"><abbr title="2011-04-24T10:42:07+00:00">10:42:07</abbr></a>] <span>* liu (7d47e7ce@gateway/web/freenode/ip.125.71.231.206) has left #beagle</span></li>
<li class="message">[<a href="#T10:45:41" id="T10:45:41"><abbr title="2011-04-24T10:45:41+00:00">10:45:41</abbr></a>] &lt;<cite>sundar</cite>&gt; <q>guys anyone here has dealt with the vfs kernel panic?</q></li>
<li class="message">[<a href="#T10:46:05" id="T10:46:05"><abbr title="2011-04-24T10:46:05+00:00">10:46:05</abbr></a>] &lt;<cite>sundar</cite>&gt; <q>i have 2.6.36 and i cant mount the root fs with rw</q></li>
<li class="message">[<a href="#T10:46:16" id="T10:46:16"><abbr title="2011-04-24T10:46:16+00:00">10:46:16</abbr></a>] &lt;<cite>sundar</cite>&gt; <q>but it does when i tried to mount as ro</q></li>
<li class="quit">[<a href="#T10:56:24" id="T10:56:24"><abbr title="2011-04-24T10:56:24+00:00">10:56:24</abbr></a>] <span>* sundar (7aa44571@gateway/web/freenode/ip.122.164.69.113) Quit (Quit: Page closed)</span></li>
