<li class="join">[<a href="#T00:00:27" id="T00:00:27"><abbr title="2011-08-21T00:00:27+00:00">00:00:27</abbr></a>] <span>* mnt_real (~sinan@bas9-montrealak-1177755272.dsl.bell.ca) has joined #beagleboard</span></li>
<li class="quit">[<a href="#T00:07:00" id="T00:07:00"><abbr title="2011-08-21T00:07:00+00:00">00:07:00</abbr></a>] <span>* Plop_ (58bb2777@gateway/web/freenode/ip.88.187.39.119) Quit (Ping timeout: 252 seconds)</span></li>
<li class="quit">[<a href="#T00:10:47" id="T00:10:47"><abbr title="2011-08-21T00:10:47+00:00">00:10:47</abbr></a>] <span>* thurbad (~natesewel@rrcs-97-79-173-242.sw.biz.rr.com) Quit (Remote host closed the connection)</span></li>
<li class="join">[<a href="#T00:14:18" id="T00:14:18"><abbr title="2011-08-21T00:14:18+00:00">00:14:18</abbr></a>] <span>* thurbad (~natesewel@rrcs-97-79-173-242.sw.biz.rr.com) has joined #beagle</span></li>
<li class="join">[<a href="#T00:18:06" id="T00:18:06"><abbr title="2011-08-21T00:18:06+00:00">00:18:06</abbr></a>] <span>* nerxgas (posthorn@76-14-166-97.wsac.wavecable.com) has joined #beagle</span></li>
<li class="quit">[<a href="#T00:25:50" id="T00:25:50"><abbr title="2011-08-21T00:25:50+00:00">00:25:50</abbr></a>] <span>* thurbad (~natesewel@rrcs-97-79-173-242.sw.biz.rr.com) Quit (Remote host closed the connection)</span></li>
<li class="join">[<a href="#T00:27:24" id="T00:27:24"><abbr title="2011-08-21T00:27:24+00:00">00:27:24</abbr></a>] <span>* thurbad (~natesewel@rrcs-97-79-173-242.sw.biz.rr.com) has joined #beagle</span></li>
<li class="quit">[<a href="#T00:31:54" id="T00:31:54"><abbr title="2011-08-21T00:31:54+00:00">00:31:54</abbr></a>] <span>* ZeZu (~null@c-98-227-57-88.hsd1.in.comcast.net) Quit (Ping timeout: 240 seconds)</span></li>
<li class="quit">[<a href="#T00:34:02" id="T00:34:02"><abbr title="2011-08-21T00:34:02+00:00">00:34:02</abbr></a>] <span>* thurbad (~natesewel@rrcs-97-79-173-242.sw.biz.rr.com) Quit (Remote host closed the connection)</span></li>
<li class="join">[<a href="#T00:37:36" id="T00:37:36"><abbr title="2011-08-21T00:37:36+00:00">00:37:36</abbr></a>] <span>* thurbad (~natesewel@rrcs-97-79-173-242.sw.biz.rr.com) has joined #beagle</span></li>
<li class="quit">[<a href="#T01:03:48" id="T01:03:48"><abbr title="2011-08-21T01:03:48+00:00">01:03:48</abbr></a>] <span>* nerxgas (posthorn@76-14-166-97.wsac.wavecable.com) Quit ()</span></li>
<li class="quit">[<a href="#T01:06:46" id="T01:06:46"><abbr title="2011-08-21T01:06:46+00:00">01:06:46</abbr></a>] <span>* rcf (~rcf@251.135-243-81.adsl-dyn.isp.belgacom.be) Quit (Quit: This war is mine)</span></li>
<li class="join">[<a href="#T01:20:39" id="T01:20:39"><abbr title="2011-08-21T01:20:39+00:00">01:20:39</abbr></a>] <span>* mIKEjONES (~mIKEjONES@orbital.rh.rit.edu) has joined #beagle</span></li>
<li class="message">[<a href="#T01:27:36" id="T01:27:36"><abbr title="2011-08-21T01:27:36+00:00">01:27:36</abbr></a>] &lt;<cite>djlewis</cite>&gt; <q>feels good to be using my BB c2 again :)</q></li>
<li class="join">[<a href="#T01:59:48" id="T01:59:48"><abbr title="2011-08-21T01:59:48+00:00">01:59:48</abbr></a>] <span>* arcaico (~Frederico@189.12.124.21) has joined #beagle</span></li>
<li class="join">[<a href="#T02:02:05" id="T02:02:05"><abbr title="2011-08-21T02:02:05+00:00">02:02:05</abbr></a>] <span>* tegila (~tegila@189-015-140-147.xd-dynamic.ctbcnetsuper.com.br) has joined #beagle</span></li>
<li class="quit">[<a href="#T02:11:03" id="T02:11:03"><abbr title="2011-08-21T02:11:03+00:00">02:11:03</abbr></a>] <span>* C-o-r-E (~nash@modemcable118.35-178-173.mc.videotron.ca) Quit (Quit: reboot)</span></li>
<li class="quit">[<a href="#T02:12:09" id="T02:12:09"><abbr title="2011-08-21T02:12:09+00:00">02:12:09</abbr></a>] <span>* espindola (~espindola@CPE30469af9ce48-CM001225dd5348.cpe.net.cable.rogers.com) Quit (Quit: Ex-Chat)</span></li>
<li class="join">[<a href="#T02:31:48" id="T02:31:48"><abbr title="2011-08-21T02:31:48+00:00">02:31:48</abbr></a>] <span>* raster (~raster@enlightenment/developer/raster) has joined #beagle</span></li>
<li class="quit">[<a href="#T02:44:38" id="T02:44:38"><abbr title="2011-08-21T02:44:38+00:00">02:44:38</abbr></a>] <span>* kaio (~kaio@fedora/kaio) Quit (Ping timeout: 258 seconds)</span></li>
<li class="quit">[<a href="#T02:45:05" id="T02:45:05"><abbr title="2011-08-21T02:45:05+00:00">02:45:05</abbr></a>] <span>* kaio_ (~kaio@fedora/kaio) Quit (Ping timeout: 252 seconds)</span></li>
<li class="join">[<a href="#T02:56:54" id="T02:56:54"><abbr title="2011-08-21T02:56:54+00:00">02:56:54</abbr></a>] <span>* kaio (~kaio@fedora/kaio) has joined #beagle</span></li>
<li class="join">[<a href="#T03:01:46" id="T03:01:46"><abbr title="2011-08-21T03:01:46+00:00">03:01:46</abbr></a>] <span>* kaio_ (~kaio@fedora/kaio) has joined #beagle</span></li>
<li class="quit">[<a href="#T03:17:35" id="T03:17:35"><abbr title="2011-08-21T03:17:35+00:00">03:17:35</abbr></a>] <span>* djlewis (~quassel@75.15.64.180) Quit (Quit: <a href="http://quassel-irc.org">http://quassel-irc.org</a> - Chat comfortably. Anywhere.)</span></li>
<li class="join">[<a href="#T03:39:45" id="T03:39:45"><abbr title="2011-08-21T03:39:45+00:00">03:39:45</abbr></a>] <span>* hitlin37 (7838ccf4@gateway/web/freenode/ip.120.56.204.244) has joined #beagle</span></li>
<li class="quit">[<a href="#T03:46:45" id="T03:46:45"><abbr title="2011-08-21T03:46:45+00:00">03:46:45</abbr></a>] <span>* kaio_ (~kaio@fedora/kaio) Quit (Ping timeout: 276 seconds)</span></li>
<li class="join">[<a href="#T03:47:34" id="T03:47:34"><abbr title="2011-08-21T03:47:34+00:00">03:47:34</abbr></a>] <span>* kaio_ (~kaio@fedora/kaio) has joined #beagle</span></li>
<li class="quit">[<a href="#T03:56:30" id="T03:56:30"><abbr title="2011-08-21T03:56:30+00:00">03:56:30</abbr></a>] <span>* tegila (~tegila@189-015-140-147.xd-dynamic.ctbcnetsuper.com.br) Quit (Quit: Leaving.)</span></li>
<li class="quit">[<a href="#T04:10:37" id="T04:10:37"><abbr title="2011-08-21T04:10:37+00:00">04:10:37</abbr></a>] <span>* arcaico (~Frederico@189.12.124.21) Quit (Ping timeout: 240 seconds)</span></li>
<li class="join">[<a href="#T04:15:04" id="T04:15:04"><abbr title="2011-08-21T04:15:04+00:00">04:15:04</abbr></a>] <span>* joelagnel (~joel@cpe-76-184-244-226.tx.res.rr.com) has joined #beagle</span></li>
<li class="join">[<a href="#T04:17:25" id="T04:17:25"><abbr title="2011-08-21T04:17:25+00:00">04:17:25</abbr></a>] <span>* Crofton (~balister@12.207.17.2) has joined #beagle</span></li>
<li class="quit">[<a href="#T04:24:15" id="T04:24:15"><abbr title="2011-08-21T04:24:15+00:00">04:24:15</abbr></a>] <span>* Crofton (~balister@12.207.17.2) Quit (Ping timeout: 258 seconds)</span></li>
<li class="join">[<a href="#T04:29:12" id="T04:29:12"><abbr title="2011-08-21T04:29:12+00:00">04:29:12</abbr></a>] <span>* ericb2 (~X@unaffiliated/ericb2) has joined #beagle</span></li>
<li class="join">[<a href="#T04:46:31" id="T04:46:31"><abbr title="2011-08-21T04:46:31+00:00">04:46:31</abbr></a>] <span>* C-o-r-E (~nash@modemcable118.35-178-173.mc.videotron.ca) has joined #beagle</span></li>
<li class="part">[<a href="#T04:49:04" id="T04:49:04"><abbr title="2011-08-21T04:49:04+00:00">04:49:04</abbr></a>] <span>* vcs (sundial@progressive.musicfiend.net) has left #beagle</span></li>
<li class="quit">[<a href="#T05:10:14" id="T05:10:14"><abbr title="2011-08-21T05:10:14+00:00">05:10:14</abbr></a>] <span>* hitlin37 (7838ccf4@gateway/web/freenode/ip.120.56.204.244) Quit (Ping timeout: 252 seconds)</span></li>
<li class="join">[<a href="#T05:23:35" id="T05:23:35"><abbr title="2011-08-21T05:23:35+00:00">05:23:35</abbr></a>] <span>* jkridner (~jason@adsl-99-150-132-70.dsl.sfldmi.sbcglobal.net) has joined #beagle</span></li>
<li class="quit">[<abbr title="2011-08-21T05:23:35+00:00">05:23:35</abbr>] <span>* jkridner (~jason@adsl-99-150-132-70.dsl.sfldmi.sbcglobal.net) Quit (Changing host)</span></li>
<li class="join">[<abbr title="2011-08-21T05:23:35+00:00">05:23:35</abbr>] <span>* jkridner (~jason@pdpc/supporter/active/jkridner) has joined #beagle</span></li>
<li class="join">[<a href="#T05:23:42" id="T05:23:42"><abbr title="2011-08-21T05:23:42+00:00">05:23:42</abbr></a>] <span>* jkridner (~jason@pdpc/supporter/active/jkridner) has joined #beagleboard</span></li>
<li class="quit">[<a href="#T05:23:52" id="T05:23:52"><abbr title="2011-08-21T05:23:52+00:00">05:23:52</abbr></a>] <span>* marcompile (~marco@20158006164.user.veloxzone.com.br) Quit (Quit: Ex-Chat)</span></li>
<li class="quit">[<a href="#T05:32:50" id="T05:32:50"><abbr title="2011-08-21T05:32:50+00:00">05:32:50</abbr></a>] <span>* phantoxe (~destroy@a95-92-86-197.cpe.netcabo.pt) Quit ()</span></li>
<li class="join">[<a href="#T05:35:56" id="T05:35:56"><abbr title="2011-08-21T05:35:56+00:00">05:35:56</abbr></a>] <span>* dl9pf (~quassel@opensuse/member/dl9pf) has joined #beagle</span></li>
<li class="quit">[<a href="#T05:36:22" id="T05:36:22"><abbr title="2011-08-21T05:36:22+00:00">05:36:22</abbr></a>] <span>* dl9pf_ (~quassel@p5B214327.dip.t-dialin.net) Quit (Ping timeout: 258 seconds)</span></li>
<li class="join">[<a href="#T05:42:21" id="T05:42:21"><abbr title="2011-08-21T05:42:21+00:00">05:42:21</abbr></a>] <span>* hitlin37 (7838c16f@gateway/web/freenode/ip.120.56.193.111) has joined #beagle</span></li>
<li class="join">[<a href="#T05:51:50" id="T05:51:50"><abbr title="2011-08-21T05:51:50+00:00">05:51:50</abbr></a>] <span>* GGuyZ (~guyz@bzq-79-180-185-23.red.bezeqint.net) has joined #beagle</span></li>
<li class="message">[<a href="#T05:51:53" id="T05:51:53"><abbr title="2011-08-21T05:51:53+00:00">05:51:53</abbr></a>] &lt;<cite>GGuyZ</cite>&gt; <q>Hi</q></li>
<li class="message">[<a href="#T05:52:47" id="T05:52:47"><abbr title="2011-08-21T05:52:47+00:00">05:52:47</abbr></a>] &lt;<cite>GGuyZ</cite>&gt; <q>In omapfbplay there are two implementations of the memory manager - 'normal memory' and cmem. I was wondering if using cmem works and what is its purpose</q></li>
<li class="message">[<a href="#T05:53:19" id="T05:53:19"><abbr title="2011-08-21T05:53:19+00:00">05:53:19</abbr></a>] &lt;<cite>GGuyZ</cite>&gt; <q>Since cmem is actually the memory on the DSP, and AFAIK omapfbplay doesn't process anything on it. Just on the arm core</q></li>
