<li class="join">[<a href="#T00:06:30" id="T00:06:30"><abbr title="2011-03-22T00:06:30+00:00">00:06:30</abbr></a>] <span>* BeagleBot (~PircBot@ec2-75-101-156-174.compute-1.amazonaws.com) has joined #beagle</span></li>
<li class="topic">[<abbr title="2011-03-22T00:06:30+00:00">00:06:30</abbr>] <span>* Topic is '"Welcome to #Beagle | Discussion about the OMAP3 Beagle Board - <a href="http://beagleboard.org">http://beagleboard.org</a> | Beagle search tools are on #dashboard at irc.gimp.org, NOT here ;-)"'</span></li>
<li class="topic">[<abbr title="2011-03-22T00:06:30+00:00">00:06:30</abbr>] <span>* Set by likewise on Tue Nov 17 16:28:25 CST 2009</span></li>
<li class="quit">[<a href="#T00:09:50" id="T00:09:50"><abbr title="2011-03-22T00:09:50+00:00">00:09:50</abbr></a>] <span>* ddompe (~ddompe@201.191.195.223) Quit (Quit: ddompe is leaving)</span></li>
<li class="quit">[<a href="#T00:19:14" id="T00:19:14"><abbr title="2011-03-22T00:19:14+00:00">00:19:14</abbr></a>] <span>* gdm (~gdm@186.18.175.127) Quit (Quit: Ex-Chat)</span></li>
<li class="quit">[<a href="#T00:26:07" id="T00:26:07"><abbr title="2011-03-22T00:26:07+00:00">00:26:07</abbr></a>] <span>* likewise (~likewise@82-170-243-215.ip.telfort.nl) Quit (Quit: likewise)</span></li>
<li class="join">[<a href="#T00:29:15" id="T00:29:15"><abbr title="2011-03-22T00:29:15+00:00">00:29:15</abbr></a>] <span>* likewise (~likewise@82-170-243-215.ip.telfort.nl) has joined #beagle</span></li>
<li class="quit">[<a href="#T00:30:04" id="T00:30:04"><abbr title="2011-03-22T00:30:04+00:00">00:30:04</abbr></a>] <span>* likewise (~likewise@82-170-243-215.ip.telfort.nl) Quit (Client Quit)</span></li>
<li class="message">[<a href="#T00:41:55" id="T00:41:55"><abbr title="2011-03-22T00:41:55+00:00">00:41:55</abbr></a>] &lt;<cite>beagle2</cite>&gt; <q>thurbad, ya, the new sd card isn't working now.... :(</q></li>
<li class="message">[<a href="#T00:42:05" id="T00:42:05"><abbr title="2011-03-22T00:42:05+00:00">00:42:05</abbr></a>] &lt;<cite>beagle2</cite>&gt; <q>and is gives me a scary message when i try to ssh into it</q></li>
<li class="message">[<a href="#T00:44:58" id="T00:44:58"><abbr title="2011-03-22T00:44:58+00:00">00:44:58</abbr></a>] &lt;<cite>beagle2</cite>&gt; <q>anyone help me plz...?</q></li>
<li class="join">[<a href="#T00:45:29" id="T00:45:29"><abbr title="2011-03-22T00:45:29+00:00">00:45:29</abbr></a>] <span>* djerome (~djerome@ip24-251-138-141.ph.ph.cox.net) has joined #beagle</span></li>
<li class="message">[<a href="#T00:45:45" id="T00:45:45"><abbr title="2011-03-22T00:45:45+00:00">00:45:45</abbr></a>] &lt;<cite>vadmium</cite>&gt; <q>what's not working about your sd card? what's the scary ssh message?</q></li>
<li class="message">[<a href="#T00:46:06" id="T00:46:06"><abbr title="2011-03-22T00:46:06+00:00">00:46:06</abbr></a>] &lt;<cite>beagle2</cite>&gt; <q>um, here's the pastebin:</q></li>
<li class="message">[<a href="#T00:46:32" id="T00:46:32"><abbr title="2011-03-22T00:46:32+00:00">00:46:32</abbr></a>] &lt;<cite>beagle2</cite>&gt; <q><a href="http://pastebin.com/476kL0m8">http://pastebin.com/476kL0m8</a></q></li>
<li class="message">[<a href="#T00:46:40" id="T00:46:40"><abbr title="2011-03-22T00:46:40+00:00">00:46:40</abbr></a>] &lt;<cite>beagle2</cite>&gt; <q>the stupid thing is i know why iti s doing it</q></li>
<li class="message">[<a href="#T00:46:52" id="T00:46:52"><abbr title="2011-03-22T00:46:52+00:00">00:46:52</abbr></a>] &lt;<cite>beagle2</cite>&gt; <q>it is cause i am trying to use a different sd card now than the one i originally used</q></li>
<li class="message">[<a href="#T00:47:11" id="T00:47:11"><abbr title="2011-03-22T00:47:11+00:00">00:47:11</abbr></a>] &lt;<cite>beagle2</cite>&gt; <q>cause i changed the static ip on my original one and i forgot what i changed it to... :(</q></li>
<li class="message">[<a href="#T00:47:29" id="T00:47:29"><abbr title="2011-03-22T00:47:29+00:00">00:47:29</abbr></a>] &lt;<cite>vadmium</cite>&gt; <q>yeah okay that's just saying the "identity" of your ssh server changed</q></li>
<li class="message">[<a href="#T00:48:13" id="T00:48:13"><abbr title="2011-03-22T00:48:13+00:00">00:48:13</abbr></a>] &lt;<cite>vadmium</cite>&gt; <q>quick fix is to delete line 1 from the known_hosts file</q></li>
<li class="message">[<a href="#T00:48:30" id="T00:48:30"><abbr title="2011-03-22T00:48:30+00:00">00:48:30</abbr></a>] &lt;<cite>vadmium</cite>&gt; <q>then next time you connect to that IP address it'll ask you to verify the host key again</q></li>
<li class="message">[<a href="#T00:49:34" id="T00:49:34"><abbr title="2011-03-22T00:49:34+00:00">00:49:34</abbr></a>] &lt;<cite>beagle2</cite>&gt; <q>k, that makes sense, let me try it out</q></li>
<li class="message">[<a href="#T00:49:55" id="T00:49:55"><abbr title="2011-03-22T00:49:55+00:00">00:49:55</abbr></a>] &lt;<cite>beagle2</cite>&gt; <q>is there a way to see the contents of root folder in my filesystem gui?</q></li>
<li class="message">[<a href="#T00:50:01" id="T00:50:01"><abbr title="2011-03-22T00:50:01+00:00">00:50:01</abbr></a>] &lt;<cite>beagle2</cite>&gt; <q>it says i don't have permission,</q></li>
<li class="message">[<a href="#T00:50:12" id="T00:50:12"><abbr title="2011-03-22T00:50:12+00:00">00:50:12</abbr></a>] &lt;<cite>beagle2</cite>&gt; <q>but i know the admin pass, i just don't know where to enter it...</q></li>
<li class="message">[<a href="#T00:50:20" id="T00:50:20"><abbr title="2011-03-22T00:50:20+00:00">00:50:20</abbr></a>] &lt;<cite>vadmium</cite>&gt; <q>sudo?</q></li>
<li class="message">[<a href="#T00:50:25" id="T00:50:25"><abbr title="2011-03-22T00:50:25+00:00">00:50:25</abbr></a>] &lt;<cite>beagle2</cite>&gt; <q>i can get to it from the terminal, but i am an old-fashion windows guy :)</q></li>
<li class="message">[<a href="#T00:50:32" id="T00:50:32"><abbr title="2011-03-22T00:50:32+00:00">00:50:32</abbr></a>] &lt;<cite>beagle2</cite>&gt; <q>ya, i'll just do terminal...</q></li>
<li class="message">[<a href="#T00:50:43" id="T00:50:43"><abbr title="2011-03-22T00:50:43+00:00">00:50:43</abbr></a>] &lt;<cite>vadmium</cite>&gt; <q>maybe if you know the program name of the filesystem gui, and run that with sudo</q></li>
<li class="message">[<a href="#T00:51:34" id="T00:51:34"><abbr title="2011-03-22T00:51:34+00:00">00:51:34</abbr></a>] &lt;<cite>beagle2</cite>&gt; <q>aye...i'll just use sob vi for now...</q></li>
<li class="message">[<a href="#T00:54:11" id="T00:54:11"><abbr title="2011-03-22T00:54:11+00:00">00:54:11</abbr></a>] &lt;<cite>beagle2</cite>&gt; <q>'PTY allocation request failed on channel 0 shell request failed on channel 0'</q></li>
<li class="message">[<a href="#T00:54:16" id="T00:54:16"><abbr title="2011-03-22T00:54:16+00:00">00:54:16</abbr></a>] &lt;<cite>beagle2</cite>&gt; <q>what that mean?</q></li>
<li class="message">[<a href="#T00:54:22" id="T00:54:22"><abbr title="2011-03-22T00:54:22+00:00">00:54:22</abbr></a>] &lt;<cite>beagle2</cite>&gt; <q>it comes up when i try to ssh now</q></li>
<li class="message">[<a href="#T00:54:26" id="T00:54:26"><abbr title="2011-03-22T00:54:26+00:00">00:54:26</abbr></a>] &lt;<cite>beagle2</cite>&gt; <q>it is prompting me for pass,</q></li>
<li class="message">[<a href="#T00:54:31" id="T00:54:31"><abbr title="2011-03-22T00:54:31+00:00">00:54:31</abbr></a>] &lt;<cite>beagle2</cite>&gt; <q>and i am entering correct pass</q></li>
<li class="message">[<a href="#T00:55:27" id="T00:55:27"><abbr title="2011-03-22T00:55:27+00:00">00:55:27</abbr></a>] &lt;<cite>vadmium</cite>&gt; <q>don't really know</q></li>
<li class="message">[<a href="#T00:56:33" id="T00:56:33"><abbr title="2011-03-22T00:56:33+00:00">00:56:33</abbr></a>] &lt;<cite>vadmium</cite>&gt; <q>you could try ssh -v option which prints out lots of debug info</q></li>
<li class="message">[<a href="#T00:57:41" id="T00:57:41"><abbr title="2011-03-22T00:57:41+00:00">00:57:41</abbr></a>] &lt;<cite>beagle2</cite>&gt; <q>k</q></li>
<li class="message">[<a href="#T00:58:04" id="T00:58:04"><abbr title="2011-03-22T00:58:04+00:00">00:58:04</abbr></a>] &lt;<cite>vadmium</cite>&gt; <q>maybe the ssh server has got lots of features disabled or something</q></li>
<li class="message">[<a href="#T00:58:47" id="T00:58:47"><abbr title="2011-03-22T00:58:47+00:00">00:58:47</abbr></a>] &lt;<cite>beagle2</cite>&gt; <q>hmmm</q></li>
<li class="message">[<a href="#T00:59:01" id="T00:59:01"><abbr title="2011-03-22T00:59:01+00:00">00:59:01</abbr></a>] &lt;<cite>beagle2</cite>&gt; <q>i was just ssh-ing into this same image (on a different card) earlier today...</q></li>
<li class="message">[<a href="#T00:59:10" id="T00:59:10"><abbr title="2011-03-22T00:59:10+00:00">00:59:10</abbr></a>] &lt;<cite>beagle2</cite>&gt; <q>cool, i got some additional info</q></li>
<li class="message">[<a href="#T00:59:22" id="T00:59:22"><abbr title="2011-03-22T00:59:22+00:00">00:59:22</abbr></a>] &lt;<cite>beagle2</cite>&gt; <q>it looks like it took the password after all</q></li>
<li class="message">[<a href="#T00:59:34" id="T00:59:34"><abbr title="2011-03-22T00:59:34+00:00">00:59:34</abbr></a>] &lt;<cite>vadmium</cite>&gt; <q>or see if there are logs from the ssh server you can check</q></li>
<li class="message">[<a href="#T00:59:38" id="T00:59:38"><abbr title="2011-03-22T00:59:38+00:00">00:59:38</abbr></a>] &lt;<cite>beagle2</cite>&gt; <q>then the last line before the errors is:</q></li>
<li class="message">[<a href="#T00:59:39" id="T00:59:39"><abbr title="2011-03-22T00:59:39+00:00">00:59:39</abbr></a>] &lt;<cite>beagle2</cite>&gt; <q>debug1: Sending env LANG = en_US.UTF-8</q></li>
<li class="message">[<a href="#T00:59:57" id="T00:59:57"><abbr title="2011-03-22T00:59:57+00:00">00:59:57</abbr></a>] &lt;<cite>beagle2</cite>&gt; <q>hmmm, do you know where those would be located?</q></li>
