<li class="quit">[<a href="#T00:06:11" id="T00:06:11"><abbr title="2011-09-04T00:06:11+00:00">00:06:11</abbr></a>] <span>* pcacjr (~pcacjr@unaffiliated/pcacjr) Quit (Quit: Lost terminal)</span></li>
<li class="join">[<a href="#T00:10:54" id="T00:10:54"><abbr title="2011-09-04T00:10:54+00:00">00:10:54</abbr></a>] <span>* djone (bad5cb17@gateway/web/freenode/ip.186.213.203.23) has joined #beagle</span></li>
<li class="message">[<a href="#T00:11:10" id="T00:11:10"><abbr title="2011-09-04T00:11:10+00:00">00:11:10</abbr></a>] &lt;<cite>djone</cite>&gt; <q>hello </q></li>
<li class="join">[<a href="#T00:17:34" id="T00:17:34"><abbr title="2011-09-04T00:17:34+00:00">00:17:34</abbr></a>] <span>* tegila (~tegila@189-015-95-247.xd-dynamic.ctbcnetsuper.com.br) has joined #beagle</span></li>
<li class="join">[<a href="#T00:19:08" id="T00:19:08"><abbr title="2011-09-04T00:19:08+00:00">00:19:08</abbr></a>] <span>* pancakes (ca003afe@gateway/web/freenode/ip.202.0.58.254) has joined #beagle</span></li>
<li class="message">[<a href="#T00:31:54" id="T00:31:54"><abbr title="2011-09-04T00:31:54+00:00">00:31:54</abbr></a>] &lt;<cite>pancakes</cite>&gt; <q>is there a way to set a custom resolution for the s-video out?</q></li>
<li class="message">[<a href="#T00:32:06" id="T00:32:06"><abbr title="2011-09-04T00:32:06+00:00">00:32:06</abbr></a>] &lt;<cite>pancakes</cite>&gt; <q>it seems I can only get PAL/NTSC when my display runs at 800x480</q></li>
<li class="join">[<a href="#T01:20:04" id="T01:20:04"><abbr title="2011-09-04T01:20:04+00:00">01:20:04</abbr></a>] <span>* Hoolxi (~Openfree@124.78.96.197) has joined #beagle</span></li>
<li class="join">[<a href="#T01:38:30" id="T01:38:30"><abbr title="2011-09-04T01:38:30+00:00">01:38:30</abbr></a>] <span>* rlrosa (~rrosa@64-60-141-114.static-ip.telepacific.net) has joined #beagle</span></li>
<li class="join">[<a href="#T01:42:44" id="T01:42:44"><abbr title="2011-09-04T01:42:44+00:00">01:42:44</abbr></a>] <span>* matthsu (~matt@114-43-129-64.dynamic.hinet.net) has joined #beagle</span></li>
<li class="join">[<a href="#T01:51:30" id="T01:51:30"><abbr title="2011-09-04T01:51:30+00:00">01:51:30</abbr></a>] <span>* prpplague^2 (~prpplague@ppp-70-249-155-203.dsl.rcsntx.swbell.net) has joined #beagle</span></li>
<li class="quit">[<a href="#T01:52:30" id="T01:52:30"><abbr title="2011-09-04T01:52:30+00:00">01:52:30</abbr></a>] <span>* prpplague^2 (~prpplague@ppp-70-249-155-203.dsl.rcsntx.swbell.net) Quit (Client Quit)</span></li>
<li class="message">[<a href="#T01:57:05" id="T01:57:05"><abbr title="2011-09-04T01:57:05+00:00">01:57:05</abbr></a>] &lt;<cite>rlrosa</cite>&gt; <q>hi</q></li>
<li class="message">[<a href="#T01:57:14" id="T01:57:14"><abbr title="2011-09-04T01:57:14+00:00">01:57:14</abbr></a>] &lt;<cite>rlrosa</cite>&gt; <q>i'm trying to pull the 4th pwm from the beagle</q></li>
<li class="message">[<a href="#T01:57:54" id="T01:57:54"><abbr title="2011-09-04T01:57:54+00:00">01:57:54</abbr></a>] &lt;<cite>rlrosa</cite>&gt; <q>i remuxed stuff, and i can see it, but it goes into USB3320, and doesn't come out</q></li>
<li class="message">[<a href="#T01:58:14" id="T01:58:14"><abbr title="2011-09-04T01:58:14+00:00">01:58:14</abbr></a>] &lt;<cite>rlrosa</cite>&gt; <q>any tip on getting that to an expansion pin?</q></li>
<li class="message">[<a href="#T01:58:22" id="T01:58:22"><abbr title="2011-09-04T01:58:22+00:00">01:58:22</abbr></a>] &lt;<cite>rlrosa</cite>&gt; <q>("soderable" place)</q></li>
<li class="quit">[<a href="#T02:04:17" id="T02:04:17"><abbr title="2011-09-04T02:04:17+00:00">02:04:17</abbr></a>] <span>* djone (bad5cb17@gateway/web/freenode/ip.186.213.203.23) Quit (Quit: Page closed)</span></li>
<li class="quit">[<a href="#T02:06:55" id="T02:06:55"><abbr title="2011-09-04T02:06:55+00:00">02:06:55</abbr></a>] <span>* tegila (~tegila@189-015-95-247.xd-dynamic.ctbcnetsuper.com.br) Quit (Quit: Leaving.)</span></li>
<li class="join">[<a href="#T02:09:27" id="T02:09:27"><abbr title="2011-09-04T02:09:27+00:00">02:09:27</abbr></a>] <span>* peabody124 (~peabody12@c-98-194-201-181.hsd1.tx.comcast.net) has joined #beagle</span></li>
<li class="join">[<a href="#T02:12:56" id="T02:12:56"><abbr title="2011-09-04T02:12:56+00:00">02:12:56</abbr></a>] <span>* bbbbbbbbonus (47a847c3@gateway/web/freenode/ip.71.168.71.195) has joined #beagle</span></li>
<li class="message">[<a href="#T02:14:39" id="T02:14:39"><abbr title="2011-09-04T02:14:39+00:00">02:14:39</abbr></a>] &lt;<cite>bbbbbbbbonus</cite>&gt; <q>anybody running debian squeeze on their beagleboards? I have been banging my head against the wall all day. I build an sd card successfully with rootstock, and it boots, but I never get the console so that I may login. I can insert and remove usb devices and see the output in minicom, but the login prompt never appears</q></li>
<li class="message">[<a href="#T02:15:50" id="T02:15:50"><abbr title="2011-09-04T02:15:50+00:00">02:15:50</abbr></a>] &lt;<cite>bbbbbbbbonus</cite>&gt; <q>the following is how i envoked rootstock : ./rootstock --fqdn beef --login beef --password beef --imagesize 2G --dist squeeze --serial ttyS2 --seed initramfs-tools,btrfs-tools,i2c-tools,nano,pastebinit,uboot-envtools,uboot-mkimage,usbutils,wget,wireless-tools,wpasupplicant --components "main" --mirror <a href="http://ftp.us.debian.org/debian/">http://ftp.us.debian.org/debian/</a> --kernel-image <a href="http://rcn-ee.net/deb/squeeze/v3.1.0-rc4-d3/linux-image-3.1.0-rc4-d3_1.0squeeze_a">http://rcn-ee.net/deb/squeeze/v3.1.0-rc4-d3/linux-image-3.1.0-rc4-d3_1.0squeeze_a</a></q></li>
<li class="message">[<a href="#T02:16:41" id="T02:16:41"><abbr title="2011-09-04T02:16:41+00:00">02:16:41</abbr></a>] &lt;<cite>bbbbbbbbonus</cite>&gt; <q>never get any login prompt on the serial console</q></li>
<li class="message">[<a href="#T02:17:44" id="T02:17:44"><abbr title="2011-09-04T02:17:44+00:00">02:17:44</abbr></a>] &lt;<cite>bbbbbbbbonus</cite>&gt; <q>dunno if it matters, but I have a zippy2 attached</q></li>
<li class="join">[<a href="#T02:21:02" id="T02:21:02"><abbr title="2011-09-04T02:21:02+00:00">02:21:02</abbr></a>] <span>* jkfresh (~jkfresh@208.64.37.92) has joined #beagleboard</span></li>
<li class="part">[<a href="#T02:22:41" id="T02:22:41"><abbr title="2011-09-04T02:22:41+00:00">02:22:41</abbr></a>] <span>* jkfresh (~jkfresh@208.64.37.92) has left #beagleboard</span></li>
<li class="join">[<a href="#T02:22:52" id="T02:22:52"><abbr title="2011-09-04T02:22:52+00:00">02:22:52</abbr></a>] <span>* jkfresh (~jkfresh@208.64.37.92) has joined #beagle</span></li>
<li class="quit">[<a href="#T02:40:39" id="T02:40:39"><abbr title="2011-09-04T02:40:39+00:00">02:40:39</abbr></a>] <span>* peabody124 (~peabody12@c-98-194-201-181.hsd1.tx.comcast.net) Quit (Quit: peabody124)</span></li>
<li class="part">[<a href="#T02:42:07" id="T02:42:07"><abbr title="2011-09-04T02:42:07+00:00">02:42:07</abbr></a>] <span>* rlrosa (~rrosa@64-60-141-114.static-ip.telepacific.net) has left #beagle</span></li>
<li class="join">[<a href="#T02:48:37" id="T02:48:37"><abbr title="2011-09-04T02:48:37+00:00">02:48:37</abbr></a>] <span>* ZeZu (~null@c-98-227-57-88.hsd1.in.comcast.net) has joined #beagle</span></li>
<li class="message">[<a href="#T03:03:04" id="T03:03:04"><abbr title="2011-09-04T03:03:04+00:00">03:03:04</abbr></a>] &lt;<cite>pancakes</cite>&gt; <q>i guess this isnt the place to go for beagleboard related help</q></li>
<li class="quit">[<a href="#T03:03:15" id="T03:03:15"><abbr title="2011-09-04T03:03:15+00:00">03:03:15</abbr></a>] <span>* benmcnelly (~ben@adsl-99-38-78-150.dsl.spfdmo.sbcglobal.net) Quit (Read error: Connection reset by peer)</span></li>
<li class="quit">[<a href="#T03:03:46" id="T03:03:46"><abbr title="2011-09-04T03:03:46+00:00">03:03:46</abbr></a>] <span>* novogrammer (~novogramm@w0109-49-135-136-117.uqwimax.jp) Quit (Remote host closed the connection)</span></li>
<li class="quit">[<a href="#T03:06:27" id="T03:06:27"><abbr title="2011-09-04T03:06:27+00:00">03:06:27</abbr></a>] <span>* rsalveti (~rsalveti@linaro/rsalveti) Quit (Quit: Coyote finally caught me)</span></li>
<li class="quit">[<a href="#T03:10:06" id="T03:10:06"><abbr title="2011-09-04T03:10:06+00:00">03:10:06</abbr></a>] <span>* matthsu (~matt@114-43-129-64.dynamic.hinet.net) Quit (Ping timeout: 276 seconds)</span></li>
<li class="join">[<a href="#T03:10:25" id="T03:10:25"><abbr title="2011-09-04T03:10:25+00:00">03:10:25</abbr></a>] <span>* rsalveti (~rsalveti@189.61.233.110) has joined #beagle</span></li>
<li class="quit">[<abbr title="2011-09-04T03:10:25+00:00">03:10:25</abbr>] <span>* rsalveti (~rsalveti@189.61.233.110) Quit (Changing host)</span></li>
<li class="join">[<abbr title="2011-09-04T03:10:25+00:00">03:10:25</abbr>] <span>* rsalveti (~rsalveti@linaro/rsalveti) has joined #beagle</span></li>
<li class="join">[<a href="#T03:13:28" id="T03:13:28"><abbr title="2011-09-04T03:13:28+00:00">03:13:28</abbr></a>] <span>* raster (~raster@enlightenment/developer/raster) has joined #beagle</span></li>
<li class="action">[<a href="#T03:26:53" id="T03:26:53"><abbr title="2011-09-04T03:26:53+00:00">03:26:53</abbr></a>] <span>* ds2 throws scooby snacks around</span></li>
<li class="join">[<a href="#T03:27:09" id="T03:27:09"><abbr title="2011-09-04T03:27:09+00:00">03:27:09</abbr></a>] <span>* matthsu (~matt@114-43-129-64.dynamic.hinet.net) has joined #beagle</span></li>
<li class="join">[<a href="#T03:34:14" id="T03:34:14"><abbr title="2011-09-04T03:34:14+00:00">03:34:14</abbr></a>] <span>* calculus (~calculus@gentoo/user/calculus) has joined #beagle</span></li>
<li class="quit">[<a href="#T03:37:09" id="T03:37:09"><abbr title="2011-09-04T03:37:09+00:00">03:37:09</abbr></a>] <span>* calculu5 (~calculus@gentoo/user/calculus) Quit (Ping timeout: 240 seconds)</span></li>
<li class="message">[<a href="#T03:42:51" id="T03:42:51"><abbr title="2011-09-04T03:42:51+00:00">03:42:51</abbr></a>] &lt;<cite>bbbbbbbbonus</cite>&gt; <q>whore</q></li>
<li class="quit">[<a href="#T03:42:55" id="T03:42:55"><abbr title="2011-09-04T03:42:55+00:00">03:42:55</abbr></a>] <span>* bbbbbbbbonus (47a847c3@gateway/web/freenode/ip.71.168.71.195) Quit (Quit: Page closed)</span></li>
<li class="quit">[<a href="#T03:43:55" id="T03:43:55"><abbr title="2011-09-04T03:43:55+00:00">03:43:55</abbr></a>] <span>* matthsu (~matt@114-43-129-64.dynamic.hinet.net) Quit (Ping timeout: 260 seconds)</span></li>
<li class="message">[<a href="#T03:48:32" id="T03:48:32"><abbr title="2011-09-04T03:48:32+00:00">03:48:32</abbr></a>] &lt;<cite>pancakes</cite>&gt; <q>wait who's a whore</q></li>
<li class="quit">[<a href="#T03:51:11" id="T03:51:11"><abbr title="2011-09-04T03:51:11+00:00">03:51:11</abbr></a>] <span>* GPSFan (~kenm@64.92.145.112) Quit (Remote host closed the connection)</span></li>
<li class="join">[<a href="#T03:58:56" id="T03:58:56"><abbr title="2011-09-04T03:58:56+00:00">03:58:56</abbr></a>] <span>* gdm (~gdm@186.18.175.127) has joined #beagle</span></li>
<li class="join">[<a href="#T03:59:46" id="T03:59:46"><abbr title="2011-09-04T03:59:46+00:00">03:59:46</abbr></a>] <span>* peabody124 (~peabody12@c-98-194-201-181.hsd1.tx.comcast.net) has joined #beagle</span></li>
<li class="quit">[<a href="#T04:16:04" id="T04:16:04"><abbr title="2011-09-04T04:16:04+00:00">04:16:04</abbr></a>] <span>* phantoxe (~destroy@a95-92-86-197.cpe.netcabo.pt) Quit (Excess Flood)</span></li>
<li class="join">[<a href="#T04:16:26" id="T04:16:26"><abbr title="2011-09-04T04:16:26+00:00">04:16:26</abbr></a>] <span>* phantoxe (~destroy@a95-92-86-197.cpe.netcabo.pt) has joined #beagle</span></li>
<li class="join">[<a href="#T04:30:15" id="T04:30:15"><abbr title="2011-09-04T04:30:15+00:00">04:30:15</abbr></a>] <span>* novogrammer (~novogramm@w0109-49-135-136-117.uqwimax.jp) has joined #beagle</span></li>
<li class="quit">[<a href="#T04:41:34" id="T04:41:34"><abbr title="2011-09-04T04:41:34+00:00">04:41:34</abbr></a>] <span>* raster (~raster@enlightenment/developer/raster) Quit (Quit: Gettin' stinky!)</span></li>
<li class="quit">[<a href="#T04:46:24" id="T04:46:24"><abbr title="2011-09-04T04:46:24+00:00">04:46:24</abbr></a>] <span>* djlewis (~quassel@75.15.64.51) Quit (Quit: <a href="http://quassel-irc.org">http://quassel-irc.org</a> - Chat comfortably. Anywhere.)</span></li>
<li class="quit">[<a href="#T04:58:59" id="T04:58:59"><abbr title="2011-09-04T04:58:59+00:00">04:58:59</abbr></a>] <span>* isbric (~isbric@c-915be255.020-12-6875761.cust.bredbandsbolaget.se) Quit (Read error: Operation timed out)</span></li>
<li class="join">[<a href="#T04:59:04" id="T04:59:04"><abbr title="2011-09-04T04:59:04+00:00">04:59:04</abbr></a>] <span>* isbric (~isbric@c-915be255.020-12-6875761.cust.bredbandsbolaget.se) has joined #beagle</span></li>
<li class="quit">[<a href="#T05:01:55" id="T05:01:55"><abbr title="2011-09-04T05:01:55+00:00">05:01:55</abbr></a>] <span>* phantoxe (~destroy@a95-92-86-197.cpe.netcabo.pt) Quit ()</span></li>
<li class="nick-change">[<a href="#T05:14:40" id="T05:14:40"><abbr title="2011-09-04T05:14:40+00:00">05:14:40</abbr></a>] <span>* kimitake is now known as kimitake_idle</span></li>
<li class="join">[<a href="#T05:25:04" id="T05:25:04"><abbr title="2011-09-04T05:25:04+00:00">05:25:04</abbr></a>] <span>* joelagnel (~joel@cpe-76-184-244-226.tx.res.rr.com) has joined #beagle</span></li>
<li class="join">[<a href="#T05:36:51" id="T05:36:51"><abbr title="2011-09-04T05:36:51+00:00">05:36:51</abbr></a>] <span>* dl9pf_ (~quassel@p5B213E2B.dip.t-dialin.net) has joined #beagle</span></li>
<li class="quit">[<a href="#T05:37:14" id="T05:37:14"><abbr title="2011-09-04T05:37:14+00:00">05:37:14</abbr></a>] <span>* mdp (~mdp@cpe-24-166-66-254.neo.res.rr.com) Quit (Ping timeout: 245 seconds)</span></li>
<li class="quit">[<a href="#T05:37:30" id="T05:37:30"><abbr title="2011-09-04T05:37:30+00:00">05:37:30</abbr></a>] <span>* dl9pf (~quassel@opensuse/member/dl9pf) Quit (Read error: Operation timed out)</span></li>
