<li class="join">[<a href="#T00:08:04" id="T00:08:04"><abbr title="2011-09-25T00:08:04+00:00">00:08:04</abbr></a>] <span>* wbatcheler (~chatzilla@pool-71-184-223-156.bstnma.fios.verizon.net) has joined #beagleboard</span></li>
<li class="join">[<a href="#T00:08:12" id="T00:08:12"><abbr title="2011-09-25T00:08:12+00:00">00:08:12</abbr></a>] <span>* wbatcheler (~chatzilla@pool-71-184-223-156.bstnma.fios.verizon.net) has joined #beagle</span></li>
<li class="message">[<a href="#T00:16:55" id="T00:16:55"><abbr title="2011-09-25T00:16:55+00:00">00:16:55</abbr></a>] &lt;<cite>jonpry</cite>&gt; <q>hrm. omap_start_dma() seems to lock it up</q></li>
<li class="quit">[<a href="#T00:19:24" id="T00:19:24"><abbr title="2011-09-25T00:19:24+00:00">00:19:24</abbr></a>] <span>* plasmab (~Stephen@client-86-31-205-77.oxfd.adsl.virginmedia.com) Quit (Quit: Leaving)</span></li>
<li class="join">[<a href="#T01:26:54" id="T01:26:54"><abbr title="2011-09-25T01:26:54+00:00">01:26:54</abbr></a>] <span>* lyakh_ (~lyakh@dslb-088-076-025-002.pools.arcor-ip.net) has joined #beagle</span></li>
<li class="quit">[<a href="#T01:30:38" id="T01:30:38"><abbr title="2011-09-25T01:30:38+00:00">01:30:38</abbr></a>] <span>* lyakh (~lyakh@dslb-188-109-037-107.pools.arcor-ip.net) Quit (Ping timeout: 260 seconds)</span></li>
<li class="message">[<a href="#T01:44:47" id="T01:44:47"><abbr title="2011-09-25T01:44:47+00:00">01:44:47</abbr></a>] &lt;<cite>wbatcheler</cite>&gt; <q>I just purchased a beagleboard-xM -- Having trouble bringing it up.  Getting a '60' on the terminal (which means SDCard problems?).  I formatted it with a 32 MB FAT32 partition with my kernel image, and the remainder of the card is my rootfs...</q></li>
<li class="message">[<a href="#T01:45:18" id="T01:45:18"><abbr title="2011-09-25T01:45:18+00:00">01:45:18</abbr></a>] &lt;<cite>wbatcheler</cite>&gt; <q>the 32 MB FAT32 partition only has the uImage file on it -- am I missing anything there?  I've seen some mention of MLO and u-boot, but instructions do not refer to them.</q></li>
<li class="message">[<a href="#T01:45:31" id="T01:45:31"><abbr title="2011-09-25T01:45:31+00:00">01:45:31</abbr></a>] &lt;<cite>wbatcheler</cite>&gt; <q>Any comments would be appreciated.</q></li>
<li class="message">[<a href="#T01:55:22" id="T01:55:22"><abbr title="2011-09-25T01:55:22+00:00">01:55:22</abbr></a>] &lt;<cite>pupnik</cite>&gt; <q>but useful comments would surely be more appreciated than this one</q></li>
<li class="message">[<a href="#T01:55:34" id="T01:55:34"><abbr title="2011-09-25T01:55:34+00:00">01:55:34</abbr></a>] &lt;<cite>wbatcheler</cite>&gt; <q>That is true...</q></li>
<li class="quit">[<a href="#T01:56:01" id="T01:56:01"><abbr title="2011-09-25T01:56:01+00:00">01:56:01</abbr></a>] <span>* phdeswer (~philippe@a83-245-252-47.elisa-laajakaista.fi) Quit (Ping timeout: 245 seconds)</span></li>
<li class="nick-change">[<a href="#T01:58:17" id="T01:58:17"><abbr title="2011-09-25T01:58:17+00:00">01:58:17</abbr></a>] <span>* doublebeta-sleep is now known as doublebeta</span></li>
<li class="message">[<a href="#T01:59:14" id="T01:59:14"><abbr title="2011-09-25T01:59:14+00:00">01:59:14</abbr></a>] &lt;<cite>doublebeta</cite>&gt; <q>wbatcheler: did you recieve a test microSD card with your bb-xM? Did you try that, out of the box?</q></li>
<li class="message">[<a href="#T01:59:36" id="T01:59:36"><abbr title="2011-09-25T01:59:36+00:00">01:59:36</abbr></a>] &lt;<cite>wbatcheler</cite>&gt; <q>doublebeta:  Yes, I did, and foolishly, I formatted it because I had no other microSD cards lying around.</q></li>
<li class="message">[<a href="#T01:59:43" id="T01:59:43"><abbr title="2011-09-25T01:59:43+00:00">01:59:43</abbr></a>] &lt;<cite>wbatcheler</cite>&gt; <q>doublebeta:  Really regretting that now.</q></li>
<li class="quit">[<a href="#T02:00:33" id="T02:00:33"><abbr title="2011-09-25T02:00:33+00:00">02:00:33</abbr></a>] <span>* emeb (~ericb@ip72-223-85-60.ph.ph.cox.net) Quit (Quit: Leaving.)</span></li>
<li class="message">[<a href="#T02:00:55" id="T02:00:55"><abbr title="2011-09-25T02:00:55+00:00">02:00:55</abbr></a>] &lt;<cite>doublebeta</cite>&gt; <q>ah. Perhaps try another image/etc just to see if it's a hardware fault. Try <a href="http://elinux.org/BeagleBoardDebian">http://elinux.org/BeagleBoardDebian</a></q></li>
<li class="message">[<a href="#T02:01:17" id="T02:01:17"><abbr title="2011-09-25T02:01:17+00:00">02:01:17</abbr></a>] &lt;<cite>wbatcheler</cite>&gt; <q>I'll give it a try.  Thanks for the help!</q></li>
<li class="message">[<a href="#T02:01:20" id="T02:01:20"><abbr title="2011-09-25T02:01:20+00:00">02:01:20</abbr></a>] &lt;<cite>doublebeta</cite>&gt; <q>it links scripts that do most/all of the work for you</q></li>
<li class="message">[<a href="#T02:01:21" id="T02:01:21"><abbr title="2011-09-25T02:01:21+00:00">02:01:21</abbr></a>] &lt;<cite>doublebeta</cite>&gt; <q>np</q></li>
<li class="message">[<a href="#T02:01:50" id="T02:01:50"><abbr title="2011-09-25T02:01:50+00:00">02:01:50</abbr></a>] &lt;<cite>doublebeta</cite>&gt; <q>JUST BE AWARE, that the regular armel netinstall image doesn't seem to work with keyboards.</q></li>
<li class="message">[<a href="#T02:02:14" id="T02:02:14"><abbr title="2011-09-25T02:02:14+00:00">02:02:14</abbr></a>] &lt;<cite>wbatcheler</cite>&gt; <q>ok.   Thanks for the warning.</q></li>
<li class="message">[<a href="#T02:02:15" id="T02:02:15"><abbr title="2011-09-25T02:02:15+00:00">02:02:15</abbr></a>] &lt;<cite>doublebeta</cite>&gt; <q>You might be able to get it to install by instead using the serial port, but then I don't know if the working image will...work.</q></li>
<li class="message">[<a href="#T02:02:35" id="T02:02:35"><abbr title="2011-09-25T02:02:35+00:00">02:02:35</abbr></a>] &lt;<cite>wbatcheler</cite>&gt; <q>Well, long as it shows that it can read the SDCard, that'd be progress.</q></li>
<li class="message">[<a href="#T02:02:37" id="T02:02:37"><abbr title="2011-09-25T02:02:37+00:00">02:02:37</abbr></a>] &lt;<cite>doublebeta</cite>&gt; <q>I'm a new bb-xM owner too ;)</q></li>
<li class="message">[<a href="#T02:04:01" id="T02:04:01"><abbr title="2011-09-25T02:04:01+00:00">02:04:01</abbr></a>] &lt;<cite>doublebeta</cite>&gt; <q>It is...up the right way, right? I've had it happen with other devices - just check that the gold-plated contacts touch each other</q></li>
<li class="message">[<a href="#T02:04:58" id="T02:04:58"><abbr title="2011-09-25T02:04:58+00:00">02:04:58</abbr></a>] &lt;<cite>wbatcheler</cite>&gt; <q>The SDCard contacts look like they're making contact...  haven't checked with an actual multitester though.</q></li>
<li class="quit">[<a href="#T02:08:56" id="T02:08:56"><abbr title="2011-09-25T02:08:56+00:00">02:08:56</abbr></a>] <span>* peabody124 (~peabody12@c-98-201-161-152.hsd1.tx.comcast.net) Quit (Quit: peabody124)</span></li>
<li class="join">[<a href="#T02:34:05" id="T02:34:05"><abbr title="2011-09-25T02:34:05+00:00">02:34:05</abbr></a>] <span>* emeb_mac (~ericb@ip72-223-85-60.ph.ph.cox.net) has joined #beagle</span></li>
<li class="join">[<a href="#T02:40:45" id="T02:40:45"><abbr title="2011-09-25T02:40:45+00:00">02:40:45</abbr></a>] <span>* thweber_ (~thomas@ppp-188-174-95-194.dynamic.mnet-online.de) has joined #beagle</span></li>
<li class="quit">[<a href="#T02:43:56" id="T02:43:56"><abbr title="2011-09-25T02:43:56+00:00">02:43:56</abbr></a>] <span>* thweber (~thomas@ppp-188-174-1-35.dynamic.mnet-online.de) Quit (Ping timeout: 245 seconds)</span></li>
<li class="join">[<a href="#T02:44:05" id="T02:44:05"><abbr title="2011-09-25T02:44:05+00:00">02:44:05</abbr></a>] <span>* virals (~viral@122.179.54.157) has joined #beagle</span></li>
