<li class="quit">[<a href="#T00:16:36" id="T00:16:36"><abbr title="2011-11-01T00:16:36+00:00">00:16:36</abbr></a>] <span>* florian (~fuchs@Maemo/community/contributor/florian) Quit (Remote host closed the connection)</span></li>
<li class="quit">[<a href="#T00:25:14" id="T00:25:14"><abbr title="2011-11-01T00:25:14+00:00">00:25:14</abbr></a>] <span>* bgamari (~ben@pool-72-79-217-78.spfdma.east.verizon.net) Quit (Ping timeout: 260 seconds)</span></li>
<li class="quit">[<a href="#T00:28:33" id="T00:28:33"><abbr title="2011-11-01T00:28:33+00:00">00:28:33</abbr></a>] <span>* Olero (~Openfreer@58.37.214.169) Quit (Remote host closed the connection)</span></li>
<li class="quit">[<a href="#T00:32:43" id="T00:32:43"><abbr title="2011-11-01T00:32:43+00:00">00:32:43</abbr></a>] <span>* Ceriand|work (~Ceriand@unaffiliated/ceriand) Quit (Quit: Leaving.)</span></li>
<li class="message">[<a href="#T00:37:49" id="T00:37:49"><abbr title="2011-11-01T00:37:49+00:00">00:37:49</abbr></a>] &lt;<cite>wmat</cite>&gt; <q>LetoThe2nd: can you try that edit to elinux.org that triggered the error again?  I made some changes.</q></li>
<li class="join">[<a href="#T00:52:32" id="T00:52:32"><abbr title="2011-11-01T00:52:32+00:00">00:52:32</abbr></a>] <span>* NulL`` (~bleh1@178.16.0.233) has joined #beagle</span></li>
<li class="join">[<a href="#T00:52:47" id="T00:52:47"><abbr title="2011-11-01T00:52:47+00:00">00:52:47</abbr></a>] <span>* phantoxe (~destroy@a95-92-92-79.cpe.netcabo.pt) has joined #beagle</span></li>
<li class="quit">[<a href="#T00:55:27" id="T00:55:27"><abbr title="2011-11-01T00:55:27+00:00">00:55:27</abbr></a>] <span>* NulL` (~bleh1@178.16.3.176) Quit (Ping timeout: 255 seconds)</span></li>
<li class="join">[<a href="#T01:04:06" id="T01:04:06"><abbr title="2011-11-01T01:04:06+00:00">01:04:06</abbr></a>] <span>* thurbad (~natesewel@99-130-101-77.lightspeed.snantx.sbcglobal.net) has joined #beagle</span></li>
<li class="join">[<a href="#T01:11:49" id="T01:11:49"><abbr title="2011-11-01T01:11:49+00:00">01:11:49</abbr></a>] <span>* denix0 (~denix@pool-96-240-135-93.washdc.fios.verizon.net) has joined #beagle</span></li>
<li class="join">[<a href="#T01:16:57" id="T01:16:57"><abbr title="2011-11-01T01:16:57+00:00">01:16:57</abbr></a>] <span>* bgamari (~ben@pool-72-79-217-78.spfdma.east.verizon.net) has joined #beagle</span></li>
<li class="quit">[<a href="#T01:19:41" id="T01:19:41"><abbr title="2011-11-01T01:19:41+00:00">01:19:41</abbr></a>] <span>* denix0 (~denix@pool-96-240-135-93.washdc.fios.verizon.net) Quit (Quit: <a href="http://arago-project.org)">http://arago-project.org)</a></span></li>
<li class="join">[<a href="#T01:20:45" id="T01:20:45"><abbr title="2011-11-01T01:20:45+00:00">01:20:45</abbr></a>] <span>* Ceriand|desktop (~Ceriand@unaffiliated/ceriand) has joined #beagle</span></li>
<li class="join">[<a href="#T01:27:31" id="T01:27:31"><abbr title="2011-11-01T01:27:31+00:00">01:27:31</abbr></a>] <span>* djerome (~djerome@ip24-251-138-141.ph.ph.cox.net) has joined #beagle</span></li>
<li class="join">[<a href="#T01:29:52" id="T01:29:52"><abbr title="2011-11-01T01:29:52+00:00">01:29:52</abbr></a>] <span>* bobkatzz (4b5134f6@gateway/web/freenode/ip.75.81.52.246) has joined #beagle</span></li>
<li class="message">[<a href="#T01:30:20" id="T01:30:20"><abbr title="2011-11-01T01:30:20+00:00">01:30:20</abbr></a>] &lt;<cite>bobkatzz</cite>&gt; <q>well I dun it now - heh</q></li>
<li class="message">[<a href="#T01:31:37" id="T01:31:37"><abbr title="2011-11-01T01:31:37+00:00">01:31:37</abbr></a>] &lt;<cite>bobkatzz</cite>&gt; <q>changed the password on my new xM a couple of weeks ago and don't know where I saved (usually on other computer - but not heh)</q></li>
<li class="message">[<a href="#T01:31:56" id="T01:31:56"><abbr title="2011-11-01T01:31:56+00:00">01:31:56</abbr></a>] &lt;<cite>bobkatzz</cite>&gt; <q>any way to bypass the automatic login?</q></li>
<li class="quit">[<a href="#T01:40:25" id="T01:40:25"><abbr title="2011-11-01T01:40:25+00:00">01:40:25</abbr></a>] <span>* R_Nev (~rnev@c-98-248-130-53.hsd1.ca.comcast.net) Quit (Quit: .)</span></li>
<li class="message">[<a href="#T01:43:04" id="T01:43:04"><abbr title="2011-11-01T01:43:04+00:00">01:43:04</abbr></a>] &lt;<cite>bobkatzz</cite>&gt; <q>single user mode?</q></li>
<li class="quit">[<a href="#T01:46:52" id="T01:46:52"><abbr title="2011-11-01T01:46:52+00:00">01:46:52</abbr></a>] <span>* prpplague (~prpplague@71.16.235.14) Quit (Ping timeout: 258 seconds)</span></li>
<li class="message">[<a href="#T01:50:35" id="T01:50:35"><abbr title="2011-11-01T01:50:35+00:00">01:50:35</abbr></a>] &lt;<cite>jonpry</cite>&gt; <q>hrm. what to do now that the dsp works. phase vocoder?</q></li>
<li class="message">[<a href="#T01:54:12" id="T01:54:12"><abbr title="2011-11-01T01:54:12+00:00">01:54:12</abbr></a>] &lt;<cite>GPSFan</cite>&gt; <q>bobkatzz, the xM has no onboard flash, it's all on the uSD card. so put the card into a linux PC and edit the /etc/shadow and/or /etc/passwd file to remove/replace the "bad"password".</q></li>
<li class="message">[<a href="#T01:55:43" id="T01:55:43"><abbr title="2011-11-01T01:55:43+00:00">01:55:43</abbr></a>] &lt;<cite>bobkatzz</cite>&gt; <q>hey thanks GPSFan</q></li>
<li class="message">[<a href="#T01:56:26" id="T01:56:26"><abbr title="2011-11-01T01:56:26+00:00">01:56:26</abbr></a>] &lt;<cite>bobkatzz</cite>&gt; <q>yeah I only have my windows PC so i'm hosed there too but I did click the "automatic login" panel and it seems to be doing that. </q></li>
<li class="message">[<a href="#T01:56:59" id="T01:56:59"><abbr title="2011-11-01T01:56:59+00:00">01:56:59</abbr></a>] &lt;<cite>bobkatzz</cite>&gt; <q>although it's taking a while it hasn't come back with a login failure so that's optimistic</q></li>
<li class="message">[<a href="#T01:57:26" id="T01:57:26"><abbr title="2011-11-01T01:57:26+00:00">01:57:26</abbr></a>] &lt;<cite>bobkatzz</cite>&gt; <q>I think it took a while the first time as well</q></li>
<li class="message">[<a href="#T01:58:32" id="T01:58:32"><abbr title="2011-11-01T01:58:32+00:00">01:58:32</abbr></a>] &lt;<cite>bobkatzz</cite>&gt; <q>any way to read the UImage on a PC? - I think you would have to boot into it - it's a Linux kernal right?</q></li>
<li class="join">[<a href="#T01:59:34" id="T01:59:34"><abbr title="2011-11-01T01:59:34+00:00">01:59:34</abbr></a>] <span>* emeb_mac (~ericb@ip72-223-86-178.ph.ph.cox.net) has joined #beagle</span></li>
<li class="message">[<a href="#T01:59:45" id="T01:59:45"><abbr title="2011-11-01T01:59:45+00:00">01:59:45</abbr></a>] &lt;<cite>bobkatzz</cite>&gt; <q>jonpry: - which DSP did you get working?</q></li>
