<li class="join">[<a href="#T00:07:30" id="T00:07:30"><abbr title="2011-08-20T00:07:30+00:00">00:07:30</abbr></a>] <span>* Crofton (~balister@206.191.100.2) has joined #beagle</span></li>
<li class="join">[<a href="#T00:09:32" id="T00:09:32"><abbr title="2011-08-20T00:09:32+00:00">00:09:32</abbr></a>] <span>* marcompile (~marco@20158006164.user.veloxzone.com.br) has joined #beagleboard</span></li>
<li class="join">[<a href="#T00:11:41" id="T00:11:41"><abbr title="2011-08-20T00:11:41+00:00">00:11:41</abbr></a>] <span>* unsolo_ (~unsolo@137.80-203-72.nextgentel.com) has joined #beagleboard</span></li>
<li class="part">[<a href="#T00:12:06" id="T00:12:06"><abbr title="2011-08-20T00:12:06+00:00">00:12:06</abbr></a>] <span>* unsolo_ (~unsolo@137.80-203-72.nextgentel.com) has left #beagleboard</span></li>
<li class="join">[<a href="#T00:12:09" id="T00:12:09"><abbr title="2011-08-20T00:12:09+00:00">00:12:09</abbr></a>] <span>* unsolo_ (~unsolo@137.80-203-72.nextgentel.com) has joined #beagle</span></li>
<li class="message">[<a href="#T00:12:12" id="T00:12:12"><abbr title="2011-08-20T00:12:12+00:00">00:12:12</abbr></a>] &lt;<cite>unsolo_</cite>&gt; <q>hi guys</q></li>
<li class="message">[<a href="#T00:12:40" id="T00:12:40"><abbr title="2011-08-20T00:12:40+00:00">00:12:40</abbr></a>] &lt;<cite>unsolo_</cite>&gt; <q>im trying to figure out my best resolution on my nec 24" from a beagleboard xm</q></li>
<li class="message">[<a href="#T00:13:10" id="T00:13:10"><abbr title="2011-08-20T00:13:10+00:00">00:13:10</abbr></a>] &lt;<cite>unsolo_</cite>&gt; <q>using angstrom 2011.3 and kernel 2.6.32</q></li>
<li class="message">[<a href="#T00:20:17" id="T00:20:17"><abbr title="2011-08-20T00:20:17+00:00">00:20:17</abbr></a>] &lt;<cite>unsolo_</cite>&gt; <q>hmm seems its not even reading my uEnv.txt properly (eg nothing is left in the bootargs)</q></li>
<li class="join">[<a href="#T00:21:43" id="T00:21:43"><abbr title="2011-08-20T00:21:43+00:00">00:21:43</abbr></a>] <span>* tegila (~tegila@189-015-140-147.xd-dynamic.ctbcnetsuper.com.br) has joined #beagle</span></li>
<li class="join">[<a href="#T00:39:37" id="T00:39:37"><abbr title="2011-08-20T00:39:37+00:00">00:39:37</abbr></a>] <span>* floholl (~flo@202-78-138-63.cable.telstraclear.net) has joined #beagle</span></li>
<li class="quit">[<a href="#T00:41:25" id="T00:41:25"><abbr title="2011-08-20T00:41:25+00:00">00:41:25</abbr></a>] <span>* floholl (~flo@202-78-138-63.cable.telstraclear.net) Quit (Client Quit)</span></li>
<li class="join">[<a href="#T01:03:36" id="T01:03:36"><abbr title="2011-08-20T01:03:36+00:00">01:03:36</abbr></a>] <span>* thurbad (~natesewel@rrcs-97-79-173-242.sw.biz.rr.com) has joined #beagle</span></li>
<li class="quit">[<a href="#T01:23:42" id="T01:23:42"><abbr title="2011-08-20T01:23:42+00:00">01:23:42</abbr></a>] <span>* thurbad (~natesewel@rrcs-97-79-173-242.sw.biz.rr.com) Quit (Remote host closed the connection)</span></li>
<li class="join">[<a href="#T01:25:26" id="T01:25:26"><abbr title="2011-08-20T01:25:26+00:00">01:25:26</abbr></a>] <span>* thurbad (~natesewel@rrcs-97-79-173-242.sw.biz.rr.com) has joined #beagle</span></li>
<li class="quit">[<a href="#T01:33:40" id="T01:33:40"><abbr title="2011-08-20T01:33:40+00:00">01:33:40</abbr></a>] <span>* Ceriand|desktop (~Ceriand@unaffiliated/ceriand) Quit (Quit: Leaving.)</span></li>
<li class="quit">[<a href="#T01:46:17" id="T01:46:17"><abbr title="2011-08-20T01:46:17+00:00">01:46:17</abbr></a>] <span>* thurbad (~natesewel@rrcs-97-79-173-242.sw.biz.rr.com) Quit (Remote host closed the connection)</span></li>
<li class="join">[<a href="#T01:49:55" id="T01:49:55"><abbr title="2011-08-20T01:49:55+00:00">01:49:55</abbr></a>] <span>* thurbad (~natesewel@rrcs-97-79-173-242.sw.biz.rr.com) has joined #beagle</span></li>
<li class="nick-change">[<a href="#T02:01:31" id="T02:01:31"><abbr title="2011-08-20T02:01:31+00:00">02:01:31</abbr></a>] <span>* kimitake is now known as kimitake_idle</span></li>
<li class="quit">[<a href="#T02:09:10" id="T02:09:10"><abbr title="2011-08-20T02:09:10+00:00">02:09:10</abbr></a>] <span>* thurbad (~natesewel@rrcs-97-79-173-242.sw.biz.rr.com) Quit (Remote host closed the connection)</span></li>
<li class="join">[<a href="#T02:10:44" id="T02:10:44"><abbr title="2011-08-20T02:10:44+00:00">02:10:44</abbr></a>] <span>* thurbad (~natesewel@rrcs-97-79-173-242.sw.biz.rr.com) has joined #beagle</span></li>
<li class="quit">[<a href="#T02:11:58" id="T02:11:58"><abbr title="2011-08-20T02:11:58+00:00">02:11:58</abbr></a>] <span>* tegila (~tegila@189-015-140-147.xd-dynamic.ctbcnetsuper.com.br) Quit (Quit: Leaving.)</span></li>
<li class="join">[<a href="#T02:13:38" id="T02:13:38"><abbr title="2011-08-20T02:13:38+00:00">02:13:38</abbr></a>] <span>* tegila (~tegila@189-015-140-147.xd-dynamic.ctbcnetsuper.com.br) has joined #beagle</span></li>
<li class="quit">[<a href="#T02:16:56" id="T02:16:56"><abbr title="2011-08-20T02:16:56+00:00">02:16:56</abbr></a>] <span>* tegila (~tegila@189-015-140-147.xd-dynamic.ctbcnetsuper.com.br) Quit (Client Quit)</span></li>
<li class="quit">[<a href="#T02:21:20" id="T02:21:20"><abbr title="2011-08-20T02:21:20+00:00">02:21:20</abbr></a>] <span>* peabody124 (~peabody12@128.249.96.21) Quit (Read error: Operation timed out)</span></li>
<li class="join">[<a href="#T02:24:43" id="T02:24:43"><abbr title="2011-08-20T02:24:43+00:00">02:24:43</abbr></a>] <span>* djerome (~djerome@ip24-251-138-141.ph.ph.cox.net) has joined #beagle</span></li>
<li class="part">[<a href="#T02:24:48" id="T02:24:48"><abbr title="2011-08-20T02:24:48+00:00">02:24:48</abbr></a>] <span>* djerome (~djerome@ip24-251-138-141.ph.ph.cox.net) has left #beagle</span></li>
<li class="quit">[<a href="#T02:25:58" id="T02:25:58"><abbr title="2011-08-20T02:25:58+00:00">02:25:58</abbr></a>] <span>* djlewis (~quassel@75.15.64.180) Quit (Quit: <a href="http://quassel-irc.org">http://quassel-irc.org</a> - Chat comfortably. Anywhere.)</span></li>
<li class="join">[<a href="#T02:30:27" id="T02:30:27"><abbr title="2011-08-20T02:30:27+00:00">02:30:27</abbr></a>] <span>* peabody124 (~peabody12@c-98-196-22-185.hsd1.tx.comcast.net) has joined #beagle</span></li>
<li class="join">[<a href="#T02:38:47" id="T02:38:47"><abbr title="2011-08-20T02:38:47+00:00">02:38:47</abbr></a>] <span>* katier (~katierh@nat/google/x-cjpdepfssuxvxddh) has joined #beagleboard</span></li>
<li class="join">[<a href="#T02:38:54" id="T02:38:54"><abbr title="2011-08-20T02:38:54+00:00">02:38:54</abbr></a>] <span>* katier (~katierh@nat/google/x-cjpdepfssuxvxddh) has joined #beagle</span></li>
<li class="part">[<a href="#T02:39:56" id="T02:39:56"><abbr title="2011-08-20T02:39:56+00:00">02:39:56</abbr></a>] <span>* katier (~katierh@nat/google/x-cjpdepfssuxvxddh) has left #beagle</span></li>
<li class="part">[<a href="#T02:39:57" id="T02:39:57"><abbr title="2011-08-20T02:39:57+00:00">02:39:57</abbr></a>] <span>* katier (~katierh@nat/google/x-cjpdepfssuxvxddh) has left #beagleboard</span></li>
<li class="nick-change">[<a href="#T02:41:01" id="T02:41:01"><abbr title="2011-08-20T02:41:01+00:00">02:41:01</abbr></a>] <span>* kimitake_idle is now known as kimitake</span></li>
<li class="join">[<a href="#T02:54:00" id="T02:54:00"><abbr title="2011-08-20T02:54:00+00:00">02:54:00</abbr></a>] <span>* raster (~raster@enlightenment/developer/raster) has joined #beagle</span></li>
<li class="join">[<a href="#T03:24:27" id="T03:24:27"><abbr title="2011-08-20T03:24:27+00:00">03:24:27</abbr></a>] <span>* tegila (~tegila@189-015-140-147.xd-dynamic.ctbcnetsuper.com.br) has joined #beagle</span></li>
<li class="quit">[<a href="#T03:49:15" id="T03:49:15"><abbr title="2011-08-20T03:49:15+00:00">03:49:15</abbr></a>] <span>* tegila (~tegila@189-015-140-147.xd-dynamic.ctbcnetsuper.com.br) Quit (Quit: Leaving.)</span></li>
<li class="quit">[<a href="#T04:42:11" id="T04:42:11"><abbr title="2011-08-20T04:42:11+00:00">04:42:11</abbr></a>] <span>* thurbad (~natesewel@rrcs-97-79-173-242.sw.biz.rr.com) Quit (Remote host closed the connection)</span></li>
<li class="quit">[<a href="#T05:01:01" id="T05:01:01"><abbr title="2011-08-20T05:01:01+00:00">05:01:01</abbr></a>] <span>* phantoxe (~destroy@a95-92-86-197.cpe.netcabo.pt) Quit ()</span></li>
<li class="quit">[<a href="#T05:22:48" id="T05:22:48"><abbr title="2011-08-20T05:22:48+00:00">05:22:48</abbr></a>] <span>* andoma (~andoma@zebes.lonelycoder.com) Quit (Read error: Operation timed out)</span></li>
<li class="join">[<a href="#T05:23:58" id="T05:23:58"><abbr title="2011-08-20T05:23:58+00:00">05:23:58</abbr></a>] <span>* andoma (~andoma@zebes.lonelycoder.com) has joined #beagle</span></li>
<li class="quit">[<a href="#T05:32:14" id="T05:32:14"><abbr title="2011-08-20T05:32:14+00:00">05:32:14</abbr></a>] <span>* raster (~raster@enlightenment/developer/raster) Quit (Quit: Gettin' stinky!)</span></li>
<li class="quit">[<a href="#T05:32:56" id="T05:32:56"><abbr title="2011-08-20T05:32:56+00:00">05:32:56</abbr></a>] <span>* arun (~arun@unaffiliated/sindian) Quit (Ping timeout: 240 seconds)</span></li>
<li class="join">[<a href="#T05:35:46" id="T05:35:46"><abbr title="2011-08-20T05:35:46+00:00">05:35:46</abbr></a>] <span>* dl9pf_ (~quassel@p5B214327.dip.t-dialin.net) has joined #beagle</span></li>
<li class="quit">[<a href="#T05:36:01" id="T05:36:01"><abbr title="2011-08-20T05:36:01+00:00">05:36:01</abbr></a>] <span>* dl9pf (~quassel@opensuse/member/dl9pf) Quit (Ping timeout: 246 seconds)</span></li>
<li class="join">[<a href="#T05:46:19" id="T05:46:19"><abbr title="2011-08-20T05:46:19+00:00">05:46:19</abbr></a>] <span>* arun (~arun@unaffiliated/sindian) has joined #beagle</span></li>
<li class="join">[<a href="#T05:59:34" id="T05:59:34"><abbr title="2011-08-20T05:59:34+00:00">05:59:34</abbr></a>] <span>* raster (~raster@enlightenment/developer/raster) has joined #beagle</span></li>
<li class="join">[<a href="#T06:19:27" id="T06:19:27"><abbr title="2011-08-20T06:19:27+00:00">06:19:27</abbr></a>] <span>* MiddleMan (75d44027@gateway/web/freenode/ip.117.212.64.39) has joined #beagle</span></li>
<li class="quit">[<a href="#T06:19:45" id="T06:19:45"><abbr title="2011-08-20T06:19:45+00:00">06:19:45</abbr></a>] <span>* killring (~killring@76.226.201.231) Quit (Quit: leaving)</span></li>
<li class="part">[<a href="#T06:20:09" id="T06:20:09"><abbr title="2011-08-20T06:20:09+00:00">06:20:09</abbr></a>] <span>* MiddleMan (75d44027@gateway/web/freenode/ip.117.212.64.39) has left #beagle</span></li>
<li class="quit">[<a href="#T06:36:12" id="T06:36:12"><abbr title="2011-08-20T06:36:12+00:00">06:36:12</abbr></a>] <span>* ZeZu (null@c-98-227-57-88.hsd1.in.comcast.net) Quit (Ping timeout: 240 seconds)</span></li>
<li class="join">[<a href="#T06:36:56" id="T06:36:56"><abbr title="2011-08-20T06:36:56+00:00">06:36:56</abbr></a>] <span>* veda_ (1bfb1336@gateway/web/freenode/ip.27.251.19.54) has joined #beagle</span></li>
<li class="message">[<a href="#T06:37:43" id="T06:37:43"><abbr title="2011-08-20T06:37:43+00:00">06:37:43</abbr></a>] &lt;<cite>veda_</cite>&gt; <q>how can an sdio card be put into a 4 bit mode</q></li>
<li class="quit">[<a href="#T06:42:52" id="T06:42:52"><abbr title="2011-08-20T06:42:52+00:00">06:42:52</abbr></a>] <span>* veda_ (1bfb1336@gateway/web/freenode/ip.27.251.19.54) Quit (Quit: Page closed)</span></li>
<li class="join">[<a href="#T06:50:51" id="T06:50:51"><abbr title="2011-08-20T06:50:51+00:00">06:50:51</abbr></a>] <span>* nerxgas (~dagon@76-14-166-97.wsac.wavecable.com) has joined #beagle</span></li>
<li class="join">[<a href="#T06:53:08" id="T06:53:08"><abbr title="2011-08-20T06:53:08+00:00">06:53:08</abbr></a>] <span>* siji (~siji@triband-mum-120.60.170.203.mtnl.net.in) has joined #beagle</span></li>
<li class="quit">[<a href="#T06:57:30" id="T06:57:30"><abbr title="2011-08-20T06:57:30+00:00">06:57:30</abbr></a>] <span>* benmcnelly (~ben@173-22-51-91.client.mchsi.com) Quit (Quit: Leaving.)</span></li>
<li class="quit">[<a href="#T07:00:54" id="T07:00:54"><abbr title="2011-08-20T07:00:54+00:00">07:00:54</abbr></a>] <span>* scrp3l (~scrp3l@201.250.162.245) Quit (Ping timeout: 262 seconds)</span></li>
<li class="join">[<a href="#T07:22:13" id="T07:22:13"><abbr title="2011-08-20T07:22:13+00:00">07:22:13</abbr></a>] <span>* kaio_ (~kaio@fedora/kaio) has joined #beagle</span></li>
<li class="join">[<a href="#T07:45:07" id="T07:45:07"><abbr title="2011-08-20T07:45:07+00:00">07:45:07</abbr></a>] <span>* ZeZu (null@c-98-227-57-88.hsd1.in.comcast.net) has joined #beagle</span></li>
<li class="join">[<a href="#T07:56:14" id="T07:56:14"><abbr title="2011-08-20T07:56:14+00:00">07:56:14</abbr></a>] <span>* mctouch (~mctouch@cpc17-sgyl28-2-0-cust34.sgyl.cable.virginmedia.com) has joined #beagle</span></li>
<li class="quit">[<a href="#T08:04:16" id="T08:04:16"><abbr title="2011-08-20T08:04:16+00:00">08:04:16</abbr></a>] <span>* palehorse (~palehorse@h35n6-j-a31.ias.bredband.telia.com) Quit (Remote host closed the connection)</span></li>
<li class="join">[<a href="#T08:17:03" id="T08:17:03"><abbr title="2011-08-20T08:17:03+00:00">08:17:03</abbr></a>] <span>* lyakh (~lyakh@dslb-178-001-136-054.pools.arcor-ip.net) has joined #beagle</span></li>
<li class="nick-change">[<a href="#T08:29:43" id="T08:29:43"><abbr title="2011-08-20T08:29:43+00:00">08:29:43</abbr></a>] <span>* kimitake is now known as kimitake_idle</span></li>
<li class="join">[<a href="#T09:36:51" id="T09:36:51"><abbr title="2011-08-20T09:36:51+00:00">09:36:51</abbr></a>] <span>* PaulePanter (~paul@mail.gw90.de) has joined #beagleboard</span></li>
<li class="join">[<a href="#T09:40:56" id="T09:40:56"><abbr title="2011-08-20T09:40:56+00:00">09:40:56</abbr></a>] <span>* risca (~risca@h241n2-n-a31.ias.bredband.telia.com) has joined #beagle</span></li>
<li class="quit">[<a href="#T09:40:57" id="T09:40:57"><abbr title="2011-08-20T09:40:57+00:00">09:40:57</abbr></a>] <span>* openwatts (~openwatts@238.180.202.68.cfl.res.rr.com) Quit (Read error: Connection reset by peer)</span></li>
<li class="join">[<a href="#T10:00:01" id="T10:00:01"><abbr title="2011-08-20T10:00:01+00:00">10:00:01</abbr></a>] <span>* siegen (~lechaguin@sign-4db6b5c9.pool.mediaWays.net) has joined #beagle</span></li>
<li class="message">[<a href="#T10:00:12" id="T10:00:12"><abbr title="2011-08-20T10:00:12+00:00">10:00:12</abbr></a>] &lt;<cite>siegen</cite>&gt; <q>hi!</q></li>
<li class="quit">[<a href="#T10:12:23" id="T10:12:23"><abbr title="2011-08-20T10:12:23+00:00">10:12:23</abbr></a>] <span>* risca (~risca@h241n2-n-a31.ias.bredband.telia.com) Quit (Quit: L??mnar)</span></li>
<li class="quit">[<a href="#T10:21:47" id="T10:21:47"><abbr title="2011-08-20T10:21:47+00:00">10:21:47</abbr></a>] <span>* mnt_real (~mnt_real@bas9-montrealak-1177755272.dsl.bell.ca) Quit (Remote host closed the connection)</span></li>
<li class="quit">[<a href="#T10:31:35" id="T10:31:35"><abbr title="2011-08-20T10:31:35+00:00">10:31:35</abbr></a>] <span>* ogra_ (~ogra@p5098ed03.dip0.t-ipconnect.de) Quit (Ping timeout: 252 seconds)</span></li>
<li class="join">[<a href="#T10:32:19" id="T10:32:19"><abbr title="2011-08-20T10:32:19+00:00">10:32:19</abbr></a>] <span>* ogra_ (~ogra@p5098ed03.dip0.t-ipconnect.de) has joined #beagle</span></li>
<li class="join">[<a href="#T10:33:46" id="T10:33:46"><abbr title="2011-08-20T10:33:46+00:00">10:33:46</abbr></a>] <span>* PaulePanter (~paul@mail.gw90.de) has joined #beagle</span></li>
<li class="join">[<a href="#T10:51:32" id="T10:51:32"><abbr title="2011-08-20T10:51:32+00:00">10:51:32</abbr></a>] <span>* Xerion (~xerion@5419A766.cm-5-2c.dynamic.ziggo.nl) has joined #beagle</span></li>
<li class="quit">[<a href="#T10:56:24" id="T10:56:24"><abbr title="2011-08-20T10:56:24+00:00">10:56:24</abbr></a>] <span>* rsalveti (~rsalveti@linaro/rsalveti) Quit (Ping timeout: 240 seconds)</span></li>
<li class="join">[<a href="#T10:58:03" id="T10:58:03"><abbr title="2011-08-20T10:58:03+00:00">10:58:03</abbr></a>] <span>* Tectu (~quassel@221-112.195-178.cust.bluewin.ch) has joined #beagle</span></li>
