<li class="quit">[<a href="#T00:03:57" id="T00:03:57"><abbr title="2011-05-30T00:03:57+00:00">00:03:57</abbr></a>] <span>* ZeZu (~null@c-98-227-57-1.hsd1.in.comcast.net) Quit (Remote host closed the connection)</span></li>
<li class="quit">[<a href="#T00:08:06" id="T00:08:06"><abbr title="2011-05-30T00:08:06+00:00">00:08:06</abbr></a>] <span>* pcacjr (~pcacjr@unaffiliated/pcacjr) Quit (Quit: leaving)</span></li>
<li class="join">[<a href="#T00:15:42" id="T00:15:42"><abbr title="2011-05-30T00:15:42+00:00">00:15:42</abbr></a>] <span>* emeb (~ericb@ip70-190-178-49.ph.ph.cox.net) has joined #beagle</span></li>
<li class="message">[<a href="#T00:19:38" id="T00:19:38"><abbr title="2011-05-30T00:19:38+00:00">00:19:38</abbr></a>] &lt;<cite>thurbad</cite>&gt; <q>SED_Y, so what's the problem?</q></li>
<li class="message">[<a href="#T00:21:13" id="T00:21:13"><abbr title="2011-05-30T00:21:13+00:00">00:21:13</abbr></a>] &lt;<cite>djlewis</cite>&gt; <q>i think he has lost his path ;)</q></li>
<li class="message">[<a href="#T00:21:20" id="T00:21:20"><abbr title="2011-05-30T00:21:20+00:00">00:21:20</abbr></a>] &lt;<cite>thurbad</cite>&gt; <q>heh</q></li>
<li class="quit">[<a href="#T00:25:03" id="T00:25:03"><abbr title="2011-05-30T00:25:03+00:00">00:25:03</abbr></a>] <span>* tegila (~tegila@186-210-229-204.xd-dynamic.ctbcnetsuper.com.br) Quit (Quit: Leaving.)</span></li>
<li class="quit">[<a href="#T00:34:39" id="T00:34:39"><abbr title="2011-05-30T00:34:39+00:00">00:34:39</abbr></a>] <span>* phantoxe (~destroy@a95-92-86-197.cpe.netcabo.pt) Quit ()</span></li>
<li class="quit">[<a href="#T00:36:20" id="T00:36:20"><abbr title="2011-05-30T00:36:20+00:00">00:36:20</abbr></a>] <span>* thaytan (~jan@203.202.52.112) Quit (Ping timeout: 260 seconds)</span></li>
<li class="quit">[<a href="#T00:40:35" id="T00:40:35"><abbr title="2011-05-30T00:40:35+00:00">00:40:35</abbr></a>] <span>* JoeSchmo (~jciccone@2001:470:1f07:c06:223:54ff:fe9c:2e78) Quit (Quit: Leaving)</span></li>
<li class="part">[<a href="#T00:49:17" id="T00:49:17"><abbr title="2011-05-30T00:49:17+00:00">00:49:17</abbr></a>] <span>* SED_Y (816e055c@gateway/web/freenode/ip.129.110.5.92) has left #beagle</span></li>
<li class="join">[<a href="#T00:58:21" id="T00:58:21"><abbr title="2011-05-30T00:58:21+00:00">00:58:21</abbr></a>] <span>* BThompsonGR (~bernie@cpe-76-183-65-93.tx.res.rr.com) has joined #beagle</span></li>
<li class="join">[<a href="#T00:59:22" id="T00:59:22"><abbr title="2011-05-30T00:59:22+00:00">00:59:22</abbr></a>] <span>* thaytan (~jan@203.202.52.112) has joined #beagle</span></li>
<li class="join">[<a href="#T01:02:32" id="T01:02:32"><abbr title="2011-05-30T01:02:32+00:00">01:02:32</abbr></a>] <span>* JoeSchmo (~jciccone@2001:470:1f07:c06:223:54ff:fe9c:2e78) has joined #beagle</span></li>
<li class="join">[<a href="#T01:03:01" id="T01:03:01"><abbr title="2011-05-30T01:03:01+00:00">01:03:01</abbr></a>] <span>* drichards (~user@c-98-232-30-130.hsd1.wa.comcast.net) has joined #beagle</span></li>
<li class="join">[<a href="#T01:12:30" id="T01:12:30"><abbr title="2011-05-30T01:12:30+00:00">01:12:30</abbr></a>] <span>* tegila (~tegila@186-210-229-204.xd-dynamic.ctbcnetsuper.com.br) has joined #beagle</span></li>
<li class="quit">[<a href="#T01:14:49" id="T01:14:49"><abbr title="2011-05-30T01:14:49+00:00">01:14:49</abbr></a>] <span>* emeb (~ericb@ip70-190-178-49.ph.ph.cox.net) Quit (Remote host closed the connection)</span></li>
<li class="join">[<a href="#T01:18:54" id="T01:18:54"><abbr title="2011-05-30T01:18:54+00:00">01:18:54</abbr></a>] <span>* emeb (~ericb@ip70-190-178-49.ph.ph.cox.net) has joined #beagle</span></li>
<li class="quit">[<a href="#T01:30:00" id="T01:30:00"><abbr title="2011-05-30T01:30:00+00:00">01:30:00</abbr></a>] <span>* thaytan (~jan@203.202.52.112) Quit (Ping timeout: 260 seconds)</span></li>
<li class="quit">[<a href="#T01:31:52" id="T01:31:52"><abbr title="2011-05-30T01:31:52+00:00">01:31:52</abbr></a>] <span>* tegila (~tegila@186-210-229-204.xd-dynamic.ctbcnetsuper.com.br) Quit (Quit: Leaving.)</span></li>
<li class="message">[<a href="#T01:34:51" id="T01:34:51"><abbr title="2011-05-30T01:34:51+00:00">01:34:51</abbr></a>] &lt;<cite>Russ</cite>&gt; <q>3.0-rc1</q></li>
<li class="quit">[<a href="#T01:57:48" id="T01:57:48"><abbr title="2011-05-30T01:57:48+00:00">01:57:48</abbr></a>] <span>* Animule (~Animal@71-208-144-209.hlrn.qwest.net) Quit (Remote host closed the connection)</span></li>
<li class="join">[<a href="#T01:58:00" id="T01:58:00"><abbr title="2011-05-30T01:58:00+00:00">01:58:00</abbr></a>] <span>* Animule (~Animal@71-208-144-209.hlrn.qwest.net) has joined #beagle</span></li>
