<li class="join">[<a href="#T00:00:43" id="T00:00:43"><abbr title="2011-04-22T00:00:43+00:00">00:00:43</abbr></a>] <span>* gholl (~graham@d142-058-175-020.wireless.sfu.ca) has joined #beagle</span></li>
<li class="join">[<a href="#T00:02:13" id="T00:02:13"><abbr title="2011-04-22T00:02:13+00:00">00:02:13</abbr></a>] <span>* Joe_B (617a90f8@gateway/web/freenode/ip.97.122.144.248) has joined #beagle</span></li>
<li class="quit">[<a href="#T00:06:27" id="T00:06:27"><abbr title="2011-04-22T00:06:27+00:00">00:06:27</abbr></a>] <span>* Joe_B (617a90f8@gateway/web/freenode/ip.97.122.144.248) Quit (Ping timeout: 252 seconds)</span></li>
<li class="quit">[<a href="#T00:10:49" id="T00:10:49"><abbr title="2011-04-22T00:10:49+00:00">00:10:49</abbr></a>] <span>* peabody124 (~peabody12@128.249.96.21) Quit (Quit: peabody124)</span></li>
<li class="join">[<a href="#T00:12:24" id="T00:12:24"><abbr title="2011-04-22T00:12:24+00:00">00:12:24</abbr></a>] <span>* tegila (~tegila@189-015-174-076.xd-dynamic.ctbcnetsuper.com.br) has joined #beagle</span></li>
<li class="quit">[<a href="#T00:15:37" id="T00:15:37"><abbr title="2011-04-22T00:15:37+00:00">00:15:37</abbr></a>] <span>* Pinar (b2e98c5b@gateway/web/freenode/ip.178.233.140.91) Quit (Ping timeout: 252 seconds)</span></li>
<li class="join">[<a href="#T00:20:08" id="T00:20:08"><abbr title="2011-04-22T00:20:08+00:00">00:20:08</abbr></a>] <span>* djlewis (~djlewis@65-66-76-57.dsl.tcworks.net) has joined #beagle</span></li>
<li class="join">[<a href="#T00:40:15" id="T00:40:15"><abbr title="2011-04-22T00:40:15+00:00">00:40:15</abbr></a>] <span>* H1N1_ (75c440d3@gateway/web/freenode/ip.117.196.64.211) has joined #beagle</span></li>
<li class="message">[<a href="#T00:40:41" id="T00:40:41"><abbr title="2011-04-22T00:40:41+00:00">00:40:41</abbr></a>] &lt;<cite>H1N1_</cite>&gt; <q>djlewis: hey</q></li>
<li class="message">[<a href="#T00:40:57" id="T00:40:57"><abbr title="2011-04-22T00:40:57+00:00">00:40:57</abbr></a>] &lt;<cite>djlewis</cite>&gt; <q>good evening from me to good morning to you</q></li>
<li class="message">[<a href="#T00:41:21" id="T00:41:21"><abbr title="2011-04-22T00:41:21+00:00">00:41:21</abbr></a>] &lt;<cite>djlewis</cite>&gt; <q>H1N1_: i just got with my Beagle</q></li>
<li class="message">[<a href="#T00:41:22" id="T00:41:22"><abbr title="2011-04-22T00:41:22+00:00">00:41:22</abbr></a>] &lt;<cite>H1N1_</cite>&gt; <q>good evening to u</q></li>
<li class="message">[<a href="#T00:42:25" id="T00:42:25"><abbr title="2011-04-22T00:42:25+00:00">00:42:25</abbr></a>] &lt;<cite>H1N1_</cite>&gt; <q>:D</q></li>
<li class="message">[<a href="#T00:42:45" id="T00:42:45"><abbr title="2011-04-22T00:42:45+00:00">00:42:45</abbr></a>] &lt;<cite>djlewis</cite>&gt; <q>H1N1_:  when are you hokking to a monitor?</q></li>
<li class="message">[<a href="#T00:42:49" id="T00:42:49"><abbr title="2011-04-22T00:42:49+00:00">00:42:49</abbr></a>] &lt;<cite>djlewis</cite>&gt; <q>hooking</q></li>
<li class="message">[<a href="#T00:43:17" id="T00:43:17"><abbr title="2011-04-22T00:43:17+00:00">00:43:17</abbr></a>] &lt;<cite>H1N1_</cite>&gt; <q>just now</q></li>
<li class="message">[<a href="#T00:44:13" id="T00:44:13"><abbr title="2011-04-22T00:44:13+00:00">00:44:13</abbr></a>] &lt;<cite>H1N1_</cite>&gt; <q>now can u share ur notes?</q></li>
<li class="message">[<a href="#T00:46:28" id="T00:46:28"><abbr title="2011-04-22T00:46:28+00:00">00:46:28</abbr></a>] &lt;<cite>djlewis</cite>&gt; <q>H1N1_: can we PM?</q></li>
<li class="message">[<a href="#T00:46:36" id="T00:46:36"><abbr title="2011-04-22T00:46:36+00:00">00:46:36</abbr></a>] &lt;<cite>H1N1_</cite>&gt; <q>sure</q></li>
<li class="join">[<a href="#T00:52:47" id="T00:52:47"><abbr title="2011-04-22T00:52:47+00:00">00:52:47</abbr></a>] <span>* H1N1__ (75c440d3@gateway/web/freenode/ip.117.196.64.211) has joined #beagle</span></li>
<li class="quit">[<a href="#T00:55:13" id="T00:55:13"><abbr title="2011-04-22T00:55:13+00:00">00:55:13</abbr></a>] <span>* H1N1_ (75c440d3@gateway/web/freenode/ip.117.196.64.211) Quit (Ping timeout: 252 seconds)</span></li>
<li class="quit">[<a href="#T00:55:34" id="T00:55:34"><abbr title="2011-04-22T00:55:34+00:00">00:55:34</abbr></a>] <span>* tegila (~tegila@189-015-174-076.xd-dynamic.ctbcnetsuper.com.br) Quit (Quit: Leaving.)</span></li>
