<li class="quit">[<a href="#T00:00:05" id="T00:00:05"><abbr title="2011-01-06T00:00:05+00:00">00:00:05</abbr></a>] <span>* alancam (~a-campbel@nat/ti/x-pgdnvipgvqhududb) Quit (Ping timeout: 264 seconds)</span></li>
<li class="quit">[<a href="#T00:00:32" id="T00:00:32"><abbr title="2011-01-06T00:00:32+00:00">00:00:32</abbr></a>] <span>* _koen_1 (~x0115699@nat/ti/x-iqqnqtrxsosnvoku) Quit (Ping timeout: 255 seconds)</span></li>
<li class="quit">[<a href="#T00:00:42" id="T00:00:42"><abbr title="2011-01-06T00:00:42+00:00">00:00:42</abbr></a>] <span>* florian (~fuchs@Maemo/community/contributor/florian) Quit (Quit: Verlassend)</span></li>
<li class="quit">[<a href="#T00:01:24" id="T00:01:24"><abbr title="2011-01-06T00:01:24+00:00">00:01:24</abbr></a>] <span>* alancam_ (~a-campbel@nat/ti/x-ddhovrwancsshvzy) Quit (Ping timeout: 240 seconds)</span></li>
<li class="join">[<a href="#T00:04:17" id="T00:04:17"><abbr title="2011-01-06T00:04:17+00:00">00:04:17</abbr></a>] <span>* pupnik_ (~pupnik@p54B2A9F9.dip.t-dialin.net) has joined #beagle</span></li>
<li class="quit">[<a href="#T00:06:56" id="T00:06:56"><abbr title="2011-01-06T00:06:56+00:00">00:06:56</abbr></a>] <span>* shoragan____ (~shoragan@sicherheitsschwankung.de) Quit (Quit: shoragan____)</span></li>
<li class="join">[<a href="#T00:07:40" id="T00:07:40"><abbr title="2011-01-06T00:07:40+00:00">00:07:40</abbr></a>] <span>* mrj10 (~mrj10@24-216-68-25.dhcp.stls.mo.charter.com) has joined #beagle</span></li>
<li class="join">[<a href="#T00:08:02" id="T00:08:02"><abbr title="2011-01-06T00:08:02+00:00">00:08:02</abbr></a>] <span>* shoragan____ (~shoragan@sicherheitsschwankung.de) has joined #beagle</span></li>
<li class="message">[<a href="#T00:08:06" id="T00:08:06"><abbr title="2011-01-06T00:08:06+00:00">00:08:06</abbr></a>] &lt;<cite>mru</cite>&gt; <q>hmmm</q></li>
<li class="message">[<a href="#T00:08:18" id="T00:08:18"><abbr title="2011-01-06T00:08:18+00:00">00:08:18</abbr></a>] &lt;<cite>sakoman_</cite>&gt; <q>ShadowJK: if you want to read about interpreting the iozone plots, <a href="http://www.iozone.org/docs/IOzone_msword_98.pdf">http://www.iozone.org/docs/IOzone_msword_98.pdf</a></q></li>
<li class="quit">[<a href="#T00:08:20" id="T00:08:20"><abbr title="2011-01-06T00:08:20+00:00">00:08:20</abbr></a>] <span>* rcranetx (~rcranetx@nat/ti/x-sncnrpitoyjldsql) Quit (Ping timeout: 250 seconds)</span></li>
<li class="message">[<a href="#T00:08:23" id="T00:08:23"><abbr title="2011-01-06T00:08:23+00:00">00:08:23</abbr></a>] &lt;<cite>sakoman_</cite>&gt; <q>look on page 11</q></li>
<li class="quit">[<a href="#T00:08:25" id="T00:08:25"><abbr title="2011-01-06T00:08:25+00:00">00:08:25</abbr></a>] <span>* brijesh (~brijesh@nat/ti/x-tsjyeaowyjyprhrw) Quit (Quit: Leaving)</span></li>
<li class="quit">[<abbr title="2011-01-06T00:08:25+00:00">00:08:25</abbr>] <span>* pupnik (~pupnik@unaffiliated/pupnik) Quit (Ping timeout: 276 seconds)</span></li>
<li class="quit">[<a href="#T00:09:39" id="T00:09:39"><abbr title="2011-01-06T00:09:39+00:00">00:09:39</abbr></a>] <span>* pH5 (~ph5@e178198031.adsl.alicedsl.de) Quit (Quit: bye)</span></li>
<li class="message">[<a href="#T00:13:10" id="T00:13:10"><abbr title="2011-01-06T00:13:10+00:00">00:13:10</abbr></a>] &lt;<cite>ShadowJK</cite>&gt; <q>Well, 4k - 256k record size at file size &gt;&gt; ram would be interesting plot, but it's mostly lost in the scaling?</q></li>
<li class="message">[<a href="#T00:14:40" id="T00:14:40"><abbr title="2011-01-06T00:14:40+00:00">00:14:40</abbr></a>] &lt;<cite>sakoman_</cite>&gt; <q>look at the raw data to see the details (3rd tab on the plot page)</q></li>
<li class="message">[<a href="#T00:16:42" id="T00:16:42"><abbr title="2011-01-06T00:16:42+00:00">00:16:42</abbr></a>] &lt;<cite>sakoman_</cite>&gt; <q>ShadowJK: I'll get the sandisk and topram plots &amp; raw data posted later tonight</q></li>
<li class="nick-change">[<a href="#T00:17:59" id="T00:17:59"><abbr title="2011-01-06T00:17:59+00:00">00:17:59</abbr></a>] <span>* pupnik_ is now known as pupnik</span></li>
<li class="quit">[<a href="#T00:18:00" id="T00:18:00"><abbr title="2011-01-06T00:18:00+00:00">00:18:00</abbr></a>] <span>* mrj10 (~mrj10@24-216-68-25.dhcp.stls.mo.charter.com) Quit (Read error: Connection reset by peer)</span></li>
<li class="join">[<a href="#T00:18:54" id="T00:18:54"><abbr title="2011-01-06T00:18:54+00:00">00:18:54</abbr></a>] <span>* mrj10 (~mrj10@24-216-68-25.dhcp.stls.mo.charter.com) has joined #beagle</span></li>
<li class="quit">[<a href="#T00:32:41" id="T00:32:41"><abbr title="2011-01-06T00:32:41+00:00">00:32:41</abbr></a>] <span>* BThompson (~a0193480@nat/ti/x-jazlprlazprzldxb) Quit (Remote host closed the connection)</span></li>
<li class="quit">[<a href="#T00:33:09" id="T00:33:09"><abbr title="2011-01-06T00:33:09+00:00">00:33:09</abbr></a>] <span>* katie (~katierh@nat/ti/x-ytjtdyzyojssfxtg) Quit ()</span></li>
<li class="quit">[<a href="#T00:34:17" id="T00:34:17"><abbr title="2011-01-06T00:34:17+00:00">00:34:17</abbr></a>] <span>* mrj10 (~mrj10@24-216-68-25.dhcp.stls.mo.charter.com) Quit (Read error: Connection reset by peer)</span></li>
<li class="join">[<a href="#T00:36:35" id="T00:36:35"><abbr title="2011-01-06T00:36:35+00:00">00:36:35</abbr></a>] <span>* mrj10 (~mrj10@24-216-68-25.dhcp.stls.mo.charter.com) has joined #beagle</span></li>
<li class="join">[<a href="#T00:44:33" id="T00:44:33"><abbr title="2011-01-06T00:44:33+00:00">00:44:33</abbr></a>] <span>* pcacjr_ (~pcacjr@unaffiliated/pcacjr) has joined #beagle</span></li>
<li class="quit">[<abbr title="2011-01-06T00:44:33+00:00">00:44:33</abbr>] <span>* mrj10 (~mrj10@24-216-68-25.dhcp.stls.mo.charter.com) Quit (Read error: Connection reset by peer)</span></li>
<li class="quit">[<a href="#T00:45:14" id="T00:45:14"><abbr title="2011-01-06T00:45:14+00:00">00:45:14</abbr></a>] <span>* pcacjr (~pcacjr@unaffiliated/pcacjr) Quit (Read error: Operation timed out)</span></li>
<li class="join">[<a href="#T00:46:29" id="T00:46:29"><abbr title="2011-01-06T00:46:29+00:00">00:46:29</abbr></a>] <span>* mrj10 (~mrj10@24-216-68-25.dhcp.stls.mo.charter.com) has joined #beagle</span></li>
<li class="join">[<a href="#T00:49:20" id="T00:49:20"><abbr title="2011-01-06T00:49:20+00:00">00:49:20</abbr></a>] <span>* pcacjr (~pcacjr@unaffiliated/pcacjr) has joined #beagle</span></li>
<li class="quit">[<abbr title="2011-01-06T00:49:20+00:00">00:49:20</abbr>] <span>* mrj10 (~mrj10@24-216-68-25.dhcp.stls.mo.charter.com) Quit (Read error: Connection reset by peer)</span></li>
<li class="join">[<a href="#T00:50:08" id="T00:50:08"><abbr title="2011-01-06T00:50:08+00:00">00:50:08</abbr></a>] <span>* mrj10 (~mrj10@24-216-68-25.dhcp.stls.mo.charter.com) has joined #beagle</span></li>
<li class="quit">[<a href="#T00:51:02" id="T00:51:02"><abbr title="2011-01-06T00:51:02+00:00">00:51:02</abbr></a>] <span>* pcacjr_ (~pcacjr@unaffiliated/pcacjr) Quit (Ping timeout: 240 seconds)</span></li>
<li class="quit">[<a href="#T00:57:59" id="T00:57:59"><abbr title="2011-01-06T00:57:59+00:00">00:57:59</abbr></a>] <span>* aholler (~aholler@p57B21A3D.dip0.t-ipconnect.de) Quit (Quit: reboot)</span></li>
<li class="quit">[<abbr title="2011-01-06T00:57:59+00:00">00:57:59</abbr>] <span>* mrj10 (~mrj10@24-216-68-25.dhcp.stls.mo.charter.com) Quit (Read error: Connection reset by peer)</span></li>
<li class="message">[<a href="#T00:59:52" id="T00:59:52"><abbr title="2011-01-06T00:59:52+00:00">00:59:52</abbr></a>] &lt;<cite>peabody124</cite>&gt; <q>i'm trying to get all the ti stuff compiled through openembedded.  i've gotten through ti-dsplink and ti-codec-engine but i'm failing on ti-c6accel with linker errors: <a href="http://pastebin.com/ELHCV9ZZ">http://pastebin.com/ELHCV9ZZ</a></q></li>
