<li class="join">[<a href="#T00:03:54" id="T00:03:54"><abbr title="2011-10-23T00:03:54+00:00">00:03:54</abbr></a>] <span>* benmcnelly1 (~ben@adsl-99-38-78-150.dsl.spfdmo.sbcglobal.net) has joined #beagle</span></li>
<li class="quit">[<a href="#T00:05:35" id="T00:05:35"><abbr title="2011-10-23T00:05:35+00:00">00:05:35</abbr></a>] <span>* benmcnelly (~ben@adsl-99-38-78-150.dsl.spfdmo.sbcglobal.net) Quit (Ping timeout: 248 seconds)</span></li>
<li class="quit">[<a href="#T00:16:15" id="T00:16:15"><abbr title="2011-10-23T00:16:15+00:00">00:16:15</abbr></a>] <span>* ZeZu (null@c-98-227-57-88.hsd1.in.comcast.net) Quit (Ping timeout: 260 seconds)</span></li>
<li class="join">[<a href="#T00:25:44" id="T00:25:44"><abbr title="2011-10-23T00:25:44+00:00">00:25:44</abbr></a>] <span>* jefferai (~quassel@kde/amarok/mitchell) has joined #beagle</span></li>
<li class="join">[<a href="#T00:50:45" id="T00:50:45"><abbr title="2011-10-23T00:50:45+00:00">00:50:45</abbr></a>] <span>* djerome (~djerome@ip24-251-138-141.ph.ph.cox.net) has joined #beagle</span></li>
<li class="part">[<a href="#T00:52:19" id="T00:52:19"><abbr title="2011-10-23T00:52:19+00:00">00:52:19</abbr></a>] <span>* djerome (~djerome@ip24-251-138-141.ph.ph.cox.net) has left #beagle</span></li>
<li class="join">[<a href="#T01:00:54" id="T01:00:54"><abbr title="2011-10-23T01:00:54+00:00">01:00:54</abbr></a>] <span>* chrisw957 (~chris@wsip-184-180-237-194.tu.ok.cox.net) has joined #beagle</span></li>
<li class="quit">[<a href="#T01:05:09" id="T01:05:09"><abbr title="2011-10-23T01:05:09+00:00">01:05:09</abbr></a>] <span>* benmcnelly1 (~ben@adsl-99-38-78-150.dsl.spfdmo.sbcglobal.net) Quit (Ping timeout: 258 seconds)</span></li>
<li class="join">[<a href="#T01:14:51" id="T01:14:51"><abbr title="2011-10-23T01:14:51+00:00">01:14:51</abbr></a>] <span>* jonpry (~jon@unaffiliated/jonpry) has joined #beagle</span></li>
<li class="join">[<a href="#T01:39:54" id="T01:39:54"><abbr title="2011-10-23T01:39:54+00:00">01:39:54</abbr></a>] <span>* benmcnelly (~ben@adsl-99-38-78-150.dsl.spfdmo.sbcglobal.net) has joined #beagle</span></li>
<li class="quit">[<a href="#T01:43:44" id="T01:43:44"><abbr title="2011-10-23T01:43:44+00:00">01:43:44</abbr></a>] <span>* mikey_w (~mike@pool-74-110-218-2.rcmdva.fios.verizon.net) Quit (Remote host closed the connection)</span></li>
<li class="join">[<a href="#T01:44:35" id="T01:44:35"><abbr title="2011-10-23T01:44:35+00:00">01:44:35</abbr></a>] <span>* mikey_w (~mike@pool-74-110-218-2.rcmdva.fios.verizon.net) has joined #beagle</span></li>
<li class="quit">[<a href="#T01:45:18" id="T01:45:18"><abbr title="2011-10-23T01:45:18+00:00">01:45:18</abbr></a>] <span>* mikey_w (~mike@pool-74-110-218-2.rcmdva.fios.verizon.net) Quit (Remote host closed the connection)</span></li>
<li class="join">[<a href="#T01:46:04" id="T01:46:04"><abbr title="2011-10-23T01:46:04+00:00">01:46:04</abbr></a>] <span>* mikey_w (~mike@pool-74-110-218-2.rcmdva.fios.verizon.net) has joined #beagle</span></li>
<li class="join">[<a href="#T01:48:48" id="T01:48:48"><abbr title="2011-10-23T01:48:48+00:00">01:48:48</abbr></a>] <span>* mike_ (~mike@pool-74-110-218-2.rcmdva.fios.verizon.net) has joined #beagle</span></li>
<li class="quit">[<abbr title="2011-10-23T01:48:48+00:00">01:48:48</abbr>] <span>* mikey_w (~mike@pool-74-110-218-2.rcmdva.fios.verizon.net) Quit (Read error: Connection reset by peer)</span></li>
<li class="nick-change">[<a href="#T01:49:14" id="T01:49:14"><abbr title="2011-10-23T01:49:14+00:00">01:49:14</abbr></a>] <span>* mike_ is now known as Guest82123</span></li>
<li class="nick-change">[<a href="#T01:49:18" id="T01:49:18"><abbr title="2011-10-23T01:49:18+00:00">01:49:18</abbr></a>] <span>* Guest82123 is now known as mikey_w</span></li>
<li class="quit">[<a href="#T01:59:36" id="T01:59:36"><abbr title="2011-10-23T01:59:36+00:00">01:59:36</abbr></a>] <span>* benmcnelly (~ben@adsl-99-38-78-150.dsl.spfdmo.sbcglobal.net) Quit (Ping timeout: 260 seconds)</span></li>
<li class="join">[<a href="#T02:10:03" id="T02:10:03"><abbr title="2011-10-23T02:10:03+00:00">02:10:03</abbr></a>] <span>* thweber_ (~thomas@host-188-174-173-42.customer.m-online.net) has joined #beagle</span></li>
<li class="nick-change">[<a href="#T02:12:34" id="T02:12:34"><abbr title="2011-10-23T02:12:34+00:00">02:12:34</abbr></a>] <span>* ka6sox is now known as zz_ka6sox</span></li>
<li class="join">[<a href="#T02:12:53" id="T02:12:53"><abbr title="2011-10-23T02:12:53+00:00">02:12:53</abbr></a>] <span>* mnt_real (~sinan@bas1-montreal43-2925385398.dsl.bell.ca) has joined #beagleboard</span></li>
<li class="quit">[<a href="#T02:13:12" id="T02:13:12"><abbr title="2011-10-23T02:13:12+00:00">02:13:12</abbr></a>] <span>* mikey_w (~mike@pool-74-110-218-2.rcmdva.fios.verizon.net) Quit (Ping timeout: 240 seconds)</span></li>
<li class="quit">[<a href="#T02:13:35" id="T02:13:35"><abbr title="2011-10-23T02:13:35+00:00">02:13:35</abbr></a>] <span>* thweber (~thomas@host-188-174-135-219.customer.m-online.net) Quit (Ping timeout: 260 seconds)</span></li>
<li class="join">[<a href="#T02:14:51" id="T02:14:51"><abbr title="2011-10-23T02:14:51+00:00">02:14:51</abbr></a>] <span>* mikey_w (~mike@pool-74-110-218-2.rcmdva.fios.verizon.net) has joined #beagle</span></li>
<li class="join">[<a href="#T02:27:21" id="T02:27:21"><abbr title="2011-10-23T02:27:21+00:00">02:27:21</abbr></a>] <span>* mrmacthree (3254978b@gateway/web/freenode/ip.50.84.151.139) has joined #beagle</span></li>
<li class="message">[<a href="#T02:29:12" id="T02:29:12"><abbr title="2011-10-23T02:29:12+00:00">02:29:12</abbr></a>] &lt;<cite>mrmacthree</cite>&gt; <q>How hard should it be to set up a NFS &amp; TFTP server for booting an embedded linux device off an Ubuntu host?</q></li>
<li class="nick-change">[<a href="#T02:30:59" id="T02:30:59"><abbr title="2011-10-23T02:30:59+00:00">02:30:59</abbr></a>] <span>* mnt_real is now known as sinan</span></li>
<li class="nick-change">[<a href="#T02:31:29" id="T02:31:29"><abbr title="2011-10-23T02:31:29+00:00">02:31:29</abbr></a>] <span>* sinan is now known as Guest59461</span></li>
<li class="nick-change">[<a href="#T02:31:49" id="T02:31:49"><abbr title="2011-10-23T02:31:49+00:00">02:31:49</abbr></a>] <span>* Guest59461 is now known as mnt_real</span></li>
<li class="message">[<a href="#T02:32:10" id="T02:32:10"><abbr title="2011-10-23T02:32:10+00:00">02:32:10</abbr></a>] &lt;<cite>mrmacthree</cite>&gt; <q>I have been trying to set it up for the last two days with no success.</q></li>
<li class="quit">[<a href="#T02:37:36" id="T02:37:36"><abbr title="2011-10-23T02:37:36+00:00">02:37:36</abbr></a>] <span>* mikey_w (~mike@pool-74-110-218-2.rcmdva.fios.verizon.net) Quit (Ping timeout: 240 seconds)</span></li>
<li class="join">[<a href="#T02:39:10" id="T02:39:10"><abbr title="2011-10-23T02:39:10+00:00">02:39:10</abbr></a>] <span>* OLia (~Openfreer@116.237.93.73) has joined #beagle</span></li>
<li class="quit">[<a href="#T02:40:20" id="T02:40:20"><abbr title="2011-10-23T02:40:20+00:00">02:40:20</abbr></a>] <span>* OLia (~Openfreer@116.237.93.73) Quit (Remote host closed the connection)</span></li>
<li class="join">[<a href="#T02:46:52" id="T02:46:52"><abbr title="2011-10-23T02:46:52+00:00">02:46:52</abbr></a>] <span>* Openfreer (~Openfreer@116.237.93.73) has joined #beagle</span></li>
<li class="nick-change">[<a href="#T02:53:07" id="T02:53:07"><abbr title="2011-10-23T02:53:07+00:00">02:53:07</abbr></a>] <span>* zz_ka6sox is now known as ka6sox</span></li>
<li class="quit">[<a href="#T03:06:33" id="T03:06:33"><abbr title="2011-10-23T03:06:33+00:00">03:06:33</abbr></a>] <span>* GPSFan (~kenm@64.92.145.112) Quit (Remote host closed the connection)</span></li>
<li class="quit">[<a href="#T03:10:10" id="T03:10:10"><abbr title="2011-10-23T03:10:10+00:00">03:10:10</abbr></a>] <span>* phantoxe (~destroy@a95-92-86-197.cpe.netcabo.pt) Quit ()</span></li>
<li class="join">[<a href="#T03:32:25" id="T03:32:25"><abbr title="2011-10-23T03:32:25+00:00">03:32:25</abbr></a>] <span>* mikey_w (~mike@pool-74-110-218-2.rcmdva.fios.verizon.net) has joined #beagle</span></li>
<li class="join">[<a href="#T03:47:35" id="T03:47:35"><abbr title="2011-10-23T03:47:35+00:00">03:47:35</abbr></a>] <span>* geri (~Gerald@dyn-160-39-30-64.dyn.columbia.edu) has joined #beagle</span></li>
<li class="join">[<a href="#T03:57:21" id="T03:57:21"><abbr title="2011-10-23T03:57:21+00:00">03:57:21</abbr></a>] <span>* scrp3l (~scrp3l@201.250.184.254) has joined #beagle</span></li>
<li class="nick-change">[<a href="#T03:57:35" id="T03:57:35"><abbr title="2011-10-23T03:57:35+00:00">03:57:35</abbr></a>] <span>* Scepterr|AFK is now known as Scepterr</span></li>
<li class="join">[<a href="#T04:00:20" id="T04:00:20"><abbr title="2011-10-23T04:00:20+00:00">04:00:20</abbr></a>] <span>* Gerald_ (~Gerald@dyn-160-39-30-64.dyn.columbia.edu) has joined #beagle</span></li>
<li class="quit">[<a href="#T04:03:25" id="T04:03:25"><abbr title="2011-10-23T04:03:25+00:00">04:03:25</abbr></a>] <span>* geri (~Gerald@dyn-160-39-30-64.dyn.columbia.edu) Quit (Ping timeout: 240 seconds)</span></li>
<li class="message">[<a href="#T04:03:55" id="T04:03:55"><abbr title="2011-10-23T04:03:55+00:00">04:03:55</abbr></a>] &lt;<cite>mrmacthree</cite>&gt; <q>How hard should it be to set up a NFS &amp; TFTP server for booting an embedded linux device off an Ubuntu host?</q></li>
<li class="quit">[<a href="#T04:26:01" id="T04:26:01"><abbr title="2011-10-23T04:26:01+00:00">04:26:01</abbr></a>] <span>* djlewis (~djlewis@65-70-11-152.dsl.tcworks.net) Quit (Ping timeout: 258 seconds)</span></li>
<li class="quit">[<a href="#T04:43:39" id="T04:43:39"><abbr title="2011-10-23T04:43:39+00:00">04:43:39</abbr></a>] <span>* peabody124 (~peabody12@c-98-201-161-152.hsd1.tx.comcast.net) Quit (Quit: peabody124)</span></li>
<li class="message">[<a href="#T04:46:05" id="T04:46:05"><abbr title="2011-10-23T04:46:05+00:00">04:46:05</abbr></a>] &lt;<cite>mrmacthree</cite>&gt; <q>Is the angstrom demo's kernel configured for nfs boot?</q></li>
<li class="quit">[<a href="#T04:58:21" id="T04:58:21"><abbr title="2011-10-23T04:58:21+00:00">04:58:21</abbr></a>] <span>* mnt_real (~sinan@bas1-montreal43-2925385398.dsl.bell.ca) Quit (Quit: Ex-Chat)</span></li>
<li class="join">[<a href="#T05:22:54" id="T05:22:54"><abbr title="2011-10-23T05:22:54+00:00">05:22:54</abbr></a>] <span>* novogrammer (~novogramm@w0109-49-134-67-249.uqwimax.jp) has joined #beagle</span></li>
<li class="nick-change">[<a href="#T05:29:23" id="T05:29:23"><abbr title="2011-10-23T05:29:23+00:00">05:29:23</abbr></a>] <span>* ka6sox is now known as zz_ka6sox</span></li>
<li class="quit">[<a href="#T05:35:40" id="T05:35:40"><abbr title="2011-10-23T05:35:40+00:00">05:35:40</abbr></a>] <span>* jonpry (~jon@unaffiliated/jonpry) Quit (Quit: Leaving)</span></li>
<li class="quit">[<a href="#T05:59:01" id="T05:59:01"><abbr title="2011-10-23T05:59:01+00:00">05:59:01</abbr></a>] <span>* novogrammer (~novogramm@w0109-49-134-67-249.uqwimax.jp) Quit (Remote host closed the connection)</span></li>
<li class="join">[<a href="#T06:04:06" id="T06:04:06"><abbr title="2011-10-23T06:04:06+00:00">06:04:06</abbr></a>] <span>* Gerald (~Gerald@dyn-160-39-30-64.dyn.columbia.edu) has joined #beagle</span></li>
<li class="nick-change">[<a href="#T06:04:32" id="T06:04:32"><abbr title="2011-10-23T06:04:32+00:00">06:04:32</abbr></a>] <span>* Gerald is now known as Guest12226</span></li>
<li class="quit">[<a href="#T06:04:55" id="T06:04:55"><abbr title="2011-10-23T06:04:55+00:00">06:04:55</abbr></a>] <span>* Gerald_ (~Gerald@dyn-160-39-30-64.dyn.columbia.edu) Quit (Ping timeout: 258 seconds)</span></li>
<li class="quit">[<a href="#T06:22:02" id="T06:22:02"><abbr title="2011-10-23T06:22:02+00:00">06:22:02</abbr></a>] <span>* Openfreer (~Openfreer@116.237.93.73) Quit (Ping timeout: 260 seconds)</span></li>
<li class="quit">[<a href="#T06:25:59" id="T06:25:59"><abbr title="2011-10-23T06:25:59+00:00">06:25:59</abbr></a>] <span>* emeb (~ericb@ip72-223-86-178.ph.ph.cox.net) Quit (Quit: Leaving.)</span></li>
<li class="join">[<a href="#T06:26:12" id="T06:26:12"><abbr title="2011-10-23T06:26:12+00:00">06:26:12</abbr></a>] <span>* derirremitderwaf (~derirremi@HSI-KBW-109-192-158-105.hsi6.kabel-badenwuerttemberg.de) has joined #beagle</span></li>
<li class="join">[<a href="#T06:29:22" id="T06:29:22"><abbr title="2011-10-23T06:29:22+00:00">06:29:22</abbr></a>] <span>* Rious (~csamuelso@50.17.240.121) has joined #beagle</span></li>
<li class="quit">[<a href="#T06:30:04" id="T06:30:04"><abbr title="2011-10-23T06:30:04+00:00">06:30:04</abbr></a>] <span>* mrmacthree (3254978b@gateway/web/freenode/ip.50.84.151.139) Quit (Ping timeout: 265 seconds)</span></li>
<li class="quit">[<a href="#T06:48:23" id="T06:48:23"><abbr title="2011-10-23T06:48:23+00:00">06:48:23</abbr></a>] <span>* Guest12226 (~Gerald@dyn-160-39-30-64.dyn.columbia.edu) Quit (Read error: Connection reset by peer)</span></li>
<li class="part">[<a href="#T06:50:50" id="T06:50:50"><abbr title="2011-10-23T06:50:50+00:00">06:50:50</abbr></a>] <span>* derirremitderwaf (~derirremi@HSI-KBW-109-192-158-105.hsi6.kabel-badenwuerttemberg.de) has left #beagle</span></li>
<li class="join">[<a href="#T06:51:41" id="T06:51:41"><abbr title="2011-10-23T06:51:41+00:00">06:51:41</abbr></a>] <span>* Openfreer (~Openfreer@114.86.76.115) has joined #beagle</span></li>
<li class="join">[<a href="#T06:58:39" id="T06:58:39"><abbr title="2011-10-23T06:58:39+00:00">06:58:39</abbr></a>] <span>* derirremitderwaf (~derirremi@HSI-KBW-109-192-158-105.hsi6.kabel-badenwuerttemberg.de) has joined #beagle</span></li>
<li class="part">[<abbr title="2011-10-23T06:58:39+00:00">06:58:39</abbr>] <span>* derirremitderwaf (~derirremi@HSI-KBW-109-192-158-105.hsi6.kabel-badenwuerttemberg.de) has left #beagle</span></li>
<li class="quit">[<a href="#T07:03:20" id="T07:03:20"><abbr title="2011-10-23T07:03:20+00:00">07:03:20</abbr></a>] <span>* pfefferz (~pfefferz@76-205-172-172.lightspeed.austtx.sbcglobal.net) Quit (Quit: Leaving)</span></li>
<li class="join">[<a href="#T07:25:27" id="T07:25:27"><abbr title="2011-10-23T07:25:27+00:00">07:25:27</abbr></a>] <span>* jpsaman (~jpsaman@85.13.70.251) has joined #beagle</span></li>
<li class="quit">[<a href="#T07:25:28" id="T07:25:28"><abbr title="2011-10-23T07:25:28+00:00">07:25:28</abbr></a>] <span>* jpsaman (~jpsaman@85.13.70.251) Quit (Changing host)</span></li>
<li class="join">[<abbr title="2011-10-23T07:25:28+00:00">07:25:28</abbr>] <span>* jpsaman (~jpsaman@videolan/developer/jpsaman) has joined #beagle</span></li>
<li class="nick-change">[<a href="#T07:33:03" id="T07:33:03"><abbr title="2011-10-23T07:33:03+00:00">07:33:03</abbr></a>] <span>* zz_ka6sox is now known as ka6sox</span></li>
<li class="quit">[<abbr title="2011-10-23T07:33:03+00:00">07:33:03</abbr>] <span>* jpsaman (~jpsaman@videolan/developer/jpsaman) Quit (Read error: Connection reset by peer)</span></li>
<li class="quit">[<a href="#T07:35:03" id="T07:35:03"><abbr title="2011-10-23T07:35:03+00:00">07:35:03</abbr></a>] <span>* Openfreer (~Openfreer@114.86.76.115) Quit (Ping timeout: 256 seconds)</span></li>
<li class="join">[<a href="#T07:43:44" id="T07:43:44"><abbr title="2011-10-23T07:43:44+00:00">07:43:44</abbr></a>] <span>* lyakh (~lyakh@85.13.70.251) has joined #beagle</span></li>
<li class="join">[<a href="#T07:58:04" id="T07:58:04"><abbr title="2011-10-23T07:58:04+00:00">07:58:04</abbr></a>] <span>* raster (~raster@enlightenment/developer/raster) has joined #beagle</span></li>
<li class="join">[<a href="#T07:58:48" id="T07:58:48"><abbr title="2011-10-23T07:58:48+00:00">07:58:48</abbr></a>] <span>* Ceriand|desktop (~Ceriand@unaffiliated/ceriand) has joined #beagle</span></li>
<li class="join">[<a href="#T08:23:02" id="T08:23:02"><abbr title="2011-10-23T08:23:02+00:00">08:23:02</abbr></a>] <span>* asdf_ (48b336b6@gateway/web/freenode/ip.72.179.54.182) has joined #beagle</span></li>
<li class="message">[<a href="#T08:23:05" id="T08:23:05"><abbr title="2011-10-23T08:23:05+00:00">08:23:05</abbr></a>] &lt;<cite>asdf_</cite>&gt; <q>hey</q></li>
<li class="message">[<a href="#T08:23:18" id="T08:23:18"><abbr title="2011-10-23T08:23:18+00:00">08:23:18</abbr></a>] &lt;<cite>asdf_</cite>&gt; <q>so, i've been trying to get an android install booting on beagleboard</q></li>
<li class="message">[<a href="#T08:23:38" id="T08:23:38"><abbr title="2011-10-23T08:23:38+00:00">08:23:38</abbr></a>] &lt;<cite>asdf_</cite>&gt; <q>however, the prebuilt rowboat android image i've been using hasnt been working well</q></li>
<li class="message">[<a href="#T08:23:51" id="T08:23:51"><abbr title="2011-10-23T08:23:51+00:00">08:23:51</abbr></a>] &lt;<cite>asdf_</cite>&gt; <q>it boots up, but in distorted coloring, with no usb device support</q></li>
<li class="message">[<a href="#T08:23:56" id="T08:23:56"><abbr title="2011-10-23T08:23:56+00:00">08:23:56</abbr></a>] &lt;<cite>pugvader_</cite>&gt; <q>boo</q></li>
<li class="message">[<a href="#T08:23:58" id="T08:23:58"><abbr title="2011-10-23T08:23:58+00:00">08:23:58</abbr></a>] &lt;<cite>asdf_</cite>&gt; <q>does anyone have an links to better guides etc</q></li>
<li class="message">[<a href="#T08:24:06" id="T08:24:06"><abbr title="2011-10-23T08:24:06+00:00">08:24:06</abbr></a>] &lt;<cite>asdf_</cite>&gt; <q>or a better distro</q></li>
<li class="message">[<a href="#T08:24:11" id="T08:24:11"><abbr title="2011-10-23T08:24:11+00:00">08:24:11</abbr></a>] &lt;<cite>asdf_</cite>&gt; <q>i looked at 0xdroid too</q></li>
<li class="message">[<a href="#T08:24:25" id="T08:24:25"><abbr title="2011-10-23T08:24:25+00:00">08:24:25</abbr></a>] &lt;<cite>asdf_</cite>&gt; <q>but the steps to use the prebuilt image weren't working too well</q></li>
<li class="message">[<a href="#T08:24:29" id="T08:24:29"><abbr title="2011-10-23T08:24:29+00:00">08:24:29</abbr></a>] &lt;<cite>asdf_</cite>&gt; <q>any help would be &lt;3</q></li>
<li class="message">[<a href="#T08:31:07" id="T08:31:07"><abbr title="2011-10-23T08:31:07+00:00">08:31:07</abbr></a>] &lt;<cite>pugvader_</cite>&gt; <q>asdf_: does it boot other oses ok?</q></li>
<li class="message">[<a href="#T08:40:06" id="T08:40:06"><abbr title="2011-10-23T08:40:06+00:00">08:40:06</abbr></a>] &lt;<cite>asdf_</cite>&gt; <q>yea</q></li>
<li class="message">[<a href="#T08:40:19" id="T08:40:19"><abbr title="2011-10-23T08:40:19+00:00">08:40:19</abbr></a>] &lt;<cite>asdf_</cite>&gt; <q>well, the angstrom distreo on the microsd card that came with the bb booted fine</q></li>
<li class="message">[<a href="#T08:40:47" id="T08:40:47"><abbr title="2011-10-23T08:40:47+00:00">08:40:47</abbr></a>] &lt;<cite>pugvader_</cite>&gt; <q>is the usb support in a module that needs to be loaded?</q></li>
<li class="message">[<a href="#T08:41:09" id="T08:41:09"><abbr title="2011-10-23T08:41:09+00:00">08:41:09</abbr></a>] &lt;<cite>pugvader_</cite>&gt; <q>and for the display perhaps you have wrong kernel boot options for it</q></li>
<li class="message">[<a href="#T08:41:25" id="T08:41:25"><abbr title="2011-10-23T08:41:25+00:00">08:41:25</abbr></a>] &lt;<cite>pugvader_</cite>&gt; <q>but these are just guesses</q></li>
<li class="message">[<a href="#T08:58:01" id="T08:58:01"><abbr title="2011-10-23T08:58:01+00:00">08:58:01</abbr></a>] &lt;<cite>asdf_</cite>&gt; <q>hmm</q></li>
<li class="message">[<a href="#T08:58:17" id="T08:58:17"><abbr title="2011-10-23T08:58:17+00:00">08:58:17</abbr></a>] &lt;<cite>asdf_</cite>&gt; <q>how would i go about debuggin those issues</q></li>
<li class="message">[<a href="#T08:58:31" id="T08:58:31"><abbr title="2011-10-23T08:58:31+00:00">08:58:31</abbr></a>] &lt;<cite>asdf_</cite>&gt; <q>i thought the beagleboard-xm rowboat prebuilt image would cover all that</q></li>
<li class="quit">[<a href="#T09:11:36" id="T09:11:36"><abbr title="2011-10-23T09:11:36+00:00">09:11:36</abbr></a>] <span>* niro (~niro@cpc7-nrte22-2-0-cust378.8-4.cable.virginmedia.com) Quit (Ping timeout: 240 seconds)</span></li>
<li class="quit">[<a href="#T09:24:25" id="T09:24:25"><abbr title="2011-10-23T09:24:25+00:00">09:24:25</abbr></a>] <span>* chrisw957 (~chris@wsip-184-180-237-194.tu.ok.cox.net) Quit (Ping timeout: 252 seconds)</span></li>
<li class="message">[<a href="#T09:29:38" id="T09:29:38"><abbr title="2011-10-23T09:29:38+00:00">09:29:38</abbr></a>] &lt;<cite>pugvader_</cite>&gt; <q>what display type do you have asdf_ </q></li>
<li class="join">[<a href="#T09:31:56" id="T09:31:56"><abbr title="2011-10-23T09:31:56+00:00">09:31:56</abbr></a>] <span>* RushPL (~quassel@89-69-171-30.dynamic.chello.pl) has joined #beagle</span></li>
<li class="message">[<a href="#T09:32:09" id="T09:32:09"><abbr title="2011-10-23T09:32:09+00:00">09:32:09</abbr></a>] &lt;<cite>RushPL</cite>&gt; <q>Hi guys, I am looking for a latest "bridgedriver" patch that could apply against 2.6.32, do you know where to find it?</q></li>
<li class="join">[<a href="#T09:32:43" id="T09:32:43"><abbr title="2011-10-23T09:32:43+00:00">09:32:43</abbr></a>] <span>* kaio (~kaio@fedora/kaio) has joined #beagle</span></li>
<li class="join">[<a href="#T10:14:30" id="T10:14:30"><abbr title="2011-10-23T10:14:30+00:00">10:14:30</abbr></a>] <span>* Openfreer (~Openfreer@116.237.90.123) has joined #beagle</span></li>
<li class="join">[<a href="#T10:25:42" id="T10:25:42"><abbr title="2011-10-23T10:25:42+00:00">10:25:42</abbr></a>] <span>* virals (~viral@59.95.217.41) has joined #beagle</span></li>
<li class="quit">[<a href="#T10:26:10" id="T10:26:10"><abbr title="2011-10-23T10:26:10+00:00">10:26:10</abbr></a>] <span>* Ceriand|desktop (~Ceriand@unaffiliated/ceriand) Quit (Quit: Leaving.)</span></li>
<li class="join">[<a href="#T10:42:41" id="T10:42:41"><abbr title="2011-10-23T10:42:41+00:00">10:42:41</abbr></a>] <span>* Marwa (c4cd9cbd@gateway/web/freenode/ip.196.205.156.189) has joined #beagle</span></li>
<li class="message">[<a href="#T10:42:50" id="T10:42:50"><abbr title="2011-10-23T10:42:50+00:00">10:42:50</abbr></a>] &lt;<cite>Marwa</cite>&gt; <q>Hi</q></li>
<li class="message">[<a href="#T10:43:18" id="T10:43:18"><abbr title="2011-10-23T10:43:18+00:00">10:43:18</abbr></a>] &lt;<cite>Marwa</cite>&gt; <q>Can any one help me?</q></li>
<li class="message">[<a href="#T10:44:38" id="T10:44:38"><abbr title="2011-10-23T10:44:38+00:00">10:44:38</abbr></a>] &lt;<cite>Marwa</cite>&gt; <q>We would like to build a complete development environment with beagle board</q></li>
<li class="message">[<a href="#T10:46:35" id="T10:46:35"><abbr title="2011-10-23T10:46:35+00:00">10:46:35</abbr></a>] &lt;<cite>Marwa</cite>&gt; <q>== Marwa we would like to build a complete development environment with the beagle board</q></li>
<li class="message">[<a href="#T10:53:52" id="T10:53:52"><abbr title="2011-10-23T10:53:52+00:00">10:53:52</abbr></a>] &lt;<cite>dm8tbr</cite>&gt; <q>so? go ahead and do it then?</q></li>
<li class="join">[<a href="#T10:57:41" id="T10:57:41"><abbr title="2011-10-23T10:57:41+00:00">10:57:41</abbr></a>] <span>* whatsthere (amar@124.125.45.115) has joined #beagle</span></li>
<li class="message">[<a href="#T10:57:45" id="T10:57:45"><abbr title="2011-10-23T10:57:45+00:00">10:57:45</abbr></a>] &lt;<cite>whatsthere</cite>&gt; <q>join #pandaboard</q></li>
<li class="quit">[<a href="#T11:04:36" id="T11:04:36"><abbr title="2011-10-23T11:04:36+00:00">11:04:36</abbr></a>] <span>* Marwa (c4cd9cbd@gateway/web/freenode/ip.196.205.156.189) Quit (Ping timeout: 265 seconds)</span></li>
<li class="quit">[<a href="#T11:11:47" id="T11:11:47"><abbr title="2011-10-23T11:11:47+00:00">11:11:47</abbr></a>] <span>* whatsthere (amar@124.125.45.115) Quit (Quit: Leaving)</span></li>
<li class="quit">[<a href="#T11:27:36" id="T11:27:36"><abbr title="2011-10-23T11:27:36+00:00">11:27:36</abbr></a>] <span>* Openfreer (~Openfreer@116.237.90.123) Quit (Ping timeout: 240 seconds)</span></li>
<li class="join">[<a href="#T11:29:50" id="T11:29:50"><abbr title="2011-10-23T11:29:50+00:00">11:29:50</abbr></a>] <span>* jpsaman (~jpsaman@videolan/developer/jpsaman) has joined #beagle</span></li>
<li class="join">[<a href="#T11:35:10" id="T11:35:10"><abbr title="2011-10-23T11:35:10+00:00">11:35:10</abbr></a>] <span>* Markala (c4cd8d5a@gateway/web/freenode/ip.196.205.141.90) has joined #beagle</span></li>
<li class="message">[<a href="#T11:36:05" id="T11:36:05"><abbr title="2011-10-23T11:36:05+00:00">11:36:05</abbr></a>] &lt;<cite>Markala</cite>&gt; <q>What we may need to have a complete development environment in our lab with beagleboard-XM?</q></li>
<li class="join">[<a href="#T11:37:43" id="T11:37:43"><abbr title="2011-10-23T11:37:43+00:00">11:37:43</abbr></a>] <span>* lyakh_ (~lyakh@85.13.70.251) has joined #beagle</span></li>
<li class="quit">[<abbr title="2011-10-23T11:37:43+00:00">11:37:43</abbr>] <span>* lyakh (~lyakh@85.13.70.251) Quit (Read error: Connection reset by peer)</span></li>
<li class="join">[<a href="#T11:49:56" id="T11:49:56"><abbr title="2011-10-23T11:49:56+00:00">11:49:56</abbr></a>] <span>* Openfreer (~Openfreer@114.86.72.82) has joined #beagle</span></li>
<li class="quit">[<a href="#T11:50:02" id="T11:50:02"><abbr title="2011-10-23T11:50:02+00:00">11:50:02</abbr></a>] <span>* Markala (c4cd8d5a@gateway/web/freenode/ip.196.205.141.90) Quit (Ping timeout: 265 seconds)</span></li>
<li class="join">[<a href="#T11:55:08" id="T11:55:08"><abbr title="2011-10-23T11:55:08+00:00">11:55:08</abbr></a>] <span>* DesktopMM (~DesktopMa@82.116.88.215) has joined #beagle</span></li>
<li class="quit">[<a href="#T11:56:46" id="T11:56:46"><abbr title="2011-10-23T11:56:46+00:00">11:56:46</abbr></a>] <span>* DesktopMa (~DesktopMa@82.116.88.215) Quit (Ping timeout: 260 seconds)</span></li>
<li class="quit">[<a href="#T12:04:31" id="T12:04:31"><abbr title="2011-10-23T12:04:31+00:00">12:04:31</abbr></a>] <span>* Crofton (~balister@pool-96-240-183-10.ronkva.east.verizon.net) Quit (Ping timeout: 248 seconds)</span></li>
<li class="join">[<a href="#T12:07:05" id="T12:07:05"><abbr title="2011-10-23T12:07:05+00:00">12:07:05</abbr></a>] <span>* risca (~risca@81-233-40-137-no18.tbcn.telia.com) has joined #beagle</span></li>
<li class="quit">[<a href="#T12:08:54" id="T12:08:54"><abbr title="2011-10-23T12:08:54+00:00">12:08:54</abbr></a>] <span>* Openfreer (~Openfreer@114.86.72.82) Quit (Remote host closed the connection)</span></li>
<li class="nick-change">[<a href="#T12:18:03" id="T12:18:03"><abbr title="2011-10-23T12:18:03+00:00">12:18:03</abbr></a>] <span>* lyakh_ is now known as lyakh</span></li>
<li class="quit">[<a href="#T12:37:06" id="T12:37:06"><abbr title="2011-10-23T12:37:06+00:00">12:37:06</abbr></a>] <span>* risca (~risca@81-233-40-137-no18.tbcn.telia.com) Quit (Quit: L??mnar)</span></li>
<li class="join">[<a href="#T13:02:14" id="T13:02:14"><abbr title="2011-10-23T13:02:14+00:00">13:02:14</abbr></a>] <span>* risca (~risca@81-233-40-137-no18.tbcn.telia.com) has joined #beagle</span></li>
<li class="join">[<a href="#T13:02:28" id="T13:02:28"><abbr title="2011-10-23T13:02:28+00:00">13:02:28</abbr></a>] <span>* phantoxe (~destroy@a95-92-86-197.cpe.netcabo.pt) has joined #beagle</span></li>
<li class="join">[<a href="#T13:21:03" id="T13:21:03"><abbr title="2011-10-23T13:21:03+00:00">13:21:03</abbr></a>] <span>* sniperjo (~sniperjo@ANice-151-1-52-179.w83-197.abo.wanadoo.fr) has joined #beagle</span></li>
<li class="message">[<a href="#T13:21:14" id="T13:21:14"><abbr title="2011-10-23T13:21:14+00:00">13:21:14</abbr></a>] &lt;<cite>sniperjo</cite>&gt; <q>Anyone here got an IGEPv2 ??</q></li>
<li class="join">[<a href="#T13:24:47" id="T13:24:47"><abbr title="2011-10-23T13:24:47+00:00">13:24:47</abbr></a>] <span>* Keivn (d22a620c@gateway/web/freenode/ip.210.42.98.12) has joined #beagle</span></li>
<li class="quit">[<a href="#T13:28:21" id="T13:28:21"><abbr title="2011-10-23T13:28:21+00:00">13:28:21</abbr></a>] <span>* jpsaman (~jpsaman@videolan/developer/jpsaman) Quit (Read error: Connection reset by peer)</span></li>
<li class="quit">[<abbr title="2011-10-23T13:28:21+00:00">13:28:21</abbr>] <span>* lyakh (~lyakh@85.13.70.251) Quit (Read error: Connection reset by peer)</span></li>
<li class="join">[<a href="#T13:28:34" id="T13:28:34"><abbr title="2011-10-23T13:28:34+00:00">13:28:34</abbr></a>] <span>* jpsaman (~jpsaman@videolan/developer/jpsaman) has joined #beagle</span></li>
<li class="message">[<a href="#T13:28:43" id="T13:28:43"><abbr title="2011-10-23T13:28:43+00:00">13:28:43</abbr></a>] &lt;<cite>Keivn</cite>&gt; <q>hi, I have a devkit8000 board, and I can test the keypad correct. Now, I want to use the keypad in Qt/Embedded on my board. Is there anybody can tell me the value of the  Up/Down/Left/Right/Enter/Backspace  key, and how I can be sure what's the name of the keypad driver?</q></li>
<li class="join">[<a href="#T13:28:56" id="T13:28:56"><abbr title="2011-10-23T13:28:56+00:00">13:28:56</abbr></a>] <span>* lyakh (~lyakh@85.13.70.251) has joined #beagle</span></li>
<li class="join">[<a href="#T13:36:26" id="T13:36:26"><abbr title="2011-10-23T13:36:26+00:00">13:36:26</abbr></a>] <span>* GPSFan (~kenm@64.92.145.112) has joined #beagle</span></li>
<li class="quit">[<a href="#T13:38:20" id="T13:38:20"><abbr title="2011-10-23T13:38:20+00:00">13:38:20</abbr></a>] <span>* isbric (~isbric@c-915be255.020-12-6875761.cust.bredbandsbolaget.se) Quit (Read error: Connection reset by peer)</span></li>
<li class="join">[<a href="#T13:47:54" id="T13:47:54"><abbr title="2011-10-23T13:47:54+00:00">13:47:54</abbr></a>] <span>* isbric (~isbric@c-915be255.020-12-6875761.cust.bredbandsbolaget.se) has joined #beagle</span></li>
<li class="quit">[<a href="#T13:48:48" id="T13:48:48"><abbr title="2011-10-23T13:48:48+00:00">13:48:48</abbr></a>] <span>* rcf (~rcf@236.128-243-81.adsl-dyn.isp.belgacom.be) Quit (Quit: This war is mine)</span></li>
<li class="join">[<a href="#T13:49:35" id="T13:49:35"><abbr title="2011-10-23T13:49:35+00:00">13:49:35</abbr></a>] <span>* rcf (~rcf@236.128-243-81.adsl-dyn.isp.belgacom.be) has joined #beagle</span></li>
<li class="quit">[<a href="#T13:50:17" id="T13:50:17"><abbr title="2011-10-23T13:50:17+00:00">13:50:17</abbr></a>] <span>* sniperjo (~sniperjo@ANice-151-1-52-179.w83-197.abo.wanadoo.fr) Quit (Ping timeout: 244 seconds)</span></li>
<li class="join">[<a href="#T13:51:35" id="T13:51:35"><abbr title="2011-10-23T13:51:35+00:00">13:51:35</abbr></a>] <span>* sniperjo (~sniperjo@ANice-151-1-52-179.w83-197.abo.wanadoo.fr) has joined #beagle</span></li>
<li class="quit">[<a href="#T14:01:37" id="T14:01:37"><abbr title="2011-10-23T14:01:37+00:00">14:01:37</abbr></a>] <span>* sniperjo (~sniperjo@ANice-151-1-52-179.w83-197.abo.wanadoo.fr) Quit (Ping timeout: 252 seconds)</span></li>
<li class="join">[<a href="#T14:03:35" id="T14:03:35"><abbr title="2011-10-23T14:03:35+00:00">14:03:35</abbr></a>] <span>* emeb_mac (~ericb@ip72-223-86-178.ph.ph.cox.net) has joined #beagle</span></li>
<li class="quit">[<a href="#T14:05:18" id="T14:05:18"><abbr title="2011-10-23T14:05:18+00:00">14:05:18</abbr></a>] <span>* Xerion (~xerion@5419A766.cm-5-2c.dynamic.ziggo.nl) Quit (Read error: Connection reset by peer)</span></li>
<li class="join">[<a href="#T14:14:54" id="T14:14:54"><abbr title="2011-10-23T14:14:54+00:00">14:14:54</abbr></a>] <span>* sniperjo (~sniperjo@ANice-151-1-52-179.w83-197.abo.wanadoo.fr) has joined #beagle</span></li>
<li class="quit">[<a href="#T14:17:16" id="T14:17:16"><abbr title="2011-10-23T14:17:16+00:00">14:17:16</abbr></a>] <span>* sniperjo (~sniperjo@ANice-151-1-52-179.w83-197.abo.wanadoo.fr) Quit (Client Quit)</span></li>
<li class="quit">[<a href="#T14:27:19" id="T14:27:19"><abbr title="2011-10-23T14:27:19+00:00">14:27:19</abbr></a>] <span>* kaio (~kaio@fedora/kaio) Quit (Remote host closed the connection)</span></li>
<li class="join">[<a href="#T14:45:35" id="T14:45:35"><abbr title="2011-10-23T14:45:35+00:00">14:45:35</abbr></a>] <span>* Olia (~Openfreer@114.86.72.82) has joined #beagle</span></li>
<li class="join">[<a href="#T14:46:13" id="T14:46:13"><abbr title="2011-10-23T14:46:13+00:00">14:46:13</abbr></a>] <span>* nicozeb (55442a24@gateway/web/freenode/ip.85.68.42.36) has joined #beagle</span></li>
<li class="message">[<a href="#T14:46:42" id="T14:46:42"><abbr title="2011-10-23T14:46:42+00:00">14:46:42</abbr></a>] &lt;<cite>nicozeb</cite>&gt; <q>dir</q></li>
<li class="message">[<a href="#T14:46:51" id="T14:46:51"><abbr title="2011-10-23T14:46:51+00:00">14:46:51</abbr></a>] &lt;<cite>dm8tbr</cite>&gt; <q>command not found</q></li>
<li class="message">[<a href="#T14:47:13" id="T14:47:13"><abbr title="2011-10-23T14:47:13+00:00">14:47:13</abbr></a>] &lt;<cite>nicozeb</cite>&gt; <q>lool</q></li>
<li class="message">[<a href="#T14:47:16" id="T14:47:16"><abbr title="2011-10-23T14:47:16+00:00">14:47:16</abbr></a>] &lt;<cite>nicozeb</cite>&gt; <q>funny</q></li>
<li class="message">[<a href="#T14:50:22" id="T14:50:22"><abbr title="2011-10-23T14:50:22+00:00">14:50:22</abbr></a>] &lt;<cite>nicozeb</cite>&gt; <q>i just get a beagle board and i have some problems to configure the environment... if someone can help me ?</q></li>
<li class="message">[<a href="#T14:51:38" id="T14:51:38"><abbr title="2011-10-23T14:51:38+00:00">14:51:38</abbr></a>] &lt;<cite>nicozeb</cite>&gt; <q>I use eclipse with the GNU ARM Eclipse Plug-in and codesourcery</q></li>
<li class="message">[<a href="#T14:52:21" id="T14:52:21"><abbr title="2011-10-23T14:52:21+00:00">14:52:21</abbr></a>] &lt;<cite>nicozeb</cite>&gt; <q>I can't buid my simple hello world project ...</q></li>
<li class="quit">[<a href="#T14:52:48" id="T14:52:48"><abbr title="2011-10-23T14:52:48+00:00">14:52:48</abbr></a>] <span>* virals (~viral@59.95.217.41) Quit (Ping timeout: 240 seconds)</span></li>
<li class="message">[<a href="#T14:52:52" id="T14:52:52"><abbr title="2011-10-23T14:52:52+00:00">14:52:52</abbr></a>] &lt;<cite>nicozeb</cite>&gt; <q>error : Description	Resource	Path	Location	Type error: /home/nicolas/CodeSourcery/Sourcery_G++_Lite/bin/../arm-none-linux-gnueabi/libc/thumb2/lib/libgcc_s.so.1: Conflicting architecture profiles A/M	TestProject		 	C/C++ Problem </q></li>
<li class="join">[<a href="#T14:53:06" id="T14:53:06"><abbr title="2011-10-23T14:53:06+00:00">14:53:06</abbr></a>] <span>* peabody124 (~peabody12@c-98-201-161-152.hsd1.tx.comcast.net) has joined #beagle</span></li>
<li class="message">[<a href="#T14:54:09" id="T14:54:09"><abbr title="2011-10-23T14:54:09+00:00">14:54:09</abbr></a>] &lt;<cite>nicozeb</cite>&gt; <q>someone encountered this problem ??</q></li>
<li class="quit">[<a href="#T14:55:22" id="T14:55:22"><abbr title="2011-10-23T14:55:22+00:00">14:55:22</abbr></a>] <span>* jpsaman (~jpsaman@videolan/developer/jpsaman) Quit (Quit: Leaving)</span></li>
<li class="message">[<a href="#T14:55:29" id="T14:55:29"><abbr title="2011-10-23T14:55:29+00:00">14:55:29</abbr></a>] &lt;<cite>nicozeb</cite>&gt; <q>nobody ??</q></li>
<li class="quit">[<a href="#T14:58:17" id="T14:58:17"><abbr title="2011-10-23T14:58:17+00:00">14:58:17</abbr></a>] <span>* lyakh (~lyakh@85.13.70.251) Quit (Quit: Leaving)</span></li>
<li class="join">[<a href="#T15:00:45" id="T15:00:45"><abbr title="2011-10-23T15:00:45+00:00">15:00:45</abbr></a>] <span>* virals (~viral@59.95.211.14) has joined #beagle</span></li>
<li class="join">[<a href="#T15:04:47" id="T15:04:47"><abbr title="2011-10-23T15:04:47+00:00">15:04:47</abbr></a>] <span>* jack5 (63ebca0d@gateway/web/freenode/ip.99.235.202.13) has joined #beagle</span></li>
<li class="message">[<a href="#T15:07:08" id="T15:07:08"><abbr title="2011-10-23T15:07:08+00:00">15:07:08</abbr></a>] &lt;<cite>jack5</cite>&gt; <q>Can someone tell me how to run an arm binary, compiled using gcc from codesourcery from the android cli? I tried ./binary after making it an executable but it does not work...not sure if I am doing something wrong..so any help would be appreciated. Thanks</q></li>
<li class="join">[<a href="#T15:08:28" id="T15:08:28"><abbr title="2011-10-23T15:08:28+00:00">15:08:28</abbr></a>] <span>* tmzt_ (~tmzt@adsl-99-164-32-5.dsl.akrnoh.sbcglobal.net) has joined #beagle</span></li>
<li class="quit">[<a href="#T15:10:24" id="T15:10:24"><abbr title="2011-10-23T15:10:24+00:00">15:10:24</abbr></a>] <span>* tmzt (~tmzt@adsl-76-244-149-183.dsl.akrnoh.sbcglobal.net) Quit (Ping timeout: 258 seconds)</span></li>
<li class="part">[<a href="#T15:31:05" id="T15:31:05"><abbr title="2011-10-23T15:31:05+00:00">15:31:05</abbr></a>] <span>* nicozeb (55442a24@gateway/web/freenode/ip.85.68.42.36) has left #beagle</span></li>
<li class="quit">[<a href="#T15:31:30" id="T15:31:30"><abbr title="2011-10-23T15:31:30+00:00">15:31:30</abbr></a>] <span>* raster (~raster@enlightenment/developer/raster) Quit (Quit: Gettin' stinky!)</span></li>
<li class="join">[<a href="#T15:38:32" id="T15:38:32"><abbr title="2011-10-23T15:38:32+00:00">15:38:32</abbr></a>] <span>* pfefferz (~pfefferz@76-205-172-172.lightspeed.austtx.sbcglobal.net) has joined #beagle</span></li>
<li class="join">[<a href="#T15:42:14" id="T15:42:14"><abbr title="2011-10-23T15:42:14+00:00">15:42:14</abbr></a>] <span>* prpplague (~prpplague@ppp-70-242-118-38.dsl.rcsntx.swbell.net) has joined #beagle</span></li>
<li class="quit">[<a href="#T15:42:23" id="T15:42:23"><abbr title="2011-10-23T15:42:23+00:00">15:42:23</abbr></a>] <span>* bgamari (~ben@pool-96-233-180-23.spfdma.east.verizon.net) Quit (Ping timeout: 260 seconds)</span></li>
<li class="quit">[<a href="#T15:44:58" id="T15:44:58"><abbr title="2011-10-23T15:44:58+00:00">15:44:58</abbr></a>] <span>* Olia (~Openfreer@114.86.72.82) Quit (Remote host closed the connection)</span></li>
<li class="join">[<a href="#T15:46:36" id="T15:46:36"><abbr title="2011-10-23T15:46:36+00:00">15:46:36</abbr></a>] <span>* novogrammer (~novogramm@w0109-49-134-67-249.uqwimax.jp) has joined #beagle</span></li>
<li class="message">[<a href="#T15:53:46" id="T15:53:46"><abbr title="2011-10-23T15:53:46+00:00">15:53:46</abbr></a>] &lt;<cite>dm8tbr</cite>&gt; <q>jack5: compiled against libc? *sadtrombone* won't work</q></li>
<li class="join">[<a href="#T15:53:59" id="T15:53:59"><abbr title="2011-10-23T15:53:59+00:00">15:53:59</abbr></a>] <span>* bgamari (~ben@pool-96-233-180-23.spfdma.east.verizon.net) has joined #beagle</span></li>
<li class="message">[<a href="#T15:54:06" id="T15:54:06"><abbr title="2011-10-23T15:54:06+00:00">15:54:06</abbr></a>] &lt;<cite>dm8tbr</cite>&gt; <q>jack5: one way is e.g. static binaries</q></li>
<li class="message">[<a href="#T15:54:35" id="T15:54:35"><abbr title="2011-10-23T15:54:35+00:00">15:54:35</abbr></a>] &lt;<cite>jack5</cite>&gt; <q>dm8tbr: compiled using clear</q></li>
<li class="message">[<a href="#T15:54:43" id="T15:54:43"><abbr title="2011-10-23T15:54:43+00:00">15:54:43</abbr></a>] &lt;<cite>jack5</cite>&gt; <q>sorry</q></li>
<li class="message">[<a href="#T15:55:28" id="T15:55:28"><abbr title="2011-10-23T15:55:28+00:00">15:55:28</abbr></a>] &lt;<cite>jack5</cite>&gt; <q>compiled using arm-none-linux-gnueabi-gcc</q></li>
<li class="message">[<a href="#T15:55:58" id="T15:55:58"><abbr title="2011-10-23T15:55:58+00:00">15:55:58</abbr></a>] &lt;<cite>jack5</cite>&gt; <q>from the Sourcery_G++_Lite edition</q></li>
<li class="message">[<a href="#T15:57:00" id="T15:57:00"><abbr title="2011-10-23T15:57:00+00:00">15:57:00</abbr></a>] &lt;<cite>dm8tbr</cite>&gt; <q>I'd bet that links against glibc</q></li>
<li class="message">[<a href="#T15:57:07" id="T15:57:07"><abbr title="2011-10-23T15:57:07+00:00">15:57:07</abbr></a>] &lt;<cite>dm8tbr</cite>&gt; <q>ldd the binary and you'll see</q></li>
<li class="message">[<a href="#T15:57:19" id="T15:57:19"><abbr title="2011-10-23T15:57:19+00:00">15:57:19</abbr></a>] &lt;<cite>jack5</cite>&gt; <q>ok whats the difference?</q></li>
<li class="message">[<a href="#T15:58:21" id="T15:58:21"><abbr title="2011-10-23T15:58:21+00:00">15:58:21</abbr></a>] &lt;<cite>dm8tbr</cite>&gt; <q>android does not have glibc, it has bionic</q></li>
<li class="message">[<a href="#T15:58:43" id="T15:58:43"><abbr title="2011-10-23T15:58:43+00:00">15:58:43</abbr></a>] &lt;<cite>jack5</cite>&gt; <q>ohh..so which compiler shall I use?</q></li>
<li class="part">[<a href="#T15:59:19" id="T15:59:19"><abbr title="2011-10-23T15:59:19+00:00">15:59:19</abbr></a>] <span>* toutour (~toutour@chac.le-poulpe.net) has left #beagle</span></li>
<li class="join">[<a href="#T16:01:38" id="T16:01:38"><abbr title="2011-10-23T16:01:38+00:00">16:01:38</abbr></a>] <span>* pugvader (~pugvader@p54B2B355.dip.t-dialin.net) has joined #beagle</span></li>
<li class="quit">[<a href="#T16:05:20" id="T16:05:20"><abbr title="2011-10-23T16:05:20+00:00">16:05:20</abbr></a>] <span>* pugvader_ (~pugvader@p54B2BFD3.dip.t-dialin.net) Quit (Ping timeout: 260 seconds)</span></li>
<li class="message">[<a href="#T16:05:47" id="T16:05:47"><abbr title="2011-10-23T16:05:47+00:00">16:05:47</abbr></a>] &lt;<cite>jack5</cite>&gt; <q>dm8tbr, I am guessing android ndk is the answer?</q></li>
<li class="message">[<a href="#T16:06:05" id="T16:06:05"><abbr title="2011-10-23T16:06:05+00:00">16:06:05</abbr></a>] &lt;<cite>jack5</cite>&gt; <q>thanks for your help</q></li>
<li class="quit">[<a href="#T16:09:35" id="T16:09:35"><abbr title="2011-10-23T16:09:35+00:00">16:09:35</abbr></a>] <span>* jefferai (~quassel@kde/amarok/mitchell) Quit (Remote host closed the connection)</span></li>
<li class="message">[<a href="#T16:11:56" id="T16:11:56"><abbr title="2011-10-23T16:11:56+00:00">16:11:56</abbr></a>] &lt;<cite>dm8tbr</cite>&gt; <q>jack5: either you provide e.g. a chroot with glibc and all other libraries or you compile static</q></li>
<li class="message">[<a href="#T16:12:20" id="T16:12:20"><abbr title="2011-10-23T16:12:20+00:00">16:12:20</abbr></a>] &lt;<cite>dm8tbr</cite>&gt; <q>the alternative might be the ndk or compiling against bionic, never looked at that</q></li>
<li class="join">[<a href="#T16:15:04" id="T16:15:04"><abbr title="2011-10-23T16:15:04+00:00">16:15:04</abbr></a>] <span>* Xerion (~xerion@5419A766.cm-5-2c.dynamic.ziggo.nl) has joined #beagle</span></li>
<li class="join">[<a href="#T16:23:33" id="T16:23:33"><abbr title="2011-10-23T16:23:33+00:00">16:23:33</abbr></a>] <span>* djlewis (~djlewis@65-70-11-152.dsl.tcworks.net) has joined #beagle</span></li>
<li class="join">[<a href="#T16:26:26" id="T16:26:26"><abbr title="2011-10-23T16:26:26+00:00">16:26:26</abbr></a>] <span>* florian (~fuchs@Maemo/community/contributor/florian) has joined #beagle</span></li>
<li class="quit">[<a href="#T16:27:44" id="T16:27:44"><abbr title="2011-10-23T16:27:44+00:00">16:27:44</abbr></a>] <span>* koen (~koen@ip545070eb.adsl-surfen.hetnet.nl) Quit (Ping timeout: 276 seconds)</span></li>
<li class="join">[<a href="#T16:31:24" id="T16:31:24"><abbr title="2011-10-23T16:31:24+00:00">16:31:24</abbr></a>] <span>* koen (~koen@ip545070eb.adsl-surfen.hetnet.nl) has joined #beagle</span></li>
<li class="quit">[<a href="#T16:32:18" id="T16:32:18"><abbr title="2011-10-23T16:32:18+00:00">16:32:18</abbr></a>] <span>* jack5 (63ebca0d@gateway/web/freenode/ip.99.235.202.13) Quit (Ping timeout: 265 seconds)</span></li>
<li class="message">[<a href="#T16:44:01" id="T16:44:01"><abbr title="2011-10-23T16:44:01+00:00">16:44:01</abbr></a>] &lt;<cite>_av500_</cite>&gt; <q>gm</q></li>
<li class="message">[<a href="#T16:49:07" id="T16:49:07"><abbr title="2011-10-23T16:49:07+00:00">16:49:07</abbr></a>] &lt;<cite>mru</cite>&gt; <q>mv</q></li>
<li class="message">[<a href="#T16:49:09" id="T16:49:09"><abbr title="2011-10-23T16:49:09+00:00">16:49:09</abbr></a>] &lt;<cite>mru</cite>&gt; <q>mg</q></li>
<li class="join">[<a href="#T16:50:12" id="T16:50:12"><abbr title="2011-10-23T16:50:12+00:00">16:50:12</abbr></a>] <span>* sniperjo (~sniperjo@ANice-151-1-52-179.w83-197.abo.wanadoo.fr) has joined #beagle</span></li>
<li class="quit">[<a href="#T17:00:39" id="T17:00:39"><abbr title="2011-10-23T17:00:39+00:00">17:00:39</abbr></a>] <span>* emeb_mac (~ericb@ip72-223-86-178.ph.ph.cox.net) Quit (Quit: emeb_mac)</span></li>
<li class="join">[<a href="#T17:02:53" id="T17:02:53"><abbr title="2011-10-23T17:02:53+00:00">17:02:53</abbr></a>] <span>* peabody124_ (~peabody12@c-98-201-161-152.hsd1.tx.comcast.net) has joined #beagle</span></li>
<li class="quit">[<abbr title="2011-10-23T17:02:53+00:00">17:02:53</abbr>] <span>* peabody124 (~peabody12@c-98-201-161-152.hsd1.tx.comcast.net) Quit (Read error: Connection reset by peer)</span></li>
<li class="nick-change">[<abbr title="2011-10-23T17:02:53+00:00">17:02:53</abbr>] <span>* peabody124_ is now known as peabody124</span></li>
<li class="message">[<a href="#T17:06:47" id="T17:06:47"><abbr title="2011-10-23T17:06:47+00:00">17:06:47</abbr></a>] &lt;<cite>koen</cite>&gt; <q>_av500_: back from holiday?</q></li>
<li class="message">[<a href="#T17:10:11" id="T17:10:11"><abbr title="2011-10-23T17:10:11+00:00">17:10:11</abbr></a>] &lt;<cite>koen</cite>&gt; <q>prpplague: I suck, I managed to mail in my slides way before the deadline</q></li>
<li class="message">[<a href="#T17:10:20" id="T17:10:20"><abbr title="2011-10-23T17:10:20+00:00">17:10:20</abbr></a>] &lt;<cite>Crofton|work</cite>&gt; <q>rofl</q></li>
<li class="message">[<a href="#T17:10:31" id="T17:10:31"><abbr title="2011-10-23T17:10:31+00:00">17:10:31</abbr></a>] &lt;<cite>prpplague</cite>&gt; <q>koen: hehe</q></li>
<li class="message">[<a href="#T17:10:37" id="T17:10:37"><abbr title="2011-10-23T17:10:37+00:00">17:10:37</abbr></a>] &lt;<cite>prpplague</cite>&gt; <q>koen: i'm still tweaking mine</q></li>
<li class="message">[<a href="#T17:10:51" id="T17:10:51"><abbr title="2011-10-23T17:10:51+00:00">17:10:51</abbr></a>] &lt;<cite>koen</cite>&gt; <q>I stopped at 37 slides</q></li>
<li class="message">[<a href="#T17:11:10" id="T17:11:10"><abbr title="2011-10-23T17:11:10+00:00">17:11:10</abbr></a>] &lt;<cite>prpplague</cite>&gt; <q>koen: i need to hack up my fb-test program to simulate different display timming failures</q></li>
<li class="action">[<a href="#T17:11:20" id="T17:11:20"><abbr title="2011-10-23T17:11:20+00:00">17:11:20</abbr></a>] <span>* koen hands prpplague a hammer</span></li>
<li class="message">[<a href="#T17:11:45" id="T17:11:45"><abbr title="2011-10-23T17:11:45+00:00">17:11:45</abbr></a>] &lt;<cite>prpplague</cite>&gt; <q>koen: i usually try to keep at 1 slide per 45 seconds</q></li>
<li class="message">[<a href="#T17:11:54" id="T17:11:54"><abbr title="2011-10-23T17:11:54+00:00">17:11:54</abbr></a>] &lt;<cite>koen</cite>&gt; <q>I did manage to fit everything I need into a backpack</q></li>
<li class="message">[<a href="#T17:12:02" id="T17:12:02"><abbr title="2011-10-23T17:12:02+00:00">17:12:02</abbr></a>] &lt;<cite>prpplague</cite>&gt; <q>koen: wow</q></li>
<li class="message">[<a href="#T17:12:11" id="T17:12:11"><abbr title="2011-10-23T17:12:11+00:00">17:12:11</abbr></a>] &lt;<cite>koen</cite>&gt; <q>I'm counting on at least one free t-shirt at ELC-E</q></li>
<li class="message">[<a href="#T17:12:15" id="T17:12:15"><abbr title="2011-10-23T17:12:15+00:00">17:12:15</abbr></a>] &lt;<cite>prpplague</cite>&gt; <q>koen: i have to do a checked bag to carry some cables and such </q></li>
<li class="message">[<a href="#T17:12:19" id="T17:12:19"><abbr title="2011-10-23T17:12:19+00:00">17:12:19</abbr></a>] &lt;<cite>prpplague</cite>&gt; <q>koen: hehe</q></li>
<li class="message">[<a href="#T17:12:22" id="T17:12:22"><abbr title="2011-10-23T17:12:22+00:00">17:12:22</abbr></a>] &lt;<cite>koen</cite>&gt; <q>if not, time to use laundry service :)</q></li>
<li class="message">[<a href="#T17:13:00" id="T17:13:00"><abbr title="2011-10-23T17:13:00+00:00">17:13:00</abbr></a>] &lt;<cite>koen</cite>&gt; <q>laptop, panda, beagle, ulcd, 2x beacon, usb2serial, dvi2vga, kindle, phone</q></li>
<li class="message">[<a href="#T17:13:38" id="T17:13:38"><abbr title="2011-10-23T17:13:38+00:00">17:13:38</abbr></a>] &lt;<cite>koen</cite>&gt; <q>mini usb, micro usb, usb a, usb wifi, usb bluetooth</q></li>
<li class="message">[<a href="#T17:13:40" id="T17:13:40"><abbr title="2011-10-23T17:13:40+00:00">17:13:40</abbr></a>] &lt;<cite>koen</cite>&gt; <q>clothers</q></li>
<li class="message">[<a href="#T17:13:42" id="T17:13:42"><abbr title="2011-10-23T17:13:42+00:00">17:13:42</abbr></a>] &lt;<cite>koen</cite>&gt; <q>-r</q></li>
<li class="message">[<a href="#T17:13:57" id="T17:13:57"><abbr title="2011-10-23T17:13:57+00:00">17:13:57</abbr></a>] &lt;<cite>koen</cite>&gt; <q>and 2 proxy forms for the OE meeting</q></li>
<li class="message">[<a href="#T17:14:20" id="T17:14:20"><abbr title="2011-10-23T17:14:20+00:00">17:14:20</abbr></a>] &lt;<cite>koen</cite>&gt; <q>and toilet items hotels don't have</q></li>
<li class="join">[<a href="#T17:15:21" id="T17:15:21"><abbr title="2011-10-23T17:15:21+00:00">17:15:21</abbr></a>] <span>* CMoH (~cipi@95.76.68.223) has joined #beagle</span></li>
<li class="message">[<a href="#T17:15:25" id="T17:15:25"><abbr title="2011-10-23T17:15:25+00:00">17:15:25</abbr></a>] &lt;<cite>koen</cite>&gt; <q>the laptop is slightly newer than my OE career, I bought it before my first FOSS conference early 2004</q></li>
<li class="quit">[<a href="#T17:15:28" id="T17:15:28"><abbr title="2011-10-23T17:15:28+00:00">17:15:28</abbr></a>] <span>* CMoH (~cipi@95.76.68.223) Quit (Changing host)</span></li>
<li class="join">[<abbr title="2011-10-23T17:15:28+00:00">17:15:28</abbr>] <span>* CMoH (~cipi@unaffiliated/c-moh) has joined #beagle</span></li>
<li class="action">[<a href="#T17:15:48" id="T17:15:48"><abbr title="2011-10-23T17:15:48+00:00">17:15:48</abbr></a>] <span>* koen is still annoyed at the new laptop arriving on friday instead of monday</span></li>
<li class="message">[<a href="#T17:17:25" id="T17:17:25"><abbr title="2011-10-23T17:17:25+00:00">17:17:25</abbr></a>] &lt;<cite>Crofton|work</cite>&gt; <q>well, if someone tkaes it, you will have a new one when you get home</q></li>
<li class="message">[<a href="#T17:17:34" id="T17:17:34"><abbr title="2011-10-23T17:17:34+00:00">17:17:34</abbr></a>] &lt;<cite>koen</cite>&gt; <q>true</q></li>
<li class="message">[<a href="#T17:17:45" id="T17:17:45"><abbr title="2011-10-23T17:17:45+00:00">17:17:45</abbr></a>] &lt;<cite>Crofton|work</cite>&gt; <q>koen must need more toilet items than Crofton|work </q></li>
<li class="message">[<a href="#T17:17:57" id="T17:17:57"><abbr title="2011-10-23T17:17:57+00:00">17:17:57</abbr></a>] &lt;<cite>koen</cite>&gt; <q>deoderant</q></li>
<li class="message">[<a href="#T17:18:10" id="T17:18:10"><abbr title="2011-10-23T17:18:10+00:00">17:18:10</abbr></a>] &lt;<cite>Crofton|work</cite>&gt; <q>you flying?</q></li>
<li class="message">[<a href="#T17:18:12" id="T17:18:12"><abbr title="2011-10-23T17:18:12+00:00">17:18:12</abbr></a>] &lt;<cite>koen</cite>&gt; <q>I've found that is the one item a lot of hotels don't have</q></li>
<li class="message">[<a href="#T17:18:15" id="T17:18:15"><abbr title="2011-10-23T17:18:15+00:00">17:18:15</abbr></a>] &lt;<cite>koen</cite>&gt; <q>yes</q></li>
<li class="message">[<a href="#T17:18:33" id="T17:18:33"><abbr title="2011-10-23T17:18:33+00:00">17:18:33</abbr></a>] &lt;<cite>koen</cite>&gt; <q>I have one of those gulliver sized ones</q></li>
<li class="quit">[<a href="#T17:18:49" id="T17:18:49"><abbr title="2011-10-23T17:18:49+00:00">17:18:49</abbr></a>] <span>* florian (~fuchs@Maemo/community/contributor/florian) Quit (Remote host closed the connection)</span></li>
<li class="action">[<a href="#T17:19:10" id="T17:19:10"><abbr title="2011-10-23T17:19:10+00:00">17:19:10</abbr></a>] <span>* koen has been at too many hotels in the middle of nowhere</span></li>
<li class="message">[<a href="#T17:19:24" id="T17:19:24"><abbr title="2011-10-23T17:19:24+00:00">17:19:24</abbr></a>] &lt;<cite>Crofton|work</cite>&gt; <q>where?</q></li>
<li class="message">[<a href="#T17:19:48" id="T17:19:48"><abbr title="2011-10-23T17:19:48+00:00">17:19:48</abbr></a>] &lt;<cite>koen</cite>&gt; <q>northampton the prime example</q></li>
<li class="message">[<a href="#T17:20:30" id="T17:20:30"><abbr title="2011-10-23T17:20:30+00:00">17:20:30</abbr></a>] &lt;<cite>koen</cite>&gt; <q>45 minute walk to streets with stores</q></li>
<li class="message">[<a href="#T17:20:57" id="T17:20:57"><abbr title="2011-10-23T17:20:57+00:00">17:20:57</abbr></a>] &lt;<cite>Crofton|work</cite>&gt; <q>ah</q></li>
<li class="message">[<a href="#T17:22:31" id="T17:22:31"><abbr title="2011-10-23T17:22:31+00:00">17:22:31</abbr></a>] &lt;<cite>koen</cite>&gt; <q>the cvs/pharmacy down the street of the TI HQ does not sell TI calculators, only no-name chinese ones</q></li>
<li class="message">[<a href="#T17:23:30" id="T17:23:30"><abbr title="2011-10-23T17:23:30+00:00">17:23:30</abbr></a>] &lt;<cite>koen</cite>&gt; <q>Crofton|work: and if my laptop gets stolen before ELC-E, they already have my slides :)</q></li>
<li class="message">[<a href="#T17:24:10" id="T17:24:10"><abbr title="2011-10-23T17:24:10+00:00">17:24:10</abbr></a>] &lt;<cite>Crofton|work</cite>&gt; <q>people who submit slides early never present those slides</q></li>
<li class="message">[<a href="#T17:24:13" id="T17:24:13"><abbr title="2011-10-23T17:24:13+00:00">17:24:13</abbr></a>] &lt;<cite>koen</cite>&gt; <q>prpplague: doesn't 45 seconds of handwaving per slide get tiring?</q></li>
<li class="message">[<a href="#T17:24:22" id="T17:24:22"><abbr title="2011-10-23T17:24:22+00:00">17:24:22</abbr></a>] &lt;<cite>Crofton|work</cite>&gt; <q>and you can collect insurance to pay for the next laptop</q></li>
<li class="message">[<a href="#T17:24:29" id="T17:24:29"><abbr title="2011-10-23T17:24:29+00:00">17:24:29</abbr></a>] &lt;<cite>prpplague</cite>&gt; <q>koen: hehe</q></li>
<li class="message">[<a href="#T17:25:06" id="T17:25:06"><abbr title="2011-10-23T17:25:06+00:00">17:25:06</abbr></a>] &lt;<cite>koen</cite>&gt; <q>Crofton|work: I suck at using GUIs, so a lot of my slides say "show picture from this URL"</q></li>
<li class="message">[<a href="#T17:25:08" id="T17:25:08"><abbr title="2011-10-23T17:25:08+00:00">17:25:08</abbr></a>] &lt;<cite>prpplague</cite>&gt; <q>koen: you know me, i have plenty of hot air for 45 seconds per slide</q></li>
<li class="action">[<a href="#T17:25:25" id="T17:25:25"><abbr title="2011-10-23T17:25:25+00:00">17:25:25</abbr></a>] <span>* koen can't figure out how to embed SVG into this old version of keynote</span></li>
<li class="message">[<a href="#T17:25:50" id="T17:25:50"><abbr title="2011-10-23T17:25:50+00:00">17:25:50</abbr></a>] &lt;<cite>koen</cite>&gt; <q>back to good old latex-beamer for the next one</q></li>
<li class="message">[<a href="#T17:26:00" id="T17:26:00"><abbr title="2011-10-23T17:26:00+00:00">17:26:00</abbr></a>] &lt;<cite>koen</cite>&gt; <q>prpplague: it's cold in prague</q></li>
<li class="message">[<a href="#T17:26:21" id="T17:26:21"><abbr title="2011-10-23T17:26:21+00:00">17:26:21</abbr></a>] &lt;<cite>Crofton|work</cite>&gt; <q>heh</q></li>
<li class="message">[<a href="#T17:26:30" id="T17:26:30"><abbr title="2011-10-23T17:26:30+00:00">17:26:30</abbr></a>] &lt;<cite>Crofton|work</cite>&gt; <q>I've heard a lot opf whining on twitter</q></li>
<li class="message">[<a href="#T17:26:33" id="T17:26:33"><abbr title="2011-10-23T17:26:33+00:00">17:26:33</abbr></a>] &lt;<cite>prpplague</cite>&gt; <q>koen: i have high blood pressure, so i'm always hot</q></li>
<li class="message">[<a href="#T17:26:36" id="T17:26:36"><abbr title="2011-10-23T17:26:36+00:00">17:26:36</abbr></a>] &lt;<cite>Crofton|work</cite>&gt; <q>gregkh got on the wrong bus</q></li>
<li class="message">[<a href="#T17:26:46" id="T17:26:46"><abbr title="2011-10-23T17:26:46+00:00">17:26:46</abbr></a>] &lt;<cite>prpplague</cite>&gt; <q>doh</q></li>
<li class="message">[<a href="#T17:27:24" id="T17:27:24"><abbr title="2011-10-23T17:27:24+00:00">17:27:24</abbr></a>] &lt;<cite>koen</cite>&gt; <q>Crofton|work: whining on twitter is like saying the pope is catholic</q></li>
<li class="message">[<a href="#T17:27:26" id="T17:27:26"><abbr title="2011-10-23T17:27:26+00:00">17:27:26</abbr></a>] &lt;<cite>prpplague</cite>&gt; <q>koen: i can't decide if i should have the portion talking about EDID in the timings section, or in the display inteface sections :(</q></li>
<li class="message">[<a href="#T17:27:39" id="T17:27:39"><abbr title="2011-10-23T17:27:39+00:00">17:27:39</abbr></a>] &lt;<cite>koen</cite>&gt; <q>when in doubt, both</q></li>
<li class="message">[<a href="#T17:28:04" id="T17:28:04"><abbr title="2011-10-23T17:28:04+00:00">17:28:04</abbr></a>] &lt;<cite>_av500_</cite>&gt; <q>EDID sounds boring</q></li>
<li class="message">[<a href="#T17:28:25" id="T17:28:25"><abbr title="2011-10-23T17:28:25+00:00">17:28:25</abbr></a>] &lt;<cite>koen</cite>&gt; <q>Crofton|work: 3.0 boots 2s faster than .38 on the usrp</q></li>
<li class="message">[<a href="#T17:29:16" id="T17:29:16"><abbr title="2011-10-23T17:29:16+00:00">17:29:16</abbr></a>] &lt;<cite>Crofton|work</cite>&gt; <q>kernel or user space?</q></li>
<li class="message">[<a href="#T17:29:25" id="T17:29:25"><abbr title="2011-10-23T17:29:25+00:00">17:29:25</abbr></a>] &lt;<cite>koen</cite>&gt; <q>combined</q></li>
<li class="message">[<a href="#T17:29:31" id="T17:29:31"><abbr title="2011-10-23T17:29:31+00:00">17:29:31</abbr></a>] &lt;<cite>prpplague</cite>&gt; <q>_av500_: not when you have ascii art encoded in the EDID</q></li>
<li class="join">[<a href="#T17:29:37" id="T17:29:37"><abbr title="2011-10-23T17:29:37+00:00">17:29:37</abbr></a>] <span>* Guest88907 (Gerald@dyn-209-2-223-62.dyn.columbia.edu) has joined #beagle</span></li>
<li class="message">[<a href="#T17:29:52" id="T17:29:52"><abbr title="2011-10-23T17:29:52+00:00">17:29:52</abbr></a>] &lt;<cite>Guest88907</cite>&gt; <q>hi..is there someone using TI microcontrollers?</q></li>
<li class="message">[<a href="#T17:30:08" id="T17:30:08"><abbr title="2011-10-23T17:30:08+00:00">17:30:08</abbr></a>] &lt;<cite>koen</cite>&gt; <q>a few million people on this planet</q></li>
<li class="message">[<a href="#T17:30:18" id="T17:30:18"><abbr title="2011-10-23T17:30:18+00:00">17:30:18</abbr></a>] &lt;<cite>koen</cite>&gt; <q>since they show up in things like hairdryers</q></li>
<li class="message">[<a href="#T17:31:02" id="T17:31:02"><abbr title="2011-10-23T17:31:02+00:00">17:31:02</abbr></a>] &lt;<cite>_av500_</cite>&gt; <q>hairdryers use PICs</q></li>
<li class="message">[<a href="#T17:31:16" id="T17:31:16"><abbr title="2011-10-23T17:31:16+00:00">17:31:16</abbr></a>] &lt;<cite>koen</cite>&gt; <q>Crofton|work: I managed to avoid saying "don't do what ubuntu does" in my fast boot recommendations</q></li>
<li class="message">[<a href="#T17:31:32" id="T17:31:32"><abbr title="2011-10-23T17:31:32+00:00">17:31:32</abbr></a>] &lt;<cite>Crofton|work</cite>&gt; <q>excellent</q></li>
<li class="message">[<a href="#T17:31:42" id="T17:31:42"><abbr title="2011-10-23T17:31:42+00:00">17:31:42</abbr></a>] &lt;<cite>koen</cite>&gt; <q>even though it is really good advice</q></li>
<li class="message">[<a href="#T17:31:45" id="T17:31:45"><abbr title="2011-10-23T17:31:45+00:00">17:31:45</abbr></a>] &lt;<cite>_av500_</cite>&gt; <q>koen: is your presentation truly free and open?</q></li>
<li class="message">[<a href="#T17:31:54" id="T17:31:54"><abbr title="2011-10-23T17:31:54+00:00">17:31:54</abbr></a>] &lt;<cite>koen</cite>&gt; <q>_av500_: no</q></li>
<li class="message">[<a href="#T17:32:19" id="T17:32:19"><abbr title="2011-10-23T17:32:19+00:00">17:32:19</abbr></a>] &lt;<cite>koen</cite>&gt; <q>_av500_: but it's made on a powerpc, does that make you feel better?</q></li>
<li class="message">[<a href="#T17:33:15" id="T17:33:15"><abbr title="2011-10-23T17:33:15+00:00">17:33:15</abbr></a>] &lt;<cite>dm8tbr</cite>&gt; <q>_av500_: and if gunter would have done it instead of martin, it would have been an 8051...</q></li>
<li class="message">[<a href="#T17:33:22" id="T17:33:22"><abbr title="2011-10-23T17:33:22+00:00">17:33:22</abbr></a>] &lt;<cite>_av500_</cite>&gt; <q>koen: thats the one in the apple II?</q></li>
<li class="message">[<a href="#T17:33:41" id="T17:33:41"><abbr title="2011-10-23T17:33:41+00:00">17:33:41</abbr></a>] &lt;<cite>koen</cite>&gt; <q>this one is a g4</q></li>
<li class="message">[<a href="#T17:34:02" id="T17:34:02"><abbr title="2011-10-23T17:34:02+00:00">17:34:02</abbr></a>] &lt;<cite>_av500_</cite>&gt; <q>dm8tbr: not a 2C39?</q></li>
<li class="message">[<a href="#T17:35:30" id="T17:35:30"><abbr title="2011-10-23T17:35:30+00:00">17:35:30</abbr></a>] &lt;<cite>dm8tbr</cite>&gt; <q>_av500_: and you could have heated the air by the dissipated power of it</q></li>
<li class="join">[<a href="#T17:42:08" id="T17:42:08"><abbr title="2011-10-23T17:42:08+00:00">17:42:08</abbr></a>] <span>* jonpry (~jon@unaffiliated/jonpry) has joined #beagle</span></li>
<li class="message">[<a href="#T17:42:55" id="T17:42:55"><abbr title="2011-10-23T17:42:55+00:00">17:42:55</abbr></a>] &lt;<cite>jonpry</cite>&gt; <q>at some point i found a ti wiki page called something like "DSP for dummies". can't seem to find it again. anyone seen it?</q></li>
<li class="message">[<a href="#T17:46:12" id="T17:46:12"><abbr title="2011-10-23T17:46:12+00:00">17:46:12</abbr></a>] &lt;<cite>Guest88907</cite>&gt; <q>koen, seriously</q></li>
<li class="message">[<a href="#T17:46:14" id="T17:46:14"><abbr title="2011-10-23T17:46:14+00:00">17:46:14</abbr></a>] &lt;<cite>prpplague</cite>&gt; <q>jonand: it's on omapedia.org</q></li>
<li class="message">[<a href="#T17:46:30" id="T17:46:30"><abbr title="2011-10-23T17:46:30+00:00">17:46:30</abbr></a>] &lt;<cite>prpplague</cite>&gt; <q>Guest88907: seriously</q></li>
<li class="quit">[<a href="#T17:49:51" id="T17:49:51"><abbr title="2011-10-23T17:49:51+00:00">17:49:51</abbr></a>] <span>* Zagrophyte (Zagrophyte@unaffiliated/zagrophyte) Quit ()</span></li>
<li class="join">[<a href="#T17:51:35" id="T17:51:35"><abbr title="2011-10-23T17:51:35+00:00">17:51:35</abbr></a>] <span>* florian (~fuchs@Maemo/community/contributor/florian) has joined #beagle</span></li>
<li class="message">[<a href="#T17:54:53" id="T17:54:53"><abbr title="2011-10-23T17:54:53+00:00">17:54:53</abbr></a>] &lt;<cite>_av500_</cite>&gt; <q>Guest88907: try to ask a non-meta question</q></li>
<li class="message">[<a href="#T17:56:20" id="T17:56:20"><abbr title="2011-10-23T17:56:20+00:00">17:56:20</abbr></a>] &lt;<cite>Guest88907</cite>&gt; <q>i try to use USCI on a TI microcontroller and wondering if you can run USCI without an external oscillator!?</q></li>
<li class="message">[<a href="#T17:56:44" id="T17:56:44"><abbr title="2011-10-23T17:56:44+00:00">17:56:44</abbr></a>] &lt;<cite>_av500_</cite>&gt; <q>now try to name the actual chip you are using</q></li>
<li class="message">[<a href="#T17:59:47" id="T17:59:47"><abbr title="2011-10-23T17:59:47+00:00">17:59:47</abbr></a>] &lt;<cite>Guest88907</cite>&gt; <q>MSP430F2274</q></li>
<li class="message">[<a href="#T18:00:33" id="T18:00:33"><abbr title="2011-10-23T18:00:33+00:00">18:00:33</abbr></a>] &lt;<cite>Guest88907</cite>&gt; <q>there are some examples available using UART...why do they all use a external oscillator when using 9600 baud?</q></li>
<li class="message">[<a href="#T18:00:46" id="T18:00:46"><abbr title="2011-10-23T18:00:46+00:00">18:00:46</abbr></a>] &lt;<cite>Guest88907</cite>&gt; <q><a href="http://www.ti.com/lit/sw/slac123d/slac123d.zip">http://www.ti.com/lit/sw/slac123d/slac123d.zip</a></q></li>
<li class="action">[<a href="#T18:03:50" id="T18:03:50"><abbr title="2011-10-23T18:03:50+00:00">18:03:50</abbr></a>] <span>* _av500_ was told not to unzip</span></li>
<li class="join">[<a href="#T18:04:57" id="T18:04:57"><abbr title="2011-10-23T18:04:57+00:00">18:04:57</abbr></a>] <span>* santiago (ca034db7@gateway/web/freenode/ip.202.3.77.183) has joined #beagleboard</span></li>
<li class="part">[<a href="#T18:05:14" id="T18:05:14"><abbr title="2011-10-23T18:05:14+00:00">18:05:14</abbr></a>] <span>* santiago (ca034db7@gateway/web/freenode/ip.202.3.77.183) has left #beagleboard</span></li>
<li class="join">[<a href="#T18:17:54" id="T18:17:54"><abbr title="2011-10-23T18:17:54+00:00">18:17:54</abbr></a>] <span>* emeb (~ericb@ip72-223-86-178.ph.ph.cox.net) has joined #beagle</span></li>
<li class="join">[<a href="#T18:28:39" id="T18:28:39"><abbr title="2011-10-23T18:28:39+00:00">18:28:39</abbr></a>] <span>* ZeZu (null@c-98-227-57-88.hsd1.in.comcast.net) has joined #beagle</span></li>
<li class="message">[<a href="#T18:28:45" id="T18:28:45"><abbr title="2011-10-23T18:28:45+00:00">18:28:45</abbr></a>] &lt;<cite>jonpry</cite>&gt; <q>wow this dsp stuff is confusing. are the various baseimage.dof's dependent on either using dsplink or dspbridge?</q></li>
<li class="message">[<a href="#T18:32:02" id="T18:32:02"><abbr title="2011-10-23T18:32:02+00:00">18:32:02</abbr></a>] &lt;<cite>_av500_</cite>&gt; <q>bridge</q></li>
<li class="join">[<a href="#T18:32:05" id="T18:32:05"><abbr title="2011-10-23T18:32:05+00:00">18:32:05</abbr></a>] <span>* Ceriand|desktop (~Ceriand@unaffiliated/ceriand) has joined #beagle</span></li>
<li class="message">[<a href="#T18:35:46" id="T18:35:46"><abbr title="2011-10-23T18:35:46+00:00">18:35:46</abbr></a>] &lt;<cite>jonpry</cite>&gt; <q>why does rowboat appear to use dsplink when all the other android codec packs have baseimage.dof?</q></li>
<li class="message">[<a href="#T18:38:51" id="T18:38:51"><abbr title="2011-10-23T18:38:51+00:00">18:38:51</abbr></a>] &lt;<cite>_av500_</cite>&gt; <q>jonpry: coz its done by asp and not wtfbu</q></li>
<li class="message">[<a href="#T18:39:02" id="T18:39:02"><abbr title="2011-10-23T18:39:02+00:00">18:39:02</abbr></a>] &lt;<cite>_av500_</cite>&gt; <q>asp is link, wtfbu is bridge</q></li>
<li class="message">[<a href="#T18:42:08" id="T18:42:08"><abbr title="2011-10-23T18:42:08+00:00">18:42:08</abbr></a>] &lt;<cite>jonpry</cite>&gt; <q>i'm not familiar with these terms</q></li>
<li class="join">[<a href="#T18:43:04" id="T18:43:04"><abbr title="2011-10-23T18:43:04+00:00">18:43:04</abbr></a>] <span>* djerome (~djerome@ip24-251-138-141.ph.ph.cox.net) has joined #beagle</span></li>
<li class="join">[<a href="#T18:43:09" id="T18:43:09"><abbr title="2011-10-23T18:43:09+00:00">18:43:09</abbr></a>] <span>* woglinde (~heinold@g225005205.adsl.alicedsl.de) has joined #beagle</span></li>
<li class="part">[<a href="#T18:43:12" id="T18:43:12"><abbr title="2011-10-23T18:43:12+00:00">18:43:12</abbr></a>] <span>* djerome (~djerome@ip24-251-138-141.ph.ph.cox.net) has left #beagle</span></li>
<li class="message">[<a href="#T18:45:46" id="T18:45:46"><abbr title="2011-10-23T18:45:46+00:00">18:45:46</abbr></a>] &lt;<cite>jonpry</cite>&gt; <q>google isn't being helpful either</q></li>
<li class="quit">[<a href="#T18:48:52" id="T18:48:52"><abbr title="2011-10-23T18:48:52+00:00">18:48:52</abbr></a>] <span>* virals (~viral@59.95.211.14) Quit (Remote host closed the connection)</span></li>
<li class="message">[<a href="#T18:50:30" id="T18:50:30"><abbr title="2011-10-23T18:50:30+00:00">18:50:30</abbr></a>] &lt;<cite>Guest88907</cite>&gt; <q>av500, why not?</q></li>
