<li class="quit">[<a href="#T00:00:06" id="T00:00:06"><abbr title="2011-11-26T00:00:06+00:00">00:00:06</abbr></a>] <span>* damjan (~damjan@unaffiliated/damjan) Quit (Ping timeout: 240 seconds)</span></li>
<li class="quit">[<abbr title="2011-11-26T00:00:06+00:00">00:00:06</abbr>] <span>* htns (~htns@175.139.208.57) Quit (Ping timeout: 240 seconds)</span></li>
<li class="join">[<a href="#T00:00:48" id="T00:00:48"><abbr title="2011-11-26T00:00:48+00:00">00:00:48</abbr></a>] <span>* damjan (~damjan@unaffiliated/damjan) has joined #beagle</span></li>
<li class="join">[<a href="#T00:04:20" id="T00:04:20"><abbr title="2011-11-26T00:04:20+00:00">00:04:20</abbr></a>] <span>* dENNES (~Adium@port375.ds1-hr.adsl.cybercity.dk) has joined #beagle</span></li>
<li class="quit">[<a href="#T00:07:22" id="T00:07:22"><abbr title="2011-11-26T00:07:22+00:00">00:07:22</abbr></a>] <span>* gustavoz (~gustavoz@host239.190-138-185.telecom.net.ar) Quit (Ping timeout: 240 seconds)</span></li>
<li class="quit">[<a href="#T00:08:06" id="T00:08:06"><abbr title="2011-11-26T00:08:06+00:00">00:08:06</abbr></a>] <span>* pfoetchen (~pfoetchen@winc043.informatik.uni-wuerzburg.de) Quit (Ping timeout: 240 seconds)</span></li>
<li class="join">[<a href="#T00:08:11" id="T00:08:11"><abbr title="2011-11-26T00:08:11+00:00">00:08:11</abbr></a>] <span>* pfoetchen (~pfoetchen@winc043.informatik.uni-wuerzburg.de) has joined #beagle</span></li>
<li class="quit">[<a href="#T00:12:06" id="T00:12:06"><abbr title="2011-11-26T00:12:06+00:00">00:12:06</abbr></a>] <span>* florian (~fuchs@Maemo/community/contributor/florian) Quit (Ping timeout: 240 seconds)</span></li>
<li class="quit">[<abbr title="2011-11-26T00:12:06+00:00">00:12:06</abbr>] <span>* rsalveti (~rsalveti@linaro/rsalveti) Quit (Ping timeout: 240 seconds)</span></li>
<li class="quit">[<a href="#T00:12:28" id="T00:12:28"><abbr title="2011-11-26T00:12:28+00:00">00:12:28</abbr></a>] <span>* dENNES (~Adium@port375.ds1-hr.adsl.cybercity.dk) Quit (Quit: Leaving.)</span></li>
<li class="join">[<a href="#T00:12:34" id="T00:12:34"><abbr title="2011-11-26T00:12:34+00:00">00:12:34</abbr></a>] <span>* florian (~fuchs@Maemo/community/contributor/florian) has joined #beagle</span></li>
<li class="quit">[<a href="#T00:12:53" id="T00:12:53"><abbr title="2011-11-26T00:12:53+00:00">00:12:53</abbr></a>] <span>* florian (~fuchs@Maemo/community/contributor/florian) Quit (Remote host closed the connection)</span></li>
<li class="join">[<a href="#T00:13:46" id="T00:13:46"><abbr title="2011-11-26T00:13:46+00:00">00:13:46</abbr></a>] <span>* jay69811 (~Adium@99-90-66-112.lightspeed.sntcca.sbcglobal.net) has joined #beagle</span></li>
<li class="quit">[<abbr title="2011-11-26T00:13:46+00:00">00:13:46</abbr>] <span>* jay6981 (~Adium@99-90-66-112.lightspeed.sntcca.sbcglobal.net) Quit (Read error: Connection reset by peer)</span></li>
<li class="join">[<a href="#T00:15:40" id="T00:15:40"><abbr title="2011-11-26T00:15:40+00:00">00:15:40</abbr></a>] <span>* htns (~htns@175.139.208.57) has joined #beagle</span></li>
<li class="join">[<a href="#T00:16:05" id="T00:16:05"><abbr title="2011-11-26T00:16:05+00:00">00:16:05</abbr></a>] <span>* rsalveti (~rsalveti@186.214.59.10) has joined #beagle</span></li>
<li class="quit">[<abbr title="2011-11-26T00:16:05+00:00">00:16:05</abbr>] <span>* rsalveti (~rsalveti@186.214.59.10) Quit (Changing host)</span></li>
<li class="join">[<abbr title="2011-11-26T00:16:05+00:00">00:16:05</abbr>] <span>* rsalveti (~rsalveti@linaro/rsalveti) has joined #beagle</span></li>
<li class="quit">[<a href="#T00:16:30" id="T00:16:30"><abbr title="2011-11-26T00:16:30+00:00">00:16:30</abbr></a>] <span>* topfs2 (~topfs2@xbmc/staff/topfs2) Quit (Ping timeout: 240 seconds)</span></li>
<li class="quit">[<a href="#T00:17:39" id="T00:17:39"><abbr title="2011-11-26T00:17:39+00:00">00:17:39</abbr></a>] <span>* mbucko (~mbucko@152.78.94.77) Quit (Quit: Leaving)</span></li>
<li class="quit">[<a href="#T00:18:06" id="T00:18:06"><abbr title="2011-11-26T00:18:06+00:00">00:18:06</abbr></a>] <span>* Darek- (darek@work.sznajder.org) Quit (Ping timeout: 240 seconds)</span></li>
<li class="join">[<a href="#T00:18:11" id="T00:18:11"><abbr title="2011-11-26T00:18:11+00:00">00:18:11</abbr></a>] <span>* Darek- (darek@work.sznajder.org) has joined #beagle</span></li>
<li class="quit">[<a href="#T00:28:06" id="T00:28:06"><abbr title="2011-11-26T00:28:06+00:00">00:28:06</abbr></a>] <span>* htns (~htns@175.139.208.57) Quit (Ping timeout: 240 seconds)</span></li>
<li class="join">[<a href="#T00:28:51" id="T00:28:51"><abbr title="2011-11-26T00:28:51+00:00">00:28:51</abbr></a>] <span>* htns (~htns@175.139.208.57) has joined #beagle</span></li>
<li class="quit">[<a href="#T00:45:05" id="T00:45:05"><abbr title="2011-11-26T00:45:05+00:00">00:45:05</abbr></a>] <span>* novogram_ (~novogramm@softbank126108028029.bbtec.net) Quit (Remote host closed the connection)</span></li>
<li class="quit">[<a href="#T01:00:05" id="T01:00:05"><abbr title="2011-11-26T01:00:05+00:00">01:00:05</abbr></a>] <span>* damir__ (~damir@BSN-176-134-78.dial-up.dsl.siol.net) Quit (Read error: Operation timed out)</span></li>
<li class="join">[<a href="#T01:01:36" id="T01:01:36"><abbr title="2011-11-26T01:01:36+00:00">01:01:36</abbr></a>] <span>* damir__ (~damir@BSN-176-134-78.dial-up.dsl.siol.net) has joined #beagle</span></li>
<li class="quit">[<a href="#T01:20:03" id="T01:20:03"><abbr title="2011-11-26T01:20:03+00:00">01:20:03</abbr></a>] <span>* cwillu_at_work (~cwillu@cwillu-1-pt.tunnel.tserv13.ash1.ipv6.he.net) Quit (Ping timeout: 244 seconds)</span></li>
<li class="quit">[<a href="#T01:28:10" id="T01:28:10"><abbr title="2011-11-26T01:28:10+00:00">01:28:10</abbr></a>] <span>* xpg (~pf@2001:16d8:ddaa:1:223:54ff:fed5:46f0) Quit (Quit: Leaving)</span></li>
<li class="join">[<a href="#T01:52:13" id="T01:52:13"><abbr title="2011-11-26T01:52:13+00:00">01:52:13</abbr></a>] <span>* benmcnelly (~ben@ppp-70-245-188-63.dsl.spfdmo.swbell.net) has joined #beagle</span></li>
<li class="join">[<a href="#T02:03:28" id="T02:03:28"><abbr title="2011-11-26T02:03:28+00:00">02:03:28</abbr></a>] <span>* rlrosa (~rrosa@64-60-141-114.static-ip.telepacific.net) has joined #beagle</span></li>
<li class="message">[<a href="#T02:04:34" id="T02:04:34"><abbr title="2011-11-26T02:04:34+00:00">02:04:34</abbr></a>] &lt;<cite>rlrosa</cite>&gt; <q>hi! i'm trying to use oe to build kernel, toolchain, etc  for the beagle board. i pulled from git://git.angstrom-distribution.org/setup-scripts</q></li>
<li class="message">[<a href="#T02:04:35" id="T02:04:35"><abbr title="2011-11-26T02:04:35+00:00">02:04:35</abbr></a>] &lt;<cite>rlrosa</cite>&gt; <q>i get an error in a gpio file:</q></li>
<li class="message">[<abbr title="2011-11-26T02:04:35+00:00">02:04:35</abbr>] &lt;<cite>rlrosa</cite>&gt; <q>| arch/arm/plat-omap/gpio.c:1677: error: 'gpio_pads_config' undeclared (first use in this function)</q></li>
<li class="message">[<abbr title="2011-11-26T02:04:35+00:00">02:04:35</abbr>] &lt;<cite>rlrosa</cite>&gt; <q>has anybody run into this?</q></li>
<li class="message">[<a href="#T02:19:06" id="T02:19:06"><abbr title="2011-11-26T02:19:06+00:00">02:19:06</abbr></a>] &lt;<cite>prpplague</cite>&gt; <q>koen: ping</q></li>
<li class="message">[<a href="#T02:19:09" id="T02:19:09"><abbr title="2011-11-26T02:19:09+00:00">02:19:09</abbr></a>] &lt;<cite>prpplague</cite>&gt; <q>koen: you around?</q></li>
<li class="part">[<a href="#T02:22:07" id="T02:22:07"><abbr title="2011-11-26T02:22:07+00:00">02:22:07</abbr></a>] <span>* Cyberland (b8234ae8@gateway/web/freenode/ip.184.35.74.232) has left #beagle</span></li>
<li class="join">[<a href="#T02:25:26" id="T02:25:26"><abbr title="2011-11-26T02:25:26+00:00">02:25:26</abbr></a>] <span>* Cyberland (b8234ae8@gateway/web/freenode/ip.184.35.74.232) has joined #beagle</span></li>
<li class="quit">[<a href="#T02:30:04" id="T02:30:04"><abbr title="2011-11-26T02:30:04+00:00">02:30:04</abbr></a>] <span>* Cyberland (b8234ae8@gateway/web/freenode/ip.184.35.74.232) Quit (Ping timeout: 265 seconds)</span></li>
<li class="quit">[<abbr title="2011-11-26T02:30:04+00:00">02:30:04</abbr>] <span>* peabody124 (~peabody12@c-98-201-161-152.hsd1.tx.comcast.net) Quit (Read error: Connection reset by peer)</span></li>
<li class="join">[<a href="#T02:30:07" id="T02:30:07"><abbr title="2011-11-26T02:30:07+00:00">02:30:07</abbr></a>] <span>* peabody124_ (~peabody12@c-98-201-161-152.hsd1.tx.comcast.net) has joined #beagle</span></li>
<li class="quit">[<a href="#T02:33:19" id="T02:33:19"><abbr title="2011-11-26T02:33:19+00:00">02:33:19</abbr></a>] <span>* thweber (~thomas@ppp-188-174-9-187.dynamic.mnet-online.de) Quit (Read error: Operation timed out)</span></li>
<li class="join">[<a href="#T02:35:17" id="T02:35:17"><abbr title="2011-11-26T02:35:17+00:00">02:35:17</abbr></a>] <span>* thweber (~thomas@ppp-188-174-82-227.dynamic.mnet-online.de) has joined #beagle</span></li>
<li class="join">[<a href="#T02:48:31" id="T02:48:31"><abbr title="2011-11-26T02:48:31+00:00">02:48:31</abbr></a>] <span>* jay6981 (~Adium@99-90-66-112.lightspeed.sntcca.sbcglobal.net) has joined #beagle</span></li>
<li class="quit">[<abbr title="2011-11-26T02:48:31+00:00">02:48:31</abbr>] <span>* jay69811 (~Adium@99-90-66-112.lightspeed.sntcca.sbcglobal.net) Quit (Read error: Connection reset by peer)</span></li>
<li class="quit">[<a href="#T02:50:28" id="T02:50:28"><abbr title="2011-11-26T02:50:28+00:00">02:50:28</abbr></a>] <span>* mindThomas (~tkjmail@0x4dd5d11f.adsl.cybercity.dk) Quit (Ping timeout: 244 seconds)</span></li>
<li class="join">[<a href="#T03:08:00" id="T03:08:00"><abbr title="2011-11-26T03:08:00+00:00">03:08:00</abbr></a>] <span>* jay69811 (~Adium@99-90-66-112.lightspeed.sntcca.sbcglobal.net) has joined #beagle</span></li>
<li class="quit">[<abbr title="2011-11-26T03:08:00+00:00">03:08:00</abbr>] <span>* jay6981 (~Adium@99-90-66-112.lightspeed.sntcca.sbcglobal.net) Quit (Read error: Connection reset by peer)</span></li>
<li class="join">[<a href="#T03:33:00" id="T03:33:00"><abbr title="2011-11-26T03:33:00+00:00">03:33:00</abbr></a>] <span>* jay6981 (~Adium@99-90-66-112.lightspeed.sntcca.sbcglobal.net) has joined #beagle</span></li>
<li class="quit">[<a href="#T03:33:01" id="T03:33:01"><abbr title="2011-11-26T03:33:01+00:00">03:33:01</abbr></a>] <span>* jay69811 (~Adium@99-90-66-112.lightspeed.sntcca.sbcglobal.net) Quit (Read error: Connection reset by peer)</span></li>
<li class="quit">[<a href="#T03:33:49" id="T03:33:49"><abbr title="2011-11-26T03:33:49+00:00">03:33:49</abbr></a>] <span>* benmcnelly (~ben@ppp-70-245-188-63.dsl.spfdmo.swbell.net) Quit (Ping timeout: 240 seconds)</span></li>
<li class="join">[<a href="#T03:48:45" id="T03:48:45"><abbr title="2011-11-26T03:48:45+00:00">03:48:45</abbr></a>] <span>* jay69811 (~Adium@99-90-66-112.lightspeed.sntcca.sbcglobal.net) has joined #beagle</span></li>
<li class="quit">[<abbr title="2011-11-26T03:48:45+00:00">03:48:45</abbr>] <span>* jay6981 (~Adium@99-90-66-112.lightspeed.sntcca.sbcglobal.net) Quit (Read error: Connection reset by peer)</span></li>
<li class="join">[<a href="#T04:03:52" id="T04:03:52"><abbr title="2011-11-26T04:03:52+00:00">04:03:52</abbr></a>] <span>* dl9pf (~quassel@p5B213F0D.dip.t-dialin.net) has joined #beagle</span></li>
<li class="quit">[<abbr title="2011-11-26T04:03:52+00:00">04:03:52</abbr>] <span>* dl9pf (~quassel@p5B213F0D.dip.t-dialin.net) Quit (Changing host)</span></li>
<li class="join">[<abbr title="2011-11-26T04:03:52+00:00">04:03:52</abbr>] <span>* dl9pf (~quassel@opensuse/member/dl9pf) has joined #beagle</span></li>
<li class="quit">[<a href="#T04:04:13" id="T04:04:13"><abbr title="2011-11-26T04:04:13+00:00">04:04:13</abbr></a>] <span>* dl9pf_ (~quassel@p5B21444E.dip.t-dialin.net) Quit (Ping timeout: 240 seconds)</span></li>
<li class="join">[<a href="#T04:14:40" id="T04:14:40"><abbr title="2011-11-26T04:14:40+00:00">04:14:40</abbr></a>] <span>* jay6981 (~Adium@99-90-66-112.lightspeed.sntcca.sbcglobal.net) has joined #beagle</span></li>
<li class="quit">[<a href="#T04:14:41" id="T04:14:41"><abbr title="2011-11-26T04:14:41+00:00">04:14:41</abbr></a>] <span>* jay69811 (~Adium@99-90-66-112.lightspeed.sntcca.sbcglobal.net) Quit (Read error: Connection reset by peer)</span></li>
<li class="quit">[<a href="#T04:18:06" id="T04:18:06"><abbr title="2011-11-26T04:18:06+00:00">04:18:06</abbr></a>] <span>* rsalveti (~rsalveti@linaro/rsalveti) Quit (Ping timeout: 240 seconds)</span></li>
<li class="join">[<a href="#T04:23:46" id="T04:23:46"><abbr title="2011-11-26T04:23:46+00:00">04:23:46</abbr></a>] <span>* rsalveti (~rsalveti@186.214.57.10) has joined #beagle</span></li>
<li class="quit">[<abbr title="2011-11-26T04:23:46+00:00">04:23:46</abbr>] <span>* rsalveti (~rsalveti@186.214.57.10) Quit (Changing host)</span></li>
<li class="join">[<abbr title="2011-11-26T04:23:46+00:00">04:23:46</abbr>] <span>* rsalveti (~rsalveti@linaro/rsalveti) has joined #beagle</span></li>
<li class="join">[<a href="#T04:24:23" id="T04:24:23"><abbr title="2011-11-26T04:24:23+00:00">04:24:23</abbr></a>] <span>* Russ (foobar@ip68-106-254-4.ph.ph.cox.net) has joined #beagle</span></li>
<li class="join">[<a href="#T04:31:12" id="T04:31:12"><abbr title="2011-11-26T04:31:12+00:00">04:31:12</abbr></a>] <span>* chaos_ (48a3d969@gateway/web/freenode/ip.72.163.217.105) has joined #beagle</span></li>
<li class="quit">[<a href="#T04:32:26" id="T04:32:26"><abbr title="2011-11-26T04:32:26+00:00">04:32:26</abbr></a>] <span>* chaos_ (48a3d969@gateway/web/freenode/ip.72.163.217.105) Quit (Client Quit)</span></li>
<li class="part">[<a href="#T04:38:00" id="T04:38:00"><abbr title="2011-11-26T04:38:00+00:00">04:38:00</abbr></a>] <span>* rlrosa (~rrosa@64-60-141-114.static-ip.telepacific.net) has left #beagle</span></li>
<li class="quit">[<a href="#T04:46:30" id="T04:46:30"><abbr title="2011-11-26T04:46:30+00:00">04:46:30</abbr></a>] <span>* GPSFan (~kenm@64.92.145.112) Quit (Remote host closed the connection)</span></li>
<li class="join">[<a href="#T04:48:19" id="T04:48:19"><abbr title="2011-11-26T04:48:19+00:00">04:48:19</abbr></a>] <span>* jay69811 (~Adium@99-90-66-112.lightspeed.sntcca.sbcglobal.net) has joined #beagle</span></li>
<li class="quit">[<abbr title="2011-11-26T04:48:19+00:00">04:48:19</abbr>] <span>* jay6981 (~Adium@99-90-66-112.lightspeed.sntcca.sbcglobal.net) Quit (Read error: Connection reset by peer)</span></li>
<li class="join">[<a href="#T04:53:37" id="T04:53:37"><abbr title="2011-11-26T04:53:37+00:00">04:53:37</abbr></a>] <span>* dsoto (~dsoto@pool-108-14-211-215.nycmny.east.verizon.net) has joined #beagle</span></li>
<li class="join">[<a href="#T04:54:26" id="T04:54:26"><abbr title="2011-11-26T04:54:26+00:00">04:54:26</abbr></a>] <span>* jay6981 (~Adium@99-90-66-112.lightspeed.sntcca.sbcglobal.net) has joined #beagle</span></li>
<li class="quit">[<a href="#T04:54:27" id="T04:54:27"><abbr title="2011-11-26T04:54:27+00:00">04:54:27</abbr></a>] <span>* jay69811 (~Adium@99-90-66-112.lightspeed.sntcca.sbcglobal.net) Quit (Read error: Connection reset by peer)</span></li>
<li class="join">[<a href="#T04:55:56" id="T04:55:56"><abbr title="2011-11-26T04:55:56+00:00">04:55:56</abbr></a>] <span>* jay69811 (~Adium@99-90-66-112.lightspeed.sntcca.sbcglobal.net) has joined #beagle</span></li>
<li class="quit">[<abbr title="2011-11-26T04:55:56+00:00">04:55:56</abbr>] <span>* jay6981 (~Adium@99-90-66-112.lightspeed.sntcca.sbcglobal.net) Quit (Read error: Connection reset by peer)</span></li>
<li class="join">[<a href="#T05:21:49" id="T05:21:49"><abbr title="2011-11-26T05:21:49+00:00">05:21:49</abbr></a>] <span>* jay6981 (~Adium@99-90-66-112.lightspeed.sntcca.sbcglobal.net) has joined #beagle</span></li>
<li class="quit">[<abbr title="2011-11-26T05:21:49+00:00">05:21:49</abbr>] <span>* jay69811 (~Adium@99-90-66-112.lightspeed.sntcca.sbcglobal.net) Quit (Read error: Connection reset by peer)</span></li>
<li class="quit">[<a href="#T05:38:56" id="T05:38:56"><abbr title="2011-11-26T05:38:56+00:00">05:38:56</abbr></a>] <span>* dsoto (~dsoto@pool-108-14-211-215.nycmny.east.verizon.net) Quit (Quit: Get MacIrssi - <a href="http://www.sysctl.co.uk/projects/macirssi/)">http://www.sysctl.co.uk/projects/macirssi/)</a></span></li>
<li class="join">[<a href="#T05:43:59" id="T05:43:59"><abbr title="2011-11-26T05:43:59+00:00">05:43:59</abbr></a>] <span>* benmcnelly (~ben@adsl-99-23-200-157.dsl.spfdmo.sbcglobal.net) has joined #beagle</span></li>
<li class="quit">[<a href="#T06:03:19" id="T06:03:19"><abbr title="2011-11-26T06:03:19+00:00">06:03:19</abbr></a>] <span>* phantoxe (~destroy@a95-92-89-24.cpe.netcabo.pt) Quit ()</span></li>
<li class="join">[<a href="#T06:08:31" id="T06:08:31"><abbr title="2011-11-26T06:08:31+00:00">06:08:31</abbr></a>] <span>* jay69811 (~Adium@99-90-66-112.lightspeed.sntcca.sbcglobal.net) has joined #beagle</span></li>
<li class="quit">[<abbr title="2011-11-26T06:08:31+00:00">06:08:31</abbr>] <span>* jay6981 (~Adium@99-90-66-112.lightspeed.sntcca.sbcglobal.net) Quit (Read error: Connection reset by peer)</span></li>
<li class="join">[<a href="#T06:11:02" id="T06:11:02"><abbr title="2011-11-26T06:11:02+00:00">06:11:02</abbr></a>] <span>* jay6981 (~Adium@99-90-66-112.lightspeed.sntcca.sbcglobal.net) has joined #beagle</span></li>
<li class="quit">[<abbr title="2011-11-26T06:11:02+00:00">06:11:02</abbr>] <span>* jay69811 (~Adium@99-90-66-112.lightspeed.sntcca.sbcglobal.net) Quit (Read error: Connection reset by peer)</span></li>
<li class="quit">[<a href="#T06:14:32" id="T06:14:32"><abbr title="2011-11-26T06:14:32+00:00">06:14:32</abbr></a>] <span>* damir__ (~damir@BSN-176-134-78.dial-up.dsl.siol.net) Quit (Read error: Operation timed out)</span></li>
<li class="join">[<a href="#T06:15:18" id="T06:15:18"><abbr title="2011-11-26T06:15:18+00:00">06:15:18</abbr></a>] <span>* damir__ (~damir@BSN-176-134-78.dial-up.dsl.siol.net) has joined #beagle</span></li>
<li class="join">[<a href="#T06:26:33" id="T06:26:33"><abbr title="2011-11-26T06:26:33+00:00">06:26:33</abbr></a>] <span>* chiques (~tony@pool-71-189-111-95.lsanca.fios.verizon.net) has joined #beagle</span></li>
<li class="quit">[<a href="#T06:31:57" id="T06:31:57"><abbr title="2011-11-26T06:31:57+00:00">06:31:57</abbr></a>] <span>* Russ (foobar@ip68-106-254-4.ph.ph.cox.net) Quit (Remote host closed the connection)</span></li>
<li class="join">[<a href="#T06:33:53" id="T06:33:53"><abbr title="2011-11-26T06:33:53+00:00">06:33:53</abbr></a>] <span>* Russ (foobar@ip68-106-254-4.ph.ph.cox.net) has joined #beagle</span></li>
<li class="quit">[<a href="#T06:45:01" id="T06:45:01"><abbr title="2011-11-26T06:45:01+00:00">06:45:01</abbr></a>] <span>* damir__ (~damir@BSN-176-134-78.dial-up.dsl.siol.net) Quit (Ping timeout: 240 seconds)</span></li>
<li class="join">[<a href="#T06:59:18" id="T06:59:18"><abbr title="2011-11-26T06:59:18+00:00">06:59:18</abbr></a>] <span>* damir__ (~damir@BSN-176-134-78.dial-up.dsl.siol.net) has joined #beagle</span></li>
<li class="quit">[<a href="#T07:16:10" id="T07:16:10"><abbr title="2011-11-26T07:16:10+00:00">07:16:10</abbr></a>] <span>* mnt_real (~mnt_real@bas1-montreal43-2925254747.dsl.bell.ca) Quit (Quit: Leaving)</span></li>
<li class="quit">[<a href="#T07:20:56" id="T07:20:56"><abbr title="2011-11-26T07:20:56+00:00">07:20:56</abbr></a>] <span>* jay6981 (~Adium@99-90-66-112.lightspeed.sntcca.sbcglobal.net) Quit (Quit: Leaving.)</span></li>
<li class="join">[<a href="#T07:21:08" id="T07:21:08"><abbr title="2011-11-26T07:21:08+00:00">07:21:08</abbr></a>] <span>* Russ_ (foobar@ip68-106-254-4.ph.ph.cox.net) has joined #beagle</span></li>
<li class="quit">[<a href="#T07:24:39" id="T07:24:39"><abbr title="2011-11-26T07:24:39+00:00">07:24:39</abbr></a>] <span>* Russ (foobar@ip68-106-254-4.ph.ph.cox.net) Quit (Ping timeout: 276 seconds)</span></li>
<li class="join">[<a href="#T07:24:41" id="T07:24:41"><abbr title="2011-11-26T07:24:41+00:00">07:24:41</abbr></a>] <span>* siji (~siji@static-mum-120.63.152.64.mtnl.net.in) has joined #beagleboard</span></li>
<li class="join">[<a href="#T07:28:03" id="T07:28:03"><abbr title="2011-11-26T07:28:03+00:00">07:28:03</abbr></a>] <span>* happylife (~happylife@46.251.83.126) has joined #beagleboard</span></li>
<li class="quit">[<a href="#T07:28:33" id="T07:28:33"><abbr title="2011-11-26T07:28:33+00:00">07:28:33</abbr></a>] <span>* Russ_ (foobar@ip68-106-254-4.ph.ph.cox.net) Quit (Ping timeout: 276 seconds)</span></li>
<li class="join">[<a href="#T07:32:08" id="T07:32:08"><abbr title="2011-11-26T07:32:08+00:00">07:32:08</abbr></a>] <span>* Russ_ (foobar@ip68-106-254-4.ph.ph.cox.net) has joined #beagle</span></li>
<li class="quit">[<a href="#T07:47:45" id="T07:47:45"><abbr title="2011-11-26T07:47:45+00:00">07:47:45</abbr></a>] <span>* killring (~killring@76.226.185.244) Quit (Quit: leaving)</span></li>
<li class="quit">[<a href="#T07:48:42" id="T07:48:42"><abbr title="2011-11-26T07:48:42+00:00">07:48:42</abbr></a>] <span>* Russ_ (foobar@ip68-106-254-4.ph.ph.cox.net) Quit (Ping timeout: 276 seconds)</span></li>
<li class="join">[<a href="#T07:49:37" id="T07:49:37"><abbr title="2011-11-26T07:49:37+00:00">07:49:37</abbr></a>] <span>* dENNES (~Adium@port375.ds1-hr.adsl.cybercity.dk) has joined #beagle</span></li>
<li class="join">[<a href="#T07:53:27" id="T07:53:27"><abbr title="2011-11-26T07:53:27+00:00">07:53:27</abbr></a>] <span>* Russ_ (foobar@ip68-106-254-4.ph.ph.cox.net) has joined #beagle</span></li>
<li class="join">[<a href="#T08:02:53" id="T08:02:53"><abbr title="2011-11-26T08:02:53+00:00">08:02:53</abbr></a>] <span>* benmcnelly1 (~ben@adsl-99-23-200-157.dsl.spfdmo.sbcglobal.net) has joined #beagle</span></li>
<li class="quit">[<abbr title="2011-11-26T08:02:53+00:00">08:02:53</abbr>] <span>* benmcnelly (~ben@adsl-99-23-200-157.dsl.spfdmo.sbcglobal.net) Quit (Read error: Connection reset by peer)</span></li>
<li class="quit">[<a href="#T08:07:02" id="T08:07:02"><abbr title="2011-11-26T08:07:02+00:00">08:07:02</abbr></a>] <span>* benmcnelly1 (~ben@adsl-99-23-200-157.dsl.spfdmo.sbcglobal.net) Quit (Read error: Connection reset by peer)</span></li>
<li class="quit">[<a href="#T08:08:12" id="T08:08:12"><abbr title="2011-11-26T08:08:12+00:00">08:08:12</abbr></a>] <span>* Russ_ (foobar@ip68-106-254-4.ph.ph.cox.net) Quit (Ping timeout: 276 seconds)</span></li>
<li class="join">[<a href="#T08:09:04" id="T08:09:04"><abbr title="2011-11-26T08:09:04+00:00">08:09:04</abbr></a>] <span>* Russ_ (foobar@ip68-106-254-4.ph.ph.cox.net) has joined #beagle</span></li>
<li class="quit">[<a href="#T08:25:43" id="T08:25:43"><abbr title="2011-11-26T08:25:43+00:00">08:25:43</abbr></a>] <span>* dENNES (~Adium@port375.ds1-hr.adsl.cybercity.dk) Quit (Quit: Leaving.)</span></li>
<li class="quit">[<a href="#T08:44:32" id="T08:44:32"><abbr title="2011-11-26T08:44:32+00:00">08:44:32</abbr></a>] <span>* damir__ (~damir@BSN-176-134-78.dial-up.dsl.siol.net) Quit (Ping timeout: 252 seconds)</span></li>
<li class="quit">[<a href="#T09:09:22" id="T09:09:22"><abbr title="2011-11-26T09:09:22+00:00">09:09:22</abbr></a>] <span>* ericb2 (~X@unaffiliated/ericb2) Quit (Quit: . . . ........)</span></li>
<li class="quit">[<a href="#T09:12:44" id="T09:12:44"><abbr title="2011-11-26T09:12:44+00:00">09:12:44</abbr></a>] <span>* JViz (~JViz@cpe-071-076-188-130.triad.res.rr.com) Quit (Quit: vidi vici veni)</span></li>
<li class="join">[<a href="#T09:28:27" id="T09:28:27"><abbr title="2011-11-26T09:28:27+00:00">09:28:27</abbr></a>] <span>* ericb2 (~X@unaffiliated/ericb2) has joined #beagle</span></li>
<li class="join">[<a href="#T09:37:30" id="T09:37:30"><abbr title="2011-11-26T09:37:30+00:00">09:37:30</abbr></a>] <span>* juhsis (5f09b131@gateway/web/freenode/ip.95.9.177.49) has joined #beagle</span></li>
<li class="message">[<a href="#T09:40:32" id="T09:40:32"><abbr title="2011-11-26T09:40:32+00:00">09:40:32</abbr></a>] &lt;<cite>juhsis</cite>&gt; <q>how can i add my executable to startup? and when i start beagle, it does not see anything at otg port but when i plug out and plug in it can see.. how can fix it?</q></li>
<li class="message">[<a href="#T09:43:56" id="T09:43:56"><abbr title="2011-11-26T09:43:56+00:00">09:43:56</abbr></a>] &lt;<cite>koen</cite>&gt; <q>for your first question I would suggest googling, it's a generic linux question</q></li>
<li class="message">[<a href="#T09:48:52" id="T09:48:52"><abbr title="2011-11-26T09:48:52+00:00">09:48:52</abbr></a>] &lt;<cite>juhsis</cite>&gt; <q>and second one?</q></li>
