<li class="part">[<a href="#T00:02:48" id="T00:02:48"><abbr title="2011-05-27T00:02:48+00:00">00:02:48</abbr></a>] <span>* agnel (~joel@cpe-76-184-244-226.tx.res.rr.com) has left #beagle</span></li>
<li class="join">[<a href="#T00:03:59" id="T00:03:59"><abbr title="2011-05-27T00:03:59+00:00">00:03:59</abbr></a>] <span>* joelagnel (~joel@cpe-76-184-244-226.tx.res.rr.com) has joined #beagle</span></li>
<li class="message">[<a href="#T00:15:57" id="T00:15:57"><abbr title="2011-05-27T00:15:57+00:00">00:15:57</abbr></a>] &lt;<cite>ds2</cite>&gt; <q>does anyone else see a broken www.ti.com page?</q></li>
<li class="message">[<a href="#T00:29:23" id="T00:29:23"><abbr title="2011-05-27T00:29:23+00:00">00:29:23</abbr></a>] &lt;<cite>mIKEjONES</cite>&gt; <q>yea</q></li>
<li class="message">[<a href="#T00:29:29" id="T00:29:29"><abbr title="2011-05-27T00:29:29+00:00">00:29:29</abbr></a>] &lt;<cite>mIKEjONES</cite>&gt; <q>no stylesheets</q></li>
<li class="message">[<a href="#T00:29:50" id="T00:29:50"><abbr title="2011-05-27T00:29:50+00:00">00:29:50</abbr></a>] &lt;<cite>mIKEjONES</cite>&gt; <q>lol</q></li>
<li class="message">[<a href="#T00:29:53" id="T00:29:53"><abbr title="2011-05-27T00:29:53+00:00">00:29:53</abbr></a>] &lt;<cite>mIKEjONES</cite>&gt; <q>someone probably got fired</q></li>
<li class="quit">[<a href="#T00:30:11" id="T00:30:11"><abbr title="2011-05-27T00:30:11+00:00">00:30:11</abbr></a>] <span>* alancam (~alancam@nat/ti/x-fxtiwbzzpmzhtsfn) Quit (Ping timeout: 244 seconds)</span></li>
<li class="message">[<a href="#T00:30:52" id="T00:30:52"><abbr title="2011-05-27T00:30:52+00:00">00:30:52</abbr></a>] &lt;<cite>ds2</cite>&gt; <q>search also fails</q></li>
<li class="message">[<a href="#T00:31:03" id="T00:31:03"><abbr title="2011-05-27T00:31:03+00:00">00:31:03</abbr></a>] &lt;<cite>ds2</cite>&gt; <q>webserver or loadbalancer is probally fried</q></li>
<li class="message">[<a href="#T00:31:15" id="T00:31:15"><abbr title="2011-05-27T00:31:15+00:00">00:31:15</abbr></a>] &lt;<cite>ds2</cite>&gt; <q>maybe an overheated x86 part? :D</q></li>
<li class="join">[<a href="#T00:38:23" id="T00:38:23"><abbr title="2011-05-27T00:38:23+00:00">00:38:23</abbr></a>] <span>* djlewis (~djlewis@65-70-11-247.dsl.tcworks.net) has joined #beagle</span></li>
<li class="message">[<a href="#T00:43:07" id="T00:43:07"><abbr title="2011-05-27T00:43:07+00:00">00:43:07</abbr></a>] &lt;<cite>ds2</cite>&gt; <q>for the people asking about rev info, here's an example -</q></li>
<li class="message">[<a href="#T00:43:13" id="T00:43:13"><abbr title="2011-05-27T00:43:13+00:00">00:43:13</abbr></a>] &lt;<cite>ds2</cite>&gt; <q>Hardware        : Nokia RX-51 board</q></li>
<li class="message">[<abbr title="2011-05-27T00:43:13+00:00">00:43:13</abbr>] &lt;<cite>ds2</cite>&gt; <q>Revision        : 2101</q></li>
<li class="message">[<abbr title="2011-05-27T00:43:13+00:00">00:43:13</abbr>] &lt;<cite>ds2</cite>&gt; <q>Serial          : 0000000000000000</q></li>
<li class="message">[<a href="#T00:44:15" id="T00:44:15"><abbr title="2011-05-27T00:44:15+00:00">00:44:15</abbr></a>] &lt;<cite>ds2</cite>&gt; <q>and that is rendered in arm common code</q></li>
<li class="quit">[<a href="#T00:58:17" id="T00:58:17"><abbr title="2011-05-27T00:58:17+00:00">00:58:17</abbr></a>] <span>* Ceriand|work (~Ceriand@unaffiliated/ceriand) Quit (Quit: Leaving.)</span></li>
<li class="quit">[<a href="#T01:01:15" id="T01:01:15"><abbr title="2011-05-27T01:01:15+00:00">01:01:15</abbr></a>] <span>* NishanthMenon (~nmenon@nat/ti/x-pfcwpitnadykrwxy) Quit (Ping timeout: 255 seconds)</span></li>
<li class="join">[<a href="#T01:07:52" id="T01:07:52"><abbr title="2011-05-27T01:07:52+00:00">01:07:52</abbr></a>] <span>* astro73|derial (u965@gateway/web/irccloud.com/x-jwszicdhmrofdikc) has joined #beagle</span></li>
<li class="message">[<a href="#T01:08:35" id="T01:08:35"><abbr title="2011-05-27T01:08:35+00:00">01:08:35</abbr></a>] &lt;<cite>astro73|derial</cite>&gt; <q>I'm curious about a/v codec support with existing beagle tools. I'm looking at using the beagleboard for a project</q></li>
<li class="message">[<a href="#T01:09:26" id="T01:09:26"><abbr title="2011-05-27T01:09:26+00:00">01:09:26</abbr></a>] &lt;<cite>astro73|derial</cite>&gt; <q>How is codec support? Is there a list of supported codecs? Or is it "most of them"?</q></li>
<li class="message">[<a href="#T01:16:40" id="T01:16:40"><abbr title="2011-05-27T01:16:40+00:00">01:16:40</abbr></a>] &lt;<cite>ds2</cite>&gt; <q>"supported"?</q></li>
<li class="join">[<a href="#T01:25:49" id="T01:25:49"><abbr title="2011-05-27T01:25:49+00:00">01:25:49</abbr></a>] <span>* NishanthMenon (~nmenon@nat/ti/x-ffuerdskahoqlnsx) has joined #beagle</span></li>
<li class="message">[<a href="#T01:25:58" id="T01:25:58"><abbr title="2011-05-27T01:25:58+00:00">01:25:58</abbr></a>] &lt;<cite>astro73|derial</cite>&gt; <q>like, can be decoded at reasonable performance</q></li>
<li class="message">[<a href="#T01:26:47" id="T01:26:47"><abbr title="2011-05-27T01:26:47+00:00">01:26:47</abbr></a>] &lt;<cite>ds2</cite>&gt; <q>there is supported and then there is functional</q></li>
<li class="message">[<a href="#T01:27:07" id="T01:27:07"><abbr title="2011-05-27T01:27:07+00:00">01:27:07</abbr></a>] &lt;<cite>ds2</cite>&gt; <q>there is a lot of functional codecs</q></li>
<li class="message">[<a href="#T01:27:23" id="T01:27:23"><abbr title="2011-05-27T01:27:23+00:00">01:27:23</abbr></a>] &lt;<cite>astro73|derial</cite>&gt; <q>I'm looking at making a networked media device, so having a wide range of codecs available is important</q></li>
<li class="message">[<a href="#T01:29:56" id="T01:29:56"><abbr title="2011-05-27T01:29:56+00:00">01:29:56</abbr></a>] &lt;<cite>astro73|derial</cite>&gt; <q>so I guess I'd have to go track down each individual codec?</q></li>
<li class="message">[<a href="#T01:31:40" id="T01:31:40"><abbr title="2011-05-27T01:31:40+00:00">01:31:40</abbr></a>] &lt;<cite>djlewis</cite>&gt; <q>astro73|derial: for Angstrom you can go here and search for codec and dig deeper.</q></li>
<li class="message">[<a href="#T01:31:42" id="T01:31:42"><abbr title="2011-05-27T01:31:42+00:00">01:31:42</abbr></a>] &lt;<cite>djlewis</cite>&gt; <q><a href="http://www.angstrom-distribution.org/repo/">http://www.angstrom-distribution.org/repo/</a></q></li>
<li class="message">[<a href="#T01:31:58" id="T01:31:58"><abbr title="2011-05-27T01:31:58+00:00">01:31:58</abbr></a>] &lt;<cite>djlewis</cite>&gt; <q>like look into libavcodec</q></li>
<li class="message">[<a href="#T01:33:07" id="T01:33:07"><abbr title="2011-05-27T01:33:07+00:00">01:33:07</abbr></a>] &lt;<cite>astro73|derial</cite>&gt; <q>djlewis: is it basically the gstreamer list? or is it a subset?</q></li>
<li class="message">[<a href="#T01:33:17" id="T01:33:17"><abbr title="2011-05-27T01:33:17+00:00">01:33:17</abbr></a>] &lt;<cite>djlewis</cite>&gt; <q>similar</q></li>
<li class="message">[<a href="#T01:34:33" id="T01:34:33"><abbr title="2011-05-27T01:34:33+00:00">01:34:33</abbr></a>] &lt;<cite>thurbad</cite>&gt; <q>rev info is only 3 bits on the beagle...</q></li>
<li class="message">[<a href="#T01:35:32" id="T01:35:32"><abbr title="2011-05-27T01:35:32+00:00">01:35:32</abbr></a>] &lt;<cite>thurbad</cite>&gt; <q>so it's probably not talking about the same revision</q></li>
<li class="message">[<a href="#T01:37:38" id="T01:37:38"><abbr title="2011-05-27T01:37:38+00:00">01:37:38</abbr></a>] &lt;<cite>astro73|derial</cite>&gt; <q>djlewis: I know PC gstreamer can be considered "complete" for my purposes, i guess I'll have to look through my library and make a list</q></li>
<li class="message">[<a href="#T01:38:01" id="T01:38:01"><abbr title="2011-05-27T01:38:01+00:00">01:38:01</abbr></a>] &lt;<cite>djlewis</cite>&gt; <q>and look into the good, bad and ugly plugins as well</q></li>
<li class="message">[<a href="#T01:38:48" id="T01:38:48"><abbr title="2011-05-27T01:38:48+00:00">01:38:48</abbr></a>] &lt;<cite>djlewis</cite>&gt; <q>astro73|derial: does your nick apply to actual astronomy?</q></li>
<li class="message">[<a href="#T01:39:22" id="T01:39:22"><abbr title="2011-05-27T01:39:22+00:00">01:39:22</abbr></a>] &lt;<cite>astro73|derial</cite>&gt; <q>djlewis: no, astronouth7303 is my standard name online. Derrial Booke is my current computer</q></li>
<li class="message">[<a href="#T01:39:45" id="T01:39:45"><abbr title="2011-05-27T01:39:45+00:00">01:39:45</abbr></a>] &lt;<cite>djlewis</cite>&gt; <q>just checking as it is a major hobby of mine</q></li>
<li class="message">[<a href="#T01:39:56" id="T01:39:56"><abbr title="2011-05-27T01:39:56+00:00">01:39:56</abbr></a>] &lt;<cite>astro73|derial</cite>&gt; <q>funfun</q></li>
<li class="message">[<a href="#T01:40:03" id="T01:40:03"><abbr title="2011-05-27T01:40:03+00:00">01:40:03</abbr></a>] &lt;<cite>thurbad</cite>&gt; <q>I don't have time for hobbies anymore ~.~</q></li>
<li class="message">[<a href="#T01:43:11" id="T01:43:11"><abbr title="2011-05-27T01:43:11+00:00">01:43:11</abbr></a>] &lt;<cite>djlewis</cite>&gt; <q>thurbad: chasing money?</q></li>
<li class="message">[<a href="#T01:43:40" id="T01:43:40"><abbr title="2011-05-27T01:43:40+00:00">01:43:40</abbr></a>] &lt;<cite>ds2</cite>&gt; <q>gstreamer or the ffmpeg stuff or mplayer or ....</q></li>
<li class="message">[<a href="#T01:43:51" id="T01:43:51"><abbr title="2011-05-27T01:43:51+00:00">01:43:51</abbr></a>] &lt;<cite>djlewis</cite>&gt; <q>thurbad: or married with children ;P</q></li>
<li class="message">[<a href="#T01:43:56" id="T01:43:56"><abbr title="2011-05-27T01:43:56+00:00">01:43:56</abbr></a>] &lt;<cite>ds2</cite>&gt; <q>lots of choices but if you really really need 'support', that becomes a much shorter list</q></li>
<li class="message">[<a href="#T01:46:42" id="T01:46:42"><abbr title="2011-05-27T01:46:42+00:00">01:46:42</abbr></a>] &lt;<cite>thurbad</cite>&gt; <q>career chasing, I suppose</q></li>
<li class="message">[<a href="#T01:47:09" id="T01:47:09"><abbr title="2011-05-27T01:47:09+00:00">01:47:09</abbr></a>] &lt;<cite>astro73|derial</cite>&gt; <q>ds2: can you clarify "support"?</q></li>
<li class="join">[<a href="#T01:47:59" id="T01:47:59"><abbr title="2011-05-27T01:47:59+00:00">01:47:59</abbr></a>] <span>* Ceriand|desktop (~Ceriand@unaffiliated/ceriand) has joined #beagle</span></li>
<li class="message">[<a href="#T01:48:48" id="T01:48:48"><abbr title="2011-05-27T01:48:48+00:00">01:48:48</abbr></a>] &lt;<cite>ds2</cite>&gt; <q>astro73|derial: an entity that will answer questions, fix bugs on a timely manner, make mods (maybe), etc</q></li>
<li class="message">[<a href="#T01:48:57" id="T01:48:57"><abbr title="2011-05-27T01:48:57+00:00">01:48:57</abbr></a>] &lt;<cite>thurbad</cite>&gt; <q>right now I need to chase up some food</q></li>
<li class="message">[<a href="#T01:49:16" id="T01:49:16"><abbr title="2011-05-27T01:49:16+00:00">01:49:16</abbr></a>] &lt;<cite>ds2</cite>&gt; <q>vs functional where you get code that someone believes will work and you can try it.</q></li>
<li class="message">[<a href="#T01:50:27" id="T01:50:27"><abbr title="2011-05-27T01:50:27+00:00">01:50:27</abbr></a>] &lt;<cite>astro73|derial</cite>&gt; <q>ds2: just checking</q></li>
<li class="join">[<a href="#T01:51:38" id="T01:51:38"><abbr title="2011-05-27T01:51:38+00:00">01:51:38</abbr></a>] <span>* tegila (~tegila@186-210-229-204.xd-dynamic.ctbcnetsuper.com.br) has joined #beagle</span></li>
