<li class="join">[<a href="#T00:08:43" id="T00:08:43"><abbr title="2011-11-03T00:08:43+00:00">00:08:43</abbr></a>] <span>* phantoxe (~destroy@a95-92-92-79.cpe.netcabo.pt) has joined #beagle</span></li>
<li class="join">[<a href="#T00:18:32" id="T00:18:32"><abbr title="2011-11-03T00:18:32+00:00">00:18:32</abbr></a>] <span>* bgamari (~ben@pool-72-79-217-78.spfdma.east.verizon.net) has joined #beagle</span></li>
<li class="quit">[<a href="#T00:34:33" id="T00:34:33"><abbr title="2011-11-03T00:34:33+00:00">00:34:33</abbr></a>] <span>* peabody124 (~peabody12@128.249.96.21) Quit (Quit: peabody124)</span></li>
<li class="join">[<a href="#T00:41:48" id="T00:41:48"><abbr title="2011-11-03T00:41:48+00:00">00:41:48</abbr></a>] <span>* djerome (~djerome@ip24-251-138-141.ph.ph.cox.net) has joined #beagle</span></li>
<li class="part">[<a href="#T00:41:57" id="T00:41:57"><abbr title="2011-11-03T00:41:57+00:00">00:41:57</abbr></a>] <span>* djerome (~djerome@ip24-251-138-141.ph.ph.cox.net) has left #beagle</span></li>
<li class="quit">[<a href="#T00:43:26" id="T00:43:26"><abbr title="2011-11-03T00:43:26+00:00">00:43:26</abbr></a>] <span>* florian (~fuchs@Maemo/community/contributor/florian) Quit (Quit: Verlassend)</span></li>
<li class="quit">[<a href="#T00:45:37" id="T00:45:37"><abbr title="2011-11-03T00:45:37+00:00">00:45:37</abbr></a>] <span>* phantoxe (~destroy@a95-92-92-79.cpe.netcabo.pt) Quit ()</span></li>
<li class="quit">[<a href="#T00:53:22" id="T00:53:22"><abbr title="2011-11-03T00:53:22+00:00">00:53:22</abbr></a>] <span>* bakedpotato (ae4d2579@gateway/web/freenode/ip.174.77.37.121) Quit (Quit: Page closed)</span></li>
<li class="quit">[<a href="#T01:10:00" id="T01:10:00"><abbr title="2011-11-03T01:10:00+00:00">01:10:00</abbr></a>] <span>* Ceriand|work (~Ceriand@unaffiliated/ceriand) Quit (Quit: Leaving.)</span></li>
<li class="quit">[<a href="#T01:10:05" id="T01:10:05"><abbr title="2011-11-03T01:10:05+00:00">01:10:05</abbr></a>] <span>* Russ (~russ@206.29.182.239) Quit (Read error: Connection reset by peer)</span></li>
<li class="join">[<a href="#T01:31:29" id="T01:31:29"><abbr title="2011-11-03T01:31:29+00:00">01:31:29</abbr></a>] <span>* mikecsh (~mikecsh@113.28.74.33) has joined #beagle</span></li>
<li class="quit">[<a href="#T01:31:54" id="T01:31:54"><abbr title="2011-11-03T01:31:54+00:00">01:31:54</abbr></a>] <span>* mikecsh (~mikecsh@113.28.74.33) Quit (Client Quit)</span></li>
<li class="join">[<a href="#T01:33:17" id="T01:33:17"><abbr title="2011-11-03T01:33:17+00:00">01:33:17</abbr></a>] <span>* Ceriand|desktop (~Ceriand@unaffiliated/ceriand) has joined #beagle</span></li>
<li class="quit">[<a href="#T02:07:44" id="T02:07:44"><abbr title="2011-11-03T02:07:44+00:00">02:07:44</abbr></a>] <span>* rsalveti (~rsalveti@linaro/rsalveti) Quit (Ping timeout: 248 seconds)</span></li>
<li class="quit">[<a href="#T02:27:10" id="T02:27:10"><abbr title="2011-11-03T02:27:10+00:00">02:27:10</abbr></a>] <span>* chrisw957_home (~chris@ip72-213-155-173.ok.ok.cox.net) Quit (Quit: Ex-Chat)</span></li>
<li class="join">[<a href="#T02:48:03" id="T02:48:03"><abbr title="2011-11-03T02:48:03+00:00">02:48:03</abbr></a>] <span>* Poet (3281860a@gateway/web/freenode/ip.50.129.134.10) has joined #beagle</span></li>
<li class="message">[<a href="#T02:48:16" id="T02:48:16"><abbr title="2011-11-03T02:48:16+00:00">02:48:16</abbr></a>] &lt;<cite>Poet</cite>&gt; <q>Hi, I have a question regarding sending packet on linux</q></li>
<li class="message">[<a href="#T02:48:37" id="T02:48:37"><abbr title="2011-11-03T02:48:37+00:00">02:48:37</abbr></a>] &lt;<cite>Poet</cite>&gt; <q>I already have the packet and I just want to ask linux to send it, is there any function or code I can look into?</q></li>
<li class="message">[<a href="#T02:48:49" id="T02:48:49"><abbr title="2011-11-03T02:48:49+00:00">02:48:49</abbr></a>] &lt;<cite>Poet</cite>&gt; <q>I am new to this topic so any help is appreciated</q></li>
<li class="message">[<a href="#T02:48:51" id="T02:48:51"><abbr title="2011-11-03T02:48:51+00:00">02:48:51</abbr></a>] &lt;<cite>Poet</cite>&gt; <q>Thank you</q></li>
<li class="join">[<a href="#T02:49:22" id="T02:49:22"><abbr title="2011-11-03T02:49:22+00:00">02:49:22</abbr></a>] <span>* maoshouse (~Adium@c-50-129-134-10.hsd1.il.comcast.net) has joined #beagle</span></li>
<li class="quit">[<a href="#T02:49:32" id="T02:49:32"><abbr title="2011-11-03T02:49:32+00:00">02:49:32</abbr></a>] <span>* denix0 (~denix@pool-96-240-135-93.washdc.fios.verizon.net) Quit (Quit: <a href="http://arago-project.org)">http://arago-project.org)</a></span></li>
<li class="quit">[<a href="#T02:54:05" id="T02:54:05"><abbr title="2011-11-03T02:54:05+00:00">02:54:05</abbr></a>] <span>* GPSFan (~kenm@64.92.145.112) Quit (Quit: Leaving)</span></li>
<li class="join">[<a href="#T02:58:04" id="T02:58:04"><abbr title="2011-11-03T02:58:04+00:00">02:58:04</abbr></a>] <span>* igorw_ (63c739db@gateway/web/freenode/ip.99.199.57.219) has joined #beagle</span></li>
<li class="quit">[<a href="#T03:02:02" id="T03:02:02"><abbr title="2011-11-03T03:02:02+00:00">03:02:02</abbr></a>] <span>* Poet (3281860a@gateway/web/freenode/ip.50.129.134.10) Quit (Ping timeout: 265 seconds)</span></li>
<li class="join">[<a href="#T03:02:55" id="T03:02:55"><abbr title="2011-11-03T03:02:55+00:00">03:02:55</abbr></a>] <span>* Russ (foobar@ip70-176-251-1.ph.ph.cox.net) has joined #beagle</span></li>
<li class="join">[<a href="#T03:12:45" id="T03:12:45"><abbr title="2011-11-03T03:12:45+00:00">03:12:45</abbr></a>] <span>* rsalveti (~rsalveti@189.61.233.110) has joined #beagle</span></li>
<li class="quit">[<abbr title="2011-11-03T03:12:45+00:00">03:12:45</abbr>] <span>* rsalveti (~rsalveti@189.61.233.110) Quit (Changing host)</span></li>
<li class="join">[<abbr title="2011-11-03T03:12:45+00:00">03:12:45</abbr>] <span>* rsalveti (~rsalveti@linaro/rsalveti) has joined #beagle</span></li>
<li class="join">[<a href="#T03:14:29" id="T03:14:29"><abbr title="2011-11-03T03:14:29+00:00">03:14:29</abbr></a>] <span>* thweber_ (~thomas@ppp-188-174-66-7.dynamic.mnet-online.de) has joined #beagle</span></li>
<li class="join">[<a href="#T03:16:25" id="T03:16:25"><abbr title="2011-11-03T03:16:25+00:00">03:16:25</abbr></a>] <span>* bobkatzz (4b574972@gateway/web/freenode/ip.75.87.73.114) has joined #beagle</span></li>
<li class="message">[<a href="#T03:16:39" id="T03:16:39"><abbr title="2011-11-03T03:16:39+00:00">03:16:39</abbr></a>] &lt;<cite>bobkatzz</cite>&gt; <q>_av500_: ping</q></li>
<li class="quit">[<a href="#T03:16:54" id="T03:16:54"><abbr title="2011-11-03T03:16:54+00:00">03:16:54</abbr></a>] <span>* Russ (foobar@ip70-176-251-1.ph.ph.cox.net) Quit (Ping timeout: 258 seconds)</span></li>
<li class="quit">[<a href="#T03:17:26" id="T03:17:26"><abbr title="2011-11-03T03:17:26+00:00">03:17:26</abbr></a>] <span>* igorw_ (63c739db@gateway/web/freenode/ip.99.199.57.219) Quit (Quit: Page closed)</span></li>
<li class="quit">[<a href="#T03:18:02" id="T03:18:02"><abbr title="2011-11-03T03:18:02+00:00">03:18:02</abbr></a>] <span>* thweber (~thomas@ppp-93-104-163-220.dynamic.mnet-online.de) Quit (Ping timeout: 256 seconds)</span></li>
<li class="join">[<a href="#T03:25:37" id="T03:25:37"><abbr title="2011-11-03T03:25:37+00:00">03:25:37</abbr></a>] <span>* Russ (foobar@ip70-176-251-1.ph.ph.cox.net) has joined #beagle</span></li>
<li class="quit">[<a href="#T03:30:58" id="T03:30:58"><abbr title="2011-11-03T03:30:58+00:00">03:30:58</abbr></a>] <span>* Ceida (~death@46.2.7.120) Quit (Ping timeout: 255 seconds)</span></li>
<li class="join">[<a href="#T03:35:10" id="T03:35:10"><abbr title="2011-11-03T03:35:10+00:00">03:35:10</abbr></a>] <span>* peabody124 (~peabody12@108-205-218-4.lightspeed.hstntx.sbcglobal.net) has joined #beagle</span></li>
<li class="quit">[<a href="#T03:36:50" id="T03:36:50"><abbr title="2011-11-03T03:36:50+00:00">03:36:50</abbr></a>] <span>* Russ (foobar@ip70-176-251-1.ph.ph.cox.net) Quit (Ping timeout: 258 seconds)</span></li>
<li class="quit">[<a href="#T03:38:48" id="T03:38:48"><abbr title="2011-11-03T03:38:48+00:00">03:38:48</abbr></a>] <span>* bobkatzz (4b574972@gateway/web/freenode/ip.75.87.73.114) Quit (Quit: Page closed)</span></li>
<li class="join">[<a href="#T04:18:04" id="T04:18:04"><abbr title="2011-11-03T04:18:04+00:00">04:18:04</abbr></a>] <span>* Russ (foobar@ip70-176-251-1.ph.ph.cox.net) has joined #beagle</span></li>
<li class="quit">[<a href="#T04:27:03" id="T04:27:03"><abbr title="2011-11-03T04:27:03+00:00">04:27:03</abbr></a>] <span>* Russ (foobar@ip70-176-251-1.ph.ph.cox.net) Quit (Ping timeout: 258 seconds)</span></li>
<li class="quit">[<a href="#T04:28:50" id="T04:28:50"><abbr title="2011-11-03T04:28:50+00:00">04:28:50</abbr></a>] <span>* mnt_real (~mnt_real@bas1-montreal43-2925385857.dsl.bell.ca) Quit (Ping timeout: 276 seconds)</span></li>
<li class="join">[<a href="#T04:33:01" id="T04:33:01"><abbr title="2011-11-03T04:33:01+00:00">04:33:01</abbr></a>] <span>* Russ (foobar@ip70-176-251-1.ph.ph.cox.net) has joined #beagle</span></li>
<li class="join">[<a href="#T04:33:45" id="T04:33:45"><abbr title="2011-11-03T04:33:45+00:00">04:33:45</abbr></a>] <span>* hitlin37 (~chatzilla@182.71.35.228) has joined #beagle</span></li>
<li class="join">[<a href="#T04:35:20" id="T04:35:20"><abbr title="2011-11-03T04:35:20+00:00">04:35:20</abbr></a>] <span>* mnt_real (~mnt_real@bas1-montreal43-2925386589.dsl.bell.ca) has joined #beagle</span></li>
<li class="quit">[<a href="#T04:47:22" id="T04:47:22"><abbr title="2011-11-03T04:47:22+00:00">04:47:22</abbr></a>] <span>* Russ (foobar@ip70-176-251-1.ph.ph.cox.net) Quit (Ping timeout: 258 seconds)</span></li>
<li class="join">[<a href="#T04:56:17" id="T04:56:17"><abbr title="2011-11-03T04:56:17+00:00">04:56:17</abbr></a>] <span>* Russ (foobar@ip70-176-251-1.ph.ph.cox.net) has joined #beagle</span></li>
<li class="join">[<a href="#T04:58:00" id="T04:58:00"><abbr title="2011-11-03T04:58:00+00:00">04:58:00</abbr></a>] <span>* derirremitderwaf (~derirremi@HSI-KBW-109-192-158-105.hsi6.kabel-badenwuerttemberg.de) has joined #beagle</span></li>
<li class="nick-change">[<a href="#T05:10:25" id="T05:10:25"><abbr title="2011-11-03T05:10:25+00:00">05:10:25</abbr></a>] <span>* joelagnel is now known as joelagnel-afk</span></li>
<li class="quit">[<a href="#T05:16:53" id="T05:16:53"><abbr title="2011-11-03T05:16:53+00:00">05:16:53</abbr></a>] <span>* Russ (foobar@ip70-176-251-1.ph.ph.cox.net) Quit (Ping timeout: 258 seconds)</span></li>
<li class="join">[<a href="#T05:18:54" id="T05:18:54"><abbr title="2011-11-03T05:18:54+00:00">05:18:54</abbr></a>] <span>* artib (~artib@122.166.11.13) has joined #beagle</span></li>
<li class="join">[<a href="#T05:23:21" id="T05:23:21"><abbr title="2011-11-03T05:23:21+00:00">05:23:21</abbr></a>] <span>* Russ (foobar@ip70-176-251-1.ph.ph.cox.net) has joined #beagle</span></li>
<li class="quit">[<a href="#T05:27:29" id="T05:27:29"><abbr title="2011-11-03T05:27:29+00:00">05:27:29</abbr></a>] <span>* peabody124 (~peabody12@108-205-218-4.lightspeed.hstntx.sbcglobal.net) Quit (Quit: peabody124)</span></li>
<li class="quit">[<a href="#T05:28:02" id="T05:28:02"><abbr title="2011-11-03T05:28:02+00:00">05:28:02</abbr></a>] <span>* emeb (~ericb@ip72-223-86-178.ph.ph.cox.net) Quit (Quit: Leaving.)</span></li>
<li class="join">[<a href="#T05:30:05" id="T05:30:05"><abbr title="2011-11-03T05:30:05+00:00">05:30:05</abbr></a>] <span>* emeb_mac (~ericb@ip72-223-86-178.ph.ph.cox.net) has joined #beagle</span></li>
<li class="message">[<a href="#T05:45:28" id="T05:45:28"><abbr title="2011-11-03T05:45:28+00:00">05:45:28</abbr></a>] &lt;<cite>_av500_</cite>&gt; <q>pong</q></li>
<li class="join">[<a href="#T05:45:45" id="T05:45:45"><abbr title="2011-11-03T05:45:45+00:00">05:45:45</abbr></a>] <span>* Russ__ (foobar@ip70-176-251-1.ph.ph.cox.net) has joined #beagle</span></li>
<li class="quit">[<a href="#T05:46:46" id="T05:46:46"><abbr title="2011-11-03T05:46:46+00:00">05:46:46</abbr></a>] <span>* Russ (foobar@ip70-176-251-1.ph.ph.cox.net) Quit (Read error: Connection reset by peer)</span></li>
<li class="join">[<a href="#T05:49:50" id="T05:49:50"><abbr title="2011-11-03T05:49:50+00:00">05:49:50</abbr></a>] <span>* Thorn (~Thorn@unaffiliated/thorn) has joined #beagle</span></li>
<li class="quit">[<a href="#T06:06:43" id="T06:06:43"><abbr title="2011-11-03T06:06:43+00:00">06:06:43</abbr></a>] <span>* Russ__ (foobar@ip70-176-251-1.ph.ph.cox.net) Quit (Ping timeout: 258 seconds)</span></li>
<li class="join">[<a href="#T06:15:10" id="T06:15:10"><abbr title="2011-11-03T06:15:10+00:00">06:15:10</abbr></a>] <span>* tor (~tor@c-6967e655.125-1-64736c10.cust.bredbandsbolaget.se) has joined #beagle</span></li>
<li class="quit">[<a href="#T06:20:52" id="T06:20:52"><abbr title="2011-11-03T06:20:52+00:00">06:20:52</abbr></a>] <span>* emeb_mac (~ericb@ip72-223-86-178.ph.ph.cox.net) Quit (Quit: emeb_mac)</span></li>
<li class="message">[<a href="#T06:41:32" id="T06:41:32"><abbr title="2011-11-03T06:41:32+00:00">06:41:32</abbr></a>] &lt;<cite>ds2</cite>&gt; <q>Hmmmmm</q></li>
<li class="join">[<a href="#T06:46:13" id="T06:46:13"><abbr title="2011-11-03T06:46:13+00:00">06:46:13</abbr></a>] <span>* Guest8861 (~anonymous@ip-62-245-93-150.net.upcbroadband.cz) has joined #beagleboard</span></li>
<li class="join">[<a href="#T06:52:05" id="T06:52:05"><abbr title="2011-11-03T06:52:05+00:00">06:52:05</abbr></a>] <span>* jktprg (~jktprg@ip-62-245-93-150.net.upcbroadband.cz) has joined #beagleboard</span></li>
<li class="nick-change">[<a href="#T06:53:54" id="T06:53:54"><abbr title="2011-11-03T06:53:54+00:00">06:53:54</abbr></a>] <span>* thweber_ is now known as thweber</span></li>
<li class="nick-change">[<a href="#T06:53:59" id="T06:53:59"><abbr title="2011-11-03T06:53:59+00:00">06:53:59</abbr></a>] <span>* jktprg is now known as jkprg</span></li>
<li class="message">[<a href="#T06:54:24" id="T06:54:24"><abbr title="2011-11-03T06:54:24+00:00">06:54:24</abbr></a>] &lt;<cite>thweber</cite>&gt; <q>koen: thanks</q></li>
<li class="join">[<a href="#T06:55:44" id="T06:55:44"><abbr title="2011-11-03T06:55:44+00:00">06:55:44</abbr></a>] <span>* thaytan (~thaytan@113.94.233.220.static.exetel.com.au) has joined #beagle</span></li>
