<li class="quit">[<a href="#T00:00:29" id="T00:00:29"><abbr title="2011-04-17T00:00:29+00:00">00:00:29</abbr></a>] <span>* iry (~irytwo@99-25-90-177.lightspeed.hstntx.sbcglobal.net) Quit (Quit: -poof-)</span></li>
<li class="join">[<a href="#T00:05:46" id="T00:05:46"><abbr title="2011-04-17T00:05:46+00:00">00:05:46</abbr></a>] <span>* CMoH-notebook (~cipi@95.76.68.223) has joined #beagle</span></li>
<li class="quit">[<abbr title="2011-04-17T00:05:46+00:00">00:05:46</abbr>] <span>* CMoH-notebook (~cipi@95.76.68.223) Quit (Changing host)</span></li>
<li class="join">[<abbr title="2011-04-17T00:05:46+00:00">00:05:46</abbr>] <span>* CMoH-notebook (~cipi@unaffiliated/c-moh) has joined #beagle</span></li>
<li class="quit">[<a href="#T00:06:30" id="T00:06:30"><abbr title="2011-04-17T00:06:30+00:00">00:06:30</abbr></a>] <span>* tegila (~tegila@189-015-65-039.xd-dynamic.ctbcnetsuper.com.br) Quit (Quit: Leaving.)</span></li>
<li class="quit">[<a href="#T00:19:03" id="T00:19:03"><abbr title="2011-04-17T00:19:03+00:00">00:19:03</abbr></a>] <span>* Pinar_ (b2e98c5b@gateway/web/freenode/ip.178.233.140.91) Quit (Ping timeout: 252 seconds)</span></li>
<li class="quit">[<a href="#T00:35:13" id="T00:35:13"><abbr title="2011-04-17T00:35:13+00:00">00:35:13</abbr></a>] <span>* CMoH (~cipi@unaffiliated/c-moh) Quit (Remote host closed the connection)</span></li>
<li class="part">[<a href="#T00:45:34" id="T00:45:34"><abbr title="2011-04-17T00:45:34+00:00">00:45:34</abbr></a>] <span>* tuxmanic (~tuxmanic@117.196.160.228) has left #beagle</span></li>
<li class="part">[<a href="#T00:46:05" id="T00:46:05"><abbr title="2011-04-17T00:46:05+00:00">00:46:05</abbr></a>] <span>* JErk (~Evan_the_@c-24-21-106-2.hsd1.or.comcast.net) has left #beagle</span></li>
<li class="quit">[<a href="#T00:52:46" id="T00:52:46"><abbr title="2011-04-17T00:52:46+00:00">00:52:46</abbr></a>] <span>* phdeswer (~philippe@a83-245-252-47.elisa-laajakaista.fi) Quit (Read error: Operation timed out)</span></li>
<li class="part">[<a href="#T01:00:25" id="T01:00:25"><abbr title="2011-04-17T01:00:25+00:00">01:00:25</abbr></a>] <span>* testuser1 (~elias@200.121.87.220) has left #beagle</span></li>
<li class="quit">[<a href="#T01:42:26" id="T01:42:26"><abbr title="2011-04-17T01:42:26+00:00">01:42:26</abbr></a>] <span>* Ragnar (~quassel@157.159.45.79) Quit (Remote host closed the connection)</span></li>
<li class="join">[<a href="#T01:43:05" id="T01:43:05"><abbr title="2011-04-17T01:43:05+00:00">01:43:05</abbr></a>] <span>* borillion (~borillion@adsl-99-59-74-168.dsl.pltn13.sbcglobal.net) has joined #beagle</span></li>
<li class="quit">[<a href="#T01:49:46" id="T01:49:46"><abbr title="2011-04-17T01:49:46+00:00">01:49:46</abbr></a>] <span>* risca (~risca@h241n2-n-a31.ias.bredband.telia.com) Quit (Quit: L?mnar)</span></li>
<li class="quit">[<a href="#T01:57:00" id="T01:57:00"><abbr title="2011-04-17T01:57:00+00:00">01:57:00</abbr></a>] <span>* CMoH-notebook (~cipi@unaffiliated/c-moh) Quit (Remote host closed the connection)</span></li>
<li class="quit">[<a href="#T02:34:53" id="T02:34:53"><abbr title="2011-04-17T02:34:53+00:00">02:34:53</abbr></a>] <span>* borillion (~borillion@adsl-99-59-74-168.dsl.pltn13.sbcglobal.net) Quit (Ping timeout: 276 seconds)</span></li>
<li class="quit">[<a href="#T03:13:36" id="T03:13:36"><abbr title="2011-04-17T03:13:36+00:00">03:13:36</abbr></a>] <span>* buZz (~buzz@bydogen.stoned-it.com) Quit (Remote host closed the connection)</span></li>
<li class="join">[<a href="#T03:18:49" id="T03:18:49"><abbr title="2011-04-17T03:18:49+00:00">03:18:49</abbr></a>] <span>* thaytan (~jan@CPE-58-165-56-213.vic.bigpond.net.au) has joined #beagle</span></li>
<li class="join">[<a href="#T03:19:02" id="T03:19:02"><abbr title="2011-04-17T03:19:02+00:00">03:19:02</abbr></a>] <span>* buZz (~buzz@bydogen.stoned-it.com) has joined #beagle</span></li>
<li class="quit">[<a href="#T03:31:25" id="T03:31:25"><abbr title="2011-04-17T03:31:25+00:00">03:31:25</abbr></a>] <span>* phantoxe (~destroy@a95-92-94-213.cpe.netcabo.pt) Quit ()</span></li>
<li class="quit">[<a href="#T03:43:00" id="T03:43:00"><abbr title="2011-04-17T03:43:00+00:00">03:43:00</abbr></a>] <span>* GPSFan (~kenm@64.92.145.112) Quit (Quit: Leaving)</span></li>
<li class="join">[<a href="#T03:46:40" id="T03:46:40"><abbr title="2011-04-17T03:46:40+00:00">03:46:40</abbr></a>] <span>* matt_hsu (~matt@118-168-197-129.dynamic.hinet.net) has joined #beagle</span></li>
<li class="join">[<a href="#T04:02:26" id="T04:02:26"><abbr title="2011-04-17T04:02:26+00:00">04:02:26</abbr></a>] <span>* borillion (~borillion@adsl-99-59-74-168.dsl.pltn13.sbcglobal.net) has joined #beagle</span></li>
<li class="part">[<a href="#T04:06:40" id="T04:06:40"><abbr title="2011-04-17T04:06:40+00:00">04:06:40</abbr></a>] <span>* borillion (~borillion@adsl-99-59-74-168.dsl.pltn13.sbcglobal.net) has left #beagle</span></li>
<li class="quit">[<a href="#T04:10:05" id="T04:10:05"><abbr title="2011-04-17T04:10:05+00:00">04:10:05</abbr></a>] <span>* thaytan (~jan@CPE-58-165-56-213.vic.bigpond.net.au) Quit (Ping timeout: 250 seconds)</span></li>
<li class="quit">[<a href="#T04:40:09" id="T04:40:09"><abbr title="2011-04-17T04:40:09+00:00">04:40:09</abbr></a>] <span>* ghoti (~paul@scratch.it.ca) Quit (Read error: Connection reset by peer)</span></li>
<li class="join">[<a href="#T04:40:16" id="T04:40:16"><abbr title="2011-04-17T04:40:16+00:00">04:40:16</abbr></a>] <span>* ghoti (~paul@205.233.216.25) has joined #beagle</span></li>
<li class="quit">[<a href="#T04:46:23" id="T04:46:23"><abbr title="2011-04-17T04:46:23+00:00">04:46:23</abbr></a>] <span>* zodttd (~me@user-0c90n0l.cable.mindspring.com) Quit (Remote host closed the connection)</span></li>
<li class="join">[<a href="#T04:46:41" id="T04:46:41"><abbr title="2011-04-17T04:46:41+00:00">04:46:41</abbr></a>] <span>* zodttd (~me@user-0c90n0l.cable.mindspring.com) has joined #beagle</span></li>
<li class="quit">[<a href="#T04:49:56" id="T04:49:56"><abbr title="2011-04-17T04:49:56+00:00">04:49:56</abbr></a>] <span>* matt_hsu (~matt@118-168-197-129.dynamic.hinet.net) Quit (Ping timeout: 240 seconds)</span></li>
<li class="quit">[<a href="#T05:06:24" id="T05:06:24"><abbr title="2011-04-17T05:06:24+00:00">05:06:24</abbr></a>] <span>* BThompsonGR (~bernie@cpe-76-183-65-93.tx.res.rr.com) Quit (Read error: Connection reset by peer)</span></li>
<li class="join">[<a href="#T05:27:04" id="T05:27:04"><abbr title="2011-04-17T05:27:04+00:00">05:27:04</abbr></a>] <span>* matt_hsu (~matt@118-168-197-129.dynamic.hinet.net) has joined #beagle</span></li>
<li class="join">[<a href="#T05:50:50" id="T05:50:50"><abbr title="2011-04-17T05:50:50+00:00">05:50:50</abbr></a>] <span>* tuxmanic (~tuxmanic@117.196.167.92) has joined #beagle</span></li>
<li class="part">[<a href="#T05:51:19" id="T05:51:19"><abbr title="2011-04-17T05:51:19+00:00">05:51:19</abbr></a>] <span>* tuxmanic (~tuxmanic@117.196.167.92) has left #beagle</span></li>
<li class="nick-change">[<a href="#T05:54:18" id="T05:54:18"><abbr title="2011-04-17T05:54:18+00:00">05:54:18</abbr></a>] <span>* kimitake is now known as kimitake_idle</span></li>
<li class="quit">[<a href="#T06:01:15" id="T06:01:15"><abbr title="2011-04-17T06:01:15+00:00">06:01:15</abbr></a>] <span>* drunknbass (~drunknbas@76.91.255.83) Quit (Ping timeout: 248 seconds)</span></li>
<li class="quit">[<a href="#T06:03:51" id="T06:03:51"><abbr title="2011-04-17T06:03:51+00:00">06:03:51</abbr></a>] <span>* matt_hsu (~matt@118-168-197-129.dynamic.hinet.net) Quit (Read error: Operation timed out)</span></li>
<li class="quit">[<a href="#T06:30:20" id="T06:30:20"><abbr title="2011-04-17T06:30:20+00:00">06:30:20</abbr></a>] <span>* djerome (~djerome@ip24-251-138-141.ph.ph.cox.net) Quit (Quit: Leaving)</span></li>
<li class="join">[<a href="#T07:06:20" id="T07:06:20"><abbr title="2011-04-17T07:06:20+00:00">07:06:20</abbr></a>] <span>* nevdull (~bjames@unix-arm.org) has joined #beagle</span></li>
<li class="quit">[<a href="#T07:07:41" id="T07:07:41"><abbr title="2011-04-17T07:07:41+00:00">07:07:41</abbr></a>] <span>* W1N9Zr0 (~W1N9Zr0@69-165-245-171.cable.teksavvy.com) Quit (Ping timeout: 240 seconds)</span></li>
<li class="join">[<a href="#T07:08:31" id="T07:08:31"><abbr title="2011-04-17T07:08:31+00:00">07:08:31</abbr></a>] <span>* W1N9Zr0 (~W1N9Zr0@69-165-245-171.cable.teksavvy.com) has joined #beagle</span></li>
<li class="join">[<a href="#T07:16:32" id="T07:16:32"><abbr title="2011-04-17T07:16:32+00:00">07:16:32</abbr></a>] <span>* _arc_mat_ (~matze@p4FD89824.dip.t-dialin.net) has joined #beagle</span></li>
<li class="join">[<a href="#T07:58:02" id="T07:58:02"><abbr title="2011-04-17T07:58:02+00:00">07:58:02</abbr></a>] <span>* florian (~fuchs@Maemo/community/contributor/florian) has joined #beagle</span></li>
<li class="quit">[<a href="#T08:09:22" id="T08:09:22"><abbr title="2011-04-17T08:09:22+00:00">08:09:22</abbr></a>] <span>* florian (~fuchs@Maemo/community/contributor/florian) Quit (Ping timeout: 246 seconds)</span></li>
<li class="join">[<a href="#T08:30:21" id="T08:30:21"><abbr title="2011-04-17T08:30:21+00:00">08:30:21</abbr></a>] <span>* mctouch (~mctouch@cpc17-sgyl28-2-0-cust34.sgyl.cable.virginmedia.com) has joined #beagle</span></li>
<li class="message">[<a href="#T08:31:43" id="T08:31:43"><abbr title="2011-04-17T08:31:43+00:00">08:31:43</abbr></a>] &lt;<cite>thurbad</cite>&gt; <q>I so don't want to configure my pin mapping for uboot :/ but need it by monday</q></li>
<li class="message">[<a href="#T08:32:42" id="T08:32:42"><abbr title="2011-04-17T08:32:42+00:00">08:32:42</abbr></a>] &lt;<cite>_av500_</cite>&gt; <q>just map them to file_not_found</q></li>
<li class="message">[<a href="#T08:33:04" id="T08:33:04"><abbr title="2011-04-17T08:33:04+00:00">08:33:04</abbr></a>] &lt;<cite>thurbad</cite>&gt; <q>don't think our board will boot up that way</q></li>
<li class="message">[<a href="#T08:33:13" id="T08:33:13"><abbr title="2011-04-17T08:33:13+00:00">08:33:13</abbr></a>] &lt;<cite>thurbad</cite>&gt; <q>:P</q></li>
<li class="message">[<a href="#T08:34:45" id="T08:34:45"><abbr title="2011-04-17T08:34:45+00:00">08:34:45</abbr></a>] &lt;<cite>_av500_</cite>&gt; <q>booting is overrated</q></li>
<li class="message">[<a href="#T08:36:55" id="T08:36:55"><abbr title="2011-04-17T08:36:55+00:00">08:36:55</abbr></a>] &lt;<cite>thurbad</cite>&gt; <q>kinda like video playback that doesn't stutter ~.~</q></li>
<li class="quit">[<a href="#T08:37:54" id="T08:37:54"><abbr title="2011-04-17T08:37:54+00:00">08:37:54</abbr></a>] <span>* mctouch (~mctouch@cpc17-sgyl28-2-0-cust34.sgyl.cable.virginmedia.com) Quit (Quit: Leaving...)</span></li>
<li class="message">[<a href="#T08:38:21" id="T08:38:21"><abbr title="2011-04-17T08:38:21+00:00">08:38:21</abbr></a>] &lt;<cite>thurbad</cite>&gt; <q>I so wish we had a dm3730 on our board</q></li>
<li class="join">[<a href="#T08:38:49" id="T08:38:49"><abbr title="2011-04-17T08:38:49+00:00">08:38:49</abbr></a>] <span>* mctouch (~mctouch@cpc17-sgyl28-2-0-cust34.sgyl.cable.virginmedia.com) has joined #beagle</span></li>
<li class="message">[<a href="#T08:38:59" id="T08:38:59"><abbr title="2011-04-17T08:38:59+00:00">08:38:59</abbr></a>] &lt;<cite>thurbad</cite>&gt; <q>stuck with the omap3530 for the initial revision :/</q></li>
<li class="join">[<a href="#T08:39:01" id="T08:39:01"><abbr title="2011-04-17T08:39:01+00:00">08:39:01</abbr></a>] <span>* matt_hsu (~matt@118-168-197-129.dynamic.hinet.net) has joined #beagle</span></li>
<li class="message">[<a href="#T08:40:23" id="T08:40:23"><abbr title="2011-04-17T08:40:23+00:00">08:40:23</abbr></a>] &lt;<cite>thurbad</cite>&gt; <q>damned lead times</q></li>
<li class="message">[<a href="#T08:43:36" id="T08:43:36"><abbr title="2011-04-17T08:43:36+00:00">08:43:36</abbr></a>] &lt;<cite>thurbad</cite>&gt; <q>what I really wish right now was that the pinmux tool had the option of sorting th epins alphabetically</q></li>
<li class="message">[<a href="#T08:44:07" id="T08:44:07"><abbr title="2011-04-17T08:44:07+00:00">08:44:07</abbr></a>] &lt;<cite>_av500_</cite>&gt; <q>tool?</q></li>
<li class="message">[<a href="#T08:44:38" id="T08:44:38"><abbr title="2011-04-17T08:44:38+00:00">08:44:38</abbr></a>] &lt;<cite>thurbad</cite>&gt; <q>yes, TI has a pin mapping tool (for windows)</q></li>
<li class="message">[<a href="#T08:45:06" id="T08:45:06"><abbr title="2011-04-17T08:45:06+00:00">08:45:06</abbr></a>] &lt;<cite>thurbad</cite>&gt; <q>for uboot</q></li>
<li class="quit">[<a href="#T08:45:15" id="T08:45:15"><abbr title="2011-04-17T08:45:15+00:00">08:45:15</abbr></a>] <span>* matt_hsu (~matt@118-168-197-129.dynamic.hinet.net) Quit (Ping timeout: 250 seconds)</span></li>
<li class="join">[<a href="#T08:45:28" id="T08:45:28"><abbr title="2011-04-17T08:45:28+00:00">08:45:28</abbr></a>] <span>* florian (~fuchs@Maemo/community/contributor/florian) has joined #beagle</span></li>
<li class="quit">[<a href="#T08:48:29" id="T08:48:29"><abbr title="2011-04-17T08:48:29+00:00">08:48:29</abbr></a>] <span>* mctouch (~mctouch@cpc17-sgyl28-2-0-cust34.sgyl.cable.virginmedia.com) Quit (Quit: Bye!)</span></li>
<li class="join">[<a href="#T08:48:47" id="T08:48:47"><abbr title="2011-04-17T08:48:47+00:00">08:48:47</abbr></a>] <span>* mctouch_ (~mctouch@cpc17-sgyl28-2-0-cust34.sgyl.cable.virginmedia.com) has joined #beagle</span></li>
<li class="message">[<a href="#T08:49:16" id="T08:49:16"><abbr title="2011-04-17T08:49:16+00:00">08:49:16</abbr></a>] &lt;<cite>thurbad</cite>&gt; <q>the listing I have for our pin connections is of course sorted differently than the pin utility</q></li>
<li class="quit">[<a href="#T08:51:01" id="T08:51:01"><abbr title="2011-04-17T08:51:01+00:00">08:51:01</abbr></a>] <span>* florian (~fuchs@Maemo/community/contributor/florian) Quit (Ping timeout: 246 seconds)</span></li>
<li class="join">[<a href="#T08:54:20" id="T08:54:20"><abbr title="2011-04-17T08:54:20+00:00">08:54:20</abbr></a>] <span>* jimmy_mike (~mike@183.62.141.147) has joined #beagle</span></li>
<li class="message">[<a href="#T08:54:22" id="T08:54:22"><abbr title="2011-04-17T08:54:22+00:00">08:54:22</abbr></a>] &lt;<cite>_av500_</cite>&gt; <q>its 2011</q></li>
<li class="message">[<a href="#T08:54:33" id="T08:54:33"><abbr title="2011-04-17T08:54:33+00:00">08:54:33</abbr></a>] &lt;<cite>_av500_</cite>&gt; <q>sorting is a solved problem :)</q></li>
<li class="message">[<a href="#T08:55:29" id="T08:55:29"><abbr title="2011-04-17T08:55:29+00:00">08:55:29</abbr></a>] &lt;<cite>thurbad</cite>&gt; <q>it is, but I need the sorted table to be unsorted correctly :P</q></li>
<li class="message">[<a href="#T08:56:47" id="T08:56:47"><abbr title="2011-04-17T08:56:47+00:00">08:56:47</abbr></a>] &lt;<cite>thurbad</cite>&gt; <q>maybe I could do it pretty quickly with a script and a couple of CSVs</q></li>
