<li class="join">[<a href="#T00:04:17" id="T00:04:17"><abbr title="2011-04-14T00:04:17+00:00">00:04:17</abbr></a>] <span>* jrmuizel_ (~jrmuizel@2620:101:8003:200:21e:c2ff:febb:3e28) has joined #beagle</span></li>
<li class="quit">[<a href="#T00:09:17" id="T00:09:17"><abbr title="2011-04-14T00:09:17+00:00">00:09:17</abbr></a>] <span>* Openfree^ (~Openfree`@61.170.192.185) Quit (Remote host closed the connection)</span></li>
<li class="quit">[<a href="#T00:10:05" id="T00:10:05"><abbr title="2011-04-14T00:10:05+00:00">00:10:05</abbr></a>] <span>* alancam (~alancam@nat/ti/x-jxglowjddgjlefou) Quit (Ping timeout: 240 seconds)</span></li>
<li class="quit">[<a href="#T00:11:17" id="T00:11:17"><abbr title="2011-04-14T00:11:17+00:00">00:11:17</abbr></a>] <span>* peabody124 (~peabody12@128.249.96.21) Quit (Quit: peabody124)</span></li>
<li class="quit">[<a href="#T00:14:43" id="T00:14:43"><abbr title="2011-04-14T00:14:43+00:00">00:14:43</abbr></a>] <span>* Ceriand|work (~Ceriand@unaffiliated/ceriand) Quit (Quit: Leaving.)</span></li>
<li class="join">[<a href="#T00:23:02" id="T00:23:02"><abbr title="2011-04-14T00:23:02+00:00">00:23:02</abbr></a>] <span>* djerome (~djerome@ip24-251-138-141.ph.ph.cox.net) has joined #beagle</span></li>
<li class="join">[<a href="#T00:23:35" id="T00:23:35"><abbr title="2011-04-14T00:23:35+00:00">00:23:35</abbr></a>] <span>* BThompsonGR (~bernie@cpe-76-183-65-93.tx.res.rr.com) has joined #beagle</span></li>
<li class="quit">[<a href="#T00:34:32" id="T00:34:32"><abbr title="2011-04-14T00:34:32+00:00">00:34:32</abbr></a>] <span>* Ragnar (~quassel@157.159.45.79) Quit (Remote host closed the connection)</span></li>
<li class="join">[<a href="#T00:37:51" id="T00:37:51"><abbr title="2011-04-14T00:37:51+00:00">00:37:51</abbr></a>] <span>* Ceriand|desktop (~Ceriand@unaffiliated/ceriand) has joined #beagle</span></li>
<li class="quit">[<a href="#T00:41:43" id="T00:41:43"><abbr title="2011-04-14T00:41:43+00:00">00:41:43</abbr></a>] <span>* raster (~raster@enlightenment/developer/raster) Quit (Quit: Gettin' stinky!)</span></li>
<li class="quit">[<a href="#T00:44:44" id="T00:44:44"><abbr title="2011-04-14T00:44:44+00:00">00:44:44</abbr></a>] <span>* phantoxe (~destroy@a95-92-94-213.cpe.netcabo.pt) Quit ()</span></li>
<li class="join">[<a href="#T01:04:16" id="T01:04:16"><abbr title="2011-04-14T01:04:16+00:00">01:04:16</abbr></a>] <span>* espindola (~espindola@CPE30469af9ce48-CM001225dd5348.cpe.net.cable.rogers.com) has joined #beagle</span></li>
<li class="join">[<a href="#T01:05:41" id="T01:05:41"><abbr title="2011-04-14T01:05:41+00:00">01:05:41</abbr></a>] <span>* mpoirier (~quassel@S0106002369de4dac.cg.shawcable.net) has joined #beagle</span></li>
<li class="quit">[<a href="#T01:22:24" id="T01:22:24"><abbr title="2011-04-14T01:22:24+00:00">01:22:24</abbr></a>] <span>* topfs2 (~topfs2@xbmc/staff/topfs2) Quit (Remote host closed the connection)</span></li>
<li class="part">[<a href="#T01:24:07" id="T01:24:07"><abbr title="2011-04-14T01:24:07+00:00">01:24:07</abbr></a>] <span>* GrueMaster (~Grue@076-076-148-180.pdx.net) has left #beagle</span></li>
<li class="join">[<a href="#T01:24:25" id="T01:24:25"><abbr title="2011-04-14T01:24:25+00:00">01:24:25</abbr></a>] <span>* Openfree` (~Openfreer@116.228.88.131) has joined #beagle</span></li>
<li class="join">[<a href="#T01:25:54" id="T01:25:54"><abbr title="2011-04-14T01:25:54+00:00">01:25:54</abbr></a>] <span>* topfs2 (~topfs2@xbmc/staff/topfs2) has joined #beagle</span></li>
<li class="join">[<a href="#T01:32:48" id="T01:32:48"><abbr title="2011-04-14T01:32:48+00:00">01:32:48</abbr></a>] <span>* Crofton (~balister@108-65-78-2.lightspeed.sntcca.sbcglobal.net) has joined #beagle</span></li>
<li class="quit">[<a href="#T01:35:37" id="T01:35:37"><abbr title="2011-04-14T01:35:37+00:00">01:35:37</abbr></a>] <span>* mpoirier (~quassel@S0106002369de4dac.cg.shawcable.net) Quit (Ping timeout: 248 seconds)</span></li>
<li class="quit">[<a href="#T01:36:11" id="T01:36:11"><abbr title="2011-04-14T01:36:11+00:00">01:36:11</abbr></a>] <span>* emeb (~ericb@ip70-190-178-49.ph.ph.cox.net) Quit (Quit: Leaving.)</span></li>
<li class="quit">[<a href="#T01:36:29" id="T01:36:29"><abbr title="2011-04-14T01:36:29+00:00">01:36:29</abbr></a>] <span>* DesktopMa (~DesktopMa@82.116.88.102) Quit (Ping timeout: 276 seconds)</span></li>
<li class="join">[<a href="#T01:39:43" id="T01:39:43"><abbr title="2011-04-14T01:39:43+00:00">01:39:43</abbr></a>] <span>* htns (~htns@61.6.64.6) has joined #beagle</span></li>
<li class="message">[<a href="#T01:40:39" id="T01:40:39"><abbr title="2011-04-14T01:40:39+00:00">01:40:39</abbr></a>] &lt;<cite>Crofton</cite>&gt; <q>koen, ping</q></li>
<li class="quit">[<a href="#T01:41:42" id="T01:41:42"><abbr title="2011-04-14T01:41:42+00:00">01:41:42</abbr></a>] <span>* topfs2 (~topfs2@xbmc/staff/topfs2) Quit (Quit: Leaving)</span></li>
<li class="join">[<a href="#T01:41:59" id="T01:41:59"><abbr title="2011-04-14T01:41:59+00:00">01:41:59</abbr></a>] <span>* DesktopMa (~DesktopMa@82.116.88.102) has joined #beagle</span></li>
<li class="message">[<a href="#T01:42:33" id="T01:42:33"><abbr title="2011-04-14T01:42:33+00:00">01:42:33</abbr></a>] &lt;<cite>mru</cite>&gt; <q>Crofton: did I miss anyting interesting?</q></li>
<li class="message">[<a href="#T01:42:48" id="T01:42:48"><abbr title="2011-04-14T01:42:48+00:00">01:42:48</abbr></a>] &lt;<cite>mru</cite>&gt; <q>of course flight is 45min delayed, grr</q></li>
<li class="message">[<a href="#T01:42:52" id="T01:42:52"><abbr title="2011-04-14T01:42:52+00:00">01:42:52</abbr></a>] &lt;<cite>Crofton</cite>&gt; <q>heh</q></li>
<li class="message">[<abbr title="2011-04-14T01:42:52+00:00">01:42:52</abbr>] &lt;<cite>Crofton</cite>&gt; <q>no</q></li>
<li class="message">[<a href="#T01:42:58" id="T01:42:58"><abbr title="2011-04-14T01:42:58+00:00">01:42:58</abbr></a>] &lt;<cite>Crofton</cite>&gt; <q>I left right after you</q></li>
<li class="message">[<a href="#T01:43:05" id="T01:43:05"><abbr title="2011-04-14T01:43:05+00:00">01:43:05</abbr></a>] &lt;<cite>Crofton</cite>&gt; <q>should have split the shuttle with you</q></li>
<li class="message">[<a href="#T01:43:16" id="T01:43:16"><abbr title="2011-04-14T01:43:16+00:00">01:43:16</abbr></a>] &lt;<cite>Crofton</cite>&gt; <q>but took taxi to caltrain downtown</q></li>
<li class="message">[<a href="#T01:43:26" id="T01:43:26"><abbr title="2011-04-14T01:43:26+00:00">01:43:26</abbr></a>] &lt;<cite>Crofton</cite>&gt; <q>now in Mountain View killing time</q></li>
<li class="message">[<a href="#T01:43:39" id="T01:43:39"><abbr title="2011-04-14T01:43:39+00:00">01:43:39</abbr></a>] &lt;<cite>Crofton</cite>&gt; <q>why is the flight delayed?</q></li>
<li class="message">[<a href="#T01:43:50" id="T01:43:50"><abbr title="2011-04-14T01:43:50+00:00">01:43:50</abbr></a>] &lt;<cite>mru</cite>&gt; <q>late arrival from lhr</q></li>
<li class="message">[<a href="#T01:43:53" id="T01:43:53"><abbr title="2011-04-14T01:43:53+00:00">01:43:53</abbr></a>] &lt;<cite>mru</cite>&gt; <q>don't know why that was</q></li>
<li class="join">[<a href="#T01:44:58" id="T01:44:58"><abbr title="2011-04-14T01:44:58+00:00">01:44:58</abbr></a>] <span>* topfs2_ (~topfs2@xbmc/staff/topfs2) has joined #beagle</span></li>
<li class="message">[<a href="#T01:45:10" id="T01:45:10"><abbr title="2011-04-14T01:45:10+00:00">01:45:10</abbr></a>] &lt;<cite>mru</cite>&gt; <q>hopefully not a fault with the plane</q></li>
<li class="message">[<a href="#T01:45:58" id="T01:45:58"><abbr title="2011-04-14T01:45:58+00:00">01:45:58</abbr></a>] &lt;<cite>Crofton</cite>&gt; <q>heh</q></li>
<li class="quit">[<a href="#T01:47:35" id="T01:47:35"><abbr title="2011-04-14T01:47:35+00:00">01:47:35</abbr></a>] <span>* espindola (~espindola@CPE30469af9ce48-CM001225dd5348.cpe.net.cable.rogers.com) Quit (Quit: Ex-Chat)</span></li>
<li class="join">[<a href="#T01:51:07" id="T01:51:07"><abbr title="2011-04-14T01:51:07+00:00">01:51:07</abbr></a>] <span>* pcacjr_ (~pcacjr@unaffiliated/pcacjr) has joined #beagle</span></li>
<li class="message">[<a href="#T01:59:56" id="T01:59:56"><abbr title="2011-04-14T01:59:56+00:00">01:59:56</abbr></a>] &lt;<cite>mru</cite>&gt; <q>I see nothing obviously broken</q></li>
