<li class="join">[<a href="#T00:00:02" id="T00:00:02"><abbr title="2011-04-29T00:00:02+00:00">00:00:02</abbr></a>] <span>* tegila (~tegila@189-041-118-233.xd-dynamic.ctbcnetsuper.com.br) has joined #beagle</span></li>
<li class="message">[<a href="#T00:23:19" id="T00:23:19"><abbr title="2011-04-29T00:23:19+00:00">00:23:19</abbr></a>] &lt;<cite>jkridner|work1</cite>&gt; <q>hi dm8tbr</q></li>
<li class="message">[<a href="#T00:23:54" id="T00:23:54"><abbr title="2011-04-29T00:23:54+00:00">00:23:54</abbr></a>] &lt;<cite>jkridner|work1</cite>&gt; <q>I provided a GRF, to the best of my understanding of what one is.</q></li>
<li class="quit">[<a href="#T00:23:55" id="T00:23:55"><abbr title="2011-04-29T00:23:55+00:00">00:23:55</abbr></a>] <span>* thaytan (~jan@59.167.167.201) Quit (Ping timeout: 260 seconds)</span></li>
<li class="quit">[<a href="#T00:27:08" id="T00:27:08"><abbr title="2011-04-29T00:27:08+00:00">00:27:08</abbr></a>] <span>* Ceriand|work (~Ceriand@unaffiliated/ceriand) Quit (Quit: Leaving.)</span></li>
<li class="message">[<a href="#T00:45:03" id="T00:45:03"><abbr title="2011-04-29T00:45:03+00:00">00:45:03</abbr></a>] &lt;<cite>ds2</cite>&gt; <q>hmmmm</q></li>
<li class="message">[<a href="#T00:45:10" id="T00:45:10"><abbr title="2011-04-29T00:45:10+00:00">00:45:10</abbr></a>] &lt;<cite>ds2</cite>&gt; <q>jkridner|work1: ping</q></li>
<li class="message">[<a href="#T00:52:21" id="T00:52:21"><abbr title="2011-04-29T00:52:21+00:00">00:52:21</abbr></a>] &lt;<cite>dmajnem2</cite>&gt; <q>my beagle board seems to just hang :/</q></li>
<li class="message">[<a href="#T00:52:26" id="T00:52:26"><abbr title="2011-04-29T00:52:26+00:00">00:52:26</abbr></a>] &lt;<cite>dmajnem2</cite>&gt; <q>any ideas?</q></li>
<li class="message">[<a href="#T00:54:19" id="T00:54:19"><abbr title="2011-04-29T00:54:19+00:00">00:54:19</abbr></a>] &lt;<cite>dmajnem2</cite>&gt; <q><a href="http://pastebin.com/P1t514su">http://pastebin.com/P1t514su</a></q></li>
<li class="join">[<a href="#T00:54:54" id="T00:54:54"><abbr title="2011-04-29T00:54:54+00:00">00:54:54</abbr></a>] <span>* thaytan (~jan@ppp59-167-167-201.static.internode.on.net) has joined #beagle</span></li>
<li class="message">[<a href="#T01:03:59" id="T01:03:59"><abbr title="2011-04-29T01:03:59+00:00">01:03:59</abbr></a>] &lt;<cite>mrsteveman1</cite>&gt; <q>dmajnem2: is that a custom kernel</q></li>
<li class="message">[<a href="#T01:05:20" id="T01:05:20"><abbr title="2011-04-29T01:05:20+00:00">01:05:20</abbr></a>] &lt;<cite>dmajnem2</cite>&gt; <q>mrsteveman1: I do not think so</q></li>
<li class="message">[<a href="#T01:05:26" id="T01:05:26"><abbr title="2011-04-29T01:05:26+00:00">01:05:26</abbr></a>] &lt;<cite>dmajnem2</cite>&gt; <q>should be debian</q></li>
<li class="message">[<a href="#T01:05:31" id="T01:05:31"><abbr title="2011-04-29T01:05:31+00:00">01:05:31</abbr></a>] &lt;<cite>mrsteveman1</cite>&gt; <q>ah ok</q></li>
<li class="message">[<a href="#T01:05:39" id="T01:05:39"><abbr title="2011-04-29T01:05:39+00:00">01:05:39</abbr></a>] &lt;<cite>mrsteveman1</cite>&gt; <q>it just hangs? what is it doing at the time</q></li>
<li class="message">[<a href="#T01:05:50" id="T01:05:50"><abbr title="2011-04-29T01:05:50+00:00">01:05:50</abbr></a>] &lt;<cite>rcn-ee</cite>&gt; <q>dmajnem2, it's "not ready" since it hangs..</q></li>
<li class="message">[<a href="#T01:06:01" id="T01:06:01"><abbr title="2011-04-29T01:06:01+00:00">01:06:01</abbr></a>] &lt;<cite>dmajnem2</cite>&gt; <q>the nic never kicks in</q></li>
<li class="message">[<a href="#T01:06:02" id="T01:06:02"><abbr title="2011-04-29T01:06:02+00:00">01:06:02</abbr></a>] &lt;<cite>rcn-ee</cite>&gt; <q>sr1.5 for dvfs is not upstream</q></li>
<li class="message">[<a href="#T01:06:09" id="T01:06:09"><abbr title="2011-04-29T01:06:09+00:00">01:06:09</abbr></a>] &lt;<cite>dmajnem2</cite>&gt; <q>it seems to just stop</q></li>
<li class="message">[<a href="#T01:06:15" id="T01:06:15"><abbr title="2011-04-29T01:06:15+00:00">01:06:15</abbr></a>] &lt;<cite>rcn-ee</cite>&gt; <q>what board?</q></li>
<li class="message">[<a href="#T01:06:22" id="T01:06:22"><abbr title="2011-04-29T01:06:22+00:00">01:06:22</abbr></a>] &lt;<cite>dmajnem2</cite>&gt; <q>rev A IIRC</q></li>
<li class="message">[<a href="#T01:06:36" id="T01:06:36"><abbr title="2011-04-29T01:06:36+00:00">01:06:36</abbr></a>] &lt;<cite>dmajnem2</cite>&gt; <q>xM Rev A</q></li>
<li class="message">[<a href="#T01:06:47" id="T01:06:47"><abbr title="2011-04-29T01:06:47+00:00">01:06:47</abbr></a>] &lt;<cite>dmajnem2</cite>&gt; <q>at least, that is what the bootloader tells me</q></li>
<li class="message">[<a href="#T01:07:04" id="T01:07:04"><abbr title="2011-04-29T01:07:04+00:00">01:07:04</abbr></a>] &lt;<cite>rcn-ee</cite>&gt; <q>it has a label on it. ;) which kernel is trying to boot?</q></li>
<li class="join">[<a href="#T01:07:57" id="T01:07:57"><abbr title="2011-04-29T01:07:57+00:00">01:07:57</abbr></a>] <span>* leming (~leming@c-67-164-174-68.hsd1.co.comcast.net) has joined #beagle</span></li>
<li class="message">[<a href="#T01:08:01" id="T01:08:01"><abbr title="2011-04-29T01:08:01+00:00">01:08:01</abbr></a>] &lt;<cite>rcn-ee</cite>&gt; <q>do you have a full boot log you can share?</q></li>
<li class="message">[<a href="#T01:08:15" id="T01:08:15"><abbr title="2011-04-29T01:08:15+00:00">01:08:15</abbr></a>] &lt;<cite>rcn-ee</cite>&gt; <q>it's missing the more important stuff.</q></li>
<li class="message">[<a href="#T01:09:06" id="T01:09:06"><abbr title="2011-04-29T01:09:06+00:00">01:09:06</abbr></a>] &lt;<cite>dmajnem2</cite>&gt; <q>rcn-ee: I will get one</q></li>
<li class="message">[<a href="#T01:09:17" id="T01:09:17"><abbr title="2011-04-29T01:09:17+00:00">01:09:17</abbr></a>] &lt;<cite>rcn-ee</cite>&gt; <q>cool....</q></li>
<li class="message">[<a href="#T01:09:20" id="T01:09:20"><abbr title="2011-04-29T01:09:20+00:00">01:09:20</abbr></a>] &lt;<cite>dmajnem2</cite>&gt; <q>It says xM on the board, I do not see where it says the revision</q></li>
<li class="message">[<a href="#T01:09:42" id="T01:09:42"><abbr title="2011-04-29T01:09:42+00:00">01:09:42</abbr></a>] &lt;<cite>rcn-ee</cite>&gt; <q>there's an A, B, or C sticker next to the 2 usb ports on the side</q></li>
<li class="message">[<a href="#T01:09:47" id="T01:09:47"><abbr title="2011-04-29T01:09:47+00:00">01:09:47</abbr></a>] &lt;<cite>rcn-ee</cite>&gt; <q>next to the two buttons</q></li>
<li class="message">[<a href="#T01:10:44" id="T01:10:44"><abbr title="2011-04-29T01:10:44+00:00">01:10:44</abbr></a>] &lt;<cite>dmajnem2</cite>&gt; <q>there seems to be nothing on that sticker</q></li>
<li class="message">[<a href="#T01:11:00" id="T01:11:00"><abbr title="2011-04-29T01:11:00+00:00">01:11:00</abbr></a>] &lt;<cite>dmajnem2</cite>&gt; <q>however, when on the flip side of the board, I do see REV B on the PCB itself</q></li>
<li class="message">[<a href="#T01:11:22" id="T01:11:22"><abbr title="2011-04-29T01:11:22+00:00">01:11:22</abbr></a>] &lt;<cite>rcn-ee</cite>&gt; <q>that would be a first..</q></li>
<li class="message">[<a href="#T01:11:31" id="T01:11:31"><abbr title="2011-04-29T01:11:31+00:00">01:11:31</abbr></a>] &lt;<cite>rcn-ee</cite>&gt; <q>the board isn't white is it?</q></li>
<li class="message">[<a href="#T01:12:11" id="T01:12:11"><abbr title="2011-04-29T01:12:11+00:00">01:12:11</abbr></a>] &lt;<cite>dmajnem2</cite>&gt; <q>quite red</q></li>
<li class="message">[<a href="#T01:12:26" id="T01:12:26"><abbr title="2011-04-29T01:12:26+00:00">01:12:26</abbr></a>] &lt;<cite>dmajnem2</cite>&gt; <q>the funny thing is, it used to boot just fine</q></li>
<li class="message">[<a href="#T01:12:37" id="T01:12:37"><abbr title="2011-04-29T01:12:37+00:00">01:12:37</abbr></a>] &lt;<cite>rcn-ee</cite>&gt; <q>what did you change?</q></li>
<li class="message">[<a href="#T01:12:50" id="T01:12:50"><abbr title="2011-04-29T01:12:50+00:00">01:12:50</abbr></a>] &lt;<cite>dmajnem2</cite>&gt; <q>other people use the device, I wish I knew</q></li>
<li class="message">[<a href="#T01:13:14" id="T01:13:14"><abbr title="2011-04-29T01:13:14+00:00">01:13:14</abbr></a>] &lt;<cite>rcn-ee</cite>&gt; <q>ah, that happens...</q></li>
<li class="message">[<a href="#T01:13:31" id="T01:13:31"><abbr title="2011-04-29T01:13:31+00:00">01:13:31</abbr></a>] &lt;<cite>dmajnem2</cite>&gt; <q>full log: <a href="http://pastebin.com/LtvD8930">http://pastebin.com/LtvD8930</a></q></li>
<li class="message">[<a href="#T01:13:47" id="T01:13:47"><abbr title="2011-04-29T01:13:47+00:00">01:13:47</abbr></a>] &lt;<cite>rcn-ee</cite>&gt; <q>thanks</q></li>
<li class="message">[<a href="#T01:14:50" id="T01:14:50"><abbr title="2011-04-29T01:14:50+00:00">01:14:50</abbr></a>] &lt;<cite>ds2</cite>&gt; <q>is that why it turned red? </q></li>
<li class="message">[<a href="#T01:14:57" id="T01:14:57"><abbr title="2011-04-29T01:14:57+00:00">01:14:57</abbr></a>] &lt;<cite>rcn-ee</cite>&gt; <q>ah i think i see it.. you've always used the serial port right?</q></li>
<li class="message">[<a href="#T01:15:04" id="T01:15:04"><abbr title="2011-04-29T01:15:04+00:00">01:15:04</abbr></a>] &lt;<cite>ds2</cite>&gt; <q>Does the entire board glow?</q></li>
<li class="message">[<a href="#T01:15:43" id="T01:15:43"><abbr title="2011-04-29T01:15:43+00:00">01:15:43</abbr></a>] &lt;<cite>dmajnem2</cite>&gt; <q>rcn-ee: always that serial port, yes</q></li>
<li class="message">[<a href="#T01:16:01" id="T01:16:01"><abbr title="2011-04-29T01:16:01+00:00">01:16:01</abbr></a>] &lt;<cite>rcn-ee</cite>&gt; <q>getty will run to start the login prompt, but it's probally still setup for /dev/ttyS2.. you need to modify /etc/inittab to use /dev/ttyO2..</q></li>
<li class="message">[<a href="#T01:16:11" id="T01:16:11"><abbr title="2011-04-29T01:16:11+00:00">01:16:11</abbr></a>] &lt;<cite>rcn-ee</cite>&gt; <q>where you running 2.6.35 before?</q></li>
<li class="message">[<a href="#T01:16:37" id="T01:16:37"><abbr title="2011-04-29T01:16:37+00:00">01:16:37</abbr></a>] &lt;<cite>dmajnem2</cite>&gt; <q>perhaps, I would believe it</q></li>
<li class="message">[<a href="#T01:17:43" id="T01:17:43"><abbr title="2011-04-29T01:17:43+00:00">01:17:43</abbr></a>] &lt;<cite>rcn-ee</cite>&gt; <q>i'd mount the card in a pc, as it's pretty hard to modify in the beagle at the moment.. change: "S:2345:respawn:/sbin/getty 115200 ttyS2" -&gt; ttyO2 (O=omap)</q></li>
<li class="message">[<a href="#T01:20:03" id="T01:20:03"><abbr title="2011-04-29T01:20:03+00:00">01:20:03</abbr></a>] &lt;<cite>rcn-ee</cite>&gt; <q>btw, it also looks like you might be missing the modules as it didn't load the smsc95xx driver.. so double check /lib/modules/2.6.37.3-x4/ exists..</q></li>
<li class="message">[<a href="#T01:25:21" id="T01:25:21"><abbr title="2011-04-29T01:25:21+00:00">01:25:21</abbr></a>] &lt;<cite>dmajnem2</cite>&gt; <q>when I stick the mmc into my machine, I can only mount the vfat partition</q></li>
<li class="message">[<a href="#T01:25:41" id="T01:25:41"><abbr title="2011-04-29T01:25:41+00:00">01:25:41</abbr></a>] &lt;<cite>dmajnem2</cite>&gt; <q>e.g., the first partition</q></li>
<li class="join">[<a href="#T01:25:44" id="T01:25:44"><abbr title="2011-04-29T01:25:44+00:00">01:25:44</abbr></a>] <span>* liu (7d47e7ce@gateway/web/freenode/ip.125.71.231.206) has joined #beagle</span></li>
<li class="message">[<a href="#T01:25:53" id="T01:25:53"><abbr title="2011-04-29T01:25:53+00:00">01:25:53</abbr></a>] &lt;<cite>dmajnem2</cite>&gt; <q>for whatever reason, it does not want to mount the second partition</q></li>
<li class="message">[<a href="#T01:26:35" id="T01:26:35"><abbr title="2011-04-29T01:26:35+00:00">01:26:35</abbr></a>] &lt;<cite>rcn-ee</cite>&gt; <q>weird.. i've seen 8Gb card's take awhile..</q></li>
<li class="message">[<a href="#T01:27:02" id="T01:27:02"><abbr title="2011-04-29T01:27:02+00:00">01:27:02</abbr></a>] &lt;<cite>rcn-ee</cite>&gt; <q>it might be running fsck on it..</q></li>
<li class="message">[<a href="#T01:27:11" id="T01:27:11"><abbr title="2011-04-29T01:27:11+00:00">01:27:11</abbr></a>] &lt;<cite>rcn-ee</cite>&gt; <q>otherwise, anything odd in dmesg?</q></li>
<li class="nick-change">[<a href="#T01:27:36" id="T01:27:36"><abbr title="2011-04-29T01:27:36+00:00">01:27:36</abbr></a>] <span>* prpplague^2 is now known as prpplague</span></li>
<li class="message">[<a href="#T01:29:04" id="T01:29:04"><abbr title="2011-04-29T01:29:04+00:00">01:29:04</abbr></a>] &lt;<cite>dmajnem2</cite>&gt; <q>figured it out, just some weirdness on the machine</q></li>
<li class="message">[<a href="#T01:30:06" id="T01:30:06"><abbr title="2011-04-29T01:30:06+00:00">01:30:06</abbr></a>] &lt;<cite>dmajnem2</cite>&gt; <q>I am in inittab but do not see the line you suggest</q></li>
<li class="message">[<a href="#T01:30:17" id="T01:30:17"><abbr title="2011-04-29T01:30:17+00:00">01:30:17</abbr></a>] &lt;<cite>dmajnem2</cite>&gt; <q>there is no "S:" anywhere in inittab</q></li>
<li class="message">[<a href="#T01:30:22" id="T01:30:22"><abbr title="2011-04-29T01:30:22+00:00">01:30:22</abbr></a>] &lt;<cite>rcn-ee</cite>&gt; <q>it might not be exactly...</q></li>
<li class="message">[<a href="#T01:30:26" id="T01:30:26"><abbr title="2011-04-29T01:30:26+00:00">01:30:26</abbr></a>] &lt;<cite>rcn-ee</cite>&gt; <q>search for a ttyS2</q></li>
<li class="message">[<a href="#T01:30:31" id="T01:30:31"><abbr title="2011-04-29T01:30:31+00:00">01:30:31</abbr></a>] &lt;<cite>dmajnem2</cite>&gt; <q>none</q></li>
<li class="join">[<a href="#T01:30:42" id="T01:30:42"><abbr title="2011-04-29T01:30:42+00:00">01:30:42</abbr></a>] <span>* kaio (~kaio@27-33-161-52.static.tpgi.com.au) has joined #beagle</span></li>
<li class="quit">[<abbr title="2011-04-29T01:30:42+00:00">01:30:42</abbr>] <span>* kaio (~kaio@27-33-161-52.static.tpgi.com.au) Quit (Changing host)</span></li>
<li class="join">[<abbr title="2011-04-29T01:30:42+00:00">01:30:42</abbr>] <span>* kaio (~kaio@fedora/kaio) has joined #beagle</span></li>
<li class="message">[<a href="#T01:30:45" id="T01:30:45"><abbr title="2011-04-29T01:30:45+00:00">01:30:45</abbr></a>] &lt;<cite>rcn-ee</cite>&gt; <q>humm.. is there a ttyO2 then?</q></li>
<li class="quit">[<a href="#T01:30:48" id="T01:30:48"><abbr title="2011-04-29T01:30:48+00:00">01:30:48</abbr></a>] <span>* liu (7d47e7ce@gateway/web/freenode/ip.125.71.231.206) Quit (Ping timeout: 252 seconds)</span></li>
<li class="message">[<a href="#T01:30:58" id="T01:30:58"><abbr title="2011-04-29T01:30:58+00:00">01:30:58</abbr></a>] &lt;<cite>dmajnem2</cite>&gt; <q>ah, that is because I am slighty dumb</q></li>
<li class="message">[<a href="#T01:31:26" id="T01:31:26"><abbr title="2011-04-29T01:31:26+00:00">01:31:26</abbr></a>] &lt;<cite>dmajnem2</cite>&gt; <q>"/etc/inittab" != "etc/inittab"</q></li>
<li class="action">[<a href="#T01:31:28" id="T01:31:28"><abbr title="2011-04-29T01:31:28+00:00">01:31:28</abbr></a>] <span>* dmajnem2 sighs</span></li>
<li class="message">[<a href="#T01:31:49" id="T01:31:49"><abbr title="2011-04-29T01:31:49+00:00">01:31:49</abbr></a>] &lt;<cite>dmajnem2</cite>&gt; <q>there is an O2 already in there</q></li>
<li class="message">[<abbr title="2011-04-29T01:31:49+00:00">01:31:49</abbr>] &lt;<cite>rcn-ee</cite>&gt; <q>yeah, careful don't edit the wrong file..</q></li>
<li class="join">[<a href="#T01:32:06" id="T01:32:06"><abbr title="2011-04-29T01:32:06+00:00">01:32:06</abbr></a>] <span>* liu (7d47e7ce@gateway/web/freenode/ip.125.71.231.206) has joined #beagle</span></li>
<li class="message">[<a href="#T01:32:16" id="T01:32:16"><abbr title="2011-04-29T01:32:16+00:00">01:32:16</abbr></a>] &lt;<cite>dmajnem2</cite>&gt; <q>T2:23:respawn:/sbin/getty -L ttyO2 115200 vt102</q></li>
<li class="message">[<a href="#T01:32:19" id="T01:32:19"><abbr title="2011-04-29T01:32:19+00:00">01:32:19</abbr></a>] &lt;<cite>rcn-ee</cite>&gt; <q>crap, then it should work..</q></li>
<li class="message">[<a href="#T01:35:05" id="T01:35:05"><abbr title="2011-04-29T01:35:05+00:00">01:35:05</abbr></a>] &lt;<cite>rcn-ee</cite>&gt; <q>in the fat parition, are you lucky enought to have an uImage_old/uInitrd_old?</q></li>
<li class="message">[<a href="#T01:35:15" id="T01:35:15"><abbr title="2011-04-29T01:35:15+00:00">01:35:15</abbr></a>] &lt;<cite>dmajnem2</cite>&gt; <q>let me check</q></li>
<li class="message">[<a href="#T01:35:44" id="T01:35:44"><abbr title="2011-04-29T01:35:44+00:00">01:35:44</abbr></a>] &lt;<cite>dmajnem2</cite>&gt; <q>I have both</q></li>
<li class="message">[<a href="#T01:36:19" id="T01:36:19"><abbr title="2011-04-29T01:36:19+00:00">01:36:19</abbr></a>] &lt;<cite>rcn-ee</cite>&gt; <q>well that's good, my install script generates them in a working system, so if you rename them back to uImage/uInitrd, they should boot correctly..</q></li>
<li class="message">[<a href="#T01:38:31" id="T01:38:31"><abbr title="2011-04-29T01:38:31+00:00">01:38:31</abbr></a>] &lt;<cite>dmajnem2</cite>&gt; <q>renamed, testing it out</q></li>
<li class="quit">[<a href="#T01:38:35" id="T01:38:35"><abbr title="2011-04-29T01:38:35+00:00">01:38:35</abbr></a>] <span>* kaio (~kaio@fedora/kaio) Quit (Ping timeout: 276 seconds)</span></li>
<li class="join">[<a href="#T01:39:35" id="T01:39:35"><abbr title="2011-04-29T01:39:35+00:00">01:39:35</abbr></a>] <span>* rcranetx (~rcranetx@nat/ti/x-lscsozwqoquiggsi) has joined #beagle</span></li>
<li class="message">[<a href="#T01:40:35" id="T01:40:35"><abbr title="2011-04-29T01:40:35+00:00">01:40:35</abbr></a>] &lt;<cite>dmajnem2</cite>&gt; <q>same deal</q></li>
<li class="message">[<a href="#T01:40:36" id="T01:40:36"><abbr title="2011-04-29T01:40:36+00:00">01:40:36</abbr></a>] &lt;<cite>liu</cite>&gt; <q>yesterday.i tried the angstorm ,it can`t boot.now i`m trying the Android...:(</q></li>
<li class="message">[<a href="#T01:40:54" id="T01:40:54"><abbr title="2011-04-29T01:40:54+00:00">01:40:54</abbr></a>] &lt;<cite>dmajnem2</cite>&gt; <q>rcn-ee: stops in the same "mmcblk0: p1 p2 &lt; p5 p6 &gt;" place</q></li>
<li class="join">[<a href="#T01:41:28" id="T01:41:28"><abbr title="2011-04-29T01:41:28+00:00">01:41:28</abbr></a>] <span>* kaio (~kaio@fedora/kaio) has joined #beagle</span></li>
<li class="message">[<a href="#T01:41:44" id="T01:41:44"><abbr title="2011-04-29T01:41:44+00:00">01:41:44</abbr></a>] &lt;<cite>liu</cite>&gt; <q>dmajnem2,are you trying to boot the Angstrom??</q></li>
<li class="message">[<a href="#T01:42:43" id="T01:42:43"><abbr title="2011-04-29T01:42:43+00:00">01:42:43</abbr></a>] &lt;<cite>rcn-ee</cite>&gt; <q>dmajnem2, after that part it should try to load the filesystem: "EXT4-fs (mmcblk0p2): mounted filesystem with ordered data mode. Opts: (null)"... very weird..</q></li>
<li class="message">[<a href="#T01:44:16" id="T01:44:16"><abbr title="2011-04-29T01:44:16+00:00">01:44:16</abbr></a>] &lt;<cite>liu</cite>&gt; <q>why i stopped at the ANDROID logo..???:(</q></li>
<li class="message">[<a href="#T01:44:40" id="T01:44:40"><abbr title="2011-04-29T01:44:40+00:00">01:44:40</abbr></a>] &lt;<cite>liu</cite>&gt; <q>it`s about 10 minutes...</q></li>
<li class="message">[<a href="#T01:45:30" id="T01:45:30"><abbr title="2011-04-29T01:45:30+00:00">01:45:30</abbr></a>] &lt;<cite>rcn-ee</cite>&gt; <q>liu i think you'l have better luck on #rowboard not a lot of android users here...</q></li>
<li class="message">[<a href="#T01:45:41" id="T01:45:41"><abbr title="2011-04-29T01:45:41+00:00">01:45:41</abbr></a>] &lt;<cite>rcn-ee</cite>&gt; <q>#rowboat ... sorry..</q></li>
<li class="message">[<a href="#T01:46:08" id="T01:46:08"><abbr title="2011-04-29T01:46:08+00:00">01:46:08</abbr></a>] &lt;<cite>liu</cite>&gt; <q>ok ,thanks:)</q></li>
<li class="message">[<a href="#T01:47:15" id="T01:47:15"><abbr title="2011-04-29T01:47:15+00:00">01:47:15</abbr></a>] &lt;<cite>rcn-ee</cite>&gt; <q>dmajnem2, i'm generating a new uImage/modules i'd like you try.... just waiting for it to finish..</q></li>
<li class="message">[<a href="#T01:48:00" id="T01:48:00"><abbr title="2011-04-29T01:48:00+00:00">01:48:00</abbr></a>] &lt;<cite>dmajnem2</cite>&gt; <q>rcn-ee: thanks :)</q></li>
<li class="join">[<a href="#T01:49:58" id="T01:49:58"><abbr title="2011-04-29T01:49:58+00:00">01:49:58</abbr></a>] <span>* raster (raster@enlightenment2.osuosl.org) has joined #beagle</span></li>
<li class="quit">[<abbr title="2011-04-29T01:49:58+00:00">01:49:58</abbr>] <span>* raster (raster@enlightenment2.osuosl.org) Quit (Changing host)</span></li>
<li class="join">[<abbr title="2011-04-29T01:49:58+00:00">01:49:58</abbr>] <span>* raster (raster@enlightenment/developer/raster) has joined #beagle</span></li>
<li class="join">[<a href="#T01:52:40" id="T01:52:40"><abbr title="2011-04-29T01:52:40+00:00">01:52:40</abbr></a>] <span>* heathkid (~heathkid2@108.114.78.213) has joined #beagle</span></li>
<li class="part">[<a href="#T01:53:09" id="T01:53:09"><abbr title="2011-04-29T01:53:09+00:00">01:53:09</abbr></a>] <span>* heathkid (~heathkid2@108.114.78.213) has left #beagle</span></li>
<li class="join">[<a href="#T01:53:19" id="T01:53:19"><abbr title="2011-04-29T01:53:19+00:00">01:53:19</abbr></a>] <span>* BThompsonGR (~bernie@cpe-76-183-65-93.tx.res.rr.com) has joined #beagle</span></li>
<li class="quit">[<a href="#T01:53:52" id="T01:53:52"><abbr title="2011-04-29T01:53:52+00:00">01:53:52</abbr></a>] <span>* liu (7d47e7ce@gateway/web/freenode/ip.125.71.231.206) Quit (Ping timeout: 252 seconds)</span></li>
<li class="join">[<a href="#T01:54:45" id="T01:54:45"><abbr title="2011-04-29T01:54:45+00:00">01:54:45</abbr></a>] <span>* ZeZu (~null@c-98-227-57-1.hsd1.in.comcast.net) has joined #beagle</span></li>
<li class="quit">[<a href="#T01:55:25" id="T01:55:25"><abbr title="2011-04-29T01:55:25+00:00">01:55:25</abbr></a>] <span>* W1N9Zr0 (~W1N9Zr0@69-165-245-171.cable.teksavvy.com) Quit (Remote host closed the connection)</span></li>
<li class="quit">[<a href="#T01:58:48" id="T01:58:48"><abbr title="2011-04-29T01:58:48+00:00">01:58:48</abbr></a>] <span>* tegila (~tegila@189-041-118-233.xd-dynamic.ctbcnetsuper.com.br) Quit (Quit: Leaving.)</span></li>
