<li class="join">[<a href="#T00:01:17" id="T00:01:17"><abbr title="2011-01-25T00:01:17+00:00">00:01:17</abbr></a>] <span>* mikey_w (~mike@pool-173-53-37-97.rcmdva.fios.verizon.net) has joined #beagle</span></li>
<li class="quit">[<a href="#T00:01:37" id="T00:01:37"><abbr title="2011-01-25T00:01:37+00:00">00:01:37</abbr></a>] <span>* PBansal (~pbansal@nat/ti/x-gedqifirivcscmbh) Quit (Ping timeout: 240 seconds)</span></li>
<li class="join">[<a href="#T00:02:58" id="T00:02:58"><abbr title="2011-01-25T00:02:58+00:00">00:02:58</abbr></a>] <span>* peabody124_ (~peabody12@128.249.96.124) has joined #beagle</span></li>
<li class="quit">[<a href="#T00:02:59" id="T00:02:59"><abbr title="2011-01-25T00:02:59+00:00">00:02:59</abbr></a>] <span>* peabody124 (~peabody12@128.249.96.124) Quit (Read error: Connection reset by peer)</span></li>
<li class="nick-change">[<abbr title="2011-01-25T00:02:59+00:00">00:02:59</abbr>] <span>* peabody124_ is now known as peabody124</span></li>
<li class="join">[<a href="#T00:21:28" id="T00:21:28"><abbr title="2011-01-25T00:21:28+00:00">00:21:28</abbr></a>] <span>* Zoxc (Zoxc@ti0128a380-dhcp0824.bb.online.no) has joined #beagle</span></li>
<li class="join">[<a href="#T00:25:35" id="T00:25:35"><abbr title="2011-01-25T00:25:35+00:00">00:25:35</abbr></a>] <span>* baobrien (~baobrien@cm74-226.madisontelco.com) has joined #beagle</span></li>
<li class="join">[<a href="#T00:37:19" id="T00:37:19"><abbr title="2011-01-25T00:37:19+00:00">00:37:19</abbr></a>] <span>* PBansal (~pbansal@nat/ti/x-ridafyhxkbrfhskr) has joined #beagle</span></li>
<li class="quit">[<a href="#T00:47:23" id="T00:47:23"><abbr title="2011-01-25T00:47:23+00:00">00:47:23</abbr></a>] <span>* peabody124 (~peabody12@128.249.96.124) Quit (Ping timeout: 276 seconds)</span></li>
<li class="quit">[<a href="#T00:55:16" id="T00:55:16"><abbr title="2011-01-25T00:55:16+00:00">00:55:16</abbr></a>] <span>* 18VAB3LZY (~jrmuizel@66.207.206.180) Quit (Quit: 18VAB3LZY)</span></li>
<li class="join">[<a href="#T00:55:36" id="T00:55:36"><abbr title="2011-01-25T00:55:36+00:00">00:55:36</abbr></a>] <span>* Openfree` (~Openfreer@116.228.88.131) has joined #beagle</span></li>
<li class="quit">[<a href="#T00:55:53" id="T00:55:53"><abbr title="2011-01-25T00:55:53+00:00">00:55:53</abbr></a>] <span>* emeb (~ericb@ip70-190-178-182.ph.ph.cox.net) Quit (Quit: Leaving.)</span></li>
<li class="quit">[<a href="#T00:57:19" id="T00:57:19"><abbr title="2011-01-25T00:57:19+00:00">00:57:19</abbr></a>] <span>* mrj10 (~mrj10@mjlap.crhc.uiuc.edu) Quit (Ping timeout: 255 seconds)</span></li>
<li class="join">[<a href="#T00:57:43" id="T00:57:43"><abbr title="2011-01-25T00:57:43+00:00">00:57:43</abbr></a>] <span>* thaytan_ (~jan@169.222.11.201) has joined #beagle</span></li>
<li class="join">[<a href="#T00:58:21" id="T00:58:21"><abbr title="2011-01-25T00:58:21+00:00">00:58:21</abbr></a>] <span>* djlewis (~djlewis@65-70-11-221.dsl.tcworks.net) has joined #beagle</span></li>
<li class="join">[<a href="#T00:59:13" id="T00:59:13"><abbr title="2011-01-25T00:59:13+00:00">00:59:13</abbr></a>] <span>* jrmuizel (~jrmuizel@corp.tor1.mozilla.com) has joined #beagle</span></li>
<li class="quit">[<a href="#T00:59:31" id="T00:59:31"><abbr title="2011-01-25T00:59:31+00:00">00:59:31</abbr></a>] <span>* jrmuizel (~jrmuizel@corp.tor1.mozilla.com) Quit (Client Quit)</span></li>
<li class="quit">[<a href="#T01:00:06" id="T01:00:06"><abbr title="2011-01-25T01:00:06+00:00">01:00:06</abbr></a>] <span>* ozk (~ozk@nat/ti/x-azwxnvwfgwljamro) Quit (Ping timeout: 246 seconds)</span></li>
<li class="join">[<a href="#T01:00:55" id="T01:00:55"><abbr title="2011-01-25T01:00:55+00:00">01:00:55</abbr></a>] <span>* jkridner|work (~a0321898@nat/ti/x-ybeiwjjqrteosljo) has joined #beagle</span></li>
<li class="message">[<a href="#T01:02:26" id="T01:02:26"><abbr title="2011-01-25T01:02:26+00:00">01:02:26</abbr></a>] &lt;<cite>jkridner|work</cite>&gt; <q>hi!  any UTers here?</q></li>
<li class="join">[<a href="#T01:03:29" id="T01:03:29"><abbr title="2011-01-25T01:03:29+00:00">01:03:29</abbr></a>] <span>* plars (~plars@ubuntu/member/plars) has joined #beagle</span></li>
<li class="message">[<a href="#T01:04:04" id="T01:04:04"><abbr title="2011-01-25T01:04:04+00:00">01:04:04</abbr></a>] &lt;<cite>djlewis</cite>&gt; <q>ooh, its UT night :)</q></li>
<li class="message">[<a href="#T01:04:29" id="T01:04:29"><abbr title="2011-01-25T01:04:29+00:00">01:04:29</abbr></a>] &lt;<cite>jkridner|work</cite>&gt; <q>indeed... getting close to wrapping it up.</q></li>
<li class="message">[<a href="#T01:05:03" id="T01:05:03"><abbr title="2011-01-25T01:05:03+00:00">01:05:03</abbr></a>] &lt;<cite>djlewis</cite>&gt; <q>I hope the students all made great progress</q></li>
<li class="message">[<a href="#T01:05:14" id="T01:05:14"><abbr title="2011-01-25T01:05:14+00:00">01:05:14</abbr></a>] &lt;<cite>jkridner|work</cite>&gt; <q>me too!</q></li>
<li class="message">[<a href="#T01:05:51" id="T01:05:51"><abbr title="2011-01-25T01:05:51+00:00">01:05:51</abbr></a>] &lt;<cite>mru</cite>&gt; <q>well, hope dies last or something...</q></li>
<li class="message">[<a href="#T01:06:18" id="T01:06:18"><abbr title="2011-01-25T01:06:18+00:00">01:06:18</abbr></a>] &lt;<cite>mru</cite>&gt; <q>it's time to start thinking about gsoc too</q></li>
<li class="message">[<a href="#T01:06:24" id="T01:06:24"><abbr title="2011-01-25T01:06:24+00:00">01:06:24</abbr></a>] &lt;<cite>jkridner|work</cite>&gt; <q>indeed!</q></li>
<li class="message">[<a href="#T01:06:25" id="T01:06:25"><abbr title="2011-01-25T01:06:25+00:00">01:06:25</abbr></a>] &lt;<cite>mru</cite>&gt; <q>speaking of students</q></li>
<li class="quit">[<a href="#T01:06:27" id="T01:06:27"><abbr title="2011-01-25T01:06:27+00:00">01:06:27</abbr></a>] <span>* CMoH-notebook (~cipi@unaffiliated/c-moh) Quit (Remote host closed the connection)</span></li>
<li class="message">[<a href="#T01:06:35" id="T01:06:35"><abbr title="2011-01-25T01:06:35+00:00">01:06:35</abbr></a>] &lt;<cite>jkridner|work</cite>&gt; <q>saw the notice go out this weekend from Google.</q></li>
<li class="quit">[<a href="#T01:06:41" id="T01:06:41"><abbr title="2011-01-25T01:06:41+00:00">01:06:41</abbr></a>] <span>* alancam (~a-campbel@nat/ti/x-sxddvhwxxmohfytx) Quit (Ping timeout: 264 seconds)</span></li>
<li class="quit">[<a href="#T01:06:52" id="T01:06:52"><abbr title="2011-01-25T01:06:52+00:00">01:06:52</abbr></a>] <span>* Ceriand|work (~Ceriand@unaffiliated/ceriand) Quit (Quit: Leaving.)</span></li>
<li class="join">[<a href="#T01:06:59" id="T01:06:59"><abbr title="2011-01-25T01:06:59+00:00">01:06:59</abbr></a>] <span>* HES (9206b941@gateway/web/freenode/ip.146.6.185.65) has joined #beagle</span></li>
<li class="join">[<a href="#T01:07:05" id="T01:07:05"><abbr title="2011-01-25T01:07:05+00:00">01:07:05</abbr></a>] <span>* mike_ (~mike@pool-173-53-37-97.rcmdva.fios.verizon.net) has joined #beagle</span></li>
<li class="nick-change">[<a href="#T01:07:31" id="T01:07:31"><abbr title="2011-01-25T01:07:31+00:00">01:07:31</abbr></a>] <span>* mike_ is now known as Guest37148</span></li>
<li class="join">[<a href="#T01:07:40" id="T01:07:40"><abbr title="2011-01-25T01:07:40+00:00">01:07:40</abbr></a>] <span>* CMoH-notebook (~cipi@95.76.68.223) has joined #beagle</span></li>
<li class="quit">[<abbr title="2011-01-25T01:07:40+00:00">01:07:40</abbr>] <span>* CMoH-notebook (~cipi@95.76.68.223) Quit (Changing host)</span></li>
<li class="join">[<abbr title="2011-01-25T01:07:40+00:00">01:07:40</abbr>] <span>* CMoH-notebook (~cipi@unaffiliated/c-moh) has joined #beagle</span></li>
<li class="join">[<a href="#T01:07:42" id="T01:07:42"><abbr title="2011-01-25T01:07:42+00:00">01:07:42</abbr></a>] <span>* tgabe (4cb8820b@gateway/web/freenode/ip.76.184.130.11) has joined #beagle</span></li>
<li class="message">[<a href="#T01:08:05" id="T01:08:05"><abbr title="2011-01-25T01:08:05+00:00">01:08:05</abbr></a>] &lt;<cite>ds2</cite>&gt; <q>heh</q></li>
<li class="quit">[<a href="#T01:09:03" id="T01:09:03"><abbr title="2011-01-25T01:09:03+00:00">01:09:03</abbr></a>] <span>* mikey_w (~mike@pool-173-53-37-97.rcmdva.fios.verizon.net) Quit (Ping timeout: 240 seconds)</span></li>
<li class="message">[<a href="#T01:09:10" id="T01:09:10"><abbr title="2011-01-25T01:09:10+00:00">01:09:10</abbr></a>] &lt;<cite>tgabe</cite>&gt; <q>Hi! Do we have any teams from the BeagleBoard challenge online?</q></li>
<li class="join">[<a href="#T01:09:42" id="T01:09:42"><abbr title="2011-01-25T01:09:42+00:00">01:09:42</abbr></a>] <span>* jkridner (~jason@pdpc/supporter/active/jkridner) has joined #beagle</span></li>
<li class="message">[<a href="#T01:09:46" id="T01:09:46"><abbr title="2011-01-25T01:09:46+00:00">01:09:46</abbr></a>] &lt;<cite>jkridner|work</cite>&gt; <q>hi tgabe!</q></li>
<li class="message">[<a href="#T01:09:48" id="T01:09:48"><abbr title="2011-01-25T01:09:48+00:00">01:09:48</abbr></a>] &lt;<cite>mru</cite>&gt; <q>hmm, wtf is the "TMS320C6x Consultant Generator"?</q></li>
<li class="message">[<a href="#T01:10:05" id="T01:10:05"><abbr title="2011-01-25T01:10:05+00:00">01:10:05</abbr></a>] &lt;<cite>tgabe</cite>&gt; <q>Hi jkridner!</q></li>
<li class="action">[<a href="#T01:10:06" id="T01:10:06"><abbr title="2011-01-25T01:10:06+00:00">01:10:06</abbr></a>] <span>* jkridner|work has no idea...</span></li>
<li class="message">[<a href="#T01:10:20" id="T01:10:20"><abbr title="2011-01-25T01:10:20+00:00">01:10:20</abbr></a>] &lt;<cite>mru</cite>&gt; <q>part of the compiler package</q></li>
<li class="message">[<a href="#T01:10:23" id="T01:10:23"><abbr title="2011-01-25T01:10:23+00:00">01:10:23</abbr></a>] &lt;<cite>jkridner|work</cite>&gt; <q>seems like folks at <a href="http://www.studentrobotics.org">http://www.studentrobotics.org</a> have been doing LLVM for C6x.</q></li>
<li class="message">[<a href="#T01:10:38" id="T01:10:38"><abbr title="2011-01-25T01:10:38+00:00">01:10:38</abbr></a>] &lt;<cite>mru</cite>&gt; <q>any good results?</q></li>
<li class="message">[<a href="#T01:10:45" id="T01:10:45"><abbr title="2011-01-25T01:10:45+00:00">01:10:45</abbr></a>] &lt;<cite>mru</cite>&gt; <q>compiling for vliw is _hard_</q></li>
<li class="message">[<a href="#T01:11:18" id="T01:11:18"><abbr title="2011-01-25T01:11:18+00:00">01:11:18</abbr></a>] &lt;<cite>jkridner|work</cite>&gt; <q>no idea.  I suspect it isn't that thrilling.</q></li>
<li class="message">[<a href="#T01:12:22" id="T01:12:22"><abbr title="2011-01-25T01:12:22+00:00">01:12:22</abbr></a>] &lt;<cite>HES</cite>&gt; <q>hello i am doing the beagle board challenge</q></li>
<li class="message">[<a href="#T01:13:04" id="T01:13:04"><abbr title="2011-01-25T01:13:04+00:00">01:13:04</abbr></a>] &lt;<cite>tgabe</cite>&gt; <q>Hi HES! What team are you on?</q></li>
<li class="message">[<a href="#T01:13:15" id="T01:13:15"><abbr title="2011-01-25T01:13:15+00:00">01:13:15</abbr></a>] &lt;<cite>jkridner|work</cite>&gt; <q>hi HES!</q></li>
<li class="message">[<a href="#T01:13:18" id="T01:13:18"><abbr title="2011-01-25T01:13:18+00:00">01:13:18</abbr></a>] &lt;<cite>HES</cite>&gt; <q>Home Entertainment System</q></li>
<li class="message">[<a href="#T01:13:21" id="T01:13:21"><abbr title="2011-01-25T01:13:21+00:00">01:13:21</abbr></a>] &lt;<cite>jkridner|work</cite>&gt; <q>VNC still working well for you?</q></li>
<li class="message">[<a href="#T01:13:55" id="T01:13:55"><abbr title="2011-01-25T01:13:55+00:00">01:13:55</abbr></a>] &lt;<cite>HES</cite>&gt; <q>yes but too slow so i switched to the university lab monitors</q></li>
<li class="quit">[<a href="#T01:14:23" id="T01:14:23"><abbr title="2011-01-25T01:14:23+00:00">01:14:23</abbr></a>] <span>* Guest37148 (~mike@pool-173-53-37-97.rcmdva.fios.verizon.net) Quit (Remote host closed the connection)</span></li>
<li class="message">[<a href="#T01:14:27" id="T01:14:27"><abbr title="2011-01-25T01:14:27+00:00">01:14:27</abbr></a>] &lt;<cite>jkridner|work</cite>&gt; <q>877.561.6828 code 54043628 for anyone who wants to dial into the UT-help call.</q></li>
<li class="message">[<a href="#T01:14:40" id="T01:14:40"><abbr title="2011-01-25T01:14:40+00:00">01:14:40</abbr></a>] &lt;<cite>HES</cite>&gt; <q>or the processor is kinda slow too</q></li>
<li class="message">[<a href="#T01:15:18" id="T01:15:18"><abbr title="2011-01-25T01:15:18+00:00">01:15:18</abbr></a>] &lt;<cite>HES</cite>&gt; <q>it runs udev in the startup was wondering wat that is...</q></li>
<li class="message">[<a href="#T01:15:43" id="T01:15:43"><abbr title="2011-01-25T01:15:43+00:00">01:15:43</abbr></a>] &lt;<cite>ds2</cite>&gt; <q>in case anyone cares, OE HEAD seems to have a dependancy issue</q></li>
<li class="message">[<a href="#T01:16:10" id="T01:16:10"><abbr title="2011-01-25T01:16:10+00:00">01:16:10</abbr></a>] &lt;<cite>jkridner|work</cite>&gt; <q>lots of articles to be found on udev using Google.</q></li>
<li class="message">[<a href="#T01:16:47" id="T01:16:47"><abbr title="2011-01-25T01:16:47+00:00">01:16:47</abbr></a>] &lt;<cite>HES</cite>&gt; <q>ok..so i still couldnt get matrix to stop loading on startup</q></li>
<li class="message">[<a href="#T01:16:50" id="T01:16:50"><abbr title="2011-01-25T01:16:50+00:00">01:16:50</abbr></a>] &lt;<cite>ds2</cite>&gt; <q>don't use udev then; there isn't that good of a reason to use it on an embedded device</q></li>
<li class="join">[<a href="#T01:16:53" id="T01:16:53"><abbr title="2011-01-25T01:16:53+00:00">01:16:53</abbr></a>] <span>* mikey_w (~mike@pool-173-53-37-97.rcmdva.fios.verizon.net) has joined #beagle</span></li>
<li class="quit">[<a href="#T01:17:02" id="T01:17:02"><abbr title="2011-01-25T01:17:02+00:00">01:17:02</abbr></a>] <span>* thaytan_ (~jan@169.222.11.201) Quit (Ping timeout: 255 seconds)</span></li>
<li class="join">[<a href="#T01:17:37" id="T01:17:37"><abbr title="2011-01-25T01:17:37+00:00">01:17:37</abbr></a>] <span>* mrj10 (~mrj10@63.252.64.254) has joined #beagle</span></li>
<li class="join">[<a href="#T01:18:15" id="T01:18:15"><abbr title="2011-01-25T01:18:15+00:00">01:18:15</abbr></a>] <span>* peabody124 (~peabody12@adsl-99-38-20-217.dsl.hstntx.sbcglobal.net) has joined #beagle</span></li>
<li class="message">[<a href="#T01:18:25" id="T01:18:25"><abbr title="2011-01-25T01:18:25+00:00">01:18:25</abbr></a>] &lt;<cite>jkridner|work</cite>&gt; <q>HES: can you pastebin.com the /etc/init.d file that is there?  I don't understand how you can remove the /etc/rc.X files and still have it load.  Also, the dmesg log would be good.</q></li>
<li class="join">[<a href="#T01:18:51" id="T01:18:51"><abbr title="2011-01-25T01:18:51+00:00">01:18:51</abbr></a>] <span>* Ceriand|desktop (~Ceriand@unaffiliated/ceriand) has joined #beagle</span></li>
<li class="message">[<a href="#T01:19:39" id="T01:19:39"><abbr title="2011-01-25T01:19:39+00:00">01:19:39</abbr></a>] &lt;<cite>ds2</cite>&gt; <q>HES: also, dump the contents of /etc/inittab too</q></li>
<li class="message">[<a href="#T01:20:10" id="T01:20:10"><abbr title="2011-01-25T01:20:10+00:00">01:20:10</abbr></a>] &lt;<cite>HES</cite>&gt; <q>thats the thing i couldn't find matrix in the /etc/rcX.d files </q></li>
<li class="message">[<a href="#T01:22:14" id="T01:22:14"><abbr title="2011-01-25T01:22:14+00:00">01:22:14</abbr></a>] &lt;<cite>HES</cite>&gt; <q>i commented out the init.d file and it still loads on startup</q></li>
<li class="message">[<a href="#T01:22:29" id="T01:22:29"><abbr title="2011-01-25T01:22:29+00:00">01:22:29</abbr></a>] &lt;<cite>ds2</cite>&gt; <q>please pastebin /etc/inittab</q></li>
<li class="message">[<a href="#T01:23:35" id="T01:23:35"><abbr title="2011-01-25T01:23:35+00:00">01:23:35</abbr></a>] &lt;<cite>jkridner|work</cite>&gt; <q>HES: do you know how to use pastebin?</q></li>
<li class="message">[<a href="#T01:24:03" id="T01:24:03"><abbr title="2011-01-25T01:24:03+00:00">01:24:03</abbr></a>] &lt;<cite>HES</cite>&gt; <q>i dont access to internet</q></li>
<li class="message">[<a href="#T01:24:18" id="T01:24:18"><abbr title="2011-01-25T01:24:18+00:00">01:24:18</abbr></a>] &lt;<cite>jkridner|work</cite>&gt; <q>how are you on IRC then?</q></li>
<li class="message">[<a href="#T01:24:25" id="T01:24:25"><abbr title="2011-01-25T01:24:25+00:00">01:24:25</abbr></a>] &lt;<cite>HES</cite>&gt; <q>on the beagleboard</q></li>
<li class="message">[<a href="#T01:24:54" id="T01:24:54"><abbr title="2011-01-25T01:24:54+00:00">01:24:54</abbr></a>] &lt;<cite>jkridner|work</cite>&gt; <q>do you have a serial port connection to your BeagleBoard from your PC?</q></li>
<li class="message">[<a href="#T01:25:48" id="T01:25:48"><abbr title="2011-01-25T01:25:48+00:00">01:25:48</abbr></a>] &lt;<cite>HES</cite>&gt; <q>no</q></li>
<li class="message">[<a href="#T01:26:06" id="T01:26:06"><abbr title="2011-01-25T01:26:06+00:00">01:26:06</abbr></a>] &lt;<cite>HES</cite>&gt; <q>but i think i can read from the sd card</q></li>
<li class="message">[<a href="#T01:26:23" id="T01:26:23"><abbr title="2011-01-25T01:26:23+00:00">01:26:23</abbr></a>] &lt;<cite>HES</cite>&gt; <q>but i think windows cant read ext3</q></li>
<li class="message">[<a href="#T01:26:34" id="T01:26:34"><abbr title="2011-01-25T01:26:34+00:00">01:26:34</abbr></a>] &lt;<cite>mru</cite>&gt; <q>there are ext3 drivers for windows</q></li>
<li class="message">[<a href="#T01:26:38" id="T01:26:38"><abbr title="2011-01-25T01:26:38+00:00">01:26:38</abbr></a>] &lt;<cite>jkridner|work</cite>&gt; <q>k, perhaps you could save the logs to the SD card then as files.</q></li>
<li class="message">[<a href="#T01:26:50" id="T01:26:50"><abbr title="2011-01-25T01:26:50+00:00">01:26:50</abbr></a>] &lt;<cite>jkridner|work</cite>&gt; <q>mru: the ext3 drivers I've seen for Windows really bite.</q></li>
<li class="message">[<a href="#T01:26:59" id="T01:26:59"><abbr title="2011-01-25T01:26:59+00:00">01:26:59</abbr></a>] &lt;<cite>mru</cite>&gt; <q>I didn't say they worked</q></li>
<li class="message">[<a href="#T01:27:15" id="T01:27:15"><abbr title="2011-01-25T01:27:15+00:00">01:27:15</abbr></a>] &lt;<cite>mru</cite>&gt; <q>migth be enough to pull some files of a card though</q></li>
<li class="message">[<abbr title="2011-01-25T01:27:15+00:00">01:27:15</abbr>] &lt;<cite>jkridner|work</cite>&gt; <q>maybe there is something better now, but last year they were horrible.</q></li>
<li class="message">[<a href="#T01:27:21" id="T01:27:21"><abbr title="2011-01-25T01:27:21+00:00">01:27:21</abbr></a>] &lt;<cite>jkridner|work</cite>&gt; <q>true.</q></li>
<li class="message">[<a href="#T01:27:30" id="T01:27:30"><abbr title="2011-01-25T01:27:30+00:00">01:27:30</abbr></a>] &lt;<cite>jkridner|work</cite>&gt; <q>easier to install a VM and run Linux in it.</q></li>
<li class="message">[<a href="#T01:27:39" id="T01:27:39"><abbr title="2011-01-25T01:27:39+00:00">01:27:39</abbr></a>] &lt;<cite>ds2</cite>&gt; <q>isn't there a equiv of mtools for ext3 on windows?</q></li>
<li class="message">[<a href="#T01:28:58" id="T01:28:58"><abbr title="2011-01-25T01:28:58+00:00">01:28:58</abbr></a>] &lt;<cite>jkridner|work</cite>&gt; <q>if you have a dual-partitioned SD card, you could write to the FAT partitioned portion.</q></li>
<li class="message">[<a href="#T01:29:32" id="T01:29:32"><abbr title="2011-01-25T01:29:32+00:00">01:29:32</abbr></a>] &lt;<cite>HES</cite>&gt; <q>oh now i get it...</q></li>
<li class="join">[<a href="#T01:30:21" id="T01:30:21"><abbr title="2011-01-25T01:30:21+00:00">01:30:21</abbr></a>] <span>* peabody124_ (~peabody12@adsl-99-160-175-98.dsl.hstntx.sbcglobal.net) has joined #beagle</span></li>
<li class="message">[<a href="#T01:31:07" id="T01:31:07"><abbr title="2011-01-25T01:31:07+00:00">01:31:07</abbr></a>] &lt;<cite>ds2</cite>&gt; <q>got it to work?</q></li>
<li class="quit">[<a href="#T01:32:39" id="T01:32:39"><abbr title="2011-01-25T01:32:39+00:00">01:32:39</abbr></a>] <span>* peabody124 (~peabody12@adsl-99-38-20-217.dsl.hstntx.sbcglobal.net) Quit (Ping timeout: 246 seconds)</span></li>
<li class="nick-change">[<abbr title="2011-01-25T01:32:39+00:00">01:32:39</abbr>] <span>* peabody124_ is now known as peabody124</span></li>
<li class="message">[<a href="#T01:33:09" id="T01:33:09"><abbr title="2011-01-25T01:33:09+00:00">01:33:09</abbr></a>] &lt;<cite>HES</cite>&gt; <q>how do u save as a log</q></li>
<li class="message">[<a href="#T01:33:32" id="T01:33:32"><abbr title="2011-01-25T01:33:32+00:00">01:33:32</abbr></a>] &lt;<cite>HES</cite>&gt; <q>im just copyin the files to boot</q></li>
<li class="message">[<a href="#T01:36:29" id="T01:36:29"><abbr title="2011-01-25T01:36:29+00:00">01:36:29</abbr></a>] &lt;<cite>HES</cite>&gt; <q>also if can i pull out the sd card when angstrom is running</q></li>
<li class="message">[<a href="#T01:36:57" id="T01:36:57"><abbr title="2011-01-25T01:36:57+00:00">01:36:57</abbr></a>] &lt;<cite>jkridner|work</cite>&gt; <q>dmesg &gt; dmesg.txt</q></li>
<li class="message">[<a href="#T01:37:05" id="T01:37:05"><abbr title="2011-01-25T01:37:05+00:00">01:37:05</abbr></a>] &lt;<cite>jkridner|work</cite>&gt; <q>you can't pull out the root file system, no.</q></li>
<li class="message">[<a href="#T01:37:20" id="T01:37:20"><abbr title="2011-01-25T01:37:20+00:00">01:37:20</abbr></a>] &lt;<cite>jkridner|work</cite>&gt; <q>cp /etc/inittab .</q></li>
<li class="message">[<a href="#T01:37:34" id="T01:37:34"><abbr title="2011-01-25T01:37:34+00:00">01:37:34</abbr></a>] &lt;<cite>HES</cite>&gt; <q>i dont see inittab in /etc</q></li>
<li class="message">[<a href="#T01:38:01" id="T01:38:01"><abbr title="2011-01-25T01:38:01+00:00">01:38:01</abbr></a>] &lt;<cite>rcn-ee</cite>&gt; <q>HES, does your beagle's rootfs have the pastebinit tools available?</q></li>
<li class="message">[<a href="#T01:38:28" id="T01:38:28"><abbr title="2011-01-25T01:38:28+00:00">01:38:28</abbr></a>] &lt;<cite>HES</cite>&gt; <q>nv  i see it</q></li>
<li class="message">[<a href="#T01:39:05" id="T01:39:05"><abbr title="2011-01-25T01:39:05+00:00">01:39:05</abbr></a>] &lt;<cite>ds2</cite>&gt; <q>life of a process: boot -&gt; Kernel starts Init -&gt; Init starts rest of userland; inittab configures inittab</q></li>
<li class="message">[<a href="#T01:39:32" id="T01:39:32"><abbr title="2011-01-25T01:39:32+00:00">01:39:32</abbr></a>] &lt;<cite>ds2</cite>&gt; <q>that's the reason why that file is of interest. rc.d/init.d/etc are all artifacts of how init is setup; those names are there by tradition so...</q></li>
<li class="quit">[<a href="#T01:40:05" id="T01:40:05"><abbr title="2011-01-25T01:40:05+00:00">01:40:05</abbr></a>] <span>* phantoxe (~destroy@a89-155-22-187.cpe.netcabo.pt) Quit ()</span></li>
<li class="message">[<a href="#T01:41:51" id="T01:41:51"><abbr title="2011-01-25T01:41:51+00:00">01:41:51</abbr></a>] &lt;<cite>jkridner|work</cite>&gt; <q>rcn-ee: he doesn't have net access from his beagleboard for some reason.</q></li>
<li class="message">[<a href="#T01:42:15" id="T01:42:15"><abbr title="2011-01-25T01:42:15+00:00">01:42:15</abbr></a>] &lt;<cite>rcn-ee</cite>&gt; <q>i thought he was typing on the beagle. ;)</q></li>
<li class="message">[<a href="#T01:42:27" id="T01:42:27"><abbr title="2011-01-25T01:42:27+00:00">01:42:27</abbr></a>] &lt;<cite>ds2</cite>&gt; <q>in that case, enable logging on PC</q></li>
<li class="message">[<a href="#T01:42:30" id="T01:42:30"><abbr title="2011-01-25T01:42:30+00:00">01:42:30</abbr></a>] &lt;<cite>ds2</cite>&gt; <q>cat filename.</q></li>
<li class="message">[<a href="#T01:42:38" id="T01:42:38"><abbr title="2011-01-25T01:42:38+00:00">01:42:38</abbr></a>] &lt;<cite>ds2</cite>&gt; <q>save log. upload log. end of task.</q></li>
<li class="quit">[<a href="#T01:43:09" id="T01:43:09"><abbr title="2011-01-25T01:43:09+00:00">01:43:09</abbr></a>] <span>* hadara_ (hadara@bsd.ee) Quit (Ping timeout: 276 seconds)</span></li>
<li class="message">[<a href="#T01:43:25" id="T01:43:25"><abbr title="2011-01-25T01:43:25+00:00">01:43:25</abbr></a>] &lt;<cite>jkridner|work</cite>&gt; <q>I believe his config is a BeagleBoard connected to a monitor/keyboard/mouse w/o a net connection or serial connection to the PC and a PC running Windows on the Internet.  Is that correct HES?</q></li>
<li class="message">[<a href="#T01:43:27" id="T01:43:27"><abbr title="2011-01-25T01:43:27+00:00">01:43:27</abbr></a>] &lt;<cite>HES</cite>&gt; <q>so is dmesg supposed to save the terminal commands</q></li>
<li class="message">[<a href="#T01:43:39" id="T01:43:39"><abbr title="2011-01-25T01:43:39+00:00">01:43:39</abbr></a>] &lt;<cite>jkridner|work</cite>&gt; <q>I guess at some point he must have his BeagleBoard on a network if running VNC.</q></li>
<li class="message">[<a href="#T01:43:46" id="T01:43:46"><abbr title="2011-01-25T01:43:46+00:00">01:43:46</abbr></a>] &lt;<cite>HES</cite>&gt; <q>yes</q></li>
<li class="message">[<a href="#T01:44:02" id="T01:44:02"><abbr title="2011-01-25T01:44:02+00:00">01:44:02</abbr></a>] &lt;<cite>jkridner|work</cite>&gt; <q>dmesg just prints the console messages output from the kernel.</q></li>
<li class="message">[<a href="#T01:44:40" id="T01:44:40"><abbr title="2011-01-25T01:44:40+00:00">01:44:40</abbr></a>] &lt;<cite>jkridner|work</cite>&gt; <q>er, perhaps not just from the kernel.  I'm not sure what all dmesg contains, but log output to the console.</q></li>
<li class="message">[<abbr title="2011-01-25T01:44:40+00:00">01:44:40</abbr>] &lt;<cite>HES</cite>&gt; <q>is there a way to save the terminal outputs to a text file</q></li>
<li class="message">[<a href="#T01:45:02" id="T01:45:02"><abbr title="2011-01-25T01:45:02+00:00">01:45:02</abbr></a>] &lt;<cite>HES</cite>&gt; <q>copy and paste nm</q></li>
<li class="message">[<a href="#T01:45:08" id="T01:45:08"><abbr title="2011-01-25T01:45:08+00:00">01:45:08</abbr></a>] &lt;<cite>jkridner|work</cite>&gt; <q>you can redirect text output from a program to a file using "&gt;".</q></li>
<li class="join">[<a href="#T01:45:21" id="T01:45:21"><abbr title="2011-01-25T01:45:21+00:00">01:45:21</abbr></a>] <span>* jayabharath (~jayabhara@nat/ti/x-megouxvmgdzixtjq) has joined #beagle</span></li>
<li class="message">[<a href="#T01:45:22" id="T01:45:22"><abbr title="2011-01-25T01:45:22+00:00">01:45:22</abbr></a>] &lt;<cite>jkridner|work</cite>&gt; <q>copy and paste into a file is also certainly doable. :)</q></li>
<li class="join">[<a href="#T01:46:13" id="T01:46:13"><abbr title="2011-01-25T01:46:13+00:00">01:46:13</abbr></a>] <span>* hadara (hadara@bsd.ee) has joined #beagle</span></li>
<li class="message">[<a href="#T01:52:50" id="T01:52:50"><abbr title="2011-01-25T01:52:50+00:00">01:52:50</abbr></a>] &lt;<cite>HES</cite>&gt; <q>sorry its takin so long...</q></li>
<li class="join">[<a href="#T01:52:56" id="T01:52:56"><abbr title="2011-01-25T01:52:56+00:00">01:52:56</abbr></a>] <span>* morrie (86868b46@gateway/web/freenode/ip.134.134.139.70) has joined #beagle</span></li>
<li class="quit">[<a href="#T01:53:26" id="T01:53:26"><abbr title="2011-01-25T01:53:26+00:00">01:53:26</abbr></a>] <span>* morrie (86868b46@gateway/web/freenode/ip.134.134.139.70) Quit (Client Quit)</span></li>
<li class="message">[<a href="#T01:57:05" id="T01:57:05"><abbr title="2011-01-25T01:57:05+00:00">01:57:05</abbr></a>] &lt;<cite>HES</cite>&gt; <q>havin trouble with readin sd card on windows...using the instinct</q></li>
<li class="join">[<a href="#T01:59:24" id="T01:59:24"><abbr title="2011-01-25T01:59:24+00:00">01:59:24</abbr></a>] <span>* peabody124_ (~peabody12@adsl-99-160-175-98.dsl.hstntx.sbcglobal.net) has joined #beagle</span></li>
<li class="quit">[<a href="#T01:59:42" id="T01:59:42"><abbr title="2011-01-25T01:59:42+00:00">01:59:42</abbr></a>] <span>* peabody124 (~peabody12@adsl-99-160-175-98.dsl.hstntx.sbcglobal.net) Quit (Read error: Connection reset by peer)</span></li>
<li class="nick-change">[<abbr title="2011-01-25T01:59:42+00:00">01:59:42</abbr>] <span>* peabody124_ is now known as peabody124</span></li>
<li class="quit">[<a href="#T02:00:02" id="T02:00:02"><abbr title="2011-01-25T02:00:02+00:00">02:00:02</abbr></a>] <span>* jayabharath (~jayabhara@nat/ti/x-megouxvmgdzixtjq) Quit (Ping timeout: 240 seconds)</span></li>
<li class="message">[<a href="#T02:01:08" id="T02:01:08"><abbr title="2011-01-25T02:01:08+00:00">02:01:08</abbr></a>] &lt;<cite>HES</cite>&gt; <q>ill have to go home give u the code later...</q></li>
<li class="message">[<a href="#T02:01:20" id="T02:01:20"><abbr title="2011-01-25T02:01:20+00:00">02:01:20</abbr></a>] &lt;<cite>HES</cite>&gt; <q>im at school rite now...</q></li>
<li class="message">[<a href="#T02:01:59" id="T02:01:59"><abbr title="2011-01-25T02:01:59+00:00">02:01:59</abbr></a>] &lt;<cite>HES</cite>&gt; <q>windows xp cant find driver for readin the card </q></li>
<li class="message">[<a href="#T02:02:26" id="T02:02:26"><abbr title="2011-01-25T02:02:26+00:00">02:02:26</abbr></a>] &lt;<cite>jkridner|work</cite>&gt; <q>can't find a USB flash card reader driver?</q></li>
<li class="message">[<a href="#T02:02:46" id="T02:02:46"><abbr title="2011-01-25T02:02:46+00:00">02:02:46</abbr></a>] &lt;<cite>jkridner|work</cite>&gt; <q>did you write to the FAT partition or the ext3 partition?</q></li>
<li class="message">[<a href="#T02:03:31" id="T02:03:31"><abbr title="2011-01-25T02:03:31+00:00">02:03:31</abbr></a>] &lt;<cite>HES</cite>&gt; <q>rite why didnt i think of that 30 mins ago</q></li>
<li class="message">[<a href="#T02:04:45" id="T02:04:45"><abbr title="2011-01-25T02:04:45+00:00">02:04:45</abbr></a>] &lt;<cite>HES</cite>&gt; <q>how do u specify which partition to write on</q></li>
<li class="quit">[<a href="#T02:08:22" id="T02:08:22"><abbr title="2011-01-25T02:08:22+00:00">02:08:22</abbr></a>] <span>* ZaPPaS (~zappas@stgt-5d841636.pool.mediaWays.net) Quit (Ping timeout: 265 seconds)</span></li>
<li class="message">[<a href="#T02:11:14" id="T02:11:14"><abbr title="2011-01-25T02:11:14+00:00">02:11:14</abbr></a>] &lt;<cite>HES</cite>&gt; <q>i cant see the files in windows...</q></li>
<li class="message">[<a href="#T02:13:34" id="T02:13:34"><abbr title="2011-01-25T02:13:34+00:00">02:13:34</abbr></a>] &lt;<cite>jkridner|work</cite>&gt; <q>the partition is determined by how you've mounted the file systems...</q></li>
<li class="message">[<a href="#T02:13:42" id="T02:13:42"><abbr title="2011-01-25T02:13:42+00:00">02:13:42</abbr></a>] &lt;<cite>jkridner|work</cite>&gt; <q>it shows up in the directory tree where you mounted it.</q></li>
<li class="message">[<a href="#T02:14:02" id="T02:14:02"><abbr title="2011-01-25T02:14:02+00:00">02:14:02</abbr></a>] &lt;<cite>jkridner|work</cite>&gt; <q>try just typing 'mount' to list the mounted file systems.</q></li>
<li class="join">[<a href="#T02:14:32" id="T02:14:32"><abbr title="2011-01-25T02:14:32+00:00">02:14:32</abbr></a>] <span>* dl9pf (~quassel@p5B212371.dip.t-dialin.net) has joined #beagle</span></li>
<li class="quit">[<abbr title="2011-01-25T02:14:32+00:00">02:14:32</abbr>] <span>* dl9pf (~quassel@p5B212371.dip.t-dialin.net) Quit (Changing host)</span></li>
<li class="join">[<abbr title="2011-01-25T02:14:32+00:00">02:14:32</abbr>] <span>* dl9pf (~quassel@opensuse/member/dl9pf) has joined #beagle</span></li>
<li class="message">[<a href="#T02:15:01" id="T02:15:01"><abbr title="2011-01-25T02:15:01+00:00">02:15:01</abbr></a>] &lt;<cite>HES</cite>&gt; <q>so how would i save to fat32 using gedit</q></li>
<li class="message">[<a href="#T02:15:16" id="T02:15:16"><abbr title="2011-01-25T02:15:16+00:00">02:15:16</abbr></a>] &lt;<cite>HES</cite>&gt; <q>using usb drive</q></li>
<li class="quit">[<a href="#T02:15:37" id="T02:15:37"><abbr title="2011-01-25T02:15:37+00:00">02:15:37</abbr></a>] <span>* dl9pf_ (~quassel@p5B215E70.dip.t-dialin.net) Quit (Ping timeout: 255 seconds)</span></li>
<li class="message">[<a href="#T02:15:40" id="T02:15:40"><abbr title="2011-01-25T02:15:40+00:00">02:15:40</abbr></a>] &lt;<cite>jkridner|work</cite>&gt; <q>when you plug in the USB drive, it should show up mounted somewhere....</q></li>
<li class="message">[<a href="#T02:16:28" id="T02:16:28"><abbr title="2011-01-25T02:16:28+00:00">02:16:28</abbr></a>] &lt;<cite>jkridner|work</cite>&gt; <q>you can do 'dmesg' to show you the console messages that would report where 'udev' or whatever might have mounted the file system for you...</q></li>
<li class="message">[<a href="#T02:16:39" id="T02:16:39"><abbr title="2011-01-25T02:16:39+00:00">02:16:39</abbr></a>] &lt;<cite>jkridner|work</cite>&gt; <q>or, you can type 'mount' to list the mounted file systems.</q></li>
<li class="join">[<a href="#T02:17:16" id="T02:17:16"><abbr title="2011-01-25T02:17:16+00:00">02:17:16</abbr></a>] <span>* thaytan_ (~jan@169.222.11.201) has joined #beagle</span></li>
<li class="message">[<a href="#T02:19:55" id="T02:19:55"><abbr title="2011-01-25T02:19:55+00:00">02:19:55</abbr></a>] &lt;<cite>HES</cite>&gt; <q>got it ...now how does pastebin work</q></li>
<li class="join">[<a href="#T02:19:58" id="T02:19:58"><abbr title="2011-01-25T02:19:58+00:00">02:19:58</abbr></a>] <span>* ZaPPaS (~zappas@stgt-4d03344e.pool.mediaWays.net) has joined #beagle</span></li>
<li class="action">[<abbr title="2011-01-25T02:19:58+00:00">02:19:58</abbr>] <span>* jkridner|work is calling it a night if not hearing from someone in another minute or so.</span></li>
<li class="message">[<a href="#T02:20:08" id="T02:20:08"><abbr title="2011-01-25T02:20:08+00:00">02:20:08</abbr></a>] &lt;<cite>jkridner|work</cite>&gt; <q>visit <a href="http://pastebin.com">http://pastebin.com</a> for instructions.</q></li>
<li class="message">[<a href="#T02:20:13" id="T02:20:13"><abbr title="2011-01-25T02:20:13+00:00">02:20:13</abbr></a>] &lt;<cite>HES</cite>&gt; <q><a href="http://pastebin.com/ajhuCH6y">http://pastebin.com/ajhuCH6y</a></q></li>
<li class="message">[<a href="#T02:23:28" id="T02:23:28"><abbr title="2011-01-25T02:23:28+00:00">02:23:28</abbr></a>] &lt;<cite>HES</cite>&gt; <q>does the link work?</q></li>
<li class="message">[<a href="#T02:25:57" id="T02:25:57"><abbr title="2011-01-25T02:25:57+00:00">02:25:57</abbr></a>] &lt;<cite>jkridner|work</cite>&gt; <q>any of us can just click on the link and see the text now.</q></li>
<li class="message">[<a href="#T02:27:34" id="T02:27:34"><abbr title="2011-01-25T02:27:34+00:00">02:27:34</abbr></a>] &lt;<cite>jkridner|work</cite>&gt; <q>what about the contents of /etc/init.d?</q></li>
<li class="join">[<a href="#T02:28:26" id="T02:28:26"><abbr title="2011-01-25T02:28:26+00:00">02:28:26</abbr></a>] <span>* michael (81bafc2b@gateway/web/freenode/ip.129.186.252.43) has joined #beagle</span></li>
<li class="message">[<a href="#T02:28:43" id="T02:28:43"><abbr title="2011-01-25T02:28:43+00:00">02:28:43</abbr></a>] &lt;<cite>jkridner|work</cite>&gt; <q>from what I see, I'd think it'd need to be linked in /etc/rc.5, but I could easily be missing it--it might be part of Xinit.</q></li>
<li class="nick-change">[<a href="#T02:28:53" id="T02:28:53"><abbr title="2011-01-25T02:28:53+00:00">02:28:53</abbr></a>] <span>* michael is now known as Guest87683</span></li>
<li class="message">[<a href="#T02:29:03" id="T02:29:03"><abbr title="2011-01-25T02:29:03+00:00">02:29:03</abbr></a>] &lt;<cite>HES</cite>&gt; <q><a href="http://pastebin.com/jyxmd540">http://pastebin.com/jyxmd540</a></q></li>
<li class="action">[<a href="#T02:29:16" id="T02:29:16"><abbr title="2011-01-25T02:29:16+00:00">02:29:16</abbr></a>] <span>* jkridner|work looks at <a href="http://gitorious.org/~Jadon/angstrom/jadon-openembedded/blobs/validation-20100805b/recipes/ti/matrix-gui_svn.bb">http://gitorious.org/~Jadon/angstrom/jadon-openembedded/blobs/validation-20100805b/recipes/ti/matrix-gui_svn.bb</a></span></li>
<li class="message">[<a href="#T02:29:33" id="T02:29:33"><abbr title="2011-01-25T02:29:33+00:00">02:29:33</abbr></a>] &lt;<cite>jkridner|work</cite>&gt; <q>have you tried 'opkg remove matrix-gui-autostart'?</q></li>
<li class="message">[<a href="#T02:30:03" id="T02:30:03"><abbr title="2011-01-25T02:30:03+00:00">02:30:03</abbr></a>] &lt;<cite>HES</cite>&gt; <q>no ill try that</q></li>
<li class="message">[<a href="#T02:31:07" id="T02:31:07"><abbr title="2011-01-25T02:31:07+00:00">02:31:07</abbr></a>] &lt;<cite>HES</cite>&gt; <q>ok it removed it...</q></li>
<li class="message">[<a href="#T02:31:43" id="T02:31:43"><abbr title="2011-01-25T02:31:43+00:00">02:31:43</abbr></a>] &lt;<cite>HES</cite>&gt; <q>so one last question if i want to add an executable file to run on startup</q></li>
<li class="message">[<a href="#T02:31:59" id="T02:31:59"><abbr title="2011-01-25T02:31:59+00:00">02:31:59</abbr></a>] &lt;<cite>HES</cite>&gt; <q>do i just put it in the rc5.d file</q></li>
<li class="message">[<a href="#T02:35:03" id="T02:35:03"><abbr title="2011-01-25T02:35:03+00:00">02:35:03</abbr></a>] &lt;<cite>jkridner|work</cite>&gt; <q>generally, you put the script to start it up in /etc/init.d, then you add a link to it in /etc/rc5.d</q></li>
<li class="message">[<a href="#T02:35:25" id="T02:35:25"><abbr title="2011-01-25T02:35:25+00:00">02:35:25</abbr></a>] &lt;<cite>jkridner|work</cite>&gt; <q>you'd name the link SXX, where XX is the # that indicates where you'd like to start it.</q></li>
<li class="message">[<a href="#T02:36:42" id="T02:36:42"><abbr title="2011-01-25T02:36:42+00:00">02:36:42</abbr></a>] &lt;<cite>HES</cite>&gt; <q>so all the files in rc.d execute from small # to big #</q></li>
<li class="message">[<a href="#T02:39:00" id="T02:39:00"><abbr title="2011-01-25T02:39:00+00:00">02:39:00</abbr></a>] &lt;<cite>HES</cite>&gt; <q>thanks for all your help</q></li>
<li class="quit">[<a href="#T02:40:03" id="T02:40:03"><abbr title="2011-01-25T02:40:03+00:00">02:40:03</abbr></a>] <span>* Zoxc (Zoxc@ti0128a380-dhcp0824.bb.online.no) Quit ()</span></li>
<li class="message">[<a href="#T02:41:26" id="T02:41:26"><abbr title="2011-01-25T02:41:26+00:00">02:41:26</abbr></a>] &lt;<cite>jkridner|work</cite>&gt; <q>yup.</q></li>
<li class="quit">[<a href="#T02:42:37" id="T02:42:37"><abbr title="2011-01-25T02:42:37+00:00">02:42:37</abbr></a>] <span>* Guest87683 (81bafc2b@gateway/web/freenode/ip.129.186.252.43) Quit (Ping timeout: 265 seconds)</span></li>
<li class="message">[<a href="#T02:45:09" id="T02:45:09"><abbr title="2011-01-25T02:45:09+00:00">02:45:09</abbr></a>] &lt;<cite>HES</cite>&gt; <q>when i try to start matrix_gui from the command line i cant remove it...</q></li>
<li class="message">[<a href="#T02:47:08" id="T02:47:08"><abbr title="2011-01-25T02:47:08+00:00">02:47:08</abbr></a>] &lt;<cite>HES</cite>&gt; <q>i do: /etc/init.d/matrix-gui-e start then /etc/init.d/matrix-gui-e stop but i error</q></li>
<li class="quit">[<a href="#T02:47:17" id="T02:47:17"><abbr title="2011-01-25T02:47:17+00:00">02:47:17</abbr></a>] <span>* Dan______ (8053c41a@gateway/web/freenode/ip.128.83.196.26) Quit (Quit: Page closed)</span></li>
<li class="message">[<a href="#T02:47:21" id="T02:47:21"><abbr title="2011-01-25T02:47:21+00:00">02:47:21</abbr></a>] &lt;<cite>HES</cite>&gt; <q>with matrix still on screen</q></li>
<li class="quit">[<a href="#T02:50:21" id="T02:50:21"><abbr title="2011-01-25T02:50:21+00:00">02:50:21</abbr></a>] <span>* orkun (907aa7c7@gateway/web/freenode/ip.144.122.167.199) Quit (Ping timeout: 265 seconds)</span></li>
<li class="message">[<a href="#T02:50:32" id="T02:50:32"><abbr title="2011-01-25T02:50:32+00:00">02:50:32</abbr></a>] &lt;<cite>HES</cite>&gt; <q>i guess ill just find the script that run when the close button is pressed</q></li>
<li class="join">[<a href="#T02:55:24" id="T02:55:24"><abbr title="2011-01-25T02:55:24+00:00">02:55:24</abbr></a>] <span>* torez (~torez@cpe-70-113-200-19.austin.res.rr.com) has joined #beagle</span></li>
<li class="quit">[<abbr title="2011-01-25T02:55:24+00:00">02:55:24</abbr>] <span>* torez (~torez@cpe-70-113-200-19.austin.res.rr.com) Quit (Changing host)</span></li>
<li class="join">[<abbr title="2011-01-25T02:55:24+00:00">02:55:24</abbr>] <span>* torez (~torez@linaro/torez) has joined #beagle</span></li>
<li class="quit">[<a href="#T02:56:05" id="T02:56:05"><abbr title="2011-01-25T02:56:05+00:00">02:56:05</abbr></a>] <span>* torez (~torez@linaro/torez) Quit (Client Quit)</span></li>
<li class="join">[<a href="#T02:56:26" id="T02:56:26"><abbr title="2011-01-25T02:56:26+00:00">02:56:26</abbr></a>] <span>* torez (~torez@linaro/torez) has joined #beagle</span></li>
<li class="join">[<a href="#T02:57:55" id="T02:57:55"><abbr title="2011-01-25T02:57:55+00:00">02:57:55</abbr></a>] <span>* morrie (47ca368d@gateway/web/freenode/ip.71.202.54.141) has joined #beagle</span></li>
<li class="message">[<a href="#T02:58:46" id="T02:58:46"><abbr title="2011-01-25T02:58:46+00:00">02:58:46</abbr></a>] &lt;<cite>morrie</cite>&gt; <q>helllooooo!</q></li>
<li class="join">[<a href="#T02:58:52" id="T02:58:52"><abbr title="2011-01-25T02:58:52+00:00">02:58:52</abbr></a>] <span>* Dan__ (8053c41a@gateway/web/freenode/ip.128.83.196.26) has joined #beagle</span></li>
<li class="quit">[<a href="#T02:59:03" id="T02:59:03"><abbr title="2011-01-25T02:59:03+00:00">02:59:03</abbr></a>] <span>* tgabe (4cb8820b@gateway/web/freenode/ip.76.184.130.11) Quit (Ping timeout: 265 seconds)</span></li>
<li class="quit">[<a href="#T03:05:19" id="T03:05:19"><abbr title="2011-01-25T03:05:19+00:00">03:05:19</abbr></a>] <span>* CMoH-notebook (~cipi@unaffiliated/c-moh) Quit (Remote host closed the connection)</span></li>
<li class="message">[<a href="#T03:09:08" id="T03:09:08"><abbr title="2011-01-25T03:09:08+00:00">03:09:08</abbr></a>] &lt;<cite>Dan__</cite>&gt; <q>hey is jason here? cwicks told me to look here</q></li>
<li class="quit">[<a href="#T03:11:03" id="T03:11:03"><abbr title="2011-01-25T03:11:03+00:00">03:11:03</abbr></a>] <span>* torez (~torez@linaro/torez) Quit (Ping timeout: 240 seconds)</span></li>
<li class="join">[<a href="#T03:15:43" id="T03:15:43"><abbr title="2011-01-25T03:15:43+00:00">03:15:43</abbr></a>] <span>* alancam (~a-campbel@nat/ti/x-kmgvpivwrryndcia) has joined #beagle</span></li>
<li class="message">[<a href="#T03:27:31" id="T03:27:31"><abbr title="2011-01-25T03:27:31+00:00">03:27:31</abbr></a>] &lt;<cite>morrie</cite>&gt; <q>monkey!</q></li>
<li class="join">[<a href="#T03:29:18" id="T03:29:18"><abbr title="2011-01-25T03:29:18+00:00">03:29:18</abbr></a>] <span>* peabody124_ (~peabody12@adsl-99-163-128-108.dsl.hstntx.sbcglobal.net) has joined #beagle</span></li>
<li class="quit">[<a href="#T03:33:00" id="T03:33:00"><abbr title="2011-01-25T03:33:00+00:00">03:33:00</abbr></a>] <span>* peabody124 (~peabody12@adsl-99-160-175-98.dsl.hstntx.sbcglobal.net) Quit (Ping timeout: 276 seconds)</span></li>
<li class="nick-change">[<abbr title="2011-01-25T03:33:00+00:00">03:33:00</abbr>] <span>* peabody124_ is now known as peabody124</span></li>
<li class="quit">[<a href="#T03:33:56" id="T03:33:56"><abbr title="2011-01-25T03:33:56+00:00">03:33:56</abbr></a>] <span>* baobrien (~baobrien@cm74-226.madisontelco.com) Quit (Quit: Ex-Chat)</span></li>
<li class="join">[<a href="#T03:34:18" id="T03:34:18"><abbr title="2011-01-25T03:34:18+00:00">03:34:18</abbr></a>] <span>* baobrien (~baobrien@cm74-226.madisontelco.com) has joined #beagle</span></li>
<li class="quit">[<a href="#T03:46:08" id="T03:46:08"><abbr title="2011-01-25T03:46:08+00:00">03:46:08</abbr></a>] <span>* Jefro1 (~jefro@cust-67-203-89-34.static.o1.com) Quit (Ping timeout: 276 seconds)</span></li>
<li class="join">[<a href="#T03:50:26" id="T03:50:26"><abbr title="2011-01-25T03:50:26+00:00">03:50:26</abbr></a>] <span>* Jefro (~jefro@cust-67-203-89-34.static.o1.com) has joined #beagle</span></li>
<li class="quit">[<a href="#T04:01:41" id="T04:01:41"><abbr title="2011-01-25T04:01:41+00:00">04:01:41</abbr></a>] <span>* mikey_w (~mike@pool-173-53-37-97.rcmdva.fios.verizon.net) Quit (Remote host closed the connection)</span></li>
<li class="join">[<a href="#T04:07:04" id="T04:07:04"><abbr title="2011-01-25T04:07:04+00:00">04:07:04</abbr></a>] <span>* mikey_w (~mike@pool-173-53-37-97.rcmdva.fios.verizon.net) has joined #beagle</span></li>
<li class="join">[<a href="#T04:08:17" id="T04:08:17"><abbr title="2011-01-25T04:08:17+00:00">04:08:17</abbr></a>] <span>* aholler_ (~aholler@p57B205BA.dip0.t-ipconnect.de) has joined #beagle</span></li>
<li class="quit">[<a href="#T04:11:14" id="T04:11:14"><abbr title="2011-01-25T04:11:14+00:00">04:11:14</abbr></a>] <span>* aholler (~aholler@p57B20405.dip0.t-ipconnect.de) Quit (Ping timeout: 240 seconds)</span></li>
<li class="quit">[<a href="#T04:12:32" id="T04:12:32"><abbr title="2011-01-25T04:12:32+00:00">04:12:32</abbr></a>] <span>* thaytan_ (~jan@169.222.11.201) Quit (Ping timeout: 255 seconds)</span></li>
<li class="join">[<a href="#T04:15:24" id="T04:15:24"><abbr title="2011-01-25T04:15:24+00:00">04:15:24</abbr></a>] <span>* peabody124_ (~peabody12@adsl-99-29-120-87.dsl.hstntx.sbcglobal.net) has joined #beagle</span></li>
<li class="quit">[<a href="#T04:18:05" id="T04:18:05"><abbr title="2011-01-25T04:18:05+00:00">04:18:05</abbr></a>] <span>* peabody124 (~peabody12@adsl-99-163-128-108.dsl.hstntx.sbcglobal.net) Quit (Ping timeout: 264 seconds)</span></li>
<li class="nick-change">[<abbr title="2011-01-25T04:18:05+00:00">04:18:05</abbr>] <span>* peabody124_ is now known as peabody124</span></li>
<li class="join">[<a href="#T04:27:19" id="T04:27:19"><abbr title="2011-01-25T04:27:19+00:00">04:27:19</abbr></a>] <span>* thaytan (~jan@169.222.11.201) has joined #beagle</span></li>
<li class="join">[<a href="#T04:31:31" id="T04:31:31"><abbr title="2011-01-25T04:31:31+00:00">04:31:31</abbr></a>] <span>* NishanthMenon (~nmenon@nat/ti/x-fqloxccxkvbweuqv) has joined #beagle</span></li>
<li class="quit">[<a href="#T04:31:35" id="T04:31:35"><abbr title="2011-01-25T04:31:35+00:00">04:31:35</abbr></a>] <span>* b7500af1 (~vt@2001:468:c80:4240:21c:bfff:fe8b:9c32) Quit (Read error: Operation timed out)</span></li>
<li class="join">[<a href="#T04:31:51" id="T04:31:51"><abbr title="2011-01-25T04:31:51+00:00">04:31:51</abbr></a>] <span>* b7500af1 (~vt@2001:468:c80:4240:21c:bfff:fe8b:9c32) has joined #beagle</span></li>
<li class="quit">[<a href="#T04:33:48" id="T04:33:48"><abbr title="2011-01-25T04:33:48+00:00">04:33:48</abbr></a>] <span>* peabody124 (~peabody12@adsl-99-29-120-87.dsl.hstntx.sbcglobal.net) Quit (Read error: Connection reset by peer)</span></li>
<li class="join">[<a href="#T04:40:04" id="T04:40:04"><abbr title="2011-01-25T04:40:04+00:00">04:40:04</abbr></a>] <span>* jayabharath (~jayabhara@nat/ti/x-cqnzaubrxqnomtdq) has joined #beagle</span></li>
<li class="join">[<a href="#T04:49:20" id="T04:49:20"><abbr title="2011-01-25T04:49:20+00:00">04:49:20</abbr></a>] <span>* pupnik_ (~pupnik@p548666A0.dip.t-dialin.net) has joined #beagle</span></li>
<li class="quit">[<a href="#T04:52:09" id="T04:52:09"><abbr title="2011-01-25T04:52:09+00:00">04:52:09</abbr></a>] <span>* pupnik (~pupnik@unaffiliated/pupnik) Quit (Ping timeout: 246 seconds)</span></li>
<li class="quit">[<a href="#T04:59:19" id="T04:59:19"><abbr title="2011-01-25T04:59:19+00:00">04:59:19</abbr></a>] <span>* Crofton (~balister@adsl-75-37-22-143.dsl.pltn13.sbcglobal.net) Quit (Quit: Leaving)</span></li>
<li class="nick-change">[<a href="#T05:01:59" id="T05:01:59"><abbr title="2011-01-25T05:01:59+00:00">05:01:59</abbr></a>] <span>* pupnik_ is now known as pupnik</span></li>
<li class="join">[<a href="#T05:08:06" id="T05:08:06"><abbr title="2011-01-25T05:08:06+00:00">05:08:06</abbr></a>] <span>* jrmuizel (~jrmuizel@CPE001f5be79d0f-CM0017ee62f8b0.cpe.net.cable.rogers.com) has joined #beagle</span></li>
<li class="quit">[<a href="#T05:16:26" id="T05:16:26"><abbr title="2011-01-25T05:16:26+00:00">05:16:26</abbr></a>] <span>* thaytan (~jan@169.222.11.201) Quit (Ping timeout: 255 seconds)</span></li>
<li class="join">[<a href="#T05:20:57" id="T05:20:57"><abbr title="2011-01-25T05:20:57+00:00">05:20:57</abbr></a>] <span>* hitlin37 (6eea0302@gateway/web/freenode/ip.110.234.3.2) has joined #beagle</span></li>
<li class="quit">[<a href="#T05:29:31" id="T05:29:31"><abbr title="2011-01-25T05:29:31+00:00">05:29:31</abbr></a>] <span>* topfs2 (~topfs2@xbmc/staff/topfs2) Quit (Read error: Connection reset by peer)</span></li>
<li class="quit">[<a href="#T05:38:36" id="T05:38:36"><abbr title="2011-01-25T05:38:36+00:00">05:38:36</abbr></a>] <span>* alancam (~a-campbel@nat/ti/x-kmgvpivwrryndcia) Quit ()</span></li>
<li class="quit">[<a href="#T05:47:48" id="T05:47:48"><abbr title="2011-01-25T05:47:48+00:00">05:47:48</abbr></a>] <span>* baobrien (~baobrien@cm74-226.madisontelco.com) Quit (Ping timeout: 246 seconds)</span></li>
<li class="join">[<a href="#T06:03:55" id="T06:03:55"><abbr title="2011-01-25T06:03:55+00:00">06:03:55</abbr></a>] <span>* thaytan (~jan@169.222.11.201) has joined #beagle</span></li>
<li class="join">[<a href="#T06:08:45" id="T06:08:45"><abbr title="2011-01-25T06:08:45+00:00">06:08:45</abbr></a>] <span>* peabody124 (~peabody12@adsl-99-29-120-87.dsl.hstntx.sbcglobal.net) has joined #beagle</span></li>
<li class="quit">[<a href="#T06:11:08" id="T06:11:08"><abbr title="2011-01-25T06:11:08+00:00">06:11:08</abbr></a>] <span>* jayabharath (~jayabhara@nat/ti/x-cqnzaubrxqnomtdq) Quit (Ping timeout: 272 seconds)</span></li>
<li class="join">[<a href="#T06:16:47" id="T06:16:47"><abbr title="2011-01-25T06:16:47+00:00">06:16:47</abbr></a>] <span>* Crofton (~balister@207.47.37.2.static.nextweb.net) has joined #beagle</span></li>
<li class="quit">[<a href="#T06:39:06" id="T06:39:06"><abbr title="2011-01-25T06:39:06+00:00">06:39:06</abbr></a>] <span>* Luca256 (~coelho@a88-113-230-203.elisa-laajakaista.fi) Quit (Quit: leaving)</span></li>
<li class="quit">[<a href="#T06:40:16" id="T06:40:16"><abbr title="2011-01-25T06:40:16+00:00">06:40:16</abbr></a>] <span>* jrmuizel (~jrmuizel@CPE001f5be79d0f-CM0017ee62f8b0.cpe.net.cable.rogers.com) Quit (Quit: jrmuizel)</span></li>
<li class="join">[<a href="#T06:42:56" id="T06:42:56"><abbr title="2011-01-25T06:42:56+00:00">06:42:56</abbr></a>] <span>* tasslehoff (~Tasslehof@147.84-49-231.nextgentel.com) has joined #beagle</span></li>
<li class="join">[<a href="#T06:45:15" id="T06:45:15"><abbr title="2011-01-25T06:45:15+00:00">06:45:15</abbr></a>] <span>* Luca256 (~coelho@a88-113-230-203.elisa-laajakaista.fi) has joined #beagle</span></li>
<li class="quit">[<a href="#T06:48:41" id="T06:48:41"><abbr title="2011-01-25T06:48:41+00:00">06:48:41</abbr></a>] <span>* thaytan (~jan@169.222.11.201) Quit (Ping timeout: 255 seconds)</span></li>
<li class="join">[<a href="#T06:57:31" id="T06:57:31"><abbr title="2011-01-25T06:57:31+00:00">06:57:31</abbr></a>] <span>* lyakh (~lyakh@pD9EB8F55.dip0.t-ipconnect.de) has joined #beagle</span></li>
<li class="join">[<a href="#T06:59:17" id="T06:59:17"><abbr title="2011-01-25T06:59:17+00:00">06:59:17</abbr></a>] <span>* jpirko (~jirka@ip-89-102-7-191.net.upcbroadband.cz) has joined #beagle</span></li>
<li class="join">[<a href="#T07:01:03" id="T07:01:03"><abbr title="2011-01-25T07:01:03+00:00">07:01:03</abbr></a>] <span>* amitk (~amit@a91-154-124-12.elisa-laajakaista.fi) has joined #beagle</span></li>
<li class="join">[<a href="#T07:18:23" id="T07:18:23"><abbr title="2011-01-25T07:18:23+00:00">07:18:23</abbr></a>] <span>* skodabenz (~keshav_pr@115.248.50.21) has joined #beagle</span></li>
<li class="part">[<a href="#T07:19:23" id="T07:19:23"><abbr title="2011-01-25T07:19:23+00:00">07:19:23</abbr></a>] <span>* skodabenz (~keshav_pr@115.248.50.21) has left #beagle</span></li>
<li class="join">[<a href="#T07:23:18" id="T07:23:18"><abbr title="2011-01-25T07:23:18+00:00">07:23:18</abbr></a>] <span>* yash (736f0c82@gateway/web/freenode/ip.115.111.12.130) has joined #beagle</span></li>
<li class="message">[<a href="#T07:23:28" id="T07:23:28"><abbr title="2011-01-25T07:23:28+00:00">07:23:28</abbr></a>] &lt;<cite>yash</cite>&gt; <q>hi</q></li>
<li class="message">[<a href="#T07:23:37" id="T07:23:37"><abbr title="2011-01-25T07:23:37+00:00">07:23:37</abbr></a>] &lt;<cite>yash</cite>&gt; <q>i have a problem with booting kernel</q></li>
<li class="quit">[<a href="#T07:23:47" id="T07:23:47"><abbr title="2011-01-25T07:23:47+00:00">07:23:47</abbr></a>] <span>* yash (736f0c82@gateway/web/freenode/ip.115.111.12.130) Quit (Client Quit)</span></li>
<li class="join">[<a href="#T07:25:22" id="T07:25:22"><abbr title="2011-01-25T07:25:22+00:00">07:25:22</abbr></a>] <span>* yash (736f0c82@gateway/web/freenode/ip.115.111.12.130) has joined #beagle</span></li>
<li class="message">[<a href="#T07:25:26" id="T07:25:26"><abbr title="2011-01-25T07:25:26+00:00">07:25:26</abbr></a>] &lt;<cite>yash</cite>&gt; <q>hello</q></li>
<li class="message">[<a href="#T07:25:29" id="T07:25:29"><abbr title="2011-01-25T07:25:29+00:00">07:25:29</abbr></a>] &lt;<cite>yash</cite>&gt; <q>any one there??</q></li>
<li class="message">[<a href="#T07:25:32" id="T07:25:32"><abbr title="2011-01-25T07:25:32+00:00">07:25:32</abbr></a>] &lt;<cite>yash</cite>&gt; <q>We have OMAP3530 board from Boardcon company. It is the same as EMA DEV3530. They have given the board with preloaded boot files in NAND. So, when we boot it from NAND , it works fine. But, when we followed the instructions in the manual given by you and try to boot the board from a SD card, it doesn't work. We have used the Boot files given in the CD-ROM. Please let us know what went wrong , and suggest a possible solution.  U-Boot 20</q></li>
<li class="quit">[<a href="#T07:26:30" id="T07:26:30"><abbr title="2011-01-25T07:26:30+00:00">07:26:30</abbr></a>] <span>* yash (736f0c82@gateway/web/freenode/ip.115.111.12.130) Quit (Client Quit)</span></li>
<li class="message">[<a href="#T07:30:07" id="T07:30:07"><abbr title="2011-01-25T07:30:07+00:00">07:30:07</abbr></a>] &lt;<cite>pupnik</cite>&gt; <q>3 minutes.  Below average, even for a @gateway/web/freenode/ chatter</q></li>
<li class="message">[<a href="#T07:32:32" id="T07:32:32"><abbr title="2011-01-25T07:32:32+00:00">07:32:32</abbr></a>] &lt;<cite>isbric</cite>&gt; <q>yash First off read up on the wiki elinux.org, also try one of the demo images. </q></li>
<li class="quit">[<a href="#T07:32:43" id="T07:32:43"><abbr title="2011-01-25T07:32:43+00:00">07:32:43</abbr></a>] <span>* lag (~lag@ubuntu/member/lag) Quit (Quit: Coyote finally caught me)</span></li>
<li class="message">[<a href="#T07:32:45" id="T07:32:45"><abbr title="2011-01-25T07:32:45+00:00">07:32:45</abbr></a>] &lt;<cite>isbric</cite>&gt; <q>oh :/</q></li>
<li class="join">[<a href="#T07:33:31" id="T07:33:31"><abbr title="2011-01-25T07:33:31+00:00">07:33:31</abbr></a>] <span>* eFfeM (~frans@j200125.upc-j.chello.nl) has joined #beagle</span></li>
<li class="join">[<a href="#T07:37:06" id="T07:37:06"><abbr title="2011-01-25T07:37:06+00:00">07:37:06</abbr></a>] <span>* lag (~lag@cpc2-aztw21-0-0-cust264.aztw.cable.virginmedia.com) has joined #beagle</span></li>
<li class="quit">[<abbr title="2011-01-25T07:37:06+00:00">07:37:06</abbr>] <span>* lag (~lag@cpc2-aztw21-0-0-cust264.aztw.cable.virginmedia.com) Quit (Changing host)</span></li>
<li class="join">[<abbr title="2011-01-25T07:37:06+00:00">07:37:06</abbr>] <span>* lag (~lag@ubuntu/member/lag) has joined #beagle</span></li>
<li class="message">[<a href="#T07:42:42" id="T07:42:42"><abbr title="2011-01-25T07:42:42+00:00">07:42:42</abbr></a>] &lt;<cite>pupnik</cite>&gt; <q>maybe the web interface should be for-pay only</q></li>
<li class="quit">[<a href="#T07:45:40" id="T07:45:40"><abbr title="2011-01-25T07:45:40+00:00">07:45:40</abbr></a>] <span>* hitlin37 (6eea0302@gateway/web/freenode/ip.110.234.3.2) Quit (Ping timeout: 265 seconds)</span></li>
<li class="message">[<a href="#T07:47:19" id="T07:47:19"><abbr title="2011-01-25T07:47:19+00:00">07:47:19</abbr></a>] &lt;<cite>aholler_</cite>&gt; <q>the more time you spend waiting the cheaper it is?</q></li>
<li class="nick-change">[<a href="#T07:47:24" id="T07:47:24"><abbr title="2011-01-25T07:47:24+00:00">07:47:24</abbr></a>] <span>* aholler_ is now known as aholler</span></li>
<li class="message">[<a href="#T07:51:44" id="T07:51:44"><abbr title="2011-01-25T07:51:44+00:00">07:51:44</abbr></a>] &lt;<cite>isbric</cite>&gt; <q>s/waiting/googeling/</q></li>
<li class="message">[<a href="#T07:53:03" id="T07:53:03"><abbr title="2011-01-25T07:53:03+00:00">07:53:03</abbr></a>] &lt;<cite>aholler</cite>&gt; <q>I assume people confuse the web-interface with a support-hotline.</q></li>
<li class="join">[<a href="#T07:58:01" id="T07:58:01"><abbr title="2011-01-25T07:58:01+00:00">07:58:01</abbr></a>] <span>* Badiss (~Badiss@LSt-Amand-152-31-12-194.w193-253.abo.wanadoo.fr) has joined #beagle</span></li>
<li class="message">[<a href="#T08:01:55" id="T08:01:55"><abbr title="2011-01-25T08:01:55+00:00">08:01:55</abbr></a>] &lt;<cite>AlTheKiller</cite>&gt; <q>Assume, confuse. Sounds like people to me.</q></li>
<li class="quit">[<a href="#T08:03:39" id="T08:03:39"><abbr title="2011-01-25T08:03:39+00:00">08:03:39</abbr></a>] <span>* eFfeM (~frans@j200125.upc-j.chello.nl) Quit (Quit: Leaving.)</span></li>
<li class="join">[<a href="#T08:04:16" id="T08:04:16"><abbr title="2011-01-25T08:04:16+00:00">08:04:16</abbr></a>] <span>* courville (~courville@archos.rain.fr) has joined #beagle</span></li>
<li class="quit">[<a href="#T08:18:10" id="T08:18:10"><abbr title="2011-01-25T08:18:10+00:00">08:18:10</abbr></a>] <span>* ghoti (~paul@74-51-38-192.telnetcommunications.com) Quit (Ping timeout: 260 seconds)</span></li>
<li class="join">[<a href="#T08:24:04" id="T08:24:04"><abbr title="2011-01-25T08:24:04+00:00">08:24:04</abbr></a>] <span>* ghoti (~paul@74-51-38-192.telnetcommunications.com) has joined #beagle</span></li>
<li class="quit">[<a href="#T08:24:45" id="T08:24:45"><abbr title="2011-01-25T08:24:45+00:00">08:24:45</abbr></a>] <span>* pupnik (~pupnik@p548666A0.dip.t-dialin.net) Quit (Changing host)</span></li>
<li class="join">[<abbr title="2011-01-25T08:24:45+00:00">08:24:45</abbr>] <span>* pupnik (~pupnik@unaffiliated/pupnik) has joined #beagle</span></li>
<li class="quit">[<a href="#T08:26:21" id="T08:26:21"><abbr title="2011-01-25T08:26:21+00:00">08:26:21</abbr></a>] <span>* Ceriand|desktop (~Ceriand@unaffiliated/ceriand) Quit (Quit: Leaving.)</span></li>
<li class="quit">[<a href="#T08:27:14" id="T08:27:14"><abbr title="2011-01-25T08:27:14+00:00">08:27:14</abbr></a>] <span>* morrie (47ca368d@gateway/web/freenode/ip.71.202.54.141) Quit (Ping timeout: 265 seconds)</span></li>
<li class="join">[<a href="#T08:29:37" id="T08:29:37"><abbr title="2011-01-25T08:29:37+00:00">08:29:37</abbr></a>] <span>* drakkan1000 (~drakkan@dynamic-adsl-78-13-219-171.clienti.tiscali.it) has joined #beagle</span></li>
<li class="join">[<a href="#T08:36:25" id="T08:36:25"><abbr title="2011-01-25T08:36:25+00:00">08:36:25</abbr></a>] <span>* flo_lap (~fuchs@82.113.119.235) has joined #beagle</span></li>
<li class="quit">[<abbr title="2011-01-25T08:36:25+00:00">08:36:25</abbr>] <span>* flo_lap (~fuchs@82.113.119.235) Quit (Changing host)</span></li>
<li class="join">[<abbr title="2011-01-25T08:36:25+00:00">08:36:25</abbr>] <span>* flo_lap (~fuchs@Maemo/community/contributor/florian) has joined #beagle</span></li>
<li class="join">[<a href="#T08:37:42" id="T08:37:42"><abbr title="2011-01-25T08:37:42+00:00">08:37:42</abbr></a>] <span>* hitlin37 (6eea0302@gateway/web/freenode/ip.110.234.3.2) has joined #beagle</span></li>
<li class="join">[<a href="#T08:49:28" id="T08:49:28"><abbr title="2011-01-25T08:49:28+00:00">08:49:28</abbr></a>] <span>* mpoirier (~quassel@29-39.80-90.static-ip.oleane.fr) has joined #beagle</span></li>
<li class="quit">[<a href="#T08:51:54" id="T08:51:54"><abbr title="2011-01-25T08:51:54+00:00">08:51:54</abbr></a>] <span>* chase (~chase@nat/ti/x-ovgjsapmdxzifkcc) Quit (Ping timeout: 246 seconds)</span></li>
<li class="join">[<a href="#T08:57:36" id="T08:57:36"><abbr title="2011-01-25T08:57:36+00:00">08:57:36</abbr></a>] <span>* chase (~chase@nat/ti/x-ijcqicstdlbdxjzd) has joined #beagle</span></li>
<li class="join">[<a href="#T09:02:14" id="T09:02:14"><abbr title="2011-01-25T09:02:14+00:00">09:02:14</abbr></a>] <span>* niclas (~niclas@nat/ti/x-qwrtoeizmfdwcwsh) has joined #beagle</span></li>
<li class="quit">[<a href="#T09:03:58" id="T09:03:58"><abbr title="2011-01-25T09:03:58+00:00">09:03:58</abbr></a>] <span>* hitlin37 (6eea0302@gateway/web/freenode/ip.110.234.3.2) Quit (Ping timeout: 265 seconds)</span></li>
<li class="join">[<a href="#T09:10:10" id="T09:10:10"><abbr title="2011-01-25T09:10:10+00:00">09:10:10</abbr></a>] <span>* skodabenz (~keshav_pr@115.248.50.21) has joined #beagle</span></li>
<li class="join">[<a href="#T09:10:57" id="T09:10:57"><abbr title="2011-01-25T09:10:57+00:00">09:10:57</abbr></a>] <span>* ghexpert (~ghexpert@87-194-17-20.bethere.co.uk) has joined #beagle</span></li>
<li class="part">[<a href="#T09:11:07" id="T09:11:07"><abbr title="2011-01-25T09:11:07+00:00">09:11:07</abbr></a>] <span>* ghexpert (~ghexpert@87-194-17-20.bethere.co.uk) has left #beagle</span></li>
<li class="part">[<a href="#T09:11:10" id="T09:11:10"><abbr title="2011-01-25T09:11:10+00:00">09:11:10</abbr></a>] <span>* skodabenz (~keshav_pr@115.248.50.21) has left #beagle</span></li>
<li class="quit">[<a href="#T09:11:21" id="T09:11:21"><abbr title="2011-01-25T09:11:21+00:00">09:11:21</abbr></a>] <span>* peabody124 (~peabody12@adsl-99-29-120-87.dsl.hstntx.sbcglobal.net) Quit (Quit: peabody124)</span></li>
<li class="quit">[<a href="#T09:11:25" id="T09:11:25"><abbr title="2011-01-25T09:11:25+00:00">09:11:25</abbr></a>] <span>* flo_lap (~fuchs@Maemo/community/contributor/florian) Quit (Ping timeout: 255 seconds)</span></li>
<li class="quit">[<a href="#T09:12:25" id="T09:12:25"><abbr title="2011-01-25T09:12:25+00:00">09:12:25</abbr></a>] <span>* jpirko (~jirka@ip-89-102-7-191.net.upcbroadband.cz) Quit (Quit: Leaving)</span></li>
<li class="nick-change">[<a href="#T09:17:57" id="T09:17:57"><abbr title="2011-01-25T09:17:57+00:00">09:17:57</abbr></a>] <span>* XorA|sleep is now known as XorA</span></li>
<li class="quit">[<a href="#T09:17:58" id="T09:17:58"><abbr title="2011-01-25T09:17:58+00:00">09:17:58</abbr></a>] <span>* ssvb (~ssvb@a88-114-220-213.elisa-laajakaista.fi) Quit (Quit: Leaving)</span></li>
<li class="quit">[<a href="#T09:42:56" id="T09:42:56"><abbr title="2011-01-25T09:42:56+00:00">09:42:56</abbr></a>] <span>* Badiss (~Badiss@LSt-Amand-152-31-12-194.w193-253.abo.wanadoo.fr) Quit (Ping timeout: 250 seconds)</span></li>
<li class="join">[<a href="#T09:45:11" id="T09:45:11"><abbr title="2011-01-25T09:45:11+00:00">09:45:11</abbr></a>] <span>* florian_kc (~fuchs@port-217-146-132-69.static.qsc.de) has joined #beagle</span></li>
<li class="quit">[<abbr title="2011-01-25T09:45:11+00:00">09:45:11</abbr>] <span>* florian_kc (~fuchs@port-217-146-132-69.static.qsc.de) Quit (Changing host)</span></li>
<li class="join">[<abbr title="2011-01-25T09:45:11+00:00">09:45:11</abbr>] <span>* florian_kc (~fuchs@Maemo/community/contributor/florian) has joined #beagle</span></li>
<li class="join">[<a href="#T09:46:16" id="T09:46:16"><abbr title="2011-01-25T09:46:16+00:00">09:46:16</abbr></a>] <span>* jpirko (~jirka@nat/redhat/x-rfcrqcyhgrxtziau) has joined #beagle</span></li>
<li class="nick-change">[<a href="#T09:46:43" id="T09:46:43"><abbr title="2011-01-25T09:46:43+00:00">09:46:43</abbr></a>] <span>* florian_kc is now known as florian</span></li>
<li class="quit">[<a href="#T10:00:52" id="T10:00:52"><abbr title="2011-01-25T10:00:52+00:00">10:00:52</abbr></a>] <span>* raster (raster@enlightenment/developer/raster) Quit (Quit: Gettin' stinky!)</span></li>
<li class="quit">[<a href="#T10:05:28" id="T10:05:28"><abbr title="2011-01-25T10:05:28+00:00">10:05:28</abbr></a>] <span>* gunter (~gunter@nat/ti/x-xanddpflpgzhdveo) Quit (Ping timeout: 250 seconds)</span></li>
<li class="join">[<a href="#T10:18:01" id="T10:18:01"><abbr title="2011-01-25T10:18:01+00:00">10:18:01</abbr></a>] <span>* gunter (~gunter@nat/ti/x-slitrepwpnfbjvxv) has joined #beagle</span></li>
<li class="join">[<a href="#T10:26:54" id="T10:26:54"><abbr title="2011-01-25T10:26:54+00:00">10:26:54</abbr></a>] <span>* Badiss (~Badiss@LSt-Amand-152-31-12-194.w193-253.abo.wanadoo.fr) has joined #beagle</span></li>
<li class="join">[<a href="#T10:37:59" id="T10:37:59"><abbr title="2011-01-25T10:37:59+00:00">10:37:59</abbr></a>] <span>* mcgeagh (~mcgeagh@xbmc/staff/mcgeagh) has joined #beagle</span></li>
<li class="quit">[<a href="#T10:52:13" id="T10:52:13"><abbr title="2011-01-25T10:52:13+00:00">10:52:13</abbr></a>] <span>* Openfree` (~Openfreer@116.228.88.131) Quit (Ping timeout: 255 seconds)</span></li>
<li class="join">[<a href="#T10:59:18" id="T10:59:18"><abbr title="2011-01-25T10:59:18+00:00">10:59:18</abbr></a>] <span>* Openfree` (~Openfreer@116.228.88.131) has joined #beagle</span></li>
<li class="join">[<a href="#T11:03:36" id="T11:03:36"><abbr title="2011-01-25T11:03:36+00:00">11:03:36</abbr></a>] <span>* CMoH-notebook (~cipi@95.76.68.223) has joined #beagle</span></li>
<li class="quit">[<a href="#T11:03:37" id="T11:03:37"><abbr title="2011-01-25T11:03:37+00:00">11:03:37</abbr></a>] <span>* CMoH-notebook (~cipi@95.76.68.223) Quit (Changing host)</span></li>
<li class="join">[<abbr title="2011-01-25T11:03:37+00:00">11:03:37</abbr>] <span>* CMoH-notebook (~cipi@unaffiliated/c-moh) has joined #beagle</span></li>
<li class="quit">[<a href="#T11:05:12" id="T11:05:12"><abbr title="2011-01-25T11:05:12+00:00">11:05:12</abbr></a>] <span>* tlab (~tlab@c-69-243-187-136.hsd1.in.comcast.net) Quit (Quit: Leaving)</span></li>
<li class="join">[<a href="#T11:09:29" id="T11:09:29"><abbr title="2011-01-25T11:09:29+00:00">11:09:29</abbr></a>] <span>* lifeeth (~praneeth@unaffiliated/lifeeth) has joined #beagle</span></li>
<li class="join">[<a href="#T11:16:59" id="T11:16:59"><abbr title="2011-01-25T11:16:59+00:00">11:16:59</abbr></a>] <span>* fredim (~fredim@20158127040.user.veloxzone.com.br) has joined #beagle</span></li>
<li class="join">[<a href="#T11:17:49" id="T11:17:49"><abbr title="2011-01-25T11:17:49+00:00">11:17:49</abbr></a>] <span>* thaytan (~jan@58.145.143.62) has joined #beagle</span></li>
<li class="join">[<a href="#T11:19:35" id="T11:19:35"><abbr title="2011-01-25T11:19:35+00:00">11:19:35</abbr></a>] <span>* woglinde (~heinold@g225074011.adsl.alicedsl.de) has joined #beagle</span></li>
<li class="quit">[<a href="#T11:28:40" id="T11:28:40"><abbr title="2011-01-25T11:28:40+00:00">11:28:40</abbr></a>] <span>* Xerion (~xerion@5419A4D7.cm-5-2c.dynamic.ziggo.nl) Quit (Ping timeout: 250 seconds)</span></li>
<li class="quit">[<a href="#T11:28:56" id="T11:28:56"><abbr title="2011-01-25T11:28:56+00:00">11:28:56</abbr></a>] <span>* thaytan (~jan@58.145.143.62) Quit (Read error: Connection reset by peer)</span></li>
<li class="join">[<a href="#T11:31:08" id="T11:31:08"><abbr title="2011-01-25T11:31:08+00:00">11:31:08</abbr></a>] <span>* Xerion (~xerion@5419A4D7.cm-5-2c.dynamic.ziggo.nl) has joined #beagle</span></li>
<li class="join">[<a href="#T11:36:55" id="T11:36:55"><abbr title="2011-01-25T11:36:55+00:00">11:36:55</abbr></a>] <span>* gustavoz (~gustavoz@host98.201-252-45.telecom.net.ar) has joined #beagle</span></li>
<li class="join">[<a href="#T11:41:38" id="T11:41:38"><abbr title="2011-01-25T11:41:38+00:00">11:41:38</abbr></a>] <span>* thaytan (~jan@58.145.143.62) has joined #beagle</span></li>
<li class="quit">[<a href="#T11:49:21" id="T11:49:21"><abbr title="2011-01-25T11:49:21+00:00">11:49:21</abbr></a>] <span>* isbric (~isbric@c-b3c8e655.020-128-73746f48.cust.bredbandsbolaget.se) Quit (Ping timeout: 246 seconds)</span></li>
<li class="join">[<a href="#T11:59:01" id="T11:59:01"><abbr title="2011-01-25T11:59:01+00:00">11:59:01</abbr></a>] <span>* gadiyar (~chatzilla@nat/ti/x-lbfbrgauslhxiphl) has joined #beagle</span></li>
<li class="join">[<a href="#T12:02:31" id="T12:02:31"><abbr title="2011-01-25T12:02:31+00:00">12:02:31</abbr></a>] <span>* rcranetx (~rcranetx@nat/ti/x-nrqiryeuiprhwipn) has joined #beagle</span></li>
<li class="join">[<a href="#T12:03:01" id="T12:03:01"><abbr title="2011-01-25T12:03:01+00:00">12:03:01</abbr></a>] <span>* freen (75fe8370@gateway/web/freenode/ip.117.254.131.112) has joined #beagle</span></li>
<li class="message">[<a href="#T12:04:45" id="T12:04:45"><abbr title="2011-01-25T12:04:45+00:00">12:04:45</abbr></a>] &lt;<cite>freen</cite>&gt; <q>how do i disable gpe-dm from starting in anstrom</q></li>
<li class="message">[<a href="#T12:04:48" id="T12:04:48"><abbr title="2011-01-25T12:04:48+00:00">12:04:48</abbr></a>] &lt;<cite>freen</cite>&gt; <q>*angstrom</q></li>
<li class="quit">[<a href="#T12:05:16" id="T12:05:16"><abbr title="2011-01-25T12:05:16+00:00">12:05:16</abbr></a>] <span>* CMoH-notebook (~cipi@unaffiliated/c-moh) Quit (Read error: Connection reset by peer)</span></li>
<li class="join">[<a href="#T12:05:57" id="T12:05:57"><abbr title="2011-01-25T12:05:57+00:00">12:05:57</abbr></a>] <span>* virals (~viral@122.167.75.146) has joined #beagle</span></li>
<li class="quit">[<a href="#T12:08:49" id="T12:08:49"><abbr title="2011-01-25T12:08:49+00:00">12:08:49</abbr></a>] <span>* freen (75fe8370@gateway/web/freenode/ip.117.254.131.112) Quit (Quit: Page closed)</span></li>
<li class="join">[<a href="#T12:59:43" id="T12:59:43"><abbr title="2011-01-25T12:59:43+00:00">12:59:43</abbr></a>] <span>* jpsaman (~jpsaman@150-195-ftth.onsbrabantnet.nl) has joined #beagle</span></li>
<li class="quit">[<abbr title="2011-01-25T12:59:43+00:00">12:59:43</abbr>] <span>* jpsaman (~jpsaman@150-195-ftth.onsbrabantnet.nl) Quit (Changing host)</span></li>
<li class="join">[<abbr title="2011-01-25T12:59:43+00:00">12:59:43</abbr>] <span>* jpsaman (~jpsaman@videolan/developer/jpsaman) has joined #beagle</span></li>
