<li class="quit">[<a href="#T00:01:17" id="T00:01:17"><abbr title="2011-05-12T00:01:17+00:00">00:01:17</abbr></a>] <span>* Artanis (Artanis@152.64.60.213.dynamic.mundo-r.com) Quit (Ping timeout: 276 seconds)</span></li>
<li class="join">[<a href="#T00:03:14" id="T00:03:14"><abbr title="2011-05-12T00:03:14+00:00">00:03:14</abbr></a>] <span>* Artanis (~nolodigo@152.64.60.213.dynamic.mundo-r.com) has joined #beagle</span></li>
<li class="join">[<a href="#T00:08:50" id="T00:08:50"><abbr title="2011-05-12T00:08:50+00:00">00:08:50</abbr></a>] <span>* borillion (~borillion@adsl-76-211-225-142.dsl.pltn13.sbcglobal.net) has joined #beagle</span></li>
<li class="quit">[<a href="#T00:10:38" id="T00:10:38"><abbr title="2011-05-12T00:10:38+00:00">00:10:38</abbr></a>] <span>* prpplague (~danders@nat/ti/x-djbtgubcpbpxmzhe) Quit (Quit: Leaving)</span></li>
<li class="quit">[<a href="#T00:15:40" id="T00:15:40"><abbr title="2011-05-12T00:15:40+00:00">00:15:40</abbr></a>] <span>* AxMountain (~daniel@spaceman.csbnet.se) Quit (Read error: Operation timed out)</span></li>
<li class="quit">[<a href="#T00:22:07" id="T00:22:07"><abbr title="2011-05-12T00:22:07+00:00">00:22:07</abbr></a>] <span>* Ceriand|work (~Ceriand@unaffiliated/ceriand) Quit (Quit: Leaving.)</span></li>
<li class="quit">[<a href="#T00:32:41" id="T00:32:41"><abbr title="2011-05-12T00:32:41+00:00">00:32:41</abbr></a>] <span>* openfree (~dennis@116.228.88.131) Quit (Ping timeout: 240 seconds)</span></li>
<li class="quit">[<a href="#T00:33:46" id="T00:33:46"><abbr title="2011-05-12T00:33:46+00:00">00:33:46</abbr></a>] <span>* borillion (~borillion@adsl-76-211-225-142.dsl.pltn13.sbcglobal.net) Quit (Ping timeout: 246 seconds)</span></li>
<li class="join">[<a href="#T00:34:04" id="T00:34:04"><abbr title="2011-05-12T00:34:04+00:00">00:34:04</abbr></a>] <span>* Ceriand|desktop (~Ceriand@unaffiliated/ceriand) has joined #beagle</span></li>
<li class="join">[<a href="#T00:41:57" id="T00:41:57"><abbr title="2011-05-12T00:41:57+00:00">00:41:57</abbr></a>] <span>* BThompson (~a0193480@nat/ti/x-iunwhnifqagaeeff) has joined #beagle</span></li>
<li class="join">[<a href="#T00:51:12" id="T00:51:12"><abbr title="2011-05-12T00:51:12+00:00">00:51:12</abbr></a>] <span>* openfree (~dennis@116.228.88.131) has joined #beagle</span></li>
<li class="quit">[<a href="#T01:05:20" id="T01:05:20"><abbr title="2011-05-12T01:05:20+00:00">01:05:20</abbr></a>] <span>* Palz (~fda@24.30.125.154) Quit ()</span></li>
<li class="quit">[<a href="#T01:07:59" id="T01:07:59"><abbr title="2011-05-12T01:07:59+00:00">01:07:59</abbr></a>] <span>* ynezz (ynezz@ibawizard.net) Quit (Ping timeout: 248 seconds)</span></li>
<li class="join">[<a href="#T01:08:06" id="T01:08:06"><abbr title="2011-05-12T01:08:06+00:00">01:08:06</abbr></a>] <span>* ynezz (ynezz@ibawizard.net) has joined #beagle</span></li>
<li class="quit">[<a href="#T01:16:08" id="T01:16:08"><abbr title="2011-05-12T01:16:08+00:00">01:16:08</abbr></a>] <span>* Ceriand|desktop (~Ceriand@unaffiliated/ceriand) Quit (Quit: Leaving.)</span></li>
<li class="join">[<a href="#T01:17:47" id="T01:17:47"><abbr title="2011-05-12T01:17:47+00:00">01:17:47</abbr></a>] <span>* Ceriand|desktop (~Ceriand@unaffiliated/ceriand) has joined #beagle</span></li>
<li class="quit">[<a href="#T01:18:54" id="T01:18:54"><abbr title="2011-05-12T01:18:54+00:00">01:18:54</abbr></a>] <span>* emeb (~ericb@ip70-190-178-49.ph.ph.cox.net) Quit (Quit: Leaving.)</span></li>
<li class="join">[<a href="#T01:24:31" id="T01:24:31"><abbr title="2011-05-12T01:24:31+00:00">01:24:31</abbr></a>] <span>* prpplague (~prpplague@ppp-70-242-121-24.dsl.rcsntx.swbell.net) has joined #beagle</span></li>
<li class="join">[<a href="#T01:34:16" id="T01:34:16"><abbr title="2011-05-12T01:34:16+00:00">01:34:16</abbr></a>] <span>* djerome (~djerome@ip24-251-138-141.ph.ph.cox.net) has joined #beagle</span></li>
<li class="join">[<a href="#T01:36:11" id="T01:36:11"><abbr title="2011-05-12T01:36:11+00:00">01:36:11</abbr></a>] <span>* Rusty (9b6204e9@gateway/web/freenode/ip.155.98.4.233) has joined #beagle</span></li>
<li class="nick-change">[<a href="#T01:36:36" id="T01:36:36"><abbr title="2011-05-12T01:36:36+00:00">01:36:36</abbr></a>] <span>* Rusty is now known as Guest79267</span></li>
<li class="quit">[<a href="#T01:40:19" id="T01:40:19"><abbr title="2011-05-12T01:40:19+00:00">01:40:19</abbr></a>] <span>* Guest79267 (9b6204e9@gateway/web/freenode/ip.155.98.4.233) Quit (Client Quit)</span></li>
<li class="join">[<a href="#T01:41:22" id="T01:41:22"><abbr title="2011-05-12T01:41:22+00:00">01:41:22</abbr></a>] <span>* Casavir (9b6204e9@gateway/web/freenode/ip.155.98.4.233) has joined #beagle</span></li>
<li class="message">[<a href="#T01:41:30" id="T01:41:30"><abbr title="2011-05-12T01:41:30+00:00">01:41:30</abbr></a>] &lt;<cite>Casavir</cite>&gt; <q>test</q></li>
<li class="message">[<a href="#T01:42:14" id="T01:42:14"><abbr title="2011-05-12T01:42:14+00:00">01:42:14</abbr></a>] &lt;<cite>Casavir</cite>&gt; <q>I have a very specific video problem on the beagle board with webcams.</q></li>
<li class="message">[<a href="#T01:45:14" id="T01:45:14"><abbr title="2011-05-12T01:45:14+00:00">01:45:14</abbr></a>] &lt;<cite>Casavir</cite>&gt; <q>first time using the java client for IRC.... is any one out there!!</q></li>
<li class="message">[<a href="#T01:50:20" id="T01:50:20"><abbr title="2011-05-12T01:50:20+00:00">01:50:20</abbr></a>] &lt;<cite>Casavir</cite>&gt; <q>if some one could give me a quick reply to let me know that I am connected it would sure be apreciated.</q></li>
<li class="message">[<a href="#T01:52:52" id="T01:52:52"><abbr title="2011-05-12T01:52:52+00:00">01:52:52</abbr></a>] &lt;<cite>ds2</cite>&gt; <q>ERROR</q></li>
<li class="message">[<a href="#T01:52:55" id="T01:52:55"><abbr title="2011-05-12T01:52:55+00:00">01:52:55</abbr></a>] &lt;<cite>ds2</cite>&gt; <q>NO CARRIER</q></li>
<li class="quit">[<a href="#T02:03:35" id="T02:03:35"><abbr title="2011-05-12T02:03:35+00:00">02:03:35</abbr></a>] <span>* espindola (~espindola@CPE30469af9ce48-CM001225dd5348.cpe.net.cable.rogers.com) Quit (Quit: Ex-Chat)</span></li>
<li class="join">[<a href="#T02:14:32" id="T02:14:32"><abbr title="2011-05-12T02:14:32+00:00">02:14:32</abbr></a>] <span>* Russ (foobar@ip70-176-251-1.ph.ph.cox.net) has joined #beagle</span></li>
<li class="quit">[<a href="#T02:15:46" id="T02:15:46"><abbr title="2011-05-12T02:15:46+00:00">02:15:46</abbr></a>] <span>* killring_ (~killring@76.234.152.28) Quit (Quit: leaving)</span></li>
<li class="join">[<a href="#T02:16:07" id="T02:16:07"><abbr title="2011-05-12T02:16:07+00:00">02:16:07</abbr></a>] <span>* killring (~killring@adsl-76-234-152-28.dsl.sfldmi.sbcglobal.net) has joined #beagle</span></li>
<li class="quit">[<a href="#T02:18:39" id="T02:18:39"><abbr title="2011-05-12T02:18:39+00:00">02:18:39</abbr></a>] <span>* omsai (~quassel@ip68-109-119-13.ri.ri.cox.net) Quit (Read error: Connection reset by peer)</span></li>
<li class="message">[<a href="#T02:30:00" id="T02:30:00"><abbr title="2011-05-12T02:30:00+00:00">02:30:00</abbr></a>] &lt;<cite>mranostay_beer</cite>&gt; <q>Casavir has been disconnected by peer</q></li>
<li class="message">[<a href="#T02:31:46" id="T02:31:46"><abbr title="2011-05-12T02:31:46+00:00">02:31:46</abbr></a>] &lt;<cite>Casavir</cite>&gt; <q>well,  the problem is with player/stage on the beagle board.. It seems to have a hard flickering problem when gathering data from a usb based webcamera.  It seems as if the ioctrl calls for the v4l2 buffers are returning only parts of images, on occasion.  The code works fine on other machine architectures, but does not work on the beagleboard, regardless of linux distribution.</q></li>
<li class="message">[<a href="#T02:32:37" id="T02:32:37"><abbr title="2011-05-12T02:32:37+00:00">02:32:37</abbr></a>] &lt;<cite>Casavir</cite>&gt; <q>ha ha very funny.</q></li>
<li class="quit">[<a href="#T02:34:43" id="T02:34:43"><abbr title="2011-05-12T02:34:43+00:00">02:34:43</abbr></a>] <span>* Xerion (~xerion@5419A078.cm-5-2c.dynamic.ziggo.nl) Quit (Read error: Connection reset by peer)</span></li>
<li class="join">[<a href="#T02:35:35" id="T02:35:35"><abbr title="2011-05-12T02:35:35+00:00">02:35:35</abbr></a>] <span>* Xerion (~xerion@5419A078.cm-5-2c.dynamic.ziggo.nl) has joined #beagle</span></li>
<li class="join">[<a href="#T02:36:59" id="T02:36:59"><abbr title="2011-05-12T02:36:59+00:00">02:36:59</abbr></a>] <span>* borillion (~borillion@96.24.74.130) has joined #beagle</span></li>
<li class="quit">[<a href="#T02:37:18" id="T02:37:18"><abbr title="2011-05-12T02:37:18+00:00">02:37:18</abbr></a>] <span>* phantoxe (~destroy@a95-92-86-197.cpe.netcabo.pt) Quit ()</span></li>
<li class="join">[<a href="#T02:38:55" id="T02:38:55"><abbr title="2011-05-12T02:38:55+00:00">02:38:55</abbr></a>] <span>* raster (raster@enlightenment/developer/raster) has joined #beagle</span></li>
<li class="quit">[<a href="#T02:39:04" id="T02:39:04"><abbr title="2011-05-12T02:39:04+00:00">02:39:04</abbr></a>] <span>* Russ (foobar@ip70-176-251-1.ph.ph.cox.net) Quit (Ping timeout: 246 seconds)</span></li>
<li class="join">[<a href="#T02:44:20" id="T02:44:20"><abbr title="2011-05-12T02:44:20+00:00">02:44:20</abbr></a>] <span>* googol (~matthew@pool-74-100-249-101.lsanca.dsl-w.verizon.net) has joined #beagle</span></li>
<li class="message">[<a href="#T02:57:40" id="T02:57:40"><abbr title="2011-05-12T02:57:40+00:00">02:57:40</abbr></a>] &lt;<cite>Casavir</cite>&gt; <q>well,  the problem is with player/stage on the beagle board.. It seems to have a hard flickering problem when gathering data from a usb based webcamera.  It seems as if the ioctrl calls for the v4l2 buffers are returning only parts of images, on occasion.  The code works fine on other machine architectures, but does not work on the beagleboard, regardless of linux distribution.</q></li>
<li class="message">[<a href="#T03:00:04" id="T03:00:04"><abbr title="2011-05-12T03:00:04+00:00">03:00:04</abbr></a>] &lt;<cite>mranostay_beer</cite>&gt; <q>i saw it the first time</q></li>
<li class="message">[<a href="#T03:00:33" id="T03:00:33"><abbr title="2011-05-12T03:00:33+00:00">03:00:33</abbr></a>] &lt;<cite>mranostay_beer</cite>&gt; <q>well if that is true you found a kernel bug?</q></li>
<li class="message">[<a href="#T03:01:04" id="T03:01:04"><abbr title="2011-05-12T03:01:04+00:00">03:01:04</abbr></a>] &lt;<cite>Casavir</cite>&gt; <q>That is what I was afraid of....</q></li>
<li class="message">[<a href="#T03:01:09" id="T03:01:09"><abbr title="2011-05-12T03:01:09+00:00">03:01:09</abbr></a>] &lt;<cite>Casavir</cite>&gt; <q>:(</q></li>
<li class="message">[<a href="#T03:01:45" id="T03:01:45"><abbr title="2011-05-12T03:01:45+00:00">03:01:45</abbr></a>] &lt;<cite>mranostay_beer</cite>&gt; <q>what usb camera?</q></li>
<li class="message">[<a href="#T03:02:02" id="T03:02:02"><abbr title="2011-05-12T03:02:02+00:00">03:02:02</abbr></a>] &lt;<cite>Casavir</cite>&gt; <q>logitech orbit af</q></li>
<li class="quit">[<a href="#T03:04:15" id="T03:04:15"><abbr title="2011-05-12T03:04:15+00:00">03:04:15</abbr></a>] <span>* GPSFan (~kenm@64.92.145.112) Quit (Quit: Leaving)</span></li>
<li class="message">[<a href="#T03:08:28" id="T03:08:28"><abbr title="2011-05-12T03:08:28+00:00">03:08:28</abbr></a>] &lt;<cite>Casavir</cite>&gt; <q>For the sake of conserving time.. I believe this is the first time that I have had to report a kernel error..  How do I go about doing that.</q></li>
<li class="message">[<a href="#T03:09:32" id="T03:09:32"><abbr title="2011-05-12T03:09:32+00:00">03:09:32</abbr></a>] &lt;<cite>mranostay_beer</cite>&gt; <q>er well what details you have? </q></li>
<li class="message">[<a href="#T03:09:49" id="T03:09:49"><abbr title="2011-05-12T03:09:49+00:00">03:09:49</abbr></a>] &lt;<cite>mranostay_beer</cite>&gt; <q>kernel panic? any useful kernel config?</q></li>
<li class="message">[<a href="#T03:11:31" id="T03:11:31"><abbr title="2011-05-12T03:11:31+00:00">03:11:31</abbr></a>] &lt;<cite>Casavir</cite>&gt; <q>I get a flicker from video, while using the v4l2 driver set with the following combonation.  on a beagle board, using a logitech camera, while making a driver for the player/stage architechture.</q></li>
<li class="message">[<a href="#T03:11:41" id="T03:11:41"><abbr title="2011-05-12T03:11:41+00:00">03:11:41</abbr></a>] &lt;<cite>mranostay_beer</cite>&gt; <q>and if you aren't running the latest snapshot they usually don't like reports</q></li>
<li class="message">[<a href="#T03:11:50" id="T03:11:50"><abbr title="2011-05-12T03:11:50+00:00">03:11:50</abbr></a>] &lt;<cite>Casavir</cite>&gt; <q>cheese seems to work fine.</q></li>
<li class="message">[<a href="#T03:12:42" id="T03:12:42"><abbr title="2011-05-12T03:12:42+00:00">03:12:42</abbr></a>] &lt;<cite>Casavir</cite>&gt; <q>I have the latest version of angstrom linux...</q></li>
<li class="quit">[<a href="#T03:13:24" id="T03:13:24"><abbr title="2011-05-12T03:13:24+00:00">03:13:24</abbr></a>] <span>* dl9pf (~quassel@opensuse/member/dl9pf) Quit (Read error: Operation timed out)</span></li>
<li class="join">[<a href="#T03:15:05" id="T03:15:05"><abbr title="2011-05-12T03:15:05+00:00">03:15:05</abbr></a>] <span>* dl9pf (~quassel@p5B2156C9.dip.t-dialin.net) has joined #beagle</span></li>
<li class="quit">[<abbr title="2011-05-12T03:15:05+00:00">03:15:05</abbr>] <span>* dl9pf (~quassel@p5B2156C9.dip.t-dialin.net) Quit (Changing host)</span></li>
<li class="join">[<abbr title="2011-05-12T03:15:05+00:00">03:15:05</abbr>] <span>* dl9pf (~quassel@opensuse/member/dl9pf) has joined #beagle</span></li>
<li class="quit">[<a href="#T03:17:28" id="T03:17:28"><abbr title="2011-05-12T03:17:28+00:00">03:17:28</abbr></a>] <span>* borillion (~borillion@96.24.74.130) Quit (Quit: Leaving)</span></li>
<li class="join">[<a href="#T03:20:04" id="T03:20:04"><abbr title="2011-05-12T03:20:04+00:00">03:20:04</abbr></a>] <span>* tegila (~tegila@186-210-141-233.xd-dynamic.ctbcnetsuper.com.br) has joined #beagle</span></li>
<li class="quit">[<a href="#T03:21:25" id="T03:21:25"><abbr title="2011-05-12T03:21:25+00:00">03:21:25</abbr></a>] <span>* mrc3 (~ddiaz@189.157.115.229) Quit (Ping timeout: 252 seconds)</span></li>
<li class="join">[<a href="#T03:21:40" id="T03:21:40"><abbr title="2011-05-12T03:21:40+00:00">03:21:40</abbr></a>] <span>* djlewis (~bubba@216-61-218-77.dsl.tcworks.net) has joined #beagle</span></li>
<li class="message">[<a href="#T03:21:42" id="T03:21:42"><abbr title="2011-05-12T03:21:42+00:00">03:21:42</abbr></a>] &lt;<cite>Casavir</cite>&gt; <q>what is kernel panic?</q></li>
<li class="message">[<a href="#T03:22:32" id="T03:22:32"><abbr title="2011-05-12T03:22:32+00:00">03:22:32</abbr></a>] &lt;<cite>djlewis</cite>&gt; <q>Casavir: you say you are making a driver for player/stage?</q></li>
<li class="message">[<a href="#T03:22:38" id="T03:22:38"><abbr title="2011-05-12T03:22:38+00:00">03:22:38</abbr></a>] &lt;<cite>Casavir</cite>&gt; <q>eya</q></li>
<li class="message">[<a href="#T03:22:41" id="T03:22:41"><abbr title="2011-05-12T03:22:41+00:00">03:22:41</abbr></a>] &lt;<cite>Casavir</cite>&gt; <q>yea</q></li>
<li class="message">[<a href="#T03:22:56" id="T03:22:56"><abbr title="2011-05-12T03:22:56+00:00">03:22:56</abbr></a>] &lt;<cite>Casavir</cite>&gt; <q>all the code seems legit..</q></li>
<li class="message">[<a href="#T03:22:57" id="T03:22:57"><abbr title="2011-05-12T03:22:57+00:00">03:22:57</abbr></a>] &lt;<cite>djlewis</cite>&gt; <q>for your robot ?</q></li>
<li class="message">[<a href="#T03:23:00" id="T03:23:00"><abbr title="2011-05-12T03:23:00+00:00">03:23:00</abbr></a>] &lt;<cite>Casavir</cite>&gt; <q>yes</q></li>
<li class="join">[<a href="#T03:23:26" id="T03:23:26"><abbr title="2011-05-12T03:23:26+00:00">03:23:26</abbr></a>] <span>* emeb|mac (~ericb@ip70-190-178-49.ph.ph.cox.net) has joined #beagle</span></li>
<li class="message">[<a href="#T03:23:28" id="T03:23:28"><abbr title="2011-05-12T03:23:28+00:00">03:23:28</abbr></a>] &lt;<cite>Casavir</cite>&gt; <q>I wrote an ffmpeg encoder to mpeg2 compression</q></li>
<li class="message">[<a href="#T03:23:41" id="T03:23:41"><abbr title="2011-05-12T03:23:41+00:00">03:23:41</abbr></a>] &lt;<cite>djlewis</cite>&gt; <q>isn't there a demo try it mode for it so you could illiminate the camera?</q></li>
<li class="message">[<a href="#T03:23:58" id="T03:23:58"><abbr title="2011-05-12T03:23:58+00:00">03:23:58</abbr></a>] &lt;<cite>djlewis</cite>&gt; <q>Casavir: quite an undertaking</q></li>
<li class="message">[<a href="#T03:24:10" id="T03:24:10"><abbr title="2011-05-12T03:24:10+00:00">03:24:10</abbr></a>] &lt;<cite>Casavir</cite>&gt; <q>it brought the bandwidth consumption incredably.</q></li>
<li class="message">[<a href="#T03:24:41" id="T03:24:41"><abbr title="2011-05-12T03:24:41+00:00">03:24:41</abbr></a>] &lt;<cite>djlewis</cite>&gt; <q>Casavir: the way I  read your message I dont sense a kernel bug as such</q></li>
<li class="message">[<a href="#T03:25:06" id="T03:25:06"><abbr title="2011-05-12T03:25:06+00:00">03:25:06</abbr></a>] &lt;<cite>Casavir</cite>&gt; <q>I have been all over the code though.  I can't find anything wrong with it.</q></li>
<li class="message">[<a href="#T03:25:35" id="T03:25:35"><abbr title="2011-05-12T03:25:35+00:00">03:25:35</abbr></a>] &lt;<cite>djlewis</cite>&gt; <q>does ot do it without your driver?</q></li>
<li class="message">[<a href="#T03:25:46" id="T03:25:46"><abbr title="2011-05-12T03:25:46+00:00">03:25:46</abbr></a>] &lt;<cite>djlewis</cite>&gt; <q>s/ot/it</q></li>
<li class="message">[<a href="#T03:26:03" id="T03:26:03"><abbr title="2011-05-12T03:26:03+00:00">03:26:03</abbr></a>] &lt;<cite>Casavir</cite>&gt; <q>it does it with all drivers that come with player/stage.</q></li>
<li class="message">[<a href="#T03:26:22" id="T03:26:22"><abbr title="2011-05-12T03:26:22+00:00">03:26:22</abbr></a>] &lt;<cite>Casavir</cite>&gt; <q>all my driver does is take the jpeg data supplied and compress it to a stream.</q></li>
<li class="message">[<a href="#T03:26:38" id="T03:26:38"><abbr title="2011-05-12T03:26:38+00:00">03:26:38</abbr></a>] &lt;<cite>djlewis</cite>&gt; <q>Rather than the kernel then perhaps its a player/stage issue</q></li>
<li class="message">[<a href="#T03:27:14" id="T03:27:14"><abbr title="2011-05-12T03:27:14+00:00">03:27:14</abbr></a>] &lt;<cite>Casavir</cite>&gt; <q>I have it pegged down to a couple of different ioctrl calls.</q></li>
<li class="message">[<a href="#T03:27:16" id="T03:27:16"><abbr title="2011-05-12T03:27:16+00:00">03:27:16</abbr></a>] &lt;<cite>djlewis</cite>&gt; <q>I have been meaning to try out the app but haven't gotten around to it,.</q></li>
<li class="message">[<a href="#T03:27:59" id="T03:27:59"><abbr title="2011-05-12T03:27:59+00:00">03:27:59</abbr></a>] &lt;<cite>djlewis</cite>&gt; <q>well, we already know that USB cameras have issues with our beagleboards</q></li>
<li class="message">[<a href="#T03:28:08" id="T03:28:08"><abbr title="2011-05-12T03:28:08+00:00">03:28:08</abbr></a>] &lt;<cite>djlewis</cite>&gt; <q>or the other way around</q></li>
<li class="message">[<a href="#T03:28:25" id="T03:28:25"><abbr title="2011-05-12T03:28:25+00:00">03:28:25</abbr></a>] &lt;<cite>djlewis</cite>&gt; <q>USB bus contention or something</q></li>
<li class="message">[<a href="#T03:29:01" id="T03:29:01"><abbr title="2011-05-12T03:29:01+00:00">03:29:01</abbr></a>] &lt;<cite>Casavir</cite>&gt; <q>yea, I worked in the Hitachi GST SIT lab... I know all about bus contention.</q></li>
<li class="message">[<a href="#T03:29:09" id="T03:29:09"><abbr title="2011-05-12T03:29:09+00:00">03:29:09</abbr></a>] &lt;<cite>djlewis</cite>&gt; <q>hmmm</q></li>
<li class="join">[<a href="#T03:29:15" id="T03:29:15"><abbr title="2011-05-12T03:29:15+00:00">03:29:15</abbr></a>] <span>* Russ (foobar@ip70-176-251-1.ph.ph.cox.net) has joined #beagle</span></li>
<li class="message">[<a href="#T03:29:25" id="T03:29:25"><abbr title="2011-05-12T03:29:25+00:00">03:29:25</abbr></a>] &lt;<cite>Casavir</cite>&gt; <q>has any one taken a look at a bus trace to see what is going on exactly</q></li>
<li class="message">[<a href="#T03:29:38" id="T03:29:38"><abbr title="2011-05-12T03:29:38+00:00">03:29:38</abbr></a>] &lt;<cite>djlewis</cite>&gt; <q>it has mostly been ignored</q></li>
<li class="message">[<a href="#T03:29:42" id="T03:29:42"><abbr title="2011-05-12T03:29:42+00:00">03:29:42</abbr></a>] &lt;<cite>djlewis</cite>&gt; <q>the problem</q></li>
<li class="quit">[<a href="#T03:29:50" id="T03:29:50"><abbr title="2011-05-12T03:29:50+00:00">03:29:50</abbr></a>] <span>* raster (raster@enlightenment/developer/raster) Quit (Quit: Gettin' stinky!)</span></li>
<li class="message">[<a href="#T03:29:56" id="T03:29:56"><abbr title="2011-05-12T03:29:56+00:00">03:29:56</abbr></a>] &lt;<cite>djlewis</cite>&gt; <q>I dont have the skill set to fix it</q></li>
<li class="join">[<a href="#T03:30:17" id="T03:30:17"><abbr title="2011-05-12T03:30:17+00:00">03:30:17</abbr></a>] <span>* raster (raster@enlightenment/developer/raster) has joined #beagle</span></li>
<li class="message">[<a href="#T03:30:45" id="T03:30:45"><abbr title="2011-05-12T03:30:45+00:00">03:30:45</abbr></a>] &lt;<cite>Casavir</cite>&gt; <q>so, is this a confirmed HW / Firmware problem.</q></li>
<li class="message">[<a href="#T03:31:06" id="T03:31:06"><abbr title="2011-05-12T03:31:06+00:00">03:31:06</abbr></a>] &lt;<cite>djlewis</cite>&gt; <q>as I ubderstand it is a problem.. </q></li>
<li class="join">[<a href="#T03:31:16" id="T03:31:16"><abbr title="2011-05-12T03:31:16+00:00">03:31:16</abbr></a>] <span>* TheBurrito (~TheBurrit@rrcs-184-74-103-104.nys.biz.rr.com) has joined #beagle</span></li>
<li class="message">[<a href="#T03:31:17" id="T03:31:17"><abbr title="2011-05-12T03:31:17+00:00">03:31:17</abbr></a>] &lt;<cite>djlewis</cite>&gt; <q>ds2:  ^^^^</q></li>
<li class="message">[<a href="#T03:31:30" id="T03:31:30"><abbr title="2011-05-12T03:31:30+00:00">03:31:30</abbr></a>] &lt;<cite>djlewis</cite>&gt; <q>]s/uberstand/understand</q></li>
<li class="message">[<a href="#T03:31:32" id="T03:31:32"><abbr title="2011-05-12T03:31:32+00:00">03:31:32</abbr></a>] &lt;<cite>TheBurrito</cite>&gt; <q>is there an example somewhere of controlling the PMU led through i2c?</q></li>
<li class="message">[<a href="#T03:31:53" id="T03:31:53"><abbr title="2011-05-12T03:31:53+00:00">03:31:53</abbr></a>] &lt;<cite>djlewis</cite>&gt; <q>TheBurrito: was that your google post?</q></li>
<li class="message">[<a href="#T03:32:18" id="T03:32:18"><abbr title="2011-05-12T03:32:18+00:00">03:32:18</abbr></a>] &lt;<cite>Russ</cite>&gt; <q>have you tried tweaking/</q></li>
<li class="message">[<a href="#T03:32:22" id="T03:32:22"><abbr title="2011-05-12T03:32:22+00:00">03:32:22</abbr></a>] &lt;<cite>djlewis</cite>&gt; <q>lowlevel i2c?</q></li>
<li class="message">[<a href="#T03:32:34" id="T03:32:34"><abbr title="2011-05-12T03:32:34+00:00">03:32:34</abbr></a>] &lt;<cite>TheBurrito</cite>&gt; <q>I googled beagleboard control pmu led but can't find any examples of working with i2c on beagleboard</q></li>
<li class="message">[<a href="#T03:32:52" id="T03:32:52"><abbr title="2011-05-12T03:32:52+00:00">03:32:52</abbr></a>] &lt;<cite>djlewis</cite>&gt; <q>then you havent googles properly</q></li>
<li class="message">[<a href="#T03:32:54" id="T03:32:54"><abbr title="2011-05-12T03:32:54+00:00">03:32:54</abbr></a>] &lt;<cite>TheBurrito</cite>&gt; <q>nvm think i found something</q></li>
<li class="message">[<a href="#T03:32:56" id="T03:32:56"><abbr title="2011-05-12T03:32:56+00:00">03:32:56</abbr></a>] &lt;<cite>djlewis</cite>&gt; <q>googled.</q></li>
<li class="message">[<a href="#T03:33:01" id="T03:33:01"><abbr title="2011-05-12T03:33:01+00:00">03:33:01</abbr></a>] &lt;<cite>djlewis</cite>&gt; <q>typing in the dark here</q></li>
<li class="message">[<a href="#T03:33:14" id="T03:33:14"><abbr title="2011-05-12T03:33:14+00:00">03:33:14</abbr></a>] &lt;<cite>Casavir</cite>&gt; <q>spoken like a true engineer.</q></li>
<li class="message">[<a href="#T03:34:27" id="T03:34:27"><abbr title="2011-05-12T03:34:27+00:00">03:34:27</abbr></a>] &lt;<cite>djlewis</cite>&gt; <q>Casavir: i am aware there are high bandwidth issues on many beagles.</q></li>
<li class="message">[<a href="#T03:34:37" id="T03:34:37"><abbr title="2011-05-12T03:34:37+00:00">03:34:37</abbr></a>] &lt;<cite>djlewis</cite>&gt; <q>I am hoping someone will chime in on it.</q></li>
<li class="action">[<a href="#T03:34:44" id="T03:34:44"><abbr title="2011-05-12T03:34:44+00:00">03:34:44</abbr></a>] <span>* mranostay_beer scrolls up</span></li>
<li class="message">[<abbr title="2011-05-12T03:34:44+00:00">03:34:44</abbr>] &lt;<cite>Casavir</cite>&gt; <q>well, I have looked at example code, VLC code, and I can't find ANYTHING out of the ordinary, that I haven't already checked, with the video capture code on player/stage</q></li>
<li class="join">[<a href="#T03:35:08" id="T03:35:08"><abbr title="2011-05-12T03:35:08+00:00">03:35:08</abbr></a>] <span>* mrc3 (~ddiaz@189.157.115.88) has joined #beagle</span></li>
<li class="message">[<a href="#T03:35:42" id="T03:35:42"><abbr title="2011-05-12T03:35:42+00:00">03:35:42</abbr></a>] &lt;<cite>Russ</cite>&gt; <q>put your finger on the traces involved and see if behavior changes</q></li>
<li class="message">[<a href="#T03:35:54" id="T03:35:54"><abbr title="2011-05-12T03:35:54+00:00">03:35:54</abbr></a>] &lt;<cite>djlewis</cite>&gt; <q>Casavir: if things check out with other apps, mplayer, gstreamer, cheese etc then it would be player?</q></li>
<li class="quit">[<a href="#T03:36:07" id="T03:36:07"><abbr title="2011-05-12T03:36:07+00:00">03:36:07</abbr></a>] <span>* buZz (~buzz@bydogen.stoned-it.com) Quit (Ping timeout: 246 seconds)</span></li>
<li class="message">[<a href="#T03:36:27" id="T03:36:27"><abbr title="2011-05-12T03:36:27+00:00">03:36:27</abbr></a>] &lt;<cite>Casavir</cite>&gt; <q>the problem gets worse If you try to increase the resolution size.. what do you mean "traces", which ones?</q></li>
<li class="message">[<a href="#T03:36:29" id="T03:36:29"><abbr title="2011-05-12T03:36:29+00:00">03:36:29</abbr></a>] &lt;<cite>djlewis</cite>&gt; <q>mplayer uses v4l2</q></li>
<li class="message">[<a href="#T03:36:37" id="T03:36:37"><abbr title="2011-05-12T03:36:37+00:00">03:36:37</abbr></a>] &lt;<cite>djlewis</cite>&gt; <q>hehee</q></li>
<li class="message">[<a href="#T03:36:41" id="T03:36:41"><abbr title="2011-05-12T03:36:41+00:00">03:36:41</abbr></a>] &lt;<cite>ds2</cite>&gt; <q>hint - read what ISOC end points are allowed to do.</q></li>
<li class="message">[<a href="#T03:36:42" id="T03:36:42"><abbr title="2011-05-12T03:36:42+00:00">03:36:42</abbr></a>] &lt;<cite>Russ</cite>&gt; <q>on the pcb</q></li>
<li class="message">[<a href="#T03:36:45" id="T03:36:45"><abbr title="2011-05-12T03:36:45+00:00">03:36:45</abbr></a>] &lt;<cite>Casavir</cite>&gt; <q>so does cheese.</q></li>
<li class="message">[<a href="#T03:37:36" id="T03:37:36"><abbr title="2011-05-12T03:37:36+00:00">03:37:36</abbr></a>] &lt;<cite>Casavir</cite>&gt; <q>ISOC?</q></li>
<li class="message">[<a href="#T03:38:13" id="T03:38:13"><abbr title="2011-05-12T03:38:13+00:00">03:38:13</abbr></a>] &lt;<cite>Russ</cite>&gt; <q>isochronous </q></li>
<li class="message">[<a href="#T03:41:25" id="T03:41:25"><abbr title="2011-05-12T03:41:25+00:00">03:41:25</abbr></a>] &lt;<cite>Casavir</cite>&gt; <q>placing fingers on leads has no effect, same problem with same frequency.  If I am puting them on the proper leads that is.</q></li>
<li class="quit">[<abbr title="2011-05-12T03:41:25+00:00">03:41:25</abbr>] <span>* mrc3 (~ddiaz@189.157.115.88) Quit (Ping timeout: 260 seconds)</span></li>
<li class="message">[<a href="#T03:43:09" id="T03:43:09"><abbr title="2011-05-12T03:43:09+00:00">03:43:09</abbr></a>] &lt;<cite>djlewis</cite>&gt; <q>gn</q></li>
<li class="quit">[<a href="#T03:43:20" id="T03:43:20"><abbr title="2011-05-12T03:43:20+00:00">03:43:20</abbr></a>] <span>* djlewis (~bubba@216-61-218-77.dsl.tcworks.net) Quit (Quit: Leaving.)</span></li>
<li class="message">[<a href="#T03:44:01" id="T03:44:01"><abbr title="2011-05-12T03:44:01+00:00">03:44:01</abbr></a>] &lt;<cite>Casavir</cite>&gt; <q>what if cheese was compiled with different settings?</q></li>
<li class="message">[<a href="#T03:45:00" id="T03:45:00"><abbr title="2011-05-12T03:45:00+00:00">03:45:00</abbr></a>] &lt;<cite>Casavir</cite>&gt; <q>is there specific compiling flags that need to be set for compiling anything that uses v4l2 api?</q></li>
<li class="join">[<a href="#T03:45:40" id="T03:45:40"><abbr title="2011-05-12T03:45:40+00:00">03:45:40</abbr></a>] <span>* SidH_ (~SidH_@203.101.61.7) has joined #beagle</span></li>
<li class="quit">[<a href="#T03:46:22" id="T03:46:22"><abbr title="2011-05-12T03:46:22+00:00">03:46:22</abbr></a>] <span>* tegila (~tegila@186-210-141-233.xd-dynamic.ctbcnetsuper.com.br) Quit (Quit: Leaving.)</span></li>
<li class="quit">[<a href="#T03:49:16" id="T03:49:16"><abbr title="2011-05-12T03:49:16+00:00">03:49:16</abbr></a>] <span>* TheBurrito (~TheBurrit@rrcs-184-74-103-104.nys.biz.rr.com) Quit ()</span></li>
<li class="message">[<a href="#T03:54:41" id="T03:54:41"><abbr title="2011-05-12T03:54:41+00:00">03:54:41</abbr></a>] &lt;<cite>Casavir</cite>&gt; <q>if Isoc bulk transfers were failing the buffer would be invalidated and the data should be resent across the bus shouldn't it?</q></li>
<li class="message">[<a href="#T03:56:13" id="T03:56:13"><abbr title="2011-05-12T03:56:13+00:00">03:56:13</abbr></a>] &lt;<cite>Casavir</cite>&gt; <q>I can see if it wasn't being resent, or not marked as failed by the CRC, I could see how only half of an image might be sent across the buss however.</q></li>
<li class="message">[<a href="#T03:56:44" id="T03:56:44"><abbr title="2011-05-12T03:56:44+00:00">03:56:44</abbr></a>] &lt;<cite>Casavir</cite>&gt; <q>but that would be a kernel error. or at least an EHCI error.</q></li>
<li class="message">[<a href="#T03:58:13" id="T03:58:13"><abbr title="2011-05-12T03:58:13+00:00">03:58:13</abbr></a>] &lt;<cite>Casavir</cite>&gt; <q>*re-sent</q></li>
<li class="message">[<a href="#T03:59:41" id="T03:59:41"><abbr title="2011-05-12T03:59:41+00:00">03:59:41</abbr></a>] &lt;<cite>ds2</cite>&gt; <q>there is no such thing as an isoc bulk transfer</q></li>
<li class="message">[<a href="#T03:59:55" id="T03:59:55"><abbr title="2011-05-12T03:59:55+00:00">03:59:55</abbr></a>] &lt;<cite>ds2</cite>&gt; <q>re-read.</q></li>
<li class="quit">[<a href="#T04:04:11" id="T04:04:11"><abbr title="2011-05-12T04:04:11+00:00">04:04:11</abbr></a>] <span>* Oltsu (suominen@mustaharakka.cs.tut.fi) Quit (Ping timeout: 258 seconds)</span></li>
<li class="message">[<a href="#T04:06:14" id="T04:06:14"><abbr title="2011-05-12T04:06:14+00:00">04:06:14</abbr></a>] &lt;<cite>Casavir</cite>&gt; <q>you are absolutly right, the USB spec does not have Isoc bulk transfers, and the ISOC transer that exists does not  retry or guarantee of delivery.</q></li>
<li class="message">[<a href="#T04:07:15" id="T04:07:15"><abbr title="2011-05-12T04:07:15+00:00">04:07:15</abbr></a>] &lt;<cite>Casavir</cite>&gt; <q>meaning if there is a dropped packet of video data, it would corrupt the current image.</q></li>
<li class="message">[<a href="#T04:08:04" id="T04:08:04"><abbr title="2011-05-12T04:08:04+00:00">04:08:04</abbr></a>] &lt;<cite>Casavir</cite>&gt; <q>and since the max packet length of 1024 bytes, there is plenty of opportunity for dropped packets.</q></li>
<li class="message">[<a href="#T04:08:38" id="T04:08:38"><abbr title="2011-05-12T04:08:38+00:00">04:08:38</abbr></a>] &lt;<cite>Casavir</cite>&gt; <q>This wouldn't explain how other programs are successfully transmitting across the bus however.</q></li>
<li class="message">[<a href="#T04:09:36" id="T04:09:36"><abbr title="2011-05-12T04:09:36+00:00">04:09:36</abbr></a>] &lt;<cite>ds2</cite>&gt; <q>now that you are learning.... consider this -</q></li>
<li class="message">[<a href="#T04:09:47" id="T04:09:47"><abbr title="2011-05-12T04:09:47+00:00">04:09:47</abbr></a>] &lt;<cite>ds2</cite>&gt; <q>you are the last member of a bucket bridgade</q></li>
<li class="message">[<a href="#T04:09:51" id="T04:09:51"><abbr title="2011-05-12T04:09:51+00:00">04:09:51</abbr></a>] &lt;<cite>Casavir</cite>&gt; <q>Are they able to change the max USB packet length somehow making it smaller to decrease the chance of packet loss due to the bandwidth</q></li>
<li class="message">[<a href="#T04:10:13" id="T04:10:13"><abbr title="2011-05-12T04:10:13+00:00">04:10:13</abbr></a>] &lt;<cite>ds2</cite>&gt; <q>and I send you more and more buckets and at the same time someone comes up to you and asks you for directions</q></li>
<li class="message">[<a href="#T04:10:16" id="T04:10:16"><abbr title="2011-05-12T04:10:16+00:00">04:10:16</abbr></a>] &lt;<cite>ds2</cite>&gt; <q>what happens? </q></li>
<li class="message">[<a href="#T04:10:45" id="T04:10:45"><abbr title="2011-05-12T04:10:45+00:00">04:10:45</abbr></a>] &lt;<cite>ds2</cite>&gt; <q>the max packet length is negotiated on ep0</q></li>
<li class="message">[<a href="#T04:10:57" id="T04:10:57"><abbr title="2011-05-12T04:10:57+00:00">04:10:57</abbr></a>] &lt;<cite>Casavir</cite>&gt; <q>oh, so it is variable.</q></li>
<li class="message">[<a href="#T04:11:17" id="T04:11:17"><abbr title="2011-05-12T04:11:17+00:00">04:11:17</abbr></a>] &lt;<cite>Casavir</cite>&gt; <q>the answer is either I give someone directions, or I take the bucket.</q></li>
<li class="message">[<a href="#T04:11:34" id="T04:11:34"><abbr title="2011-05-12T04:11:34+00:00">04:11:34</abbr></a>] &lt;<cite>ds2</cite>&gt; <q>and what happens if you give directions?</q></li>
<li class="message">[<a href="#T04:12:17" id="T04:12:17"><abbr title="2011-05-12T04:12:17+00:00">04:12:17</abbr></a>] &lt;<cite>Casavir</cite>&gt; <q>you drop the bucket</q></li>
<li class="message">[<a href="#T04:15:06" id="T04:15:06"><abbr title="2011-05-12T04:15:06+00:00">04:15:06</abbr></a>] &lt;<cite>ds2</cite>&gt; <q>now, consider this... the buckets are suppose to be used to form an image that will be viewed from the air</q></li>
<li class="message">[<a href="#T04:15:19" id="T04:15:19"><abbr title="2011-05-12T04:15:19+00:00">04:15:19</abbr></a>] &lt;<cite>ds2</cite>&gt; <q>relating this to the rest of the discussion will be left as an exercise for the student ;)</q></li>
<li class="message">[<a href="#T04:17:09" id="T04:17:09"><abbr title="2011-05-12T04:17:09+00:00">04:17:09</abbr></a>] &lt;<cite>Casavir</cite>&gt; <q>I get the metaphor, but how do I confirm that this is the issue, and more importantly, what do I need to do to fix it?</q></li>
<li class="message">[<a href="#T04:19:11" id="T04:19:11"><abbr title="2011-05-12T04:19:11+00:00">04:19:11</abbr></a>] &lt;<cite>ds2</cite>&gt; <q>instrument the system</q></li>
<li class="message">[<a href="#T04:19:29" id="T04:19:29"><abbr title="2011-05-12T04:19:29+00:00">04:19:29</abbr></a>] &lt;<cite>Casavir</cite>&gt; <q>and why do other ioctl calls on the same architecture not have the same error.</q></li>
<li class="message">[<a href="#T04:19:54" id="T04:19:54"><abbr title="2011-05-12T04:19:54+00:00">04:19:54</abbr></a>] &lt;<cite>Casavir</cite>&gt; <q>unfortunatly, I don't currently have access to any type of Bus tracer.</q></li>
<li class="message">[<a href="#T04:21:09" id="T04:21:09"><abbr title="2011-05-12T04:21:09+00:00">04:21:09</abbr></a>] &lt;<cite>ds2</cite>&gt; <q>other ioctl calls?</q></li>
<li class="message">[<a href="#T04:21:39" id="T04:21:39"><abbr title="2011-05-12T04:21:39+00:00">04:21:39</abbr></a>] &lt;<cite>Casavir</cite>&gt; <q>system calls to the kernel under the V4L2 API.</q></li>
<li class="join">[<a href="#T04:21:55" id="T04:21:55"><abbr title="2011-05-12T04:21:55+00:00">04:21:55</abbr></a>] <span>* Oltsu (suominen@mustaharakka.cs.tut.fi) has joined #beagle</span></li>
<li class="message">[<a href="#T04:22:01" id="T04:22:01"><abbr title="2011-05-12T04:22:01+00:00">04:22:01</abbr></a>] &lt;<cite>ds2</cite>&gt; <q>and the relevance?</q></li>
<li class="message">[<a href="#T04:22:20" id="T04:22:20"><abbr title="2011-05-12T04:22:20+00:00">04:22:20</abbr></a>] &lt;<cite>Casavir</cite>&gt; <q>other programs don't have the same flickering issue.</q></li>
<li class="message">[<a href="#T04:22:56" id="T04:22:56"><abbr title="2011-05-12T04:22:56+00:00">04:22:56</abbr></a>] &lt;<cite>Casavir</cite>&gt; <q>it is how the code that is written acesses the driver which accesses the device.</q></li>
<li class="message">[<a href="#T04:25:58" id="T04:25:58"><abbr title="2011-05-12T04:25:58+00:00">04:25:58</abbr></a>] &lt;<cite>Casavir</cite>&gt; <q>I need to take off, I am at school.  But I will be on again in about an hour.  I will also be on again tomorrow.</q></li>
<li class="part">[<a href="#T04:26:19" id="T04:26:19"><abbr title="2011-05-12T04:26:19+00:00">04:26:19</abbr></a>] <span>* Casavir (9b6204e9@gateway/web/freenode/ip.155.98.4.233) has left #beagle</span></li>
<li class="join">[<a href="#T04:30:50" id="T04:30:50"><abbr title="2011-05-12T04:30:50+00:00">04:30:50</abbr></a>] <span>* tasslehoff (~Tasslehof@145.79-161-31.customer.lyse.net) has joined #beagle</span></li>
<li class="quit">[<a href="#T04:33:47" id="T04:33:47"><abbr title="2011-05-12T04:33:47+00:00">04:33:47</abbr></a>] <span>* SidH_ (~SidH_@203.101.61.7) Quit (Remote host closed the connection)</span></li>
<li class="join">[<a href="#T04:34:25" id="T04:34:25"><abbr title="2011-05-12T04:34:25+00:00">04:34:25</abbr></a>] <span>* SidH_ (~SidH_@203.101.61.7) has joined #beagle</span></li>
<li class="message">[<a href="#T04:36:39" id="T04:36:39"><abbr title="2011-05-12T04:36:39+00:00">04:36:39</abbr></a>] &lt;<cite>_av500_</cite>&gt; <q>flickr?</q></li>
<li class="message">[<a href="#T04:38:10" id="T04:38:10"><abbr title="2011-05-12T04:38:10+00:00">04:38:10</abbr></a>] &lt;<cite>ds2</cite>&gt; <q>that's where the non corrupt frames go</q></li>
<li class="quit">[<a href="#T04:38:22" id="T04:38:22"><abbr title="2011-05-12T04:38:22+00:00">04:38:22</abbr></a>] <span>* djerome (~djerome@ip24-251-138-141.ph.ph.cox.net) Quit (Remote host closed the connection)</span></li>
<li class="part">[<a href="#T04:44:46" id="T04:44:46"><abbr title="2011-05-12T04:44:46+00:00">04:44:46</abbr></a>] <span>* tasslehoff (~Tasslehof@145.79-161-31.customer.lyse.net) has left #beagle</span></li>
<li class="quit">[<a href="#T04:48:20" id="T04:48:20"><abbr title="2011-05-12T04:48:20+00:00">04:48:20</abbr></a>] <span>* SidH_ (~SidH_@203.101.61.7) Quit (Remote host closed the connection)</span></li>
<li class="join">[<a href="#T04:48:54" id="T04:48:54"><abbr title="2011-05-12T04:48:54+00:00">04:48:54</abbr></a>] <span>* SidH_ (~SidH_@203.101.61.7) has joined #beagle</span></li>
<li class="quit">[<a href="#T04:52:25" id="T04:52:25"><abbr title="2011-05-12T04:52:25+00:00">04:52:25</abbr></a>] <span>* SidH_ (~SidH_@203.101.61.7) Quit (Remote host closed the connection)</span></li>
<li class="join">[<a href="#T04:53:03" id="T04:53:03"><abbr title="2011-05-12T04:53:03+00:00">04:53:03</abbr></a>] <span>* SidH_ (~SidH_@203.101.61.7) has joined #beagle</span></li>
<li class="quit">[<a href="#T04:54:54" id="T04:54:54"><abbr title="2011-05-12T04:54:54+00:00">04:54:54</abbr></a>] <span>* MikeLester (~mike@serenity.reshall.rose-hulman.edu) Quit (Remote host closed the connection)</span></li>
<li class="quit">[<a href="#T04:55:30" id="T04:55:30"><abbr title="2011-05-12T04:55:30+00:00">04:55:30</abbr></a>] <span>* mIKEjONES (~mIKEjONES@orbital.rh.rit.edu) Quit (Ping timeout: 260 seconds)</span></li>
<li class="quit">[<a href="#T04:56:39" id="T04:56:39"><abbr title="2011-05-12T04:56:39+00:00">04:56:39</abbr></a>] <span>* SidH_ (~SidH_@203.101.61.7) Quit (Remote host closed the connection)</span></li>
<li class="join">[<a href="#T04:57:15" id="T04:57:15"><abbr title="2011-05-12T04:57:15+00:00">04:57:15</abbr></a>] <span>* SidH_ (~SidH_@203.101.61.10) has joined #beagle</span></li>
<li class="quit">[<a href="#T04:59:17" id="T04:59:17"><abbr title="2011-05-12T04:59:17+00:00">04:59:17</abbr></a>] <span>* openfree (~dennis@116.228.88.131) Quit (Ping timeout: 252 seconds)</span></li>
<li class="join">[<a href="#T04:59:34" id="T04:59:34"><abbr title="2011-05-12T04:59:34+00:00">04:59:34</abbr></a>] <span>* l4 (~l4@88.119.128.50) has joined #beagle</span></li>
