<li class="quit">[<a href="#T00:00:01" id="T00:00:01"><abbr title="2012-03-02T00:00:01+00:00">00:00:01</abbr></a>] <span>* zhivko (c14da9a6@gateway/web/freenode/ip.193.77.169.166) Quit (Ping timeout: 245 seconds)</span></li>
<li class="quit">[<a href="#T00:01:00" id="T00:01:00"><abbr title="2012-03-02T00:01:00+00:00">00:01:00</abbr></a>] <span>* syrioosh (~quassel@xz139.internetdsl.tpnet.pl) Quit (Ping timeout: 260 seconds)</span></li>
<li class="quit">[<a href="#T00:02:34" id="T00:02:34"><abbr title="2012-03-02T00:02:34+00:00">00:02:34</abbr></a>] <span>* florian (~fuchs@Maemo/community/contributor/florian) Quit (Quit: Verlassend)</span></li>
<li class="quit">[<a href="#T00:03:22" id="T00:03:22"><abbr title="2012-03-02T00:03:22+00:00">00:03:22</abbr></a>] <span>* c4milo (~c4milo@66.43.64.66) Quit (Quit: c4milo)</span></li>
<li class="quit">[<a href="#T00:09:28" id="T00:09:28"><abbr title="2012-03-02T00:09:28+00:00">00:09:28</abbr></a>] <span>* lyakh (~lyakh@dslb-094-221-117-118.pools.arcor-ip.net) Quit (Quit: thanks, bye)</span></li>
<li class="quit">[<a href="#T00:11:59" id="T00:11:59"><abbr title="2012-03-02T00:11:59+00:00">00:11:59</abbr></a>] <span>* negril (~negril@31-16-106-15-dynip.superkabel.de) Quit (Ping timeout: 265 seconds)</span></li>
<li class="join">[<a href="#T00:13:30" id="T00:13:30"><abbr title="2012-03-02T00:13:30+00:00">00:13:30</abbr></a>] <span>* negril (~negril@31-16-106-15-dynip.superkabel.de) has joined #beagle</span></li>
<li class="quit">[<a href="#T00:13:59" id="T00:13:59"><abbr title="2012-03-02T00:13:59+00:00">00:13:59</abbr></a>] <span>* wgrant (~wgrant@ubuntu/member/wgrant) Quit (Quit: Lost terminal)</span></li>
<li class="join">[<a href="#T00:14:28" id="T00:14:28"><abbr title="2012-03-02T00:14:28+00:00">00:14:28</abbr></a>] <span>* falstaff_ (~quassel@62-12-204-120.pool.cyberlink.ch) has joined #beagle</span></li>
<li class="quit">[<a href="#T00:15:03" id="T00:15:03"><abbr title="2012-03-02T00:15:03+00:00">00:15:03</abbr></a>] <span>* falstaff (~quassel@62-12-211-105.pool.cyberlink.ch) Quit (Ping timeout: 252 seconds)</span></li>
<li class="join">[<a href="#T00:15:33" id="T00:15:33"><abbr title="2012-03-02T00:15:33+00:00">00:15:33</abbr></a>] <span>* wgrant (~wgrant@c220-237-25-52.eburwd9.vic.optusnet.com.au) has joined #beagle</span></li>
<li class="quit">[<abbr title="2012-03-02T00:15:33+00:00">00:15:33</abbr>] <span>* wgrant (~wgrant@c220-237-25-52.eburwd9.vic.optusnet.com.au) Quit (Changing host)</span></li>
<li class="join">[<abbr title="2012-03-02T00:15:33+00:00">00:15:33</abbr>] <span>* wgrant (~wgrant@ubuntu/member/wgrant) has joined #beagle</span></li>
<li class="join">[<a href="#T00:21:48" id="T00:21:48"><abbr title="2012-03-02T00:21:48+00:00">00:21:48</abbr></a>] <span>* Red2 (~Ed_Welch@cpe-66-66-201-127.rochester.res.rr.com) has joined #beagle</span></li>
<li class="quit">[<a href="#T00:22:48" id="T00:22:48"><abbr title="2012-03-02T00:22:48+00:00">00:22:48</abbr></a>] <span>* peabody124 (~peabody12@c-98-201-56-63.hsd1.tx.comcast.net) Quit (Quit: peabody124)</span></li>
<li class="part">[<a href="#T00:25:28" id="T00:25:28"><abbr title="2012-03-02T00:25:28+00:00">00:25:28</abbr></a>] <span>* Mojito1 (~Mojito@c-24-61-135-142.hsd1.nh.comcast.net) has left #beagle</span></li>
<li class="join">[<a href="#T00:28:46" id="T00:28:46"><abbr title="2012-03-02T00:28:46+00:00">00:28:46</abbr></a>] <span>* Compy (Compy@c-98-251-52-68.hsd1.ga.comcast.net) has joined #beagle</span></li>
<li class="join">[<a href="#T00:39:02" id="T00:39:02"><abbr title="2012-03-02T00:39:02+00:00">00:39:02</abbr></a>] <span>* c4milo (~c4milo@207-38-137-125.c3-0.avec-ubr2.nyr-avec.ny.cable.rcn.com) has joined #beagle</span></li>
<li class="quit">[<a href="#T00:39:43" id="T00:39:43"><abbr title="2012-03-02T00:39:43+00:00">00:39:43</abbr></a>] <span>* c4milo (~c4milo@207-38-137-125.c3-0.avec-ubr2.nyr-avec.ny.cable.rcn.com) Quit (Remote host closed the connection)</span></li>
<li class="join">[<a href="#T00:39:51" id="T00:39:51"><abbr title="2012-03-02T00:39:51+00:00">00:39:51</abbr></a>] <span>* c4milo (~c4milo@66.43.64.66) has joined #beagle</span></li>
<li class="quit">[<a href="#T00:40:37" id="T00:40:37"><abbr title="2012-03-02T00:40:37+00:00">00:40:37</abbr></a>] <span>* guanucoluis (~luis@201-213-244-90.net.prima.net.ar) Quit (Remote host closed the connection)</span></li>
<li class="quit">[<a href="#T00:42:30" id="T00:42:30"><abbr title="2012-03-02T00:42:30+00:00">00:42:30</abbr></a>] <span>* davest (dcstewar@nat/intel/x-rtehkvzsqgculzdy) Quit (Quit: Leaving.)</span></li>
<li class="join">[<a href="#T00:50:33" id="T00:50:33"><abbr title="2012-03-02T00:50:33+00:00">00:50:33</abbr></a>] <span>* peabody124 (~peabody12@128.249.96.21) has joined #beagle</span></li>
<li class="quit">[<a href="#T00:58:22" id="T00:58:22"><abbr title="2012-03-02T00:58:22+00:00">00:58:22</abbr></a>] <span>* jkridner (~jason@pdpc/supporter/active/jkridner) Quit (Remote host closed the connection)</span></li>
<li class="nick-change">[<abbr title="2012-03-02T00:58:22+00:00">00:58:22</abbr>] <span>* jkridner_ is now known as jkridner</span></li>
