<li class="join">[<a href="#T00:03:48" id="T00:03:48"><abbr title="2012-01-13T00:03:48+00:00">00:03:48</abbr></a>] <span>* masterant (~masterant@132.68.58.68) has joined #beagle</span></li>
<li class="quit">[<a href="#T00:08:59" id="T00:08:59"><abbr title="2012-01-13T00:08:59+00:00">00:08:59</abbr></a>] <span>* masterant (~masterant@132.68.58.68) Quit (Ping timeout: 255 seconds)</span></li>
<li class="quit">[<a href="#T00:19:36" id="T00:19:36"><abbr title="2012-01-13T00:19:36+00:00">00:19:36</abbr></a>] <span>* lyakh (~lyakh@dslb-088-076-023-113.pools.arcor-ip.net) Quit (Quit: thanks, bye)</span></li>
<li class="join">[<a href="#T00:19:53" id="T00:19:53"><abbr title="2012-01-13T00:19:53+00:00">00:19:53</abbr></a>] <span>* masterant (~masterant@132.68.58.68) has joined #beagle</span></li>
<li class="quit">[<a href="#T00:24:21" id="T00:24:21"><abbr title="2012-01-13T00:24:21+00:00">00:24:21</abbr></a>] <span>* masterant (~masterant@132.68.58.68) Quit (Ping timeout: 252 seconds)</span></li>
<li class="quit">[<a href="#T00:27:57" id="T00:27:57"><abbr title="2012-01-13T00:27:57+00:00">00:27:57</abbr></a>] <span>* mikey_w (~mike@pool-74-110-218-2.rcmdva.fios.verizon.net) Quit (Read error: No route to host)</span></li>
<li class="join">[<a href="#T00:28:08" id="T00:28:08"><abbr title="2012-01-13T00:28:08+00:00">00:28:08</abbr></a>] <span>* mikey_w (~mike@pool-74-110-218-2.rcmdva.fios.verizon.net) has joined #beagle</span></li>
<li class="quit">[<a href="#T00:30:16" id="T00:30:16"><abbr title="2012-01-13T00:30:16+00:00">00:30:16</abbr></a>] <span>* mikey_w (~mike@pool-74-110-218-2.rcmdva.fios.verizon.net) Quit (Client Quit)</span></li>
<li class="join">[<a href="#T00:30:29" id="T00:30:29"><abbr title="2012-01-13T00:30:29+00:00">00:30:29</abbr></a>] <span>* mikey_w (~mike@pool-74-110-218-2.rcmdva.fios.verizon.net) has joined #beagle</span></li>
<li class="join">[<a href="#T00:32:48" id="T00:32:48"><abbr title="2012-01-13T00:32:48+00:00">00:32:48</abbr></a>] <span>* rcranetx (~rcranetx@nat/ti/x-xrokphwhmppzjxjy) has joined #beagle</span></li>
<li class="join">[<a href="#T00:36:48" id="T00:36:48"><abbr title="2012-01-13T00:36:48+00:00">00:36:48</abbr></a>] <span>* masterant (~masterant@132.68.58.68) has joined #beagle</span></li>
<li class="quit">[<a href="#T00:38:49" id="T00:38:49"><abbr title="2012-01-13T00:38:49+00:00">00:38:49</abbr></a>] <span>* florian (~fuchs@Maemo/community/contributor/florian) Quit (Quit: Verlassend)</span></li>
<li class="quit">[<a href="#T00:41:33" id="T00:41:33"><abbr title="2012-01-13T00:41:33+00:00">00:41:33</abbr></a>] <span>* masterant (~masterant@132.68.58.68) Quit (Ping timeout: 252 seconds)</span></li>
<li class="join">[<a href="#T00:42:28" id="T00:42:28"><abbr title="2012-01-13T00:42:28+00:00">00:42:28</abbr></a>] <span>* masterant (~masterant@132.68.58.68) has joined #beagle</span></li>
<li class="quit">[<a href="#T00:47:17" id="T00:47:17"><abbr title="2012-01-13T00:47:17+00:00">00:47:17</abbr></a>] <span>* masterant (~masterant@132.68.58.68) Quit (Ping timeout: 248 seconds)</span></li>
<li class="join">[<a href="#T00:48:17" id="T00:48:17"><abbr title="2012-01-13T00:48:17+00:00">00:48:17</abbr></a>] <span>* dsoto (~dsoto@75.16.27.70) has joined #beagle</span></li>
<li class="quit">[<a href="#T00:52:23" id="T00:52:23"><abbr title="2012-01-13T00:52:23+00:00">00:52:23</abbr></a>] <span>* mikey_w (~mike@pool-74-110-218-2.rcmdva.fios.verizon.net) Quit (Remote host closed the connection)</span></li>
<li class="quit">[<a href="#T00:56:16" id="T00:56:16"><abbr title="2012-01-13T00:56:16+00:00">00:56:16</abbr></a>] <span>* pbansal (~PBansal@nat/ti/x-hinwqytydnhsxxcd) Quit (Ping timeout: 240 seconds)</span></li>
<li class="quit">[<a href="#T00:56:57" id="T00:56:57"><abbr title="2012-01-13T00:56:57+00:00">00:56:57</abbr></a>] <span>* lsxq (~you@unaffiliated/lsxq) Quit (Ping timeout: 240 seconds)</span></li>
<li class="quit">[<abbr title="2012-01-13T00:56:57+00:00">00:56:57</abbr>] <span>* tomba (tomba@taika.fi) Quit (Ping timeout: 240 seconds)</span></li>
<li class="quit">[<abbr title="2012-01-13T00:56:57+00:00">00:56:57</abbr>] <span>* mazzanet (~mazzanet@hpavc/mazzanet) Quit (Ping timeout: 240 seconds)</span></li>
<li class="quit">[<abbr title="2012-01-13T00:56:57+00:00">00:56:57</abbr>] <span>* lool (~lool@debian/developer/lool) Quit (Ping timeout: 240 seconds)</span></li>
<li class="quit">[<abbr title="2012-01-13T00:56:57+00:00">00:56:57</abbr>] <span>* mranostay (~mranostay@108-64-218-123.lightspeed.moblal.sbcglobal.net) Quit (Ping timeout: 240 seconds)</span></li>
<li class="quit">[<abbr title="2012-01-13T00:56:57+00:00">00:56:57</abbr>] <span>* toofar (~toobluesc@rrcs-24-153-174-218.sw.biz.rr.com) Quit (Ping timeout: 240 seconds)</span></li>
<li class="quit">[<abbr title="2012-01-13T00:56:57+00:00">00:56:57</abbr>] <span>* radii (foobar@pdpc/supporter/active/radii) Quit (Ping timeout: 240 seconds)</span></li>
<li class="quit">[<abbr title="2012-01-13T00:56:57+00:00">00:56:57</abbr>] <span>* tacticus (~tac@honos.fuber.org) Quit (Ping timeout: 240 seconds)</span></li>
<li class="quit">[<abbr title="2012-01-13T00:56:57+00:00">00:56:57</abbr>] <span>* elzapp (~base@kvidder.com) Quit (Ping timeout: 240 seconds)</span></li>
<li class="quit">[<abbr title="2012-01-13T00:56:57+00:00">00:56:57</abbr>] <span>* Tobias| (~Tobias@unaffiliated/tobias/x-2050245) Quit (Ping timeout: 240 seconds)</span></li>
<li class="quit">[<abbr title="2012-01-13T00:56:57+00:00">00:56:57</abbr>] <span>* pfoetchen (~pfoetchen@winc043.informatik.uni-wuerzburg.de) Quit (Ping timeout: 240 seconds)</span></li>
<li class="quit">[<abbr title="2012-01-13T00:56:57+00:00">00:56:57</abbr>] <span>* BeagleBot (~PircBot@ec2-75-101-156-174.compute-1.amazonaws.com) Quit (Ping timeout: 240 seconds)</span></li>
<li class="join">[<a href="#T19:02:16" id="T19:02:16"><abbr title="2012-01-13T19:02:16+00:00">19:02:16</abbr></a>] <span>* BeagleBot (~PircBot@ec2-75-101-156-174.compute-1.amazonaws.com) has joined #beagle</span></li>
<li class="topic">[<abbr title="2012-01-13T19:02:16+00:00">19:02:16</abbr>] <span>* Topic is '"Welcome to #Beagle | Discussion about the OMAP3 Beagle Board - <a href="http://beagleboard.org">http://beagleboard.org</a> | Beagle search tools are on #dashboard at irc.gimp.org, NOT here ;-)"'</span></li>
<li class="topic">[<abbr title="2012-01-13T19:02:16+00:00">19:02:16</abbr>] <span>* Set by likewise on Tue Nov 17 16:28:25 CST 2009</span></li>
<li class="join">[<abbr title="2012-01-13T19:02:16+00:00">19:02:16</abbr>] <span>* BeagleBot (~PircBot@ec2-75-101-156-174.compute-1.amazonaws.com) has joined #beagleboard</span></li>
<li class="topic">[<abbr title="2012-01-13T19:02:16+00:00">19:02:16</abbr>] <span>* Topic is 'Welcome to #beagleboard, formerly #beagle | Discussion about the ARM Cortex-based BeagleBoard low-power computer - <a href="http://beagleboard.org">http://beagleboard.org</a> | Log is at <a href="http://beagleboard.org/chat">http://beagleboard.org/chat</a> | <a href="http://catb.org/esr/faqs/smart-questions.html'">http://catb.org/esr/faqs/smart-questions.html'</a></span></li>
<li class="topic">[<abbr title="2012-01-13T19:02:16+00:00">19:02:16</abbr>] <span>* Set by jkridner!~jason@pdpc/supporter/active/jkridner on Thu Nov 17 08:19:47 CST 2011</span></li>
<li class="join">[<abbr title="2012-01-13T19:02:16+00:00">19:02:16</abbr>] <span>* BeagleBot (~PircBot@ec2-75-101-156-174.compute-1.amazonaws.com) has joined #beaglebone</span></li>
<li class="topic">[<abbr title="2012-01-13T19:02:16+00:00">19:02:16</abbr>] <span>* Topic is 'Discussion about the BeagleBone, <a href="http://beagleboard.org/bone">http://beagleboard.org/bone</a> | <a href="http://catb.org/esr/faqs/smart-questions.html'">http://catb.org/esr/faqs/smart-questions.html'</a></span></li>
<li class="topic">[<abbr title="2012-01-13T19:02:16+00:00">19:02:16</abbr>] <span>* Set by jkridner!~jason@pdpc/supporter/active/jkridner on Thu Nov 17 08:20:32 CST 2011</span></li>
<li class="message">[<a href="#T19:02:22" id="T19:02:22"><abbr title="2012-01-13T19:02:22+00:00">19:02:22</abbr></a>] &lt;<cite>woglinde</cite>&gt; <q>spow -&gt; florian</q></li>
<li class="message">[<a href="#T19:02:28" id="T19:02:28"><abbr title="2012-01-13T19:02:28+00:00">19:02:28</abbr></a>] &lt;<cite>woglinde</cite>&gt; <q>look at the channel list</q></li>
<li class="message">[<a href="#T19:02:36" id="T19:02:36"><abbr title="2012-01-13T19:02:36+00:00">19:02:36</abbr></a>] &lt;<cite>jkridner</cite>&gt; <q>djlewis: back up.</q></li>
<li class="message">[<a href="#T19:02:50" id="T19:02:50"><abbr title="2012-01-13T19:02:50+00:00">19:02:50</abbr></a>] &lt;<cite>woglinde</cite>&gt; <q>dont know if he will come here today, but when usally around 9 or 10</q></li>
<li class="message">[<a href="#T19:02:51" id="T19:02:51"><abbr title="2012-01-13T19:02:51+00:00">19:02:51</abbr></a>] &lt;<cite>spow</cite>&gt; <q>mdp: hehe, most of my friends graduating this year are thinking about it, but I'd like to stay in europe because of family ... for now</q></li>
<li class="message">[<a href="#T19:03:07" id="T19:03:07"><abbr title="2012-01-13T19:03:07+00:00">19:03:07</abbr></a>] &lt;<cite>spow</cite>&gt; <q>ok, will wait a little then</q></li>
<li class="message">[<a href="#T19:03:10" id="T19:03:10"><abbr title="2012-01-13T19:03:10+00:00">19:03:10</abbr></a>] &lt;<cite>mdp</cite>&gt; <q>family is a good priority</q></li>
<li class="message">[<a href="#T19:03:22" id="T19:03:22"><abbr title="2012-01-13T19:03:22+00:00">19:03:22</abbr></a>] &lt;<cite>jkridner</cite>&gt; <q>djlewis: fyi, there is a backup log at <a href="http://logs.nslu2-linux.org/livelogs/">http://logs.nslu2-linux.org/livelogs/</a></q></li>
<li class="quit">[<a href="#T19:03:47" id="T19:03:47"><abbr title="2012-01-13T19:03:47+00:00">19:03:47</abbr></a>] <span>* negril (~negril@31-16-106-15-dynip.superkabel.de) Quit (Remote host closed the connection)</span></li>
<li class="message">[<a href="#T19:04:10" id="T19:04:10"><abbr title="2012-01-13T19:04:10+00:00">19:04:10</abbr></a>] &lt;<cite>spow</cite>&gt; <q>just for knowledge, how much can an engineer expect to make in the US ?</q></li>
<li class="join">[<a href="#T19:04:20" id="T19:04:20"><abbr title="2012-01-13T19:04:20+00:00">19:04:20</abbr></a>] <span>* jipi_ (~jipi@203.116.251.234) has joined #beagle</span></li>
<li class="quit">[<a href="#T19:04:35" id="T19:04:35"><abbr title="2012-01-13T19:04:35+00:00">19:04:35</abbr></a>] <span>* jipi (~jipi@203.116.251.238) Quit (Ping timeout: 252 seconds)</span></li>
<li class="message">[<a href="#T19:04:39" id="T19:04:39"><abbr title="2012-01-13T19:04:39+00:00">19:04:39</abbr></a>] &lt;<cite>jsabeaudry</cite>&gt; <q>spow: 40-250k</q></li>
<li class="message">[<a href="#T19:04:49" id="T19:04:49"><abbr title="2012-01-13T19:04:49+00:00">19:04:49</abbr></a>] &lt;<cite>spow</cite>&gt; <q>250 oO</q></li>
<li class="message">[<a href="#T19:04:54" id="T19:04:54"><abbr title="2012-01-13T19:04:54+00:00">19:04:54</abbr></a>] &lt;<cite>woglinde</cite>&gt; <q>sure</q></li>
<li class="message">[<a href="#T19:04:57" id="T19:04:57"><abbr title="2012-01-13T19:04:57+00:00">19:04:57</abbr></a>] &lt;<cite>woglinde</cite>&gt; <q>at ibm</q></li>
<li class="message">[<a href="#T19:05:06" id="T19:05:06"><abbr title="2012-01-13T19:05:06+00:00">19:05:06</abbr></a>] &lt;<cite>jsabeaudry</cite>&gt; <q>spow: In he financial sector mostly</q></li>
<li class="message">[<a href="#T19:05:11" id="T19:05:11"><abbr title="2012-01-13T19:05:11+00:00">19:05:11</abbr></a>] &lt;<cite>jsabeaudry</cite>&gt; <q>the*</q></li>
<li class="quit">[<a href="#T19:05:12" id="T19:05:12"><abbr title="2012-01-13T19:05:12+00:00">19:05:12</abbr></a>] <span>* Mojito (~Mojito@c-24-61-135-142.hsd1.nh.comcast.net) Quit (Read error: Connection reset by peer)</span></li>
<li class="message">[<a href="#T19:05:18" id="T19:05:18"><abbr title="2012-01-13T19:05:18+00:00">19:05:18</abbr></a>] &lt;<cite>spow</cite>&gt; <q>ah ok, that's the drawback :p</q></li>
<li class="join">[<a href="#T19:05:31" id="T19:05:31"><abbr title="2012-01-13T19:05:31+00:00">19:05:31</abbr></a>] <span>* Mojito (~Mojito@c-24-61-135-142.hsd1.nh.comcast.net) has joined #beagle</span></li>
<li class="message">[<a href="#T19:05:37" id="T19:05:37"><abbr title="2012-01-13T19:05:37+00:00">19:05:37</abbr></a>] &lt;<cite>spow</cite>&gt; <q>nah, military is ok, finance I really have opinion issues with</q></li>
<li class="message">[<a href="#T19:05:49" id="T19:05:49"><abbr title="2012-01-13T19:05:49+00:00">19:05:49</abbr></a>] &lt;<cite>spow</cite>&gt; <q>high frequency trading :S</q></li>
<li class="message">[<a href="#T19:07:05" id="T19:07:05"><abbr title="2012-01-13T19:07:05+00:00">19:07:05</abbr></a>] &lt;<cite>Russ</cite>&gt; <q>"Responsible for automated kennel builds of the stable git tree"</q></li>
<li class="message">[<a href="#T19:07:20" id="T19:07:20"><abbr title="2012-01-13T19:07:20+00:00">19:07:20</abbr></a>] &lt;<cite>Russ</cite>&gt; <q>dude, that is an unacceptable work environment</q></li>
<li class="message">[<a href="#T19:07:32" id="T19:07:32"><abbr title="2012-01-13T19:07:32+00:00">19:07:32</abbr></a>] &lt;<cite>Russ</cite>&gt; <q>cubes are bad enough, I'm not working in a kennel</q></li>
<li class="join">[<a href="#T19:08:12" id="T19:08:12"><abbr title="2012-01-13T19:08:12+00:00">19:08:12</abbr></a>] <span>* masterant (~masterant@132.68.58.68) has joined #beagle</span></li>
<li class="message">[<a href="#T19:08:28" id="T19:08:28"><abbr title="2012-01-13T19:08:28+00:00">19:08:28</abbr></a>] &lt;<cite>mdp</cite>&gt; <q>lol</q></li>
<li class="message">[<a href="#T19:08:44" id="T19:08:44"><abbr title="2012-01-13T19:08:44+00:00">19:08:44</abbr></a>] &lt;<cite>spow</cite>&gt; <q>oh, this is actually something I meant to ask for a while : how much time a beginner engineer works in an open space ? I have real issues with ambiant noise</q></li>
<li class="message">[<a href="#T19:08:49" id="T19:08:49"><abbr title="2012-01-13T19:08:49+00:00">19:08:49</abbr></a>] &lt;<cite>ds2</cite>&gt; <q>but they are automatically built kennels!</q></li>
<li class="join">[<a href="#T19:09:00" id="T19:09:00"><abbr title="2012-01-13T19:09:00+00:00">19:09:00</abbr></a>] <span>* negril_ (~negril@31-16-106-15-dynip.superkabel.de) has joined #beagle</span></li>
<li class="message">[<a href="#T19:09:05" id="T19:09:05"><abbr title="2012-01-13T19:09:05+00:00">19:09:05</abbr></a>] &lt;<cite>ds2</cite>&gt; <q>based on stable tree material</q></li>
<li class="action">[<a href="#T19:09:13" id="T19:09:13"><abbr title="2012-01-13T19:09:13+00:00">19:09:13</abbr></a>] <span>* mdp puts Russ on the prima donna list</span></li>
<li class="nick-change">[<a href="#T19:09:19" id="T19:09:19"><abbr title="2012-01-13T19:09:19+00:00">19:09:19</abbr></a>] <span>* negril_ is now known as negril</span></li>
<li class="message">[<a href="#T19:09:50" id="T19:09:50"><abbr title="2012-01-13T19:09:50+00:00">19:09:50</abbr></a>] &lt;<cite>Russ</cite>&gt; <q>spow, beginning engineers?</q></li>
<li class="message">[<a href="#T19:10:05" id="T19:10:05"><abbr title="2012-01-13T19:10:05+00:00">19:10:05</abbr></a>] &lt;<cite>Russ</cite>&gt; <q>I think you mean MOST engineers, especially at large companies</q></li>
<li class="message">[<abbr title="2012-01-13T19:10:05+00:00">19:10:05</abbr>] &lt;<cite>spow</cite>&gt; <q>engineers with no experience</q></li>
<li class="message">[<a href="#T19:10:08" id="T19:10:08"><abbr title="2012-01-13T19:10:08+00:00">19:10:08</abbr></a>] &lt;<cite>Russ</cite>&gt; <q>cube farms are the norm</q></li>
<li class="message">[<a href="#T19:10:31" id="T19:10:31"><abbr title="2012-01-13T19:10:31+00:00">19:10:31</abbr></a>] &lt;<cite>spow</cite>&gt; <q>sometimes I wish I was an electrician</q></li>
<li class="message">[<a href="#T19:10:32" id="T19:10:32"><abbr title="2012-01-13T19:10:32+00:00">19:10:32</abbr></a>] &lt;<cite>spow</cite>&gt; <q>...</q></li>
<li class="message">[<a href="#T19:10:53" id="T19:10:53"><abbr title="2012-01-13T19:10:53+00:00">19:10:53</abbr></a>] &lt;<cite>Russ</cite>&gt; <q>why, so you can un-wire the lighting above your cube?</q></li>
<li class="message">[<a href="#T19:11:03" id="T19:11:03"><abbr title="2012-01-13T19:11:03+00:00">19:11:03</abbr></a>] &lt;<cite>spow</cite>&gt; <q>don't you sass me :p</q></li>
<li class="message">[<a href="#T19:11:07" id="T19:11:07"><abbr title="2012-01-13T19:11:07+00:00">19:11:07</abbr></a>] &lt;<cite>Russ</cite>&gt; <q>just unscrew the bulb a little</q></li>
<li class="message">[<a href="#T19:11:17" id="T19:11:17"><abbr title="2012-01-13T19:11:17+00:00">19:11:17</abbr></a>] &lt;<cite>woglinde</cite>&gt; <q>spow in germany openspace isnt this common</q></li>
<li class="message">[<a href="#T19:11:35" id="T19:11:35"><abbr title="2012-01-13T19:11:35+00:00">19:11:35</abbr></a>] &lt;<cite>woglinde</cite>&gt; <q>only some american inspired start ups does it</q></li>
<li class="message">[<a href="#T19:11:41" id="T19:11:41"><abbr title="2012-01-13T19:11:41+00:00">19:11:41</abbr></a>] &lt;<cite>mdp</cite>&gt; <q>spow, that leads to quality work experience like pulling new service into a building while standing hip deep in mud in &lt;0C weather all day</q></li>
<li class="message">[<a href="#T19:12:16" id="T19:12:16"><abbr title="2012-01-13T19:12:16+00:00">19:12:16</abbr></a>] &lt;<cite>spow</cite>&gt; <q>I chuckled</q></li>
<li class="quit">[<a href="#T19:12:17" id="T19:12:17"><abbr title="2012-01-13T19:12:17+00:00">19:12:17</abbr></a>] <span>* _chase_ (~chase@nat/ti/x-qlyvtpjkwhthdaqc) Quit ()</span></li>
<li class="join">[<a href="#T19:12:41" id="T19:12:41"><abbr title="2012-01-13T19:12:41+00:00">19:12:41</abbr></a>] <span>* A2Sheds (~ly@unaffiliated/l84supper) has joined #beagle</span></li>
<li class="join">[<abbr title="2012-01-13T19:12:41+00:00">19:12:41</abbr>] <span>* A2Sheds (~ly@unaffiliated/l84supper) has joined #beaglebone</span></li>
<li class="quit">[<a href="#T19:13:01" id="T19:13:01"><abbr title="2012-01-13T19:13:01+00:00">19:13:01</abbr></a>] <span>* masterant (~masterant@132.68.58.68) Quit (Ping timeout: 276 seconds)</span></li>
<li class="message">[<a href="#T19:13:04" id="T19:13:04"><abbr title="2012-01-13T19:13:04+00:00">19:13:04</abbr></a>] &lt;<cite>spow</cite>&gt; <q>woglinde: problem for me finding a job here (ger) is that my german is terrible</q></li>
<li class="message">[<a href="#T19:13:08" id="T19:13:08"><abbr title="2012-01-13T19:13:08+00:00">19:13:08</abbr></a>] &lt;<cite>spow</cite>&gt; <q>scholar at best</q></li>
<li class="message">[<a href="#T19:13:17" id="T19:13:17"><abbr title="2012-01-13T19:13:17+00:00">19:13:17</abbr></a>] &lt;<cite>mdp</cite>&gt; <q>spow, that's how my electrician father describes the negative side of a trade like that :)</q></li>
<li class="message">[<a href="#T19:13:35" id="T19:13:35"><abbr title="2012-01-13T19:13:35+00:00">19:13:35</abbr></a>] &lt;<cite>woglinde</cite>&gt; <q>spow and you are from france, so your english is proably not so good too</q></li>
<li class="message">[<a href="#T19:13:44" id="T19:13:44"><abbr title="2012-01-13T19:13:44+00:00">19:13:44</abbr></a>] &lt;<cite>woglinde</cite>&gt; <q>spow okay that might be a problem</q></li>
<li class="message">[<a href="#T19:14:03" id="T19:14:03"><abbr title="2012-01-13T19:14:03+00:00">19:14:03</abbr></a>] &lt;<cite>spow</cite>&gt; <q>hehe, I'm usually told that my english is pretty good for a frenchman</q></li>
<li class="message">[<a href="#T19:14:47" id="T19:14:47"><abbr title="2012-01-13T19:14:47+00:00">19:14:47</abbr></a>] &lt;<cite>spow</cite>&gt; <q>cannot stress the "for a frenchman" enough though</q></li>
<li class="message">[<a href="#T19:14:53" id="T19:14:53"><abbr title="2012-01-13T19:14:53+00:00">19:14:53</abbr></a>] &lt;<cite>mdp</cite>&gt; <q>hehe</q></li>
<li class="message">[<a href="#T19:15:11" id="T19:15:11"><abbr title="2012-01-13T19:15:11+00:00">19:15:11</abbr></a>] &lt;<cite>woglinde</cite>&gt; <q>spow than I see no problem finding a job</q></li>
<li class="message">[<a href="#T19:15:35" id="T19:15:35"><abbr title="2012-01-13T19:15:35+00:00">19:15:35</abbr></a>] &lt;<cite>mdp</cite>&gt; <q>but you might want to work on your Mandarin too</q></li>
<li class="message">[<a href="#T19:16:23" id="T19:16:23"><abbr title="2012-01-13T19:16:23+00:00">19:16:23</abbr></a>] &lt;<cite>spow</cite>&gt; <q>yeah, when they take over the world I'll prob. regret making fun of my friend who took chinese courses over english :(</q></li>
<li class="message">[<a href="#T19:17:17" id="T19:17:17"><abbr title="2012-01-13T19:17:17+00:00">19:17:17</abbr></a>] &lt;<cite>mdp</cite>&gt; <q>very likely</q></li>
<li class="message">[<a href="#T19:17:41" id="T19:17:41"><abbr title="2012-01-13T19:17:41+00:00">19:17:41</abbr></a>] &lt;<cite>spow</cite>&gt; <q>okay, imma follow your advice and create a linkedin account (against my best judgement). Anything I should do to attract recruitors ?</q></li>
<li class="message">[<a href="#T19:18:45" id="T19:18:45"><abbr title="2012-01-13T19:18:45+00:00">19:18:45</abbr></a>] &lt;<cite>spow</cite>&gt; <q>also, would it be suspiciours if I don't add anyone to my network ? I litterally get spammed by people joining this network</q></li>
<li class="message">[<a href="#T19:19:27" id="T19:19:27"><abbr title="2012-01-13T19:19:27+00:00">19:19:27</abbr></a>] &lt;<cite>mdp</cite>&gt; <q>spow, first put your location as bangalore,that will increase the number of recruiters</q></li>
<li class="message">[<a href="#T19:19:47" id="T19:19:47"><abbr title="2012-01-13T19:19:47+00:00">19:19:47</abbr></a>] &lt;<cite>spow</cite>&gt; <q>tbh I couldn't place this on a map :S</q></li>
<li class="message">[<a href="#T19:19:58" id="T19:19:58"><abbr title="2012-01-13T19:19:58+00:00">19:19:58</abbr></a>] &lt;<cite>mdp</cite>&gt; <q>it's over there</q></li>
<li class="message">[<a href="#T19:20:19" id="T19:20:19"><abbr title="2012-01-13T19:20:19+00:00">19:20:19</abbr></a>] &lt;<cite>spow</cite>&gt; <q>most prob in the east, south of china</q></li>
<li class="message">[<a href="#T19:20:29" id="T19:20:29"><abbr title="2012-01-13T19:20:29+00:00">19:20:29</abbr></a>] &lt;<cite>spow</cite>&gt; <q>but my divination stops there</q></li>
<li class="message">[<a href="#T19:20:31" id="T19:20:31"><abbr title="2012-01-13T19:20:31+00:00">19:20:31</abbr></a>] &lt;<cite>mdp</cite>&gt; <q>only .usians are permitted to be poor at geography???don't try to steal our thunder</q></li>
<li class="message">[<a href="#T19:21:07" id="T19:21:07"><abbr title="2012-01-13T19:21:07+00:00">19:21:07</abbr></a>] &lt;<cite>mdp</cite>&gt; <q>spow, most important location in .in after mumbai</q></li>
<li class="message">[<a href="#T19:21:36" id="T19:21:36"><abbr title="2012-01-13T19:21:36+00:00">19:21:36</abbr></a>] &lt;<cite>spow</cite>&gt; <q>oh ok, india related</q></li>
<li class="join">[<a href="#T19:21:50" id="T19:21:50"><abbr title="2012-01-13T19:21:50+00:00">19:21:50</abbr></a>] <span>* ericb2 (~X@unaffiliated/ericb2) has joined #beagle</span></li>
<li class="message">[<a href="#T19:21:55" id="T19:21:55"><abbr title="2012-01-13T19:21:55+00:00">19:21:55</abbr></a>] &lt;<cite>spow</cite>&gt; <q>shame on me, the one friend I made last year was an indian nerd</q></li>
<li class="message">[<a href="#T19:22:12" id="T19:22:12"><abbr title="2012-01-13T19:22:12+00:00">19:22:12</abbr></a>] &lt;<cite>woglinde</cite>&gt; <q>spow join the embedded groub</q></li>
<li class="message">[<a href="#T19:22:17" id="T19:22:17"><abbr title="2012-01-13T19:22:17+00:00">19:22:17</abbr></a>] &lt;<cite>woglinde</cite>&gt; <q>args group</q></li>
<li class="message">[<a href="#T19:22:55" id="T19:22:55"><abbr title="2012-01-13T19:22:55+00:00">19:22:55</abbr></a>] &lt;<cite>spow</cite>&gt; <q>on linkedin ? or arch.embedded ?</q></li>
<li class="message">[<a href="#T19:23:02" id="T19:23:02"><abbr title="2012-01-13T19:23:02+00:00">19:23:02</abbr></a>] &lt;<cite>woglinde</cite>&gt; <q>linkedin</q></li>
<li class="message">[<a href="#T19:23:10" id="T19:23:10"><abbr title="2012-01-13T19:23:10+00:00">19:23:10</abbr></a>] &lt;<cite>spow</cite>&gt; <q>k</q></li>
<li class="message">[<a href="#T19:23:17" id="T19:23:17"><abbr title="2012-01-13T19:23:17+00:00">19:23:17</abbr></a>] &lt;<cite>woglinde</cite>&gt; <q>for germany you could use www.xing.de too</q></li>
<li class="message">[<a href="#T19:23:37" id="T19:23:37"><abbr title="2012-01-13T19:23:37+00:00">19:23:37</abbr></a>] &lt;<cite>woglinde</cite>&gt; <q>but its mostly in german ;)</q></li>
<li class="join">[<a href="#T19:24:26" id="T19:24:26"><abbr title="2012-01-13T19:24:26+00:00">19:24:26</abbr></a>] <span>* masterant (~masterant@132.68.58.68) has joined #beagle</span></li>
<li class="message">[<a href="#T19:24:51" id="T19:24:51"><abbr title="2012-01-13T19:24:51+00:00">19:24:51</abbr></a>] &lt;<cite>spow</cite>&gt; <q>gimme a day or 2 to adjust to have my name on the internet first :p</q></li>
<li class="message">[<a href="#T19:25:09" id="T19:25:09"><abbr title="2012-01-13T19:25:09+00:00">19:25:09</abbr></a>] &lt;<cite>woglinde</cite>&gt; <q>commits to opensource projects?</q></li>
<li class="message">[<a href="#T19:25:23" id="T19:25:23"><abbr title="2012-01-13T19:25:23+00:00">19:25:23</abbr></a>] &lt;<cite>spow</cite>&gt; <q>i'm sorry ?</q></li>
<li class="message">[<a href="#T19:25:42" id="T19:25:42"><abbr title="2012-01-13T19:25:42+00:00">19:25:42</abbr></a>] &lt;<cite>woglinde</cite>&gt; <q>-&gt; adjust to have my name on the internet first</q></li>
<li class="message">[<a href="#T19:26:30" id="T19:26:30"><abbr title="2012-01-13T19:26:30+00:00">19:26:30</abbr></a>] &lt;<cite>spow</cite>&gt; <q>I might have paranoiac issues, and I don't want people to be able to find me (no myspace, no facebook, no google stuff...)</q></li>
<li class="message">[<a href="#T19:26:51" id="T19:26:51"><abbr title="2012-01-13T19:26:51+00:00">19:26:51</abbr></a>] &lt;<cite>spow</cite>&gt; <q>is it actually ok to change my last name on linkedin ?</q></li>
<li class="message">[<a href="#T19:26:53" id="T19:26:53"><abbr title="2012-01-13T19:26:53+00:00">19:26:53</abbr></a>] &lt;<cite>woglinde</cite>&gt; <q>I dont have them too</q></li>
<li class="message">[<a href="#T19:27:02" id="T19:27:02"><abbr title="2012-01-13T19:27:02+00:00">19:27:02</abbr></a>] &lt;<cite>woglinde</cite>&gt; <q>spow dont ask me</q></li>
<li class="quit">[<a href="#T19:28:30" id="T19:28:30"><abbr title="2012-01-13T19:28:30+00:00">19:28:30</abbr></a>] <span>* Russ (~russ@209.140.95.27) Quit (Read error: Connection reset by peer)</span></li>
<li class="quit">[<a href="#T19:30:23" id="T19:30:23"><abbr title="2012-01-13T19:30:23+00:00">19:30:23</abbr></a>] <span>* masterant (~masterant@132.68.58.68) Quit (Ping timeout: 252 seconds)</span></li>
<li class="join">[<a href="#T19:32:59" id="T19:32:59"><abbr title="2012-01-13T19:32:59+00:00">19:32:59</abbr></a>] <span>* djlewis (~djelwis@adsl-65-64-30-13.dsl.ltrkar.swbell.net) has joined #beaglebone</span></li>
<li class="message">[<a href="#T19:33:50" id="T19:33:50"><abbr title="2012-01-13T19:33:50+00:00">19:33:50</abbr></a>] &lt;<cite>spow</cite>&gt; <q>whom should I discuss these whereabouts with ?</q></li>
<li class="message">[<a href="#T19:34:23" id="T19:34:23"><abbr title="2012-01-13T19:34:23+00:00">19:34:23</abbr></a>] &lt;<cite>woglinde</cite>&gt; <q>speak with linkedin</q></li>
<li class="message">[<a href="#T19:35:51" id="T19:35:51"><abbr title="2012-01-13T19:35:51+00:00">19:35:51</abbr></a>] &lt;<cite>spow</cite>&gt; <q>their general terms of agreement state you shouldn't use a fake name</q></li>
<li class="message">[<a href="#T19:36:33" id="T19:36:33"><abbr title="2012-01-13T19:36:33+00:00">19:36:33</abbr></a>] &lt;<cite>spow</cite>&gt; <q>in a double negative :p</q></li>
<li class="message">[<a href="#T19:38:05" id="T19:38:05"><abbr title="2012-01-13T19:38:05+00:00">19:38:05</abbr></a>] &lt;<cite>djlewis</cite>&gt; <q>jkridner: thank you, time for me to Bone up :)</q></li>
<li class="message">[<a href="#T19:38:13" id="T19:38:13"><abbr title="2012-01-13T19:38:13+00:00">19:38:13</abbr></a>] &lt;<cite>jkridner</cite>&gt; <q>:)</q></li>
<li class="quit">[<a href="#T19:39:14" id="T19:39:14"><abbr title="2012-01-13T19:39:14+00:00">19:39:14</abbr></a>] <span>* jipi_ (~jipi@203.116.251.234) Quit (Ping timeout: 244 seconds)</span></li>
<li class="quit">[<a href="#T19:40:19" id="T19:40:19"><abbr title="2012-01-13T19:40:19+00:00">19:40:19</abbr></a>] <span>* dneary (~dneary@Maemo/community/docmaster/dneary) Quit (Ping timeout: 276 seconds)</span></li>
<li class="join">[<a href="#T19:41:09" id="T19:41:09"><abbr title="2012-01-13T19:41:09+00:00">19:41:09</abbr></a>] <span>* masterant (~masterant@132.68.58.68) has joined #beagle</span></li>
<li class="quit">[<a href="#T19:41:56" id="T19:41:56"><abbr title="2012-01-13T19:41:56+00:00">19:41:56</abbr></a>] <span>* drakkan1000 (~drakkan@dynamic-adsl-78-12-153-225.clienti.tiscali.it) Quit (Ping timeout: 252 seconds)</span></li>
<li class="part">[<a href="#T19:43:36" id="T19:43:36"><abbr title="2012-01-13T19:43:36+00:00">19:43:36</abbr></a>] <span>* bbxm (80539a75@gateway/web/freenode/ip.128.83.154.117) has left #beagle</span></li>
<li class="quit">[<a href="#T19:45:34" id="T19:45:34"><abbr title="2012-01-13T19:45:34+00:00">19:45:34</abbr></a>] <span>* masterant (~masterant@132.68.58.68) Quit (Ping timeout: 245 seconds)</span></li>
<li class="quit">[<a href="#T19:46:02" id="T19:46:02"><abbr title="2012-01-13T19:46:02+00:00">19:46:02</abbr></a>] <span>* A2Sheds (~ly@unaffiliated/l84supper) Quit (Read error: No route to host)</span></li>
<li class="join">[<a href="#T19:46:41" id="T19:46:41"><abbr title="2012-01-13T19:46:41+00:00">19:46:41</abbr></a>] <span>* bstin (~barry@99-190-181-112.lightspeed.sprntx.sbcglobal.net) has joined #beaglebone</span></li>
<li class="join">[<a href="#T19:46:45" id="T19:46:45"><abbr title="2012-01-13T19:46:45+00:00">19:46:45</abbr></a>] <span>* bstin (~barry@99-190-181-112.lightspeed.sprntx.sbcglobal.net) has joined #beagleboard</span></li>
<li class="join">[<a href="#T19:47:05" id="T19:47:05"><abbr title="2012-01-13T19:47:05+00:00">19:47:05</abbr></a>] <span>* A2Sheds (~ly@unaffiliated/l84supper) has joined #beagle</span></li>
<li class="join">[<abbr title="2012-01-13T19:47:05+00:00">19:47:05</abbr>] <span>* A2Sheds (~ly@unaffiliated/l84supper) has joined #beaglebone</span></li>
<li class="join">[<a href="#T19:51:17" id="T19:51:17"><abbr title="2012-01-13T19:51:17+00:00">19:51:17</abbr></a>] <span>* ocdex (3b602674@gateway/web/freenode/ip.59.96.38.116) has joined #beagleboard</span></li>
<li class="join">[<abbr title="2012-01-13T19:51:17+00:00">19:51:17</abbr>] <span>* ocdex (3b602674@gateway/web/freenode/ip.59.96.38.116) has joined #beaglebone</span></li>
<li class="join">[<abbr title="2012-01-13T19:51:17+00:00">19:51:17</abbr>] <span>* ocdex (3b602674@gateway/web/freenode/ip.59.96.38.116) has joined #beagle</span></li>
<li class="quit">[<a href="#T19:53:58" id="T19:53:58"><abbr title="2012-01-13T19:53:58+00:00">19:53:58</abbr></a>] <span>* rcranetx (~rcranetx@nat/ti/x-pevutiavnuxacyec) Quit (Quit: Leaving.)</span></li>
<li class="quit">[<a href="#T19:54:00" id="T19:54:00"><abbr title="2012-01-13T19:54:00+00:00">19:54:00</abbr></a>] <span>* bstin (~barry@99-190-181-112.lightspeed.sprntx.sbcglobal.net) Quit (Quit: Ex-Chat)</span></li>
<li class="join">[<a href="#T19:55:17" id="T19:55:17"><abbr title="2012-01-13T19:55:17+00:00">19:55:17</abbr></a>] <span>* bstin (~barry@99-190-181-112.lightspeed.sprntx.sbcglobal.net) has joined #beaglebone</span></li>
<li class="join">[<a href="#T19:55:20" id="T19:55:20"><abbr title="2012-01-13T19:55:20+00:00">19:55:20</abbr></a>] <span>* bstin (~barry@99-190-181-112.lightspeed.sprntx.sbcglobal.net) has joined #beagleboard</span></li>
<li class="join">[<a href="#T19:56:52" id="T19:56:52"><abbr title="2012-01-13T19:56:52+00:00">19:56:52</abbr></a>] <span>* masterant (~masterant@132.68.58.68) has joined #beagle</span></li>
<li class="quit">[<a href="#T19:59:09" id="T19:59:09"><abbr title="2012-01-13T19:59:09+00:00">19:59:09</abbr></a>] <span>* jay6981 (~Adium@38.114.132.193) Quit (Read error: Connection reset by peer)</span></li>
