<li class="message">[<a href="#T00:00:43" id="T00:00:43"><abbr title="2012-11-23T00:00:43+00:00">00:00:43</abbr></a>] &lt;<cite>Crofton|work</cite>&gt; <q>sounds like the console= arg is wrong to the kernel...</q></li>
<li class="message">[<a href="#T00:04:06" id="T00:04:06"><abbr title="2012-11-23T00:04:06+00:00">00:04:06</abbr></a>] &lt;<cite>xanium4333</cite>&gt; <q>Crofton|work: agreed, except I don't get the watchdog led or anything</q></li>
<li class="join">[<a href="#T00:08:50" id="T00:08:50"><abbr title="2012-11-23T00:08:50+00:00">00:08:50</abbr></a>] <span>* eikeon (~eikeon@pool-108-56-12-5.washdc.east.verizon.net) has joined #beagle</span></li>
<li class="quit">[<a href="#T00:14:38" id="T00:14:38"><abbr title="2012-11-23T00:14:38+00:00">00:14:38</abbr></a>] <span>* xanium4333 (~jamesbuck@2001:470:1f09:10:21a:4dff:fe45:c9ff) Quit (Quit: Konversation terminated!)</span></li>
<li class="quit">[<a href="#T00:16:22" id="T00:16:22"><abbr title="2012-11-23T00:16:22+00:00">00:16:22</abbr></a>] <span>* janne (~janne@sianko.jannau.net) Quit (Ping timeout: 246 seconds)</span></li>
<li class="join">[<a href="#T00:17:06" id="T00:17:06"><abbr title="2012-11-23T00:17:06+00:00">00:17:06</abbr></a>] <span>* janne (~janne@sianko.jannau.net) has joined #beagle</span></li>
<li class="quit">[<a href="#T00:17:47" id="T00:17:47"><abbr title="2012-11-23T00:17:47+00:00">00:17:47</abbr></a>] <span>* koen (~koen@ip4da2a5ae.direct-adsl.nl) Quit (Ping timeout: 260 seconds)</span></li>
<li class="join">[<a href="#T00:18:16" id="T00:18:16"><abbr title="2012-11-23T00:18:16+00:00">00:18:16</abbr></a>] <span>* koen (~koen@ip4da2a5ae.direct-adsl.nl) has joined #beagle</span></li>
<li class="quit">[<a href="#T00:18:33" id="T00:18:33"><abbr title="2012-11-23T00:18:33+00:00">00:18:33</abbr></a>] <span>* emeb (~ericb@75-171-75-245.phnx.qwest.net) Quit (Ping timeout: 260 seconds)</span></li>
<li class="quit">[<a href="#T00:23:16" id="T00:23:16"><abbr title="2012-11-23T00:23:16+00:00">00:23:16</abbr></a>] <span>* jameson (188d71d8@gateway/web/freenode/ip.24.141.113.216) Quit (Quit: Page closed)</span></li>
<li class="join">[<a href="#T00:25:23" id="T00:25:23"><abbr title="2012-11-23T00:25:23+00:00">00:25:23</abbr></a>] <span>* Ceriand|desktop (~Ceriand@unaffiliated/ceriand) has joined #beagle</span></li>
<li class="quit">[<a href="#T00:25:34" id="T00:25:34"><abbr title="2012-11-23T00:25:34+00:00">00:25:34</abbr></a>] <span>* av500 (~vladimir@pd95bf55a.dip0.t-ipconnect.de) Quit (Read error: Connection reset by peer)</span></li>
<li class="join">[<a href="#T00:25:57" id="T00:25:57"><abbr title="2012-11-23T00:25:57+00:00">00:25:57</abbr></a>] <span>* av500 (~vladimir@pd95bf55a.dip0.t-ipconnect.de) has joined #beagle</span></li>
<li class="join">[<a href="#T00:30:43" id="T00:30:43"><abbr title="2012-11-23T00:30:43+00:00">00:30:43</abbr></a>] <span>* divine (~divine@2001:470:8247:1::42) has joined #beaglebone</span></li>
<li class="join">[<a href="#T00:31:07" id="T00:31:07"><abbr title="2012-11-23T00:31:07+00:00">00:31:07</abbr></a>] <span>* emeb (~ericb@174-26-225-245.phnx.qwest.net) has joined #beagle</span></li>
<li class="quit">[<a href="#T00:37:40" id="T00:37:40"><abbr title="2012-11-23T00:37:40+00:00">00:37:40</abbr></a>] <span>* emeb (~ericb@174-26-225-245.phnx.qwest.net) Quit (Ping timeout: 248 seconds)</span></li>
<li class="join">[<a href="#T00:47:27" id="T00:47:27"><abbr title="2012-11-23T00:47:27+00:00">00:47:27</abbr></a>] <span>* guanucoluis (~luis@201-213-179-128.net.prima.net.ar) has joined #beagleboard</span></li>
<li class="quit">[<a href="#T00:49:56" id="T00:49:56"><abbr title="2012-11-23T00:49:56+00:00">00:49:56</abbr></a>] <span>* thurbad (~natesewel@cpe-70-124-86-209.austin.res.rr.com) Quit (Ping timeout: 248 seconds)</span></li>
<li class="quit">[<a href="#T00:49:57" id="T00:49:57"><abbr title="2012-11-23T00:49:57+00:00">00:49:57</abbr></a>] <span>* jakeday (~jakeday@66-191-249-218.dhcp.kgpt.tn.charter.com) Quit (Ping timeout: 248 seconds)</span></li>
<li class="quit">[<abbr title="2012-11-23T00:49:57+00:00">00:49:57</abbr>] <span>* buq2 (~buq2@dsl-trebrasgw2-fe98de00-17.dhcp.inet.fi) Quit (Ping timeout: 248 seconds)</span></li>
<li class="join">[<a href="#T00:50:03" id="T00:50:03"><abbr title="2012-11-23T00:50:03+00:00">00:50:03</abbr></a>] <span>* buq2 (~buq2@dsl-trebrasgw2-fe98de00-17.dhcp.inet.fi) has joined #beagle</span></li>
<li class="join">[<a href="#T00:51:19" id="T00:51:19"><abbr title="2012-11-23T00:51:19+00:00">00:51:19</abbr></a>] <span>* jakeday (~jakeday@66-191-249-218.dhcp.kgpt.tn.charter.com) has joined #beagle</span></li>
<li class="quit">[<a href="#T00:52:54" id="T00:52:54"><abbr title="2012-11-23T00:52:54+00:00">00:52:54</abbr></a>] <span>* rsalveti (~rsalveti@linaro/rsalveti) Quit (Ping timeout: 264 seconds)</span></li>
<li class="join">[<a href="#T00:55:32" id="T00:55:32"><abbr title="2012-11-23T00:55:32+00:00">00:55:32</abbr></a>] <span>* rsalveti (~rsalveti@linaro/rsalveti) has joined #beagle</span></li>
<li class="join">[<a href="#T00:56:48" id="T00:56:48"><abbr title="2012-11-23T00:56:48+00:00">00:56:48</abbr></a>] <span>* iPhoneMRZ (~iphonemrz@89-97-229-110.ip19.fastwebnet.it) has joined #beagle</span></li>
