<li class="message">[<a href="#T00:00:28" id="T00:00:28"><abbr title="2012-10-25T00:00:28+00:00">00:00:28</abbr></a>] &lt;<cite>mdp</cite>&gt; <q>nobody passed a law requiring an eeprom on a design</q></li>
<li class="message">[<a href="#T00:00:59" id="T00:00:59"><abbr title="2012-10-25T00:00:59+00:00">00:00:59</abbr></a>] &lt;<cite>ds2</cite>&gt; <q>other then the provided code does</q></li>
<li class="message">[<a href="#T00:02:25" id="T00:02:25"><abbr title="2012-10-25T00:02:25+00:00">00:02:25</abbr></a>] &lt;<cite>mdp</cite>&gt; <q>that's just silly</q></li>
<li class="message">[<a href="#T00:02:50" id="T00:02:50"><abbr title="2012-10-25T00:02:50+00:00">00:02:50</abbr></a>] &lt;<cite>ds2</cite>&gt; <q>anyways... I'll wait for working PM</q></li>
<li class="message">[<a href="#T00:03:22" id="T00:03:22"><abbr title="2012-10-25T00:03:22+00:00">00:03:22</abbr></a>] &lt;<cite>mdp</cite>&gt; <q>I hear our s/w team in india is working on it</q></li>
<li class="join">[<a href="#T00:03:33" id="T00:03:33"><abbr title="2012-10-25T00:03:33+00:00">00:03:33</abbr></a>] <span>* joelagnel-home (c05e5c0e@gateway/web/freenode/ip.192.94.92.14) has joined #beagle</span></li>
<li class="message">[<a href="#T00:03:39" id="T00:03:39"><abbr title="2012-10-25T00:03:39+00:00">00:03:39</abbr></a>] &lt;<cite>ds2</cite>&gt; <q>hahaahahah</q></li>
<li class="message">[<a href="#T00:03:53" id="T00:03:53"><abbr title="2012-10-25T00:03:53+00:00">00:03:53</abbr></a>] &lt;<cite>ds2</cite>&gt; <q>last I heard, there is a fatal silicon bug</q></li>
<li class="message">[<a href="#T00:04:05" id="T00:04:05"><abbr title="2012-10-25T00:04:05+00:00">00:04:05</abbr></a>] &lt;<cite>mdp</cite>&gt; <q>dunno, not in the loop</q></li>
<li class="message">[<a href="#T00:04:48" id="T00:04:48"><abbr title="2012-10-25T00:04:48+00:00">00:04:48</abbr></a>] &lt;<cite>ds2</cite>&gt; <q>I'll stick with the 35x or 37x for the time being</q></li>
<li class="message">[<a href="#T00:06:33" id="T00:06:33"><abbr title="2012-10-25T00:06:33+00:00">00:06:33</abbr></a>] &lt;<cite>mdp</cite>&gt; <q>anything could have a fatal silicon bug, I suppose</q></li>
<li class="message">[<a href="#T00:06:36" id="T00:06:36"><abbr title="2012-10-25T00:06:36+00:00">00:06:36</abbr></a>] &lt;<cite>mdp</cite>&gt; <q>who knows</q></li>
<li class="message">[<a href="#T00:07:43" id="T00:07:43"><abbr title="2012-10-25T00:07:43+00:00">00:07:43</abbr></a>] &lt;<cite>ds2</cite>&gt; <q>*nod*</q></li>
<li class="quit">[<a href="#T00:10:34" id="T00:10:34"><abbr title="2012-10-25T00:10:34+00:00">00:10:34</abbr></a>] <span>* ogra_ (~ogra_@p5098ed03.dip0.t-ipconnect.de) Quit (Ping timeout: 265 seconds)</span></li>
<li class="join">[<a href="#T00:11:10" id="T00:11:10"><abbr title="2012-10-25T00:11:10+00:00">00:11:10</abbr></a>] <span>* ogra_ (~ogra_@p5098ed03.dip0.t-ipconnect.de) has joined #beagle</span></li>
<li class="join">[<a href="#T00:14:53" id="T00:14:53"><abbr title="2012-10-25T00:14:53+00:00">00:14:53</abbr></a>] <span>* pfefferz (~pfefferz@cpe-70-123-135-48.austin.res.rr.com) has joined #beagleboard</span></li>
<li class="join">[<a href="#T00:14:55" id="T00:14:55"><abbr title="2012-10-25T00:14:55+00:00">00:14:55</abbr></a>] <span>* pfefferz (~pfefferz@cpe-70-123-135-48.austin.res.rr.com) has joined #beagle</span></li>
<li class="quit">[<a href="#T00:19:17" id="T00:19:17"><abbr title="2012-10-25T00:19:17+00:00">00:19:17</abbr></a>] <span>* kkeller (~Ken_Kelle@174-17-31-118.phnx.qwest.net) Quit (Quit: Leaving.)</span></li>
<li class="quit">[<a href="#T00:24:04" id="T00:24:04"><abbr title="2012-10-25T00:24:04+00:00">00:24:04</abbr></a>] <span>* smplman (~speery@74-134-50-76.dhcp.insightbb.com) Quit (Quit: smplman)</span></li>
<li class="quit">[<a href="#T00:28:07" id="T00:28:07"><abbr title="2012-10-25T00:28:07+00:00">00:28:07</abbr></a>] <span>* felipealmeida (~user@mvx-187-16-79-187.mundivox.com) Quit (Remote host closed the connection)</span></li>
<li class="join">[<a href="#T00:28:10" id="T00:28:10"><abbr title="2012-10-25T00:28:10+00:00">00:28:10</abbr></a>] <span>* GPSFan (~kenm@64.92.145.112) has joined #beagle</span></li>
<li class="join">[<a href="#T00:32:28" id="T00:32:28"><abbr title="2012-10-25T00:32:28+00:00">00:32:28</abbr></a>] <span>* felipealmeida (~user@mvx-187-16-79-187.mundivox.com) has joined #beagleboard</span></li>
<li class="join">[<a href="#T00:32:55" id="T00:32:55"><abbr title="2012-10-25T00:32:55+00:00">00:32:55</abbr></a>] <span>* felipealmeida (~user@mvx-187-16-79-187.mundivox.com) has joined #beagle</span></li>
