<li class="message">[<a href="#T00:01:06" id="T00:01:06"><abbr title="2012-03-14T00:01:06+00:00">00:01:06</abbr></a>] &lt;<cite>unsolo_</cite>&gt; <q>guess i can buy some cheaper stuff to fiddle with online</q></li>
<li class="join">[<a href="#T00:02:39" id="T00:02:39"><abbr title="2012-03-14T00:02:39+00:00">00:02:39</abbr></a>] <span>* bhthompson (bhthompson@nat/google/x-lgrjivttwnwucmaa) has joined #beagle</span></li>
<li class="join">[<a href="#T00:05:24" id="T00:05:24"><abbr title="2012-03-14T00:05:24+00:00">00:05:24</abbr></a>] <span>* mikey_w (~mike@c-71-63-115-213.hsd1.va.comcast.net) has joined #beagle</span></li>
<li class="join">[<a href="#T00:07:04" id="T00:07:04"><abbr title="2012-03-14T00:07:04+00:00">00:07:04</abbr></a>] <span>* Guest29457 (~mike@c-71-63-115-213.hsd1.va.comcast.net) has joined #beagle</span></li>
<li class="quit">[<a href="#T00:09:07" id="T00:09:07"><abbr title="2012-03-14T00:09:07+00:00">00:09:07</abbr></a>] <span>* arun_ (~arun@unaffiliated/sindian) Quit (Ping timeout: 264 seconds)</span></li>
<li class="quit">[<a href="#T00:09:19" id="T00:09:19"><abbr title="2012-03-14T00:09:19+00:00">00:09:19</abbr></a>] <span>* jstearns74 (~jstearns7@70.56.143.241) Quit (Remote host closed the connection)</span></li>
<li class="message">[<a href="#T00:09:24" id="T00:09:24"><abbr title="2012-03-14T00:09:24+00:00">00:09:24</abbr></a>] &lt;<cite>unsolo_</cite>&gt; <q>mru: im running w/o the musb patches i belive.. so guess i have to "hack" around a bit to actually get some useful data from my yay old kernel</q></li>
<li class="quit">[<a href="#T00:12:10" id="T00:12:10"><abbr title="2012-03-14T00:12:10+00:00">00:12:10</abbr></a>] <span>* florian (~fuchs@Maemo/community/contributor/florian) Quit (Ping timeout: 260 seconds)</span></li>
<li class="quit">[<a href="#T00:18:42" id="T00:18:42"><abbr title="2012-03-14T00:18:42+00:00">00:18:42</abbr></a>] <span>* peabody124 (~peabody12@128.249.96.123) Quit (Quit: peabody124)</span></li>
<li class="quit">[<a href="#T00:21:40" id="T00:21:40"><abbr title="2012-03-14T00:21:40+00:00">00:21:40</abbr></a>] <span>* tholm (~siskom@190.172.223.98) Quit (Quit: Leaving.)</span></li>
<li class="join">[<a href="#T00:22:04" id="T00:22:04"><abbr title="2012-03-14T00:22:04+00:00">00:22:04</abbr></a>] <span>* arun_ (~arun@unaffiliated/sindian) has joined #beagle</span></li>
<li class="join">[<a href="#T00:25:07" id="T00:25:07"><abbr title="2012-03-14T00:25:07+00:00">00:25:07</abbr></a>] <span>* status (~status@cpe-174-103-173-145.wi.res.rr.com) has joined #beagle</span></li>
<li class="join">[<abbr title="2012-03-14T00:25:07+00:00">00:25:07</abbr>] <span>* status (~status@cpe-174-103-173-145.wi.res.rr.com) has joined #beagleboard</span></li>
<li class="join">[<abbr title="2012-03-14T00:25:07+00:00">00:25:07</abbr>] <span>* status (~status@cpe-174-103-173-145.wi.res.rr.com) has joined #beaglebone</span></li>
<li class="join">[<a href="#T00:28:16" id="T00:28:16"><abbr title="2012-03-14T00:28:16+00:00">00:28:16</abbr></a>] <span>* c4milo (~c4milo@207-38-137-125.c3-0.avec-ubr2.nyr-avec.ny.cable.rcn.com) has joined #beagle</span></li>
<li class="quit">[<a href="#T00:29:58" id="T00:29:58"><abbr title="2012-03-14T00:29:58+00:00">00:29:58</abbr></a>] <span>* c4milo (~c4milo@207-38-137-125.c3-0.avec-ubr2.nyr-avec.ny.cable.rcn.com) Quit (Client Quit)</span></li>
<li class="join">[<a href="#T00:34:42" id="T00:34:42"><abbr title="2012-03-14T00:34:42+00:00">00:34:42</abbr></a>] <span>* Matt_O (~MattOwnby@216.160.243.228) has joined #beagle</span></li>
<li class="quit">[<a href="#T00:34:55" id="T00:34:55"><abbr title="2012-03-14T00:34:55+00:00">00:34:55</abbr></a>] <span>* Akuma (~Akuma@modemcable033.43-202-24.mc.videotron.ca) Quit (Ping timeout: 260 seconds)</span></li>
<li class="quit">[<a href="#T00:39:16" id="T00:39:16"><abbr title="2012-03-14T00:39:16+00:00">00:39:16</abbr></a>] <span>* mykhal (~mykhal@gateway/tor-sasl/mykhal) Quit (Ping timeout: 276 seconds)</span></li>
<li class="quit">[<a href="#T00:40:07" id="T00:40:07"><abbr title="2012-03-14T00:40:07+00:00">00:40:07</abbr></a>] <span>* status (~status@cpe-174-103-173-145.wi.res.rr.com) Quit (Quit: Leaving)</span></li>
<li class="join">[<a href="#T00:40:56" id="T00:40:56"><abbr title="2012-03-14T00:40:56+00:00">00:40:56</abbr></a>] <span>* c4milo (~c4milo@207-38-137-125.c3-0.avec-ubr2.nyr-avec.ny.cable.rcn.com) has joined #beagle</span></li>
<li class="join">[<a href="#T00:41:41" id="T00:41:41"><abbr title="2012-03-14T00:41:41+00:00">00:41:41</abbr></a>] <span>* peabody124 (~peabody12@c-98-201-56-63.hsd1.tx.comcast.net) has joined #beagle</span></li>
<li class="quit">[<a href="#T00:45:48" id="T00:45:48"><abbr title="2012-03-14T00:45:48+00:00">00:45:48</abbr></a>] <span>* c4milo (~c4milo@207-38-137-125.c3-0.avec-ubr2.nyr-avec.ny.cable.rcn.com) Quit (Client Quit)</span></li>
<li class="join">[<a href="#T00:48:26" id="T00:48:26"><abbr title="2012-03-14T00:48:26+00:00">00:48:26</abbr></a>] <span>* Akuma (~Akuma@modemcable033.43-202-24.mc.videotron.ca) has joined #beagleboard</span></li>
<li class="join">[<a href="#T00:50:42" id="T00:50:42"><abbr title="2012-03-14T00:50:42+00:00">00:50:42</abbr></a>] <span>* JViz (~JViz@cpe-071-076-188-130.triad.res.rr.com) has joined #beagle</span></li>
<li class="quit">[<a href="#T00:52:31" id="T00:52:31"><abbr title="2012-03-14T00:52:31+00:00">00:52:31</abbr></a>] <span>* TheAlphaNerd (~thealphan@unaffiliated/thealphanerd) Quit (Quit: TheAlphaNerd)</span></li>
<li class="quit">[<a href="#T00:54:03" id="T00:54:03"><abbr title="2012-03-14T00:54:03+00:00">00:54:03</abbr></a>] <span>* nslu2-log (~nslu2-log@140.211.169.184) Quit (Remote host closed the connection)</span></li>
<li class="join">[<a href="#T00:54:05" id="T00:54:05"><abbr title="2012-03-14T00:54:05+00:00">00:54:05</abbr></a>] <span>* nslu2-log_ (~nslu2-log@140.211.169.184) has joined #beaglebone</span></li>
<li class="join">[<abbr title="2012-03-14T00:54:05+00:00">00:54:05</abbr>] <span>* nslu2-log_ (~nslu2-log@140.211.169.184) has joined #beagle</span></li>
<li class="join">[<abbr title="2012-03-14T00:54:05+00:00">00:54:05</abbr>] <span>* nslu2-log_ (~nslu2-log@140.211.169.184) has joined #beagleboard</span></li>
<li class="quit">[<a href="#T00:54:54" id="T00:54:54"><abbr title="2012-03-14T00:54:54+00:00">00:54:54</abbr></a>] <span>* Akuma (~Akuma@modemcable033.43-202-24.mc.videotron.ca) Quit (Ping timeout: 272 seconds)</span></li>
<li class="nick-change">[<a href="#T00:55:03" id="T00:55:03"><abbr title="2012-03-14T00:55:03+00:00">00:55:03</abbr></a>] <span>* nslu2-log_ is now known as nslu2-log</span></li>
<li class="quit">[<a href="#T00:55:15" id="T00:55:15"><abbr title="2012-03-14T00:55:15+00:00">00:55:15</abbr></a>] <span>* hattwick (~hattwick@68-184-17-253.dhcp.unas.ma.charter.com) Quit (Ping timeout: 244 seconds)</span></li>
<li class="join">[<a href="#T00:59:39" id="T00:59:39"><abbr title="2012-03-14T00:59:39+00:00">00:59:39</abbr></a>] <span>* hattwick (~hattwick@68-184-17-253.dhcp.unas.ma.charter.com) has joined #beagleboard</span></li>
<li class="join">[<a href="#T01:08:30" id="T01:08:30"><abbr title="2012-03-14T01:08:30+00:00">01:08:30</abbr></a>] <span>* Akuma (~Akuma@modemcable033.43-202-24.mc.videotron.ca) has joined #beagleboard</span></li>
<li class="join">[<a href="#T01:09:47" id="T01:09:47"><abbr title="2012-03-14T01:09:47+00:00">01:09:47</abbr></a>] <span>* djerome (~djerome@ip68-2-20-108.ph.ph.cox.net) has joined #beaglebone</span></li>
<li class="quit">[<a href="#T01:11:05" id="T01:11:05"><abbr title="2012-03-14T01:11:05+00:00">01:11:05</abbr></a>] <span>* hattwick (~hattwick@68-184-17-253.dhcp.unas.ma.charter.com) Quit (Ping timeout: 260 seconds)</span></li>
<li class="join">[<a href="#T01:14:54" id="T01:14:54"><abbr title="2012-03-14T01:14:54+00:00">01:14:54</abbr></a>] <span>* c4milo (~c4milo@207-38-137-125.c3-0.avec-ubr2.nyr-avec.ny.cable.rcn.com) has joined #beagle</span></li>
<li class="join">[<a href="#T01:17:32" id="T01:17:32"><abbr title="2012-03-14T01:17:32+00:00">01:17:32</abbr></a>] <span>* plasmatrout (~Jeff@70.119.115.228) has joined #beaglebone</span></li>
<li class="join">[<a href="#T01:19:11" id="T01:19:11"><abbr title="2012-03-14T01:19:11+00:00">01:19:11</abbr></a>] <span>* hattwick (~hattwick@68-184-17-253.dhcp.unas.ma.charter.com) has joined #beagleboard</span></li>
<li class="join">[<a href="#T01:19:41" id="T01:19:41"><abbr title="2012-03-14T01:19:41+00:00">01:19:41</abbr></a>] <span>* plasmatrout (~Jeff@70.119.115.228) has joined #beagle</span></li>
<li class="quit">[<a href="#T01:22:01" id="T01:22:01"><abbr title="2012-03-14T01:22:01+00:00">01:22:01</abbr></a>] <span>* jay6981 (~justin@204.11.231.77) Quit (Quit: Leaving.)</span></li>
<li class="quit">[<a href="#T01:23:29" id="T01:23:29"><abbr title="2012-03-14T01:23:29+00:00">01:23:29</abbr></a>] <span>* hattwick (~hattwick@68-184-17-253.dhcp.unas.ma.charter.com) Quit (Ping timeout: 245 seconds)</span></li>
<li class="join">[<a href="#T01:25:40" id="T01:25:40"><abbr title="2012-03-14T01:25:40+00:00">01:25:40</abbr></a>] <span>* hattwick (~hattwick@68-184-17-253.dhcp.unas.ma.charter.com) has joined #beagleboard</span></li>
<li class="quit">[<a href="#T01:30:08" id="T01:30:08"><abbr title="2012-03-14T01:30:08+00:00">01:30:08</abbr></a>] <span>* hattwick (~hattwick@68-184-17-253.dhcp.unas.ma.charter.com) Quit (Ping timeout: 260 seconds)</span></li>
<li class="join">[<a href="#T01:32:36" id="T01:32:36"><abbr title="2012-03-14T01:32:36+00:00">01:32:36</abbr></a>] <span>* hattwick (~hattwick@68-184-17-253.dhcp.unas.ma.charter.com) has joined #beagleboard</span></li>
<li class="join">[<a href="#T01:37:04" id="T01:37:04"><abbr title="2012-03-14T01:37:04+00:00">01:37:04</abbr></a>] <span>* prpplague (~prpplague@ppp-70-249-149-70.dsl.rcsntx.swbell.net) has joined #beagle</span></li>
<li class="quit">[<a href="#T01:42:08" id="T01:42:08"><abbr title="2012-03-14T01:42:08+00:00">01:42:08</abbr></a>] <span>* risca (~risca@wi-secure-3639.cc.umanitoba.ca) Quit (Quit: L??mnar)</span></li>
<li class="join">[<a href="#T01:42:36" id="T01:42:36"><abbr title="2012-03-14T01:42:36+00:00">01:42:36</abbr></a>] <span>* risca (~risca@wi-secure-3639.cc.umanitoba.ca) has joined #beagle</span></li>
<li class="quit">[<abbr title="2012-03-14T01:42:36+00:00">01:42:36</abbr>] <span>* risca (~risca@wi-secure-3639.cc.umanitoba.ca) Quit (Read error: Connection reset by peer)</span></li>
<li class="quit">[<a href="#T01:45:45" id="T01:45:45"><abbr title="2012-03-14T01:45:45+00:00">01:45:45</abbr></a>] <span>* bhthompson (bhthompson@nat/google/x-lgrjivttwnwucmaa) Quit (Quit: Leaving.)</span></li>
<li class="quit">[<a href="#T01:45:59" id="T01:45:59"><abbr title="2012-03-14T01:45:59+00:00">01:45:59</abbr></a>] <span>* photex (~photex@216.3.125.130) Quit (Quit: Computer has gone to sleep.)</span></li>
<li class="join">[<a href="#T01:46:54" id="T01:46:54"><abbr title="2012-03-14T01:46:54+00:00">01:46:54</abbr></a>] <span>* jay6981 (~Justin@99-90-66-112.lightspeed.sntcca.sbcglobal.net) has joined #beagle</span></li>
<li class="part">[<a href="#T01:51:51" id="T01:51:51"><abbr title="2012-03-14T01:51:51+00:00">01:51:51</abbr></a>] <span>* plasmatrout (~Jeff@70.119.115.228) has left #beaglebone</span></li>
<li class="part">[<abbr title="2012-03-14T01:51:51+00:00">01:51:51</abbr>] <span>* plasmatrout (~Jeff@70.119.115.228) has left #beagle</span></li>
<li class="join">[<a href="#T01:52:03" id="T01:52:03"><abbr title="2012-03-14T01:52:03+00:00">01:52:03</abbr></a>] <span>* pcacjr_ (~pcacjr@187.78.101.123) has joined #beagle</span></li>
<li class="quit">[<a href="#T02:03:04" id="T02:03:04"><abbr title="2012-03-14T02:03:04+00:00">02:03:04</abbr></a>] <span>* Red1 (~Ed_Welch@cpe-66-66-201-127.rochester.res.rr.com) Quit (Disconnected by services)</span></li>
<li class="join">[<a href="#T02:03:30" id="T02:03:30"><abbr title="2012-03-14T02:03:30+00:00">02:03:30</abbr></a>] <span>* Red2 (~Ed_Welch@cpe-66-66-201-127.rochester.res.rr.com) has joined #beagle</span></li>
<li class="join">[<a href="#T02:05:53" id="T02:05:53"><abbr title="2012-03-14T02:05:53+00:00">02:05:53</abbr></a>] <span>* hardhat_ (~hardhat@CPE000c41a287e8-CM001225d85e32.cpe.net.cable.rogers.com) has joined #beagle</span></li>
<li class="join">[<a href="#T02:12:49" id="T02:12:49"><abbr title="2012-03-14T02:12:49+00:00">02:12:49</abbr></a>] <span>* guanucoluis (~luis@201-213-176-244.net.prima.net.ar) has joined #beagleboard</span></li>
<li class="join">[<a href="#T02:13:05" id="T02:13:05"><abbr title="2012-03-14T02:13:05+00:00">02:13:05</abbr></a>] <span>* rcn-ee (~voodoo@thief-pool2-123-49.mncable.net) has joined #beagle</span></li>
<li class="quit">[<a href="#T02:15:05" id="T02:15:05"><abbr title="2012-03-14T02:15:05+00:00">02:15:05</abbr></a>] <span>* Maxz (~felipe@pc-42-144-239-201.cm.vtr.net) Quit (Remote host closed the connection)</span></li>
<li class="join">[<a href="#T02:27:13" id="T02:27:13"><abbr title="2012-03-14T02:27:13+00:00">02:27:13</abbr></a>] <span>* Ceriand|desktop (~Ceriand@unaffiliated/ceriand) has joined #beagle</span></li>
<li class="quit">[<a href="#T02:35:38" id="T02:35:38"><abbr title="2012-03-14T02:35:38+00:00">02:35:38</abbr></a>] <span>* Russ (foobar@ip68-106-254-4.ph.ph.cox.net) Quit (Ping timeout: 252 seconds)</span></li>
<li class="join">[<a href="#T02:38:33" id="T02:38:33"><abbr title="2012-03-14T02:38:33+00:00">02:38:33</abbr></a>] <span>* Russ (foobar@ip68-106-254-4.ph.ph.cox.net) has joined #beagle</span></li>
<li class="join">[<a href="#T02:43:59" id="T02:43:59"><abbr title="2012-03-14T02:43:59+00:00">02:43:59</abbr></a>] <span>* TheAlphaNerd (~thealphan@69.165.254.232) has joined #beagle</span></li>
<li class="quit">[<abbr title="2012-03-14T02:43:59+00:00">02:43:59</abbr>] <span>* TheAlphaNerd (~thealphan@69.165.254.232) Quit (Changing host)</span></li>
<li class="join">[<abbr title="2012-03-14T02:43:59+00:00">02:43:59</abbr>] <span>* TheAlphaNerd (~thealphan@unaffiliated/thealphanerd) has joined #beagle</span></li>
<li class="join">[<a href="#T02:50:41" id="T02:50:41"><abbr title="2012-03-14T02:50:41+00:00">02:50:41</abbr></a>] <span>* zer4tul (~zer4tul@61.135.165.180) has joined #beagle</span></li>
<li class="join">[<a href="#T02:58:19" id="T02:58:19"><abbr title="2012-03-14T02:58:19+00:00">02:58:19</abbr></a>] <span>* emeb_mac (~ericb@ip72-223-81-94.ph.ph.cox.net) has joined #beagle</span></li>
<li class="quit">[<a href="#T02:58:59" id="T02:58:59"><abbr title="2012-03-14T02:58:59+00:00">02:58:59</abbr></a>] <span>* RITRedbeard (RITReadbea@t410xx.student.rit.edu) Quit (Quit: brb)</span></li>
<li class="join">[<a href="#T03:03:52" id="T03:03:52"><abbr title="2012-03-14T03:03:52+00:00">03:03:52</abbr></a>] <span>* RITRedbeard (~RITReadbe@t410xx.student.rit.edu) has joined #beaglebone</span></li>
<li class="quit">[<a href="#T03:10:15" id="T03:10:15"><abbr title="2012-03-14T03:10:15+00:00">03:10:15</abbr></a>] <span>* TheAlphaNerd (~thealphan@unaffiliated/thealphanerd) Quit (Quit: TheAlphaNerd)</span></li>
<li class="join">[<a href="#T03:11:07" id="T03:11:07"><abbr title="2012-03-14T03:11:07+00:00">03:11:07</abbr></a>] <span>* TheAlphaNerd (~thealphan@69.165.254.232) has joined #beagle</span></li>
<li class="quit">[<a href="#T03:11:08" id="T03:11:08"><abbr title="2012-03-14T03:11:08+00:00">03:11:08</abbr></a>] <span>* TheAlphaNerd (~thealphan@69.165.254.232) Quit (Changing host)</span></li>
<li class="join">[<abbr title="2012-03-14T03:11:08+00:00">03:11:08</abbr>] <span>* TheAlphaNerd (~thealphan@unaffiliated/thealphanerd) has joined #beagle</span></li>
<li class="quit">[<a href="#T03:11:10" id="T03:11:10"><abbr title="2012-03-14T03:11:10+00:00">03:11:10</abbr></a>] <span>* TheAlphaNerd (~thealphan@unaffiliated/thealphanerd) Quit (Client Quit)</span></li>
<li class="join">[<a href="#T03:13:23" id="T03:13:23"><abbr title="2012-03-14T03:13:23+00:00">03:13:23</abbr></a>] <span>* diablorosso_ (~xweber@p5B2D0C8E.dip0.t-ipconnect.de) has joined #beagle</span></li>
<li class="quit">[<a href="#T03:15:09" id="T03:15:09"><abbr title="2012-03-14T03:15:09+00:00">03:15:09</abbr></a>] <span>* diablorosso (~xweber@p5B2D0CE5.dip0.t-ipconnect.de) Quit (Ping timeout: 244 seconds)</span></li>
<li class="quit">[<a href="#T03:22:19" id="T03:22:19"><abbr title="2012-03-14T03:22:19+00:00">03:22:19</abbr></a>] <span>* phantoxe (~destroy@a95-92-89-24.cpe.netcabo.pt) Quit (Read error: Connection reset by peer)</span></li>
<li class="quit">[<a href="#T03:22:27" id="T03:22:27"><abbr title="2012-03-14T03:22:27+00:00">03:22:27</abbr></a>] <span>* XorA (~XorA@188-220-34-37.zone11.bethere.co.uk) Quit (Ping timeout: 246 seconds)</span></li>
<li class="quit">[<a href="#T03:31:12" id="T03:31:12"><abbr title="2012-03-14T03:31:12+00:00">03:31:12</abbr></a>] <span>* guanucoluis (~luis@201-213-176-244.net.prima.net.ar) Quit (Ping timeout: 246 seconds)</span></li>
<li class="quit">[<a href="#T03:40:51" id="T03:40:51"><abbr title="2012-03-14T03:40:51+00:00">03:40:51</abbr></a>] <span>* Russ (foobar@ip68-106-254-4.ph.ph.cox.net) Quit (Quit: Ex-Chat)</span></li>
<li class="join">[<a href="#T03:42:10" id="T03:42:10"><abbr title="2012-03-14T03:42:10+00:00">03:42:10</abbr></a>] <span>* pcacjr__ (~pcacjr@187.78.126.83) has joined #beagle</span></li>
<li class="quit">[<a href="#T03:44:21" id="T03:44:21"><abbr title="2012-03-14T03:44:21+00:00">03:44:21</abbr></a>] <span>* pcacjr_ (~pcacjr@187.78.101.123) Quit (Ping timeout: 248 seconds)</span></li>
<li class="quit">[<a href="#T03:49:40" id="T03:49:40"><abbr title="2012-03-14T03:49:40+00:00">03:49:40</abbr></a>] <span>* rcn-ee (~voodoo@thief-pool2-123-49.mncable.net) Quit (Quit: Leaving)</span></li>
<li class="quit">[<a href="#T03:50:28" id="T03:50:28"><abbr title="2012-03-14T03:50:28+00:00">03:50:28</abbr></a>] <span>* GPSFan (~kenm@64.92.145.112) Quit (Remote host closed the connection)</span></li>
<li class="quit">[<a href="#T03:52:11" id="T03:52:11"><abbr title="2012-03-14T03:52:11+00:00">03:52:11</abbr></a>] <span>* Eric_Herman (~eric@sd4406ed1.adsl.wanadoo.nl) Quit (Ping timeout: 246 seconds)</span></li>
<li class="join">[<a href="#T04:03:38" id="T04:03:38"><abbr title="2012-03-14T04:03:38+00:00">04:03:38</abbr></a>] <span>* keywolf (7b7bfdb3@gateway/web/freenode/ip.123.123.253.179) has joined #beagle</span></li>
<li class="join">[<a href="#T04:05:07" id="T04:05:07"><abbr title="2012-03-14T04:05:07+00:00">04:05:07</abbr></a>] <span>* Eric_Herman (~eric@sd4406ed1.adsl.wanadoo.nl) has joined #beaglebone</span></li>
<li class="join">[<a href="#T04:05:13" id="T04:05:13"><abbr title="2012-03-14T04:05:13+00:00">04:05:13</abbr></a>] <span>* Eric_Herman (~eric@sd4406ed1.adsl.wanadoo.nl) has joined #beagleboard</span></li>
<li class="join">[<abbr title="2012-03-14T04:05:13+00:00">04:05:13</abbr>] <span>* Eric_Herman (~eric@sd4406ed1.adsl.wanadoo.nl) has joined #beagle</span></li>
<li class="quit">[<a href="#T04:06:46" id="T04:06:46"><abbr title="2012-03-14T04:06:46+00:00">04:06:46</abbr></a>] <span>* emeb (~ericb@ip72-223-81-94.ph.ph.cox.net) Quit (Quit: Leaving.)</span></li>
<li class="join">[<a href="#T04:07:45" id="T04:07:45"><abbr title="2012-03-14T04:07:45+00:00">04:07:45</abbr></a>] <span>* DrQ (~DrQ@c-67-171-12-46.hsd1.wa.comcast.net) has joined #beagle</span></li>
<li class="quit">[<a href="#T04:10:01" id="T04:10:01"><abbr title="2012-03-14T04:10:01+00:00">04:10:01</abbr></a>] <span>* keywolf (7b7bfdb3@gateway/web/freenode/ip.123.123.253.179) Quit (Ping timeout: 245 seconds)</span></li>
<li class="quit">[<a href="#T04:12:52" id="T04:12:52"><abbr title="2012-03-14T04:12:52+00:00">04:12:52</abbr></a>] <span>* DrQ (~DrQ@c-67-171-12-46.hsd1.wa.comcast.net) Quit (Quit: Buh-bye y'all!)</span></li>
<li class="quit">[<a href="#T04:13:19" id="T04:13:19"><abbr title="2012-03-14T04:13:19+00:00">04:13:19</abbr></a>] <span>* c4milo (~c4milo@207-38-137-125.c3-0.avec-ubr2.nyr-avec.ny.cable.rcn.com) Quit (Quit: c4milo)</span></li>
<li class="quit">[<a href="#T04:13:42" id="T04:13:42"><abbr title="2012-03-14T04:13:42+00:00">04:13:42</abbr></a>] <span>* alan_o (~alan@c-68-62-240-236.hsd1.fl.comcast.net) Quit (Quit: Leaving)</span></li>
<li class="join">[<a href="#T04:14:39" id="T04:14:39"><abbr title="2012-03-14T04:14:39+00:00">04:14:39</abbr></a>] <span>* maximus (96cba34b@gateway/web/freenode/ip.150.203.163.75) has joined #beagle</span></li>
<li class="nick-change">[<a href="#T04:15:05" id="T04:15:05"><abbr title="2012-03-14T04:15:05+00:00">04:15:05</abbr></a>] <span>* maximus is now known as Guest86186</span></li>
<li class="quit">[<a href="#T04:18:29" id="T04:18:29"><abbr title="2012-03-14T04:18:29+00:00">04:18:29</abbr></a>] <span>* RITRedbeard (~RITReadbe@t410xx.student.rit.edu) Quit (Read error: Connection reset by peer)</span></li>
<li class="join">[<a href="#T04:20:36" id="T04:20:36"><abbr title="2012-03-14T04:20:36+00:00">04:20:36</abbr></a>] <span>* Derzzle (~Derzzle@c-67-171-12-46.hsd1.wa.comcast.net) has joined #beagle</span></li>
<li class="quit">[<a href="#T04:20:57" id="T04:20:57"><abbr title="2012-03-14T04:20:57+00:00">04:20:57</abbr></a>] <span>* Guest86186 (96cba34b@gateway/web/freenode/ip.150.203.163.75) Quit (Quit: Page closed)</span></li>
<li class="quit">[<a href="#T04:24:12" id="T04:24:12"><abbr title="2012-03-14T04:24:12+00:00">04:24:12</abbr></a>] <span>* Derzzle (~Derzzle@c-67-171-12-46.hsd1.wa.comcast.net) Quit (Quit: Buh-bye y'all!)</span></li>
<li class="join">[<a href="#T04:28:30" id="T04:28:30"><abbr title="2012-03-14T04:28:30+00:00">04:28:30</abbr></a>] <span>* TheAlphaNerd (~thealphan@unaffiliated/thealphanerd) has joined #beagle</span></li>
<li class="quit">[<a href="#T04:28:38" id="T04:28:38"><abbr title="2012-03-14T04:28:38+00:00">04:28:38</abbr></a>] <span>* mikey_w (~mike@c-71-63-115-213.hsd1.va.comcast.net) Quit (Read error: No route to host)</span></li>
<li class="join">[<a href="#T04:29:28" id="T04:29:28"><abbr title="2012-03-14T04:29:28+00:00">04:29:28</abbr></a>] <span>* keithzz (~Qtnewbi@209-197-158-103.cpe.distributel.net) has joined #beagle</span></li>
<li class="message">[<a href="#T04:31:21" id="T04:31:21"><abbr title="2012-03-14T04:31:21+00:00">04:31:21</abbr></a>] &lt;<cite>keithzz</cite>&gt; <q>Hi, I wanted to start developing a commercial application to be deployed on the beagleboard, but then I realised that its not production ready. DO you know of any SBC that is similar in design and production ready? that is supported and has a case cover?</q></li>
<li class="quit">[<a href="#T04:31:23" id="T04:31:23"><abbr title="2012-03-14T04:31:23+00:00">04:31:23</abbr></a>] <span>* Guest29457 (~mike@c-71-63-115-213.hsd1.va.comcast.net) Quit (Ping timeout: 246 seconds)</span></li>
<li class="message">[<a href="#T04:35:16" id="T04:35:16"><abbr title="2012-03-14T04:35:16+00:00">04:35:16</abbr></a>] &lt;<cite>ka6sox</cite>&gt; <q>keithzz, its "production ready" but you won't be able to rely on the actual board being available in "production quantities"</q></li>
<li class="quit">[<a href="#T04:36:06" id="T04:36:06"><abbr title="2012-03-14T04:36:06+00:00">04:36:06</abbr></a>] <span>* TheAlphaNerd (~thealphan@unaffiliated/thealphanerd) Quit (Quit: TheAlphaNerd)</span></li>
<li class="message">[<a href="#T04:36:15" id="T04:36:15"><abbr title="2012-03-14T04:36:15+00:00">04:36:15</abbr></a>] &lt;<cite>keithzz</cite>&gt; <q>so a board in a metal/aluminum case is reliable in a industrial environemt?</q></li>
<li class="message">[<a href="#T04:36:30" id="T04:36:30"><abbr title="2012-03-14T04:36:30+00:00">04:36:30</abbr></a>] &lt;<cite>keithzz</cite>&gt; <q>temp from -20 to 70C?</q></li>
<li class="join">[<a href="#T04:38:59" id="T04:38:59"><abbr title="2012-03-14T04:38:59+00:00">04:38:59</abbr></a>] <span>* groon (~chris@74.98.244.43) has joined #beagle</span></li>
<li class="part">[<a href="#T04:39:22" id="T04:39:22"><abbr title="2012-03-14T04:39:22+00:00">04:39:22</abbr></a>] <span>* groon (~chris@74.98.244.43) has left #beagle</span></li>
<li class="join">[<a href="#T04:40:54" id="T04:40:54"><abbr title="2012-03-14T04:40:54+00:00">04:40:54</abbr></a>] <span>* Vigneswari (~root@180.149.48.229) has joined #beagle</span></li>
<li class="join">[<a href="#T04:43:43" id="T04:43:43"><abbr title="2012-03-14T04:43:43+00:00">04:43:43</abbr></a>] <span>* mikey_w (~mike@c-71-63-115-213.hsd1.va.comcast.net) has joined #beagle</span></li>
<li class="join">[<a href="#T04:44:41" id="T04:44:41"><abbr title="2012-03-14T04:44:41+00:00">04:44:41</abbr></a>] <span>* bhthompson (~bhthompso@c-98-234-178-95.hsd1.ca.comcast.net) has joined #beagle</span></li>
<li class="join">[<a href="#T04:45:24" id="T04:45:24"><abbr title="2012-03-14T04:45:24+00:00">04:45:24</abbr></a>] <span>* Guest29457 (~mike@c-71-63-115-213.hsd1.va.comcast.net) has joined #beagle</span></li>
<li class="quit">[<a href="#T04:49:35" id="T04:49:35"><abbr title="2012-03-14T04:49:35+00:00">04:49:35</abbr></a>] <span>* mikey_w (~mike@c-71-63-115-213.hsd1.va.comcast.net) Quit (Read error: No route to host)</span></li>
<li class="join">[<a href="#T04:50:22" id="T04:50:22"><abbr title="2012-03-14T04:50:22+00:00">04:50:22</abbr></a>] <span>* photex (~photex@99-167-88-202.lightspeed.brbnca.sbcglobal.net) has joined #beaglebone</span></li>
<li class="quit">[<a href="#T04:52:03" id="T04:52:03"><abbr title="2012-03-14T04:52:03+00:00">04:52:03</abbr></a>] <span>* Guest29457 (~mike@c-71-63-115-213.hsd1.va.comcast.net) Quit (Ping timeout: 246 seconds)</span></li>
<li class="join">[<a href="#T04:53:04" id="T04:53:04"><abbr title="2012-03-14T04:53:04+00:00">04:53:04</abbr></a>] <span>* Derzzle (~Derzzle@c-67-171-12-46.hsd1.wa.comcast.net) has joined #beagle</span></li>
<li class="nick-change">[<a href="#T04:55:15" id="T04:55:15"><abbr title="2012-03-14T04:55:15+00:00">04:55:15</abbr></a>] <span>* radii_ is now known as radii</span></li>
<li class="join">[<a href="#T04:56:22" id="T04:56:22"><abbr title="2012-03-14T04:56:22+00:00">04:56:22</abbr></a>] <span>* idreamincode (a6fa21e1@gateway/web/freenode/ip.166.250.33.225) has joined #beagle</span></li>
<li class="quit">[<a href="#T04:57:05" id="T04:57:05"><abbr title="2012-03-14T04:57:05+00:00">04:57:05</abbr></a>] <span>* radii (foobar@li84-164.members.linode.com) Quit (Changing host)</span></li>
<li class="join">[<abbr title="2012-03-14T04:57:05+00:00">04:57:05</abbr>] <span>* radii (foobar@pdpc/supporter/active/radii) has joined #beagle</span></li>
<li class="quit">[<a href="#T04:59:58" id="T04:59:58"><abbr title="2012-03-14T04:59:58+00:00">04:59:58</abbr></a>] <span>* idreamincode (a6fa21e1@gateway/web/freenode/ip.166.250.33.225) Quit (Client Quit)</span></li>
<li class="quit">[<a href="#T05:02:04" id="T05:02:04"><abbr title="2012-03-14T05:02:04+00:00">05:02:04</abbr></a>] <span>* Derzzle (~Derzzle@c-67-171-12-46.hsd1.wa.comcast.net) Quit (Quit: Buh-Bye, y'all!)</span></li>
<li class="join">[<a href="#T05:05:53" id="T05:05:53"><abbr title="2012-03-14T05:05:53+00:00">05:05:53</abbr></a>] <span>* Guest29457 (~mike@c-71-63-115-213.hsd1.va.comcast.net) has joined #beagle</span></li>
<li class="join">[<a href="#T05:06:03" id="T05:06:03"><abbr title="2012-03-14T05:06:03+00:00">05:06:03</abbr></a>] <span>* mikey_w (~mike@c-71-63-115-213.hsd1.va.comcast.net) has joined #beagle</span></li>
<li class="quit">[<a href="#T05:08:48" id="T05:08:48"><abbr title="2012-03-14T05:08:48+00:00">05:08:48</abbr></a>] <span>* keithzz (~Qtnewbi@209-197-158-103.cpe.distributel.net) Quit (Quit: Leaving)</span></li>
<li class="join">[<a href="#T05:27:42" id="T05:27:42"><abbr title="2012-03-14T05:27:42+00:00">05:27:42</abbr></a>] <span>* RITRedbeard (~RITReadbe@t410x.student.rit.edu) has joined #beaglebone</span></li>
<li class="quit">[<a href="#T05:28:16" id="T05:28:16"><abbr title="2012-03-14T05:28:16+00:00">05:28:16</abbr></a>] <span>* GeorgeH (~George@c-69-141-105-145.hsd1.nj.comcast.net) Quit (Read error: Connection reset by peer)</span></li>
<li class="quit">[<a href="#T05:32:07" id="T05:32:07"><abbr title="2012-03-14T05:32:07+00:00">05:32:07</abbr></a>] <span>* hattwick (~hattwick@68-184-17-253.dhcp.unas.ma.charter.com) Quit (Ping timeout: 246 seconds)</span></li>
<li class="quit">[<a href="#T05:37:29" id="T05:37:29"><abbr title="2012-03-14T05:37:29+00:00">05:37:29</abbr></a>] <span>* Red2 (~Ed_Welch@cpe-66-66-201-127.rochester.res.rr.com) Quit (Quit: Leaving.)</span></li>
<li class="join">[<a href="#T05:37:50" id="T05:37:50"><abbr title="2012-03-14T05:37:50+00:00">05:37:50</abbr></a>] <span>* arti_t (~arti_t@122.166.11.13) has joined #beagle</span></li>
<li class="quit">[<a href="#T05:37:57" id="T05:37:57"><abbr title="2012-03-14T05:37:57+00:00">05:37:57</abbr></a>] <span>* arti_t (~arti_t@122.166.11.13) Quit (Read error: Connection reset by peer)</span></li>
<li class="join">[<a href="#T05:38:25" id="T05:38:25"><abbr title="2012-03-14T05:38:25+00:00">05:38:25</abbr></a>] <span>* arti_t (~arti_t@122.166.11.13) has joined #beagle</span></li>
<li class="quit">[<a href="#T05:46:25" id="T05:46:25"><abbr title="2012-03-14T05:46:25+00:00">05:46:25</abbr></a>] <span>* djerome (~djerome@ip68-2-20-108.ph.ph.cox.net) Quit (Quit: Leaving)</span></li>
<li class="join">[<a href="#T06:02:38" id="T06:02:38"><abbr title="2012-03-14T06:02:38+00:00">06:02:38</abbr></a>] <span>* tema (~tema@95-55-117-215.dynamic.avangarddsl.ru) has joined #beagle</span></li>
<li class="quit">[<a href="#T06:04:17" id="T06:04:17"><abbr title="2012-03-14T06:04:17+00:00">06:04:17</abbr></a>] <span>* photex (~photex@99-167-88-202.lightspeed.brbnca.sbcglobal.net) Quit (Quit: Computer has gone to sleep.)</span></li>
<li class="quit">[<a href="#T06:07:07" id="T06:07:07"><abbr title="2012-03-14T06:07:07+00:00">06:07:07</abbr></a>] <span>* arti_t (~arti_t@122.166.11.13) Quit (Read error: Connection reset by peer)</span></li>
<li class="message">[<a href="#T06:08:40" id="T06:08:40"><abbr title="2012-03-14T06:08:40+00:00">06:08:40</abbr></a>] &lt;<cite>ds2</cite>&gt; <q>blah</q></li>
<li class="message">[<a href="#T06:08:49" id="T06:08:49"><abbr title="2012-03-14T06:08:49+00:00">06:08:49</abbr></a>] &lt;<cite>ds2</cite>&gt; <q>the #beagle is a production ready _DESIGN_</q></li>
<li class="join">[<a href="#T06:08:58" id="T06:08:58"><abbr title="2012-03-14T06:08:58+00:00">06:08:58</abbr></a>] <span>* arti_t (~arti_t@122.166.11.13) has joined #beagle</span></li>
<li class="message">[<a href="#T06:09:06" id="T06:09:06"><abbr title="2012-03-14T06:09:06+00:00">06:09:06</abbr></a>] &lt;<cite>ds2</cite>&gt; <q>prototype and have someone build it.</q></li>
<li class="message">[<a href="#T06:11:39" id="T06:11:39"><abbr title="2012-03-14T06:11:39+00:00">06:11:39</abbr></a>] &lt;<cite>ka6sox</cite>&gt; <q>ds2, correcgt</q></li>
<li class="message">[<a href="#T06:11:53" id="T06:11:53"><abbr title="2012-03-14T06:11:53+00:00">06:11:53</abbr></a>] &lt;<cite>ds2</cite>&gt; <q>building it is easy</q></li>
<li class="quit">[<a href="#T06:14:37" id="T06:14:37"><abbr title="2012-03-14T06:14:37+00:00">06:14:37</abbr></a>] <span>* RITRedbeard (~RITReadbe@t410x.student.rit.edu) Quit (Ping timeout: 265 seconds)</span></li>
<li class="quit">[<a href="#T06:16:31" id="T06:16:31"><abbr title="2012-03-14T06:16:31+00:00">06:16:31</abbr></a>] <span>* bhthompson (~bhthompso@c-98-234-178-95.hsd1.ca.comcast.net) Quit (Remote host closed the connection)</span></li>
<li class="message">[<a href="#T06:16:39" id="T06:16:39"><abbr title="2012-03-14T06:16:39+00:00">06:16:39</abbr></a>] &lt;<cite>ka6sox</cite>&gt; <q>hmmm...</q></li>
<li class="quit">[<a href="#T06:27:00" id="T06:27:00"><abbr title="2012-03-14T06:27:00+00:00">06:27:00</abbr></a>] <span>* jay6981 (~Justin@99-90-66-112.lightspeed.sntcca.sbcglobal.net) Quit (Quit: Leaving.)</span></li>
<li class="join">[<a href="#T06:28:29" id="T06:28:29"><abbr title="2012-03-14T06:28:29+00:00">06:28:29</abbr></a>] <span>* sundar (~sundar@110.234.156.82) has joined #beagle</span></li>
<li class="quit">[<abbr title="2012-03-14T06:28:29+00:00">06:28:29</abbr>] <span>* arti_t (~arti_t@122.166.11.13) Quit (Read error: Connection reset by peer)</span></li>
<li class="quit">[<a href="#T06:28:34" id="T06:28:34"><abbr title="2012-03-14T06:28:34+00:00">06:28:34</abbr></a>] <span>* jkridner (~jason@pdpc/supporter/active/jkridner) Quit (Read error: Connection reset by peer)</span></li>
<li class="join">[<a href="#T06:28:46" id="T06:28:46"><abbr title="2012-03-14T06:28:46+00:00">06:28:46</abbr></a>] <span>* jkridner (~jason@c-68-61-13-123.hsd1.mi.comcast.net) has joined #beagle</span></li>
<li class="quit">[<abbr title="2012-03-14T06:28:46+00:00">06:28:46</abbr>] <span>* jkridner (~jason@c-68-61-13-123.hsd1.mi.comcast.net) Quit (Changing host)</span></li>
<li class="join">[<a href="#T06:28:47" id="T06:28:47"><abbr title="2012-03-14T06:28:47+00:00">06:28:47</abbr></a>] <span>* jkridner (~jason@pdpc/supporter/active/jkridner) has joined #beagle</span></li>
<li class="join">[<a href="#T06:28:57" id="T06:28:57"><abbr title="2012-03-14T06:28:57+00:00">06:28:57</abbr></a>] <span>* jkridner (~jason@pdpc/supporter/active/jkridner) has joined #beagleboard</span></li>
<li class="join">[<a href="#T06:28:59" id="T06:28:59"><abbr title="2012-03-14T06:28:59+00:00">06:28:59</abbr></a>] <span>* jkridner (~jason@pdpc/supporter/active/jkridner) has joined #beaglebone</span></li>
<li class="join">[<a href="#T06:29:04" id="T06:29:04"><abbr title="2012-03-14T06:29:04+00:00">06:29:04</abbr></a>] <span>* arti_t (~arti_t@122.166.11.13) has joined #beagle</span></li>
<li class="part">[<a href="#T06:38:18" id="T06:38:18"><abbr title="2012-03-14T06:38:18+00:00">06:38:18</abbr></a>] <span>* fiveofoh (~joel@c-98-246-155-146.hsd1.or.comcast.net) has left #beagle</span></li>
<li class="quit">[<a href="#T06:44:06" id="T06:44:06"><abbr title="2012-03-14T06:44:06+00:00">06:44:06</abbr></a>] <span>* tema (~tema@95-55-117-215.dynamic.avangarddsl.ru) Quit (Quit: Ex-Chat)</span></li>
<li class="join">[<a href="#T06:46:31" id="T06:46:31"><abbr title="2012-03-14T06:46:31+00:00">06:46:31</abbr></a>] <span>* dm8tbr (dm8tbr@cl-790.ham-01.de.sixxs.net) has joined #beagle</span></li>
<li class="quit">[<a href="#T06:50:59" id="T06:50:59"><abbr title="2012-03-14T06:50:59+00:00">06:50:59</abbr></a>] <span>* dm8tbr (dm8tbr@cl-790.ham-01.de.sixxs.net) Quit (Ping timeout: 260 seconds)</span></li>
<li class="join">[<a href="#T06:52:16" id="T06:52:16"><abbr title="2012-03-14T06:52:16+00:00">06:52:16</abbr></a>] <span>* Dioxin (~dioxin@80-218-196-174.dclient.hispeed.ch) has joined #beaglebone</span></li>
<li class="quit">[<a href="#T06:54:22" id="T06:54:22"><abbr title="2012-03-14T06:54:22+00:00">06:54:22</abbr></a>] <span>* rudebwoy (~rudebwoy@smtx.mooo.com) Quit (Read error: Connection reset by peer)</span></li>
<li class="join">[<a href="#T06:54:58" id="T06:54:58"><abbr title="2012-03-14T06:54:58+00:00">06:54:58</abbr></a>] <span>* rudebwoy (~rudebwoy@smtx.mooo.com) has joined #beagle</span></li>
<li class="quit">[<a href="#T06:55:26" id="T06:55:26"><abbr title="2012-03-14T06:55:26+00:00">06:55:26</abbr></a>] <span>* rudebwoy (~rudebwoy@smtx.mooo.com) Quit (Read error: Connection reset by peer)</span></li>
<li class="join">[<a href="#T06:56:27" id="T06:56:27"><abbr title="2012-03-14T06:56:27+00:00">06:56:27</abbr></a>] <span>* rudebwoy (~rudebwoy@smtx.mooo.com) has joined #beagle</span></li>
<li class="quit">[<a href="#T06:56:53" id="T06:56:53"><abbr title="2012-03-14T06:56:53+00:00">06:56:53</abbr></a>] <span>* emeb_mac (~ericb@ip72-223-81-94.ph.ph.cox.net) Quit (Quit: emeb_mac)</span></li>
<li class="message">[<a href="#T07:02:31" id="T07:02:31"><abbr title="2012-03-14T07:02:31+00:00">07:02:31</abbr></a>] &lt;<cite>JViz</cite>&gt; <q>do i need a uEnv.txt to automatically boot the beaglebone?</q></li>
<li class="join">[<a href="#T07:02:46" id="T07:02:46"><abbr title="2012-03-14T07:02:46+00:00">07:02:46</abbr></a>] <span>* fiveofoh (~joel@c-98-246-155-146.hsd1.or.comcast.net) has joined #beagleboard</span></li>
<li class="join">[<a href="#T07:02:52" id="T07:02:52"><abbr title="2012-03-14T07:02:52+00:00">07:02:52</abbr></a>] <span>* fiveofoh (~joel@c-98-246-155-146.hsd1.or.comcast.net) has joined #beagle</span></li>
<li class="join">[<a href="#T07:08:30" id="T07:08:30"><abbr title="2012-03-14T07:08:30+00:00">07:08:30</abbr></a>] <span>* dm8tbr (dm8tbr@cl-790.ham-01.de.sixxs.net) has joined #beagle</span></li>
<li class="message">[<a href="#T07:09:21" id="T07:09:21"><abbr title="2012-03-14T07:09:21+00:00">07:09:21</abbr></a>] &lt;<cite>JViz</cite>&gt; <q>how do i know what addresses to put into the file?</q></li>
<li class="quit">[<a href="#T07:13:09" id="T07:13:09"><abbr title="2012-03-14T07:13:09+00:00">07:13:09</abbr></a>] <span>* dm8tbr (dm8tbr@cl-790.ham-01.de.sixxs.net) Quit (Ping timeout: 260 seconds)</span></li>
<li class="quit">[<a href="#T07:16:12" id="T07:16:12"><abbr title="2012-03-14T07:16:12+00:00">07:16:12</abbr></a>] <span>* pcacjr (pcacjr@nat/indt/x-cxkxxoqvhkdxuscj) Quit (Quit: Lost terminal)</span></li>
<li class="join">[<a href="#T07:18:02" id="T07:18:02"><abbr title="2012-03-14T07:18:02+00:00">07:18:02</abbr></a>] <span>* _tasslehoff_ (~Tasslehof@147.84-49-231.nextgentel.com) has joined #beagle</span></li>
<li class="join">[<a href="#T07:20:24" id="T07:20:24"><abbr title="2012-03-14T07:20:24+00:00">07:20:24</abbr></a>] <span>* ychavan (ychavan@nat/redhat/x-uhtueedzoqrokcdz) has joined #beagleboard</span></li>
<li class="join">[<a href="#T07:23:07" id="T07:23:07"><abbr title="2012-03-14T07:23:07+00:00">07:23:07</abbr></a>] <span>* damir__ (~damir@217-72-91-162.ipv4.tusmobil.si) has joined #beagle</span></li>
<li class="join">[<a href="#T07:29:54" id="T07:29:54"><abbr title="2012-03-14T07:29:54+00:00">07:29:54</abbr></a>] <span>* SoulShadow (Shadowed@unaffiliated/soulshadow) has joined #beagleboard</span></li>
<li class="action">[<a href="#T07:31:28" id="T07:31:28"><abbr title="2012-03-14T07:31:28+00:00">07:31:28</abbr></a>] <span>* SoulShadow peeks in</span></li>
<li class="part">[<a href="#T07:31:52" id="T07:31:52"><abbr title="2012-03-14T07:31:52+00:00">07:31:52</abbr></a>] <span>* SoulShadow (Shadowed@unaffiliated/soulshadow) has left #beagleboard</span></li>
<li class="quit">[<a href="#T07:33:21" id="T07:33:21"><abbr title="2012-03-14T07:33:21+00:00">07:33:21</abbr></a>] <span>* rudebwoy (~rudebwoy@smtx.mooo.com) Quit (Read error: Connection reset by peer)</span></li>
<li class="join">[<a href="#T07:33:50" id="T07:33:50"><abbr title="2012-03-14T07:33:50+00:00">07:33:50</abbr></a>] <span>* dm8tbr (dm8tbr@cl-790.ham-01.de.sixxs.net) has joined #beagle</span></li>
<li class="quit">[<abbr title="2012-03-14T07:33:50+00:00">07:33:50</abbr>] <span>* arti_t (~arti_t@122.166.11.13) Quit (Read error: Connection reset by peer)</span></li>
<li class="join">[<a href="#T07:33:56" id="T07:33:56"><abbr title="2012-03-14T07:33:56+00:00">07:33:56</abbr></a>] <span>* rudebwoy (~rudebwoy@smtx.mooo.com) has joined #beagle</span></li>
<li class="join">[<a href="#T07:34:41" id="T07:34:41"><abbr title="2012-03-14T07:34:41+00:00">07:34:41</abbr></a>] <span>* arti_t (~arti_t@122.166.11.13) has joined #beagle</span></li>
<li class="join">[<a href="#T07:35:08" id="T07:35:08"><abbr title="2012-03-14T07:35:08+00:00">07:35:08</abbr></a>] <span>* fooblya_monad (~abaddon@178.120.16.36) has joined #beagle</span></li>
<li class="quit">[<a href="#T07:35:11" id="T07:35:11"><abbr title="2012-03-14T07:35:11+00:00">07:35:11</abbr></a>] <span>* Dioxin (~dioxin@80-218-196-174.dclient.hispeed.ch) Quit (Quit: Dioxin)</span></li>
<li class="quit">[<a href="#T07:35:50" id="T07:35:50"><abbr title="2012-03-14T07:35:50+00:00">07:35:50</abbr></a>] <span>* gangstarr (~gangstarr@c-24-131-19-252.hsd1.pa.comcast.net) Quit (Ping timeout: 246 seconds)</span></li>
<li class="quit">[<a href="#T07:37:18" id="T07:37:18"><abbr title="2012-03-14T07:37:18+00:00">07:37:18</abbr></a>] <span>* cacodaemon (~abaddon@178.120.16.36) Quit (Ping timeout: 252 seconds)</span></li>
<li class="join">[<a href="#T07:46:02" id="T07:46:02"><abbr title="2012-03-14T07:46:02+00:00">07:46:02</abbr></a>] <span>* jpsaman (~jpsaman@2001:4cb8:17:1:f24d:a2ff:fe65:bd7e) has joined #beagle</span></li>
<li class="quit">[<abbr title="2012-03-14T07:46:02+00:00">07:46:02</abbr>] <span>* jpsaman (~jpsaman@2001:4cb8:17:1:f24d:a2ff:fe65:bd7e) Quit (Changing host)</span></li>
<li class="join">[<abbr title="2012-03-14T07:46:02+00:00">07:46:02</abbr>] <span>* jpsaman (~jpsaman@videolan/developer/jpsaman) has joined #beagle</span></li>
<li class="join">[<a href="#T07:46:18" id="T07:46:18"><abbr title="2012-03-14T07:46:18+00:00">07:46:18</abbr></a>] <span>* drakkan1000 (~drakkan@dynamic-adsl-94-36-187-56.clienti.tiscali.it) has joined #beagle</span></li>
<li class="quit">[<a href="#T07:48:08" id="T07:48:08"><abbr title="2012-03-14T07:48:08+00:00">07:48:08</abbr></a>] <span>* arti_t (~arti_t@122.166.11.13) Quit (Read error: Connection reset by peer)</span></li>
<li class="join">[<a href="#T07:48:38" id="T07:48:38"><abbr title="2012-03-14T07:48:38+00:00">07:48:38</abbr></a>] <span>* arti_t (~arti_t@122.166.11.13) has joined #beagle</span></li>
<li class="join">[<a href="#T07:50:04" id="T07:50:04"><abbr title="2012-03-14T07:50:04+00:00">07:50:04</abbr></a>] <span>* lyakh (~lyakh@dslb-178-006-082-060.pools.arcor-ip.net) has joined #beagle</span></li>
<li class="quit">[<a href="#T07:52:52" id="T07:52:52"><abbr title="2012-03-14T07:52:52+00:00">07:52:52</abbr></a>] <span>* rudebwoy (~rudebwoy@smtx.mooo.com) Quit (Read error: Connection reset by peer)</span></li>
<li class="join">[<a href="#T07:54:25" id="T07:54:25"><abbr title="2012-03-14T07:54:25+00:00">07:54:25</abbr></a>] <span>* rudebwoy (~rudebwoy@smtx.mooo.com) has joined #beagle</span></li>
<li class="quit">[<a href="#T07:55:07" id="T07:55:07"><abbr title="2012-03-14T07:55:07+00:00">07:55:07</abbr></a>] <span>* ychavan (ychavan@nat/redhat/x-uhtueedzoqrokcdz) Quit (Ping timeout: 260 seconds)</span></li>
<li class="join">[<a href="#T07:57:28" id="T07:57:28"><abbr title="2012-03-14T07:57:28+00:00">07:57:28</abbr></a>] <span>* ychavan (ychavan@nat/redhat/x-ebdyhiidozdotvpc) has joined #beagleboard</span></li>
<li class="join">[<a href="#T07:58:40" id="T07:58:40"><abbr title="2012-03-14T07:58:40+00:00">07:58:40</abbr></a>] <span>* drakkan1000_ (~drakkan@dynamic-adsl-94-36-199-76.clienti.tiscali.it) has joined #beagle</span></li>
<li class="join">[<a href="#T07:59:09" id="T07:59:09"><abbr title="2012-03-14T07:59:09+00:00">07:59:09</abbr></a>] <span>* olsen (~sesselast@fwe.zhdk.ch) has joined #beagle</span></li>
<li class="message">[<a href="#T07:59:15" id="T07:59:15"><abbr title="2012-03-14T07:59:15+00:00">07:59:15</abbr></a>] &lt;<cite>fiveofoh</cite>&gt; <q>Does anyone have any experience actually using McBSP1 or McBSP3?</q></li>
<li class="join">[<a href="#T07:59:38" id="T07:59:38"><abbr title="2012-03-14T07:59:38+00:00">07:59:38</abbr></a>] <span>* hattwick (~hattwick@68-184-17-253.dhcp.unas.ma.charter.com) has joined #beagleboard</span></li>
<li class="message">[<abbr title="2012-03-14T07:59:38+00:00">07:59:38</abbr>] &lt;<cite>fiveofoh</cite>&gt; <q>I feel like it shouldn't be this difficult</q></li>
<li class="message">[<a href="#T08:00:01" id="T08:00:01"><abbr title="2012-03-14T08:00:01+00:00">08:00:01</abbr></a>] &lt;<cite>fiveofoh</cite>&gt; <q>Since they're available on the expansion header</q></li>
<li class="join">[<a href="#T08:00:03" id="T08:00:03"><abbr title="2012-03-14T08:00:03+00:00">08:00:03</abbr></a>] <span>* virals (~viral@59.97.59.164) has joined #beagle</span></li>
<li class="message">[<a href="#T08:00:09" id="T08:00:09"><abbr title="2012-03-14T08:00:09+00:00">08:00:09</abbr></a>] &lt;<cite>fiveofoh</cite>&gt; <q>But I can't make heads or tails of it</q></li>
<li class="message">[<a href="#T08:00:23" id="T08:00:23"><abbr title="2012-03-14T08:00:23+00:00">08:00:23</abbr></a>] &lt;<cite>fiveofoh</cite>&gt; <q>And I've been scouring the internet for the past week</q></li>
<li class="quit">[<a href="#T08:00:24" id="T08:00:24"><abbr title="2012-03-14T08:00:24+00:00">08:00:24</abbr></a>] <span>* drakkan1000 (~drakkan@dynamic-adsl-94-36-187-56.clienti.tiscali.it) Quit (Ping timeout: 260 seconds)</span></li>
<li class="quit">[<a href="#T08:05:04" id="T08:05:04"><abbr title="2012-03-14T08:05:04+00:00">08:05:04</abbr></a>] <span>* olsen (~sesselast@fwe.zhdk.ch) Quit (Ping timeout: 260 seconds)</span></li>
<li class="join">[<a href="#T08:06:32" id="T08:06:32"><abbr title="2012-03-14T08:06:32+00:00">08:06:32</abbr></a>] <span>* harley (82e23802@gateway/web/freenode/ip.130.226.56.2) has joined #beagle</span></li>
<li class="message">[<a href="#T08:08:11" id="T08:08:11"><abbr title="2012-03-14T08:08:11+00:00">08:08:11</abbr></a>] &lt;<cite>harley</cite>&gt; <q>i got this small GPIO issue...  I know I just missed something... can any tell me :  If I want to do high/low on GPIO1_1 on my beaglebone..  do I need to set someting first? and what?</q></li>
<li class="join">[<a href="#T08:08:14" id="T08:08:14"><abbr title="2012-03-14T08:08:14+00:00">08:08:14</abbr></a>] <span>* userx_ (~0x-@unaffiliated/userx-) has joined #beagle</span></li>
<li class="message">[<a href="#T08:08:52" id="T08:08:52"><abbr title="2012-03-14T08:08:52+00:00">08:08:52</abbr></a>] &lt;<cite>harley</cite>&gt; <q>trying a : echo "low" &gt; /sys/class/gpio/gpio33/direction</q></li>
<li class="message">[<a href="#T08:09:32" id="T08:09:32"><abbr title="2012-03-14T08:09:32+00:00">08:09:32</abbr></a>] &lt;<cite>harley</cite>&gt; <q>but is gpio33 = pin 24 =&gt; gpio1_1</q></li>
<li class="message">[<a href="#T08:09:36" id="T08:09:36"><abbr title="2012-03-14T08:09:36+00:00">08:09:36</abbr></a>] &lt;<cite>harley</cite>&gt; <q>??</q></li>
<li class="quit">[<a href="#T08:11:01" id="T08:11:01"><abbr title="2012-03-14T08:11:01+00:00">08:11:01</abbr></a>] <span>* userx- (~0x-@unaffiliated/userx-) Quit (Ping timeout: 248 seconds)</span></li>
<li class="join">[<a href="#T08:18:32" id="T08:18:32"><abbr title="2012-03-14T08:18:32+00:00">08:18:32</abbr></a>] <span>* olsen (~sesselast@fwe.zhdk.ch) has joined #beagle</span></li>
<li class="message">[<a href="#T08:19:18" id="T08:19:18"><abbr title="2012-03-14T08:19:18+00:00">08:19:18</abbr></a>] &lt;<cite>fiveofoh</cite>&gt; <q>Have you set up your pin muxes correctly?  I don't know directly about the Beaglebone, but the BeagleBoard not all the GPIO are set up for GPIO straight away</q></li>
<li class="message">[<a href="#T08:19:37" id="T08:19:37"><abbr title="2012-03-14T08:19:37+00:00">08:19:37</abbr></a>] &lt;<cite>fiveofoh</cite>&gt; <q>Does gpio33 show up in your /sys/class/gpio?  What errors are you getting?</q></li>
<li class="quit">[<a href="#T08:21:15" id="T08:21:15"><abbr title="2012-03-14T08:21:15+00:00">08:21:15</abbr></a>] <span>* Eric_Herman (~eric@sd4406ed1.adsl.wanadoo.nl) Quit (Ping timeout: 265 seconds)</span></li>
<li class="message">[<a href="#T08:21:58" id="T08:21:58"><abbr title="2012-03-14T08:21:58+00:00">08:21:58</abbr></a>] &lt;<cite>fiveofoh</cite>&gt; <q>@harley ^^</q></li>
<li class="message">[<a href="#T08:22:14" id="T08:22:14"><abbr title="2012-03-14T08:22:14+00:00">08:22:14</abbr></a>] &lt;<cite>fiveofoh</cite>&gt; <q>Or are you getting any errors, or is it just not responding?</q></li>
<li class="message">[<a href="#T08:22:41" id="T08:22:41"><abbr title="2012-03-14T08:22:41+00:00">08:22:41</abbr></a>] &lt;<cite>av500</cite>&gt; <q>How man piano tuners are there in the United States?</q></li>
<li class="message">[<a href="#T08:24:12" id="T08:24:12"><abbr title="2012-03-14T08:24:12+00:00">08:24:12</abbr></a>] &lt;<cite>fiveofoh</cite>&gt; <q>(num_pianos * tuning_freq * tuning_time) / hours_per_workweek</q></li>
<li class="message">[<a href="#T08:24:41" id="T08:24:41"><abbr title="2012-03-14T08:24:41+00:00">08:24:41</abbr></a>] &lt;<cite>fiveofoh</cite>&gt; <q>workday, rather</q></li>
<li class="message">[<a href="#T08:24:47" id="T08:24:47"><abbr title="2012-03-14T08:24:47+00:00">08:24:47</abbr></a>] &lt;<cite>fiveofoh</cite>&gt; <q>Assuming tuning_freq is in tunings/day</q></li>
<li class="message">[<a href="#T08:25:33" id="T08:25:33"><abbr title="2012-03-14T08:25:33+00:00">08:25:33</abbr></a>] &lt;<cite>_tasslehoff_</cite>&gt; <q>av500: fyi: we've been benchmarking filesystems on our sd card, and the extreme latencies we had go away with anythin !ext3</q></li>
<li class="message">[<a href="#T08:26:15" id="T08:26:15"><abbr title="2012-03-14T08:26:15+00:00">08:26:15</abbr></a>] &lt;<cite>fiveofoh</cite>&gt; <q>So, has no one ever actually *used* McBSP1 or 3?</q></li>
<li class="message">[<a href="#T08:27:04" id="T08:27:04"><abbr title="2012-03-14T08:27:04+00:00">08:27:04</abbr></a>] &lt;<cite>av500</cite>&gt; <q>no one? out of all the 6 billion people?</q></li>
<li class="message">[<a href="#T08:27:14" id="T08:27:14"><abbr title="2012-03-14T08:27:14+00:00">08:27:14</abbr></a>] &lt;<cite>av500</cite>&gt; <q>_tasslehoff_: ic</q></li>
<li class="message">[<a href="#T08:27:15" id="T08:27:15"><abbr title="2012-03-14T08:27:15+00:00">08:27:15</abbr></a>] &lt;<cite>fiveofoh</cite>&gt; <q>That's about what it looks like from my research</q></li>
<li class="message">[<a href="#T08:27:30" id="T08:27:30"><abbr title="2012-03-14T08:27:30+00:00">08:27:30</abbr></a>] &lt;<cite>fiveofoh</cite>&gt; <q>I lied</q></li>
<li class="message">[<a href="#T08:27:32" id="T08:27:32"><abbr title="2012-03-14T08:27:32+00:00">08:27:32</abbr></a>] &lt;<cite>fiveofoh</cite>&gt; <q>A few claim to have</q></li>
<li class="message">[<a href="#T08:27:33" id="T08:27:33"><abbr title="2012-03-14T08:27:33+00:00">08:27:33</abbr></a>] &lt;<cite>av500</cite>&gt; <q>publish!</q></li>
<li class="message">[<a href="#T08:27:43" id="T08:27:43"><abbr title="2012-03-14T08:27:43+00:00">08:27:43</abbr></a>] &lt;<cite>fiveofoh</cite>&gt; <q>But leave no indications of how they got it working</q></li>
<li class="message">[<a href="#T08:27:53" id="T08:27:53"><abbr title="2012-03-14T08:27:53+00:00">08:27:53</abbr></a>] &lt;<cite>fiveofoh</cite>&gt; <q>Or vague references</q></li>
<li class="message">[<a href="#T08:27:57" id="T08:27:57"><abbr title="2012-03-14T08:27:57+00:00">08:27:57</abbr></a>] &lt;<cite>ynezz</cite>&gt; <q>solder and iron?</q></li>
<li class="action">[<a href="#T08:28:16" id="T08:28:16"><abbr title="2012-03-14T08:28:16+00:00">08:28:16</abbr></a>] <span>* fiveofoh is just a bit tired of fruitless googling and mailing list reading and datasheet scouring</span></li>
<li class="message">[<a href="#T08:28:21" id="T08:28:21"><abbr title="2012-03-14T08:28:21+00:00">08:28:21</abbr></a>] &lt;<cite>_tasslehoff_</cite>&gt; <q>harley: direction: "out" makes more sense, and then value: "low".</q></li>
<li class="message">[<a href="#T08:28:41" id="T08:28:41"><abbr title="2012-03-14T08:28:41+00:00">08:28:41</abbr></a>] &lt;<cite>fiveofoh</cite>&gt; <q>But direction low is supported</q></li>
<li class="message">[<a href="#T08:28:59" id="T08:28:59"><abbr title="2012-03-14T08:28:59+00:00">08:28:59</abbr></a>] &lt;<cite>fiveofoh</cite>&gt; <q>I'd fall back to "out" and then value "low" if that didn't work though</q></li>
<li class="message">[<a href="#T08:29:10" id="T08:29:10"><abbr title="2012-03-14T08:29:10+00:00">08:29:10</abbr></a>] &lt;<cite>_tasslehoff_</cite>&gt; <q>it is? then I'll shut up :)</q></li>
<li class="message">[<a href="#T08:29:25" id="T08:29:25"><abbr title="2012-03-14T08:29:25+00:00">08:29:25</abbr></a>] &lt;<cite>fiveofoh</cite>&gt; <q>Yep :P It's a little shortcut, slash edge case</q></li>
<li class="message">[<a href="#T08:29:30" id="T08:29:30"><abbr title="2012-03-14T08:29:30+00:00">08:29:30</abbr></a>] &lt;<cite>ynezz</cite>&gt; <q>it's totally logical, isn't it?</q></li>
<li class="message">[<a href="#T08:29:33" id="T08:29:33"><abbr title="2012-03-14T08:29:33+00:00">08:29:33</abbr></a>] &lt;<cite>av500</cite>&gt; <q>fiveofoh: using them to output sound via alsa?</q></li>
<li class="message">[<a href="#T08:29:43" id="T08:29:43"><abbr title="2012-03-14T08:29:43+00:00">08:29:43</abbr></a>] &lt;<cite>fiveofoh</cite>&gt; <q>av500: That's the ideal situation</q></li>
<li class="message">[<a href="#T08:29:51" id="T08:29:51"><abbr title="2012-03-14T08:29:51+00:00">08:29:51</abbr></a>] &lt;<cite>fiveofoh</cite>&gt; <q>Obviously, McBSP2 works like a peach</q></li>
<li class="message">[<a href="#T08:29:55" id="T08:29:55"><abbr title="2012-03-14T08:29:55+00:00">08:29:55</abbr></a>] &lt;<cite>fiveofoh</cite>&gt; <q>Cause it's all built-in and things</q></li>
<li class="message">[<a href="#T08:29:57" id="T08:29:57"><abbr title="2012-03-14T08:29:57+00:00">08:29:57</abbr></a>] &lt;<cite>ynezz</cite>&gt; <q>what does 'echo coffee &gt; /dev/mem' does?</q></li>
<li class="message">[<a href="#T08:30:14" id="T08:30:14"><abbr title="2012-03-14T08:30:14+00:00">08:30:14</abbr></a>] &lt;<cite>av500</cite>&gt; <q>fiveofoh: so you'd have to hack up the alsa driver to use another mcbsp</q></li>
<li class="message">[<a href="#T08:30:30" id="T08:30:30"><abbr title="2012-03-14T08:30:30+00:00">08:30:30</abbr></a>] &lt;<cite>av500</cite>&gt; <q>ynezz: computer is 5% faster for 15minutes</q></li>
<li class="message">[<a href="#T08:30:40" id="T08:30:40"><abbr title="2012-03-14T08:30:40+00:00">08:30:40</abbr></a>] &lt;<cite>av500</cite>&gt; <q>so you need a cron job</q></li>
<li class="message">[<a href="#T08:31:02" id="T08:31:02"><abbr title="2012-03-14T08:31:02+00:00">08:31:02</abbr></a>] &lt;<cite>av500</cite>&gt; <q>fiveofoh: using the mcbsp2 support as a template</q></li>
<li class="message">[<a href="#T08:31:12" id="T08:31:12"><abbr title="2012-03-14T08:31:12+00:00">08:31:12</abbr></a>] &lt;<cite>fiveofoh</cite>&gt; <q>That's what I've been gathering, but I haven't done any kernel hacking...I've been trying to poke around, I downloaded the Angstrom build stuff</q></li>
<li class="message">[<a href="#T08:31:31" id="T08:31:31"><abbr title="2012-03-14T08:31:31+00:00">08:31:31</abbr></a>] &lt;<cite>fiveofoh</cite>&gt; <q>Is that the right place to start poking around?</q></li>
<li class="message">[<a href="#T08:31:32" id="T08:31:32"><abbr title="2012-03-14T08:31:32+00:00">08:31:32</abbr></a>] &lt;<cite>av500</cite>&gt; <q>well, kernel hacking will be involved</q></li>
<li class="message">[<a href="#T08:31:46" id="T08:31:46"><abbr title="2012-03-14T08:31:46+00:00">08:31:46</abbr></a>] &lt;<cite>av500</cite>&gt; <q>you can use angtrom to re-build your kernel as step one</q></li>
<li class="message">[<a href="#T08:31:55" id="T08:31:55"><abbr title="2012-03-14T08:31:55+00:00">08:31:55</abbr></a>] &lt;<cite>fiveofoh</cite>&gt; <q>I got that</q></li>
<li class="message">[<a href="#T08:31:58" id="T08:31:58"><abbr title="2012-03-14T08:31:58+00:00">08:31:58</abbr></a>] &lt;<cite>av500</cite>&gt; <q>once you can build and run kernels, hacking begins</q></li>
<li class="message">[<abbr title="2012-03-14T08:31:58+00:00">08:31:58</abbr>] &lt;<cite>fiveofoh</cite>&gt; <q>I think</q></li>
<li class="message">[<a href="#T08:32:07" id="T08:32:07"><abbr title="2012-03-14T08:32:07+00:00">08:32:07</abbr></a>] &lt;<cite>fiveofoh</cite>&gt; <q>I haven't tried actually using the kernel</q></li>
<li class="message">[<a href="#T08:32:12" id="T08:32:12"><abbr title="2012-03-14T08:32:12+00:00">08:32:12</abbr></a>] &lt;<cite>av500</cite>&gt; <q>which for you will involve staring at the alsa code a lot</q></li>
<li class="message">[<a href="#T08:32:27" id="T08:32:27"><abbr title="2012-03-14T08:32:27+00:00">08:32:27</abbr></a>] &lt;<cite>fiveofoh</cite>&gt; <q>But I followed the directions and downloaded the setup-scripts and told it to build BeagleBoard</q></li>
<li class="message">[<a href="#T08:32:35" id="T08:32:35"><abbr title="2012-03-14T08:32:35+00:00">08:32:35</abbr></a>] &lt;<cite>fiveofoh</cite>&gt; <q>It spit out a uboot.bin in an obscure directory</q></li>
<li class="message">[<a href="#T08:32:41" id="T08:32:41"><abbr title="2012-03-14T08:32:41+00:00">08:32:41</abbr></a>] &lt;<cite>fiveofoh</cite>&gt; <q>So I think it worked :P</q></li>
<li class="action">[<a href="#T08:32:48" id="T08:32:48"><abbr title="2012-03-14T08:32:48+00:00">08:32:48</abbr></a>] <span>* fiveofoh tries actually using the uboot.bin</span></li>
<li class="message">[<a href="#T08:33:03" id="T08:33:03"><abbr title="2012-03-14T08:33:03+00:00">08:33:03</abbr></a>] &lt;<cite>fiveofoh</cite>&gt; <q>I found the mcbsp code in /sound/soc/omap</q></li>
<li class="message">[<a href="#T08:33:20" id="T08:33:20"><abbr title="2012-03-14T08:33:20+00:00">08:33:20</abbr></a>] &lt;<cite>fiveofoh</cite>&gt; <q>Where would I look for the alsa code?</q></li>
<li class="message">[<a href="#T08:33:21" id="T08:33:21"><abbr title="2012-03-14T08:33:21+00:00">08:33:21</abbr></a>] &lt;<cite>koen</cite>&gt; <q> I doubt it spits out a u-boot.bin</q></li>
<li class="message">[<a href="#T08:33:30" id="T08:33:30"><abbr title="2012-03-14T08:33:30+00:00">08:33:30</abbr></a>] &lt;<cite>koen</cite>&gt; <q>it has been spitting out an u-boot.img for arges</q></li>
<li class="action">[<a href="#T08:33:38" id="T08:33:38"><abbr title="2012-03-14T08:33:38+00:00">08:33:38</abbr></a>] <span>* fiveofoh checks again</span></li>
<li class="message">[<a href="#T08:33:41" id="T08:33:41"><abbr title="2012-03-14T08:33:41+00:00">08:33:41</abbr></a>] &lt;<cite>av500</cite>&gt; <q>and uboot is the boot loader</q></li>
<li class="message">[<a href="#T08:33:43" id="T08:33:43"><abbr title="2012-03-14T08:33:43+00:00">08:33:43</abbr></a>] &lt;<cite>av500</cite>&gt; <q>not the kernel</q></li>
<li class="message">[<a href="#T08:34:56" id="T08:34:56"><abbr title="2012-03-14T08:34:56+00:00">08:34:56</abbr></a>] &lt;<cite>fiveofoh</cite>&gt; <q>Aha here we go</q></li>
<li class="message">[<a href="#T08:34:59" id="T08:34:59"><abbr title="2012-03-14T08:34:59+00:00">08:34:59</abbr></a>] &lt;<cite>fiveofoh</cite>&gt; <q>In setup-scripts/build/tmp-angstrom_2010_x-eglibc/deploy/images/beagleboard</q></li>
<li class="message">[<a href="#T08:35:03" id="T08:35:03"><abbr title="2012-03-14T08:35:03+00:00">08:35:03</abbr></a>] &lt;<cite>fiveofoh</cite>&gt; <q>I have uImage-beagleboard.bin</q></li>
<li class="join">[<a href="#T08:35:08" id="T08:35:08"><abbr title="2012-03-14T08:35:08+00:00">08:35:08</abbr></a>] <span>* Eric_Herman (~eric@sd4406ed1.adsl.wanadoo.nl) has joined #beaglebone</span></li>
<li class="join">[<a href="#T08:35:10" id="T08:35:10"><abbr title="2012-03-14T08:35:10+00:00">08:35:10</abbr></a>] <span>* Eric_Herman (~eric@sd4406ed1.adsl.wanadoo.nl) has joined #beagleboard</span></li>
<li class="join">[<a href="#T08:35:12" id="T08:35:12"><abbr title="2012-03-14T08:35:12+00:00">08:35:12</abbr></a>] <span>* Eric_Herman (~eric@sd4406ed1.adsl.wanadoo.nl) has joined #beagle</span></li>
<li class="message">[<abbr title="2012-03-14T08:35:12+00:00">08:35:12</abbr>] &lt;<cite>fiveofoh</cite>&gt; <q>And modules-3.0.23+-r117a-beagleboard.tgz</q></li>
<li class="message">[<a href="#T08:35:31" id="T08:35:31"><abbr title="2012-03-14T08:35:31+00:00">08:35:31</abbr></a>] &lt;<cite>fiveofoh</cite>&gt; <q>So I lied, it's uimage.bin :P</q></li>
<li class="action">[<a href="#T08:36:06" id="T08:36:06"><abbr title="2012-03-14T08:36:06+00:00">08:36:06</abbr></a>] <span>* fiveofoh takes a stab in the dark</span></li>
<li class="join">[<a href="#T08:37:52" id="T08:37:52"><abbr title="2012-03-14T08:37:52+00:00">08:37:52</abbr></a>] <span>* icota (~quassel@dh207-24-158.xnet.hr) has joined #beagle</span></li>
<li class="message">[<a href="#T08:38:06" id="T08:38:06"><abbr title="2012-03-14T08:38:06+00:00">08:38:06</abbr></a>] &lt;<cite>fiveofoh</cite>&gt; <q>The angstrom build scripts appear to be composed entirely of patches that the scripts apply to a bunch of .tar.bz2 source files that they download</q></li>
<li class="message">[<a href="#T08:38:08" id="T08:38:08"><abbr title="2012-03-14T08:38:08+00:00">08:38:08</abbr></a>] &lt;<cite>fiveofoh</cite>&gt; <q>Which makes sense</q></li>
<li class="message">[<a href="#T08:38:17" id="T08:38:17"><abbr title="2012-03-14T08:38:17+00:00">08:38:17</abbr></a>] &lt;<cite>fiveofoh</cite>&gt; <q>But seems unfriendly to hacking</q></li>
<li class="quit">[<abbr title="2012-03-14T08:38:17+00:00">08:38:17</abbr>] <span>* arti_t (~arti_t@122.166.11.13) Quit (Read error: Connection reset by peer)</span></li>
<li class="message">[<a href="#T08:38:18" id="T08:38:18"><abbr title="2012-03-14T08:38:18+00:00">08:38:18</abbr></a>] &lt;<cite>fiveofoh</cite>&gt; <q>Also</q></li>
<li class="message">[<a href="#T08:38:27" id="T08:38:27"><abbr title="2012-03-14T08:38:27+00:00">08:38:27</abbr></a>] &lt;<cite>koen</cite>&gt; <q>patches are unfriendly to hacking?</q></li>
<li class="message">[<a href="#T08:38:32" id="T08:38:32"><abbr title="2012-03-14T08:38:32+00:00">08:38:32</abbr></a>] &lt;<cite>koen</cite>&gt; <q>which planet are you from?</q></li>
<li class="message">[<a href="#T08:38:34" id="T08:38:34"><abbr title="2012-03-14T08:38:34+00:00">08:38:34</abbr></a>] &lt;<cite>fiveofoh</cite>&gt; <q>Hahaha</q></li>
<li class="join">[<a href="#T08:38:41" id="T08:38:41"><abbr title="2012-03-14T08:38:41+00:00">08:38:41</abbr></a>] <span>* arti_t (~arti_t@122.166.11.13) has joined #beagle</span></li>
<li class="message">[<a href="#T08:38:57" id="T08:38:57"><abbr title="2012-03-14T08:38:57+00:00">08:38:57</abbr></a>] &lt;<cite>fiveofoh</cite>&gt; <q>No, I understand the reasoning and it's great and makes sense and all</q></li>
<li class="message">[<a href="#T08:39:30" id="T08:39:30"><abbr title="2012-03-14T08:39:30+00:00">08:39:30</abbr></a>] &lt;<cite>av500</cite>&gt; <q>fiveofoh: this has been debated here a lot, and both sides have the scars to prove it</q></li>
<li class="message">[<a href="#T08:39:54" id="T08:39:54"><abbr title="2012-03-14T08:39:54+00:00">08:39:54</abbr></a>] &lt;<cite>fiveofoh</cite>&gt; <q>Which of all this has been debated?</q></li>
<li class="message">[<a href="#T08:39:55" id="T08:39:55"><abbr title="2012-03-14T08:39:55+00:00">08:39:55</abbr></a>] &lt;<cite>ynezz</cite>&gt; <q>but he does not know about devshell yet...</q></li>
<li class="message">[<a href="#T08:40:46" id="T08:40:46"><abbr title="2012-03-14T08:40:46+00:00">08:40:46</abbr></a>] &lt;<cite>fiveofoh</cite>&gt; <q>And koen, it just makes it harder to add your own patch if you don't actually have the whole sourcefiles all patched up</q></li>
<li class="message">[<a href="#T08:41:25" id="T08:41:25"><abbr title="2012-03-14T08:41:25+00:00">08:41:25</abbr></a>] &lt;<cite>av500</cite>&gt; <q>fiveofoh: <a href="http://www.slimlogic.co.uk/2011/05/openembeddedangstrom-kernel-workflow/">http://www.slimlogic.co.uk/2011/05/openembeddedangstrom-kernel-workflow/</a></q></li>
<li class="message">[<a href="#T08:41:30" id="T08:41:30"><abbr title="2012-03-14T08:41:30+00:00">08:41:30</abbr></a>] &lt;<cite>fiveofoh</cite>&gt; <q>Ooh</q></li>
<li class="message">[<a href="#T08:41:52" id="T08:41:52"><abbr title="2012-03-14T08:41:52+00:00">08:41:52</abbr></a>] &lt;<cite>fiveofoh</cite>&gt; <q>(Also, my uimage-beagleboard.bin, copied to my SD as UIMAGE, appears to be working nicely</q></li>
<li class="message">[<a href="#T08:42:21" id="T08:42:21"><abbr title="2012-03-14T08:42:21+00:00">08:42:21</abbr></a>] &lt;<cite>av500</cite>&gt; <q>fiveofoh: if you plan on working a lot on the kernel, just grab the git+patches into your own git and compile that standalone</q></li>
<li class="message">[<a href="#T08:42:45" id="T08:42:45"><abbr title="2012-03-14T08:42:45+00:00">08:42:45</abbr></a>] &lt;<cite>fiveofoh</cite>&gt; <q>Well, I plan on working on the kernel as little as possible, but... :P</q></li>
<li class="message">[<a href="#T08:42:49" id="T08:42:49"><abbr title="2012-03-14T08:42:49+00:00">08:42:49</abbr></a>] &lt;<cite>av500</cite>&gt; <q>all you need is the kernel source and the cross toolchain</q></li>
<li class="message">[<a href="#T08:45:54" id="T08:45:54"><abbr title="2012-03-14T08:45:54+00:00">08:45:54</abbr></a>] &lt;<cite>fiveofoh</cite>&gt; <q>Where does the temporary working directory this fellow talks about come from?</q></li>
<li class="message">[<a href="#T08:46:03" id="T08:46:03"><abbr title="2012-03-14T08:46:03+00:00">08:46:03</abbr></a>] &lt;<cite>fiveofoh</cite>&gt; <q>Ooh wait</q></li>
<li class="action">[<a href="#T08:46:10" id="T08:46:10"><abbr title="2012-03-14T08:46:10+00:00">08:46:10</abbr></a>] <span>* fiveofoh tries running those commands</span></li>
<li class="join">[<a href="#T08:47:57" id="T08:47:57"><abbr title="2012-03-14T08:47:57+00:00">08:47:57</abbr></a>] <span>* dENNES (~Adium@192.38.36.16) has joined #beagle</span></li>
<li class="message">[<a href="#T08:48:09" id="T08:48:09"><abbr title="2012-03-14T08:48:09+00:00">08:48:09</abbr></a>] &lt;<cite>fiveofoh</cite>&gt; <q>Oh lordy, this will probably take a while, eh?</q></li>
<li class="message">[<a href="#T08:49:01" id="T08:49:01"><abbr title="2012-03-14T08:49:01+00:00">08:49:01</abbr></a>] &lt;<cite>av500</cite>&gt; <q>spend it staring at alsa code :)</q></li>
<li class="message">[<a href="#T08:49:16" id="T08:49:16"><abbr title="2012-03-14T08:49:16+00:00">08:49:16</abbr></a>] &lt;<cite>av500</cite>&gt; <q>specifically the beagle-alsa glue</q></li>
<li class="message">[<a href="#T08:49:17" id="T08:49:17"><abbr title="2012-03-14T08:49:17+00:00">08:49:17</abbr></a>] &lt;<cite>fiveofoh</cite>&gt; <q>That's what I was thinking</q></li>
<li class="message">[<a href="#T08:49:27" id="T08:49:27"><abbr title="2012-03-14T08:49:27+00:00">08:49:27</abbr></a>] &lt;<cite>fiveofoh</cite>&gt; <q>I just have to find the alsa code</q></li>
<li class="message">[<a href="#T08:49:33" id="T08:49:33"><abbr title="2012-03-14T08:49:33+00:00">08:49:33</abbr></a>] &lt;<cite>av500</cite>&gt; <q>linux/sound</q></li>
<li class="message">[<a href="#T08:49:46" id="T08:49:46"><abbr title="2012-03-14T08:49:46+00:00">08:49:46</abbr></a>] &lt;<cite>av500</cite>&gt; <q>yes, sound has its own top level folder</q></li>
<li class="message">[<a href="#T08:49:47" id="T08:49:47"><abbr title="2012-03-14T08:49:47+00:00">08:49:47</abbr></a>] &lt;<cite>fiveofoh</cite>&gt; <q>Yeah, in the linux-3.1 tar I found?</q></li>
<li class="message">[<a href="#T08:49:51" id="T08:49:51"><abbr title="2012-03-14T08:49:51+00:00">08:49:51</abbr></a>] &lt;<cite>fiveofoh</cite>&gt; <q>I noticed that</q></li>
<li class="message">[<a href="#T08:49:53" id="T08:49:53"><abbr title="2012-03-14T08:49:53+00:00">08:49:53</abbr></a>] &lt;<cite>fiveofoh</cite>&gt; <q>Oddly enough</q></li>
<li class="message">[<a href="#T08:50:03" id="T08:50:03"><abbr title="2012-03-14T08:50:03+00:00">08:50:03</abbr></a>] &lt;<cite>av500</cite>&gt; <q>thats says something about the state of sound support in linux.....</q></li>
<li class="message">[<a href="#T08:50:08" id="T08:50:08"><abbr title="2012-03-14T08:50:08+00:00">08:50:08</abbr></a>] &lt;<cite>fiveofoh</cite>&gt; <q>It seemed a bit out of place :P</q></li>
<li class="message">[<a href="#T08:50:20" id="T08:50:20"><abbr title="2012-03-14T08:50:20+00:00">08:50:20</abbr></a>] &lt;<cite>av500</cite>&gt; <q>own top level folder -&gt; it can be GONE any day....</q></li>
<li class="quit">[<abbr title="2012-03-14T08:50:20+00:00">08:50:20</abbr>] <span>* arti_t (~arti_t@122.166.11.13) Quit (Read error: Connection reset by peer)</span></li>
<li class="message">[<a href="#T08:50:31" id="T08:50:31"><abbr title="2012-03-14T08:50:31+00:00">08:50:31</abbr></a>] &lt;<cite>fiveofoh</cite>&gt; <q>How nice</q></li>
<li class="join">[<a href="#T08:50:43" id="T08:50:43"><abbr title="2012-03-14T08:50:43+00:00">08:50:43</abbr></a>] <span>* arti_t (~arti_t@122.166.11.13) has joined #beagle</span></li>
<li class="message">[<a href="#T08:50:45" id="T08:50:45"><abbr title="2012-03-14T08:50:45+00:00">08:50:45</abbr></a>] &lt;<cite>fiveofoh</cite>&gt; <q>Hokay</q></li>
<li class="quit">[<a href="#T08:51:12" id="T08:51:12"><abbr title="2012-03-14T08:51:12+00:00">08:51:12</abbr></a>] <span>* ericb2 (~X@unaffiliated/ericb2) Quit (Quit: . . . ........)</span></li>
<li class="join">[<a href="#T08:56:11" id="T08:56:11"><abbr title="2012-03-14T08:56:11+00:00">08:56:11</abbr></a>] <span>* jpirko (jirka@nat/redhat/x-umhvytdffzusucgh) has joined #beagle</span></li>
<li class="join">[<a href="#T08:58:41" id="T08:58:41"><abbr title="2012-03-14T08:58:41+00:00">08:58:41</abbr></a>] <span>* mykhal (~mykhal@gateway/tor-sasl/mykhal) has joined #beagle</span></li>
<li class="join">[<abbr title="2012-03-14T08:58:41+00:00">08:58:41</abbr>] <span>* mykhal (~mykhal@gateway/tor-sasl/mykhal) has joined #beaglebone</span></li>
<li class="action">[<a href="#T08:59:17" id="T08:59:17"><abbr title="2012-03-14T08:59:17+00:00">08:59:17</abbr></a>] <span>* fiveofoh dawdles off to stare at some ALSA code</span></li>
