<li class="message">[<a href="#T00:03:12" id="T00:03:12"><abbr title="2012-01-31T00:03:12+00:00">00:03:12</abbr></a>] &lt;<cite>Crofton|work</cite>&gt; <q>koen, I think polkit-gnome needs a DEPENDS on systemd or soemthing</q></li>
<li class="message">[<a href="#T00:03:25" id="T00:03:25"><abbr title="2012-01-31T00:03:25+00:00">00:03:25</abbr></a>] &lt;<cite>Crofton|work</cite>&gt; <q>remind me in the am to explain what I mean</q></li>
<li class="part">[<a href="#T00:07:16" id="T00:07:16"><abbr title="2012-01-31T00:07:16+00:00">00:07:16</abbr></a>] <span>* yonib_beagle (~yoni@93-173-29-212.bb.netvision.net.il) has left #beaglebone</span></li>
<li class="part">[<abbr title="2012-01-31T00:07:16+00:00">00:07:16</abbr>] <span>* yonib_beagle (~yoni@93-173-29-212.bb.netvision.net.il) has left #beagle</span></li>
<li class="part">[<abbr title="2012-01-31T00:07:16+00:00">00:07:16</abbr>] <span>* yonib_beagle (~yoni@93-173-29-212.bb.netvision.net.il) has left #beagleboard</span></li>
<li class="quit">[<a href="#T00:10:19" id="T00:10:19"><abbr title="2012-01-31T00:10:19+00:00">00:10:19</abbr></a>] <span>* djlewis (~djelwis@adsl-65-64-30-13.dsl.ltrkar.swbell.net) Quit (Quit: Leaving.)</span></li>
<li class="quit">[<a href="#T00:11:24" id="T00:11:24"><abbr title="2012-01-31T00:11:24+00:00">00:11:24</abbr></a>] <span>* syrioosh (~quassel@xz138.internetdsl.tpnet.pl) Quit (Ping timeout: 245 seconds)</span></li>
<li class="join">[<a href="#T00:13:01" id="T00:13:01"><abbr title="2012-01-31T00:13:01+00:00">00:13:01</abbr></a>] <span>* etheretic (~etheretic@cm-84.208.181.2.getinternet.no) has joined #beagleboard</span></li>
<li class="join">[<abbr title="2012-01-31T00:13:01+00:00">00:13:01</abbr>] <span>* etheretic (~etheretic@cm-84.208.181.2.getinternet.no) has joined #beagle</span></li>
<li class="quit">[<a href="#T00:15:27" id="T00:15:27"><abbr title="2012-01-31T00:15:27+00:00">00:15:27</abbr></a>] <span>* etheretic1 (~etheretic@cm-84.208.181.2.getinternet.no) Quit (Ping timeout: 252 seconds)</span></li>
<li class="join">[<a href="#T00:22:37" id="T00:22:37"><abbr title="2012-01-31T00:22:37+00:00">00:22:37</abbr></a>] <span>* tholm (~siskom@190.172.252.71) has joined #beagle</span></li>
<li class="join">[<a href="#T00:24:06" id="T00:24:06"><abbr title="2012-01-31T00:24:06+00:00">00:24:06</abbr></a>] <span>* MattRichardson (~MattRicha@cpe-72-227-170-235.nyc.res.rr.com) has joined #beaglebone</span></li>
<li class="quit">[<a href="#T00:26:02" id="T00:26:02"><abbr title="2012-01-31T00:26:02+00:00">00:26:02</abbr></a>] <span>* errordeveloper (~ilya@host86-173-235-252.range86-173.btcentralplus.com) Quit (Ping timeout: 272 seconds)</span></li>
<li class="join">[<a href="#T00:31:25" id="T00:31:25"><abbr title="2012-01-31T00:31:25+00:00">00:31:25</abbr></a>] <span>* Russ (foobar@ip68-106-254-4.ph.ph.cox.net) has joined #beagle</span></li>
<li class="join">[<a href="#T00:33:48" id="T00:33:48"><abbr title="2012-01-31T00:33:48+00:00">00:33:48</abbr></a>] <span>* Russ_ (foobar@ip68-106-254-4.ph.ph.cox.net) has joined #beagle</span></li>
<li class="quit">[<a href="#T00:33:49" id="T00:33:49"><abbr title="2012-01-31T00:33:49+00:00">00:33:49</abbr></a>] <span>* Russ (foobar@ip68-106-254-4.ph.ph.cox.net) Quit (Read error: Connection reset by peer)</span></li>
<li class="quit">[<a href="#T00:38:21" id="T00:38:21"><abbr title="2012-01-31T00:38:21+00:00">00:38:21</abbr></a>] <span>* tlab (~tlab@c-98-223-22-156.hsd1.in.comcast.net) Quit (Quit: Leaving)</span></li>
<li class="quit">[<a href="#T00:48:10" id="T00:48:10"><abbr title="2012-01-31T00:48:10+00:00">00:48:10</abbr></a>] <span>* prpplague (~danders@nat/ti/x-nwgzqdtiksorvibj) Quit (Quit: Leaving)</span></li>
<li class="quit">[<a href="#T01:01:33" id="T01:01:33"><abbr title="2012-01-31T01:01:33+00:00">01:01:33</abbr></a>] <span>* phantoxe (~destroy@a95-92-89-24.cpe.netcabo.pt) Quit ()</span></li>
<li class="nick-change">[<a href="#T01:04:22" id="T01:04:22"><abbr title="2012-01-31T01:04:22+00:00">01:04:22</abbr></a>] <span>* mrenouf|away is now known as mrenouf</span></li>
<li class="quit">[<a href="#T01:18:52" id="T01:18:52"><abbr title="2012-01-31T01:18:52+00:00">01:18:52</abbr></a>] <span>* CMoH (~cipi@unaffiliated/c-moh) Quit (Read error: Connection reset by peer)</span></li>
<li class="quit">[<a href="#T01:19:01" id="T01:19:01"><abbr title="2012-01-31T01:19:01+00:00">01:19:01</abbr></a>] <span>* bgamari (~ben@physicsnat56.physics.umass.edu) Quit (Ping timeout: 252 seconds)</span></li>
<li class="quit">[<a href="#T01:19:28" id="T01:19:28"><abbr title="2012-01-31T01:19:28+00:00">01:19:28</abbr></a>] <span>* photex (~photex@216.3.125.130) Quit (Quit: Computer has gone to sleep.)</span></li>
<li class="quit">[<a href="#T01:20:51" id="T01:20:51"><abbr title="2012-01-31T01:20:51+00:00">01:20:51</abbr></a>] <span>* Russ_ (foobar@ip68-106-254-4.ph.ph.cox.net) Quit (Ping timeout: 252 seconds)</span></li>
<li class="join">[<a href="#T01:21:37" id="T01:21:37"><abbr title="2012-01-31T01:21:37+00:00">01:21:37</abbr></a>] <span>* falstaff_ (~quassel@62-12-199-119.pool.cyberlink.ch) has joined #beagle</span></li>
<li class="quit">[<a href="#T01:22:30" id="T01:22:30"><abbr title="2012-01-31T01:22:30+00:00">01:22:30</abbr></a>] <span>* falstaff (~quassel@62-12-237-038.pool.cyberlink.ch) Quit (Ping timeout: 248 seconds)</span></li>
<li class="quit">[<a href="#T01:31:50" id="T01:31:50"><abbr title="2012-01-31T01:31:50+00:00">01:31:50</abbr></a>] <span>* jay6981 (~Adium@38.114.132.193) Quit (Quit: Leaving.)</span></li>
<li class="quit">[<a href="#T01:32:01" id="T01:32:01"><abbr title="2012-01-31T01:32:01+00:00">01:32:01</abbr></a>] <span>* cwillu (~cwillu@cwillu.com) Quit (Remote host closed the connection)</span></li>
<li class="join">[<a href="#T01:36:14" id="T01:36:14"><abbr title="2012-01-31T01:36:14+00:00">01:36:14</abbr></a>] <span>* cwillu (~cwillu@cwillu.com) has joined #beagle</span></li>
<li class="quit">[<a href="#T01:37:05" id="T01:37:05"><abbr title="2012-01-31T01:37:05+00:00">01:37:05</abbr></a>] <span>* cwillu (~cwillu@cwillu.com) Quit (Remote host closed the connection)</span></li>
<li class="join">[<a href="#T01:40:00" id="T01:40:00"><abbr title="2012-01-31T01:40:00+00:00">01:40:00</abbr></a>] <span>* cwillu (~cwillu@cwillu.com) has joined #beagle</span></li>
<li class="join">[<a href="#T01:42:15" id="T01:42:15"><abbr title="2012-01-31T01:42:15+00:00">01:42:15</abbr></a>] <span>* bgamari (~ben@pool-96-240-212-224.spfdma.east.verizon.net) has joined #beagle</span></li>
<li class="quit">[<a href="#T01:44:52" id="T01:44:52"><abbr title="2012-01-31T01:44:52+00:00">01:44:52</abbr></a>] <span>* NishanthMenon (~nmenon@nat/ti/x-qflizmvinpjllrat) Quit (Quit: Ex-Chat)</span></li>
<li class="quit">[<a href="#T01:45:01" id="T01:45:01"><abbr title="2012-01-31T01:45:01+00:00">01:45:01</abbr></a>] <span>* snaakje (~bas@cable-103-89.zeelandnet.nl) Quit (Quit: snaakje)</span></li>
<li class="join">[<a href="#T01:46:41" id="T01:46:41"><abbr title="2012-01-31T01:46:41+00:00">01:46:41</abbr></a>] <span>* risca (~risca@wnpgmb0903w-ds01-177-34.dynamic.mtsallstream.net) has joined #beagle</span></li>
