<li class="quit">[<a href="#T00:10:46" id="T00:10:46"><abbr title="2012-10-14T00:10:46+00:00">00:10:46</abbr></a>] <span>* florian (~fuchs@Maemo/community/contributor/florian) Quit (Ping timeout: 260 seconds)</span></li>
<li class="quit">[<a href="#T00:12:38" id="T00:12:38"><abbr title="2012-10-14T00:12:38+00:00">00:12:38</abbr></a>] <span>* kaio (~kaio@fedora/kaio) Quit (Ping timeout: 245 seconds)</span></li>
<li class="quit">[<a href="#T00:13:42" id="T00:13:42"><abbr title="2012-10-14T00:13:42+00:00">00:13:42</abbr></a>] <span>* KeatonT (~textual@unaffiliated/keatont) Quit (Quit: Textual IRC Client: <a href="http://www.textualapp.com/)">http://www.textualapp.com/)</a></span></li>
<li class="join">[<a href="#T00:17:16" id="T00:17:16"><abbr title="2012-10-14T00:17:16+00:00">00:17:16</abbr></a>] <span>* Ruroni (82d7f1eb@gateway/web/freenode/ip.130.215.241.235) has joined #beagle</span></li>
<li class="join">[<a href="#T00:17:41" id="T00:17:41"><abbr title="2012-10-14T00:17:41+00:00">00:17:41</abbr></a>] <span>* kaio (~kaio@fedora/kaio) has joined #beagle</span></li>
<li class="message">[<a href="#T00:18:50" id="T00:18:50"><abbr title="2012-10-14T00:18:50+00:00">00:18:50</abbr></a>] &lt;<cite>Ruroni</cite>&gt; <q>Hey everyone, I'm trying to export  gpmc_ad3, so I'm using 'echo 35 &gt; /sys/class/gpio/export' and it reports 'write error: Device or resource busy'</q></li>
<li class="message">[<a href="#T00:20:06" id="T00:20:06"><abbr title="2012-10-14T00:20:06+00:00">00:20:06</abbr></a>] &lt;<cite>Ruroni</cite>&gt; <q>I've already set the muxing to mode 7 for GPIO, and if I try to export other pins it works successfully. Unexporting 35 also does not work either, it reports 'write error: Invalid argument'</q></li>
<li class="message">[<a href="#T00:20:25" id="T00:20:25"><abbr title="2012-10-14T00:20:25+00:00">00:20:25</abbr></a>] &lt;<cite>Ruroni</cite>&gt; <q>What am I doing wrong? This is the only pin I can not get working right now.</q></li>
<li class="message">[<a href="#T00:21:09" id="T00:21:09"><abbr title="2012-10-14T00:21:09+00:00">00:21:09</abbr></a>] &lt;<cite>mru</cite>&gt; <q>is something else using it?</q></li>
<li class="message">[<a href="#T00:21:49" id="T00:21:49"><abbr title="2012-10-14T00:21:49+00:00">00:21:49</abbr></a>] &lt;<cite>Ruroni</cite>&gt; <q>No, this is my first time using the beaglebone</q></li>
<li class="message">[<a href="#T00:21:53" id="T00:21:53"><abbr title="2012-10-14T00:21:53+00:00">00:21:53</abbr></a>] &lt;<cite>Ruroni</cite>&gt; <q>I haven't setup anything else.</q></li>
<li class="join">[<a href="#T00:21:54" id="T00:21:54"><abbr title="2012-10-14T00:21:54+00:00">00:21:54</abbr></a>] <span>* Crofton (~balister@72-254-36-133.client.stsn.net) has joined #beagle</span></li>
<li class="message">[<a href="#T00:22:18" id="T00:22:18"><abbr title="2012-10-14T00:22:18+00:00">00:22:18</abbr></a>] &lt;<cite>mru</cite>&gt; <q>some driver could have claimed it</q></li>
<li class="message">[<a href="#T00:22:37" id="T00:22:37"><abbr title="2012-10-14T00:22:37+00:00">00:22:37</abbr></a>] &lt;<cite>Ruroni</cite>&gt; <q>Is there some way I can check?</q></li>
<li class="join">[<a href="#T00:25:32" id="T00:25:32"><abbr title="2012-10-14T00:25:32+00:00">00:25:32</abbr></a>] <span>* TD-Linux (~thomas@about/essy/indecisive/TD-Linux) has joined #beagle</span></li>
<li class="quit">[<a href="#T00:50:50" id="T00:50:50"><abbr title="2012-10-14T00:50:50+00:00">00:50:50</abbr></a>] <span>* tema (~tema@ppp91-122-7-221.pppoe.avangarddsl.ru) Quit (Quit: Ex-Chat)</span></li>
<li class="quit">[<a href="#T00:54:46" id="T00:54:46"><abbr title="2012-10-14T00:54:46+00:00">00:54:46</abbr></a>] <span>* lyakh (~lyakh@dslb-178-009-255-061.pools.arcor-ip.net) Quit (Quit: thanks, bye)</span></li>
<li class="quit">[<a href="#T00:57:52" id="T00:57:52"><abbr title="2012-10-14T00:57:52+00:00">00:57:52</abbr></a>] <span>* XedMada (~XedMada@ppp-70-251-100-204.dsl.rcsntx.swbell.net) Quit (Ping timeout: 255 seconds)</span></li>
<li class="join">[<a href="#T00:59:52" id="T00:59:52"><abbr title="2012-10-14T00:59:52+00:00">00:59:52</abbr></a>] <span>* phantoneD (~destroy@a95-92-89-24.cpe.netcabo.pt) has joined #beagle</span></li>
<li class="quit">[<a href="#T01:02:31" id="T01:02:31"><abbr title="2012-10-14T01:02:31+00:00">01:02:31</abbr></a>] <span>* phantoxeD (~destroy@a95-92-89-24.cpe.netcabo.pt) Quit (Ping timeout: 246 seconds)</span></li>
<li class="quit">[<a href="#T01:04:01" id="T01:04:01"><abbr title="2012-10-14T01:04:01+00:00">01:04:01</abbr></a>] <span>* phantoneD (~destroy@a95-92-89-24.cpe.netcabo.pt) Quit (Client Quit)</span></li>
<li class="join">[<a href="#T01:04:19" id="T01:04:19"><abbr title="2012-10-14T01:04:19+00:00">01:04:19</abbr></a>] <span>* phantoxeD (~destroy@a95-92-89-24.cpe.netcabo.pt) has joined #beagle</span></li>
<li class="join">[<a href="#T01:22:41" id="T01:22:41"><abbr title="2012-10-14T01:22:41+00:00">01:22:41</abbr></a>] <span>* guanucoluis (~luis@200.127.180.65) has joined #beagleboard</span></li>
<li class="quit">[<a href="#T01:31:17" id="T01:31:17"><abbr title="2012-10-14T01:31:17+00:00">01:31:17</abbr></a>] <span>* mouser (8b4e4e60@gateway/web/freenode/ip.139.78.78.96) Quit (Quit: Page closed)</span></li>
<li class="quit">[<a href="#T01:34:37" id="T01:34:37"><abbr title="2012-10-14T01:34:37+00:00">01:34:37</abbr></a>] <span>* unterhausen (~eric@130.203.212.186) Quit (Ping timeout: 252 seconds)</span></li>
<li class="join">[<a href="#T01:49:24" id="T01:49:24"><abbr title="2012-10-14T01:49:24+00:00">01:49:24</abbr></a>] <span>* unterhausen (~eric@130.203.212.186) has joined #beagle</span></li>
<li class="quit">[<a href="#T01:51:52" id="T01:51:52"><abbr title="2012-10-14T01:51:52+00:00">01:51:52</abbr></a>] <span>* juvenal (~juvenal@201-92-77-167.dsl.telesp.net.br) Quit (Quit: Computer has gone to sleep.)</span></li>
