<li class="quit">[<a href="#T00:03:07" id="T00:03:07"><abbr title="2012-10-16T00:03:07+00:00">00:03:07</abbr></a>] <span>* Wally (~Carnival@its-wv-bcprox3.its.rmit.edu.au) Quit (Remote host closed the connection)</span></li>
<li class="join">[<a href="#T00:04:42" id="T00:04:42"><abbr title="2012-10-16T00:04:42+00:00">00:04:42</abbr></a>] <span>* Wally (~Carnival@its-wv-bcprox3.its.rmit.edu.au) has joined #beagle</span></li>
<li class="join">[<a href="#T00:13:53" id="T00:13:53"><abbr title="2012-10-16T00:13:53+00:00">00:13:53</abbr></a>] <span>* thurbad (~natesewel@cpe-70-124-80-154.austin.res.rr.com) has joined #beagle</span></li>
<li class="join">[<a href="#T00:32:07" id="T00:32:07"><abbr title="2012-10-16T00:32:07+00:00">00:32:07</abbr></a>] <span>* juvenal (~juvenal@201-92-77-167.dsl.telesp.net.br) has joined #beagle</span></li>
<li class="quit">[<a href="#T00:39:20" id="T00:39:20"><abbr title="2012-10-16T00:39:20+00:00">00:39:20</abbr></a>] <span>* guanucoluis (~luis@190.245.198.119) Quit (Remote host closed the connection)</span></li>
<li class="join">[<a href="#T00:40:18" id="T00:40:18"><abbr title="2012-10-16T00:40:18+00:00">00:40:18</abbr></a>] <span>* djerome (~djerome@ip68-2-20-108.ph.ph.cox.net) has joined #beaglebone</span></li>
<li class="join">[<a href="#T00:44:23" id="T00:44:23"><abbr title="2012-10-16T00:44:23+00:00">00:44:23</abbr></a>] <span>* siegen (~lechaguin@sign-4d094d2a.pool.mediaWays.net) has joined #beagle</span></li>
<li class="part">[<a href="#T00:56:19" id="T00:56:19"><abbr title="2012-10-16T00:56:19+00:00">00:56:19</abbr></a>] <span>* siegen (~lechaguin@sign-4d094d2a.pool.mediaWays.net) has left #beagle</span></li>
<li class="quit">[<a href="#T01:03:47" id="T01:03:47"><abbr title="2012-10-16T01:03:47+00:00">01:03:47</abbr></a>] <span>* TD-Linux (~thomas@about/essy/indecisive/TD-Linux) Quit (Ping timeout: 245 seconds)</span></li>
<li class="quit">[<a href="#T01:06:50" id="T01:06:50"><abbr title="2012-10-16T01:06:50+00:00">01:06:50</abbr></a>] <span>* Desert (~quassel@192.100.196.161) Quit (Read error: Operation timed out)</span></li>
<li class="join">[<a href="#T01:11:58" id="T01:11:58"><abbr title="2012-10-16T01:11:58+00:00">01:11:58</abbr></a>] <span>* TD-Linux (~thomas@about/essy/indecisive/TD-Linux) has joined #beagle</span></li>
<li class="quit">[<a href="#T01:18:12" id="T01:18:12"><abbr title="2012-10-16T01:18:12+00:00">01:18:12</abbr></a>] <span>* bewest (~bewest@httpcraft/bewest) Quit (Ping timeout: 276 seconds)</span></li>
<li class="quit">[<a href="#T01:36:55" id="T01:36:55"><abbr title="2012-10-16T01:36:55+00:00">01:36:55</abbr></a>] <span>* juvenal (~juvenal@201-92-77-167.dsl.telesp.net.br) Quit (Quit: Computer has gone to sleep.)</span></li>
<li class="join">[<a href="#T01:40:44" id="T01:40:44"><abbr title="2012-10-16T01:40:44+00:00">01:40:44</abbr></a>] <span>* scubasonar (~Matt@99-108-165-58.lightspeed.mtryca.sbcglobal.net) has joined #beagle</span></li>
<li class="join">[<a href="#T01:41:32" id="T01:41:32"><abbr title="2012-10-16T01:41:32+00:00">01:41:32</abbr></a>] <span>* Ceriand|desktop (~Ceriand@unaffiliated/ceriand) has joined #beagle</span></li>
<li class="join">[<a href="#T01:54:19" id="T01:54:19"><abbr title="2012-10-16T01:54:19+00:00">01:54:19</abbr></a>] <span>* juvenal (~juvenal@201-92-77-167.dsl.telesp.net.br) has joined #beagle</span></li>
<li class="quit">[<a href="#T02:04:09" id="T02:04:09"><abbr title="2012-10-16T02:04:09+00:00">02:04:09</abbr></a>] <span>* TD-Linux (~thomas@about/essy/indecisive/TD-Linux) Quit (Quit: Konversation terminated!)</span></li>
<li class="join">[<a href="#T02:07:08" id="T02:07:08"><abbr title="2012-10-16T02:07:08+00:00">02:07:08</abbr></a>] <span>* guanucoluis (~luis@200.127.180.65) has joined #beagleboard</span></li>
<li class="quit">[<a href="#T02:08:01" id="T02:08:01"><abbr title="2012-10-16T02:08:01+00:00">02:08:01</abbr></a>] <span>* KimK (~Kim__@wsip-184-176-200-171.ks.ks.cox.net) Quit (Ping timeout: 244 seconds)</span></li>
<li class="join">[<a href="#T02:08:45" id="T02:08:45"><abbr title="2012-10-16T02:08:45+00:00">02:08:45</abbr></a>] <span>* atlanta800 (~atlanta80@c-98-231-154-147.hsd1.md.comcast.net) has joined #beagleboard</span></li>
<li class="message">[<a href="#T02:09:27" id="T02:09:27"><abbr title="2012-10-16T02:09:27+00:00">02:09:27</abbr></a>] &lt;<cite>atlanta800</cite>&gt; <q>is there any way to make angstrom not spawn a login on over HDMI?</q></li>
<li class="join">[<a href="#T02:17:17" id="T02:17:17"><abbr title="2012-10-16T02:17:17+00:00">02:17:17</abbr></a>] <span>* Desert (~quassel@189.128.29.186) has joined #beagle</span></li>
<li class="join">[<a href="#T02:21:32" id="T02:21:32"><abbr title="2012-10-16T02:21:32+00:00">02:21:32</abbr></a>] <span>* KimK (~Kim__@wsip-184-176-200-171.ks.ks.cox.net) has joined #beagle</span></li>
<li class="quit">[<a href="#T02:23:52" id="T02:23:52"><abbr title="2012-10-16T02:23:52+00:00">02:23:52</abbr></a>] <span>* guanucoluis (~luis@200.127.180.65) Quit (Ping timeout: 246 seconds)</span></li>
<li class="quit">[<a href="#T02:46:17" id="T02:46:17"><abbr title="2012-10-16T02:46:17+00:00">02:46:17</abbr></a>] <span>* unterhausen (~eric@130.203.212.186) Quit (Ping timeout: 252 seconds)</span></li>
<li class="quit">[<a href="#T02:53:30" id="T02:53:30"><abbr title="2012-10-16T02:53:30+00:00">02:53:30</abbr></a>] <span>* GPSFan (~kenm@64.92.145.112) Quit (Remote host closed the connection)</span></li>
<li class="message">[<a href="#T02:54:10" id="T02:54:10"><abbr title="2012-10-16T02:54:10+00:00">02:54:10</abbr></a>] &lt;<cite>prpplague</cite>&gt; <q>koen: ping</q></li>
<li class="join">[<a href="#T03:00:29" id="T03:00:29"><abbr title="2012-10-16T03:00:29+00:00">03:00:29</abbr></a>] <span>* unterhausen (~eric@130.203.212.186) has joined #beagle</span></li>
<li class="join">[<a href="#T03:08:18" id="T03:08:18"><abbr title="2012-10-16T03:08:18+00:00">03:08:18</abbr></a>] <span>* alvis (~user@tx-184-6-180-75.dhcp.embarqhsd.net) has joined #beagle</span></li>
<li class="join">[<a href="#T03:12:50" id="T03:12:50"><abbr title="2012-10-16T03:12:50+00:00">03:12:50</abbr></a>] <span>* KeatonT (~textual@unaffiliated/keatont) has joined #beagle</span></li>
<li class="quit">[<a href="#T03:18:37" id="T03:18:37"><abbr title="2012-10-16T03:18:37+00:00">03:18:37</abbr></a>] <span>* KeatonT (~textual@unaffiliated/keatont) Quit (Quit: Textual IRC Client: <a href="http://www.textualapp.com/)">http://www.textualapp.com/)</a></span></li>
<li class="quit">[<a href="#T03:21:20" id="T03:21:20"><abbr title="2012-10-16T03:21:20+00:00">03:21:20</abbr></a>] <span>* pfefferz (~pfefferz@cpe-70-123-135-48.austin.res.rr.com) Quit (Read error: Connection reset by peer)</span></li>
<li class="join">[<a href="#T03:22:00" id="T03:22:00"><abbr title="2012-10-16T03:22:00+00:00">03:22:00</abbr></a>] <span>* pfefferz (~pfefferz@cpe-70-123-135-48.austin.res.rr.com) has joined #beagleboard</span></li>
<li class="join">[<a href="#T03:22:01" id="T03:22:01"><abbr title="2012-10-16T03:22:01+00:00">03:22:01</abbr></a>] <span>* pfefferz (~pfefferz@cpe-70-123-135-48.austin.res.rr.com) has joined #beagle</span></li>
<li class="quit">[<a href="#T03:25:20" id="T03:25:20"><abbr title="2012-10-16T03:25:20+00:00">03:25:20</abbr></a>] <span>* juvenal (~juvenal@201-92-77-167.dsl.telesp.net.br) Quit (Quit: Computer has gone to sleep.)</span></li>
<li class="quit">[<a href="#T03:26:59" id="T03:26:59"><abbr title="2012-10-16T03:26:59+00:00">03:26:59</abbr></a>] <span>* emeb (~ericb@ip72-201-79-123.ph.ph.cox.net) Quit (Quit: Leaving.)</span></li>
<li class="quit">[<a href="#T03:28:40" id="T03:28:40"><abbr title="2012-10-16T03:28:40+00:00">03:28:40</abbr></a>] <span>* tema (~tema@178-16-155-142.obit.ru) Quit (Quit: Ex-Chat)</span></li>
<li class="join">[<a href="#T03:32:07" id="T03:32:07"><abbr title="2012-10-16T03:32:07+00:00">03:32:07</abbr></a>] <span>* emeb_mac (~ericb@ip72-201-79-123.ph.ph.cox.net) has joined #beagle</span></li>
<li class="quit">[<a href="#T04:01:07" id="T04:01:07"><abbr title="2012-10-16T04:01:07+00:00">04:01:07</abbr></a>] <span>* koen (~koen@ip4da2a5ae.direct-adsl.nl) Quit (Ping timeout: 240 seconds)</span></li>
<li class="join">[<a href="#T04:02:04" id="T04:02:04"><abbr title="2012-10-16T04:02:04+00:00">04:02:04</abbr></a>] <span>* koen (~koen@ip4da2a5ae.direct-adsl.nl) has joined #beagle</span></li>
<li class="quit">[<a href="#T04:08:18" id="T04:08:18"><abbr title="2012-10-16T04:08:18+00:00">04:08:18</abbr></a>] <span>* djerome (~djerome@ip68-2-20-108.ph.ph.cox.net) Quit (Remote host closed the connection)</span></li>
<li class="quit">[<a href="#T04:21:34" id="T04:21:34"><abbr title="2012-10-16T04:21:34+00:00">04:21:34</abbr></a>] <span>* pfefferz (~pfefferz@cpe-70-123-135-48.austin.res.rr.com) Quit (Ping timeout: 265 seconds)</span></li>
<li class="join">[<a href="#T04:22:59" id="T04:22:59"><abbr title="2012-10-16T04:22:59+00:00">04:22:59</abbr></a>] <span>* KeatonT (~textual@unaffiliated/keatont) has joined #beagle</span></li>
<li class="quit">[<a href="#T04:27:11" id="T04:27:11"><abbr title="2012-10-16T04:27:11+00:00">04:27:11</abbr></a>] <span>* atlanta800 (~atlanta80@c-98-231-154-147.hsd1.md.comcast.net) Quit (Ping timeout: 272 seconds)</span></li>
<li class="join">[<a href="#T04:37:00" id="T04:37:00"><abbr title="2012-10-16T04:37:00+00:00">04:37:00</abbr></a>] <span>* pfefferz (~pfefferz@cpe-70-123-135-48.austin.res.rr.com) has joined #beagleboard</span></li>
<li class="join">[<a href="#T04:37:03" id="T04:37:03"><abbr title="2012-10-16T04:37:03+00:00">04:37:03</abbr></a>] <span>* pfefferz (~pfefferz@cpe-70-123-135-48.austin.res.rr.com) has joined #beagle</span></li>
<li class="quit">[<a href="#T04:48:54" id="T04:48:54"><abbr title="2012-10-16T04:48:54+00:00">04:48:54</abbr></a>] <span>* Wally (~Carnival@its-wv-bcprox3.its.rmit.edu.au) Quit (Quit: Linkinus - <a href="http://linkinus.com)">http://linkinus.com)</a></span></li>
<li class="quit">[<a href="#T04:52:47" id="T04:52:47"><abbr title="2012-10-16T04:52:47+00:00">04:52:47</abbr></a>] <span>* Desert (~quassel@189.128.29.186) Quit (Ping timeout: 252 seconds)</span></li>
<li class="quit">[<a href="#T04:59:24" id="T04:59:24"><abbr title="2012-10-16T04:59:24+00:00">04:59:24</abbr></a>] <span>* alan_o (~alan@c-68-62-240-236.hsd1.fl.comcast.net) Quit (Quit: Leaving)</span></li>
<li class="quit">[<a href="#T05:00:32" id="T05:00:32"><abbr title="2012-10-16T05:00:32+00:00">05:00:32</abbr></a>] <span>* hattwick (~hattwick@68-184-17-253.dhcp.unas.ma.charter.com) Quit (Ping timeout: 246 seconds)</span></li>
<li class="join">[<a href="#T05:12:36" id="T05:12:36"><abbr title="2012-10-16T05:12:36+00:00">05:12:36</abbr></a>] <span>* hattwick (~hattwick@68-184-17-253.dhcp.unas.ma.charter.com) has joined #beagle</span></li>
<li class="join">[<a href="#T05:20:20" id="T05:20:20"><abbr title="2012-10-16T05:20:20+00:00">05:20:20</abbr></a>] <span>* bewest (~bewest@httpcraft/bewest) has joined #beagleboard</span></li>
<li class="join">[<abbr title="2012-10-16T05:20:20+00:00">05:20:20</abbr>] <span>* bewest (~bewest@httpcraft/bewest) has joined #beaglebone</span></li>
<li class="quit">[<a href="#T05:21:03" id="T05:21:03"><abbr title="2012-10-16T05:21:03+00:00">05:21:03</abbr></a>] <span>* john3909 (~jsynesio@ip70-181-136-224.sd.sd.cox.net) Quit (Quit: Leaving.)</span></li>
<li class="join">[<a href="#T05:26:52" id="T05:26:52"><abbr title="2012-10-16T05:26:52+00:00">05:26:52</abbr></a>] <span>* Cubi_ (~cubi@static-87-79-65-72.netcologne.de) has joined #beagle</span></li>
<li class="join">[<a href="#T05:32:52" id="T05:32:52"><abbr title="2012-10-16T05:32:52+00:00">05:32:52</abbr></a>] <span>* kaio (~kaio@fedora/kaio) has joined #beagle</span></li>
<li class="quit">[<a href="#T05:51:42" id="T05:51:42"><abbr title="2012-10-16T05:51:42+00:00">05:51:42</abbr></a>] <span>* virals (~viral@122.179.97.225) Quit (Ping timeout: 245 seconds)</span></li>
<li class="quit">[<a href="#T05:58:15" id="T05:58:15"><abbr title="2012-10-16T05:58:15+00:00">05:58:15</abbr></a>] <span>* KeatonT (~textual@unaffiliated/keatont) Quit (Quit: Textual IRC Client: <a href="http://www.textualapp.com/)">http://www.textualapp.com/)</a></span></li>
<li class="join">[<a href="#T06:13:39" id="T06:13:39"><abbr title="2012-10-16T06:13:39+00:00">06:13:39</abbr></a>] <span>* lyakh (~lyakh@dslb-094-220-154-220.pools.arcor-ip.net) has joined #beagle</span></li>
<li class="part">[<a href="#T06:18:36" id="T06:18:36"><abbr title="2012-10-16T06:18:36+00:00">06:18:36</abbr></a>] <span>* sabesto (~sabesto@188.113.107.138) has left #beagle</span></li>
<li class="join">[<a href="#T06:18:46" id="T06:18:46"><abbr title="2012-10-16T06:18:46+00:00">06:18:46</abbr></a>] <span>* krajo1 (~krajo1@ip4-83-240-125-22.cust.nbox.cz) has joined #beagle</span></li>
<li class="quit">[<a href="#T06:20:06" id="T06:20:06"><abbr title="2012-10-16T06:20:06+00:00">06:20:06</abbr></a>] <span>* koen (~koen@ip4da2a5ae.direct-adsl.nl) Quit (Ping timeout: 246 seconds)</span></li>
<li class="join">[<a href="#T06:21:04" id="T06:21:04"><abbr title="2012-10-16T06:21:04+00:00">06:21:04</abbr></a>] <span>* koen (~koen@ip4da2a5ae.direct-adsl.nl) has joined #beagle</span></li>
<li class="join">[<a href="#T06:23:24" id="T06:23:24"><abbr title="2012-10-16T06:23:24+00:00">06:23:24</abbr></a>] <span>* woglinde (~henning@f052067210.adsl.alicedsl.de) has joined #beagle</span></li>
<li class="quit">[<a href="#T06:25:23" id="T06:25:23"><abbr title="2012-10-16T06:25:23+00:00">06:25:23</abbr></a>] <span>* W1N9Zr0 (~W1N9Zr0@24.212.193.98) Quit (Read error: Connection reset by peer)</span></li>
<li class="join">[<a href="#T06:25:57" id="T06:25:57"><abbr title="2012-10-16T06:25:57+00:00">06:25:57</abbr></a>] <span>* W1N9Zr0 (~W1N9Zr0@24-212-193-98.cable.teksavvy.com) has joined #beagle</span></li>
<li class="join">[<a href="#T06:26:21" id="T06:26:21"><abbr title="2012-10-16T06:26:21+00:00">06:26:21</abbr></a>] <span>* NulL` (~bleh1@87.254.94.73) has joined #beagle</span></li>
<li class="join">[<a href="#T06:35:03" id="T06:35:03"><abbr title="2012-10-16T06:35:03+00:00">06:35:03</abbr></a>] <span>* trelane` (~trelane@108-221-209-157.lightspeed.iplsin.sbcglobal.net) has joined #beagle</span></li>
<li class="quit">[<abbr title="2012-10-16T06:35:03+00:00">06:35:03</abbr>] <span>* trelane` (~trelane@108-221-209-157.lightspeed.iplsin.sbcglobal.net) Quit (Changing host)</span></li>
<li class="join">[<abbr title="2012-10-16T06:35:03+00:00">06:35:03</abbr>] <span>* trelane` (~trelane@funtoo/staff/trelane) has joined #beagle</span></li>
<li class="quit">[<a href="#T06:36:47" id="T06:36:47"><abbr title="2012-10-16T06:36:47+00:00">06:36:47</abbr></a>] <span>* woglinde (~henning@f052067210.adsl.alicedsl.de) Quit (Ping timeout: 240 seconds)</span></li>
<li class="quit">[<a href="#T06:38:07" id="T06:38:07"><abbr title="2012-10-16T06:38:07+00:00">06:38:07</abbr></a>] <span>* trelane (~trelane@funtoo/staff/trelane) Quit (Ping timeout: 246 seconds)</span></li>
<li class="join">[<a href="#T06:38:24" id="T06:38:24"><abbr title="2012-10-16T06:38:24+00:00">06:38:24</abbr></a>] <span>* damir__ (~damir@217-72-91-162.ipv4.tusmobil.si) has joined #beagle</span></li>
<li class="quit">[<a href="#T06:40:30" id="T06:40:30"><abbr title="2012-10-16T06:40:30+00:00">06:40:30</abbr></a>] <span>* felipealmeida (~user@mvx-187-16-79-187.mundivox.com) Quit (Read error: Connection reset by peer)</span></li>
<li class="quit">[<a href="#T06:59:26" id="T06:59:26"><abbr title="2012-10-16T06:59:26+00:00">06:59:26</abbr></a>] <span>* krajo1 (~krajo1@ip4-83-240-125-22.cust.nbox.cz) Quit (Quit: Konversation terminated!)</span></li>
<li class="quit">[<a href="#T07:04:43" id="T07:04:43"><abbr title="2012-10-16T07:04:43+00:00">07:04:43</abbr></a>] <span>* Ceriand|desktop (~Ceriand@unaffiliated/ceriand) Quit (Quit: Leaving.)</span></li>
<li class="quit">[<a href="#T07:10:40" id="T07:10:40"><abbr title="2012-10-16T07:10:40+00:00">07:10:40</abbr></a>] <span>* emeb_mac (~ericb@ip72-201-79-123.ph.ph.cox.net) Quit (Quit: emeb_mac)</span></li>
<li class="quit">[<a href="#T07:13:25" id="T07:13:25"><abbr title="2012-10-16T07:13:25+00:00">07:13:25</abbr></a>] <span>* unterhausen (~eric@130.203.212.186) Quit (Ping timeout: 248 seconds)</span></li>
<li class="quit">[<a href="#T07:15:26" id="T07:15:26"><abbr title="2012-10-16T07:15:26+00:00">07:15:26</abbr></a>] <span>* NulL` (~bleh1@87.254.94.73) Quit (Ping timeout: 256 seconds)</span></li>
<li class="join">[<a href="#T07:17:56" id="T07:17:56"><abbr title="2012-10-16T07:17:56+00:00">07:17:56</abbr></a>] <span>* woglinde (~henning@f052067210.adsl.alicedsl.de) has joined #beagle</span></li>
<li class="join">[<a href="#T07:17:58" id="T07:17:58"><abbr title="2012-10-16T07:17:58+00:00">07:17:58</abbr></a>] <span>* emeb_mac (~ericb@72.201.79.123) has joined #beagle</span></li>
<li class="join">[<a href="#T07:28:52" id="T07:28:52"><abbr title="2012-10-16T07:28:52+00:00">07:28:52</abbr></a>] <span>* unterhausen (~eric@130.203.212.186) has joined #beagle</span></li>
<li class="quit">[<a href="#T07:37:27" id="T07:37:27"><abbr title="2012-10-16T07:37:27+00:00">07:37:27</abbr></a>] <span>* emeb_mac (~ericb@72.201.79.123) Quit (Quit: emeb_mac)</span></li>
<li class="quit">[<a href="#T07:45:28" id="T07:45:28"><abbr title="2012-10-16T07:45:28+00:00">07:45:28</abbr></a>] <span>* nashpa (~nashpa@dliviu.plus.com) Quit (Ping timeout: 256 seconds)</span></li>
<li class="join">[<a href="#T07:46:16" id="T07:46:16"><abbr title="2012-10-16T07:46:16+00:00">07:46:16</abbr></a>] <span>* nashpa (~nashpa@dliviu.plus.com) has joined #beagleboard</span></li>
<li class="join">[<abbr title="2012-10-16T07:46:16+00:00">07:46:16</abbr>] <span>* nashpa (~nashpa@dliviu.plus.com) has joined #beagle</span></li>
<li class="join">[<a href="#T07:49:43" id="T07:49:43"><abbr title="2012-10-16T07:49:43+00:00">07:49:43</abbr></a>] <span>* stealth`_ (~User@HSI-KBW-134-3-145-166.hsi14.kabel-badenwuerttemberg.de) has joined #beagle</span></li>
<li class="join">[<a href="#T07:52:13" id="T07:52:13"><abbr title="2012-10-16T07:52:13+00:00">07:52:13</abbr></a>] <span>* florian_kc (~fuchs@Maemo/community/contributor/florian) has joined #beagle</span></li>
<li class="nick-change">[<a href="#T07:52:18" id="T07:52:18"><abbr title="2012-10-16T07:52:18+00:00">07:52:18</abbr></a>] <span>* florian_kc is now known as florian</span></li>
<li class="quit">[<a href="#T07:52:29" id="T07:52:29"><abbr title="2012-10-16T07:52:29+00:00">07:52:29</abbr></a>] <span>* stealth`` (~User@HSI-KBW-134-3-145-166.hsi14.kabel-badenwuerttemberg.de) Quit (Ping timeout: 260 seconds)</span></li>
<li class="join">[<a href="#T08:06:12" id="T08:06:12"><abbr title="2012-10-16T08:06:12+00:00">08:06:12</abbr></a>] <span>* Cuongle (defd9f88@gateway/web/freenode/ip.222.253.159.136) has joined #beagle</span></li>
<li class="message">[<a href="#T08:06:22" id="T08:06:22"><abbr title="2012-10-16T08:06:22+00:00">08:06:22</abbr></a>] &lt;<cite>keesj</cite>&gt; <q>koen: do you happen to have some spare/old 3d printer parts (e.g. an extruder)?</q></li>
<li class="join">[<a href="#T08:07:41" id="T08:07:41"><abbr title="2012-10-16T08:07:41+00:00">08:07:41</abbr></a>] <span>* scrp3l (~scrp3l@ratpack.com.ar) has joined #beagle</span></li>
<li class="join">[<a href="#T08:15:56" id="T08:15:56"><abbr title="2012-10-16T08:15:56+00:00">08:15:56</abbr></a>] <span>* virals (~viral@59.97.58.94) has joined #beagle</span></li>
<li class="quit">[<a href="#T08:20:19" id="T08:20:19"><abbr title="2012-10-16T08:20:19+00:00">08:20:19</abbr></a>] <span>* virals (~viral@59.97.58.94) Quit (Ping timeout: 246 seconds)</span></li>
<li class="quit">[<a href="#T08:20:53" id="T08:20:53"><abbr title="2012-10-16T08:20:53+00:00">08:20:53</abbr></a>] <span>* Odi (2996c834@gateway/web/freenode/ip.41.150.200.52) Quit (Ping timeout: 245 seconds)</span></li>
<li class="join">[<a href="#T08:27:27" id="T08:27:27"><abbr title="2012-10-16T08:27:27+00:00">08:27:27</abbr></a>] <span>* woglinde_ (~henning@f052233193.adsl.alicedsl.de) has joined #beagle</span></li>
<li class="quit">[<a href="#T08:30:28" id="T08:30:28"><abbr title="2012-10-16T08:30:28+00:00">08:30:28</abbr></a>] <span>* woglinde (~henning@f052067210.adsl.alicedsl.de) Quit (Ping timeout: 245 seconds)</span></li>
<li class="quit">[<a href="#T08:44:58" id="T08:44:58"><abbr title="2012-10-16T08:44:58+00:00">08:44:58</abbr></a>] <span>* bewest (~bewest@httpcraft/bewest) Quit (Ping timeout: 245 seconds)</span></li>
<li class="join">[<a href="#T08:45:53" id="T08:45:53"><abbr title="2012-10-16T08:45:53+00:00">08:45:53</abbr></a>] <span>* panto (~panto@195.97.110.117) has joined #beagle</span></li>
<li class="join">[<a href="#T08:50:12" id="T08:50:12"><abbr title="2012-10-16T08:50:12+00:00">08:50:12</abbr></a>] <span>* jpirko (jirka@nat/redhat/x-dltmzspmjgwgrjrw) has joined #beagle</span></li>
<li class="message">[<a href="#T08:52:15" id="T08:52:15"><abbr title="2012-10-16T08:52:15+00:00">08:52:15</abbr></a>] &lt;<cite>Cuongle</cite>&gt; <q>Hello everyone, I just bought a 2nd hand BB-xM revB, and I install Angstrom into it. Now, I want to setting up OpenCV for that? Do you mind to show me how to ?</q></li>
<li class="message">[<a href="#T08:52:19" id="T08:52:19"><abbr title="2012-10-16T08:52:19+00:00">08:52:19</abbr></a>] &lt;<cite>Cuongle</cite>&gt; <q>Thank you so much</q></li>
<li class="message">[<a href="#T08:56:50" id="T08:56:50"><abbr title="2012-10-16T08:56:50+00:00">08:56:50</abbr></a>] &lt;<cite>dm8tbr</cite>&gt; <q>I'm sure there are plenty of pages on 'the internet' describing this.</q></li>
<li class="message">[<a href="#T09:04:20" id="T09:04:20"><abbr title="2012-10-16T09:04:20+00:00">09:04:20</abbr></a>] &lt;<cite>koen</cite>&gt; <q>keesj: I have tons of spare parts for extruders, you have to be more specific :)</q></li>
<li class="quit">[<a href="#T09:17:55" id="T09:17:55"><abbr title="2012-10-16T09:17:55+00:00">09:17:55</abbr></a>] <span>* nullpuppy (~dustin@freematrix/staff/nullpuppy) Quit (Ping timeout: 246 seconds)</span></li>
<li class="quit">[<a href="#T09:19:08" id="T09:19:08"><abbr title="2012-10-16T09:19:08+00:00">09:19:08</abbr></a>] <span>* signal11 (esteban@abq.quaddro.net) Quit (Ping timeout: 260 seconds)</span></li>
<li class="quit">[<a href="#T09:22:52" id="T09:22:52"><abbr title="2012-10-16T09:22:52+00:00">09:22:52</abbr></a>] <span>* BThompson (bhthompson@nat/google/x-acmoqzirumyzokjn) Quit (Ping timeout: 260 seconds)</span></li>
<li class="join">[<a href="#T09:24:47" id="T09:24:47"><abbr title="2012-10-16T09:24:47+00:00">09:24:47</abbr></a>] <span>* BThompson (bhthompson@nat/google/x-wvqxgphajlmszero) has joined #beagle</span></li>
<li class="join">[<a href="#T09:25:23" id="T09:25:23"><abbr title="2012-10-16T09:25:23+00:00">09:25:23</abbr></a>] <span>* nullpuppy (~dustin@freematrix/staff/nullpuppy) has joined #beagle</span></li>
<li class="join">[<a href="#T09:35:06" id="T09:35:06"><abbr title="2012-10-16T09:35:06+00:00">09:35:06</abbr></a>] <span>* ant_work (~ant@host6-80-static.42-85-b.business.telecomitalia.it) has joined #beagle</span></li>
<li class="quit">[<a href="#T09:39:29" id="T09:39:29"><abbr title="2012-10-16T09:39:29+00:00">09:39:29</abbr></a>] <span>* koen (~koen@ip4da2a5ae.direct-adsl.nl) Quit (Ping timeout: 255 seconds)</span></li>
<li class="join">[<a href="#T09:40:03" id="T09:40:03"><abbr title="2012-10-16T09:40:03+00:00">09:40:03</abbr></a>] <span>* koen (~koen@ip4da2a5ae.direct-adsl.nl) has joined #beagle</span></li>
<li class="message">[<a href="#T09:47:55" id="T09:47:55"><abbr title="2012-10-16T09:47:55+00:00">09:47:55</abbr></a>] &lt;<cite>woglinde_</cite>&gt; <q>Cuongle opkg updateM opkg list | grep opencv; opkg install opencv-package-you-want</q></li>
<li class="nick-change">[<a href="#T09:50:19" id="T09:50:19"><abbr title="2012-10-16T09:50:19+00:00">09:50:19</abbr></a>] <span>* woglinde_ is now known as woglinde</span></li>
<li class="quit">[<a href="#T09:59:22" id="T09:59:22"><abbr title="2012-10-16T09:59:22+00:00">09:59:22</abbr></a>] <span>* woglinde (~henning@f052233193.adsl.alicedsl.de) Quit (Ping timeout: 246 seconds)</span></li>
<li class="quit">[<a href="#T10:44:03" id="T10:44:03"><abbr title="2012-10-16T10:44:03+00:00">10:44:03</abbr></a>] <span>* kaio (~kaio@fedora/kaio) Quit (Ping timeout: 252 seconds)</span></li>
