<li class="quit">[<a href="#T00:18:03" id="T00:18:03"><abbr title="2012-10-13T00:18:03+00:00">00:18:03</abbr></a>] <span>* koen (~koen@ip4da2a5ae.direct-adsl.nl) Quit (Ping timeout: 245 seconds)</span></li>
<li class="action">[<a href="#T00:18:30" id="T00:18:30"><abbr title="2012-10-13T00:18:30+00:00">00:18:30</abbr></a>] <span>* ds2 shakes fists at vendor images</span></li>
<li class="join">[<a href="#T00:18:51" id="T00:18:51"><abbr title="2012-10-13T00:18:51+00:00">00:18:51</abbr></a>] <span>* koen (~koen@ip4da2a5ae.direct-adsl.nl) has joined #beagle</span></li>
<li class="join">[<a href="#T00:21:54" id="T00:21:54"><abbr title="2012-10-13T00:21:54+00:00">00:21:54</abbr></a>] <span>* flo_lap (~fuchs@Maemo/community/contributor/florian) has joined #beagle</span></li>
<li class="quit">[<a href="#T00:25:34" id="T00:25:34"><abbr title="2012-10-13T00:25:34+00:00">00:25:34</abbr></a>] <span>* florian (~fuchs@Maemo/community/contributor/florian) Quit (Ping timeout: 260 seconds)</span></li>
<li class="join">[<a href="#T00:27:10" id="T00:27:10"><abbr title="2012-10-13T00:27:10+00:00">00:27:10</abbr></a>] <span>* fraz_ (~fraz@12.233.153.4) has joined #beagle</span></li>
<li class="part">[<a href="#T00:27:19" id="T00:27:19"><abbr title="2012-10-13T00:27:19+00:00">00:27:19</abbr></a>] <span>* fraz_ (~fraz@12.233.153.4) has left #beagle</span></li>
<li class="quit">[<a href="#T00:39:23" id="T00:39:23"><abbr title="2012-10-13T00:39:23+00:00">00:39:23</abbr></a>] <span>* emeb (~ericb@ip72-201-79-123.ph.ph.cox.net) Quit (Quit: Leaving.)</span></li>
<li class="quit">[<a href="#T00:39:52" id="T00:39:52"><abbr title="2012-10-13T00:39:52+00:00">00:39:52</abbr></a>] <span>* BThompson (bhthompson@nat/google/x-bosmrzvtvgvxbkwu) Quit (Ping timeout: 246 seconds)</span></li>
<li class="quit">[<a href="#T00:40:13" id="T00:40:13"><abbr title="2012-10-13T00:40:13+00:00">00:40:13</abbr></a>] <span>* dwery (~dwery@nslu2-linux/dwery) Quit (Ping timeout: 246 seconds)</span></li>
<li class="join">[<a href="#T00:40:48" id="T00:40:48"><abbr title="2012-10-13T00:40:48+00:00">00:40:48</abbr></a>] <span>* dwery (~dwery@nslu2-linux/dwery) has joined #beagle</span></li>
<li class="quit">[<a href="#T00:42:22" id="T00:42:22"><abbr title="2012-10-13T00:42:22+00:00">00:42:22</abbr></a>] <span>* contempt (contempt@unaffiliated/contempt) Quit (Disconnected by services)</span></li>
<li class="join">[<a href="#T00:42:45" id="T00:42:45"><abbr title="2012-10-13T00:42:45+00:00">00:42:45</abbr></a>] <span>* contempt (contempt@unaffiliated/contempt) has joined #beagleboard</span></li>
<li class="join">[<abbr title="2012-10-13T00:42:45+00:00">00:42:45</abbr>] <span>* contempt (contempt@unaffiliated/contempt) has joined #beagle</span></li>
<li class="message">[<a href="#T00:45:09" id="T00:45:09"><abbr title="2012-10-13T00:45:09+00:00">00:45:09</abbr></a>] &lt;<cite>mranostay</cite>&gt; <q>ds2: better than vendor code</q></li>
<li class="message">[<a href="#T00:45:53" id="T00:45:53"><abbr title="2012-10-13T00:45:53+00:00">00:45:53</abbr></a>] &lt;<cite>mranostay</cite>&gt; <q>i rather brush up my resume than deal with that :)</q></li>
<li class="join">[<a href="#T00:46:27" id="T00:46:27"><abbr title="2012-10-13T00:46:27+00:00">00:46:27</abbr></a>] <span>* w|zzy_ (~qt@220-245-95-7.static.tpgi.com.au) has joined #beagle</span></li>
<li class="quit">[<abbr title="2012-10-13T00:46:27+00:00">00:46:27</abbr>] <span>* w|zzy_ (~qt@220-245-95-7.static.tpgi.com.au) Quit (Changing host)</span></li>
<li class="join">[<abbr title="2012-10-13T00:46:27+00:00">00:46:27</abbr>] <span>* w|zzy_ (~qt@unaffiliated/wzzy/x-2246474) has joined #beagle</span></li>
<li class="quit">[<a href="#T00:50:44" id="T00:50:44"><abbr title="2012-10-13T00:50:44+00:00">00:50:44</abbr></a>] <span>* hattwick (~hattwick@68-184-17-253.dhcp.unas.ma.charter.com) Quit (*.net *.split)</span></li>
<li class="quit">[<abbr title="2012-10-13T00:50:44+00:00">00:50:44</abbr>] <span>* tchan (~tchan@lunar-linux/developer/tchan) Quit (*.net *.split)</span></li>
<li class="quit">[<abbr title="2012-10-13T00:50:44+00:00">00:50:44</abbr>] <span>* toofar (~toobluesc@rrcs-24-153-174-218.sw.biz.rr.com) Quit (*.net *.split)</span></li>
<li class="quit">[<abbr title="2012-10-13T00:50:44+00:00">00:50:44</abbr>] <span>* w|zzy (~qt@unaffiliated/wzzy/x-2246474) Quit (*.net *.split)</span></li>
<li class="join">[<a href="#T00:56:25" id="T00:56:25"><abbr title="2012-10-13T00:56:25+00:00">00:56:25</abbr></a>] <span>* juvenal (~juvenal@189.111.32.133) has joined #beagle</span></li>
<li class="quit">[<a href="#T00:59:55" id="T00:59:55"><abbr title="2012-10-13T00:59:55+00:00">00:59:55</abbr></a>] <span>* lyakh (~lyakh@dslb-178-006-250-144.pools.arcor-ip.net) Quit (Quit: thanks, bye)</span></li>
<li class="join">[<a href="#T01:01:29" id="T01:01:29"><abbr title="2012-10-13T01:01:29+00:00">01:01:29</abbr></a>] <span>* hattwick (~hattwick@68-184-17-253.dhcp.unas.ma.charter.com) has joined #beagle</span></li>
<li class="join">[<abbr title="2012-10-13T01:01:29+00:00">01:01:29</abbr>] <span>* tchan (~tchan@lunar-linux/developer/tchan) has joined #beagle</span></li>
<li class="join">[<abbr title="2012-10-13T01:01:29+00:00">01:01:29</abbr>] <span>* toofar (~toobluesc@rrcs-24-153-174-218.sw.biz.rr.com) has joined #beagle</span></li>
<li class="quit">[<a href="#T01:01:34" id="T01:01:34"><abbr title="2012-10-13T01:01:34+00:00">01:01:34</abbr></a>] <span>* tchan (~tchan@lunar-linux/developer/tchan) Quit (Ping timeout: 246 seconds)</span></li>
<li class="join">[<a href="#T01:05:05" id="T01:05:05"><abbr title="2012-10-13T01:05:05+00:00">01:05:05</abbr></a>] <span>* BThompson (bhthompson@nat/google/x-acmoqzirumyzokjn) has joined #beagle</span></li>
<li class="join">[<a href="#T01:09:53" id="T01:09:53"><abbr title="2012-10-13T01:09:53+00:00">01:09:53</abbr></a>] <span>* prpplague (~prpplague@107-206-64-184.lightspeed.rcsntx.sbcglobal.net) has joined #beagle</span></li>
<li class="nick-change">[<a href="#T01:14:30" id="T01:14:30"><abbr title="2012-10-13T01:14:30+00:00">01:14:30</abbr></a>] <span>* thurbad is now known as wtf</span></li>
<li class="join">[<a href="#T01:15:36" id="T01:15:36"><abbr title="2012-10-13T01:15:36+00:00">01:15:36</abbr></a>] <span>* thurbad (~natesewel@cpe-70-124-80-154.austin.res.rr.com) has joined #beagle</span></li>
<li class="quit">[<a href="#T01:16:18" id="T01:16:18"><abbr title="2012-10-13T01:16:18+00:00">01:16:18</abbr></a>] <span>* wtf (~natesewel@cpe-70-124-80-154.austin.res.rr.com) Quit (Read error: Connection reset by peer)</span></li>
<li class="join">[<a href="#T01:18:32" id="T01:18:32"><abbr title="2012-10-13T01:18:32+00:00">01:18:32</abbr></a>] <span>* divine (~divine@2001:470:8247:1::42) has joined #beaglebone</span></li>
<li class="quit">[<a href="#T01:20:25" id="T01:20:25"><abbr title="2012-10-13T01:20:25+00:00">01:20:25</abbr></a>] <span>* scubasonar (~Matt@99-108-165-58.lightspeed.mtryca.sbcglobal.net) Quit (Quit: Leaving)</span></li>
<li class="join">[<a href="#T01:25:43" id="T01:25:43"><abbr title="2012-10-13T01:25:43+00:00">01:25:43</abbr></a>] <span>* djerome (~djerome@ip68-2-20-108.ph.ph.cox.net) has joined #beaglebone</span></li>
<li class="join">[<a href="#T01:26:26" id="T01:26:26"><abbr title="2012-10-13T01:26:26+00:00">01:26:26</abbr></a>] <span>* emeb_mac (~ericb@ip72-201-79-123.ph.ph.cox.net) has joined #beagle</span></li>
<li class="quit">[<a href="#T01:30:50" id="T01:30:50"><abbr title="2012-10-13T01:30:50+00:00">01:30:50</abbr></a>] <span>* felipealmeida (~user@mvx-187-16-79-187.mundivox.com) Quit (Remote host closed the connection)</span></li>
<li class="join">[<a href="#T01:33:19" id="T01:33:19"><abbr title="2012-10-13T01:33:19+00:00">01:33:19</abbr></a>] <span>* felipealmeida (~user@mvx-187-16-79-187.mundivox.com) has joined #beagleboard</span></li>
<li class="join">[<a href="#T01:33:47" id="T01:33:47"><abbr title="2012-10-13T01:33:47+00:00">01:33:47</abbr></a>] <span>* felipealmeida (~user@mvx-187-16-79-187.mundivox.com) has joined #beagle</span></li>
<li class="join">[<a href="#T01:36:54" id="T01:36:54"><abbr title="2012-10-13T01:36:54+00:00">01:36:54</abbr></a>] <span>* Ceriand|desktop (~Ceriand@unaffiliated/ceriand) has joined #beagle</span></li>
<li class="message">[<a href="#T01:37:16" id="T01:37:16"><abbr title="2012-10-13T01:37:16+00:00">01:37:16</abbr></a>] &lt;<cite>Crofton</cite>&gt; <q>dm8tbr, <a href="http://www.yoctoproject.org/devday-elce2012">http://www.yoctoproject.org/devday-elce2012</a></q></li>
<li class="join">[<a href="#T01:39:45" id="T01:39:45"><abbr title="2012-10-13T01:39:45+00:00">01:39:45</abbr></a>] <span>* kroon (~jkroon@89-253-118-72.customers.ownit.se) has joined #beagle</span></li>
<li class="message">[<a href="#T01:43:53" id="T01:43:53"><abbr title="2012-10-13T01:43:53+00:00">01:43:53</abbr></a>] &lt;<cite>kroon</cite>&gt; <q>After struggling a week with getting the USB to work on my Beagleboard xM rev C, I finally got it working by enabling runtime power management (CONFIG_PM_RUNTIME). Not sure I understand why this is required though ?</q></li>
<li class="join">[<a href="#T01:47:30" id="T01:47:30"><abbr title="2012-10-13T01:47:30+00:00">01:47:30</abbr></a>] <span>* Phosphate (~Phosphate@d-24-245-127-137.cpe.metrocast.net) has joined #beagle</span></li>
<li class="message">[<a href="#T01:51:47" id="T01:51:47"><abbr title="2012-10-13T01:51:47+00:00">01:51:47</abbr></a>] &lt;<cite>W1N9Zr0</cite>&gt; <q>provide more details. what power supply, kernel version you're using, etc</q></li>
<li class="quit">[<a href="#T01:52:36" id="T01:52:36"><abbr title="2012-10-13T01:52:36+00:00">01:52:36</abbr></a>] <span>* felipealmeida (~user@mvx-187-16-79-187.mundivox.com) Quit (Remote host closed the connection)</span></li>
<li class="message">[<a href="#T01:53:34" id="T01:53:34"><abbr title="2012-10-13T01:53:34+00:00">01:53:34</abbr></a>] &lt;<cite>kroon</cite>&gt; <q>5V dc, running linus kernel, 3.6.1</q></li>
<li class="message">[<a href="#T01:56:15" id="T01:56:15"><abbr title="2012-10-13T01:56:15+00:00">01:56:15</abbr></a>] &lt;<cite>kroon</cite>&gt; <q>its working now, I just don't see how enabling runtime power management affects the USB HCD functionality</q></li>
<li class="message">[<a href="#T01:58:20" id="T01:58:20"><abbr title="2012-10-13T01:58:20+00:00">01:58:20</abbr></a>] &lt;<cite>mru</cite>&gt; <q>runtime pm has tentacles everywhere</q></li>
<li class="message">[<a href="#T01:58:40" id="T01:58:40"><abbr title="2012-10-13T01:58:40+00:00">01:58:40</abbr></a>] &lt;<cite>mru</cite>&gt; <q>and it's usually a good thing to have enabled</q></li>
<li class="quit">[<a href="#T01:59:08" id="T01:59:08"><abbr title="2012-10-13T01:59:08+00:00">01:59:08</abbr></a>] <span>* ogra_ (~ogra_@p5098ed03.dip0.t-ipconnect.de) Quit (Ping timeout: 255 seconds)</span></li>
