<li class="join">[<a href="#T00:01:01" id="T00:01:01"><abbr title="2012-08-28T00:01:01+00:00">00:01:01</abbr></a>] <span>* divine (~divine@2001:470:8247:1::42) has joined #beaglebone</span></li>
<li class="quit">[<a href="#T00:05:57" id="T00:05:57"><abbr title="2012-08-28T00:05:57+00:00">00:05:57</abbr></a>] <span>* divine (~divine@2001:470:8247:1::42) Quit (Ping timeout: 260 seconds)</span></li>
<li class="quit">[<a href="#T00:07:59" id="T00:07:59"><abbr title="2012-08-28T00:07:59+00:00">00:07:59</abbr></a>] <span>* thurbad (~natesewel@64.132.24.36) Quit (Quit: thurbad)</span></li>
<li class="join">[<a href="#T00:11:06" id="T00:11:06"><abbr title="2012-08-28T00:11:06+00:00">00:11:06</abbr></a>] <span>* divine (~divine@2001:470:8247:1::42) has joined #beaglebone</span></li>
<li class="join">[<a href="#T00:16:09" id="T00:16:09"><abbr title="2012-08-28T00:16:09+00:00">00:16:09</abbr></a>] <span>* divine_ (~divine@2001:470:8247:1::42) has joined #beaglebone</span></li>
<li class="quit">[<a href="#T00:16:28" id="T00:16:28"><abbr title="2012-08-28T00:16:28+00:00">00:16:28</abbr></a>] <span>* divine (~divine@2001:470:8247:1::42) Quit (Ping timeout: 246 seconds)</span></li>
<li class="join">[<a href="#T00:19:32" id="T00:19:32"><abbr title="2012-08-28T00:19:32+00:00">00:19:32</abbr></a>] <span>* tlab (~tlab@c-98-223-22-156.hsd1.in.comcast.net) has joined #beagle</span></li>
<li class="join">[<abbr title="2012-08-28T00:19:32+00:00">00:19:32</abbr>] <span>* tlab (~tlab@c-98-223-22-156.hsd1.in.comcast.net) has joined #beagleboard</span></li>
<li class="join">[<abbr title="2012-08-28T00:19:32+00:00">00:19:32</abbr>] <span>* tlab (~tlab@c-98-223-22-156.hsd1.in.comcast.net) has joined #beaglebone</span></li>
<li class="join">[<a href="#T00:31:09" id="T00:31:09"><abbr title="2012-08-28T00:31:09+00:00">00:31:09</abbr></a>] <span>* thurbad (~natesewel@cpe-70-124-80-154.austin.res.rr.com) has joined #beagle</span></li>
<li class="quit">[<a href="#T00:33:49" id="T00:33:49"><abbr title="2012-08-28T00:33:49+00:00">00:33:49</abbr></a>] <span>* juvenal (~juvenal@187.74.84.60) Quit (Ping timeout: 260 seconds)</span></li>
<li class="join">[<a href="#T00:39:19" id="T00:39:19"><abbr title="2012-08-28T00:39:19+00:00">00:39:19</abbr></a>] <span>* juvenal (~juvenal@187.74.85.177) has joined #beagle</span></li>
<li class="quit">[<a href="#T00:41:21" id="T00:41:21"><abbr title="2012-08-28T00:41:21+00:00">00:41:21</abbr></a>] <span>* tlab (~tlab@c-98-223-22-156.hsd1.in.comcast.net) Quit (Quit: Leaving)</span></li>
<li class="join">[<a href="#T00:47:22" id="T00:47:22"><abbr title="2012-08-28T00:47:22+00:00">00:47:22</abbr></a>] <span>* djerome (~djerome@ip68-2-20-108.ph.ph.cox.net) has joined #beaglebone</span></li>
<li class="join">[<a href="#T00:51:18" id="T00:51:18"><abbr title="2012-08-28T00:51:18+00:00">00:51:18</abbr></a>] <span>* divine (~divine@2001:470:8247:1::42) has joined #beaglebone</span></li>
<li class="join">[<a href="#T00:51:37" id="T00:51:37"><abbr title="2012-08-28T00:51:37+00:00">00:51:37</abbr></a>] <span>* rsalveti (~rsalveti@186.214.95.232) has joined #beagle</span></li>
<li class="quit">[<a href="#T00:51:38" id="T00:51:38"><abbr title="2012-08-28T00:51:38+00:00">00:51:38</abbr></a>] <span>* rsalveti (~rsalveti@186.214.95.232) Quit (Changing host)</span></li>
<li class="join">[<abbr title="2012-08-28T00:51:38+00:00">00:51:38</abbr>] <span>* rsalveti (~rsalveti@linaro/rsalveti) has joined #beagle</span></li>
<li class="quit">[<a href="#T00:51:48" id="T00:51:48"><abbr title="2012-08-28T00:51:48+00:00">00:51:48</abbr></a>] <span>* photex (~photex@216.3.125.130) Quit (Quit: Computer has gone to sleep.)</span></li>
<li class="quit">[<a href="#T00:52:56" id="T00:52:56"><abbr title="2012-08-28T00:52:56+00:00">00:52:56</abbr></a>] <span>* divine_ (~divine@2001:470:8247:1::42) Quit (Ping timeout: 245 seconds)</span></li>
<li class="quit">[<a href="#T00:53:32" id="T00:53:32"><abbr title="2012-08-28T00:53:32+00:00">00:53:32</abbr></a>] <span>* av500 (~vladimir@b2b-46-252-131-98.unitymedia.biz) Quit (Read error: Operation timed out)</span></li>
<li class="quit">[<a href="#T00:54:50" id="T00:54:50"><abbr title="2012-08-28T00:54:50+00:00">00:54:50</abbr></a>] <span>* divine (~divine@2001:470:8247:1::42) Quit (Client Quit)</span></li>
<li class="join">[<a href="#T00:55:25" id="T00:55:25"><abbr title="2012-08-28T00:55:25+00:00">00:55:25</abbr></a>] <span>* kunguz (~kaan@119.201.25.20) has joined #beagle</span></li>
<li class="join">[<a href="#T00:56:02" id="T00:56:02"><abbr title="2012-08-28T00:56:02+00:00">00:56:02</abbr></a>] <span>* av500 (~vladimir@b2b-46-252-131-98.unitymedia.biz) has joined #beagle</span></li>
<li class="quit">[<a href="#T01:00:33" id="T01:00:33"><abbr title="2012-08-28T01:00:33+00:00">01:00:33</abbr></a>] <span>* DJWillis (~djwillis@cpc1-bath5-2-0-cust122.aztw.cable.virginmedia.com) Quit (Ping timeout: 245 seconds)</span></li>
<li class="join">[<a href="#T01:07:17" id="T01:07:17"><abbr title="2012-08-28T01:07:17+00:00">01:07:17</abbr></a>] <span>* Geminizer (~johndoe@cpe-76-180-17-14.buffalo.res.rr.com) has joined #beagleboard</span></li>
<li class="join">[<a href="#T01:16:34" id="T01:16:34"><abbr title="2012-08-28T01:16:34+00:00">01:16:34</abbr></a>] <span>* Ceriand|desktop (~Ceriand@unaffiliated/ceriand) has joined #beagle</span></li>
<li class="join">[<a href="#T01:23:56" id="T01:23:56"><abbr title="2012-08-28T01:23:56+00:00">01:23:56</abbr></a>] <span>* divine (~divine@2001:470:8247:1::42) has joined #beaglebone</span></li>
<li class="join">[<a href="#T01:24:46" id="T01:24:46"><abbr title="2012-08-28T01:24:46+00:00">01:24:46</abbr></a>] <span>* KeatonT (~KeatonT@unaffiliated/keatont) has joined #beagle</span></li>
<li class="join">[<a href="#T01:31:54" id="T01:31:54"><abbr title="2012-08-28T01:31:54+00:00">01:31:54</abbr></a>] <span>* dj_pi (~asd@c-107-5-25-243.hsd1.mi.comcast.net) has joined #beagle</span></li>
<li class="quit">[<a href="#T01:32:23" id="T01:32:23"><abbr title="2012-08-28T01:32:23+00:00">01:32:23</abbr></a>] <span>* kunguz (~kaan@119.201.25.20) Quit (Quit: Konversation terminated!)</span></li>
<li class="quit">[<a href="#T01:39:47" id="T01:39:47"><abbr title="2012-08-28T01:39:47+00:00">01:39:47</abbr></a>] <span>* mturquette (~mturquett@nat/ti/x-slpmopkhjmrajpze) Quit (Remote host closed the connection)</span></li>
<li class="join">[<a href="#T01:39:55" id="T01:39:55"><abbr title="2012-08-28T01:39:55+00:00">01:39:55</abbr></a>] <span>* mturquette (~mturquett@nat/ti/x-hniluplqlzqqtlnb) has joined #beagle</span></li>
<li class="join">[<a href="#T01:40:51" id="T01:40:51"><abbr title="2012-08-28T01:40:51+00:00">01:40:51</abbr></a>] <span>* Riastradh (~riastradh@fsf/member/riastradh) has joined #beagle</span></li>
<li class="quit">[<a href="#T01:41:41" id="T01:41:41"><abbr title="2012-08-28T01:41:41+00:00">01:41:41</abbr></a>] <span>* guanucoluis1 (~luis@2001:470:e450:0:225:56ff:fea1:2064) Quit (Ping timeout: 245 seconds)</span></li>
<li class="quit">[<a href="#T01:46:44" id="T01:46:44"><abbr title="2012-08-28T01:46:44+00:00">01:46:44</abbr></a>] <span>* GPSFan (~kenm@64.92.145.112) Quit (Ping timeout: 260 seconds)</span></li>
<li class="quit">[<a href="#T01:48:32" id="T01:48:32"><abbr title="2012-08-28T01:48:32+00:00">01:48:32</abbr></a>] <span>* KeatonT (~KeatonT@unaffiliated/keatont) Quit (Quit: Computer has gone to sleep.)</span></li>
<li class="join">[<a href="#T01:48:46" id="T01:48:46"><abbr title="2012-08-28T01:48:46+00:00">01:48:46</abbr></a>] <span>* xuigenerix (~xuigeneri@189.131.66.176) has joined #beagle</span></li>
<li class="quit">[<a href="#T01:53:22" id="T01:53:22"><abbr title="2012-08-28T01:53:22+00:00">01:53:22</abbr></a>] <span>* Wally (~Carnival@its-wv-bcprox3.its.rmit.edu.au) Quit (Quit: Linkinus - <a href="http://linkinus.com)">http://linkinus.com)</a></span></li>
<li class="quit">[<a href="#T01:55:31" id="T01:55:31"><abbr title="2012-08-28T01:55:31+00:00">01:55:31</abbr></a>] <span>* W1N9Zr0 (~W1N9Zr0@24-212-193-98.cable.teksavvy.com) Quit (Remote host closed the connection)</span></li>
<li class="join">[<a href="#T01:56:03" id="T01:56:03"><abbr title="2012-08-28T01:56:03+00:00">01:56:03</abbr></a>] <span>* W1N9Zr0 (~W1N9Zr0@24-212-193-98.cable.teksavvy.com) has joined #beagle</span></li>
<li class="quit">[<a href="#T02:07:27" id="T02:07:27"><abbr title="2012-08-28T02:07:27+00:00">02:07:27</abbr></a>] <span>* lbljeffmo (~anonymous@2620:0:1cfe:18:1105:8424:df82:9dde) Quit (Quit: lbljeffmo)</span></li>
<li class="quit">[<a href="#T02:08:11" id="T02:08:11"><abbr title="2012-08-28T02:08:11+00:00">02:08:11</abbr></a>] <span>* prpplague (~prpplague@ppp-70-249-147-127.dsl.rcsntx.swbell.net) Quit (Ping timeout: 272 seconds)</span></li>
<li class="quit">[<a href="#T02:08:43" id="T02:08:43"><abbr title="2012-08-28T02:08:43+00:00">02:08:43</abbr></a>] <span>* Geminizer (~johndoe@cpe-76-180-17-14.buffalo.res.rr.com) Quit (Quit: Linkinus - <a href="http://linkinus.com)">http://linkinus.com)</a></span></li>
<li class="join">[<a href="#T02:13:27" id="T02:13:27"><abbr title="2012-08-28T02:13:27+00:00">02:13:27</abbr></a>] <span>* prpplague (~prpplague@ppp-70-242-119-137.dsl.rcsntx.swbell.net) has joined #beagle</span></li>
<li class="join">[<a href="#T02:17:15" id="T02:17:15"><abbr title="2012-08-28T02:17:15+00:00">02:17:15</abbr></a>] <span>* NulL` (~bleh1@46.226.191.147) has joined #beagle</span></li>
<li class="join">[<a href="#T02:21:39" id="T02:21:39"><abbr title="2012-08-28T02:21:39+00:00">02:21:39</abbr></a>] <span>* guanucoluis (~luis@200.127.180.65) has joined #beagleboard</span></li>
<li class="join">[<a href="#T02:27:20" id="T02:27:20"><abbr title="2012-08-28T02:27:20+00:00">02:27:20</abbr></a>] <span>* alvis (~user@tx-184-6-183-254.dhcp.embarqhsd.net) has joined #beagle</span></li>
<li class="join">[<a href="#T02:28:47" id="T02:28:47"><abbr title="2012-08-28T02:28:47+00:00">02:28:47</abbr></a>] <span>* mikey_w (~mike@c-71-63-115-202.hsd1.va.comcast.net) has joined #beagle</span></li>
<li class="join">[<a href="#T02:29:01" id="T02:29:01"><abbr title="2012-08-28T02:29:01+00:00">02:29:01</abbr></a>] <span>* n6pfk (~mike@c-71-63-115-202.hsd1.va.comcast.net) has joined #beagle</span></li>
<li class="quit">[<a href="#T02:29:18" id="T02:29:18"><abbr title="2012-08-28T02:29:18+00:00">02:29:18</abbr></a>] <span>* phantoxeD (~destroy@a95-92-89-24.cpe.netcabo.pt) Quit (Read error: Connection reset by peer)</span></li>
<li class="join">[<a href="#T02:29:35" id="T02:29:35"><abbr title="2012-08-28T02:29:35+00:00">02:29:35</abbr></a>] <span>* phantoxeD (~destroy@a95-92-89-24.cpe.netcabo.pt) has joined #beagle</span></li>
<li class="quit">[<a href="#T02:29:55" id="T02:29:55"><abbr title="2012-08-28T02:29:55+00:00">02:29:55</abbr></a>] <span>* tema (~tema@85-156-99-39.elisa-mobile.fi) Quit (Ping timeout: 252 seconds)</span></li>
<li class="join">[<a href="#T02:36:03" id="T02:36:03"><abbr title="2012-08-28T02:36:03+00:00">02:36:03</abbr></a>] <span>* KeatonT (~KeatonT@unaffiliated/keatont) has joined #beagle</span></li>
<li class="quit">[<a href="#T03:12:27" id="T03:12:27"><abbr title="2012-08-28T03:12:27+00:00">03:12:27</abbr></a>] <span>* fusion94 (~fusion94@pdpc/supporter/student/fusion94) Quit (Quit: Linkinus - <a href="http://linkinus.com)">http://linkinus.com)</a></span></li>
<li class="quit">[<a href="#T03:12:36" id="T03:12:36"><abbr title="2012-08-28T03:12:36+00:00">03:12:36</abbr></a>] <span>* juvenal (~juvenal@187.74.85.177) Quit (Quit: Computer has gone to sleep.)</span></li>
<li class="part">[<a href="#T03:20:20" id="T03:20:20"><abbr title="2012-08-28T03:20:20+00:00">03:20:20</abbr></a>] <span>* emeb (~ericb@ip72-201-79-123.ph.ph.cox.net) has left #beagle</span></li>
<li class="join">[<a href="#T03:21:19" id="T03:21:19"><abbr title="2012-08-28T03:21:19+00:00">03:21:19</abbr></a>] <span>* lbljeffmo (~anonymous@76.14.40.229) has joined #beagle</span></li>
<li class="join">[<a href="#T03:21:30" id="T03:21:30"><abbr title="2012-08-28T03:21:30+00:00">03:21:30</abbr></a>] <span>* emeb_mac (~ericb@ip72-201-79-123.ph.ph.cox.net) has joined #beagle</span></li>
<li class="quit">[<a href="#T03:24:18" id="T03:24:18"><abbr title="2012-08-28T03:24:18+00:00">03:24:18</abbr></a>] <span>* NulL` (~bleh1@46.226.191.147) Quit (Ping timeout: 245 seconds)</span></li>
<li class="message">[<a href="#T03:24:47" id="T03:24:47"><abbr title="2012-08-28T03:24:47+00:00">03:24:47</abbr></a>] &lt;<cite>ds2</cite>&gt; <q>hmmmmm</q></li>
<li class="message">[<a href="#T03:29:52" id="T03:29:52"><abbr title="2012-08-28T03:29:52+00:00">03:29:52</abbr></a>] &lt;<cite>ka6sox</cite>&gt; <q>yup</q></li>
<li class="message">[<a href="#T03:30:40" id="T03:30:40"><abbr title="2012-08-28T03:30:40+00:00">03:30:40</abbr></a>] &lt;<cite>ds2</cite>&gt; <q>how's life on the coast?</q></li>
<li class="join">[<a href="#T03:38:08" id="T03:38:08"><abbr title="2012-08-28T03:38:08+00:00">03:38:08</abbr></a>] <span>* lbljeffmo_ (~anonymous@76.14.40.229) has joined #beagle</span></li>
<li class="quit">[<a href="#T03:39:20" id="T03:39:20"><abbr title="2012-08-28T03:39:20+00:00">03:39:20</abbr></a>] <span>* Crofton (~balister@205-168-82-250.dia.static.qwest.net) Quit (Ping timeout: 252 seconds)</span></li>
<li class="quit">[<a href="#T03:39:29" id="T03:39:29"><abbr title="2012-08-28T03:39:29+00:00">03:39:29</abbr></a>] <span>* lbljeffmo_ (~anonymous@76.14.40.229) Quit (Read error: Connection reset by peer)</span></li>
<li class="join">[<a href="#T03:39:40" id="T03:39:40"><abbr title="2012-08-28T03:39:40+00:00">03:39:40</abbr></a>] <span>* lbljeffmo_ (~anonymous@76.14.40.229) has joined #beagle</span></li>
<li class="quit">[<a href="#T03:41:39" id="T03:41:39"><abbr title="2012-08-28T03:41:39+00:00">03:41:39</abbr></a>] <span>* lbljeffmo (~anonymous@76.14.40.229) Quit (Ping timeout: 260 seconds)</span></li>
<li class="nick-change">[<a href="#T03:41:40" id="T03:41:40"><abbr title="2012-08-28T03:41:40+00:00">03:41:40</abbr></a>] <span>* lbljeffmo_ is now known as lbljeffmo</span></li>
<li class="quit">[<a href="#T03:42:00" id="T03:42:00"><abbr title="2012-08-28T03:42:00+00:00">03:42:00</abbr></a>] <span>* prpplague (~prpplague@ppp-70-242-119-137.dsl.rcsntx.swbell.net) Quit (Ping timeout: 268 seconds)</span></li>
<li class="quit">[<a href="#T03:50:00" id="T03:50:00"><abbr title="2012-08-28T03:50:00+00:00">03:50:00</abbr></a>] <span>* grma (~gruberm@chello213047201250.tirol.surfer.at) Quit (Read error: Operation timed out)</span></li>
<li class="quit">[<a href="#T03:51:25" id="T03:51:25"><abbr title="2012-08-28T03:51:25+00:00">03:51:25</abbr></a>] <span>* guanucoluis (~luis@200.127.180.65) Quit (Ping timeout: 272 seconds)</span></li>
<li class="quit">[<a href="#T03:55:04" id="T03:55:04"><abbr title="2012-08-28T03:55:04+00:00">03:55:04</abbr></a>] <span>* dj_pi (~asd@c-107-5-25-243.hsd1.mi.comcast.net) Quit (Ping timeout: 260 seconds)</span></li>
<li class="message">[<a href="#T03:55:47" id="T03:55:47"><abbr title="2012-08-28T03:55:47+00:00">03:55:47</abbr></a>] &lt;<cite>ka6sox</cite>&gt; <q>ds2, a bit cooler now....last week was horrid</q></li>
<li class="join">[<a href="#T03:58:36" id="T03:58:36"><abbr title="2012-08-28T03:58:36+00:00">03:58:36</abbr></a>] <span>* krajo1 (~krajo1@ip4-83-240-125-22.cust.nbox.cz) has joined #beagle</span></li>
<li class="quit">[<a href="#T04:00:53" id="T04:00:53"><abbr title="2012-08-28T04:00:53+00:00">04:00:53</abbr></a>] <span>* Riastradh (~riastradh@fsf/member/riastradh) Quit (Remote host closed the connection)</span></li>
<li class="join">[<a href="#T04:01:12" id="T04:01:12"><abbr title="2012-08-28T04:01:12+00:00">04:01:12</abbr></a>] <span>* Riastradh (~riastradh@fsf/member/riastradh) has joined #beagle</span></li>
<li class="join">[<a href="#T04:11:06" id="T04:11:06"><abbr title="2012-08-28T04:11:06+00:00">04:11:06</abbr></a>] <span>* woglinde (~henning@g225147123.adsl.alicedsl.de) has joined #beagle</span></li>
<li class="quit">[<a href="#T04:11:31" id="T04:11:31"><abbr title="2012-08-28T04:11:31+00:00">04:11:31</abbr></a>] <span>* pfefferz (~pfefferz@cpe-70-123-135-48.austin.res.rr.com) Quit (Ping timeout: 240 seconds)</span></li>
<li class="join">[<a href="#T04:14:09" id="T04:14:09"><abbr title="2012-08-28T04:14:09+00:00">04:14:09</abbr></a>] <span>* C-o-r-E (~nash@modemcable123.117-82-70.mc.videotron.ca) has joined #beagle</span></li>
<li class="join">[<a href="#T04:15:30" id="T04:15:30"><abbr title="2012-08-28T04:15:30+00:00">04:15:30</abbr></a>] <span>* Wally (~Carnival@its-wv-bcprox3.its.rmit.edu.au) has joined #beagle</span></li>
<li class="join">[<a href="#T04:17:19" id="T04:17:19"><abbr title="2012-08-28T04:17:19+00:00">04:17:19</abbr></a>] <span>* photex (~photex@cpe-75-84-98-52.socal.res.rr.com) has joined #beagle</span></li>
<li class="quit">[<a href="#T04:19:07" id="T04:19:07"><abbr title="2012-08-28T04:19:07+00:00">04:19:07</abbr></a>] <span>* djerome (~djerome@ip68-2-20-108.ph.ph.cox.net) Quit (Remote host closed the connection)</span></li>
<li class="quit">[<a href="#T04:22:47" id="T04:22:47"><abbr title="2012-08-28T04:22:47+00:00">04:22:47</abbr></a>] <span>* KeatonT (~KeatonT@unaffiliated/keatont) Quit (Quit: Computer has gone to sleep.)</span></li>
<li class="join">[<a href="#T04:27:49" id="T04:27:49"><abbr title="2012-08-28T04:27:49+00:00">04:27:49</abbr></a>] <span>* pfefferz (~pfefferz@cpe-70-123-135-48.austin.res.rr.com) has joined #beagleboard</span></li>
<li class="join">[<a href="#T04:27:51" id="T04:27:51"><abbr title="2012-08-28T04:27:51+00:00">04:27:51</abbr></a>] <span>* pfefferz (~pfefferz@cpe-70-123-135-48.austin.res.rr.com) has joined #beagle</span></li>
<li class="quit">[<a href="#T04:32:31" id="T04:32:31"><abbr title="2012-08-28T04:32:31+00:00">04:32:31</abbr></a>] <span>* woglinde (~henning@g225147123.adsl.alicedsl.de) Quit (Ping timeout: 244 seconds)</span></li>
<li class="quit">[<a href="#T04:40:11" id="T04:40:11"><abbr title="2012-08-28T04:40:11+00:00">04:40:11</abbr></a>] <span>* xuigenerix (~xuigeneri@189.131.66.176) Quit (Remote host closed the connection)</span></li>
<li class="join">[<a href="#T05:03:42" id="T05:03:42"><abbr title="2012-08-28T05:03:42+00:00">05:03:42</abbr></a>] <span>* harshpb (~harshpb@122.167.94.109) has joined #beagleboard</span></li>
<li class="join">[<a href="#T05:03:44" id="T05:03:44"><abbr title="2012-08-28T05:03:44+00:00">05:03:44</abbr></a>] <span>* harshpb (~harshpb@122.167.94.109) has joined #beagle</span></li>
<li class="quit">[<a href="#T05:06:19" id="T05:06:19"><abbr title="2012-08-28T05:06:19+00:00">05:06:19</abbr></a>] <span>* lbljeffmo (~anonymous@76.14.40.229) Quit (Quit: lbljeffmo)</span></li>
<li class="quit">[<a href="#T05:07:00" id="T05:07:00"><abbr title="2012-08-28T05:07:00+00:00">05:07:00</abbr></a>] <span>* gdm_ (~gdm@186.22.65.37) Quit (Ping timeout: 265 seconds)</span></li>
<li class="join">[<a href="#T05:17:31" id="T05:17:31"><abbr title="2012-08-28T05:17:31+00:00">05:17:31</abbr></a>] <span>* snkt (~snkt@122.170.104.85) has joined #beagle</span></li>
<li class="join">[<a href="#T05:24:53" id="T05:24:53"><abbr title="2012-08-28T05:24:53+00:00">05:24:53</abbr></a>] <span>* KeatonT (~KeatonT@unaffiliated/keatont) has joined #beagle</span></li>
<li class="quit">[<a href="#T05:25:50" id="T05:25:50"><abbr title="2012-08-28T05:25:50+00:00">05:25:50</abbr></a>] <span>* KeatonT (~KeatonT@unaffiliated/keatont) Quit (Client Quit)</span></li>
<li class="join">[<a href="#T05:29:34" id="T05:29:34"><abbr title="2012-08-28T05:29:34+00:00">05:29:34</abbr></a>] <span>* florian (~fuchs@Maemo/community/contributor/florian) has joined #beagle</span></li>
<li class="quit">[<a href="#T05:32:37" id="T05:32:37"><abbr title="2012-08-28T05:32:37+00:00">05:32:37</abbr></a>] <span>* damir__1 (~damir@tm.213.143.72.147.lc.telemach.net) Quit (Quit: Leaving.)</span></li>
<li class="join">[<a href="#T05:34:26" id="T05:34:26"><abbr title="2012-08-28T05:34:26+00:00">05:34:26</abbr></a>] <span>* tasslehoff (~tasslehof@147.84-49-231.nextgentel.com) has joined #beagle</span></li>
<li class="quit">[<a href="#T05:35:43" id="T05:35:43"><abbr title="2012-08-28T05:35:43+00:00">05:35:43</abbr></a>] <span>* florian (~fuchs@Maemo/community/contributor/florian) Quit (Ping timeout: 260 seconds)</span></li>
<li class="quit">[<a href="#T05:41:37" id="T05:41:37"><abbr title="2012-08-28T05:41:37+00:00">05:41:37</abbr></a>] <span>* toobluesc (~nitro@cpe-72-190-119-68.tx.res.rr.com) Quit (Ping timeout: 272 seconds)</span></li>
<li class="join">[<a href="#T05:49:00" id="T05:49:00"><abbr title="2012-08-28T05:49:00+00:00">05:49:00</abbr></a>] <span>* toobluesc (~nitro@cpe-72-190-119-68.tx.res.rr.com) has joined #beagleboard</span></li>
<li class="join">[<a href="#T05:49:02" id="T05:49:02"><abbr title="2012-08-28T05:49:02+00:00">05:49:02</abbr></a>] <span>* toobluesc (~nitro@cpe-72-190-119-68.tx.res.rr.com) has joined #beagle</span></li>
<li class="quit">[<a href="#T05:52:20" id="T05:52:20"><abbr title="2012-08-28T05:52:20+00:00">05:52:20</abbr></a>] <span>* Wally (~Carnival@its-wv-bcprox3.its.rmit.edu.au) Quit (Quit: Linkinus - <a href="http://linkinus.com)">http://linkinus.com)</a></span></li>
<li class="message">[<a href="#T06:00:09" id="T06:00:09"><abbr title="2012-08-28T06:00:09+00:00">06:00:09</abbr></a>] &lt;<cite>mranostay</cite>&gt; <q>ka6sox: where are you again?</q></li>
<li class="quit">[<abbr title="2012-08-28T06:00:09+00:00">06:00:09</abbr>] <span>* alan_o (~alan@c-68-62-240-236.hsd1.fl.comcast.net) Quit (Quit: Leaving)</span></li>
<li class="message">[<a href="#T06:00:33" id="T06:00:33"><abbr title="2012-08-28T06:00:33+00:00">06:00:33</abbr></a>] &lt;<cite>ka6sox</cite>&gt; <q>mranostay, get on 101 south to exit 100</q></li>
<li class="quit">[<a href="#T06:01:37" id="T06:01:37"><abbr title="2012-08-28T06:01:37+00:00">06:01:37</abbr></a>] <span>* hattwick (~hattwick@68-184-17-253.dhcp.unas.ma.charter.com) Quit (Ping timeout: 265 seconds)</span></li>
<li class="message">[<a href="#T06:06:05" id="T06:06:05"><abbr title="2012-08-28T06:06:05+00:00">06:06:05</abbr></a>] &lt;<cite>mranostay</cite>&gt; <q>ka6sox: ah SoCal?</q></li>
<li class="message">[<a href="#T06:07:08" id="T06:07:08"><abbr title="2012-08-28T06:07:08+00:00">06:07:08</abbr></a>] &lt;<cite>ds2</cite>&gt; <q>what is horrid for the coast?</q></li>
<li class="message">[<a href="#T06:08:07" id="T06:08:07"><abbr title="2012-08-28T06:08:07+00:00">06:08:07</abbr></a>] &lt;<cite>ka6sox</cite>&gt; <q>yup</q></li>
<li class="message">[<a href="#T06:08:16" id="T06:08:16"><abbr title="2012-08-28T06:08:16+00:00">06:08:16</abbr></a>] &lt;<cite>ka6sox</cite>&gt; <q>mranostay, central coast</q></li>
<li class="message">[<a href="#T06:08:27" id="T06:08:27"><abbr title="2012-08-28T06:08:27+00:00">06:08:27</abbr></a>] &lt;<cite>ka6sox</cite>&gt; <q>85+ and 85% humidity</q></li>
<li class="message">[<a href="#T06:08:36" id="T06:08:36"><abbr title="2012-08-28T06:08:36+00:00">06:08:36</abbr></a>] &lt;<cite>mranostay</cite>&gt; <q>ok that isn't that bad</q></li>
<li class="message">[<a href="#T06:09:05" id="T06:09:05"><abbr title="2012-08-28T06:09:05+00:00">06:09:05</abbr></a>] &lt;<cite>mranostay</cite>&gt; <q>then again i've lived in crappy weather places my entire life</q></li>
<li class="join">[<a href="#T06:09:07" id="T06:09:07"><abbr title="2012-08-28T06:09:07+00:00">06:09:07</abbr></a>] <span>* grma (~gruberm@chello213047201250.tirol.surfer.at) has joined #beagle</span></li>
<li class="message">[<a href="#T06:09:24" id="T06:09:24"><abbr title="2012-08-28T06:09:24+00:00">06:09:24</abbr></a>] &lt;<cite>mranostay</cite>&gt; <q>i don't miss seasons at all :)</q></li>
<li class="message">[<a href="#T06:10:59" id="T06:10:59"><abbr title="2012-08-28T06:10:59+00:00">06:10:59</abbr></a>] &lt;<cite>ka6sox</cite>&gt; <q>seasons? what are those?....oh something about a bunch of birds and pigs..</q></li>
<li class="message">[<a href="#T06:12:47" id="T06:12:47"><abbr title="2012-08-28T06:12:47+00:00">06:12:47</abbr></a>] &lt;<cite>mranostay</cite>&gt; <q>ka6sox: more like snow and heat</q></li>
<li class="message">[<a href="#T06:13:11" id="T06:13:11"><abbr title="2012-08-28T06:13:11+00:00">06:13:11</abbr></a>] &lt;<cite>ka6sox</cite>&gt; <q>snow...oh, that white stuff @ the top of the ski lift! got it.</q></li>
<li class="message">[<a href="#T06:13:49" id="T06:13:49"><abbr title="2012-08-28T06:13:49+00:00">06:13:49</abbr></a>] &lt;<cite>ka6sox</cite>&gt; <q>dang...the tower lights *just* kicked on in Kenai....</q></li>
<li class="message">[<a href="#T06:14:00" id="T06:14:00"><abbr title="2012-08-28T06:14:00+00:00">06:14:00</abbr></a>] &lt;<cite>ka6sox</cite>&gt; <q>still quite a bit o'sun</q></li>
<li class="message">[<a href="#T06:14:24" id="T06:14:24"><abbr title="2012-08-28T06:14:24+00:00">06:14:24</abbr></a>] &lt;<cite>ds2</cite>&gt; <q>blah.... that isn't bad</q></li>
<li class="message">[<a href="#T06:14:44" id="T06:14:44"><abbr title="2012-08-28T06:14:44+00:00">06:14:44</abbr></a>] &lt;<cite>ds2</cite>&gt; <q>try 90+% humidity and 100F</q></li>
<li class="action">[<a href="#T06:15:34" id="T06:15:34"><abbr title="2012-08-28T06:15:34+00:00">06:15:34</abbr></a>] <span>* ka6sox runs the other way....</span></li>
<li class="message">[<a href="#T06:15:41" id="T06:15:41"><abbr title="2012-08-28T06:15:41+00:00">06:15:41</abbr></a>] &lt;<cite>ds2</cite>&gt; <q>aka midwest</q></li>
<li class="message">[<a href="#T06:15:45" id="T06:15:45"><abbr title="2012-08-28T06:15:45+00:00">06:15:45</abbr></a>] &lt;<cite>ka6sox</cite>&gt; <q>funny thing is...I like tropical islands for vacations...</q></li>
<li class="nick-change">[<a href="#T06:16:08" id="T06:16:08"><abbr title="2012-08-28T06:16:08+00:00">06:16:08</abbr></a>] <span>* ka6sox is now known as ka6sox-away</span></li>
<li class="message">[<a href="#T06:16:30" id="T06:16:30"><abbr title="2012-08-28T06:16:30+00:00">06:16:30</abbr></a>] &lt;<cite>ds2</cite>&gt; <q>hahah</q></li>
<li class="message">[<a href="#T06:16:51" id="T06:16:51"><abbr title="2012-08-28T06:16:51+00:00">06:16:51</abbr></a>] &lt;<cite>mranostay</cite>&gt; <q>ds2: i have. that is one reason i left my last job :)</q></li>
<li class="message">[<a href="#T06:17:30" id="T06:17:30"><abbr title="2012-08-28T06:17:30+00:00">06:17:30</abbr></a>] &lt;<cite>ka6sox-away</cite>&gt; <q>mranostay, somewhere in the deep south right?</q></li>
<li class="message">[<a href="#T06:17:56" id="T06:17:56"><abbr title="2012-08-28T06:17:56+00:00">06:17:56</abbr></a>] &lt;<cite>mranostay</cite>&gt; <q>oh yeah</q></li>
<li class="message">[<a href="#T06:18:02" id="T06:18:02"><abbr title="2012-08-28T06:18:02+00:00">06:18:02</abbr></a>] &lt;<cite>ds2</cite>&gt; <q>mranostay: did it get up to the 100's down there?</q></li>
<li class="message">[<a href="#T06:18:04" id="T06:18:04"><abbr title="2012-08-28T06:18:04+00:00">06:18:04</abbr></a>] &lt;<cite>mranostay</cite>&gt; <q>Mobile AL....</q></li>
<li class="message">[<a href="#T06:18:20" id="T06:18:20"><abbr title="2012-08-28T06:18:20+00:00">06:18:20</abbr></a>] &lt;<cite>ka6sox-away</cite>&gt; <q>Gators and Hurricanes</q></li>
<li class="message">[<a href="#T06:18:22" id="T06:18:22"><abbr title="2012-08-28T06:18:22+00:00">06:18:22</abbr></a>] &lt;<cite>mranostay</cite>&gt; <q>ds2: 90F+ usually with 90+% humdity</q></li>
<li class="message">[<a href="#T06:18:33" id="T06:18:33"><abbr title="2012-08-28T06:18:33+00:00">06:18:33</abbr></a>] &lt;<cite>ds2</cite>&gt; <q>oh, slower roast</q></li>
<li class="message">[<a href="#T06:18:38" id="T06:18:38"><abbr title="2012-08-28T06:18:38+00:00">06:18:38</abbr></a>] &lt;<cite>mranostay</cite>&gt; <q>i didn't think it was possible to get that hot</q></li>
<li class="join">[<a href="#T06:18:59" id="T06:18:59"><abbr title="2012-08-28T06:18:59+00:00">06:18:59</abbr></a>] <span>* NulL` (~bleh1@46.226.191.147) has joined #beagle</span></li>
<li class="message">[<a href="#T06:19:01" id="T06:19:01"><abbr title="2012-08-28T06:19:01+00:00">06:19:01</abbr></a>] &lt;<cite>mranostay</cite>&gt; <q>had my A/C on 10 of 12 months :)...</q></li>
<li class="message">[<a href="#T06:19:54" id="T06:19:54"><abbr title="2012-08-28T06:19:54+00:00">06:19:54</abbr></a>] &lt;<cite>ds2</cite>&gt; <q>at least you had AC</q></li>
<li class="message">[<a href="#T06:19:56" id="T06:19:56"><abbr title="2012-08-28T06:19:56+00:00">06:19:56</abbr></a>] &lt;<cite>ka6sox-away</cite>&gt; <q>when I last saw you 2 I left for holiday...found a deserted island with NO phone, cell, internet, pager or even carrier pidgeon</q></li>
<li class="message">[<a href="#T06:20:24" id="T06:20:24"><abbr title="2012-08-28T06:20:24+00:00">06:20:24</abbr></a>] &lt;<cite>ds2</cite>&gt; <q>ka6sox-away: so no way to call for help if the island errupts? :D</q></li>
<li class="message">[<a href="#T06:20:34" id="T06:20:34"><abbr title="2012-08-28T06:20:34+00:00">06:20:34</abbr></a>] &lt;<cite>mranostay</cite>&gt; <q>sounds like paradise</q></li>
<li class="message">[<a href="#T06:20:48" id="T06:20:48"><abbr title="2012-08-28T06:20:48+00:00">06:20:48</abbr></a>] &lt;<cite>ka6sox-away</cite>&gt; <q>more likely it would sink</q></li>
<li class="message">[<a href="#T06:20:57" id="T06:20:57"><abbr title="2012-08-28T06:20:57+00:00">06:20:57</abbr></a>] &lt;<cite>ka6sox-away</cite>&gt; <q>(or a tsunami take it out)</q></li>
<li class="message">[<a href="#T06:21:07" id="T06:21:07"><abbr title="2012-08-28T06:21:07+00:00">06:21:07</abbr></a>] &lt;<cite>mranostay</cite>&gt; <q>swim really fast :)</q></li>
<li class="message">[<a href="#T06:21:13" id="T06:21:13"><abbr title="2012-08-28T06:21:13+00:00">06:21:13</abbr></a>] &lt;<cite>ka6sox-away</cite>&gt; <q>it was like 2m tall.</q></li>
<li class="message">[<a href="#T06:21:22" id="T06:21:22"><abbr title="2012-08-28T06:21:22+00:00">06:21:22</abbr></a>] &lt;<cite>ka6sox-away</cite>&gt; <q>bbiaw...</q></li>
<li class="message">[<a href="#T06:22:00" id="T06:22:00"><abbr title="2012-08-28T06:22:00+00:00">06:22:00</abbr></a>] &lt;<cite>mranostay</cite>&gt; <q>ds2: i don't think calling for help during a volcano is going to do much :)</q></li>
<li class="message">[<a href="#T06:22:27" id="T06:22:27"><abbr title="2012-08-28T06:22:27+00:00">06:22:27</abbr></a>] &lt;<cite>mranostay</cite>&gt; <q>poison ash clouds travel at hundreds of miles an hour</q></li>
<li class="message">[<a href="#T06:24:20" id="T06:24:20"><abbr title="2012-08-28T06:24:20+00:00">06:24:20</abbr></a>] &lt;<cite>ds2</cite>&gt; <q>the pompei guys had a few hours</q></li>
<li class="message">[<a href="#T06:24:39" id="T06:24:39"><abbr title="2012-08-28T06:24:39+00:00">06:24:39</abbr></a>] &lt;<cite>mranostay</cite>&gt; <q>koen: did those rtc modules ever get added? no rush :)</q></li>
<li class="quit">[<a href="#T06:24:48" id="T06:24:48"><abbr title="2012-08-28T06:24:48+00:00">06:24:48</abbr></a>] <span>* grma (~gruberm@chello213047201250.tirol.surfer.at) Quit (Ping timeout: 268 seconds)</span></li>
<li class="message">[<a href="#T06:24:58" id="T06:24:58"><abbr title="2012-08-28T06:24:58+00:00">06:24:58</abbr></a>] &lt;<cite>koen</cite>&gt; <q>yes, but it's not in the feeds yet</q></li>
<li class="message">[<a href="#T06:31:27" id="T06:31:27"><abbr title="2012-08-28T06:31:27+00:00">06:31:27</abbr></a>] &lt;<cite>tasslehoff</cite>&gt; <q>koen: can you point me to an example of creating a new systemd target unit (in OE)?</q></li>
<li class="action">[<a href="#T06:31:49" id="T06:31:49"><abbr title="2012-08-28T06:31:49+00:00">06:31:49</abbr></a>] <span>* tasslehoff is gonne use the day to fight, fight, fight with systemd</span></li>
<li class="join">[<a href="#T06:32:14" id="T06:32:14"><abbr title="2012-08-28T06:32:14+00:00">06:32:14</abbr></a>] <span>* grma (~gruberm@chello213047201250.tirol.surfer.at) has joined #beagle</span></li>
<li class="action">[<a href="#T06:33:22" id="T06:33:22"><abbr title="2012-08-28T06:33:22+00:00">06:33:22</abbr></a>] <span>* mranostay hands tasslehoff the beating stick</span></li>
<li class="join">[<a href="#T06:36:04" id="T06:36:04"><abbr title="2012-08-28T06:36:04+00:00">06:36:04</abbr></a>] <span>* damir__ (~damir@217-72-91-162.ipv4.tusmobil.si) has joined #beagle</span></li>
<li class="action">[<a href="#T06:41:28" id="T06:41:28"><abbr title="2012-08-28T06:41:28+00:00">06:41:28</abbr></a>] <span>* tasslehoff chants "Pie Jesu Domine, dona eis requiem" and beats himself to humility for starters</span></li>
<li class="message">[<a href="#T06:44:52" id="T06:44:52"><abbr title="2012-08-28T06:44:52+00:00">06:44:52</abbr></a>] &lt;<cite>koen</cite>&gt; <q>tasslehoff: no, but systemd has excellent docs and even git-like docs (blog posts)</q></li>
<li class="quit">[<a href="#T06:48:25" id="T06:48:25"><abbr title="2012-08-28T06:48:25+00:00">06:48:25</abbr></a>] <span>* Hoolxi (~Openfree@116.228.88.131) Quit (Remote host closed the connection)</span></li>
<li class="join">[<a href="#T06:49:04" id="T06:49:04"><abbr title="2012-08-28T06:49:04+00:00">06:49:04</abbr></a>] <span>* Hoolxi (~Openfree@116.228.88.131) has joined #beagle</span></li>
<li class="quit">[<a href="#T06:50:04" id="T06:50:04"><abbr title="2012-08-28T06:50:04+00:00">06:50:04</abbr></a>] <span>* hpham_ (~hpham@fwdweb.net) Quit (Ping timeout: 246 seconds)</span></li>
<li class="join">[<a href="#T06:50:13" id="T06:50:13"><abbr title="2012-08-28T06:50:13+00:00">06:50:13</abbr></a>] <span>* hpham (~hpham@fwdweb.net) has joined #beagle</span></li>
<li class="message">[<a href="#T06:50:36" id="T06:50:36"><abbr title="2012-08-28T06:50:36+00:00">06:50:36</abbr></a>] &lt;<cite>tasslehoff</cite>&gt; <q>koen: ack</q></li>
<li class="join">[<a href="#T06:51:42" id="T06:51:42"><abbr title="2012-08-28T06:51:42+00:00">06:51:42</abbr></a>] <span>* LetoThe2nd (~jd@unaffiliated/letothe2nd) has joined #beagle</span></li>
<li class="message">[<a href="#T06:56:51" id="T06:56:51"><abbr title="2012-08-28T06:56:51+00:00">06:56:51</abbr></a>] &lt;<cite>_av500_</cite>&gt; <q>tasslehoff: after you do, write a post for the mailing list</q></li>
<li class="message">[<a href="#T06:59:41" id="T06:59:41"><abbr title="2012-08-28T06:59:41+00:00">06:59:41</abbr></a>] &lt;<cite>tasslehoff</cite>&gt; <q>_av500_: on humility, agression and eventually resignation?</q></li>
<li class="quit">[<a href="#T07:00:31" id="T07:00:31"><abbr title="2012-08-28T07:00:31+00:00">07:00:31</abbr></a>] <span>* Ceriand|desktop (~Ceriand@unaffiliated/ceriand) Quit (Quit: Leaving.)</span></li>
<li class="quit">[<a href="#T07:00:43" id="T07:00:43"><abbr title="2012-08-28T07:00:43+00:00">07:00:43</abbr></a>] <span>* RITRedbeard (~redbeard@c-68-37-165-37.hsd1.nj.comcast.net) Quit (Read error: Connection reset by peer)</span></li>
<li class="message">[<a href="#T07:13:06" id="T07:13:06"><abbr title="2012-08-28T07:13:06+00:00">07:13:06</abbr></a>] &lt;<cite>_av500_</cite>&gt; <q>yeah</q></li>
<li class="message">[<a href="#T07:13:07" id="T07:13:07"><abbr title="2012-08-28T07:13:07+00:00">07:13:07</abbr></a>] &lt;<cite>_av500_</cite>&gt; <q>:)</q></li>
<li class="join">[<a href="#T07:14:45" id="T07:14:45"><abbr title="2012-08-28T07:14:45+00:00">07:14:45</abbr></a>] <span>* florian (~fuchs@port-217-146-132-69.static.qsc.de) has joined #beagle</span></li>
<li class="quit">[<abbr title="2012-08-28T07:14:45+00:00">07:14:45</abbr>] <span>* florian (~fuchs@port-217-146-132-69.static.qsc.de) Quit (Changing host)</span></li>
<li class="join">[<abbr title="2012-08-28T07:14:45+00:00">07:14:45</abbr>] <span>* florian (~fuchs@Maemo/community/contributor/florian) has joined #beagle</span></li>
<li class="join">[<a href="#T07:19:22" id="T07:19:22"><abbr title="2012-08-28T07:19:22+00:00">07:19:22</abbr></a>] <span>* drakkan1000 (~drakkan@dynamic-adsl-78-12-189-35.clienti.tiscali.it) has joined #beagle</span></li>
<li class="quit">[<a href="#T07:19:55" id="T07:19:55"><abbr title="2012-08-28T07:19:55+00:00">07:19:55</abbr></a>] <span>* NulL` (~bleh1@46.226.191.147) Quit (Ping timeout: 244 seconds)</span></li>
<li class="join">[<a href="#T07:20:17" id="T07:20:17"><abbr title="2012-08-28T07:20:17+00:00">07:20:17</abbr></a>] <span>* jpirko (jirka@nat/redhat/x-yuaoxwzuskmklzbx) has joined #beagle</span></li>
<li class="quit">[<a href="#T07:30:57" id="T07:30:57"><abbr title="2012-08-28T07:30:57+00:00">07:30:57</abbr></a>] <span>* Hoolxi (~Openfree@116.228.88.131) Quit (Read error: Connection timed out)</span></li>
<li class="join">[<a href="#T07:32:33" id="T07:32:33"><abbr title="2012-08-28T07:32:33+00:00">07:32:33</abbr></a>] <span>* Hoolxi (~Openfree@116.228.88.131) has joined #beagle</span></li>
<li class="join">[<a href="#T07:36:56" id="T07:36:56"><abbr title="2012-08-28T07:36:56+00:00">07:36:56</abbr></a>] <span>* divine_ (~divine@2001:470:8247:1::42) has joined #beaglebone</span></li>
<li class="quit">[<a href="#T07:37:37" id="T07:37:37"><abbr title="2012-08-28T07:37:37+00:00">07:37:37</abbr></a>] <span>* emeb_mac (~ericb@ip72-201-79-123.ph.ph.cox.net) Quit (Quit: emeb_mac)</span></li>
<li class="quit">[<a href="#T07:38:31" id="T07:38:31"><abbr title="2012-08-28T07:38:31+00:00">07:38:31</abbr></a>] <span>* divine (~divine@2001:470:8247:1::42) Quit (Ping timeout: 246 seconds)</span></li>
<li class="quit">[<a href="#T07:39:08" id="T07:39:08"><abbr title="2012-08-28T07:39:08+00:00">07:39:08</abbr></a>] <span>* grma (~gruberm@chello213047201250.tirol.surfer.at) Quit ()</span></li>
<li class="quit">[<a href="#T07:51:50" id="T07:51:50"><abbr title="2012-08-28T07:51:50+00:00">07:51:50</abbr></a>] <span>* drakkan1000 (~drakkan@dynamic-adsl-78-12-189-35.clienti.tiscali.it) Quit (Ping timeout: 265 seconds)</span></li>
<li class="join">[<a href="#T07:52:54" id="T07:52:54"><abbr title="2012-08-28T07:52:54+00:00">07:52:54</abbr></a>] <span>* Qbert_ (~mattias@stingdhcp-101.holding.kth.se) has joined #beagle</span></li>
<li class="join">[<a href="#T07:55:59" id="T07:55:59"><abbr title="2012-08-28T07:55:59+00:00">07:55:59</abbr></a>] <span>* oteros2000 (501c7b24@gateway/web/freenode/ip.80.28.123.36) has joined #beagle</span></li>
<li class="message">[<a href="#T07:57:58" id="T07:57:58"><abbr title="2012-08-28T07:57:58+00:00">07:57:58</abbr></a>] &lt;<cite>oteros2000</cite>&gt; <q>Hi....anybody could help me, I have a problem with the filesystem, is there any method to recovery the filesystem original ?</q></li>
<li class="message">[<a href="#T07:59:06" id="T07:59:06"><abbr title="2012-08-28T07:59:06+00:00">07:59:06</abbr></a>] &lt;<cite>oteros2000</cite>&gt; <q>When my BeagleBone power off several times , the filesystem is corrupted... and doesn't work well</q></li>
<li class="message">[<a href="#T08:00:14" id="T08:00:14"><abbr title="2012-08-28T08:00:14+00:00">08:00:14</abbr></a>] &lt;<cite>_av500_</cite>&gt; <q>you can always start from a cleAN IMAGE</q></li>
<li class="message">[<a href="#T08:00:18" id="T08:00:18"><abbr title="2012-08-28T08:00:18+00:00">08:00:18</abbr></a>] &lt;<cite>_av500_</cite>&gt; <q>oops</q></li>
<li class="message">[<a href="#T08:00:22" id="T08:00:22"><abbr title="2012-08-28T08:00:22+00:00">08:00:22</abbr></a>] &lt;<cite>_av500_</cite>&gt; <q>you can always start from a clean image</q></li>
<li class="message">[<a href="#T08:00:33" id="T08:00:33"><abbr title="2012-08-28T08:00:33+00:00">08:00:33</abbr></a>] &lt;<cite>thurbad</cite>&gt; <q>do you use sync before powering off, or better yet, poweroff?</q></li>
<li class="message">[<a href="#T08:01:48" id="T08:01:48"><abbr title="2012-08-28T08:01:48+00:00">08:01:48</abbr></a>] &lt;<cite>_av500_</cite>&gt; <q>I always sing when I power off</q></li>
<li class="message">[<a href="#T08:02:57" id="T08:02:57"><abbr title="2012-08-28T08:02:57+00:00">08:02:57</abbr></a>] &lt;<cite>oteros2000</cite>&gt; <q>No I don't use sync before power off, what's is the fucntion of sync?</q></li>
<li class="message">[<a href="#T08:03:12" id="T08:03:12"><abbr title="2012-08-28T08:03:12+00:00">08:03:12</abbr></a>] &lt;<cite>oteros2000</cite>&gt; <q>I start with a clean Image...</q></li>
<li class="message">[<a href="#T08:03:52" id="T08:03:52"><abbr title="2012-08-28T08:03:52+00:00">08:03:52</abbr></a>] &lt;<cite>oteros2000</cite>&gt; <q>is there any method to recovery the original filesystem?</q></li>
<li class="join">[<a href="#T08:04:07" id="T08:04:07"><abbr title="2012-08-28T08:04:07+00:00">08:04:07</abbr></a>] <span>* drakkan1000 (~drakkan@dynamic-adsl-78-12-189-35.clienti.tiscali.it) has joined #beagle</span></li>
<li class="message">[<a href="#T08:20:19" id="T08:20:19"><abbr title="2012-08-28T08:20:19+00:00">08:20:19</abbr></a>] &lt;<cite>_av500_</cite>&gt; <q>yes, use a fresh image</q></li>
<li class="message">[<a href="#T08:20:27" id="T08:20:27"><abbr title="2012-08-28T08:20:27+00:00">08:20:27</abbr></a>] &lt;<cite>_av500_</cite>&gt; <q>it is the original fileystem</q></li>
<li class="message">[<a href="#T08:22:30" id="T08:22:30"><abbr title="2012-08-28T08:22:30+00:00">08:22:30</abbr></a>] &lt;<cite>thurbad</cite>&gt; <q>sync writes all data to buffers... prevents file corruption somewhat</q></li>
<li class="message">[<a href="#T08:22:44" id="T08:22:44"><abbr title="2012-08-28T08:22:44+00:00">08:22:44</abbr></a>] &lt;<cite>thurbad</cite>&gt; <q>err from buffers</q></li>
<li class="message">[<a href="#T08:23:24" id="T08:23:24"><abbr title="2012-08-28T08:23:24+00:00">08:23:24</abbr></a>] &lt;<cite>_av500_</cite>&gt; <q>thurbad: from buffers to buffers :)</q></li>
<li class="message">[<a href="#T08:23:58" id="T08:23:58"><abbr title="2012-08-28T08:23:58+00:00">08:23:58</abbr></a>] &lt;<cite>thurbad</cite>&gt; <q>from cache to disk basically</q></li>
<li class="message">[<a href="#T08:25:04" id="T08:25:04"><abbr title="2012-08-28T08:25:04+00:00">08:25:04</abbr></a>] &lt;<cite>thurbad</cite>&gt; <q>is there any way to prevent tearing in 3d without dropping to 16 bpp?</q></li>
<li class="message">[<a href="#T08:25:32" id="T08:25:32"><abbr title="2012-08-28T08:25:32+00:00">08:25:32</abbr></a>] &lt;<cite>thurbad</cite>&gt; <q>(specifically gles2 on the omap3530)</q></li>
<li class="message">[<a href="#T08:25:45" id="T08:25:45"><abbr title="2012-08-28T08:25:45+00:00">08:25:45</abbr></a>] &lt;<cite>_av500_</cite>&gt; <q>double buffering</q></li>
<li class="message">[<a href="#T08:25:57" id="T08:25:57"><abbr title="2012-08-28T08:25:57+00:00">08:25:57</abbr></a>] &lt;<cite>_av500_</cite>&gt; <q>triple if you want it butter</q></li>
<li class="message">[<a href="#T08:26:35" id="T08:26:35"><abbr title="2012-08-28T08:26:35+00:00">08:26:35</abbr></a>] &lt;<cite>thurbad</cite>&gt; <q>is it lack of buffering that's causing the tears?</q></li>
<li class="message">[<a href="#T08:27:19" id="T08:27:19"><abbr title="2012-08-28T08:27:19+00:00">08:27:19</abbr></a>] &lt;<cite>thurbad</cite>&gt; <q>that sounds too easy, but I'll look into it</q></li>
<li class="message">[<a href="#T08:27:54" id="T08:27:54"><abbr title="2012-08-28T08:27:54+00:00">08:27:54</abbr></a>] &lt;<cite>thurbad</cite>&gt; <q>btw this is raw mode, not x11 mode that I'm using</q></li>
<li class="quit">[<a href="#T08:28:56" id="T08:28:56"><abbr title="2012-08-28T08:28:56+00:00">08:28:56</abbr></a>] <span>* falstaff (~quassel@62-12-255-212.pool.cyberlink.ch) Quit (Read error: Operation timed out)</span></li>
<li class="message">[<a href="#T08:32:23" id="T08:32:23"><abbr title="2012-08-28T08:32:23+00:00">08:32:23</abbr></a>] &lt;<cite>oteros2000</cite>&gt; <q>ok, this is a good method, is it possible use load a filesystem original with each booting process like the kernel, keeping your application /home and configuration?</q></li>
<li class="message">[<a href="#T08:32:32" id="T08:32:32"><abbr title="2012-08-28T08:32:32+00:00">08:32:32</abbr></a>] &lt;<cite>_av500_</cite>&gt; <q>sure</q></li>
<li class="join">[<a href="#T08:32:43" id="T08:32:43"><abbr title="2012-08-28T08:32:43+00:00">08:32:43</abbr></a>] <span>* falstaff (~quassel@62-12-200-209.pool.cyberlink.ch) has joined #beagle</span></li>
<li class="message">[<a href="#T08:32:44" id="T08:32:44"><abbr title="2012-08-28T08:32:44+00:00">08:32:44</abbr></a>] &lt;<cite>_av500_</cite>&gt; <q>make a read only rootfs</q></li>
<li class="message">[<a href="#T08:32:57" id="T08:32:57"><abbr title="2012-08-28T08:32:57+00:00">08:32:57</abbr></a>] &lt;<cite>_av500_</cite>&gt; <q>and mount /home /var and so on from somewhere else</q></li>
<li class="quit">[<a href="#T08:34:30" id="T08:34:30"><abbr title="2012-08-28T08:34:30+00:00">08:34:30</abbr></a>] <span>* hpham (~hpham@fwdweb.net) Quit (Ping timeout: 272 seconds)</span></li>
<li class="join">[<a href="#T08:35:50" id="T08:35:50"><abbr title="2012-08-28T08:35:50+00:00">08:35:50</abbr></a>] <span>* hpham (~hpham@fwdweb.net) has joined #beagle</span></li>
<li class="join">[<a href="#T08:42:54" id="T08:42:54"><abbr title="2012-08-28T08:42:54+00:00">08:42:54</abbr></a>] <span>* hattwick (~hattwick@68-184-17-253.dhcp.unas.ma.charter.com) has joined #beagle</span></li>
<li class="message">[<a href="#T08:47:50" id="T08:47:50"><abbr title="2012-08-28T08:47:50+00:00">08:47:50</abbr></a>] &lt;<cite>thurbad</cite>&gt; <q>meh, dropping down to 16bpp didn't help the tearing as others have posted</q></li>
<li class="quit">[<a href="#T08:48:47" id="T08:48:47"><abbr title="2012-08-28T08:48:47+00:00">08:48:47</abbr></a>] <span>* C-o-r-E (~nash@modemcable123.117-82-70.mc.videotron.ca) Quit (Ping timeout: 244 seconds)</span></li>
<li class="join">[<a href="#T08:56:28" id="T08:56:28"><abbr title="2012-08-28T08:56:28+00:00">08:56:28</abbr></a>] <span>* drakkan1000_ (~drakkan@dynamic-adsl-78-12-189-35.clienti.tiscali.it) has joined #beagle</span></li>
<li class="quit">[<a href="#T08:56:41" id="T08:56:41"><abbr title="2012-08-28T08:56:41+00:00">08:56:41</abbr></a>] <span>* drakkan1000 (~drakkan@dynamic-adsl-78-12-189-35.clienti.tiscali.it) Quit (Ping timeout: 245 seconds)</span></li>
<li class="message">[<a href="#T09:01:05" id="T09:01:05"><abbr title="2012-08-28T09:01:05+00:00">09:01:05</abbr></a>] &lt;<cite>_av500_</cite>&gt; <q>why should it?</q></li>
<li class="message">[<a href="#T09:01:43" id="T09:01:43"><abbr title="2012-08-28T09:01:43+00:00">09:01:43</abbr></a>] &lt;<cite>_av500_</cite>&gt; <q>its still a memcpy racing the electron beam</q></li>
<li class="message">[<a href="#T09:01:47" id="T09:01:47"><abbr title="2012-08-28T09:01:47+00:00">09:01:47</abbr></a>] &lt;<cite>thurbad</cite>&gt; <q>dunno, but I've seen a lot of posts/blogs/wiki entries that say it does</q></li>
<li class="message">[<a href="#T09:02:05" id="T09:02:05"><abbr title="2012-08-28T09:02:05+00:00">09:02:05</abbr></a>] &lt;<cite>_av500_</cite>&gt; <q>sure, the copy to frame buffer memory is faster</q></li>
<li class="message">[<a href="#T09:02:15" id="T09:02:15"><abbr title="2012-08-28T09:02:15+00:00">09:02:15</abbr></a>] &lt;<cite>_av500_</cite>&gt; <q>so the chance of hitting a screne refresh is smaller</q></li>
<li class="message">[<a href="#T09:02:32" id="T09:02:32"><abbr title="2012-08-28T09:02:32+00:00">09:02:32</abbr></a>] &lt;<cite>_av500_</cite>&gt; <q>its still gambling</q></li>
<li class="message">[<a href="#T09:04:13" id="T09:04:13"><abbr title="2012-08-28T09:04:13+00:00">09:04:13</abbr></a>] &lt;<cite>thurbad</cite>&gt; <q>maybe it does 'fix' it on smaller displays :P pushing a fair amount of pixels here</q></li>
<li class="join">[<a href="#T09:10:45" id="T09:10:45"><abbr title="2012-08-28T09:10:45+00:00">09:10:45</abbr></a>] <span>* krajo1_ (~krajo1@ip4-83-240-125-22.cust.nbox.cz) has joined #beagle</span></li>
<li class="join">[<a href="#T09:12:32" id="T09:12:32"><abbr title="2012-08-28T09:12:32+00:00">09:12:32</abbr></a>] <span>* photex_ (~photex@cpe-75-84-98-52.socal.res.rr.com) has joined #beagle</span></li>
<li class="message">[<a href="#T09:13:20" id="T09:13:20"><abbr title="2012-08-28T09:13:20+00:00">09:13:20</abbr></a>] &lt;<cite>_av500_</cite>&gt; <q>as I said, do proper double buffering</q></li>
<li class="message">[<a href="#T09:13:27" id="T09:13:27"><abbr title="2012-08-28T09:13:27+00:00">09:13:27</abbr></a>] &lt;<cite>_av500_</cite>&gt; <q>that fixes it on all displays</q></li>
<li class="message">[<a href="#T09:13:44" id="T09:13:44"><abbr title="2012-08-28T09:13:44+00:00">09:13:44</abbr></a>] &lt;<cite>thurbad</cite>&gt; <q>I plan to.. just looking through demosatthe moment</q></li>
<li class="quit">[<a href="#T09:16:48" id="T09:16:48"><abbr title="2012-08-28T09:16:48+00:00">09:16:48</abbr></a>] <span>* photex (~photex@cpe-75-84-98-52.socal.res.rr.com) Quit (*.net *.split)</span></li>
<li class="quit">[<a href="#T09:16:49" id="T09:16:49"><abbr title="2012-08-28T09:16:49+00:00">09:16:49</abbr></a>] <span>* krajo1 (~krajo1@ip4-83-240-125-22.cust.nbox.cz) Quit (*.net *.split)</span></li>
<li class="quit">[<abbr title="2012-08-28T09:16:49+00:00">09:16:49</abbr>] <span>* rsalveti (~rsalveti@linaro/rsalveti) Quit (*.net *.split)</span></li>
<li class="quit">[<abbr title="2012-08-28T09:16:49+00:00">09:16:49</abbr>] <span>* Splats (~Splats@c-76-103-240-26.hsd1.ca.comcast.net) Quit (*.net *.split)</span></li>
<li class="quit">[<abbr title="2012-08-28T09:16:49+00:00">09:16:49</abbr>] <span>* guyzmo (~guyzmo@barney.bearstech.com) Quit (*.net *.split)</span></li>
<li class="nick-change">[<a href="#T09:16:50" id="T09:16:50"><abbr title="2012-08-28T09:16:50+00:00">09:16:50</abbr></a>] <span>* photex_ is now known as photex</span></li>
<li class="quit">[<a href="#T09:18:17" id="T09:18:17"><abbr title="2012-08-28T09:18:17+00:00">09:18:17</abbr></a>] <span>* drakkan1000_ (~drakkan@dynamic-adsl-78-12-189-35.clienti.tiscali.it) Quit (Quit: Ex-Chat)</span></li>
<li class="join">[<a href="#T09:18:23" id="T09:18:23"><abbr title="2012-08-28T09:18:23+00:00">09:18:23</abbr></a>] <span>* drakkan1000__ (~drakkan@dynamic-adsl-78-12-189-35.clienti.tiscali.it) has joined #beagle</span></li>
<li class="join">[<a href="#T09:20:42" id="T09:20:42"><abbr title="2012-08-28T09:20:42+00:00">09:20:42</abbr></a>] <span>* grma (~gruberm@chello213047201250.tirol.surfer.at) has joined #beagle</span></li>
<li class="quit">[<a href="#T09:24:29" id="T09:24:29"><abbr title="2012-08-28T09:24:29+00:00">09:24:29</abbr></a>] <span>* harshpb (~harshpb@122.167.94.109) Quit (Read error: Connection reset by peer)</span></li>
<li class="join">[<a href="#T09:25:24" id="T09:25:24"><abbr title="2012-08-28T09:25:24+00:00">09:25:24</abbr></a>] <span>* rsalveti (~rsalveti@186.214.95.232) has joined #beagle</span></li>
<li class="quit">[<abbr title="2012-08-28T09:25:24+00:00">09:25:24</abbr>] <span>* rsalveti (~rsalveti@186.214.95.232) Quit (Changing host)</span></li>
<li class="join">[<abbr title="2012-08-28T09:25:24+00:00">09:25:24</abbr>] <span>* rsalveti (~rsalveti@linaro/rsalveti) has joined #beagle</span></li>
<li class="join">[<a href="#T09:25:26" id="T09:25:26"><abbr title="2012-08-28T09:25:26+00:00">09:25:26</abbr></a>] <span>* harshpb (~harshpb@122.167.94.109) has joined #beagleboard</span></li>
<li class="join">[<a href="#T09:25:28" id="T09:25:28"><abbr title="2012-08-28T09:25:28+00:00">09:25:28</abbr></a>] <span>* harshpb (~harshpb@122.167.94.109) has joined #beagle</span></li>
<li class="join">[<a href="#T09:27:20" id="T09:27:20"><abbr title="2012-08-28T09:27:20+00:00">09:27:20</abbr></a>] <span>* Splats (~Splats@c-76-103-240-26.hsd1.ca.comcast.net) has joined #beagle</span></li>
<li class="quit">[<abbr title="2012-08-28T09:27:20+00:00">09:27:20</abbr>] <span>* Splats (~Splats@c-76-103-240-26.hsd1.ca.comcast.net) Quit (Changing host)</span></li>
<li class="join">[<abbr title="2012-08-28T09:27:20+00:00">09:27:20</abbr>] <span>* Splats (~Splats@unaffiliated/splats) has joined #beagle</span></li>
<li class="message">[<a href="#T09:28:43" id="T09:28:43"><abbr title="2012-08-28T09:28:43+00:00">09:28:43</abbr></a>] &lt;<cite>mru</cite>&gt; <q>double-buffering also saves you a murderous memcpy</q></li>
<li class="quit">[<a href="#T09:33:08" id="T09:33:08"><abbr title="2012-08-28T09:33:08+00:00">09:33:08</abbr></a>] <span>* harshpb (~harshpb@122.167.94.109) Quit (Read error: Connection reset by peer)</span></li>
<li class="join">[<a href="#T09:33:55" id="T09:33:55"><abbr title="2012-08-28T09:33:55+00:00">09:33:55</abbr></a>] <span>* harshpb (~harshpb@122.167.94.109) has joined #beagleboard</span></li>
<li class="join">[<a href="#T09:33:57" id="T09:33:57"><abbr title="2012-08-28T09:33:57+00:00">09:33:57</abbr></a>] <span>* harshpb (~harshpb@122.167.94.109) has joined #beagle</span></li>
<li class="join">[<a href="#T09:40:38" id="T09:40:38"><abbr title="2012-08-28T09:40:38+00:00">09:40:38</abbr></a>] <span>* guyzmo (~guyzmo@barney.bearstech.com) has joined #beagle</span></li>
<li class="join">[<a href="#T09:41:13" id="T09:41:13"><abbr title="2012-08-28T09:41:13+00:00">09:41:13</abbr></a>] <span>* fooblya_monad (~abaddon@178.120.99.18) has joined #beagle</span></li>
<li class="quit">[<a href="#T09:43:03" id="T09:43:03"><abbr title="2012-08-28T09:43:03+00:00">09:43:03</abbr></a>] <span>* cacodaemon (~abaddon@178.120.97.119) Quit (Ping timeout: 245 seconds)</span></li>
<li class="quit">[<a href="#T09:47:50" id="T09:47:50"><abbr title="2012-08-28T09:47:50+00:00">09:47:50</abbr></a>] <span>* mythos (~mythos@unaffiliated/mythos) Quit (Ping timeout: 265 seconds)</span></li>
<li class="quit">[<a href="#T09:51:40" id="T09:51:40"><abbr title="2012-08-28T09:51:40+00:00">09:51:40</abbr></a>] <span>* drakkan1000__ (~drakkan@dynamic-adsl-78-12-189-35.clienti.tiscali.it) Quit (Read error: Connection reset by peer)</span></li>
<li class="join">[<a href="#T09:51:51" id="T09:51:51"><abbr title="2012-08-28T09:51:51+00:00">09:51:51</abbr></a>] <span>* drakkan1000__ (~drakkan@dynamic-adsl-78-12-189-35.clienti.tiscali.it) has joined #beagle</span></li>
<li class="join">[<a href="#T09:59:57" id="T09:59:57"><abbr title="2012-08-28T09:59:57+00:00">09:59:57</abbr></a>] <span>* tema (~tema@dhcp-31-7-30-24.kymp.net) has joined #beagle</span></li>
<li class="join">[<a href="#T10:14:23" id="T10:14:23"><abbr title="2012-08-28T10:14:23+00:00">10:14:23</abbr></a>] <span>* antoniodariuh_ (~antonioda@nat-sta-slph1.tvu.ac.uk) has joined #beagle</span></li>
<li class="quit">[<a href="#T10:20:21" id="T10:20:21"><abbr title="2012-08-28T10:20:21+00:00">10:20:21</abbr></a>] <span>* antoniodariuh_ (~antonioda@nat-sta-slph1.tvu.ac.uk) Quit (Quit: Leaving)</span></li>
<li class="quit">[<a href="#T10:21:23" id="T10:21:23"><abbr title="2012-08-28T10:21:23+00:00">10:21:23</abbr></a>] <span>* grma (~gruberm@chello213047201250.tirol.surfer.at) Quit ()</span></li>
<li class="join">[<a href="#T10:21:24" id="T10:21:24"><abbr title="2012-08-28T10:21:24+00:00">10:21:24</abbr></a>] <span>* mythos (~mythos@unaffiliated/mythos) has joined #beagle</span></li>
<li class="quit">[<a href="#T10:21:33" id="T10:21:33"><abbr title="2012-08-28T10:21:33+00:00">10:21:33</abbr></a>] <span>* drakkan1000__ (~drakkan@dynamic-adsl-78-12-189-35.clienti.tiscali.it) Quit (Read error: Connection reset by peer)</span></li>
<li class="join">[<a href="#T10:21:38" id="T10:21:38"><abbr title="2012-08-28T10:21:38+00:00">10:21:38</abbr></a>] <span>* drakkan1000_ (~drakkan@dynamic-adsl-78-12-189-35.clienti.tiscali.it) has joined #beagle</span></li>
<li class="quit">[<a href="#T10:41:16" id="T10:41:16"><abbr title="2012-08-28T10:41:16+00:00">10:41:16</abbr></a>] <span>* drakkan1000_ (~drakkan@dynamic-adsl-78-12-189-35.clienti.tiscali.it) Quit (Ping timeout: 245 seconds)</span></li>
<li class="quit">[<a href="#T10:44:59" id="T10:44:59"><abbr title="2012-08-28T10:44:59+00:00">10:44:59</abbr></a>] <span>* W1N9Zr0 (~W1N9Zr0@24-212-193-98.cable.teksavvy.com) Quit (Ping timeout: 272 seconds)</span></li>
<li class="quit">[<a href="#T10:49:12" id="T10:49:12"><abbr title="2012-08-28T10:49:12+00:00">10:49:12</abbr></a>] <span>* LetoThe2nd (~jd@unaffiliated/letothe2nd) Quit (Quit: leaving)</span></li>
<li class="join">[<a href="#T10:49:17" id="T10:49:17"><abbr title="2012-08-28T10:49:17+00:00">10:49:17</abbr></a>] <span>* W1N9Zr0 (~W1N9Zr0@24-212-193-98.cable.teksavvy.com) has joined #beagle</span></li>
<li class="join">[<a href="#T10:49:40" id="T10:49:40"><abbr title="2012-08-28T10:49:40+00:00">10:49:40</abbr></a>] <span>* LetoThe2nd (~jd@unaffiliated/letothe2nd) has joined #beagle</span></li>
<li class="message">[<a href="#T10:51:38" id="T10:51:38"><abbr title="2012-08-28T10:51:38+00:00">10:51:38</abbr></a>] &lt;<cite>Qbert_</cite>&gt; <q>I've got a remote beaglebone running Angstrom systemd that has started get stuck when rebooting.</q></li>
<li class="message">[<a href="#T10:51:56" id="T10:51:56"><abbr title="2012-08-28T10:51:56+00:00">10:51:56</abbr></a>] &lt;<cite>Qbert_</cite>&gt; <q>It's miles away so I can't hook up the usb-serial cable to see what really happens.</q></li>
<li class="message">[<a href="#T10:52:13" id="T10:52:13"><abbr title="2012-08-28T10:52:13+00:00">10:52:13</abbr></a>] &lt;<cite>Qbert_</cite>&gt; <q>It will boot fine after the power is cut and I've checked dmesg and systemctl withount any real hints on what's causing the problem.</q></li>
<li class="join">[<a href="#T10:52:43" id="T10:52:43"><abbr title="2012-08-28T10:52:43+00:00">10:52:43</abbr></a>] <span>* divine (~divine@2001:470:8247:1::42) has joined #beaglebone</span></li>
<li class="message">[<a href="#T10:53:12" id="T10:53:12"><abbr title="2012-08-28T10:53:12+00:00">10:53:12</abbr></a>] &lt;<cite>Qbert_</cite>&gt; <q>Anyone got any sugestions on what more to take a look at?</q></li>
<li class="quit">[<a href="#T10:54:37" id="T10:54:37"><abbr title="2012-08-28T10:54:37+00:00">10:54:37</abbr></a>] <span>* divine_ (~divine@2001:470:8247:1::42) Quit (Ping timeout: 260 seconds)</span></li>
<li class="quit">[<a href="#T10:55:05" id="T10:55:05"><abbr title="2012-08-28T10:55:05+00:00">10:55:05</abbr></a>] <span>* divine (~divine@2001:470:8247:1::42) Quit (Client Quit)</span></li>
<li class="message">[<a href="#T10:57:39" id="T10:57:39"><abbr title="2012-08-28T10:57:39+00:00">10:57:39</abbr></a>] &lt;<cite>Qbert_</cite>&gt; <q>Might be worth mentioning that it's running a read only root fs so no info from the previous session is available.</q></li>
<li class="join">[<a href="#T10:59:29" id="T10:59:29"><abbr title="2012-08-28T10:59:29+00:00">10:59:29</abbr></a>] <span>* divine (~divine@2001:470:8247:1::42) has joined #beaglebone</span></li>
<li class="quit">[<a href="#T11:02:12" id="T11:02:12"><abbr title="2012-08-28T11:02:12+00:00">11:02:12</abbr></a>] <span>* tema (~tema@dhcp-31-7-30-24.kymp.net) Quit (Ping timeout: 248 seconds)</span></li>
<li class="join">[<a href="#T11:02:16" id="T11:02:16"><abbr title="2012-08-28T11:02:16+00:00">11:02:16</abbr></a>] <span>* drakkan1000_ (~drakkan@dynamic-adsl-78-12-189-35.clienti.tiscali.it) has joined #beagle</span></li>
<li class="join">[<a href="#T11:16:57" id="T11:16:57"><abbr title="2012-08-28T11:16:57+00:00">11:16:57</abbr></a>] <span>* grma (~gruberm@chello213047201250.tirol.surfer.at) has joined #beagle</span></li>
<li class="quit">[<a href="#T11:20:58" id="T11:20:58"><abbr title="2012-08-28T11:20:58+00:00">11:20:58</abbr></a>] <span>* mnt_real (~mnt_real@bas1-montreal43-1242486786.dsl.bell.ca) Quit (Ping timeout: 245 seconds)</span></li>
<li class="join">[<a href="#T11:23:23" id="T11:23:23"><abbr title="2012-08-28T11:23:23+00:00">11:23:23</abbr></a>] <span>* mnt_real (~mnt_real@bas1-montreal43-1242486243.dsl.bell.ca) has joined #beagle</span></li>
<li class="join">[<a href="#T11:26:42" id="T11:26:42"><abbr title="2012-08-28T11:26:42+00:00">11:26:42</abbr></a>] <span>* tapper (75ddab80@gateway/web/freenode/ip.117.221.171.128) has joined #beagle</span></li>
<li class="quit">[<a href="#T11:27:27" id="T11:27:27"><abbr title="2012-08-28T11:27:27+00:00">11:27:27</abbr></a>] <span>* tapper (75ddab80@gateway/web/freenode/ip.117.221.171.128) Quit (Client Quit)</span></li>
<li class="join">[<a href="#T11:28:26" id="T11:28:26"><abbr title="2012-08-28T11:28:26+00:00">11:28:26</abbr></a>] <span>* tapper (75ddab80@gateway/web/freenode/ip.117.221.171.128) has joined #beagle</span></li>
<li class="message">[<a href="#T11:28:32" id="T11:28:32"><abbr title="2012-08-28T11:28:32+00:00">11:28:32</abbr></a>] &lt;<cite>tapper</cite>&gt; <q>hi all</q></li>
<li class="message">[<a href="#T11:30:04" id="T11:30:04"><abbr title="2012-08-28T11:30:04+00:00">11:30:04</abbr></a>] &lt;<cite>tapper</cite>&gt; <q>I am confused at choosing btw beaglebone and raspberry pi? If u can get both rasp pi and Bone at at same price of 40$, which one will u buy?</q></li>
<li class="message">[<a href="#T11:30:27" id="T11:30:27"><abbr title="2012-08-28T11:30:27+00:00">11:30:27</abbr></a>] &lt;<cite>tapper</cite>&gt; <q>We have a discount offer for Bone in our country.</q></li>
<li class="message">[<a href="#T11:31:07" id="T11:31:07"><abbr title="2012-08-28T11:31:07+00:00">11:31:07</abbr></a>] &lt;<cite>_av500_</cite>&gt; <q>depends</q></li>
<li class="message">[<a href="#T11:31:20" id="T11:31:20"><abbr title="2012-08-28T11:31:20+00:00">11:31:20</abbr></a>] &lt;<cite>_av500_</cite>&gt; <q>if you need HD video decode, the bone is not for you</q></li>
<li class="message">[<a href="#T11:31:42" id="T11:31:42"><abbr title="2012-08-28T11:31:42+00:00">11:31:42</abbr></a>] &lt;<cite>tapper</cite>&gt; <q>i dont want HD video decode.</q></li>
<li class="message">[<a href="#T11:31:46" id="T11:31:46"><abbr title="2012-08-28T11:31:46+00:00">11:31:46</abbr></a>] &lt;<cite>_av500_</cite>&gt; <q>if you want to learn embedded linux and/or connect stuff, the bone might be better</q></li>
<li class="message">[<a href="#T11:31:57" id="T11:31:57"><abbr title="2012-08-28T11:31:57+00:00">11:31:57</abbr></a>] &lt;<cite>tapper</cite>&gt; <q>what abt the commuty support?</q></li>
<li class="message">[<a href="#T11:33:01" id="T11:33:01"><abbr title="2012-08-28T11:33:01+00:00">11:33:01</abbr></a>] &lt;<cite>tapper</cite>&gt; <q>*community</q></li>
<li class="message">[<a href="#T11:33:30" id="T11:33:30"><abbr title="2012-08-28T11:33:30+00:00">11:33:30</abbr></a>] &lt;<cite>_av500_</cite>&gt; <q>both have one</q></li>
<li class="message">[<a href="#T11:33:46" id="T11:33:46"><abbr title="2012-08-28T11:33:46+00:00">11:33:46</abbr></a>] &lt;<cite>ogra_</cite>&gt; <q>beagle one is older and more established ...</q></li>
<li class="message">[<a href="#T11:34:06" id="T11:34:06"><abbr title="2012-08-28T11:34:06+00:00">11:34:06</abbr></a>] &lt;<cite>ogra_</cite>&gt; <q>(older in all meanings of the word ... )</q></li>
<li class="action">[<a href="#T11:35:36" id="T11:35:36"><abbr title="2012-08-28T11:35:36+00:00">11:35:36</abbr></a>] <span>* _av500_ is old</span></li>
<li class="action">[<a href="#T11:35:43" id="T11:35:43"><abbr title="2012-08-28T11:35:43+00:00">11:35:43</abbr></a>] <span>* ogra_ too</span></li>
<li class="message">[<a href="#T11:37:07" id="T11:37:07"><abbr title="2012-08-28T11:37:07+00:00">11:37:07</abbr></a>] &lt;<cite>tapper</cite>&gt; <q>I am interested in doing some stuff with OpenCV. Is tht possible?? does it give good result with bone that rasp pi??</q></li>
<li class="message">[<a href="#T11:37:19" id="T11:37:19"><abbr title="2012-08-28T11:37:19+00:00">11:37:19</abbr></a>] &lt;<cite>tapper</cite>&gt; <q>*than</q></li>
<li class="message">[<a href="#T11:40:35" id="T11:40:35"><abbr title="2012-08-28T11:40:35+00:00">11:40:35</abbr></a>] &lt;<cite>_av500_</cite>&gt; <q>yes</q></li>
<li class="message">[<a href="#T11:40:40" id="T11:40:40"><abbr title="2012-08-28T11:40:40+00:00">11:40:40</abbr></a>] &lt;<cite>_av500_</cite>&gt; <q>since bone has the more powerfull CPU</q></li>
<li class="message">[<a href="#T11:41:59" id="T11:41:59"><abbr title="2012-08-28T11:41:59+00:00">11:41:59</abbr></a>] &lt;<cite>tapper</cite>&gt; <q>@av500 why did you say bone is better for learning embedded linux? why not rasp pi?</q></li>
<li class="message">[<a href="#T11:45:28" id="T11:45:28"><abbr title="2012-08-28T11:45:28+00:00">11:45:28</abbr></a>] &lt;<cite>tapper</cite>&gt; <q>guess i  will go with bone then.</q></li>
<li class="join">[<a href="#T11:53:46" id="T11:53:46"><abbr title="2012-08-28T11:53:46+00:00">11:53:46</abbr></a>] <span>* rcranetx (~rcranetx@nat/ti/x-mtzslornwqetijht) has joined #beagle</span></li>
<li class="quit">[<a href="#T11:55:50" id="T11:55:50"><abbr title="2012-08-28T11:55:50+00:00">11:55:50</abbr></a>] <span>* w|zzy (~qt@unaffiliated/wzzy/x-2246474) Quit (Quit: No Ping reply in 180 seconds.)</span></li>
<li class="join">[<a href="#T11:56:53" id="T11:56:53"><abbr title="2012-08-28T11:56:53+00:00">11:56:53</abbr></a>] <span>* w|zzy (~qt@220-245-95-7.static.tpgi.com.au) has joined #beagle</span></li>
<li class="quit">[<abbr title="2012-08-28T11:56:53+00:00">11:56:53</abbr>] <span>* w|zzy (~qt@220-245-95-7.static.tpgi.com.au) Quit (Changing host)</span></li>
<li class="join">[<abbr title="2012-08-28T11:56:53+00:00">11:56:53</abbr>] <span>* w|zzy (~qt@unaffiliated/wzzy/x-2246474) has joined #beagle</span></li>
<li class="join">[<a href="#T12:00:56" id="T12:00:56"><abbr title="2012-08-28T12:00:56+00:00">12:00:56</abbr></a>] <span>* kiilo (~kiilo@84-73-26-194.dclient.hispeed.ch) has joined #beagle</span></li>
<li class="quit">[<a href="#T12:07:05" id="T12:07:05"><abbr title="2012-08-28T12:07:05+00:00">12:07:05</abbr></a>] <span>* tapper (75ddab80@gateway/web/freenode/ip.117.221.171.128) Quit (Ping timeout: 245 seconds)</span></li>
<li class="join">[<a href="#T12:10:23" id="T12:10:23"><abbr title="2012-08-28T12:10:23+00:00">12:10:23</abbr></a>] <span>* panto (~panto@195.97.110.117) has joined #beagle</span></li>
<li class="quit">[<a href="#T12:16:14" id="T12:16:14"><abbr title="2012-08-28T12:16:14+00:00">12:16:14</abbr></a>] <span>* kiilo (~kiilo@84-73-26-194.dclient.hispeed.ch) Quit (Remote host closed the connection)</span></li>
<li class="join">[<a href="#T12:25:14" id="T12:25:14"><abbr title="2012-08-28T12:25:14+00:00">12:25:14</abbr></a>] <span>* kiilo (~kiilo@84-73-26-194.dclient.hispeed.ch) has joined #beagle</span></li>
<li class="join">[<a href="#T12:32:08" id="T12:32:08"><abbr title="2012-08-28T12:32:08+00:00">12:32:08</abbr></a>] <span>* arcanescu (925706ef@gateway/web/freenode/ip.146.87.6.239) has joined #beagle</span></li>
<li class="quit">[<a href="#T12:40:00" id="T12:40:00"><abbr title="2012-08-28T12:40:00+00:00">12:40:00</abbr></a>] <span>* tasslehoff (~tasslehof@147.84-49-231.nextgentel.com) Quit (Quit: WeeChat 0.3.7)</span></li>
<li class="quit">[<a href="#T12:41:48" id="T12:41:48"><abbr title="2012-08-28T12:41:48+00:00">12:41:48</abbr></a>] <span>* pfefferz (~pfefferz@cpe-70-123-135-48.austin.res.rr.com) Quit (Ping timeout: 244 seconds)</span></li>
<li class="join">[<a href="#T12:46:30" id="T12:46:30"><abbr title="2012-08-28T12:46:30+00:00">12:46:30</abbr></a>] <span>* kunguz (~kaan@119.201.25.81) has joined #beagle</span></li>
<li class="message">[<a href="#T12:47:05" id="T12:47:05"><abbr title="2012-08-28T12:47:05+00:00">12:47:05</abbr></a>] &lt;<cite>_av500_</cite>&gt; <q>because I am opiniated</q></li>
<li class="join">[<a href="#T12:49:12" id="T12:49:12"><abbr title="2012-08-28T12:49:12+00:00">12:49:12</abbr></a>] <span>* pfefferz (~pfefferz@cpe-70-123-135-48.austin.res.rr.com) has joined #beagleboard</span></li>
<li class="join">[<a href="#T12:49:14" id="T12:49:14"><abbr title="2012-08-28T12:49:14+00:00">12:49:14</abbr></a>] <span>* pfefferz (~pfefferz@cpe-70-123-135-48.austin.res.rr.com) has joined #beagle</span></li>
<li class="message">[<a href="#T12:51:16" id="T12:51:16"><abbr title="2012-08-28T12:51:16+00:00">12:51:16</abbr></a>] &lt;<cite>LetoThe2nd</cite>&gt; <q>_av500_: you are opaited?</q></li>
<li class="message">[<a href="#T12:51:30" id="T12:51:30"><abbr title="2012-08-28T12:51:30+00:00">12:51:30</abbr></a>] &lt;<cite>ogra_</cite>&gt; <q>and its only tuesday !</q></li>
<li class="quit">[<a href="#T12:54:32" id="T12:54:32"><abbr title="2012-08-28T12:54:32+00:00">12:54:32</abbr></a>] <span>* harshpb (~harshpb@122.167.94.109) Quit (Ping timeout: 268 seconds)</span></li>
<li class="quit">[<a href="#T12:56:42" id="T12:56:42"><abbr title="2012-08-28T12:56:42+00:00">12:56:42</abbr></a>] <span>* thurbad (~natesewel@cpe-70-124-80-154.austin.res.rr.com) Quit (Quit: thurbad)</span></li>
<li class="message">[<a href="#T12:57:45" id="T12:57:45"><abbr title="2012-08-28T12:57:45+00:00">12:57:45</abbr></a>] &lt;<cite>mru</cite>&gt; <q>opiated?</q></li>
<li class="quit">[<a href="#T13:03:59" id="T13:03:59"><abbr title="2012-08-28T13:03:59+00:00">13:03:59</abbr></a>] <span>* oteros2000 (501c7b24@gateway/web/freenode/ip.80.28.123.36) Quit (Quit: Page closed)</span></li>
<li class="quit">[<a href="#T13:08:46" id="T13:08:46"><abbr title="2012-08-28T13:08:46+00:00">13:08:46</abbr></a>] <span>* pfefferz (~pfefferz@cpe-70-123-135-48.austin.res.rr.com) Quit (Ping timeout: 252 seconds)</span></li>
<li class="join">[<a href="#T13:16:21" id="T13:16:21"><abbr title="2012-08-28T13:16:21+00:00">13:16:21</abbr></a>] <span>* juvenal (~juvenal@187.74.85.177) has joined #beagle</span></li>
<li class="quit">[<a href="#T13:17:16" id="T13:17:16"><abbr title="2012-08-28T13:17:16+00:00">13:17:16</abbr></a>] <span>* juvenal (~juvenal@187.74.85.177) Quit (Client Quit)</span></li>
<li class="message">[<a href="#T13:18:17" id="T13:18:17"><abbr title="2012-08-28T13:18:17+00:00">13:18:17</abbr></a>] &lt;<cite>_av500_</cite>&gt; <q>yes</q></li>
<li class="join">[<a href="#T13:18:21" id="T13:18:21"><abbr title="2012-08-28T13:18:21+00:00">13:18:21</abbr></a>] <span>* smplman (~speery@64.132.167.18) has joined #beagle</span></li>
<li class="message">[<a href="#T13:18:24" id="T13:18:24"><abbr title="2012-08-28T13:18:24+00:00">13:18:24</abbr></a>] &lt;<cite>_av500_</cite>&gt; <q>pain killers</q></li>
<li class="join">[<a href="#T13:20:06" id="T13:20:06"><abbr title="2012-08-28T13:20:06+00:00">13:20:06</abbr></a>] <span>* sre-su (~sre-su@unaffiliated/sre-su) has joined #beagle</span></li>
<li class="part">[<a href="#T13:20:22" id="T13:20:22"><abbr title="2012-08-28T13:20:22+00:00">13:20:22</abbr></a>] <span>* sre-su (~sre-su@unaffiliated/sre-su) has left #beagle</span></li>
<li class="message">[<a href="#T13:20:46" id="T13:20:46"><abbr title="2012-08-28T13:20:46+00:00">13:20:46</abbr></a>] &lt;<cite>mru</cite>&gt; <q>plain killers</q></li>
<li class="message">[<a href="#T13:24:41" id="T13:24:41"><abbr title="2012-08-28T13:24:41+00:00">13:24:41</abbr></a>] &lt;<cite>LetoThe2nd</cite>&gt; <q>spain killers?</q></li>
<li class="join">[<a href="#T13:28:51" id="T13:28:51"><abbr title="2012-08-28T13:28:51+00:00">13:28:51</abbr></a>] <span>* icota (~quassel@dh207-39-136.xnet.hr) has joined #beagle</span></li>
<li class="message">[<a href="#T13:30:57" id="T13:30:57"><abbr title="2012-08-28T13:30:57+00:00">13:30:57</abbr></a>] &lt;<cite>mru</cite>&gt; <q>stain killers?</q></li>
<li class="message">[<a href="#T13:31:10" id="T13:31:10"><abbr title="2012-08-28T13:31:10+00:00">13:31:10</abbr></a>] &lt;<cite>mru</cite>&gt; <q>slain killers?</q></li>
<li class="message">[<a href="#T13:35:04" id="T13:35:04"><abbr title="2012-08-28T13:35:04+00:00">13:35:04</abbr></a>] &lt;<cite>ogra_</cite>&gt; <q>vain pillars ?</q></li>
<li class="quit">[<a href="#T13:37:06" id="T13:37:06"><abbr title="2012-08-28T13:37:06+00:00">13:37:06</abbr></a>] <span>* drakkan1000_ (~drakkan@dynamic-adsl-78-12-189-35.clienti.tiscali.it) Quit (Ping timeout: 245 seconds)</span></li>
<li class="join">[<a href="#T13:38:03" id="T13:38:03"><abbr title="2012-08-28T13:38:03+00:00">13:38:03</abbr></a>] <span>* thurbad (~natesewel@64.132.24.36) has joined #beagle</span></li>
<li class="message">[<a href="#T13:40:00" id="T13:40:00"><abbr title="2012-08-28T13:40:00+00:00">13:40:00</abbr></a>] &lt;<cite>LetoThe2nd</cite>&gt; <q>snow smillas :)</q></li>
<li class="join">[<a href="#T13:42:18" id="T13:42:18"><abbr title="2012-08-28T13:42:18+00:00">13:42:18</abbr></a>] <span>* Crofton (~balister@205-168-82-250.dia.static.qwest.net) has joined #beagle</span></li>
<li class="join">[<a href="#T13:44:31" id="T13:44:31"><abbr title="2012-08-28T13:44:31+00:00">13:44:31</abbr></a>] <span>* harshpb (~harshpb@122.167.94.109) has joined #beagleboard</span></li>
<li class="join">[<a href="#T13:44:33" id="T13:44:33"><abbr title="2012-08-28T13:44:33+00:00">13:44:33</abbr></a>] <span>* harshpb (~harshpb@122.167.94.109) has joined #beagle</span></li>
<li class="quit">[<a href="#T13:54:43" id="T13:54:43"><abbr title="2012-08-28T13:54:43+00:00">13:54:43</abbr></a>] <span>* harshpb (~harshpb@122.167.94.109) Quit (Ping timeout: 245 seconds)</span></li>
<li class="quit">[<a href="#T13:56:31" id="T13:56:31"><abbr title="2012-08-28T13:56:31+00:00">13:56:31</abbr></a>] <span>* ndec (~ndec@nat/ti/x-xdviiwtfnanmsadm) Quit (Remote host closed the connection)</span></li>
<li class="join">[<a href="#T13:57:02" id="T13:57:02"><abbr title="2012-08-28T13:57:02+00:00">13:57:02</abbr></a>] <span>* ndec (~ndec@nat/ti/x-qmwpheifhtkwpwuu) has joined #beagle</span></li>
<li class="quit">[<a href="#T14:01:59" id="T14:01:59"><abbr title="2012-08-28T14:01:59+00:00">14:01:59</abbr></a>] <span>* krajo1_ (~krajo1@ip4-83-240-125-22.cust.nbox.cz) Quit (Quit: Konversation terminated!)</span></li>
<li class="join">[<a href="#T14:02:45" id="T14:02:45"><abbr title="2012-08-28T14:02:45+00:00">14:02:45</abbr></a>] <span>* GPSFan (~kenm@64.92.145.112) has joined #beagle</span></li>
<li class="message">[<a href="#T14:05:42" id="T14:05:42"><abbr title="2012-08-28T14:05:42+00:00">14:05:42</abbr></a>] &lt;<cite>_av500_</cite>&gt; <q>go rillaz</q></li>
<li class="join">[<a href="#T14:07:56" id="T14:07:56"><abbr title="2012-08-28T14:07:56+00:00">14:07:56</abbr></a>] <span>* emeb_mac (~ericb@ip72-201-79-123.ph.ph.cox.net) has joined #beagle</span></li>
<li class="quit">[<a href="#T14:08:05" id="T14:08:05"><abbr title="2012-08-28T14:08:05+00:00">14:08:05</abbr></a>] <span>* damir__ (~damir@217-72-91-162.ipv4.tusmobil.si) Quit (Quit: Leaving.)</span></li>
<li class="join">[<a href="#T14:08:18" id="T14:08:18"><abbr title="2012-08-28T14:08:18+00:00">14:08:18</abbr></a>] <span>* damir__ (~damir@217-72-91-162.ipv4.tusmobil.si) has joined #beagle</span></li>
<li class="message">[<a href="#T14:09:05" id="T14:09:05"><abbr title="2012-08-28T14:09:05+00:00">14:09:05</abbr></a>] &lt;<cite>LetoThe2nd</cite>&gt; <q>nasi go reng</q></li>
<li class="quit">[<a href="#T14:10:11" id="T14:10:11"><abbr title="2012-08-28T14:10:11+00:00">14:10:11</abbr></a>] <span>* florian (~fuchs@Maemo/community/contributor/florian) Quit (Ping timeout: 272 seconds)</span></li>
<li class="join">[<a href="#T14:13:32" id="T14:13:32"><abbr title="2012-08-28T14:13:32+00:00">14:13:32</abbr></a>] <span>* gdm_ (~gdm@186.22.65.37) has joined #beagle</span></li>
<li class="quit">[<a href="#T14:21:15" id="T14:21:15"><abbr title="2012-08-28T14:21:15+00:00">14:21:15</abbr></a>] <span>* toobluesc (~nitro@cpe-72-190-119-68.tx.res.rr.com) Quit (Quit: Ex-Chat)</span></li>
<li class="quit">[<a href="#T14:32:06" id="T14:32:06"><abbr title="2012-08-28T14:32:06+00:00">14:32:06</abbr></a>] <span>* icota (~quassel@dh207-39-136.xnet.hr) Quit (Remote host closed the connection)</span></li>
<li class="quit">[<a href="#T14:35:22" id="T14:35:22"><abbr title="2012-08-28T14:35:22+00:00">14:35:22</abbr></a>] <span>* emeb_mac (~ericb@ip72-201-79-123.ph.ph.cox.net) Quit (Quit: emeb_mac)</span></li>
<li class="join">[<a href="#T14:48:27" id="T14:48:27"><abbr title="2012-08-28T14:48:27+00:00">14:48:27</abbr></a>] <span>* C-o-r-E (~nash@modemcable123.117-82-70.mc.videotron.ca) has joined #beagle</span></li>
<li class="quit">[<a href="#T14:55:10" id="T14:55:10"><abbr title="2012-08-28T14:55:10+00:00">14:55:10</abbr></a>] <span>* jpirko (jirka@nat/redhat/x-yuaoxwzuskmklzbx) Quit (Quit: Leaving)</span></li>
<li class="quit">[<a href="#T15:02:37" id="T15:02:37"><abbr title="2012-08-28T15:02:37+00:00">15:02:37</abbr></a>] <span>* Qbert_ (~mattias@stingdhcp-101.holding.kth.se) Quit (Quit: Ex-Chat)</span></li>
<li class="quit">[<a href="#T15:02:57" id="T15:02:57"><abbr title="2012-08-28T15:02:57+00:00">15:02:57</abbr></a>] <span>* Riastradh (~riastradh@fsf/member/riastradh) Quit (Ping timeout: 276 seconds)</span></li>
<li class="quit">[<a href="#T15:04:05" id="T15:04:05"><abbr title="2012-08-28T15:04:05+00:00">15:04:05</abbr></a>] <span>* photex (~photex@cpe-75-84-98-52.socal.res.rr.com) Quit (Quit: Computer has gone to sleep.)</span></li>
<li class="join">[<a href="#T15:04:25" id="T15:04:25"><abbr title="2012-08-28T15:04:25+00:00">15:04:25</abbr></a>] <span>* rcranetx1 (~rcranetx@nat/ti/x-oebexocivmgsunfv) has joined #beagle</span></li>
<li class="quit">[<a href="#T15:05:39" id="T15:05:39"><abbr title="2012-08-28T15:05:39+00:00">15:05:39</abbr></a>] <span>* damir__ (~damir@217-72-91-162.ipv4.tusmobil.si) Quit (Quit: Leaving.)</span></li>
<li class="join">[<a href="#T15:06:32" id="T15:06:32"><abbr title="2012-08-28T15:06:32+00:00">15:06:32</abbr></a>] <span>* juvenal (juvenal@nat/ibm/x-iuwvfwjhwlnxsbye) has joined #beagle</span></li>
<li class="quit">[<a href="#T15:06:51" id="T15:06:51"><abbr title="2012-08-28T15:06:51+00:00">15:06:51</abbr></a>] <span>* rcranetx (~rcranetx@nat/ti/x-mtzslornwqetijht) Quit (Ping timeout: 240 seconds)</span></li>
<li class="join">[<a href="#T15:07:25" id="T15:07:25"><abbr title="2012-08-28T15:07:25+00:00">15:07:25</abbr></a>] <span>* rcranetx (~rcranetx@nat/ti/x-mexjsclhsuoxyxnb) has joined #beagle</span></li>
<li class="quit">[<a href="#T15:08:58" id="T15:08:58"><abbr title="2012-08-28T15:08:58+00:00">15:08:58</abbr></a>] <span>* rcranetx1 (~rcranetx@nat/ti/x-oebexocivmgsunfv) Quit (Ping timeout: 268 seconds)</span></li>
<li class="join">[<a href="#T15:10:49" id="T15:10:49"><abbr title="2012-08-28T15:10:49+00:00">15:10:49</abbr></a>] <span>* kkeller (~Ken_Kelle@97-124-115-100.phnx.qwest.net) has joined #beagle</span></li>
<li class="quit">[<a href="#T15:11:17" id="T15:11:17"><abbr title="2012-08-28T15:11:17+00:00">15:11:17</abbr></a>] <span>* juvenal (juvenal@nat/ibm/x-iuwvfwjhwlnxsbye) Quit (Ping timeout: 260 seconds)</span></li>
<li class="join">[<a href="#T15:11:42" id="T15:11:42"><abbr title="2012-08-28T15:11:42+00:00">15:11:42</abbr></a>] <span>* Venom_X (~phillyque@67-200-192-12.static.logixcom.net) has joined #beagle</span></li>
<li class="join">[<a href="#T15:15:37" id="T15:15:37"><abbr title="2012-08-28T15:15:37+00:00">15:15:37</abbr></a>] <span>* juvenal (juvenal@nat/ibm/x-iqkieqsrlimlktep) has joined #beagle</span></li>
<li class="quit">[<a href="#T15:18:47" id="T15:18:47"><abbr title="2012-08-28T15:18:47+00:00">15:18:47</abbr></a>] <span>* Hitsch (~Hitsch@152.96.201.16) Quit (Read error: Connection reset by peer)</span></li>
<li class="join">[<a href="#T15:19:07" id="T15:19:07"><abbr title="2012-08-28T15:19:07+00:00">15:19:07</abbr></a>] <span>* Hitsch (~Hitsch@152.96.201.16) has joined #beagle</span></li>
<li class="quit">[<a href="#T15:25:20" id="T15:25:20"><abbr title="2012-08-28T15:25:20+00:00">15:25:20</abbr></a>] <span>* kiilo (~kiilo@84-73-26-194.dclient.hispeed.ch) Quit (Quit: ciao)</span></li>
<li class="join">[<a href="#T15:26:22" id="T15:26:22"><abbr title="2012-08-28T15:26:22+00:00">15:26:22</abbr></a>] <span>* Matt_O1 (~MattOwnby@216.160.243.228) has joined #beagle</span></li>
<li class="quit">[<a href="#T15:28:43" id="T15:28:43"><abbr title="2012-08-28T15:28:43+00:00">15:28:43</abbr></a>] <span>* Matt_O (~MattOwnby@216.160.243.228) Quit (Ping timeout: 244 seconds)</span></li>
<li class="join">[<a href="#T15:29:10" id="T15:29:10"><abbr title="2012-08-28T15:29:10+00:00">15:29:10</abbr></a>] <span>* Riastradh (~riastradh@fsf/member/riastradh) has joined #beagle</span></li>
<li class="quit">[<a href="#T15:37:51" id="T15:37:51"><abbr title="2012-08-28T15:37:51+00:00">15:37:51</abbr></a>] <span>* koen (~koen@cl-267.ams-05.nl.sixxs.net) Quit (Quit: Changing server)</span></li>
<li class="join">[<a href="#T15:37:57" id="T15:37:57"><abbr title="2012-08-28T15:37:57+00:00">15:37:57</abbr></a>] <span>* koen (koen@ip4da2a5ae.direct-adsl.nl) has joined #beagle</span></li>
<li class="join">[<a href="#T15:40:45" id="T15:40:45"><abbr title="2012-08-28T15:40:45+00:00">15:40:45</abbr></a>] <span>* emeb (~ericb@ip72-201-79-123.ph.ph.cox.net) has joined #beagle</span></li>
<li class="message">[<a href="#T15:52:06" id="T15:52:06"><abbr title="2012-08-28T15:52:06+00:00">15:52:06</abbr></a>] &lt;<cite>joelagnel</cite>&gt; <q>koen, does musb OTG port work with the newer kernels you're building  on beaglebone?</q></li>
<li class="message">[<a href="#T15:54:20" id="T15:54:20"><abbr title="2012-08-28T15:54:20+00:00">15:54:20</abbr></a>] &lt;<cite>koen</cite>&gt; <q>yes</q></li>
<li class="message">[<a href="#T15:54:28" id="T15:54:28"><abbr title="2012-08-28T15:54:28+00:00">15:54:28</abbr></a>] &lt;<cite>joelagnel</cite>&gt; <q>ok</q></li>
<li class="message">[<a href="#T15:54:30" id="T15:54:30"><abbr title="2012-08-28T15:54:30+00:00">15:54:30</abbr></a>] &lt;<cite>koen</cite>&gt; <q>otherwise we wouldn't ship it</q></li>
<li class="join">[<a href="#T15:54:37" id="T15:54:37"><abbr title="2012-08-28T15:54:37+00:00">15:54:37</abbr></a>] <span>* novogrammer (~novogramm@w0109-49-133-206-136.uqwimax.jp) has joined #beagle</span></li>
<li class="quit">[<a href="#T15:54:40" id="T15:54:40"><abbr title="2012-08-28T15:54:40+00:00">15:54:40</abbr></a>] <span>* mythos (~mythos@unaffiliated/mythos) Quit (Ping timeout: 265 seconds)</span></li>
<li class="message">[<a href="#T15:54:45" id="T15:54:45"><abbr title="2012-08-28T15:54:45+00:00">15:54:45</abbr></a>] &lt;<cite>koen</cite>&gt; <q>&lt;insert standard musb disclaimer&gt;</q></li>
<li class="quit">[<a href="#T15:58:56" id="T15:58:56"><abbr title="2012-08-28T15:58:56+00:00">15:58:56</abbr></a>] <span>* rcranetx (~rcranetx@nat/ti/x-mexjsclhsuoxyxnb) Quit (Quit: Leaving.)</span></li>
<li class="join">[<a href="#T16:08:48" id="T16:08:48"><abbr title="2012-08-28T16:08:48+00:00">16:08:48</abbr></a>] <span>* rcranetx (~rcranetx@nat/ti/x-psdfiywjrxfdrwlk) has joined #beagle</span></li>
<li class="quit">[<a href="#T16:11:53" id="T16:11:53"><abbr title="2012-08-28T16:11:53+00:00">16:11:53</abbr></a>] <span>* nslu2-log (~nslu2-log@140.211.169.184) Quit (Remote host closed the connection)</span></li>
<li class="join">[<a href="#T16:12:23" id="T16:12:23"><abbr title="2012-08-28T16:12:23+00:00">16:12:23</abbr></a>] <span>* nslu2-log (~nslu2-log@140.211.169.184) has joined #beaglebone</span></li>
<li class="join">[<abbr title="2012-08-28T16:12:23+00:00">16:12:23</abbr>] <span>* nslu2-log (~nslu2-log@140.211.169.184) has joined #beagle</span></li>
<li class="join">[<abbr title="2012-08-28T16:12:23+00:00">16:12:23</abbr>] <span>* nslu2-log (~nslu2-log@140.211.169.184) has joined #beagleboard</span></li>
<li class="join">[<a href="#T16:12:41" id="T16:12:41"><abbr title="2012-08-28T16:12:41+00:00">16:12:41</abbr></a>] <span>* the_hulk (~sumedh@triband-mum-120.60.37.170.mtnl.net.in) has joined #beagle</span></li>
<li class="join">[<a href="#T16:13:09" id="T16:13:09"><abbr title="2012-08-28T16:13:09+00:00">16:13:09</abbr></a>] <span>* NishanthMenon (~nmenon@192.91.66.189) has joined #beagle</span></li>
<li class="quit">[<a href="#T16:15:34" id="T16:15:34"><abbr title="2012-08-28T16:15:34+00:00">16:15:34</abbr></a>] <span>* the_hulk (~sumedh@triband-mum-120.60.37.170.mtnl.net.in) Quit (Read error: Connection reset by peer)</span></li>
<li class="join">[<a href="#T16:17:43" id="T16:17:43"><abbr title="2012-08-28T16:17:43+00:00">16:17:43</abbr></a>] <span>* drakkan1000 (~drakkan@dynamic-adsl-78-12-189-35.clienti.tiscali.it) has joined #beagle</span></li>
<li class="join">[<a href="#T16:17:56" id="T16:17:56"><abbr title="2012-08-28T16:17:56+00:00">16:17:56</abbr></a>] <span>* heeen (heeen@endboss.org) has joined #beagle</span></li>
<li class="message">[<a href="#T16:18:16" id="T16:18:16"><abbr title="2012-08-28T16:18:16+00:00">16:18:16</abbr></a>] &lt;<cite>heeen</cite>&gt; <q>hey, where can I find the sources for the kernel for ubuntu on the beagle</q></li>
<li class="message">[<a href="#T16:18:45" id="T16:18:45"><abbr title="2012-08-28T16:18:45+00:00">16:18:45</abbr></a>] &lt;<cite>heeen</cite>&gt; <q>Welcome to Ubuntu 12.04.1 LTS (GNU/Linux 3.2.23-psp18 armv7l)</q></li>
<li class="quit">[<a href="#T16:18:50" id="T16:18:50"><abbr title="2012-08-28T16:18:50+00:00">16:18:50</abbr></a>] <span>* novogrammer (~novogramm@w0109-49-133-206-136.uqwimax.jp) Quit (Read error: Connection reset by peer)</span></li>
<li class="message">[<a href="#T16:18:57" id="T16:18:57"><abbr title="2012-08-28T16:18:57+00:00">16:18:57</abbr></a>] &lt;<cite>heeen</cite>&gt; <q>I want to build a realtek wifi driver</q></li>
<li class="join">[<a href="#T16:19:09" id="T16:19:09"><abbr title="2012-08-28T16:19:09+00:00">16:19:09</abbr></a>] <span>* novogrammer (~novogramm@w0109-49-133-206-136.uqwimax.jp) has joined #beagle</span></li>
<li class="message">[<a href="#T16:19:16" id="T16:19:16"><abbr title="2012-08-28T16:19:16+00:00">16:19:16</abbr></a>] &lt;<cite>heeen</cite>&gt; <q>and Iapparently I need a kernel build tree for that</q></li>
<li class="join">[<a href="#T16:23:04" id="T16:23:04"><abbr title="2012-08-28T16:23:04+00:00">16:23:04</abbr></a>] <span>* kiilo (~kiilo@adsl-89-217-69-237.adslplus.ch) has joined #beagle</span></li>
<li class="quit">[<a href="#T16:24:26" id="T16:24:26"><abbr title="2012-08-28T16:24:26+00:00">16:24:26</abbr></a>] <span>* kunguz (~kaan@119.201.25.81) Quit (Remote host closed the connection)</span></li>
<li class="join">[<a href="#T16:24:28" id="T16:24:28"><abbr title="2012-08-28T16:24:28+00:00">16:24:28</abbr></a>] <span>* photex (~photex@216.3.125.130) has joined #beagle</span></li>
<li class="join">[<a href="#T16:28:43" id="T16:28:43"><abbr title="2012-08-28T16:28:43+00:00">16:28:43</abbr></a>] <span>* damir__ (~damir@tm.213.143.72.147.lc.telemach.net) has joined #beagle</span></li>
<li class="nick-change">[<a href="#T16:31:13" id="T16:31:13"><abbr title="2012-08-28T16:31:13+00:00">16:31:13</abbr></a>] <span>* ka6sox-away is now known as ka6sox</span></li>
<li class="join">[<a href="#T16:31:31" id="T16:31:31"><abbr title="2012-08-28T16:31:31+00:00">16:31:31</abbr></a>] <span>* the_hulk (~sumedh@triband-mum-120.60.25.225.mtnl.net.in) has joined #beagle</span></li>
<li class="join">[<a href="#T16:37:32" id="T16:37:32"><abbr title="2012-08-28T16:37:32+00:00">16:37:32</abbr></a>] <span>* xuigenerix (~xuigeneri@148.244.158.41) has joined #beagle</span></li>
<li class="join">[<a href="#T16:38:14" id="T16:38:14"><abbr title="2012-08-28T16:38:14+00:00">16:38:14</abbr></a>] <span>* kunguz (~kaan@119.201.25.81) has joined #beagle</span></li>
<li class="join">[<a href="#T16:42:24" id="T16:42:24"><abbr title="2012-08-28T16:42:24+00:00">16:42:24</abbr></a>] <span>* NulL` (~bleh1@46.226.191.147) has joined #beagle</span></li>
<li class="join">[<a href="#T16:50:37" id="T16:50:37"><abbr title="2012-08-28T16:50:37+00:00">16:50:37</abbr></a>] <span>* woglinde (~henning@f052067235.adsl.alicedsl.de) has joined #beagle</span></li>
<li class="join">[<a href="#T16:55:17" id="T16:55:17"><abbr title="2012-08-28T16:55:17+00:00">16:55:17</abbr></a>] <span>* harshpb (~harshpb@122.167.222.131) has joined #beagleboard</span></li>
<li class="join">[<a href="#T16:55:19" id="T16:55:19"><abbr title="2012-08-28T16:55:19+00:00">16:55:19</abbr></a>] <span>* harshpb (~harshpb@122.167.222.131) has joined #beagle</span></li>
