<li class="quit">[<a href="#T00:14:17" id="T00:14:17"><abbr title="2012-07-01T00:14:17+00:00">00:14:17</abbr></a>] <span>* emeb (~ericb@ip72-223-89-137.ph.ph.cox.net) Quit (Quit: Leaving.)</span></li>
<li class="join">[<a href="#T00:14:46" id="T00:14:46"><abbr title="2012-07-01T00:14:46+00:00">00:14:46</abbr></a>] <span>* emeb (~ericb@ip72-223-89-137.ph.ph.cox.net) has joined #beagle</span></li>
<li class="quit">[<a href="#T00:15:00" id="T00:15:00"><abbr title="2012-07-01T00:15:00+00:00">00:15:00</abbr></a>] <span>* emeb (~ericb@ip72-223-89-137.ph.ph.cox.net) Quit (Client Quit)</span></li>
<li class="join">[<a href="#T00:15:10" id="T00:15:10"><abbr title="2012-07-01T00:15:10+00:00">00:15:10</abbr></a>] <span>* rbarraud (~rbarraud@125-237-76-181.jetstream.xtra.co.nz) has joined #beagle</span></li>
<li class="join">[<a href="#T00:18:45" id="T00:18:45"><abbr title="2012-07-01T00:18:45+00:00">00:18:45</abbr></a>] <span>* emeb (~ericb@ip72-223-89-137.ph.ph.cox.net) has joined #beagle</span></li>
<li class="quit">[<a href="#T00:19:33" id="T00:19:33"><abbr title="2012-07-01T00:19:33+00:00">00:19:33</abbr></a>] <span>* Anduck (~Anduck@a88-85-130-155.mpynet.fi) Quit (Ping timeout: 248 seconds)</span></li>
<li class="quit">[<a href="#T00:28:19" id="T00:28:19"><abbr title="2012-07-01T00:28:19+00:00">00:28:19</abbr></a>] <span>* mag (~mgreer@ip68-2-83-159.ph.ph.cox.net) Quit (Quit: Terminated with extreme prejudice - dircproxy 1.0.5)</span></li>
<li class="join">[<a href="#T00:32:09" id="T00:32:09"><abbr title="2012-07-01T00:32:09+00:00">00:32:09</abbr></a>] <span>* yangster (kvirc@ool-4a5acd4e.dyn.optonline.net) has joined #beagle</span></li>
<li class="join">[<a href="#T00:33:43" id="T00:33:43"><abbr title="2012-07-01T00:33:43+00:00">00:33:43</abbr></a>] <span>* bhthompson (~bhthompso@c-98-234-178-95.hsd1.ca.comcast.net) has joined #beagle</span></li>
<li class="join">[<a href="#T00:34:06" id="T00:34:06"><abbr title="2012-07-01T00:34:06+00:00">00:34:06</abbr></a>] <span>* mag (~mgreer@ip68-2-83-159.ph.ph.cox.net) has joined #beagle</span></li>
<li class="quit">[<a href="#T00:34:25" id="T00:34:25"><abbr title="2012-07-01T00:34:25+00:00">00:34:25</abbr></a>] <span>* Mrick0363 (~emeric@AToulouse-551-1-65-116.w92-146.abo.wanadoo.fr) Quit (Ping timeout: 265 seconds)</span></li>
<li class="join">[<a href="#T00:39:16" id="T00:39:16"><abbr title="2012-07-01T00:39:16+00:00">00:39:16</abbr></a>] <span>* woglinde (~henning@g225146104.adsl.alicedsl.de) has joined #beagle</span></li>
<li class="join">[<a href="#T00:41:02" id="T00:41:02"><abbr title="2012-07-01T00:41:02+00:00">00:41:02</abbr></a>] <span>* guanucoluis (~luis@200-127-38-69.cab.prima.net.ar) has joined #beagle</span></li>
<li class="part">[<a href="#T00:41:14" id="T00:41:14"><abbr title="2012-07-01T00:41:14+00:00">00:41:14</abbr></a>] <span>* guanucoluis (~luis@200-127-38-69.cab.prima.net.ar) has left #beagle</span></li>
<li class="quit">[<a href="#T00:41:59" id="T00:41:59"><abbr title="2012-07-01T00:41:59+00:00">00:41:59</abbr></a>] <span>* cjoe (~customerj@fibhost-66-7-177.fibernet.hu) Quit (Remote host closed the connection)</span></li>
<li class="quit">[<a href="#T00:43:31" id="T00:43:31"><abbr title="2012-07-01T00:43:31+00:00">00:43:31</abbr></a>] <span>* woglinde (~henning@g225146104.adsl.alicedsl.de) Quit (Client Quit)</span></li>
<li class="quit">[<a href="#T00:54:18" id="T00:54:18"><abbr title="2012-07-01T00:54:18+00:00">00:54:18</abbr></a>] <span>* bhthompson (~bhthompso@c-98-234-178-95.hsd1.ca.comcast.net) Quit (Remote host closed the connection)</span></li>
<li class="join">[<a href="#T00:54:53" id="T00:54:53"><abbr title="2012-07-01T00:54:53+00:00">00:54:53</abbr></a>] <span>* bhthompson (~bhthompso@c-98-234-178-95.hsd1.ca.comcast.net) has joined #beagle</span></li>
<li class="quit">[<a href="#T00:59:13" id="T00:59:13"><abbr title="2012-07-01T00:59:13+00:00">00:59:13</abbr></a>] <span>* bhthompson (~bhthompso@c-98-234-178-95.hsd1.ca.comcast.net) Quit (Ping timeout: 246 seconds)</span></li>
<li class="quit">[<a href="#T01:03:41" id="T01:03:41"><abbr title="2012-07-01T01:03:41+00:00">01:03:41</abbr></a>] <span>* jakeday (~jakeday@97-81-54-114.dhcp.kgpt.tn.charter.com) Quit (Remote host closed the connection)</span></li>
<li class="quit">[<a href="#T01:12:00" id="T01:12:00"><abbr title="2012-07-01T01:12:00+00:00">01:12:00</abbr></a>] <span>* gurgalof (~gurgalof@dhcp-233-021.nomad.chalmers.se) Quit (Quit: Leaving)</span></li>
<li class="join">[<a href="#T01:24:29" id="T01:24:29"><abbr title="2012-07-01T01:24:29+00:00">01:24:29</abbr></a>] <span>* jakeday (~jakeday@97-81-54-114.dhcp.kgpt.tn.charter.com) has joined #beagle</span></li>
<li class="join">[<a href="#T01:34:08" id="T01:34:08"><abbr title="2012-07-01T01:34:08+00:00">01:34:08</abbr></a>] <span>* KeatonT (~KeatonT@unaffiliated/keatont) has joined #beagle</span></li>
<li class="quit">[<a href="#T01:35:24" id="T01:35:24"><abbr title="2012-07-01T01:35:24+00:00">01:35:24</abbr></a>] <span>* KeatonT (~KeatonT@unaffiliated/keatont) Quit (Client Quit)</span></li>
<li class="join">[<a href="#T01:35:37" id="T01:35:37"><abbr title="2012-07-01T01:35:37+00:00">01:35:37</abbr></a>] <span>* djerome (~djerome@ip68-2-20-108.ph.ph.cox.net) has joined #beagle</span></li>
<li class="quit">[<a href="#T01:42:26" id="T01:42:26"><abbr title="2012-07-01T01:42:26+00:00">01:42:26</abbr></a>] <span>* jkridner__ (~jason@pdpc/supporter/active/jkridner) Quit (Quit: jkridner__)</span></li>
<li class="join">[<a href="#T01:45:11" id="T01:45:11"><abbr title="2012-07-01T01:45:11+00:00">01:45:11</abbr></a>] <span>* KeatonT (~KeatonT@unaffiliated/keatont) has joined #beagle</span></li>
<li class="quit">[<a href="#T02:02:07" id="T02:02:07"><abbr title="2012-07-01T02:02:07+00:00">02:02:07</abbr></a>] <span>* mIKEjONES (~mIKEjONES@c-98-210-194-55.hsd1.ca.comcast.net) Quit (Ping timeout: 240 seconds)</span></li>
<li class="quit">[<a href="#T02:22:37" id="T02:22:37"><abbr title="2012-07-01T02:22:37+00:00">02:22:37</abbr></a>] <span>* diablorosso_ (~xweber@p5B2D0081.dip0.t-ipconnect.de) Quit (Ping timeout: 240 seconds)</span></li>
<li class="join">[<a href="#T02:24:05" id="T02:24:05"><abbr title="2012-07-01T02:24:05+00:00">02:24:05</abbr></a>] <span>* gurgalof (~gurgalof@c80-216-122-131.bredband.comhem.se) has joined #beagle</span></li>
<li class="quit">[<a href="#T02:33:13" id="T02:33:13"><abbr title="2012-07-01T02:33:13+00:00">02:33:13</abbr></a>] <span>* kiilo (~kiilo@modemcable096.222-163-184.mc.videotron.ca) Quit (Quit: ciao)</span></li>
<li class="join">[<a href="#T02:37:03" id="T02:37:03"><abbr title="2012-07-01T02:37:03+00:00">02:37:03</abbr></a>] <span>* diablorosso_ (~xweber@p5B2D0A54.dip0.t-ipconnect.de) has joined #beagle</span></li>
<li class="quit">[<a href="#T02:37:17" id="T02:37:17"><abbr title="2012-07-01T02:37:17+00:00">02:37:17</abbr></a>] <span>* emeb (~ericb@ip72-223-89-137.ph.ph.cox.net) Quit (Quit: Leaving.)</span></li>
<li class="quit">[<a href="#T02:50:35" id="T02:50:35"><abbr title="2012-07-01T02:50:35+00:00">02:50:35</abbr></a>] <span>* KeatonT (~KeatonT@unaffiliated/keatont) Quit (Quit: Textual IRC Client: <a href="http://www.textualapp.com/)">http://www.textualapp.com/)</a></span></li>
<li class="join">[<a href="#T02:52:51" id="T02:52:51"><abbr title="2012-07-01T02:52:51+00:00">02:52:51</abbr></a>] <span>* KeatonT (~KeatonT@unaffiliated/keatont) has joined #beagle</span></li>
<li class="join">[<a href="#T03:08:39" id="T03:08:39"><abbr title="2012-07-01T03:08:39+00:00">03:08:39</abbr></a>] <span>* aholler_ (~aholler@p57B2065E.dip0.t-ipconnect.de) has joined #beagle</span></li>
<li class="quit">[<a href="#T03:11:59" id="T03:11:59"><abbr title="2012-07-01T03:11:59+00:00">03:11:59</abbr></a>] <span>* aholler (~aholler@p57B207F3.dip0.t-ipconnect.de) Quit (Ping timeout: 265 seconds)</span></li>
<li class="join">[<a href="#T03:14:29" id="T03:14:29"><abbr title="2012-07-01T03:14:29+00:00">03:14:29</abbr></a>] <span>* emeb_mac (~ericb@ip72-223-89-137.ph.ph.cox.net) has joined #beagle</span></li>
<li class="quit">[<a href="#T03:38:03" id="T03:38:03"><abbr title="2012-07-01T03:38:03+00:00">03:38:03</abbr></a>] <span>* gurgalof (~gurgalof@c80-216-122-131.bredband.comhem.se) Quit (Quit: Leaving)</span></li>
<li class="quit">[<a href="#T03:38:56" id="T03:38:56"><abbr title="2012-07-01T03:38:56+00:00">03:38:56</abbr></a>] <span>* alan_o (~alan@c-68-62-240-236.hsd1.fl.comcast.net) Quit (Quit: Leaving)</span></li>
<li class="join">[<a href="#T03:50:32" id="T03:50:32"><abbr title="2012-07-01T03:50:32+00:00">03:50:32</abbr></a>] <span>* pokey9000 (~pokey9000@75-27-134-1.lightspeed.austtx.sbcglobal.net) has joined #beagle</span></li>
<li class="join">[<a href="#T03:51:29" id="T03:51:29"><abbr title="2012-07-01T03:51:29+00:00">03:51:29</abbr></a>] <span>* Russ__ (~russ@ip68-4-185-173.oc.oc.cox.net) has joined #beagle</span></li>
<li class="quit">[<a href="#T04:02:12" id="T04:02:12"><abbr title="2012-07-01T04:02:12+00:00">04:02:12</abbr></a>] <span>* GPSFan (~kenm@64.92.145.112) Quit (Remote host closed the connection)</span></li>
<li class="quit">[<a href="#T04:17:25" id="T04:17:25"><abbr title="2012-07-01T04:17:25+00:00">04:17:25</abbr></a>] <span>* Tartarus (trini@46.21.157.24) Quit (Ping timeout: 248 seconds)</span></li>
<li class="join">[<a href="#T04:19:58" id="T04:19:58"><abbr title="2012-07-01T04:19:58+00:00">04:19:58</abbr></a>] <span>* Tartarus (trini@pixelshelf.com) has joined #beagle</span></li>
<li class="join">[<a href="#T04:28:50" id="T04:28:50"><abbr title="2012-07-01T04:28:50+00:00">04:28:50</abbr></a>] <span>* kiilo (~kiilo@modemcable096.222-163-184.mc.videotron.ca) has joined #beagle</span></li>
<li class="quit">[<a href="#T04:35:13" id="T04:35:13"><abbr title="2012-07-01T04:35:13+00:00">04:35:13</abbr></a>] <span>* thurbad (~natesewel@99-130-101-77.lightspeed.snantx.sbcglobal.net) Quit (Ping timeout: 246 seconds)</span></li>
<li class="join">[<a href="#T04:38:32" id="T04:38:32"><abbr title="2012-07-01T04:38:32+00:00">04:38:32</abbr></a>] <span>* thurbad (~natesewel@99-130-101-77.lightspeed.snantx.sbcglobal.net) has joined #beagle</span></li>
<li class="join">[<a href="#T04:45:16" id="T04:45:16"><abbr title="2012-07-01T04:45:16+00:00">04:45:16</abbr></a>] <span>* thurbad_ (~natesewel@99-130-101-77.lightspeed.snantx.sbcglobal.net) has joined #beagle</span></li>
<li class="quit">[<a href="#T04:46:54" id="T04:46:54"><abbr title="2012-07-01T04:46:54+00:00">04:46:54</abbr></a>] <span>* thurbad (~natesewel@99-130-101-77.lightspeed.snantx.sbcglobal.net) Quit (Ping timeout: 264 seconds)</span></li>
<li class="nick-change">[<abbr title="2012-07-01T04:46:54+00:00">04:46:54</abbr>] <span>* thurbad_ is now known as thurbad</span></li>
<li class="quit">[<a href="#T04:51:23" id="T04:51:23"><abbr title="2012-07-01T04:51:23+00:00">04:51:23</abbr></a>] <span>* thurbad (~natesewel@99-130-101-77.lightspeed.snantx.sbcglobal.net) Quit (Ping timeout: 245 seconds)</span></li>
<li class="nick-change">[<a href="#T05:00:50" id="T05:00:50"><abbr title="2012-07-01T05:00:50+00:00">05:00:50</abbr></a>] <span>* Russ__ is now known as Russ</span></li>
<li class="quit">[<a href="#T05:09:45" id="T05:09:45"><abbr title="2012-07-01T05:09:45+00:00">05:09:45</abbr></a>] <span>* KeatonT (~KeatonT@unaffiliated/keatont) Quit (Quit: Textual IRC Client: <a href="http://www.textualapp.com/)">http://www.textualapp.com/)</a></span></li>
<li class="join">[<a href="#T05:11:35" id="T05:11:35"><abbr title="2012-07-01T05:11:35+00:00">05:11:35</abbr></a>] <span>* Mrick0363 (~emeric@AToulouse-551-1-65-116.w92-146.abo.wanadoo.fr) has joined #beagle</span></li>
<li class="quit">[<a href="#T05:12:13" id="T05:12:13"><abbr title="2012-07-01T05:12:13+00:00">05:12:13</abbr></a>] <span>* djerome (~djerome@ip68-2-20-108.ph.ph.cox.net) Quit (Remote host closed the connection)</span></li>
<li class="join">[<a href="#T05:20:45" id="T05:20:45"><abbr title="2012-07-01T05:20:45+00:00">05:20:45</abbr></a>] <span>* KeatonT (~KeatonT@unaffiliated/keatont) has joined #beagle</span></li>
<li class="join">[<a href="#T05:25:41" id="T05:25:41"><abbr title="2012-07-01T05:25:41+00:00">05:25:41</abbr></a>] <span>* DarthExpeditor (~IceChat9@c-24-11-175-127.hsd1.mi.comcast.net) has joined #beagle</span></li>
<li class="join">[<a href="#T05:34:41" id="T05:34:41"><abbr title="2012-07-01T05:34:41+00:00">05:34:41</abbr></a>] <span>* thurbad (~natesewel@99-130-101-77.lightspeed.snantx.sbcglobal.net) has joined #beagle</span></li>
<li class="quit">[<a href="#T05:52:53" id="T05:52:53"><abbr title="2012-07-01T05:52:53+00:00">05:52:53</abbr></a>] <span>* Russ (~russ@ip68-4-185-173.oc.oc.cox.net) Quit (Ping timeout: 246 seconds)</span></li>
<li class="quit">[<a href="#T05:56:46" id="T05:56:46"><abbr title="2012-07-01T05:56:46+00:00">05:56:46</abbr></a>] <span>* kiilo (~kiilo@modemcable096.222-163-184.mc.videotron.ca) Quit (Quit: ciao)</span></li>
<li class="join">[<a href="#T06:00:32" id="T06:00:32"><abbr title="2012-07-01T06:00:32+00:00">06:00:32</abbr></a>] <span>* raster (~raster@enlightenment/developer/raster) has joined #beagle</span></li>
<li class="quit">[<a href="#T06:00:45" id="T06:00:45"><abbr title="2012-07-01T06:00:45+00:00">06:00:45</abbr></a>] <span>* raster (~raster@enlightenment/developer/raster) Quit (Read error: Connection reset by peer)</span></li>
<li class="join">[<a href="#T06:07:35" id="T06:07:35"><abbr title="2012-07-01T06:07:35+00:00">06:07:35</abbr></a>] <span>* novogrammer (~novogramm@w0109-49-134-75-34.uqwimax.jp) has joined #beagle</span></li>
<li class="quit">[<a href="#T06:10:25" id="T06:10:25"><abbr title="2012-07-01T06:10:25+00:00">06:10:25</abbr></a>] <span>* novogrammer (~novogramm@w0109-49-134-75-34.uqwimax.jp) Quit (Remote host closed the connection)</span></li>
<li class="join">[<a href="#T06:15:25" id="T06:15:25"><abbr title="2012-07-01T06:15:25+00:00">06:15:25</abbr></a>] <span>* raster (~raster@enlightenment/developer/raster) has joined #beagle</span></li>
<li class="join">[<a href="#T06:16:44" id="T06:16:44"><abbr title="2012-07-01T06:16:44+00:00">06:16:44</abbr></a>] <span>* Russ (~russ@ip68-4-185-173.oc.oc.cox.net) has joined #beagle</span></li>
<li class="join">[<a href="#T06:29:44" id="T06:29:44"><abbr title="2012-07-01T06:29:44+00:00">06:29:44</abbr></a>] <span>* ilyanok (~ilya@188.134.70.194) has joined #beagle</span></li>
<li class="quit">[<a href="#T06:31:36" id="T06:31:36"><abbr title="2012-07-01T06:31:36+00:00">06:31:36</abbr></a>] <span>* ozzloy (~ozzloy@unaffiliated/ozzloy) Quit (Ping timeout: 265 seconds)</span></li>
<li class="quit">[<a href="#T06:31:47" id="T06:31:47"><abbr title="2012-07-01T06:31:47+00:00">06:31:47</abbr></a>] <span>* KeatonT (~KeatonT@unaffiliated/keatont) Quit (Quit: Textual IRC Client: <a href="http://www.textualapp.com/)">http://www.textualapp.com/)</a></span></li>
<li class="join">[<a href="#T07:00:46" id="T07:00:46"><abbr title="2012-07-01T07:00:46+00:00">07:00:46</abbr></a>] <span>* dENNES (~Adium@port375.ds1-hr.adsl.cybercity.dk) has joined #beagle</span></li>
<li class="join">[<a href="#T07:02:27" id="T07:02:27"><abbr title="2012-07-01T07:02:27+00:00">07:02:27</abbr></a>] <span>* obiat (~chatzilla@dynamic-62-87-129-149.ssp.dialog.net.pl) has joined #beagle</span></li>
<li class="join">[<a href="#T07:11:56" id="T07:11:56"><abbr title="2012-07-01T07:11:56+00:00">07:11:56</abbr></a>] <span>* bhthompson (~bhthompso@c-98-234-178-95.hsd1.ca.comcast.net) has joined #beagle</span></li>
<li class="quit">[<a href="#T07:22:16" id="T07:22:16"><abbr title="2012-07-01T07:22:16+00:00">07:22:16</abbr></a>] <span>* bhthompson (~bhthompso@c-98-234-178-95.hsd1.ca.comcast.net) Quit (Remote host closed the connection)</span></li>
<li class="join">[<a href="#T07:22:48" id="T07:22:48"><abbr title="2012-07-01T07:22:48+00:00">07:22:48</abbr></a>] <span>* bhthompson (~bhthompso@2002:62ea:b25f:0:5b9:4438:eec:3588) has joined #beagle</span></li>
<li class="quit">[<a href="#T07:26:58" id="T07:26:58"><abbr title="2012-07-01T07:26:58+00:00">07:26:58</abbr></a>] <span>* bhthompson (~bhthompso@2002:62ea:b25f:0:5b9:4438:eec:3588) Quit (Ping timeout: 250 seconds)</span></li>
<li class="quit">[<a href="#T07:28:15" id="T07:28:15"><abbr title="2012-07-01T07:28:15+00:00">07:28:15</abbr></a>] <span>* emeb_mac (~ericb@ip72-223-89-137.ph.ph.cox.net) Quit (Quit: emeb_mac)</span></li>
<li class="join">[<a href="#T07:31:33" id="T07:31:33"><abbr title="2012-07-01T07:31:33+00:00">07:31:33</abbr></a>] <span>* bhthompson (~bhthompso@2002:62ea:b25f:0:8cf6:11c6:ead2:26a1) has joined #beagle</span></li>
<li class="quit">[<a href="#T07:39:00" id="T07:39:00"><abbr title="2012-07-01T07:39:00+00:00">07:39:00</abbr></a>] <span>* damir__ (~damir@BSN-182-73-153.dial-up.dsl.siol.net) Quit (Ping timeout: 248 seconds)</span></li>
<li class="quit">[<a href="#T07:49:13" id="T07:49:13"><abbr title="2012-07-01T07:49:13+00:00">07:49:13</abbr></a>] <span>* grma (~gruberm@chello213047201250.tirol.surfer.at) Quit (Remote host closed the connection)</span></li>
<li class="quit">[<a href="#T07:51:14" id="T07:51:14"><abbr title="2012-07-01T07:51:14+00:00">07:51:14</abbr></a>] <span>* Mrick0363 (~emeric@AToulouse-551-1-65-116.w92-146.abo.wanadoo.fr) Quit (Read error: Connection reset by peer)</span></li>
<li class="join">[<a href="#T07:51:52" id="T07:51:52"><abbr title="2012-07-01T07:51:52+00:00">07:51:52</abbr></a>] <span>* Mrick0363 (~emeric@AToulouse-551-1-65-116.w92-146.abo.wanadoo.fr) has joined #beagle</span></li>
<li class="join">[<a href="#T07:52:46" id="T07:52:46"><abbr title="2012-07-01T07:52:46+00:00">07:52:46</abbr></a>] <span>* grma (~gruberm@213.47.201.250) has joined #beagle</span></li>
<li class="join">[<a href="#T07:55:05" id="T07:55:05"><abbr title="2012-07-01T07:55:05+00:00">07:55:05</abbr></a>] <span>* damir__ (~damir@BSN-182-72-215.dial-up.dsl.siol.net) has joined #beagle</span></li>
<li class="quit">[<a href="#T07:57:14" id="T07:57:14"><abbr title="2012-07-01T07:57:14+00:00">07:57:14</abbr></a>] <span>* Russ (~russ@ip68-4-185-173.oc.oc.cox.net) Quit (Ping timeout: 255 seconds)</span></li>
<li class="quit">[<a href="#T07:58:12" id="T07:58:12"><abbr title="2012-07-01T07:58:12+00:00">07:58:12</abbr></a>] <span>* ilyanok (~ilya@188.134.70.194) Quit (Ping timeout: 248 seconds)</span></li>
<li class="nick-change">[<a href="#T08:02:35" id="T08:02:35"><abbr title="2012-07-01T08:02:35+00:00">08:02:35</abbr></a>] <span>* aholler_ is now known as aholler</span></li>
<li class="join">[<a href="#T08:07:17" id="T08:07:17"><abbr title="2012-07-01T08:07:17+00:00">08:07:17</abbr></a>] <span>* jpsaman (~jpsaman@wifi.itcollege.ee) has joined #beagle</span></li>
<li class="quit">[<abbr title="2012-07-01T08:07:17+00:00">08:07:17</abbr>] <span>* jpsaman (~jpsaman@wifi.itcollege.ee) Quit (Changing host)</span></li>
<li class="join">[<abbr title="2012-07-01T08:07:17+00:00">08:07:17</abbr>] <span>* jpsaman (~jpsaman@videolan/developer/jpsaman) has joined #beagle</span></li>
<li class="join">[<a href="#T08:17:16" id="T08:17:16"><abbr title="2012-07-01T08:17:16+00:00">08:17:16</abbr></a>] <span>* vanity (~quassel@203.247.149.126) has joined #beagle</span></li>
<li class="join">[<a href="#T08:20:01" id="T08:20:01"><abbr title="2012-07-01T08:20:01+00:00">08:20:01</abbr></a>] <span>* ilyanok (~ilya@188.134.70.194) has joined #beagle</span></li>
<li class="join">[<a href="#T08:22:38" id="T08:22:38"><abbr title="2012-07-01T08:22:38+00:00">08:22:38</abbr></a>] <span>* novogrammer (~novogramm@w0109-49-134-75-34.uqwimax.jp) has joined #beagle</span></li>
<li class="quit">[<a href="#T08:29:17" id="T08:29:17"><abbr title="2012-07-01T08:29:17+00:00">08:29:17</abbr></a>] <span>* raster (~raster@enlightenment/developer/raster) Quit (Quit: Gettin' stinky!)</span></li>
<li class="join">[<a href="#T08:29:51" id="T08:29:51"><abbr title="2012-07-01T08:29:51+00:00">08:29:51</abbr></a>] <span>* lyakh (~lyakh@dslb-146-060-122-233.pools.arcor-ip.net) has joined #beagle</span></li>
<li class="quit">[<a href="#T08:29:52" id="T08:29:52"><abbr title="2012-07-01T08:29:52+00:00">08:29:52</abbr></a>] <span>* jkridner (~jason@pdpc/supporter/active/jkridner) Quit (Read error: Connection reset by peer)</span></li>
<li class="join">[<a href="#T08:30:00" id="T08:30:00"><abbr title="2012-07-01T08:30:00+00:00">08:30:00</abbr></a>] <span>* jkridner__ (~jason@c-68-61-13-123.hsd1.mi.comcast.net) has joined #beagle</span></li>
<li class="quit">[<a href="#T08:30:01" id="T08:30:01"><abbr title="2012-07-01T08:30:01+00:00">08:30:01</abbr></a>] <span>* jkridner__ (~jason@c-68-61-13-123.hsd1.mi.comcast.net) Quit (Changing host)</span></li>
<li class="join">[<abbr title="2012-07-01T08:30:01+00:00">08:30:01</abbr>] <span>* jkridner__ (~jason@pdpc/supporter/active/jkridner) has joined #beagle</span></li>
<li class="join">[<a href="#T08:38:49" id="T08:38:49"><abbr title="2012-07-01T08:38:49+00:00">08:38:49</abbr></a>] <span>* cjoe (~customerj@fibhost-66-7-177.fibernet.hu) has joined #beagle</span></li>
<li class="join">[<a href="#T08:41:14" id="T08:41:14"><abbr title="2012-07-01T08:41:14+00:00">08:41:14</abbr></a>] <span>* Guest34402 (~bleh1@217.28.0.178) has joined #beagle</span></li>
<li class="message">[<a href="#T08:47:35" id="T08:47:35"><abbr title="2012-07-01T08:47:35+00:00">08:47:35</abbr></a>] &lt;<cite>aholler</cite>&gt; <q>hmm, leap second desaster</q></li>
<li class="message">[<a href="#T08:48:25" id="T08:48:25"><abbr title="2012-07-01T08:48:25+00:00">08:48:25</abbr></a>] &lt;<cite>dm8tbr</cite>&gt; <q>yup, none of my boxes affected this time though</q></li>
<li class="message">[<a href="#T08:48:54" id="T08:48:54"><abbr title="2012-07-01T08:48:54+00:00">08:48:54</abbr></a>] &lt;<cite>dm8tbr</cite>&gt; <q>last time it took out one of my boxes. it just hung.</q></li>
<li class="quit">[<a href="#T08:50:58" id="T08:50:58"><abbr title="2012-07-01T08:50:58+00:00">08:50:58</abbr></a>] <span>* ilyanok (~ilya@188.134.70.194) Quit (Ping timeout: 245 seconds)</span></li>
<li class="join">[<a href="#T08:53:29" id="T08:53:29"><abbr title="2012-07-01T08:53:29+00:00">08:53:29</abbr></a>] <span>* jpfn (~joppefan@c-bdf770d5.09-16-67626721.cust.bredbandsbolaget.se) has joined #beagle</span></li>
<li class="quit">[<a href="#T08:56:30" id="T08:56:30"><abbr title="2012-07-01T08:56:30+00:00">08:56:30</abbr></a>] <span>* joppefan (~joppefan@c-bdf770d5.09-16-67626721.cust.bredbandsbolaget.se) Quit (Ping timeout: 264 seconds)</span></li>
<li class="nick-change">[<abbr title="2012-07-01T08:56:30+00:00">08:56:30</abbr>] <span>* jpfn is now known as joppefan</span></li>
<li class="join">[<a href="#T09:02:03" id="T09:02:03"><abbr title="2012-07-01T09:02:03+00:00">09:02:03</abbr></a>] <span>* scrp3l (~scrp3l@201.250.191.133) has joined #beagle</span></li>
<li class="quit">[<a href="#T09:10:23" id="T09:10:23"><abbr title="2012-07-01T09:10:23+00:00">09:10:23</abbr></a>] <span>* jpsaman (~jpsaman@videolan/developer/jpsaman) Quit (Quit: Leaving)</span></li>
<li class="join">[<a href="#T09:13:37" id="T09:13:37"><abbr title="2012-07-01T09:13:37+00:00">09:13:37</abbr></a>] <span>* florian (~fuchs@Maemo/community/contributor/florian) has joined #beagle</span></li>
<li class="message">[<a href="#T09:15:39" id="T09:15:39"><abbr title="2012-07-01T09:15:39+00:00">09:15:39</abbr></a>] &lt;<cite>aholler</cite>&gt; <q>looks like java and mysql-instances got hit</q></li>
<li class="message">[<a href="#T09:15:48" id="T09:15:48"><abbr title="2012-07-01T09:15:48+00:00">09:15:48</abbr></a>] &lt;<cite>dm8tbr</cite>&gt; <q>yup</q></li>
<li class="message">[<a href="#T09:16:10" id="T09:16:10"><abbr title="2012-07-01T09:16:10+00:00">09:16:10</abbr></a>] &lt;<cite>aholler</cite>&gt; <q>besides a bug in the kernel</q></li>
<li class="message">[<a href="#T09:16:25" id="T09:16:25"><abbr title="2012-07-01T09:16:25+00:00">09:16:25</abbr></a>] &lt;<cite>dm8tbr</cite>&gt; <q>fascinating that just setting the date is enough to fix those</q></li>
<li class="message">[<a href="#T09:16:48" id="T09:16:48"><abbr title="2012-07-01T09:16:48+00:00">09:16:48</abbr></a>] &lt;<cite>dm8tbr</cite>&gt; <q>I think that's the old kernel bug that hit that leapsecond years ago too.</q></li>
<li class="message">[<a href="#T09:18:55" id="T09:18:55"><abbr title="2012-07-01T09:18:55+00:00">09:18:55</abbr></a>] &lt;<cite>aholler</cite>&gt; <q>no, it git fixed in 3.4</q></li>
<li class="message">[<a href="#T09:19:01" id="T09:19:01"><abbr title="2012-07-01T09:19:01+00:00">09:19:01</abbr></a>] &lt;<cite>aholler</cite>&gt; <q>6b43ae8a619d17c4935c3320d2ef9e92bdeed05d</q></li>
<li class="message">[<a href="#T09:19:30" id="T09:19:30"><abbr title="2012-07-01T09:19:30+00:00">09:19:30</abbr></a>] &lt;<cite>aholler</cite>&gt; <q>s/3.4/3.3/</q></li>
<li class="message">[<a href="#T09:19:57" id="T09:19:57"><abbr title="2012-07-01T09:19:57+00:00">09:19:57</abbr></a>] &lt;<cite>aholler</cite>&gt; <q>s/git/got/</q></li>
<li class="message">[<a href="#T09:20:13" id="T09:20:13"><abbr title="2012-07-01T09:20:13+00:00">09:20:13</abbr></a>] &lt;<cite>aholler</cite>&gt; <q>the git-god</q></li>
<li class="message">[<a href="#T09:20:15" id="T09:20:15"><abbr title="2012-07-01T09:20:15+00:00">09:20:15</abbr></a>] &lt;<cite>aholler</cite>&gt; <q>;)</q></li>
<li class="quit">[<a href="#T09:22:11" id="T09:22:11"><abbr title="2012-07-01T09:22:11+00:00">09:22:11</abbr></a>] <span>* bhthompson (~bhthompso@2002:62ea:b25f:0:8cf6:11c6:ead2:26a1) Quit (Remote host closed the connection)</span></li>
<li class="message">[<a href="#T09:22:36" id="T09:22:36"><abbr title="2012-07-01T09:22:36+00:00">09:22:36</abbr></a>] &lt;<cite>aholler</cite>&gt; <q>hmpf, to early in the morning, it was fixed in 3.4 and not 3.3 ;)</q></li>
<li class="join">[<a href="#T09:22:45" id="T09:22:45"><abbr title="2012-07-01T09:22:45+00:00">09:22:45</abbr></a>] <span>* bhthompson (~bhthompso@c-98-234-178-95.hsd1.ca.comcast.net) has joined #beagle</span></li>
<li class="quit">[<a href="#T09:27:05" id="T09:27:05"><abbr title="2012-07-01T09:27:05+00:00">09:27:05</abbr></a>] <span>* bhthompson (~bhthompso@c-98-234-178-95.hsd1.ca.comcast.net) Quit (Ping timeout: 246 seconds)</span></li>
<li class="message">[<a href="#T09:32:30" id="T09:32:30"><abbr title="2012-07-01T09:32:30+00:00">09:32:30</abbr></a>] &lt;<cite>aholler</cite>&gt; <q>and it doesn't seem to have reached the stable-series</q></li>
<li class="message">[<a href="#T09:35:06" id="T09:35:06"><abbr title="2012-07-01T09:35:06+00:00">09:35:06</abbr></a>] &lt;<cite>aholler</cite>&gt; <q>and beagleboard.org is still down ;)</q></li>
<li class="message">[<a href="#T09:40:50" id="T09:40:50"><abbr title="2012-07-01T09:40:50+00:00">09:40:50</abbr></a>] &lt;<cite>aholler</cite>&gt; <q>but I assume some people in the US have other problems than only halted servers. Must been a violent weather there</q></li>
<li class="join">[<a href="#T09:45:24" id="T09:45:24"><abbr title="2012-07-01T09:45:24+00:00">09:45:24</abbr></a>] <span>* raster (~raster@221.147.71.45) has joined #beagle</span></li>
<li class="quit">[<abbr title="2012-07-01T09:45:24+00:00">09:45:24</abbr>] <span>* raster (~raster@221.147.71.45) Quit (Changing host)</span></li>
<li class="join">[<abbr title="2012-07-01T09:45:24+00:00">09:45:24</abbr>] <span>* raster (~raster@enlightenment/developer/raster) has joined #beagle</span></li>
<li class="quit">[<a href="#T09:45:34" id="T09:45:34"><abbr title="2012-07-01T09:45:34+00:00">09:45:34</abbr></a>] <span>* signal11 (esteban@abq.quaddro.net) Quit (Ping timeout: 260 seconds)</span></li>
<li class="join">[<a href="#T09:46:02" id="T09:46:02"><abbr title="2012-07-01T09:46:02+00:00">09:46:02</abbr></a>] <span>* signal11 (esteban@abq.quaddro.net) has joined #beagle</span></li>
<li class="quit">[<a href="#T09:48:02" id="T09:48:02"><abbr title="2012-07-01T09:48:02+00:00">09:48:02</abbr></a>] <span>* signal11 (esteban@abq.quaddro.net) Quit (Read error: Operation timed out)</span></li>
<li class="join">[<a href="#T09:51:03" id="T09:51:03"><abbr title="2012-07-01T09:51:03+00:00">09:51:03</abbr></a>] <span>* signal11 (esteban@abq.quaddro.net) has joined #beagle</span></li>
<li class="quit">[<a href="#T09:58:09" id="T09:58:09"><abbr title="2012-07-01T09:58:09+00:00">09:58:09</abbr></a>] <span>* raster (~raster@enlightenment/developer/raster) Quit (Quit: Gettin' stinky!)</span></li>
<li class="quit">[<a href="#T10:05:45" id="T10:05:45"><abbr title="2012-07-01T10:05:45+00:00">10:05:45</abbr></a>] <span>* obiat (~chatzilla@dynamic-62-87-129-149.ssp.dialog.net.pl) Quit (Quit: ChatZilla 0.9.88.2 [SeaMonkey 2.10.1/20120615050225])</span></li>
<li class="join">[<a href="#T10:06:25" id="T10:06:25"><abbr title="2012-07-01T10:06:25+00:00">10:06:25</abbr></a>] <span>* obiat (~chatzilla@dynamic-62-87-129-149.ssp.dialog.net.pl) has joined #beagle</span></li>
<li class="quit">[<a href="#T10:20:02" id="T10:20:02"><abbr title="2012-07-01T10:20:02+00:00">10:20:02</abbr></a>] <span>* guyzmo (~guyzmo@barney.bearstech.com) Quit (Remote host closed the connection)</span></li>
<li class="join">[<a href="#T10:28:20" id="T10:28:20"><abbr title="2012-07-01T10:28:20+00:00">10:28:20</abbr></a>] <span>* Anduck (~Anduck@a88-85-130-155.mpynet.fi) has joined #beagle</span></li>
<li class="quit">[<a href="#T10:30:57" id="T10:30:57"><abbr title="2012-07-01T10:30:57+00:00">10:30:57</abbr></a>] <span>* vanity (~quassel@203.247.149.126) Quit (Remote host closed the connection)</span></li>
<li class="quit">[<a href="#T10:31:37" id="T10:31:37"><abbr title="2012-07-01T10:31:37+00:00">10:31:37</abbr></a>] <span>* damir__ (~damir@BSN-182-72-215.dial-up.dsl.siol.net) Quit (Ping timeout: 240 seconds)</span></li>
<li class="join">[<a href="#T10:35:29" id="T10:35:29"><abbr title="2012-07-01T10:35:29+00:00">10:35:29</abbr></a>] <span>* damir__ (~damir@BSN-182-72-215.dial-up.dsl.siol.net) has joined #beagle</span></li>
<li class="join">[<a href="#T10:36:30" id="T10:36:30"><abbr title="2012-07-01T10:36:30+00:00">10:36:30</abbr></a>] <span>* woglinde (~heinold@f052229202.adsl.alicedsl.de) has joined #beagle</span></li>
<li class="join">[<a href="#T10:44:53" id="T10:44:53"><abbr title="2012-07-01T10:44:53+00:00">10:44:53</abbr></a>] <span>* ilyanok (~ilya@188.134.70.194) has joined #beagle</span></li>
<li class="quit">[<a href="#T11:13:34" id="T11:13:34"><abbr title="2012-07-01T11:13:34+00:00">11:13:34</abbr></a>] <span>* obiat (~chatzilla@dynamic-62-87-129-149.ssp.dialog.net.pl) Quit (Ping timeout: 252 seconds)</span></li>
<li class="quit">[<a href="#T11:17:55" id="T11:17:55"><abbr title="2012-07-01T11:17:55+00:00">11:17:55</abbr></a>] <span>* ka6sox (ka6sox@nasadmin/ka6sox) Quit (Remote host closed the connection)</span></li>
<li class="quit">[<a href="#T11:18:07" id="T11:18:07"><abbr title="2012-07-01T11:18:07+00:00">11:18:07</abbr></a>] <span>* ilyanok (~ilya@188.134.70.194) Quit (Ping timeout: 240 seconds)</span></li>
<li class="quit">[<a href="#T11:32:44" id="T11:32:44"><abbr title="2012-07-01T11:32:44+00:00">11:32:44</abbr></a>] <span>* thurbad (~natesewel@99-130-101-77.lightspeed.snantx.sbcglobal.net) Quit (Ping timeout: 246 seconds)</span></li>
<li class="join">[<a href="#T11:42:36" id="T11:42:36"><abbr title="2012-07-01T11:42:36+00:00">11:42:36</abbr></a>] <span>* thurbad (~natesewel@99-130-101-77.lightspeed.snantx.sbcglobal.net) has joined #beagle</span></li>
<li class="quit">[<a href="#T11:46:49" id="T11:46:49"><abbr title="2012-07-01T11:46:49+00:00">11:46:49</abbr></a>] <span>* rbarraud (~rbarraud@125-237-76-181.jetstream.xtra.co.nz) Quit (Ping timeout: 255 seconds)</span></li>
<li class="join">[<a href="#T11:47:21" id="T11:47:21"><abbr title="2012-07-01T11:47:21+00:00">11:47:21</abbr></a>] <span>* zuh (~zuh@humboldt.pingu.fi) has joined #beagle</span></li>
<li class="join">[<a href="#T11:47:51" id="T11:47:51"><abbr title="2012-07-01T11:47:51+00:00">11:47:51</abbr></a>] <span>* ka6sox (ka6sox@nasadmin/ka6sox) has joined #beagle</span></li>
<li class="quit">[<a href="#T11:48:56" id="T11:48:56"><abbr title="2012-07-01T11:48:56+00:00">11:48:56</abbr></a>] <span>* ka6sox (ka6sox@nasadmin/ka6sox) Quit (Remote host closed the connection)</span></li>
<li class="join">[<a href="#T11:52:26" id="T11:52:26"><abbr title="2012-07-01T11:52:26+00:00">11:52:26</abbr></a>] <span>* ka6sox (ka6sox@nasadmin/ka6sox) has joined #beagle</span></li>
<li class="quit">[<a href="#T11:55:14" id="T11:55:14"><abbr title="2012-07-01T11:55:14+00:00">11:55:14</abbr></a>] <span>* ka6sox (ka6sox@nasadmin/ka6sox) Quit (Remote host closed the connection)</span></li>
<li class="join">[<a href="#T12:01:59" id="T12:01:59"><abbr title="2012-07-01T12:01:59+00:00">12:01:59</abbr></a>] <span>* kunguz (~kaan@88.253.230.61) has joined #beagle</span></li>
<li class="join">[<a href="#T12:11:11" id="T12:11:11"><abbr title="2012-07-01T12:11:11+00:00">12:11:11</abbr></a>] <span>* mIKEjONES (~mIKEjONES@c-98-210-194-55.hsd1.ca.comcast.net) has joined #beagle</span></li>
<li class="join">[<a href="#T12:18:44" id="T12:18:44"><abbr title="2012-07-01T12:18:44+00:00">12:18:44</abbr></a>] <span>* raster (~raster@221.147.71.45) has joined #beagle</span></li>
<li class="quit">[<abbr title="2012-07-01T12:18:44+00:00">12:18:44</abbr>] <span>* raster (~raster@221.147.71.45) Quit (Changing host)</span></li>
<li class="join">[<abbr title="2012-07-01T12:18:44+00:00">12:18:44</abbr>] <span>* raster (~raster@enlightenment/developer/raster) has joined #beagle</span></li>
<li class="join">[<a href="#T12:21:15" id="T12:21:15"><abbr title="2012-07-01T12:21:15+00:00">12:21:15</abbr></a>] <span>* obiat (~chatzilla@dynamic-87-105-245-203.ssp.dialog.net.pl) has joined #beagle</span></li>
<li class="quit">[<abbr title="2012-07-01T12:21:15+00:00">12:21:15</abbr>] <span>* falstaff (~quassel@62-12-205-138.pool.cyberlink.ch) Quit (Read error: Connection reset by peer)</span></li>
<li class="join">[<a href="#T12:25:28" id="T12:25:28"><abbr title="2012-07-01T12:25:28+00:00">12:25:28</abbr></a>] <span>* RITRedbeard__ (~RITReadbe@c-68-37-165-37.hsd1.nj.comcast.net) has joined #beagle</span></li>
<li class="join">[<a href="#T12:25:52" id="T12:25:52"><abbr title="2012-07-01T12:25:52+00:00">12:25:52</abbr></a>] <span>* falstaff (~quassel@62-12-205-138.pool.cyberlink.ch) has joined #beagle</span></li>
<li class="join">[<a href="#T12:26:03" id="T12:26:03"><abbr title="2012-07-01T12:26:03+00:00">12:26:03</abbr></a>] <span>* peabody124 (~peabody12@stgt-5f71a063.pool.mediaWays.net) has joined #beagle</span></li>
<li class="quit">[<a href="#T12:26:14" id="T12:26:14"><abbr title="2012-07-01T12:26:14+00:00">12:26:14</abbr></a>] <span>* rsalveti (~rsalveti@linaro/rsalveti) Quit (Remote host closed the connection)</span></li>
<li class="join">[<a href="#T12:33:12" id="T12:33:12"><abbr title="2012-07-01T12:33:12+00:00">12:33:12</abbr></a>] <span>* GPSFan (~kenm@64.92.145.112) has joined #beagle</span></li>
<li class="quit">[<a href="#T12:37:12" id="T12:37:12"><abbr title="2012-07-01T12:37:12+00:00">12:37:12</abbr></a>] <span>* bones_was_here (~bones@59.167.222.216) Quit (Remote host closed the connection)</span></li>
<li class="join">[<a href="#T12:39:11" id="T12:39:11"><abbr title="2012-07-01T12:39:11+00:00">12:39:11</abbr></a>] <span>* peabody128 (~peabody12@stgt-5f71a063.pool.mediaWays.net) has joined #beagle</span></li>
<li class="quit">[<abbr title="2012-07-01T12:39:11+00:00">12:39:11</abbr>] <span>* peabody124 (~peabody12@stgt-5f71a063.pool.mediaWays.net) Quit (Read error: Connection reset by peer)</span></li>
<li class="nick-change">[<abbr title="2012-07-01T12:39:11+00:00">12:39:11</abbr>] <span>* peabody128 is now known as peabody124</span></li>
<li class="join">[<a href="#T12:40:05" id="T12:40:05"><abbr title="2012-07-01T12:40:05+00:00">12:40:05</abbr></a>] <span>* bones_was_here (~bones@59.167.222.216) has joined #beagle</span></li>
<li class="join">[<a href="#T12:44:06" id="T12:44:06"><abbr title="2012-07-01T12:44:06+00:00">12:44:06</abbr></a>] <span>* peabody128 (~peabody12@stgt-5f71a063.pool.mediaWays.net) has joined #beagle</span></li>
<li class="join">[<a href="#T12:45:46" id="T12:45:46"><abbr title="2012-07-01T12:45:46+00:00">12:45:46</abbr></a>] <span>* guyzmo (~guyzmo@barney.bearstech.com) has joined #beagle</span></li>
<li class="quit">[<a href="#T12:46:35" id="T12:46:35"><abbr title="2012-07-01T12:46:35+00:00">12:46:35</abbr></a>] <span>* peabody124 (~peabody12@stgt-5f71a063.pool.mediaWays.net) Quit (Ping timeout: 246 seconds)</span></li>
<li class="nick-change">[<a href="#T12:46:36" id="T12:46:36"><abbr title="2012-07-01T12:46:36+00:00">12:46:36</abbr></a>] <span>* peabody128 is now known as peabody124</span></li>
<li class="quit">[<a href="#T12:46:46" id="T12:46:46"><abbr title="2012-07-01T12:46:46+00:00">12:46:46</abbr></a>] <span>* meklort (~meklort@72.19.189.208) Quit (Quit: Computer has gone to sleep.)</span></li>
<li class="quit">[<a href="#T12:49:01" id="T12:49:01"><abbr title="2012-07-01T12:49:01+00:00">12:49:01</abbr></a>] <span>* RITRedbeard__ (~RITReadbe@c-68-37-165-37.hsd1.nj.comcast.net) Quit (Ping timeout: 246 seconds)</span></li>
<li class="quit">[<a href="#T12:51:06" id="T12:51:06"><abbr title="2012-07-01T12:51:06+00:00">12:51:06</abbr></a>] <span>* ogra_ (~ogra@p5098ed03.dip0.t-ipconnect.de) Quit (Ping timeout: 264 seconds)</span></li>
<li class="join">[<a href="#T13:09:36" id="T13:09:36"><abbr title="2012-07-01T13:09:36+00:00">13:09:36</abbr></a>] <span>* ilyanok (~ilya@188.134.70.194) has joined #beagle</span></li>
<li class="join">[<a href="#T13:11:31" id="T13:11:31"><abbr title="2012-07-01T13:11:31+00:00">13:11:31</abbr></a>] <span>* jluisn (~quassel@187.114.216.249) has joined #beagle</span></li>
<li class="join">[<a href="#T13:19:30" id="T13:19:30"><abbr title="2012-07-01T13:19:30+00:00">13:19:30</abbr></a>] <span>* emeb_mac (~ericb@ip72-223-89-137.ph.ph.cox.net) has joined #beagle</span></li>
<li class="join">[<a href="#T13:32:22" id="T13:32:22"><abbr title="2012-07-01T13:32:22+00:00">13:32:22</abbr></a>] <span>* fooblya_monad (~abaddon@178.121.139.81) has joined #beagle</span></li>
<li class="join">[<a href="#T13:33:57" id="T13:33:57"><abbr title="2012-07-01T13:33:57+00:00">13:33:57</abbr></a>] <span>* jpsaman (~jpsaman@wifi.itcollege.ee) has joined #beagle</span></li>
<li class="quit">[<abbr title="2012-07-01T13:33:57+00:00">13:33:57</abbr>] <span>* jpsaman (~jpsaman@wifi.itcollege.ee) Quit (Changing host)</span></li>
<li class="join">[<abbr title="2012-07-01T13:33:57+00:00">13:33:57</abbr>] <span>* jpsaman (~jpsaman@videolan/developer/jpsaman) has joined #beagle</span></li>
<li class="quit">[<a href="#T13:34:25" id="T13:34:25"><abbr title="2012-07-01T13:34:25+00:00">13:34:25</abbr></a>] <span>* cacodaemon (~abaddon@178.121.170.31) Quit (Ping timeout: 255 seconds)</span></li>
<li class="quit">[<a href="#T13:35:12" id="T13:35:12"><abbr title="2012-07-01T13:35:12+00:00">13:35:12</abbr></a>] <span>* raster (~raster@enlightenment/developer/raster) Quit (Quit: Gettin' stinky!)</span></li>
<li class="quit">[<a href="#T13:37:11" id="T13:37:11"><abbr title="2012-07-01T13:37:11+00:00">13:37:11</abbr></a>] <span>* jluisn (~quassel@187.114.216.249) Quit (Remote host closed the connection)</span></li>
<li class="quit">[<a href="#T13:45:01" id="T13:45:01"><abbr title="2012-07-01T13:45:01+00:00">13:45:01</abbr></a>] <span>* emeb_mac (~ericb@ip72-223-89-137.ph.ph.cox.net) Quit (Quit: emeb_mac)</span></li>
<li class="quit">[<a href="#T13:47:13" id="T13:47:13"><abbr title="2012-07-01T13:47:13+00:00">13:47:13</abbr></a>] <span>* ilyanok (~ilya@188.134.70.194) Quit (Ping timeout: 244 seconds)</span></li>
<li class="join">[<a href="#T13:52:21" id="T13:52:21"><abbr title="2012-07-01T13:52:21+00:00">13:52:21</abbr></a>] <span>* krajo1 (~krajo1@ip4-83-240-125-22.cust.nbox.cz) has joined #beagle</span></li>
<li class="quit">[<a href="#T13:52:23" id="T13:52:23"><abbr title="2012-07-01T13:52:23+00:00">13:52:23</abbr></a>] <span>* DarthExpeditor (~IceChat9@c-24-11-175-127.hsd1.mi.comcast.net) Quit (Ping timeout: 244 seconds)</span></li>
<li class="quit">[<a href="#T13:55:21" id="T13:55:21"><abbr title="2012-07-01T13:55:21+00:00">13:55:21</abbr></a>] <span>* kunguz (~kaan@88.253.230.61) Quit (Remote host closed the connection)</span></li>
<li class="quit">[<a href="#T13:55:59" id="T13:55:59"><abbr title="2012-07-01T13:55:59+00:00">13:55:59</abbr></a>] <span>* novogrammer (~novogramm@w0109-49-134-75-34.uqwimax.jp) Quit (Remote host closed the connection)</span></li>
<li class="quit">[<a href="#T14:06:57" id="T14:06:57"><abbr title="2012-07-01T14:06:57+00:00">14:06:57</abbr></a>] <span>* jpsaman (~jpsaman@videolan/developer/jpsaman) Quit (Quit: Leaving)</span></li>
<li class="join">[<a href="#T14:10:20" id="T14:10:20"><abbr title="2012-07-01T14:10:20+00:00">14:10:20</abbr></a>] <span>* emeb_mac (~ericb@ip72-223-89-137.ph.ph.cox.net) has joined #beagle</span></li>
<li class="quit">[<a href="#T14:16:18" id="T14:16:18"><abbr title="2012-07-01T14:16:18+00:00">14:16:18</abbr></a>] <span>* florian (~fuchs@Maemo/community/contributor/florian) Quit (Ping timeout: 264 seconds)</span></li>
<li class="join">[<a href="#T14:21:27" id="T14:21:27"><abbr title="2012-07-01T14:21:27+00:00">14:21:27</abbr></a>] <span>* ilyanok (~ilya@188.134.70.194) has joined #beagle</span></li>
<li class="quit">[<a href="#T14:22:41" id="T14:22:41"><abbr title="2012-07-01T14:22:41+00:00">14:22:41</abbr></a>] <span>* emeb_mac (~ericb@ip72-223-89-137.ph.ph.cox.net) Quit (Quit: emeb_mac)</span></li>
<li class="join">[<a href="#T14:30:13" id="T14:30:13"><abbr title="2012-07-01T14:30:13+00:00">14:30:13</abbr></a>] <span>* novogrammer (~novogramm@w0109-49-134-75-34.uqwimax.jp) has joined #beagle</span></li>
<li class="quit">[<a href="#T14:37:33" id="T14:37:33"><abbr title="2012-07-01T14:37:33+00:00">14:37:33</abbr></a>] <span>* damir__ (~damir@BSN-182-72-215.dial-up.dsl.siol.net) Quit (Quit: Leaving.)</span></li>
<li class="quit">[<a href="#T14:41:08" id="T14:41:08"><abbr title="2012-07-01T14:41:08+00:00">14:41:08</abbr></a>] <span>* niro (~niro@cpc3-nrte5-0-0-cust144.8-4.cable.virginmedia.com) Quit (Ping timeout: 250 seconds)</span></li>
<li class="join">[<a href="#T14:41:27" id="T14:41:27"><abbr title="2012-07-01T14:41:27+00:00">14:41:27</abbr></a>] <span>* niro (~niro@cpc3-nrte5-0-0-cust144.8-4.cable.virginmedia.com) has joined #beagle</span></li>
<li class="join">[<a href="#T14:58:15" id="T14:58:15"><abbr title="2012-07-01T14:58:15+00:00">14:58:15</abbr></a>] <span>* zz_ka6sox (ka6sox@50-56-249-13.static.cloud-ips.com) has joined #beagle</span></li>
<li class="nick-change">[<a href="#T14:58:32" id="T14:58:32"><abbr title="2012-07-01T14:58:32+00:00">14:58:32</abbr></a>] <span>* zz_ka6sox is now known as ka6sox</span></li>
<li class="quit">[<a href="#T14:58:33" id="T14:58:33"><abbr title="2012-07-01T14:58:33+00:00">14:58:33</abbr></a>] <span>* ka6sox (ka6sox@50-56-249-13.static.cloud-ips.com) Quit (Changing host)</span></li>
<li class="join">[<abbr title="2012-07-01T14:58:33+00:00">14:58:33</abbr>] <span>* ka6sox (ka6sox@nasadmin/ka6sox) has joined #beagle</span></li>
<li class="join">[<a href="#T15:05:47" id="T15:05:47"><abbr title="2012-07-01T15:05:47+00:00">15:05:47</abbr></a>] <span>* DarthExpeditor (~IceChat9@c-24-11-175-127.hsd1.mi.comcast.net) has joined #beagle</span></li>
<li class="quit">[<a href="#T15:25:01" id="T15:25:01"><abbr title="2012-07-01T15:25:01+00:00">15:25:01</abbr></a>] <span>* woglinde (~heinold@f052229202.adsl.alicedsl.de) Quit (Quit: zaoo)</span></li>
<li class="quit">[<a href="#T15:37:18" id="T15:37:18"><abbr title="2012-07-01T15:37:18+00:00">15:37:18</abbr></a>] <span>* obiat (~chatzilla@dynamic-87-105-245-203.ssp.dialog.net.pl) Quit (Ping timeout: 255 seconds)</span></li>
<li class="quit">[<a href="#T15:38:04" id="T15:38:04"><abbr title="2012-07-01T15:38:04+00:00">15:38:04</abbr></a>] <span>* VadtecWk (~Vadtec@unaffiliated/vadtec) Quit (Ping timeout: 248 seconds)</span></li>
<li class="quit">[<abbr title="2012-07-01T15:38:04+00:00">15:38:04</abbr>] <span>* Vadtec (~Vadtec@unaffiliated/vadtec) Quit (Ping timeout: 248 seconds)</span></li>
<li class="join">[<a href="#T15:39:03" id="T15:39:03"><abbr title="2012-07-01T15:39:03+00:00">15:39:03</abbr></a>] <span>* Vadtec (~Vadtec@unaffiliated/vadtec) has joined #beagle</span></li>
<li class="join">[<a href="#T15:39:34" id="T15:39:34"><abbr title="2012-07-01T15:39:34+00:00">15:39:34</abbr></a>] <span>* VadtecWk (~Vadtec@unaffiliated/vadtec) has joined #beagle</span></li>
<li class="join">[<a href="#T15:39:54" id="T15:39:54"><abbr title="2012-07-01T15:39:54+00:00">15:39:54</abbr></a>] <span>* guanucoluis (~luis@200-127-38-69.cab.prima.net.ar) has joined #beagle</span></li>
<li class="part">[<a href="#T15:46:12" id="T15:46:12"><abbr title="2012-07-01T15:46:12+00:00">15:46:12</abbr></a>] <span>* guanucoluis (~luis@200-127-38-69.cab.prima.net.ar) has left #beagle</span></li>
<li class="quit">[<a href="#T15:51:07" id="T15:51:07"><abbr title="2012-07-01T15:51:07+00:00">15:51:07</abbr></a>] <span>* ilyanok (~ilya@188.134.70.194) Quit (Ping timeout: 240 seconds)</span></li>
<li class="join">[<a href="#T16:00:30" id="T16:00:30"><abbr title="2012-07-01T16:00:30+00:00">16:00:30</abbr></a>] <span>* damir__ (~damir@tm.213.143.72.147.lc.telemach.net) has joined #beagle</span></li>
<li class="quit">[<a href="#T16:14:30" id="T16:14:30"><abbr title="2012-07-01T16:14:30+00:00">16:14:30</abbr></a>] <span>* mythos (~mythos@unaffiliated/mythos) Quit (Ping timeout: 265 seconds)</span></li>
<li class="join">[<a href="#T16:16:39" id="T16:16:39"><abbr title="2012-07-01T16:16:39+00:00">16:16:39</abbr></a>] <span>* bhthompson (~bhthompso@2002:62ea:b25f:0:79fc:f38:ac6d:f86e) has joined #beagle</span></li>
<li class="join">[<a href="#T16:27:23" id="T16:27:23"><abbr title="2012-07-01T16:27:23+00:00">16:27:23</abbr></a>] <span>* mythos (~mythos@unaffiliated/mythos) has joined #beagle</span></li>
<li class="quit">[<a href="#T16:30:17" id="T16:30:17"><abbr title="2012-07-01T16:30:17+00:00">16:30:17</abbr></a>] <span>* cwillu (~cwillu@cwillu.com) Quit (Remote host closed the connection)</span></li>
<li class="join">[<a href="#T16:34:17" id="T16:34:17"><abbr title="2012-07-01T16:34:17+00:00">16:34:17</abbr></a>] <span>* peabody128 (~peabody12@stgt-5f71a063.pool.mediaWays.net) has joined #beagle</span></li>
<li class="quit">[<abbr title="2012-07-01T16:34:17+00:00">16:34:17</abbr>] <span>* peabody124 (~peabody12@stgt-5f71a063.pool.mediaWays.net) Quit (Read error: Connection reset by peer)</span></li>
<li class="nick-change">[<abbr title="2012-07-01T16:34:17+00:00">16:34:17</abbr>] <span>* peabody128 is now known as peabody124</span></li>
<li class="join">[<a href="#T16:34:51" id="T16:34:51"><abbr title="2012-07-01T16:34:51+00:00">16:34:51</abbr></a>] <span>* cwillu (~cwillu@cwillu.com) has joined #beagle</span></li>
<li class="quit">[<a href="#T16:35:53" id="T16:35:53"><abbr title="2012-07-01T16:35:53+00:00">16:35:53</abbr></a>] <span>* damir__ (~damir@tm.213.143.72.147.lc.telemach.net) Quit (Read error: Connection reset by peer)</span></li>
<li class="join">[<a href="#T16:36:00" id="T16:36:00"><abbr title="2012-07-01T16:36:00+00:00">16:36:00</abbr></a>] <span>* damir__1 (~damir@tm.213.143.72.147.lc.telemach.net) has joined #beagle</span></li>
<li class="join">[<a href="#T16:39:47" id="T16:39:47"><abbr title="2012-07-01T16:39:47+00:00">16:39:47</abbr></a>] <span>* ilyanok (~ilya@188.134.70.194) has joined #beagle</span></li>
<li class="join">[<a href="#T16:39:53" id="T16:39:53"><abbr title="2012-07-01T16:39:53+00:00">16:39:53</abbr></a>] <span>* alan_o (~alan@c-68-62-240-236.hsd1.fl.comcast.net) has joined #beagle</span></li>
<li class="quit">[<a href="#T16:51:37" id="T16:51:37"><abbr title="2012-07-01T16:51:37+00:00">16:51:37</abbr></a>] <span>* GPSFan (~kenm@64.92.145.112) Quit (Read error: Connection reset by peer)</span></li>
<li class="quit">[<a href="#T16:54:15" id="T16:54:15"><abbr title="2012-07-01T16:54:15+00:00">16:54:15</abbr></a>] <span>* riskable (~quassel@c-69-180-64-152.hsd1.fl.comcast.net) Quit (Ping timeout: 244 seconds)</span></li>
<li class="join">[<a href="#T17:00:25" id="T17:00:25"><abbr title="2012-07-01T17:00:25+00:00">17:00:25</abbr></a>] <span>* scubasonar_ (~Matt@97.75.230.116) has joined #beagle</span></li>
<li class="quit">[<a href="#T17:03:46" id="T17:03:46"><abbr title="2012-07-01T17:03:46+00:00">17:03:46</abbr></a>] <span>* scubasonar (~Matt@99-108-165-58.lightspeed.mtryca.sbcglobal.net) Quit (Ping timeout: 246 seconds)</span></li>
<li class="join">[<a href="#T17:21:11" id="T17:21:11"><abbr title="2012-07-01T17:21:11+00:00">17:21:11</abbr></a>] <span>* florian (~fuchs@sign-4d0946be.pool.mediaWays.net) has joined #beagle</span></li>
<li class="quit">[<a href="#T17:21:12" id="T17:21:12"><abbr title="2012-07-01T17:21:12+00:00">17:21:12</abbr></a>] <span>* florian (~fuchs@sign-4d0946be.pool.mediaWays.net) Quit (Changing host)</span></li>
<li class="join">[<abbr title="2012-07-01T17:21:12+00:00">17:21:12</abbr>] <span>* florian (~fuchs@Maemo/community/contributor/florian) has joined #beagle</span></li>
<li class="quit">[<a href="#T17:21:23" id="T17:21:23"><abbr title="2012-07-01T17:21:23+00:00">17:21:23</abbr></a>] <span>* lyakh (~lyakh@dslb-146-060-122-233.pools.arcor-ip.net) Quit (Quit: Leaving)</span></li>
<li class="join">[<a href="#T17:27:41" id="T17:27:41"><abbr title="2012-07-01T17:27:41+00:00">17:27:41</abbr></a>] <span>* sundar_ (~sundar@223.234.53.94) has joined #beagle</span></li>
<li class="join">[<a href="#T17:32:44" id="T17:32:44"><abbr title="2012-07-01T17:32:44+00:00">17:32:44</abbr></a>] <span>* gurgalof (~gurgalof@c80-216-122-131.bredband.comhem.se) has joined #beagle</span></li>
<li class="join">[<a href="#T17:35:20" id="T17:35:20"><abbr title="2012-07-01T17:35:20+00:00">17:35:20</abbr></a>] <span>* lyakh (~lyakh@dslb-146-060-122-233.pools.arcor-ip.net) has joined #beagle</span></li>
<li class="join">[<a href="#T17:38:23" id="T17:38:23"><abbr title="2012-07-01T17:38:23+00:00">17:38:23</abbr></a>] <span>* ericb2 (~X@aud25-1-88-166-8-11.fbx.proxad.net) has joined #beagle</span></li>
<li class="quit">[<abbr title="2012-07-01T17:38:23+00:00">17:38:23</abbr>] <span>* ericb2 (~X@aud25-1-88-166-8-11.fbx.proxad.net) Quit (Changing host)</span></li>
<li class="join">[<abbr title="2012-07-01T17:38:23+00:00">17:38:23</abbr>] <span>* ericb2 (~X@unaffiliated/ericb2) has joined #beagle</span></li>
<li class="join">[<a href="#T17:40:15" id="T17:40:15"><abbr title="2012-07-01T17:40:15+00:00">17:40:15</abbr></a>] <span>* kris_ (58b18ac1@gateway/web/freenode/ip.88.177.138.193) has joined #beagle</span></li>
<li class="nick-change">[<a href="#T17:40:39" id="T17:40:39"><abbr title="2012-07-01T17:40:39+00:00">17:40:39</abbr></a>] <span>* kris_ is now known as Guest83483</span></li>
<li class="message">[<a href="#T17:41:23" id="T17:41:23"><abbr title="2012-07-01T17:41:23+00:00">17:41:23</abbr></a>] &lt;<cite>Guest83483</cite>&gt; <q>Hi all ! i regulary get kernel panic on my Beagleboard Xm REV C4....anyone can help me identify where the problem is ?</q></li>
<li class="quit">[<a href="#T17:42:25" id="T17:42:25"><abbr title="2012-07-01T17:42:25+00:00">17:42:25</abbr></a>] <span>* sundar_ (~sundar@223.234.53.94) Quit (Read error: Connection reset by peer)</span></li>
<li class="message">[<a href="#T17:45:54" id="T17:45:54"><abbr title="2012-07-01T17:45:54+00:00">17:45:54</abbr></a>] &lt;<cite>Guest83483</cite>&gt; <q>Hi all ! i regulary get kernel panic on my Beagleboard Xm REV C4....anyone can help me identify where the problem is ?</q></li>
<li class="join">[<a href="#T17:46:12" id="T17:46:12"><abbr title="2012-07-01T17:46:12+00:00">17:46:12</abbr></a>] <span>* jkridner_ (~jason@pdpc/supporter/active/jkridner) has joined #beagle</span></li>
<li class="message">[<a href="#T17:46:26" id="T17:46:26"><abbr title="2012-07-01T17:46:26+00:00">17:46:26</abbr></a>] &lt;<cite>dm8tbr</cite>&gt; <q>I bet there are quite many people who could. if you wouldn't repeat yourself and instead provide a URL to such a panic (hint: pastebin)</q></li>
<li class="join">[<a href="#T17:46:33" id="T17:46:33"><abbr title="2012-07-01T17:46:33+00:00">17:46:33</abbr></a>] <span>* Russ (~russ@ip68-4-185-173.oc.oc.cox.net) has joined #beagle</span></li>
<li class="message">[<a href="#T17:50:08" id="T17:50:08"><abbr title="2012-07-01T17:50:08+00:00">17:50:08</abbr></a>] &lt;<cite>Guest83483</cite>&gt; <q>Here the link to the oops exception : <a href="http://pastebin.com/download.php?i=KULSFGGd">http://pastebin.com/download.php?i=KULSFGGd</a></q></li>
<li class="message">[<a href="#T17:55:57" id="T17:55:57"><abbr title="2012-07-01T17:55:57+00:00">17:55:57</abbr></a>] &lt;<cite>aholler</cite>&gt; <q>no one wants todownloadthat stuff, so it is <a href="http://pastebin.com/KULSFGGd">http://pastebin.com/KULSFGGd</a></q></li>
<li class="message">[<a href="#T17:56:19" id="T17:56:19"><abbr title="2012-07-01T17:56:19+00:00">17:56:19</abbr></a>] &lt;<cite>aholler</cite>&gt; <q>hmpf, space key dirty again ;)</q></li>
<li class="quit">[<a href="#T17:56:52" id="T17:56:52"><abbr title="2012-07-01T17:56:52+00:00">17:56:52</abbr></a>] <span>* thurbad (~natesewel@99-130-101-77.lightspeed.snantx.sbcglobal.net) Quit (Ping timeout: 255 seconds)</span></li>
<li class="message">[<a href="#T17:57:12" id="T17:57:12"><abbr title="2012-07-01T17:57:12+00:00">17:57:12</abbr></a>] &lt;<cite>Guest83483</cite>&gt; <q>ok &lt;aholler&gt;...sorry</q></li>
<li class="join">[<a href="#T17:58:26" id="T17:58:26"><abbr title="2012-07-01T17:58:26+00:00">17:58:26</abbr></a>] <span>* guanucoluis (~luis@200-127-38-69.cab.prima.net.ar) has joined #beagle</span></li>
<li class="part">[<a href="#T17:58:41" id="T17:58:41"><abbr title="2012-07-01T17:58:41+00:00">17:58:41</abbr></a>] <span>* guanucoluis (~luis@200-127-38-69.cab.prima.net.ar) has left #beagle</span></li>
<li class="message">[<a href="#T17:59:05" id="T17:59:05"><abbr title="2012-07-01T17:59:05+00:00">17:59:05</abbr></a>] &lt;<cite>aholler</cite>&gt; <q>what a kernel is that?</q></li>
<li class="message">[<a href="#T17:59:31" id="T17:59:31"><abbr title="2012-07-01T17:59:31+00:00">17:59:31</abbr></a>] &lt;<cite>Guest83483</cite>&gt; <q>3.2.21-x13</q></li>
<li class="message">[<a href="#T17:59:41" id="T17:59:41"><abbr title="2012-07-01T17:59:41+00:00">17:59:41</abbr></a>] &lt;<cite>aholler</cite>&gt; <q>what is x13?</q></li>
<li class="join">[<a href="#T17:59:59" id="T17:59:59"><abbr title="2012-07-01T17:59:59+00:00">17:59:59</abbr></a>] <span>* sundar_ (~sundar@223.234.53.94) has joined #beagle</span></li>
<li class="message">[<a href="#T18:01:13" id="T18:01:13"><abbr title="2012-07-01T18:01:13+00:00">18:01:13</abbr></a>] &lt;<cite>Guest83483</cite>&gt; <q>STABLE <a href="http://rcn-ee.net/deb/squeeze-armel/v3.2.21-x13/">http://rcn-ee.net/deb/squeeze-armel/v3.2.21-x13/</a></q></li>
<li class="message">[<a href="#T18:02:57" id="T18:02:57"><abbr title="2012-07-01T18:02:57+00:00">18:02:57</abbr></a>] &lt;<cite>Guest83483</cite>&gt; <q>i don't really know what x13 means...</q></li>
<li class="join">[<a href="#T18:03:01" id="T18:03:01"><abbr title="2012-07-01T18:03:01+00:00">18:03:01</abbr></a>] <span>* GPSFan (~kenm@64.92.145.112) has joined #beagle</span></li>
<li class="join">[<a href="#T18:03:09" id="T18:03:09"><abbr title="2012-07-01T18:03:09+00:00">18:03:09</abbr></a>] <span>* thurbad (~natesewel@99-130-101-77.lightspeed.snantx.sbcglobal.net) has joined #beagle</span></li>
<li class="message">[<a href="#T18:03:30" id="T18:03:30"><abbr title="2012-07-01T18:03:30+00:00">18:03:30</abbr></a>] &lt;<cite>agmlego</cite>&gt; <q>It is a build number.</q></li>
<li class="message">[<a href="#T18:03:51" id="T18:03:51"><abbr title="2012-07-01T18:03:51+00:00">18:03:51</abbr></a>] &lt;<cite>agmlego</cite>&gt; <q>Just like the 5 in 2.6.32-5</q></li>
<li class="message">[<a href="#T18:04:25" id="T18:04:25"><abbr title="2012-07-01T18:04:25+00:00">18:04:25</abbr></a>] &lt;<cite>aholler</cite>&gt; <q>but it no we know that it is a kernel from rcn build for debian/ubuntu. That was the question</q></li>
<li class="message">[<a href="#T18:05:40" id="T18:05:40"><abbr title="2012-07-01T18:05:40+00:00">18:05:40</abbr></a>] &lt;<cite>agmlego</cite>&gt; <q>And the x probably designates it as an experiemntal kernel.</q></li>
<li class="message">[<a href="#T18:05:51" id="T18:05:51"><abbr title="2012-07-01T18:05:51+00:00">18:05:51</abbr></a>] &lt;<cite>agmlego</cite>&gt; <q>Or a differing branch from mainline, at least.</q></li>
<li class="join">[<a href="#T18:06:05" id="T18:06:05"><abbr title="2012-07-01T18:06:05+00:00">18:06:05</abbr></a>] <span>* kiilo (~kiilo@modemcable096.222-163-184.mc.videotron.ca) has joined #beagle</span></li>
<li class="message">[<a href="#T18:06:06" id="T18:06:06"><abbr title="2012-07-01T18:06:06+00:00">18:06:06</abbr></a>] &lt;<cite>Guest83483</cite>&gt; <q>no, it is mentioned as "stable"</q></li>
<li class="message">[<a href="#T18:06:15" id="T18:06:15"><abbr title="2012-07-01T18:06:15+00:00">18:06:15</abbr></a>] &lt;<cite>aholler</cite>&gt; <q>you might try the plain mainline kernel, 3.2.21 works here without problems</q></li>
<li class="message">[<a href="#T18:06:23" id="T18:06:23"><abbr title="2012-07-01T18:06:23+00:00">18:06:23</abbr></a>] &lt;<cite>Guest83483</cite>&gt; <q>cat /etc/issue : Debian GNU/Linux 6.0</q></li>
<li class="message">[<a href="#T18:08:36" id="T18:08:36"><abbr title="2012-07-01T18:08:36+00:00">18:08:36</abbr></a>] &lt;<cite>Guest83483</cite>&gt; <q>I can't find 3.2.21 from <a href="http://rcn-ee.net/deb/">http://rcn-ee.net/deb/</a> ...</q></li>
<li class="message">[<a href="#T18:09:28" id="T18:09:28"><abbr title="2012-07-01T18:09:28+00:00">18:09:28</abbr></a>] &lt;<cite>Guest83483</cite>&gt; <q>but mayne <a href="http://rcn-ee.net/deb/">http://rcn-ee.net/deb/</a> is not the main and official repository for Beagle ....?</q></li>
<li class="message">[<a href="#T18:09:39" id="T18:09:39"><abbr title="2012-07-01T18:09:39+00:00">18:09:39</abbr></a>] &lt;<cite>Guest83483</cite>&gt; <q>but maybe <a href="http://rcn-ee.net/deb/">http://rcn-ee.net/deb/</a> is not the main and official repository for Beagle ....?</q></li>
<li class="message">[<a href="#T18:09:45" id="T18:09:45"><abbr title="2012-07-01T18:09:45+00:00">18:09:45</abbr></a>] &lt;<cite>agmlego</cite>&gt; <q>You said that.</q></li>
<li class="message">[<a href="#T18:10:08" id="T18:10:08"><abbr title="2012-07-01T18:10:08+00:00">18:10:08</abbr></a>] &lt;<cite>agmlego</cite>&gt; <q>Also, I am not sure there is an *official* repo for the Beagleboard.</q></li>
<li class="message">[<a href="#T18:10:16" id="T18:10:16"><abbr title="2012-07-01T18:10:16+00:00">18:10:16</abbr></a>] &lt;<cite>Guest83483</cite>&gt; <q>there was an error : mayne=maybe</q></li>
<li class="message">[<a href="#T18:10:17" id="T18:10:17"><abbr title="2012-07-01T18:10:17+00:00">18:10:17</abbr></a>] &lt;<cite>agmlego</cite>&gt; <q>Especially not for Debian.</q></li>
<li class="message">[<a href="#T18:10:26" id="T18:10:26"><abbr title="2012-07-01T18:10:26+00:00">18:10:26</abbr></a>] &lt;<cite>agmlego</cite>&gt; <q>No need to repeat the whole line, though.</q></li>
<li class="message">[<a href="#T18:10:42" id="T18:10:42"><abbr title="2012-07-01T18:10:42+00:00">18:10:42</abbr></a>] &lt;<cite>agmlego</cite>&gt; <q>Most of us on IRC are good at ignoring the occasional error. ;-P</q></li>
<li class="message">[<a href="#T18:10:59" id="T18:10:59"><abbr title="2012-07-01T18:10:59+00:00">18:10:59</abbr></a>] &lt;<cite>Guest83483</cite>&gt; <q>ok sorry agmlego...i'm new in there</q></li>
<li class="message">[<a href="#T18:11:09" id="T18:11:09"><abbr title="2012-07-01T18:11:09+00:00">18:11:09</abbr></a>] &lt;<cite>agmlego</cite>&gt; <q>And if you really feel it necessary to correct, the accepted method is to prepend a * character before the single word to correct.</q></li>
<li class="message">[<a href="#T18:11:16" id="T18:11:16"><abbr title="2012-07-01T18:11:16+00:00">18:11:16</abbr></a>] &lt;<cite>agmlego</cite>&gt; <q>Guest83483: Not a problem.</q></li>
<li class="message">[<a href="#T18:12:03" id="T18:12:03"><abbr title="2012-07-01T18:12:03+00:00">18:12:03</abbr></a>] &lt;<cite>aholler</cite>&gt; <q>Guest83483: do you know how to compile a kernel?</q></li>
<li class="message">[<a href="#T18:12:25" id="T18:12:25"><abbr title="2012-07-01T18:12:25+00:00">18:12:25</abbr></a>] &lt;<cite>agmlego</cite>&gt; <q>Looks like the x13 designates a patch set.</q></li>
<li class="message">[<a href="#T18:13:58" id="T18:13:58"><abbr title="2012-07-01T18:13:58+00:00">18:13:58</abbr></a>] &lt;<cite>Guest83483</cite>&gt; <q>i don't know how to compile a kernel, but Googling it will tell me how to, i guess. Basically, i've followed instructions here to install my system : <a href="http://elinux.org/BeagleBoardDebian">http://elinux.org/BeagleBoardDebian</a></q></li>
<li class="message">[<a href="#T18:15:49" id="T18:15:49"><abbr title="2012-07-01T18:15:49+00:00">18:15:49</abbr></a>] &lt;<cite>aholler</cite>&gt; <q>here is the config for 3.2.21 I'm using on my C4: <a href="http://ahsoftware.de/config-3.2.21.beagleboardC4">http://ahsoftware.de/config-3.2.21.beagleboardC4</a>  you might git clone the stable 3.2.21 from kernel.org and compile it yourself</q></li>
<li class="message">[<a href="#T18:16:21" id="T18:16:21"><abbr title="2012-07-01T18:16:21+00:00">18:16:21</abbr></a>] &lt;<cite>agmlego</cite>&gt; <q>Or, you know, just roll back the kernel in apt?</q></li>
<li class="message">[<a href="#T18:18:59" id="T18:18:59"><abbr title="2012-07-01T18:18:59+00:00">18:18:59</abbr></a>] &lt;<cite>aholler</cite>&gt; <q>and using ubuntu on a c4 isn't very stable. I think ubuntu uses thumb and the c4 has a problem with that</q></li>
<li class="message">[<a href="#T18:20:03" id="T18:20:03"><abbr title="2012-07-01T18:20:03+00:00">18:20:03</abbr></a>] &lt;<cite>aholler</cite>&gt; <q>s/c4/omap 3 on the c4/</q></li>
<li class="message">[<a href="#T18:20:23" id="T18:20:23"><abbr title="2012-07-01T18:20:23+00:00">18:20:23</abbr></a>] &lt;<cite>Guest83483</cite>&gt; <q>I would like to use Debian, not Ubuntu...</q></li>
<li class="message">[<a href="#T18:21:37" id="T18:21:37"><abbr title="2012-07-01T18:21:37+00:00">18:21:37</abbr></a>] &lt;<cite>Guest83483</cite>&gt; <q>Here is the apt-cache search linux-image output i have : <a href="http://pastebin.com/cSEDnupH">http://pastebin.com/cSEDnupH</a></q></li>
<li class="message">[<a href="#T18:21:41" id="T18:21:41"><abbr title="2012-07-01T18:21:41+00:00">18:21:41</abbr></a>] &lt;<cite>aholler</cite>&gt; <q>I don't know if debian uses thumb too. but it shouldn't be necessary to use rcn's kernel with patches you don't know anything about</q></li>
<li class="quit">[<a href="#T18:22:10" id="T18:22:10"><abbr title="2012-07-01T18:22:10+00:00">18:22:10</abbr></a>] <span>* buq2 (~buq2@dsl-trebrasgw2-fe98de00-17.dhcp.inet.fi) Quit (Ping timeout: 246 seconds)</span></li>
<li class="message">[<a href="#T18:26:17" id="T18:26:17"><abbr title="2012-07-01T18:26:17+00:00">18:26:17</abbr></a>] &lt;<cite>Guest83483</cite>&gt; <q>using apt to downgrade my kernel, do you think "linux-image-2.6.32-5-versatile" is a good choice ?</q></li>
<li class="message">[<a href="#T18:26:55" id="T18:26:55"><abbr title="2012-07-01T18:26:55+00:00">18:26:55</abbr></a>] &lt;<cite>agmlego</cite>&gt; <q>Might be a good place to start.</q></li>
<li class="message">[<a href="#T18:27:21" id="T18:27:21"><abbr title="2012-07-01T18:27:21+00:00">18:27:21</abbr></a>] &lt;<cite>agmlego</cite>&gt; <q>However, I would be surpised (very surprised) if the mirror you are using does not have an older 3.2 kernel you could try first.</q></li>
<li class="message">[<a href="#T18:27:31" id="T18:27:31"><abbr title="2012-07-01T18:27:31+00:00">18:27:31</abbr></a>] &lt;<cite>agmlego</cite>&gt; <q>And, if your mirror does not have such, get a new mirror.</q></li>
<li class="message">[<a href="#T18:27:47" id="T18:27:47"><abbr title="2012-07-01T18:27:47+00:00">18:27:47</abbr></a>] &lt;<cite>agmlego</cite>&gt; <q>Going all the way back to a 2.6 kernel is a hell of a long downgrade.</q></li>
<li class="message">[<a href="#T18:28:34" id="T18:28:34"><abbr title="2012-07-01T18:28:34+00:00">18:28:34</abbr></a>] &lt;<cite>Guest83483</cite>&gt; <q>Maybe i should do it on a new sdcard...?</q></li>
<li class="message">[<a href="#T18:28:48" id="T18:28:48"><abbr title="2012-07-01T18:28:48+00:00">18:28:48</abbr></a>] &lt;<cite>agmlego</cite>&gt; <q>Oh, assuredly, or back up the one you have.</q></li>
<li class="message">[<a href="#T18:29:14" id="T18:29:14"><abbr title="2012-07-01T18:29:14+00:00">18:29:14</abbr></a>] &lt;<cite>Guest83483</cite>&gt; <q>ok, i do an sdcard image backup right now</q></li>
<li class="message">[<a href="#T18:29:26" id="T18:29:26"><abbr title="2012-07-01T18:29:26+00:00">18:29:26</abbr></a>] &lt;<cite>agmlego</cite>&gt; <q>I would just use dd to make an image of the card and save it on a different machine, then make changes.</q></li>
<li class="join">[<a href="#T18:30:56" id="T18:30:56"><abbr title="2012-07-01T18:30:56+00:00">18:30:56</abbr></a>] <span>* Ceriand|desktop (~Ceriand@unaffiliated/ceriand) has joined #beagle</span></li>
<li class="join">[<a href="#T18:30:58" id="T18:30:58"><abbr title="2012-07-01T18:30:58+00:00">18:30:58</abbr></a>] <span>* buq2 (~buq2@dsl-trebrasgw2-fe98de00-17.dhcp.inet.fi) has joined #beagle</span></li>
<li class="quit">[<a href="#T18:35:22" id="T18:35:22"><abbr title="2012-07-01T18:35:22+00:00">18:35:22</abbr></a>] <span>* W1N9Zr0 (~W1N9Zr0@24-212-193-98.cable.teksavvy.com) Quit (Remote host closed the connection)</span></li>
<li class="join">[<a href="#T18:38:07" id="T18:38:07"><abbr title="2012-07-01T18:38:07+00:00">18:38:07</abbr></a>] <span>* W1N9Zr0 (~W1N9Zr0@24-212-193-98.cable.teksavvy.com) has joined #beagle</span></li>
<li class="join">[<a href="#T18:41:15" id="T18:41:15"><abbr title="2012-07-01T18:41:15+00:00">18:41:15</abbr></a>] <span>* novogram_ (~novogramm@w0109-49-134-75-34.uqwimax.jp) has joined #beagle</span></li>
<li class="quit">[<abbr title="2012-07-01T18:41:15+00:00">18:41:15</abbr>] <span>* novogrammer (~novogramm@w0109-49-134-75-34.uqwimax.jp) Quit (Read error: Connection reset by peer)</span></li>
<li class="join">[<a href="#T18:46:43" id="T18:46:43"><abbr title="2012-07-01T18:46:43+00:00">18:46:43</abbr></a>] <span>* tomeff_ (~effik@ip-78-45-50-22.net.upcbroadband.cz) has joined #beagle</span></li>
<li class="join">[<a href="#T18:54:48" id="T18:54:48"><abbr title="2012-07-01T18:54:48+00:00">18:54:48</abbr></a>] <span>* rsalveti (~rsalveti@177.97.248.188) has joined #beagle</span></li>
<li class="quit">[<a href="#T18:54:49" id="T18:54:49"><abbr title="2012-07-01T18:54:49+00:00">18:54:49</abbr></a>] <span>* rsalveti (~rsalveti@177.97.248.188) Quit (Changing host)</span></li>
<li class="join">[<abbr title="2012-07-01T18:54:49+00:00">18:54:49</abbr>] <span>* rsalveti (~rsalveti@linaro/rsalveti) has joined #beagle</span></li>
<li class="quit">[<a href="#T18:56:40" id="T18:56:40"><abbr title="2012-07-01T18:56:40+00:00">18:56:40</abbr></a>] <span>* Mrick0363 (~emeric@AToulouse-551-1-65-116.w92-146.abo.wanadoo.fr) Quit (Ping timeout: 252 seconds)</span></li>
<li class="message">[<a href="#T19:08:22" id="T19:08:22"><abbr title="2012-07-01T19:08:22+00:00">19:08:22</abbr></a>] &lt;<cite>Guest83483</cite>&gt; <q>I ran apt-get install linux-image-2.6.32-5-versatile but after reboot the board is still using 3.2.21-x13 ...</q></li>
<li class="quit">[<a href="#T19:10:10" id="T19:10:10"><abbr title="2012-07-01T19:10:10+00:00">19:10:10</abbr></a>] <span>* bhthompson (~bhthompso@2002:62ea:b25f:0:79fc:f38:ac6d:f86e) Quit (Remote host closed the connection)</span></li>
<li class="join">[<a href="#T19:10:44" id="T19:10:44"><abbr title="2012-07-01T19:10:44+00:00">19:10:44</abbr></a>] <span>* bhthompson (~bhthompso@c-98-234-178-95.hsd1.ca.comcast.net) has joined #beagle</span></li>
<li class="join">[<a href="#T19:10:49" id="T19:10:49"><abbr title="2012-07-01T19:10:49+00:00">19:10:49</abbr></a>] <span>* phantoneD (~destroy@a95-92-89-24.cpe.netcabo.pt) has joined #beagle</span></li>
<li class="quit">[<a href="#T19:12:43" id="T19:12:43"><abbr title="2012-07-01T19:12:43+00:00">19:12:43</abbr></a>] <span>* novogram_ (~novogramm@w0109-49-134-75-34.uqwimax.jp) Quit (Remote host closed the connection)</span></li>
<li class="quit">[<a href="#T19:14:30" id="T19:14:30"><abbr title="2012-07-01T19:14:30+00:00">19:14:30</abbr></a>] <span>* phantoxeD (~destroy@a95-92-89-24.cpe.netcabo.pt) Quit (Ping timeout: 264 seconds)</span></li>
<li class="quit">[<a href="#T19:15:07" id="T19:15:07"><abbr title="2012-07-01T19:15:07+00:00">19:15:07</abbr></a>] <span>* bhthompson (~bhthompso@c-98-234-178-95.hsd1.ca.comcast.net) Quit (Ping timeout: 240 seconds)</span></li>
<li class="quit">[<a href="#T19:16:31" id="T19:16:31"><abbr title="2012-07-01T19:16:31+00:00">19:16:31</abbr></a>] <span>* kiilo (~kiilo@modemcable096.222-163-184.mc.videotron.ca) Quit (Quit: ciao)</span></li>
<li class="quit">[<a href="#T19:17:44" id="T19:17:44"><abbr title="2012-07-01T19:17:44+00:00">19:17:44</abbr></a>] <span>* sundar_ (~sundar@223.234.53.94) Quit (Remote host closed the connection)</span></li>
<li class="message">[<a href="#T19:24:37" id="T19:24:37"><abbr title="2012-07-01T19:24:37+00:00">19:24:37</abbr></a>] &lt;<cite>agmlego</cite>&gt; <q>Well, yeah, because you did not tell the board to boot up on that kernel.</q></li>
<li class="quit">[<a href="#T19:26:07" id="T19:26:07"><abbr title="2012-07-01T19:26:07+00:00">19:26:07</abbr></a>] <span>* signal11 (esteban@abq.quaddro.net) Quit (Ping timeout: 240 seconds)</span></li>
<li class="message">[<a href="#T19:27:28" id="T19:27:28"><abbr title="2012-07-01T19:27:28+00:00">19:27:28</abbr></a>] &lt;<cite>Guest83483</cite>&gt; <q>How can i do that ?</q></li>
<li class="message">[<a href="#T19:28:22" id="T19:28:22"><abbr title="2012-07-01T19:28:22+00:00">19:28:22</abbr></a>] &lt;<cite>agmlego</cite>&gt; <q>No idea. What does Googlesay?</q></li>
<li class="message">[<a href="#T19:28:33" id="T19:28:33"><abbr title="2012-07-01T19:28:33+00:00">19:28:33</abbr></a>] &lt;<cite>agmlego</cite>&gt; <q>On regular PCs, you use GRUB or LILO or other bootloader.</q></li>
<li class="message">[<a href="#T19:28:42" id="T19:28:42"><abbr title="2012-07-01T19:28:42+00:00">19:28:42</abbr></a>] &lt;<cite>agmlego</cite>&gt; <q>My guess it it will be something in uboot.</q></li>
<li class="join">[<a href="#T19:35:07" id="T19:35:07"><abbr title="2012-07-01T19:35:07+00:00">19:35:07</abbr></a>] <span>* signal11 (esteban@abq.quaddro.net) has joined #beagle</span></li>
<li class="quit">[<a href="#T19:39:37" id="T19:39:37"><abbr title="2012-07-01T19:39:37+00:00">19:39:37</abbr></a>] <span>* signal11 (esteban@abq.quaddro.net) Quit (Ping timeout: 240 seconds)</span></li>
<li class="join">[<a href="#T20:03:07" id="T20:03:07"><abbr title="2012-07-01T20:03:07+00:00">20:03:07</abbr></a>] <span>* signal11 (esteban@abq.quaddro.net) has joined #beagle</span></li>
<li class="quit">[<a href="#T20:08:27" id="T20:08:27"><abbr title="2012-07-01T20:08:27+00:00">20:08:27</abbr></a>] <span>* dENNES (~Adium@port375.ds1-hr.adsl.cybercity.dk) Quit (Quit: Leaving.)</span></li>
<li class="quit">[<a href="#T20:15:06" id="T20:15:06"><abbr title="2012-07-01T20:15:06+00:00">20:15:06</abbr></a>] <span>* Russ (~russ@ip68-4-185-173.oc.oc.cox.net) Quit (Ping timeout: 264 seconds)</span></li>
<li class="join">[<a href="#T20:16:01" id="T20:16:01"><abbr title="2012-07-01T20:16:01+00:00">20:16:01</abbr></a>] <span>* RobertBerger (~rber@ppp046176142197.dsl.hol.gr) has joined #beagle</span></li>
<li class="part">[<a href="#T20:16:48" id="T20:16:48"><abbr title="2012-07-01T20:16:48+00:00">20:16:48</abbr></a>] <span>* RobertBerger (~rber@ppp046176142197.dsl.hol.gr) has left #beagle</span></li>
<li class="quit">[<a href="#T20:25:05" id="T20:25:05"><abbr title="2012-07-01T20:25:05+00:00">20:25:05</abbr></a>] <span>* DarthExpeditor (~IceChat9@c-24-11-175-127.hsd1.mi.comcast.net) Quit (Ping timeout: 246 seconds)</span></li>
<li class="quit">[<a href="#T20:29:49" id="T20:29:49"><abbr title="2012-07-01T20:29:49+00:00">20:29:49</abbr></a>] <span>* jkridner__ (~jason@pdpc/supporter/active/jkridner) Quit (Read error: Connection reset by peer)</span></li>
<li class="join">[<a href="#T20:30:04" id="T20:30:04"><abbr title="2012-07-01T20:30:04+00:00">20:30:04</abbr></a>] <span>* jkridner__ (~jason@pdpc/supporter/active/jkridner) has joined #beagle</span></li>
<li class="join">[<a href="#T20:30:31" id="T20:30:31"><abbr title="2012-07-01T20:30:31+00:00">20:30:31</abbr></a>] <span>* Russ (~russ@ip68-4-185-173.oc.oc.cox.net) has joined #beagle</span></li>
<li class="join">[<a href="#T20:34:45" id="T20:34:45"><abbr title="2012-07-01T20:34:45+00:00">20:34:45</abbr></a>] <span>* RITRedbeard__ (~RITReadbe@c-68-37-165-37.hsd1.nj.comcast.net) has joined #beagle</span></li>
<li class="quit">[<a href="#T20:51:32" id="T20:51:32"><abbr title="2012-07-01T20:51:32+00:00">20:51:32</abbr></a>] <span>* thurbad (~natesewel@99-130-101-77.lightspeed.snantx.sbcglobal.net) Quit (Ping timeout: 248 seconds)</span></li>
<li class="join">[<a href="#T20:53:49" id="T20:53:49"><abbr title="2012-07-01T20:53:49+00:00">20:53:49</abbr></a>] <span>* DarthExpeditor (~IceChat9@c-24-11-175-127.hsd1.mi.comcast.net) has joined #beagle</span></li>
<li class="join">[<a href="#T20:57:49" id="T20:57:49"><abbr title="2012-07-01T20:57:49+00:00">20:57:49</abbr></a>] <span>* thurbad (~natesewel@99-130-101-77.lightspeed.snantx.sbcglobal.net) has joined #beagle</span></li>
<li class="message">[<a href="#T20:58:04" id="T20:58:04"><abbr title="2012-07-01T20:58:04+00:00">20:58:04</abbr></a>] &lt;<cite>Guest83483</cite>&gt; <q>everything rhat Google tell me fail...</q></li>
<li class="message">[<a href="#T20:58:41" id="T20:58:41"><abbr title="2012-07-01T20:58:41+00:00">20:58:41</abbr></a>] &lt;<cite>Guest83483</cite>&gt; <q>rhat=that</q></li>
<li class="message">[<a href="#T20:59:00" id="T20:59:00"><abbr title="2012-07-01T20:59:00+00:00">20:59:00</abbr></a>] &lt;<cite>aholler</cite>&gt; <q>look at the serial, it should tell you which file gets loaded</q></li>
<li class="message">[<a href="#T21:00:32" id="T21:00:32"><abbr title="2012-07-01T21:00:32+00:00">21:00:32</abbr></a>] &lt;<cite>aholler</cite>&gt; <q>and check u-boot-version etc. the c4 has nand and the u-boot in nand might be very old</q></li>
<li class="quit">[<a href="#T21:02:53" id="T21:02:53"><abbr title="2012-07-01T21:02:53+00:00">21:02:53</abbr></a>] <span>* RITRedbeard__ (~RITReadbe@c-68-37-165-37.hsd1.nj.comcast.net) Quit (Ping timeout: 246 seconds)</span></li>
<li class="quit">[<a href="#T21:05:07" id="T21:05:07"><abbr title="2012-07-01T21:05:07+00:00">21:05:07</abbr></a>] <span>* Russ (~russ@ip68-4-185-173.oc.oc.cox.net) Quit (Ping timeout: 240 seconds)</span></li>
<li class="join">[<a href="#T21:06:39" id="T21:06:39"><abbr title="2012-07-01T21:06:39+00:00">21:06:39</abbr></a>] <span>* Russ (~russ@ip68-4-185-173.oc.oc.cox.net) has joined #beagle</span></li>
<li class="join">[<a href="#T21:08:27" id="T21:08:27"><abbr title="2012-07-01T21:08:27+00:00">21:08:27</abbr></a>] <span>* trip0 (~kev@c-67-189-97-36.hsd1.wa.comcast.net) has joined #beagle</span></li>
<li class="message">[<a href="#T21:08:44" id="T21:08:44"><abbr title="2012-07-01T21:08:44+00:00">21:08:44</abbr></a>] &lt;<cite>trip0</cite>&gt; <q>what gstreamer encoders are best on the bone?</q></li>
<li class="message">[<a href="#T21:08:46" id="T21:08:46"><abbr title="2012-07-01T21:08:46+00:00">21:08:46</abbr></a>] &lt;<cite>Guest83483</cite>&gt; <q>I boot from sdcard, not from Nand</q></li>
<li class="message">[<a href="#T21:08:52" id="T21:08:52"><abbr title="2012-07-01T21:08:52+00:00">21:08:52</abbr></a>] &lt;<cite>trip0</cite>&gt; <q>is there a dsp powered encoder?</q></li>
<li class="quit">[<a href="#T21:10:15" id="T21:10:15"><abbr title="2012-07-01T21:10:15+00:00">21:10:15</abbr></a>] <span>* ericb2 (~X@unaffiliated/ericb2) Quit (Quit: . . . ........)</span></li>
<li class="quit">[<a href="#T21:10:18" id="T21:10:18"><abbr title="2012-07-01T21:10:18+00:00">21:10:18</abbr></a>] <span>* Ceriand|desktop (~Ceriand@unaffiliated/ceriand) Quit (Quit: Leaving.)</span></li>
<li class="message">[<a href="#T21:13:22" id="T21:13:22"><abbr title="2012-07-01T21:13:22+00:00">21:13:22</abbr></a>] &lt;<cite>trip0</cite>&gt; <q>looks like the beagleboard has mpeg-4 hardware encoding support.  is this also true for the bone?</q></li>
<li class="message">[<a href="#T21:13:41" id="T21:13:41"><abbr title="2012-07-01T21:13:41+00:00">21:13:41</abbr></a>] &lt;<cite>mru</cite>&gt; <q>no dsp on the bone</q></li>
<li class="quit">[<a href="#T21:13:43" id="T21:13:43"><abbr title="2012-07-01T21:13:43+00:00">21:13:43</abbr></a>] <span>* Guest34402 (~bleh1@217.28.0.178) Quit (Ping timeout: 250 seconds)</span></li>
<li class="message">[<a href="#T21:13:57" id="T21:13:57"><abbr title="2012-07-01T21:13:57+00:00">21:13:57</abbr></a>] &lt;<cite>trip0</cite>&gt; <q>:(</q></li>
<li class="message">[<a href="#T21:26:44" id="T21:26:44"><abbr title="2012-07-01T21:26:44+00:00">21:26:44</abbr></a>] &lt;<cite>Guest83483</cite>&gt; <q>well...maybe i made a mistake with the beagle, i need someting stable for my project....for the price of the Beagle, not sure i can expect something stable...i will maybe have a look here <a href="http://www.embeddedarm.com/products/arm-sbc.php">http://www.embeddedarm.com/products/arm-sbc.php</a></q></li>
<li class="join">[<a href="#T21:28:20" id="T21:28:20"><abbr title="2012-07-01T21:28:20+00:00">21:28:20</abbr></a>] <span>* ericb2 (~X@unaffiliated/ericb2) has joined #beagle</span></li>
<li class="message">[<a href="#T21:28:40" id="T21:28:40"><abbr title="2012-07-01T21:28:40+00:00">21:28:40</abbr></a>] &lt;<cite>agmlego</cite>&gt; <q>Guest83483: What instability are you seeing?</q></li>
<li class="message">[<a href="#T21:28:53" id="T21:28:53"><abbr title="2012-07-01T21:28:53+00:00">21:28:53</abbr></a>] &lt;<cite>Guest83483</cite>&gt; <q>kernel panics !</q></li>
<li class="message">[<a href="#T21:29:10" id="T21:29:10"><abbr title="2012-07-01T21:29:10+00:00">21:29:10</abbr></a>] &lt;<cite>Guest83483</cite>&gt; <q>with no specific dev at all</q></li>
<li class="message">[<a href="#T21:29:43" id="T21:29:43"><abbr title="2012-07-01T21:29:43+00:00">21:29:43</abbr></a>] &lt;<cite>aholler</cite>&gt; <q>going embedded without being able to compile a kernel isn't the right way.</q></li>
<li class="message">[<a href="#T21:30:56" id="T21:30:56"><abbr title="2012-07-01T21:30:56+00:00">21:30:56</abbr></a>] &lt;<cite>agmlego</cite>&gt; <q>Guest83483: what distros have you tried?</q></li>
<li class="message">[<a href="#T21:31:05" id="T21:31:05"><abbr title="2012-07-01T21:31:05+00:00">21:31:05</abbr></a>] &lt;<cite>agmlego</cite>&gt; <q>Angstrom works very nicely, as does Ubuntu.</q></li>
<li class="message">[<a href="#T21:32:36" id="T21:32:36"><abbr title="2012-07-01T21:32:36+00:00">21:32:36</abbr></a>] &lt;<cite>Guest83483</cite>&gt; <q>you're right aholler, i am learning. I am refering to the community that makes great jobs to make Debian and all others dist Beagle compliant</q></li>
<li class="message">[<a href="#T21:32:59" id="T21:32:59"><abbr title="2012-07-01T21:32:59+00:00">21:32:59</abbr></a>] &lt;<cite>agmlego</cite>&gt; <q>Angstrom will probably give you better performance, while Ubuntu will give you a user experience similar to Debian.</q></li>
<li class="message">[<a href="#T21:33:24" id="T21:33:24"><abbr title="2012-07-01T21:33:24+00:00">21:33:24</abbr></a>] &lt;<cite>Guest83483</cite>&gt; <q>i've tried Angstrom but this dist is very minimal and i can't do what i want : for instance just installing Apache2</q></li>
<li class="message">[<a href="#T21:33:50" id="T21:33:50"><abbr title="2012-07-01T21:33:50+00:00">21:33:50</abbr></a>] &lt;<cite>hads</cite>&gt; <q>Perhaps you need to rethink embedded.</q></li>
<li class="quit">[<a href="#T21:34:19" id="T21:34:19"><abbr title="2012-07-01T21:34:19+00:00">21:34:19</abbr></a>] <span>* thurbad (~natesewel@99-130-101-77.lightspeed.snantx.sbcglobal.net) Quit (Quit: thurbad)</span></li>
<li class="message">[<a href="#T21:34:32" id="T21:34:32"><abbr title="2012-07-01T21:34:32+00:00">21:34:32</abbr></a>] &lt;<cite>Guest83483</cite>&gt; <q>no, i don't have to rethink (this would be the easiest way)...i have to learn more and more</q></li>
<li class="join">[<a href="#T21:34:54" id="T21:34:54"><abbr title="2012-07-01T21:34:54+00:00">21:34:54</abbr></a>] <span>* Ceriand|desktop (~Ceriand@unaffiliated/ceriand) has joined #beagle</span></li>
<li class="message">[<a href="#T21:35:20" id="T21:35:20"><abbr title="2012-07-01T21:35:20+00:00">21:35:20</abbr></a>] &lt;<cite>agmlego</cite>&gt; <q>Guest83483: Try the server edition of Ubuntu.</q></li>
<li class="message">[<a href="#T21:35:51" id="T21:35:51"><abbr title="2012-07-01T21:35:51+00:00">21:35:51</abbr></a>] &lt;<cite>agmlego</cite>&gt; <q>Or, try compiling apache.</q></li>
<li class="message">[<abbr title="2012-07-01T21:35:51+00:00">21:35:51</abbr>] &lt;<cite>hads</cite>&gt; <q>There are lighter alternatives to Apache that may serve you better.</q></li>
<li class="quit">[<a href="#T21:35:59" id="T21:35:59"><abbr title="2012-07-01T21:35:59+00:00">21:35:59</abbr></a>] <span>* rick__ (~rick@118-160-43-197.dynamic.hinet.net) Quit (Read error: Connection reset by peer)</span></li>
<li class="message">[<a href="#T21:36:10" id="T21:36:10"><abbr title="2012-07-01T21:36:10+00:00">21:36:10</abbr></a>] &lt;<cite>agmlego</cite>&gt; <q>nginx is a good one, as is lighttpd.</q></li>
<li class="message">[<a href="#T21:36:41" id="T21:36:41"><abbr title="2012-07-01T21:36:41+00:00">21:36:41</abbr></a>] &lt;<cite>agmlego</cite>&gt; <q>Assuming, of course, the goal is simply a webserver. If you have apache-specific things, those may not be the right solution.</q></li>
<li class="message">[<a href="#T21:37:06" id="T21:37:06"><abbr title="2012-07-01T21:37:06+00:00">21:37:06</abbr></a>] &lt;<cite>aholler</cite>&gt; <q>busybox already has one included</q></li>
<li class="message">[<a href="#T21:37:26" id="T21:37:26"><abbr title="2012-07-01T21:37:26+00:00">21:37:26</abbr></a>] &lt;<cite>Guest83483</cite>&gt; <q>with php support ? gd support ? rrdtools ? the easiest way for all that is "standard" dist as Debian/Ubuntu (in my opinion)</q></li>
<li class="message">[<a href="#T21:37:51" id="T21:37:51"><abbr title="2012-07-01T21:37:51+00:00">21:37:51</abbr></a>] &lt;<cite>agmlego</cite>&gt; <q>PHP? Yes. GD? What is that? RRDtools? Maybe.</q></li>
<li class="message">[<a href="#T21:38:20" id="T21:38:20"><abbr title="2012-07-01T21:38:20+00:00">21:38:20</abbr></a>] &lt;<cite>hads</cite>&gt; <q>Perhaps "easiest" for you but also probably not well suited to embedded. Perhaps you need to rethink.</q></li>
<li class="message">[<a href="#T21:39:02" id="T21:39:02"><abbr title="2012-07-01T21:39:02+00:00">21:39:02</abbr></a>] &lt;<cite>Guest83483</cite>&gt; <q>If i have to rethink, i will have a look to embedded x86 boards</q></li>
<li class="message">[<a href="#T21:39:03" id="T21:39:03"><abbr title="2012-07-01T21:39:03+00:00">21:39:03</abbr></a>] &lt;<cite>dm8tbr</cite>&gt; <q>apache and embedded in the same sentence...</q></li>
<li class="nick-change">[<a href="#T21:39:25" id="T21:39:25"><abbr title="2012-07-01T21:39:25+00:00">21:39:25</abbr></a>] <span>* fooblya_monad is now known as cacodaemon</span></li>
<li class="message">[<a href="#T21:39:26" id="T21:39:26"><abbr title="2012-07-01T21:39:26+00:00">21:39:26</abbr></a>] &lt;<cite>Guest83483</cite>&gt; <q>not with Angstom dm8tbr... ;)</q></li>
<li class="message">[<a href="#T21:39:37" id="T21:39:37"><abbr title="2012-07-01T21:39:37+00:00">21:39:37</abbr></a>] &lt;<cite>dm8tbr</cite>&gt; <q>Guest83483: wooooosh...</q></li>
<li class="message">[<a href="#T21:39:51" id="T21:39:51"><abbr title="2012-07-01T21:39:51+00:00">21:39:51</abbr></a>] &lt;<cite>agmlego</cite>&gt; <q>Guest83483: What dm8tbr is saying is that Apache is a grossly bloated webserver to run on an embedded board.</q></li>
<li class="message">[<a href="#T21:40:14" id="T21:40:14"><abbr title="2012-07-01T21:40:14+00:00">21:40:14</abbr></a>] &lt;<cite>aholler</cite>&gt; <q>using apache isn't really a problem.</q></li>
<li class="message">[<a href="#T21:40:15" id="T21:40:15"><abbr title="2012-07-01T21:40:15+00:00">21:40:15</abbr></a>] &lt;<cite>agmlego</cite>&gt; <q>(Really, it is grossly bloated to run on anything, but that is a topic for a different discussion.)</q></li>
<li class="message">[<a href="#T21:40:43" id="T21:40:43"><abbr title="2012-07-01T21:40:43+00:00">21:40:43</abbr></a>] &lt;<cite>hads</cite>&gt; <q>There is a reason Apache isn't included in embedded distributions.</q></li>
<li class="message">[<a href="#T21:40:51" id="T21:40:51"><abbr title="2012-07-01T21:40:51+00:00">21:40:51</abbr></a>] &lt;<cite>hads</cite>&gt; <q>That is it.</q></li>
<li class="message">[<a href="#T21:41:23" id="T21:41:23"><abbr title="2012-07-01T21:41:23+00:00">21:41:23</abbr></a>] &lt;<cite>dm8tbr</cite>&gt; <q>you /can/ do a great many things. if you /should/ is on a different page.</q></li>
<li class="message">[<a href="#T21:41:38" id="T21:41:38"><abbr title="2012-07-01T21:41:38+00:00">21:41:38</abbr></a>] &lt;<cite>agmlego</cite>&gt; <q>Guest83483: The big question I have is: What are you wanting to do?</q></li>
<li class="message">[<a href="#T21:41:43" id="T21:41:43"><abbr title="2012-07-01T21:41:43+00:00">21:41:43</abbr></a>] &lt;<cite>aholler</cite>&gt; <q>because there normally is no need for it. but that doesn't say anything if it isn't possible</q></li>
<li class="message">[<a href="#T21:42:00" id="T21:42:00"><abbr title="2012-07-01T21:42:00+00:00">21:42:00</abbr></a>] &lt;<cite>aholler</cite>&gt; <q>I'm using apache since 3a on a armv5 with 128mb</q></li>
<li class="message">[<a href="#T21:42:09" id="T21:42:09"><abbr title="2012-07-01T21:42:09+00:00">21:42:09</abbr></a>] &lt;<cite>aholler</cite>&gt; <q>without problems</q></li>
<li class="message">[<a href="#T21:42:31" id="T21:42:31"><abbr title="2012-07-01T21:42:31+00:00">21:42:31</abbr></a>] &lt;<cite>Guest83483</cite>&gt; <q>I am sure of that aholler...with a stable Kernel !</q></li>
<li class="join">[<a href="#T21:43:06" id="T21:43:06"><abbr title="2012-07-01T21:43:06+00:00">21:43:06</abbr></a>] <span>* educa (b276178f@gateway/web/freenode/ip.178.118.23.143) has joined #beagle</span></li>
<li class="message">[<abbr title="2012-07-01T21:43:06+00:00">21:43:06</abbr>] &lt;<cite>aholler</cite>&gt; <q>than get a stable one</q></li>
<li class="message">[<a href="#T21:43:10" id="T21:43:10"><abbr title="2012-07-01T21:43:10+00:00">21:43:10</abbr></a>] &lt;<cite>dm8tbr</cite>&gt; <q>yada yada, there are enough people who run the BBxm and don't have kernel problems.</q></li>
<li class="message">[<a href="#T21:44:12" id="T21:44:12"><abbr title="2012-07-01T21:44:12+00:00">21:44:12</abbr></a>] &lt;<cite>Guest83483</cite>&gt; <q>Sure dm8tbr...but Google said that there is also a lot of people who get a "Unable to handle kernel paging request at virtual address xxxxxxx"</q></li>
<li class="message">[<a href="#T21:44:18" id="T21:44:18"><abbr title="2012-07-01T21:44:18+00:00">21:44:18</abbr></a>] &lt;<cite>aholler</cite>&gt; <q>Guest83483: you are just trying the first experimental kernel you've found somewhere and already start to whine because something doesn't work</q></li>
<li class="message">[<a href="#T21:47:35" id="T21:47:35"><abbr title="2012-07-01T21:47:35+00:00">21:47:35</abbr></a>] &lt;<cite>Guest83483</cite>&gt; <q>ok ok ! I've found the most active developper for the Beagle at <a href="http://rcn-ee.net">http://rcn-ee.net</a> ...maybe here is my main mistake</q></li>
<li class="message">[<a href="#T21:47:58" id="T21:47:58"><abbr title="2012-07-01T21:47:58+00:00">21:47:58</abbr></a>] &lt;<cite>aholler</cite>&gt; <q>your mistake is missing patience</q></li>
<li class="message">[<a href="#T21:48:12" id="T21:48:12"><abbr title="2012-07-01T21:48:12+00:00">21:48:12</abbr></a>] &lt;<cite>Guest83483</cite>&gt; <q>lol ! no ! :)</q></li>
<li class="message">[<a href="#T21:48:26" id="T21:48:26"><abbr title="2012-07-01T21:48:26+00:00">21:48:26</abbr></a>] &lt;<cite>aholler</cite>&gt; <q>rcn-ee is sometimes here. so just wait</q></li>
<li class="message">[<a href="#T21:50:03" id="T21:50:03"><abbr title="2012-07-01T21:50:03+00:00">21:50:03</abbr></a>] &lt;<cite>Guest83483</cite>&gt; <q>"What are you wanting to do?" this is a large question</q></li>
<li class="join">[<a href="#T21:50:16" id="T21:50:16"><abbr title="2012-07-01T21:50:16+00:00">21:50:16</abbr></a>] <span>* rick__ (~rick@114-44-71-202.dynamic.hinet.net) has joined #beagle</span></li>
<li class="message">[<a href="#T21:50:51" id="T21:50:51"><abbr title="2012-07-01T21:50:51+00:00">21:50:51</abbr></a>] &lt;<cite>Guest83483</cite>&gt; <q>Basically, i want to manage devices to manage a room weather</q></li>
<li class="message">[<a href="#T21:51:29" id="T21:51:29"><abbr title="2012-07-01T21:51:29+00:00">21:51:29</abbr></a>] &lt;<cite>Guest83483</cite>&gt; <q>with a http server for GUI</q></li>
<li class="message">[<a href="#T21:51:37" id="T21:51:37"><abbr title="2012-07-01T21:51:37+00:00">21:51:37</abbr></a>] &lt;<cite>Guest83483</cite>&gt; <q>with php5 and GD</q></li>
<li class="message">[<a href="#T21:52:35" id="T21:52:35"><abbr title="2012-07-01T21:52:35+00:00">21:52:35</abbr></a>] &lt;<cite>Guest83483</cite>&gt; <q>GD is a library to draw over an image (for instance <a href="http://saratoga-weather.org/scripts-widget.php)">http://saratoga-weather.org/scripts-widget.php)</a></q></li>
<li class="message">[<a href="#T21:56:09" id="T21:56:09"><abbr title="2012-07-01T21:56:09+00:00">21:56:09</abbr></a>] &lt;<cite>Guest83483</cite>&gt; <q>you can have a look in my dev app here : <a href="http://88.177.138.193/greenbox">http://88.177.138.193/greenbox</a> (guest / guest)</q></li>
<li class="quit">[<a href="#T21:57:50" id="T21:57:50"><abbr title="2012-07-01T21:57:50+00:00">21:57:50</abbr></a>] <span>* ilyanok (~ilya@188.134.70.194) Quit (Read error: Operation timed out)</span></li>
<li class="message">[<a href="#T21:59:52" id="T21:59:52"><abbr title="2012-07-01T21:59:52+00:00">21:59:52</abbr></a>] &lt;<cite>agmlego</cite>&gt; <q>So, in this case, you are simply going for a small webserver, then.</q></li>
<li class="message">[<a href="#T21:59:57" id="T21:59:57"><abbr title="2012-07-01T21:59:57+00:00">21:59:57</abbr></a>] &lt;<cite>agmlego</cite>&gt; <q>I would try using Ubuntu.</q></li>
