<li class="join">[<a href="#T00:00:56" id="T00:00:56"><abbr title="2012-04-06T00:00:56+00:00">00:00:56</abbr></a>] <span>* guanucoluis1 (~luis@200.127.180.210) has joined #beagleboard</span></li>
<li class="join">[<a href="#T00:16:45" id="T00:16:45"><abbr title="2012-04-06T00:16:45+00:00">00:16:45</abbr></a>] <span>* Crofton (~balister@12.207.17.2) has joined #beagle</span></li>
<li class="nick-change">[<a href="#T00:18:31" id="T00:18:31"><abbr title="2012-04-06T00:18:31+00:00">00:18:31</abbr></a>] <span>* prpplague^2 is now known as prpplague</span></li>
<li class="quit">[<a href="#T00:24:25" id="T00:24:25"><abbr title="2012-04-06T00:24:25+00:00">00:24:25</abbr></a>] <span>* dormant (~dormant@d54C0F66F.access.telenet.be) Quit (Quit: dormant)</span></li>
<li class="quit">[<a href="#T00:26:51" id="T00:26:51"><abbr title="2012-04-06T00:26:51+00:00">00:26:51</abbr></a>] <span>* bhthompson (bhthompson@nat/google/x-rrvxibmzvwzwolrh) Quit (Read error: Operation timed out)</span></li>
<li class="quit">[<a href="#T00:43:45" id="T00:43:45"><abbr title="2012-04-06T00:43:45+00:00">00:43:45</abbr></a>] <span>* raster (~raster@enlightenment/developer/raster) Quit (Ping timeout: 260 seconds)</span></li>
<li class="quit">[<a href="#T00:44:32" id="T00:44:32"><abbr title="2012-04-06T00:44:32+00:00">00:44:32</abbr></a>] <span>* kkeller (~Ken_Kelle@174-17-24-24.phnx.qwest.net) Quit (Quit: Leaving.)</span></li>
<li class="quit">[<a href="#T00:44:45" id="T00:44:45"><abbr title="2012-04-06T00:44:45+00:00">00:44:45</abbr></a>] <span>* guanucoluis1 (~luis@200.127.180.210) Quit (Ping timeout: 246 seconds)</span></li>
<li class="join">[<a href="#T00:45:36" id="T00:45:36"><abbr title="2012-04-06T00:45:36+00:00">00:45:36</abbr></a>] <span>* guanucoluis1 (~luis@200.127.180.210) has joined #beagleboard</span></li>
<li class="join">[<a href="#T00:46:38" id="T00:46:38"><abbr title="2012-04-06T00:46:38+00:00">00:46:38</abbr></a>] <span>* raster (~raster@enlightenment/developer/raster) has joined #beagle</span></li>
<li class="quit">[<a href="#T00:51:16" id="T00:51:16"><abbr title="2012-04-06T00:51:16+00:00">00:51:16</abbr></a>] <span>* photex (~photex@216.3.125.130) Quit (Ping timeout: 272 seconds)</span></li>
<li class="message">[<a href="#T01:00:17" id="T01:00:17"><abbr title="2012-04-06T01:00:17+00:00">01:00:17</abbr></a>] &lt;<cite>Crofton</cite>&gt; <q>sakoman, ever go here: <a href="http://voices.yahoo.com/remember-mountain-views-st-james-infirmary-7346934.html?cat=8">http://voices.yahoo.com/remember-mountain-views-st-james-infirmary-7346934.html?cat=8</a></q></li>
<li class="join">[<a href="#T01:08:31" id="T01:08:31"><abbr title="2012-04-06T01:08:31+00:00">01:08:31</abbr></a>] <span>* djerome (~djerome@ip68-2-20-108.ph.ph.cox.net) has joined #beaglebone</span></li>
<li class="join">[<a href="#T01:16:07" id="T01:16:07"><abbr title="2012-04-06T01:16:07+00:00">01:16:07</abbr></a>] <span>* djlewis_ (d0bd0345@gateway/web/freenode/ip.208.189.3.69) has joined #beagle</span></li>
<li class="quit">[<a href="#T01:18:46" id="T01:18:46"><abbr title="2012-04-06T01:18:46+00:00">01:18:46</abbr></a>] <span>* tema (~tema@ppp89-110-15-159.pppoe.avangarddsl.ru) Quit (Quit: Ex-Chat)</span></li>
<li class="join">[<a href="#T01:29:13" id="T01:29:13"><abbr title="2012-04-06T01:29:13+00:00">01:29:13</abbr></a>] <span>* danzar (6152a83a@gateway/web/freenode/ip.97.82.168.58) has joined #beagle</span></li>
<li class="nick-change">[<a href="#T01:29:39" id="T01:29:39"><abbr title="2012-04-06T01:29:39+00:00">01:29:39</abbr></a>] <span>* danzar is now known as Guest37990</span></li>
<li class="quit">[<a href="#T01:36:38" id="T01:36:38"><abbr title="2012-04-06T01:36:38+00:00">01:36:38</abbr></a>] <span>* Jerrill (~Jerrill@74-131-102-220.dhcp.insightbb.com) Quit (Ping timeout: 265 seconds)</span></li>
<li class="join">[<a href="#T01:51:51" id="T01:51:51"><abbr title="2012-04-06T01:51:51+00:00">01:51:51</abbr></a>] <span>* Jerrill (~Jerrill@74-131-102-220.dhcp.insightbb.com) has joined #beagle</span></li>
<li class="quit">[<a href="#T01:58:21" id="T01:58:21"><abbr title="2012-04-06T01:58:21+00:00">01:58:21</abbr></a>] <span>* Guest37990 (6152a83a@gateway/web/freenode/ip.97.82.168.58) Quit (Ping timeout: 245 seconds)</span></li>
<li class="quit">[<a href="#T01:59:16" id="T01:59:16"><abbr title="2012-04-06T01:59:16+00:00">01:59:16</abbr></a>] <span>* raster (~raster@enlightenment/developer/raster) Quit (Quit: Gettin' stinky!)</span></li>
<li class="quit">[<a href="#T02:00:51" id="T02:00:51"><abbr title="2012-04-06T02:00:51+00:00">02:00:51</abbr></a>] <span>* Maxz (~felipe@pc-42-144-239-201.cm.vtr.net) Quit (Quit: leaving)</span></li>
<li class="quit">[<a href="#T02:02:55" id="T02:02:55"><abbr title="2012-04-06T02:02:55+00:00">02:02:55</abbr></a>] <span>* emeb (~ericb@ip72-223-81-94.ph.ph.cox.net) Quit (Quit: Leaving.)</span></li>
<li class="join">[<a href="#T02:04:34" id="T02:04:34"><abbr title="2012-04-06T02:04:34+00:00">02:04:34</abbr></a>] <span>* emeb_mac (~ericb@ip72-223-81-94.ph.ph.cox.net) has joined #beagle</span></li>
<li class="join">[<a href="#T02:09:42" id="T02:09:42"><abbr title="2012-04-06T02:09:42+00:00">02:09:42</abbr></a>] <span>* diablorosso (~xweber@p5B2D0394.dip0.t-ipconnect.de) has joined #beagle</span></li>
<li class="quit">[<a href="#T02:10:06" id="T02:10:06"><abbr title="2012-04-06T02:10:06+00:00">02:10:06</abbr></a>] <span>* Sampsit (~Sampsit@U193.LoyalistC.ON.CA) Quit (Read error: Connection reset by peer)</span></li>
<li class="quit">[<a href="#T02:11:11" id="T02:11:11"><abbr title="2012-04-06T02:11:11+00:00">02:11:11</abbr></a>] <span>* guanucoluis1 (~luis@200.127.180.210) Quit (Ping timeout: 246 seconds)</span></li>
<li class="quit">[<a href="#T02:11:50" id="T02:11:50"><abbr title="2012-04-06T02:11:50+00:00">02:11:50</abbr></a>] <span>* diablorosso_ (~xweber@p5B2D0375.dip0.t-ipconnect.de) Quit (Ping timeout: 260 seconds)</span></li>
<li class="join">[<a href="#T02:12:56" id="T02:12:56"><abbr title="2012-04-06T02:12:56+00:00">02:12:56</abbr></a>] <span>* jay69811 (~Justin@99-90-66-112.lightspeed.sntcca.sbcglobal.net) has joined #beagle</span></li>
<li class="join">[<a href="#T02:32:07" id="T02:32:07"><abbr title="2012-04-06T02:32:07+00:00">02:32:07</abbr></a>] <span>* peabody124 (~peabody12@108-205-218-4.lightspeed.hstntx.sbcglobal.net) has joined #beagle</span></li>
<li class="message">[<a href="#T02:37:35" id="T02:37:35"><abbr title="2012-04-06T02:37:35+00:00">02:37:35</abbr></a>] &lt;<cite>CcSsNET</cite>&gt; <q>ozzloy: hi</q></li>
<li class="message">[<a href="#T02:41:38" id="T02:41:38"><abbr title="2012-04-06T02:41:38+00:00">02:41:38</abbr></a>] &lt;<cite>ozzloy</cite>&gt; <q>CcSsNET, hi!</q></li>
<li class="quit">[<a href="#T02:58:21" id="T02:58:21"><abbr title="2012-04-06T02:58:21+00:00">02:58:21</abbr></a>] <span>* rcn-ee (~voodoo@thief-pool2-123-49.mncable.net) Quit (Quit: Leaving)</span></li>
