<li class="quit">[<a href="#T00:01:14" id="T00:01:14"><abbr title="2012-08-12T00:01:14+00:00">00:01:14</abbr></a>] <span>* xlogik_ (~xlogik@pool-108-7-158-242.bstnma.east.verizon.net) Quit (Ping timeout: 260 seconds)</span></li>
<li class="join">[<a href="#T00:01:42" id="T00:01:42"><abbr title="2012-08-12T00:01:42+00:00">00:01:42</abbr></a>] <span>* xlogik_ (~xlogik@pool-108-7-158-242.bstnma.east.verizon.net) has joined #beagle</span></li>
<li class="quit">[<a href="#T00:06:42" id="T00:06:42"><abbr title="2012-08-12T00:06:42+00:00">00:06:42</abbr></a>] <span>* tech2077 (~tech2077@adsl-75-53-138-202.dsl.hstntx.sbcglobal.net) Quit (Ping timeout: 276 seconds)</span></li>
<li class="quit">[<a href="#T00:21:25" id="T00:21:25"><abbr title="2012-08-12T00:21:25+00:00">00:21:25</abbr></a>] <span>* jacques (~fontenot@nslu2-linux/jacques) Quit (Ping timeout: 246 seconds)</span></li>
<li class="quit">[<a href="#T00:34:16" id="T00:34:16"><abbr title="2012-08-12T00:34:16+00:00">00:34:16</abbr></a>] <span>* RushPL (~quassel@2a01:4f8:151:73a3::2) Quit (Remote host closed the connection)</span></li>
<li class="join">[<a href="#T00:34:35" id="T00:34:35"><abbr title="2012-08-12T00:34:35+00:00">00:34:35</abbr></a>] <span>* RushPL (~quassel@2a01:4f8:151:73a3::2) has joined #beagle</span></li>
<li class="quit">[<a href="#T00:34:38" id="T00:34:38"><abbr title="2012-08-12T00:34:38+00:00">00:34:38</abbr></a>] <span>* Vadtec (~Vadtec@unaffiliated/vadtec) Quit (Quit: Vadtec was here....)</span></li>
<li class="quit">[<a href="#T00:34:59" id="T00:34:59"><abbr title="2012-08-12T00:34:59+00:00">00:34:59</abbr></a>] <span>* ka6sox-away (znc@nasadmin/ka6sox) Quit (Ping timeout: 240 seconds)</span></li>
<li class="join">[<a href="#T00:35:23" id="T00:35:23"><abbr title="2012-08-12T00:35:23+00:00">00:35:23</abbr></a>] <span>* jacques (~fontenot@h3.68.23.98.dynamic.ip.windstream.net) has joined #beagle</span></li>
<li class="quit">[<abbr title="2012-08-12T00:35:23+00:00">00:35:23</abbr>] <span>* jacques (~fontenot@h3.68.23.98.dynamic.ip.windstream.net) Quit (Changing host)</span></li>
<li class="join">[<abbr title="2012-08-12T00:35:23+00:00">00:35:23</abbr>] <span>* jacques (~fontenot@nslu2-linux/jacques) has joined #beagle</span></li>
<li class="quit">[<a href="#T00:35:26" id="T00:35:26"><abbr title="2012-08-12T00:35:26+00:00">00:35:26</abbr></a>] <span>* chainsawbike (~chainsawb@unaffiliated/chainsawbike) Quit (Ping timeout: 248 seconds)</span></li>
<li class="join">[<a href="#T00:37:01" id="T00:37:01"><abbr title="2012-08-12T00:37:01+00:00">00:37:01</abbr></a>] <span>* Vadtec (~Vadtec@unaffiliated/vadtec) has joined #beagle</span></li>
<li class="nick-change">[<a href="#T00:38:10" id="T00:38:10"><abbr title="2012-08-12T00:38:10+00:00">00:38:10</abbr></a>] <span>* scubasonar_ is now known as scubasonar</span></li>
<li class="join">[<a href="#T00:40:26" id="T00:40:26"><abbr title="2012-08-12T00:40:26+00:00">00:40:26</abbr></a>] <span>* chainsawbike (~chainsawb@unaffiliated/chainsawbike) has joined #beagle</span></li>
<li class="join">[<a href="#T00:42:43" id="T00:42:43"><abbr title="2012-08-12T00:42:43+00:00">00:42:43</abbr></a>] <span>* ka6sox (ka6sox@nasadmin/ka6sox) has joined #beagle</span></li>
<li class="join">[<a href="#T01:10:35" id="T01:10:35"><abbr title="2012-08-12T01:10:35+00:00">01:10:35</abbr></a>] <span>* KeatonT (~KeatonT@unaffiliated/keatont) has joined #beagle</span></li>
<li class="join">[<a href="#T01:16:48" id="T01:16:48"><abbr title="2012-08-12T01:16:48+00:00">01:16:48</abbr></a>] <span>* mrcan (~mrcan@unaffiliated/mrcan) has joined #beagle</span></li>
<li class="join">[<a href="#T01:16:49" id="T01:16:49"><abbr title="2012-08-12T01:16:49+00:00">01:16:49</abbr></a>] <span>* mrcan (~mrcan@unaffiliated/mrcan) has joined #beagleboard</span></li>
<li class="join">[<abbr title="2012-08-12T01:16:49+00:00">01:16:49</abbr>] <span>* mrcan (~mrcan@unaffiliated/mrcan) has joined #beaglebone</span></li>
<li class="message">[<a href="#T01:21:38" id="T01:21:38"><abbr title="2012-08-12T01:21:38+00:00">01:21:38</abbr></a>] &lt;<cite>cjh</cite>&gt; <q>thurbad: I used MLO from another image...that was only a minor problem. The main issue is the failures I got after that.</q></li>
<li class="quit">[<a href="#T01:22:51" id="T01:22:51"><abbr title="2012-08-12T01:22:51+00:00">01:22:51</abbr></a>] <span>* shawn (~shawn@adsl-76-247-140-31.dsl.lgtpmi.sbcglobal.net) Quit (Quit: Leaving)</span></li>
<li class="join">[<a href="#T01:34:16" id="T01:34:16"><abbr title="2012-08-12T01:34:16+00:00">01:34:16</abbr></a>] <span>* tech2077 (~tech2077@c-98-199-180-157.hsd1.tx.comcast.net) has joined #beagle</span></li>
<li class="quit">[<a href="#T01:35:51" id="T01:35:51"><abbr title="2012-08-12T01:35:51+00:00">01:35:51</abbr></a>] <span>* KeatonT (~KeatonT@unaffiliated/keatont) Quit (Ping timeout: 245 seconds)</span></li>
<li class="join">[<a href="#T01:36:45" id="T01:36:45"><abbr title="2012-08-12T01:36:45+00:00">01:36:45</abbr></a>] <span>* KeatonT (~KeatonT@unaffiliated/keatont) has joined #beagle</span></li>
<li class="message">[<a href="#T01:40:42" id="T01:40:42"><abbr title="2012-08-12T01:40:42+00:00">01:40:42</abbr></a>] &lt;<cite>boxysean</cite>&gt; <q>working with the pruss isn't so fun! has anybody tried getting feedback from the debugger?</q></li>
<li class="quit">[<a href="#T01:46:41" id="T01:46:41"><abbr title="2012-08-12T01:46:41+00:00">01:46:41</abbr></a>] <span>* scubasonar (~Matt@99-108-165-58.lightspeed.mtryca.sbcglobal.net) Quit (Read error: Connection reset by peer)</span></li>
<li class="join">[<a href="#T01:47:05" id="T01:47:05"><abbr title="2012-08-12T01:47:05+00:00">01:47:05</abbr></a>] <span>* scubasonar (~Matt@99-108-165-58.lightspeed.mtryca.sbcglobal.net) has joined #beagle</span></li>
<li class="message">[<a href="#T01:56:51" id="T01:56:51"><abbr title="2012-08-12T01:56:51+00:00">01:56:51</abbr></a>] &lt;<cite>boxysean</cite>&gt; <q>oh, i need to fiddle with the STANDBY_INIT in SYSCFG.. :)</q></li>
<li class="message">[<a href="#T02:06:05" id="T02:06:05"><abbr title="2012-08-12T02:06:05+00:00">02:06:05</abbr></a>] &lt;<cite>boxysean</cite>&gt; <q>success!</q></li>
<li class="quit">[<a href="#T02:15:38" id="T02:15:38"><abbr title="2012-08-12T02:15:38+00:00">02:15:38</abbr></a>] <span>* KeatonT (~KeatonT@unaffiliated/keatont) Quit (Quit: Computer has gone to sleep.)</span></li>
<li class="join">[<a href="#T02:20:16" id="T02:20:16"><abbr title="2012-08-12T02:20:16+00:00">02:20:16</abbr></a>] <span>* Ceriand|desktop (~Ceriand@unaffiliated/ceriand) has joined #beagle</span></li>
<li class="join">[<a href="#T02:25:55" id="T02:25:55"><abbr title="2012-08-12T02:25:55+00:00">02:25:55</abbr></a>] <span>* Russ (~russ@pool-71-107-37-242.lsanca.fios.verizon.net) has joined #beagle</span></li>
<li class="quit">[<a href="#T02:34:20" id="T02:34:20"><abbr title="2012-08-12T02:34:20+00:00">02:34:20</abbr></a>] <span>* Russ (~russ@pool-71-107-37-242.lsanca.fios.verizon.net) Quit (Ping timeout: 256 seconds)</span></li>
