<li class="join">[<a href="#T00:05:20" id="T00:05:20"><abbr title="2012-06-22T00:05:20+00:00">00:05:20</abbr></a>] <span>* davest (dcstewar@nat/intel/x-nfodjvdrcyanvcap) has joined #beagle</span></li>
<li class="quit">[<a href="#T00:08:23" id="T00:08:23"><abbr title="2012-06-22T00:08:23+00:00">00:08:23</abbr></a>] <span>* KeatonT (~KeatonT@unaffiliated/keatont) Quit (Quit: Computer has gone to sleep.)</span></li>
<li class="quit">[<a href="#T00:16:27" id="T00:16:27"><abbr title="2012-06-22T00:16:27+00:00">00:16:27</abbr></a>] <span>* scubasonar (~Matt@97.75.230.116) Quit (Ping timeout: 265 seconds)</span></li>
<li class="join">[<a href="#T00:24:31" id="T00:24:31"><abbr title="2012-06-22T00:24:31+00:00">00:24:31</abbr></a>] <span>* raster (~raster@enlightenment/developer/raster) has joined #beagle</span></li>
<li class="quit">[<a href="#T00:32:28" id="T00:32:28"><abbr title="2012-06-22T00:32:28+00:00">00:32:28</abbr></a>] <span>* ceyusa (~vjaquez@188.86.251.80) Quit (Ping timeout: 276 seconds)</span></li>
<li class="quit">[<a href="#T00:33:23" id="T00:33:23"><abbr title="2012-06-22T00:33:23+00:00">00:33:23</abbr></a>] <span>* shunyiyi (~mo@222.186.101.77) Quit (Read error: Operation timed out)</span></li>
<li class="quit">[<a href="#T00:50:47" id="T00:50:47"><abbr title="2012-06-22T00:50:47+00:00">00:50:47</abbr></a>] <span>* NishanthMenon (~nmenon@192.94.92.11) Quit (Quit: Ex-Chat)</span></li>
<li class="quit">[<a href="#T00:53:31" id="T00:53:31"><abbr title="2012-06-22T00:53:31+00:00">00:53:31</abbr></a>] <span>* divine (~divine@drawbridge.ixsystems.com) Quit (Quit: My damn controlling terminal disappeared!)</span></li>
<li class="quit">[<a href="#T01:07:14" id="T01:07:14"><abbr title="2012-06-22T01:07:14+00:00">01:07:14</abbr></a>] <span>* raymohi (~raymohi@sarah.raymohi.net) Quit (Ping timeout: 245 seconds)</span></li>
<li class="join">[<a href="#T01:08:22" id="T01:08:22"><abbr title="2012-06-22T01:08:22+00:00">01:08:22</abbr></a>] <span>* bhthompson (bhthompson@nat/google/x-osbnoiacskoqgtrh) has joined #beagle</span></li>
<li class="join">[<a href="#T01:08:24" id="T01:08:24"><abbr title="2012-06-22T01:08:24+00:00">01:08:24</abbr></a>] <span>* raymohi (~raymohi@sarah.raymohi.net) has joined #beagle</span></li>
<li class="quit">[<a href="#T01:11:01" id="T01:11:01"><abbr title="2012-06-22T01:11:01+00:00">01:11:01</abbr></a>] <span>* tema (~tema@ppp89-110-16-201.pppoe.avangarddsl.ru) Quit (Quit: Ex-Chat)</span></li>
<li class="quit">[<a href="#T01:12:06" id="T01:12:06"><abbr title="2012-06-22T01:12:06+00:00">01:12:06</abbr></a>] <span>* spacecolonyone (~anonymous@dhcp252.obs.carnegiescience.edu) Quit (Quit: spacecolonyone)</span></li>
<li class="join">[<a href="#T01:14:28" id="T01:14:28"><abbr title="2012-06-22T01:14:28+00:00">01:14:28</abbr></a>] <span>* jkridner__ (~jason@c-68-61-13-123.hsd1.mi.comcast.net) has joined #beagle</span></li>
<li class="quit">[<abbr title="2012-06-22T01:14:28+00:00">01:14:28</abbr>] <span>* jkridner__ (~jason@c-68-61-13-123.hsd1.mi.comcast.net) Quit (Changing host)</span></li>
<li class="join">[<abbr title="2012-06-22T01:14:28+00:00">01:14:28</abbr>] <span>* jkridner__ (~jason@pdpc/supporter/active/jkridner) has joined #beagle</span></li>
<li class="quit">[<a href="#T01:14:29" id="T01:14:29"><abbr title="2012-06-22T01:14:29+00:00">01:14:29</abbr></a>] <span>* jkridner (~jason@pdpc/supporter/active/jkridner) Quit (Read error: Connection reset by peer)</span></li>
<li class="nick-change">[<abbr title="2012-06-22T01:14:29+00:00">01:14:29</abbr>] <span>* jkridner__ is now known as jkridner</span></li>
<li class="quit">[<a href="#T01:15:11" id="T01:15:11"><abbr title="2012-06-22T01:15:11+00:00">01:15:11</abbr></a>] <span>* jkridner (~jason@pdpc/supporter/active/jkridner) Quit (Client Quit)</span></li>
<li class="nick-change">[<abbr title="2012-06-22T01:15:11+00:00">01:15:11</abbr>] <span>* jkridner_ is now known as jkridner</span></li>
<li class="quit">[<a href="#T01:24:08" id="T01:24:08"><abbr title="2012-06-22T01:24:08+00:00">01:24:08</abbr></a>] <span>* robtow (~rob@nat/ti/x-svlcktrypygigukd) Quit (Ping timeout: 240 seconds)</span></li>
<li class="join">[<a href="#T01:27:13" id="T01:27:13"><abbr title="2012-06-22T01:27:13+00:00">01:27:13</abbr></a>] <span>* spacecolonyone (~anonymous@99.56.2.8) has joined #beagle</span></li>
<li class="join">[<a href="#T01:30:51" id="T01:30:51"><abbr title="2012-06-22T01:30:51+00:00">01:30:51</abbr></a>] <span>* KeatonT (~KeatonT@unaffiliated/keatont) has joined #beagle</span></li>
<li class="join">[<a href="#T01:33:14" id="T01:33:14"><abbr title="2012-06-22T01:33:14+00:00">01:33:14</abbr></a>] <span>* pfefferz (~pfefferz@cpe-70-123-135-48.austin.res.rr.com) has joined #beagle</span></li>
<li class="quit">[<a href="#T01:42:55" id="T01:42:55"><abbr title="2012-06-22T01:42:55+00:00">01:42:55</abbr></a>] <span>* jkridner (~jason@pdpc/supporter/active/jkridner) Quit (Read error: Connection reset by peer)</span></li>
<li class="join">[<a href="#T01:43:29" id="T01:43:29"><abbr title="2012-06-22T01:43:29+00:00">01:43:29</abbr></a>] <span>* III (~III@pool-96-226-120-234.dllstx.fios.verizon.net) has joined #beagle</span></li>
<li class="message">[<a href="#T02:00:44" id="T02:00:44"><abbr title="2012-06-22T02:00:44+00:00">02:00:44</abbr></a>] &lt;<cite>KeatonT</cite>&gt; <q>Hello!</q></li>
<li class="message">[<a href="#T02:00:45" id="T02:00:45"><abbr title="2012-06-22T02:00:45+00:00">02:00:45</abbr></a>] &lt;<cite>KeatonT</cite>&gt; <q>:)</q></li>
<li class="quit">[<a href="#T02:03:05" id="T02:03:05"><abbr title="2012-06-22T02:03:05+00:00">02:03:05</abbr></a>] <span>* Anduck (~Anduck@a88-85-130-155.mpynet.fi) Quit (Ping timeout: 260 seconds)</span></li>
<li class="quit">[<a href="#T02:05:41" id="T02:05:41"><abbr title="2012-06-22T02:05:41+00:00">02:05:41</abbr></a>] <span>* signal11 (esteban@abq.quaddro.net) Quit (Ping timeout: 265 seconds)</span></li>
<li class="join">[<a href="#T02:05:49" id="T02:05:49"><abbr title="2012-06-22T02:05:49+00:00">02:05:49</abbr></a>] <span>* signal11 (esteban@abq.quaddro.net) has joined #beagle</span></li>
<li class="quit">[<a href="#T02:07:58" id="T02:07:58"><abbr title="2012-06-22T02:07:58+00:00">02:07:58</abbr></a>] <span>* raster (~raster@enlightenment/developer/raster) Quit (Quit: Gettin' stinky!)</span></li>
<li class="quit">[<a href="#T02:08:31" id="T02:08:31"><abbr title="2012-06-22T02:08:31+00:00">02:08:31</abbr></a>] <span>* peabody124 (~peabody12@ppp-94-66-9-69.home.otenet.gr) Quit (Ping timeout: 264 seconds)</span></li>
<li class="quit">[<a href="#T02:08:45" id="T02:08:45"><abbr title="2012-06-22T02:08:45+00:00">02:08:45</abbr></a>] <span>* KeatonT (~KeatonT@unaffiliated/keatont) Quit (Quit: Computer has gone to sleep.)</span></li>
<li class="join">[<a href="#T02:27:06" id="T02:27:06"><abbr title="2012-06-22T02:27:06+00:00">02:27:06</abbr></a>] <span>* peabody124 (~peabody12@ppp-94-66-9-69.home.otenet.gr) has joined #beagle</span></li>
<li class="join">[<a href="#T02:28:51" id="T02:28:51"><abbr title="2012-06-22T02:28:51+00:00">02:28:51</abbr></a>] <span>* Sh0rtWave (~Sh0rtWave@unaffiliated/shortwave) has joined #beagle</span></li>
<li class="quit">[<a href="#T02:29:17" id="T02:29:17"><abbr title="2012-06-22T02:29:17+00:00">02:29:17</abbr></a>] <span>* kkeller (~Ken_Kelle@97-124-122-148.phnx.qwest.net) Quit (Quit: Leaving.)</span></li>
<li class="quit">[<a href="#T02:33:05" id="T02:33:05"><abbr title="2012-06-22T02:33:05+00:00">02:33:05</abbr></a>] <span>* Desert (~quassel@192.100.196.155) Quit (Ping timeout: 252 seconds)</span></li>
<li class="quit">[<a href="#T02:37:28" id="T02:37:28"><abbr title="2012-06-22T02:37:28+00:00">02:37:28</abbr></a>] <span>* Akuma (~Akuma@modemcable033.43-202-24.mc.videotron.ca) Quit (Read error: Operation timed out)</span></li>
<li class="join">[<a href="#T02:39:01" id="T02:39:01"><abbr title="2012-06-22T02:39:01+00:00">02:39:01</abbr></a>] <span>* Ceriand|desktop (~Ceriand@unaffiliated/ceriand) has joined #beagle</span></li>
<li class="action">[<a href="#T02:50:29" id="T02:50:29"><abbr title="2012-06-22T02:50:29+00:00">02:50:29</abbr></a>] <span>* mranostay hands mru  a real beer</span></li>
<li class="join">[<a href="#T02:54:19" id="T02:54:19"><abbr title="2012-06-22T02:54:19+00:00">02:54:19</abbr></a>] <span>* diablorosso (~xweber@p5B2D01B6.dip0.t-ipconnect.de) has joined #beagle</span></li>
<li class="quit">[<a href="#T02:55:36" id="T02:55:36"><abbr title="2012-06-22T02:55:36+00:00">02:55:36</abbr></a>] <span>* diablorosso_ (~xweber@p5B2D01EB.dip0.t-ipconnect.de) Quit (Ping timeout: 246 seconds)</span></li>
