<li class="quit">[<a href="#T00:00:42" id="T00:00:42"><abbr title="2012-02-09T00:00:42+00:00">00:00:42</abbr></a>] <span>* saftsack (~oliver@p5DDCD561.dip.t-dialin.net) Quit (Disconnected by services)</span></li>
<li class="join">[<a href="#T00:01:04" id="T00:01:04"><abbr title="2012-02-09T00:01:04+00:00">00:01:04</abbr></a>] <span>* saftsack__ (~oliver@p5DDCD561.dip.t-dialin.net) has joined #beagle</span></li>
<li class="quit">[<a href="#T00:04:03" id="T00:04:03"><abbr title="2012-02-09T00:04:03+00:00">00:04:03</abbr></a>] <span>* nslu2-log (~nslu2-log@140.211.169.184) Quit (Remote host closed the connection)</span></li>
<li class="quit">[<a href="#T00:09:44" id="T00:09:44"><abbr title="2012-02-09T00:09:44+00:00">00:09:44</abbr></a>] <span>* rcranetx (~rcranetx@nat/ti/x-yxuujhoefxybqdrl) Quit (Ping timeout: 245 seconds)</span></li>
<li class="join">[<a href="#T00:12:16" id="T00:12:16"><abbr title="2012-02-09T00:12:16+00:00">00:12:16</abbr></a>] <span>* nslu2-log (~nslu2-log@140.211.169.184) has joined #beaglebone</span></li>
<li class="join">[<abbr title="2012-02-09T00:12:16+00:00">00:12:16</abbr>] <span>* nslu2-log (~nslu2-log@140.211.169.184) has joined #beagle</span></li>
<li class="join">[<abbr title="2012-02-09T00:12:16+00:00">00:12:16</abbr>] <span>* nslu2-log (~nslu2-log@140.211.169.184) has joined #beagleboard</span></li>
<li class="quit">[<a href="#T00:16:07" id="T00:16:07"><abbr title="2012-02-09T00:16:07+00:00">00:16:07</abbr></a>] <span>* florian (~fuchs@Maemo/community/contributor/florian) Quit (Quit: Verlassend)</span></li>
<li class="quit">[<a href="#T00:18:19" id="T00:18:19"><abbr title="2012-02-09T00:18:19+00:00">00:18:19</abbr></a>] <span>* damir__ (~damir@BSN-182-55-77.dial-up.dsl.siol.net) Quit (Quit: Leaving.)</span></li>
<li class="message">[<a href="#T00:19:25" id="T00:19:25"><abbr title="2012-02-09T00:19:25+00:00">00:19:25</abbr></a>] &lt;<cite>peterwoo</cite>&gt; <q>anyone here used Narcissus to make an Angstrom image?</q></li>
<li class="quit">[<a href="#T00:21:20" id="T00:21:20"><abbr title="2012-02-09T00:21:20+00:00">00:21:20</abbr></a>] <span>* lyakh (~lyakh@dslb-178-009-254-145.pools.arcor-ip.net) Quit (Quit: thanks, bye)</span></li>
<li class="message">[<a href="#T00:22:11" id="T00:22:11"><abbr title="2012-02-09T00:22:11+00:00">00:22:11</abbr></a>] &lt;<cite>thurbad</cite>&gt; <q>sure</q></li>
<li class="quit">[<a href="#T00:22:40" id="T00:22:40"><abbr title="2012-02-09T00:22:40+00:00">00:22:40</abbr></a>] <span>* prpplague (~danders@nat/ti/x-fiomaqhggbhmhidk) Quit (Quit: Leaving)</span></li>
<li class="join">[<a href="#T00:23:09" id="T00:23:09"><abbr title="2012-02-09T00:23:09+00:00">00:23:09</abbr></a>] <span>* |static| (~0x-@unaffiliated/userx-) has joined #beagle</span></li>
<li class="message">[<a href="#T00:25:18" id="T00:25:18"><abbr title="2012-02-09T00:25:18+00:00">00:25:18</abbr></a>] &lt;<cite>peterwoo</cite>&gt; <q>is there a way to use it for SD cards with &gt;4GB capacity?</q></li>
<li class="quit">[<a href="#T00:26:50" id="T00:26:50"><abbr title="2012-02-09T00:26:50+00:00">00:26:50</abbr></a>] <span>* userx- (~0x-@unaffiliated/userx-) Quit (Ping timeout: 248 seconds)</span></li>
<li class="message">[<abbr title="2012-02-09T00:26:50+00:00">00:26:50</abbr>] &lt;<cite>djlewis</cite>&gt; <q>does not matter you have the option to setup your SD how you like in size.</q></li>
<li class="message">[<a href="#T00:27:10" id="T00:27:10"><abbr title="2012-02-09T00:27:10+00:00">00:27:10</abbr></a>] &lt;<cite>djlewis</cite>&gt; <q>I think one narcissus option is to create a 2gb image</q></li>
<li class="quit">[<a href="#T00:28:55" id="T00:28:55"><abbr title="2012-02-09T00:28:55+00:00">00:28:55</abbr></a>] <span>* |static| (~0x-@unaffiliated/userx-) Quit (Ping timeout: 276 seconds)</span></li>
<li class="message">[<a href="#T00:29:04" id="T00:29:04"><abbr title="2012-02-09T00:29:04+00:00">00:29:04</abbr></a>] &lt;<cite>peterwoo</cite>&gt; <q>it spit out a rootfs .tar.gz as well as .img images for 1GB and 4GB cards</q></li>
<li class="message">[<a href="#T00:29:17" id="T00:29:17"><abbr title="2012-02-09T00:29:17+00:00">00:29:17</abbr></a>] &lt;<cite>djlewis</cite>&gt; <q>later . . .</q></li>
<li class="quit">[<a href="#T00:29:24" id="T00:29:24"><abbr title="2012-02-09T00:29:24+00:00">00:29:24</abbr></a>] <span>* djlewis (~djelwis@adsl-65-64-30-13.dsl.ltrkar.swbell.net) Quit (Quit: Leaving.)</span></li>
<li class="message">[<a href="#T00:30:06" id="T00:30:06"><abbr title="2012-02-09T00:30:06+00:00">00:30:06</abbr></a>] &lt;<cite>TheAlphaNerd</cite>&gt; <q>the images are not just for 1 gb or 4gb cards</q></li>
<li class="message">[<a href="#T00:30:11" id="T00:30:11"><abbr title="2012-02-09T00:30:11+00:00">00:30:11</abbr></a>] &lt;<cite>TheAlphaNerd</cite>&gt; <q>the images will work on any size card</q></li>
<li class="message">[<a href="#T00:30:23" id="T00:30:23"><abbr title="2012-02-09T00:30:23+00:00">00:30:23</abbr></a>] &lt;<cite>TheAlphaNerd</cite>&gt; <q>and you will need to properly set up your boot partition as well</q></li>
<li class="message">[<a href="#T00:31:11" id="T00:31:11"><abbr title="2012-02-09T00:31:11+00:00">00:31:11</abbr></a>] &lt;<cite>ka6sox</cite>&gt; <q>SilicaGel, this is expressed in thousandths?</q></li>
<li class="message">[<a href="#T00:31:14" id="T00:31:14"><abbr title="2012-02-09T00:31:14+00:00">00:31:14</abbr></a>] &lt;<cite>ka6sox</cite>&gt; <q>or ???</q></li>
<li class="message">[<a href="#T00:36:58" id="T00:36:58"><abbr title="2012-02-09T00:36:58+00:00">00:36:58</abbr></a>] &lt;<cite>peterwoo</cite>&gt; <q>the same way as if i were installing the demo image "the hard way"?</q></li>
<li class="quit">[<a href="#T00:40:22" id="T00:40:22"><abbr title="2012-02-09T00:40:22+00:00">00:40:22</abbr></a>] <span>* CMoH (~cipi@unaffiliated/c-moh) Quit (Quit: Konversation terminated!)</span></li>
<li class="quit">[<a href="#T00:43:56" id="T00:43:56"><abbr title="2012-02-09T00:43:56+00:00">00:43:56</abbr></a>] <span>* zhicheng (~chatzilla@64.62.209.76) Quit (Remote host closed the connection)</span></li>
<li class="quit">[<a href="#T00:45:26" id="T00:45:26"><abbr title="2012-02-09T00:45:26+00:00">00:45:26</abbr></a>] <span>* peterwoo (47065703@gateway/web/freenode/ip.71.6.87.3) Quit (Ping timeout: 245 seconds)</span></li>
<li class="message">[<a href="#T00:45:32" id="T00:45:32"><abbr title="2012-02-09T00:45:32+00:00">00:45:32</abbr></a>] &lt;<cite>thurbad</cite>&gt; <q>download a tar.gz rather than an image</q></li>
<li class="message">[<a href="#T00:45:46" id="T00:45:46"><abbr title="2012-02-09T00:45:46+00:00">00:45:46</abbr></a>] &lt;<cite>thurbad</cite>&gt; <q>if that's what you did</q></li>
<li class="join">[<a href="#T00:45:56" id="T00:45:56"><abbr title="2012-02-09T00:45:56+00:00">00:45:56</abbr></a>] <span>* peterwoo (47065703@gateway/web/freenode/ip.71.6.87.3) has joined #beagleboard</span></li>
<li class="join">[<abbr title="2012-02-09T00:45:56+00:00">00:45:56</abbr>] <span>* peterwoo (47065703@gateway/web/freenode/ip.71.6.87.3) has joined #beaglebone</span></li>
<li class="join">[<abbr title="2012-02-09T00:45:56+00:00">00:45:56</abbr>] <span>* peterwoo (47065703@gateway/web/freenode/ip.71.6.87.3) has joined #beagle</span></li>
<li class="join">[<a href="#T00:53:06" id="T00:53:06"><abbr title="2012-02-09T00:53:06+00:00">00:53:06</abbr></a>] <span>* djerome (~djerome@ip68-2-20-108.ph.ph.cox.net) has joined #beaglebone</span></li>
<li class="quit">[<a href="#T00:58:30" id="T00:58:30"><abbr title="2012-02-09T00:58:30+00:00">00:58:30</abbr></a>] <span>* nslu2-log (~nslu2-log@140.211.169.184) Quit (Remote host closed the connection)</span></li>
