<li class="quit">[<a href="#T00:01:17" id="T00:01:17"><abbr title="2012-10-18T00:01:17+00:00">00:01:17</abbr></a>] <span>* florian (~fuchs@Maemo/community/contributor/florian) Quit (Quit: Verlassend)</span></li>
<li class="join">[<a href="#T00:02:43" id="T00:02:43"><abbr title="2012-10-18T00:02:43+00:00">00:02:43</abbr></a>] <span>* prpplague (~prpplague@107-206-64-184.lightspeed.rcsntx.sbcglobal.net) has joined #beagle</span></li>
<li class="join">[<a href="#T00:04:23" id="T00:04:23"><abbr title="2012-10-18T00:04:23+00:00">00:04:23</abbr></a>] <span>* kaio (~kaio@fedora/kaio) has joined #beagle</span></li>
<li class="quit">[<a href="#T00:04:28" id="T00:04:28"><abbr title="2012-10-18T00:04:28+00:00">00:04:28</abbr></a>] <span>* juvenal (~juvenal@187.57.91.75) Quit (Quit: Computer has gone to sleep.)</span></li>
<li class="quit">[<a href="#T00:04:36" id="T00:04:36"><abbr title="2012-10-18T00:04:36+00:00">00:04:36</abbr></a>] <span>* n6pfk (~mike@c-71-63-115-202.hsd1.va.comcast.net) Quit (Remote host closed the connection)</span></li>
<li class="message">[<a href="#T00:07:40" id="T00:07:40"><abbr title="2012-10-18T00:07:40+00:00">00:07:40</abbr></a>] &lt;<cite>snowrichard</cite>&gt; <q>hi</q></li>
<li class="quit">[<a href="#T00:10:27" id="T00:10:27"><abbr title="2012-10-18T00:10:27+00:00">00:10:27</abbr></a>] <span>* snowrichard (a69856ea@gateway/web/freenode/ip.166.152.86.234) Quit (Quit: Page closed)</span></li>
<li class="quit">[<a href="#T00:20:02" id="T00:20:02"><abbr title="2012-10-18T00:20:02+00:00">00:20:02</abbr></a>] <span>* photex (~photex@cpe-75-84-98-52.socal.res.rr.com) Quit (Quit: Textual IRC Client: <a href="http://www.textualapp.com/)">http://www.textualapp.com/)</a></span></li>
<li class="action">[<a href="#T00:28:18" id="T00:28:18"><abbr title="2012-10-18T00:28:18+00:00">00:28:18</abbr></a>] <span>* mranostay bows before prpplague </span></li>
<li class="message">[<a href="#T00:29:11" id="T00:29:11"><abbr title="2012-10-18T00:29:11+00:00">00:29:11</abbr></a>] &lt;<cite>prpplague</cite>&gt; <q>mranostay: greetings</q></li>
<li class="action">[<a href="#T00:29:28" id="T00:29:28"><abbr title="2012-10-18T00:29:28+00:00">00:29:28</abbr></a>] <span>* prpplague prepares to solder up his first dekatron simulator</span></li>
<li class="message">[<a href="#T00:30:48" id="T00:30:48"><abbr title="2012-10-18T00:30:48+00:00">00:30:48</abbr></a>] &lt;<cite>mranostay</cite>&gt; <q>prpplague: simulator?</q></li>
<li class="message">[<a href="#T00:31:02" id="T00:31:02"><abbr title="2012-10-18T00:31:02+00:00">00:31:02</abbr></a>] &lt;<cite>mranostay</cite>&gt; <q>not used a real tube?</q></li>
<li class="message">[<a href="#T00:31:05" id="T00:31:05"><abbr title="2012-10-18T00:31:05+00:00">00:31:05</abbr></a>] &lt;<cite>mranostay</cite>&gt; <q>*using</q></li>
<li class="message">[<a href="#T00:31:25" id="T00:31:25"><abbr title="2012-10-18T00:31:25+00:00">00:31:25</abbr></a>] &lt;<cite>prpplague</cite>&gt; <q>mranostay: tested with real dekatrons, but i am building everything using 7400 series</q></li>
<li class="message">[<a href="#T00:31:34" id="T00:31:34"><abbr title="2012-10-18T00:31:34+00:00">00:31:34</abbr></a>] &lt;<cite>prpplague</cite>&gt; <q>mranostay: function for function the same</q></li>
<li class="quit">[<a href="#T00:35:18" id="T00:35:18"><abbr title="2012-10-18T00:35:18+00:00">00:35:18</abbr></a>] <span>* CMoH (~cipi@unaffiliated/c-moh) Quit (Ping timeout: 252 seconds)</span></li>
<li class="message">[<a href="#T00:37:08" id="T00:37:08"><abbr title="2012-10-18T00:37:08+00:00">00:37:08</abbr></a>] &lt;<cite>ds2</cite>&gt; <q>real 7400s?</q></li>
<li class="message">[<a href="#T00:37:18" id="T00:37:18"><abbr title="2012-10-18T00:37:18+00:00">00:37:18</abbr></a>] &lt;<cite>ds2</cite>&gt; <q>not 74LS's</q></li>
<li class="message">[<a href="#T00:37:42" id="T00:37:42"><abbr title="2012-10-18T00:37:42+00:00">00:37:42</abbr></a>] &lt;<cite>prpplague</cite>&gt; <q>ds2: hehe 74HC's</q></li>
<li class="message">[<a href="#T00:37:47" id="T00:37:47"><abbr title="2012-10-18T00:37:47+00:00">00:37:47</abbr></a>] &lt;<cite>ds2</cite>&gt; <q>oh cheater</q></li>
<li class="message">[<a href="#T00:38:08" id="T00:38:08"><abbr title="2012-10-18T00:38:08+00:00">00:38:08</abbr></a>] &lt;<cite>prpplague</cite>&gt; <q>ds2: i started to do it with 5400 series</q></li>
<li class="message">[<a href="#T00:38:37" id="T00:38:37"><abbr title="2012-10-18T00:38:37+00:00">00:38:37</abbr></a>] &lt;<cite>ds2</cite>&gt; <q>trying to avoid building beefy 5V supplies?</q></li>
<li class="message">[<a href="#T00:38:45" id="T00:38:45"><abbr title="2012-10-18T00:38:45+00:00">00:38:45</abbr></a>] &lt;<cite>prpplague</cite>&gt; <q>yea</q></li>
<li class="join">[<a href="#T00:47:31" id="T00:47:31"><abbr title="2012-10-18T00:47:31+00:00">00:47:31</abbr></a>] <span>* thuttu77 (~thuttu77@cs181246145.pp.htv.fi) has joined #beagle</span></li>
<li class="quit">[<a href="#T00:53:22" id="T00:53:22"><abbr title="2012-10-18T00:53:22+00:00">00:53:22</abbr></a>] <span>* kaio (~kaio@fedora/kaio) Quit (Read error: Connection timed out)</span></li>
<li class="join">[<a href="#T00:53:52" id="T00:53:52"><abbr title="2012-10-18T00:53:52+00:00">00:53:52</abbr></a>] <span>* kaio (~kaio@fedora/kaio) has joined #beagle</span></li>
