<li class="join">[<a href="#T00:03:06" id="T00:03:06"><abbr title="2012-07-12T00:03:06+00:00">00:03:06</abbr></a>] <span>* dj_pi (~asd@c-107-5-25-243.hsd1.mi.comcast.net) has joined #beagle</span></li>
<li class="quit">[<a href="#T00:03:59" id="T00:03:59"><abbr title="2012-07-12T00:03:59+00:00">00:03:59</abbr></a>] <span>* photex (~photex@216.3.125.130) Quit (Quit: Computer has gone to sleep.)</span></li>
<li class="nick-change">[<a href="#T00:06:59" id="T00:06:59"><abbr title="2012-07-12T00:06:59+00:00">00:06:59</abbr></a>] <span>* prp^2 is now known as prpplague</span></li>
<li class="join">[<a href="#T00:10:51" id="T00:10:51"><abbr title="2012-07-12T00:10:51+00:00">00:10:51</abbr></a>] <span>* gurgalof (~gurgalof@c80-216-122-131.bredband.comhem.se) has joined #beagle</span></li>
<li class="nick-change">[<a href="#T00:14:54" id="T00:14:54"><abbr title="2012-07-12T00:14:54+00:00">00:14:54</abbr></a>] <span>* ka6sox-away is now known as ka6sox</span></li>
<li class="quit">[<a href="#T00:16:46" id="T00:16:46"><abbr title="2012-07-12T00:16:46+00:00">00:16:46</abbr></a>] <span>* thurbad (~natesewel@64.132.24.248) Quit (Quit: thurbad)</span></li>
<li class="quit">[<a href="#T00:22:37" id="T00:22:37"><abbr title="2012-07-12T00:22:37+00:00">00:22:37</abbr></a>] <span>* RITRedbeard (~redbeard@c-68-37-165-37.hsd1.nj.comcast.net) Quit (Read error: Connection reset by peer)</span></li>
<li class="join">[<a href="#T00:23:02" id="T00:23:02"><abbr title="2012-07-12T00:23:02+00:00">00:23:02</abbr></a>] <span>* RITRedbeard (~redbeard@c-68-37-165-37.hsd1.nj.comcast.net) has joined #beagle</span></li>
<li class="message">[<a href="#T00:27:42" id="T00:27:42"><abbr title="2012-07-12T00:27:42+00:00">00:27:42</abbr></a>] &lt;<cite>prpplague</cite>&gt; <q>just fyi for anyone interested, the call for participation for ELC-E end august 1 - <a href="https://events.linuxfoundation.org/events/embedded-linux-conference-europe/cfp">https://events.linuxfoundation.org/events/embedded-linux-conference-europe/cfp</a></q></li>
<li class="quit">[<a href="#T00:31:00" id="T00:31:00"><abbr title="2012-07-12T00:31:00+00:00">00:31:00</abbr></a>] <span>* jevin (~jevin@napalm.jevinskie.com) Quit (Quit: ZNC - <a href="http://znc.in)">http://znc.in)</a></span></li>
<li class="join">[<a href="#T00:36:36" id="T00:36:36"><abbr title="2012-07-12T00:36:36+00:00">00:36:36</abbr></a>] <span>* jevin (~jevin@napalm.jevinskie.com) has joined #beagle</span></li>
<li class="message">[<a href="#T00:37:53" id="T00:37:53"><abbr title="2012-07-12T00:37:53+00:00">00:37:53</abbr></a>] &lt;<cite>mranostay</cite>&gt; <q>hey prpplague</q></li>
<li class="message">[<a href="#T00:38:22" id="T00:38:22"><abbr title="2012-07-12T00:38:22+00:00">00:38:22</abbr></a>] &lt;<cite>prpplague</cite>&gt; <q>mranostay: hey</q></li>
<li class="join">[<a href="#T00:47:12" id="T00:47:12"><abbr title="2012-07-12T00:47:12+00:00">00:47:12</abbr></a>] <span>* KeatonT (~KeatonT@unaffiliated/keatont) has joined #beagle</span></li>
<li class="join">[<a href="#T01:05:31" id="T01:05:31"><abbr title="2012-07-12T01:05:31+00:00">01:05:31</abbr></a>] <span>* thurbad (~natesewel@cpe-70-124-80-154.austin.res.rr.com) has joined #beagle</span></li>
<li class="quit">[<a href="#T01:14:13" id="T01:14:13"><abbr title="2012-07-12T01:14:13+00:00">01:14:13</abbr></a>] <span>* josvuk (~josef@p54ABD3E3.dip0.t-ipconnect.de) Quit (Quit: Konversation terminated!)</span></li>
<li class="join">[<a href="#T01:19:07" id="T01:19:07"><abbr title="2012-07-12T01:19:07+00:00">01:19:07</abbr></a>] <span>* vanity (~quassel@203.247.149.126) has joined #beagle</span></li>
<li class="quit">[<a href="#T01:21:49" id="T01:21:49"><abbr title="2012-07-12T01:21:49+00:00">01:21:49</abbr></a>] <span>* KeatonT (~KeatonT@unaffiliated/keatont) Quit (Quit: Computer has gone to sleep.)</span></li>
<li class="join">[<a href="#T01:23:59" id="T01:23:59"><abbr title="2012-07-12T01:23:59+00:00">01:23:59</abbr></a>] <span>* djerome (~djerome@ip68-2-20-108.ph.ph.cox.net) has joined #beagle</span></li>
<li class="quit">[<a href="#T01:31:50" id="T01:31:50"><abbr title="2012-07-12T01:31:50+00:00">01:31:50</abbr></a>] <span>* Openfree` (~Openfreer@116.228.88.131) Quit (Remote host closed the connection)</span></li>
<li class="join">[<a href="#T01:37:29" id="T01:37:29"><abbr title="2012-07-12T01:37:29+00:00">01:37:29</abbr></a>] <span>* Openfree` (~Openfreer@116.228.88.131) has joined #beagle</span></li>
<li class="quit">[<a href="#T01:43:30" id="T01:43:30"><abbr title="2012-07-12T01:43:30+00:00">01:43:30</abbr></a>] <span>* Riastradh (~riastradh@fsf/member/riastradh) Quit (Ping timeout: 276 seconds)</span></li>
<li class="quit">[<a href="#T01:43:37" id="T01:43:37"><abbr title="2012-07-12T01:43:37+00:00">01:43:37</abbr></a>] <span>* jet (~jet_@mna75-8-82-234-66-158.fbx.proxad.net) Quit (Ping timeout: 256 seconds)</span></li>
<li class="join">[<a href="#T01:45:34" id="T01:45:34"><abbr title="2012-07-12T01:45:34+00:00">01:45:34</abbr></a>] <span>* jet (~jet_@mna75-8-82-234-66-158.fbx.proxad.net) has joined #beagle</span></li>
<li class="nick-change">[<a href="#T01:46:59" id="T01:46:59"><abbr title="2012-07-12T01:46:59+00:00">01:46:59</abbr></a>] <span>* KimK_ is now known as KimK</span></li>
<li class="join">[<a href="#T01:50:40" id="T01:50:40"><abbr title="2012-07-12T01:50:40+00:00">01:50:40</abbr></a>] <span>* jyoung (~jyoung@68-114-248-244.dhcp.fdul.wi.charter.com) has joined #beagle</span></li>
<li class="message">[<a href="#T01:52:19" id="T01:52:19"><abbr title="2012-07-12T01:52:19+00:00">01:52:19</abbr></a>] &lt;<cite>jyoung</cite>&gt; <q>Using the latest angstrom built on BeagleBone - SSL doesn't work out of the box. Anyone else have this issue?</q></li>
<li class="message">[<a href="#T01:53:01" id="T01:53:01"><abbr title="2012-07-12T01:53:01+00:00">01:53:01</abbr></a>] &lt;<cite>jyoung</cite>&gt; <q>"curl <a href="https://www.google.com"">https://www.google.com"</a> results in "curl: (77) Problem with the SSL CA cert (path? access rights?)"</q></li>
<li class="message">[<a href="#T01:53:13" id="T01:53:13"><abbr title="2012-07-12T01:53:13+00:00">01:53:13</abbr></a>] &lt;<cite>jyoung</cite>&gt; <q>Non-http sites work fine.</q></li>
<li class="join">[<a href="#T01:53:20" id="T01:53:20"><abbr title="2012-07-12T01:53:20+00:00">01:53:20</abbr></a>] <span>* lucasrangit (~lucasrang@cpe-76-87-44-19.socal.res.rr.com) has joined #beagle</span></li>
<li class="quit">[<a href="#T01:55:45" id="T01:55:45"><abbr title="2012-07-12T01:55:45+00:00">01:55:45</abbr></a>] <span>* cwillu (~cwillu@cwillu.com) Quit (Remote host closed the connection)</span></li>
<li class="message">[<a href="#T01:56:23" id="T01:56:23"><abbr title="2012-07-12T01:56:23+00:00">01:56:23</abbr></a>] &lt;<cite>aholler</cite>&gt; <q>install certificates</q></li>
<li class="message">[<a href="#T01:56:54" id="T01:56:54"><abbr title="2012-07-12T01:56:54+00:00">01:56:54</abbr></a>] &lt;<cite>jyoung</cite>&gt; <q>how do I do that? The info I see online doesn't seem to apply to this distro.</q></li>
<li class="message">[<a href="#T01:57:11" id="T01:57:11"><abbr title="2012-07-12T01:57:11+00:00">01:57:11</abbr></a>] &lt;<cite>jyoung</cite>&gt; <q>Is there a package called "certificates"? (stupid question if there is not!)</q></li>
<li class="message">[<a href="#T01:57:40" id="T01:57:40"><abbr title="2012-07-12T01:57:40+00:00">01:57:40</abbr></a>] &lt;<cite>aholler</cite>&gt; <q>opkg list | grep cert, and read the docs for the distribution you are using, at least those for the package manager</q></li>
<li class="join">[<a href="#T01:57:53" id="T01:57:53"><abbr title="2012-07-12T01:57:53+00:00">01:57:53</abbr></a>] <span>* cwillu (~cwillu@cwillu.com) has joined #beagle</span></li>
