<li class="message">[<a href="#T00:00:01" id="T00:00:01"><abbr title="2012-01-17T00:00:01+00:00">00:00:01</abbr></a>] &lt;<cite>mouser</cite>&gt; <q>was that guy asking about he dog?</q></li>
<li class="message">[<a href="#T00:00:08" id="T00:00:08"><abbr title="2012-01-17T00:00:08+00:00">00:00:08</abbr></a>] &lt;<cite>mouser</cite>&gt; <q>the*</q></li>
<li class="message">[<a href="#T00:00:15" id="T00:00:15"><abbr title="2012-01-17T00:00:15+00:00">00:00:15</abbr></a>] &lt;<cite>av500</cite>&gt; <q>yes</q></li>
<li class="message">[<a href="#T00:00:24" id="T00:00:24"><abbr title="2012-01-17T00:00:24+00:00">00:00:24</abbr></a>] &lt;<cite>djlewis</cite>&gt; <q>emeb: it was difficult to tell if he was truely confused about our purpose or if he really was a troll</q></li>
<li class="message">[<a href="#T00:00:46" id="T00:00:46"><abbr title="2012-01-17T00:00:46+00:00">00:00:46</abbr></a>] &lt;<cite>jay6981</cite>&gt; <q>seemed like a child who hasn't been told about the birds and the bees yet</q></li>
<li class="message">[<a href="#T00:00:49" id="T00:00:49"><abbr title="2012-01-17T00:00:49+00:00">00:00:49</abbr></a>] &lt;<cite>emeb</cite>&gt; <q>All the repetition seemed like the latter.</q></li>
<li class="message">[<a href="#T00:00:54" id="T00:00:54"><abbr title="2012-01-17T00:00:54+00:00">00:00:54</abbr></a>] &lt;<cite>djlewis</cite>&gt; <q>yes</q></li>
<li class="message">[<a href="#T00:01:35" id="T00:01:35"><abbr title="2012-01-17T00:01:35+00:00">00:01:35</abbr></a>] &lt;<cite>emeb</cite>&gt; <q>djlewis: has beagles and dogs too.</q></li>
<li class="message">[<a href="#T00:02:02" id="T00:02:02"><abbr title="2012-01-17T00:02:02+00:00">00:02:02</abbr></a>] &lt;<cite>djlewis</cite>&gt; <q>yeah :) last night my big dog gets in a fight with a racoon</q></li>
<li class="message">[<a href="#T00:02:12" id="T00:02:12"><abbr title="2012-01-17T00:02:12+00:00">00:02:12</abbr></a>] &lt;<cite>emeb</cite>&gt; <q>djlewis: who won?</q></li>
<li class="message">[<a href="#T00:02:15" id="T00:02:15"><abbr title="2012-01-17T00:02:15+00:00">00:02:15</abbr></a>] &lt;<cite>djlewis</cite>&gt; <q>I had to go out and shoot the darn racoon</q></li>
<li class="message">[<a href="#T00:02:25" id="T00:02:25"><abbr title="2012-01-17T00:02:25+00:00">00:02:25</abbr></a>] &lt;<cite>djlewis</cite>&gt; <q>the coon was going for the eyes</q></li>
<li class="message">[<a href="#T00:02:29" id="T00:02:29"><abbr title="2012-01-17T00:02:29+00:00">00:02:29</abbr></a>] &lt;<cite>emeb</cite>&gt; <q>owche!</q></li>
<li class="message">[<a href="#T00:02:47" id="T00:02:47"><abbr title="2012-01-17T00:02:47+00:00">00:02:47</abbr></a>] &lt;<cite>djlewis</cite>&gt; <q>this morning the big dawg is sniffing my truck.</q></li>
<li class="message">[<a href="#T00:02:59" id="T00:02:59"><abbr title="2012-01-17T00:02:59+00:00">00:02:59</abbr></a>] &lt;<cite>djlewis</cite>&gt; <q>I open the hood and the engine compartment is full of rats nest</q></li>
<li class="message">[<a href="#T00:03:04" id="T00:03:04"><abbr title="2012-01-17T00:03:04+00:00">00:03:04</abbr></a>] &lt;<cite>emeb</cite>&gt; <q>oh joy.</q></li>
<li class="message">[<a href="#T00:03:14" id="T00:03:14"><abbr title="2012-01-17T00:03:14+00:00">00:03:14</abbr></a>] &lt;<cite>emeb</cite>&gt; <q>hopefully  not chewing the wiring...</q></li>
<li class="message">[<a href="#T00:03:24" id="T00:03:24"><abbr title="2012-01-17T00:03:24+00:00">00:03:24</abbr></a>] &lt;<cite>djlewis</cite>&gt; <q>2 hours later i get it cleaned out and wires and vacuum lines patched.</q></li>
<li class="message">[<a href="#T00:03:37" id="T00:03:37"><abbr title="2012-01-17T00:03:37+00:00">00:03:37</abbr></a>] &lt;<cite>djlewis</cite>&gt; <q>Then the dawg starts sniffing the chassis.</q></li>
<li class="message">[<a href="#T00:03:41" id="T00:03:41"><abbr title="2012-01-17T00:03:41+00:00">00:03:41</abbr></a>] &lt;<cite>mranostay</cite>&gt; <q>djlewis: going through that user's questions (classic) -- &gt; "Can my Beabull give birth without male?"</q></li>
<li class="message">[<a href="#T00:04:02" id="T00:04:02"><abbr title="2012-01-17T00:04:02+00:00">00:04:02</abbr></a>] &lt;<cite>mranostay</cite>&gt; <q>i think someone needs a little biology lesson :)</q></li>
<li class="message">[<a href="#T00:04:07" id="T00:04:07"><abbr title="2012-01-17T00:04:07+00:00">00:04:07</abbr></a>] &lt;<cite>emeb</cite>&gt; <q>someone needs to invent rat repellant for cars.</q></li>
<li class="message">[<a href="#T00:04:22" id="T00:04:22"><abbr title="2012-01-17T00:04:22+00:00">00:04:22</abbr></a>] &lt;<cite>djlewis</cite>&gt; <q> So i look and see the rat hiding on the chassis.</q></li>
<li class="message">[<a href="#T00:04:34" id="T00:04:34"><abbr title="2012-01-17T00:04:34+00:00">00:04:34</abbr></a>] &lt;<cite>emeb</cite>&gt; <q>waiting to return when you're not looking.</q></li>
<li class="action">[<a href="#T00:04:36" id="T00:04:36"><abbr title="2012-01-17T00:04:36+00:00">00:04:36</abbr></a>] <span>* djlewis goes gets rifle and makes mess of rat :)</span></li>
<li class="message">[<a href="#T00:04:49" id="T00:04:49"><abbr title="2012-01-17T00:04:49+00:00">00:04:49</abbr></a>] &lt;<cite>djlewis</cite>&gt; <q>big dawg eats rat :)</q></li>
<li class="message">[<a href="#T00:04:52" id="T00:04:52"><abbr title="2012-01-17T00:04:52+00:00">00:04:52</abbr></a>] &lt;<cite>mranostay</cite>&gt; <q>djlewis: be sure it is out of the car first :)</q></li>
<li class="message">[<a href="#T00:04:57" id="T00:04:57"><abbr title="2012-01-17T00:04:57+00:00">00:04:57</abbr></a>] &lt;<cite>emeb</cite>&gt; <q>reward!</q></li>
<li class="message">[<a href="#T00:04:59" id="T00:04:59"><abbr title="2012-01-17T00:04:59+00:00">00:04:59</abbr></a>] &lt;<cite>djlewis</cite>&gt; <q>that was not a plesant sight</q></li>
<li class="message">[<a href="#T00:05:09" id="T00:05:09"><abbr title="2012-01-17T00:05:09+00:00">00:05:09</abbr></a>] &lt;<cite>mranostay</cite>&gt; <q>insurance is not covering gunshots to your car :)</q></li>
<li class="quit">[<a href="#T00:05:14" id="T00:05:14"><abbr title="2012-01-17T00:05:14+00:00">00:05:14</abbr></a>] <span>* lyakh (~lyakh@dslb-094-221-097-011.pools.arcor-ip.net) Quit (Quit: thanks, bye)</span></li>
<li class="message">[<a href="#T00:05:34" id="T00:05:34"><abbr title="2012-01-17T00:05:34+00:00">00:05:34</abbr></a>] &lt;<cite>emeb</cite>&gt; <q>those are a badge of honor in some places!</q></li>
<li class="message">[<a href="#T00:05:46" id="T00:05:46"><abbr title="2012-01-17T00:05:46+00:00">00:05:46</abbr></a>] &lt;<cite>djlewis</cite>&gt; <q>my pickup has these hollow stell tube joiners between the main chassis. Rat was in a tube.</q></li>
<li class="message">[<a href="#T00:05:56" id="T00:05:56"><abbr title="2012-01-17T00:05:56+00:00">00:05:56</abbr></a>] &lt;<cite>djlewis</cite>&gt; <q>steel</q></li>
<li class="message">[<a href="#T00:06:13" id="T00:06:13"><abbr title="2012-01-17T00:06:13+00:00">00:06:13</abbr></a>] &lt;<cite>djlewis</cite>&gt; <q>easy pickins</q></li>
<li class="message">[<a href="#T00:06:30" id="T00:06:30"><abbr title="2012-01-17T00:06:30+00:00">00:06:30</abbr></a>] &lt;<cite>mranostay</cite>&gt; <q>emeb: yeah i've lived in those areas a few times in my life</q></li>
<li class="message">[<a href="#T00:06:46" id="T00:06:46"><abbr title="2012-01-17T00:06:46+00:00">00:06:46</abbr></a>] &lt;<cite>mranostay</cite>&gt; <q>you zone out the gunfire after awhile</q></li>
<li class="message">[<a href="#T00:06:47" id="T00:06:47"><abbr title="2012-01-17T00:06:47+00:00">00:06:47</abbr></a>] &lt;<cite>djlewis</cite>&gt; <q>Yeah, I decided to let him bask in his reward. though last night he had no interest in disposing of the racoon</q></li>
<li class="join">[<a href="#T00:06:58" id="T00:06:58"><abbr title="2012-01-17T00:06:58+00:00">00:06:58</abbr></a>] <span>* masterant (~masterant@132.68.58.68) has joined #beagle</span></li>
<li class="message">[<a href="#T00:07:14" id="T00:07:14"><abbr title="2012-01-17T00:07:14+00:00">00:07:14</abbr></a>] &lt;<cite>mranostay</cite>&gt; <q>djlewis: where you live again? AR?</q></li>
<li class="message">[<a href="#T00:07:33" id="T00:07:33"><abbr title="2012-01-17T00:07:33+00:00">00:07:33</abbr></a>] &lt;<cite>djlewis</cite>&gt; <q>It was cool to watch him after I shot the coon, it fell and he pounced on it trying to break its dead neck.</q></li>
<li class="message">[<a href="#T00:07:39" id="T00:07:39"><abbr title="2012-01-17T00:07:39+00:00">00:07:39</abbr></a>] &lt;<cite>emeb</cite>&gt; <q>mranostay: hope you don't have to go back to those places.</q></li>
<li class="action">[<a href="#T00:07:55" id="T00:07:55"><abbr title="2012-01-17T00:07:55+00:00">00:07:55</abbr></a>] <span>* djlewis lives in the mtns of rural arkansas</span></li>
<li class="message">[<a href="#T00:08:07" id="T00:08:07"><abbr title="2012-01-17T00:08:07+00:00">00:08:07</abbr></a>] &lt;<cite>emeb</cite>&gt; <q>djlewis: had pent-up aggressions to release. </q></li>
<li class="action">[<a href="#T00:08:20" id="T00:08:20"><abbr title="2012-01-17T00:08:20+00:00">00:08:20</abbr></a>] <span>* djlewis loves going rat hunting :)</span></li>
<li class="message">[<a href="#T00:08:36" id="T00:08:36"><abbr title="2012-01-17T00:08:36+00:00">00:08:36</abbr></a>] &lt;<cite>djlewis</cite>&gt; <q>they are distructive or I might leave them alone.</q></li>
<li class="message">[<a href="#T00:08:52" id="T00:08:52"><abbr title="2012-01-17T00:08:52+00:00">00:08:52</abbr></a>] &lt;<cite>djlewis</cite>&gt; <q>I had to replace all the wiring in my riding mower.</q></li>
<li class="message">[<a href="#T00:08:59" id="T00:08:59"><abbr title="2012-01-17T00:08:59+00:00">00:08:59</abbr></a>] &lt;<cite>djlewis</cite>&gt; <q>and a fuel line</q></li>
<li class="message">[<a href="#T00:09:16" id="T00:09:16"><abbr title="2012-01-17T00:09:16+00:00">00:09:16</abbr></a>] &lt;<cite>djlewis</cite>&gt; <q>half the wiring under the truck hood is patched</q></li>
<li class="message">[<a href="#T00:09:55" id="T00:09:55"><abbr title="2012-01-17T00:09:55+00:00">00:09:55</abbr></a>] &lt;<cite>djlewis</cite>&gt; <q>They have eaten insulation off the main electrical wires in homes.</q></li>
<li class="message">[<a href="#T00:10:00" id="T00:10:00"><abbr title="2012-01-17T00:10:00+00:00">00:10:00</abbr></a>] &lt;<cite>djlewis</cite>&gt; <q>not mine yet</q></li>
<li class="quit">[<a href="#T00:10:14" id="T00:10:14"><abbr title="2012-01-17T00:10:14+00:00">00:10:14</abbr></a>] <span>* captain_morgan (~captain_m@asp.tokbox.com) Quit (Remote host closed the connection)</span></li>
<li class="message">[<a href="#T00:10:26" id="T00:10:26"><abbr title="2012-01-17T00:10:26+00:00">00:10:26</abbr></a>] &lt;<cite>ds2</cite>&gt; <q>so you will be walking around with a coon hat soon?</q></li>
<li class="message">[<a href="#T00:10:56" id="T00:10:56"><abbr title="2012-01-17T00:10:56+00:00">00:10:56</abbr></a>] &lt;<cite>djlewis</cite>&gt; <q>was that davey crockett?</q></li>
<li class="quit">[<a href="#T00:12:06" id="T00:12:06"><abbr title="2012-01-17T00:12:06+00:00">00:12:06</abbr></a>] <span>* masterant (~masterant@132.68.58.68) Quit (Ping timeout: 248 seconds)</span></li>
<li class="message">[<a href="#T00:12:07" id="T00:12:07"><abbr title="2012-01-17T00:12:07+00:00">00:12:07</abbr></a>] &lt;<cite>mranostay</cite>&gt; <q>i think boone</q></li>
<li class="join">[<a href="#T00:16:14" id="T00:16:14"><abbr title="2012-01-17T00:16:14+00:00">00:16:14</abbr></a>] <span>* djerome (~djerome@ip68-2-20-108.ph.ph.cox.net) has joined #beagle</span></li>
<li class="join">[<a href="#T00:17:11" id="T00:17:11"><abbr title="2012-01-17T00:17:11+00:00">00:17:11</abbr></a>] <span>* tlab (~tlab@c-98-223-22-156.hsd1.in.comcast.net) has joined #beagle</span></li>
<li class="join">[<abbr title="2012-01-17T00:17:11+00:00">00:17:11</abbr>] <span>* tlab (~tlab@c-98-223-22-156.hsd1.in.comcast.net) has joined #beagleboard</span></li>
<li class="join">[<abbr title="2012-01-17T00:17:11+00:00">00:17:11</abbr>] <span>* tlab (~tlab@c-98-223-22-156.hsd1.in.comcast.net) has joined #beaglebone</span></li>
<li class="message">[<a href="#T00:18:06" id="T00:18:06"><abbr title="2012-01-17T00:18:06+00:00">00:18:06</abbr></a>] &lt;<cite>mranostay</cite>&gt; <q>emeb: yeah well i'm about to move out of one of those cities. (although my area is mostly safe)</q></li>
<li class="message">[<a href="#T00:18:37" id="T00:18:37"><abbr title="2012-01-17T00:18:37+00:00">00:18:37</abbr></a>] &lt;<cite>emeb</cite>&gt; <q>mranostay: go west young man!</q></li>
<li class="part">[<a href="#T00:18:58" id="T00:18:58"><abbr title="2012-01-17T00:18:58+00:00">00:18:58</abbr></a>] <span>* djerome (~djerome@ip68-2-20-108.ph.ph.cox.net) has left #beagle</span></li>
<li class="message">[<a href="#T00:19:27" id="T00:19:27"><abbr title="2012-01-17T00:19:27+00:00">00:19:27</abbr></a>] &lt;<cite>mranostay</cite>&gt; <q>emeb: yeah i'm going to the bay area :)</q></li>
<li class="message">[<a href="#T00:19:46" id="T00:19:46"><abbr title="2012-01-17T00:19:46+00:00">00:19:46</abbr></a>] &lt;<cite>jay6981</cite>&gt; <q>stay away from east palo alto</q></li>
<li class="message">[<a href="#T00:20:05" id="T00:20:05"><abbr title="2012-01-17T00:20:05+00:00">00:20:05</abbr></a>] &lt;<cite>emeb</cite>&gt; <q>heh - too much like the places you're trying to avoid.</q></li>
<li class="message">[<a href="#T00:20:16" id="T00:20:16"><abbr title="2012-01-17T00:20:16+00:00">00:20:16</abbr></a>] &lt;<cite>mranostay</cite>&gt; <q>heh yeah i know and Oakland</q></li>
<li class="message">[<a href="#T00:21:26" id="T00:21:26"><abbr title="2012-01-17T00:21:26+00:00">00:21:26</abbr></a>] &lt;<cite>ds2</cite>&gt; <q>emeb: what's the city frys is in? mesa?</q></li>
<li class="message">[<a href="#T00:22:11" id="T00:22:11"><abbr title="2012-01-17T00:22:11+00:00">00:22:11</abbr></a>] &lt;<cite>_av500_</cite>&gt; <q>freedom fry's?</q></li>
<li class="message">[<a href="#T00:22:17" id="T00:22:17"><abbr title="2012-01-17T00:22:17+00:00">00:22:17</abbr></a>] &lt;<cite>djlewis</cite>&gt; <q>french fries</q></li>
<li class="message">[<a href="#T00:22:27" id="T00:22:27"><abbr title="2012-01-17T00:22:27+00:00">00:22:27</abbr></a>] &lt;<cite>mranostay</cite>&gt; <q>the french don't even want them :P</q></li>
<li class="message">[<a href="#T00:22:57" id="T00:22:57"><abbr title="2012-01-17T00:22:57+00:00">00:22:57</abbr></a>] &lt;<cite>emeb</cite>&gt; <q>ds2: both Fry's are in Phoenix. One in North Phoenix near I-17 and Thunderbird, one in south near I-10 and Baseline.</q></li>
<li class="join">[<a href="#T00:23:48" id="T00:23:48"><abbr title="2012-01-17T00:23:48+00:00">00:23:48</abbr></a>] <span>* masterant (~masterant@132.68.58.68) has joined #beagle</span></li>
<li class="message">[<a href="#T00:24:03" id="T00:24:03"><abbr title="2012-01-17T00:24:03+00:00">00:24:03</abbr></a>] &lt;<cite>ds2</cite>&gt; <q>emeb: really? thought the one near the mall in the south part is in another city</q></li>
<li class="message">[<a href="#T00:24:12" id="T00:24:12"><abbr title="2012-01-17T00:24:12+00:00">00:24:12</abbr></a>] &lt;<cite>ds2</cite>&gt; <q>the I10/baseline one</q></li>
<li class="message">[<a href="#T00:24:25" id="T00:24:25"><abbr title="2012-01-17T00:24:25+00:00">00:24:25</abbr></a>] &lt;<cite>emeb</cite>&gt; <q>ds2: It's close to the Phoenix/Tempe border.</q></li>
<li class="message">[<a href="#T00:24:37" id="T00:24:37"><abbr title="2012-01-17T00:24:37+00:00">00:24:37</abbr></a>] &lt;<cite>emeb</cite>&gt; <q>It might actually be Tempe...</q></li>
<li class="action">[<a href="#T00:25:42" id="T00:25:42"><abbr title="2012-01-17T00:25:42+00:00">00:25:42</abbr></a>] <span>* djlewis dislikes large gaterings of people like cities.</span></li>
<li class="message">[<a href="#T00:26:06" id="T00:26:06"><abbr title="2012-01-17T00:26:06+00:00">00:26:06</abbr></a>] &lt;<cite>emeb</cite>&gt; <q>benefits &amp; hazards. "If it's a benefit, it's not my problem"</q></li>
<li class="message">[<a href="#T00:26:20" id="T00:26:20"><abbr title="2012-01-17T00:26:20+00:00">00:26:20</abbr></a>] &lt;<cite>ds2</cite>&gt; <q>emeb: was trying to find out if that is as ghetto as it gets w/o actually being in PHX</q></li>
<li class="join">[<a href="#T00:26:43" id="T00:26:43"><abbr title="2012-01-17T00:26:43+00:00">00:26:43</abbr></a>] <span>* pcacjr (~pcacjr@187.78.63.126) has joined #beagle</span></li>
<li class="message">[<a href="#T00:26:45" id="T00:26:45"><abbr title="2012-01-17T00:26:45+00:00">00:26:45</abbr></a>] &lt;<cite>emeb</cite>&gt; <q>ds2: you mean Tempe? Hmmm.</q></li>
<li class="message">[<a href="#T00:26:59" id="T00:26:59"><abbr title="2012-01-17T00:26:59+00:00">00:26:59</abbr></a>] &lt;<cite>ds2</cite>&gt; <q>emeb: that area around I10/baseline</q></li>
<li class="message">[<a href="#T00:27:05" id="T00:27:05"><abbr title="2012-01-17T00:27:05+00:00">00:27:05</abbr></a>] &lt;<cite>emeb</cite>&gt; <q>ds2: The area along Apache Blvd east of the University has a bit of a reputation too.</q></li>
<li class="message">[<a href="#T00:27:19" id="T00:27:19"><abbr title="2012-01-17T00:27:19+00:00">00:27:19</abbr></a>] &lt;<cite>ds2</cite>&gt; <q>like outside of the AZ Mills (I think that's the mall around there)</q></li>
<li class="message">[<a href="#T00:28:04" id="T00:28:04"><abbr title="2012-01-17T00:28:04+00:00">00:28:04</abbr></a>] &lt;<cite>emeb</cite>&gt; <q>South of AZ Mills is the small town of Guadalupe which is wedged in between Tempe and Phoenix. Also not a great place to hang out.</q></li>
<li class="quit">[<a href="#T00:28:11" id="T00:28:11"><abbr title="2012-01-17T00:28:11+00:00">00:28:11</abbr></a>] <span>* masterant (~masterant@132.68.58.68) Quit (Ping timeout: 252 seconds)</span></li>
<li class="message">[<a href="#T00:28:50" id="T00:28:50"><abbr title="2012-01-17T00:28:50+00:00">00:28:50</abbr></a>] &lt;<cite>ds2</cite>&gt; <q>Hmm</q></li>
<li class="message">[<a href="#T00:29:14" id="T00:29:14"><abbr title="2012-01-17T00:29:14+00:00">00:29:14</abbr></a>] &lt;<cite>djlewis</cite>&gt; <q>little Guadalupe . . .</q></li>
<li class="message">[<a href="#T00:30:00" id="T00:30:00"><abbr title="2012-01-17T00:30:00+00:00">00:30:00</abbr></a>] &lt;<cite>ds2</cite>&gt; <q>IIRC, Guadalupe didn't look as bad as the area around the Frys</q></li>
<li class="quit">[<a href="#T00:30:11" id="T00:30:11"><abbr title="2012-01-17T00:30:11+00:00">00:30:11</abbr></a>] <span>* tlab (~tlab@c-98-223-22-156.hsd1.in.comcast.net) Quit (Read error: Connection reset by peer)</span></li>
<li class="message">[<a href="#T00:30:47" id="T00:30:47"><abbr title="2012-01-17T00:30:47+00:00">00:30:47</abbr></a>] &lt;<cite>emeb</cite>&gt; <q>You must not have seen much of Guadalupe then. Dirt roads, burned out shacks, etc.</q></li>
<li class="message">[<a href="#T00:32:24" id="T00:32:24"><abbr title="2012-01-17T00:32:24+00:00">00:32:24</abbr></a>] &lt;<cite>emeb</cite>&gt; <q>Your basic Mexican Pueblo transported ~150mi north.</q></li>
<li class="message">[<a href="#T00:32:32" id="T00:32:32"><abbr title="2012-01-17T00:32:32+00:00">00:32:32</abbr></a>] &lt;<cite>ds2</cite>&gt; <q>I guess not.</q></li>
<li class="message">[<a href="#T00:32:45" id="T00:32:45"><abbr title="2012-01-17T00:32:45+00:00">00:32:45</abbr></a>] &lt;<cite>ds2</cite>&gt; <q>pass through it on the way back from the zoo</q></li>
<li class="message">[<a href="#T00:33:04" id="T00:33:04"><abbr title="2012-01-17T00:33:04+00:00">00:33:04</abbr></a>] &lt;<cite>emeb</cite>&gt; <q>Actually, they're doing a lot to improve it lately. I'm mostly remembering what it was like 20 years ago...</q></li>
<li class="message">[<a href="#T00:33:55" id="T00:33:55"><abbr title="2012-01-17T00:33:55+00:00">00:33:55</abbr></a>] &lt;<cite>emeb</cite>&gt; <q>ds2: you go Priest to the Zoo?</q></li>
<li class="message">[<a href="#T00:34:20" id="T00:34:20"><abbr title="2012-01-17T00:34:20+00:00">00:34:20</abbr></a>] &lt;<cite>emeb</cite>&gt; <q>aka "Avenida Del Yaqui"</q></li>
<li class="message">[<a href="#T00:34:26" id="T00:34:26"><abbr title="2012-01-17T00:34:26+00:00">00:34:26</abbr></a>] &lt;<cite>ds2</cite>&gt; <q>emeb: i was staying in tempe at that time. not sure the exact street as I was following someone</q></li>
<li class="quit">[<a href="#T00:40:16" id="T00:40:16"><abbr title="2012-01-17T00:40:16+00:00">00:40:16</abbr></a>] <span>* florian (~fuchs@Maemo/community/contributor/florian) Quit (Quit: Verlassend)</span></li>
<li class="join">[<a href="#T00:40:40" id="T00:40:40"><abbr title="2012-01-17T00:40:40+00:00">00:40:40</abbr></a>] <span>* masterant (~masterant@132.68.58.68) has joined #beagle</span></li>
<li class="message">[<a href="#T00:43:29" id="T00:43:29"><abbr title="2012-01-17T00:43:29+00:00">00:43:29</abbr></a>] &lt;<cite>djlewis</cite>&gt; <q>later guys . . .</q></li>
<li class="message">[<a href="#T00:43:30" id="T00:43:30"><abbr title="2012-01-17T00:43:30+00:00">00:43:30</abbr></a>] &lt;<cite>jkridner</cite>&gt; <q>ka6sox: calculus: if you have blogs or mailing lists you frequent, please let it be known you'll be giving away a BeagleBone or two at SCaLE.</q></li>
<li class="quit">[<a href="#T00:43:41" id="T00:43:41"><abbr title="2012-01-17T00:43:41+00:00">00:43:41</abbr></a>] <span>* djlewis (~djelwis@adsl-65-64-30-13.dsl.ltrkar.swbell.net) Quit (Quit: Leaving.)</span></li>
<li class="message">[<a href="#T00:44:15" id="T00:44:15"><abbr title="2012-01-17T00:44:15+00:00">00:44:15</abbr></a>] &lt;<cite>jkridner</cite>&gt; <q>I'm not too concerned how you do the give-away.  Please try to make it "fair" (ie., don't play favorites to the point where it irritates someone).</q></li>
<li class="message">[<a href="#T00:44:33" id="T00:44:33"><abbr title="2012-01-17T00:44:33+00:00">00:44:33</abbr></a>] &lt;<cite>jkridner</cite>&gt; <q>I'm fine with them going towards real projects or simply randomly.</q></li>
<li class="message">[<a href="#T00:45:08" id="T00:45:08"><abbr title="2012-01-17T00:45:08+00:00">00:45:08</abbr></a>] &lt;<cite>jkridner</cite>&gt; <q>you are fully deputized representatives of beagleboard.org, so represent!</q></li>
<li class="quit">[<a href="#T00:45:10" id="T00:45:10"><abbr title="2012-01-17T00:45:10+00:00">00:45:10</abbr></a>] <span>* masterant (~masterant@132.68.58.68) Quit (Ping timeout: 248 seconds)</span></li>
<li class="message">[<a href="#T00:45:11" id="T00:45:11"><abbr title="2012-01-17T00:45:11+00:00">00:45:11</abbr></a>] &lt;<cite>jkridner</cite>&gt; <q>:)</q></li>
<li class="join">[<a href="#T00:45:57" id="T00:45:57"><abbr title="2012-01-17T00:45:57+00:00">00:45:57</abbr></a>] <span>* Peter__ (dcff0245@gateway/web/freenode/ip.220.255.2.69) has joined #beagleboard</span></li>
<li class="join">[<abbr title="2012-01-17T00:45:57+00:00">00:45:57</abbr>] <span>* Peter__ (dcff0245@gateway/web/freenode/ip.220.255.2.69) has joined #beaglebone</span></li>
<li class="join">[<abbr title="2012-01-17T00:45:57+00:00">00:45:57</abbr>] <span>* Peter__ (dcff0245@gateway/web/freenode/ip.220.255.2.69) has joined #beagle</span></li>
<li class="message">[<a href="#T00:46:56" id="T00:46:56"><abbr title="2012-01-17T00:46:56+00:00">00:46:56</abbr></a>] &lt;<cite>ds2</cite>&gt; <q>hehe</q></li>
<li class="join">[<a href="#T00:47:30" id="T00:47:30"><abbr title="2012-01-17T00:47:30+00:00">00:47:30</abbr></a>] <span>* tlab (~tlab@c-98-223-22-156.hsd1.in.comcast.net) has joined #beagle</span></li>
<li class="join">[<abbr title="2012-01-17T00:47:30+00:00">00:47:30</abbr>] <span>* tlab (~tlab@c-98-223-22-156.hsd1.in.comcast.net) has joined #beagleboard</span></li>
<li class="join">[<abbr title="2012-01-17T00:47:30+00:00">00:47:30</abbr>] <span>* tlab (~tlab@c-98-223-22-156.hsd1.in.comcast.net) has joined #beaglebone</span></li>
<li class="join">[<a href="#T00:47:37" id="T00:47:37"><abbr title="2012-01-17T00:47:37+00:00">00:47:37</abbr></a>] <span>* Peter___ (dcff0256@gateway/web/freenode/ip.220.255.2.86) has joined #beagle</span></li>
<li class="join">[<abbr title="2012-01-17T00:47:37+00:00">00:47:37</abbr>] <span>* Peter___ (dcff0256@gateway/web/freenode/ip.220.255.2.86) has joined #beagleboard</span></li>
<li class="join">[<abbr title="2012-01-17T00:47:37+00:00">00:47:37</abbr>] <span>* Peter___ (dcff0256@gateway/web/freenode/ip.220.255.2.86) has joined #beaglebone</span></li>
<li class="message">[<a href="#T00:51:22" id="T00:51:22"><abbr title="2012-01-17T00:51:22+00:00">00:51:22</abbr></a>] &lt;<cite>Tartarus</cite>&gt; <q>Little late, but yes, AZ Mills is the mall</q></li>
<li class="message">[<a href="#T00:51:43" id="T00:51:43"><abbr title="2012-01-17T00:51:43+00:00">00:51:43</abbr></a>] &lt;<cite>Tartarus</cite>&gt; <q>They've got a rain forest cafe so we stop in when we're in the area, heh</q></li>
<li class="message">[<a href="#T00:51:50" id="T00:51:50"><abbr title="2012-01-17T00:51:50+00:00">00:51:50</abbr></a>] &lt;<cite>tlab</cite>&gt; <q>everytime I try to zcat the new angstrom image to an sd card it locks up ubuntu after a min or two</q></li>
<li class="message">[<a href="#T00:53:03" id="T00:53:03"><abbr title="2012-01-17T00:53:03+00:00">00:53:03</abbr></a>] &lt;<cite>Tartarus</cite>&gt; <q>right size sd card?</q></li>
<li class="message">[<a href="#T00:53:09" id="T00:53:09"><abbr title="2012-01-17T00:53:09+00:00">00:53:09</abbr></a>] &lt;<cite>tlab</cite>&gt; <q>4gb card</q></li>
<li class="message">[<a href="#T00:53:33" id="T00:53:33"><abbr title="2012-01-17T00:53:33+00:00">00:53:33</abbr></a>] &lt;<cite>tlab</cite>&gt; <q>I'm zcat'in the image before it and so far so good</q></li>
<li class="message">[<a href="#T00:53:50" id="T00:53:50"><abbr title="2012-01-17T00:53:50+00:00">00:53:50</abbr></a>] &lt;<cite>ds2</cite>&gt; <q>as long as it recovers</q></li>
<li class="message">[<a href="#T00:53:57" id="T00:53:57"><abbr title="2012-01-17T00:53:57+00:00">00:53:57</abbr></a>] &lt;<cite>ds2</cite>&gt; <q>that is probally it sync'ing out to the real media</q></li>
<li class="message">[<a href="#T00:54:12" id="T00:54:12"><abbr title="2012-01-17T00:54:12+00:00">00:54:12</abbr></a>] &lt;<cite>tlab</cite>&gt; <q>recovers? it locks it up hard</q></li>
<li class="message">[<a href="#T00:54:27" id="T00:54:27"><abbr title="2012-01-17T00:54:27+00:00">00:54:27</abbr></a>] &lt;<cite>tlab</cite>&gt; <q>can't move mouse, no lights blink</q></li>
<li class="message">[<a href="#T00:54:32" id="T00:54:32"><abbr title="2012-01-17T00:54:32+00:00">00:54:32</abbr></a>] &lt;<cite>jay6981</cite>&gt; <q>unlikely that has anything to do with the image</q></li>
<li class="message">[<a href="#T00:54:34" id="T00:54:34"><abbr title="2012-01-17T00:54:34+00:00">00:54:34</abbr></a>] &lt;<cite>tlab</cite>&gt; <q>keyboard doesn't work</q></li>
<li class="message">[<a href="#T00:55:10" id="T00:55:10"><abbr title="2012-01-17T00:55:10+00:00">00:55:10</abbr></a>] &lt;<cite>tlab</cite>&gt; <q>tried two sd cards</q></li>
<li class="message">[<a href="#T00:55:43" id="T00:55:43"><abbr title="2012-01-17T00:55:43+00:00">00:55:43</abbr></a>] &lt;<cite>tlab</cite>&gt; <q>this older image is still zcating so it's got to be further than the newest image</q></li>
<li class="message">[<a href="#T00:56:00" id="T00:56:00"><abbr title="2012-01-17T00:56:00+00:00">00:56:00</abbr></a>] &lt;<cite>tlab</cite>&gt; <q>ls</q></li>
<li class="message">[<a href="#T00:56:27" id="T00:56:27"><abbr title="2012-01-17T00:56:27+00:00">00:56:27</abbr></a>] &lt;<cite>ds2</cite>&gt; <q>you did unmount it before doing, right?</q></li>
<li class="message">[<a href="#T00:56:49" id="T00:56:49"><abbr title="2012-01-17T00:56:49+00:00">00:56:49</abbr></a>] &lt;<cite>tlab</cite>&gt; <q>yes</q></li>
<li class="message">[<a href="#T00:57:06" id="T00:57:06"><abbr title="2012-01-17T00:57:06+00:00">00:57:06</abbr></a>] &lt;<cite>ds2</cite>&gt; <q>just as a sanitycheck, how did you do that?</q></li>
<li class="join">[<a href="#T00:57:18" id="T00:57:18"><abbr title="2012-01-17T00:57:18+00:00">00:57:18</abbr></a>] <span>* masterant (~masterant@132.68.58.68) has joined #beagle</span></li>
<li class="message">[<a href="#T00:57:23" id="T00:57:23"><abbr title="2012-01-17T00:57:23+00:00">00:57:23</abbr></a>] &lt;<cite>tlab</cite>&gt; <q>right click on it on the desktop and hit eject</q></li>
<li class="message">[<a href="#T00:57:41" id="T00:57:41"><abbr title="2012-01-17T00:57:41+00:00">00:57:41</abbr></a>] &lt;<cite>ds2</cite>&gt; <q>hmmm</q></li>
<li class="message">[<a href="#T00:57:46" id="T00:57:46"><abbr title="2012-01-17T00:57:46+00:00">00:57:46</abbr></a>] &lt;<cite>ds2</cite>&gt; <q>try this just in case -</q></li>
<li class="message">[<a href="#T00:58:11" id="T00:58:11"><abbr title="2012-01-17T00:58:11+00:00">00:58:11</abbr></a>] &lt;<cite>ds2</cite>&gt; <q>before doing the zcat (do everything the same up to that point), type "mount" and see if it has any reference to the device</q></li>
<li class="message">[<a href="#T00:58:18" id="T00:58:18"><abbr title="2012-01-17T00:58:18+00:00">00:58:18</abbr></a>] &lt;<cite>ds2</cite>&gt; <q>maybe there is another partition?</q></li>
<li class="message">[<a href="#T00:58:29" id="T00:58:29"><abbr title="2012-01-17T00:58:29+00:00">00:58:29</abbr></a>] &lt;<cite>ds2</cite>&gt; <q>Ubuntu's braindeadness changes from version to version</q></li>
<li class="message">[<a href="#T00:58:33" id="T00:58:33"><abbr title="2012-01-17T00:58:33+00:00">00:58:33</abbr></a>] &lt;<cite>tlab</cite>&gt; <q>well I'm zcat the older image atm</q></li>
<li class="quit">[<a href="#T00:58:36" id="T00:58:36"><abbr title="2012-01-17T00:58:36+00:00">00:58:36</abbr></a>] <span>* jsabeaudry (4012a1f2@gateway/web/freenode/ip.64.18.161.242) Quit (Ping timeout: 258 seconds)</span></li>
<li class="message">[<a href="#T00:58:48" id="T00:58:48"><abbr title="2012-01-17T00:58:48+00:00">00:58:48</abbr></a>] &lt;<cite>tlab</cite>&gt; <q>takes awhile to zcat</q></li>
<li class="message">[<a href="#T00:59:42" id="T00:59:42"><abbr title="2012-01-17T00:59:42+00:00">00:59:42</abbr></a>] &lt;<cite>ds2</cite>&gt; <q>*nod*</q></li>
<li class="quit">[<a href="#T00:59:57" id="T00:59:57"><abbr title="2012-01-17T00:59:57+00:00">00:59:57</abbr></a>] <span>* masterant (~masterant@132.68.58.68) Quit (Read error: Operation timed out)</span></li>
