<li class="message">[<a href="#T00:00:50" id="T00:00:50"><abbr title="2012-09-12T00:00:50+00:00">00:00:50</abbr></a>] &lt;<cite>thurbad</cite>&gt; <q>hmm, I'm not current on all the latest kernel versions... but mainline is 3.6 currently</q></li>
<li class="message">[<a href="#T00:01:07" id="T00:01:07"><abbr title="2012-09-12T00:01:07+00:00">00:01:07</abbr></a>] &lt;<cite>thurbad</cite>&gt; <q>have you tried bitbake virtual/kernel yet?</q></li>
<li class="message">[<a href="#T00:01:12" id="T00:01:12"><abbr title="2012-09-12T00:01:12+00:00">00:01:12</abbr></a>] &lt;<cite>fester</cite>&gt; <q>yes</q></li>
<li class="message">[<a href="#T00:01:22" id="T00:01:22"><abbr title="2012-09-12T00:01:22+00:00">00:01:22</abbr></a>] &lt;<cite>fester</cite>&gt; <q>that's what i did first</q></li>
<li class="message">[<a href="#T00:01:34" id="T00:01:34"><abbr title="2012-09-12T00:01:34+00:00">00:01:34</abbr></a>] &lt;<cite>fester</cite>&gt; <q>and found it failed when pulling the kernel</q></li>
<li class="message">[<a href="#T00:01:54" id="T00:01:54"><abbr title="2012-09-12T00:01:54+00:00">00:01:54</abbr></a>] &lt;<cite>thurbad</cite>&gt; <q>was it exactly the same error message? version and all?</q></li>
<li class="message">[<a href="#T00:02:33" id="T00:02:33"><abbr title="2012-09-12T00:02:33+00:00">00:02:33</abbr></a>] &lt;<cite>fester</cite>&gt; <q>yes</q></li>
<li class="message">[<a href="#T00:03:13" id="T00:03:13"><abbr title="2012-09-12T00:03:13+00:00">00:03:13</abbr></a>] &lt;<cite>fester</cite>&gt; <q>linux-mainline-3.2.18-r121b</q></li>
<li class="quit">[<a href="#T00:03:41" id="T00:03:41"><abbr title="2012-09-12T00:03:41+00:00">00:03:41</abbr></a>] <span>* spacecolonyone (~spacecolo@c-107-5-194-31.hsd1.mi.comcast.net) Quit (Quit: spacecolonyone)</span></li>
<li class="join">[<a href="#T00:09:01" id="T00:09:01"><abbr title="2012-09-12T00:09:01+00:00">00:09:01</abbr></a>] <span>* jakeday (~jakeday@66-191-249-218.dhcp.kgpt.tn.charter.com) has joined #beagle</span></li>
<li class="join">[<a href="#T00:10:43" id="T00:10:43"><abbr title="2012-09-12T00:10:43+00:00">00:10:43</abbr></a>] <span>* spacecolonyone (~spacecolo@c-107-5-194-31.hsd1.mi.comcast.net) has joined #beagle</span></li>
<li class="quit">[<a href="#T00:10:54" id="T00:10:54"><abbr title="2012-09-12T00:10:54+00:00">00:10:54</abbr></a>] <span>* lbljeffmo (~anonymous@2620:0:1cfe:18:e1eb:a8f5:948a:51d9) Quit (Quit: lbljeffmo)</span></li>
<li class="quit">[<a href="#T00:10:55" id="T00:10:55"><abbr title="2012-09-12T00:10:55+00:00">00:10:55</abbr></a>] <span>* tema (~tema@178-16-155-142.obit.ru) Quit (Ping timeout: 252 seconds)</span></li>
<li class="quit">[<a href="#T00:33:37" id="T00:33:37"><abbr title="2012-09-12T00:33:37+00:00">00:33:37</abbr></a>] <span>* guanucoluis1 (~luis@190.123.120.234) Quit (Ping timeout: 260 seconds)</span></li>
<li class="quit">[<a href="#T00:36:46" id="T00:36:46"><abbr title="2012-09-12T00:36:46+00:00">00:36:46</abbr></a>] <span>* cwillu (~cwillu@cwillu.com) Quit (Remote host closed the connection)</span></li>
<li class="quit">[<a href="#T00:42:37" id="T00:42:37"><abbr title="2012-09-12T00:42:37+00:00">00:42:37</abbr></a>] <span>* koen (~koen@ip4da2a5ae.direct-adsl.nl) Quit (Ping timeout: 240 seconds)</span></li>
<li class="quit">[<a href="#T00:42:57" id="T00:42:57"><abbr title="2012-09-12T00:42:57+00:00">00:42:57</abbr></a>] <span>* kkeller (~Ken_Kelle@97-124-127-117.phnx.qwest.net) Quit (Quit: Leaving.)</span></li>
<li class="part">[<a href="#T00:43:17" id="T00:43:17"><abbr title="2012-09-12T00:43:17+00:00">00:43:17</abbr></a>] <span>* ka6sox-away (ka6sox@nasadmin/ka6sox) has left #beagle</span></li>
<li class="join">[<a href="#T00:43:42" id="T00:43:42"><abbr title="2012-09-12T00:43:42+00:00">00:43:42</abbr></a>] <span>* koen (~koen@ip4da2a5ae.direct-adsl.nl) has joined #beagle</span></li>
<li class="join">[<a href="#T00:43:52" id="T00:43:52"><abbr title="2012-09-12T00:43:52+00:00">00:43:52</abbr></a>] <span>* soafee-chan (~spaec@unaffiliated/traumapony) has joined #beagle</span></li>
<li class="quit">[<a href="#T00:44:12" id="T00:44:12"><abbr title="2012-09-12T00:44:12+00:00">00:44:12</abbr></a>] <span>* soafee-chan (~spaec@unaffiliated/traumapony) Quit (Excess Flood)</span></li>
<li class="join">[<a href="#T00:44:39" id="T00:44:39"><abbr title="2012-09-12T00:44:39+00:00">00:44:39</abbr></a>] <span>* soafee-chan (~spaec@unaffiliated/traumapony) has joined #beagle</span></li>
<li class="quit">[<a href="#T00:45:01" id="T00:45:01"><abbr title="2012-09-12T00:45:01+00:00">00:45:01</abbr></a>] <span>* soafee-chan (~spaec@unaffiliated/traumapony) Quit (Excess Flood)</span></li>
<li class="join">[<a href="#T00:45:26" id="T00:45:26"><abbr title="2012-09-12T00:45:26+00:00">00:45:26</abbr></a>] <span>* soafee-chan (~spaec@124-170-127-223.dyn.iinet.net.au) has joined #beagle</span></li>
<li class="quit">[<a href="#T00:45:27" id="T00:45:27"><abbr title="2012-09-12T00:45:27+00:00">00:45:27</abbr></a>] <span>* soafee-chan (~spaec@124-170-127-223.dyn.iinet.net.au) Quit (Changing host)</span></li>
<li class="join">[<abbr title="2012-09-12T00:45:27+00:00">00:45:27</abbr>] <span>* soafee-chan (~spaec@unaffiliated/traumapony) has joined #beagle</span></li>
<li class="quit">[<a href="#T00:45:47" id="T00:45:47"><abbr title="2012-09-12T00:45:47+00:00">00:45:47</abbr></a>] <span>* soafee-chan (~spaec@unaffiliated/traumapony) Quit (Excess Flood)</span></li>
<li class="join">[<a href="#T00:46:11" id="T00:46:11"><abbr title="2012-09-12T00:46:11+00:00">00:46:11</abbr></a>] <span>* soafee-chan (~spaec@unaffiliated/traumapony) has joined #beagle</span></li>
<li class="quit">[<a href="#T00:46:18" id="T00:46:18"><abbr title="2012-09-12T00:46:18+00:00">00:46:18</abbr></a>] <span>* spacekitteh (~spaec@unaffiliated/traumapony) Quit (Ping timeout: 272 seconds)</span></li>
<li class="quit">[<a href="#T00:46:32" id="T00:46:32"><abbr title="2012-09-12T00:46:32+00:00">00:46:32</abbr></a>] <span>* soafee-chan (~spaec@unaffiliated/traumapony) Quit (Excess Flood)</span></li>
<li class="join">[<a href="#T00:46:53" id="T00:46:53"><abbr title="2012-09-12T00:46:53+00:00">00:46:53</abbr></a>] <span>* spacekitteh (~spaec@unaffiliated/traumapony) has joined #beagle</span></li>
<li class="quit">[<a href="#T00:47:13" id="T00:47:13"><abbr title="2012-09-12T00:47:13+00:00">00:47:13</abbr></a>] <span>* spacekitteh (~spaec@unaffiliated/traumapony) Quit (Excess Flood)</span></li>
<li class="join">[<a href="#T00:47:38" id="T00:47:38"><abbr title="2012-09-12T00:47:38+00:00">00:47:38</abbr></a>] <span>* spacekitteh (~spaec@unaffiliated/traumapony) has joined #beagle</span></li>
<li class="quit">[<a href="#T00:47:59" id="T00:47:59"><abbr title="2012-09-12T00:47:59+00:00">00:47:59</abbr></a>] <span>* spacekitteh (~spaec@unaffiliated/traumapony) Quit (Excess Flood)</span></li>
<li class="quit">[<a href="#T00:48:03" id="T00:48:03"><abbr title="2012-09-12T00:48:03+00:00">00:48:03</abbr></a>] <span>* kiilo (~kiilo@84-73-25-222.dclient.hispeed.ch) Quit (Quit: ciao)</span></li>
<li class="join">[<a href="#T00:48:27" id="T00:48:27"><abbr title="2012-09-12T00:48:27+00:00">00:48:27</abbr></a>] <span>* spacekitteh (~spaec@unaffiliated/traumapony) has joined #beagle</span></li>
<li class="quit">[<a href="#T00:48:48" id="T00:48:48"><abbr title="2012-09-12T00:48:48+00:00">00:48:48</abbr></a>] <span>* spacekitteh (~spaec@unaffiliated/traumapony) Quit (Excess Flood)</span></li>
<li class="join">[<a href="#T00:49:11" id="T00:49:11"><abbr title="2012-09-12T00:49:11+00:00">00:49:11</abbr></a>] <span>* spacekitteh (~spaec@unaffiliated/traumapony) has joined #beagle</span></li>
<li class="quit">[<a href="#T00:49:32" id="T00:49:32"><abbr title="2012-09-12T00:49:32+00:00">00:49:32</abbr></a>] <span>* spacekitteh (~spaec@unaffiliated/traumapony) Quit (Excess Flood)</span></li>
<li class="join">[<a href="#T00:49:55" id="T00:49:55"><abbr title="2012-09-12T00:49:55+00:00">00:49:55</abbr></a>] <span>* spacekitteh (~spaec@unaffiliated/traumapony) has joined #beagle</span></li>
<li class="quit">[<a href="#T00:50:17" id="T00:50:17"><abbr title="2012-09-12T00:50:17+00:00">00:50:17</abbr></a>] <span>* spacekitteh (~spaec@unaffiliated/traumapony) Quit (Excess Flood)</span></li>
<li class="join">[<a href="#T00:50:42" id="T00:50:42"><abbr title="2012-09-12T00:50:42+00:00">00:50:42</abbr></a>] <span>* spacekitteh (~spaec@unaffiliated/traumapony) has joined #beagle</span></li>
<li class="join">[<a href="#T00:52:45" id="T00:52:45"><abbr title="2012-09-12T00:52:45+00:00">00:52:45</abbr></a>] <span>* djerome (~djerome@ip68-2-20-108.ph.ph.cox.net) has joined #beaglebone</span></li>
<li class="message">[<a href="#T00:53:15" id="T00:53:15"><abbr title="2012-09-12T00:53:15+00:00">00:53:15</abbr></a>] &lt;<cite>fester</cite>&gt; <q>i killed the conversation in here</q></li>
<li class="join">[<a href="#T00:54:52" id="T00:54:52"><abbr title="2012-09-12T00:54:52+00:00">00:54:52</abbr></a>] <span>* cwillu (~cwillu@cwillu.com) has joined #beagle</span></li>
<li class="quit">[<a href="#T00:56:28" id="T00:56:28"><abbr title="2012-09-12T00:56:28+00:00">00:56:28</abbr></a>] <span>* photex (~photex@216.3.125.130) Quit (Quit: Computer has gone to sleep.)</span></li>
<li class="join">[<a href="#T00:59:21" id="T00:59:21"><abbr title="2012-09-12T00:59:21+00:00">00:59:21</abbr></a>] <span>* tema (~tema@ppp89-110-21-119.pppoe.avangarddsl.ru) has joined #beagle</span></li>
<li class="quit">[<a href="#T01:07:45" id="T01:07:45"><abbr title="2012-09-12T01:07:45+00:00">01:07:45</abbr></a>] <span>* cwillu (~cwillu@cwillu.com) Quit (Remote host closed the connection)</span></li>
<li class="join">[<a href="#T01:10:51" id="T01:10:51"><abbr title="2012-09-12T01:10:51+00:00">01:10:51</abbr></a>] <span>* cwillu (~cwillu@cwillu.com) has joined #beagle</span></li>
<li class="quit">[<a href="#T01:24:12" id="T01:24:12"><abbr title="2012-09-12T01:24:12+00:00">01:24:12</abbr></a>] <span>* tholm (~tholm@190.172.200.206) Quit (Quit: Leaving.)</span></li>
<li class="join">[<a href="#T01:31:31" id="T01:31:31"><abbr title="2012-09-12T01:31:31+00:00">01:31:31</abbr></a>] <span>* orated_ (~orated@unaffiliated/sre-su) has joined #beagle</span></li>
<li class="quit">[<a href="#T01:31:39" id="T01:31:39"><abbr title="2012-09-12T01:31:39+00:00">01:31:39</abbr></a>] <span>* orated (~orated@unaffiliated/sre-su) Quit (Ping timeout: 246 seconds)</span></li>
<li class="join">[<a href="#T01:50:00" id="T01:50:00"><abbr title="2012-09-12T01:50:00+00:00">01:50:00</abbr></a>] <span>* orated (~orated@unaffiliated/sre-su) has joined #beagle</span></li>
<li class="quit">[<a href="#T01:50:12" id="T01:50:12"><abbr title="2012-09-12T01:50:12+00:00">01:50:12</abbr></a>] <span>* orated_ (~orated@unaffiliated/sre-su) Quit (Ping timeout: 248 seconds)</span></li>
<li class="quit">[<a href="#T01:56:40" id="T01:56:40"><abbr title="2012-09-12T01:56:40+00:00">01:56:40</abbr></a>] <span>* Desert (~quassel@192.100.196.161) Quit (Ping timeout: 246 seconds)</span></li>
<li class="quit">[<a href="#T01:58:50" id="T01:58:50"><abbr title="2012-09-12T01:58:50+00:00">01:58:50</abbr></a>] <span>* koen (~koen@ip4da2a5ae.direct-adsl.nl) Quit (Ping timeout: 252 seconds)</span></li>
<li class="join">[<a href="#T01:59:42" id="T01:59:42"><abbr title="2012-09-12T01:59:42+00:00">01:59:42</abbr></a>] <span>* koen (~koen@ip4da2a5ae.direct-adsl.nl) has joined #beagle</span></li>
<li class="quit">[<a href="#T02:01:39" id="T02:01:39"><abbr title="2012-09-12T02:01:39+00:00">02:01:39</abbr></a>] <span>* CMoH (~cipi@unaffiliated/c-moh) Quit (Quit: Konversation terminated!)</span></li>
<li class="quit">[<a href="#T02:02:17" id="T02:02:17"><abbr title="2012-09-12T02:02:17+00:00">02:02:17</abbr></a>] <span>* spacecolonyone (~spacecolo@c-107-5-194-31.hsd1.mi.comcast.net) Quit (Quit: spacecolonyone)</span></li>
<li class="quit">[<a href="#T02:02:23" id="T02:02:23"><abbr title="2012-09-12T02:02:23+00:00">02:02:23</abbr></a>] <span>* tema (~tema@ppp89-110-21-119.pppoe.avangarddsl.ru) Quit (Ping timeout: 252 seconds)</span></li>
<li class="join">[<a href="#T02:02:42" id="T02:02:42"><abbr title="2012-09-12T02:02:42+00:00">02:02:42</abbr></a>] <span>* spacecolonyone (~spacecolo@c-107-5-194-31.hsd1.mi.comcast.net) has joined #beagle</span></li>
<li class="join">[<a href="#T02:03:31" id="T02:03:31"><abbr title="2012-09-12T02:03:31+00:00">02:03:31</abbr></a>] <span>* orated_ (~orated@unaffiliated/sre-su) has joined #beagle</span></li>
<li class="quit">[<a href="#T02:03:36" id="T02:03:36"><abbr title="2012-09-12T02:03:36+00:00">02:03:36</abbr></a>] <span>* orated (~orated@unaffiliated/sre-su) Quit (Ping timeout: 252 seconds)</span></li>
<li class="join">[<a href="#T02:19:28" id="T02:19:28"><abbr title="2012-09-12T02:19:28+00:00">02:19:28</abbr></a>] <span>* prpplague (~prpplague@ppp-70-249-147-110.dsl.rcsntx.swbell.net) has joined #beagle</span></li>
<li class="join">[<a href="#T02:25:00" id="T02:25:00"><abbr title="2012-09-12T02:25:00+00:00">02:25:00</abbr></a>] <span>* orated (~orated@unaffiliated/sre-su) has joined #beagle</span></li>
<li class="quit">[<a href="#T02:25:24" id="T02:25:24"><abbr title="2012-09-12T02:25:24+00:00">02:25:24</abbr></a>] <span>* orated_ (~orated@unaffiliated/sre-su) Quit (Ping timeout: 248 seconds)</span></li>
<li class="join">[<a href="#T02:28:13" id="T02:28:13"><abbr title="2012-09-12T02:28:13+00:00">02:28:13</abbr></a>] <span>* Ceriand|desktop (~Ceriand@unaffiliated/ceriand) has joined #beagle</span></li>
<li class="quit">[<a href="#T02:33:00" id="T02:33:00"><abbr title="2012-09-12T02:33:00+00:00">02:33:00</abbr></a>] <span>* mnt_real (~mnt_real@bas1-montreal43-1096563827.dsl.bell.ca) Quit (Ping timeout: 276 seconds)</span></li>
<li class="join">[<a href="#T02:35:10" id="T02:35:10"><abbr title="2012-09-12T02:35:10+00:00">02:35:10</abbr></a>] <span>* mnt_real (~mnt_real@bas1-montreal43-2925258703.dsl.bell.ca) has joined #beagle</span></li>
<li class="join">[<a href="#T02:38:22" id="T02:38:22"><abbr title="2012-09-12T02:38:22+00:00">02:38:22</abbr></a>] <span>* Desert (~quassel@189.128.29.199) has joined #beagle</span></li>
<li class="join">[<a href="#T02:38:26" id="T02:38:26"><abbr title="2012-09-12T02:38:26+00:00">02:38:26</abbr></a>] <span>* vanity (~quassel@203.247.149.126) has joined #beagle</span></li>
<li class="quit">[<a href="#T02:40:39" id="T02:40:39"><abbr title="2012-09-12T02:40:39+00:00">02:40:39</abbr></a>] <span>* orated (~orated@unaffiliated/sre-su) Quit (Ping timeout: 260 seconds)</span></li>
<li class="join">[<a href="#T02:41:34" id="T02:41:34"><abbr title="2012-09-12T02:41:34+00:00">02:41:34</abbr></a>] <span>* orated (~orated@unaffiliated/sre-su) has joined #beagle</span></li>
<li class="quit">[<a href="#T02:43:22" id="T02:43:22"><abbr title="2012-09-12T02:43:22+00:00">02:43:22</abbr></a>] <span>* GPSFan (~kenm@64.92.145.112) Quit (Remote host closed the connection)</span></li>
<li class="quit">[<a href="#T02:45:21" id="T02:45:21"><abbr title="2012-09-12T02:45:21+00:00">02:45:21</abbr></a>] <span>* Hoolxi (~Openfree@116.228.88.131) Quit (Ping timeout: 276 seconds)</span></li>
<li class="quit">[<a href="#T02:52:37" id="T02:52:37"><abbr title="2012-09-12T02:52:37+00:00">02:52:37</abbr></a>] <span>* mIKEjONES (~mIKEjONES@c-98-210-194-55.hsd1.ca.comcast.net) Quit (Ping timeout: 240 seconds)</span></li>
<li class="join">[<a href="#T03:05:39" id="T03:05:39"><abbr title="2012-09-12T03:05:39+00:00">03:05:39</abbr></a>] <span>* shujun (~shujun@218.17.160.209) has joined #beagle</span></li>
<li class="join">[<a href="#T03:13:29" id="T03:13:29"><abbr title="2012-09-12T03:13:29+00:00">03:13:29</abbr></a>] <span>* kaio_ (~kaio@fedora/kaio) has joined #beagle</span></li>
<li class="join">[<a href="#T03:17:17" id="T03:17:17"><abbr title="2012-09-12T03:17:17+00:00">03:17:17</abbr></a>] <span>* mrcan__ (~mrcan@78.173.75.48) has joined #beaglebone</span></li>
<li class="join">[<a href="#T03:17:18" id="T03:17:18"><abbr title="2012-09-12T03:17:18+00:00">03:17:18</abbr></a>] <span>* mrcan__ (~mrcan@78.173.75.48) has joined #beagleboard</span></li>
<li class="join">[<abbr title="2012-09-12T03:17:18+00:00">03:17:18</abbr>] <span>* mrcan__ (~mrcan@78.173.75.48) has joined #beagle</span></li>
<li class="quit">[<abbr title="2012-09-12T03:17:18+00:00">03:17:18</abbr>] <span>* mrcan__ (~mrcan@78.173.75.48) Quit (Changing host)</span></li>
<li class="join">[<abbr title="2012-09-12T03:17:18+00:00">03:17:18</abbr>] <span>* mrcan__ (~mrcan@unaffiliated/mrcan) has joined #beagle</span></li>
<li class="join">[<abbr title="2012-09-12T03:17:18+00:00">03:17:18</abbr>] <span>* mrcan__ (~mrcan@unaffiliated/mrcan) has joined #beagleboard</span></li>
<li class="join">[<abbr title="2012-09-12T03:17:18+00:00">03:17:18</abbr>] <span>* mrcan__ (~mrcan@unaffiliated/mrcan) has joined #beaglebone</span></li>
<li class="quit">[<a href="#T03:17:52" id="T03:17:52"><abbr title="2012-09-12T03:17:52+00:00">03:17:52</abbr></a>] <span>* kaio_ (~kaio@fedora/kaio) Quit (Ping timeout: 246 seconds)</span></li>
<li class="quit">[<a href="#T03:20:40" id="T03:20:40"><abbr title="2012-09-12T03:20:40+00:00">03:20:40</abbr></a>] <span>* mrcan_ (~mrcan@unaffiliated/mrcan) Quit (Ping timeout: 246 seconds)</span></li>
<li class="join">[<a href="#T03:30:51" id="T03:30:51"><abbr title="2012-09-12T03:30:51+00:00">03:30:51</abbr></a>] <span>* kaio_ (~kaio@fedora/kaio) has joined #beagle</span></li>
<li class="join">[<a href="#T03:38:48" id="T03:38:48"><abbr title="2012-09-12T03:38:48+00:00">03:38:48</abbr></a>] <span>* Hoolxi (~Openfree@116.228.88.131) has joined #beagle</span></li>
<li class="quit">[<a href="#T03:46:49" id="T03:46:49"><abbr title="2012-09-12T03:46:49+00:00">03:46:49</abbr></a>] <span>* thurbad (~natesewel@cpe-70-124-80-154.austin.res.rr.com) Quit (Ping timeout: 260 seconds)</span></li>
<li class="quit">[<a href="#T03:47:57" id="T03:47:57"><abbr title="2012-09-12T03:47:57+00:00">03:47:57</abbr></a>] <span>* prpplague (~prpplague@ppp-70-249-147-110.dsl.rcsntx.swbell.net) Quit (Quit: Later Folks!)</span></li>
<li class="join">[<a href="#T03:48:44" id="T03:48:44"><abbr title="2012-09-12T03:48:44+00:00">03:48:44</abbr></a>] <span>* thurbad (~natesewel@cpe-70-124-80-154.austin.res.rr.com) has joined #beagle</span></li>
<li class="quit">[<a href="#T03:56:12" id="T03:56:12"><abbr title="2012-09-12T03:56:12+00:00">03:56:12</abbr></a>] <span>* RITRedbeard (~redbeard@c-68-37-165-37.hsd1.nj.comcast.net) Quit (Ping timeout: 276 seconds)</span></li>
<li class="quit">[<a href="#T03:58:41" id="T03:58:41"><abbr title="2012-09-12T03:58:41+00:00">03:58:41</abbr></a>] <span>* spacecolonyone (~spacecolo@c-107-5-194-31.hsd1.mi.comcast.net) Quit (Quit: spacecolonyone)</span></li>
<li class="join">[<a href="#T04:00:27" id="T04:00:27"><abbr title="2012-09-12T04:00:27+00:00">04:00:27</abbr></a>] <span>* KeatonT (~textual@unaffiliated/keatont) has joined #beagle</span></li>
<li class="quit">[<a href="#T04:03:31" id="T04:03:31"><abbr title="2012-09-12T04:03:31+00:00">04:03:31</abbr></a>] <span>* alan_o (~alan@c-68-62-240-236.hsd1.fl.comcast.net) Quit (Quit: Leaving)</span></li>
<li class="join">[<a href="#T04:26:31" id="T04:26:31"><abbr title="2012-09-12T04:26:31+00:00">04:26:31</abbr></a>] <span>* photex (~photex@cpe-75-84-98-52.socal.res.rr.com) has joined #beagle</span></li>
<li class="quit">[<a href="#T04:27:48" id="T04:27:48"><abbr title="2012-09-12T04:27:48+00:00">04:27:48</abbr></a>] <span>* shujun (~shujun@218.17.160.209) Quit (Quit: Leaving.)</span></li>
<li class="quit">[<a href="#T04:30:52" id="T04:30:52"><abbr title="2012-09-12T04:30:52+00:00">04:30:52</abbr></a>] <span>* orated (~orated@unaffiliated/sre-su) Quit ()</span></li>
<li class="quit">[<a href="#T04:34:18" id="T04:34:18"><abbr title="2012-09-12T04:34:18+00:00">04:34:18</abbr></a>] <span>* bobsickle (bob@motsugo.ucc.gu.uwa.edu.au) Quit (Quit: leaving)</span></li>
<li class="join">[<a href="#T04:34:33" id="T04:34:33"><abbr title="2012-09-12T04:34:33+00:00">04:34:33</abbr></a>] <span>* bobsickle (bob@motsugo.ucc.gu.uwa.edu.au) has joined #beagle</span></li>
<li class="quit">[<a href="#T04:41:41" id="T04:41:41"><abbr title="2012-09-12T04:41:41+00:00">04:41:41</abbr></a>] <span>* emeb (~ericb@ip72-201-79-123.ph.ph.cox.net) Quit (Quit: Leaving.)</span></li>
<li class="join">[<a href="#T04:44:13" id="T04:44:13"><abbr title="2012-09-12T04:44:13+00:00">04:44:13</abbr></a>] <span>* emeb (~ericb@ip72-201-79-123.ph.ph.cox.net) has joined #beagle</span></li>
<li class="quit">[<a href="#T04:49:49" id="T04:49:49"><abbr title="2012-09-12T04:49:49+00:00">04:49:49</abbr></a>] <span>* divine (~divine@2001:470:8247:1::42) Quit (Ping timeout: 260 seconds)</span></li>
<li class="quit">[<a href="#T04:57:06" id="T04:57:06"><abbr title="2012-09-12T04:57:06+00:00">04:57:06</abbr></a>] <span>* john3909 (~jsynesio@ip70-181-136-224.sd.sd.cox.net) Quit (Quit: Leaving.)</span></li>
<li class="join">[<a href="#T04:58:14" id="T04:58:14"><abbr title="2012-09-12T04:58:14+00:00">04:58:14</abbr></a>] <span>* divine (~divine@2001:470:8247:1::42) has joined #beaglebone</span></li>
<li class="join">[<a href="#T04:59:26" id="T04:59:26"><abbr title="2012-09-12T04:59:26+00:00">04:59:26</abbr></a>] <span>* fraz_ (~fraz@12.233.153.4) has joined #beagle</span></li>
<li class="quit">[<a href="#T05:09:50" id="T05:09:50"><abbr title="2012-09-12T05:09:50+00:00">05:09:50</abbr></a>] <span>* tomeff (~effik@ip-78-45-51-124.net.upcbroadband.cz) Quit (Quit: tomeff)</span></li>
<li class="quit">[<a href="#T05:12:12" id="T05:12:12"><abbr title="2012-09-12T05:12:12+00:00">05:12:12</abbr></a>] <span>* djerome (~djerome@ip68-2-20-108.ph.ph.cox.net) Quit (Remote host closed the connection)</span></li>
<li class="join">[<a href="#T05:14:56" id="T05:14:56"><abbr title="2012-09-12T05:14:56+00:00">05:14:56</abbr></a>] <span>* krajo1 (~krajo1@ip4-83-240-125-22.cust.nbox.cz) has joined #beagle</span></li>
<li class="quit">[<a href="#T05:19:03" id="T05:19:03"><abbr title="2012-09-12T05:19:03+00:00">05:19:03</abbr></a>] <span>* vanity (~quassel@203.247.149.126) Quit (Remote host closed the connection)</span></li>
<li class="message">[<a href="#T05:29:09" id="T05:29:09"><abbr title="2012-09-12T05:29:09+00:00">05:29:09</abbr></a>] &lt;<cite>kaio_</cite>&gt; <q>have anyone got DVI output working with FEdora 17?</q></li>
<li class="message">[<a href="#T05:29:18" id="T05:29:18"><abbr title="2012-09-12T05:29:18+00:00">05:29:18</abbr></a>] &lt;<cite>kaio_</cite>&gt; <q>do I need another kernel or hacks from the F17 image hosted on FP wiki?</q></li>
<li class="quit">[<a href="#T05:30:01" id="T05:30:01"><abbr title="2012-09-12T05:30:01+00:00">05:30:01</abbr></a>] <span>* KeatonT (~textual@unaffiliated/keatont) Quit (Quit: Textual IRC Client: <a href="http://www.textualapp.com/)">http://www.textualapp.com/)</a></span></li>
<li class="quit">[<a href="#T05:39:05" id="T05:39:05"><abbr title="2012-09-12T05:39:05+00:00">05:39:05</abbr></a>] <span>* KimK (~Kim__@209.248.147.2.nw.nuvox.net) Quit (Quit: Leaving)</span></li>
<li class="message">[<abbr title="2012-09-12T05:39:05+00:00">05:39:05</abbr>] &lt;<cite>dm8tbr</cite>&gt; <q>ask fedora arm people?</q></li>
<li class="action">[<a href="#T05:39:50" id="T05:39:50"><abbr title="2012-09-12T05:39:50+00:00">05:39:50</abbr></a>] <span>* ds2 pictures a bunch of arms with a hat on there</span></li>
<li class="quit">[<a href="#T05:42:13" id="T05:42:13"><abbr title="2012-09-12T05:42:13+00:00">05:42:13</abbr></a>] <span>* emeb (~ericb@ip72-201-79-123.ph.ph.cox.net) Quit (Quit: Leaving.)</span></li>
<li class="message">[<a href="#T05:42:44" id="T05:42:44"><abbr title="2012-09-12T05:42:44+00:00">05:42:44</abbr></a>] &lt;<cite>dm8tbr</cite>&gt; <q>disturbing, mental, images.</q></li>
<li class="message">[<a href="#T05:43:29" id="T05:43:29"><abbr title="2012-09-12T05:43:29+00:00">05:43:29</abbr></a>] &lt;<cite>ds2</cite>&gt; <q>halloween is less then 2 months away!</q></li>
<li class="message">[<a href="#T05:43:36" id="T05:43:36"><abbr title="2012-09-12T05:43:36+00:00">05:43:36</abbr></a>] &lt;<cite>ds2</cite>&gt; <q>retails are putting stuff out on the shelves...</q></li>
<li class="join">[<a href="#T05:43:56" id="T05:43:56"><abbr title="2012-09-12T05:43:56+00:00">05:43:56</abbr></a>] <span>* tasslehoff (~tasslehof@84.49.231.147) has joined #beagle</span></li>
<li class="join">[<a href="#T05:47:19" id="T05:47:19"><abbr title="2012-09-12T05:47:19+00:00">05:47:19</abbr></a>] <span>* KimK (~Kim__@2001:470:1f0f:1042:4261:86ff:fe43:bcad) has joined #beagle</span></li>
<li class="join">[<a href="#T05:49:29" id="T05:49:29"><abbr title="2012-09-12T05:49:29+00:00">05:49:29</abbr></a>] <span>* emeb_mac (~ericb@ip72-201-79-123.ph.ph.cox.net) has joined #beagle</span></li>
<li class="quit">[<a href="#T05:52:31" id="T05:52:31"><abbr title="2012-09-12T05:52:31+00:00">05:52:31</abbr></a>] <span>* krajo1 (~krajo1@ip4-83-240-125-22.cust.nbox.cz) Quit (Quit: Konversation terminated!)</span></li>
<li class="quit">[<a href="#T05:53:10" id="T05:53:10"><abbr title="2012-09-12T05:53:10+00:00">05:53:10</abbr></a>] <span>* Wally (~Carnival@its-wv-bcprox4.its.rmit.edu.au) Quit (Quit: Linkinus - <a href="http://linkinus.com)">http://linkinus.com)</a></span></li>
<li class="quit">[<a href="#T05:55:38" id="T05:55:38"><abbr title="2012-09-12T05:55:38+00:00">05:55:38</abbr></a>] <span>* photex (~photex@cpe-75-84-98-52.socal.res.rr.com) Quit (Quit: Computer has gone to sleep.)</span></li>
<li class="quit">[<a href="#T06:00:44" id="T06:00:44"><abbr title="2012-09-12T06:00:44+00:00">06:00:44</abbr></a>] <span>* hattwick (~hattwick@68-184-17-253.dhcp.unas.ma.charter.com) Quit (Ping timeout: 268 seconds)</span></li>
<li class="join">[<a href="#T06:09:16" id="T06:09:16"><abbr title="2012-09-12T06:09:16+00:00">06:09:16</abbr></a>] <span>* lyakh (~lyakh@dslb-178-006-247-105.pools.arcor-ip.net) has joined #beagle</span></li>
<li class="join">[<a href="#T06:25:25" id="T06:25:25"><abbr title="2012-09-12T06:25:25+00:00">06:25:25</abbr></a>] <span>* NulL` (~bleh1@87.254.70.74) has joined #beagle</span></li>
<li class="join">[<a href="#T06:37:13" id="T06:37:13"><abbr title="2012-09-12T06:37:13+00:00">06:37:13</abbr></a>] <span>* damir__ (~damir@217-72-91-162.ipv4.tusmobil.si) has joined #beagle</span></li>
<li class="quit">[<a href="#T06:50:30" id="T06:50:30"><abbr title="2012-09-12T06:50:30+00:00">06:50:30</abbr></a>] <span>* damir__ (~damir@217-72-91-162.ipv4.tusmobil.si) Quit (Ping timeout: 264 seconds)</span></li>
<li class="join">[<a href="#T06:59:48" id="T06:59:48"><abbr title="2012-09-12T06:59:48+00:00">06:59:48</abbr></a>] <span>* kiilo (~kiilo@84-73-25-222.dclient.hispeed.ch) has joined #beagle</span></li>
<li class="join">[<a href="#T07:03:41" id="T07:03:41"><abbr title="2012-09-12T07:03:41+00:00">07:03:41</abbr></a>] <span>* hitlin37 (~chatzilla@145.107.10.201.mar.surfnet.utelisys.net) has joined #beagle</span></li>
<li class="join">[<a href="#T07:07:18" id="T07:07:18"><abbr title="2012-09-12T07:07:18+00:00">07:07:18</abbr></a>] <span>* damir__ (~damir@217-72-91-162.ipv4.tusmobil.si) has joined #beagle</span></li>
<li class="message">[<a href="#T07:07:39" id="T07:07:39"><abbr title="2012-09-12T07:07:39+00:00">07:07:39</abbr></a>] &lt;<cite>tasslehoff</cite>&gt; <q>When I upgrade my boards to a new rootfs containing tune2fs, 'tune2fs -l' shows a mount count of 1, even though I didn't reformat my card. Does that make sense?</q></li>
<li class="join">[<a href="#T07:10:44" id="T07:10:44"><abbr title="2012-09-12T07:10:44+00:00">07:10:44</abbr></a>] <span>* johndpalm (46a74b73@gateway/web/freenode/ip.70.167.75.115) has joined #beagle</span></li>
<li class="quit">[<a href="#T07:18:08" id="T07:18:08"><abbr title="2012-09-12T07:18:08+00:00">07:18:08</abbr></a>] <span>* ndec (~ndec@nat/ti/x-gbqxigtzkynsscai) Quit (Quit: No Ping reply in 180 seconds.)</span></li>
<li class="quit">[<a href="#T07:18:29" id="T07:18:29"><abbr title="2012-09-12T07:18:29+00:00">07:18:29</abbr></a>] <span>* Desert (~quassel@189.128.29.199) Quit (Quit: No Ping reply in 180 seconds.)</span></li>
<li class="join">[<a href="#T07:18:33" id="T07:18:33"><abbr title="2012-09-12T07:18:33+00:00">07:18:33</abbr></a>] <span>* ndec (~ndec@nat/ti/x-whuosploemldcorr) has joined #beagle</span></li>
<li class="quit">[<a href="#T07:18:35" id="T07:18:35"><abbr title="2012-09-12T07:18:35+00:00">07:18:35</abbr></a>] <span>* emeb_mac (~ericb@ip72-201-79-123.ph.ph.cox.net) Quit (Quit: emeb_mac)</span></li>
<li class="join">[<a href="#T07:18:41" id="T07:18:41"><abbr title="2012-09-12T07:18:41+00:00">07:18:41</abbr></a>] <span>* Desert (~quassel@189.128.29.199) has joined #beagle</span></li>
<li class="join">[<a href="#T07:21:36" id="T07:21:36"><abbr title="2012-09-12T07:21:36+00:00">07:21:36</abbr></a>] <span>* jpsaman (~jpsaman@videolan/developer/jpsaman) has joined #beagle</span></li>
<li class="quit">[<a href="#T07:21:46" id="T07:21:46"><abbr title="2012-09-12T07:21:46+00:00">07:21:46</abbr></a>] <span>* koen (~koen@ip4da2a5ae.direct-adsl.nl) Quit (Ping timeout: 240 seconds)</span></li>
<li class="quit">[<a href="#T07:22:18" id="T07:22:18"><abbr title="2012-09-12T07:22:18+00:00">07:22:18</abbr></a>] <span>* NulL` (~bleh1@87.254.70.74) Quit (Ping timeout: 244 seconds)</span></li>
<li class="join">[<a href="#T07:22:46" id="T07:22:46"><abbr title="2012-09-12T07:22:46+00:00">07:22:46</abbr></a>] <span>* koen (~koen@ip4da2a5ae.direct-adsl.nl) has joined #beagle</span></li>
<li class="quit">[<a href="#T07:29:06" id="T07:29:06"><abbr title="2012-09-12T07:29:06+00:00">07:29:06</abbr></a>] <span>* kiilo (~kiilo@84-73-25-222.dclient.hispeed.ch) Quit (Quit: ciao)</span></li>
<li class="join">[<a href="#T07:29:57" id="T07:29:57"><abbr title="2012-09-12T07:29:57+00:00">07:29:57</abbr></a>] <span>* kiilo (~kiilo@84-73-25-222.dclient.hispeed.ch) has joined #beagle</span></li>
<li class="join">[<a href="#T07:34:21" id="T07:34:21"><abbr title="2012-09-12T07:34:21+00:00">07:34:21</abbr></a>] <span>* ant_work (~ant@host6-80-static.42-85-b.business.telecomitalia.it) has joined #beagle</span></li>
<li class="quit">[<a href="#T07:38:24" id="T07:38:24"><abbr title="2012-09-12T07:38:24+00:00">07:38:24</abbr></a>] <span>* Hoolxi (~Openfree@116.228.88.131) Quit (Ping timeout: 246 seconds)</span></li>
<li class="quit">[<a href="#T07:39:36" id="T07:39:36"><abbr title="2012-09-12T07:39:36+00:00">07:39:36</abbr></a>] <span>* Ceriand|desktop (~Ceriand@unaffiliated/ceriand) Quit (Quit: Leaving.)</span></li>
<li class="join">[<a href="#T07:41:49" id="T07:41:49"><abbr title="2012-09-12T07:41:49+00:00">07:41:49</abbr></a>] <span>* florian_kc (~fuchs@port-217-146-132-69.static.qsc.de) has joined #beagle</span></li>
<li class="quit">[<abbr title="2012-09-12T07:41:49+00:00">07:41:49</abbr>] <span>* florian_kc (~fuchs@port-217-146-132-69.static.qsc.de) Quit (Changing host)</span></li>
<li class="join">[<abbr title="2012-09-12T07:41:49+00:00">07:41:49</abbr>] <span>* florian_kc (~fuchs@Maemo/community/contributor/florian) has joined #beagle</span></li>
<li class="join">[<a href="#T07:42:59" id="T07:42:59"><abbr title="2012-09-12T07:42:59+00:00">07:42:59</abbr></a>] <span>* Hoolxi (~Openfree@116.228.88.131) has joined #beagle</span></li>
<li class="join">[<a href="#T07:44:42" id="T07:44:42"><abbr title="2012-09-12T07:44:42+00:00">07:44:42</abbr></a>] <span>* stuk_gen (~quassel@151.65.1.236) has joined #beagle</span></li>
<li class="nick-change">[<a href="#T07:44:48" id="T07:44:48"><abbr title="2012-09-12T07:44:48+00:00">07:44:48</abbr></a>] <span>* florian_kc is now known as florian</span></li>
<li class="join">[<a href="#T07:59:10" id="T07:59:10"><abbr title="2012-09-12T07:59:10+00:00">07:59:10</abbr></a>] <span>* phantoxe (~destroy@a95-92-89-24.cpe.netcabo.pt) has joined #beagle</span></li>
<li class="join">[<a href="#T08:09:42" id="T08:09:42"><abbr title="2012-09-12T08:09:42+00:00">08:09:42</abbr></a>] <span>* jep (9b45cb01@gateway/web/freenode/ip.155.69.203.1) has joined #beagle</span></li>
<li class="message">[<a href="#T08:11:25" id="T08:11:25"><abbr title="2012-09-12T08:11:25+00:00">08:11:25</abbr></a>] &lt;<cite>jep</cite>&gt; <q>anyone have experience unsuccessful boot up of the beagleboard with a serial device is connected but with no serial is connected it just boot perfectly fine?</q></li>
<li class="join">[<a href="#T08:25:51" id="T08:25:51"><abbr title="2012-09-12T08:25:51+00:00">08:25:51</abbr></a>] <span>* bizulk (~sli@195.6.193.205) has joined #beagleboard</span></li>
<li class="join">[<abbr title="2012-09-12T08:25:51+00:00">08:25:51</abbr>] <span>* bizulk (~sli@195.6.193.205) has joined #beagle</span></li>
<li class="quit">[<a href="#T08:26:11" id="T08:26:11"><abbr title="2012-09-12T08:26:11+00:00">08:26:11</abbr></a>] <span>* bizulk (~sli@195.6.193.205) Quit (Client Quit)</span></li>
<li class="quit">[<a href="#T08:26:16" id="T08:26:16"><abbr title="2012-09-12T08:26:16+00:00">08:26:16</abbr></a>] <span>* hitlin37 (~chatzilla@145.107.10.201.mar.surfnet.utelisys.net) Quit (Ping timeout: 255 seconds)</span></li>
<li class="join">[<a href="#T08:27:00" id="T08:27:00"><abbr title="2012-09-12T08:27:00+00:00">08:27:00</abbr></a>] <span>* bizulk (~sli@195.6.193.205) has joined #beagleboard</span></li>
<li class="join">[<abbr title="2012-09-12T08:27:00+00:00">08:27:00</abbr>] <span>* bizulk (~sli@195.6.193.205) has joined #beagle</span></li>
<li class="quit">[<a href="#T08:27:24" id="T08:27:24"><abbr title="2012-09-12T08:27:24+00:00">08:27:24</abbr></a>] <span>* bizulk (~sli@195.6.193.205) Quit (Client Quit)</span></li>
<li class="join">[<a href="#T08:27:34" id="T08:27:34"><abbr title="2012-09-12T08:27:34+00:00">08:27:34</abbr></a>] <span>* _roger_ (~a0740758@nat/ti/x-vqvuyofixentfqlt) has joined #beagle</span></li>
<li class="join">[<a href="#T08:27:39" id="T08:27:39"><abbr title="2012-09-12T08:27:39+00:00">08:27:39</abbr></a>] <span>* bizulk (~sli@195.6.193.205) has joined #beagleboard</span></li>
<li class="join">[<abbr title="2012-09-12T08:27:39+00:00">08:27:39</abbr>] <span>* bizulk (~sli@195.6.193.205) has joined #beagle</span></li>
<li class="message">[<a href="#T08:29:56" id="T08:29:56"><abbr title="2012-09-12T08:29:56+00:00">08:29:56</abbr></a>] &lt;<cite>bizulk</cite>&gt; <q>Hi ! I would like to build to-openmax package binaires for dsp tests. But the package is designed for poky linux and infortunately the git repo for poky never respond : <a href="http://svn.o-hand.com/repos/poky/trunk">http://svn.o-hand.com/repos/poky/trunk</a> (from <a href="http://elinux.org/BeagleBoard/Poky)">http://elinux.org/BeagleBoard/Poky)</a></q></li>
<li class="message">[<a href="#T08:32:24" id="T08:32:24"><abbr title="2012-09-12T08:32:24+00:00">08:32:24</abbr></a>] &lt;<cite>av500</cite>&gt; <q>you really want that?</q></li>
<li class="message">[<a href="#T08:35:09" id="T08:35:09"><abbr title="2012-09-12T08:35:09+00:00">08:35:09</abbr></a>] &lt;<cite>koen</cite>&gt; <q>people following poky instructions fell for PHB nonsense</q></li>
<li class="message">[<a href="#T08:35:14" id="T08:35:14"><abbr title="2012-09-12T08:35:14+00:00">08:35:14</abbr></a>] &lt;<cite>koen</cite>&gt; <q>so yeah, he wants openmax</q></li>
<li class="message">[<a href="#T08:35:29" id="T08:35:29"><abbr title="2012-09-12T08:35:29+00:00">08:35:29</abbr></a>] &lt;<cite>koen</cite>&gt; <q>'cause it's the industry standard and all</q></li>
<li class="message">[<a href="#T08:36:35" id="T08:36:35"><abbr title="2012-09-12T08:36:35+00:00">08:36:35</abbr></a>] &lt;<cite>koen</cite>&gt; <q>aren't I helpful today</q></li>
<li class="action">[<a href="#T08:37:00" id="T08:37:00"><abbr title="2012-09-12T08:37:00+00:00">08:37:00</abbr></a>] <span>* dm8tbr awards koen an internet for helpfulity</span></li>
<li class="message">[<a href="#T08:37:11" id="T08:37:11"><abbr title="2012-09-12T08:37:11+00:00">08:37:11</abbr></a>] &lt;<cite>av500</cite>&gt; <q>dm8tbr: give hime a badge</q></li>
<li class="message">[<a href="#T08:37:14" id="T08:37:14"><abbr title="2012-09-12T08:37:14+00:00">08:37:14</abbr></a>] &lt;<cite>av500</cite>&gt; <q>-e</q></li>
<li class="message">[<a href="#T08:37:30" id="T08:37:30"><abbr title="2012-09-12T08:37:30+00:00">08:37:30</abbr></a>] &lt;<cite>av500</cite>&gt; <q>and add him to your web ring</q></li>
<li class="join">[<a href="#T08:38:21" id="T08:38:21"><abbr title="2012-09-12T08:38:21+00:00">08:38:21</abbr></a>] <span>* mIKEjONES (~mIKEjONES@68.68.47.36) has joined #beagle</span></li>
<li class="join">[<a href="#T08:42:49" id="T08:42:49"><abbr title="2012-09-12T08:42:49+00:00">08:42:49</abbr></a>] <span>* hattwick (~hattwick@68-184-17-253.dhcp.unas.ma.charter.com) has joined #beagle</span></li>
<li class="message">[<a href="#T08:44:01" id="T08:44:01"><abbr title="2012-09-12T08:44:01+00:00">08:44:01</abbr></a>] &lt;<cite>bizulk</cite>&gt; <q>I don't really want openmax, I follow any step that leads to a working dsp</q></li>
<li class="message">[<a href="#T08:44:43" id="T08:44:43"><abbr title="2012-09-12T08:44:43+00:00">08:44:43</abbr></a>] &lt;<cite>av500</cite>&gt; <q>define "working"</q></li>
<li class="message">[<a href="#T08:44:57" id="T08:44:57"><abbr title="2012-09-12T08:44:57+00:00">08:44:57</abbr></a>] &lt;<cite>koen</cite>&gt; <q>for dsp all roads lead to angstrom on beagleboard</q></li>
<li class="quit">[<a href="#T08:45:57" id="T08:45:57"><abbr title="2012-09-12T08:45:57+00:00">08:45:57</abbr></a>] <span>* nullpuppy (~dustin@freematrix/staff/nullpuppy) Quit (Ping timeout: 260 seconds)</span></li>
<li class="join">[<a href="#T08:47:34" id="T08:47:34"><abbr title="2012-09-12T08:47:34+00:00">08:47:34</abbr></a>] <span>* nullpuppy (~dustin@freematrix/staff/nullpuppy) has joined #beagle</span></li>
<li class="message">[<a href="#T08:48:52" id="T08:48:52"><abbr title="2012-09-12T08:48:52+00:00">08:48:52</abbr></a>] &lt;<cite>bizulk</cite>&gt; <q>A loaded driver tidspbridge (compiled from source by my own), with working base image for dsp , working codecs (these I imagine are not distributed with source), and some sources that can test them and  I can compile (audio/video player that decodes, encode, etc...)</q></li>
<li class="message">[<a href="#T08:50:00" id="T08:50:00"><abbr title="2012-09-12T08:50:00+00:00">08:50:00</abbr></a>] &lt;<cite>bizulk</cite>&gt; <q>angstrom on beagleboard = Narcissus online build tool ?</q></li>
<li class="message">[<a href="#T08:50:08" id="T08:50:08"><abbr title="2012-09-12T08:50:08+00:00">08:50:08</abbr></a>] &lt;<cite>av500</cite>&gt; <q>that too</q></li>
<li class="message">[<a href="#T08:50:21" id="T08:50:21"><abbr title="2012-09-12T08:50:21+00:00">08:50:21</abbr></a>] &lt;<cite>av500</cite>&gt; <q>tidspbridge is kinda unsupported</q></li>
<li class="message">[<a href="#T08:50:30" id="T08:50:30"><abbr title="2012-09-12T08:50:30+00:00">08:50:30</abbr></a>] &lt;<cite>av500</cite>&gt; <q>or call it orphaned</q></li>
<li class="message">[<a href="#T08:52:47" id="T08:52:47"><abbr title="2012-09-12T08:52:47+00:00">08:52:47</abbr></a>] &lt;<cite>bizulk</cite>&gt; <q>From eLinux I got a 3.6.0 kernel with a staging driver that produce a tidsbridge.ko. Do you recommend to not use it ?</q></li>
<li class="message">[<a href="#T08:53:11" id="T08:53:11"><abbr title="2012-09-12T08:53:11+00:00">08:53:11</abbr></a>] &lt;<cite>av500</cite>&gt; <q>I recommend you use DSPLINK</q></li>
<li class="message">[<a href="#T08:53:44" id="T08:53:44"><abbr title="2012-09-12T08:53:44+00:00">08:53:44</abbr></a>] &lt;<cite>av500</cite>&gt; <q>its another rats nest, but at least one that you could get support for</q></li>
<li class="message">[<a href="#T08:59:29" id="T08:59:29"><abbr title="2012-09-12T08:59:29+00:00">08:59:29</abbr></a>] &lt;<cite>koen</cite>&gt; <q>3.6.0 hasn't been released yet, btw</q></li>
