<li class="quit">[<a href="#T00:00:13" id="T00:00:13"><abbr title="2012-04-19T00:00:13+00:00">00:00:13</abbr></a>] <span>* nullpuppy (~nullpuppy@freematrix/staff/nullpuppy) Quit (Ping timeout: 246 seconds)</span></li>
<li class="message">[<a href="#T00:04:23" id="T00:04:23"><abbr title="2012-04-19T00:04:23+00:00">00:04:23</abbr></a>] &lt;<cite>nemik</cite>&gt; <q>huh, there is no linux/module.h in the kernel-headers package?</q></li>
<li class="quit">[<a href="#T00:08:38" id="T00:08:38"><abbr title="2012-04-19T00:08:38+00:00">00:08:38</abbr></a>] <span>* rcranetx (~rcranetx@nat/ti/x-vtxacjwyoxprlzyu) Quit (Quit: Leaving.)</span></li>
<li class="join">[<a href="#T00:14:13" id="T00:14:13"><abbr title="2012-04-19T00:14:13+00:00">00:14:13</abbr></a>] <span>* niro (~niro@cpc5-nrte5-0-0-cust23.8-4.cable.virginmedia.com) has joined #beagle</span></li>
<li class="quit">[<a href="#T00:17:00" id="T00:17:00"><abbr title="2012-04-19T00:17:00+00:00">00:17:00</abbr></a>] <span>* kkeller (~Ken_Kelle@174-17-22-111.phnx.qwest.net) Quit (Quit: Leaving.)</span></li>
<li class="join">[<a href="#T00:18:10" id="T00:18:10"><abbr title="2012-04-19T00:18:10+00:00">00:18:10</abbr></a>] <span>* Maxz (~felipe@pc-42-144-239-201.cm.vtr.net) has joined #beagle</span></li>
<li class="quit">[<a href="#T00:19:13" id="T00:19:13"><abbr title="2012-04-19T00:19:13+00:00">00:19:13</abbr></a>] <span>* niro (~niro@cpc5-nrte5-0-0-cust23.8-4.cable.virginmedia.com) Quit (Ping timeout: 276 seconds)</span></li>
<li class="nick-change">[<a href="#T00:21:02" id="T00:21:02"><abbr title="2012-04-19T00:21:02+00:00">00:21:02</abbr></a>] <span>* prp^2 is now known as prpplague</span></li>
<li class="quit">[<a href="#T00:21:06" id="T00:21:06"><abbr title="2012-04-19T00:21:06+00:00">00:21:06</abbr></a>] <span>* thos37 (~thos37@76-191-247-98.static.sonic.net) Quit (Quit: thos37)</span></li>
<li class="quit">[<a href="#T00:21:16" id="T00:21:16"><abbr title="2012-04-19T00:21:16+00:00">00:21:16</abbr></a>] <span>* contempt (contempt@unaffiliated/contempt) Quit (Quit: leaving)</span></li>
<li class="join">[<a href="#T00:21:27" id="T00:21:27"><abbr title="2012-04-19T00:21:27+00:00">00:21:27</abbr></a>] <span>* Bryanstein (~Bryanstei@shellium/admin/bryanstein) has joined #beaglebone</span></li>
<li class="join">[<a href="#T00:22:07" id="T00:22:07"><abbr title="2012-04-19T00:22:07+00:00">00:22:07</abbr></a>] <span>* contempt (contempt@unaffiliated/contempt) has joined #beagleboard</span></li>
<li class="join">[<abbr title="2012-04-19T00:22:07+00:00">00:22:07</abbr>] <span>* contempt (contempt@unaffiliated/contempt) has joined #beagle</span></li>
<li class="part">[<a href="#T00:22:09" id="T00:22:09"><abbr title="2012-04-19T00:22:09+00:00">00:22:09</abbr></a>] <span>* jstearns74 (~jstearns7@70.56.143.241) has left #beagle</span></li>
<li class="join">[<a href="#T00:24:25" id="T00:24:25"><abbr title="2012-04-19T00:24:25+00:00">00:24:25</abbr></a>] <span>* nullpuppy (~dustin@freematrix/staff/nullpuppy) has joined #beagle</span></li>
<li class="join">[<a href="#T00:25:28" id="T00:25:28"><abbr title="2012-04-19T00:25:28+00:00">00:25:28</abbr></a>] <span>* djerome (~djerome@ip68-2-20-108.ph.ph.cox.net) has joined #beaglebone</span></li>
<li class="message">[<a href="#T00:34:49" id="T00:34:49"><abbr title="2012-04-19T00:34:49+00:00">00:34:49</abbr></a>] &lt;<cite>mru</cite>&gt; <q>nemik: why would there be?</q></li>
<li class="quit">[<a href="#T00:36:37" id="T00:36:37"><abbr title="2012-04-19T00:36:37+00:00">00:36:37</abbr></a>] <span>* nullpuppy (~dustin@freematrix/staff/nullpuppy) Quit (Ping timeout: 248 seconds)</span></li>
<li class="message">[<a href="#T00:36:56" id="T00:36:56"><abbr title="2012-04-19T00:36:56+00:00">00:36:56</abbr></a>] &lt;<cite>prpplague</cite>&gt; <q>koen: ping</q></li>
<li class="join">[<a href="#T00:37:30" id="T00:37:30"><abbr title="2012-04-19T00:37:30+00:00">00:37:30</abbr></a>] <span>* isaacbw (~isaac@cpe-74-79-19-221.twcny.res.rr.com) has joined #beagle</span></li>
<li class="quit">[<a href="#T00:40:49" id="T00:40:49"><abbr title="2012-04-19T00:40:49+00:00">00:40:49</abbr></a>] <span>* pfefferz (~pfefferz@cpe-72-177-121-186.austin.res.rr.com) Quit (Ping timeout: 260 seconds)</span></li>
<li class="quit">[<a href="#T00:42:55" id="T00:42:55"><abbr title="2012-04-19T00:42:55+00:00">00:42:55</abbr></a>] <span>* peabody124 (~peabody12@128.249.96.21) Quit (Ping timeout: 246 seconds)</span></li>
<li class="quit">[<a href="#T00:45:10" id="T00:45:10"><abbr title="2012-04-19T00:45:10+00:00">00:45:10</abbr></a>] <span>* phantoxe (~destroy@a95-92-89-24.cpe.netcabo.pt) Quit ()</span></li>
<li class="quit">[<a href="#T00:49:00" id="T00:49:00"><abbr title="2012-04-19T00:49:00+00:00">00:49:00</abbr></a>] <span>* contempt (contempt@unaffiliated/contempt) Quit (Quit: leaving)</span></li>
<li class="message">[<a href="#T00:49:36" id="T00:49:36"><abbr title="2012-04-19T00:49:36+00:00">00:49:36</abbr></a>] &lt;<cite>Russ</cite>&gt; <q>neato <a href="http://i.imgur.com/vw1SE.png">http://i.imgur.com/vw1SE.png</a></q></li>
<li class="join">[<a href="#T00:49:55" id="T00:49:55"><abbr title="2012-04-19T00:49:55+00:00">00:49:55</abbr></a>] <span>* contempt (contempt@unaffiliated/contempt) has joined #beagleboard</span></li>
<li class="join">[<abbr title="2012-04-19T00:49:55+00:00">00:49:55</abbr>] <span>* contempt (contempt@unaffiliated/contempt) has joined #beagle</span></li>
<li class="quit">[<a href="#T00:52:05" id="T00:52:05"><abbr title="2012-04-19T00:52:05+00:00">00:52:05</abbr></a>] <span>* emeb (~ericb@ip72-223-81-94.ph.ph.cox.net) Quit (Quit: Leaving.)</span></li>
<li class="join">[<a href="#T00:52:24" id="T00:52:24"><abbr title="2012-04-19T00:52:24+00:00">00:52:24</abbr></a>] <span>* pcacjr (~pcacjr@187.78.45.145) has joined #beagle</span></li>
<li class="join">[<a href="#T00:54:45" id="T00:54:45"><abbr title="2012-04-19T00:54:45+00:00">00:54:45</abbr></a>] <span>* prp^2 (~prpplague@ppp-70-242-123-139.dsl.rcsntx.swbell.net) has joined #beagle</span></li>
<li class="join">[<a href="#T00:56:37" id="T00:56:37"><abbr title="2012-04-19T00:56:37+00:00">00:56:37</abbr></a>] <span>* pfefferz (~pfefferz@cpe-72-177-121-186.austin.res.rr.com) has joined #beagleboard</span></li>
<li class="join">[<a href="#T00:56:39" id="T00:56:39"><abbr title="2012-04-19T00:56:39+00:00">00:56:39</abbr></a>] <span>* pfefferz (~pfefferz@cpe-72-177-121-186.austin.res.rr.com) has joined #beagle</span></li>
<li class="quit">[<a href="#T00:56:57" id="T00:56:57"><abbr title="2012-04-19T00:56:57+00:00">00:56:57</abbr></a>] <span>* prp^2 (~prpplague@ppp-70-242-123-139.dsl.rcsntx.swbell.net) Quit (Client Quit)</span></li>
<li class="quit">[<a href="#T01:03:04" id="T01:03:04"><abbr title="2012-04-19T01:03:04+00:00">01:03:04</abbr></a>] <span>* thurbad (~natesewel@64.132.24.248) Quit (Quit: thurbad)</span></li>
<li class="join">[<a href="#T01:07:21" id="T01:07:21"><abbr title="2012-04-19T01:07:21+00:00">01:07:21</abbr></a>] <span>* davest (dcstewar@nat/intel/x-cyrihjvwncrhgglq) has joined #beagleboard</span></li>
<li class="join">[<a href="#T01:08:13" id="T01:08:13"><abbr title="2012-04-19T01:08:13+00:00">01:08:13</abbr></a>] <span>* guanucoluis1 (~luis@200.127.183.41) has joined #beagleboard</span></li>
<li class="join">[<a href="#T01:08:19" id="T01:08:19"><abbr title="2012-04-19T01:08:19+00:00">01:08:19</abbr></a>] <span>* peabody124 (~peabody12@c-98-201-56-63.hsd1.tx.comcast.net) has joined #beagle</span></li>
<li class="join">[<a href="#T01:12:29" id="T01:12:29"><abbr title="2012-04-19T01:12:29+00:00">01:12:29</abbr></a>] <span>* rcn-ee (~voodoo@thief-pool2-123-49.mncable.net) has joined #beagle</span></li>
<li class="message">[<a href="#T01:14:15" id="T01:14:15"><abbr title="2012-04-19T01:14:15+00:00">01:14:15</abbr></a>] &lt;<cite>Russ</cite>&gt; <q>hmmm..I have a really strong desire to type 'root' into my mplayer window</q></li>
<li class="message">[<a href="#T01:14:20" id="T01:14:20"><abbr title="2012-04-19T01:14:20+00:00">01:14:20</abbr></a>] &lt;<cite>Russ</cite>&gt; <q>maybe there is a way to make that happen</q></li>
<li class="message">[<a href="#T01:24:56" id="T01:24:56"><abbr title="2012-04-19T01:24:56+00:00">01:24:56</abbr></a>] &lt;<cite>Russ</cite>&gt; <q>ok, so plugging in a USB keyboard does it...Is there a host&lt;-&gt;gadget usb thingy</q></li>
<li class="quit">[<a href="#T01:28:07" id="T01:28:07"><abbr title="2012-04-19T01:28:07+00:00">01:28:07</abbr></a>] <span>* guanucoluis1 (~luis@200.127.183.41) Quit (Ping timeout: 276 seconds)</span></li>
<li class="join">[<a href="#T01:30:52" id="T01:30:52"><abbr title="2012-04-19T01:30:52+00:00">01:30:52</abbr></a>] <span>* Mojito (~Mojito@c-24-61-135-142.hsd1.nh.comcast.net) has joined #beagle</span></li>
<li class="message">[<a href="#T01:34:28" id="T01:34:28"><abbr title="2012-04-19T01:34:28+00:00">01:34:28</abbr></a>] &lt;<cite>travalas</cite>&gt; <q>is it safe/possible to do a dist-upgrade from 11.10 to 12.04?</q></li>
<li class="message">[<a href="#T01:35:05" id="T01:35:05"><abbr title="2012-04-19T01:35:05+00:00">01:35:05</abbr></a>] &lt;<cite>prpplague</cite>&gt; <q>Russ: host to gadget?</q></li>
<li class="message">[<a href="#T01:35:42" id="T01:35:42"><abbr title="2012-04-19T01:35:42+00:00">01:35:42</abbr></a>] &lt;<cite>Russ</cite>&gt; <q>yes, I don't see drivers for any</q></li>
<li class="message">[<a href="#T01:35:45" id="T01:35:45"><abbr title="2012-04-19T01:35:45+00:00">01:35:45</abbr></a>] &lt;<cite>Russ</cite>&gt; <q>but it'd be handly</q></li>
<li class="message">[<a href="#T01:35:47" id="T01:35:47"><abbr title="2012-04-19T01:35:47+00:00">01:35:47</abbr></a>] &lt;<cite>Russ</cite>&gt; <q>er, handy</q></li>
<li class="message">[<a href="#T01:36:06" id="T01:36:06"><abbr title="2012-04-19T01:36:06+00:00">01:36:06</abbr></a>] &lt;<cite>Russ</cite>&gt; <q>I have a netchip pci card I can use, but that'd only be good for one device</q></li>
<li class="join">[<a href="#T01:36:16" id="T01:36:16"><abbr title="2012-04-19T01:36:16+00:00">01:36:16</abbr></a>] <span>* jluisn (~quassel@187.114.145.185) has joined #beagle</span></li>
<li class="message">[<a href="#T01:36:22" id="T01:36:22"><abbr title="2012-04-19T01:36:22+00:00">01:36:22</abbr></a>] &lt;<cite>prpplague</cite>&gt; <q>Russ: sorry i don't understand what you are asking for</q></li>
<li class="message">[<a href="#T01:36:48" id="T01:36:48"><abbr title="2012-04-19T01:36:48+00:00">01:36:48</abbr></a>] &lt;<cite>Russ</cite>&gt; <q>I want to plug in a virtual usb keyboard to my beagle board and also other devices</q></li>
<li class="message">[<a href="#T01:38:27" id="T01:38:27"><abbr title="2012-04-19T01:38:27+00:00">01:38:27</abbr></a>] &lt;<cite>Russ</cite>&gt; <q>a device that is a microcontroller with two usb gadget interface would be a really cool way of doing that, from one side, it'd be connected to a USB host port of a linux system that would drive the other gadget interface with the linux gadget api</q></li>
<li class="message">[<a href="#T01:38:40" id="T01:38:40"><abbr title="2012-04-19T01:38:40+00:00">01:38:40</abbr></a>] &lt;<cite>prpplague</cite>&gt; <q>Russ: ahh like have your desktop pc pretend to be a usb keyboard plugged into the usb host port of the other linux device like the beagle</q></li>
<li class="message">[<a href="#T01:38:58" id="T01:38:58"><abbr title="2012-04-19T01:38:58+00:00">01:38:58</abbr></a>] &lt;<cite>Russ</cite>&gt; <q>right, and it could change based on what you need, USB mass storage, network, etc</q></li>
<li class="message">[<a href="#T01:39:24" id="T01:39:24"><abbr title="2012-04-19T01:39:24+00:00">01:39:24</abbr></a>] &lt;<cite>prpplague</cite>&gt; <q>Russ: we've had that working in the past on the nail board</q></li>
<li class="message">[<a href="#T01:39:45" id="T01:39:45"><abbr title="2012-04-19T01:39:45+00:00">01:39:45</abbr></a>] &lt;<cite>prpplague</cite>&gt; <q><a href="http://elinux.org/Nail_Board">http://elinux.org/Nail_Board</a></q></li>
<li class="message">[<a href="#T01:40:42" id="T01:40:42"><abbr title="2012-04-19T01:40:42+00:00">01:40:42</abbr></a>] &lt;<cite>Russ</cite>&gt; <q>it would need two usb slave ports</q></li>
<li class="quit">[<a href="#T01:40:58" id="T01:40:58"><abbr title="2012-04-19T01:40:58+00:00">01:40:58</abbr></a>] <span>* sabesto (~sabesto@188.113.107.138) Quit (Ping timeout: 265 seconds)</span></li>
<li class="join">[<a href="#T01:41:14" id="T01:41:14"><abbr title="2012-04-19T01:41:14+00:00">01:41:14</abbr></a>] <span>* sabesto (~sabesto@188.113.107.138) has joined #beagle</span></li>
<li class="message">[<a href="#T01:41:20" id="T01:41:20"><abbr title="2012-04-19T01:41:20+00:00">01:41:20</abbr></a>] &lt;<cite>Russ</cite>&gt; <q>ah, a leftover from the tuxscreen days makes a cameo in your images section</q></li>
<li class="message">[<a href="#T01:41:27" id="T01:41:27"><abbr title="2012-04-19T01:41:27+00:00">01:41:27</abbr></a>] &lt;<cite>prpplague</cite>&gt; <q>Russ: yea we had a variation like that</q></li>
<li class="message">[<a href="#T01:42:00" id="T01:42:00"><abbr title="2012-04-19T01:42:00+00:00">01:42:00</abbr></a>] &lt;<cite>prpplague</cite>&gt; <q>Russ: oh which item?</q></li>
<li class="message">[<a href="#T01:42:32" id="T01:42:32"><abbr title="2012-04-19T01:42:32+00:00">01:42:32</abbr></a>] &lt;<cite>Russ</cite>&gt; <q>the compact flash wireless card</q></li>
<li class="message">[<a href="#T01:42:49" id="T01:42:49"><abbr title="2012-04-19T01:42:49+00:00">01:42:49</abbr></a>] &lt;<cite>prpplague</cite>&gt; <q>Russ: ahh that was from the old AML M7100</q></li>
<li class="message">[<a href="#T01:43:15" id="T01:43:15"><abbr title="2012-04-19T01:43:15+00:00">01:43:15</abbr></a>] &lt;<cite>Russ</cite>&gt; <q>ah, I had bought the same one for use with my tuxscreen</q></li>
<li class="message">[<a href="#T01:43:51" id="T01:43:51"><abbr title="2012-04-19T01:43:51+00:00">01:43:51</abbr></a>] &lt;<cite>prpplague</cite>&gt; <q>yea they were pretty popular for a long time</q></li>
<li class="message">[<a href="#T01:44:31" id="T01:44:31"><abbr title="2012-04-19T01:44:31+00:00">01:44:31</abbr></a>] &lt;<cite>prpplague</cite>&gt; <q>Russ: we had a version of the nail with two usb slave ports</q></li>
<li class="message">[<a href="#T01:45:03" id="T01:45:03"><abbr title="2012-04-19T01:45:03+00:00">01:45:03</abbr></a>] &lt;<cite>Russ</cite>&gt; <q>maybe I can find a controllable USB switch for using my single usb gadget controller with multiple devices</q></li>
<li class="message">[<a href="#T01:45:09" id="T01:45:09"><abbr title="2012-04-19T01:45:09+00:00">01:45:09</abbr></a>] &lt;<cite>prpplague</cite>&gt; <q>Russ: there are few bridge chips that are made for doing data syncs</q></li>
<li class="message">[<a href="#T01:45:19" id="T01:45:19"><abbr title="2012-04-19T01:45:19+00:00">01:45:19</abbr></a>] &lt;<cite>Russ</cite>&gt; <q>prpplague, wonder how hackable they are</q></li>
<li class="part">[<a href="#T01:53:43" id="T01:53:43"><abbr title="2012-04-19T01:53:43+00:00">01:53:43</abbr></a>] <span>* Mojito (~Mojito@c-24-61-135-142.hsd1.nh.comcast.net) has left #beagle</span></li>
<li class="join">[<a href="#T01:57:31" id="T01:57:31"><abbr title="2012-04-19T01:57:31+00:00">01:57:31</abbr></a>] <span>* thurbad (~natesewel@cpe-70-124-80-154.austin.res.rr.com) has joined #beagle</span></li>
<li class="join">[<a href="#T01:58:14" id="T01:58:14"><abbr title="2012-04-19T01:58:14+00:00">01:58:14</abbr></a>] <span>* khasim (~a0393720@203.101.61.10) has joined #beagle</span></li>
