<li class="quit">[<a href="#T00:11:53" id="T00:11:53"><abbr title="2012-08-24T00:11:53+00:00">00:11:53</abbr></a>] <span>* kiilo (~kiilo@84-73-26-194.dclient.hispeed.ch) Quit (Ping timeout: 246 seconds)</span></li>
<li class="quit">[<a href="#T00:17:23" id="T00:17:23"><abbr title="2012-08-24T00:17:23+00:00">00:17:23</abbr></a>] <span>* cwillu (~cwillu@cwillu.com) Quit (Ping timeout: 256 seconds)</span></li>
<li class="quit">[<a href="#T00:34:10" id="T00:34:10"><abbr title="2012-08-24T00:34:10+00:00">00:34:10</abbr></a>] <span>* veneco (c81077f7@gateway/web/freenode/ip.200.16.119.247) Quit (Ping timeout: 245 seconds)</span></li>
<li class="join">[<a href="#T00:40:15" id="T00:40:15"><abbr title="2012-08-24T00:40:15+00:00">00:40:15</abbr></a>] <span>* cwillu (~cwillu@cwillu.com) has joined #beagle</span></li>
<li class="join">[<a href="#T01:07:01" id="T01:07:01"><abbr title="2012-08-24T01:07:01+00:00">01:07:01</abbr></a>] <span>* phantoxeD (~destroy@a95-92-89-24.cpe.netcabo.pt) has joined #beagle</span></li>
<li class="quit">[<a href="#T01:07:06" id="T01:07:06"><abbr title="2012-08-24T01:07:06+00:00">01:07:06</abbr></a>] <span>* photex (~photex@216.3.125.130) Quit (Quit: Computer has gone to sleep.)</span></li>
<li class="join">[<a href="#T01:07:21" id="T01:07:21"><abbr title="2012-08-24T01:07:21+00:00">01:07:21</abbr></a>] <span>* prpplague (~prpplague@ppp-70-249-144-90.dsl.rcsntx.swbell.net) has joined #beagle</span></li>
<li class="part">[<a href="#T01:08:40" id="T01:08:40"><abbr title="2012-08-24T01:08:40+00:00">01:08:40</abbr></a>] <span>* emeb (~ericb@ip72-201-79-123.ph.ph.cox.net) has left #beagle</span></li>
<li class="join">[<a href="#T01:12:41" id="T01:12:41"><abbr title="2012-08-24T01:12:41+00:00">01:12:41</abbr></a>] <span>* emeb_mac (~ericb@ip72-201-79-123.ph.ph.cox.net) has joined #beagle</span></li>
<li class="join">[<a href="#T01:15:34" id="T01:15:34"><abbr title="2012-08-24T01:15:34+00:00">01:15:34</abbr></a>] <span>* Ceriand|desktop (~Ceriand@unaffiliated/ceriand) has joined #beagle</span></li>
<li class="join">[<a href="#T01:16:02" id="T01:16:02"><abbr title="2012-08-24T01:16:02+00:00">01:16:02</abbr></a>] <span>* KeatonT (~KeatonT@unaffiliated/keatont) has joined #beagle</span></li>
<li class="join">[<a href="#T01:21:54" id="T01:21:54"><abbr title="2012-08-24T01:21:54+00:00">01:21:54</abbr></a>] <span>* Crofton (~balister@207.239.114.206) has joined #beagle</span></li>
<li class="quit">[<a href="#T01:28:31" id="T01:28:31"><abbr title="2012-08-24T01:28:31+00:00">01:28:31</abbr></a>] <span>* tema (~tema@dhcp-31-7-30-24.kymp.net) Quit (Quit: Ex-Chat)</span></li>
<li class="quit">[<a href="#T01:28:49" id="T01:28:49"><abbr title="2012-08-24T01:28:49+00:00">01:28:49</abbr></a>] <span>* Crofton (~balister@207.239.114.206) Quit (Ping timeout: 260 seconds)</span></li>
<li class="quit">[<a href="#T01:30:47" id="T01:30:47"><abbr title="2012-08-24T01:30:47+00:00">01:30:47</abbr></a>] <span>* emeb_mac (~ericb@ip72-201-79-123.ph.ph.cox.net) Quit (Quit: emeb_mac)</span></li>
<li class="join">[<a href="#T01:35:25" id="T01:35:25"><abbr title="2012-08-24T01:35:25+00:00">01:35:25</abbr></a>] <span>* Crofton (~balister@207.239.114.206) has joined #beagle</span></li>
<li class="join">[<a href="#T01:48:53" id="T01:48:53"><abbr title="2012-08-24T01:48:53+00:00">01:48:53</abbr></a>] <span>* javaJake (~javaJake@unaffiliated/javajake) has joined #beagle</span></li>
<li class="message">[<a href="#T02:06:21" id="T02:06:21"><abbr title="2012-08-24T02:06:21+00:00">02:06:21</abbr></a>] &lt;<cite>hiredman</cite>&gt; <q>I have a beaglebone where the power led blinks once when I plug it in, and then nothing, doesn't it sound like I fried the board?</q></li>
<li class="message">[<a href="#T02:06:54" id="T02:06:54"><abbr title="2012-08-24T02:06:54+00:00">02:06:54</abbr></a>] &lt;<cite>thurbad</cite>&gt; <q>what makes you think you fried it?</q></li>
<li class="message">[<a href="#T02:07:12" id="T02:07:12"><abbr title="2012-08-24T02:07:12+00:00">02:07:12</abbr></a>] &lt;<cite>hiredman</cite>&gt; <q>the power led used to stay solid</q></li>
<li class="message">[<a href="#T02:07:47" id="T02:07:47"><abbr title="2012-08-24T02:07:47+00:00">02:07:47</abbr></a>] &lt;<cite>thurbad</cite>&gt; <q>did you use a bad/wrong power supply or solder anything to it?</q></li>
<li class="message">[<a href="#T02:08:59" id="T02:08:59"><abbr title="2012-08-24T02:08:59+00:00">02:08:59</abbr></a>] &lt;<cite>hiredman</cite>&gt; <q>no, but I was fiddling with a 9v led circuit using a transistor activated by the beagle board as a switch</q></li>
<li class="message">[<a href="#T02:09:42" id="T02:09:42"><abbr title="2012-08-24T02:09:42+00:00">02:09:42</abbr></a>] &lt;<cite>hiredman</cite>&gt; <q>(which wasn't working, so I was wiring in my multimeter when the beaglebone turned off)</q></li>
<li class="quit">[<a href="#T02:10:13" id="T02:10:13"><abbr title="2012-08-24T02:10:13+00:00">02:10:13</abbr></a>] <span>* Crofton (~balister@207.239.114.206) Quit (Ping timeout: 265 seconds)</span></li>
<li class="quit">[<a href="#T02:35:17" id="T02:35:17"><abbr title="2012-08-24T02:35:17+00:00">02:35:17</abbr></a>] <span>* KeatonT (~KeatonT@unaffiliated/keatont) Quit (Quit: Computer has gone to sleep.)</span></li>
<li class="quit">[<a href="#T02:37:50" id="T02:37:50"><abbr title="2012-08-24T02:37:50+00:00">02:37:50</abbr></a>] <span>* Akuma (~Akuma@modemcable033.43-202-24.mc.videotron.ca) Quit (Read error: Connection reset by peer)</span></li>
<li class="join">[<a href="#T02:38:13" id="T02:38:13"><abbr title="2012-08-24T02:38:13+00:00">02:38:13</abbr></a>] <span>* guanucoluis (~luis@200.127.180.65) has joined #beagleboard</span></li>
<li class="join">[<a href="#T02:42:56" id="T02:42:56"><abbr title="2012-08-24T02:42:56+00:00">02:42:56</abbr></a>] <span>* emeb_mac (~ericb@ip72-201-79-123.ph.ph.cox.net) has joined #beagle</span></li>
<li class="quit">[<a href="#T02:46:34" id="T02:46:34"><abbr title="2012-08-24T02:46:34+00:00">02:46:34</abbr></a>] <span>* Ceriand|desktop (~Ceriand@unaffiliated/ceriand) Quit (Quit: Leaving.)</span></li>
<li class="join">[<a href="#T02:55:12" id="T02:55:12"><abbr title="2012-08-24T02:55:12+00:00">02:55:12</abbr></a>] <span>* Akuma (~Akuma@modemcable033.43-202-24.mc.videotron.ca) has joined #beagle</span></li>
<li class="quit">[<a href="#T02:56:54" id="T02:56:54"><abbr title="2012-08-24T02:56:54+00:00">02:56:54</abbr></a>] <span>* guanucoluis (~luis@200.127.180.65) Quit (Quit: Leaving.)</span></li>
<li class="join">[<a href="#T03:01:20" id="T03:01:20"><abbr title="2012-08-24T03:01:20+00:00">03:01:20</abbr></a>] <span>* KeatonT (~KeatonT@unaffiliated/keatont) has joined #beagle</span></li>
<li class="join">[<a href="#T03:01:53" id="T03:01:53"><abbr title="2012-08-24T03:01:53+00:00">03:01:53</abbr></a>] <span>* guanucoluis (~luis@200.127.180.65) has joined #beagleboard</span></li>
<li class="quit">[<a href="#T03:03:12" id="T03:03:12"><abbr title="2012-08-24T03:03:12+00:00">03:03:12</abbr></a>] <span>* GPSFan (~kenm@64.92.145.112) Quit (Remote host closed the connection)</span></li>
<li class="quit">[<a href="#T03:09:31" id="T03:09:31"><abbr title="2012-08-24T03:09:31+00:00">03:09:31</abbr></a>] <span>* KeatonT (~KeatonT@unaffiliated/keatont) Quit (Quit: Textual IRC Client: <a href="http://www.textualapp.com/)">http://www.textualapp.com/)</a></span></li>
<li class="quit">[<a href="#T03:13:43" id="T03:13:43"><abbr title="2012-08-24T03:13:43+00:00">03:13:43</abbr></a>] <span>* guanucoluis (~luis@200.127.180.65) Quit (Quit: Leaving.)</span></li>
<li class="quit">[<a href="#T03:17:16" id="T03:17:16"><abbr title="2012-08-24T03:17:16+00:00">03:17:16</abbr></a>] <span>* Wally (~Carnival@its-wv-bcprox2.its.rmit.edu.au) Quit (Quit: Linkinus - <a href="http://linkinus.com)">http://linkinus.com)</a></span></li>
<li class="quit">[<a href="#T03:24:39" id="T03:24:39"><abbr title="2012-08-24T03:24:39+00:00">03:24:39</abbr></a>] <span>* juvenal (~juvenal@187.57.91.70) Quit (Quit: Computer has gone to sleep.)</span></li>
<li class="join">[<a href="#T03:32:03" id="T03:32:03"><abbr title="2012-08-24T03:32:03+00:00">03:32:03</abbr></a>] <span>* Ceriand|desktop (~Ceriand@unaffiliated/ceriand) has joined #beagle</span></li>
<li class="quit">[<a href="#T03:39:47" id="T03:39:47"><abbr title="2012-08-24T03:39:47+00:00">03:39:47</abbr></a>] <span>* prpplague (~prpplague@ppp-70-249-144-90.dsl.rcsntx.swbell.net) Quit (Ping timeout: 240 seconds)</span></li>
<li class="quit">[<a href="#T03:47:28" id="T03:47:28"><abbr title="2012-08-24T03:47:28+00:00">03:47:28</abbr></a>] <span>* alan_o (~alan@c-68-62-240-236.hsd1.fl.comcast.net) Quit (Remote host closed the connection)</span></li>
<li class="join">[<a href="#T03:49:40" id="T03:49:40"><abbr title="2012-08-24T03:49:40+00:00">03:49:40</abbr></a>] <span>* alan_o (~alan@c-68-62-240-236.hsd1.fl.comcast.net) has joined #beagle</span></li>
<li class="join">[<a href="#T03:52:55" id="T03:52:55"><abbr title="2012-08-24T03:52:55+00:00">03:52:55</abbr></a>] <span>* prpplague (~prpplague@ppp-70-242-122-210.dsl.rcsntx.swbell.net) has joined #beagle</span></li>
<li class="join">[<a href="#T03:58:22" id="T03:58:22"><abbr title="2012-08-24T03:58:22+00:00">03:58:22</abbr></a>] <span>* djerome (~djerome@ip68-2-20-108.ph.ph.cox.net) has joined #beaglebone</span></li>
<li class="message">[<a href="#T04:02:16" id="T04:02:16"><abbr title="2012-08-24T04:02:16+00:00">04:02:16</abbr></a>] &lt;<cite>mranostay</cite>&gt; <q>wb prpplague</q></li>
<li class="join">[<a href="#T04:02:39" id="T04:02:39"><abbr title="2012-08-24T04:02:39+00:00">04:02:39</abbr></a>] <span>* KeatonT (~KeatonT@unaffiliated/keatont) has joined #beagle</span></li>
<li class="message">[<a href="#T04:04:51" id="T04:04:51"><abbr title="2012-08-24T04:04:51+00:00">04:04:51</abbr></a>] &lt;<cite>prpplague</cite>&gt; <q>mranostay: thanks</q></li>
<li class="message">[<a href="#T04:05:01" id="T04:05:01"><abbr title="2012-08-24T04:05:01+00:00">04:05:01</abbr></a>] &lt;<cite>prpplague</cite>&gt; <q>mranostay: got DSL problems since the outage last week</q></li>
<li class="message">[<a href="#T04:05:10" id="T04:05:10"><abbr title="2012-08-24T04:05:10+00:00">04:05:10</abbr></a>] &lt;<cite>prpplague</cite>&gt; <q>mranostay: going to get uverse in a few weeks</q></li>
<li class="join">[<a href="#T04:09:22" id="T04:09:22"><abbr title="2012-08-24T04:09:22+00:00">04:09:22</abbr></a>] <span>* Wally (~Carnival@its-wv-bcprox1.its.rmit.edu.au) has joined #beagle</span></li>
<li class="join">[<a href="#T04:11:33" id="T04:11:33"><abbr title="2012-08-24T04:11:33+00:00">04:11:33</abbr></a>] <span>* Riastradh (~riastradh@fsf/member/riastradh) has joined #beagle</span></li>
<li class="quit">[<a href="#T04:15:33" id="T04:15:33"><abbr title="2012-08-24T04:15:33+00:00">04:15:33</abbr></a>] <span>* gdm_ (~gdm@186.22.65.37) Quit (Ping timeout: 260 seconds)</span></li>
<li class="quit">[<a href="#T04:17:36" id="T04:17:36"><abbr title="2012-08-24T04:17:36+00:00">04:17:36</abbr></a>] <span>* kkeller (~Ken_Kelle@97-124-115-100.phnx.qwest.net) Quit (Quit: Leaving.)</span></li>
<li class="quit">[<a href="#T04:18:21" id="T04:18:21"><abbr title="2012-08-24T04:18:21+00:00">04:18:21</abbr></a>] <span>* Ceriand|desktop (~Ceriand@unaffiliated/ceriand) Quit (Quit: Leaving.)</span></li>
<li class="quit">[<a href="#T04:23:42" id="T04:23:42"><abbr title="2012-08-24T04:23:42+00:00">04:23:42</abbr></a>] <span>* alan_o (~alan@c-68-62-240-236.hsd1.fl.comcast.net) Quit (Remote host closed the connection)</span></li>
<li class="join">[<a href="#T04:32:42" id="T04:32:42"><abbr title="2012-08-24T04:32:42+00:00">04:32:42</abbr></a>] <span>* spacecolonyone (~spacecolo@adsl-99-62-0-184.dsl.lsan03.sbcglobal.net) has joined #beagle</span></li>
<li class="part">[<a href="#T04:33:10" id="T04:33:10"><abbr title="2012-08-24T04:33:10+00:00">04:33:10</abbr></a>] <span>* spacecolonyone (~spacecolo@adsl-99-62-0-184.dsl.lsan03.sbcglobal.net) has left #beagle</span></li>
<li class="quit">[<a href="#T04:34:53" id="T04:34:53"><abbr title="2012-08-24T04:34:53+00:00">04:34:53</abbr></a>] <span>* KeatonT (~KeatonT@unaffiliated/keatont) Quit (Quit: Textual IRC Client: <a href="http://www.textualapp.com/)">http://www.textualapp.com/)</a></span></li>
<li class="join">[<a href="#T04:44:49" id="T04:44:49"><abbr title="2012-08-24T04:44:49+00:00">04:44:49</abbr></a>] <span>* soafee-chan (~spaec@unaffiliated/traumapony) has joined #beagle</span></li>
<li class="quit">[<a href="#T04:46:41" id="T04:46:41"><abbr title="2012-08-24T04:46:41+00:00">04:46:41</abbr></a>] <span>* spacekitteh (~spaec@unaffiliated/traumapony) Quit (Ping timeout: 245 seconds)</span></li>
<li class="quit">[<a href="#T05:02:07" id="T05:02:07"><abbr title="2012-08-24T05:02:07+00:00">05:02:07</abbr></a>] <span>* mturquette (~mturquett@nat/ti/x-slpmopkhjmrajpze) Quit (*.net *.split)</span></li>
<li class="quit">[<abbr title="2012-08-24T05:02:07+00:00">05:02:07</abbr>] <span>* GrueMaster (~Grue@076-076-148-180.pdx.net) Quit (*.net *.split)</span></li>
<li class="quit">[<abbr title="2012-08-24T05:02:07+00:00">05:02:07</abbr>] <span>* mIKEjONES (~mIKEjONES@c-98-210-194-55.hsd1.ca.comcast.net) Quit (*.net *.split)</span></li>
<li class="quit">[<abbr title="2012-08-24T05:02:07+00:00">05:02:07</abbr>] <span>* reanguiano (~devnull@ricardoanguiano.com) Quit (*.net *.split)</span></li>
<li class="quit">[<a href="#T05:07:11" id="T05:07:11"><abbr title="2012-08-24T05:07:11+00:00">05:07:11</abbr></a>] <span>* Riastradh (~riastradh@fsf/member/riastradh) Quit (Quit: leaving)</span></li>
<li class="join">[<a href="#T05:13:51" id="T05:13:51"><abbr title="2012-08-24T05:13:51+00:00">05:13:51</abbr></a>] <span>* photex (~photex@cpe-75-84-98-52.socal.res.rr.com) has joined #beagle</span></li>
<li class="quit">[<a href="#T05:26:15" id="T05:26:15"><abbr title="2012-08-24T05:26:15+00:00">05:26:15</abbr></a>] <span>* This (~TC@x1-6-00-24-b2-9c-8c-c6.k658.webspeed.dk) Quit (Ping timeout: 272 seconds)</span></li>
<li class="join">[<a href="#T05:40:42" id="T05:40:42"><abbr title="2012-08-24T05:40:42+00:00">05:40:42</abbr></a>] <span>* This (~TC@x1-6-00-24-b2-9c-8c-c6.k658.webspeed.dk) has joined #beagle</span></li>
<li class="quit">[<a href="#T05:45:56" id="T05:45:56"><abbr title="2012-08-24T05:45:56+00:00">05:45:56</abbr></a>] <span>* Wally (~Carnival@its-wv-bcprox1.its.rmit.edu.au) Quit (Quit: Linkinus - <a href="http://linkinus.com)">http://linkinus.com)</a></span></li>
<li class="quit">[<a href="#T05:52:58" id="T05:52:58"><abbr title="2012-08-24T05:52:58+00:00">05:52:58</abbr></a>] <span>* javaJake (~javaJake@unaffiliated/javajake) Quit (Ping timeout: 240 seconds)</span></li>
<li class="quit">[<a href="#T05:53:35" id="T05:53:35"><abbr title="2012-08-24T05:53:35+00:00">05:53:35</abbr></a>] <span>* Hoolxi (~Openfree@116.228.88.131) Quit (Read error: Connection reset by peer)</span></li>
<li class="quit">[<a href="#T05:53:36" id="T05:53:36"><abbr title="2012-08-24T05:53:36+00:00">05:53:36</abbr></a>] <span>* djerome (~djerome@ip68-2-20-108.ph.ph.cox.net) Quit (Remote host closed the connection)</span></li>
<li class="quit">[<a href="#T05:58:30" id="T05:58:30"><abbr title="2012-08-24T05:58:30+00:00">05:58:30</abbr></a>] <span>* john3909 (~jsynesio@ip70-181-136-224.sd.sd.cox.net) Quit (Quit: Leaving.)</span></li>
<li class="join">[<a href="#T06:07:42" id="T06:07:42"><abbr title="2012-08-24T06:07:42+00:00">06:07:42</abbr></a>] <span>* harshpb (~harshpb@122.172.241.88) has joined #beagle</span></li>
<li class="join">[<abbr title="2012-08-24T06:07:42+00:00">06:07:42</abbr>] <span>* harshpb (~harshpb@122.172.241.88) has joined #beagleboard</span></li>
<li class="message">[<a href="#T06:09:59" id="T06:09:59"><abbr title="2012-08-24T06:09:59+00:00">06:09:59</abbr></a>] &lt;<cite>mranostay</cite>&gt; <q>prpplague: wait you get internet in Texas?!?</q></li>
<li class="join">[<a href="#T06:11:17" id="T06:11:17"><abbr title="2012-08-24T06:11:17+00:00">06:11:17</abbr></a>] <span>* Hoolxi (~Openfree@116.228.88.131) has joined #beagle</span></li>
<li class="quit">[<a href="#T06:11:45" id="T06:11:45"><abbr title="2012-08-24T06:11:45+00:00">06:11:45</abbr></a>] <span>* RITRedbeard_ (~redbeard@c-68-37-165-37.hsd1.nj.comcast.net) Quit (Read error: Connection reset by peer)</span></li>
<li class="join">[<a href="#T06:12:32" id="T06:12:32"><abbr title="2012-08-24T06:12:32+00:00">06:12:32</abbr></a>] <span>* RITRedbeard (~redbeard@c-68-37-165-37.hsd1.nj.comcast.net) has joined #beagle</span></li>
<li class="message">[<a href="#T06:20:21" id="T06:20:21"><abbr title="2012-08-24T06:20:21+00:00">06:20:21</abbr></a>] &lt;<cite>_av500_</cite>&gt; <q>yes, once per week</q></li>
<li class="message">[<a href="#T06:20:29" id="T06:20:29"><abbr title="2012-08-24T06:20:29+00:00">06:20:29</abbr></a>] &lt;<cite>_av500_</cite>&gt; <q>by pony express</q></li>
<li class="message">[<a href="#T06:20:42" id="T06:20:42"><abbr title="2012-08-24T06:20:42+00:00">06:20:42</abbr></a>] &lt;<cite>_av500_</cite>&gt; <q>then you have a few hours to craft reply packets</q></li>
<li class="join">[<a href="#T06:28:12" id="T06:28:12"><abbr title="2012-08-24T06:28:12+00:00">06:28:12</abbr></a>] <span>* Riastradh (~riastradh@fsf/member/riastradh) has joined #beagle</span></li>
<li class="join">[<a href="#T06:35:52" id="T06:35:52"><abbr title="2012-08-24T06:35:52+00:00">06:35:52</abbr></a>] <span>* fusion94-work (~fusion94@c-67-188-100-107.hsd1.ca.comcast.net) has joined #beagle</span></li>
<li class="quit">[<a href="#T06:35:54" id="T06:35:54"><abbr title="2012-08-24T06:35:54+00:00">06:35:54</abbr></a>] <span>* fusion94-work (~fusion94@c-67-188-100-107.hsd1.ca.comcast.net) Quit (Client Quit)</span></li>
<li class="quit">[<a href="#T06:39:27" id="T06:39:27"><abbr title="2012-08-24T06:39:27+00:00">06:39:27</abbr></a>] <span>* fusion94 (~fusion94@pdpc/supporter/student/fusion94) Quit (Ping timeout: 240 seconds)</span></li>
<li class="quit">[<a href="#T06:39:47" id="T06:39:47"><abbr title="2012-08-24T06:39:47+00:00">06:39:47</abbr></a>] <span>* photex (~photex@cpe-75-84-98-52.socal.res.rr.com) Quit (Quit: Computer has gone to sleep.)</span></li>
<li class="join">[<a href="#T06:41:20" id="T06:41:20"><abbr title="2012-08-24T06:41:20+00:00">06:41:20</abbr></a>] <span>* damir__ (~damir@217-72-91-162.ipv4.tusmobil.si) has joined #beagle</span></li>
<li class="join">[<a href="#T06:49:24" id="T06:49:24"><abbr title="2012-08-24T06:49:24+00:00">06:49:24</abbr></a>] <span>* jpsaman (~jpsaman@videolan/developer/jpsaman) has joined #beagle</span></li>
<li class="join">[<a href="#T06:51:44" id="T06:51:44"><abbr title="2012-08-24T06:51:44+00:00">06:51:44</abbr></a>] <span>* woglinde (~henning@g225145217.adsl.alicedsl.de) has joined #beagle</span></li>
<li class="quit">[<a href="#T06:52:59" id="T06:52:59"><abbr title="2012-08-24T06:52:59+00:00">06:52:59</abbr></a>] <span>* emeb_mac (~ericb@ip72-201-79-123.ph.ph.cox.net) Quit (Quit: emeb_mac)</span></li>
<li class="quit">[<a href="#T06:54:14" id="T06:54:14"><abbr title="2012-08-24T06:54:14+00:00">06:54:14</abbr></a>] <span>* piezo (~piezo@pdpc/supporter/active/piezo) Quit (Quit: quit)</span></li>
<li class="join">[<a href="#T06:57:37" id="T06:57:37"><abbr title="2012-08-24T06:57:37+00:00">06:57:37</abbr></a>] <span>* piezo (~piezo@pdpc/supporter/active/piezo) has joined #beagle</span></li>
<li class="join">[<a href="#T06:58:05" id="T06:58:05"><abbr title="2012-08-24T06:58:05+00:00">06:58:05</abbr></a>] <span>* florian (~fuchs@port-217-146-132-69.static.qsc.de) has joined #beagle</span></li>
<li class="quit">[<a href="#T06:58:06" id="T06:58:06"><abbr title="2012-08-24T06:58:06+00:00">06:58:06</abbr></a>] <span>* florian (~fuchs@port-217-146-132-69.static.qsc.de) Quit (Changing host)</span></li>
<li class="join">[<abbr title="2012-08-24T06:58:06+00:00">06:58:06</abbr>] <span>* florian (~fuchs@Maemo/community/contributor/florian) has joined #beagle</span></li>
