<li class="quit">[<a href="#T00:00:58" id="T00:00:58"><abbr title="2012-10-02T00:00:58+00:00">00:00:58</abbr></a>] <span>* bewest (~bewest@httpcraft/bewest) Quit (Ping timeout: 252 seconds)</span></li>
<li class="quit">[<a href="#T00:04:39" id="T00:04:39"><abbr title="2012-10-02T00:04:39+00:00">00:04:39</abbr></a>] <span>* koen (~koen@ip4da2a5ae.direct-adsl.nl) Quit (Ping timeout: 260 seconds)</span></li>
<li class="join">[<a href="#T00:05:11" id="T00:05:11"><abbr title="2012-10-02T00:05:11+00:00">00:05:11</abbr></a>] <span>* koen (~koen@ip4da2a5ae.direct-adsl.nl) has joined #beagle</span></li>
<li class="quit">[<a href="#T00:07:11" id="T00:07:11"><abbr title="2012-10-02T00:07:11+00:00">00:07:11</abbr></a>] <span>* victrola` (riddle@us.yunix.net) Quit (Quit: leaving)</span></li>
<li class="join">[<a href="#T00:07:43" id="T00:07:43"><abbr title="2012-10-02T00:07:43+00:00">00:07:43</abbr></a>] <span>* riddle (riddle@us.yunix.net) has joined #beagle</span></li>
<li class="join">[<abbr title="2012-10-02T00:07:43+00:00">00:07:43</abbr>] <span>* riddle (riddle@us.yunix.net) has joined #beagleboard</span></li>
<li class="join">[<a href="#T00:14:39" id="T00:14:39"><abbr title="2012-10-02T00:14:39+00:00">00:14:39</abbr></a>] <span>* juvenal (~juvenal@187.34.59.90) has joined #beagle</span></li>
<li class="join">[<a href="#T00:16:54" id="T00:16:54"><abbr title="2012-10-02T00:16:54+00:00">00:16:54</abbr></a>] <span>* DesertZarzamora (~quassel@192.100.196.161) has joined #beagle</span></li>
<li class="join">[<a href="#T00:23:30" id="T00:23:30"><abbr title="2012-10-02T00:23:30+00:00">00:23:30</abbr></a>] <span>* tema (~tema@ppp89-110-15-56.pppoe.avangarddsl.ru) has joined #beagle</span></li>
<li class="join">[<a href="#T00:26:57" id="T00:26:57"><abbr title="2012-10-02T00:26:57+00:00">00:26:57</abbr></a>] <span>* CanyonMan (~quassel@cpe-69-207-190-61.rochester.res.rr.com) has joined #beagle</span></li>
<li class="message">[<a href="#T00:27:00" id="T00:27:00"><abbr title="2012-10-02T00:27:00+00:00">00:27:00</abbr></a>] &lt;<cite>CanyonMan</cite>&gt; <q>hi</q></li>
<li class="message">[<a href="#T00:27:15" id="T00:27:15"><abbr title="2012-10-02T00:27:15+00:00">00:27:15</abbr></a>] &lt;<cite>CanyonMan</cite>&gt; <q>I got a TI AM3359 eval board</q></li>
<li class="message">[<a href="#T00:27:28" id="T00:27:28"><abbr title="2012-10-02T00:27:28+00:00">00:27:28</abbr></a>] &lt;<cite>CanyonMan</cite>&gt; <q>looks like the software that came with it was same as bone</q></li>
<li class="quit">[<a href="#T00:35:03" id="T00:35:03"><abbr title="2012-10-02T00:35:03+00:00">00:35:03</abbr></a>] <span>* thurbad (~natesewel@cpe-70-124-80-154.austin.res.rr.com) Quit (Quit: thurbad)</span></li>
<li class="join">[<a href="#T00:35:06" id="T00:35:06"><abbr title="2012-10-02T00:35:06+00:00">00:35:06</abbr></a>] <span>* bewest (~bewest@httpcraft/bewest) has joined #beagleboard</span></li>
<li class="join">[<abbr title="2012-10-02T00:35:06+00:00">00:35:06</abbr>] <span>* bewest (~bewest@httpcraft/bewest) has joined #beaglebone</span></li>
<li class="message">[<a href="#T00:40:51" id="T00:40:51"><abbr title="2012-10-02T00:40:51+00:00">00:40:51</abbr></a>] &lt;<cite>mranostay</cite>&gt; <q>well same chip</q></li>
<li class="message">[<a href="#T00:41:18" id="T00:41:18"><abbr title="2012-10-02T00:41:18+00:00">00:41:18</abbr></a>] &lt;<cite>CanyonMan</cite>&gt; <q>yep</q></li>
<li class="quit">[<abbr title="2012-10-02T00:41:18+00:00">00:41:18</abbr>] <span>* grma (~gruberm@chello213047201250.tirol.surfer.at) Quit (Read error: Connection reset by peer)</span></li>
<li class="join">[<a href="#T00:41:24" id="T00:41:24"><abbr title="2012-10-02T00:41:24+00:00">00:41:24</abbr></a>] <span>* grma (~gruberm@chello213047201250.tirol.surfer.at) has joined #beagle</span></li>
<li class="message">[<a href="#T00:41:48" id="T00:41:48"><abbr title="2012-10-02T00:41:48+00:00">00:41:48</abbr></a>] &lt;<cite>CanyonMan</cite>&gt; <q>the touch screen though is awful</q></li>
<li class="quit">[<a href="#T00:44:14" id="T00:44:14"><abbr title="2012-10-02T00:44:14+00:00">00:44:14</abbr></a>] <span>* bewest (~bewest@httpcraft/bewest) Quit (Remote host closed the connection)</span></li>
<li class="quit">[<a href="#T00:48:08" id="T00:48:08"><abbr title="2012-10-02T00:48:08+00:00">00:48:08</abbr></a>] <span>* kaio_ (~kaio@fedora/kaio) Quit (Ping timeout: 240 seconds)</span></li>
<li class="message">[<a href="#T00:53:42" id="T00:53:42"><abbr title="2012-10-02T00:53:42+00:00">00:53:42</abbr></a>] &lt;<cite>CanyonMan</cite>&gt; <q>dm8tbr dm8tbr dm8tbr CQ CQ CQ de wz2b</q></li>
<li class="message">[<a href="#T00:59:45" id="T00:59:45"><abbr title="2012-10-02T00:59:45+00:00">00:59:45</abbr></a>] &lt;<cite>CanyonMan</cite>&gt; <q>i'm trying to fiugre out if to get clockwordmod installed I need to go MLO -&gt; CWM or is it MLO -&gt; UBOOT -&gt; CWM</q></li>
<li class="join">[<a href="#T01:01:37" id="T01:01:37"><abbr title="2012-10-02T01:01:37+00:00">01:01:37</abbr></a>] <span>* bewest (~bewest@httpcraft/bewest) has joined #beagleboard</span></li>
<li class="join">[<a href="#T01:01:38" id="T01:01:38"><abbr title="2012-10-02T01:01:38+00:00">01:01:38</abbr></a>] <span>* bewest (~bewest@httpcraft/bewest) has joined #beaglebone</span></li>
<li class="quit">[<a href="#T01:01:49" id="T01:01:49"><abbr title="2012-10-02T01:01:49+00:00">01:01:49</abbr></a>] <span>* tema (~tema@ppp89-110-15-56.pppoe.avangarddsl.ru) Quit (Quit: Ex-Chat)</span></li>
<li class="join">[<a href="#T01:03:01" id="T01:03:01"><abbr title="2012-10-02T01:03:01+00:00">01:03:01</abbr></a>] <span>* felipealmeida (~user@187.80.175.74) has joined #beagleboard</span></li>
<li class="join">[<a href="#T01:03:29" id="T01:03:29"><abbr title="2012-10-02T01:03:29+00:00">01:03:29</abbr></a>] <span>* felipealmeida (~user@187.80.175.74) has joined #beagle</span></li>
<li class="quit">[<a href="#T01:05:55" id="T01:05:55"><abbr title="2012-10-02T01:05:55+00:00">01:05:55</abbr></a>] <span>* bewest (~bewest@httpcraft/bewest) Quit (Ping timeout: 256 seconds)</span></li>
<li class="join">[<a href="#T01:12:38" id="T01:12:38"><abbr title="2012-10-02T01:12:38+00:00">01:12:38</abbr></a>] <span>* lyakh_ (~lyakh@dslb-084-061-106-010.pools.arcor-ip.net) has joined #beagle</span></li>
<li class="join">[<a href="#T01:13:24" id="T01:13:24"><abbr title="2012-10-02T01:13:24+00:00">01:13:24</abbr></a>] <span>* djerome (~djerome@ip68-2-20-108.ph.ph.cox.net) has joined #beaglebone</span></li>
<li class="quit">[<a href="#T01:14:04" id="T01:14:04"><abbr title="2012-10-02T01:14:04+00:00">01:14:04</abbr></a>] <span>* juvenal (~juvenal@187.34.59.90) Quit (Quit: Computer has gone to sleep.)</span></li>
<li class="join">[<a href="#T01:15:04" id="T01:15:04"><abbr title="2012-10-02T01:15:04+00:00">01:15:04</abbr></a>] <span>* KeatonT (~textual@unaffiliated/keatont) has joined #beagle</span></li>
<li class="quit">[<a href="#T01:16:01" id="T01:16:01"><abbr title="2012-10-02T01:16:01+00:00">01:16:01</abbr></a>] <span>* lyakh__ (~lyakh@dslb-146-060-255-026.pools.arcor-ip.net) Quit (Ping timeout: 244 seconds)</span></li>
<li class="join">[<a href="#T01:18:56" id="T01:18:56"><abbr title="2012-10-02T01:18:56+00:00">01:18:56</abbr></a>] <span>* kaio_ (~kaio@fedora/kaio) has joined #beagle</span></li>
<li class="join">[<a href="#T01:19:41" id="T01:19:41"><abbr title="2012-10-02T01:19:41+00:00">01:19:41</abbr></a>] <span>* novogrammer (~novogramm@p39073-ipngn100105osakakita.osaka.ocn.ne.jp) has joined #beagle</span></li>
<li class="quit">[<a href="#T01:23:20" id="T01:23:20"><abbr title="2012-10-02T01:23:20+00:00">01:23:20</abbr></a>] <span>* kaio_ (~kaio@fedora/kaio) Quit (Ping timeout: 246 seconds)</span></li>
<li class="quit">[<a href="#T01:24:02" id="T01:24:02"><abbr title="2012-10-02T01:24:02+00:00">01:24:02</abbr></a>] <span>* felipealmeida (~user@187.80.175.74) Quit (Ping timeout: 246 seconds)</span></li>
<li class="join">[<a href="#T01:27:23" id="T01:27:23"><abbr title="2012-10-02T01:27:23+00:00">01:27:23</abbr></a>] <span>* bewest (~bewest@httpcraft/bewest) has joined #beagleboard</span></li>
<li class="join">[<abbr title="2012-10-02T01:27:23+00:00">01:27:23</abbr>] <span>* bewest (~bewest@httpcraft/bewest) has joined #beaglebone</span></li>
<li class="join">[<a href="#T01:35:41" id="T01:35:41"><abbr title="2012-10-02T01:35:41+00:00">01:35:41</abbr></a>] <span>* kaio_ (~kaio@fedora/kaio) has joined #beagle</span></li>
<li class="quit">[<a href="#T01:41:32" id="T01:41:32"><abbr title="2012-10-02T01:41:32+00:00">01:41:32</abbr></a>] <span>* bewest (~bewest@httpcraft/bewest) Quit (Remote host closed the connection)</span></li>
<li class="join">[<a href="#T01:45:00" id="T01:45:00"><abbr title="2012-10-02T01:45:00+00:00">01:45:00</abbr></a>] <span>* pfefferz (~pfefferz@cpe-70-123-135-48.austin.res.rr.com) has joined #beagle</span></li>
<li class="join">[<abbr title="2012-10-02T01:45:00+00:00">01:45:00</abbr>] <span>* pfefferz (~pfefferz@cpe-70-123-135-48.austin.res.rr.com) has joined #beagleboard</span></li>
<li class="quit">[<a href="#T01:51:16" id="T01:51:16"><abbr title="2012-10-02T01:51:16+00:00">01:51:16</abbr></a>] <span>* KeatonT (~textual@unaffiliated/keatont) Quit (Quit: Computer has gone to sleep.)</span></li>
<li class="quit">[<a href="#T01:51:19" id="T01:51:19"><abbr title="2012-10-02T01:51:19+00:00">01:51:19</abbr></a>] <span>* Wally (~Carnival@its-wv-bcprox4.its.rmit.edu.au) Quit (Quit: Linkinus - <a href="http://linkinus.com)">http://linkinus.com)</a></span></li>
<li class="quit">[<a href="#T01:54:15" id="T01:54:15"><abbr title="2012-10-02T01:54:15+00:00">01:54:15</abbr></a>] <span>* emeb (~ericb@ip72-201-79-123.ph.ph.cox.net) Quit (Quit: Leaving.)</span></li>
<li class="join">[<a href="#T02:01:03" id="T02:01:03"><abbr title="2012-10-02T02:01:03+00:00">02:01:03</abbr></a>] <span>* bewest (~bewest@httpcraft/bewest) has joined #beagleboard</span></li>
<li class="join">[<a href="#T02:01:04" id="T02:01:04"><abbr title="2012-10-02T02:01:04+00:00">02:01:04</abbr></a>] <span>* bewest (~bewest@httpcraft/bewest) has joined #beaglebone</span></li>
<li class="quit">[<a href="#T02:03:20" id="T02:03:20"><abbr title="2012-10-02T02:03:20+00:00">02:03:20</abbr></a>] <span>* kaio_ (~kaio@fedora/kaio) Quit (Read error: Connection timed out)</span></li>
<li class="join">[<a href="#T02:03:46" id="T02:03:46"><abbr title="2012-10-02T02:03:46+00:00">02:03:46</abbr></a>] <span>* BobH (45091dd1@gateway/web/freenode/ip.69.9.29.209) has joined #beagle</span></li>
<li class="join">[<a href="#T02:03:57" id="T02:03:57"><abbr title="2012-10-02T02:03:57+00:00">02:03:57</abbr></a>] <span>* kaio_ (~kaio@fedora/kaio) has joined #beagle</span></li>
<li class="join">[<a href="#T02:05:47" id="T02:05:47"><abbr title="2012-10-02T02:05:47+00:00">02:05:47</abbr></a>] <span>* tema (~tema@ppp89-110-15-56.pppoe.avangarddsl.ru) has joined #beagle</span></li>
<li class="join">[<a href="#T02:06:37" id="T02:06:37"><abbr title="2012-10-02T02:06:37+00:00">02:06:37</abbr></a>] <span>* emeb_mac (~ericb@ip72-201-79-123.ph.ph.cox.net) has joined #beagle</span></li>
<li class="quit">[<a href="#T02:19:49" id="T02:19:49"><abbr title="2012-10-02T02:19:49+00:00">02:19:49</abbr></a>] <span>* tema (~tema@ppp89-110-15-56.pppoe.avangarddsl.ru) Quit (Quit: Ex-Chat)</span></li>
<li class="quit">[<a href="#T02:27:44" id="T02:27:44"><abbr title="2012-10-02T02:27:44+00:00">02:27:44</abbr></a>] <span>* DesertZarzamora (~quassel@192.100.196.161) Quit (Ping timeout: 246 seconds)</span></li>
<li class="quit">[<a href="#T02:32:51" id="T02:32:51"><abbr title="2012-10-02T02:32:51+00:00">02:32:51</abbr></a>] <span>* BobH (45091dd1@gateway/web/freenode/ip.69.9.29.209) Quit (Quit: Page closed)</span></li>
