<li class="quit">[<a href="#T00:03:29" id="T00:03:29"><abbr title="2012-10-21T00:03:29+00:00">00:03:29</abbr></a>] <span>* woglinde_ (~henning@f052232171.adsl.alicedsl.de) Quit (Ping timeout: 244 seconds)</span></li>
<li class="quit">[<a href="#T00:14:40" id="T00:14:40"><abbr title="2012-10-21T00:14:40+00:00">00:14:40</abbr></a>] <span>* koen (~koen@ip4da2a5ae.direct-adsl.nl) Quit (Ping timeout: 265 seconds)</span></li>
<li class="join">[<a href="#T00:15:19" id="T00:15:19"><abbr title="2012-10-21T00:15:19+00:00">00:15:19</abbr></a>] <span>* koen (~koen@ip4da2a5ae.direct-adsl.nl) has joined #beagle</span></li>
<li class="quit">[<a href="#T00:15:49" id="T00:15:49"><abbr title="2012-10-21T00:15:49+00:00">00:15:49</abbr></a>] <span>* florian (~fuchs@Maemo/community/contributor/florian) Quit (Ping timeout: 246 seconds)</span></li>
<li class="join">[<a href="#T00:28:53" id="T00:28:53"><abbr title="2012-10-21T00:28:53+00:00">00:28:53</abbr></a>] <span>* florian (~fuchs@Maemo/community/contributor/florian) has joined #beagle</span></li>
<li class="quit">[<a href="#T00:38:34" id="T00:38:34"><abbr title="2012-10-21T00:38:34+00:00">00:38:34</abbr></a>] <span>* florian (~fuchs@Maemo/community/contributor/florian) Quit (Ping timeout: 260 seconds)</span></li>
<li class="quit">[<a href="#T00:40:45" id="T00:40:45"><abbr title="2012-10-21T00:40:45+00:00">00:40:45</abbr></a>] <span>* lyakh (~lyakh@dslb-178-006-041-006.pools.arcor-ip.net) Quit (Quit: Leaving)</span></li>
<li class="join">[<a href="#T00:47:48" id="T00:47:48"><abbr title="2012-10-21T00:47:48+00:00">00:47:48</abbr></a>] <span>* tlab (~tlab@2601:d:a180:36:2027:a7fc:fd42:3061) has joined #beagle</span></li>
<li class="join">[<abbr title="2012-10-21T00:47:48+00:00">00:47:48</abbr>] <span>* tlab (~tlab@2601:d:a180:36:2027:a7fc:fd42:3061) has joined #beagleboard</span></li>
<li class="join">[<abbr title="2012-10-21T00:47:48+00:00">00:47:48</abbr>] <span>* tlab (~tlab@2601:d:a180:36:2027:a7fc:fd42:3061) has joined #beaglebone</span></li>
<li class="join">[<a href="#T00:47:56" id="T00:47:56"><abbr title="2012-10-21T00:47:56+00:00">00:47:56</abbr></a>] <span>* calculu5 (~calculus@gentoo/user/calculus) has joined #beagle</span></li>
<li class="quit">[<a href="#T00:51:24" id="T00:51:24"><abbr title="2012-10-21T00:51:24+00:00">00:51:24</abbr></a>] <span>* calculus (~calculus@gentoo/user/calculus) Quit (Ping timeout: 265 seconds)</span></li>
<li class="nick-change">[<a href="#T00:53:24" id="T00:53:24"><abbr title="2012-10-21T00:53:24+00:00">00:53:24</abbr></a>] <span>* calculu5 is now known as calculus</span></li>
<li class="quit">[<a href="#T00:54:13" id="T00:54:13"><abbr title="2012-10-21T00:54:13+00:00">00:54:13</abbr></a>] <span>* tlab (~tlab@2601:d:a180:36:2027:a7fc:fd42:3061) Quit (Quit: Leaving)</span></li>
<li class="quit">[<a href="#T00:55:31" id="T00:55:31"><abbr title="2012-10-21T00:55:31+00:00">00:55:31</abbr></a>] <span>* CMoH (~cipi@unaffiliated/c-moh) Quit (Read error: Operation timed out)</span></li>
<li class="join">[<a href="#T01:12:03" id="T01:12:03"><abbr title="2012-10-21T01:12:03+00:00">01:12:03</abbr></a>] <span>* juvenal (~juvenal@201-92-77-167.dsl.telesp.net.br) has joined #beagle</span></li>
<li class="quit">[<a href="#T01:37:55" id="T01:37:55"><abbr title="2012-10-21T01:37:55+00:00">01:37:55</abbr></a>] <span>* koen (~koen@ip4da2a5ae.direct-adsl.nl) Quit (Ping timeout: 256 seconds)</span></li>
<li class="join">[<a href="#T01:38:24" id="T01:38:24"><abbr title="2012-10-21T01:38:24+00:00">01:38:24</abbr></a>] <span>* koen (~koen@ip4da2a5ae.direct-adsl.nl) has joined #beagle</span></li>
<li class="quit">[<a href="#T01:45:03" id="T01:45:03"><abbr title="2012-10-21T01:45:03+00:00">01:45:03</abbr></a>] <span>* sakoman (~steve@static-74-41-60-154.dsl1.pco.ca.frontiernet.net) Quit (Ping timeout: 265 seconds)</span></li>
<li class="join">[<a href="#T01:58:53" id="T01:58:53"><abbr title="2012-10-21T01:58:53+00:00">01:58:53</abbr></a>] <span>* sakoman (~steve@static-74-41-60-154.dsl1.pco.ca.frontiernet.net) has joined #beagle</span></li>
<li class="join">[<a href="#T02:03:10" id="T02:03:10"><abbr title="2012-10-21T02:03:10+00:00">02:03:10</abbr></a>] <span>* Crofton (~balister@96.240.166.19) has joined #beagle</span></li>
<li class="join">[<a href="#T02:04:35" id="T02:04:35"><abbr title="2012-10-21T02:04:35+00:00">02:04:35</abbr></a>] <span>* Crofton|work (~balister@96.240.166.19) has joined #beagle</span></li>
<li class="quit">[<a href="#T02:11:48" id="T02:11:48"><abbr title="2012-10-21T02:11:48+00:00">02:11:48</abbr></a>] <span>* bewest1 (~bewest@c-24-5-43-241.hsd1.ca.comcast.net) Quit (Remote host closed the connection)</span></li>
<li class="quit">[<a href="#T02:22:34" id="T02:22:34"><abbr title="2012-10-21T02:22:34+00:00">02:22:34</abbr></a>] <span>* pfefferz (~pfefferz@cpe-70-123-135-48.austin.res.rr.com) Quit (Ping timeout: 240 seconds)</span></li>
<li class="join">[<a href="#T02:28:46" id="T02:28:46"><abbr title="2012-10-21T02:28:46+00:00">02:28:46</abbr></a>] <span>* TD-Linux (~thomas@2607:ea00:104:400:2677:3ff:fe83:7814) has joined #beagle</span></li>
<li class="quit">[<abbr title="2012-10-21T02:28:46+00:00">02:28:46</abbr>] <span>* TD-Linux (~thomas@2607:ea00:104:400:2677:3ff:fe83:7814) Quit (Changing host)</span></li>
<li class="join">[<abbr title="2012-10-21T02:28:46+00:00">02:28:46</abbr>] <span>* TD-Linux (~thomas@about/essy/indecisive/TD-Linux) has joined #beagle</span></li>
<li class="join">[<a href="#T02:38:19" id="T02:38:19"><abbr title="2012-10-21T02:38:19+00:00">02:38:19</abbr></a>] <span>* pfefferz (~pfefferz@cpe-70-123-135-48.austin.res.rr.com) has joined #beagleboard</span></li>
<li class="join">[<a href="#T02:38:21" id="T02:38:21"><abbr title="2012-10-21T02:38:21+00:00">02:38:21</abbr></a>] <span>* pfefferz (~pfefferz@cpe-70-123-135-48.austin.res.rr.com) has joined #beagle</span></li>
<li class="join">[<a href="#T02:39:04" id="T02:39:04"><abbr title="2012-10-21T02:39:04+00:00">02:39:04</abbr></a>] <span>* tlab (~tlab@c-67-184-122-137.hsd1.in.comcast.net) has joined #beagle</span></li>
<li class="join">[<abbr title="2012-10-21T02:39:04+00:00">02:39:04</abbr>] <span>* tlab (~tlab@c-67-184-122-137.hsd1.in.comcast.net) has joined #beagleboard</span></li>
<li class="join">[<abbr title="2012-10-21T02:39:04+00:00">02:39:04</abbr>] <span>* tlab (~tlab@c-67-184-122-137.hsd1.in.comcast.net) has joined #beaglebone</span></li>
<li class="quit">[<a href="#T02:40:32" id="T02:40:32"><abbr title="2012-10-21T02:40:32+00:00">02:40:32</abbr></a>] <span>* TD-Linux (~thomas@about/essy/indecisive/TD-Linux) Quit (Ping timeout: 246 seconds)</span></li>
<li class="quit">[<a href="#T02:49:44" id="T02:49:44"><abbr title="2012-10-21T02:49:44+00:00">02:49:44</abbr></a>] <span>* tlab (~tlab@c-67-184-122-137.hsd1.in.comcast.net) Quit (Quit: Leaving)</span></li>
<li class="quit">[<a href="#T02:59:40" id="T02:59:40"><abbr title="2012-10-21T02:59:40+00:00">02:59:40</abbr></a>] <span>* GPSFan (~kenm@64.92.145.112) Quit (Remote host closed the connection)</span></li>
<li class="quit">[<a href="#T03:02:34" id="T03:02:34"><abbr title="2012-10-21T03:02:34+00:00">03:02:34</abbr></a>] <span>* katier (katierh@nat/google/x-xbgxvrfhkkuyuvxu) Quit (Ping timeout: 246 seconds)</span></li>
<li class="quit">[<a href="#T03:10:07" id="T03:10:07"><abbr title="2012-10-21T03:10:07+00:00">03:10:07</abbr></a>] <span>* juvenal (~juvenal@201-92-77-167.dsl.telesp.net.br) Quit (Quit: Computer has gone to sleep.)</span></li>
<li class="quit">[<a href="#T03:17:31" id="T03:17:31"><abbr title="2012-10-21T03:17:31+00:00">03:17:31</abbr></a>] <span>* sakoman (~steve@static-74-41-60-154.dsl1.pco.ca.frontiernet.net) Quit (Quit: Leaving.)</span></li>
<li class="quit">[<a href="#T03:33:31" id="T03:33:31"><abbr title="2012-10-21T03:33:31+00:00">03:33:31</abbr></a>] <span>* unterhausen (~eric@130.203.212.186) Quit (Ping timeout: 246 seconds)</span></li>
<li class="join">[<a href="#T03:48:28" id="T03:48:28"><abbr title="2012-10-21T03:48:28+00:00">03:48:28</abbr></a>] <span>* unterhausen (~eric@130.203.212.186) has joined #beagle</span></li>
<li class="quit">[<a href="#T03:56:00" id="T03:56:00"><abbr title="2012-10-21T03:56:00+00:00">03:56:00</abbr></a>] <span>* koen (~koen@ip4da2a5ae.direct-adsl.nl) Quit (Ping timeout: 268 seconds)</span></li>
<li class="join">[<a href="#T03:56:24" id="T03:56:24"><abbr title="2012-10-21T03:56:24+00:00">03:56:24</abbr></a>] <span>* koen (~koen@ip4da2a5ae.direct-adsl.nl) has joined #beagle</span></li>
<li class="join">[<a href="#T04:06:53" id="T04:06:53"><abbr title="2012-10-21T04:06:53+00:00">04:06:53</abbr></a>] <span>* kaio (~kaio@fedora/kaio) has joined #beagle</span></li>
<li class="join">[<a href="#T04:25:02" id="T04:25:02"><abbr title="2012-10-21T04:25:02+00:00">04:25:02</abbr></a>] <span>* KeatonT (~textual@unaffiliated/keatont) has joined #beagle</span></li>
<li class="quit">[<a href="#T04:51:33" id="T04:51:33"><abbr title="2012-10-21T04:51:33+00:00">04:51:33</abbr></a>] <span>* KeatonT (~textual@unaffiliated/keatont) Quit (Quit: Textual IRC Client: <a href="http://www.textualapp.com/)">http://www.textualapp.com/)</a></span></li>
<li class="quit">[<a href="#T04:59:34" id="T04:59:34"><abbr title="2012-10-21T04:59:34+00:00">04:59:34</abbr></a>] <span>* hattwick (~hattwick@68-184-17-253.dhcp.unas.ma.charter.com) Quit (Ping timeout: 240 seconds)</span></li>
