<li class="nick-change">[<a href="#T00:00:41" id="T00:00:41"><abbr title="2012-01-03T00:00:41+00:00">00:00:41</abbr></a>] <span>* ka6sox is now known as ka6sox-away</span></li>
<li class="quit">[<a href="#T00:15:20" id="T00:15:20"><abbr title="2012-01-03T00:15:20+00:00">00:15:20</abbr></a>] <span>* EasyAt (~easy@64.244.204.2) Quit (Ping timeout: 240 seconds)</span></li>
<li class="quit">[<a href="#T00:22:08" id="T00:22:08"><abbr title="2012-01-03T00:22:08+00:00">00:22:08</abbr></a>] <span>* olsen (~sesselast@195.176.0.196) Quit (Ping timeout: 240 seconds)</span></li>
<li class="join">[<a href="#T00:27:34" id="T00:27:34"><abbr title="2012-01-03T00:27:34+00:00">00:27:34</abbr></a>] <span>* rcranetx1 (~rcranetx@nat/ti/x-qaflkwszicuihszq) has joined #beagle</span></li>
<li class="quit">[<a href="#T00:30:41" id="T00:30:41"><abbr title="2012-01-03T00:30:41+00:00">00:30:41</abbr></a>] <span>* rcranetx (~rcranetx@nat/ti/x-lijgiifyzfgkqrya) Quit (Ping timeout: 268 seconds)</span></li>
<li class="quit">[<a href="#T00:32:16" id="T00:32:16"><abbr title="2012-01-03T00:32:16+00:00">00:32:16</abbr></a>] <span>* florian (~fuchs@Maemo/community/contributor/florian) Quit (Ping timeout: 240 seconds)</span></li>
<li class="join">[<a href="#T00:47:01" id="T00:47:01"><abbr title="2012-01-03T00:47:01+00:00">00:47:01</abbr></a>] <span>* tlab (~tlab@c-98-223-22-156.hsd1.in.comcast.net) has joined #beagle</span></li>
<li class="join">[<abbr title="2012-01-03T00:47:01+00:00">00:47:01</abbr>] <span>* tlab (~tlab@c-98-223-22-156.hsd1.in.comcast.net) has joined #beaglebone</span></li>
<li class="message">[<a href="#T00:50:10" id="T00:50:10"><abbr title="2012-01-03T00:50:10+00:00">00:50:10</abbr></a>] &lt;<cite>emeb</cite>&gt; <q>*crickets*</q></li>
<li class="join">[<a href="#T00:51:23" id="T00:51:23"><abbr title="2012-01-03T00:51:23+00:00">00:51:23</abbr></a>] <span>* leming- (~leming@c-75-71-192-135.hsd1.co.comcast.net) has joined #beagle</span></li>
<li class="quit">[<a href="#T00:52:16" id="T00:52:16"><abbr title="2012-01-03T00:52:16+00:00">00:52:16</abbr></a>] <span>* leming (~leming@c-75-71-192-135.hsd1.co.comcast.net) Quit (Ping timeout: 268 seconds)</span></li>
<li class="nick-change">[<a href="#T00:52:17" id="T00:52:17"><abbr title="2012-01-03T00:52:17+00:00">00:52:17</abbr></a>] <span>* leming- is now known as leming</span></li>
<li class="message">[<a href="#T00:53:38" id="T00:53:38"><abbr title="2012-01-03T00:53:38+00:00">00:53:38</abbr></a>] &lt;<cite>tlab</cite>&gt; <q>hi emeb</q></li>
<li class="message">[<a href="#T00:53:45" id="T00:53:45"><abbr title="2012-01-03T00:53:45+00:00">00:53:45</abbr></a>] &lt;<cite>emeb</cite>&gt; <q>tlab: hey</q></li>
<li class="message">[<a href="#T00:54:05" id="T00:54:05"><abbr title="2012-01-03T00:54:05+00:00">00:54:05</abbr></a>] &lt;<cite>tlab</cite>&gt; <q>I take it you got your spi rotary encoder to work?</q></li>
<li class="message">[<a href="#T00:54:18" id="T00:54:18"><abbr title="2012-01-03T00:54:18+00:00">00:54:18</abbr></a>] &lt;<cite>emeb</cite>&gt; <q>tlab: yep - just peachy.</q></li>
<li class="message">[<a href="#T00:54:36" id="T00:54:36"><abbr title="2012-01-03T00:54:36+00:00">00:54:36</abbr></a>] &lt;<cite>emeb</cite>&gt; <q>On to the next challenge now - codec. </q></li>
<li class="message">[<a href="#T00:54:41" id="T00:54:41"><abbr title="2012-01-03T00:54:41+00:00">00:54:41</abbr></a>] &lt;<cite>tlab</cite>&gt; <q>did you use spi0 or spi1, or both?</q></li>
<li class="message">[<a href="#T00:55:01" id="T00:55:01"><abbr title="2012-01-03T00:55:01+00:00">00:55:01</abbr></a>] &lt;<cite>emeb</cite>&gt; <q>Err - spi for what?</q></li>
<li class="message">[<a href="#T00:55:14" id="T00:55:14"><abbr title="2012-01-03T00:55:14+00:00">00:55:14</abbr></a>] &lt;<cite>emeb</cite>&gt; <q>I'm using spi0, but that's for a display interface</q></li>
<li class="message">[<abbr title="2012-01-03T00:55:14+00:00">00:55:14</abbr>] &lt;<cite>tlab</cite>&gt; <q>rotary encoder?</q></li>
<li class="message">[<a href="#T00:55:18" id="T00:55:18"><abbr title="2012-01-03T00:55:18+00:00">00:55:18</abbr></a>] &lt;<cite>tlab</cite>&gt; <q>oh</q></li>
<li class="message">[<a href="#T00:55:22" id="T00:55:22"><abbr title="2012-01-03T00:55:22+00:00">00:55:22</abbr></a>] &lt;<cite>emeb</cite>&gt; <q>rotary encoder just uses GPIO</q></li>
<li class="message">[<a href="#T00:55:29" id="T00:55:29"><abbr title="2012-01-03T00:55:29+00:00">00:55:29</abbr></a>] &lt;<cite>tlab</cite>&gt; <q>so your just transmitting out only then?</q></li>
<li class="message">[<a href="#T00:56:03" id="T00:56:03"><abbr title="2012-01-03T00:56:03+00:00">00:56:03</abbr></a>] &lt;<cite>emeb</cite>&gt; <q>tlab: not sure what you mean</q></li>
<li class="message">[<a href="#T00:56:39" id="T00:56:39"><abbr title="2012-01-03T00:56:39+00:00">00:56:39</abbr></a>] &lt;<cite>tlab</cite>&gt; <q>your just sending the display info, your not reading from it</q></li>
<li class="message">[<a href="#T00:56:50" id="T00:56:50"><abbr title="2012-01-03T00:56:50+00:00">00:56:50</abbr></a>] &lt;<cite>emeb</cite>&gt; <q>tlab: that's correct.</q></li>
<li class="message">[<a href="#T00:57:04" id="T00:57:04"><abbr title="2012-01-03T00:57:04+00:00">00:57:04</abbr></a>] &lt;<cite>emeb</cite>&gt; <q>the display I'm using doesn't have serial readback </q></li>
<li class="message">[<a href="#T00:57:30" id="T00:57:30"><abbr title="2012-01-03T00:57:30+00:00">00:57:30</abbr></a>] &lt;<cite>emeb</cite>&gt; <q>some may, and I'm also using spi0 for tx/rx with an FPGA on another project.</q></li>
<li class="message">[<a href="#T00:57:35" id="T00:57:35"><abbr title="2012-01-03T00:57:35+00:00">00:57:35</abbr></a>] &lt;<cite>tlab</cite>&gt; <q>I have an analog to digital chip I want to use, to learn with</q></li>
<li class="message">[<a href="#T00:58:01" id="T00:58:01"><abbr title="2012-01-03T00:58:01+00:00">00:58:01</abbr></a>] &lt;<cite>emeb</cite>&gt; <q>sounds fun. SPI?</q></li>
<li class="message">[<a href="#T00:58:28" id="T00:58:28"><abbr title="2012-01-03T00:58:28+00:00">00:58:28</abbr></a>] &lt;<cite>tlab</cite>&gt; <q>yea I've used SPI with a hc12 microcontroller in C</q></li>
<li class="message">[<a href="#T00:58:36" id="T00:58:36"><abbr title="2012-01-03T00:58:36+00:00">00:58:36</abbr></a>] &lt;<cite>tlab</cite>&gt; <q>but using linux is new</q></li>
<li class="message">[<a href="#T00:58:54" id="T00:58:54"><abbr title="2012-01-03T00:58:54+00:00">00:58:54</abbr></a>] &lt;<cite>emeb</cite>&gt; <q>spi in linux userland is very different from spi in a uC</q></li>
<li class="message">[<a href="#T00:59:19" id="T00:59:19"><abbr title="2012-01-03T00:59:19+00:00">00:59:19</abbr></a>] &lt;<cite>tlab</cite>&gt; <q>dwery showed me the /sys/kernel/debug folder</q></li>
<li class="message">[<a href="#T00:59:31" id="T00:59:31"><abbr title="2012-01-03T00:59:31+00:00">00:59:31</abbr></a>] &lt;<cite>emeb</cite>&gt; <q>I think dwery: published a patch for enabling both spi channels as spidev devices yesterday.</q></li>
<li class="message">[<a href="#T00:59:33" id="T00:59:33"><abbr title="2012-01-03T00:59:33+00:00">00:59:33</abbr></a>] &lt;<cite>tlab</cite>&gt; <q>emeb, I can tell</q></li>
<li class="message">[<a href="#T00:59:37" id="T00:59:37"><abbr title="2012-01-03T00:59:37+00:00">00:59:37</abbr></a>] &lt;<cite>jacekowski</cite>&gt; <q>emeb: SSI?</q></li>
