<li class="message">[<a href="#T00:03:50" id="T00:03:50"><abbr title="2013-02-11T00:03:50+00:00">00:03:50</abbr></a>] &lt;<cite>mrpackethead</cite>&gt; <q>mranostay: just hanging around trying to match people to jobs.</q></li>
<li class="message">[<a href="#T00:15:24" id="T00:15:24"><abbr title="2013-02-11T00:15:24+00:00">00:15:24</abbr></a>] &lt;<cite>Russ</cite>&gt; <q>I have no clue what you are saying</q></li>
<li class="message">[<a href="#T00:15:30" id="T00:15:30"><abbr title="2013-02-11T00:15:30+00:00">00:15:30</abbr></a>] &lt;<cite>Russ</cite>&gt; <q>pinconf is an array</q></li>
<li class="quit">[<a href="#T00:21:59" id="T00:21:59"><abbr title="2013-02-11T00:21:59+00:00">00:21:59</abbr></a>] <span>* hattwick (~hattwick@68-184-17-253.dhcp.unas.ma.charter.com) Quit (Ping timeout: 252 seconds)</span></li>
<li class="join">[<a href="#T00:23:49" id="T00:23:49"><abbr title="2013-02-11T00:23:49+00:00">00:23:49</abbr></a>] <span>* hattwick (~hattwick@68-184-17-253.dhcp.unas.ma.charter.com) has joined #beagle</span></li>
<li class="quit">[<a href="#T00:28:14" id="T00:28:14"><abbr title="2013-02-11T00:28:14+00:00">00:28:14</abbr></a>] <span>* mhaberler (~mhaberler@extern-187.stiwoll.mah.priv.at) Quit (Quit: mhaberler)</span></li>
<li class="quit">[<a href="#T00:34:06" id="T00:34:06"><abbr title="2013-02-11T00:34:06+00:00">00:34:06</abbr></a>] <span>* icota (~quassel@dh207-29-204.xnet.hr) Quit (Remote host closed the connection)</span></li>
<li class="quit">[<a href="#T00:42:32" id="T00:42:32"><abbr title="2013-02-11T00:42:32+00:00">00:42:32</abbr></a>] <span>* pfefferz (~pfefferz@cpe-70-112-138-163.austin.res.rr.com) Quit (Ping timeout: 255 seconds)</span></li>
<li class="quit">[<a href="#T00:56:18" id="T00:56:18"><abbr title="2013-02-11T00:56:18+00:00">00:56:18</abbr></a>] <span>* nfuw (2eec6d0a@gateway/web/freenode/ip.46.236.109.10) Quit (Ping timeout: 245 seconds)</span></li>
<li class="join">[<a href="#T01:00:58" id="T01:00:58"><abbr title="2013-02-11T01:00:58+00:00">01:00:58</abbr></a>] <span>* pfefferz (~pfefferz@ip-64-134-147-220.public.wayport.net) has joined #beagle</span></li>
<li class="join">[<abbr title="2013-02-11T01:00:58+00:00">01:00:58</abbr>] <span>* pfefferz (~pfefferz@ip-64-134-147-220.public.wayport.net) has joined #beagleboard</span></li>
<li class="quit">[<a href="#T01:11:51" id="T01:11:51"><abbr title="2013-02-11T01:11:51+00:00">01:11:51</abbr></a>] <span>* mranostay (~mranostay@pdpc/supporter/active/mranostay) Quit (Ping timeout: 260 seconds)</span></li>
<li class="quit">[<a href="#T01:20:18" id="T01:20:18"><abbr title="2013-02-11T01:20:18+00:00">01:20:18</abbr></a>] <span>* guanucoluis (~luis@host19.190-30-25.telecom.net.ar) Quit (Ping timeout: 256 seconds)</span></li>
<li class="join">[<a href="#T01:24:19" id="T01:24:19"><abbr title="2013-02-11T01:24:19+00:00">01:24:19</abbr></a>] <span>* toneeee (~Adium@pool-72-84-244-30.rcmdva.fios.verizon.net) has joined #beagle</span></li>
<li class="quit">[<a href="#T01:24:40" id="T01:24:40"><abbr title="2013-02-11T01:24:40+00:00">01:24:40</abbr></a>] <span>* emeb (~ericb@ip72-201-78-226.ph.ph.cox.net) Quit (Quit: Leaving.)</span></li>
<li class="quit">[<a href="#T01:50:05" id="T01:50:05"><abbr title="2013-02-11T01:50:05+00:00">01:50:05</abbr></a>] <span>* Crofton (~balister@12.130.106.101) Quit (Remote host closed the connection)</span></li>
<li class="quit">[<a href="#T01:54:49" id="T01:54:49"><abbr title="2013-02-11T01:54:49+00:00">01:54:49</abbr></a>] <span>* cosmo1t (znc@cosmo.2y.net) Quit (Quit: ZNC - <a href="http://znc.sourceforge.net)">http://znc.sourceforge.net)</a></span></li>
<li class="join">[<a href="#T01:55:22" id="T01:55:22"><abbr title="2013-02-11T01:55:22+00:00">01:55:22</abbr></a>] <span>* Crofton (~balister@12.130.106.101) has joined #beagle</span></li>
<li class="join">[<a href="#T01:55:53" id="T01:55:53"><abbr title="2013-02-11T01:55:53+00:00">01:55:53</abbr></a>] <span>* mranostay (~mranostay@pdpc/supporter/active/mranostay) has joined #beagle</span></li>
<li class="join">[<a href="#T01:56:05" id="T01:56:05"><abbr title="2013-02-11T01:56:05+00:00">01:56:05</abbr></a>] <span>* cosmo1t (montenis@cosmo.2y.net) has joined #beagle</span></li>
<li class="join">[<a href="#T02:02:01" id="T02:02:01"><abbr title="2013-02-11T02:02:01+00:00">02:02:01</abbr></a>] <span>* DJWillis (~djwillis@cpc1-bath5-2-0-cust122.aztw.cable.virginmedia.com) has joined #beagle</span></li>
<li class="quit">[<a href="#T02:04:11" id="T02:04:11"><abbr title="2013-02-11T02:04:11+00:00">02:04:11</abbr></a>] <span>* DJW|Home (~djwillis@cpc1-bath5-2-0-cust122.aztw.cable.virginmedia.com) Quit (Ping timeout: 244 seconds)</span></li>
<li class="join">[<a href="#T02:05:24" id="T02:05:24"><abbr title="2013-02-11T02:05:24+00:00">02:05:24</abbr></a>] <span>* guanucoluis (~luis@host1.200-117-209.telecom.net.ar) has joined #beagleboard</span></li>
<li class="join">[<a href="#T02:11:50" id="T02:11:50"><abbr title="2013-02-11T02:11:50+00:00">02:11:50</abbr></a>] <span>* davest (~Adium@134.134.139.76) has joined #beagle</span></li>
<li class="message">[<a href="#T02:12:37" id="T02:12:37"><abbr title="2013-02-11T02:12:37+00:00">02:12:37</abbr></a>] &lt;<cite>mranostay</cite>&gt; <q>wb davest</q></li>
<li class="quit">[<a href="#T02:25:26" id="T02:25:26"><abbr title="2013-02-11T02:25:26+00:00">02:25:26</abbr></a>] <span>* Crofton (~balister@12.130.106.101) Quit (Quit: Leaving)</span></li>
<li class="join">[<a href="#T02:26:29" id="T02:26:29"><abbr title="2013-02-11T02:26:29+00:00">02:26:29</abbr></a>] <span>* rbarraud__ (~rbarraud@125-239-32-133.jetstream.xtra.co.nz) has joined #beagle</span></li>
<li class="quit">[<a href="#T02:28:41" id="T02:28:41"><abbr title="2013-02-11T02:28:41+00:00">02:28:41</abbr></a>] <span>* davest (~Adium@134.134.139.76) Quit (Remote host closed the connection)</span></li>
<li class="quit">[<a href="#T02:54:50" id="T02:54:50"><abbr title="2013-02-11T02:54:50+00:00">02:54:50</abbr></a>] <span>* pfefferz (~pfefferz@ip-64-134-147-220.public.wayport.net) Quit (Ping timeout: 255 seconds)</span></li>
<li class="quit">[<a href="#T03:00:35" id="T03:00:35"><abbr title="2013-02-11T03:00:35+00:00">03:00:35</abbr></a>] <span>* guanucoluis (~luis@host1.200-117-209.telecom.net.ar) Quit (Ping timeout: 256 seconds)</span></li>
<li class="join">[<a href="#T03:12:15" id="T03:12:15"><abbr title="2013-02-11T03:12:15+00:00">03:12:15</abbr></a>] <span>* minibnz (~bnz@082.016.dsl.syd.iprimus.net.au) has joined #beagle</span></li>
<li class="message">[<a href="#T03:13:40" id="T03:13:40"><abbr title="2013-02-11T03:13:40+00:00">03:13:40</abbr></a>] &lt;<cite>minibnz</cite>&gt; <q>hi guys just wondering if anyone can point me to a link about the beaglebone's hardware licensing.. we want to make our own (with a few mods) and need to know about the licensing rules.. what is the license fot the hardware do we need to post our improvements (ie share-alike)</q></li>
<li class="join">[<a href="#T03:15:23" id="T03:15:23"><abbr title="2013-02-11T03:15:23+00:00">03:15:23</abbr></a>] <span>* KeatonT (~textual@unaffiliated/keatont) has joined #beagle</span></li>
<li class="join">[<a href="#T03:18:21" id="T03:18:21"><abbr title="2013-02-11T03:18:21+00:00">03:18:21</abbr></a>] <span>* _chase_ (~a0271661@nat/ti/x-wiaczwogvhfjdvzm) has joined #beagle</span></li>
<li class="message">[<a href="#T03:20:29" id="T03:20:29"><abbr title="2013-02-11T03:20:29+00:00">03:20:29</abbr></a>] &lt;<cite>mrpackethead</cite>&gt; <q>minibnz: talk to sales@circuitco.com</q></li>
<li class="message">[<a href="#T03:24:26" id="T03:24:26"><abbr title="2013-02-11T03:24:26+00:00">03:24:26</abbr></a>] &lt;<cite>mranostay</cite>&gt; <q>minibnz: what mods?</q></li>
<li class="quit">[<a href="#T03:26:16" id="T03:26:16"><abbr title="2013-02-11T03:26:16+00:00">03:26:16</abbr></a>] <span>* sh1v (~sh1v@confluxhost.com) Quit (Quit: Lost terminal)</span></li>
<li class="join">[<a href="#T03:26:41" id="T03:26:41"><abbr title="2013-02-11T03:26:41+00:00">03:26:41</abbr></a>] <span>* sh1v (~sh1v@confluxhost.com) has joined #beagle</span></li>
<li class="message">[<a href="#T03:39:51" id="T03:39:51"><abbr title="2013-02-11T03:39:51+00:00">03:39:51</abbr></a>] &lt;<cite>ds2</cite>&gt; <q>minibnz: see www.beagleboard.org</q></li>
<li class="quit">[<a href="#T03:46:59" id="T03:46:59"><abbr title="2013-02-11T03:46:59+00:00">03:46:59</abbr></a>] <span>* djerome (~djerome@ip68-2-20-108.ph.ph.cox.net) Quit (Remote host closed the connection)</span></li>
<li class="nick-change">[<a href="#T03:51:52" id="T03:51:52"><abbr title="2013-02-11T03:51:52+00:00">03:51:52</abbr></a>] <span>* ka6sox-away is now known as ka6sox</span></li>
<li class="message">[<a href="#T03:52:53" id="T03:52:53"><abbr title="2013-02-11T03:52:53+00:00">03:52:53</abbr></a>] &lt;<cite>mranostay</cite>&gt; <q>howdy-ho mr  KeatonT</q></li>
<li class="message">[<a href="#T03:53:00" id="T03:53:00"><abbr title="2013-02-11T03:53:00+00:00">03:53:00</abbr></a>] &lt;<cite>mranostay</cite>&gt; <q>er ka6sox</q></li>
<li class="quit">[<a href="#T03:53:09" id="T03:53:09"><abbr title="2013-02-11T03:53:09+00:00">03:53:09</abbr></a>] <span>* GPSFan (~kenm@64.92.145.112) Quit (Remote host closed the connection)</span></li>
<li class="message">[<a href="#T03:53:28" id="T03:53:28"><abbr title="2013-02-11T03:53:28+00:00">03:53:28</abbr></a>] &lt;<cite>KeatonT</cite>&gt; <q>Hello mranostay</q></li>
<li class="message">[<a href="#T03:58:36" id="T03:58:36"><abbr title="2013-02-11T03:58:36+00:00">03:58:36</abbr></a>] &lt;<cite>minibnz</cite>&gt; <q>yeah we need a few extras added to the board. nothing that interesting, and RTC, RS232 level shifter..</q></li>
<li class="join">[<a href="#T03:58:46" id="T03:58:46"><abbr title="2013-02-11T03:58:46+00:00">03:58:46</abbr></a>] <span>* pfefferz (~pfefferz@cpe-70-112-138-163.austin.res.rr.com) has joined #beagle</span></li>
<li class="join">[<abbr title="2013-02-11T03:58:46+00:00">03:58:46</abbr>] <span>* pfefferz (~pfefferz@cpe-70-112-138-163.austin.res.rr.com) has joined #beagleboard</span></li>
<li class="message">[<a href="#T03:59:03" id="T03:59:03"><abbr title="2013-02-11T03:59:03+00:00">03:59:03</abbr></a>] &lt;<cite>minibnz</cite>&gt; <q>i have searched on beagleboard.org and it unclear about the license on the hardware.</q></li>
<li class="message">[<a href="#T03:59:20" id="T03:59:20"><abbr title="2013-02-11T03:59:20+00:00">03:59:20</abbr></a>] &lt;<cite>mranostay</cite>&gt; <q>minibnz: why not do a cape for that?</q></li>
<li class="message">[<a href="#T03:59:28" id="T03:59:28"><abbr title="2013-02-11T03:59:28+00:00">03:59:28</abbr></a>] &lt;<cite>minibnz</cite>&gt; <q>the pages all say it all CC-SA.30 unless stated otehrwise.. but wanted to be sure..</q></li>
<li class="message">[<a href="#T03:59:53" id="T03:59:53"><abbr title="2013-02-11T03:59:53+00:00">03:59:53</abbr></a>] &lt;<cite>minibnz</cite>&gt; <q>mranostay if we put it on a cape its too big to fit our shells.. and we want to go smaller...</q></li>
