<li class="message">[<a href="#T00:00:53" id="T00:00:53"><abbr title="2013-08-31T00:00:53+00:00">00:00:53</abbr></a>] &lt;<cite>snehal</cite>&gt; <q>I can try that I have not tried it.</q></li>
<li class="message">[<a href="#T00:01:33" id="T00:01:33"><abbr title="2013-08-31T00:01:33+00:00">00:01:33</abbr></a>] &lt;<cite>spikebike</cite>&gt; <q>if your private network masq/natted to the internet?</q></li>
<li class="message">[<a href="#T00:01:47" id="T00:01:47"><abbr title="2013-08-31T00:01:47+00:00">00:01:47</abbr></a>] &lt;<cite>spikebike</cite>&gt; <q>do you have any other devices on the 192.168.*.* network?</q></li>
<li class="part">[<a href="#T00:02:10" id="T00:02:10"><abbr title="2013-08-31T00:02:10+00:00">00:02:10</abbr></a>] <span>* zeroem (~Darrell_H@nat-225.fw1.la.vclk.net) has left #beagle</span></li>
<li class="quit">[<a href="#T00:02:45" id="T00:02:45"><abbr title="2013-08-31T00:02:45+00:00">00:02:45</abbr></a>] <span>* SysEngr (~SysEngr@ip68-228-241-62.ph.ph.cox.net) Quit (Remote host closed the connection)</span></li>
<li class="message">[<a href="#T00:02:51" id="T00:02:51"><abbr title="2013-08-31T00:02:51+00:00">00:02:51</abbr></a>] &lt;<cite>snehal</cite>&gt; <q>I tried the ping but it says unknown host</q></li>
<li class="message">[<a href="#T00:03:19" id="T00:03:19"><abbr title="2013-08-31T00:03:19+00:00">00:03:19</abbr></a>] &lt;<cite>thurgood</cite>&gt; <q>then you have a problem with the connection itself, not just the time updater</q></li>
<li class="message">[<a href="#T00:04:22" id="T00:04:22"><abbr title="2013-08-31T00:04:22+00:00">00:04:22</abbr></a>] &lt;<cite>snehal</cite>&gt; <q>I tried pining it on PUUTY ssh connection</q></li>
<li class="message">[<a href="#T00:04:41" id="T00:04:41"><abbr title="2013-08-31T00:04:41+00:00">00:04:41</abbr></a>] &lt;<cite>hurlawhirl</cite>&gt; <q>date &lt;month&gt;&lt;day&gt;&lt;hour&gt;&lt;min&gt;&lt;year&gt; works if you want to set it manually</q></li>
<li class="message">[<a href="#T00:05:07" id="T00:05:07"><abbr title="2013-08-31T00:05:07+00:00">00:05:07</abbr></a>] &lt;<cite>snehal</cite>&gt; <q>but it will not update by itself everytime I boot right?</q></li>
<li class="message">[<a href="#T00:05:23" id="T00:05:23"><abbr title="2013-08-31T00:05:23+00:00">00:05:23</abbr></a>] &lt;<cite>thurgood</cite>&gt; <q>not until you get your internet working</q></li>
<li class="message">[<a href="#T00:05:27" id="T00:05:27"><abbr title="2013-08-31T00:05:27+00:00">00:05:27</abbr></a>] &lt;<cite>hurlawhirl</cite>&gt; <q>that will set it manually. I believe there is a cron job to set the date I believe</q></li>
<li class="message">[<a href="#T00:05:47" id="T00:05:47"><abbr title="2013-08-31T00:05:47+00:00">00:05:47</abbr></a>] &lt;<cite>hurlawhirl</cite>&gt; <q>based on ntp time.</q></li>
<li class="message">[<a href="#T00:05:59" id="T00:05:59"><abbr title="2013-08-31T00:05:59+00:00">00:05:59</abbr></a>] &lt;<cite>snehal</cite>&gt; <q>yeah, currently it has /etc/localtime/ntpdate-sync silent</q></li>
<li class="message">[<a href="#T00:06:13" id="T00:06:13"><abbr title="2013-08-31T00:06:13+00:00">00:06:13</abbr></a>] &lt;<cite>snehal</cite>&gt; <q>I tried to add webserver there but no luck!</q></li>
<li class="message">[<a href="#T00:07:32" id="T00:07:32"><abbr title="2013-08-31T00:07:32+00:00">00:07:32</abbr></a>] &lt;<cite>snehal</cite>&gt; <q>ohh.. I just realized I have a connection on 192.168.*.*</q></li>
<li class="message">[<a href="#T00:07:39" id="T00:07:39"><abbr title="2013-08-31T00:07:39+00:00">00:07:39</abbr></a>] &lt;<cite>snehal</cite>&gt; <q>is that a problem?</q></li>
<li class="message">[<a href="#T00:08:02" id="T00:08:02"><abbr title="2013-08-31T00:08:02+00:00">00:08:02</abbr></a>] &lt;<cite>thurgood</cite>&gt; <q>only if they're the same address</q></li>
<li class="message">[<a href="#T00:08:39" id="T00:08:39"><abbr title="2013-08-31T00:08:39+00:00">00:08:39</abbr></a>] &lt;<cite>thurgood</cite>&gt; <q>you said that you're connected by usb.... is the g-ether or a usb-ethernet connection?</q></li>
<li class="message">[<a href="#T00:09:09" id="T00:09:09"><abbr title="2013-08-31T00:09:09+00:00">00:09:09</abbr></a>] &lt;<cite>snehal</cite>&gt; <q>no... it's simply a ssh using putty.</q></li>
<li class="message">[<a href="#T00:09:24" id="T00:09:24"><abbr title="2013-08-31T00:09:24+00:00">00:09:24</abbr></a>] &lt;<cite>thurgood</cite>&gt; <q>is the host machine doing internet sharing?</q></li>
<li class="message">[<a href="#T00:10:56" id="T00:10:56"><abbr title="2013-08-31T00:10:56+00:00">00:10:56</abbr></a>] &lt;<cite>snehal</cite>&gt; <q>no</q></li>
<li class="message">[<a href="#T00:11:07" id="T00:11:07"><abbr title="2013-08-31T00:11:07+00:00">00:11:07</abbr></a>] &lt;<cite>thurgood</cite>&gt; <q>that would be an issue then</q></li>
<li class="message">[<a href="#T00:11:29" id="T00:11:29"><abbr title="2013-08-31T00:11:29+00:00">00:11:29</abbr></a>] &lt;<cite>snehal</cite>&gt; <q>Could you please tell me how to do that?</q></li>
<li class="join">[<a href="#T00:11:30" id="T00:11:30"><abbr title="2013-08-31T00:11:30+00:00">00:11:30</abbr></a>] <span>* vvu|Mobile (~vvu@178.138.99.40) has joined #beagle</span></li>
<li class="message">[<a href="#T00:11:55" id="T00:11:55"><abbr title="2013-08-31T00:11:55+00:00">00:11:55</abbr></a>] &lt;<cite>thurgood</cite>&gt; <q>I've used firestarter in the past assuming your host machine is ubuntu</q></li>
<li class="message">[<a href="#T00:12:30" id="T00:12:30"><abbr title="2013-08-31T00:12:30+00:00">00:12:30</abbr></a>] &lt;<cite>thurgood</cite>&gt; <q>if windows or mac it's just a matter of turning on the sharing in the system</q></li>
<li class="message">[<a href="#T00:12:48" id="T00:12:48"><abbr title="2013-08-31T00:12:48+00:00">00:12:48</abbr></a>] &lt;<cite>snehal</cite>&gt; <q>ohh...okay. I'll try that</q></li>
<li class="message">[<a href="#T00:12:54" id="T00:12:54"><abbr title="2013-08-31T00:12:54+00:00">00:12:54</abbr></a>] &lt;<cite>snehal</cite>&gt; <q>thank you.</q></li>
<li class="quit">[<a href="#T00:12:55" id="T00:12:55"><abbr title="2013-08-31T00:12:55+00:00">00:12:55</abbr></a>] <span>* vvu (~vvu@78.97.104.166) Quit (Ping timeout: 245 seconds)</span></li>
<li class="message">[<a href="#T00:13:16" id="T00:13:16"><abbr title="2013-08-31T00:13:16+00:00">00:13:16</abbr></a>] &lt;<cite>nomel</cite>&gt; <q>Is there some fixed size limit to the capemgr.extra_override parameter in uEnv.txt?</q></li>
<li class="message">[<a href="#T00:13:24" id="T00:13:24"><abbr title="2013-08-31T00:13:24+00:00">00:13:24</abbr></a>] &lt;<cite>nomel</cite>&gt; <q>i'm guessing it's something 1970's like 256 characters.</q></li>
<li class="message">[<a href="#T00:13:39" id="T00:13:39"><abbr title="2013-08-31T00:13:39+00:00">00:13:39</abbr></a>] &lt;<cite>snehal</cite>&gt; <q>also,  my kernel didn't have ntpd service</q></li>
<li class="message">[<a href="#T00:13:45" id="T00:13:45"><abbr title="2013-08-31T00:13:45+00:00">00:13:45</abbr></a>] &lt;<cite>thurgood</cite>&gt; <q>it's not the only way  maybe not even the best way....  but it's pretty simple to use</q></li>
<li class="message">[<a href="#T00:13:47" id="T00:13:47"><abbr title="2013-08-31T00:13:47+00:00">00:13:47</abbr></a>] &lt;<cite>snehal</cite>&gt; <q>ntpdate was there</q></li>
<li class="join">[<a href="#T00:14:03" id="T00:14:03"><abbr title="2013-08-31T00:14:03+00:00">00:14:03</abbr></a>] <span>* vvu (~vvu@78.97.104.166) has joined #beagle</span></li>
<li class="message">[<a href="#T00:14:31" id="T00:14:31"><abbr title="2013-08-31T00:14:31+00:00">00:14:31</abbr></a>] &lt;<cite>nomel</cite>&gt; <q>snehal: you'll have to bridge the connections</q></li>
<li class="message">[<a href="#T00:14:35" id="T00:14:35"><abbr title="2013-08-31T00:14:35+00:00">00:14:35</abbr></a>] &lt;<cite>nomel</cite>&gt; <q>why not just plug it into ethernet though?</q></li>
<li class="message">[<a href="#T00:15:15" id="T00:15:15"><abbr title="2013-08-31T00:15:15+00:00">00:15:15</abbr></a>] &lt;<cite>snehal</cite>&gt; <q> I  can try that. thank you so much</q></li>
<li class="message">[<a href="#T00:15:21" id="T00:15:21"><abbr title="2013-08-31T00:15:21+00:00">00:15:21</abbr></a>] &lt;<cite>thurgood</cite>&gt; <q>there are several reason to go through a host... primarily lack of the right gear to plug in directly</q></li>
<li class="message">[<a href="#T00:15:24" id="T00:15:24"><abbr title="2013-08-31T00:15:24+00:00">00:15:24</abbr></a>] &lt;<cite>nomel</cite>&gt; <q>snehal: then # enable the network time service, since there isn't a clock on the beaglebone. # no clock on the beaglebone, so on reboot, before ntpd server can be contacted (if at all), get the date from the timestamp, set before last reboot. opkg --cache /mnt/opkg-cache install ntp-systemd systemctl enable timestamp.service systemctl enable ntpdate.service systemctl enable ntpd.service</q></li>
<li class="message">[<a href="#T00:15:31" id="T00:15:31"><abbr title="2013-08-31T00:15:31+00:00">00:15:31</abbr></a>] &lt;<cite>nomel</cite>&gt; <q>holy crap, that didn't work. let me pastebin it.</q></li>
<li class="message">[<a href="#T00:15:57" id="T00:15:57"><abbr title="2013-08-31T00:15:57+00:00">00:15:57</abbr></a>] &lt;<cite>nomel</cite>&gt; <q><a href="http://pastebin.com/7WwGLjPp">http://pastebin.com/7WwGLjPp</a></q></li>
<li class="message">[<a href="#T00:16:08" id="T00:16:08"><abbr title="2013-08-31T00:16:08+00:00">00:16:08</abbr></a>] &lt;<cite>nomel</cite>&gt; <q>that'll do ntp stuff when the network comes up</q></li>
<li class="message">[<a href="#T00:16:11" id="T00:16:11"><abbr title="2013-08-31T00:16:11+00:00">00:16:11</abbr></a>] &lt;<cite>nomel</cite>&gt; <q>automatically</q></li>
<li class="message">[<a href="#T00:16:43" id="T00:16:43"><abbr title="2013-08-31T00:16:43+00:00">00:16:43</abbr></a>] &lt;<cite>nomel</cite>&gt; <q>and, it'll use a timestamp set at the last shutdown so the date wont be too far off next time you boot, before the ntp gets updated.</q></li>
<li class="quit">[<a href="#T00:17:00" id="T00:17:00"><abbr title="2013-08-31T00:17:00+00:00">00:17:00</abbr></a>] <span>* vvu|Mobile (~vvu@178.138.99.40) Quit (Ping timeout: 256 seconds)</span></li>
<li class="message">[<a href="#T00:17:09" id="T00:17:09"><abbr title="2013-08-31T00:17:09+00:00">00:17:09</abbr></a>] &lt;<cite>nomel</cite>&gt; <q>can't remember where i found that on the net.</q></li>
<li class="quit">[<a href="#T00:18:59" id="T00:18:59"><abbr title="2013-08-31T00:18:59+00:00">00:18:59</abbr></a>] <span>* thurgood (~thurgood@64.132.24.36) Quit (Remote host closed the connection)</span></li>
<li class="action">[<a href="#T00:19:33" id="T00:19:33"><abbr title="2013-08-31T00:19:33+00:00">00:19:33</abbr></a>] <span>* nomel is talking to himself again.</span></li>
<li class="message">[<a href="#T00:19:38" id="T00:19:38"><abbr title="2013-08-31T00:19:38+00:00">00:19:38</abbr></a>] &lt;<cite>nomel</cite>&gt; <q>i think i need some friends or somethin.g</q></li>
<li class="message">[<a href="#T00:19:43" id="T00:19:43"><abbr title="2013-08-31T00:19:43+00:00">00:19:43</abbr></a>] &lt;<cite>nomel</cite>&gt; <q>all you jerks are jerks.</q></li>
<li class="quit">[<a href="#T00:22:05" id="T00:22:05"><abbr title="2013-08-31T00:22:05+00:00">00:22:05</abbr></a>] <span>* felipealmeida (~user@177.17.119.115) Quit (Read error: Connection reset by peer)</span></li>
<li class="join">[<a href="#T00:24:49" id="T00:24:49"><abbr title="2013-08-31T00:24:49+00:00">00:24:49</abbr></a>] <span>* djerome (~djerome@ip68-98-228-41.ph.ph.cox.net) has joined #beaglebone</span></li>
<li class="join">[<a href="#T00:25:43" id="T00:25:43"><abbr title="2013-08-31T00:25:43+00:00">00:25:43</abbr></a>] <span>* felipealmeida (~user@177.17.119.115) has joined #beagleboard</span></li>
<li class="join">[<a href="#T00:26:10" id="T00:26:10"><abbr title="2013-08-31T00:26:10+00:00">00:26:10</abbr></a>] <span>* felipealmeida (~user@177.17.119.115) has joined #beagle</span></li>
<li class="message">[<a href="#T00:26:43" id="T00:26:43"><abbr title="2013-08-31T00:26:43+00:00">00:26:43</abbr></a>] &lt;<cite>mrpackethead</cite>&gt; <q>nomel: we are trolls, elves and hobbits</q></li>
<li class="message">[<a href="#T00:26:56" id="T00:26:56"><abbr title="2013-08-31T00:26:56+00:00">00:26:56</abbr></a>] &lt;<cite>mrpackethead</cite>&gt; <q>all the jerks are at #raspberrypi</q></li>
<li class="join">[<a href="#T00:27:05" id="T00:27:05"><abbr title="2013-08-31T00:27:05+00:00">00:27:05</abbr></a>] <span>* Tenkawa (~Tenkawa@unaffiliated/tenkawa) has joined #beagle</span></li>
<li class="message">[<a href="#T00:27:08" id="T00:27:08"><abbr title="2013-08-31T00:27:08+00:00">00:27:08</abbr></a>] &lt;<cite>mrpackethead</cite>&gt; <q>:-)</q></li>
<li class="message">[<a href="#T00:28:03" id="T00:28:03"><abbr title="2013-08-31T00:28:03+00:00">00:28:03</abbr></a>] &lt;<cite>Tenkawa</cite>&gt; <q>hey.. anyone using a newer kernel than the 3.8.13 one on a bbb?</q></li>
<li class="quit">[<a href="#T00:28:18" id="T00:28:18"><abbr title="2013-08-31T00:28:18+00:00">00:28:18</abbr></a>] <span>* fenton (~fenton@ppp-124-121-40-10.revip2.asianet.co.th) Quit (Ping timeout: 264 seconds)</span></li>
<li class="join">[<a href="#T00:29:50" id="T00:29:50"><abbr title="2013-08-31T00:29:50+00:00">00:29:50</abbr></a>] <span>* fraz_ (~fraz@12.233.153.4) has joined #beagle</span></li>
<li class="quit">[<a href="#T00:30:41" id="T00:30:41"><abbr title="2013-08-31T00:30:41+00:00">00:30:41</abbr></a>] <span>* bkearns (~bkearns@216-75-239-130.static.wiline.com) Quit (Quit: Leaving.)</span></li>
<li class="part">[<a href="#T00:31:05" id="T00:31:05"><abbr title="2013-08-31T00:31:05+00:00">00:31:05</abbr></a>] <span>* fraz_ (~fraz@12.233.153.4) has left #beagle</span></li>
<li class="join">[<a href="#T00:33:44" id="T00:33:44"><abbr title="2013-08-31T00:33:44+00:00">00:33:44</abbr></a>] <span>* SysEngr (~SysEngr@ip68-228-241-62.ph.ph.cox.net) has joined #beagle</span></li>
<li class="quit">[<a href="#T00:39:41" id="T00:39:41"><abbr title="2013-08-31T00:39:41+00:00">00:39:41</abbr></a>] <span>* SysEngr (~SysEngr@ip68-228-241-62.ph.ph.cox.net) Quit (Remote host closed the connection)</span></li>
<li class="quit">[<a href="#T00:39:42" id="T00:39:42"><abbr title="2013-08-31T00:39:42+00:00">00:39:42</abbr></a>] <span>* tema (~tema@178-16-155-142.obit.ru) Quit (Remote host closed the connection)</span></li>
<li class="quit">[<a href="#T00:42:05" id="T00:42:05"><abbr title="2013-08-31T00:42:05+00:00">00:42:05</abbr></a>] <span>* Ceriand (~ceriand@unaffiliated/ceriand) Quit (Ping timeout: 245 seconds)</span></li>
<li class="join">[<a href="#T00:42:22" id="T00:42:22"><abbr title="2013-08-31T00:42:22+00:00">00:42:22</abbr></a>] <span>* thurgood (~thurgood@cpe-70-113-204-247.austin.res.rr.com) has joined #beagle</span></li>
<li class="quit">[<a href="#T00:47:35" id="T00:47:35"><abbr title="2013-08-31T00:47:35+00:00">00:47:35</abbr></a>] <span>* Tenkawa (~Tenkawa@unaffiliated/tenkawa) Quit (Quit: leaving)</span></li>
