<li class="quit">[<a href="#T00:01:59" id="T00:01:59"><abbr title="2013-08-18T00:01:59+00:00">00:01:59</abbr></a>] <span>* seaman (~seaman@135.Red-80-24-42.staticIP.rima-tde.net) Quit (Quit: seaman)</span></li>
<li class="join">[<a href="#T00:05:04" id="T00:05:04"><abbr title="2013-08-18T00:05:04+00:00">00:05:04</abbr></a>] <span>* vvu (~vvu@78.97.104.166) has joined #beagle</span></li>
<li class="join">[<a href="#T00:13:51" id="T00:13:51"><abbr title="2013-08-18T00:13:51+00:00">00:13:51</abbr></a>] <span>* fmilo (~fmilo@c-98-248-33-29.hsd1.ca.comcast.net) has joined #beagle</span></li>
<li class="quit">[<a href="#T00:14:09" id="T00:14:09"><abbr title="2013-08-18T00:14:09+00:00">00:14:09</abbr></a>] <span>* Ceriand (~ceriand@unaffiliated/ceriand) Quit (Ping timeout: 276 seconds)</span></li>
<li class="join">[<a href="#T00:19:42" id="T00:19:42"><abbr title="2013-08-18T00:19:42+00:00">00:19:42</abbr></a>] <span>* mranostay (~mranostay@pdpc/supporter/active/mranostay) has joined #beagle</span></li>
<li class="quit">[<a href="#T00:30:25" id="T00:30:25"><abbr title="2013-08-18T00:30:25+00:00">00:30:25</abbr></a>] <span>* radius9_ (4a5e7265@gateway/web/freenode/ip.74.94.114.101) Quit (Ping timeout: 250 seconds)</span></li>
<li class="quit">[<a href="#T00:30:51" id="T00:30:51"><abbr title="2013-08-18T00:30:51+00:00">00:30:51</abbr></a>] <span>* radius9 (4a5e7265@gateway/web/freenode/ip.74.94.114.101) Quit (Ping timeout: 250 seconds)</span></li>
<li class="quit">[<a href="#T00:37:44" id="T00:37:44"><abbr title="2013-08-18T00:37:44+00:00">00:37:44</abbr></a>] <span>* snaakje_ (~Snaakje@ip54506d87.speed.planet.nl) Quit (Quit: snaakje_)</span></li>
<li class="quit">[<a href="#T00:48:30" id="T00:48:30"><abbr title="2013-08-18T00:48:30+00:00">00:48:30</abbr></a>] <span>* vvu (~vvu@78.97.104.166) Quit (Remote host closed the connection)</span></li>
<li class="quit">[<a href="#T01:04:35" id="T01:04:35"><abbr title="2013-08-18T01:04:35+00:00">01:04:35</abbr></a>] <span>* axMountain1 (~Daniel@cust-95-80-44-248.csbnet.se) Quit (Quit: Leaving.)</span></li>
<li class="part">[<a href="#T01:04:47" id="T01:04:47"><abbr title="2013-08-18T01:04:47+00:00">01:04:47</abbr></a>] <span>* SilicaGel (~chrisp@cpe-69-207-190-61.rochester.res.rr.com) has left #beagle</span></li>
<li class="join">[<a href="#T01:07:43" id="T01:07:43"><abbr title="2013-08-18T01:07:43+00:00">01:07:43</abbr></a>] <span>* dsagsda (dsagsda@117.3.192.200) has joined #beagle</span></li>
<li class="quit">[<abbr title="2013-08-18T01:07:43+00:00">01:07:43</abbr>] <span>* dsagsda (dsagsda@117.3.192.200) Quit (Excess Flood)</span></li>
<li class="quit">[<a href="#T01:22:03" id="T01:22:03"><abbr title="2013-08-18T01:22:03+00:00">01:22:03</abbr></a>] <span>* inca_ (~inca@cpe-173-88-167-240.neo.res.rr.com) Quit (Read error: Connection reset by peer)</span></li>
<li class="quit">[<a href="#T01:24:41" id="T01:24:41"><abbr title="2013-08-18T01:24:41+00:00">01:24:41</abbr></a>] <span>* mrpackethead (~mrpacketh@147.200.109.203.static.cust.vf.net.nz) Quit (Remote host closed the connection)</span></li>
<li class="join">[<a href="#T01:24:47" id="T01:24:47"><abbr title="2013-08-18T01:24:47+00:00">01:24:47</abbr></a>] <span>* mrpacket_ (~mrpacketh@147.200.109.203.static.cust.vf.net.nz) has joined #beagle</span></li>
<li class="quit">[<a href="#T01:29:33" id="T01:29:33"><abbr title="2013-08-18T01:29:33+00:00">01:29:33</abbr></a>] <span>* mrpacket_ (~mrpacketh@147.200.109.203.static.cust.vf.net.nz) Quit (Ping timeout: 264 seconds)</span></li>
<li class="quit">[<a href="#T01:33:25" id="T01:33:25"><abbr title="2013-08-18T01:33:25+00:00">01:33:25</abbr></a>] <span>* tacon (~taco@173-31-146-190.client.mchsi.com) Quit (Ping timeout: 248 seconds)</span></li>
<li class="quit">[<a href="#T01:36:05" id="T01:36:05"><abbr title="2013-08-18T01:36:05+00:00">01:36:05</abbr></a>] <span>* Defiant (erik@e177194161.adsl.alicedsl.de) Quit (Ping timeout: 248 seconds)</span></li>
<li class="join">[<a href="#T01:40:37" id="T01:40:37"><abbr title="2013-08-18T01:40:37+00:00">01:40:37</abbr></a>] <span>* Crofton (~balister@pool-71-171-32-225.ronkva.east.verizon.net) has joined #beagle</span></li>
<li class="join">[<a href="#T01:42:04" id="T01:42:04"><abbr title="2013-08-18T01:42:04+00:00">01:42:04</abbr></a>] <span>* Defiant (erik@e177101142.adsl.alicedsl.de) has joined #beagle</span></li>
<li class="join">[<a href="#T01:53:04" id="T01:53:04"><abbr title="2013-08-18T01:53:04+00:00">01:53:04</abbr></a>] <span>* mrpackethead (~mrpacketh@147.200.109.203.static.cust.vf.net.nz) has joined #beagle</span></li>
<li class="join">[<a href="#T02:11:05" id="T02:11:05"><abbr title="2013-08-18T02:11:05+00:00">02:11:05</abbr></a>] <span>* chupa (~choops@cpe-66-68-111-24.austin.res.rr.com) has joined #beagle</span></li>
<li class="quit">[<abbr title="2013-08-18T02:11:05+00:00">02:11:05</abbr>] <span>* chupa (~choops@cpe-66-68-111-24.austin.res.rr.com) Quit (Client Quit)</span></li>
<li class="quit">[<a href="#T02:20:33" id="T02:20:33"><abbr title="2013-08-18T02:20:33+00:00">02:20:33</abbr></a>] <span>* joel_ (~joel@cpe-76-185-12-202.tx.res.rr.com) Quit (Ping timeout: 264 seconds)</span></li>
<li class="join">[<a href="#T02:21:51" id="T02:21:51"><abbr title="2013-08-18T02:21:51+00:00">02:21:51</abbr></a>] <span>* GregThomson (cb3bde49@gateway/web/freenode/ip.203.59.222.73) has joined #beagle</span></li>
<li class="part">[<a href="#T02:24:07" id="T02:24:07"><abbr title="2013-08-18T02:24:07+00:00">02:24:07</abbr></a>] <span>* GregThomson (cb3bde49@gateway/web/freenode/ip.203.59.222.73) has left #beagle</span></li>
<li class="quit">[<a href="#T02:28:45" id="T02:28:45"><abbr title="2013-08-18T02:28:45+00:00">02:28:45</abbr></a>] <span>* Gareth (~gareth@2607:ff38:3:83::3) Quit (Ping timeout: 245 seconds)</span></li>
<li class="quit">[<a href="#T02:31:40" id="T02:31:40"><abbr title="2013-08-18T02:31:40+00:00">02:31:40</abbr></a>] <span>* emeb_mac (~ericb@ip72-223-90-58.ph.ph.cox.net) Quit (Quit: emeb_mac)</span></li>
<li class="message">[<a href="#T02:39:29" id="T02:39:29"><abbr title="2013-08-18T02:39:29+00:00">02:39:29</abbr></a>] &lt;<cite>mrpackethead</cite>&gt; <q>trolls</q></li>
<li class="message">[<a href="#T02:40:11" id="T02:40:11"><abbr title="2013-08-18T02:40:11+00:00">02:40:11</abbr></a>] &lt;<cite>_troll_</cite>&gt; <q>where?</q></li>
<li class="join">[<a href="#T02:44:17" id="T02:44:17"><abbr title="2013-08-18T02:44:17+00:00">02:44:17</abbr></a>] <span>* mrpacket_ (~mrpacketh@147.200.109.203.static.cust.vf.net.nz) has joined #beagle</span></li>
<li class="quit">[<abbr title="2013-08-18T02:44:17+00:00">02:44:17</abbr>] <span>* mrpackethead (~mrpacketh@147.200.109.203.static.cust.vf.net.nz) Quit (Read error: Connection reset by peer)</span></li>
<li class="join">[<a href="#T02:46:08" id="T02:46:08"><abbr title="2013-08-18T02:46:08+00:00">02:46:08</abbr></a>] <span>* Gareth_ (~gareth@2607:ff38:3:83::3) has joined #beagle</span></li>
<li class="message">[<a href="#T02:48:44" id="T02:48:44"><abbr title="2013-08-18T02:48:44+00:00">02:48:44</abbr></a>] &lt;<cite>mru</cite>&gt; <q>connection reset by bear</q></li>
<li class="message">[<a href="#T02:50:57" id="T02:50:57"><abbr title="2013-08-18T02:50:57+00:00">02:50:57</abbr></a>] &lt;<cite>mrpacket_</cite>&gt; <q>..</q></li>
<li class="action">[<a href="#T02:55:53" id="T02:55:53"><abbr title="2013-08-18T02:55:53+00:00">02:55:53</abbr></a>] <span>* mranostay connection reset by beer</span></li>
<li class="message">[<a href="#T02:56:09" id="T02:56:09"><abbr title="2013-08-18T02:56:09+00:00">02:56:09</abbr></a>] &lt;<cite>mru</cite>&gt; <q>clearly</q></li>
<li class="message">[<a href="#T02:56:35" id="T02:56:35"><abbr title="2013-08-18T02:56:35+00:00">02:56:35</abbr></a>] &lt;<cite>mranostay</cite>&gt; <q>oh wtf is jenkins doing</q></li>
