<li class="quit">[<a href="#T00:00:29" id="T00:00:29"><abbr title="2013-02-04T00:00:29+00:00">00:00:29</abbr></a>] <span>* AndrevS (~andre_bk@2001:980:55e0:1:20f:eaff:fe58:28f8) Quit (Quit: Leaving)</span></li>
<li class="quit">[<a href="#T00:03:23" id="T00:03:23"><abbr title="2013-02-04T00:03:23+00:00">00:03:23</abbr></a>] <span>* arcanescu (925706ef@gateway/web/freenode/ip.146.87.6.239) Quit (Ping timeout: 245 seconds)</span></li>
<li class="quit">[<a href="#T00:21:41" id="T00:21:41"><abbr title="2013-02-04T00:21:41+00:00">00:21:41</abbr></a>] <span>* Wipster (~Wip@cpc2-rdng23-2-0-cust135.15-3.cable.virginmedia.com) Quit (Remote host closed the connection)</span></li>
<li class="join">[<a href="#T00:22:19" id="T00:22:19"><abbr title="2013-02-04T00:22:19+00:00">00:22:19</abbr></a>] <span>* RITRedbeard_ (~redbeard@c-68-37-165-37.hsd1.nj.comcast.net) has joined #beagle</span></li>
<li class="quit">[<a href="#T00:23:38" id="T00:23:38"><abbr title="2013-02-04T00:23:38+00:00">00:23:38</abbr></a>] <span>* Omni-Max (~redbeard@c-68-37-165-37.hsd1.nj.comcast.net) Quit (Read error: Connection reset by peer)</span></li>
<li class="quit">[<abbr title="2013-02-04T00:23:38+00:00">00:23:38</abbr>] <span>* RushPL (~quassel@2a01:4f8:151:73a3::2) Quit (Read error: Connection reset by peer)</span></li>
<li class="join">[<a href="#T00:23:49" id="T00:23:49"><abbr title="2013-02-04T00:23:49+00:00">00:23:49</abbr></a>] <span>* RushPL (~quassel@2a01:4f8:151:73a3::2) has joined #beagle</span></li>
<li class="join">[<a href="#T00:37:52" id="T00:37:52"><abbr title="2013-02-04T00:37:52+00:00">00:37:52</abbr></a>] <span>* jvcleave_ (~jvcleave@WS1-DSL-208-102-254-80.fuse.net) has joined #beagle</span></li>
<li class="quit">[<a href="#T00:40:08" id="T00:40:08"><abbr title="2013-02-04T00:40:08+00:00">00:40:08</abbr></a>] <span>* jvcleave (~jvcleave@208.102.254.80) Quit (Ping timeout: 245 seconds)</span></li>
<li class="nick-change">[<abbr title="2013-02-04T00:40:08+00:00">00:40:08</abbr>] <span>* jvcleave_ is now known as jvcleave</span></li>
<li class="quit">[<a href="#T01:03:32" id="T01:03:32"><abbr title="2013-02-04T01:03:32+00:00">01:03:32</abbr></a>] <span>* Russ (~russ@pool-74-100-57-85.lsanca.fios.verizon.net) Quit (Ping timeout: 248 seconds)</span></li>
<li class="nick-change">[<a href="#T01:09:29" id="T01:09:29"><abbr title="2013-02-04T01:09:29+00:00">01:09:29</abbr></a>] <span>* RITRedbeard_ is now known as RITRedbeard</span></li>
<li class="quit">[<a href="#T01:13:23" id="T01:13:23"><abbr title="2013-02-04T01:13:23+00:00">01:13:23</abbr></a>] <span>* eikeon (~eikeon@pool-108-56-46-105.washdc.east.verizon.net) Quit (Quit: eikeon)</span></li>
<li class="join">[<a href="#T01:14:01" id="T01:14:01"><abbr title="2013-02-04T01:14:01+00:00">01:14:01</abbr></a>] <span>* falstaff_ (~quassel@62-12-194-060.pool.cyberlink.ch) has joined #beagle</span></li>
<li class="join">[<a href="#T01:14:04" id="T01:14:04"><abbr title="2013-02-04T01:14:04+00:00">01:14:04</abbr></a>] <span>* eikeon (~eikeon@pool-108-56-46-105.washdc.east.verizon.net) has joined #beagle</span></li>
<li class="quit">[<a href="#T01:14:56" id="T01:14:56"><abbr title="2013-02-04T01:14:56+00:00">01:14:56</abbr></a>] <span>* falstaff (~quassel@62-12-251-116.pool.cyberlink.ch) Quit (Ping timeout: 252 seconds)</span></li>
<li class="quit">[<a href="#T01:24:26" id="T01:24:26"><abbr title="2013-02-04T01:24:26+00:00">01:24:26</abbr></a>] <span>* DarthExpeditor (~IceChat9@107.41.225.224) Quit (Remote host closed the connection)</span></li>
<li class="message">[<a href="#T01:42:27" id="T01:42:27"><abbr title="2013-02-04T01:42:27+00:00">01:42:27</abbr></a>] &lt;<cite>hobbit</cite>&gt; <q>stangely quiet in the shire</q></li>
<li class="quit">[<a href="#T01:45:33" id="T01:45:33"><abbr title="2013-02-04T01:45:33+00:00">01:45:33</abbr></a>] <span>* tema (~tema@ppp89-110-30-17.pppoe.avangarddsl.ru) Quit (Ping timeout: 240 seconds)</span></li>
<li class="join">[<a href="#T01:48:20" id="T01:48:20"><abbr title="2013-02-04T01:48:20+00:00">01:48:20</abbr></a>] <span>* Russ (~russ@pool-74-100-57-85.lsanca.fios.verizon.net) has joined #beagle</span></li>
<li class="join">[<a href="#T01:52:55" id="T01:52:55"><abbr title="2013-02-04T01:52:55+00:00">01:52:55</abbr></a>] <span>* DarthExpeditor (~IceChat9@107.41.225.224) has joined #beagle</span></li>
<li class="join">[<a href="#T01:59:07" id="T01:59:07"><abbr title="2013-02-04T01:59:07+00:00">01:59:07</abbr></a>] <span>* KeatonT (~textual@unaffiliated/keatont) has joined #beagle</span></li>
<li class="join">[<a href="#T01:59:49" id="T01:59:49"><abbr title="2013-02-04T01:59:49+00:00">01:59:49</abbr></a>] <span>* Splats (~splats@unaffiliated/splats) has joined #beagle</span></li>
<li class="quit">[<a href="#T02:07:21" id="T02:07:21"><abbr title="2013-02-04T02:07:21+00:00">02:07:21</abbr></a>] <span>* emeb (~ericb@ip72-201-78-226.ph.ph.cox.net) Quit (Quit: Leaving.)</span></li>
<li class="join">[<a href="#T02:09:38" id="T02:09:38"><abbr title="2013-02-04T02:09:38+00:00">02:09:38</abbr></a>] <span>* emeb_mac (~ericb@ip72-201-78-226.ph.ph.cox.net) has joined #beagle</span></li>
<li class="quit">[<a href="#T02:20:01" id="T02:20:01"><abbr title="2013-02-04T02:20:01+00:00">02:20:01</abbr></a>] <span>* KeatonT (~textual@unaffiliated/keatont) Quit (Quit: Textual IRC Client: <a href="http://www.textualapp.com/)">http://www.textualapp.com/)</a></span></li>
<li class="quit">[<a href="#T02:49:11" id="T02:49:11"><abbr title="2013-02-04T02:49:11+00:00">02:49:11</abbr></a>] <span>* Russ (~russ@pool-74-100-57-85.lsanca.fios.verizon.net) Quit (Ping timeout: 245 seconds)</span></li>
<li class="message">[<a href="#T02:52:08" id="T02:52:08"><abbr title="2013-02-04T02:52:08+00:00">02:52:08</abbr></a>] &lt;<cite>ka6sox-away</cite>&gt; <q>everyone is travelling home now</q></li>
<li class="message">[<a href="#T02:54:36" id="T02:54:36"><abbr title="2013-02-04T02:54:36+00:00">02:54:36</abbr></a>] &lt;<cite>prpplague</cite>&gt; <q>or has gotten eaten by trolls</q></li>
<li class="message">[<a href="#T02:56:20" id="T02:56:20"><abbr title="2013-02-04T02:56:20+00:00">02:56:20</abbr></a>] &lt;<cite>emeb_mac</cite>&gt; <q>mmm.. trolls</q></li>
<li class="message">[<a href="#T03:15:37" id="T03:15:37"><abbr title="2013-02-04T03:15:37+00:00">03:15:37</abbr></a>] &lt;<cite>hobbit</cite>&gt; <q>trolls like hobbit-meat</q></li>
<li class="message">[<a href="#T03:15:49" id="T03:15:49"><abbr title="2013-02-04T03:15:49+00:00">03:15:49</abbr></a>] &lt;<cite>hobbit</cite>&gt; <q>but this hobbit has the invisible ring</q></li>
<li class="quit">[<a href="#T03:26:28" id="T03:26:28"><abbr title="2013-02-04T03:26:28+00:00">03:26:28</abbr></a>] <span>* eikeon (~eikeon@pool-108-56-46-105.washdc.east.verizon.net) Quit (Ping timeout: 248 seconds)</span></li>
<li class="join">[<a href="#T03:43:51" id="T03:43:51"><abbr title="2013-02-04T03:43:51+00:00">03:43:51</abbr></a>] <span>* eikeon (~eikeon@pool-108-56-46-105.washdc.east.verizon.net) has joined #beagle</span></li>
<li class="quit">[<a href="#T03:57:06" id="T03:57:06"><abbr title="2013-02-04T03:57:06+00:00">03:57:06</abbr></a>] <span>* sabesto (~sabesto@188.113.107.138) Quit (Ping timeout: 264 seconds)</span></li>
<li class="join">[<a href="#T03:58:27" id="T03:58:27"><abbr title="2013-02-04T03:58:27+00:00">03:58:27</abbr></a>] <span>* sabesto (~sabesto@188.113.107.138) has joined #beagle</span></li>
<li class="quit">[<a href="#T04:07:18" id="T04:07:18"><abbr title="2013-02-04T04:07:18+00:00">04:07:18</abbr></a>] <span>* hobbit (~mrpacketh@118-93-69-200.dsl.dyn.ihug.co.nz) Quit (Remote host closed the connection)</span></li>
<li class="join">[<a href="#T04:07:45" id="T04:07:45"><abbr title="2013-02-04T04:07:45+00:00">04:07:45</abbr></a>] <span>* hobbit (~mrpacketh@118-93-69-200.dsl.dyn.ihug.co.nz) has joined #beagle</span></li>
<li class="quit">[<a href="#T04:12:57" id="T04:12:57"><abbr title="2013-02-04T04:12:57+00:00">04:12:57</abbr></a>] <span>* hobbit (~mrpacketh@118-93-69-200.dsl.dyn.ihug.co.nz) Quit (Ping timeout: 276 seconds)</span></li>
<li class="quit">[<a href="#T04:17:29" id="T04:17:29"><abbr title="2013-02-04T04:17:29+00:00">04:17:29</abbr></a>] <span>* GPSFan (~kenm@64.92.145.112) Quit (Remote host closed the connection)</span></li>
<li class="join">[<a href="#T04:21:39" id="T04:21:39"><abbr title="2013-02-04T04:21:39+00:00">04:21:39</abbr></a>] <span>* Russ (~russ@pool-74-100-57-85.lsanca.fios.verizon.net) has joined #beagle</span></li>
<li class="quit">[<a href="#T04:24:50" id="T04:24:50"><abbr title="2013-02-04T04:24:50+00:00">04:24:50</abbr></a>] <span>* stahl (~stahl@77-57-188-4.dclient.hispeed.ch) Quit (Ping timeout: 255 seconds)</span></li>
<li class="join">[<a href="#T04:32:15" id="T04:32:15"><abbr title="2013-02-04T04:32:15+00:00">04:32:15</abbr></a>] <span>* pfefferz (~pfefferz@cpe-70-112-138-163.austin.res.rr.com) has joined #beagle</span></li>
<li class="join">[<abbr title="2013-02-04T04:32:15+00:00">04:32:15</abbr>] <span>* pfefferz (~pfefferz@cpe-70-112-138-163.austin.res.rr.com) has joined #beagleboard</span></li>
<li class="join">[<a href="#T04:45:51" id="T04:45:51"><abbr title="2013-02-04T04:45:51+00:00">04:45:51</abbr></a>] <span>* KeatonT (~textual@unaffiliated/keatont) has joined #beagle</span></li>
<li class="quit">[<a href="#T04:47:31" id="T04:47:31"><abbr title="2013-02-04T04:47:31+00:00">04:47:31</abbr></a>] <span>* cwillu (~cwillu@cwillu.com) Quit (Ping timeout: 245 seconds)</span></li>
<li class="quit">[<a href="#T04:56:08" id="T04:56:08"><abbr title="2013-02-04T04:56:08+00:00">04:56:08</abbr></a>] <span>* djerome (~djerome@ip68-2-20-108.ph.ph.cox.net) Quit (Remote host closed the connection)</span></li>
