<li class="quit">[<a href="#T00:01:43" id="T00:01:43"><abbr title="2013-12-26T00:01:43+00:00">00:01:43</abbr></a>] <span>* [olli] (~olli@ppp37-190-49-30.pppoe.spdop.ru) Quit (Client Quit)</span></li>
<li class="nick-change">[<a href="#T00:02:12" id="T00:02:12"><abbr title="2013-12-26T00:02:12+00:00">00:02:12</abbr></a>] <span>* ooooooooo is now known as [olli]</span></li>
<li class="join">[<a href="#T00:02:19" id="T00:02:19"><abbr title="2013-12-26T00:02:19+00:00">00:02:19</abbr></a>] <span>* mrpackethead (~mrpacketh@147.200.109.203.static.cust.vf.net.nz) has joined #beagle</span></li>
<li class="quit">[<a href="#T00:05:12" id="T00:05:12"><abbr title="2013-12-26T00:05:12+00:00">00:05:12</abbr></a>] <span>* [olli] (~olli@ppp37-190-49-30.pppoe.spdop.ru) Quit (Quit: quit message)</span></li>
<li class="join">[<a href="#T00:07:40" id="T00:07:40"><abbr title="2013-12-26T00:07:40+00:00">00:07:40</abbr></a>] <span>* Rickta59 (~Rickta59@cpe-174-106-144-066.ec.res.rr.com) has joined #beagle</span></li>
<li class="join">[<a href="#T00:10:31" id="T00:10:31"><abbr title="2013-12-26T00:10:31+00:00">00:10:31</abbr></a>] <span>* treaki__ (ce530b4d9f@p4FF4AFA5.dip0.t-ipconnect.de) has joined #beagle</span></li>
<li class="quit">[<a href="#T00:13:12" id="T00:13:12"><abbr title="2013-12-26T00:13:12+00:00">00:13:12</abbr></a>] <span>* treaki_ (5e5ca7ec0d@p4FF4AE6D.dip0.t-ipconnect.de) Quit (Ping timeout: 252 seconds)</span></li>
<li class="quit">[<a href="#T00:15:43" id="T00:15:43"><abbr title="2013-12-26T00:15:43+00:00">00:15:43</abbr></a>] <span>* Guest70617 (~bobcat@ool-44c35b0f.dyn.optonline.net) Quit (Ping timeout: 240 seconds)</span></li>
<li class="join">[<a href="#T00:16:07" id="T00:16:07"><abbr title="2013-12-26T00:16:07+00:00">00:16:07</abbr></a>] <span>* Guest70617 (~bobcat@ool-44c35b0f.dyn.optonline.net) has joined #beagle</span></li>
<li class="quit">[<a href="#T00:19:58" id="T00:19:58"><abbr title="2013-12-26T00:19:58+00:00">00:19:58</abbr></a>] <span>* florian (~fuchs@Maemo/community/contributor/florian) Quit (Ping timeout: 246 seconds)</span></li>
<li class="join">[<a href="#T00:24:18" id="T00:24:18"><abbr title="2013-12-26T00:24:18+00:00">00:24:18</abbr></a>] <span>* [olli] (~olli@ppp37-190-49-30.pppoe.spdop.ru) has joined #beagle</span></li>
<li class="nick-change">[<a href="#T00:31:33" id="T00:31:33"><abbr title="2013-12-26T00:31:33+00:00">00:31:33</abbr></a>] <span>* vvu|Log_away is now known as vvu|Log</span></li>
<li class="quit">[<a href="#T00:34:28" id="T00:34:28"><abbr title="2013-12-26T00:34:28+00:00">00:34:28</abbr></a>] <span>* n-st (~n-st@p5B37D18D.dip0.t-ipconnect.de) Quit (Quit: Verlassend)</span></li>
<li class="join">[<a href="#T00:42:41" id="T00:42:41"><abbr title="2013-12-26T00:42:41+00:00">00:42:41</abbr></a>] <span>* wmarini (~Thunderbi@200-234-187-136.usr.microlinknet.com.br) has joined #beagle</span></li>
<li class="quit">[<a href="#T01:08:45" id="T01:08:45"><abbr title="2013-12-26T01:08:45+00:00">01:08:45</abbr></a>] <span>* contempt (contempt@unaffiliated/contempt) Quit (Ping timeout: 272 seconds)</span></li>
<li class="quit">[<a href="#T01:09:17" id="T01:09:17"><abbr title="2013-12-26T01:09:17+00:00">01:09:17</abbr></a>] <span>* XQt-rookie (~kvirc@75.93.226.226) Quit (Ping timeout: 252 seconds)</span></li>
<li class="quit">[<a href="#T01:19:47" id="T01:19:47"><abbr title="2013-12-26T01:19:47+00:00">01:19:47</abbr></a>] <span>* SyNko (~SyNko@88-149-170-195.v4.ngi.it) Quit (Quit: ChatZilla 0.9.90.1 [Firefox 26.0/20131205075310])</span></li>
<li class="join">[<a href="#T01:27:33" id="T01:27:33"><abbr title="2013-12-26T01:27:33+00:00">01:27:33</abbr></a>] <span>* contempt (contempt@unaffiliated/contempt) has joined #beagleboard</span></li>
<li class="join">[<abbr title="2013-12-26T01:27:33+00:00">01:27:33</abbr>] <span>* contempt (contempt@unaffiliated/contempt) has joined #beagle</span></li>
<li class="join">[<a href="#T01:30:42" id="T01:30:42"><abbr title="2013-12-26T01:30:42+00:00">01:30:42</abbr></a>] <span>* XQt-rookie (~kvirc@75.93.226.226) has joined #beaglebone</span></li>
<li class="join">[<a href="#T01:31:34" id="T01:31:34"><abbr title="2013-12-26T01:31:34+00:00">01:31:34</abbr></a>] <span>* zump (65a4773e@gateway/web/freenode/ip.101.164.119.62) has joined #beagle</span></li>
<li class="message">[<a href="#T01:31:48" id="T01:31:48"><abbr title="2013-12-26T01:31:48+00:00">01:31:48</abbr></a>] &lt;<cite>zump</cite>&gt; <q>How do I get the beaglebone to boot up from SD card by default?</q></li>
<li class="quit">[<a href="#T01:34:20" id="T01:34:20"><abbr title="2013-12-26T01:34:20+00:00">01:34:20</abbr></a>] <span>* contempt (contempt@unaffiliated/contempt) Quit (Ping timeout: 260 seconds)</span></li>
<li class="nick-change">[<a href="#T01:34:29" id="T01:34:29"><abbr title="2013-12-26T01:34:29+00:00">01:34:29</abbr></a>] <span>* vvu|Log is now known as vvu|Log_away</span></li>
<li class="quit">[<a href="#T01:36:16" id="T01:36:16"><abbr title="2013-12-26T01:36:16+00:00">01:36:16</abbr></a>] <span>* XQt-rookie (~kvirc@75.93.226.226) Quit (Ping timeout: 272 seconds)</span></li>
<li class="join">[<a href="#T01:36:21" id="T01:36:21"><abbr title="2013-12-26T01:36:21+00:00">01:36:21</abbr></a>] <span>* contempt (contempt@unaffiliated/contempt) has joined #beagleboard</span></li>
<li class="join">[<abbr title="2013-12-26T01:36:21+00:00">01:36:21</abbr>] <span>* contempt (contempt@unaffiliated/contempt) has joined #beagle</span></li>
<li class="quit">[<a href="#T01:40:04" id="T01:40:04"><abbr title="2013-12-26T01:40:04+00:00">01:40:04</abbr></a>] <span>* wmarini (~Thunderbi@200-234-187-136.usr.microlinknet.com.br) Quit (Remote host closed the connection)</span></li>
<li class="quit">[<a href="#T01:43:04" id="T01:43:04"><abbr title="2013-12-26T01:43:04+00:00">01:43:04</abbr></a>] <span>* contempt (contempt@unaffiliated/contempt) Quit (Ping timeout: 240 seconds)</span></li>
<li class="join">[<a href="#T01:45:04" id="T01:45:04"><abbr title="2013-12-26T01:45:04+00:00">01:45:04</abbr></a>] <span>* contempt (contempt@unaffiliated/contempt) has joined #beagleboard</span></li>
<li class="join">[<abbr title="2013-12-26T01:45:04+00:00">01:45:04</abbr>] <span>* contempt (contempt@unaffiliated/contempt) has joined #beagle</span></li>
<li class="message">[<a href="#T01:49:07" id="T01:49:07"><abbr title="2013-12-26T01:49:07+00:00">01:49:07</abbr></a>] &lt;<cite>jpfau</cite>&gt; <q>zump: I believe you can do that by editing the uEnv.txt, but I don't know offhand what you should change</q></li>
<li class="message">[<a href="#T01:50:06" id="T01:50:06"><abbr title="2013-12-26T01:50:06+00:00">01:50:06</abbr></a>] &lt;<cite>vagrantc</cite>&gt; <q>zump: put an appropriate uEnv.txt file on the SD card...</q></li>
<li class="message">[<a href="#T01:50:25" id="T01:50:25"><abbr title="2013-12-26T01:50:25+00:00">01:50:25</abbr></a>] &lt;<cite>jpfau</cite>&gt; <q>doesn't it check the uEnv on the eMMC first, though?</q></li>
<li class="message">[<a href="#T01:50:26" id="T01:50:26"><abbr title="2013-12-26T01:50:26+00:00">01:50:26</abbr></a>] &lt;<cite>vagrantc</cite>&gt; <q>zump: although if you want it to boot u-boot off the SD card, it's more involved.</q></li>
<li class="message">[<a href="#T01:50:36" id="T01:50:36"><abbr title="2013-12-26T01:50:36+00:00">01:50:36</abbr></a>] &lt;<cite>vagrantc</cite>&gt; <q>jpfau: not in my experience...</q></li>
<li class="message">[<a href="#T01:51:12" id="T01:51:12"><abbr title="2013-12-26T01:51:12+00:00">01:51:12</abbr></a>] &lt;<cite>vagrantc</cite>&gt; <q>jpfau: oh, you mean beaglebone, or beaglebone black?</q></li>
<li class="message">[<a href="#T01:51:22" id="T01:51:22"><abbr title="2013-12-26T01:51:22+00:00">01:51:22</abbr></a>] &lt;<cite>jpfau</cite>&gt; <q>ah, <a href="http://ahsoftware.de/Beaglebone_Black_Boot_explained.svg">http://ahsoftware.de/Beaglebone_Black_Boot_explained.svg</a> indicates you're right</q></li>
<li class="join">[<a href="#T01:51:26" id="T01:51:26"><abbr title="2013-12-26T01:51:26+00:00">01:51:26</abbr></a>] <span>* coolty_ (b8973fd5@gateway/web/freenode/ip.184.151.63.213) has joined #beagle</span></li>
<li class="message">[<a href="#T01:52:07" id="T01:52:07"><abbr title="2013-12-26T01:52:07+00:00">01:52:07</abbr></a>] &lt;<cite>coolty_</cite>&gt; <q>hi</q></li>
<li class="quit">[<a href="#T01:52:27" id="T01:52:27"><abbr title="2013-12-26T01:52:27+00:00">01:52:27</abbr></a>] <span>* contempt (contempt@unaffiliated/contempt) Quit (Ping timeout: 272 seconds)</span></li>
<li class="join">[<a href="#T01:53:45" id="T01:53:45"><abbr title="2013-12-26T01:53:45+00:00">01:53:45</abbr></a>] <span>* contempt (contempt@unaffiliated/contempt) has joined #beagleboard</span></li>
<li class="join">[<abbr title="2013-12-26T01:53:45+00:00">01:53:45</abbr>] <span>* contempt (contempt@unaffiliated/contempt) has joined #beagle</span></li>
<li class="quit">[<a href="#T01:57:15" id="T01:57:15"><abbr title="2013-12-26T01:57:15+00:00">01:57:15</abbr></a>] <span>* coolty_ (b8973fd5@gateway/web/freenode/ip.184.151.63.213) Quit (Ping timeout: 272 seconds)</span></li>
