<li class="message">[<a href="#T00:01:50" id="T00:01:50"><abbr title="2013-01-01T00:01:50+00:00">00:01:50</abbr></a>] &lt;<cite>prpplague</cite>&gt; <q>mranostay: indeed</q></li>
<li class="message">[<a href="#T00:02:40" id="T00:02:40"><abbr title="2013-01-01T00:02:40+00:00">00:02:40</abbr></a>] &lt;<cite>prpplague</cite>&gt; <q>mranostay: <a href="http://youtu.be/hzExWz7KP5M">http://youtu.be/hzExWz7KP5M</a></q></li>
<li class="quit">[<a href="#T00:03:48" id="T00:03:48"><abbr title="2013-01-01T00:03:48+00:00">00:03:48</abbr></a>] <span>* mph__ (~mph@203-173-215-113.dialup.ihug.co.nz) Quit (Ping timeout: 265 seconds)</span></li>
<li class="action">[<a href="#T00:11:55" id="T00:11:55"><abbr title="2013-01-01T00:11:55+00:00">00:11:55</abbr></a>] <span>* ka6sox wonders how much Duct Tape actually gets used for its original purpose.</span></li>
<li class="message">[<a href="#T00:13:44" id="T00:13:44"><abbr title="2013-01-01T00:13:44+00:00">00:13:44</abbr></a>] &lt;<cite>mranostay</cite>&gt; <q>1%?</q></li>
<li class="message">[<a href="#T00:14:09" id="T00:14:09"><abbr title="2013-01-01T00:14:09+00:00">00:14:09</abbr></a>] &lt;<cite>mranostay</cite>&gt; <q>prpplague: ok where is the acid located? :)</q></li>
<li class="message">[<a href="#T00:14:41" id="T00:14:41"><abbr title="2013-01-01T00:14:41+00:00">00:14:41</abbr></a>] &lt;<cite>prpplague</cite>&gt; <q>mranostay: ??</q></li>
<li class="message">[<a href="#T00:15:07" id="T00:15:07"><abbr title="2013-01-01T00:15:07+00:00">00:15:07</abbr></a>] &lt;<cite>mranostay</cite>&gt; <q>prpplague: trippy song :)</q></li>
<li class="message">[<a href="#T00:15:25" id="T00:15:25"><abbr title="2013-01-01T00:15:25+00:00">00:15:25</abbr></a>] &lt;<cite>prpplague</cite>&gt; <q>mranostay: ahh</q></li>
<li class="message">[<a href="#T00:15:42" id="T00:15:42"><abbr title="2013-01-01T00:15:42+00:00">00:15:42</abbr></a>] &lt;<cite>mranostay</cite>&gt; <q>prpplague: i wouldn't have taken you for a techno/house mouse guy</q></li>
<li class="message">[<a href="#T00:15:47" id="T00:15:47"><abbr title="2013-01-01T00:15:47+00:00">00:15:47</abbr></a>] &lt;<cite>mranostay</cite>&gt; <q>*music</q></li>
<li class="message">[<a href="#T00:15:58" id="T00:15:58"><abbr title="2013-01-01T00:15:58+00:00">00:15:58</abbr></a>] &lt;<cite>prpplague</cite>&gt; <q>mranostay: hehe, you see what i posted on av500 's new year post?</q></li>
<li class="message">[<a href="#T00:16:10" id="T00:16:10"><abbr title="2013-01-01T00:16:10+00:00">00:16:10</abbr></a>] &lt;<cite>prpplague</cite>&gt; <q>mranostay: i am very eclectic on my music</q></li>
<li class="message">[<a href="#T00:16:13" id="T00:16:13"><abbr title="2013-01-01T00:16:13+00:00">00:16:13</abbr></a>] &lt;<cite>ka6sox</cite>&gt; <q>I should find that</q></li>
<li class="join">[<a href="#T00:16:16" id="T00:16:16"><abbr title="2013-01-01T00:16:16+00:00">00:16:16</abbr></a>] <span>* mph__ (~mph@203-173-215-113.dialup.ihug.co.nz) has joined #beagle</span></li>
<li class="message">[<a href="#T00:16:33" id="T00:16:33"><abbr title="2013-01-01T00:16:33+00:00">00:16:33</abbr></a>] &lt;<cite>prpplague</cite>&gt; <q>mranostay: my car got burglarized once, the police caught them with no problems</q></li>
<li class="message">[<a href="#T00:17:41" id="T00:17:41"><abbr title="2013-01-01T00:17:41+00:00">00:17:41</abbr></a>] &lt;<cite>mranostay</cite>&gt; <q>prpplague: how does music relate to that? :)</q></li>
<li class="message">[<a href="#T00:17:42" id="T00:17:42"><abbr title="2013-01-01T00:17:42+00:00">00:17:42</abbr></a>] &lt;<cite>prpplague</cite>&gt; <q>mranostay: they had a hard time explaining how they came by a 10 CD set of "Sitar Masters" while driving a far truck and having nothing but country western music in the truck....</q></li>
<li class="message">[<a href="#T00:17:55" id="T00:17:55"><abbr title="2013-01-01T00:17:55+00:00">00:17:55</abbr></a>] &lt;<cite>prpplague</cite>&gt; <q>s/far/farm</q></li>
<li class="message">[<a href="#T00:18:42" id="T00:18:42"><abbr title="2013-01-01T00:18:42+00:00">00:18:42</abbr></a>] &lt;<cite>mranostay</cite>&gt; <q>heh</q></li>
<li class="message">[<a href="#T00:19:43" id="T00:19:43"><abbr title="2013-01-01T00:19:43+00:00">00:19:43</abbr></a>] &lt;<cite>mranostay</cite>&gt; <q>prpplague: i have that with my kindle as well</q></li>
<li class="message">[<a href="#T00:20:11" id="T00:20:11"><abbr title="2013-01-01T00:20:11+00:00">00:20:11</abbr></a>] &lt;<cite>prpplague</cite>&gt; <q>Russ: waiting for my wife to notice the lights on the ceiling fan when she comes back by</q></li>
<li class="message">[<a href="#T00:20:26" id="T00:20:26"><abbr title="2013-01-01T00:20:26+00:00">00:20:26</abbr></a>] &lt;<cite>Russ</cite>&gt; <q>heh</q></li>
<li class="message">[<a href="#T00:20:29" id="T00:20:29"><abbr title="2013-01-01T00:20:29+00:00">00:20:29</abbr></a>] &lt;<cite>Russ</cite>&gt; <q>its a rave!</q></li>
<li class="message">[<a href="#T00:20:34" id="T00:20:34"><abbr title="2013-01-01T00:20:34+00:00">00:20:34</abbr></a>] &lt;<cite>mranostay</cite>&gt; <q>prpplague: disco?</q></li>
<li class="message">[<a href="#T00:21:36" id="T00:21:36"><abbr title="2013-01-01T00:21:36+00:00">00:21:36</abbr></a>] &lt;<cite>prpplague</cite>&gt; <q>hehe</q></li>
<li class="message">[<a href="#T00:21:40" id="T00:21:40"><abbr title="2013-01-01T00:21:40+00:00">00:21:40</abbr></a>] &lt;<cite>ka6sox</cite>&gt; <q>prpplague, guess they liked Ravi....</q></li>
<li class="message">[<a href="#T00:22:15" id="T00:22:15"><abbr title="2013-01-01T00:22:15+00:00">00:22:15</abbr></a>] &lt;<cite>mranostay</cite>&gt; <q>prpplague: please tell me you don't like country :)</q></li>
<li class="message">[<a href="#T00:22:40" id="T00:22:40"><abbr title="2013-01-01T00:22:40+00:00">00:22:40</abbr></a>] &lt;<cite>prpplague</cite>&gt; <q>mranostay: hehe, i've been know to listen to some, but i like a wide range of music</q></li>
<li class="message">[<a href="#T00:26:51" id="T00:26:51"><abbr title="2013-01-01T00:26:51+00:00">00:26:51</abbr></a>] &lt;<cite>ka6sox</cite>&gt; <q>mranostay, what? you don't like "Red Solo Cup"???</q></li>
<li class="message">[<a href="#T00:30:05" id="T00:30:05"><abbr title="2013-01-01T00:30:05+00:00">00:30:05</abbr></a>] &lt;<cite>prpplague</cite>&gt; <q>"She Thinks My Dev Board is Sexy"</q></li>
<li class="message">[<a href="#T00:30:24" id="T00:30:24"><abbr title="2013-01-01T00:30:24+00:00">00:30:24</abbr></a>] &lt;<cite>mph__</cite>&gt; <q>as long as you are not doing gangam style dev, all is good</q></li>
<li class="message">[<a href="#T00:30:35" id="T00:30:35"><abbr title="2013-01-01T00:30:35+00:00">00:30:35</abbr></a>] &lt;<cite>mranostay</cite>&gt; <q>that would be better :)</q></li>
<li class="message">[<a href="#T00:31:03" id="T00:31:03"><abbr title="2013-01-01T00:31:03+00:00">00:31:03</abbr></a>] &lt;<cite>Russ</cite>&gt; <q>YIL gangnam has a lot of bonga</q></li>
<li class="quit">[<a href="#T00:31:23" id="T00:31:23"><abbr title="2013-01-01T00:31:23+00:00">00:31:23</abbr></a>] <span>* Guest28656 (~bleh1@87.254.72.190) Quit (Ping timeout: 245 seconds)</span></li>
<li class="action">[<a href="#T00:31:31" id="T00:31:31"><abbr title="2013-01-01T00:31:31+00:00">00:31:31</abbr></a>] <span>* mranostay facepalms</span></li>
<li class="message">[<a href="#T00:33:46" id="T00:33:46"><abbr title="2013-01-01T00:33:46+00:00">00:33:46</abbr></a>] &lt;<cite>prpplague</cite>&gt; <q>mranostay: no wait...... mru doing gangam style.... wait... wait... now facepalm</q></li>
<li class="message">[<a href="#T00:34:13" id="T00:34:13"><abbr title="2013-01-01T00:34:13+00:00">00:34:13</abbr></a>] &lt;<cite>mph__</cite>&gt; <q><a href="http://www.youtube.com/watch?v=G_miGclPFGs">http://www.youtube.com/watch?v=G_miGclPFGs</a>  &lt;--- heres a good song</q></li>
<li class="message">[<a href="#T00:35:15" id="T00:35:15"><abbr title="2013-01-01T00:35:15+00:00">00:35:15</abbr></a>] &lt;<cite>prpplague</cite>&gt; <q>mph__: ha</q></li>
<li class="message">[<a href="#T00:35:28" id="T00:35:28"><abbr title="2013-01-01T00:35:28+00:00">00:35:28</abbr></a>] &lt;<cite>mph__</cite>&gt; <q>1 pound beagle</q></li>
<li class="message">[<a href="#T00:36:29" id="T00:36:29"><abbr title="2013-01-01T00:36:29+00:00">00:36:29</abbr></a>] &lt;<cite>prpplague</cite>&gt; <q>mph__: the girls in the video look they are having a fun time though, hehe</q></li>
<li class="action">[<a href="#T00:37:00" id="T00:37:00"><abbr title="2013-01-01T00:37:00+00:00">00:37:00</abbr></a>] <span>* mranostay tries to picture mru doing gangnam style</span></li>
<li class="message">[<a href="#T00:37:11" id="T00:37:11"><abbr title="2013-01-01T00:37:11+00:00">00:37:11</abbr></a>] &lt;<cite>Russ</cite>&gt; <q>yet another reason to come to ELC!</q></li>
<li class="message">[<a href="#T00:37:22" id="T00:37:22"><abbr title="2013-01-01T00:37:22+00:00">00:37:22</abbr></a>] &lt;<cite>prpplague</cite>&gt; <q>Russ: hehe</q></li>
<li class="message">[<abbr title="2013-01-01T00:37:22+00:00">00:37:22</abbr>] &lt;<cite>mph__</cite>&gt; <q>well, i'm on a mission of a project</q></li>
<li class="join">[<a href="#T00:37:27" id="T00:37:27"><abbr title="2013-01-01T00:37:27+00:00">00:37:27</abbr></a>] <span>* tomeff (~effik@ip-78-45-50-19.net.upcbroadband.cz) has joined #beaglebone</span></li>
<li class="message">[<a href="#T00:37:28" id="T00:37:28"><abbr title="2013-01-01T00:37:28+00:00">00:37:28</abbr></a>] &lt;<cite>mph__</cite>&gt; <q>i'm wondering if i'm insane</q></li>
<li class="message">[<a href="#T00:37:31" id="T00:37:31"><abbr title="2013-01-01T00:37:31+00:00">00:37:31</abbr></a>] &lt;<cite>mph__</cite>&gt; <q>but we'll see</q></li>
<li class="message">[<a href="#T00:38:01" id="T00:38:01"><abbr title="2013-01-01T00:38:01+00:00">00:38:01</abbr></a>] &lt;<cite>Russ</cite>&gt; <q>is anyone else picturing this guy in a 5 dollar footlong video?</q></li>
<li class="message">[<a href="#T00:38:07" id="T00:38:07"><abbr title="2013-01-01T00:38:07+00:00">00:38:07</abbr></a>] &lt;<cite>mranostay</cite>&gt; <q>mph__: catch-22</q></li>
<li class="message">[<a href="#T00:38:35" id="T00:38:35"><abbr title="2013-01-01T00:38:35+00:00">00:38:35</abbr></a>] &lt;<cite>mph__</cite>&gt; <q>&lt;protocol over IP&gt; over ethernet over ethercat</q></li>
<li class="message">[<a href="#T00:38:36" id="T00:38:36"><abbr title="2013-01-01T00:38:36+00:00">00:38:36</abbr></a>] &lt;<cite>ka6sox</cite>&gt; <q>mranostay, you are too young to understand that reference :P</q></li>
<li class="message">[<a href="#T00:38:40" id="T00:38:40"><abbr title="2013-01-01T00:38:40+00:00">00:38:40</abbr></a>] &lt;<cite>prpplague</cite>&gt; <q>Russ: HA</q></li>
<li class="message">[<a href="#T00:38:44" id="T00:38:44"><abbr title="2013-01-01T00:38:44+00:00">00:38:44</abbr></a>] &lt;<cite>prpplague</cite>&gt; <q>Russ: i am now</q></li>
<li class="action">[<a href="#T00:38:48" id="T00:38:48"><abbr title="2013-01-01T00:38:48+00:00">00:38:48</abbr></a>] <span>* mranostay smacks ka6sox :)</span></li>
<li class="message">[<a href="#T00:38:55" id="T00:38:55"><abbr title="2013-01-01T00:38:55+00:00">00:38:55</abbr></a>] &lt;<cite>mph__</cite>&gt; <q>all the bits are there to pull it off i think</q></li>
<li class="message">[<a href="#T00:39:24" id="T00:39:24"><abbr title="2013-01-01T00:39:24+00:00">00:39:24</abbr></a>] &lt;<cite>ka6sox</cite>&gt; <q>Russ, I won't be able to sleep tonight...</q></li>
<li class="join">[<a href="#T00:39:29" id="T00:39:29"><abbr title="2013-01-01T00:39:29+00:00">00:39:29</abbr></a>] <span>* rsalveti_ (~rsalveti@unaffiliated/rsalveti) has joined #beagle</span></li>
<li class="message">[<a href="#T00:39:36" id="T00:39:36"><abbr title="2013-01-01T00:39:36+00:00">00:39:36</abbr></a>] &lt;<cite>prpplague</cite>&gt; <q>mph__: how about some bollywood? <a href="http://youtu.be/yh2K9VlGj9Q">http://youtu.be/yh2K9VlGj9Q</a></q></li>
<li class="message">[<a href="#T00:39:55" id="T00:39:55"><abbr title="2013-01-01T00:39:55+00:00">00:39:55</abbr></a>] &lt;<cite>mph__</cite>&gt; <q>no thinks</q></li>
<li class="message">[<a href="#T00:40:25" id="T00:40:25"><abbr title="2013-01-01T00:40:25+00:00">00:40:25</abbr></a>] &lt;<cite>Russ</cite>&gt; <q>did I hear a 'shoty'?</q></li>
<li class="quit">[<a href="#T00:41:59" id="T00:41:59"><abbr title="2013-01-01T00:41:59+00:00">00:41:59</abbr></a>] <span>* rsalveti (~rsalveti@unaffiliated/rsalveti) Quit (Ping timeout: 260 seconds)</span></li>
<li class="nick-change">[<a href="#T00:42:00" id="T00:42:00"><abbr title="2013-01-01T00:42:00+00:00">00:42:00</abbr></a>] <span>* rsalveti_ is now known as rsalveti</span></li>
<li class="message">[<a href="#T00:42:43" id="T00:42:43"><abbr title="2013-01-01T00:42:43+00:00">00:42:43</abbr></a>] &lt;<cite>mranostay</cite>&gt; <q>mph__: geez thanks i have that in my head now</q></li>
<li class="message">[<a href="#T00:43:00" id="T00:43:00"><abbr title="2013-01-01T00:43:00+00:00">00:43:00</abbr></a>] &lt;<cite>mph__</cite>&gt; <q>1 ound fish, very very cheap</q></li>
<li class="message">[<a href="#T00:43:08" id="T00:43:08"><abbr title="2013-01-01T00:43:08+00:00">00:43:08</abbr></a>] &lt;<cite>mph__</cite>&gt; <q>that songs gone abosultely stupid.</q></li>
<li class="message">[<a href="#T00:43:23" id="T00:43:23"><abbr title="2013-01-01T00:43:23+00:00">00:43:23</abbr></a>] &lt;<cite>ka6sox</cite>&gt; <q>I assume this is a real fish monger in London?</q></li>
<li class="message">[<a href="#T00:43:26" id="T00:43:26"><abbr title="2013-01-01T00:43:26+00:00">00:43:26</abbr></a>] &lt;<cite>prpplague</cite>&gt; <q>Russ / mranostay still one of the bests, hehe - <a href="http://youtu.be/zn7-fVtT16k">http://youtu.be/zn7-fVtT16k</a></q></li>
<li class="message">[<a href="#T00:43:29" id="T00:43:29"><abbr title="2013-01-01T00:43:29+00:00">00:43:29</abbr></a>] &lt;<cite>ka6sox</cite>&gt; <q>(or just some made up thing.</q></li>
<li class="message">[<a href="#T00:43:50" id="T00:43:50"><abbr title="2013-01-01T00:43:50+00:00">00:43:50</abbr></a>] &lt;<cite>Russ</cite>&gt; <q>I thought london was blue screened</q></li>
<li class="message">[<a href="#T00:44:41" id="T00:44:41"><abbr title="2013-01-01T00:44:41+00:00">00:44:41</abbr></a>] &lt;<cite>mranostay</cite>&gt; <q>oh i can tell this isn't going to be PC :)</q></li>
<li class="message">[<a href="#T00:44:46" id="T00:44:46"><abbr title="2013-01-01T00:44:46+00:00">00:44:46</abbr></a>] &lt;<cite>mranostay</cite>&gt; <q>in ad atm</q></li>
<li class="message">[<a href="#T00:48:15" id="T00:48:15"><abbr title="2013-01-01T00:48:15+00:00">00:48:15</abbr></a>] &lt;<cite>mph__</cite>&gt; <q>no hes from bangaledese</q></li>
<li class="message">[<a href="#T00:48:20" id="T00:48:20"><abbr title="2013-01-01T00:48:20+00:00">00:48:20</abbr></a>] &lt;<cite>prpplague</cite>&gt; <q>mranostay: the doc brown vs. doc who is pretty funny too</q></li>
<li class="message">[<abbr title="2013-01-01T00:48:20+00:00">00:48:20</abbr>] &lt;<cite>mph__</cite>&gt; <q>and this thing went viral</q></li>
<li class="message">[<a href="#T00:48:30" id="T00:48:30"><abbr title="2013-01-01T00:48:30+00:00">00:48:30</abbr></a>] &lt;<cite>mph__</cite>&gt; <q>and i think hes now in paris recording a CD!!!</q></li>
<li class="message">[<a href="#T00:48:52" id="T00:48:52"><abbr title="2013-01-01T00:48:52+00:00">00:48:52</abbr></a>] &lt;<cite>prpplague</cite>&gt; <q>mph__: ha</q></li>
<li class="message">[<a href="#T00:49:25" id="T00:49:25"><abbr title="2013-01-01T00:49:25+00:00">00:49:25</abbr></a>] &lt;<cite>prpplague</cite>&gt; <q>mph__: the same thing happened to mdp and his 6502 presentation!</q></li>
<li class="join">[<a href="#T00:49:43" id="T00:49:43"><abbr title="2013-01-01T00:49:43+00:00">00:49:43</abbr></a>] <span>* rngcobra (6242d17c@gateway/web/freenode/ip.98.66.209.124) has joined #beagle</span></li>
<li class="message">[<a href="#T00:49:46" id="T00:49:46"><abbr title="2013-01-01T00:49:46+00:00">00:49:46</abbr></a>] &lt;<cite>ka6sox</cite>&gt; <q>I miss my 6502</q></li>
<li class="message">[<a href="#T00:49:54" id="T00:49:54"><abbr title="2013-01-01T00:49:54+00:00">00:49:54</abbr></a>] &lt;<cite>prpplague</cite>&gt; <q>mph__: well not really, but it was just a cheesy</q></li>
<li class="action">[<a href="#T00:49:59" id="T00:49:59"><abbr title="2013-01-01T00:49:59+00:00">00:49:59</abbr></a>] <span>* prpplague jokes with mdp </span></li>
<li class="message">[<a href="#T00:50:07" id="T00:50:07"><abbr title="2013-01-01T00:50:07+00:00">00:50:07</abbr></a>] &lt;<cite>prpplague</cite>&gt; <q>s/a/as</q></li>
<li class="message">[<a href="#T00:50:31" id="T00:50:31"><abbr title="2013-01-01T00:50:31+00:00">00:50:31</abbr></a>] &lt;<cite>mph__</cite>&gt; <q>btw, mph is not miles per hour</q></li>
<li class="message">[<a href="#T00:50:45" id="T00:50:45"><abbr title="2013-01-01T00:50:45+00:00">00:50:45</abbr></a>] &lt;<cite>mph__</cite>&gt; <q>it is mrpackethead</q></li>
<li class="message">[<a href="#T00:51:02" id="T00:51:02"><abbr title="2013-01-01T00:51:02+00:00">00:51:02</abbr></a>] &lt;<cite>ka6sox</cite>&gt; <q>ZL2?</q></li>
<li class="message">[<a href="#T00:53:13" id="T00:53:13"><abbr title="2013-01-01T00:53:13+00:00">00:53:13</abbr></a>] &lt;<cite>prpplague</cite>&gt; <q>mph__: sounds better than what i came up with...</q></li>
<li class="message">[<a href="#T00:53:30" id="T00:53:30"><abbr title="2013-01-01T00:53:30+00:00">00:53:30</abbr></a>] &lt;<cite>mranostay</cite>&gt; <q>prpplague: yeah about your nick</q></li>
<li class="message">[<a href="#T00:54:02" id="T00:54:02"><abbr title="2013-01-01T00:54:02+00:00">00:54:02</abbr></a>] &lt;<cite>prpplague</cite>&gt; <q>mranostay: hey i have a wikipedia entry, and you?</q></li>
<li class="message">[<a href="#T00:54:25" id="T00:54:25"><abbr title="2013-01-01T00:54:25+00:00">00:54:25</abbr></a>] &lt;<cite>prpplague</cite>&gt; <q><a href="http://en.wikipedia.org/wiki/Purple_plague">http://en.wikipedia.org/wiki/Purple_plague</a></q></li>
<li class="message">[<a href="#T00:55:13" id="T00:55:13"><abbr title="2013-01-01T00:55:13+00:00">00:55:13</abbr></a>] &lt;<cite>mranostay</cite>&gt; <q>ah it is my legal name? :)</q></li>
<li class="action">[<a href="#T00:55:38" id="T00:55:38"><abbr title="2013-01-01T00:55:38+00:00">00:55:38</abbr></a>] <span>* prpplague has a DBA as prpplague</span></li>
<li class="message">[<a href="#T00:56:31" id="T00:56:31"><abbr title="2013-01-01T00:56:31+00:00">00:56:31</abbr></a>] &lt;<cite>prpplague</cite>&gt; <q>mranostay: hehe</q></li>
<li class="message">[<a href="#T00:56:52" id="T00:56:52"><abbr title="2013-01-01T00:56:52+00:00">00:56:52</abbr></a>] &lt;<cite>prpplague</cite>&gt; <q>mranostay: hey place nice or will post more nixie tube pr0n</q></li>
<li class="message">[<a href="#T00:57:00" id="T00:57:00"><abbr title="2013-01-01T00:57:00+00:00">00:57:00</abbr></a>] &lt;<cite>prpplague</cite>&gt; <q>s/place/play</q></li>
<li class="part">[<a href="#T00:57:54" id="T00:57:54"><abbr title="2013-01-01T00:57:54+00:00">00:57:54</abbr></a>] <span>* rngcobra (6242d17c@gateway/web/freenode/ip.98.66.209.124) has left #beagle</span></li>
<li class="message">[<a href="#T00:59:46" id="T00:59:46"><abbr title="2013-01-01T00:59:46+00:00">00:59:46</abbr></a>] &lt;<cite>mranostay</cite>&gt; <q>prpplague: why is it named plague?</q></li>
