<li class="message">[<a href="#T00:02:49" id="T00:02:49"><abbr title="2013-10-11T00:02:49+00:00">00:02:49</abbr></a>] &lt;<cite>georgem_home</cite>&gt; <q>SpeedEvil: I've been looking at several designs trying to understand the details, thanks for your suggestions.</q></li>
<li class="message">[<a href="#T00:03:45" id="T00:03:45"><abbr title="2013-10-11T00:03:45+00:00">00:03:45</abbr></a>] &lt;<cite>SpeedEvil</cite>&gt; <q>I found a really nice one for mice.</q></li>
<li class="message">[<a href="#T00:04:00" id="T00:04:00"><abbr title="2013-10-11T00:04:00+00:00">00:04:00</abbr></a>] &lt;<cite>SpeedEvil</cite>&gt; <q>But I've lost the bookmark, can't find it - and suspect the site is down</q></li>
<li class="message">[<a href="#T00:04:36" id="T00:04:36"><abbr title="2013-10-11T00:04:36+00:00">00:04:36</abbr></a>] &lt;<cite>georgem_home</cite>&gt; <q>I had read that a lot of the designs used phototransitors that put out a 0-20ma signal and you needed to run it through an OP AMP before converting it into a voltage readable by the MCU.</q></li>
<li class="message">[<a href="#T00:05:06" id="T00:05:06"><abbr title="2013-10-11T00:05:06+00:00">00:05:06</abbr></a>] &lt;<cite>agmlego</cite>&gt; <q>Current loops are pretty common in instrumentation.</q></li>
<li class="quit">[<a href="#T00:05:31" id="T00:05:31"><abbr title="2013-10-11T00:05:31+00:00">00:05:31</abbr></a>] <span>* akkykg (~chatzilla@aurora.firstserver.ne.jp) Quit (Quit: ChatZilla 0.9.90.1 [SeaMonkey 2.21/20130916112225])</span></li>
<li class="join">[<a href="#T00:05:47" id="T00:05:47"><abbr title="2013-10-11T00:05:47+00:00">00:05:47</abbr></a>] <span>* breakds (~breakds@c-24-0-146-43.hsd1.nj.comcast.net) has joined #beagle</span></li>
<li class="join">[<a href="#T00:06:09" id="T00:06:09"><abbr title="2013-10-11T00:06:09+00:00">00:06:09</abbr></a>] <span>* Calc (~Calc@c-76-100-81-122.hsd1.md.comcast.net) has joined #beagle</span></li>
<li class="message">[<a href="#T00:06:49" id="T00:06:49"><abbr title="2013-10-11T00:06:49+00:00">00:06:49</abbr></a>] &lt;<cite>KyleYankan</cite>&gt; <q>Hey guys, I have a question. I lost my microSD-&gt;SD card adapter</q></li>
<li class="message">[<a href="#T00:07:02" id="T00:07:02"><abbr title="2013-10-11T00:07:02+00:00">00:07:02</abbr></a>] &lt;<cite>KyleYankan</cite>&gt; <q>can I dd the ubuntu image from within angstrom then reboot?</q></li>
<li class="join">[<a href="#T00:07:48" id="T00:07:48"><abbr title="2013-10-11T00:07:48+00:00">00:07:48</abbr></a>] <span>* Russ (~russ@mbe2636d0.tmodns.net) has joined #beagle</span></li>
<li class="quit">[<a href="#T00:08:24" id="T00:08:24"><abbr title="2013-10-11T00:08:24+00:00">00:08:24</abbr></a>] <span>* dogmatic69 (~dogmatic6@cpc10-telf10-2-0-cust20.wolv.cable.virginmedia.com) Quit (Remote host closed the connection)</span></li>
<li class="message">[<a href="#T00:08:35" id="T00:08:35"><abbr title="2013-10-11T00:08:35+00:00">00:08:35</abbr></a>] &lt;<cite>georgem_home</cite>&gt; <q>Theoretically you could... but you'd only get one shot at doing everything right.</q></li>
<li class="message">[<a href="#T00:09:53" id="T00:09:53"><abbr title="2013-10-11T00:09:53+00:00">00:09:53</abbr></a>] &lt;<cite>georgem_home</cite>&gt; <q>I do it all the time on other boards. Just make sure you remount the root filesystem read only</q></li>
<li class="message">[<a href="#T00:10:14" id="T00:10:14"><abbr title="2013-10-11T00:10:14+00:00">00:10:14</abbr></a>] &lt;<cite>georgem_home</cite>&gt; <q>and put the image in /tmp</q></li>
<li class="message">[<a href="#T00:11:24" id="T00:11:24"><abbr title="2013-10-11T00:11:24+00:00">00:11:24</abbr></a>] &lt;<cite>georgem_home</cite>&gt; <q>if the image won't fit in /tmp then you might have a problem unless you used netcat or something</q></li>
<li class="message">[<a href="#T00:11:32" id="T00:11:32"><abbr title="2013-10-11T00:11:32+00:00">00:11:32</abbr></a>] &lt;<cite>KyleYankan</cite>&gt; <q>ah man. this sounds like disaster</q></li>
<li class="message">[<a href="#T00:11:41" id="T00:11:41"><abbr title="2013-10-11T00:11:41+00:00">00:11:41</abbr></a>] &lt;<cite>KyleYankan</cite>&gt; <q>I wonder if I can dd the image while it's still in my go-pro</q></li>
<li class="message">[<a href="#T00:11:42" id="T00:11:42"><abbr title="2013-10-11T00:11:42+00:00">00:11:42</abbr></a>] &lt;<cite>KyleYankan</cite>&gt; <q>:-P</q></li>
<li class="message">[<a href="#T00:12:47" id="T00:12:47"><abbr title="2013-10-11T00:12:47+00:00">00:12:47</abbr></a>] &lt;<cite>georgem_home</cite>&gt; <q>Those card adapters are a dime a dozen. Everytime anyone I know gets a micro sd card they come with one. Do you have any friends you could steal one from?</q></li>
<li class="quit">[<a href="#T00:12:50" id="T00:12:50"><abbr title="2013-10-11T00:12:50+00:00">00:12:50</abbr></a>] <span>* CalcMan (~Calc@c-76-100-81-122.hsd1.md.comcast.net) Quit (Read error: Connection reset by peer)</span></li>
<li class="join">[<a href="#T00:13:13" id="T00:13:13"><abbr title="2013-10-11T00:13:13+00:00">00:13:13</abbr></a>] <span>* CalcMan (~Calc@c-76-100-81-122.hsd1.md.comcast.net) has joined #beagle</span></li>
<li class="message">[<a href="#T00:13:16" id="T00:13:16"><abbr title="2013-10-11T00:13:16+00:00">00:13:16</abbr></a>] &lt;<cite>KyleYankan</cite>&gt; <q>not offhand, plus I go out of town tomorrow, which is why I was trying to get it online and running tonight</q></li>
<li class="message">[<a href="#T00:13:26" id="T00:13:26"><abbr title="2013-10-11T00:13:26+00:00">00:13:26</abbr></a>] &lt;<cite>georgem_home</cite>&gt; <q>ah</q></li>
<li class="join">[<a href="#T00:13:47" id="T00:13:47"><abbr title="2013-10-11T00:13:47+00:00">00:13:47</abbr></a>] <span>* AKG (~AKG@aurora.firstserver.ne.jp) has joined #beagle</span></li>
<li class="message">[<a href="#T00:13:51" id="T00:13:51"><abbr title="2013-10-11T00:13:51+00:00">00:13:51</abbr></a>] &lt;<cite>georgem_home</cite>&gt; <q>cant just use Angstrom until you find an adapter?</q></li>
<li class="message">[<a href="#T00:14:06" id="T00:14:06"><abbr title="2013-10-11T00:14:06+00:00">00:14:06</abbr></a>] &lt;<cite>KyleYankan</cite>&gt; <q>Need apt-get or simliar. installing openvpn</q></li>
<li class="message">[<a href="#T00:14:13" id="T00:14:13"><abbr title="2013-10-11T00:14:13+00:00">00:14:13</abbr></a>] &lt;<cite>georgem_home</cite>&gt; <q>opkg install</q></li>
<li class="message">[<a href="#T00:14:21" id="T00:14:21"><abbr title="2013-10-11T00:14:21+00:00">00:14:21</abbr></a>] &lt;<cite>georgem_home</cite>&gt; <q>opkg install openvpn</q></li>
<li class="message">[<a href="#T00:14:34" id="T00:14:34"><abbr title="2013-10-11T00:14:34+00:00">00:14:34</abbr></a>] &lt;<cite>KyleYankan</cite>&gt; <q>well... hot diggidy damn.</q></li>
<li class="message">[<a href="#T00:14:45" id="T00:14:45"><abbr title="2013-10-11T00:14:45+00:00">00:14:45</abbr></a>] &lt;<cite>KyleYankan</cite>&gt; <q>You guys.. you deserve high-fives</q></li>
<li class="message">[<a href="#T00:14:52" id="T00:14:52"><abbr title="2013-10-11T00:14:52+00:00">00:14:52</abbr></a>] &lt;<cite>georgem_home</cite>&gt; <q>Did it work?</q></li>
<li class="message">[<a href="#T00:15:46" id="T00:15:46"><abbr title="2013-10-11T00:15:46+00:00">00:15:46</abbr></a>] &lt;<cite>KyleYankan</cite>&gt; <q>wrong package name, but opkg works</q></li>
<li class="join">[<a href="#T00:15:51" id="T00:15:51"><abbr title="2013-10-11T00:15:51+00:00">00:15:51</abbr></a>] <span>* nighty- (~nighty@static-68-179-124-161.ptr.terago.net) has joined #beagle</span></li>
<li class="join">[<abbr title="2013-10-11T00:15:51+00:00">00:15:51</abbr>] <span>* nighty- (~nighty@static-68-179-124-161.ptr.terago.net) has joined #beagleboard</span></li>
<li class="quit">[<a href="#T00:16:27" id="T00:16:27"><abbr title="2013-10-11T00:16:27+00:00">00:16:27</abbr></a>] <span>* Calc (~Calc@c-76-100-81-122.hsd1.md.comcast.net) Quit (Ping timeout: 248 seconds)</span></li>
<li class="message">[<a href="#T00:16:33" id="T00:16:33"><abbr title="2013-10-11T00:16:33+00:00">00:16:33</abbr></a>] &lt;<cite>georgem_home</cite>&gt; <q>I was just wondering if opkg was configured probably by default, I think it is though</q></li>
<li class="message">[<a href="#T00:19:48" id="T00:19:48"><abbr title="2013-10-11T00:19:48+00:00">00:19:48</abbr></a>] &lt;<cite>KyleYankan</cite>&gt; <q>does angstrom come with utilities to compile?</q></li>
<li class="quit">[<a href="#T00:19:50" id="T00:19:50"><abbr title="2013-10-11T00:19:50+00:00">00:19:50</abbr></a>] <span>* ezequielgarcia (~elezegarc@190.2.98.165) Quit (Remote host closed the connection)</span></li>
<li class="message">[<a href="#T00:21:25" id="T00:21:25"><abbr title="2013-10-11T00:21:25+00:00">00:21:25</abbr></a>] &lt;<cite>agmlego</cite>&gt; <q>gcc, sure.</q></li>
<li class="message">[<a href="#T00:21:31" id="T00:21:31"><abbr title="2013-10-11T00:21:31+00:00">00:21:31</abbr></a>] &lt;<cite>agmlego</cite>&gt; <q>Might have to install it.</q></li>
<li class="message">[<a href="#T00:21:52" id="T00:21:52"><abbr title="2013-10-11T00:21:52+00:00">00:21:52</abbr></a>] &lt;<cite>georgem_home</cite>&gt; <q><a href="http://www.angstrom-distribution.org/repo/">http://www.angstrom-distribution.org/repo/</a></q></li>
<li class="message">[<a href="#T00:22:30" id="T00:22:30"><abbr title="2013-10-11T00:22:30+00:00">00:22:30</abbr></a>] &lt;<cite>KyleYankan</cite>&gt; <q>no vpn software :-(</q></li>
<li class="message">[<a href="#T00:23:16" id="T00:23:16"><abbr title="2013-10-11T00:23:16+00:00">00:23:16</abbr></a>] &lt;<cite>georgem_home</cite>&gt; <q>Weird</q></li>
<li class="message">[<a href="#T00:23:29" id="T00:23:29"><abbr title="2013-10-11T00:23:29+00:00">00:23:29</abbr></a>] &lt;<cite>KyleYankan</cite>&gt; <q>Agreed.</q></li>
<li class="message">[<a href="#T00:23:46" id="T00:23:46"><abbr title="2013-10-11T00:23:46+00:00">00:23:46</abbr></a>] &lt;<cite>CareBear\</cite>&gt; <q>so contribute something</q></li>
<li class="message">[<a href="#T00:23:55" id="T00:23:55"><abbr title="2013-10-11T00:23:55+00:00">00:23:55</abbr></a>] &lt;<cite>CareBear\</cite>&gt; <q>how do you think the existing packages got there?</q></li>
<li class="message">[<a href="#T00:24:47" id="T00:24:47"><abbr title="2013-10-11T00:24:47+00:00">00:24:47</abbr></a>] &lt;<cite>georgem_home</cite>&gt; <q>I would but I don't use angstrom.</q></li>
<li class="quit">[<a href="#T00:25:31" id="T00:25:31"><abbr title="2013-10-11T00:25:31+00:00">00:25:31</abbr></a>] <span>* SyNko (~SyNko@81-174-48-63.v4.ngi.it) Quit (Remote host closed the connection)</span></li>
<li class="message">[<a href="#T00:26:19" id="T00:26:19"><abbr title="2013-10-11T00:26:19+00:00">00:26:19</abbr></a>] &lt;<cite>georgem_home</cite>&gt; <q><a href="https://github.com/openembedded/meta-oe/blob/41748a4afc494b714315ba529f138214f80d41b9/meta-networking/recipes-support/openvpn/openvpn_2.1.3.bb">https://github.com/openembedded/meta-oe/blob/41748a4afc494b714315ba529f138214f80d41b9/meta-networking/recipes-support/openvpn/openvpn_2.1.3.bb</a></q></li>
<li class="quit">[<a href="#T00:27:48" id="T00:27:48"><abbr title="2013-10-11T00:27:48+00:00">00:27:48</abbr></a>] <span>* Russ (~russ@mbe2636d0.tmodns.net) Quit (Ping timeout: 240 seconds)</span></li>
<li class="message">[<a href="#T00:29:07" id="T00:29:07"><abbr title="2013-10-11T00:29:07+00:00">00:29:07</abbr></a>] &lt;<cite>KyleYankan</cite>&gt; <q>Heh, my gopro presents the SD card as mass storage. DD'ing now</q></li>
<li class="message">[<a href="#T00:29:11" id="T00:29:11"><abbr title="2013-10-11T00:29:11+00:00">00:29:11</abbr></a>] &lt;<cite>KyleYankan</cite>&gt; <q>thanks for the help though</q></li>
<li class="message">[<a href="#T00:30:14" id="T00:30:14"><abbr title="2013-10-11T00:30:14+00:00">00:30:14</abbr></a>] &lt;<cite>georgem_home</cite>&gt; <q>cool</q></li>
<li class="quit">[<a href="#T00:30:52" id="T00:30:52"><abbr title="2013-10-11T00:30:52+00:00">00:30:52</abbr></a>] <span>* DanLipsitt (~dan@208-90-213-226-typea.static.monkeybrains.net) Quit (Quit: DanLipsitt)</span></li>
<li class="quit">[<a href="#T00:36:22" id="T00:36:22"><abbr title="2013-10-11T00:36:22+00:00">00:36:22</abbr></a>] <span>* dancingmonkey (~quassel@109.144.197.231) Quit (Remote host closed the connection)</span></li>
<li class="quit">[<a href="#T00:53:49" id="T00:53:49"><abbr title="2013-10-11T00:53:49+00:00">00:53:49</abbr></a>] <span>* Darek- (darek@work.sznajder.org) Quit (Ping timeout: 246 seconds)</span></li>
<li class="join">[<a href="#T00:54:50" id="T00:54:50"><abbr title="2013-10-11T00:54:50+00:00">00:54:50</abbr></a>] <span>* Darek- (darek@work.sznajder.org) has joined #beagle</span></li>
<li class="quit">[<a href="#T00:56:01" id="T00:56:01"><abbr title="2013-10-11T00:56:01+00:00">00:56:01</abbr></a>] <span>* stamina (~stamina@221-163-128-083.dynamic.caiway.nl) Quit (Ping timeout: 245 seconds)</span></li>
<li class="part">[<a href="#T00:56:13" id="T00:56:13"><abbr title="2013-10-11T00:56:13+00:00">00:56:13</abbr></a>] <span>* zeroem (~dhamilton@nat-225.fw1.la.vclk.net) has left #beagle</span></li>
<li class="join">[<a href="#T01:01:26" id="T01:01:26"><abbr title="2013-10-11T01:01:26+00:00">01:01:26</abbr></a>] <span>* DanLipsitt (~dan@208-90-213-226-typea.static.monkeybrains.net) has joined #beagle</span></li>
<li class="join">[<a href="#T01:02:04" id="T01:02:04"><abbr title="2013-10-11T01:02:04+00:00">01:02:04</abbr></a>] <span>* suboptimus_ (~suboptimu@wsip-184-179-104-130.oc.oc.cox.net) has joined #beagle</span></li>
<li class="quit">[<a href="#T01:03:18" id="T01:03:18"><abbr title="2013-10-11T01:03:18+00:00">01:03:18</abbr></a>] <span>* suboptimus (~suboptimu@wsip-184-179-104-130.oc.oc.cox.net) Quit (Ping timeout: 252 seconds)</span></li>
<li class="nick-change">[<abbr title="2013-10-11T01:03:18+00:00">01:03:18</abbr>] <span>* suboptimus_ is now known as suboptimus</span></li>
<li class="join">[<a href="#T01:11:30" id="T01:11:30"><abbr title="2013-10-11T01:11:30+00:00">01:11:30</abbr></a>] <span>* mrpackethead (~mrpacketh@122-59-227-65.jetstream.xtra.co.nz) has joined #beagle</span></li>
<li class="quit">[<a href="#T01:15:28" id="T01:15:28"><abbr title="2013-10-11T01:15:28+00:00">01:15:28</abbr></a>] <span>* Bhaal (~bhaal@freenode/staff-emeritus/bhaal) Quit (Ping timeout: 240 seconds)</span></li>
<li class="join">[<a href="#T01:16:06" id="T01:16:06"><abbr title="2013-10-11T01:16:06+00:00">01:16:06</abbr></a>] <span>* Bhaal (~bhaal@freenode/staff-emeritus/bhaal) has joined #beagle</span></li>
<li class="message">[<a href="#T01:17:15" id="T01:17:15"><abbr title="2013-10-11T01:17:15+00:00">01:17:15</abbr></a>] &lt;<cite>magyarm</cite>&gt; <q>Hey folks, I'm wrapping my headf around Device Tree, and hope someone can shed some light on a concept. Looking at usb for the beaglebone, file am33xx.dtsi this section: <a href="http://pastebin.com/mw1WuHMu">http://pastebin.com/mw1WuHMu</a> lines 3 to 5 are obviously the usb phy control registers from the TRM. What I don't understand yet is how the values port0-mode = &lt;3&gt;; and port1-mode = &lt;1&gt;; know to go to USB0MODE at offset E8h from 0x47401000 and USB1MODE at offset E8h from 0x47401800</q></li>
<li class="join">[<a href="#T01:18:09" id="T01:18:09"><abbr title="2013-10-11T01:18:09+00:00">01:18:09</abbr></a>] <span>* Russ (foobar@pool-71-189-49-9.lsanca.fios.verizon.net) has joined #beagle</span></li>
<li class="message">[<a href="#T01:18:42" id="T01:18:42"><abbr title="2013-10-11T01:18:42+00:00">01:18:42</abbr></a>] &lt;<cite>magyarm</cite>&gt; <q>I understand that in lines 4 and 5 the 0x800 is the size of the register space for each usbX instance, but I don't see where the offsets for eah parameter are defined</q></li>
<li class="quit">[<a href="#T01:18:44" id="T01:18:44"><abbr title="2013-10-11T01:18:44+00:00">01:18:44</abbr></a>] <span>* |nfecteD13 (~rawr@cm-84.211.162.251.getinternet.no) Quit (Read error: Connection reset by peer)</span></li>
<li class="quit">[<a href="#T01:20:16" id="T01:20:16"><abbr title="2013-10-11T01:20:16+00:00">01:20:16</abbr></a>] <span>* CalcMan (~Calc@c-76-100-81-122.hsd1.md.comcast.net) Quit (Ping timeout: 264 seconds)</span></li>
<li class="quit">[<a href="#T01:21:30" id="T01:21:30"><abbr title="2013-10-11T01:21:30+00:00">01:21:30</abbr></a>] <span>* mrpackethead (~mrpacketh@122-59-227-65.jetstream.xtra.co.nz) Quit (Remote host closed the connection)</span></li>
<li class="quit">[<a href="#T01:22:35" id="T01:22:35"><abbr title="2013-10-11T01:22:35+00:00">01:22:35</abbr></a>] <span>* Defiant (erik@e177137173.adsl.alicedsl.de) Quit (Ping timeout: 248 seconds)</span></li>
<li class="join">[<a href="#T01:26:11" id="T01:26:11"><abbr title="2013-10-11T01:26:11+00:00">01:26:11</abbr></a>] <span>* Defiant (erik@e179197223.adsl.alicedsl.de) has joined #beagle</span></li>
<li class="quit">[<a href="#T01:26:28" id="T01:26:28"><abbr title="2013-10-11T01:26:28+00:00">01:26:28</abbr></a>] <span>* suboptimus (~suboptimu@wsip-184-179-104-130.oc.oc.cox.net) Quit (Quit: suboptimus)</span></li>
<li class="join">[<a href="#T01:33:30" id="T01:33:30"><abbr title="2013-10-11T01:33:30+00:00">01:33:30</abbr></a>] <span>* mekanical (~mekanical@128.54.140.216) has joined #beagle</span></li>
<li class="join">[<a href="#T01:34:26" id="T01:34:26"><abbr title="2013-10-11T01:34:26+00:00">01:34:26</abbr></a>] <span>* mrpackethead (~mrpacketh@122-59-227-65.jetstream.xtra.co.nz) has joined #beagle</span></li>
<li class="quit">[<a href="#T01:38:36" id="T01:38:36"><abbr title="2013-10-11T01:38:36+00:00">01:38:36</abbr></a>] <span>* DanLipsitt (~dan@208-90-213-226-typea.static.monkeybrains.net) Quit (Quit: DanLipsitt)</span></li>
<li class="quit">[<a href="#T01:41:49" id="T01:41:49"><abbr title="2013-10-11T01:41:49+00:00">01:41:49</abbr></a>] <span>* N2TOH (~user@pool-71-185-230-11.phlapa.fios.verizon.net) Quit (Remote host closed the connection)</span></li>
<li class="join">[<a href="#T01:42:07" id="T01:42:07"><abbr title="2013-10-11T01:42:07+00:00">01:42:07</abbr></a>] <span>* DanLipsitt (~dan@208-90-213-226-typea.static.monkeybrains.net) has joined #beagle</span></li>
<li class="quit">[<a href="#T01:44:36" id="T01:44:36"><abbr title="2013-10-11T01:44:36+00:00">01:44:36</abbr></a>] <span>* mrpackethead (~mrpacketh@122-59-227-65.jetstream.xtra.co.nz) Quit (Remote host closed the connection)</span></li>
<li class="message">[<a href="#T01:47:49" id="T01:47:49"><abbr title="2013-10-11T01:47:49+00:00">01:47:49</abbr></a>] &lt;<cite>mekanical</cite>&gt; <q>Hello! I want to control 6 LED's via BeagleBone Black's GPIO's (either one GPIO or multiple). I have been searching everywhere &amp; the best info I can find is that the GPIO's can handle max 8mA. The led's I want to power from the GPIO's are these: <a href="http://www.superbrightleds.com/moreinfo/through-hole/8mm-red-led-360-degree-viewing-angle-2500-millilumens/347/1294/">http://www.superbrightleds.com/moreinfo/through-hole/8mm-red-led-360-degree-viewing-angle-2500-millilumens/347/1294/</a></q></li>
<li class="message">[<a href="#T01:47:53" id="T01:47:53"><abbr title="2013-10-11T01:47:53+00:00">01:47:53</abbr></a>] &lt;<cite>mekanical</cite>&gt; <q>is this possible?</q></li>
<li class="message">[<a href="#T01:47:57" id="T01:47:57"><abbr title="2013-10-11T01:47:57+00:00">01:47:57</abbr></a>] &lt;<cite>mekanical</cite>&gt; <q>Thanks &amp; cheers!</q></li>
<li class="part">[<a href="#T01:50:03" id="T01:50:03"><abbr title="2013-10-11T01:50:03+00:00">01:50:03</abbr></a>] <span>* Jayneil (~jayneil@cpe-173-175-241-63.tx.res.rr.com) has left #beagle</span></li>
<li class="join">[<a href="#T01:55:58" id="T01:55:58"><abbr title="2013-10-11T01:55:58+00:00">01:55:58</abbr></a>] <span>* mrpackethead (~mrpacketh@122-59-227-65.jetstream.xtra.co.nz) has joined #beagle</span></li>
<li class="quit">[<a href="#T01:57:53" id="T01:57:53"><abbr title="2013-10-11T01:57:53+00:00">01:57:53</abbr></a>] <span>* DanLipsitt (~dan@208-90-213-226-typea.static.monkeybrains.net) Quit (Quit: DanLipsitt)</span></li>
<li class="quit">[<a href="#T01:59:01" id="T01:59:01"><abbr title="2013-10-11T01:59:01+00:00">01:59:01</abbr></a>] <span>* riotz (riotz@gateway/shell/sh3lls.net/x-nzjsobfbmvnbbrpw) Quit (Remote host closed the connection)</span></li>
<li class="join">[<a href="#T01:59:08" id="T01:59:08"><abbr title="2013-10-11T01:59:08+00:00">01:59:08</abbr></a>] <span>* hangdog (5771347d@gateway/web/freenode/ip.87.113.52.125) has joined #beagle</span></li>
