<li class="quit">[<a href="#T00:00:25" id="T00:00:25"><abbr title="2013-01-06T00:00:25+00:00">00:00:25</abbr></a>] <span>* runexe (~douggeige@pool-108-28-180-251.washdc.fios.verizon.net) Quit (Quit: leaving)</span></li>
<li class="quit">[<a href="#T00:25:31" id="T00:25:31"><abbr title="2013-01-06T00:25:31+00:00">00:25:31</abbr></a>] <span>* woglinde (~henning@f052234128.adsl.alicedsl.de) Quit (Read error: Operation timed out)</span></li>
<li class="join">[<a href="#T00:49:26" id="T00:49:26"><abbr title="2013-01-06T00:49:26+00:00">00:49:26</abbr></a>] <span>* runexe (~douggeige@pool-108-28-180-251.washdc.fios.verizon.net) has joined #beagle</span></li>
<li class="quit">[<a href="#T00:50:25" id="T00:50:25"><abbr title="2013-01-06T00:50:25+00:00">00:50:25</abbr></a>] <span>* kroon (~jkroon@89-253-118-72.customers.ownit.se) Quit (Quit: Leaving)</span></li>
<li class="quit">[<a href="#T00:56:19" id="T00:56:19"><abbr title="2013-01-06T00:56:19+00:00">00:56:19</abbr></a>] <span>* florian (~fuchs@Maemo/community/contributor/florian) Quit (Quit: Verlassend)</span></li>
<li class="quit">[<a href="#T00:57:44" id="T00:57:44"><abbr title="2013-01-06T00:57:44+00:00">00:57:44</abbr></a>] <span>* osfameron (~osfameron@www.greenokapi.net) Quit (Ping timeout: 252 seconds)</span></li>
<li class="quit">[<a href="#T01:03:28" id="T01:03:28"><abbr title="2013-01-06T01:03:28+00:00">01:03:28</abbr></a>] <span>* dv_ (~quassel@chello080108009040.14.11.vie.surfer.at) Quit (Ping timeout: 245 seconds)</span></li>
<li class="quit">[<a href="#T01:07:13" id="T01:07:13"><abbr title="2013-01-06T01:07:13+00:00">01:07:13</abbr></a>] <span>* dj_pi (~asd@c-107-5-25-243.hsd1.mi.comcast.net) Quit (Quit: Leaving)</span></li>
<li class="join">[<a href="#T01:11:00" id="T01:11:00"><abbr title="2013-01-06T01:11:00+00:00">01:11:00</abbr></a>] <span>* dv_ (~quassel@chello080108009040.14.11.vie.surfer.at) has joined #beagle</span></li>
<li class="quit">[<a href="#T01:11:28" id="T01:11:28"><abbr title="2013-01-06T01:11:28+00:00">01:11:28</abbr></a>] <span>* damir__ (~damir@cpe-212-85-175-204.cable.telemach.net) Quit (Quit: Leaving.)</span></li>
<li class="join">[<a href="#T01:11:35" id="T01:11:35"><abbr title="2013-01-06T01:11:35+00:00">01:11:35</abbr></a>] <span>* djlewis (~quassel@216-61-218-176.dsl.tcworks.net) has joined #beagle</span></li>
<li class="quit">[<a href="#T01:11:47" id="T01:11:47"><abbr title="2013-01-06T01:11:47+00:00">01:11:47</abbr></a>] <span>* kaio (~kaio@fedora/kaio) Quit (Read error: Connection timed out)</span></li>
<li class="join">[<a href="#T01:12:26" id="T01:12:26"><abbr title="2013-01-06T01:12:26+00:00">01:12:26</abbr></a>] <span>* kaio (~kaio@fedora/kaio) has joined #beagle</span></li>
<li class="join">[<a href="#T01:13:30" id="T01:13:30"><abbr title="2013-01-06T01:13:30+00:00">01:13:30</abbr></a>] <span>* emeb_mac (~ericb@ip72-201-78-226.ph.ph.cox.net) has joined #beagle</span></li>
<li class="join">[<a href="#T01:21:15" id="T01:21:15"><abbr title="2013-01-06T01:21:15+00:00">01:21:15</abbr></a>] <span>* scubasonar (~Matt@99-108-165-58.lightspeed.mtryca.sbcglobal.net) has joined #beagle</span></li>
<li class="quit">[<a href="#T01:26:27" id="T01:26:27"><abbr title="2013-01-06T01:26:27+00:00">01:26:27</abbr></a>] <span>* djlewis (~quassel@216-61-218-176.dsl.tcworks.net) Quit (Ping timeout: 255 seconds)</span></li>
<li class="quit">[<a href="#T01:37:17" id="T01:37:17"><abbr title="2013-01-06T01:37:17+00:00">01:37:17</abbr></a>] <span>* kaio (~kaio@fedora/kaio) Quit (Read error: Connection timed out)</span></li>
<li class="join">[<a href="#T01:37:57" id="T01:37:57"><abbr title="2013-01-06T01:37:57+00:00">01:37:57</abbr></a>] <span>* kaio (~kaio@fedora/kaio) has joined #beagle</span></li>
<li class="join">[<a href="#T01:40:54" id="T01:40:54"><abbr title="2013-01-06T01:40:54+00:00">01:40:54</abbr></a>] <span>* djlewis (~quassel@216-61-218-176.dsl.tcworks.net) has joined #beagle</span></li>
<li class="quit">[<a href="#T01:56:14" id="T01:56:14"><abbr title="2013-01-06T01:56:14+00:00">01:56:14</abbr></a>] <span>* kaio (~kaio@fedora/kaio) Quit (Read error: Connection timed out)</span></li>
<li class="join">[<a href="#T01:57:00" id="T01:57:00"><abbr title="2013-01-06T01:57:00+00:00">01:57:00</abbr></a>] <span>* kaio (~kaio@fedora/kaio) has joined #beagle</span></li>
