<li class="join">[<a href="#T00:01:08" id="T00:01:08"><abbr title="2013-12-02T00:01:08+00:00">00:01:08</abbr></a>] <span>* jzaw (~jzaw@loki.dzki.co.uk) has joined #beagle</span></li>
<li class="quit">[<a href="#T00:05:51" id="T00:05:51"><abbr title="2013-12-02T00:05:51+00:00">00:05:51</abbr></a>] <span>* spm_Draget (~quassel@ip-178-202-251-59.unitymediagroup.de) Quit (Ping timeout: 252 seconds)</span></li>
<li class="quit">[<a href="#T00:09:09" id="T00:09:09"><abbr title="2013-12-02T00:09:09+00:00">00:09:09</abbr></a>] <span>* swilshy (d1acf226@gateway/web/freenode/ip.209.172.242.38) Quit (Quit: Page closed)</span></li>
<li class="quit">[<a href="#T00:12:46" id="T00:12:46"><abbr title="2013-12-02T00:12:46+00:00">00:12:46</abbr></a>] <span>* zer0s (~hizuzu@c-98-198-88-222.hsd1.tx.comcast.net) Quit (Remote host closed the connection)</span></li>
<li class="join">[<a href="#T00:15:31" id="T00:15:31"><abbr title="2013-12-02T00:15:31+00:00">00:15:31</abbr></a>] <span>* zeroem (~dhamilton@76.89.160.217) has joined #beagle</span></li>
<li class="join">[<a href="#T00:17:17" id="T00:17:17"><abbr title="2013-12-02T00:17:17+00:00">00:17:17</abbr></a>] <span>* spm_Draget (~quassel@ip-178-202-251-59.unitymediagroup.de) has joined #beagle</span></li>
<li class="message">[<a href="#T00:20:22" id="T00:20:22"><abbr title="2013-12-02T00:20:22+00:00">00:20:22</abbr></a>] &lt;<cite>tabbek</cite>&gt; <q>swilshy, just a guess from my limited experience with it, but I thought the boot button causes it to write the image from the SD card to the built in storage.</q></li>
<li class="join">[<a href="#T00:23:04" id="T00:23:04"><abbr title="2013-12-02T00:23:04+00:00">00:23:04</abbr></a>] <span>* gustavoz (~gustavoz@host197.190-137-239.telecom.net.ar) has joined #beagle</span></li>
<li class="message">[<a href="#T00:26:44" id="T00:26:44"><abbr title="2013-12-02T00:26:44+00:00">00:26:44</abbr></a>] &lt;<cite>Dr{Who}</cite>&gt; <q>tabbek: was not patient enough for an answer :) but it actually tells the onboard rom to change boot order to load from uSD before onboard emmc. os will run from uSD yet bootloading still happens on eMMC if the button is not pushed and the uSD card is inserted.</q></li>
<li class="quit">[<a href="#T00:27:01" id="T00:27:01"><abbr title="2013-12-02T00:27:01+00:00">00:27:01</abbr></a>] <span>* garyamort (~gmort@cpe-204-210-137-32.hvc.res.rr.com) Quit (Quit: Leaving.)</span></li>
<li class="action">[<a href="#T00:29:27" id="T00:29:27"><abbr title="2013-12-02T00:29:27+00:00">00:29:27</abbr></a>] <span>* vvu|Log thinks that this weekend question on #beagle was how to boot the BBB</span></li>
<li class="message">[<a href="#T00:31:42" id="T00:31:42"><abbr title="2013-12-02T00:31:42+00:00">00:31:42</abbr></a>] &lt;<cite>Dr{Who}</cite>&gt; <q>:)</q></li>
<li class="message">[<a href="#T00:40:03" id="T00:40:03"><abbr title="2013-12-02T00:40:03+00:00">00:40:03</abbr></a>] &lt;<cite>Dr{Who}</cite>&gt; <q>I wonder. A few people have had seemingly bricked bbb and no serial adapter to fix. I wonder if they are having issues loading from recover uSD because of something going on with USART2.</q></li>
<li class="quit">[<a href="#T00:42:38" id="T00:42:38"><abbr title="2013-12-02T00:42:38+00:00">00:42:38</abbr></a>] <span>* mrpackethead (~mrpacketh@96.53.105.118) Quit (Ping timeout: 240 seconds)</span></li>
<li class="join">[<a href="#T00:44:55" id="T00:44:55"><abbr title="2013-12-02T00:44:55+00:00">00:44:55</abbr></a>] <span>* darkpsi (02618dce@gateway/web/freenode/ip.2.97.141.206) has joined #beagle</span></li>
<li class="quit">[<a href="#T00:45:33" id="T00:45:33"><abbr title="2013-12-02T00:45:33+00:00">00:45:33</abbr></a>] <span>* darkpsi (02618dce@gateway/web/freenode/ip.2.97.141.206) Quit (Client Quit)</span></li>
<li class="quit">[<a href="#T00:49:28" id="T00:49:28"><abbr title="2013-12-02T00:49:28+00:00">00:49:28</abbr></a>] <span>* breakds (~breakds@c-24-0-147-122.hsd1.nj.comcast.net) Quit (Remote host closed the connection)</span></li>
<li class="message">[<a href="#T00:51:04" id="T00:51:04"><abbr title="2013-12-02T00:51:04+00:00">00:51:04</abbr></a>] &lt;<cite>vvu|Log</cite>&gt; <q>Dr{Who}: i don't think the flasher does something with UART1-5 except than UART0 which is the default console</q></li>
<li class="quit">[<a href="#T00:53:58" id="T00:53:58"><abbr title="2013-12-02T00:53:58+00:00">00:53:58</abbr></a>] <span>* junior (~junior@177.205.202.139.dynamic.adsl.gvt.net.br) Quit (Quit: Leaving)</span></li>
<li class="join">[<a href="#T00:54:29" id="T00:54:29"><abbr title="2013-12-02T00:54:29+00:00">00:54:29</abbr></a>] <span>* Jinx (~Jinx@unaffiliated/jinx) has joined #beagle</span></li>
<li class="quit">[<a href="#T00:55:16" id="T00:55:16"><abbr title="2013-12-02T00:55:16+00:00">00:55:16</abbr></a>] <span>* nashpa (~nashpa@dliviu.plus.com) Quit (Ping timeout: 246 seconds)</span></li>
