<li class="join">[<a href="#T00:01:04" id="T00:01:04"><abbr title="2013-10-22T00:01:04+00:00">00:01:04</abbr></a>] <span>* rcn-ee (~voodoo@thief-pool2-126-226.mncable.net) has joined #beagle</span></li>
<li class="quit">[<a href="#T00:04:52" id="T00:04:52"><abbr title="2013-10-22T00:04:52+00:00">00:04:52</abbr></a>] <span>* SyNko (~SyNko@78-134-127-196.v4.ngi.it) Quit (Remote host closed the connection)</span></li>
<li class="quit">[<a href="#T00:05:25" id="T00:05:25"><abbr title="2013-10-22T00:05:25+00:00">00:05:25</abbr></a>] <span>* behanw (~behanw@host86-156-35-225.range86-156.btcentralplus.com) Quit (Ping timeout: 248 seconds)</span></li>
<li class="quit">[<a href="#T00:15:54" id="T00:15:54"><abbr title="2013-10-22T00:15:54+00:00">00:15:54</abbr></a>] <span>* bkearns (~bkearns@216-75-239-130.static.wiline.com) Quit (Quit: Leaving.)</span></li>
<li class="quit">[<a href="#T00:19:58" id="T00:19:58"><abbr title="2013-10-22T00:19:58+00:00">00:19:58</abbr></a>] <span>* ratsept (~testtest@72.199.191.90.dyn.estpak.ee) Quit (Ping timeout: 240 seconds)</span></li>
<li class="join">[<a href="#T00:20:45" id="T00:20:45"><abbr title="2013-10-22T00:20:45+00:00">00:20:45</abbr></a>] <span>* ratsept (~testtest@72.199.191.90.dyn.estpak.ee) has joined #beagle</span></li>
<li class="join">[<a href="#T00:26:10" id="T00:26:10"><abbr title="2013-10-22T00:26:10+00:00">00:26:10</abbr></a>] <span>* magyarm (~mike@76-10-141-16.dsl.teksavvy.com) has joined #beagle</span></li>
<li class="part">[<a href="#T00:31:05" id="T00:31:05"><abbr title="2013-10-22T00:31:05+00:00">00:31:05</abbr></a>] <span>* zeroem (~dhamilton@nat-225.fw1.la.vclk.net) has left #beagle</span></li>
<li class="quit">[<a href="#T00:32:33" id="T00:32:33"><abbr title="2013-10-22T00:32:33+00:00">00:32:33</abbr></a>] <span>* magyarm (~mike@76-10-141-16.dsl.teksavvy.com) Quit (Read error: Connection reset by peer)</span></li>
<li class="quit">[<a href="#T00:36:01" id="T00:36:01"><abbr title="2013-10-22T00:36:01+00:00">00:36:01</abbr></a>] <span>* rsalveti (~rsalveti@unaffiliated/rsalveti) Quit (Ping timeout: 272 seconds)</span></li>
<li class="join">[<a href="#T00:38:26" id="T00:38:26"><abbr title="2013-10-22T00:38:26+00:00">00:38:26</abbr></a>] <span>* magyarm (~mike@76-10-141-16.dsl.teksavvy.com) has joined #beagle</span></li>
<li class="join">[<a href="#T00:42:08" id="T00:42:08"><abbr title="2013-10-22T00:42:08+00:00">00:42:08</abbr></a>] <span>* rsalveti (~rsalveti@unaffiliated/rsalveti) has joined #beagle</span></li>
<li class="message">[<a href="#T00:46:40" id="T00:46:40"><abbr title="2013-10-22T00:46:40+00:00">00:46:40</abbr></a>] &lt;<cite>honestly</cite>&gt; <q>what the fuck</q></li>
<li class="message">[<a href="#T00:46:46" id="T00:46:46"><abbr title="2013-10-22T00:46:46+00:00">00:46:46</abbr></a>] &lt;<cite>honestly</cite>&gt; <q>did rawrite32 just go away?</q></li>
<li class="message">[<a href="#T00:47:00" id="T00:47:00"><abbr title="2013-10-22T00:47:00+00:00">00:47:00</abbr></a>] &lt;<cite>honestly</cite>&gt; <q><a href="http://www.netbsd.org/~martin/rawrite32/download.html">http://www.netbsd.org/~martin/rawrite32/download.html</a></q></li>
<li class="join">[<a href="#T00:50:37" id="T00:50:37"><abbr title="2013-10-22T00:50:37+00:00">00:50:37</abbr></a>] <span>* mrpackethead (~mrpacketh@122-59-227-65.jetstream.xtra.co.nz) has joined #beagle</span></li>
<li class="message">[<a href="#T00:51:16" id="T00:51:16"><abbr title="2013-10-22T00:51:16+00:00">00:51:16</abbr></a>] &lt;<cite>DagoRed</cite>&gt; <q>not a clue</q></li>
<li class="message">[<a href="#T00:55:50" id="T00:55:50"><abbr title="2013-10-22T00:55:50+00:00">00:55:50</abbr></a>] &lt;<cite>honestly</cite>&gt; <q>it's here for now: <a href="https://gepasp.in.tum.de/uploads/Rawrite32.exe">https://gepasp.in.tum.de/uploads/Rawrite32.exe</a></q></li>
<li class="message">[<a href="#T00:56:11" id="T00:56:11"><abbr title="2013-10-22T00:56:11+00:00">00:56:11</abbr></a>] &lt;<cite>honestly</cite>&gt; <q>I'd check if I'm allowed to do that, but <a href="http://www.netbsd.org/~martin/rawrite32/license.html">http://www.netbsd.org/~martin/rawrite32/license.html</a></q></li>
<li class="quit">[<a href="#T00:56:31" id="T00:56:31"><abbr title="2013-10-22T00:56:31+00:00">00:56:31</abbr></a>] <span>* mrpackethead (~mrpacketh@122-59-227-65.jetstream.xtra.co.nz) Quit (Remote host closed the connection)</span></li>
<li class="join">[<a href="#T00:57:39" id="T00:57:39"><abbr title="2013-10-22T00:57:39+00:00">00:57:39</abbr></a>] <span>* jkridner (~jkridner@pdpc/supporter/active/jkridner) has joined #beagle</span></li>
<li class="mode">[<abbr title="2013-10-22T00:57:39+00:00">00:57:39</abbr>] <span>* ChanServ sets mode +o jkridner</span></li>
<li class="message">[<a href="#T01:00:49" id="T01:00:49"><abbr title="2013-10-22T01:00:49+00:00">01:00:49</abbr></a>] &lt;<cite>honestly</cite>&gt; <q>is it safe to remount the root fs read-only, rewrite the partition size with fdisk, and then extend the filesystem with rewrite2fs?</q></li>
<li class="message">[<a href="#T01:00:56" id="T01:00:56"><abbr title="2013-10-22T01:00:56+00:00">01:00:56</abbr></a>] &lt;<cite>honestly</cite>&gt; <q>I guess no</q></li>
<li class="message">[<a href="#T01:01:10" id="T01:01:10"><abbr title="2013-10-22T01:01:10+00:00">01:01:10</abbr></a>] &lt;<cite>honestly</cite>&gt; <q>resize2fs*</q></li>
<li class="join">[<a href="#T01:02:57" id="T01:02:57"><abbr title="2013-10-22T01:02:57+00:00">01:02:57</abbr></a>] <span>* flo_lap (~fuchs@Maemo/community/contributor/florian) has joined #beagle</span></li>
<li class="quit">[<a href="#T01:06:47" id="T01:06:47"><abbr title="2013-10-22T01:06:47+00:00">01:06:47</abbr></a>] <span>* florian (~fuchs@Maemo/community/contributor/florian) Quit (Ping timeout: 272 seconds)</span></li>
<li class="join">[<a href="#T01:07:11" id="T01:07:11"><abbr title="2013-10-22T01:07:11+00:00">01:07:11</abbr></a>] <span>* mrpackethead (~mrpacketh@122-59-227-65.jetstream.xtra.co.nz) has joined #beagle</span></li>
<li class="quit">[<a href="#T01:08:28" id="T01:08:28"><abbr title="2013-10-22T01:08:28+00:00">01:08:28</abbr></a>] <span>* arun (~arun@unaffiliated/sindian) Quit (Ping timeout: 256 seconds)</span></li>
<li class="message">[<a href="#T01:10:28" id="T01:10:28"><abbr title="2013-10-22T01:10:28+00:00">01:10:28</abbr></a>] &lt;<cite>DagoRed</cite>&gt; <q>honestly: Why not?</q></li>
<li class="join">[<a href="#T01:10:52" id="T01:10:52"><abbr title="2013-10-22T01:10:52+00:00">01:10:52</abbr></a>] <span>* guanucoluis (~luis@200.105.111.98) has joined #beagleboard</span></li>
<li class="message">[<a href="#T01:11:03" id="T01:11:03"><abbr title="2013-10-22T01:11:03+00:00">01:11:03</abbr></a>] &lt;<cite>honestly</cite>&gt; <q>because the system might become slightly upset if I change the rootfs while it's running?</q></li>
<li class="message">[<a href="#T01:12:33" id="T01:12:33"><abbr title="2013-10-22T01:12:33+00:00">01:12:33</abbr></a>] &lt;<cite>honestly</cite>&gt; <q>but I suppose I might as well try</q></li>
<li class="nick-change">[<a href="#T01:13:10" id="T01:13:10"><abbr title="2013-10-22T01:13:10+00:00">01:13:10</abbr></a>] <span>* honestly is now known as EveryBody</span></li>
<li class="nick-change">[<a href="#T01:13:20" id="T01:13:20"><abbr title="2013-10-22T01:13:20+00:00">01:13:20</abbr></a>] <span>* EveryBody is now known as honestly</span></li>
<li class="join">[<a href="#T01:18:23" id="T01:18:23"><abbr title="2013-10-22T01:18:23+00:00">01:18:23</abbr></a>] <span>* djerome (~djerome@ip68-98-228-41.ph.ph.cox.net) has joined #beaglebone</span></li>
<li class="nick-change">[<a href="#T01:21:14" id="T01:21:14"><abbr title="2013-10-22T01:21:14+00:00">01:21:14</abbr></a>] <span>* vvu|Log_away is now known as vvu|Log</span></li>
<li class="quit">[<a href="#T01:23:38" id="T01:23:38"><abbr title="2013-10-22T01:23:38+00:00">01:23:38</abbr></a>] <span>* stamina (~stamina@221-163-128-083.dynamic.caiway.nl) Quit (Ping timeout: 264 seconds)</span></li>
<li class="join">[<a href="#T01:24:17" id="T01:24:17"><abbr title="2013-10-22T01:24:17+00:00">01:24:17</abbr></a>] <span>* arun (~arun@unaffiliated/sindian) has joined #beagle</span></li>
<li class="nick-change">[<a href="#T01:29:49" id="T01:29:49"><abbr title="2013-10-22T01:29:49+00:00">01:29:49</abbr></a>] <span>* ion is now known as ION</span></li>
<li class="join">[<a href="#T01:32:27" id="T01:32:27"><abbr title="2013-10-22T01:32:27+00:00">01:32:27</abbr></a>] <span>* mh___ (81821264@gateway/web/freenode/ip.129.130.18.100) has joined #beagle</span></li>
<li class="join">[<a href="#T01:34:16" id="T01:34:16"><abbr title="2013-10-22T01:34:16+00:00">01:34:16</abbr></a>] <span>* joel_ (~joel@nat/ti/x-bjjkreohlkhndkdz) has joined #beagle</span></li>
<li class="join">[<a href="#T01:36:12" id="T01:36:12"><abbr title="2013-10-22T01:36:12+00:00">01:36:12</abbr></a>] <span>* _dv_ (~quassel@chello080108009040.14.11.vie.surfer.at) has joined #beagle</span></li>
<li class="join">[<abbr title="2013-10-22T01:36:12+00:00">01:36:12</abbr>] <span>* _dv_ (~quassel@chello080108009040.14.11.vie.surfer.at) has joined #beagleboard</span></li>
<li class="quit">[<a href="#T01:36:38" id="T01:36:38"><abbr title="2013-10-22T01:36:38+00:00">01:36:38</abbr></a>] <span>* dv_ (~quassel@chello080108009040.14.11.vie.surfer.at) Quit (Ping timeout: 240 seconds)</span></li>
<li class="join">[<a href="#T01:36:58" id="T01:36:58"><abbr title="2013-10-22T01:36:58+00:00">01:36:58</abbr></a>] <span>* georgem_home (~max@cpe-69-76-171-38.kc.res.rr.com) has joined #beagle</span></li>
<li class="quit">[<a href="#T01:37:09" id="T01:37:09"><abbr title="2013-10-22T01:37:09+00:00">01:37:09</abbr></a>] <span>* felipealmeida (~user@177.158.33.142) Quit (Quit: ERC Version 5.3 (IRC client for Emacs))</span></li>
<li class="message">[<a href="#T01:42:01" id="T01:42:01"><abbr title="2013-10-22T01:42:01+00:00">01:42:01</abbr></a>] &lt;<cite>georgem_home</cite>&gt; <q>Everyone enjoying the haggis?</q></li>
<li class="message">[<a href="#T01:42:56" id="T01:42:56"><abbr title="2013-10-22T01:42:56+00:00">01:42:56</abbr></a>] &lt;<cite>N2TOH</cite>&gt; <q>thankfully no haggis here</q></li>
<li class="quit">[<a href="#T01:44:48" id="T01:44:48"><abbr title="2013-10-22T01:44:48+00:00">01:44:48</abbr></a>] <span>* Defiant (erik@g231131004.adsl.alicedsl.de) Quit (Ping timeout: 240 seconds)</span></li>
<li class="message">[<a href="#T01:45:20" id="T01:45:20"><abbr title="2013-10-22T01:45:20+00:00">01:45:20</abbr></a>] &lt;<cite>prpplague</cite>&gt; <q>georgem_home: will be in 48 hours</q></li>
<li class="join">[<a href="#T01:46:13" id="T01:46:13"><abbr title="2013-10-22T01:46:13+00:00">01:46:13</abbr></a>] <span>* RickJ (4cbccae2@gateway/web/freenode/ip.76.188.202.226) has joined #beagle</span></li>
<li class="message">[<a href="#T01:47:24" id="T01:47:24"><abbr title="2013-10-22T01:47:24+00:00">01:47:24</abbr></a>] &lt;<cite>RickJ</cite>&gt; <q>Can you use the BBB To run code instead of a OS?</q></li>
<li class="message">[<a href="#T01:47:34" id="T01:47:34"><abbr title="2013-10-22T01:47:34+00:00">01:47:34</abbr></a>] &lt;<cite>agmlego</cite>&gt; <q>Sure.</q></li>
<li class="message">[<a href="#T01:47:40" id="T01:47:40"><abbr title="2013-10-22T01:47:40+00:00">01:47:40</abbr></a>] &lt;<cite>agmlego</cite>&gt; <q>You can program the bare metal.</q></li>
<li class="message">[<a href="#T01:47:50" id="T01:47:50"><abbr title="2013-10-22T01:47:50+00:00">01:47:50</abbr></a>] &lt;<cite>agmlego</cite>&gt; <q>OS' make things easier though.</q></li>
<li class="message">[<a href="#T01:48:43" id="T01:48:43"><abbr title="2013-10-22T01:48:43+00:00">01:48:43</abbr></a>] &lt;<cite>RickJ</cite>&gt; <q>I need high reliability.</q></li>
<li class="message">[<a href="#T01:49:08" id="T01:49:08"><abbr title="2013-10-22T01:49:08+00:00">01:49:08</abbr></a>] &lt;<cite>RickJ</cite>&gt; <q>How would one compile and run such code?</q></li>
<li class="message">[<a href="#T01:49:24" id="T01:49:24"><abbr title="2013-10-22T01:49:24+00:00">01:49:24</abbr></a>] &lt;<cite>N2TOH</cite>&gt; <q>there is also the PRU codes that for now only run ASM/ML code</q></li>
<li class="message">[<a href="#T01:49:32" id="T01:49:32"><abbr title="2013-10-22T01:49:32+00:00">01:49:32</abbr></a>] &lt;<cite>agmlego</cite>&gt; <q>...so you are using an open-source board based on what is effectively a smartphone processor?</q></li>
<li class="message">[<a href="#T01:49:45" id="T01:49:45"><abbr title="2013-10-22T01:49:45+00:00">01:49:45</abbr></a>] &lt;<cite>agmlego</cite>&gt; <q>RickJ: qI imagine like any other ARM/JTAG system.</q></li>
<li class="quit">[<a href="#T01:49:48" id="T01:49:48"><abbr title="2013-10-22T01:49:48+00:00">01:49:48</abbr></a>] <span>* JoshAshby (~ashby@192.210.238.183) Quit (Ping timeout: 240 seconds)</span></li>
<li class="message">[<a href="#T01:50:10" id="T01:50:10"><abbr title="2013-10-22T01:50:10+00:00">01:50:10</abbr></a>] &lt;<cite>agmlego</cite>&gt; <q>YOu get the necessary toolchain for the ARM, and use something like OpenOCD and JTAG to dump the code in.</q></li>
<li class="quit">[<a href="#T01:50:11" id="T01:50:11"><abbr title="2013-10-22T01:50:11+00:00">01:50:11</abbr></a>] <span>* mrpackethead (~mrpacketh@122-59-227-65.jetstream.xtra.co.nz) Quit (Remote host closed the connection)</span></li>
<li class="join">[<a href="#T01:50:45" id="T01:50:45"><abbr title="2013-10-22T01:50:45+00:00">01:50:45</abbr></a>] <span>* Defiant (erik@e179199024.adsl.alicedsl.de) has joined #beagle</span></li>
<li class="join">[<a href="#T01:50:46" id="T01:50:46"><abbr title="2013-10-22T01:50:46+00:00">01:50:46</abbr></a>] <span>* mrpackethead (~mrpacketh@122-59-227-65.jetstream.xtra.co.nz) has joined #beagle</span></li>
<li class="message">[<a href="#T01:50:49" id="T01:50:49"><abbr title="2013-10-22T01:50:49+00:00">01:50:49</abbr></a>] &lt;<cite>RickJ</cite>&gt; <q>OK ...thanks</q></li>
<li class="message">[<a href="#T01:52:09" id="T01:52:09"><abbr title="2013-10-22T01:52:09+00:00">01:52:09</abbr></a>] &lt;<cite>georgem_home</cite>&gt; <q>prpplague: The purse strings are held tightly for international travel at our company. Very conservative management/ownership :(</q></li>
<li class="quit">[<a href="#T01:55:11" id="T01:55:11"><abbr title="2013-10-22T01:55:11+00:00">01:55:11</abbr></a>] <span>* mrpackethead (~mrpacketh@122-59-227-65.jetstream.xtra.co.nz) Quit (Ping timeout: 245 seconds)</span></li>
<li class="quit">[<a href="#T01:55:49" id="T01:55:49"><abbr title="2013-10-22T01:55:49+00:00">01:55:49</abbr></a>] <span>* guanucoluis (~luis@200.105.111.98) Quit (Ping timeout: 248 seconds)</span></li>
<li class="join">[<a href="#T02:00:09" id="T02:00:09"><abbr title="2013-10-22T02:00:09+00:00">02:00:09</abbr></a>] <span>* Olihoops (4a3a47a4@gateway/web/freenode/ip.74.58.71.164) has joined #beagle</span></li>
<li class="quit">[<a href="#T02:01:19" id="T02:01:19"><abbr title="2013-10-22T02:01:19+00:00">02:01:19</abbr></a>] <span>* Olihoops (4a3a47a4@gateway/web/freenode/ip.74.58.71.164) Quit (Client Quit)</span></li>
<li class="join">[<a href="#T02:02:25" id="T02:02:25"><abbr title="2013-10-22T02:02:25+00:00">02:02:25</abbr></a>] <span>* mrjazzcat (~mrjazzcat@24.8.176.66) has joined #beagle</span></li>
<li class="quit">[<a href="#T02:06:56" id="T02:06:56"><abbr title="2013-10-22T02:06:56+00:00">02:06:56</abbr></a>] <span>* joel_ (~joel@nat/ti/x-bjjkreohlkhndkdz) Quit (Remote host closed the connection)</span></li>
<li class="quit">[<a href="#T02:08:21" id="T02:08:21"><abbr title="2013-10-22T02:08:21+00:00">02:08:21</abbr></a>] <span>* RickJ (4cbccae2@gateway/web/freenode/ip.76.188.202.226) Quit (Ping timeout: 250 seconds)</span></li>
<li class="message">[<a href="#T02:13:33" id="T02:13:33"><abbr title="2013-10-22T02:13:33+00:00">02:13:33</abbr></a>] &lt;<cite>prpplague</cite>&gt; <q>georgem_home: ahh</q></li>
<li class="action">[<a href="#T02:14:08" id="T02:14:08"><abbr title="2013-10-22T02:14:08+00:00">02:14:08</abbr></a>] <span>* prpplague will never every again work for a company that does not sponsor attendence to conferences</span></li>
<li class="join">[<a href="#T02:23:14" id="T02:23:14"><abbr title="2013-10-22T02:23:14+00:00">02:23:14</abbr></a>] <span>* cameron__ (47edfc94@gateway/web/freenode/ip.71.237.252.148) has joined #beagle</span></li>
<li class="message">[<a href="#T02:24:24" id="T02:24:24"><abbr title="2013-10-22T02:24:24+00:00">02:24:24</abbr></a>] &lt;<cite>cameron__</cite>&gt; <q>My bbb wont load to the desktop when i boot it standalone. Any ideas?</q></li>
<li class="join">[<a href="#T02:27:07" id="T02:27:07"><abbr title="2013-10-22T02:27:07+00:00">02:27:07</abbr></a>] <span>* BTCTrader (~aaa@unaffiliated/btctrader) has joined #beagle</span></li>
<li class="message">[<a href="#T02:27:23" id="T02:27:23"><abbr title="2013-10-22T02:27:23+00:00">02:27:23</abbr></a>] &lt;<cite>thurgood</cite>&gt; <q>what does it do?</q></li>
<li class="join">[<a href="#T02:28:27" id="T02:28:27"><abbr title="2013-10-22T02:28:27+00:00">02:28:27</abbr></a>] <span>* dv_ (~quassel@chello080108009040.14.11.vie.surfer.at) has joined #beagle</span></li>
<li class="join">[<abbr title="2013-10-22T02:28:27+00:00">02:28:27</abbr>] <span>* dv_ (~quassel@chello080108009040.14.11.vie.surfer.at) has joined #beagleboard</span></li>
<li class="message">[<a href="#T02:28:41" id="T02:28:41"><abbr title="2013-10-22T02:28:41+00:00">02:28:41</abbr></a>] &lt;<cite>cameron__</cite>&gt; <q>I tdiplays the logo in the top left then does nothing. It was working before but then i sshed and now its stoped working. Ive even reflashed it to no avail</q></li>
<li class="join">[<a href="#T02:28:44" id="T02:28:44"><abbr title="2013-10-22T02:28:44+00:00">02:28:44</abbr></a>] <span>* breakds (~breakds@c-24-0-146-43.hsd1.nj.comcast.net) has joined #beagle</span></li>
<li class="quit">[<a href="#T02:29:30" id="T02:29:30"><abbr title="2013-10-22T02:29:30+00:00">02:29:30</abbr></a>] <span>* _dv_ (~quassel@chello080108009040.14.11.vie.surfer.at) Quit (Ping timeout: 256 seconds)</span></li>
<li class="message">[<a href="#T02:30:12" id="T02:30:12"><abbr title="2013-10-22T02:30:12+00:00">02:30:12</abbr></a>] &lt;<cite>thurgood</cite>&gt; <q>do you have a debug console attached?</q></li>
<li class="message">[<a href="#T02:30:43" id="T02:30:43"><abbr title="2013-10-22T02:30:43+00:00">02:30:43</abbr></a>] &lt;<cite>cameron__</cite>&gt; <q>what is that</q></li>
<li class="message">[<a href="#T02:30:47" id="T02:30:47"><abbr title="2013-10-22T02:30:47+00:00">02:30:47</abbr></a>] &lt;<cite>cameron__</cite>&gt; <q>no</q></li>
<li class="message">[<a href="#T02:31:15" id="T02:31:15"><abbr title="2013-10-22T02:31:15+00:00">02:31:15</abbr></a>] &lt;<cite>thurgood</cite>&gt; <q>a serial console that is on the bbb</q></li>
<li class="message">[<a href="#T02:31:53" id="T02:31:53"><abbr title="2013-10-22T02:31:53+00:00">02:31:53</abbr></a>] &lt;<cite>thurgood</cite>&gt; <q>it shouldn't fail just because you ssh'd in</q></li>
<li class="message">[<a href="#T02:32:18" id="T02:32:18"><abbr title="2013-10-22T02:32:18+00:00">02:32:18</abbr></a>] &lt;<cite>thurgood</cite>&gt; <q>did you run anything when connected?</q></li>
<li class="message">[<a href="#T02:32:20" id="T02:32:20"><abbr title="2013-10-22T02:32:20+00:00">02:32:20</abbr></a>] &lt;<cite>cameron__</cite>&gt; <q>should i give you logs?</q></li>
<li class="message">[<a href="#T02:32:24" id="T02:32:24"><abbr title="2013-10-22T02:32:24+00:00">02:32:24</abbr></a>] &lt;<cite>cameron__</cite>&gt; <q>no</q></li>
<li class="message">[<a href="#T02:32:36" id="T02:32:36"><abbr title="2013-10-22T02:32:36+00:00">02:32:36</abbr></a>] &lt;<cite>thurgood</cite>&gt; <q>if you have them, use pastebin.com or similar</q></li>
<li class="message">[<a href="#T02:32:45" id="T02:32:45"><abbr title="2013-10-22T02:32:45+00:00">02:32:45</abbr></a>] &lt;<cite>cameron__</cite>&gt; <q>how do i get to them</q></li>
<li class="message">[<a href="#T02:33:26" id="T02:33:26"><abbr title="2013-10-22T02:33:26+00:00">02:33:26</abbr></a>] &lt;<cite>thurgood</cite>&gt; <q>also, do you have an SD card inserted?</q></li>
<li class="quit">[<a href="#T02:33:33" id="T02:33:33"><abbr title="2013-10-22T02:33:33+00:00">02:33:33</abbr></a>] <span>* rcn-ee (~voodoo@thief-pool2-126-226.mncable.net) Quit (Quit: Leaving)</span></li>
<li class="message">[<a href="#T02:33:39" id="T02:33:39"><abbr title="2013-10-22T02:33:39+00:00">02:33:39</abbr></a>] &lt;<cite>cameron__</cite>&gt; <q>no</q></li>
<li class="quit">[<a href="#T02:34:19" id="T02:34:19"><abbr title="2013-10-22T02:34:19+00:00">02:34:19</abbr></a>] <span>* froggyman (~froggyman@unaffiliated/froggyman) Quit (Ping timeout: 260 seconds)</span></li>
<li class="message">[<a href="#T02:35:09" id="T02:35:09"><abbr title="2013-10-22T02:35:09+00:00">02:35:09</abbr></a>] &lt;<cite>thurgood</cite>&gt; <q>so it doesn't show up on your network or anything anymore?</q></li>
<li class="quit">[<a href="#T02:35:22" id="T02:35:22"><abbr title="2013-10-22T02:35:22+00:00">02:35:22</abbr></a>] <span>* georgem_home (~max@cpe-69-76-171-38.kc.res.rr.com) Quit (Read error: Connection reset by peer)</span></li>
<li class="message">[<a href="#T02:35:41" id="T02:35:41"><abbr title="2013-10-22T02:35:41+00:00">02:35:41</abbr></a>] &lt;<cite>cameron__</cite>&gt; <q>what do you mean</q></li>
<li class="message">[<a href="#T02:35:48" id="T02:35:48"><abbr title="2013-10-22T02:35:48+00:00">02:35:48</abbr></a>] &lt;<cite>cameron__</cite>&gt; <q>im doing it standalone</q></li>
<li class="message">[<a href="#T02:35:53" id="T02:35:53"><abbr title="2013-10-22T02:35:53+00:00">02:35:53</abbr></a>] &lt;<cite>thurgood</cite>&gt; <q>you said you ssh'd in before</q></li>
<li class="message">[<a href="#T02:35:55" id="T02:35:55"><abbr title="2013-10-22T02:35:55+00:00">02:35:55</abbr></a>] &lt;<cite>cameron__</cite>&gt; <q>without ethernet</q></li>
<li class="message">[<a href="#T02:36:24" id="T02:36:24"><abbr title="2013-10-22T02:36:24+00:00">02:36:24</abbr></a>] &lt;<cite>cameron__</cite>&gt; <q>after i sshed it stoped working standalone</q></li>
<li class="message">[<a href="#T02:36:59" id="T02:36:59"><abbr title="2013-10-22T02:36:59+00:00">02:36:59</abbr></a>] &lt;<cite>thurgood</cite>&gt; <q>how are you powering it?</q></li>
<li class="quit">[<a href="#T02:37:23" id="T02:37:23"><abbr title="2013-10-22T02:37:23+00:00">02:37:23</abbr></a>] <span>* mh___ (81821264@gateway/web/freenode/ip.129.130.18.100) Quit (Ping timeout: 250 seconds)</span></li>
<li class="message">[<a href="#T02:37:31" id="T02:37:31"><abbr title="2013-10-22T02:37:31+00:00">02:37:31</abbr></a>] &lt;<cite>cameron__</cite>&gt; <q>ive tried battery and wall outlet. It worked before i sshed with batt</q></li>
<li class="message">[<a href="#T02:37:52" id="T02:37:52"><abbr title="2013-10-22T02:37:52+00:00">02:37:52</abbr></a>] &lt;<cite>thurgood</cite>&gt; <q>so a 5v barrel connector?</q></li>
<li class="message">[<a href="#T02:38:00" id="T02:38:00"><abbr title="2013-10-22T02:38:00+00:00">02:38:00</abbr></a>] &lt;<cite>cameron__</cite>&gt; <q>yes</q></li>
<li class="message">[<a href="#T02:39:15" id="T02:39:15"><abbr title="2013-10-22T02:39:15+00:00">02:39:15</abbr></a>] &lt;<cite>thurgood</cite>&gt; <q>and nothing connected to the mini-usb?</q></li>
<li class="message">[<a href="#T02:39:29" id="T02:39:29"><abbr title="2013-10-22T02:39:29+00:00">02:39:29</abbr></a>] &lt;<cite>cameron__</cite>&gt; <q>nothing on mini.</q></li>
<li class="join">[<a href="#T02:39:43" id="T02:39:43"><abbr title="2013-10-22T02:39:43+00:00">02:39:43</abbr></a>] <span>* froggyman (~froggyman@unaffiliated/froggyman) has joined #beagle</span></li>
<li class="message">[<a href="#T02:39:57" id="T02:39:57"><abbr title="2013-10-22T02:39:57+00:00">02:39:57</abbr></a>] &lt;<cite>thurgood</cite>&gt; <q>anything on the other USB?</q></li>
<li class="message">[<a href="#T02:40:51" id="T02:40:51"><abbr title="2013-10-22T02:40:51+00:00">02:40:51</abbr></a>] &lt;<cite>cameron__</cite>&gt; <q>i have a logitech keyboard dongle. Again its worked before with same equip</q></li>
<li class="message">[<a href="#T02:41:19" id="T02:41:19"><abbr title="2013-10-22T02:41:19+00:00">02:41:19</abbr></a>] &lt;<cite>thurgood</cite>&gt; <q>just trying to rule stuff out</q></li>
<li class="message">[<a href="#T02:41:25" id="T02:41:25"><abbr title="2013-10-22T02:41:25+00:00">02:41:25</abbr></a>] &lt;<cite>cameron__</cite>&gt; <q>sorry</q></li>
<li class="message">[<a href="#T02:42:12" id="T02:42:12"><abbr title="2013-10-22T02:42:12+00:00">02:42:12</abbr></a>] &lt;<cite>thurgood</cite>&gt; <q>you're sure you flashed it properly?</q></li>
<li class="message">[<a href="#T02:42:31" id="T02:42:31"><abbr title="2013-10-22T02:42:31+00:00">02:42:31</abbr></a>] &lt;<cite>cameron__</cite>&gt; <q>ive reflashed it multiple times.</q></li>
<li class="message">[<a href="#T02:43:34" id="T02:43:34"><abbr title="2013-10-22T02:43:34+00:00">02:43:34</abbr></a>] &lt;<cite>cameron__</cite>&gt; <q>im running a a5a bb</q></li>
<li class="quit">[<a href="#T02:44:28" id="T02:44:28"><abbr title="2013-10-22T02:44:28+00:00">02:44:28</abbr></a>] <span>* kingemer (~kingemer@69.169.157.172.provo.static.broadweavenetworks.net) Quit (Read error: Connection reset by peer)</span></li>
<li class="message">[<a href="#T02:44:56" id="T02:44:56"><abbr title="2013-10-22T02:44:56+00:00">02:44:56</abbr></a>] &lt;<cite>cameron__</cite>&gt; <q>im going to reflash now</q></li>
<li class="join">[<a href="#T02:45:03" id="T02:45:03"><abbr title="2013-10-22T02:45:03+00:00">02:45:03</abbr></a>] <span>* kingemer (~kingemer@69.169.157.172.provo.static.broadweavenetworks.net) has joined #beagle</span></li>
<li class="message">[<a href="#T02:45:08" id="T02:45:08"><abbr title="2013-10-22T02:45:08+00:00">02:45:08</abbr></a>] &lt;<cite>cameron__</cite>&gt; <q>see if it helps</q></li>
<li class="message">[<a href="#T02:45:14" id="T02:45:14"><abbr title="2013-10-22T02:45:14+00:00">02:45:14</abbr></a>] &lt;<cite>thurgood</cite>&gt; <q>which image are yo uusing?</q></li>
<li class="quit">[<a href="#T02:45:22" id="T02:45:22"><abbr title="2013-10-22T02:45:22+00:00">02:45:22</abbr></a>] <span>* jkridner (~jkridner@pdpc/supporter/active/jkridner) Quit (Ping timeout: 256 seconds)</span></li>
<li class="message">[<a href="#T02:45:36" id="T02:45:36"><abbr title="2013-10-22T02:45:36+00:00">02:45:36</abbr></a>] &lt;<cite>cameron__</cite>&gt; <q>the latest angstrom from Beagleboard.org</q></li>
<li class="message">[<a href="#T02:45:47" id="T02:45:47"><abbr title="2013-10-22T02:45:47+00:00">02:45:47</abbr></a>] &lt;<cite>cameron__</cite>&gt; <q>eemc flash</q></li>
<li class="message">[<a href="#T02:46:07" id="T02:46:07"><abbr title="2013-10-22T02:46:07+00:00">02:46:07</abbr></a>] &lt;<cite>cameron__</cite>&gt; <q>*emmc</q></li>
<li class="quit">[<a href="#T02:46:10" id="T02:46:10"><abbr title="2013-10-22T02:46:10+00:00">02:46:10</abbr></a>] <span>* emeb (~ericb@ip70-162-138-62.ph.ph.cox.net) Quit (Quit: Leaving.)</span></li>
<li class="join">[<a href="#T02:51:10" id="T02:51:10"><abbr title="2013-10-22T02:51:10+00:00">02:51:10</abbr></a>] <span>* emeb_mac (~ericb@ip70-162-138-62.ph.ph.cox.net) has joined #beagle</span></li>
<li class="join">[<a href="#T02:51:46" id="T02:51:46"><abbr title="2013-10-22T02:51:46+00:00">02:51:46</abbr></a>] <span>* guanucoluis (~luis@190.18.175.157) has joined #beagleboard</span></li>
<li class="message">[<a href="#T02:52:27" id="T02:52:27"><abbr title="2013-10-22T02:52:27+00:00">02:52:27</abbr></a>] &lt;<cite>cameron__</cite>&gt; <q>writing now</q></li>
<li class="join">[<a href="#T02:53:51" id="T02:53:51"><abbr title="2013-10-22T02:53:51+00:00">02:53:51</abbr></a>] <span>* urlgrey (~urlgrey@108-207-0-227.lightspeed.sntcca.sbcglobal.net) has joined #beaglebone</span></li>
<li class="quit">[<a href="#T02:53:55" id="T02:53:55"><abbr title="2013-10-22T02:53:55+00:00">02:53:55</abbr></a>] <span>* Russ (foobar@pool-108-38-181-102.lsanca.fios.verizon.net) Quit (Ping timeout: 260 seconds)</span></li>
<li class="join">[<a href="#T02:57:42" id="T02:57:42"><abbr title="2013-10-22T02:57:42+00:00">02:57:42</abbr></a>] <span>* Biodragon (~Biodragon@pool-108-38-225-149.lsanca.fios.verizon.net) has joined #beagle</span></li>
<li class="message">[<a href="#T02:58:07" id="T02:58:07"><abbr title="2013-10-22T02:58:07+00:00">02:58:07</abbr></a>] &lt;<cite>cameron__</cite>&gt; <q>flashing now</q></li>
<li class="message">[<a href="#T02:58:59" id="T02:58:59"><abbr title="2013-10-22T02:58:59+00:00">02:58:59</abbr></a>] &lt;<cite>cameron__</cite>&gt; <q>still there?</q></li>
