<li class="quit">[<a href="#T00:00:30" id="T00:00:30"><abbr title="2013-02-20T00:00:30+00:00">00:00:30</abbr></a>] <span>* kkeller (~Ken_Kelle@97-124-105-185.phnx.qwest.net) Quit (Quit: Leaving.)</span></li>
<li class="quit">[<a href="#T00:04:58" id="T00:04:58"><abbr title="2013-02-20T00:04:58+00:00">00:04:58</abbr></a>] <span>* bzb (~bzb@206-248-156-68.dsl.teksavvy.com) Quit (Quit: Leaving)</span></li>
<li class="message">[<a href="#T00:22:33" id="T00:22:33"><abbr title="2013-02-20T00:22:33+00:00">00:22:33</abbr></a>] &lt;<cite>mru</cite>&gt; <q>where is everyone?</q></li>
<li class="message">[<a href="#T00:22:51" id="T00:22:51"><abbr title="2013-02-20T00:22:51+00:00">00:22:51</abbr></a>] &lt;<cite>alan_o</cite>&gt; <q>mru: some are at yocto day</q></li>
<li class="message">[<a href="#T00:23:07" id="T00:23:07"><abbr title="2013-02-20T00:23:07+00:00">00:23:07</abbr></a>] &lt;<cite>alan_o</cite>&gt; <q>mru can't speak for panto, mranostay, or mdp</q></li>
<li class="message">[<a href="#T00:23:10" id="T00:23:10"><abbr title="2013-02-20T00:23:10+00:00">00:23:10</abbr></a>] &lt;<cite>gabrbedd</cite>&gt; <q>When building kernel for -xM, do I still use omap2plus_defconfig ?</q></li>
<li class="join">[<a href="#T00:26:54" id="T00:26:54"><abbr title="2013-02-20T00:26:54+00:00">00:26:54</abbr></a>] <span>* scrts_ (~quassel@2a01:348:70:46:17:57:19:0) has joined #beagle</span></li>
<li class="quit">[<a href="#T00:27:09" id="T00:27:09"><abbr title="2013-02-20T00:27:09+00:00">00:27:09</abbr></a>] <span>* awozniak (~awozniak@74.82.132.35) Quit (Quit: Ex-Chat)</span></li>
<li class="quit">[<a href="#T00:27:40" id="T00:27:40"><abbr title="2013-02-20T00:27:40+00:00">00:27:40</abbr></a>] <span>* scrts (~quassel@unaffiliated/scrts) Quit (Ping timeout: 256 seconds)</span></li>
<li class="quit">[<a href="#T00:27:48" id="T00:27:48"><abbr title="2013-02-20T00:27:48+00:00">00:27:48</abbr></a>] <span>* tema (~tema@69.38.217.222) Quit (Ping timeout: 248 seconds)</span></li>
<li class="quit">[<a href="#T00:32:04" id="T00:32:04"><abbr title="2013-02-20T00:32:04+00:00">00:32:04</abbr></a>] <span>* thurbad (~natesewel@64.132.24.36) Quit (Quit: thurbad)</span></li>
<li class="message">[<a href="#T00:34:22" id="T00:34:22"><abbr title="2013-02-20T00:34:22+00:00">00:34:22</abbr></a>] &lt;<cite>alan_o</cite>&gt; <q>gabrbedd: check out this <a href="https://github.com/beagleboard/kernel/tree/3.8">https://github.com/beagleboard/kernel/tree/3.8</a></q></li>
<li class="message">[<a href="#T00:34:43" id="T00:34:43"><abbr title="2013-02-20T00:34:43+00:00">00:34:43</abbr></a>] &lt;<cite>alan_o</cite>&gt; <q>bone and -xM kernels come from that</q></li>
<li class="message">[<a href="#T00:34:57" id="T00:34:57"><abbr title="2013-02-20T00:34:57+00:00">00:34:57</abbr></a>] &lt;<cite>alan_o</cite>&gt; <q>(change branch for version). I'm not sure the status of 3.9</q></li>
<li class="join">[<a href="#T00:36:37" id="T00:36:37"><abbr title="2013-02-20T00:36:37+00:00">00:36:37</abbr></a>] <span>* djerome (~djerome@ip68-2-20-108.ph.ph.cox.net) has joined #beaglebone</span></li>
<li class="message">[<a href="#T00:39:28" id="T00:39:28"><abbr title="2013-02-20T00:39:28+00:00">00:39:28</abbr></a>] &lt;<cite>gabrbedd</cite>&gt; <q>Hmmm... but that's a patch set -- not a kernel tree.</q></li>
<li class="message">[<a href="#T00:39:44" id="T00:39:44"><abbr title="2013-02-20T00:39:44+00:00">00:39:44</abbr></a>] &lt;<cite>gabrbedd</cite>&gt; <q>alan_o: and even then -- which config do I use?</q></li>
<li class="message">[<a href="#T00:40:16" id="T00:40:16"><abbr title="2013-02-20T00:40:16+00:00">00:40:16</abbr></a>] &lt;<cite>gabrbedd</cite>&gt; <q>alan_o: oh, I see.</q></li>
<li class="message">[<a href="#T00:40:29" id="T00:40:29"><abbr title="2013-02-20T00:40:29+00:00">00:40:29</abbr></a>] &lt;<cite>gabrbedd</cite>&gt; <q>(Was looking at 3.6 before)</q></li>
<li class="message">[<a href="#T00:40:47" id="T00:40:47"><abbr title="2013-02-20T00:40:47+00:00">00:40:47</abbr></a>] &lt;<cite>gabrbedd</cite>&gt; <q>oh well, I guess that's *it*</q></li>
<li class="message">[<a href="#T00:46:12" id="T00:46:12"><abbr title="2013-02-20T00:46:12+00:00">00:46:12</abbr></a>] &lt;<cite>alan_o</cite>&gt; <q>gabrbedd: The readme.md tells how to build it</q></li>
<li class="message">[<a href="#T00:46:31" id="T00:46:31"><abbr title="2013-02-20T00:46:31+00:00">00:46:31</abbr></a>] &lt;<cite>alan_o</cite>&gt; <q>There's a script that downloads mainline and patches it</q></li>
<li class="message">[<a href="#T00:46:43" id="T00:46:43"><abbr title="2013-02-20T00:46:43+00:00">00:46:43</abbr></a>] &lt;<cite>alan_o</cite>&gt; <q>then you build it with configs/beagleboard (copy that to .config)</q></li>
<li class="join">[<a href="#T00:47:04" id="T00:47:04"><abbr title="2013-02-20T00:47:04+00:00">00:47:04</abbr></a>] <span>* bzb (~bzb@206-248-156-68.dsl.teksavvy.com) has joined #beagle</span></li>
<li class="message">[<a href="#T00:47:13" id="T00:47:13"><abbr title="2013-02-20T00:47:13+00:00">00:47:13</abbr></a>] &lt;<cite>alan_o</cite>&gt; <q>readme.md even has exact steps :)</q></li>
<li class="quit">[<a href="#T00:47:34" id="T00:47:34"><abbr title="2013-02-20T00:47:34+00:00">00:47:34</abbr></a>] <span>* bzb (~bzb@206-248-156-68.dsl.teksavvy.com) Quit (Read error: Connection reset by peer)</span></li>
<li class="message">[<a href="#T00:51:42" id="T00:51:42"><abbr title="2013-02-20T00:51:42+00:00">00:51:42</abbr></a>] &lt;<cite>gabrbedd</cite>&gt; <q>alan_o: thank you. that's what I'm working with, now.</q></li>
<li class="join">[<a href="#T00:54:20" id="T00:54:20"><abbr title="2013-02-20T00:54:20+00:00">00:54:20</abbr></a>] <span>* thurbad (~natesewel@cpe-70-113-204-247.austin.res.rr.com) has joined #beagle</span></li>
<li class="message">[<a href="#T00:57:06" id="T00:57:06"><abbr title="2013-02-20T00:57:06+00:00">00:57:06</abbr></a>] &lt;<cite>joel_</cite>&gt; <q>almost at sf hotel for elc, would love to meet some of you. give me a shout if you're around. should be there by around 9'ish</q></li>
<li class="quit">[<a href="#T00:57:15" id="T00:57:15"><abbr title="2013-02-20T00:57:15+00:00">00:57:15</abbr></a>] <span>* alan_o (~alan@69.38.217.222) Quit (Ping timeout: 252 seconds)</span></li>
<li class="message">[<a href="#T00:58:16" id="T00:58:16"><abbr title="2013-02-20T00:58:16+00:00">00:58:16</abbr></a>] &lt;<cite>joel_</cite>&gt; <q>in flight internet sucks</q></li>
<li class="message">[<a href="#T00:58:17" id="T00:58:17"><abbr title="2013-02-20T00:58:17+00:00">00:58:17</abbr></a>] &lt;<cite>Russ</cite>&gt; <q>same here</q></li>
<li class="message">[<a href="#T00:58:25" id="T00:58:25"><abbr title="2013-02-20T00:58:25+00:00">00:58:25</abbr></a>] &lt;<cite>Russ</cite>&gt; <q>leaving for the airport now</q></li>
<li class="message">[<a href="#T00:58:34" id="T00:58:34"><abbr title="2013-02-20T00:58:34+00:00">00:58:34</abbr></a>] &lt;<cite>joel_</cite>&gt; <q>Russ: ah, safe flight</q></li>
<li class="quit">[<a href="#T00:58:41" id="T00:58:41"><abbr title="2013-02-20T00:58:41+00:00">00:58:41</abbr></a>] <span>* Russ (~russ@pool-173-55-53-57.lsanca.fios.verizon.net) Quit (Quit: Ex-Chat)</span></li>
<li class="quit">[<a href="#T01:04:37" id="T01:04:37"><abbr title="2013-02-20T01:04:37+00:00">01:04:37</abbr></a>] <span>* n7segment (~drew@71.39.49.98) Quit (Quit: leaving)</span></li>
<li class="join">[<a href="#T01:06:33" id="T01:06:33"><abbr title="2013-02-20T01:06:33+00:00">01:06:33</abbr></a>] <span>* slchen (~slchen@123-195-161-155.dynamic.kbronet.com.tw) has joined #beagle</span></li>
<li class="quit">[<a href="#T01:07:49" id="T01:07:49"><abbr title="2013-02-20T01:07:49+00:00">01:07:49</abbr></a>] <span>* slchen (~slchen@123-195-161-155.dynamic.kbronet.com.tw) Quit (Client Quit)</span></li>
<li class="join">[<a href="#T01:08:32" id="T01:08:32"><abbr title="2013-02-20T01:08:32+00:00">01:08:32</abbr></a>] <span>* greybeard75 (446f8046@gateway/web/freenode/ip.68.111.128.70) has joined #beagle</span></li>
<li class="join">[<a href="#T01:08:55" id="T01:08:55"><abbr title="2013-02-20T01:08:55+00:00">01:08:55</abbr></a>] <span>* alan_o (~alan@69.38.217.222) has joined #beagle</span></li>
<li class="join">[<a href="#T01:10:22" id="T01:10:22"><abbr title="2013-02-20T01:10:22+00:00">01:10:22</abbr></a>] <span>* greybeard75_ (446f8046@gateway/web/freenode/ip.68.111.128.70) has joined #beagle</span></li>
<li class="quit">[<a href="#T01:13:08" id="T01:13:08"><abbr title="2013-02-20T01:13:08+00:00">01:13:08</abbr></a>] <span>* greybeard75_ (446f8046@gateway/web/freenode/ip.68.111.128.70) Quit (Client Quit)</span></li>
<li class="quit">[<a href="#T01:14:22" id="T01:14:22"><abbr title="2013-02-20T01:14:22+00:00">01:14:22</abbr></a>] <span>* greybeard75 (446f8046@gateway/web/freenode/ip.68.111.128.70) Quit (Quit: Page closed)</span></li>
<li class="quit">[<a href="#T01:27:31" id="T01:27:31"><abbr title="2013-02-20T01:27:31+00:00">01:27:31</abbr></a>] <span>* djerome (~djerome@ip68-2-20-108.ph.ph.cox.net) Quit (Ping timeout: 260 seconds)</span></li>
<li class="quit">[<a href="#T01:34:11" id="T01:34:11"><abbr title="2013-02-20T01:34:11+00:00">01:34:11</abbr></a>] <span>* emeb (~ericb@ip72-223-89-10.ph.ph.cox.net) Quit (Quit: Leaving.)</span></li>
<li class="join">[<a href="#T01:40:37" id="T01:40:37"><abbr title="2013-02-20T01:40:37+00:00">01:40:37</abbr></a>] <span>* djerome (~djerome@ip68-2-20-108.ph.ph.cox.net) has joined #beaglebone</span></li>
<li class="join">[<a href="#T01:57:42" id="T01:57:42"><abbr title="2013-02-20T01:57:42+00:00">01:57:42</abbr></a>] <span>* tema (~tema@69.38.219.78) has joined #beagle</span></li>
