<li class="quit">[<a href="#T00:01:15" id="T00:01:15"><abbr title="2013-09-09T00:01:15+00:00">00:01:15</abbr></a>] <span>* mrpackethead (~mrpacketh@236.71.224.49.dyn.cust.vf.net.nz) Quit (Remote host closed the connection)</span></li>
<li class="join">[<a href="#T00:01:49" id="T00:01:49"><abbr title="2013-09-09T00:01:49+00:00">00:01:49</abbr></a>] <span>* mrpackethead (~mrpacketh@242.71.224.49.dyn.cust.vf.net.nz) has joined #beagle</span></li>
<li class="quit">[<a href="#T00:05:50" id="T00:05:50"><abbr title="2013-09-09T00:05:50+00:00">00:05:50</abbr></a>] <span>* mrpackethead (~mrpacketh@242.71.224.49.dyn.cust.vf.net.nz) Quit (Read error: Connection reset by peer)</span></li>
<li class="quit">[<a href="#T00:12:28" id="T00:12:28"><abbr title="2013-09-09T00:12:28+00:00">00:12:28</abbr></a>] <span>* jsst (~jsst@82.176.11.120) Quit (Ping timeout: 264 seconds)</span></li>
<li class="join">[<a href="#T00:12:58" id="T00:12:58"><abbr title="2013-09-09T00:12:58+00:00">00:12:58</abbr></a>] <span>* jsst (~jsst@82.176.11.120) has joined #beagle</span></li>
<li class="part">[<a href="#T00:25:29" id="T00:25:29"><abbr title="2013-09-09T00:25:29+00:00">00:25:29</abbr></a>] <span>* sh1v (~sh1v@confluxhost.com) has left #beagle</span></li>
<li class="join">[<a href="#T00:35:49" id="T00:35:49"><abbr title="2013-09-09T00:35:49+00:00">00:35:49</abbr></a>] <span>* alan_o (~alan@c-76-29-154-88.hsd1.fl.comcast.net) has joined #beagle</span></li>
<li class="join">[<a href="#T00:45:12" id="T00:45:12"><abbr title="2013-09-09T00:45:12+00:00">00:45:12</abbr></a>] <span>* gustavoz (~gustavoz@host126.190-136-121.telecom.net.ar) has joined #beagle</span></li>
<li class="part">[<a href="#T00:45:33" id="T00:45:33"><abbr title="2013-09-09T00:45:33+00:00">00:45:33</abbr></a>] <span>* rneese (~rneese@pool-71-112-4-15.pitbpa.east.verizon.net) has left #beagle</span></li>
<li class="quit">[<a href="#T01:06:15" id="T01:06:15"><abbr title="2013-09-09T01:06:15+00:00">01:06:15</abbr></a>] <span>* Peuc (~Peuc@ip-96-43-239-108.dsl.netrevolution.com) Quit (Ping timeout: 245 seconds)</span></li>
<li class="quit">[<a href="#T01:19:53" id="T01:19:53"><abbr title="2013-09-09T01:19:53+00:00">01:19:53</abbr></a>] <span>* Calc (~Calc@c-76-100-81-122.hsd1.md.comcast.net) Quit (Read error: Connection reset by peer)</span></li>
<li class="join">[<a href="#T01:43:11" id="T01:43:11"><abbr title="2013-09-09T01:43:11+00:00">01:43:11</abbr></a>] <span>* dysinger (~tim@cpe-24-94-76-59.hawaii.res.rr.com) has joined #beagle</span></li>
<li class="quit">[<a href="#T01:43:45" id="T01:43:45"><abbr title="2013-09-09T01:43:45+00:00">01:43:45</abbr></a>] <span>* CoreyIrwin (~coreyirwi@69.165.255.164) Quit (Quit: Leaving)</span></li>
<li class="join">[<a href="#T01:59:33" id="T01:59:33"><abbr title="2013-09-09T01:59:33+00:00">01:59:33</abbr></a>] <span>* Humpelstilzchen (erik@e179197174.adsl.alicedsl.de) has joined #beagle</span></li>
<li class="quit">[<a href="#T02:00:54" id="T02:00:54"><abbr title="2013-09-09T02:00:54+00:00">02:00:54</abbr></a>] <span>* Defiant (erik@e177100210.adsl.alicedsl.de) Quit (Ping timeout: 256 seconds)</span></li>
<li class="quit">[<a href="#T02:44:19" id="T02:44:19"><abbr title="2013-09-09T02:44:19+00:00">02:44:19</abbr></a>] <span>* DJWillis (~djwillis@cpc2-trow6-2-0-cust204.aztw.cable.virginmedia.com) Quit (Read error: Operation timed out)</span></li>
<li class="join">[<a href="#T02:44:45" id="T02:44:45"><abbr title="2013-09-09T02:44:45+00:00">02:44:45</abbr></a>] <span>* DJWillis (~djwillis@cpc2-trow6-2-0-cust204.aztw.cable.virginmedia.com) has joined #beagle</span></li>
<li class="quit">[<a href="#T02:58:45" id="T02:58:45"><abbr title="2013-09-09T02:58:45+00:00">02:58:45</abbr></a>] <span>* jsst (~jsst@82.176.11.120) Quit (Ping timeout: 245 seconds)</span></li>
<li class="join">[<a href="#T03:00:27" id="T03:00:27"><abbr title="2013-09-09T03:00:27+00:00">03:00:27</abbr></a>] <span>* jsst (~jsst@82.176.11.120) has joined #beagle</span></li>
<li class="join">[<a href="#T03:01:01" id="T03:01:01"><abbr title="2013-09-09T03:01:01+00:00">03:01:01</abbr></a>] <span>* Peuc (~Peuc@ip-96-43-239-108.dsl.netrevolution.com) has joined #beagle</span></li>
<li class="join">[<a href="#T03:08:40" id="T03:08:40"><abbr title="2013-09-09T03:08:40+00:00">03:08:40</abbr></a>] <span>* DJW|Home (~djwillis@cpc2-trow6-2-0-cust204.aztw.cable.virginmedia.com) has joined #beagle</span></li>
<li class="quit">[<a href="#T03:10:12" id="T03:10:12"><abbr title="2013-09-09T03:10:12+00:00">03:10:12</abbr></a>] <span>* DJWillis (~djwillis@cpc2-trow6-2-0-cust204.aztw.cable.virginmedia.com) Quit (Read error: Operation timed out)</span></li>
<li class="join">[<a href="#T03:20:30" id="T03:20:30"><abbr title="2013-09-09T03:20:30+00:00">03:20:30</abbr></a>] <span>* Calc (~Calc@c-76-100-81-122.hsd1.md.comcast.net) has joined #beagle</span></li>
<li class="quit">[<a href="#T03:21:14" id="T03:21:14"><abbr title="2013-09-09T03:21:14+00:00">03:21:14</abbr></a>] <span>* tema (~tema@178-16-155-142.obit.ru) Quit (Ping timeout: 264 seconds)</span></li>
<li class="quit">[<a href="#T03:32:41" id="T03:32:41"><abbr title="2013-09-09T03:32:41+00:00">03:32:41</abbr></a>] <span>* Peuc (~Peuc@ip-96-43-239-108.dsl.netrevolution.com) Quit (Quit: Konversation terminated!)</span></li>
<li class="quit">[<a href="#T03:41:43" id="T03:41:43"><abbr title="2013-09-09T03:41:43+00:00">03:41:43</abbr></a>] <span>* djerome (~djerome@ip68-98-228-41.ph.ph.cox.net) Quit (Remote host closed the connection)</span></li>
<li class="join">[<a href="#T03:45:17" id="T03:45:17"><abbr title="2013-09-09T03:45:17+00:00">03:45:17</abbr></a>] <span>* rotorgeek_ (~quassel@71-215-106-176.hlrn.qwest.net) has joined #beagle</span></li>
<li class="quit">[<a href="#T03:47:54" id="T03:47:54"><abbr title="2013-09-09T03:47:54+00:00">03:47:54</abbr></a>] <span>* rotorgeek (~quassel@174-16-151-223.hlrn.qwest.net) Quit (Ping timeout: 264 seconds)</span></li>
<li class="quit">[<a href="#T04:01:47" id="T04:01:47"><abbr title="2013-09-09T04:01:47+00:00">04:01:47</abbr></a>] <span>* das (~das@217.108.83.254) Quit (Remote host closed the connection)</span></li>
<li class="join">[<a href="#T04:02:03" id="T04:02:03"><abbr title="2013-09-09T04:02:03+00:00">04:02:03</abbr></a>] <span>* das (~das@217.108.83.254) has joined #beagle</span></li>
<li class="join">[<a href="#T04:02:08" id="T04:02:08"><abbr title="2013-09-09T04:02:08+00:00">04:02:08</abbr></a>] <span>* tema (~tema@ppp89-110-2-216.pppoe.avangarddsl.ru) has joined #beagle</span></li>
<li class="join">[<a href="#T04:21:27" id="T04:21:27"><abbr title="2013-09-09T04:21:27+00:00">04:21:27</abbr></a>] <span>* n|west (~nathan@commlablaptop.ceat.okstate.edu) has joined #beagle</span></li>
<li class="join">[<a href="#T04:22:36" id="T04:22:36"><abbr title="2013-09-09T04:22:36+00:00">04:22:36</abbr></a>] <span>* pkh (~pkh@CPE-124-186-137-250.lns10.woo.bigpond.net.au) has joined #beagle</span></li>
<li class="message">[<a href="#T04:24:21" id="T04:24:21"><abbr title="2013-09-09T04:24:21+00:00">04:24:21</abbr></a>] &lt;<cite>pkh</cite>&gt; <q>I'm want to sample a voltage signal at around 2kHz. is there a way to achieve this without considering it as audio and using a DAC?</q></li>
<li class="message">[<a href="#T04:24:38" id="T04:24:38"><abbr title="2013-09-09T04:24:38+00:00">04:24:38</abbr></a>] &lt;<cite>pkh</cite>&gt; <q>sorry, i'll be using a beaglebone black.</q></li>
<li class="quit">[<a href="#T04:30:34" id="T04:30:34"><abbr title="2013-09-09T04:30:34+00:00">04:30:34</abbr></a>] <span>* Calc (~Calc@c-76-100-81-122.hsd1.md.comcast.net) Quit (Read error: Connection reset by peer)</span></li>
<li class="join">[<a href="#T04:30:57" id="T04:30:57"><abbr title="2013-09-09T04:30:57+00:00">04:30:57</abbr></a>] <span>* Calc (~Calc@c-76-100-81-122.hsd1.md.comcast.net) has joined #beagle</span></li>
<li class="quit">[<a href="#T04:42:24" id="T04:42:24"><abbr title="2013-09-09T04:42:24+00:00">04:42:24</abbr></a>] <span>* tema (~tema@ppp89-110-2-216.pppoe.avangarddsl.ru) Quit (Ping timeout: 256 seconds)</span></li>
<li class="quit">[<a href="#T04:53:00" id="T04:53:00"><abbr title="2013-09-09T04:53:00+00:00">04:53:00</abbr></a>] <span>* eikeon (~eikeon@c-98-218-6-128.hsd1.dc.comcast.net) Quit (Quit: eikeon)</span></li>
<li class="nick-change">[<a href="#T04:55:21" id="T04:55:21"><abbr title="2013-09-09T04:55:21+00:00">04:55:21</abbr></a>] <span>* __av500__ is now known as av500</span></li>
<li class="quit">[<a href="#T04:57:03" id="T04:57:03"><abbr title="2013-09-09T04:57:03+00:00">04:57:03</abbr></a>] <span>* rotorgeek_ (~quassel@71-215-106-176.hlrn.qwest.net) Quit (Remote host closed the connection)</span></li>
<li class="quit">[<a href="#T04:57:55" id="T04:57:55"><abbr title="2013-09-09T04:57:55+00:00">04:57:55</abbr></a>] <span>* dysinger (~tim@cpe-24-94-76-59.hawaii.res.rr.com) Quit (Quit: dysinger)</span></li>
