<li class="join">[<a href="#T00:02:42" id="T00:02:42"><abbr title="2013-08-10T00:02:42+00:00">00:02:42</abbr></a>] <span>* suboptimus_ (~suboptimu@107.14.25.71) has joined #beagle</span></li>
<li class="message">[<a href="#T00:02:46" id="T00:02:46"><abbr title="2013-08-10T00:02:46+00:00">00:02:46</abbr></a>] &lt;<cite>ds2</cite>&gt; <q>GOD DAMN FUCKEN AUTOCONF</q></li>
<li class="message">[<a href="#T00:02:51" id="T00:02:51"><abbr title="2013-08-10T00:02:51+00:00">00:02:51</abbr></a>] &lt;<cite>ds2</cite>&gt; <q>DIE AUTOCONF DIE</q></li>
<li class="action">[<a href="#T00:03:14" id="T00:03:14"><abbr title="2013-08-10T00:03:14+00:00">00:03:14</abbr></a>] <span>* m_billybob semses a dosturbance in the force</span></li>
<li class="message">[<a href="#T00:03:20" id="T00:03:20"><abbr title="2013-08-10T00:03:20+00:00">00:03:20</abbr></a>] &lt;<cite>mru</cite>&gt; <q><a href="http://26-26-54.hardwarebug.org/43">http://26-26-54.hardwarebug.org/43</a></q></li>
<li class="message">[<a href="#T00:03:22" id="T00:03:22"><abbr title="2013-08-10T00:03:22+00:00">00:03:22</abbr></a>] &lt;<cite>m_billybob</cite>&gt; <q>disturbance too</q></li>
<li class="join">[<a href="#T00:04:34" id="T00:04:34"><abbr title="2013-08-10T00:04:34+00:00">00:04:34</abbr></a>] <span>* broken-arm (cef8a5ea@gateway/web/freenode/ip.206.248.165.234) has joined #beagle</span></li>
<li class="quit">[<a href="#T00:04:51" id="T00:04:51"><abbr title="2013-08-10T00:04:51+00:00">00:04:51</abbr></a>] <span>* suboptimus (~suboptimu@107.14.25.69) Quit (Ping timeout: 256 seconds)</span></li>
<li class="message">[<a href="#T00:06:27" id="T00:06:27"><abbr title="2013-08-10T00:06:27+00:00">00:06:27</abbr></a>] &lt;<cite>ds2</cite>&gt; <q>autoconf - worse peice of shit ever.</q></li>
<li class="message">[<a href="#T00:06:43" id="T00:06:43"><abbr title="2013-08-10T00:06:43+00:00">00:06:43</abbr></a>] &lt;<cite>mru</cite>&gt; <q>now run it on an rpi</q></li>
<li class="nick-change">[<a href="#T00:06:46" id="T00:06:46"><abbr title="2013-08-10T00:06:46+00:00">00:06:46</abbr></a>] <span>* suboptimus_ is now known as suboptimus</span></li>
<li class="message">[<a href="#T00:08:32" id="T00:08:32"><abbr title="2013-08-10T00:08:32+00:00">00:08:32</abbr></a>] &lt;<cite>ds2</cite>&gt; <q>things do not run on the rpi</q></li>
<li class="join">[<a href="#T00:09:14" id="T00:09:14"><abbr title="2013-08-10T00:09:14+00:00">00:09:14</abbr></a>] <span>* fzombie (~gplgeek@pdpc/supporter/student/GPLGeek) has joined #beagle</span></li>
<li class="message">[<a href="#T00:11:06" id="T00:11:06"><abbr title="2013-08-10T00:11:06+00:00">00:11:06</abbr></a>] &lt;<cite>m_billybob</cite>&gt; <q>in mother russia things run you on rpi</q></li>
<li class="action">[<a href="#T00:11:19" id="T00:11:19"><abbr title="2013-08-10T00:11:19+00:00">00:11:19</abbr></a>] <span>* m_billybob ducks</span></li>
<li class="quit">[<a href="#T00:11:31" id="T00:11:31"><abbr title="2013-08-10T00:11:31+00:00">00:11:31</abbr></a>] <span>* suboptimus (~suboptimu@107.14.25.71) Quit (Ping timeout: 260 seconds)</span></li>
<li class="join">[<a href="#T00:12:20" id="T00:12:20"><abbr title="2013-08-10T00:12:20+00:00">00:12:20</abbr></a>] <span>* brimestone (~brimeston@gate.lieberman.com) has joined #beagle</span></li>
<li class="quit">[<a href="#T00:13:50" id="T00:13:50"><abbr title="2013-08-10T00:13:50+00:00">00:13:50</abbr></a>] <span>* tema (~tema@178-16-155-142.obit.ru) Quit (Ping timeout: 240 seconds)</span></li>
<li class="join">[<a href="#T00:13:54" id="T00:13:54"><abbr title="2013-08-10T00:13:54+00:00">00:13:54</abbr></a>] <span>* Ceriand|desktop (~Ceriand@unaffiliated/ceriand) has joined #beagle</span></li>
<li class="message">[<a href="#T00:14:02" id="T00:14:02"><abbr title="2013-08-10T00:14:02+00:00">00:14:02</abbr></a>] &lt;<cite>broken-arm</cite>&gt; <q>Has anyone made changes to TI starterware to support BBB?</q></li>
<li class="action">[<a href="#T00:14:26" id="T00:14:26"><abbr title="2013-08-10T00:14:26+00:00">00:14:26</abbr></a>] <span>* m_billybob doesnt know</span></li>
<li class="message">[<a href="#T00:17:12" id="T00:17:12"><abbr title="2013-08-10T00:17:12+00:00">00:17:12</abbr></a>] &lt;<cite>brimestone</cite>&gt; <q>is there a straight forward guide to use usb Wifi with BBB?</q></li>
<li class="quit">[<a href="#T00:18:31" id="T00:18:31"><abbr title="2013-08-10T00:18:31+00:00">00:18:31</abbr></a>] <span>* mrjazzcat (~mrjazzcat@c-24-8-180-1.hsd1.co.comcast.net) Quit (Quit: Leaving)</span></li>
<li class="quit">[<a href="#T00:20:37" id="T00:20:37"><abbr title="2013-08-10T00:20:37+00:00">00:20:37</abbr></a>] <span>* ifueko (~ifueko@32.97.110.52) Quit (Quit: Leaving)</span></li>
<li class="join">[<a href="#T00:21:31" id="T00:21:31"><abbr title="2013-08-10T00:21:31+00:00">00:21:31</abbr></a>] <span>* thurgood (~thurgood@cpe-70-113-204-247.austin.res.rr.com) has joined #beagle</span></li>
<li class="join">[<a href="#T00:26:26" id="T00:26:26"><abbr title="2013-08-10T00:26:26+00:00">00:26:26</abbr></a>] <span>* mrpackethead (~mrpacketh@147.200.109.203.static.cust.vf.net.nz) has joined #beagle</span></li>
<li class="join">[<a href="#T00:29:32" id="T00:29:32"><abbr title="2013-08-10T00:29:32+00:00">00:29:32</abbr></a>] <span>* nomel (0ce25ce2@gateway/web/freenode/ip.12.226.92.226) has joined #beagle</span></li>
<li class="message">[<a href="#T00:29:50" id="T00:29:50"><abbr title="2013-08-10T00:29:50+00:00">00:29:50</abbr></a>] &lt;<cite>nomel</cite>&gt; <q>so, i have the on board emmc disabled on the beaglebone black</q></li>
<li class="join">[<a href="#T00:29:58" id="T00:29:58"><abbr title="2013-08-10T00:29:58+00:00">00:29:58</abbr></a>] <span>* wolfeidau (~wolfeidau@porter67.lnk.telstra.net) has joined #beagle</span></li>
<li class="message">[<a href="#T00:30:09" id="T00:30:09"><abbr title="2013-08-10T00:30:09+00:00">00:30:09</abbr></a>] &lt;<cite>nomel</cite>&gt; <q>and running using the latest 30-7-2013 beaglebone image running off the sd card :D</q></li>
<li class="message">[<a href="#T00:32:25" id="T00:32:25"><abbr title="2013-08-10T00:32:25+00:00">00:32:25</abbr></a>] &lt;<cite>wmat</cite>&gt; <q>brimestone: there's many</q></li>
<li class="message">[<a href="#T00:32:27" id="T00:32:27"><abbr title="2013-08-10T00:32:27+00:00">00:32:27</abbr></a>] &lt;<cite>nomel</cite>&gt; <q>so, it does work, even though the wiki suggests it may not work.</q></li>
<li class="message">[<a href="#T00:32:30" id="T00:32:30"><abbr title="2013-08-10T00:32:30+00:00">00:32:30</abbr></a>] &lt;<cite>wmat</cite>&gt; <q>brimestone: <a href="http://www.codealpha.net/864/how-to-set-up-a-rtl8192cu-on-the-beaglebone-black-bbb/">http://www.codealpha.net/864/how-to-set-up-a-rtl8192cu-on-the-beaglebone-black-bbb/</a></q></li>
<li class="quit">[<a href="#T00:32:40" id="T00:32:40"><abbr title="2013-08-10T00:32:40+00:00">00:32:40</abbr></a>] <span>* wolfeidau (~wolfeidau@porter67.lnk.telstra.net) Quit (Remote host closed the connection)</span></li>
<li class="message">[<a href="#T00:32:51" id="T00:32:51"><abbr title="2013-08-10T00:32:51+00:00">00:32:51</abbr></a>] &lt;<cite>wmat</cite>&gt; <q>brimestone: <a href="https://groups.google.com/forum/#!topic/beaglebone/KB_zZ7f_vCk">https://groups.google.com/forum/#!topic/beaglebone/KB_zZ7f_vCk</a></q></li>
<li class="message">[<a href="#T00:33:58" id="T00:33:58"><abbr title="2013-08-10T00:33:58+00:00">00:33:58</abbr></a>] &lt;<cite>wmat</cite>&gt; <q>brimestone: <a href="http://nordicgroup.us/bbb/wireless/">http://nordicgroup.us/bbb/wireless/</a></q></li>
<li class="message">[<a href="#T00:34:00" id="T00:34:00"><abbr title="2013-08-10T00:34:00+00:00">00:34:00</abbr></a>] &lt;<cite>nomel</cite>&gt; <q>has anyone figured out the i2c commands required to put the hdmi framer in low power mode?</q></li>
<li class="message">[<a href="#T00:34:13" id="T00:34:13"><abbr title="2013-08-10T00:34:13+00:00">00:34:13</abbr></a>] &lt;<cite>nomel</cite>&gt; <q>wmato, the new irc search engine?</q></li>
<li class="message">[<a href="#T00:34:37" id="T00:34:37"><abbr title="2013-08-10T00:34:37+00:00">00:34:37</abbr></a>] &lt;<cite>wmat</cite>&gt; <q>nomel: heh</q></li>
<li class="message">[<a href="#T00:35:40" id="T00:35:40"><abbr title="2013-08-10T00:35:40+00:00">00:35:40</abbr></a>] &lt;<cite>wmat</cite>&gt; <q>nomel: don't make me do it for you too ;)</q></li>
<li class="message">[<a href="#T00:38:01" id="T00:38:01"><abbr title="2013-08-10T00:38:01+00:00">00:38:01</abbr></a>] &lt;<cite>nomel</cite>&gt; <q>hrmm...i think i found it.</q></li>
<li class="message">[<a href="#T00:38:08" id="T00:38:08"><abbr title="2013-08-10T00:38:08+00:00">00:38:08</abbr></a>] &lt;<cite>nomel</cite>&gt; <q>reference manual says it can be put in low power mode with i2c</q></li>
<li class="message">[<a href="#T00:38:16" id="T00:38:16"><abbr title="2013-08-10T00:38:16+00:00">00:38:16</abbr></a>] &lt;<cite>nomel</cite>&gt; <q>Gerald says it goes into low power mode when you disconnect the hdmi cable.</q></li>
<li class="join">[<a href="#T00:40:08" id="T00:40:08"><abbr title="2013-08-10T00:40:08+00:00">00:40:08</abbr></a>] <span>* wolfeidau (~wolfeidau@porter67.lnk.telstra.net) has joined #beagle</span></li>
<li class="message">[<a href="#T00:41:28" id="T00:41:28"><abbr title="2013-08-10T00:41:28+00:00">00:41:28</abbr></a>] &lt;<cite>Stoob</cite>&gt; <q>anyone have any experience with bluetooth on the bbb</q></li>
<li class="message">[<a href="#T00:42:38" id="T00:42:38"><abbr title="2013-08-10T00:42:38+00:00">00:42:38</abbr></a>] &lt;<cite>nomel</cite>&gt; <q>i'm assuming it just works in ubuntu or debian. :P</q></li>
<li class="message">[<a href="#T00:43:32" id="T00:43:32"><abbr title="2013-08-10T00:43:32+00:00">00:43:32</abbr></a>] &lt;<cite>Stoob</cite>&gt; <q>well</q></li>
<li class="quit">[<a href="#T00:43:36" id="T00:43:36"><abbr title="2013-08-10T00:43:36+00:00">00:43:36</abbr></a>] <span>* mrpackethead (~mrpacketh@147.200.109.203.static.cust.vf.net.nz) Quit (Remote host closed the connection)</span></li>
<li class="message">[<a href="#T00:43:44" id="T00:43:44"><abbr title="2013-08-10T00:43:44+00:00">00:43:44</abbr></a>] &lt;<cite>Stoob</cite>&gt; <q>I've got the bluetooth service running and everything seems to be working</q></li>
<li class="message">[<a href="#T00:43:48" id="T00:43:48"><abbr title="2013-08-10T00:43:48+00:00">00:43:48</abbr></a>] &lt;<cite>Stoob</cite>&gt; <q>but it's not discoverable</q></li>
<li class="message">[<a href="#T00:44:02" id="T00:44:02"><abbr title="2013-08-10T00:44:02+00:00">00:44:02</abbr></a>] &lt;<cite>Stoob</cite>&gt; <q>and I don't know any command line utils to make it connectable (or to make it connect to anything)</q></li>
<li class="join">[<a href="#T00:44:08" id="T00:44:08"><abbr title="2013-08-10T00:44:08+00:00">00:44:08</abbr></a>] <span>* mrpackethead (~mrpacketh@147.200.109.203.static.cust.vf.net.nz) has joined #beagle</span></li>
<li class="join">[<a href="#T00:48:24" id="T00:48:24"><abbr title="2013-08-10T00:48:24+00:00">00:48:24</abbr></a>] <span>* funkster (1891461c@gateway/web/freenode/ip.24.145.70.28) has joined #beagle</span></li>
<li class="message">[<a href="#T00:49:23" id="T00:49:23"><abbr title="2013-08-10T00:49:23+00:00">00:49:23</abbr></a>] &lt;<cite>funkster</cite>&gt; <q>so turns out my RPi is taking 30+ seconds to processes and image and send to printer via cups, when i overclock it, its 10 seconds faster. hopefully my beagle bone black will speed up the process when i get it monday =\</q></li>
<li class="part">[<a href="#T00:51:00" id="T00:51:00"><abbr title="2013-08-10T00:51:00+00:00">00:51:00</abbr></a>] <span>* broken-arm (cef8a5ea@gateway/web/freenode/ip.206.248.165.234) has left #beagle</span></li>
<li class="join">[<a href="#T00:52:28" id="T00:52:28"><abbr title="2013-08-10T00:52:28+00:00">00:52:28</abbr></a>] <span>* broken-arm (cef8a5ea@gateway/web/freenode/ip.206.248.165.234) has joined #beagle</span></li>
<li class="quit">[<a href="#T00:53:24" id="T00:53:24"><abbr title="2013-08-10T00:53:24+00:00">00:53:24</abbr></a>] <span>* louiz920 (~a0272879@nat/ti/x-kkqncreqouxtomkx) Quit (Quit: Leaving.)</span></li>
<li class="quit">[<a href="#T00:54:19" id="T00:54:19"><abbr title="2013-08-10T00:54:19+00:00">00:54:19</abbr></a>] <span>* mrpackethead (~mrpacketh@147.200.109.203.static.cust.vf.net.nz) Quit (Ping timeout: 240 seconds)</span></li>
<li class="quit">[<a href="#T00:54:44" id="T00:54:44"><abbr title="2013-08-10T00:54:44+00:00">00:54:44</abbr></a>] <span>* broken-arm (cef8a5ea@gateway/web/freenode/ip.206.248.165.234) Quit (Client Quit)</span></li>
<li class="quit">[<a href="#T00:57:13" id="T00:57:13"><abbr title="2013-08-10T00:57:13+00:00">00:57:13</abbr></a>] <span>* wolfeidau (~wolfeidau@porter67.lnk.telstra.net) Quit (Ping timeout: 246 seconds)</span></li>
<li class="message">[<a href="#T00:57:26" id="T00:57:26"><abbr title="2013-08-10T00:57:26+00:00">00:57:26</abbr></a>] &lt;<cite>tolip</cite>&gt; <q>is there a temp sensor in the BBB SoC???</q></li>
<li class="message">[<a href="#T00:59:46" id="T00:59:46"><abbr title="2013-08-10T00:59:46+00:00">00:59:46</abbr></a>] &lt;<cite>Russ</cite>&gt; <q>tolip, yes, don't know how well it works though</q></li>
<li class="quit">[<a href="#T01:00:49" id="T01:00:49"><abbr title="2013-08-10T01:00:49+00:00">01:00:49</abbr></a>] <span>* jet (~jerome@mna75-8-82-234-66-158.fbx.proxad.net) Quit (Quit: -)</span></li>
<li class="message">[<a href="#T01:00:58" id="T01:00:58"><abbr title="2013-08-10T01:00:58+00:00">01:00:58</abbr></a>] &lt;<cite>tolip</cite>&gt; <q>I'll hunt down the docs, long as I know that what I am looking for exists.  THANK YOU! :)</q></li>
<li class="message">[<a href="#T01:02:03" id="T01:02:03"><abbr title="2013-08-10T01:02:03+00:00">01:02:03</abbr></a>] &lt;<cite>tolip</cite>&gt; <q>I'm spoiled with gkrellm on my PC</q></li>
<li class="message">[<a href="#T01:02:12" id="T01:02:12"><abbr title="2013-08-10T01:02:12+00:00">01:02:12</abbr></a>] &lt;<cite>nomel</cite>&gt; <q>tolip: check out bandgap_ctrl</q></li>
<li class="message">[<a href="#T01:02:48" id="T01:02:48"><abbr title="2013-08-10T01:02:48+00:00">01:02:48</abbr></a>] &lt;<cite>nomel</cite>&gt; <q>register, if you're looking for lowest level</q></li>
<li class="message">[<a href="#T01:03:30" id="T01:03:30"><abbr title="2013-08-10T01:03:30+00:00">01:03:30</abbr></a>] &lt;<cite>nomel</cite>&gt; <q>(not sure this is what you want, but it showed up in my search for "temperature")</q></li>
<li class="join">[<abbr title="2013-08-10T01:03:30+00:00">01:03:30</abbr>] <span>* arthurnn (~arthurnn@bas5-ottawa10-2925208189.dsl.bell.ca) has joined #beaglebone</span></li>
<li class="join">[<a href="#T01:06:07" id="T01:06:07"><abbr title="2013-08-10T01:06:07+00:00">01:06:07</abbr></a>] <span>* wolfeidau (~wolfeidau@porter67.lnk.telstra.net) has joined #beagle</span></li>
<li class="message">[<a href="#T01:06:19" id="T01:06:19"><abbr title="2013-08-10T01:06:19+00:00">01:06:19</abbr></a>] &lt;<cite>brimestone</cite>&gt; <q>i have a wlan0 on my ifconfig.. but its not getting any ip? I tried to #ifup wlan0 but then i get "ifup: can't open '/etc/network/interfaces': No such file or directory"</q></li>
<li class="message">[<a href="#T01:06:46" id="T01:06:46"><abbr title="2013-08-10T01:06:46+00:00">01:06:46</abbr></a>] &lt;<cite>tolip</cite>&gt; <q>nomel: thx, First I'm just lookin for a way to check it from Angstrom. Similar to 'sensors' on most nix's</q></li>
<li class="join">[<a href="#T01:09:14" id="T01:09:14"><abbr title="2013-08-10T01:09:14+00:00">01:09:14</abbr></a>] <span>* jj_ (625462e5@gateway/web/freenode/ip.98.84.98.229) has joined #beagle</span></li>
<li class="join">[<a href="#T01:09:44" id="T01:09:44"><abbr title="2013-08-10T01:09:44+00:00">01:09:44</abbr></a>] <span>* joel_ (~joel@cpe-76-185-12-202.tx.res.rr.com) has joined #beagle</span></li>
<li class="quit">[<a href="#T01:09:47" id="T01:09:47"><abbr title="2013-08-10T01:09:47+00:00">01:09:47</abbr></a>] <span>* jj_ (625462e5@gateway/web/freenode/ip.98.84.98.229) Quit (Client Quit)</span></li>
<li class="join">[<a href="#T01:10:22" id="T01:10:22"><abbr title="2013-08-10T01:10:22+00:00">01:10:22</abbr></a>] <span>* jj_ (625462e5@gateway/web/freenode/ip.98.84.98.229) has joined #beagle</span></li>
<li class="message">[<a href="#T01:11:05" id="T01:11:05"><abbr title="2013-08-10T01:11:05+00:00">01:11:05</abbr></a>] &lt;<cite>jj_</cite>&gt; <q>hello</q></li>
<li class="message">[<a href="#T01:12:24" id="T01:12:24"><abbr title="2013-08-10T01:12:24+00:00">01:12:24</abbr></a>] &lt;<cite>brimestone</cite>&gt; <q>ahhh it might be that im using WPA2</q></li>
<li class="message">[<a href="#T01:13:35" id="T01:13:35"><abbr title="2013-08-10T01:13:35+00:00">01:13:35</abbr></a>] &lt;<cite>jj_</cite>&gt; <q>is this an open chat?</q></li>
<li class="message">[<a href="#T01:14:35" id="T01:14:35"><abbr title="2013-08-10T01:14:35+00:00">01:14:35</abbr></a>] &lt;<cite>thurgood</cite>&gt; <q>no, go away.. erm I mean yes</q></li>
<li class="message">[<a href="#T01:14:56" id="T01:14:56"><abbr title="2013-08-10T01:14:56+00:00">01:14:56</abbr></a>] &lt;<cite>jj_</cite>&gt; <q>:(</q></li>
<li class="message">[<a href="#T01:16:23" id="T01:16:23"><abbr title="2013-08-10T01:16:23+00:00">01:16:23</abbr></a>] &lt;<cite>mranostay</cite>&gt; <q>BEER!!!!!!!!</q></li>
<li class="quit">[<a href="#T01:18:15" id="T01:18:15"><abbr title="2013-08-10T01:18:15+00:00">01:18:15</abbr></a>] <span>* jj_ (625462e5@gateway/web/freenode/ip.98.84.98.229) Quit (Quit: Page closed)</span></li>
<li class="message">[<a href="#T01:18:54" id="T01:18:54"><abbr title="2013-08-10T01:18:54+00:00">01:18:54</abbr></a>] &lt;<cite>thurgood</cite>&gt; <q>dang did he actually not get that was a joke?</q></li>
<li class="message">[<a href="#T01:19:41" id="T01:19:41"><abbr title="2013-08-10T01:19:41+00:00">01:19:41</abbr></a>] &lt;<cite>mranostay</cite>&gt; <q>thurgood: happens</q></li>
<li class="join">[<a href="#T01:19:59" id="T01:19:59"><abbr title="2013-08-10T01:19:59+00:00">01:19:59</abbr></a>] <span>* jet (~jerome@mna75-8-82-234-66-158.fbx.proxad.net) has joined #beagle</span></li>
<li class="message">[<a href="#T01:22:34" id="T01:22:34"><abbr title="2013-08-10T01:22:34+00:00">01:22:34</abbr></a>] &lt;<cite>nomel</cite>&gt; <q>tolip: you should be able to access that register with devmem2</q></li>
<li class="quit">[<a href="#T01:22:38" id="T01:22:38"><abbr title="2013-08-10T01:22:38+00:00">01:22:38</abbr></a>] <span>* kingemer (~kingemer@69.169.157.172.provo.static.broadweavenetworks.net) Quit (Ping timeout: 240 seconds)</span></li>
<li class="message">[<a href="#T01:22:41" id="T01:22:41"><abbr title="2013-08-10T01:22:41+00:00">01:22:41</abbr></a>] &lt;<cite>nomel</cite>&gt; <q>actually, i'll try it right now for fun.</q></li>
<li class="message">[<a href="#T01:23:02" id="T01:23:02"><abbr title="2013-08-10T01:23:02+00:00">01:23:02</abbr></a>] &lt;<cite>mranostay</cite>&gt; <q>noooooooooooooooooooooooooooooooooooooooooooooooo!</q></li>
<li class="quit">[<a href="#T01:23:05" id="T01:23:05"><abbr title="2013-08-10T01:23:05+00:00">01:23:05</abbr></a>] <span>* brimestone (~brimeston@gate.lieberman.com) Quit (Quit: Leaving)</span></li>
<li class="message">[<a href="#T01:23:47" id="T01:23:47"><abbr title="2013-08-10T01:23:47+00:00">01:23:47</abbr></a>] &lt;<cite>tolip</cite>&gt; <q>I just saw that in opkg list, lol</q></li>
<li class="action">[<a href="#T01:24:02" id="T01:24:02"><abbr title="2013-08-10T01:24:02+00:00">01:24:02</abbr></a>] <span>* Stoob is full of fury</span></li>
<li class="message">[<a href="#T01:24:40" id="T01:24:40"><abbr title="2013-08-10T01:24:40+00:00">01:24:40</abbr></a>] &lt;<cite>ka6sox-Alyeska</cite>&gt; <q>Furry leads to the Dark Side</q></li>
<li class="message">[<a href="#T01:26:57" id="T01:26:57"><abbr title="2013-08-10T01:26:57+00:00">01:26:57</abbr></a>] &lt;<cite>tolip</cite>&gt; <q>nomel: I get a bus error, but I B an ignorant newb</q></li>
<li class="action">[<a href="#T01:26:58" id="T01:26:58"><abbr title="2013-08-10T01:26:58+00:00">01:26:58</abbr></a>] <span>* mranostay blares Daft Punk at mru </span></li>
<li class="quit">[<a href="#T01:27:23" id="T01:27:23"><abbr title="2013-08-10T01:27:23+00:00">01:27:23</abbr></a>] <span>* deker (~deker@stang.slackdot.org) Quit (Ping timeout: 240 seconds)</span></li>
<li class="action">[<a href="#T01:27:54" id="T01:27:54"><abbr title="2013-08-10T01:27:54+00:00">01:27:54</abbr></a>] <span>* mranostay blares moose mating music at ka6sox-Alyeska </span></li>
<li class="message">[<a href="#T01:28:06" id="T01:28:06"><abbr title="2013-08-10T01:28:06+00:00">01:28:06</abbr></a>] &lt;<cite>nomel</cite>&gt; <q>tolip: 0x that address, fool</q></li>
<li class="message">[<a href="#T01:28:08" id="T01:28:08"><abbr title="2013-08-10T01:28:08+00:00">01:28:08</abbr></a>] &lt;<cite>nomel</cite>&gt; <q>i get 53</q></li>
<li class="message">[<a href="#T01:28:27" id="T01:28:27"><abbr title="2013-08-10T01:28:27+00:00">01:28:27</abbr></a>] &lt;<cite>Stoob</cite>&gt; <q>why the hell is bluetoothd (aka bluetooth.service) completely ignoring anything i put in /etc/bluetooth/main.cfg</q></li>
<li class="message">[<a href="#T01:28:30" id="T01:28:30"><abbr title="2013-08-10T01:28:30+00:00">01:28:30</abbr></a>] &lt;<cite>nomel</cite>&gt; <q>doesn't feel like 53 to my finger. must be some conversion.</q></li>
<li class="join">[<a href="#T01:28:32" id="T01:28:32"><abbr title="2013-08-10T01:28:32+00:00">01:28:32</abbr></a>] <span>* deker (~deker@stang.slackdot.org) has joined #beagle</span></li>
<li class="message">[<a href="#T01:28:33" id="T01:28:33"><abbr title="2013-08-10T01:28:33+00:00">01:28:33</abbr></a>] &lt;<cite>Stoob</cite>&gt; <q>main.conf *</q></li>
<li class="message">[<a href="#T01:29:01" id="T01:29:01"><abbr title="2013-08-10T01:29:01+00:00">01:29:01</abbr></a>] &lt;<cite>nomel</cite>&gt; <q>53 decimal for bits 15:8. I get 0x351E for full register.</q></li>
<li class="message">[<a href="#T01:29:03" id="T01:29:03"><abbr title="2013-08-10T01:29:03+00:00">01:29:03</abbr></a>] &lt;<cite>ka6sox-Alyeska</cite>&gt; <q>mranostay, the Moose ran away</q></li>
<li class="message">[<a href="#T01:29:11" id="T01:29:11"><abbr title="2013-08-10T01:29:11+00:00">01:29:11</abbr></a>] &lt;<cite>nomel</cite>&gt; <q>what do you get tolip?</q></li>
<li class="message">[<a href="#T01:29:20" id="T01:29:20"><abbr title="2013-08-10T01:29:20+00:00">01:29:20</abbr></a>] &lt;<cite>nomel</cite>&gt; <q>devmem2 0x44E10448</q></li>
<li class="message">[<a href="#T01:30:48" id="T01:30:48"><abbr title="2013-08-10T01:30:48+00:00">01:30:48</abbr></a>] &lt;<cite>tolip</cite>&gt; <q>nomel: I got 321E</q></li>
<li class="join">[<a href="#T01:30:55" id="T01:30:55"><abbr title="2013-08-10T01:30:55+00:00">01:30:55</abbr></a>] <span>* djerome (~djerome@ip68-98-228-41.ph.ph.cox.net) has joined #beaglebone</span></li>
<li class="message">[<a href="#T01:31:36" id="T01:31:36"><abbr title="2013-08-10T01:31:36+00:00">01:31:36</abbr></a>] &lt;<cite>nomel</cite>&gt; <q>woot! mine is changing with temperature.</q></li>
<li class="message">[<a href="#T01:31:37" id="T01:31:37"><abbr title="2013-08-10T01:31:37+00:00">01:31:37</abbr></a>] &lt;<cite>nomel</cite>&gt; <q>:D</q></li>
<li class="message">[<a href="#T01:31:43" id="T01:31:43"><abbr title="2013-08-10T01:31:43+00:00">01:31:43</abbr></a>] &lt;<cite>nomel</cite>&gt; <q>:D</q></li>
<li class="message">[<a href="#T01:32:32" id="T01:32:32"><abbr title="2013-08-10T01:32:32+00:00">01:32:32</abbr></a>] &lt;<cite>nomel</cite>&gt; <q>went from 53 to 58.</q></li>
<li class="message">[<a href="#T01:32:49" id="T01:32:49"><abbr title="2013-08-10T01:32:49+00:00">01:32:49</abbr></a>] &lt;<cite>nomel</cite>&gt; <q>with "full" cpu load.</q></li>
<li class="message">[<a href="#T01:33:25" id="T01:33:25"><abbr title="2013-08-10T01:33:25+00:00">01:33:25</abbr></a>] &lt;<cite>tolip</cite>&gt; <q>mine is almost no load and just a tad cooler than your started :)</q></li>
<li class="message">[<a href="#T01:33:44" id="T01:33:44"><abbr title="2013-08-10T01:33:44+00:00">01:33:44</abbr></a>] &lt;<cite>tolip</cite>&gt; <q>thanks for the tidbit!!!!!!!!</q></li>
<li class="join">[<a href="#T01:33:51" id="T01:33:51"><abbr title="2013-08-10T01:33:51+00:00">01:33:51</abbr></a>] <span>* groglogic (~groglogic@ip-64-134-11-2.public.wayport.net) has joined #beagle</span></li>
<li class="quit">[<a href="#T01:34:20" id="T01:34:20"><abbr title="2013-08-10T01:34:20+00:00">01:34:20</abbr></a>] <span>* wolfeidau (~wolfeidau@porter67.lnk.telstra.net) Quit (Remote host closed the connection)</span></li>
<li class="quit">[<a href="#T01:34:36" id="T01:34:36"><abbr title="2013-08-10T01:34:36+00:00">01:34:36</abbr></a>] <span>* emeb (~ericb@ip72-223-90-58.ph.ph.cox.net) Quit (Read error: Connection reset by peer)</span></li>
<li class="join">[<a href="#T01:35:30" id="T01:35:30"><abbr title="2013-08-10T01:35:30+00:00">01:35:30</abbr></a>] <span>* emeb (~ericb@ip72-223-90-58.ph.ph.cox.net) has joined #beagle</span></li>
<li class="message">[<a href="#T01:37:06" id="T01:37:06"><abbr title="2013-08-10T01:37:06+00:00">01:37:06</abbr></a>] &lt;<cite>nomel</cite>&gt; <q>tolip, if you have a thermocouple and some grease, you could probably figure out the conversion by measuring cold and hot.</q></li>
<li class="message">[<abbr title="2013-08-10T01:37:06+00:00">01:37:06</abbr>] &lt;<cite>tolip</cite>&gt; <q>nomel: it should be simple to plug it into gkrellm if I ever get that far</q></li>
<li class="message">[<a href="#T01:37:53" id="T01:37:53"><abbr title="2013-08-10T01:37:53+00:00">01:37:53</abbr></a>] &lt;<cite>tolip</cite>&gt; <q>I got an IR gun, but I have an LCD3 in the way</q></li>
<li class="message">[<a href="#T01:38:28" id="T01:38:28"><abbr title="2013-08-10T01:38:28+00:00">01:38:28</abbr></a>] &lt;<cite>nomel</cite>&gt; <q>stick it in the fridge and measure right after you boot, then measure after some 100% cpu :D</q></li>
<li class="message">[<a href="#T01:38:44" id="T01:38:44"><abbr title="2013-08-10T01:38:44+00:00">01:38:44</abbr></a>] &lt;<cite>nomel</cite>&gt; <q>(not really)</q></li>
<li class="message">[<a href="#T01:39:11" id="T01:39:11"><abbr title="2013-08-10T01:39:11+00:00">01:39:11</abbr></a>] &lt;<cite>Stoob</cite>&gt; <q>as best i can tell, bluetoothd is useless.</q></li>
<li class="message">[<a href="#T01:39:31" id="T01:39:31"><abbr title="2013-08-10T01:39:31+00:00">01:39:31</abbr></a>] &lt;<cite>tolip</cite>&gt; <q>I have some thermocouples somewhere (are you familiar with Fibber McGee's closet???)</q></li>
<li class="message">[<a href="#T01:41:08" id="T01:41:08"><abbr title="2013-08-10T01:41:08+00:00">01:41:08</abbr></a>] &lt;<cite>tolip</cite>&gt; <q>nomel: might could find some data at TI re:SoC</q></li>
<li class="quit">[<a href="#T01:41:54" id="T01:41:54"><abbr title="2013-08-10T01:41:54+00:00">01:41:54</abbr></a>] <span>* deker (~deker@stang.slackdot.org) Quit (Ping timeout: 264 seconds)</span></li>
<li class="quit">[<a href="#T01:43:25" id="T01:43:25"><abbr title="2013-08-10T01:43:25+00:00">01:43:25</abbr></a>] <span>* Humpelstilzchen (erik@e179199246.adsl.alicedsl.de) Quit (Ping timeout: 246 seconds)</span></li>
<li class="join">[<a href="#T01:49:16" id="T01:49:16"><abbr title="2013-08-10T01:49:16+00:00">01:49:16</abbr></a>] <span>* deker (~deker@stang.slackdot.org) has joined #beagle</span></li>
<li class="join">[<a href="#T01:52:03" id="T01:52:03"><abbr title="2013-08-10T01:52:03+00:00">01:52:03</abbr></a>] <span>* Defiant (erik@e177098030.adsl.alicedsl.de) has joined #beagle</span></li>
<li class="nick-change">[<a href="#T01:54:15" id="T01:54:15"><abbr title="2013-08-10T01:54:15+00:00">01:54:15</abbr></a>] <span>* prp^2 is now known as prpplague</span></li>
<li class="join">[<a href="#T01:56:46" id="T01:56:46"><abbr title="2013-08-10T01:56:46+00:00">01:56:46</abbr></a>] <span>* Peuc (~Peuc@199.192.234.29) has joined #beagle</span></li>
