<li class="join">[<a href="#T00:02:16" id="T00:02:16"><abbr title="2013-10-06T00:02:16+00:00">00:02:16</abbr></a>] <span>* DanLipsitt (~dan@c-98-210-110-93.hsd1.ca.comcast.net) has joined #beagle</span></li>
<li class="quit">[<a href="#T00:07:53" id="T00:07:53"><abbr title="2013-10-06T00:07:53+00:00">00:07:53</abbr></a>] <span>* alan_o (~alan@c-76-29-154-88.hsd1.fl.comcast.net) Quit (Read error: Connection reset by peer)</span></li>
<li class="quit">[<a href="#T00:13:18" id="T00:13:18"><abbr title="2013-10-06T00:13:18+00:00">00:13:18</abbr></a>] <span>* tema (~tema@178-16-155-142.obit.ru) Quit (Ping timeout: 264 seconds)</span></li>
<li class="join">[<a href="#T00:20:48" id="T00:20:48"><abbr title="2013-10-06T00:20:48+00:00">00:20:48</abbr></a>] <span>* Ceriand (~ceriand@unaffiliated/ceriand) has joined #beagle</span></li>
<li class="join">[<a href="#T00:24:57" id="T00:24:57"><abbr title="2013-10-06T00:24:57+00:00">00:24:57</abbr></a>] <span>* t1sg (~kvirc@cpe-72-228-151-93.buffalo.res.rr.com) has joined #beagle</span></li>
<li class="quit">[<a href="#T00:25:24" id="T00:25:24"><abbr title="2013-10-06T00:25:24+00:00">00:25:24</abbr></a>] <span>* kingemer2 (~kingemer@69.169.157.172.provo.static.broadweavenetworks.net) Quit (Read error: Connection reset by peer)</span></li>
<li class="join">[<a href="#T00:25:33" id="T00:25:33"><abbr title="2013-10-06T00:25:33+00:00">00:25:33</abbr></a>] <span>* kingemer (~kingemer@69.169.157.172.provo.static.broadweavenetworks.net) has joined #beagle</span></li>
<li class="quit">[<a href="#T00:25:51" id="T00:25:51"><abbr title="2013-10-06T00:25:51+00:00">00:25:51</abbr></a>] <span>* kuldeepdhaka (~kuldeepdh@117.254.221.58) Quit (Ping timeout: 252 seconds)</span></li>
<li class="join">[<a href="#T00:32:19" id="T00:32:19"><abbr title="2013-10-06T00:32:19+00:00">00:32:19</abbr></a>] <span>* alan_o (~alan@c-76-29-154-88.hsd1.fl.comcast.net) has joined #beagle</span></li>
<li class="join">[<abbr title="2013-10-06T00:32:19+00:00">00:32:19</abbr>] <span>* tony_ (4b858e09@gateway/web/freenode/ip.75.133.142.9) has joined #beagle</span></li>
<li class="nick-change">[<a href="#T00:36:30" id="T00:36:30"><abbr title="2013-10-06T00:36:30+00:00">00:36:30</abbr></a>] <span>* asuk is now known as asuk|afk</span></li>
<li class="quit">[<a href="#T00:37:04" id="T00:37:04"><abbr title="2013-10-06T00:37:04+00:00">00:37:04</abbr></a>] <span>* dogmatic69 (~dogmatic6@cpc10-telf10-2-0-cust20.wolv.cable.virginmedia.com) Quit (Remote host closed the connection)</span></li>
<li class="quit">[<a href="#T00:38:58" id="T00:38:58"><abbr title="2013-10-06T00:38:58+00:00">00:38:58</abbr></a>] <span>* Shadyman (~matthew@unaffiliated/shadyman) Quit (Quit: Leaving.)</span></li>
<li class="quit">[<a href="#T00:40:07" id="T00:40:07"><abbr title="2013-10-06T00:40:07+00:00">00:40:07</abbr></a>] <span>* DanLipsitt (~dan@c-98-210-110-93.hsd1.ca.comcast.net) Quit (Quit: DanLipsitt)</span></li>
<li class="message">[<a href="#T00:41:24" id="T00:41:24"><abbr title="2013-10-06T00:41:24+00:00">00:41:24</abbr></a>] &lt;<cite>tony_</cite>&gt; <q>the silence is deafening</q></li>
<li class="quit">[<a href="#T00:41:42" id="T00:41:42"><abbr title="2013-10-06T00:41:42+00:00">00:41:42</abbr></a>] <span>* asuk|afk (~asuk@31.129.27.89) Quit ()</span></li>
<li class="quit">[<a href="#T00:41:47" id="T00:41:47"><abbr title="2013-10-06T00:41:47+00:00">00:41:47</abbr></a>] <span>* alan_o (~alan@c-76-29-154-88.hsd1.fl.comcast.net) Quit (Read error: Connection reset by peer)</span></li>
<li class="quit">[<a href="#T00:47:55" id="T00:47:55"><abbr title="2013-10-06T00:47:55+00:00">00:47:55</abbr></a>] <span>* tony_ (4b858e09@gateway/web/freenode/ip.75.133.142.9) Quit (Quit: Page closed)</span></li>
<li class="join">[<a href="#T00:50:51" id="T00:50:51"><abbr title="2013-10-06T00:50:51+00:00">00:50:51</abbr></a>] <span>* inca (~inca@cpe-107-9-133-38.neo.res.rr.com) has joined #beagle</span></li>
<li class="join">[<a href="#T01:02:12" id="T01:02:12"><abbr title="2013-10-06T01:02:12+00:00">01:02:12</abbr></a>] <span>* alan_o (~alan@c-76-29-154-88.hsd1.fl.comcast.net) has joined #beagle</span></li>
<li class="quit">[<a href="#T01:11:35" id="T01:11:35"><abbr title="2013-10-06T01:11:35+00:00">01:11:35</abbr></a>] <span>* cahewson (cahewson@shellx.eskimo.com) Quit (Remote host closed the connection)</span></li>
<li class="join">[<a href="#T01:11:53" id="T01:11:53"><abbr title="2013-10-06T01:11:53+00:00">01:11:53</abbr></a>] <span>* cahewson (cahewson@shellx.eskimo.com) has joined #beagle</span></li>
<li class="quit">[<a href="#T01:26:48" id="T01:26:48"><abbr title="2013-10-06T01:26:48+00:00">01:26:48</abbr></a>] <span>* Defiant (erik@e179197121.adsl.alicedsl.de) Quit (Ping timeout: 240 seconds)</span></li>
<li class="join">[<a href="#T01:27:58" id="T01:27:58"><abbr title="2013-10-06T01:27:58+00:00">01:27:58</abbr></a>] <span>* Defiant (erik@e179194081.adsl.alicedsl.de) has joined #beagle</span></li>
<li class="join">[<a href="#T01:43:34" id="T01:43:34"><abbr title="2013-10-06T01:43:34+00:00">01:43:34</abbr></a>] <span>* Fuzai (~quassel@c-98-232-38-159.hsd1.wa.comcast.net) has joined #beagle</span></li>
<li class="quit">[<a href="#T01:47:28" id="T01:47:28"><abbr title="2013-10-06T01:47:28+00:00">01:47:28</abbr></a>] <span>* Ceriand (~ceriand@unaffiliated/ceriand) Quit (Ping timeout: 240 seconds)</span></li>
<li class="message">[<a href="#T01:53:55" id="T01:53:55"><abbr title="2013-10-06T01:53:55+00:00">01:53:55</abbr></a>] &lt;<cite>bmatusiak_</cite>&gt; <q>im trying to light a fire under node.js to get them to fix V8 for nodejs v0.11.x</q></li>
<li class="quit">[<a href="#T01:54:34" id="T01:54:34"><abbr title="2013-10-06T01:54:34+00:00">01:54:34</abbr></a>] <span>* emeb (~ericb@ip72-223-90-58.ph.ph.cox.net) Quit (Quit: Leaving.)</span></li>
<li class="join">[<a href="#T01:55:33" id="T01:55:33"><abbr title="2013-10-06T01:55:33+00:00">01:55:33</abbr></a>] <span>* Calc (~Calc@c-76-100-81-122.hsd1.md.comcast.net) has joined #beagle</span></li>
<li class="join">[<a href="#T01:56:28" id="T01:56:28"><abbr title="2013-10-06T01:56:28+00:00">01:56:28</abbr></a>] <span>* emeb_mac (~ericb@ip72-223-90-58.ph.ph.cox.net) has joined #beagle</span></li>
<li class="join">[<a href="#T01:57:11" id="T01:57:11"><abbr title="2013-10-06T01:57:11+00:00">01:57:11</abbr></a>] <span>* flo_lap (~fuchs@Maemo/community/contributor/florian) has joined #beagle</span></li>
<li class="quit">[<a href="#T01:59:25" id="T01:59:25"><abbr title="2013-10-06T01:59:25+00:00">01:59:25</abbr></a>] <span>* inca (~inca@cpe-107-9-133-38.neo.res.rr.com) Quit (Read error: Connection reset by peer)</span></li>
<li class="join">[<a href="#T01:59:47" id="T01:59:47"><abbr title="2013-10-06T01:59:47+00:00">01:59:47</abbr></a>] <span>* suboptimus (~suboptimu@cpe-76-171-197-19.socal.res.rr.com) has joined #beagle</span></li>
