<li class="join">[<a href="#T00:00:45" id="T00:00:45"><abbr title="2013-12-10T00:00:45+00:00">00:00:45</abbr></a>] <span>* Guest48964 (~sc@ool-457d72eb.dyn.optonline.net) has joined #beagle</span></li>
<li class="quit">[<a href="#T00:06:42" id="T00:06:42"><abbr title="2013-12-10T00:06:42+00:00">00:06:42</abbr></a>] <span>* ion (ion@heh.fi) Quit (Ping timeout: 252 seconds)</span></li>
<li class="nick-change">[<a href="#T00:07:13" id="T00:07:13"><abbr title="2013-12-10T00:07:13+00:00">00:07:13</abbr></a>] <span>* Guest48964 is now known as root</span></li>
<li class="nick-change">[<a href="#T00:07:43" id="T00:07:43"><abbr title="2013-12-10T00:07:43+00:00">00:07:43</abbr></a>] <span>* root is now known as Guest19403</span></li>
<li class="message">[<a href="#T00:08:31" id="T00:08:31"><abbr title="2013-12-10T00:08:31+00:00">00:08:31</abbr></a>] &lt;<cite>Guest19403</cite>&gt; <q>What is a cape? Is it basically a sensor for the board?</q></li>
<li class="join">[<a href="#T00:09:24" id="T00:09:24"><abbr title="2013-12-10T00:09:24+00:00">00:09:24</abbr></a>] <span>* ion (ion@heh.fi) has joined #beagle</span></li>
<li class="quit">[<a href="#T00:09:34" id="T00:09:34"><abbr title="2013-12-10T00:09:34+00:00">00:09:34</abbr></a>] <span>* Guest19403 (~sc@ool-457d72eb.dyn.optonline.net) Quit (Quit: leaving)</span></li>
<li class="join">[<a href="#T00:10:59" id="T00:10:59"><abbr title="2013-12-10T00:10:59+00:00">00:10:59</abbr></a>] <span>* BellinganRoy (~roy@ppp-6-252.25-151.libero.it) has joined #beagle</span></li>
<li class="message">[<a href="#T00:14:43" id="T00:14:43"><abbr title="2013-12-10T00:14:43+00:00">00:14:43</abbr></a>] &lt;<cite>agmlego</cite>&gt; <q>Cape:Bone::shield:arduino</q></li>
<li class="quit">[<a href="#T00:18:30" id="T00:18:30"><abbr title="2013-12-10T00:18:30+00:00">00:18:30</abbr></a>] <span>* florian (~fuchs@Maemo/community/contributor/florian) Quit (Quit: Verlassend)</span></li>
<li class="message">[<a href="#T00:20:04" id="T00:20:04"><abbr title="2013-12-10T00:20:04+00:00">00:20:04</abbr></a>] &lt;<cite>Shadyman</cite>&gt; <q>agmlego: Too slow :)</q></li>
<li class="join">[<a href="#T00:20:11" id="T00:20:11"><abbr title="2013-12-10T00:20:11+00:00">00:20:11</abbr></a>] <span>* sc__ (~sc@ool-457d72eb.dyn.optonline.net) has joined #beagleboard</span></li>
<li class="message">[<a href="#T00:20:18" id="T00:20:18"><abbr title="2013-12-10T00:20:18+00:00">00:20:18</abbr></a>] &lt;<cite>sc__</cite>&gt; <q>hello</q></li>
<li class="message">[<a href="#T00:20:41" id="T00:20:41"><abbr title="2013-12-10T00:20:41+00:00">00:20:41</abbr></a>] &lt;<cite>sc__</cite>&gt; <q>exit</q></li>
<li class="quit">[<a href="#T00:20:53" id="T00:20:53"><abbr title="2013-12-10T00:20:53+00:00">00:20:53</abbr></a>] <span>* sc__ (~sc@ool-457d72eb.dyn.optonline.net) Quit (Client Quit)</span></li>
<li class="quit">[<a href="#T00:22:43" id="T00:22:43"><abbr title="2013-12-10T00:22:43+00:00">00:22:43</abbr></a>] <span>* ion (ion@heh.fi) Quit (Ping timeout: 260 seconds)</span></li>
<li class="quit">[<a href="#T00:25:52" id="T00:25:52"><abbr title="2013-12-10T00:25:52+00:00">00:25:52</abbr></a>] <span>* moonliver (~moonliver@50-193-86-86-static.hfc.comcastbusiness.net) Quit (Ping timeout: 240 seconds)</span></li>
<li class="join">[<a href="#T00:26:01" id="T00:26:01"><abbr title="2013-12-10T00:26:01+00:00">00:26:01</abbr></a>] <span>* bordicon (~bordicon@38.99.41.186) has joined #beagle</span></li>
<li class="message">[<a href="#T00:26:07" id="T00:26:07"><abbr title="2013-12-10T00:26:07+00:00">00:26:07</abbr></a>] &lt;<cite>bordicon</cite>&gt; <q>Hello :D</q></li>
<li class="message">[<a href="#T00:28:14" id="T00:28:14"><abbr title="2013-12-10T00:28:14+00:00">00:28:14</abbr></a>] &lt;<cite>BellinganRoy</cite>&gt; <q>Hy bordicon</q></li>
<li class="message">[<a href="#T00:28:35" id="T00:28:35"><abbr title="2013-12-10T00:28:35+00:00">00:28:35</abbr></a>] &lt;<cite>bordicon</cite>&gt; <q>Hey BellinganRoy</q></li>
<li class="message">[<a href="#T00:29:30" id="T00:29:30"><abbr title="2013-12-10T00:29:30+00:00">00:29:30</abbr></a>] &lt;<cite>bordicon</cite>&gt; <q>anyone have experience with the craneboard? I am evaluating it for possible deployment on a cubesat</q></li>
<li class="message">[<a href="#T00:30:05" id="T00:30:05"><abbr title="2013-12-10T00:30:05+00:00">00:30:05</abbr></a>] &lt;<cite>bordicon</cite>&gt; <q>Running into issues getting serial console output on uart3</q></li>
<li class="quit">[<a href="#T00:32:37" id="T00:32:37"><abbr title="2013-12-10T00:32:37+00:00">00:32:37</abbr></a>] <span>* mythos (~mythos@unaffiliated/mythos) Quit (Ping timeout: 272 seconds)</span></li>
<li class="join">[<a href="#T00:37:24" id="T00:37:24"><abbr title="2013-12-10T00:37:24+00:00">00:37:24</abbr></a>] <span>* ion (ion@heh.fi) has joined #beagle</span></li>
<li class="quit">[<a href="#T00:38:07" id="T00:38:07"><abbr title="2013-12-10T00:38:07+00:00">00:38:07</abbr></a>] <span>* tema (~tema@178-16-155-142.obit.ru) Quit (Ping timeout: 260 seconds)</span></li>
<li class="join">[<a href="#T00:38:09" id="T00:38:09"><abbr title="2013-12-10T00:38:09+00:00">00:38:09</abbr></a>] <span>* height8_ (~height8@pdpc/supporter/active/height8) has joined #beagle</span></li>
<li class="quit">[<a href="#T00:38:58" id="T00:38:58"><abbr title="2013-12-10T00:38:58+00:00">00:38:58</abbr></a>] <span>* height8 (~height8@pdpc/supporter/active/height8) Quit (Ping timeout: 250 seconds)</span></li>
<li class="join">[<a href="#T00:39:55" id="T00:39:55"><abbr title="2013-12-10T00:39:55+00:00">00:39:55</abbr></a>] <span>* keneth (0cfa8d4e@gateway/web/freenode/ip.12.250.141.78) has joined #beagle</span></li>
<li class="join">[<a href="#T00:40:52" id="T00:40:52"><abbr title="2013-12-10T00:40:52+00:00">00:40:52</abbr></a>] <span>* boris_G (~boris@b4BCD.static.pacific.net.au) has joined #beagle</span></li>
<li class="join">[<a href="#T00:41:03" id="T00:41:03"><abbr title="2013-12-10T00:41:03+00:00">00:41:03</abbr></a>] <span>* pdp7_ (~pdp7@asciipr0n.com) has joined #beagle</span></li>
<li class="join">[<a href="#T00:41:28" id="T00:41:28"><abbr title="2013-12-10T00:41:28+00:00">00:41:28</abbr></a>] <span>* nighty^_ (~nighty@lns-bzn-49f-62-147-170-46.adsl.proxad.net) has joined #beagle</span></li>
<li class="join">[<abbr title="2013-12-10T00:41:28+00:00">00:41:28</abbr>] <span>* nighty^_ (~nighty@lns-bzn-49f-62-147-170-46.adsl.proxad.net) has joined #beagleboard</span></li>
<li class="join">[<a href="#T00:43:58" id="T00:43:58"><abbr title="2013-12-10T00:43:58+00:00">00:43:58</abbr></a>] <span>* jonmasters_ (~jcm@edison.jonmasters.org) has joined #beagle</span></li>
<li class="join">[<a href="#T00:44:09" id="T00:44:09"><abbr title="2013-12-10T00:44:09+00:00">00:44:09</abbr></a>] <span>* thaytan (~thaytan@113.94.233.220.static.exetel.com.au) has joined #beagle</span></li>
<li class="join">[<a href="#T00:44:13" id="T00:44:13"><abbr title="2013-12-10T00:44:13+00:00">00:44:13</abbr></a>] <span>* Luca256_ (~luca@coelho.fi) has joined #beagle</span></li>
<li class="join">[<a href="#T00:44:45" id="T00:44:45"><abbr title="2013-12-10T00:44:45+00:00">00:44:45</abbr></a>] <span>* phoohb_ (phoohb@forskningsavd.se) has joined #beagle</span></li>
<li class="quit">[<a href="#T00:45:25" id="T00:45:25"><abbr title="2013-12-10T00:45:25+00:00">00:45:25</abbr></a>] <span>* calculus (~calculus@gentoo/user/calculus) Quit (Ping timeout: 248 seconds)</span></li>
<li class="quit">[<a href="#T00:45:45" id="T00:45:45"><abbr title="2013-12-10T00:45:45+00:00">00:45:45</abbr></a>] <span>* mag (~mgreer@ip68-3-92-114.ph.ph.cox.net) Quit (Ping timeout: 250 seconds)</span></li>
<li class="quit">[<a href="#T00:46:03" id="T00:46:03"><abbr title="2013-12-10T00:46:03+00:00">00:46:03</abbr></a>] <span>* nighty^ (~nighty@lns-bzn-49f-62-147-170-46.adsl.proxad.net) Quit (Ping timeout: 250 seconds)</span></li>
<li class="quit">[<a href="#T00:46:04" id="T00:46:04"><abbr title="2013-12-10T00:46:04+00:00">00:46:04</abbr></a>] <span>* pdp7 (~pdp7@asciipr0n.com) Quit (Remote host closed the connection)</span></li>
<li class="quit">[<a href="#T00:46:05" id="T00:46:05"><abbr title="2013-12-10T00:46:05+00:00">00:46:05</abbr></a>] <span>* jonmasters (~jcm@edison.jonmasters.org) Quit (Ping timeout: 250 seconds)</span></li>
<li class="quit">[<abbr title="2013-12-10T00:46:05+00:00">00:46:05</abbr>] <span>* Luca256 (~luca@coelho.fi) Quit (Ping timeout: 250 seconds)</span></li>
<li class="quit">[<abbr title="2013-12-10T00:46:05+00:00">00:46:05</abbr>] <span>* thaytan_ (~thaytan@113.94.233.220.static.exetel.com.au) Quit (Ping timeout: 250 seconds)</span></li>
<li class="quit">[<a href="#T00:46:07" id="T00:46:07"><abbr title="2013-12-10T00:46:07+00:00">00:46:07</abbr></a>] <span>* acidfu (~nib@unaffiliated/acidmen) Quit (Ping timeout: 250 seconds)</span></li>
<li class="quit">[<a href="#T00:46:09" id="T00:46:09"><abbr title="2013-12-10T00:46:09+00:00">00:46:09</abbr></a>] <span>* phoohb (phoohb@forskningsavd.se) Quit (Remote host closed the connection)</span></li>
<li class="quit">[<abbr title="2013-12-10T00:46:09+00:00">00:46:09</abbr>] <span>* eloib (~eloib@gate.nnx.com) Quit (Ping timeout: 250 seconds)</span></li>
<li class="message">[<a href="#T00:46:10" id="T00:46:10"><abbr title="2013-12-10T00:46:10+00:00">00:46:10</abbr></a>] &lt;<cite>keneth</cite>&gt; <q>Hi everyone, I have a question regarding opening the led brightness file on the beaglebone. If I use the command ledHangle = fopen("/sys/class/leds/beaglebone:green:usr3/brightness/")   it returns a NULL to the LED handle. I know the file is there, is this a permissions issue?</q></li>
<li class="quit">[<a href="#T00:46:14" id="T00:46:14"><abbr title="2013-12-10T00:46:14+00:00">00:46:14</abbr></a>] <span>* ds2 (noinf@rehut.com) Quit (Ping timeout: 250 seconds)</span></li>
<li class="quit">[<abbr title="2013-12-10T00:46:14+00:00">00:46:14</abbr>] <span>* ljenkins| (~ljenkins@137.190.80.249) Quit (Ping timeout: 250 seconds)</span></li>
<li class="quit">[<abbr title="2013-12-10T00:46:14+00:00">00:46:14</abbr>] <span>* garyamort (~gmort@cpe-204-210-137-32.hvc.res.rr.com) Quit (Ping timeout: 250 seconds)</span></li>
<li class="quit">[<abbr title="2013-12-10T00:46:14+00:00">00:46:14</abbr>] <span>* georgem (~georgem@mail.novatech-llc.com) Quit (Ping timeout: 250 seconds)</span></li>
<li class="join">[<a href="#T00:46:58" id="T00:46:58"><abbr title="2013-12-10T00:46:58+00:00">00:46:58</abbr></a>] <span>* calculus (~calculus@gentoo/user/calculus) has joined #beagle</span></li>
<li class="mode">[<a href="#T00:46:59" id="T00:46:59"><abbr title="2013-12-10T00:46:59+00:00">00:46:59</abbr></a>] <span>* ChanServ sets mode +o calculus</span></li>
<li class="quit">[<a href="#T00:47:33" id="T00:47:33"><abbr title="2013-12-10T00:47:33+00:00">00:47:33</abbr></a>] <span>* boris_G (~boris@b4BCD.static.pacific.net.au) Quit (Quit: This computer has gone to sleep)</span></li>
<li class="quit">[<a href="#T00:48:05" id="T00:48:05"><abbr title="2013-12-10T00:48:05+00:00">00:48:05</abbr></a>] <span>* kingemer2 (~kingemer@69.169.157.172.provo.static.broadweavenetworks.net) Quit (Ping timeout: 248 seconds)</span></li>
<li class="join">[<a href="#T00:48:14" id="T00:48:14"><abbr title="2013-12-10T00:48:14+00:00">00:48:14</abbr></a>] <span>* georgem (~georgem@mail.novatech-llc.com) has joined #beagle</span></li>
<li class="join">[<a href="#T00:48:23" id="T00:48:23"><abbr title="2013-12-10T00:48:23+00:00">00:48:23</abbr></a>] <span>* boris_G (~boris@b4BCD.static.pacific.net.au) has joined #beagle</span></li>
<li class="nick-change">[<a href="#T00:48:37" id="T00:48:37"><abbr title="2013-12-10T00:48:37+00:00">00:48:37</abbr></a>] <span>* georgem is now known as Guest26072</span></li>
<li class="join">[<a href="#T00:48:46" id="T00:48:46"><abbr title="2013-12-10T00:48:46+00:00">00:48:46</abbr></a>] <span>* kingemer (~kingemer@69.169.157.172.provo.static.broadweavenetworks.net) has joined #beagle</span></li>
<li class="join">[<a href="#T00:52:52" id="T00:52:52"><abbr title="2013-12-10T00:52:52+00:00">00:52:52</abbr></a>] <span>* mag (~mgreer@ip68-3-92-114.ph.ph.cox.net) has joined #beagle</span></li>
<li class="nick-change">[<a href="#T00:53:17" id="T00:53:17"><abbr title="2013-12-10T00:53:17+00:00">00:53:17</abbr></a>] <span>* mag is now known as Guest65673</span></li>
<li class="join">[<a href="#T00:53:28" id="T00:53:28"><abbr title="2013-12-10T00:53:28+00:00">00:53:28</abbr></a>] <span>* fraz__ (~fraz@12.233.153.4) has joined #beagle</span></li>
<li class="quit">[<a href="#T00:53:31" id="T00:53:31"><abbr title="2013-12-10T00:53:31+00:00">00:53:31</abbr></a>] <span>* urlgrey (~urlgrey@199-116-73-2.sfo1.office.zencoderdns.net) Quit (Ping timeout: 272 seconds)</span></li>
<li class="join">[<a href="#T00:54:00" id="T00:54:00"><abbr title="2013-12-10T00:54:00+00:00">00:54:00</abbr></a>] <span>* ljenkins| (~ljenkins@2001:1948:212::a) has joined #beagle</span></li>
<li class="join">[<a href="#T00:54:18" id="T00:54:18"><abbr title="2013-12-10T00:54:18+00:00">00:54:18</abbr></a>] <span>* jkridner (~jkridner@c-98-250-142-42.hsd1.mi.comcast.net) has joined #beagle</span></li>
<li class="quit">[<abbr title="2013-12-10T00:54:18+00:00">00:54:18</abbr>] <span>* jkridner (~jkridner@c-98-250-142-42.hsd1.mi.comcast.net) Quit (Changing host)</span></li>
<li class="join">[<abbr title="2013-12-10T00:54:18+00:00">00:54:18</abbr>] <span>* jkridner (~jkridner@pdpc/supporter/active/jkridner) has joined #beagle</span></li>
<li class="mode">[<abbr title="2013-12-10T00:54:18+00:00">00:54:18</abbr>] <span>* ChanServ sets mode +o jkridner</span></li>
<li class="join">[<a href="#T00:56:03" id="T00:56:03"><abbr title="2013-12-10T00:56:03+00:00">00:56:03</abbr></a>] <span>* acidfu (~nib@unaffiliated/acidmen) has joined #beagle</span></li>
<li class="message">[<a href="#T00:56:18" id="T00:56:18"><abbr title="2013-12-10T00:56:18+00:00">00:56:18</abbr></a>] &lt;<cite>keneth</cite>&gt; <q>also does anybody know how to stop gdb-multiarch ??</q></li>
<li class="message">[<a href="#T00:56:44" id="T00:56:44"><abbr title="2013-12-10T00:56:44+00:00">00:56:44</abbr></a>] &lt;<cite>keneth</cite>&gt; <q>if it is listening on a port and I want it to stop because I can't start the degubber on the client</q></li>
<li class="quit">[<a href="#T00:57:13" id="T00:57:13"><abbr title="2013-12-10T00:57:13+00:00">00:57:13</abbr></a>] <span>* techrat_ct (~techrat@c-76-119-135-35.hsd1.ct.comcast.net) Quit (*.net *.split)</span></li>
<li class="join">[<a href="#T00:57:32" id="T00:57:32"><abbr title="2013-12-10T00:57:32+00:00">00:57:32</abbr></a>] <span>* m_billybob2 (~bill@50.123.11.23) has joined #beagle</span></li>
<li class="message">[<a href="#T00:57:47" id="T00:57:47"><abbr title="2013-12-10T00:57:47+00:00">00:57:47</abbr></a>] &lt;<cite>GumShoe</cite>&gt; <q>Anyone successfully configured an IDE on windows for cross development to the BBB? Looking for open as in free toolchains. I've been looking at Linaro but not clear to me if it will work.</q></li>
<li class="message">[<a href="#T00:57:51" id="T00:57:51"><abbr title="2013-12-10T00:57:51+00:00">00:57:51</abbr></a>] &lt;<cite>GumShoe</cite>&gt; <q><a href="https://launchpad.net/linaro-toolchain-binaries/+milestone/2013.11">https://launchpad.net/linaro-toolchain-binaries/+milestone/2013.11</a></q></li>
<li class="join">[<a href="#T00:58:59" id="T00:58:59"><abbr title="2013-12-10T00:58:59+00:00">00:58:59</abbr></a>] <span>* garyamort (~gmort@cpe-204-210-137-32.hvc.res.rr.com) has joined #beagle</span></li>
<li class="quit">[<a href="#T00:59:31" id="T00:59:31"><abbr title="2013-12-10T00:59:31+00:00">00:59:31</abbr></a>] <span>* m_billybob (~bill@50.123.5.226) Quit (Ping timeout: 260 seconds)</span></li>
<li class="join">[<a href="#T00:59:59" id="T00:59:59"><abbr title="2013-12-10T00:59:59+00:00">00:59:59</abbr></a>] <span>* techrat_ct (~techrat@c-76-119-135-35.hsd1.ct.comcast.net) has joined #beagle</span></li>
