<li class="quit">[<a href="#T00:02:16" id="T00:02:16"><abbr title="2013-09-06T00:02:16+00:00">00:02:16</abbr></a>] <span>* sectech (~sectech@stjhnbsu0nw-156034248084.dhcp-dynamic.FibreOp.nb.bellaliant.net) Quit (Quit: sectech)</span></li>
<li class="quit">[<a href="#T00:02:32" id="T00:02:32"><abbr title="2013-09-06T00:02:32+00:00">00:02:32</abbr></a>] <span>* alan_o (~alan@c-76-29-154-88.hsd1.fl.comcast.net) Quit (Remote host closed the connection)</span></li>
<li class="join">[<a href="#T00:04:01" id="T00:04:01"><abbr title="2013-09-06T00:04:01+00:00">00:04:01</abbr></a>] <span>* dj_pi (~dj@c-107-5-25-243.hsd1.mi.comcast.net) has joined #beagle</span></li>
<li class="join">[<a href="#T00:04:20" id="T00:04:20"><abbr title="2013-09-06T00:04:20+00:00">00:04:20</abbr></a>] <span>* marcompile (~marco@200-141-110-151.user.veloxzone.com.br) has joined #beagleboard</span></li>
<li class="join">[<a href="#T00:04:26" id="T00:04:26"><abbr title="2013-09-06T00:04:26+00:00">00:04:26</abbr></a>] <span>* marcompile (~marco@200-141-110-151.user.veloxzone.com.br) has joined #beagle</span></li>
<li class="join">[<a href="#T00:04:54" id="T00:04:54"><abbr title="2013-09-06T00:04:54+00:00">00:04:54</abbr></a>] <span>* alan_o (~alan@c-76-29-154-88.hsd1.fl.comcast.net) has joined #beagle</span></li>
<li class="quit">[<a href="#T00:05:31" id="T00:05:31"><abbr title="2013-09-06T00:05:31+00:00">00:05:31</abbr></a>] <span>* Udev-Noob (cc0f0042@gateway/web/freenode/ip.204.15.0.66) Quit (Ping timeout: 250 seconds)</span></li>
<li class="quit">[<a href="#T00:10:11" id="T00:10:11"><abbr title="2013-09-06T00:10:11+00:00">00:10:11</abbr></a>] <span>* marcompile (~marco@200-141-110-151.user.veloxzone.com.br) Quit (Remote host closed the connection)</span></li>
<li class="quit">[<a href="#T00:10:23" id="T00:10:23"><abbr title="2013-09-06T00:10:23+00:00">00:10:23</abbr></a>] <span>* mark_____ (43f9ba5f@gateway/web/freenode/ip.67.249.186.95) Quit (Quit: Page closed)</span></li>
<li class="join">[<a href="#T00:14:00" id="T00:14:00"><abbr title="2013-09-06T00:14:00+00:00">00:14:00</abbr></a>] <span>* emocakes (~emocakes@110-174-10-23.static.tpgi.com.au) has joined #beagle</span></li>
<li class="join">[<a href="#T00:14:19" id="T00:14:19"><abbr title="2013-09-06T00:14:19+00:00">00:14:19</abbr></a>] <span>* divine (~divine@2001:470:8247:1::42) has joined #beaglebone</span></li>
<li class="quit">[<a href="#T00:15:55" id="T00:15:55"><abbr title="2013-09-06T00:15:55+00:00">00:15:55</abbr></a>] <span>* Ceriand (~ceriand@unaffiliated/ceriand) Quit (Ping timeout: 260 seconds)</span></li>
<li class="quit">[<a href="#T00:16:12" id="T00:16:12"><abbr title="2013-09-06T00:16:12+00:00">00:16:12</abbr></a>] <span>* davest (~Adium@134.134.139.76) Quit (Quit: Leaving.)</span></li>
<li class="join">[<a href="#T00:16:29" id="T00:16:29"><abbr title="2013-09-06T00:16:29+00:00">00:16:29</abbr></a>] <span>* davest (~Adium@134.134.139.76) has joined #beagle</span></li>
<li class="quit">[<a href="#T00:19:05" id="T00:19:05"><abbr title="2013-09-06T00:19:05+00:00">00:19:05</abbr></a>] <span>* prpplague (~danders@12.130.122.17) Quit (Quit: Leaving)</span></li>
<li class="join">[<a href="#T00:19:30" id="T00:19:30"><abbr title="2013-09-06T00:19:30+00:00">00:19:30</abbr></a>] <span>* prpplague (~danders@12.130.122.17) has joined #beagle</span></li>
<li class="join">[<a href="#T00:22:42" id="T00:22:42"><abbr title="2013-09-06T00:22:42+00:00">00:22:42</abbr></a>] <span>* felipealmeida (~user@177.158.57.80) has joined #beagleboard</span></li>
<li class="join">[<a href="#T00:23:11" id="T00:23:11"><abbr title="2013-09-06T00:23:11+00:00">00:23:11</abbr></a>] <span>* felipealmeida (~user@177.158.57.80) has joined #beagle</span></li>
<li class="nick-change">[<a href="#T00:24:15" id="T00:24:15"><abbr title="2013-09-06T00:24:15+00:00">00:24:15</abbr></a>] <span>* vvu|Log is now known as vvu|Log_away</span></li>
<li class="quit">[<a href="#T00:26:04" id="T00:26:04"><abbr title="2013-09-06T00:26:04+00:00">00:26:04</abbr></a>] <span>* voe (~voe@199-188-193-9.PUBLIC.monkeybrains.net) Quit (Read error: Connection reset by peer)</span></li>
<li class="quit">[<a href="#T00:30:38" id="T00:30:38"><abbr title="2013-09-06T00:30:38+00:00">00:30:38</abbr></a>] <span>* dj_pi (~dj@c-107-5-25-243.hsd1.mi.comcast.net) Quit (Ping timeout: 240 seconds)</span></li>
<li class="join">[<a href="#T00:34:08" id="T00:34:08"><abbr title="2013-09-06T00:34:08+00:00">00:34:08</abbr></a>] <span>* felipeal` (~user@177.17.12.42) has joined #beagleboard</span></li>
<li class="quit">[<abbr title="2013-09-06T00:34:08+00:00">00:34:08</abbr>] <span>* felipeal` (~user@177.17.12.42) Quit (Remote host closed the connection)</span></li>
<li class="quit">[<a href="#T00:34:13" id="T00:34:13"><abbr title="2013-09-06T00:34:13+00:00">00:34:13</abbr></a>] <span>* davest (~Adium@134.134.139.76) Quit (Ping timeout: 246 seconds)</span></li>
<li class="join">[<a href="#T00:35:18" id="T00:35:18"><abbr title="2013-09-06T00:35:18+00:00">00:35:18</abbr></a>] <span>* davest (~Adium@134.134.139.76) has joined #beagle</span></li>
<li class="quit">[<a href="#T00:37:16" id="T00:37:16"><abbr title="2013-09-06T00:37:16+00:00">00:37:16</abbr></a>] <span>* felipealmeida (~user@177.158.57.80) Quit (Ping timeout: 256 seconds)</span></li>
<li class="join">[<a href="#T00:43:10" id="T00:43:10"><abbr title="2013-09-06T00:43:10+00:00">00:43:10</abbr></a>] <span>* Ceriand|desktop (~Ceriand@unaffiliated/ceriand) has joined #beagle</span></li>
<li class="join">[<a href="#T00:45:47" id="T00:45:47"><abbr title="2013-09-06T00:45:47+00:00">00:45:47</abbr></a>] <span>* Tenkawa (~Tenkawa@unaffiliated/tenkawa) has joined #beagle</span></li>
<li class="join">[<a href="#T00:46:32" id="T00:46:32"><abbr title="2013-09-06T00:46:32+00:00">00:46:32</abbr></a>] <span>* marcompile (~marco@200-141-110-151.user.veloxzone.com.br) has joined #beagle</span></li>
<li class="quit">[<a href="#T00:55:42" id="T00:55:42"><abbr title="2013-09-06T00:55:42+00:00">00:55:42</abbr></a>] <span>* Tenkawa (~Tenkawa@unaffiliated/tenkawa) Quit (Quit: leaving)</span></li>
<li class="join">[<a href="#T00:58:24" id="T00:58:24"><abbr title="2013-09-06T00:58:24+00:00">00:58:24</abbr></a>] <span>* mexi1010 (180f1c43@gateway/web/freenode/ip.24.15.28.67) has joined #beagle</span></li>
<li class="message">[<a href="#T00:58:35" id="T00:58:35"><abbr title="2013-09-06T00:58:35+00:00">00:58:35</abbr></a>] &lt;<cite>mexi1010</cite>&gt; <q>his is anyone here?</q></li>
<li class="message">[<a href="#T00:58:37" id="T00:58:37"><abbr title="2013-09-06T00:58:37+00:00">00:58:37</abbr></a>] &lt;<cite>mexi1010</cite>&gt; <q>hi*</q></li>
<li class="quit">[<a href="#T00:59:49" id="T00:59:49"><abbr title="2013-09-06T00:59:49+00:00">00:59:49</abbr></a>] <span>* davest (~Adium@134.134.139.76) Quit (Ping timeout: 248 seconds)</span></li>
<li class="join">[<a href="#T00:59:50" id="T00:59:50"><abbr title="2013-09-06T00:59:50+00:00">00:59:50</abbr></a>] <span>* uwe_ (~uwe_@dslb-188-105-027-013.pools.arcor-ip.net) has joined #beagle</span></li>
<li class="join">[<a href="#T01:00:37" id="T01:00:37"><abbr title="2013-09-06T01:00:37+00:00">01:00:37</abbr></a>] <span>* dj_pi (~dj@c-107-5-25-243.hsd1.mi.comcast.net) has joined #beagle</span></li>
<li class="message">[<a href="#T01:00:53" id="T01:00:53"><abbr title="2013-09-06T01:00:53+00:00">01:00:53</abbr></a>] &lt;<cite>mexi1010</cite>&gt; <q>if anyone sees this, i'm a bit of a noob and need some help with using SPI on the beaglebone black</q></li>
<li class="message">[<a href="#T01:01:06" id="T01:01:06"><abbr title="2013-09-06T01:01:06+00:00">01:01:06</abbr></a>] &lt;<cite>mexi1010</cite>&gt; <q>been trying different things and haven't had much success</q></li>
<li class="message">[<a href="#T01:01:49" id="T01:01:49"><abbr title="2013-09-06T01:01:49+00:00">01:01:49</abbr></a>] &lt;<cite>jkridner</cite>&gt; <q>sprado: yes, using rcn-ee's kernel is good</q></li>
<li class="message">[<a href="#T01:02:40" id="T01:02:40"><abbr title="2013-09-06T01:02:40+00:00">01:02:40</abbr></a>] &lt;<cite>jkridner</cite>&gt; <q>have you checked out <a href="http://elinux.org/Userspace_Arduino">http://elinux.org/Userspace_Arduino</a> mexi1010? it might give you some useful examples. I haven't tried the SPI functions yet.</q></li>
<li class="message">[<a href="#T01:03:25" id="T01:03:25"><abbr title="2013-09-06T01:03:25+00:00">01:03:25</abbr></a>] &lt;<cite>mexi1010</cite>&gt; <q>haven't seen that page in particular</q></li>
<li class="message">[<a href="#T01:03:30" id="T01:03:30"><abbr title="2013-09-06T01:03:30+00:00">01:03:30</abbr></a>] &lt;<cite>prpplague</cite>&gt; <q>mexi1010: it depends on how you want to access spi</q></li>
<li class="message">[<a href="#T01:03:33" id="T01:03:33"><abbr title="2013-09-06T01:03:33+00:00">01:03:33</abbr></a>] &lt;<cite>emocakes</cite>&gt; <q><a href="https://www.youtube.com/watch?v=kfVsfOSbJY0">https://www.youtube.com/watch?v=kfVsfOSbJY0</a></q></li>
<li class="message">[<a href="#T01:03:40" id="T01:03:40"><abbr title="2013-09-06T01:03:40+00:00">01:03:40</abbr></a>] &lt;<cite>mexi1010</cite>&gt; <q>through P9 is how i want to do it</q></li>
<li class="message">[<a href="#T01:03:51" id="T01:03:51"><abbr title="2013-09-06T01:03:51+00:00">01:03:51</abbr></a>] &lt;<cite>prpplague</cite>&gt; <q>mexi1010: there are number of levels of abstraction that can present their own difficulties</q></li>
<li class="message">[<a href="#T01:03:59" id="T01:03:59"><abbr title="2013-09-06T01:03:59+00:00">01:03:59</abbr></a>] &lt;<cite>prpplague</cite>&gt; <q>mexi1010: what experience have you had with SPI in the past?</q></li>
<li class="message">[<a href="#T01:04:30" id="T01:04:30"><abbr title="2013-09-06T01:04:30+00:00">01:04:30</abbr></a>] &lt;<cite>jkridner</cite>&gt; <q><a href="https://github.com/prpplague/Userspace-Arduino/blob/master/arduino-makefile/examples/SPI/SPI.ino">https://github.com/prpplague/Userspace-Arduino/blob/master/arduino-makefile/examples/SPI/SPI.ino</a></q></li>
<li class="message">[<a href="#T01:05:07" id="T01:05:07"><abbr title="2013-09-06T01:05:07+00:00">01:05:07</abbr></a>] &lt;<cite>mexi1010</cite>&gt; <q>prpplague: to be honest i have no experience with SPI</q></li>
<li class="message">[<a href="#T01:05:20" id="T01:05:20"><abbr title="2013-09-06T01:05:20+00:00">01:05:20</abbr></a>] &lt;<cite>prpplague</cite>&gt; <q>jkridner: yea the guys are working on it now</q></li>
<li class="message">[<a href="#T01:05:54" id="T01:05:54"><abbr title="2013-09-06T01:05:54+00:00">01:05:54</abbr></a>] &lt;<cite>mexi1010</cite>&gt; <q>prpplague: this is all kind of new to me, working in a lab at illinois, trying to use this for my senior thesis</q></li>
<li class="quit">[<a href="#T01:07:28" id="T01:07:28"><abbr title="2013-09-06T01:07:28+00:00">01:07:28</abbr></a>] <span>* Defiant (erik@e177143208.adsl.alicedsl.de) Quit (Ping timeout: 240 seconds)</span></li>
<li class="message">[<a href="#T01:07:58" id="T01:07:58"><abbr title="2013-09-06T01:07:58+00:00">01:07:58</abbr></a>] &lt;<cite>prpplague</cite>&gt; <q>mexi1010: ahh ok</q></li>
<li class="join">[<a href="#T01:08:08" id="T01:08:08"><abbr title="2013-09-06T01:08:08+00:00">01:08:08</abbr></a>] <span>* davest (~Adium@134.134.139.76) has joined #beagle</span></li>
<li class="message">[<a href="#T01:08:26" id="T01:08:26"><abbr title="2013-09-06T01:08:26+00:00">01:08:26</abbr></a>] &lt;<cite>prpplague</cite>&gt; <q>mexi1010: there are some good generic tutorials about using SPI under linux</q></li>
<li class="message">[<a href="#T01:08:50" id="T01:08:50"><abbr title="2013-09-06T01:08:50+00:00">01:08:50</abbr></a>] &lt;<cite>prpplague</cite>&gt; <q>mexi1010: with the understanding that SPI under linux is usually the same no matter what hardware you are using</q></li>
<li class="message">[<a href="#T01:08:57" id="T01:08:57"><abbr title="2013-09-06T01:08:57+00:00">01:08:57</abbr></a>] &lt;<cite>prpplague</cite>&gt; <q>this is called hardware abstraction</q></li>
<li class="message">[<a href="#T01:09:55" id="T01:09:55"><abbr title="2013-09-06T01:09:55+00:00">01:09:55</abbr></a>] &lt;<cite>mexi1010</cite>&gt; <q>prpplague: makes sense</q></li>
<li class="join">[<a href="#T01:10:05" id="T01:10:05"><abbr title="2013-09-06T01:10:05+00:00">01:10:05</abbr></a>] <span>* timatron (~timatron@cpe-76-168-61-54.socal.res.rr.com) has joined #beagle</span></li>
<li class="message">[<a href="#T01:10:16" id="T01:10:16"><abbr title="2013-09-06T01:10:16+00:00">01:10:16</abbr></a>] &lt;<cite>prpplague</cite>&gt; <q>mexi1010: just for your information, it is consider rude to privately message someone with questions on IRC, the best is to ask here, as there are most likely other people who want to know the same things, but have not asked, in addition there are many more people that can contribute to the response and answers</q></li>
<li class="message">[<a href="#T01:10:44" id="T01:10:44"><abbr title="2013-09-06T01:10:44+00:00">01:10:44</abbr></a>] &lt;<cite>mexi1010</cite>&gt; <q>prpplague: apologies, i don't know much about IRC etiquette</q></li>
<li class="join">[<a href="#T01:11:21" id="T01:11:21"><abbr title="2013-09-06T01:11:21+00:00">01:11:21</abbr></a>] <span>* Defiant (erik@e177101124.adsl.alicedsl.de) has joined #beagle</span></li>
<li class="message">[<a href="#T01:11:41" id="T01:11:41"><abbr title="2013-09-06T01:11:41+00:00">01:11:41</abbr></a>] &lt;<cite>prpplague</cite>&gt; <q>mexi1010: no worries that is why i informed you of it</q></li>
<li class="message">[<a href="#T01:12:17" id="T01:12:17"><abbr title="2013-09-06T01:12:17+00:00">01:12:17</abbr></a>] &lt;<cite>prpplague</cite>&gt; <q>mexi1010: you probably should start by reading about the SPI character device driver</q></li>
<li class="message">[<a href="#T01:12:23" id="T01:12:23"><abbr title="2013-09-06T01:12:23+00:00">01:12:23</abbr></a>] &lt;<cite>joel_</cite>&gt; <q>mexi1010, you can try doing some simple SPI loopback back tests and connect a scope to study the signals</q></li>
<li class="message">[<a href="#T01:12:25" id="T01:12:25"><abbr title="2013-09-06T01:12:25+00:00">01:12:25</abbr></a>] &lt;<cite>joel_</cite>&gt; <q>check <a href="http://elinux.org/BeagleBone_Black_Enable_SPIDEV">http://elinux.org/BeagleBone_Black_Enable_SPIDEV</a></q></li>
<li class="message">[<a href="#T01:13:53" id="T01:13:53"><abbr title="2013-09-06T01:13:53+00:00">01:13:53</abbr></a>] &lt;<cite>mexi1010</cite>&gt; <q>joel_: i was looking at that page earlier</q></li>
<li class="message">[<a href="#T01:14:14" id="T01:14:14"><abbr title="2013-09-06T01:14:14+00:00">01:14:14</abbr></a>] &lt;<cite>mexi1010</cite>&gt; <q>joel_: first issue i have is i could not find BB-SPI0-01-00A0.dts</q></li>
<li class="message">[<a href="#T01:15:58" id="T01:15:58"><abbr title="2013-09-06T01:15:58+00:00">01:15:58</abbr></a>] &lt;<cite>prpplague</cite>&gt; <q>mexi1010: you have to create that file</q></li>
<li class="message">[<a href="#T01:15:59" id="T01:15:59"><abbr title="2013-09-06T01:15:59+00:00">01:15:59</abbr></a>] &lt;<cite>joel_</cite>&gt; <q>You can find that in the linux kernel sources provided for the beaglebone</q></li>
<li class="message">[<a href="#T01:16:18" id="T01:16:18"><abbr title="2013-09-06T01:16:18+00:00">01:16:18</abbr></a>] &lt;<cite>prpplague</cite>&gt; <q>joel_: it does not ship with beagle</q></li>
<li class="message">[<a href="#T01:16:26" id="T01:16:26"><abbr title="2013-09-06T01:16:26+00:00">01:16:26</abbr></a>] &lt;<cite>joel_</cite>&gt; <q>prpplague, oh ok ;)</q></li>
<li class="message">[<a href="#T01:16:43" id="T01:16:43"><abbr title="2013-09-06T01:16:43+00:00">01:16:43</abbr></a>] &lt;<cite>prpplague</cite>&gt; <q>mexi1010: you need to create that file based on the contents listed on the page</q></li>
<li class="message">[<a href="#T01:17:04" id="T01:17:04"><abbr title="2013-09-06T01:17:04+00:00">01:17:04</abbr></a>] &lt;<cite>mexi1010</cite>&gt; <q>ohhh... that's a facepalm</q></li>
<li class="message">[<a href="#T01:18:16" id="T01:18:16"><abbr title="2013-09-06T01:18:16+00:00">01:18:16</abbr></a>] &lt;<cite>mexi1010</cite>&gt; <q>echo BB-SPI0-01 &gt; /sys/devices/bone_capemgr.*/slots</q></li>
<li class="message">[<a href="#T01:18:20" id="T01:18:20"><abbr title="2013-09-06T01:18:20+00:00">01:18:20</abbr></a>] &lt;<cite>mexi1010</cite>&gt; <q>that worked fine</q></li>
<li class="message">[<a href="#T01:18:29" id="T01:18:29"><abbr title="2013-09-06T01:18:29+00:00">01:18:29</abbr></a>] &lt;<cite>mexi1010</cite>&gt; <q>then this didn't:</q></li>
<li class="message">[<a href="#T01:18:35" id="T01:18:35"><abbr title="2013-09-06T01:18:35+00:00">01:18:35</abbr></a>] &lt;<cite>mexi1010</cite>&gt; <q>optargs=quiet drm.debug=7 capemgr.enable_partno=BB-SPI0-01</q></li>
<li class="quit">[<a href="#T01:18:50" id="T01:18:50"><abbr title="2013-09-06T01:18:50+00:00">01:18:50</abbr></a>] <span>* Peuc (~Peuc@ip-96-43-235-173.dsl.netrevolution.com) Quit (Ping timeout: 264 seconds)</span></li>
<li class="quit">[<a href="#T01:19:01" id="T01:19:01"><abbr title="2013-09-06T01:19:01+00:00">01:19:01</abbr></a>] <span>* davest (~Adium@134.134.139.76) Quit (Ping timeout: 248 seconds)</span></li>
<li class="message">[<a href="#T01:19:03" id="T01:19:03"><abbr title="2013-09-06T01:19:03+00:00">01:19:03</abbr></a>] &lt;<cite>mexi1010</cite>&gt; <q>that's clearly not a shell command, i just don't know what to do with that</q></li>
<li class="message">[<a href="#T01:19:50" id="T01:19:50"><abbr title="2013-09-06T01:19:50+00:00">01:19:50</abbr></a>] &lt;<cite>joel_</cite>&gt; <q>that goes into your uEnv.txt</q></li>
<li class="message">[<a href="#T01:20:26" id="T01:20:26"><abbr title="2013-09-06T01:20:26+00:00">01:20:26</abbr></a>] &lt;<cite>mexi1010</cite>&gt; <q>ah, the wiki needs editing under the SPI0 part</q></li>
<li class="message">[<a href="#T01:20:33" id="T01:20:33"><abbr title="2013-09-06T01:20:33+00:00">01:20:33</abbr></a>] &lt;<cite>mexi1010</cite>&gt; <q>those lines are missing, but they're in SPI1</q></li>
<li class="message">[<a href="#T01:21:01" id="T01:21:01"><abbr title="2013-09-06T01:21:01+00:00">01:21:01</abbr></a>] &lt;<cite>tcort</cite>&gt; <q>I'm trying to enable some debugging output in the Linux kernel (Angstrom 2013.08.21 on BBB from an SD Card). What file should I edit to change the kernel command line? I tried searching... `dmesg` reports that "root=/dev/mmcblk0p2" is in the kernel command line, but grep'ing /boot and /etc doesn't find a file with that string in it.</q></li>
<li class="message">[<a href="#T01:22:53" id="T01:22:53"><abbr title="2013-09-06T01:22:53+00:00">01:22:53</abbr></a>] &lt;<cite>tcort</cite>&gt; <q>setting bootargs in /boot/uEnv.txt and rebooting doesn't seem to have an affect.</q></li>
<li class="message">[<a href="#T01:23:20" id="T01:23:20"><abbr title="2013-09-06T01:23:20+00:00">01:23:20</abbr></a>] &lt;<cite>joel_</cite>&gt; <q>bootargs is most likely over written by other commands</q></li>
<li class="message">[<a href="#T01:23:28" id="T01:23:28"><abbr title="2013-09-06T01:23:28+00:00">01:23:28</abbr></a>] &lt;<cite>joel_</cite>&gt; <q>try setting optargs</q></li>
<li class="join">[<a href="#T01:24:17" id="T01:24:17"><abbr title="2013-09-06T01:24:17+00:00">01:24:17</abbr></a>] <span>* GeorgeHenrique (~recoverjp@187.64.17.117) has joined #beaglebone</span></li>
<li class="join">[<a href="#T01:26:36" id="T01:26:36"><abbr title="2013-09-06T01:26:36+00:00">01:26:36</abbr></a>] <span>* eikeon (~eikeon@pool-108-56-42-20.washdc.east.verizon.net) has joined #beagle</span></li>
<li class="message">[<a href="#T01:27:00" id="T01:27:00"><abbr title="2013-09-06T01:27:00+00:00">01:27:00</abbr></a>] &lt;<cite>mexi1010</cite>&gt; <q>i did what that page said, still no spidev</q></li>
<li class="message">[<a href="#T01:27:54" id="T01:27:54"><abbr title="2013-09-06T01:27:54+00:00">01:27:54</abbr></a>] &lt;<cite>joel_</cite>&gt; <q>ls -l /dev/spidev*</q></li>
<li class="message">[<a href="#T01:27:55" id="T01:27:55"><abbr title="2013-09-06T01:27:55+00:00">01:27:55</abbr></a>] &lt;<cite>joel_</cite>&gt; <q>?</q></li>
<li class="message">[<a href="#T01:28:54" id="T01:28:54"><abbr title="2013-09-06T01:28:54+00:00">01:28:54</abbr></a>] &lt;<cite>mexi1010</cite>&gt; <q>no such file or directory</q></li>
<li class="message">[<a href="#T01:30:28" id="T01:30:28"><abbr title="2013-09-06T01:30:28+00:00">01:30:28</abbr></a>] &lt;<cite>prpplague</cite>&gt; <q>mexi1010: hey bud i am not where i can help you currently (on a plane) you can email me directly at danders@circuitco.com for support, i want to know how to make the spi how to pages better for people who have no experience with spi</q></li>
<li class="join">[<a href="#T01:31:53" id="T01:31:53"><abbr title="2013-09-06T01:31:53+00:00">01:31:53</abbr></a>] <span>* davest (~Adium@134.134.139.76) has joined #beagle</span></li>
<li class="message">[<a href="#T01:31:54" id="T01:31:54"><abbr title="2013-09-06T01:31:54+00:00">01:31:54</abbr></a>] &lt;<cite>mexi1010</cite>&gt; <q>prpplague: i'd be more than happy to help you make your pages better</q></li>
<li class="message">[<a href="#T01:32:18" id="T01:32:18"><abbr title="2013-09-06T01:32:18+00:00">01:32:18</abbr></a>] &lt;<cite>mexi1010</cite>&gt; <q>prpplague: will probably make my thesis go a lot smoother too haha</q></li>
<li class="message">[<a href="#T01:32:25" id="T01:32:25"><abbr title="2013-09-06T01:32:25+00:00">01:32:25</abbr></a>] &lt;<cite>mexi1010</cite>&gt; <q>prpplague: i'll email you right now</q></li>
<li class="message">[<a href="#T01:32:51" id="T01:32:51"><abbr title="2013-09-06T01:32:51+00:00">01:32:51</abbr></a>] &lt;<cite>joel_</cite>&gt; <q>prpplague, I can take partial blame for complicating the SPI page :-P</q></li>
<li class="message">[<a href="#T01:33:26" id="T01:33:26"><abbr title="2013-09-06T01:33:26+00:00">01:33:26</abbr></a>] &lt;<cite>mexi1010</cite>&gt; <q>could the reason that spidev won't show up be that i have an old kernel version?</q></li>
<li class="join">[<a href="#T01:33:55" id="T01:33:55"><abbr title="2013-09-06T01:33:55+00:00">01:33:55</abbr></a>] <span>* mcdonamp (4a3e478b@gateway/web/freenode/ip.74.62.71.139) has joined #beagle</span></li>
<li class="message">[<a href="#T01:33:59" id="T01:33:59"><abbr title="2013-09-06T01:33:59+00:00">01:33:59</abbr></a>] &lt;<cite>joel_</cite>&gt; <q>but yeah, do share what your feedback fwiw, or even better edit the wiki yourself once you get it all working</q></li>
<li class="message">[<a href="#T01:34:20" id="T01:34:20"><abbr title="2013-09-06T01:34:20+00:00">01:34:20</abbr></a>] &lt;<cite>mexi1010</cite>&gt; <q>i wouldn't have a problem with that</q></li>
<li class="message">[<a href="#T01:34:29" id="T01:34:29"><abbr title="2013-09-06T01:34:29+00:00">01:34:29</abbr></a>] &lt;<cite>tcort</cite>&gt; <q>joel_: I got it working. I had to edit /uEnv.txt on the first partition (not /boot/uEnv.txt on the Angstrom partition).</q></li>
<li class="message">[<a href="#T01:34:54" id="T01:34:54"><abbr title="2013-09-06T01:34:54+00:00">01:34:54</abbr></a>] &lt;<cite>tcort</cite>&gt; <q>thanks for the tip on using optargs</q></li>
<li class="message">[<a href="#T01:35:09" id="T01:35:09"><abbr title="2013-09-06T01:35:09+00:00">01:35:09</abbr></a>] &lt;<cite>joel_</cite>&gt; <q>mexi1010, you'd have to rebuild the spidev driver with the patch at the end of the page</q></li>
<li class="message">[<a href="#T01:35:32" id="T01:35:32"><abbr title="2013-09-06T01:35:32+00:00">01:35:32</abbr></a>] &lt;<cite>joel_</cite>&gt; <q>I don't use the beagle kernel so I'm not sure if it already carries patch</q></li>
<li class="quit">[<a href="#T01:36:21" id="T01:36:21"><abbr title="2013-09-06T01:36:21+00:00">01:36:21</abbr></a>] <span>* emeb (~ericb@ip72-223-90-58.ph.ph.cox.net) Quit (Quit: Leaving.)</span></li>
<li class="message">[<a href="#T01:36:29" id="T01:36:29"><abbr title="2013-09-06T01:36:29+00:00">01:36:29</abbr></a>] &lt;<cite>joel_</cite>&gt; <q>tcort, good.</q></li>
<li class="message">[<a href="#T01:36:32" id="T01:36:32"><abbr title="2013-09-06T01:36:32+00:00">01:36:32</abbr></a>] &lt;<cite>joel_</cite>&gt; <q>np</q></li>
<li class="message">[<a href="#T01:36:43" id="T01:36:43"><abbr title="2013-09-06T01:36:43+00:00">01:36:43</abbr></a>] &lt;<cite>mexi1010</cite>&gt; <q>joel_: not sure exactly what i'm looking at there</q></li>
<li class="message">[<a href="#T01:36:56" id="T01:36:56"><abbr title="2013-09-06T01:36:56+00:00">01:36:56</abbr></a>] &lt;<cite>joel_</cite>&gt; <q>that's a diff output, tells you what you need to change</q></li>
<li class="message">[<a href="#T01:38:17" id="T01:38:17"><abbr title="2013-09-06T01:38:17+00:00">01:38:17</abbr></a>] &lt;<cite>mexi1010</cite>&gt; <q>do i have to have git installed on the beaglebone?</q></li>
<li class="message">[<a href="#T01:39:05" id="T01:39:05"><abbr title="2013-09-06T01:39:05+00:00">01:39:05</abbr></a>] &lt;<cite>joel_</cite>&gt; <q>no on your host where you build the kernel</q></li>
<li class="message">[<a href="#T01:39:16" id="T01:39:16"><abbr title="2013-09-06T01:39:16+00:00">01:39:16</abbr></a>] &lt;<cite>mexi1010</cite>&gt; <q>oh</q></li>
<li class="message">[<a href="#T01:39:46" id="T01:39:46"><abbr title="2013-09-06T01:39:46+00:00">01:39:46</abbr></a>] &lt;<cite>joel_</cite>&gt; <q>mexi1010, you may have to read up on git and re-building the kernel. those are pre-reqs if you want to hack the spi driver and write your own</q></li>
<li class="message">[<a href="#T01:39:54" id="T01:39:54"><abbr title="2013-09-06T01:39:54+00:00">01:39:54</abbr></a>] &lt;<cite>joel_</cite>&gt; <q>s/and/or/</q></li>
<li class="quit">[<a href="#T01:40:16" id="T01:40:16"><abbr title="2013-09-06T01:40:16+00:00">01:40:16</abbr></a>] <span>* louiz920 (~a0272879@nat/ti/x-ncualkrwbcbefumc) Quit (Quit: Leaving.)</span></li>
<li class="quit">[<a href="#T01:41:14" id="T01:41:14"><abbr title="2013-09-06T01:41:14+00:00">01:41:14</abbr></a>] <span>* prpplague (~danders@12.130.122.17) Quit (Quit: Leaving)</span></li>
<li class="message">[<a href="#T01:41:22" id="T01:41:22"><abbr title="2013-09-06T01:41:22+00:00">01:41:22</abbr></a>] &lt;<cite>mexi1010</cite>&gt; <q>hrmm</q></li>
<li class="message">[<a href="#T01:41:38" id="T01:41:38"><abbr title="2013-09-06T01:41:38+00:00">01:41:38</abbr></a>] &lt;<cite>mexi1010</cite>&gt; <q>these are words i've heard before but don't know much about hyaha</q></li>
<li class="join">[<a href="#T01:41:54" id="T01:41:54"><abbr title="2013-09-06T01:41:54+00:00">01:41:54</abbr></a>] <span>* CalcMan (~Calc@c-76-100-81-122.hsd1.md.comcast.net) has joined #beagle</span></li>
<li class="join">[<a href="#T01:42:52" id="T01:42:52"><abbr title="2013-09-06T01:42:52+00:00">01:42:52</abbr></a>] <span>* emeb_mac (~ericb@ip72-223-90-58.ph.ph.cox.net) has joined #beagle</span></li>
<li class="quit">[<a href="#T01:43:07" id="T01:43:07"><abbr title="2013-09-06T01:43:07+00:00">01:43:07</abbr></a>] <span>* mcdonamp (4a3e478b@gateway/web/freenode/ip.74.62.71.139) Quit (Quit: Page closed)</span></li>
<li class="message">[<a href="#T01:46:57" id="T01:46:57"><abbr title="2013-09-06T01:46:57+00:00">01:46:57</abbr></a>] &lt;<cite>joel_</cite>&gt; <q>mexi1010, then you have a lot of fun to look forward to</q></li>
<li class="message">[<a href="#T01:47:13" id="T01:47:13"><abbr title="2013-09-06T01:47:13+00:00">01:47:13</abbr></a>] &lt;<cite>mexi1010</cite>&gt; <q>haha i suppose i do.</q></li>
<li class="quit">[<a href="#T01:48:57" id="T01:48:57"><abbr title="2013-09-06T01:48:57+00:00">01:48:57</abbr></a>] <span>* Desert_ (~quassel@192.100.196.71) Quit (Quit: No Ping reply in 180 seconds.)</span></li>
<li class="join">[<a href="#T01:49:09" id="T01:49:09"><abbr title="2013-09-06T01:49:09+00:00">01:49:09</abbr></a>] <span>* Desert (~quassel@192.100.196.72) has joined #beagle</span></li>
<li class="quit">[<a href="#T01:51:01" id="T01:51:01"><abbr title="2013-09-06T01:51:01+00:00">01:51:01</abbr></a>] <span>* CalcMan (~Calc@c-76-100-81-122.hsd1.md.comcast.net) Quit (Ping timeout: 248 seconds)</span></li>
<li class="join">[<a href="#T01:56:26" id="T01:56:26"><abbr title="2013-09-06T01:56:26+00:00">01:56:26</abbr></a>] <span>* mrpackethead (~mrpacketh@147.200.109.203.static.cust.vf.net.nz) has joined #beagle</span></li>
<li class="join">[<a href="#T01:59:09" id="T01:59:09"><abbr title="2013-09-06T01:59:09+00:00">01:59:09</abbr></a>] <span>* juul (~juul@static.2.202.4.46.clients.your-server.de) has joined #beagleboard</span></li>
<li class="part">[<a href="#T01:59:42" id="T01:59:42"><abbr title="2013-09-06T01:59:42+00:00">01:59:42</abbr></a>] <span>* juul (~juul@static.2.202.4.46.clients.your-server.de) has left #beagleboard</span></li>
