<li class="join">[<a href="#T16:36:30" id="T16:36:30"><abbr title="2013-10-13T16:36:30+00:00">16:36:30</abbr></a>] <span>* BeagleBot (~PircBot@ec2-75-101-156-174.compute-1.amazonaws.com) has joined #beagle</span></li>
<li class="topic">[<abbr title="2013-10-13T16:36:30+00:00">16:36:30</abbr>] <span>* Topic is '<a href="http://beagleboard.org/chat">http://beagleboard.org/chat</a> has a guide on how to ask questions and links to the logs | never ask to ask, just ask | be patient'</span></li>
<li class="topic">[<abbr title="2013-10-13T16:36:30+00:00">16:36:30</abbr>] <span>* Set by jkridner!~jkridner@pdpc/supporter/active/jkridner on Fri Jun 14 15:37:38 CDT 2013</span></li>
<li class="join">[<abbr title="2013-10-13T16:36:30+00:00">16:36:30</abbr>] <span>* BeagleBot (~PircBot@ec2-75-101-156-174.compute-1.amazonaws.com) has joined #beagleboard</span></li>
<li class="join">[<abbr title="2013-10-13T16:36:30+00:00">16:36:30</abbr>] <span>* BeagleBot (~PircBot@ec2-75-101-156-174.compute-1.amazonaws.com) has joined #beaglebone</span></li>
<li class="quit">[<a href="#T16:38:29" id="T16:38:29"><abbr title="2013-10-13T16:38:29+00:00">16:38:29</abbr></a>] <span>* rsalveti (~rsalveti@unaffiliated/rsalveti) Quit (Ping timeout: 265 seconds)</span></li>
<li class="join">[<a href="#T16:39:39" id="T16:39:39"><abbr title="2013-10-13T16:39:39+00:00">16:39:39</abbr></a>] <span>* emeb (~ericb@ip72-223-85-8.ph.ph.cox.net) has joined #beagle</span></li>
<li class="join">[<a href="#T16:44:27" id="T16:44:27"><abbr title="2013-10-13T16:44:27+00:00">16:44:27</abbr></a>] <span>* rsalveti (~rsalveti@unaffiliated/rsalveti) has joined #beagle</span></li>
<li class="join">[<a href="#T16:49:45" id="T16:49:45"><abbr title="2013-10-13T16:49:45+00:00">16:49:45</abbr></a>] <span>* old-papa (~ident@206.251.40.208) has joined #beagle</span></li>
<li class="join">[<a href="#T16:49:57" id="T16:49:57"><abbr title="2013-10-13T16:49:57+00:00">16:49:57</abbr></a>] <span>* old-papa (~ident@206.251.40.208) has joined #beagleboard</span></li>
<li class="join">[<a href="#T16:50:02" id="T16:50:02"><abbr title="2013-10-13T16:50:02+00:00">16:50:02</abbr></a>] <span>* old-papa (~ident@206.251.40.208) has joined #beaglebone</span></li>
<li class="quit">[<a href="#T16:51:53" id="T16:51:53"><abbr title="2013-10-13T16:51:53+00:00">16:51:53</abbr></a>] <span>* calculus (~calculus@gentoo/user/calculus) Quit (Read error: Connection reset by peer)</span></li>
<li class="quit">[<a href="#T16:52:16" id="T16:52:16"><abbr title="2013-10-13T16:52:16+00:00">16:52:16</abbr></a>] <span>* kingemer (~kingemer@69.169.157.172.provo.static.broadweavenetworks.net) Quit (Ping timeout: 245 seconds)</span></li>
<li class="join">[<a href="#T16:52:31" id="T16:52:31"><abbr title="2013-10-13T16:52:31+00:00">16:52:31</abbr></a>] <span>* calculus (~calculus@adsl-99-23-189-142.dsl.pltn13.sbcglobal.net) has joined #beagle</span></li>
<li class="quit">[<abbr title="2013-10-13T16:52:31+00:00">16:52:31</abbr>] <span>* calculus (~calculus@adsl-99-23-189-142.dsl.pltn13.sbcglobal.net) Quit (Changing host)</span></li>
<li class="join">[<abbr title="2013-10-13T16:52:31+00:00">16:52:31</abbr>] <span>* calculus (~calculus@gentoo/user/calculus) has joined #beagle</span></li>
<li class="mode">[<abbr title="2013-10-13T16:52:31+00:00">16:52:31</abbr>] <span>* ChanServ sets mode +o calculus</span></li>
<li class="join">[<a href="#T16:52:38" id="T16:52:38"><abbr title="2013-10-13T16:52:38+00:00">16:52:38</abbr></a>] <span>* kingemer (~kingemer@69.169.157.172.provo.static.broadweavenetworks.net) has joined #beagle</span></li>
<li class="quit">[<a href="#T16:53:26" id="T16:53:26"><abbr title="2013-10-13T16:53:26+00:00">16:53:26</abbr></a>] <span>* calculus (~calculus@gentoo/user/calculus) Quit (Read error: Connection reset by peer)</span></li>
<li class="join">[<a href="#T16:56:12" id="T16:56:12"><abbr title="2013-10-13T16:56:12+00:00">16:56:12</abbr></a>] <span>* edi (5b21e1f9@gateway/web/freenode/ip.91.33.225.249) has joined #beagle</span></li>
<li class="join">[<a href="#T16:57:07" id="T16:57:07"><abbr title="2013-10-13T16:57:07+00:00">16:57:07</abbr></a>] <span>* edi_ (5b21e1f9@gateway/web/freenode/ip.91.33.225.249) has joined #beagle</span></li>
<li class="quit">[<a href="#T16:57:33" id="T16:57:33"><abbr title="2013-10-13T16:57:33+00:00">16:57:33</abbr></a>] <span>* edi_ (5b21e1f9@gateway/web/freenode/ip.91.33.225.249) Quit (Client Quit)</span></li>
<li class="join">[<a href="#T16:58:17" id="T16:58:17"><abbr title="2013-10-13T16:58:17+00:00">16:58:17</abbr></a>] <span>* calculus (~calculus@adsl-99-186-43-141.dsl.pltn13.sbcglobal.net) has joined #beagle</span></li>
<li class="quit">[<abbr title="2013-10-13T16:58:17+00:00">16:58:17</abbr>] <span>* calculus (~calculus@adsl-99-186-43-141.dsl.pltn13.sbcglobal.net) Quit (Changing host)</span></li>
<li class="join">[<abbr title="2013-10-13T16:58:17+00:00">16:58:17</abbr>] <span>* calculus (~calculus@gentoo/user/calculus) has joined #beagle</span></li>
<li class="mode">[<abbr title="2013-10-13T16:58:17+00:00">16:58:17</abbr>] <span>* ChanServ sets mode +o calculus</span></li>
<li class="join">[<a href="#T16:59:30" id="T16:59:30"><abbr title="2013-10-13T16:59:30+00:00">16:59:30</abbr></a>] <span>* alan_o (~alan@c-76-29-154-88.hsd1.fl.comcast.net) has joined #beagle</span></li>
