<li class="join">[<a href="#T00:00:23" id="T00:00:23"><abbr title="2014-09-03T00:00:23+00:00">00:00:23</abbr></a>] <span>* BeagleBot (~PircBot@ec2-50-17-196-130.compute-1.amazonaws.com) has joined #beagle</span></li>
<li class="topic">[<abbr title="2014-09-03T00:00:23+00:00">00:00:23</abbr>] <span>* Topic is '<a href="http://beagleboard.org/chat">http://beagleboard.org/chat</a> has a guide on how to ask questions and links to the logs | never ask to ask, just ask | be patient | pastebin a boot log | <a href="http://ahsoftware.de/Beaglebone_Black_Boot_explained.svg">http://ahsoftware.de/Beaglebone_Black_Boot_explained.svg</a> | BBB is being sold faster than produced. Order one and wait. There is no other way. | <a href="http://beagleboard.org/latest-images">http://beagleboard.org/latest-images</a> | <a href="http://beagleboard.org/Support/bone101'">http://beagleboard.org/Support/bone101'</a></span></li>
<li class="topic">[<abbr title="2014-09-03T00:00:23+00:00">00:00:23</abbr>] <span>* Set by KotH!~attila@lou-outside.kinali.ch on Fri Apr 18 13:56:18 UTC 2014</span></li>
<li class="join">[<a href="#T00:00:24" id="T00:00:24"><abbr title="2014-09-03T00:00:24+00:00">00:00:24</abbr></a>] <span>* BeagleBot (~PircBot@ec2-50-17-196-130.compute-1.amazonaws.com) has joined #beagleboard</span></li>
<li class="join">[<abbr title="2014-09-03T00:00:24+00:00">00:00:24</abbr>] <span>* BeagleBot (~PircBot@ec2-50-17-196-130.compute-1.amazonaws.com) has joined #beaglebone</span></li>
<li class="join">[<a href="#T00:02:43" id="T00:02:43"><abbr title="2014-09-03T00:02:43+00:00">00:02:43</abbr></a>] <span>* wednesday (~wednesday@c-76-104-145-102.hsd1.wa.comcast.net) has joined #beagle</span></li>
<li class="join">[<abbr title="2014-09-03T00:02:43+00:00">00:02:43</abbr>] <span>* wednesday (~wednesday@c-76-104-145-102.hsd1.wa.comcast.net) has joined #beaglebone</span></li>
<li class="join">[<a href="#T00:12:38" id="T00:12:38"><abbr title="2014-09-03T00:12:38+00:00">00:12:38</abbr></a>] <span>* thurgood (~thurgood@23-127-74-230.lightspeed.austtx.sbcglobal.net) has joined #beagle</span></li>
<li class="join">[<a href="#T00:13:25" id="T00:13:25"><abbr title="2014-09-03T00:13:25+00:00">00:13:25</abbr></a>] <span>* thurgood_ (~thurgood@cpe-70-113-204-247.austin.res.rr.com) has joined #beagle</span></li>
<li class="join">[<a href="#T00:14:44" id="T00:14:44"><abbr title="2014-09-03T00:14:44+00:00">00:14:44</abbr></a>] <span>* ruben-ikmaak (~sikko@541F7D85.cm-5-8b.dynamic.ziggo.nl) has joined #beagle</span></li>
<li class="quit">[<a href="#T00:17:06" id="T00:17:06"><abbr title="2014-09-03T00:17:06+00:00">00:17:06</abbr></a>] <span>* thurgood (~thurgood@23-127-74-230.lightspeed.austtx.sbcglobal.net) Quit (Ping timeout: 260 seconds)</span></li>
<li class="quit">[<a href="#T00:25:50" id="T00:25:50"><abbr title="2014-09-03T00:25:50+00:00">00:25:50</abbr></a>] <span>* mrjazzcat (~mrjazzcat@c-24-8-176-66.hsd1.co.comcast.net) Quit (Ping timeout: 240 seconds)</span></li>
<li class="quit">[<a href="#T00:26:41" id="T00:26:41"><abbr title="2014-09-03T00:26:41+00:00">00:26:41</abbr></a>] <span>* guillaume_ (~guillaume@pic33-h01-31-32-112-162.dsl.sta.abo.bbox.fr) Quit (Remote host closed the connection)</span></li>
<li class="join">[<a href="#T00:31:12" id="T00:31:12"><abbr title="2014-09-03T00:31:12+00:00">00:31:12</abbr></a>] <span>* cayou99 (cf60ff6b@gateway/web/freenode/ip.207.96.255.107) has joined #beagle</span></li>
<li class="join">[<a href="#T00:31:16" id="T00:31:16"><abbr title="2014-09-03T00:31:16+00:00">00:31:16</abbr></a>] <span>* mhaberler (~mhaberler@178-191-251-227.adsl.highway.telekom.at) has joined #beagle</span></li>
<li class="join">[<a href="#T00:31:17" id="T00:31:17"><abbr title="2014-09-03T00:31:17+00:00">00:31:17</abbr></a>] <span>* mhaberler (~mhaberler@178-191-251-227.adsl.highway.telekom.at) has joined #beaglebone</span></li>
<li class="message">[<a href="#T00:32:13" id="T00:32:13"><abbr title="2014-09-03T00:32:13+00:00">00:32:13</abbr></a>] &lt;<cite>cayou99</cite>&gt; <q>Hi, just plugged in my BBB Rev C. Ubuntu is having trouble connecting to the USB Ethernet adapter. What am I doing wrong?</q></li>
<li class="quit">[<a href="#T00:35:33" id="T00:35:33"><abbr title="2014-09-03T00:35:33+00:00">00:35:33</abbr></a>] <span>* mhaberler (~mhaberler@178-191-251-227.adsl.highway.telekom.at) Quit (Ping timeout: 245 seconds)</span></li>
<li class="message">[<a href="#T00:35:57" id="T00:35:57"><abbr title="2014-09-03T00:35:57+00:00">00:35:57</abbr></a>] &lt;<cite>cayou99</cite>&gt; <q>Anyone here?</q></li>
<li class="quit">[<a href="#T00:37:25" id="T00:37:25"><abbr title="2014-09-03T00:37:25+00:00">00:37:25</abbr></a>] <span>* vagrantc (~vagrant@freegeek/vagrantc) Quit (Quit: leaving)</span></li>
<li class="join">[<a href="#T00:49:24" id="T00:49:24"><abbr title="2014-09-03T00:49:24+00:00">00:49:24</abbr></a>] <span>* djerome (~djerome@ip24-251-115-14.ph.ph.cox.net) has joined #beaglebone</span></li>
<li class="quit">[<a href="#T00:50:54" id="T00:50:54"><abbr title="2014-09-03T00:50:54+00:00">00:50:54</abbr></a>] <span>* cayou99 (cf60ff6b@gateway/web/freenode/ip.207.96.255.107) Quit (Ping timeout: 246 seconds)</span></li>
<li class="join">[<a href="#T00:51:42" id="T00:51:42"><abbr title="2014-09-03T00:51:42+00:00">00:51:42</abbr></a>] <span>* Amperture (~Amperture@107-207-76-17.lightspeed.austtx.sbcglobal.net) has joined #beagle</span></li>
<li class="quit">[<a href="#T00:54:59" id="T00:54:59"><abbr title="2014-09-03T00:54:59+00:00">00:54:59</abbr></a>] <span>* darkfader (~darkfader@ip3e8346be.speed.planet.nl) Quit (Quit: darkfader)</span></li>
<li class="join">[<a href="#T01:02:16" id="T01:02:16"><abbr title="2014-09-03T01:02:16+00:00">01:02:16</abbr></a>] <span>* mhaberler (~mhaberler@178-191-251-227.adsl.highway.telekom.at) has joined #beagle</span></li>
<li class="join">[<abbr title="2014-09-03T01:02:16+00:00">01:02:16</abbr>] <span>* mhaberler (~mhaberler@178-191-251-227.adsl.highway.telekom.at) has joined #beaglebone</span></li>
<li class="join">[<a href="#T01:05:53" id="T01:05:53"><abbr title="2014-09-03T01:05:53+00:00">01:05:53</abbr></a>] <span>* dieterg (~dieterg@180.253.121.82) has joined #beagle</span></li>
<li class="quit">[<a href="#T01:09:13" id="T01:09:13"><abbr title="2014-09-03T01:09:13+00:00">01:09:13</abbr></a>] <span>* mhaberler (~mhaberler@178-191-251-227.adsl.highway.telekom.at) Quit (Ping timeout: 245 seconds)</span></li>
<li class="quit">[<a href="#T01:19:49" id="T01:19:49"><abbr title="2014-09-03T01:19:49+00:00">01:19:49</abbr></a>] <span>* metasansana (~master@unaffiliated/metasansana) Quit (Quit: Leaving)</span></li>
<li class="quit">[<a href="#T01:27:04" id="T01:27:04"><abbr title="2014-09-03T01:27:04+00:00">01:27:04</abbr></a>] <span>* hewball (~hewball@203-59-97-212.perm.iinet.net.au) Quit (Remote host closed the connection)</span></li>
<li class="quit">[<a href="#T01:27:29" id="T01:27:29"><abbr title="2014-09-03T01:27:29+00:00">01:27:29</abbr></a>] <span>* Humpelst1lzchen (erik@f054179201.adsl.alicedsl.de) Quit (Ping timeout: 260 seconds)</span></li>
<li class="join">[<a href="#T01:28:11" id="T01:28:11"><abbr title="2014-09-03T01:28:11+00:00">01:28:11</abbr></a>] <span>* Humpelstilzchen (erik@d167054.adsl.hansenet.de) has joined #beagle</span></li>
<li class="quit">[<a href="#T01:36:48" id="T01:36:48"><abbr title="2014-09-03T01:36:48+00:00">01:36:48</abbr></a>] <span>* pwillard (~SomeRando@c-73-184-136-133.hsd1.ga.comcast.net) Quit (Quit: Leaving)</span></li>
<li class="join">[<a href="#T01:54:33" id="T01:54:33"><abbr title="2014-09-03T01:54:33+00:00">01:54:33</abbr></a>] <span>* tawr (~tawr@cpe-70-124-113-217.stx.res.rr.com) has joined #beagle</span></li>
<li class="message">[<a href="#T01:54:54" id="T01:54:54"><abbr title="2014-09-03T01:54:54+00:00">01:54:54</abbr></a>] &lt;<cite>tawr</cite>&gt; <q>hi guys :) I seem to be having a nub moment. I'm trying to dump the emmc to uSD to make a backup image so i can try other os's out</q></li>
<li class="message">[<a href="#T01:55:03" id="T01:55:03"><abbr title="2014-09-03T01:55:03+00:00">01:55:03</abbr></a>] &lt;<cite>tawr</cite>&gt; <q>but I can't seem to get it to, well, do anything</q></li>
