<li class="join">[<a href="#T00:00:45" id="T00:00:45"><abbr title="2014-03-30T00:00:45+00:00">00:00:45</abbr></a>] <span>* BeagleBot (~PircBot@ec2-50-17-196-130.compute-1.amazonaws.com) has joined #beagle</span></li>
<li class="topic">[<abbr title="2014-03-30T00:00:45+00:00">00:00:45</abbr>] <span>* Topic is '<a href="http://beagleboard.org/chat">http://beagleboard.org/chat</a> has a guide on how to ask questions and links to the logs | never ask to ask, just ask | be patient | pastebin a boot log | <a href="http://ahsoftware.de/Beaglebone_Black_Boot_explained.svg">http://ahsoftware.de/Beaglebone_Black_Boot_explained.svg</a> | BBB is being sold faster than produced. Order one and wait. There is no other way. | <a href="http://i.imgur.com/CujBUQJ.jpg'">http://i.imgur.com/CujBUQJ.jpg'</a></span></li>
<li class="topic">[<abbr title="2014-03-30T00:00:45+00:00">00:00:45</abbr>] <span>* Set by KotH!~attila@lou-outside.kinali.ch on Fri Mar 21 14:24:39 UTC 2014</span></li>
<li class="join">[<abbr title="2014-03-30T00:00:45+00:00">00:00:45</abbr>] <span>* BeagleBot (~PircBot@ec2-50-17-196-130.compute-1.amazonaws.com) has joined #beagleboard</span></li>
<li class="join">[<abbr title="2014-03-30T00:00:45+00:00">00:00:45</abbr>] <span>* BeagleBot (~PircBot@ec2-50-17-196-130.compute-1.amazonaws.com) has joined #beaglebone</span></li>
<li class="quit">[<a href="#T00:01:15" id="T00:01:15"><abbr title="2014-03-30T00:01:15+00:00">00:01:15</abbr></a>] <span>* bahar (~bahar@cpe-24-90-66-253.nyc.res.rr.com) Quit (Ping timeout: 240 seconds)</span></li>
<li class="join">[<a href="#T00:03:29" id="T00:03:29"><abbr title="2014-03-30T00:03:29+00:00">00:03:29</abbr></a>] <span>* phragment (~blubb@vpn.htu.tu-graz.ac.at) has joined #beagle</span></li>
<li class="join">[<a href="#T00:03:52" id="T00:03:52"><abbr title="2014-03-30T00:03:52+00:00">00:03:52</abbr></a>] <span>* bahar (~bahar@cpe-24-90-66-253.nyc.res.rr.com) has joined #beagle</span></li>
<li class="join">[<a href="#T00:16:35" id="T00:16:35"><abbr title="2014-03-30T00:16:35+00:00">00:16:35</abbr></a>] <span>* iandow (~iandow@184-100-206-216.ptld.qwest.net) has joined #beagle</span></li>
<li class="quit">[<a href="#T00:17:13" id="T00:17:13"><abbr title="2014-03-30T00:17:13+00:00">00:17:13</abbr></a>] <span>* florian (~fuchs@Maemo/community/contributor/florian) Quit (Ping timeout: 255 seconds)</span></li>
<li class="quit">[<a href="#T00:29:27" id="T00:29:27"><abbr title="2014-03-30T00:29:27+00:00">00:29:27</abbr></a>] <span>* Shadyman (~matthew@unaffiliated/shadyman) Quit (Ping timeout: 265 seconds)</span></li>
<li class="quit">[<a href="#T00:35:08" id="T00:35:08"><abbr title="2014-03-30T00:35:08+00:00">00:35:08</abbr></a>] <span>* iandow (~iandow@184-100-206-216.ptld.qwest.net) Quit (Ping timeout: 255 seconds)</span></li>
<li class="quit">[<a href="#T00:35:30" id="T00:35:30"><abbr title="2014-03-30T00:35:30+00:00">00:35:30</abbr></a>] <span>* bfederau (~quassel@service.basyskom.com) Quit (Quit: No Ping reply in 180 seconds.)</span></li>
<li class="join">[<a href="#T00:35:51" id="T00:35:51"><abbr title="2014-03-30T00:35:51+00:00">00:35:51</abbr></a>] <span>* bfederau (~quassel@service.basyskom.com) has joined #beagle</span></li>
<li class="quit">[<a href="#T00:42:02" id="T00:42:02"><abbr title="2014-03-30T00:42:02+00:00">00:42:02</abbr></a>] <span>* BellinganRoy (~Bellingan@ppp-140-234.25-151.libero.it) Quit (Ping timeout: 264 seconds)</span></li>
<li class="join">[<a href="#T00:46:32" id="T00:46:32"><abbr title="2014-03-30T00:46:32+00:00">00:46:32</abbr></a>] <span>* Shadyman (~matthew@unaffiliated/shadyman) has joined #beagle</span></li>
<li class="join">[<a href="#T00:48:44" id="T00:48:44"><abbr title="2014-03-30T00:48:44+00:00">00:48:44</abbr></a>] <span>* metasansana (~master@unaffiliated/metasansana) has joined #beagle</span></li>
<li class="quit">[<a href="#T00:54:26" id="T00:54:26"><abbr title="2014-03-30T00:54:26+00:00">00:54:26</abbr></a>] <span>* Shadyman (~matthew@unaffiliated/shadyman) Quit (Read error: Connection reset by peer)</span></li>
<li class="quit">[<a href="#T00:57:24" id="T00:57:24"><abbr title="2014-03-30T00:57:24+00:00">00:57:24</abbr></a>] <span>* phant0mas (~quassel@147.95.121.139) Quit (Read error: Connection reset by peer)</span></li>
<li class="quit">[<a href="#T00:59:44" id="T00:59:44"><abbr title="2014-03-30T00:59:44+00:00">00:59:44</abbr></a>] <span>* bhthompson (bhthompson@nat/google/x-gmfzfdyftrpqkqla) Quit (Ping timeout: 240 seconds)</span></li>
