<li class="join">[<a href="#T00:00:23" id="T00:00:23"><abbr title="2014-08-08T00:00:23+00:00">00:00:23</abbr></a>] <span>* BeagleBot (~PircBot@ec2-50-17-196-130.compute-1.amazonaws.com) has joined #beagle</span></li>
<li class="topic">[<abbr title="2014-08-08T00:00:23+00:00">00:00:23</abbr>] <span>* Topic is '<a href="http://beagleboard.org/chat">http://beagleboard.org/chat</a> has a guide on how to ask questions and links to the logs | never ask to ask, just ask | be patient | pastebin a boot log | <a href="http://ahsoftware.de/Beaglebone_Black_Boot_explained.svg">http://ahsoftware.de/Beaglebone_Black_Boot_explained.svg</a> | BBB is being sold faster than produced. Order one and wait. There is no other way. | <a href="http://beagleboard.org/latest-images">http://beagleboard.org/latest-images</a> | <a href="http://beagleboard.org/Support/bone101'">http://beagleboard.org/Support/bone101'</a></span></li>
<li class="topic">[<abbr title="2014-08-08T00:00:23+00:00">00:00:23</abbr>] <span>* Set by KotH!~attila@lou-outside.kinali.ch on Fri Apr 18 13:56:18 UTC 2014</span></li>
<li class="join">[<abbr title="2014-08-08T00:00:23+00:00">00:00:23</abbr>] <span>* BeagleBot (~PircBot@ec2-50-17-196-130.compute-1.amazonaws.com) has joined #beagleboard</span></li>
<li class="join">[<abbr title="2014-08-08T00:00:23+00:00">00:00:23</abbr>] <span>* BeagleBot (~PircBot@ec2-50-17-196-130.compute-1.amazonaws.com) has joined #beaglebone</span></li>
<li class="join">[<a href="#T00:01:49" id="T00:01:49"><abbr title="2014-08-08T00:01:49+00:00">00:01:49</abbr></a>] <span>* jedahan (~jedahan@subtle/user/jedahan) has joined #beagle</span></li>
<li class="quit">[<a href="#T00:03:10" id="T00:03:10"><abbr title="2014-08-08T00:03:10+00:00">00:03:10</abbr></a>] <span>* das (~das@12.5.80.79.rev.sfr.net) Quit (Quit: Lost terminal)</span></li>
<li class="quit">[<a href="#T00:03:16" id="T00:03:16"><abbr title="2014-08-08T00:03:16+00:00">00:03:16</abbr></a>] <span>* jedahan (~jedahan@subtle/user/jedahan) Quit (Read error: Connection reset by peer)</span></li>
<li class="quit">[<a href="#T00:04:11" id="T00:04:11"><abbr title="2014-08-08T00:04:11+00:00">00:04:11</abbr></a>] <span>* stamina (~stamina@83.128.211.177) Quit (Ping timeout: 246 seconds)</span></li>
<li class="join">[<a href="#T00:04:39" id="T00:04:39"><abbr title="2014-08-08T00:04:39+00:00">00:04:39</abbr></a>] <span>* jedahan (~jedahan@subtle/user/jedahan) has joined #beagle</span></li>
<li class="join">[<a href="#T00:04:55" id="T00:04:55"><abbr title="2014-08-08T00:04:55+00:00">00:04:55</abbr></a>] <span>* Crofton (~balister@nta-ip-117.103.89.109.dynamic.ntamar.net) has joined #beagle</span></li>
<li class="quit">[<a href="#T00:09:58" id="T00:09:58"><abbr title="2014-08-08T00:09:58+00:00">00:09:58</abbr></a>] <span>* Crofton (~balister@nta-ip-117.103.89.109.dynamic.ntamar.net) Quit (Ping timeout: 240 seconds)</span></li>
<li class="join">[<a href="#T00:12:40" id="T00:12:40"><abbr title="2014-08-08T00:12:40+00:00">00:12:40</abbr></a>] <span>* Crofton (~balister@nta-ip-117.103.89.105.dynamic.ntamar.net) has joined #beagle</span></li>
<li class="join">[<a href="#T00:17:44" id="T00:17:44"><abbr title="2014-08-08T00:17:44+00:00">00:17:44</abbr></a>] <span>* pwillard (~SomeRando@c-73-184-136-133.hsd1.ga.comcast.net) has joined #beagle</span></li>
<li class="quit">[<a href="#T00:18:22" id="T00:18:22"><abbr title="2014-08-08T00:18:22+00:00">00:18:22</abbr></a>] <span>* Laurenceb__ (~Laurence@host86-140-224-73.range86-140.btcentralplus.com) Quit (Ping timeout: 240 seconds)</span></li>
<li class="quit">[<a href="#T00:18:36" id="T00:18:36"><abbr title="2014-08-08T00:18:36+00:00">00:18:36</abbr></a>] <span>* Crofton (~balister@nta-ip-117.103.89.105.dynamic.ntamar.net) Quit (Ping timeout: 264 seconds)</span></li>
<li class="join">[<a href="#T00:19:53" id="T00:19:53"><abbr title="2014-08-08T00:19:53+00:00">00:19:53</abbr></a>] <span>* Boogalbee (~Boogalbee@ids.mestek.net) has joined #beagle</span></li>
<li class="join">[<a href="#T00:20:25" id="T00:20:25"><abbr title="2014-08-08T00:20:25+00:00">00:20:25</abbr></a>] <span>* dieterg (~dieterg@222.124.122.90) has joined #beagle</span></li>
<li class="quit">[<a href="#T00:23:19" id="T00:23:19"><abbr title="2014-08-08T00:23:19+00:00">00:23:19</abbr></a>] <span>* jedahan (~jedahan@subtle/user/jedahan) Quit (Read error: Connection reset by peer)</span></li>
<li class="join">[<a href="#T00:24:27" id="T00:24:27"><abbr title="2014-08-08T00:24:27+00:00">00:24:27</abbr></a>] <span>* jedahan (~jedahan@subtle/user/jedahan) has joined #beagle</span></li>
<li class="quit">[<a href="#T00:25:06" id="T00:25:06"><abbr title="2014-08-08T00:25:06+00:00">00:25:06</abbr></a>] <span>* jedahan (~jedahan@subtle/user/jedahan) Quit (Read error: Connection reset by peer)</span></li>
<li class="join">[<a href="#T00:25:12" id="T00:25:12"><abbr title="2014-08-08T00:25:12+00:00">00:25:12</abbr></a>] <span>* jedahan_ (~jedahan@subtle/user/jedahan) has joined #beagle</span></li>
<li class="quit">[<a href="#T00:26:42" id="T00:26:42"><abbr title="2014-08-08T00:26:42+00:00">00:26:42</abbr></a>] <span>* jedahan_ (~jedahan@subtle/user/jedahan) Quit (Read error: Connection reset by peer)</span></li>
<li class="join">[<a href="#T00:26:54" id="T00:26:54"><abbr title="2014-08-08T00:26:54+00:00">00:26:54</abbr></a>] <span>* jedahan (~jedahan@subtle/user/jedahan) has joined #beagle</span></li>
<li class="quit">[<a href="#T00:26:57" id="T00:26:57"><abbr title="2014-08-08T00:26:57+00:00">00:26:57</abbr></a>] <span>* jedahan (~jedahan@subtle/user/jedahan) Quit (Read error: Connection reset by peer)</span></li>
<li class="join">[<a href="#T00:28:42" id="T00:28:42"><abbr title="2014-08-08T00:28:42+00:00">00:28:42</abbr></a>] <span>* jedahan (~jedahan@subtle/user/jedahan) has joined #beagle</span></li>
<li class="join">[<a href="#T00:31:49" id="T00:31:49"><abbr title="2014-08-08T00:31:49+00:00">00:31:49</abbr></a>] <span>* zodiac1111 (~zodiac111@123.157.223.146) has joined #beagle</span></li>
<li class="join">[<a href="#T00:41:28" id="T00:41:28"><abbr title="2014-08-08T00:41:28+00:00">00:41:28</abbr></a>] <span>* Tartarus (trini@pixelshelf.com) has joined #beagle</span></li>
<li class="quit">[<a href="#T00:44:49" id="T00:44:49"><abbr title="2014-08-08T00:44:49+00:00">00:44:49</abbr></a>] <span>* Boogalbee (~Boogalbee@ids.mestek.net) Quit (Ping timeout: 245 seconds)</span></li>
<li class="quit">[<a href="#T00:45:36" id="T00:45:36"><abbr title="2014-08-08T00:45:36+00:00">00:45:36</abbr></a>] <span>* fzombie (~gplgeek@pdpc/supporter/student/GPLGeek) Quit (Ping timeout: 264 seconds)</span></li>
<li class="join">[<a href="#T00:53:09" id="T00:53:09"><abbr title="2014-08-08T00:53:09+00:00">00:53:09</abbr></a>] <span>* gu (7897163a@gateway/web/freenode/ip.120.151.22.58) has joined #beagle</span></li>
<li class="message">[<a href="#T00:53:54" id="T00:53:54"><abbr title="2014-08-08T00:53:54+00:00">00:53:54</abbr></a>] &lt;<cite>gu</cite>&gt; <q>I am having problem with a LCD 16x2. Have anyone else had similar problems</q></li>
<li class="join">[<a href="#T00:53:57" id="T00:53:57"><abbr title="2014-08-08T00:53:57+00:00">00:53:57</abbr></a>] <span>* jedahan_ (~jedahan@subtle/user/jedahan) has joined #beagle</span></li>
<li class="quit">[<a href="#T00:55:26" id="T00:55:26"><abbr title="2014-08-08T00:55:26+00:00">00:55:26</abbr></a>] <span>* jedahan_ (~jedahan@subtle/user/jedahan) Quit (Client Quit)</span></li>
<li class="quit">[<a href="#T00:56:46" id="T00:56:46"><abbr title="2014-08-08T00:56:46+00:00">00:56:46</abbr></a>] <span>* jedahan (~jedahan@subtle/user/jedahan) Quit (Ping timeout: 260 seconds)</span></li>
<li class="join">[<a href="#T00:58:42" id="T00:58:42"><abbr title="2014-08-08T00:58:42+00:00">00:58:42</abbr></a>] <span>* Sauvin (~Savinus@about/linux/staff/sauvin) has joined #beagle</span></li>
<li class="quit">[<a href="#T01:01:42" id="T01:01:42"><abbr title="2014-08-08T01:01:42+00:00">01:01:42</abbr></a>] <span>* BobCat (~Bob@unaffiliated/bobcat) Quit (Ping timeout: 272 seconds)</span></li>
<li class="quit">[<a href="#T01:05:19" id="T01:05:19"><abbr title="2014-08-08T01:05:19+00:00">01:05:19</abbr></a>] <span>* gu (7897163a@gateway/web/freenode/ip.120.151.22.58) Quit (Quit: Page closed)</span></li>
<li class="quit">[<a href="#T01:05:44" id="T01:05:44"><abbr title="2014-08-08T01:05:44+00:00">01:05:44</abbr></a>] <span>* timb__ (~timb@pool-96-233-210-103.nrflva.east.verizon.net) Quit (Quit: Computer has gone to sleep.)</span></li>
<li class="join">[<a href="#T01:06:16" id="T01:06:16"><abbr title="2014-08-08T01:06:16+00:00">01:06:16</abbr></a>] <span>* timb__ (~timb@pool-96-233-210-103.nrflva.east.verizon.net) has joined #beagle</span></li>
<li class="join">[<a href="#T01:07:32" id="T01:07:32"><abbr title="2014-08-08T01:07:32+00:00">01:07:32</abbr></a>] <span>* granito-laptop (~granito@cpe-174-097-137-228.nc.res.rr.com) has joined #beagle</span></li>
<li class="quit">[<a href="#T01:07:54" id="T01:07:54"><abbr title="2014-08-08T01:07:54+00:00">01:07:54</abbr></a>] <span>* zodiac1111 (~zodiac111@123.157.223.146) Quit (Ping timeout: 240 seconds)</span></li>
<li class="join">[<a href="#T01:10:17" id="T01:10:17"><abbr title="2014-08-08T01:10:17+00:00">01:10:17</abbr></a>] <span>* eikeon (~eikeon@c-98-204-80-157.hsd1.dc.comcast.net) has joined #beagle</span></li>
<li class="quit">[<a href="#T01:10:24" id="T01:10:24"><abbr title="2014-08-08T01:10:24+00:00">01:10:24</abbr></a>] <span>* timb__ (~timb@pool-96-233-210-103.nrflva.east.verizon.net) Quit (Ping timeout: 240 seconds)</span></li>
<li class="join">[<a href="#T01:14:18" id="T01:14:18"><abbr title="2014-08-08T01:14:18+00:00">01:14:18</abbr></a>] <span>* BobCat (~Bob@ool-2f12223f.dyn.optonline.net) has joined #beagle</span></li>
<li class="quit">[<abbr title="2014-08-08T01:14:18+00:00">01:14:18</abbr>] <span>* BobCat (~Bob@ool-2f12223f.dyn.optonline.net) Quit (Changing host)</span></li>
<li class="join">[<abbr title="2014-08-08T01:14:18+00:00">01:14:18</abbr>] <span>* BobCat (~Bob@unaffiliated/bobcat) has joined #beagle</span></li>
<li class="quit">[<a href="#T01:17:45" id="T01:17:45"><abbr title="2014-08-08T01:17:45+00:00">01:17:45</abbr></a>] <span>* joel_ (~joel@nat/ti/x-fqueeudvmycgkyvy) Quit (Ping timeout: 244 seconds)</span></li>
<li class="quit">[<a href="#T01:17:52" id="T01:17:52"><abbr title="2014-08-08T01:17:52+00:00">01:17:52</abbr></a>] <span>* dohb (~okan@139.179.138.4) Quit (Ping timeout: 250 seconds)</span></li>
<li class="nick-change">[<a href="#T01:19:30" id="T01:19:30"><abbr title="2014-08-08T01:19:30+00:00">01:19:30</abbr></a>] <span>* repat is now known as zz_repat</span></li>
<li class="join">[<a href="#T01:19:50" id="T01:19:50"><abbr title="2014-08-08T01:19:50+00:00">01:19:50</abbr></a>] <span>* jedahan (~jedahan@subtle/user/jedahan) has joined #beagle</span></li>
<li class="join">[<a href="#T01:20:59" id="T01:20:59"><abbr title="2014-08-08T01:20:59+00:00">01:20:59</abbr></a>] <span>* zodiac1111 (~zodiac111@123.157.223.146) has joined #beagle</span></li>
<li class="join">[<a href="#T01:25:47" id="T01:25:47"><abbr title="2014-08-08T01:25:47+00:00">01:25:47</abbr></a>] <span>* Dan2 (~desktop@14-203-56-180.static.tpgi.com.au) has joined #beagle</span></li>
<li class="quit">[<a href="#T01:27:20" id="T01:27:20"><abbr title="2014-08-08T01:27:20+00:00">01:27:20</abbr></a>] <span>* Dan1 (~desktop@ppp236-99.static.internode.on.net) Quit (Ping timeout: 260 seconds)</span></li>
<li class="join">[<a href="#T01:27:39" id="T01:27:39"><abbr title="2014-08-08T01:27:39+00:00">01:27:39</abbr></a>] <span>* jedahan_ (~jedahan@subtle/user/jedahan) has joined #beagle</span></li>
<li class="quit">[<a href="#T01:28:23" id="T01:28:23"><abbr title="2014-08-08T01:28:23+00:00">01:28:23</abbr></a>] <span>* vorsorken (~kenny@169.237.108.223) Quit (Quit: Leaving)</span></li>
<li class="join">[<a href="#T01:28:55" id="T01:28:55"><abbr title="2014-08-08T01:28:55+00:00">01:28:55</abbr></a>] <span>* eephillip (~eephillip@pdpc/supporter/student/eephillip) has joined #beagle</span></li>
<li class="join">[<abbr title="2014-08-08T01:28:55+00:00">01:28:55</abbr>] <span>* eephillip (~eephillip@pdpc/supporter/student/eephillip) has joined #beaglebone</span></li>
<li class="join">[<abbr title="2014-08-08T01:28:55+00:00">01:28:55</abbr>] <span>* eephillip (~eephillip@pdpc/supporter/student/eephillip) has joined #beagleboard</span></li>
<li class="quit">[<a href="#T01:29:24" id="T01:29:24"><abbr title="2014-08-08T01:29:24+00:00">01:29:24</abbr></a>] <span>* jedahan (~jedahan@subtle/user/jedahan) Quit (Ping timeout: 240 seconds)</span></li>
<li class="join">[<a href="#T01:31:52" id="T01:31:52"><abbr title="2014-08-08T01:31:52+00:00">01:31:52</abbr></a>] <span>* joel_ (~joel@cpe-68-203-179-215.tx.res.rr.com) has joined #beagle</span></li>
<li class="quit">[<abbr title="2014-08-08T01:31:52+00:00">01:31:52</abbr>] <span>* jedahan_ (~jedahan@subtle/user/jedahan) Quit (Read error: Connection reset by peer)</span></li>
<li class="join">[<a href="#T01:32:14" id="T01:32:14"><abbr title="2014-08-08T01:32:14+00:00">01:32:14</abbr></a>] <span>* jedahan (~jedahan@subtle/user/jedahan) has joined #beagle</span></li>
<li class="join">[<a href="#T01:37:03" id="T01:37:03"><abbr title="2014-08-08T01:37:03+00:00">01:37:03</abbr></a>] <span>* timb__ (~timb@pool-96-233-210-103.nrflva.east.verizon.net) has joined #beagle</span></li>
<li class="quit">[<a href="#T01:38:40" id="T01:38:40"><abbr title="2014-08-08T01:38:40+00:00">01:38:40</abbr></a>] <span>* joel_ (~joel@cpe-68-203-179-215.tx.res.rr.com) Quit (Ping timeout: 250 seconds)</span></li>
<li class="nick-change">[<a href="#T01:42:21" id="T01:42:21"><abbr title="2014-08-08T01:42:21+00:00">01:42:21</abbr></a>] <span>* jpfau is now known as jpfau|away</span></li>
<li class="join">[<a href="#T01:46:29" id="T01:46:29"><abbr title="2014-08-08T01:46:29+00:00">01:46:29</abbr></a>] <span>* alan_o (~alan@2601:2:2980:215:4d37:8b2f:d07c:b342) has joined #beagle</span></li>
<li class="quit">[<a href="#T01:46:38" id="T01:46:38"><abbr title="2014-08-08T01:46:38+00:00">01:46:38</abbr></a>] <span>* mrpackethead (~mrpacketh@147.200.109.203.static.cust.vf.net.nz) Quit (Remote host closed the connection)</span></li>
<li class="join">[<a href="#T01:47:05" id="T01:47:05"><abbr title="2014-08-08T01:47:05+00:00">01:47:05</abbr></a>] <span>* mrpackethead (~mrpacketh@147.200.109.203.static.cust.vf.net.nz) has joined #beagle</span></li>
<li class="quit">[<a href="#T01:51:34" id="T01:51:34"><abbr title="2014-08-08T01:51:34+00:00">01:51:34</abbr></a>] <span>* mrpackethead (~mrpacketh@147.200.109.203.static.cust.vf.net.nz) Quit (Ping timeout: 245 seconds)</span></li>
<li class="join">[<a href="#T01:51:43" id="T01:51:43"><abbr title="2014-08-08T01:51:43+00:00">01:51:43</abbr></a>] <span>* tkryger (sid18562@gateway/web/irccloud.com/x-jivtfddjyvzjwrnu) has joined #beagle</span></li>
<li class="join">[<a href="#T01:53:39" id="T01:53:39"><abbr title="2014-08-08T01:53:39+00:00">01:53:39</abbr></a>] <span>* Humpelst1lzchen (erik@d169086.adsl.hansenet.de) has joined #beagle</span></li>
<li class="join">[<a href="#T01:54:11" id="T01:54:11"><abbr title="2014-08-08T01:54:11+00:00">01:54:11</abbr></a>] <span>* Crofton (~balister@nta-ip-117.103.89.109.dynamic.ntamar.net) has joined #beagle</span></li>
<li class="quit">[<a href="#T01:56:26" id="T01:56:26"><abbr title="2014-08-08T01:56:26+00:00">01:56:26</abbr></a>] <span>* Humpelstilzchen (erik@e177140113.adsl.alicedsl.de) Quit (Ping timeout: 250 seconds)</span></li>
<li class="join">[<a href="#T01:58:20" id="T01:58:20"><abbr title="2014-08-08T01:58:20+00:00">01:58:20</abbr></a>] <span>* edub (4cfd4b73@gateway/web/freenode/ip.76.253.75.115) has joined #beagle</span></li>
<li class="quit">[<a href="#T01:58:53" id="T01:58:53"><abbr title="2014-08-08T01:58:53+00:00">01:58:53</abbr></a>] <span>* eephillip (~eephillip@pdpc/supporter/student/eephillip) Quit (Quit: Boom)</span></li>
