<li class="join">[<a href="#T00:00:28" id="T00:00:28"><abbr title="2014-09-16T00:00:28+00:00">00:00:28</abbr></a>] <span>* BeagleBot (~PircBot@ec2-50-17-196-130.compute-1.amazonaws.com) has joined #beagle</span></li>
<li class="topic">[<abbr title="2014-09-16T00:00:28+00:00">00:00:28</abbr>] <span>* Topic is '<a href="http://beagleboard.org/chat">http://beagleboard.org/chat</a> has a guide on how to ask questions and links to the logs | never ask to ask, just ask | be patient | pastebin a boot log | <a href="http://ahsoftware.de/Beaglebone_Black_Boot_explained.svg">http://ahsoftware.de/Beaglebone_Black_Boot_explained.svg</a> | BBB is being sold faster than produced. Order one and wait. There is no other way. | <a href="http://beagleboard.org/latest-images">http://beagleboard.org/latest-images</a> | <a href="http://beagleboard.org/Support/bone101'">http://beagleboard.org/Support/bone101'</a></span></li>
<li class="topic">[<abbr title="2014-09-16T00:00:28+00:00">00:00:28</abbr>] <span>* Set by KotH!~attila@lou-outside.kinali.ch on Fri Sep 12 15:14:32 UTC 2014</span></li>
<li class="join">[<abbr title="2014-09-16T00:00:28+00:00">00:00:28</abbr>] <span>* BeagleBot (~PircBot@ec2-50-17-196-130.compute-1.amazonaws.com) has joined #beagleboard</span></li>
<li class="join">[<abbr title="2014-09-16T00:00:28+00:00">00:00:28</abbr>] <span>* BeagleBot (~PircBot@ec2-50-17-196-130.compute-1.amazonaws.com) has joined #beaglebone</span></li>
<li class="quit">[<a href="#T00:08:16" id="T00:08:16"><abbr title="2014-09-16T00:08:16+00:00">00:08:16</abbr></a>] <span>* bizarro_1 (~bizarro_1@146.Red-83-33-190.dynamicIP.rima-tde.net) Quit (Read error: Connection reset by peer)</span></li>
<li class="quit">[<a href="#T00:17:27" id="T00:17:27"><abbr title="2014-09-16T00:17:27+00:00">00:17:27</abbr></a>] <span>* pwillard (~SomeRando@c-73-184-136-133.hsd1.ga.comcast.net) Quit (Quit: Leaving)</span></li>
<li class="quit">[<a href="#T00:17:54" id="T00:17:54"><abbr title="2014-09-16T00:17:54+00:00">00:17:54</abbr></a>] <span>* bkearns (~bkearns@216-75-239-130.static.wiline.com) Quit (Quit: Leaving.)</span></li>
<li class="join">[<a href="#T00:23:05" id="T00:23:05"><abbr title="2014-09-16T00:23:05+00:00">00:23:05</abbr></a>] <span>* The_Ball (~ballen@202.10.92.134) has joined #beagle</span></li>
<li class="quit">[<a href="#T00:26:51" id="T00:26:51"><abbr title="2014-09-16T00:26:51+00:00">00:26:51</abbr></a>] <span>* timb___________ (~timb@pool-72-82-104-169.nrflva.east.verizon.net) Quit (Quit: Computer has gone to sleep.)</span></li>
<li class="join">[<a href="#T00:27:18" id="T00:27:18"><abbr title="2014-09-16T00:27:18+00:00">00:27:18</abbr></a>] <span>* timb___________ (~timb@pool-72-82-104-169.nrflva.east.verizon.net) has joined #beagle</span></li>
<li class="quit">[<a href="#T00:30:19" id="T00:30:19"><abbr title="2014-09-16T00:30:19+00:00">00:30:19</abbr></a>] <span>* tema (~tema@193.185.69.17) Quit (Ping timeout: 250 seconds)</span></li>
<li class="quit">[<a href="#T00:32:01" id="T00:32:01"><abbr title="2014-09-16T00:32:01+00:00">00:32:01</abbr></a>] <span>* timb___________ (~timb@pool-72-82-104-169.nrflva.east.verizon.net) Quit (Ping timeout: 272 seconds)</span></li>
<li class="quit">[<a href="#T00:34:31" id="T00:34:31"><abbr title="2014-09-16T00:34:31+00:00">00:34:31</abbr></a>] <span>* H-H-H (~H-H-H@79-65-15-249.host.pobb.as13285.net) Quit (Ping timeout: 246 seconds)</span></li>
<li class="quit">[<a href="#T00:43:56" id="T00:43:56"><abbr title="2014-09-16T00:43:56+00:00">00:43:56</abbr></a>] <span>* linuxnewb2 (~linuxnewb@unaffiliated/linuxnewb2) Quit (Quit: linuxnewb2)</span></li>
<li class="join">[<a href="#T00:46:33" id="T00:46:33"><abbr title="2014-09-16T00:46:33+00:00">00:46:33</abbr></a>] <span>* H-H-H (~H-H-H@79-65-13-139.host.pobb.as13285.net) has joined #beagle</span></li>
<li class="join">[<a href="#T00:51:12" id="T00:51:12"><abbr title="2014-09-16T00:51:12+00:00">00:51:12</abbr></a>] <span>* dieterg (~dieterg@114.121.131.112) has joined #beagle</span></li>
<li class="join">[<a href="#T00:56:05" id="T00:56:05"><abbr title="2014-09-16T00:56:05+00:00">00:56:05</abbr></a>] <span>* linuxnewb2 (~linuxnewb@162.219.179.83) has joined #beagle</span></li>
<li class="quit">[<a href="#T00:56:12" id="T00:56:12"><abbr title="2014-09-16T00:56:12+00:00">00:56:12</abbr></a>] <span>* linuxnewb2 (~linuxnewb@162.219.179.83) Quit (Changing host)</span></li>
<li class="join">[<abbr title="2014-09-16T00:56:12+00:00">00:56:12</abbr>] <span>* linuxnewb2 (~linuxnewb@unaffiliated/linuxnewb2) has joined #beagle</span></li>
<li class="join">[<a href="#T00:56:24" id="T00:56:24"><abbr title="2014-09-16T00:56:24+00:00">00:56:24</abbr></a>] <span>* timb___________ (~timb@pool-72-82-104-169.nrflva.east.verizon.net) has joined #beagle</span></li>
<li class="join">[<a href="#T00:57:07" id="T00:57:07"><abbr title="2014-09-16T00:57:07+00:00">00:57:07</abbr></a>] <span>* sidbh (~Siddharth@219.91.215.132) has joined #beagle</span></li>
<li class="quit">[<a href="#T01:02:16" id="T01:02:16"><abbr title="2014-09-16T01:02:16+00:00">01:02:16</abbr></a>] <span>* drkfdr_nl (~darkfader@ip3e8346be.speed.planet.nl) Quit (Quit: drkfdr_nl)</span></li>
<li class="join">[<a href="#T01:11:26" id="T01:11:26"><abbr title="2014-09-16T01:11:26+00:00">01:11:26</abbr></a>] <span>* JetForMe (~JetForMe@157.22.42.2) has joined #beagle</span></li>
<li class="join">[<a href="#T01:19:57" id="T01:19:57"><abbr title="2014-09-16T01:19:57+00:00">01:19:57</abbr></a>] <span>* djerome (~djerome@ip24-251-115-14.ph.ph.cox.net) has joined #beaglebone</span></li>
<li class="quit">[<a href="#T01:24:31" id="T01:24:31"><abbr title="2014-09-16T01:24:31+00:00">01:24:31</abbr></a>] <span>* linuxnewb2 (~linuxnewb@unaffiliated/linuxnewb2) Quit (Read error: Connection reset by peer)</span></li>
<li class="join">[<a href="#T01:25:00" id="T01:25:00"><abbr title="2014-09-16T01:25:00+00:00">01:25:00</abbr></a>] <span>* linuxnewb2 (~linuxnewb@unaffiliated/linuxnewb2) has joined #beagle</span></li>
<li class="join">[<a href="#T01:28:30" id="T01:28:30"><abbr title="2014-09-16T01:28:30+00:00">01:28:30</abbr></a>] <span>* LordWillO (~LordWillO@cpe-76-188-188-110.neo.res.rr.com) has joined #beagle</span></li>
<li class="quit">[<a href="#T01:38:07" id="T01:38:07"><abbr title="2014-09-16T01:38:07+00:00">01:38:07</abbr></a>] <span>* mhaberler (~mhaberler@bigmac.stiwoll.mah.priv.at) Quit (Quit: mhaberler)</span></li>
<li class="quit">[<a href="#T01:39:47" id="T01:39:47"><abbr title="2014-09-16T01:39:47+00:00">01:39:47</abbr></a>] <span>* behanw (~behanw@70-35-38-154.static.wiline.com) Quit (Ping timeout: 272 seconds)</span></li>
<li class="join">[<a href="#T01:42:48" id="T01:42:48"><abbr title="2014-09-16T01:42:48+00:00">01:42:48</abbr></a>] <span>* mhaberler (~mhaberler@extern-174.stiwoll.mah.priv.at) has joined #beagle</span></li>
<li class="join">[<abbr title="2014-09-16T01:42:48+00:00">01:42:48</abbr>] <span>* mhaberler (~mhaberler@extern-174.stiwoll.mah.priv.at) has joined #beaglebone</span></li>
<li class="join">[<a href="#T01:45:48" id="T01:45:48"><abbr title="2014-09-16T01:45:48+00:00">01:45:48</abbr></a>] <span>* Amperture (~Amperture@107-207-76-17.lightspeed.austtx.sbcglobal.net) has joined #beagle</span></li>
<li class="quit">[<a href="#T01:59:58" id="T01:59:58"><abbr title="2014-09-16T01:59:58+00:00">01:59:58</abbr></a>] <span>* LordWillO (~LordWillO@cpe-76-188-188-110.neo.res.rr.com) Quit (Read error: Connection reset by peer)</span></li>
<li class="join">[<a href="#T02:00:09" id="T02:00:09"><abbr title="2014-09-16T02:00:09+00:00">02:00:09</abbr></a>] <span>* Bob_Saget (~root@cpe-173-095-159-106.nc.res.rr.com) has joined #beagle</span></li>
<li class="quit">[<a href="#T02:02:11" id="T02:02:11"><abbr title="2014-09-16T02:02:11+00:00">02:02:11</abbr></a>] <span>* JetForMe (~JetForMe@157.22.42.2) Quit (Ping timeout: 250 seconds)</span></li>
<li class="join">[<a href="#T02:03:43" id="T02:03:43"><abbr title="2014-09-16T02:03:43+00:00">02:03:43</abbr></a>] <span>* eikeon (~eikeon@c-98-204-80-157.hsd1.dc.comcast.net) has joined #beagle</span></li>
<li class="join">[<a href="#T02:06:24" id="T02:06:24"><abbr title="2014-09-16T02:06:24+00:00">02:06:24</abbr></a>] <span>* micr0 (~micr0@subtle/user/jedahan) has joined #beagle</span></li>
<li class="quit">[<a href="#T02:23:40" id="T02:23:40"><abbr title="2014-09-16T02:23:40+00:00">02:23:40</abbr></a>] <span>* Crofton (~balister@ip-64-134-243-23.public.wayport.net) Quit (Ping timeout: 255 seconds)</span></li>
<li class="nick-change">[<a href="#T02:29:48" id="T02:29:48"><abbr title="2014-09-16T02:29:48+00:00">02:29:48</abbr></a>] <span>* Guest37693 is now known as mag</span></li>
<li class="nick-change">[<a href="#T02:30:16" id="T02:30:16"><abbr title="2014-09-16T02:30:16+00:00">02:30:16</abbr></a>] <span>* thaytan_ is now known as thaytan</span></li>
<li class="quit">[<a href="#T02:31:52" id="T02:31:52"><abbr title="2014-09-16T02:31:52+00:00">02:31:52</abbr></a>] <span>* mhaberler (~mhaberler@extern-174.stiwoll.mah.priv.at) Quit (Quit: mhaberler)</span></li>
<li class="quit">[<a href="#T02:47:39" id="T02:47:39"><abbr title="2014-09-16T02:47:39+00:00">02:47:39</abbr></a>] <span>* micr0 (~micr0@subtle/user/jedahan) Quit (Quit: WeeChat 1.0)</span></li>
<li class="join">[<a href="#T02:51:23" id="T02:51:23"><abbr title="2014-09-16T02:51:23+00:00">02:51:23</abbr></a>] <span>* drkfdr_nl (~darkfader@2001:610:600:896d:2c0c:50d3:f298:1c92) has joined #beagle</span></li>
<li class="join">[<a href="#T02:57:15" id="T02:57:15"><abbr title="2014-09-16T02:57:15+00:00">02:57:15</abbr></a>] <span>* tahoemph (~tahoemph@2602:30a:c021:df0:c8aa:6276:77cc:f2a5) has joined #beagle</span></li>
<li class="join">[<a href="#T02:57:59" id="T02:57:59"><abbr title="2014-09-16T02:57:59+00:00">02:57:59</abbr></a>] <span>* Ceriand|desktop (~Ceriand@unaffiliated/ceriand) has joined #beagle</span></li>
<li class="join">[<a href="#T02:58:34" id="T02:58:34"><abbr title="2014-09-16T02:58:34+00:00">02:58:34</abbr></a>] <span>* dj_pi (~dj@c-107-5-25-243.hsd1.mi.comcast.net) has joined #beagle</span></li>
