<li class="join">[<a href="#T00:00:20" id="T00:00:20"><abbr title="2014-12-19T00:00:20+00:00">00:00:20</abbr></a>] <span>* BeagleBot (~PircBot@ec2-50-17-196-130.compute-1.amazonaws.com) has joined #beagle</span></li>
<li class="topic">[<abbr title="2014-12-19T00:00:20+00:00">00:00:20</abbr>] <span>* Topic is '<a href="http://beagleboard.org/chat">http://beagleboard.org/chat</a> has a guide on how to ask questions and links to the logs | never ask to ask, just ask | be patient | pastebin a boot log | <a href="http://ahsoftware.de/Beaglebone_Black_Boot_explained.svg">http://ahsoftware.de/Beaglebone_Black_Boot_explained.svg</a> | <a href="http://beagleboard.org/latest-images">http://beagleboard.org/latest-images</a> | <a href="http://beagleboard.org/Support/bone101">http://beagleboard.org/Support/bone101</a> | direct bonescript/node.js questions to #beagle-bonescript'</span></li>
<li class="topic">[<abbr title="2014-12-19T00:00:20+00:00">00:00:20</abbr>] <span>* Set by jkridner!~jkridner@pdpc/supporter/active/jkridner on Wed Oct 22 00:02:16 UTC 2014</span></li>
<li class="join">[<abbr title="2014-12-19T00:00:20+00:00">00:00:20</abbr>] <span>* BeagleBot (~PircBot@ec2-50-17-196-130.compute-1.amazonaws.com) has joined #beagleboard</span></li>
<li class="join">[<abbr title="2014-12-19T00:00:20+00:00">00:00:20</abbr>] <span>* BeagleBot (~PircBot@ec2-50-17-196-130.compute-1.amazonaws.com) has joined #beaglebone</span></li>
<li class="join">[<a href="#T00:02:27" id="T00:02:27"><abbr title="2014-12-19T00:02:27+00:00">00:02:27</abbr></a>] <span>* manuel__ (~manuel_@pD9FDFF61.dip0.t-ipconnect.de) has joined #beagle</span></li>
<li class="quit">[<abbr title="2014-12-19T00:02:27+00:00">00:02:27</abbr>] <span>* manuel___ (~manuel_@pD9FDEE35.dip0.t-ipconnect.de) Quit (Ping timeout: 258 seconds)</span></li>
<li class="join">[<a href="#T00:02:59" id="T00:02:59"><abbr title="2014-12-19T00:02:59+00:00">00:02:59</abbr></a>] <span>* demok (~okan@88.230.192.245) has joined #beagle</span></li>
<li class="quit">[<a href="#T00:04:55" id="T00:04:55"><abbr title="2014-12-19T00:04:55+00:00">00:04:55</abbr></a>] <span>* demok (~okan@88.230.192.245) Quit (Remote host closed the connection)</span></li>
<li class="join">[<a href="#T00:05:48" id="T00:05:48"><abbr title="2014-12-19T00:05:48+00:00">00:05:48</abbr></a>] <span>* Aptos (d041b5fe@gateway/web/freenode/ip.208.65.181.254) has joined #beagle</span></li>
<li class="message">[<a href="#T00:06:04" id="T00:06:04"><abbr title="2014-12-19T00:06:04+00:00">00:06:04</abbr></a>] &lt;<cite>Aptos</cite>&gt; <q>Hello?</q></li>
<li class="quit">[<a href="#T00:16:51" id="T00:16:51"><abbr title="2014-12-19T00:16:51+00:00">00:16:51</abbr></a>] <span>* florian (~fuchs@Maemo/community/contributor/florian) Quit (Ping timeout: 256 seconds)</span></li>
<li class="quit">[<a href="#T00:17:31" id="T00:17:31"><abbr title="2014-12-19T00:17:31+00:00">00:17:31</abbr></a>] <span>* H-H-H (~H-H-H@88.144.51.103) Quit (Quit: Leaving)</span></li>
<li class="quit">[<a href="#T00:19:41" id="T00:19:41"><abbr title="2014-12-19T00:19:41+00:00">00:19:41</abbr></a>] <span>* staylor_ (~staylor@mail.au-zone.com) Quit (Ping timeout: 256 seconds)</span></li>
<li class="message">[<a href="#T00:21:28" id="T00:21:28"><abbr title="2014-12-19T00:21:28+00:00">00:21:28</abbr></a>] &lt;<cite>jbdatko</cite>&gt; <q>Aptos: Just go ahead and ask your question, there are plenty of people lurking.</q></li>
<li class="quit">[<a href="#T00:28:25" id="T00:28:25"><abbr title="2014-12-19T00:28:25+00:00">00:28:25</abbr></a>] <span>* Aptos (d041b5fe@gateway/web/freenode/ip.208.65.181.254) Quit (Quit: Page closed)</span></li>
<li class="join">[<a href="#T00:28:43" id="T00:28:43"><abbr title="2014-12-19T00:28:43+00:00">00:28:43</abbr></a>] <span>* Aptos (d041b5fe@gateway/web/freenode/ip.208.65.181.254) has joined #beagle</span></li>
<li class="message">[<a href="#T00:28:54" id="T00:28:54"><abbr title="2014-12-19T00:28:54+00:00">00:28:54</abbr></a>] &lt;<cite>Aptos</cite>&gt; <q>I'm back!</q></li>
<li class="message">[<a href="#T00:29:03" id="T00:29:03"><abbr title="2014-12-19T00:29:03+00:00">00:29:03</abbr></a>] &lt;<cite>nyt</cite>&gt; <q>grats ;)</q></li>
<li class="join">[<a href="#T00:29:06" id="T00:29:06"><abbr title="2014-12-19T00:29:06+00:00">00:29:06</abbr></a>] <span>* knob (~knob@199.27.101.98) has joined #beagle</span></li>
<li class="quit">[<a href="#T00:30:11" id="T00:30:11"><abbr title="2014-12-19T00:30:11+00:00">00:30:11</abbr></a>] <span>* dj_pi (~dj@c-107-5-228-80.hsd1.mi.comcast.net) Quit (Ping timeout: 264 seconds)</span></li>
<li class="message">[<a href="#T00:30:15" id="T00:30:15"><abbr title="2014-12-19T00:30:15+00:00">00:30:15</abbr></a>] &lt;<cite>Aptos</cite>&gt; <q>So my question is... What is the voltage that Beaglebon Black spits out for the pins that can give a PWM signal... I am going to use it to drive about 12 transistors and I need to know the voltage to get the right transistors</q></li>
<li class="message">[<a href="#T00:34:50" id="T00:34:50"><abbr title="2014-12-19T00:34:50+00:00">00:34:50</abbr></a>] &lt;<cite>agmlego</cite>&gt; <q>I believe that all of the digital IO on the bone is 3.3V.</q></li>
<li class="message">[<a href="#T00:36:21" id="T00:36:21"><abbr title="2014-12-19T00:36:21+00:00">00:36:21</abbr></a>] &lt;<cite>Aptos</cite>&gt; <q>Alright... I'm not like a big expert on how amps are taken into account when using different components but do you think that the amperage would matter when I choose my transistors?</q></li>
<li class="message">[<a href="#T00:37:58" id="T00:37:58"><abbr title="2014-12-19T00:37:58+00:00">00:37:58</abbr></a>] &lt;<cite>agmlego</cite>&gt; <q>Yes if you use BJTs.</q></li>
<li class="message">[<a href="#T00:38:04" id="T00:38:04"><abbr title="2014-12-19T00:38:04+00:00">00:38:04</abbr></a>] &lt;<cite>agmlego</cite>&gt; <q>If you use FETs, no.</q></li>
<li class="message">[<a href="#T00:38:32" id="T00:38:32"><abbr title="2014-12-19T00:38:32+00:00">00:38:32</abbr></a>] &lt;<cite>Aptos</cite>&gt; <q>I'm using fets</q></li>
<li class="message">[<a href="#T00:38:44" id="T00:38:44"><abbr title="2014-12-19T00:38:44+00:00">00:38:44</abbr></a>] &lt;<cite>Aptos</cite>&gt; <q>N to be exact</q></li>
<li class="message">[<a href="#T00:39:01" id="T00:39:01"><abbr title="2014-12-19T00:39:01+00:00">00:39:01</abbr></a>] &lt;<cite>agmlego</cite>&gt; <q>THen as long as the Vgs is 3.3V or less, you are fine.</q></li>
<li class="join">[<a href="#T00:39:17" id="T00:39:17"><abbr title="2014-12-19T00:39:17+00:00">00:39:17</abbr></a>] <span>* demok (~okan@88.230.192.245) has joined #beagle</span></li>
<li class="quit">[<a href="#T00:39:51" id="T00:39:51"><abbr title="2014-12-19T00:39:51+00:00">00:39:51</abbr></a>] <span>* LordDVG (~LordDVG@unaffiliated/lorddvg) Quit (Remote host closed the connection)</span></li>
<li class="message">[<a href="#T00:40:41" id="T00:40:41"><abbr title="2014-12-19T00:40:41+00:00">00:40:41</abbr></a>] &lt;<cite>Aptos</cite>&gt; <q>Thanks man</q></li>
<li class="message">[<a href="#T00:41:07" id="T00:41:07"><abbr title="2014-12-19T00:41:07+00:00">00:41:07</abbr></a>] &lt;<cite>agmlego</cite>&gt; <q>No problem.</q></li>
<li class="message">[<a href="#T00:41:30" id="T00:41:30"><abbr title="2014-12-19T00:41:30+00:00">00:41:30</abbr></a>] &lt;<cite>Aptos</cite>&gt; <q>It doesn't seem like you guys are too busy so I think I will ask some more Q's.</q></li>
<li class="message">[<a href="#T00:41:58" id="T00:41:58"><abbr title="2014-12-19T00:41:58+00:00">00:41:58</abbr></a>] &lt;<cite>agmlego</cite>&gt; <q>Aptos: Go for it, but keep in mind this is a channel of volunteers. ;-P</q></li>
<li class="message">[<a href="#T00:43:58" id="T00:43:58"><abbr title="2014-12-19T00:43:58+00:00">00:43:58</abbr></a>] &lt;<cite>Aptos</cite>&gt; <q>I understand :D The BeagleBone that I am using will be down on a underwater robot 50ft away from the surface. I was thinking we could run 5v power down on two normal wires and then yoke them with the wire of a male USB to power the Beagle (not supplying any signal or information). Do you think that there will be a power drop over that distance and will be be harmful?</q></li>
<li class="message">[<a href="#T00:45:53" id="T00:45:53"><abbr title="2014-12-19T00:45:53+00:00">00:45:53</abbr></a>] &lt;<cite>agmlego</cite>&gt; <q>Yes there will be a power drop, and that is easily calculated.</q></li>
<li class="message">[<a href="#T00:46:25" id="T00:46:25"><abbr title="2014-12-19T00:46:25+00:00">00:46:25</abbr></a>] &lt;<cite>agmlego</cite>&gt; <q>There are even online calculators for voltage drop.</q></li>
<li class="message">[<a href="#T00:46:37" id="T00:46:37"><abbr title="2014-12-19T00:46:37+00:00">00:46:37</abbr></a>] &lt;<cite>agmlego</cite>&gt; <q>Personally, I would change two things:</q></li>
<li class="message">[<a href="#T00:46:52" id="T00:46:52"><abbr title="2014-12-19T00:46:52+00:00">00:46:52</abbr></a>] &lt;<cite>agmlego</cite>&gt; <q>1. Run higher than 5V to the ROV and regulate locally.</q></li>
<li class="join">[<a href="#T00:47:02" id="T00:47:02"><abbr title="2014-12-19T00:47:02+00:00">00:47:02</abbr></a>] <span>* nonforma (0c2ec702@gateway/web/freenode/ip.12.46.199.2) has joined #beagle</span></li>
<li class="message">[<a href="#T00:47:09" id="T00:47:09"><abbr title="2014-12-19T00:47:09+00:00">00:47:09</abbr></a>] &lt;<cite>agmlego</cite>&gt; <q>2. Put the power into the barrel connector.</q></li>
<li class="message">[<a href="#T00:57:58" id="T00:57:58"><abbr title="2014-12-19T00:57:58+00:00">00:57:58</abbr></a>] &lt;<cite>Aptos</cite>&gt; <q>Ok</q></li>
<li class="message">[<a href="#T00:58:56" id="T00:58:56"><abbr title="2014-12-19T00:58:56+00:00">00:58:56</abbr></a>] &lt;<cite>Aptos</cite>&gt; <q>Have you ever experienced the Beagle crashing because of too much power usage?</q></li>
<li class="message">[<a href="#T00:59:16" id="T00:59:16"><abbr title="2014-12-19T00:59:16+00:00">00:59:16</abbr></a>] &lt;<cite>agmlego</cite>&gt; <q>...too *much* power usage?</q></li>
<li class="join">[<a href="#T00:59:23" id="T00:59:23"><abbr title="2014-12-19T00:59:23+00:00">00:59:23</abbr></a>] <span>* py0 (~sickle@unaffiliated/py0) has joined #beagle</span></li>
<li class="message">[<a href="#T00:59:34" id="T00:59:34"><abbr title="2014-12-19T00:59:34+00:00">00:59:34</abbr></a>] &lt;<cite>Aptos</cite>&gt; <q>Because my friend who will be doing all the software for it is worried that will be a problem</q></li>
