<li class="join">[<a href="#T00:00:27" id="T00:00:27"><abbr title="2014-08-28T00:00:27+00:00">00:00:27</abbr></a>] <span>* BeagleBot (~PircBot@ec2-50-17-196-130.compute-1.amazonaws.com) has joined #beagle</span></li>
<li class="topic">[<abbr title="2014-08-28T00:00:27+00:00">00:00:27</abbr>] <span>* Topic is '<a href="http://beagleboard.org/chat">http://beagleboard.org/chat</a> has a guide on how to ask questions and links to the logs | never ask to ask, just ask | be patient | pastebin a boot log | <a href="http://ahsoftware.de/Beaglebone_Black_Boot_explained.svg">http://ahsoftware.de/Beaglebone_Black_Boot_explained.svg</a> | BBB is being sold faster than produced. Order one and wait. There is no other way. | <a href="http://beagleboard.org/latest-images">http://beagleboard.org/latest-images</a> | <a href="http://beagleboard.org/Support/bone101'">http://beagleboard.org/Support/bone101'</a></span></li>
<li class="topic">[<abbr title="2014-08-28T00:00:27+00:00">00:00:27</abbr>] <span>* Set by KotH!~attila@lou-outside.kinali.ch on Fri Apr 18 13:56:18 UTC 2014</span></li>
<li class="join">[<abbr title="2014-08-28T00:00:27+00:00">00:00:27</abbr>] <span>* BeagleBot (~PircBot@ec2-50-17-196-130.compute-1.amazonaws.com) has joined #beagleboard</span></li>
<li class="join">[<abbr title="2014-08-28T00:00:27+00:00">00:00:27</abbr>] <span>* BeagleBot (~PircBot@ec2-50-17-196-130.compute-1.amazonaws.com) has joined #beaglebone</span></li>
<li class="join">[<a href="#T00:06:28" id="T00:06:28"><abbr title="2014-08-28T00:06:28+00:00">00:06:28</abbr></a>] <span>* dj_pi (~dj@c-107-5-25-243.hsd1.mi.comcast.net) has joined #beagle</span></li>
<li class="quit">[<a href="#T00:07:57" id="T00:07:57"><abbr title="2014-08-28T00:07:57+00:00">00:07:57</abbr></a>] <span>* thurgood (~thurgood@67-198-12-246.dyn.grandenetworks.net) Quit (Remote host closed the connection)</span></li>
<li class="join">[<a href="#T00:08:34" id="T00:08:34"><abbr title="2014-08-28T00:08:34+00:00">00:08:34</abbr></a>] <span>* thurgood (~thurgood@67-198-12-246.dyn.grandenetworks.net) has joined #beagle</span></li>
<li class="join">[<a href="#T00:08:53" id="T00:08:53"><abbr title="2014-08-28T00:08:53+00:00">00:08:53</abbr></a>] <span>* vorsorken (~vorsorken@169.237.108.223) has joined #beagle</span></li>
<li class="quit">[<a href="#T00:09:30" id="T00:09:30"><abbr title="2014-08-28T00:09:30+00:00">00:09:30</abbr></a>] <span>* kiwichris (~kiwichris@1.148.187.242) Quit ()</span></li>
<li class="join">[<a href="#T00:11:16" id="T00:11:16"><abbr title="2014-08-28T00:11:16+00:00">00:11:16</abbr></a>] <span>* thaytan (~thaytan@113.94.233.220.static.exetel.com.au) has joined #beagle</span></li>
<li class="quit">[<a href="#T00:13:08" id="T00:13:08"><abbr title="2014-08-28T00:13:08+00:00">00:13:08</abbr></a>] <span>* thurgood (~thurgood@67-198-12-246.dyn.grandenetworks.net) Quit (Ping timeout: 255 seconds)</span></li>
<li class="quit">[<a href="#T00:25:18" id="T00:25:18"><abbr title="2014-08-28T00:25:18+00:00">00:25:18</abbr></a>] <span>* das (~das@113.5.80.79.rev.sfr.net) Quit (Quit: Lost terminal)</span></li>
<li class="quit">[<a href="#T00:28:05" id="T00:28:05"><abbr title="2014-08-28T00:28:05+00:00">00:28:05</abbr></a>] <span>* NotWired (~notwired@64.237.37.116) Quit (Ping timeout: 240 seconds)</span></li>
<li class="quit">[<a href="#T00:32:58" id="T00:32:58"><abbr title="2014-08-28T00:32:58+00:00">00:32:58</abbr></a>] <span>* nofxx_ (~nofxx@unaffiliated/nofxx) Quit (Ping timeout: 250 seconds)</span></li>
<li class="join">[<a href="#T00:33:33" id="T00:33:33"><abbr title="2014-08-28T00:33:33+00:00">00:33:33</abbr></a>] <span>* NotWired (~notwired@107.191.33.13) has joined #beagle</span></li>
<li class="join">[<a href="#T00:38:23" id="T00:38:23"><abbr title="2014-08-28T00:38:23+00:00">00:38:23</abbr></a>] <span>* djerome (~djerome@ip24-251-115-14.ph.ph.cox.net) has joined #beaglebone</span></li>
<li class="quit">[<a href="#T00:40:18" id="T00:40:18"><abbr title="2014-08-28T00:40:18+00:00">00:40:18</abbr></a>] <span>* dj_pi (~dj@c-107-5-25-243.hsd1.mi.comcast.net) Quit (Ping timeout: 240 seconds)</span></li>
<li class="join">[<a href="#T00:42:04" id="T00:42:04"><abbr title="2014-08-28T00:42:04+00:00">00:42:04</abbr></a>] <span>* GusBrick_ (~GusBricke@120.149.34.136) has joined #beaglebone</span></li>
<li class="quit">[<a href="#T00:42:12" id="T00:42:12"><abbr title="2014-08-28T00:42:12+00:00">00:42:12</abbr></a>] <span>* GusBricker (~GusBricke@c220-237-20-42.eburwd9.vic.optusnet.com.au) Quit (Ping timeout: 260 seconds)</span></li>
<li class="join">[<a href="#T00:42:37" id="T00:42:37"><abbr title="2014-08-28T00:42:37+00:00">00:42:37</abbr></a>] <span>* nbrosnahan (~nbrosnaha@c-107-3-143-61.hsd1.ca.comcast.net) has joined #beagle</span></li>
<li class="quit">[<a href="#T00:42:43" id="T00:42:43"><abbr title="2014-08-28T00:42:43+00:00">00:42:43</abbr></a>] <span>* nbrosnahan (~nbrosnaha@c-107-3-143-61.hsd1.ca.comcast.net) Quit (Max SendQ exceeded)</span></li>
<li class="join">[<a href="#T00:43:14" id="T00:43:14"><abbr title="2014-08-28T00:43:14+00:00">00:43:14</abbr></a>] <span>* nbrosnahan (~nbrosnaha@c-107-3-143-61.hsd1.ca.comcast.net) has joined #beagle</span></li>
<li class="quit">[<a href="#T00:43:20" id="T00:43:20"><abbr title="2014-08-28T00:43:20+00:00">00:43:20</abbr></a>] <span>* nbrosnahan (~nbrosnaha@c-107-3-143-61.hsd1.ca.comcast.net) Quit (Max SendQ exceeded)</span></li>
<li class="join">[<a href="#T00:43:53" id="T00:43:53"><abbr title="2014-08-28T00:43:53+00:00">00:43:53</abbr></a>] <span>* nbrosnahan (~nbrosnaha@c-107-3-143-61.hsd1.ca.comcast.net) has joined #beagle</span></li>
<li class="quit">[<a href="#T00:43:58" id="T00:43:58"><abbr title="2014-08-28T00:43:58+00:00">00:43:58</abbr></a>] <span>* nbrosnahan (~nbrosnaha@c-107-3-143-61.hsd1.ca.comcast.net) Quit (Max SendQ exceeded)</span></li>
<li class="join">[<a href="#T00:44:29" id="T00:44:29"><abbr title="2014-08-28T00:44:29+00:00">00:44:29</abbr></a>] <span>* nbrosnahan (~nbrosnaha@c-107-3-143-61.hsd1.ca.comcast.net) has joined #beagle</span></li>
<li class="quit">[<a href="#T00:44:35" id="T00:44:35"><abbr title="2014-08-28T00:44:35+00:00">00:44:35</abbr></a>] <span>* nbrosnahan (~nbrosnaha@c-107-3-143-61.hsd1.ca.comcast.net) Quit (Max SendQ exceeded)</span></li>
<li class="join">[<a href="#T00:45:06" id="T00:45:06"><abbr title="2014-08-28T00:45:06+00:00">00:45:06</abbr></a>] <span>* nbrosnahan (~nbrosnaha@c-107-3-143-61.hsd1.ca.comcast.net) has joined #beagle</span></li>
<li class="join">[<a href="#T00:46:55" id="T00:46:55"><abbr title="2014-08-28T00:46:55+00:00">00:46:55</abbr></a>] <span>* GusBricker (~GusBricke@c220-237-20-42.eburwd9.vic.optusnet.com.au) has joined #beaglebone</span></li>
<li class="quit">[<a href="#T00:50:29" id="T00:50:29"><abbr title="2014-08-28T00:50:29+00:00">00:50:29</abbr></a>] <span>* GusBrick_ (~GusBricke@120.149.34.136) Quit (Ping timeout: 255 seconds)</span></li>
<li class="quit">[<a href="#T00:51:46" id="T00:51:46"><abbr title="2014-08-28T00:51:46+00:00">00:51:46</abbr></a>] <span>* GusBricker (~GusBricke@c220-237-20-42.eburwd9.vic.optusnet.com.au) Quit (Ping timeout: 260 seconds)</span></li>
<li class="quit">[<a href="#T00:57:22" id="T00:57:22"><abbr title="2014-08-28T00:57:22+00:00">00:57:22</abbr></a>] <span>* weatherhead99 (~danw@host-89-241-153-11.as13285.net) Quit (Ping timeout: 260 seconds)</span></li>
<li class="nick-change">[<a href="#T00:59:41" id="T00:59:41"><abbr title="2014-08-28T00:59:41+00:00">00:59:41</abbr></a>] <span>* repat is now known as zz_repat</span></li>
<li class="join">[<a href="#T00:59:45" id="T00:59:45"><abbr title="2014-08-28T00:59:45+00:00">00:59:45</abbr></a>] <span>* kiwichris (~kiwichris@msc1401703.lnk.telstra.net) has joined #beagle</span></li>
