<li class="quit">[<a href="#T00:00:03" id="T00:00:03"><abbr title="2014-02-03T00:00:03+00:00">00:00:03</abbr></a>] <span>* mrpackethead (~mrpacketh@147.200.109.203.static.cust.vf.net.nz) Quit (Remote host closed the connection)</span></li>
<li class="join">[<a href="#T00:04:29" id="T00:04:29"><abbr title="2014-02-03T00:04:29+00:00">00:04:29</abbr></a>] <span>* Shadyman (~matthew@unaffiliated/shadyman) has joined #beagle</span></li>
<li class="join">[<a href="#T00:07:26" id="T00:07:26"><abbr title="2014-02-03T00:07:26+00:00">00:07:26</abbr></a>] <span>* jackmitchell (~Thunderbi@28.254-240-81.adsl-static.isp.belgacom.be) has joined #beagle</span></li>
<li class="join">[<a href="#T00:09:12" id="T00:09:12"><abbr title="2014-02-03T00:09:12+00:00">00:09:12</abbr></a>] <span>* cn (43a690c3@gateway/web/freenode/ip.67.166.144.195) has joined #beagle</span></li>
<li class="message">[<a href="#T00:11:47" id="T00:11:47"><abbr title="2014-02-03T00:11:47+00:00">00:11:47</abbr></a>] &lt;<cite>ssl_</cite>&gt; <q>khem: upgrade is finished, modprobe iio... working now, and also got that folder that was missing before! thanks</q></li>
<li class="join">[<a href="#T00:11:48" id="T00:11:48"><abbr title="2014-02-03T00:11:48+00:00">00:11:48</abbr></a>] <span>* gustavoz (~gustavoz@host71.190-226-82.telecom.net.ar) has joined #beagle</span></li>
<li class="message">[<a href="#T00:13:01" id="T00:13:01"><abbr title="2014-02-03T00:13:01+00:00">00:13:01</abbr></a>] &lt;<cite>winocm</cite>&gt; <q>wi 18</q></li>
<li class="join">[<a href="#T00:16:41" id="T00:16:41"><abbr title="2014-02-03T00:16:41+00:00">00:16:41</abbr></a>] <span>* mrpackethead (~mrpacketh@147.200.109.203.static.cust.vf.net.nz) has joined #beagle</span></li>
<li class="join">[<a href="#T00:18:19" id="T00:18:19"><abbr title="2014-02-03T00:18:19+00:00">00:18:19</abbr></a>] <span>* behanw (~behanw@207.6.123.58) has joined #beagle</span></li>
<li class="join">[<a href="#T00:19:05" id="T00:19:05"><abbr title="2014-02-03T00:19:05+00:00">00:19:05</abbr></a>] <span>* motley (~motley@37.220.10.204) has joined #beagleboard</span></li>
<li class="part">[<a href="#T00:19:12" id="T00:19:12"><abbr title="2014-02-03T00:19:12+00:00">00:19:12</abbr></a>] <span>* motley (~motley@37.220.10.204) has left #beagleboard</span></li>
<li class="join">[<a href="#T00:21:21" id="T00:21:21"><abbr title="2014-02-03T00:21:21+00:00">00:21:21</abbr></a>] <span>* klysium (~klysium@unaffiliated/tabernacle) has joined #beagle</span></li>
<li class="quit">[<a href="#T00:24:35" id="T00:24:35"><abbr title="2014-02-03T00:24:35+00:00">00:24:35</abbr></a>] <span>* lazybear (~lazybear@radium.atom.fi) Quit (Ping timeout: 245 seconds)</span></li>
<li class="quit">[<a href="#T00:25:00" id="T00:25:00"><abbr title="2014-02-03T00:25:00+00:00">00:25:00</abbr></a>] <span>* ficode (~ficode@ip-64-250-227-228.lasvegas.net) Quit (Ping timeout: 245 seconds)</span></li>
<li class="quit">[<a href="#T00:25:33" id="T00:25:33"><abbr title="2014-02-03T00:25:33+00:00">00:25:33</abbr></a>] <span>* djinni_ (~djinni@li125-242.members.linode.com) Quit (Ping timeout: 245 seconds)</span></li>
<li class="quit">[<abbr title="2014-02-03T00:25:33+00:00">00:25:33</abbr>] <span>* Matrixiumn (Matrixiumn@unaffiliated/matrixiumn) Quit (Ping timeout: 245 seconds)</span></li>
<li class="quit">[<abbr title="2014-02-03T00:25:33+00:00">00:25:33</abbr>] <span>* systemG3002 (drstupid@fileio.net) Quit (Ping timeout: 245 seconds)</span></li>
<li class="quit">[<abbr title="2014-02-03T00:25:33+00:00">00:25:33</abbr>] <span>* VirG (~VirGin@c-71-204-168-26.hsd1.ca.comcast.net) Quit (Ping timeout: 245 seconds)</span></li>
<li class="quit">[<abbr title="2014-02-03T00:25:33+00:00">00:25:33</abbr>] <span>* Rickta59 (~Rickta59@cpe-174-106-144-066.ec.res.rr.com) Quit (Ping timeout: 245 seconds)</span></li>
<li class="join">[<abbr title="2014-02-03T00:25:33+00:00">00:25:33</abbr>] <span>* thuttu77_2 (~thuttu77@178-75-147-229.bb.dnainternet.fi) has joined #beagle</span></li>
<li class="join">[<a href="#T00:25:36" id="T00:25:36"><abbr title="2014-02-03T00:25:36+00:00">00:25:36</abbr></a>] <span>* tcort_ (~tcort@modemcable077.81-21-96.mc.videotron.ca) has joined #beagle</span></li>
<li class="join">[<a href="#T00:25:43" id="T00:25:43"><abbr title="2014-02-03T00:25:43+00:00">00:25:43</abbr></a>] <span>* ChickeNE_ (~textual@c-50-148-73-101.hsd1.il.comcast.net) has joined #beagle</span></li>
<li class="quit">[<a href="#T00:27:55" id="T00:27:55"><abbr title="2014-02-03T00:27:55+00:00">00:27:55</abbr></a>] <span>* Stoob (~steev@krypton.bugfix.in) Quit (Ping timeout: 245 seconds)</span></li>
<li class="quit">[<abbr title="2014-02-03T00:27:55+00:00">00:27:55</abbr>] <span>* evilroots (~roots@irc.thefinn93.com) Quit (Ping timeout: 245 seconds)</span></li>
<li class="join">[<abbr title="2014-02-03T00:27:55+00:00">00:27:55</abbr>] <span>* stippeng_ (~quassel@peterbilt.cs.abo.fi) has joined #beagle</span></li>
<li class="join">[<abbr title="2014-02-03T00:27:55+00:00">00:27:55</abbr>] <span>* Stoob (~steev@2605:6400:2:fed5:22:0:7937:da8d) has joined #beagleboard</span></li>
<li class="join">[<abbr title="2014-02-03T00:27:55+00:00">00:27:55</abbr>] <span>* Stoob (~steev@2605:6400:2:fed5:22:0:7937:da8d) has joined #beagle</span></li>
<li class="join">[<abbr title="2014-02-03T00:27:55+00:00">00:27:55</abbr>] <span>* isbric_ (~isbric@c-ba5ae255.036-12-6875761.cust.bredbandsbolaget.se) has joined #beagle</span></li>
<li class="join">[<abbr title="2014-02-03T00:27:55+00:00">00:27:55</abbr>] <span>* rocky|ar1h (~bluevm@192.3.115.203) has joined #beagle</span></li>
<li class="join">[<abbr title="2014-02-03T00:27:55+00:00">00:27:55</abbr>] <span>* lazybear (~lazybear@radium.atom.fi) has joined #beagle</span></li>
<li class="quit">[<abbr title="2014-02-03T00:27:55+00:00">00:27:55</abbr>] <span>* thurgood (~thurgood@cpe-70-113-204-247.austin.res.rr.com) Quit (Ping timeout: 245 seconds)</span></li>
<li class="quit">[<abbr title="2014-02-03T00:27:55+00:00">00:27:55</abbr>] <span>* juicyjones (~juicyjone@c-50-135-106-58.hsd1.wa.comcast.net) Quit (Ping timeout: 245 seconds)</span></li>
<li class="quit">[<abbr title="2014-02-03T00:27:55+00:00">00:27:55</abbr>] <span>* BeagleBot (~PircBot@ec2-75-101-156-174.compute-1.amazonaws.com) Quit (Ping timeout: 245 seconds)</span></li>
<li class="quit">[<a href="#T00:39:35" id="T00:39:35"><abbr title="2014-02-03T00:39:35+00:00">00:39:35</abbr></a>] <span>* BeagleBot (~PircBot@ec2-75-101-156-174.compute-1.amazonaws.com) Quit (Ping timeout: 245 seconds)</span></li>
