<li class="nick-change">[<a href="#T00:13:02" id="T00:13:02"><abbr title="2014-01-17T00:13:02+00:00">00:13:02</abbr></a>] <span>* aurelien_ is now known as aurelien</span></li>
<li class="quit">[<a href="#T00:13:15" id="T00:13:15"><abbr title="2014-01-17T00:13:15+00:00">00:13:15</abbr></a>] <span>* aurelien (~aurelien@AMarseille-157-1-80-186.w90-37.abo.wanadoo.fr) Quit (Changing host)</span></li>
<li class="join">[<a href="#T00:13:16" id="T00:13:16"><abbr title="2014-01-17T00:13:16+00:00">00:13:16</abbr></a>] <span>* aurelien (~aurelien@fsf/member/aurelien) has joined #beagle</span></li>
<li class="quit">[<a href="#T00:13:24" id="T00:13:24"><abbr title="2014-01-17T00:13:24+00:00">00:13:24</abbr></a>] <span>* cap42 (~Adium@pak.twistedbit.com) Quit (Quit: Leaving.)</span></li>
<li class="join">[<a href="#T00:16:14" id="T00:16:14"><abbr title="2014-01-17T00:16:14+00:00">00:16:14</abbr></a>] <span>* thurgood (~thurgood@cpe-70-113-204-247.austin.res.rr.com) has joined #beagle</span></li>
<li class="join">[<a href="#T00:17:36" id="T00:17:36"><abbr title="2014-01-17T00:17:36+00:00">00:17:36</abbr></a>] <span>* zer0s (~hizuzu@c-98-198-88-222.hsd1.tx.comcast.net) has joined #beagle</span></li>
<li class="quit">[<a href="#T00:24:50" id="T00:24:50"><abbr title="2014-01-17T00:24:50+00:00">00:24:50</abbr></a>] <span>* kfoltman (~kfoltman@188.141.18.243) Quit (Quit: Ex-Chat)</span></li>
<li class="join">[<a href="#T00:27:39" id="T00:27:39"><abbr title="2014-01-17T00:27:39+00:00">00:27:39</abbr></a>] <span>* louiz920 (~a0272879@nat/ti/x-tcjfjwlnarkmkvdj) has joined #beagle</span></li>
<li class="quit">[<a href="#T00:28:21" id="T00:28:21"><abbr title="2014-01-17T00:28:21+00:00">00:28:21</abbr></a>] <span>* cthree87 (~cthree87@CPE00222d6c15e0-CM00222d6c15dd.cpe.net.cable.rogers.com) Quit (Ping timeout: 248 seconds)</span></li>
<li class="join">[<a href="#T00:31:34" id="T00:31:34"><abbr title="2014-01-17T00:31:34+00:00">00:31:34</abbr></a>] <span>* bbdummy (18ead909@gateway/web/freenode/ip.24.234.217.9) has joined #beagle</span></li>
<li class="message">[<a href="#T00:33:09" id="T00:33:09"><abbr title="2014-01-17T00:33:09+00:00">00:33:09</abbr></a>] &lt;<cite>bbdummy</cite>&gt; <q>hi all, i need to add curl support to the php that ships with my BBB. is there an easy way to do this? recompiling on the bbb seems like it'll be slow. but the documentation for recompiling "opkg" binaries so i can just copy them over seems to be, missing ?</q></li>
<li class="join">[<a href="#T00:36:15" id="T00:36:15"><abbr title="2014-01-17T00:36:15+00:00">00:36:15</abbr></a>] <span>* musufu (~musufu@toki.sometwo.net) has joined #beaglebone</span></li>
<li class="join">[<abbr title="2014-01-17T00:36:15+00:00">00:36:15</abbr>] <span>* musufu (~musufu@toki.sometwo.net) has joined #beagle</span></li>
<li class="join">[<a href="#T00:36:22" id="T00:36:22"><abbr title="2014-01-17T00:36:22+00:00">00:36:22</abbr></a>] <span>* Calc (~Calc@c-76-100-81-122.hsd1.md.comcast.net) has joined #beagle</span></li>
<li class="quit">[<a href="#T00:40:08" id="T00:40:08"><abbr title="2014-01-17T00:40:08+00:00">00:40:08</abbr></a>] <span>* robertinant (~robertina@131.107.165.123) Quit (Ping timeout: 272 seconds)</span></li>
<li class="join">[<a href="#T00:43:45" id="T00:43:45"><abbr title="2014-01-17T00:43:45+00:00">00:43:45</abbr></a>] <span>* pjustice (~pjustice@yagi.h-net.msu.edu) has joined #beagle</span></li>
<li class="quit">[<a href="#T00:45:15" id="T00:45:15"><abbr title="2014-01-17T00:45:15+00:00">00:45:15</abbr></a>] <span>* louiz920 (~a0272879@nat/ti/x-tcjfjwlnarkmkvdj) Quit (Ping timeout: 252 seconds)</span></li>
<li class="join">[<a href="#T00:45:40" id="T00:45:40"><abbr title="2014-01-17T00:45:40+00:00">00:45:40</abbr></a>] <span>* louiz920 (~a0272879@nat/ti/x-uycbnghqfuhieame) has joined #beagle</span></li>
<li class="quit">[<a href="#T00:46:38" id="T00:46:38"><abbr title="2014-01-17T00:46:38+00:00">00:46:38</abbr></a>] <span>* Calc (~Calc@c-76-100-81-122.hsd1.md.comcast.net) Quit (Ping timeout: 252 seconds)</span></li>
<li class="join">[<a href="#T00:48:25" id="T00:48:25"><abbr title="2014-01-17T00:48:25+00:00">00:48:25</abbr></a>] <span>* tabbek (~tabbek@c-24-17-246-10.hsd1.wa.comcast.net) has joined #beagle</span></li>
<li class="join">[<a href="#T00:53:33" id="T00:53:33"><abbr title="2014-01-17T00:53:33+00:00">00:53:33</abbr></a>] <span>* prpplague (~prpplague@107-206-64-184.lightspeed.rcsntx.sbcglobal.net) has joined #beagle</span></li>
<li class="join">[<a href="#T00:58:07" id="T00:58:07"><abbr title="2014-01-17T00:58:07+00:00">00:58:07</abbr></a>] <span>* mrpackethead (~mrpacketh@41.67.224.49.dyn.cust.vf.net.nz) has joined #beagle</span></li>
<li class="join">[<a href="#T00:59:57" id="T00:59:57"><abbr title="2014-01-17T00:59:57+00:00">00:59:57</abbr></a>] <span>* djerome (~djerome@ip68-98-228-41.ph.ph.cox.net) has joined #beaglebone</span></li>
<li class="join">[<a href="#T01:00:36" id="T01:00:36"><abbr title="2014-01-17T01:00:36+00:00">01:00:36</abbr></a>] <span>* dj_pi (~dj@c-107-5-25-243.hsd1.mi.comcast.net) has joined #beagle</span></li>
<li class="quit">[<a href="#T01:01:13" id="T01:01:13"><abbr title="2014-01-17T01:01:13+00:00">01:01:13</abbr></a>] <span>* louiz920 (~a0272879@nat/ti/x-uycbnghqfuhieame) Quit (Quit: Leaving.)</span></li>
<li class="quit">[<a href="#T01:05:57" id="T01:05:57"><abbr title="2014-01-17T01:05:57+00:00">01:05:57</abbr></a>] <span>* dj_pi (~dj@c-107-5-25-243.hsd1.mi.comcast.net) Quit (Quit: Leaving)</span></li>
<li class="join">[<a href="#T01:06:20" id="T01:06:20"><abbr title="2014-01-17T01:06:20+00:00">01:06:20</abbr></a>] <span>* dj_pi (~dj@c-107-5-25-243.hsd1.mi.comcast.net) has joined #beagle</span></li>
<li class="quit">[<a href="#T01:07:58" id="T01:07:58"><abbr title="2014-01-17T01:07:58+00:00">01:07:58</abbr></a>] <span>* mrpackethead (~mrpacketh@41.67.224.49.dyn.cust.vf.net.nz) Quit (Quit: Colloquy for iPhone - <a href="http://colloquy.mobi)">http://colloquy.mobi)</a></span></li>
<li class="quit">[<a href="#T01:08:05" id="T01:08:05"><abbr title="2014-01-17T01:08:05+00:00">01:08:05</abbr></a>] <span>* brownies (~brownies@unaffiliated/brownies) Quit (Ping timeout: 252 seconds)</span></li>
<li class="join">[<a href="#T01:08:43" id="T01:08:43"><abbr title="2014-01-17T01:08:43+00:00">01:08:43</abbr></a>] <span>* brownies (~brownies@184.106.201.58) has joined #beagle</span></li>
<li class="quit">[<a href="#T01:08:45" id="T01:08:45"><abbr title="2014-01-17T01:08:45+00:00">01:08:45</abbr></a>] <span>* brownies (~brownies@184.106.201.58) Quit (Changing host)</span></li>
<li class="join">[<abbr title="2014-01-17T01:08:45+00:00">01:08:45</abbr>] <span>* brownies (~brownies@unaffiliated/brownies) has joined #beagle</span></li>
<li class="join">[<a href="#T01:09:37" id="T01:09:37"><abbr title="2014-01-17T01:09:37+00:00">01:09:37</abbr></a>] <span>* willingc (~willingc@cpe-75-80-19-24.san.res.rr.com) has joined #beagle</span></li>
<li class="quit">[<a href="#T01:10:13" id="T01:10:13"><abbr title="2014-01-17T01:10:13+00:00">01:10:13</abbr></a>] <span>* willingc (~willingc@cpe-75-80-19-24.san.res.rr.com) Quit (Client Quit)</span></li>
<li class="join">[<a href="#T01:15:41" id="T01:15:41"><abbr title="2014-01-17T01:15:41+00:00">01:15:41</abbr></a>] <span>* leewr (568de569@gateway/web/freenode/ip.86.141.229.105) has joined #beagle</span></li>
<li class="message">[<a href="#T01:20:13" id="T01:20:13"><abbr title="2014-01-17T01:20:13+00:00">01:20:13</abbr></a>] &lt;<cite>leewr</cite>&gt; <q>hello - can anyone point me in the direction of a good resource on how to compile a raspberry pi project on a BBB? I've followed some instructions to install sdk packages. Im using the makefile and getting gnu/stubs-hard.h: No such file or directory</q></li>
<li class="part">[<a href="#T01:20:16" id="T01:20:16"><abbr title="2014-01-17T01:20:16+00:00">01:20:16</abbr></a>] <span>* zeroem (~dhamilton@nat-225.fw1.la.vclk.net) has left #beagle</span></li>
<li class="quit">[<a href="#T01:21:07" id="T01:21:07"><abbr title="2014-01-17T01:21:07+00:00">01:21:07</abbr></a>] <span>* bbdummy (18ead909@gateway/web/freenode/ip.24.234.217.9) Quit (Ping timeout: 272 seconds)</span></li>
<li class="message">[<a href="#T01:21:17" id="T01:21:17"><abbr title="2014-01-17T01:21:17+00:00">01:21:17</abbr></a>] &lt;<cite>leewr</cite>&gt; <q>I cant figure out how to search the opkg repo for the packages containing these artifacts</q></li>
<li class="message">[<a href="#T01:22:04" id="T01:22:04"><abbr title="2014-01-17T01:22:04+00:00">01:22:04</abbr></a>] &lt;<cite>leewr</cite>&gt; <q>Im using stock Angstrom</q></li>
<li class="message">[<a href="#T01:23:20" id="T01:23:20"><abbr title="2014-01-17T01:23:20+00:00">01:23:20</abbr></a>] &lt;<cite>leewr</cite>&gt; <q>please?</q></li>
<li class="message">[<a href="#T01:27:45" id="T01:27:45"><abbr title="2014-01-17T01:27:45+00:00">01:27:45</abbr></a>] &lt;<cite>leewr</cite>&gt; <q>can anyone see this message?</q></li>
<li class="join">[<a href="#T01:28:46" id="T01:28:46"><abbr title="2014-01-17T01:28:46+00:00">01:28:46</abbr></a>] <span>* sellout- (~Adium@75-166-123-23.hlrn.qwest.net) has joined #beagle</span></li>
<li class="message">[<a href="#T01:29:25" id="T01:29:25"><abbr title="2014-01-17T01:29:25+00:00">01:29:25</abbr></a>] &lt;<cite>leewr</cite>&gt; <q>can anyone see me !! ?</q></li>
<li class="quit">[<a href="#T01:29:26" id="T01:29:26"><abbr title="2014-01-17T01:29:26+00:00">01:29:26</abbr></a>] <span>* zer0s (~hizuzu@c-98-198-88-222.hsd1.tx.comcast.net) Quit (Quit: Leaving)</span></li>
<li class="message">[<a href="#T01:29:35" id="T01:29:35"><abbr title="2014-01-17T01:29:35+00:00">01:29:35</abbr></a>] &lt;<cite>CareBear\</cite>&gt; <q>leewr : no</q></li>
<li class="message">[<a href="#T01:29:40" id="T01:29:40"><abbr title="2014-01-17T01:29:40+00:00">01:29:40</abbr></a>] &lt;<cite>leewr</cite>&gt; <q>:)</q></li>
<li class="message">[<a href="#T01:29:41" id="T01:29:41"><abbr title="2014-01-17T01:29:41+00:00">01:29:41</abbr></a>] &lt;<cite>prpplague</cite>&gt; <q>leewr: no</q></li>
<li class="message">[<a href="#T01:30:38" id="T01:30:38"><abbr title="2014-01-17T01:30:38+00:00">01:30:38</abbr></a>] &lt;<cite>leewr</cite>&gt; <q>Ill try an rephrase, how do i find which opkg package contains the files I need to compile a C project?</q></li>
<li class="message">[<a href="#T01:31:10" id="T01:31:10"><abbr title="2014-01-17T01:31:10+00:00">01:31:10</abbr></a>] &lt;<cite>thurgood</cite>&gt; <q>leewr:  if you're building on the board did you installl task-native-sdk</q></li>
<li class="message">[<a href="#T01:31:24" id="T01:31:24"><abbr title="2014-01-17T01:31:24+00:00">01:31:24</abbr></a>] &lt;<cite>CareBear\</cite>&gt; <q>leewr : make, gcc and binutils are in the default install of angstrom, aren't they?</q></li>
<li class="message">[<a href="#T01:31:28" id="T01:31:28"><abbr title="2014-01-17T01:31:28+00:00">01:31:28</abbr></a>] &lt;<cite>leewr</cite>&gt; <q>thurgood - yes i did</q></li>
<li class="message">[<a href="#T01:32:10" id="T01:32:10"><abbr title="2014-01-17T01:32:10+00:00">01:32:10</abbr></a>] &lt;<cite>leewr</cite>&gt; <q>gnu/stubs.h is</q></li>
<li class="message">[<a href="#T01:32:16" id="T01:32:16"><abbr title="2014-01-17T01:32:16+00:00">01:32:16</abbr></a>] &lt;<cite>thurgood</cite>&gt; <q>perhaps you're missing a dev version of a library you're including then</q></li>
<li class="message">[<a href="#T01:32:19" id="T01:32:19"><abbr title="2014-01-17T01:32:19+00:00">01:32:19</abbr></a>] &lt;<cite>leewr</cite>&gt; <q>stubs-hard.h isn there</q></li>
<li class="message">[<a href="#T01:32:57" id="T01:32:57"><abbr title="2014-01-17T01:32:57+00:00">01:32:57</abbr></a>] &lt;<cite>leewr</cite>&gt; <q>how can i find out which package I need?</q></li>
<li class="message">[<a href="#T01:33:13" id="T01:33:13"><abbr title="2014-01-17T01:33:13+00:00">01:33:13</abbr></a>] &lt;<cite>leewr</cite>&gt; <q>i think opkg search &lt;name&gt; only searches the installed packages</q></li>
<li class="message">[<a href="#T01:33:19" id="T01:33:19"><abbr title="2014-01-17T01:33:19+00:00">01:33:19</abbr></a>] &lt;<cite>leewr</cite>&gt; <q>not a lookup online???</q></li>
<li class="message">[<a href="#T01:33:29" id="T01:33:29"><abbr title="2014-01-17T01:33:29+00:00">01:33:29</abbr></a>] &lt;<cite>thurgood</cite>&gt; <q>is that a part of a non-standard library?</q></li>
<li class="quit">[<a href="#T01:33:45" id="T01:33:45"><abbr title="2014-01-17T01:33:45+00:00">01:33:45</abbr></a>] <span>* cosmo1t (znc@cosmo.2y.net) Quit (Read error: Connection reset by peer)</span></li>
<li class="message">[<a href="#T01:33:46" id="T01:33:46"><abbr title="2014-01-17T01:33:46+00:00">01:33:46</abbr></a>] &lt;<cite>thurgood</cite>&gt; <q>I usually use opkg list |grep &lt;something&gt;</q></li>
<li class="message">[<a href="#T01:33:48" id="T01:33:48"><abbr title="2014-01-17T01:33:48+00:00">01:33:48</abbr></a>] &lt;<cite>leewr</cite>&gt; <q>I don't know, v new to linux</q></li>
<li class="join">[<a href="#T01:34:07" id="T01:34:07"><abbr title="2014-01-17T01:34:07+00:00">01:34:07</abbr></a>] <span>* cosmo1t (znc@cosmo.2y.net) has joined #beagle</span></li>
<li class="message">[<a href="#T01:34:13" id="T01:34:13"><abbr title="2014-01-17T01:34:13+00:00">01:34:13</abbr></a>] &lt;<cite>thurgood</cite>&gt; <q>list shows all packages that are known in the repos</q></li>
<li class="message">[<a href="#T01:34:16" id="T01:34:16"><abbr title="2014-01-17T01:34:16+00:00">01:34:16</abbr></a>] &lt;<cite>CareBear\</cite>&gt; <q>leewr : "a raspberry pi project" is an absolutely useless description</q></li>
<li class="message">[<a href="#T01:34:21" id="T01:34:21"><abbr title="2014-01-17T01:34:21+00:00">01:34:21</abbr></a>] &lt;<cite>CareBear\</cite>&gt; <q>leewr : you really have to learn more</q></li>
<li class="join">[<a href="#T01:34:29" id="T01:34:29"><abbr title="2014-01-17T01:34:29+00:00">01:34:29</abbr></a>] <span>* k4jcw_ (~jcw@66-168-197-164.dhcp.gsvl.ga.charter.com) has joined #beagle</span></li>
<li class="message">[<a href="#T01:34:57" id="T01:34:57"><abbr title="2014-01-17T01:34:57+00:00">01:34:57</abbr></a>] &lt;<cite>thurgood</cite>&gt; <q>never hurts to ask CareBear\</q></li>
<li class="message">[<a href="#T01:35:04" id="T01:35:04"><abbr title="2014-01-17T01:35:04+00:00">01:35:04</abbr></a>] &lt;<cite>leewr</cite>&gt; <q>I know i need to learn more thats why I asked for a resources... I h ave looked at online resources</q></li>
<li class="message">[<a href="#T01:35:11" id="T01:35:11"><abbr title="2014-01-17T01:35:11+00:00">01:35:11</abbr></a>] &lt;<cite>leewr</cite>&gt; <q>came here to ask for advice later</q></li>
<li class="message">[<a href="#T01:35:23" id="T01:35:23"><abbr title="2014-01-17T01:35:23+00:00">01:35:23</abbr></a>] &lt;<cite>CareBear\</cite>&gt; <q>leewr : you have to learn more about what you are doing, not about files and packages</q></li>
<li class="message">[<a href="#T01:35:31" id="T01:35:31"><abbr title="2014-01-17T01:35:31+00:00">01:35:31</abbr></a>] &lt;<cite>leewr</cite>&gt; <q>opkg list | grep stubs-hard</q></li>
<li class="message">[<a href="#T01:35:35" id="T01:35:35"><abbr title="2014-01-17T01:35:35+00:00">01:35:35</abbr></a>] &lt;<cite>CareBear\</cite>&gt; <q>leewr : find out what the actual dependencies of the code you want to build are</q></li>
<li class="message">[<a href="#T01:35:36" id="T01:35:36"><abbr title="2014-01-17T01:35:36+00:00">01:35:36</abbr></a>] &lt;<cite>leewr</cite>&gt; <q>this shows nothing</q></li>
<li class="join">[<a href="#T01:35:46" id="T01:35:46"><abbr title="2014-01-17T01:35:46+00:00">01:35:46</abbr></a>] <span>* poagester (4b9757b1@gateway/web/freenode/ip.75.151.87.177) has joined #beagle</span></li>
<li class="quit">[<a href="#T01:36:41" id="T01:36:41"><abbr title="2014-01-17T01:36:41+00:00">01:36:41</abbr></a>] <span>* dj_pi (~dj@c-107-5-25-243.hsd1.mi.comcast.net) Quit (Ping timeout: 252 seconds)</span></li>
<li class="message">[<a href="#T01:36:49" id="T01:36:49"><abbr title="2014-01-17T01:36:49+00:00">01:36:49</abbr></a>] &lt;<cite>leewr</cite>&gt; <q>okay it there any advice you can offer on finding out the dependanceis are? the project is on Git Hub,</q></li>
<li class="message">[<a href="#T01:36:59" id="T01:36:59"><abbr title="2014-01-17T01:36:59+00:00">01:36:59</abbr></a>] &lt;<cite>leewr</cite>&gt; <q>but does not list libraries needed</q></li>
<li class="message">[<a href="#T01:37:07" id="T01:37:07"><abbr title="2014-01-17T01:37:07+00:00">01:37:07</abbr></a>] &lt;<cite>leewr</cite>&gt; <q>as it was built for raspbian</q></li>
<li class="message">[<a href="#T01:37:13" id="T01:37:13"><abbr title="2014-01-17T01:37:13+00:00">01:37:13</abbr></a>] &lt;<cite>poagester</cite>&gt; <q>can anyone give me a hand in connect to my beaglebone black? I just purchased it yesterday and can't seem to get any output from it.</q></li>
<li class="message">[<a href="#T01:37:28" id="T01:37:28"><abbr title="2014-01-17T01:37:28+00:00">01:37:28</abbr></a>] &lt;<cite>thurgood</cite>&gt; <q>try google: gnu stubs arm</q></li>
<li class="message">[<a href="#T01:37:53" id="T01:37:53"><abbr title="2014-01-17T01:37:53+00:00">01:37:53</abbr></a>] &lt;<cite>k4jcw_</cite>&gt; <q>I've built 3.13.0-rc8-bone4 to test, and I've got 3.8.13-bone32 installed. To upgrade the BBB, I know I need to unpack the modules.tgz file. There's a /boot/initrd.3.8.13-bone32 file, and a /boot/uboot/zImage file, along with /boot/uboot/uInitrd. Is the one in /boot actually referenced? or do I just need to replace the /boot/uboot/zImage file?</q></li>
<li class="message">[<a href="#T01:38:43" id="T01:38:43"><abbr title="2014-01-17T01:38:43+00:00">01:38:43</abbr></a>] &lt;<cite>CareBear\</cite>&gt; <q>leewr : well read the documentation and if the authors haven't documented dependencies then you have to reverse engineer what the dependencies are using their source code</q></li>
<li class="message">[<a href="#T01:39:27" id="T01:39:27"><abbr title="2014-01-17T01:39:27+00:00">01:39:27</abbr></a>] &lt;<cite>CareBear\</cite>&gt; <q>leewr : welcome to the linux ecosystem, where people have no clue about writing good generic and portable code and nobody writes documentation</q></li>
<li class="message">[<a href="#T01:39:49" id="T01:39:49"><abbr title="2014-01-17T01:39:49+00:00">01:39:49</abbr></a>] &lt;<cite>CareBear\</cite>&gt; <q>it's fun</q></li>
<li class="message">[<a href="#T01:40:00" id="T01:40:00"><abbr title="2014-01-17T01:40:00+00:00">01:40:00</abbr></a>] &lt;<cite>leewr</cite>&gt; <q>bah... for an hour or two... !</q></li>
<li class="message">[<a href="#T01:40:07" id="T01:40:07"><abbr title="2014-01-17T01:40:07+00:00">01:40:07</abbr></a>] &lt;<cite>thurgood</cite>&gt; <q>can be fun if it's not late in the day :P</q></li>
<li class="message">[<a href="#T01:40:28" id="T01:40:28"><abbr title="2014-01-17T01:40:28+00:00">01:40:28</abbr></a>] &lt;<cite>CareBear\</cite>&gt; <q>leewr : what's the github url?</q></li>
<li class="message">[<a href="#T01:40:36" id="T01:40:36"><abbr title="2014-01-17T01:40:36+00:00">01:40:36</abbr></a>] &lt;<cite>leewr</cite>&gt; <q>ambi-tv</q></li>
<li class="message">[<a href="#T01:40:40" id="T01:40:40"><abbr title="2014-01-17T01:40:40+00:00">01:40:40</abbr></a>] &lt;<cite>leewr</cite>&gt; <q>first google result</q></li>
<li class="message">[<a href="#T01:40:46" id="T01:40:46"><abbr title="2014-01-17T01:40:46+00:00">01:40:46</abbr></a>] &lt;<cite>CareBear\</cite>&gt; <q>please give the url</q></li>
<li class="part">[<a href="#T01:40:47" id="T01:40:47"><abbr title="2014-01-17T01:40:47+00:00">01:40:47</abbr></a>] <span>* trigpoint (~phil@054159aa.skybroadband.com) has left #beagle</span></li>
<li class="message">[<a href="#T01:40:48" id="T01:40:48"><abbr title="2014-01-17T01:40:48+00:00">01:40:48</abbr></a>] &lt;<cite>CareBear\</cite>&gt; <q>I don't use google</q></li>
<li class="message">[<a href="#T01:40:59" id="T01:40:59"><abbr title="2014-01-17T01:40:59+00:00">01:40:59</abbr></a>] &lt;<cite>CareBear\</cite>&gt; <q>you can do us that favor :)</q></li>
<li class="message">[<a href="#T01:41:12" id="T01:41:12"><abbr title="2014-01-17T01:41:12+00:00">01:41:12</abbr></a>] &lt;<cite>leewr</cite>&gt; <q><a href="https://github.com/gkaindl/ambi-tv">https://github.com/gkaindl/ambi-tv</a></q></li>
<li class="message">[<a href="#T01:41:16" id="T01:41:16"><abbr title="2014-01-17T01:41:16+00:00">01:41:16</abbr></a>] &lt;<cite>leewr</cite>&gt; <q>:)</q></li>
<li class="message">[<a href="#T01:41:20" id="T01:41:20"><abbr title="2014-01-17T01:41:20+00:00">01:41:20</abbr></a>] &lt;<cite>k4jcw_</cite>&gt; <q>"I don't use google"?</q></li>
<li class="message">[<a href="#T01:41:23" id="T01:41:23"><abbr title="2014-01-17T01:41:23+00:00">01:41:23</abbr></a>] &lt;<cite>CareBear\</cite>&gt; <q>let's see</q></li>
<li class="message">[<a href="#T01:41:47" id="T01:41:47"><abbr title="2014-01-17T01:41:47+00:00">01:41:47</abbr></a>] &lt;<cite>leewr</cite>&gt; <q>I should have just bought a pi instead of making things difficult... but i wanted to learn :/</q></li>
<li class="message">[<a href="#T01:42:20" id="T01:42:20"><abbr title="2014-01-17T01:42:20+00:00">01:42:20</abbr></a>] &lt;<cite>CareBear\</cite>&gt; <q>don't worry - you bought the correct hardware</q></li>
<li class="message">[<a href="#T01:42:23" id="T01:42:23"><abbr title="2014-01-17T01:42:23+00:00">01:42:23</abbr></a>] &lt;<cite>CareBear\</cite>&gt; <q>the pi is really shit</q></li>
<li class="message">[<a href="#T01:42:54" id="T01:42:54"><abbr title="2014-01-17T01:42:54+00:00">01:42:54</abbr></a>] &lt;<cite>leewr</cite>&gt; <q>:) I've played around with arduino - like the hardware side of things</q></li>
<li class="message">[<a href="#T01:43:01" id="T01:43:01"><abbr title="2014-01-17T01:43:01+00:00">01:43:01</abbr></a>] &lt;<cite>thurgood</cite>&gt; <q>unless yow ant full hd... then you probably should have bought a pi :/</q></li>
<li class="message">[<a href="#T01:43:30" id="T01:43:30"><abbr title="2014-01-17T01:43:30+00:00">01:43:30</abbr></a>] &lt;<cite>leewr</cite>&gt; <q>nope... no video output... this is an ambiance lighting project.. .based on a video capture input</q></li>
<li class="message">[<a href="#T01:43:38" id="T01:43:38"><abbr title="2014-01-17T01:43:38+00:00">01:43:38</abbr></a>] &lt;<cite>thurgood</cite>&gt; <q>but if you like being able to play with hardware and find resources, bbb is the way to go</q></li>
<li class="message">[<a href="#T01:43:54" id="T01:43:54"><abbr title="2014-01-17T01:43:54+00:00">01:43:54</abbr></a>] &lt;<cite>ds2</cite>&gt; <q>there is no reason to want the irrational thing</q></li>
<li class="message">[<a href="#T01:44:15" id="T01:44:15"><abbr title="2014-01-17T01:44:15+00:00">01:44:15</abbr></a>] &lt;<cite>CareBear\</cite>&gt; <q>leewr : this project is not created in a way to work on just any ARM processor</q></li>
<li class="message">[<a href="#T01:44:42" id="T01:44:42"><abbr title="2014-01-17T01:44:42+00:00">01:44:42</abbr></a>] &lt;<cite>leewr</cite>&gt; <q>okay, what would be the best way to tackle this?</q></li>
<li class="message">[<a href="#T01:44:46" id="T01:44:46"><abbr title="2014-01-17T01:44:46+00:00">01:44:46</abbr></a>] &lt;<cite>leewr</cite>&gt; <q>another distro?</q></li>
<li class="message">[<a href="#T01:45:11" id="T01:45:11"><abbr title="2014-01-17T01:45:11+00:00">01:45:11</abbr></a>] &lt;<cite>CareBear\</cite>&gt; <q>no not another distro</q></li>
<li class="message">[<a href="#T01:45:18" id="T01:45:18"><abbr title="2014-01-17T01:45:18+00:00">01:45:18</abbr></a>] &lt;<cite>CareBear\</cite>&gt; <q>the distribution has nothing whatsoever to do with the hardware</q></li>
<li class="message">[<a href="#T01:46:43" id="T01:46:43"><abbr title="2014-01-17T01:46:43+00:00">01:46:43</abbr></a>] &lt;<cite>leewr</cite>&gt; <q>okay.. im thinking along the lines of missing kernel files for this project... but they are dev/sdk files? and i would need to include them in the kernel of any distro</q></li>
<li class="message">[<a href="#T01:46:51" id="T01:46:51"><abbr title="2014-01-17T01:46:51+00:00">01:46:51</abbr></a>] &lt;<cite>leewr</cite>&gt; <q>is that along the right lines?</q></li>
<li class="message">[<a href="#T01:47:04" id="T01:47:04"><abbr title="2014-01-17T01:47:04+00:00">01:47:04</abbr></a>] &lt;<cite>CareBear\</cite>&gt; <q>fuck no</q></li>
<li class="message">[<a href="#T01:47:06" id="T01:47:06"><abbr title="2014-01-17T01:47:06+00:00">01:47:06</abbr></a>] &lt;<cite>CareBear\</cite>&gt; <q>come on</q></li>
<li class="message">[<a href="#T01:47:07" id="T01:47:07"><abbr title="2014-01-17T01:47:07+00:00">01:47:07</abbr></a>] &lt;<cite>leewr</cite>&gt; <q>haha</q></li>
<li class="message">[<a href="#T01:47:11" id="T01:47:11"><abbr title="2014-01-17T01:47:11+00:00">01:47:11</abbr></a>] &lt;<cite>leewr</cite>&gt; <q>:(</q></li>
<li class="message">[<a href="#T01:47:30" id="T01:47:30"><abbr title="2014-01-17T01:47:30+00:00">01:47:30</abbr></a>] &lt;<cite>leewr</cite>&gt; <q>give me a clue.. something to work on</q></li>
<li class="message">[<a href="#T01:47:36" id="T01:47:36"><abbr title="2014-01-17T01:47:36+00:00">01:47:36</abbr></a>] &lt;<cite>CareBear\</cite>&gt; <q>what do you know about processor architecture?</q></li>
<li class="message">[<a href="#T01:47:57" id="T01:47:57"><abbr title="2014-01-17T01:47:57+00:00">01:47:57</abbr></a>] &lt;<cite>ds2</cite>&gt; <q>"awesome things to admire"</q></li>
<li class="message">[<abbr title="2014-01-17T01:47:57+00:00">01:47:57</abbr>] &lt;<cite>CareBear\</cite>&gt; <q>research the history of ARM processors a bit</q></li>
<li class="message">[<a href="#T01:48:00" id="T01:48:00"><abbr title="2014-01-17T01:48:00+00:00">01:48:00</abbr></a>] &lt;<cite>leewr</cite>&gt; <q>that there are different ones... come on im a newb thats why im here</q></li>
<li class="message">[<a href="#T01:48:19" id="T01:48:19"><abbr title="2014-01-17T01:48:19+00:00">01:48:19</abbr></a>] &lt;<cite>CareBear\</cite>&gt; <q>find out what processor is on the pi and what is on the beaglebone</q></li>
<li class="message">[<a href="#T01:48:57" id="T01:48:57"><abbr title="2014-01-17T01:48:57+00:00">01:48:57</abbr></a>] &lt;<cite>CareBear\</cite>&gt; <q>you don't have to learn every single detail, but do learn about ARM and what they've done</q></li>
<li class="message">[<a href="#T01:50:44" id="T01:50:44"><abbr title="2014-01-17T01:50:44+00:00">01:50:44</abbr></a>] &lt;<cite>thurgood</cite>&gt; <q>CareBear\: I thought bbb is a hard float system?</q></li>
<li class="message">[<a href="#T01:52:03" id="T01:52:03"><abbr title="2014-01-17T01:52:03+00:00">01:52:03</abbr></a>] &lt;<cite>CareBear\</cite>&gt; <q>thurgood : it is</q></li>
<li class="message">[<a href="#T01:52:38" id="T01:52:38"><abbr title="2014-01-17T01:52:38+00:00">01:52:38</abbr></a>] &lt;<cite>leewr</cite>&gt; <q>im on the ARM wiki now</q></li>
<li class="message">[<a href="#T01:53:28" id="T01:53:28"><abbr title="2014-01-17T01:53:28+00:00">01:53:28</abbr></a>] &lt;<cite>ds2</cite>&gt; <q>only if you put a block of lead on the BBB</q></li>
<li class="message">[<a href="#T01:53:36" id="T01:53:36"><abbr title="2014-01-17T01:53:36+00:00">01:53:36</abbr></a>] &lt;<cite>ds2</cite>&gt; <q>otherwise, it is small and light enough to be a easy float system</q></li>
<li class="join">[<a href="#T01:54:50" id="T01:54:50"><abbr title="2014-01-17T01:54:50+00:00">01:54:50</abbr></a>] <span>* eikeon (~eikeon@c-98-218-6-128.hsd1.dc.comcast.net) has joined #beagle</span></li>
<li class="join">[<a href="#T01:55:38" id="T01:55:38"><abbr title="2014-01-17T01:55:38+00:00">01:55:38</abbr></a>] <span>* kingemer (~kingemer@69.169.157.253.provo.static.broadweavenetworks.net) has joined #beagle</span></li>
<li class="message">[<a href="#T01:55:57" id="T01:55:57"><abbr title="2014-01-17T01:55:57+00:00">01:55:57</abbr></a>] &lt;<cite>poagester</cite>&gt; <q>can anyone give me a hand in connect to my beaglebone black? I just purchased it yesterday and can't seem to get any output from it.</q></li>
<li class="message">[<a href="#T01:56:11" id="T01:56:11"><abbr title="2014-01-17T01:56:11+00:00">01:56:11</abbr></a>] &lt;<cite>jkridner</cite>&gt; <q>what do you mean by output?</q></li>
<li class="message">[<a href="#T01:56:19" id="T01:56:19"><abbr title="2014-01-17T01:56:19+00:00">01:56:19</abbr></a>] &lt;<cite>jkridner</cite>&gt; <q>graphical display?</q></li>
<li class="message">[<a href="#T01:56:41" id="T01:56:41"><abbr title="2014-01-17T01:56:41+00:00">01:56:41</abbr></a>] &lt;<cite>jkridner</cite>&gt; <q>have you tried plugging it in over USB to see that functionality?</q></li>
<li class="message">[<a href="#T01:57:12" id="T01:57:12"><abbr title="2014-01-17T01:57:12+00:00">01:57:12</abbr></a>] &lt;<cite>poagester</cite>&gt; <q>from what i understand i just plug the usb in after running the udev script and go to 192.168.7.2,, but i don't have any new usb devs in /dev/ and never get to the ip</q></li>
<li class="message">[<a href="#T01:58:58" id="T01:58:58"><abbr title="2014-01-17T01:58:58+00:00">01:58:58</abbr></a>] &lt;<cite>jkridner</cite>&gt; <q>k, so you are using a Linux host...</q></li>
<li class="message">[<a href="#T01:59:03" id="T01:59:03"><abbr title="2014-01-17T01:59:03+00:00">01:59:03</abbr></a>] &lt;<cite>jkridner</cite>&gt; <q>what does your dmesg log show?</q></li>
<li class="message">[<a href="#T01:59:05" id="T01:59:05"><abbr title="2014-01-17T01:59:05+00:00">01:59:05</abbr></a>] &lt;<cite>poagester</cite>&gt; <q>ubuntu</q></li>
<li class="message">[<a href="#T01:59:45" id="T01:59:45"><abbr title="2014-01-17T01:59:45+00:00">01:59:45</abbr></a>] &lt;<cite>poagester</cite>&gt; <q>nothing for usb</q></li>
<li class="message">[<a href="#T01:59:59" id="T01:59:59"><abbr title="2014-01-17T01:59:59+00:00">01:59:59</abbr></a>] &lt;<cite>jkridner</cite>&gt; <q>lights blinking on the board?</q></li>
