<li class="join">[<a href="#T00:00:29" id="T00:00:29"><abbr title="2014-08-15T00:00:29+00:00">00:00:29</abbr></a>] <span>* BeagleBot (~PircBot@ec2-50-17-196-130.compute-1.amazonaws.com) has joined #beagle</span></li>
<li class="topic">[<abbr title="2014-08-15T00:00:29+00:00">00:00:29</abbr>] <span>* Topic is '<a href="http://beagleboard.org/chat">http://beagleboard.org/chat</a> has a guide on how to ask questions and links to the logs | never ask to ask, just ask | be patient | pastebin a boot log | <a href="http://ahsoftware.de/Beaglebone_Black_Boot_explained.svg">http://ahsoftware.de/Beaglebone_Black_Boot_explained.svg</a> | BBB is being sold faster than produced. Order one and wait. There is no other way. | <a href="http://beagleboard.org/latest-images">http://beagleboard.org/latest-images</a> | <a href="http://beagleboard.org/Support/bone101'">http://beagleboard.org/Support/bone101'</a></span></li>
<li class="topic">[<abbr title="2014-08-15T00:00:29+00:00">00:00:29</abbr>] <span>* Set by KotH!~attila@lou-outside.kinali.ch on Fri Apr 18 13:56:18 UTC 2014</span></li>
<li class="join">[<abbr title="2014-08-15T00:00:29+00:00">00:00:29</abbr>] <span>* BeagleBot (~PircBot@ec2-50-17-196-130.compute-1.amazonaws.com) has joined #beagleboard</span></li>
<li class="join">[<abbr title="2014-08-15T00:00:29+00:00">00:00:29</abbr>] <span>* BeagleBot (~PircBot@ec2-50-17-196-130.compute-1.amazonaws.com) has joined #beaglebone</span></li>
<li class="quit">[<a href="#T00:02:52" id="T00:02:52"><abbr title="2014-08-15T00:02:52+00:00">00:02:52</abbr></a>] <span>* vagrantc (~vagrant@freegeek/vagrantc) Quit (Quit: leaving)</span></li>
<li class="quit">[<a href="#T00:13:02" id="T00:13:02"><abbr title="2014-08-15T00:13:02+00:00">00:13:02</abbr></a>] <span>* nandub (~nandub@unaffiliated/nandub) Quit (Quit: WeeChat 1.0-rc3)</span></li>
<li class="quit">[<a href="#T00:13:15" id="T00:13:15"><abbr title="2014-08-15T00:13:15+00:00">00:13:15</abbr></a>] <span>* sharebrained (~sharebrai@mail.sharebrained.com) Quit (Quit: ZNC - <a href="http://znc.in)">http://znc.in)</a></span></li>
<li class="join">[<a href="#T00:15:21" id="T00:15:21"><abbr title="2014-08-15T00:15:21+00:00">00:15:21</abbr></a>] <span>* sharebrained (~sharebrai@mail.sharebrained.com) has joined #beagle</span></li>
<li class="join">[<a href="#T00:17:27" id="T00:17:27"><abbr title="2014-08-15T00:17:27+00:00">00:17:27</abbr></a>] <span>* Russ (foobar@pool-108-0-19-96.lsanca.fios.verizon.net) has joined #beagle</span></li>
<li class="quit">[<a href="#T00:18:55" id="T00:18:55"><abbr title="2014-08-15T00:18:55+00:00">00:18:55</abbr></a>] <span>* rob_w (~rob@unaffiliated/rob-w/x-1112029) Quit (Read error: Connection reset by peer)</span></li>
<li class="quit">[<a href="#T00:21:07" id="T00:21:07"><abbr title="2014-08-15T00:21:07+00:00">00:21:07</abbr></a>] <span>* bkearns (~bkearns@216-75-239-130.static.wiline.com) Quit (Quit: Leaving.)</span></li>
<li class="quit">[<a href="#T00:21:08" id="T00:21:08"><abbr title="2014-08-15T00:21:08+00:00">00:21:08</abbr></a>] <span>* jedahan (~jedahan@subtle/user/jedahan) Quit (Quit: ZZZzzz…)</span></li>
<li class="join">[<a href="#T00:21:33" id="T00:21:33"><abbr title="2014-08-15T00:21:33+00:00">00:21:33</abbr></a>] <span>* dieterg (~dieterg@61.94.135.46) has joined #beagle</span></li>
<li class="join">[<a href="#T00:22:16" id="T00:22:16"><abbr title="2014-08-15T00:22:16+00:00">00:22:16</abbr></a>] <span>* zodiac1111 (~zodiac111@123.157.223.146) has joined #beagle</span></li>
<li class="join">[<a href="#T00:22:32" id="T00:22:32"><abbr title="2014-08-15T00:22:32+00:00">00:22:32</abbr></a>] <span>* joel_ (~joel_@ip-64-134-235-9.public.wayport.net) has joined #beagle</span></li>
<li class="join">[<a href="#T00:25:01" id="T00:25:01"><abbr title="2014-08-15T00:25:01+00:00">00:25:01</abbr></a>] <span>* jedahan (~jedahan@subtle/user/jedahan) has joined #beagle</span></li>
<li class="quit">[<a href="#T00:25:16" id="T00:25:16"><abbr title="2014-08-15T00:25:16+00:00">00:25:16</abbr></a>] <span>* stamina (~stamina@83.128.211.177) Quit (Ping timeout: 240 seconds)</span></li>
<li class="quit">[<a href="#T00:25:22" id="T00:25:22"><abbr title="2014-08-15T00:25:22+00:00">00:25:22</abbr></a>] <span>* wednesday (~wednesday@c-76-104-145-102.hsd1.wa.comcast.net) Quit (Remote host closed the connection)</span></li>
<li class="quit">[<a href="#T00:31:46" id="T00:31:46"><abbr title="2014-08-15T00:31:46+00:00">00:31:46</abbr></a>] <span>* Russ (foobar@pool-108-0-19-96.lsanca.fios.verizon.net) Quit (Ping timeout: 240 seconds)</span></li>
<li class="join">[<a href="#T00:33:28" id="T00:33:28"><abbr title="2014-08-15T00:33:28+00:00">00:33:28</abbr></a>] <span>* nofxx_ (~nofxx@unaffiliated/nofxx) has joined #beaglebone</span></li>
<li class="join">[<a href="#T00:36:21" id="T00:36:21"><abbr title="2014-08-15T00:36:21+00:00">00:36:21</abbr></a>] <span>* Russ (~russ@172.56.31.69) has joined #beagle</span></li>
<li class="quit">[<a href="#T00:36:59" id="T00:36:59"><abbr title="2014-08-15T00:36:59+00:00">00:36:59</abbr></a>] <span>* joel_ (~joel_@ip-64-134-235-9.public.wayport.net) Quit (Remote host closed the connection)</span></li>
<li class="quit">[<a href="#T00:37:16" id="T00:37:16"><abbr title="2014-08-15T00:37:16+00:00">00:37:16</abbr></a>] <span>* nofxx (~nofxx@unaffiliated/nofxx) Quit (Ping timeout: 240 seconds)</span></li>
<li class="join">[<a href="#T00:37:34" id="T00:37:34"><abbr title="2014-08-15T00:37:34+00:00">00:37:34</abbr></a>] <span>* joel__ (~joel_@ip-64-134-235-9.public.wayport.net) has joined #beagle</span></li>
<li class="quit">[<a href="#T00:37:39" id="T00:37:39"><abbr title="2014-08-15T00:37:39+00:00">00:37:39</abbr></a>] <span>* kiwichris (~kiwichris@203-214-67-16.perm.iinet.net.au) Quit ()</span></li>
<li class="quit">[<a href="#T00:38:16" id="T00:38:16"><abbr title="2014-08-15T00:38:16+00:00">00:38:16</abbr></a>] <span>* awozniak (~awozniak@71-93-61-178.static.snlo.ca.charter.com) Quit (Ping timeout: 240 seconds)</span></li>
<li class="quit">[<a href="#T00:38:43" id="T00:38:43"><abbr title="2014-08-15T00:38:43+00:00">00:38:43</abbr></a>] <span>* veremit (~veremit@unaffiliated/veremit) Quit (Quit: &lt;Insert witty quit message here&gt;)</span></li>
<li class="quit">[<a href="#T00:42:34" id="T00:42:34"><abbr title="2014-08-15T00:42:34+00:00">00:42:34</abbr></a>] <span>* joel__ (~joel_@ip-64-134-235-9.public.wayport.net) Quit (Ping timeout: 272 seconds)</span></li>
<li class="join">[<a href="#T00:49:13" id="T00:49:13"><abbr title="2014-08-15T00:49:13+00:00">00:49:13</abbr></a>] <span>* dj_pi (~dj@c-107-5-25-243.hsd1.mi.comcast.net) has joined #beagle</span></li>
<li class="quit">[<a href="#T00:56:10" id="T00:56:10"><abbr title="2014-08-15T00:56:10+00:00">00:56:10</abbr></a>] <span>* sharebrained (~sharebrai@mail.sharebrained.com) Quit (Remote host closed the connection)</span></li>
