<li class="join">[<a href="#T00:00:25" id="T00:00:25"><abbr title="2014-07-07T00:00:25+00:00">00:00:25</abbr></a>] <span>* BeagleBot (~PircBot@ec2-50-17-196-130.compute-1.amazonaws.com) has joined #beagle</span></li>
<li class="topic">[<abbr title="2014-07-07T00:00:25+00:00">00:00:25</abbr>] <span>* Topic is '<a href="http://beagleboard.org/chat">http://beagleboard.org/chat</a> has a guide on how to ask questions and links to the logs | never ask to ask, just ask | be patient | pastebin a boot log | <a href="http://ahsoftware.de/Beaglebone_Black_Boot_explained.svg">http://ahsoftware.de/Beaglebone_Black_Boot_explained.svg</a> | BBB is being sold faster than produced. Order one and wait. There is no other way. | <a href="http://beagleboard.org/latest-images">http://beagleboard.org/latest-images</a> | <a href="http://beagleboard.org/Support/bone101'">http://beagleboard.org/Support/bone101'</a></span></li>
<li class="topic">[<abbr title="2014-07-07T00:00:25+00:00">00:00:25</abbr>] <span>* Set by KotH!~attila@lou-outside.kinali.ch on Fri Apr 18 13:56:18 UTC 2014</span></li>
<li class="join">[<abbr title="2014-07-07T00:00:25+00:00">00:00:25</abbr>] <span>* BeagleBot (~PircBot@ec2-50-17-196-130.compute-1.amazonaws.com) has joined #beagleboard</span></li>
<li class="join">[<abbr title="2014-07-07T00:00:25+00:00">00:00:25</abbr>] <span>* BeagleBot (~PircBot@ec2-50-17-196-130.compute-1.amazonaws.com) has joined #beaglebone</span></li>
<li class="quit">[<a href="#T00:11:51" id="T00:11:51"><abbr title="2014-07-07T00:11:51+00:00">00:11:51</abbr></a>] <span>* MLM (~madli_000@c-75-73-159-26.hsd1.mn.comcast.net) Quit (Ping timeout: 240 seconds)</span></li>
<li class="join">[<a href="#T00:12:00" id="T00:12:00"><abbr title="2014-07-07T00:12:00+00:00">00:12:00</abbr></a>] <span>* MLM (~madli_000@c-75-73-159-26.hsd1.mn.comcast.net) has joined #beagle</span></li>
<li class="join">[<a href="#T00:14:18" id="T00:14:18"><abbr title="2014-07-07T00:14:18+00:00">00:14:18</abbr></a>] <span>* stamina (~stamina@83.128.211.177) has joined #beaglebone</span></li>
<li class="quit">[<a href="#T00:18:52" id="T00:18:52"><abbr title="2014-07-07T00:18:52+00:00">00:18:52</abbr></a>] <span>* znsafu (~zsnafu@71-209-37-50.bois.qwest.net) Quit (Ping timeout: 264 seconds)</span></li>
<li class="quit">[<a href="#T00:24:43" id="T00:24:43"><abbr title="2014-07-07T00:24:43+00:00">00:24:43</abbr></a>] <span>* stamina (~stamina@83.128.211.177) Quit (Ping timeout: 272 seconds)</span></li>
<li class="join">[<a href="#T00:25:22" id="T00:25:22"><abbr title="2014-07-07T00:25:22+00:00">00:25:22</abbr></a>] <span>* xuigenerix (~xuigeneri@187.202.206.255) has joined #beagle</span></li>
<li class="quit">[<a href="#T00:29:42" id="T00:29:42"><abbr title="2014-07-07T00:29:42+00:00">00:29:42</abbr></a>] <span>* MLM (~madli_000@c-75-73-159-26.hsd1.mn.comcast.net) Quit (Quit: Leaving.)</span></li>
<li class="quit">[<a href="#T00:36:54" id="T00:36:54"><abbr title="2014-07-07T00:36:54+00:00">00:36:54</abbr></a>] <span>* ynki9 (~ynki9@fl-71-3-133-37.dhcp.embarqhsd.net) Quit (Remote host closed the connection)</span></li>
<li class="quit">[<a href="#T00:40:20" id="T00:40:20"><abbr title="2014-07-07T00:40:20+00:00">00:40:20</abbr></a>] <span>* H-H-H (~H-H-H@host-89-243-219-148.as13285.net) Quit (Quit: Leaving)</span></li>
<li class="join">[<a href="#T00:47:08" id="T00:47:08"><abbr title="2014-07-07T00:47:08+00:00">00:47:08</abbr></a>] <span>* MLM (~madli_000@c-75-73-159-26.hsd1.mn.comcast.net) has joined #beagle</span></li>
<li class="join">[<a href="#T00:57:42" id="T00:57:42"><abbr title="2014-07-07T00:57:42+00:00">00:57:42</abbr></a>] <span>* ynki9 (~ynki9@fl-71-3-133-37.dhcp.embarqhsd.net) has joined #beagle</span></li>
<li class="join">[<a href="#T01:04:44" id="T01:04:44"><abbr title="2014-07-07T01:04:44+00:00">01:04:44</abbr></a>] <span>* porpor (76ae8f2a@gateway/web/freenode/ip.118.174.143.42) has joined #beagle</span></li>
<li class="message">[<a href="#T01:04:49" id="T01:04:49"><abbr title="2014-07-07T01:04:49+00:00">01:04:49</abbr></a>] &lt;<cite>porpor</cite>&gt; <q>hello</q></li>
<li class="message">[<a href="#T01:06:12" id="T01:06:12"><abbr title="2014-07-07T01:06:12+00:00">01:06:12</abbr></a>] &lt;<cite>porpor</cite>&gt; <q>I google to find interrupt example</q></li>
<li class="message">[<a href="#T01:06:15" id="T01:06:15"><abbr title="2014-07-07T01:06:15+00:00">01:06:15</abbr></a>] &lt;<cite>porpor</cite>&gt; <q>in c</q></li>
<li class="join">[<a href="#T01:07:28" id="T01:07:28"><abbr title="2014-07-07T01:07:28+00:00">01:07:28</abbr></a>] <span>* CapaRoja (c9bf1f51@gateway/web/freenode/ip.201.191.31.81) has joined #beagle</span></li>
<li class="quit">[<a href="#T01:11:25" id="T01:11:25"><abbr title="2014-07-07T01:11:25+00:00">01:11:25</abbr></a>] <span>* jonand (~jonas@217.27.163.151) Quit (Ping timeout: 240 seconds)</span></li>
<li class="join">[<a href="#T01:11:42" id="T01:11:42"><abbr title="2014-07-07T01:11:42+00:00">01:11:42</abbr></a>] <span>* jonand (~jonas@217.27.163.151) has joined #beagle</span></li>
<li class="quit">[<a href="#T01:11:43" id="T01:11:43"><abbr title="2014-07-07T01:11:43+00:00">01:11:43</abbr></a>] <span>* CapaRoja (c9bf1f51@gateway/web/freenode/ip.201.191.31.81) Quit (Ping timeout: 246 seconds)</span></li>
<li class="join">[<a href="#T01:13:05" id="T01:13:05"><abbr title="2014-07-07T01:13:05+00:00">01:13:05</abbr></a>] <span>* Calc (~Calc@c-68-33-44-167.hsd1.md.comcast.net) has joined #beagle</span></li>
<li class="quit">[<a href="#T01:14:52" id="T01:14:52"><abbr title="2014-07-07T01:14:52+00:00">01:14:52</abbr></a>] <span>* porpor (76ae8f2a@gateway/web/freenode/ip.118.174.143.42) Quit (Ping timeout: 246 seconds)</span></li>
<li class="quit">[<a href="#T01:15:38" id="T01:15:38"><abbr title="2014-07-07T01:15:38+00:00">01:15:38</abbr></a>] <span>* Calc_ (~Calc@c-68-33-44-167.hsd1.md.comcast.net) Quit (Ping timeout: 264 seconds)</span></li>
<li class="quit">[<a href="#T01:17:39" id="T01:17:39"><abbr title="2014-07-07T01:17:39+00:00">01:17:39</abbr></a>] <span>* bizarro_1 (~bizarro_1@15.Red-83-53-192.dynamicIP.rima-tde.net) Quit (Quit: Leaving)</span></li>
<li class="join">[<a href="#T01:18:27" id="T01:18:27"><abbr title="2014-07-07T01:18:27+00:00">01:18:27</abbr></a>] <span>* znsafu (znsafu@71-209-37-50.bois.qwest.net) has joined #beagle</span></li>
<li class="quit">[<a href="#T01:20:30" id="T01:20:30"><abbr title="2014-07-07T01:20:30+00:00">01:20:30</abbr></a>] <span>* ynki9 (~ynki9@fl-71-3-133-37.dhcp.embarqhsd.net) Quit (Remote host closed the connection)</span></li>
<li class="join">[<a href="#T01:27:51" id="T01:27:51"><abbr title="2014-07-07T01:27:51+00:00">01:27:51</abbr></a>] <span>* ynki9 (~ynki9@fl-71-3-133-37.dhcp.embarqhsd.net) has joined #beagle</span></li>
<li class="quit">[<a href="#T01:31:00" id="T01:31:00"><abbr title="2014-07-07T01:31:00+00:00">01:31:00</abbr></a>] <span>* rohitksingh (~Rohit@120.59.38.68) Quit (Quit: Leaving.)</span></li>
<li class="quit">[<a href="#T01:36:52" id="T01:36:52"><abbr title="2014-07-07T01:36:52+00:00">01:36:52</abbr></a>] <span>* znsafu (znsafu@71-209-37-50.bois.qwest.net) Quit (Ping timeout: 264 seconds)</span></li>
<li class="quit">[<a href="#T01:38:33" id="T01:38:33"><abbr title="2014-07-07T01:38:33+00:00">01:38:33</abbr></a>] <span>* ynki9 (~ynki9@fl-71-3-133-37.dhcp.embarqhsd.net) Quit (Remote host closed the connection)</span></li>
<li class="quit">[<a href="#T01:38:52" id="T01:38:52"><abbr title="2014-07-07T01:38:52+00:00">01:38:52</abbr></a>] <span>* eikeon (~eikeon@c-98-218-6-128.hsd1.dc.comcast.net) Quit (Quit: eikeon)</span></li>
<li class="join">[<a href="#T01:40:28" id="T01:40:28"><abbr title="2014-07-07T01:40:28+00:00">01:40:28</abbr></a>] <span>* Shadyman (~matthew@unaffiliated/shadyman) has joined #beagle</span></li>
<li class="quit">[<a href="#T01:45:19" id="T01:45:19"><abbr title="2014-07-07T01:45:19+00:00">01:45:19</abbr></a>] <span>* n-st (~n-st@188-192-82-106-dynip.superkabel.de) Quit (Remote host closed the connection)</span></li>
<li class="join">[<a href="#T01:47:01" id="T01:47:01"><abbr title="2014-07-07T01:47:01+00:00">01:47:01</abbr></a>] <span>* djerome (~djerome@ip24-251-115-14.ph.ph.cox.net) has joined #beaglebone</span></li>
<li class="join">[<a href="#T01:53:15" id="T01:53:15"><abbr title="2014-07-07T01:53:15+00:00">01:53:15</abbr></a>] <span>* Humpelst1lzchen (erik@f050175229.adsl.alicedsl.de) has joined #beagle</span></li>
<li class="quit">[<a href="#T01:56:23" id="T01:56:23"><abbr title="2014-07-07T01:56:23+00:00">01:56:23</abbr></a>] <span>* Humpelstilzchen (erik@f054190184.adsl.alicedsl.de) Quit (Ping timeout: 255 seconds)</span></li>
<li class="quit">[<a href="#T02:08:02" id="T02:08:02"><abbr title="2014-07-07T02:08:02+00:00">02:08:02</abbr></a>] <span>* MLM (~madli_000@c-75-73-159-26.hsd1.mn.comcast.net) Quit (Quit: Leaving.)</span></li>
<li class="quit">[<a href="#T02:09:34" id="T02:09:34"><abbr title="2014-07-07T02:09:34+00:00">02:09:34</abbr></a>] <span>* old-papa (~ident@206.251.40.208) Quit (Read error: Connection reset by peer)</span></li>
<li class="join">[<a href="#T02:09:51" id="T02:09:51"><abbr title="2014-07-07T02:09:51+00:00">02:09:51</abbr></a>] <span>* old-papa (~ident@206.251.40.208) has joined #beagle</span></li>
<li class="join">[<abbr title="2014-07-07T02:09:51+00:00">02:09:51</abbr>] <span>* old-papa (~ident@206.251.40.208) has joined #beagleboard</span></li>
<li class="join">[<abbr title="2014-07-07T02:09:51+00:00">02:09:51</abbr>] <span>* old-papa (~ident@206.251.40.208) has joined #beaglebone</span></li>
<li class="join">[<a href="#T02:17:36" id="T02:17:36"><abbr title="2014-07-07T02:17:36+00:00">02:17:36</abbr></a>] <span>* sidbh (~Siddharth@123.201.22.227) has joined #beagle</span></li>
<li class="join">[<a href="#T02:19:56" id="T02:19:56"><abbr title="2014-07-07T02:19:56+00:00">02:19:56</abbr></a>] <span>* MLM (~madli_000@c-75-73-159-26.hsd1.mn.comcast.net) has joined #beagle</span></li>
<li class="quit">[<a href="#T02:24:07" id="T02:24:07"><abbr title="2014-07-07T02:24:07+00:00">02:24:07</abbr></a>] <span>* jonand (~jonas@217.27.163.151) Quit (Ping timeout: 248 seconds)</span></li>
<li class="join">[<a href="#T02:24:22" id="T02:24:22"><abbr title="2014-07-07T02:24:22+00:00">02:24:22</abbr></a>] <span>* jonand (~jonas@217.27.163.151) has joined #beagle</span></li>
<li class="quit">[<a href="#T02:33:43" id="T02:33:43"><abbr title="2014-07-07T02:33:43+00:00">02:33:43</abbr></a>] <span>* thews (~thews@unaffiliated/thews) Quit (Ping timeout: 248 seconds)</span></li>
<li class="quit">[<a href="#T02:37:13" id="T02:37:13"><abbr title="2014-07-07T02:37:13+00:00">02:37:13</abbr></a>] <span>* xuigenerix (~xuigeneri@187.202.206.255) Quit (Quit: Leaving)</span></li>
<li class="join">[<a href="#T02:38:58" id="T02:38:58"><abbr title="2014-07-07T02:38:58+00:00">02:38:58</abbr></a>] <span>* thews (~thews@142.196.77.153) has joined #beagle</span></li>
<li class="quit">[<abbr title="2014-07-07T02:38:58+00:00">02:38:58</abbr>] <span>* thews (~thews@142.196.77.153) Quit (Changing host)</span></li>
<li class="join">[<abbr title="2014-07-07T02:38:58+00:00">02:38:58</abbr>] <span>* thews (~thews@unaffiliated/thews) has joined #beagle</span></li>
<li class="quit">[<a href="#T02:39:47" id="T02:39:47"><abbr title="2014-07-07T02:39:47+00:00">02:39:47</abbr></a>] <span>* thews (~thews@unaffiliated/thews) Quit (Read error: No route to host)</span></li>
<li class="join">[<a href="#T02:40:09" id="T02:40:09"><abbr title="2014-07-07T02:40:09+00:00">02:40:09</abbr></a>] <span>* thews (~thews@142.196.77.153) has joined #beagle</span></li>
<li class="quit">[<abbr title="2014-07-07T02:40:09+00:00">02:40:09</abbr>] <span>* thews (~thews@142.196.77.153) Quit (Changing host)</span></li>
<li class="join">[<abbr title="2014-07-07T02:40:09+00:00">02:40:09</abbr>] <span>* thews (~thews@unaffiliated/thews) has joined #beagle</span></li>
<li class="join">[<a href="#T02:45:58" id="T02:45:58"><abbr title="2014-07-07T02:45:58+00:00">02:45:58</abbr></a>] <span>* eikeon (~eikeon@c-98-218-6-128.hsd1.dc.comcast.net) has joined #beagle</span></li>
<li class="quit">[<a href="#T02:50:09" id="T02:50:09"><abbr title="2014-07-07T02:50:09+00:00">02:50:09</abbr></a>] <span>* eikeon (~eikeon@c-98-218-6-128.hsd1.dc.comcast.net) Quit (Client Quit)</span></li>
<li class="join">[<a href="#T03:00:42" id="T03:00:42"><abbr title="2014-07-07T03:00:42+00:00">03:00:42</abbr></a>] <span>* inca (~inca@cpe-98-27-155-145.neo.res.rr.com) has joined #beagle</span></li>
<li class="quit">[<a href="#T03:16:19" id="T03:16:19"><abbr title="2014-07-07T03:16:19+00:00">03:16:19</abbr></a>] <span>* veremit (~veremit@unaffiliated/veremit) Quit (Quit: &lt;Insert witty quit message here&gt;)</span></li>
<li class="quit">[<a href="#T03:23:38" id="T03:23:38"><abbr title="2014-07-07T03:23:38+00:00">03:23:38</abbr></a>] <span>* Shadyman (~matthew@unaffiliated/shadyman) Quit (Quit: Leaving.)</span></li>
<li class="nick-change">[<a href="#T03:34:00" id="T03:34:00"><abbr title="2014-07-07T03:34:00+00:00">03:34:00</abbr></a>] <span>* repat is now known as zz_repat</span></li>
<li class="join">[<a href="#T03:38:08" id="T03:38:08"><abbr title="2014-07-07T03:38:08+00:00">03:38:08</abbr></a>] <span>* Dan3 (~desktop@ppp236-99.static.internode.on.net) has joined #beagle</span></li>
<li class="quit">[<a href="#T03:39:26" id="T03:39:26"><abbr title="2014-07-07T03:39:26+00:00">03:39:26</abbr></a>] <span>* Dan1 (~desktop@ppp236-99.static.internode.on.net) Quit (Ping timeout: 255 seconds)</span></li>
<li class="join">[<a href="#T03:47:50" id="T03:47:50"><abbr title="2014-07-07T03:47:50+00:00">03:47:50</abbr></a>] <span>* Shadyman (~matthew@unaffiliated/shadyman) has joined #beagle</span></li>
<li class="quit">[<a href="#T03:48:16" id="T03:48:16"><abbr title="2014-07-07T03:48:16+00:00">03:48:16</abbr></a>] <span>* jonand (~jonas@217.27.163.151) Quit (Ping timeout: 264 seconds)</span></li>
<li class="quit">[<a href="#T03:57:44" id="T03:57:44"><abbr title="2014-07-07T03:57:44+00:00">03:57:44</abbr></a>] <span>* RushPL (~quassel@dragon.rushbase.net) Quit (Ping timeout: 252 seconds)</span></li>
<li class="join">[<a href="#T03:58:28" id="T03:58:28"><abbr title="2014-07-07T03:58:28+00:00">03:58:28</abbr></a>] <span>* RushPL (~quassel@dragon.rushbase.net) has joined #beagle</span></li>
<li class="quit">[<a href="#T03:58:53" id="T03:58:53"><abbr title="2014-07-07T03:58:53+00:00">03:58:53</abbr></a>] <span>* sidbh (~Siddharth@123.201.22.227) Quit (Quit: Leaving)</span></li>
<li class="quit">[<a href="#T04:01:43" id="T04:01:43"><abbr title="2014-07-07T04:01:43+00:00">04:01:43</abbr></a>] <span>* Dan3 (~desktop@ppp236-99.static.internode.on.net) Quit (Ping timeout: 248 seconds)</span></li>
<li class="quit">[<a href="#T04:03:43" id="T04:03:43"><abbr title="2014-07-07T04:03:43+00:00">04:03:43</abbr></a>] <span>* Shadyman (~matthew@unaffiliated/shadyman) Quit (Quit: Leaving.)</span></li>
<li class="join">[<a href="#T04:06:34" id="T04:06:34"><abbr title="2014-07-07T04:06:34+00:00">04:06:34</abbr></a>] <span>* Dan1 (~desktop@ppp236-99.static.internode.on.net) has joined #beagle</span></li>
<li class="join">[<a href="#T04:08:06" id="T04:08:06"><abbr title="2014-07-07T04:08:06+00:00">04:08:06</abbr></a>] <span>* Shadyman (~matthew@unaffiliated/shadyman) has joined #beagle</span></li>
<li class="quit">[<a href="#T04:09:27" id="T04:09:27"><abbr title="2014-07-07T04:09:27+00:00">04:09:27</abbr></a>] <span>* Abhishek_ (uid26899@gateway/web/irccloud.com/x-ajvsebuhxumwhddq) Quit (Quit: Connection closed for inactivity)</span></li>
<li class="join">[<a href="#T04:23:18" id="T04:23:18"><abbr title="2014-07-07T04:23:18+00:00">04:23:18</abbr></a>] <span>* ynki9 (~ynki9@fl-71-3-133-37.dhcp.embarqhsd.net) has joined #beagle</span></li>
<li class="message">[<a href="#T04:49:20" id="T04:49:20"><abbr title="2014-07-07T04:49:20+00:00">04:49:20</abbr></a>] &lt;<cite>zmatt</cite>&gt; <q>hey, they re-added the PRU chapter to the TRM</q></li>
<li class="join">[<a href="#T04:50:00" id="T04:50:00"><abbr title="2014-07-07T04:50:00+00:00">04:50:00</abbr></a>] <span>* znsafu (~zsnafu@71-209-37-50.bois.qwest.net) has joined #beagle</span></li>
<li class="message">[<a href="#T04:50:04" id="T04:50:04"><abbr title="2014-07-07T04:50:04+00:00">04:50:04</abbr></a>] &lt;<cite>av500</cite>&gt; <q>\o/</q></li>
<li class="message">[<a href="#T04:53:36" id="T04:53:36"><abbr title="2014-07-07T04:53:36+00:00">04:53:36</abbr></a>] &lt;<cite>zmatt</cite>&gt; <q>I spot differences with the separately released (but "unsupported") am335xPruReferenceGuide though</q></li>
<li class="message">[<a href="#T04:55:49" id="T04:55:49"><abbr title="2014-07-07T04:55:49+00:00">04:55:49</abbr></a>] &lt;<cite>zmatt</cite>&gt; <q>both more info and less info, in different areas</q></li>
<li class="join">[<a href="#T05:08:41" id="T05:08:41"><abbr title="2014-07-07T05:08:41+00:00">05:08:41</abbr></a>] <span>* dastaan (~dastaan@106.79.160.224) has joined #beagle</span></li>
<li class="quit">[<a href="#T05:14:47" id="T05:14:47"><abbr title="2014-07-07T05:14:47+00:00">05:14:47</abbr></a>] <span>* dsmith (~dsmith@cpe-184-56-129-232.neo.res.rr.com) Quit (Ping timeout: 272 seconds)</span></li>
<li class="quit">[<a href="#T05:17:21" id="T05:17:21"><abbr title="2014-07-07T05:17:21+00:00">05:17:21</abbr></a>] <span>* dastaan (~dastaan@106.79.160.224) Quit (Ping timeout: 240 seconds)</span></li>
<li class="quit">[<a href="#T05:24:32" id="T05:24:32"><abbr title="2014-07-07T05:24:32+00:00">05:24:32</abbr></a>] <span>* ynki9 (~ynki9@fl-71-3-133-37.dhcp.embarqhsd.net) Quit (Remote host closed the connection)</span></li>
<li class="quit">[<a href="#T05:25:37" id="T05:25:37"><abbr title="2014-07-07T05:25:37+00:00">05:25:37</abbr></a>] <span>* djerome (~djerome@ip24-251-115-14.ph.ph.cox.net) Quit (Remote host closed the connection)</span></li>
<li class="join">[<a href="#T05:30:11" id="T05:30:11"><abbr title="2014-07-07T05:30:11+00:00">05:30:11</abbr></a>] <span>* Amperture (~Amperture@67-61-126-70.cpe.cableone.net) has joined #beagle</span></li>
<li class="quit">[<abbr title="2014-07-07T05:30:11+00:00">05:30:11</abbr>] <span>* Amperturity (~Amperture@67-61-126-70.cpe.cableone.net) Quit (Read error: Connection reset by peer)</span></li>
<li class="join">[<a href="#T05:38:02" id="T05:38:02"><abbr title="2014-07-07T05:38:02+00:00">05:38:02</abbr></a>] <span>* tridge (~tridge@pdpc/supporter/professional/tridge) has joined #beagle</span></li>
<li class="join">[<a href="#T05:40:10" id="T05:40:10"><abbr title="2014-07-07T05:40:10+00:00">05:40:10</abbr></a>] <span>* jonand (~jonas@217.27.163.151) has joined #beagle</span></li>
<li class="join">[<a href="#T05:44:08" id="T05:44:08"><abbr title="2014-07-07T05:44:08+00:00">05:44:08</abbr></a>] <span>* dys (~user@2a01:1e8:e100:8296:21a:4dff:fe4e:273a) has joined #beagle</span></li>
<li class="join">[<a href="#T05:45:43" id="T05:45:43"><abbr title="2014-07-07T05:45:43+00:00">05:45:43</abbr></a>] <span>* lyakh (~lyakh@ip-109-44-234-75.web.vodafone.de) has joined #beagle</span></li>
<li class="quit">[<a href="#T05:52:09" id="T05:52:09"><abbr title="2014-07-07T05:52:09+00:00">05:52:09</abbr></a>] <span>* wednesday (~wednesday@c-76-104-145-102.hsd1.wa.comcast.net) Quit (Read error: Connection reset by peer)</span></li>
<li class="join">[<a href="#T05:54:33" id="T05:54:33"><abbr title="2014-07-07T05:54:33+00:00">05:54:33</abbr></a>] <span>* wednesday (~wednesday@c-76-104-145-102.hsd1.wa.comcast.net) has joined #beagle</span></li>
<li class="join">[<a href="#T05:54:34" id="T05:54:34"><abbr title="2014-07-07T05:54:34+00:00">05:54:34</abbr></a>] <span>* wednesday (~wednesday@c-76-104-145-102.hsd1.wa.comcast.net) has joined #beaglebone</span></li>
<li class="join">[<a href="#T05:55:29" id="T05:55:29"><abbr title="2014-07-07T05:55:29+00:00">05:55:29</abbr></a>] <span>* BennyB_ (~heldb@host-88-217-198-167.customer.m-online.net) has joined #beagle</span></li>
<li class="quit">[<a href="#T05:55:51" id="T05:55:51"><abbr title="2014-07-07T05:55:51+00:00">05:55:51</abbr></a>] <span>* jonand (~jonas@217.27.163.151) Quit (Ping timeout: 248 seconds)</span></li>
<li class="quit">[<a href="#T06:04:03" id="T06:04:03"><abbr title="2014-07-07T06:04:03+00:00">06:04:03</abbr></a>] <span>* vvu (~vvu@unaffiliated/vvu) Quit (Quit: leaving)</span></li>
<li class="quit">[<a href="#T06:04:55" id="T06:04:55"><abbr title="2014-07-07T06:04:55+00:00">06:04:55</abbr></a>] <span>* fmotu (~bobb@108.175.206.24) Quit (Ping timeout: 248 seconds)</span></li>
<li class="join">[<a href="#T06:05:30" id="T06:05:30"><abbr title="2014-07-07T06:05:30+00:00">06:05:30</abbr></a>] <span>* vvu (~vvu@unaffiliated/vvu) has joined #beagle</span></li>
<li class="join">[<a href="#T06:06:54" id="T06:06:54"><abbr title="2014-07-07T06:06:54+00:00">06:06:54</abbr></a>] <span>* fmotu (~bobb@108.175.206.24) has joined #beagle</span></li>
<li class="join">[<a href="#T06:14:12" id="T06:14:12"><abbr title="2014-07-07T06:14:12+00:00">06:14:12</abbr></a>] <span>* bearsh|work (~quassel@222-92.77-83.cust.bluewin.ch) has joined #beagle</span></li>
<li class="join">[<a href="#T06:15:54" id="T06:15:54"><abbr title="2014-07-07T06:15:54+00:00">06:15:54</abbr></a>] <span>* pokra311 (b5f1f231@gateway/web/freenode/ip.181.241.242.49) has joined #beagle</span></li>
<li class="quit">[<a href="#T06:24:16" id="T06:24:16"><abbr title="2014-07-07T06:24:16+00:00">06:24:16</abbr></a>] <span>* pokra311 (b5f1f231@gateway/web/freenode/ip.181.241.242.49) Quit (Ping timeout: 246 seconds)</span></li>
<li class="join">[<a href="#T06:25:45" id="T06:25:45"><abbr title="2014-07-07T06:25:45+00:00">06:25:45</abbr></a>] <span>* NulL` (~bleh1@80.65.247.102) has joined #beagle</span></li>
<li class="join">[<a href="#T06:28:21" id="T06:28:21"><abbr title="2014-07-07T06:28:21+00:00">06:28:21</abbr></a>] <span>* AlisonChaiken (~alison@gateway01.m3-connect.de) has joined #beaglebone</span></li>
<li class="part">[<a href="#T06:28:35" id="T06:28:35"><abbr title="2014-07-07T06:28:35+00:00">06:28:35</abbr></a>] <span>* AlisonChaiken (~alison@gateway01.m3-connect.de) has left #beaglebone</span></li>
<li class="join">[<a href="#T06:30:26" id="T06:30:26"><abbr title="2014-07-07T06:30:26+00:00">06:30:26</abbr></a>] <span>* divine (~divine@99-45-114-254.lightspeed.sntcca.sbcglobal.net) has joined #beaglebone</span></li>
<li class="join">[<a href="#T06:38:30" id="T06:38:30"><abbr title="2014-07-07T06:38:30+00:00">06:38:30</abbr></a>] <span>* mmilano (~mmilano@pool-98-112-191-192.lsanca.fios.verizon.net) has joined #beagle</span></li>
<li class="message">[<a href="#T06:43:25" id="T06:43:25"><abbr title="2014-07-07T06:43:25+00:00">06:43:25</abbr></a>] &lt;<cite>mmilano</cite>&gt; <q>i got the panda wifi card working sorta. i can ping my router and google from the beaglebone, but i cannot ping the beaglebone or ssh to the wlan0 ip from another system on my network.  when i’m wired up on eth0, i can access the bbb just fine from other systems.</q></li>
<li class="message">[<a href="#T06:43:59" id="T06:43:59"><abbr title="2014-07-07T06:43:59+00:00">06:43:59</abbr></a>] &lt;<cite>mmilano</cite>&gt; <q>any ideas on why i can’t hit the bbb from another system via the wifi interface?</q></li>
<li class="join">[<a href="#T06:51:00" id="T06:51:00"><abbr title="2014-07-07T06:51:00+00:00">06:51:00</abbr></a>] <span>* dey (~yashi@p4FF74988.dip0.t-ipconnect.de) has joined #beagle</span></li>
<li class="join">[<a href="#T06:51:50" id="T06:51:50"><abbr title="2014-07-07T06:51:50+00:00">06:51:50</abbr></a>] <span>* jpirko (~jirka@ip-94-113-121-85.net.upcbroadband.cz) has joined #beagle</span></li>
<li class="join">[<a href="#T06:52:46" id="T06:52:46"><abbr title="2014-07-07T06:52:46+00:00">06:52:46</abbr></a>] <span>* jonand (~jonas@217.27.163.151) has joined #beagle</span></li>
<li class="message">[<a href="#T06:53:03" id="T06:53:03"><abbr title="2014-07-07T06:53:03+00:00">06:53:03</abbr></a>] &lt;<cite>dey</cite>&gt; <q>is the only way to access gpio pins really via writing High/low into the pin related file in /sys/...? Isnt that awefully slow?</q></li>
<li class="message">[<a href="#T06:53:44" id="T06:53:44"><abbr title="2014-07-07T06:53:44+00:00">06:53:44</abbr></a>] &lt;<cite>dey</cite>&gt; <q>awfully*</q></li>
<li class="message">[<a href="#T06:56:17" id="T06:56:17"><abbr title="2014-07-07T06:56:17+00:00">06:56:17</abbr></a>] &lt;<cite>av500</cite>&gt; <q>no</q></li>
<li class="quit">[<a href="#T06:56:21" id="T06:56:21"><abbr title="2014-07-07T06:56:21+00:00">06:56:21</abbr></a>] <span>* lyakh (~lyakh@ip-109-44-234-75.web.vodafone.de) Quit (Read error: Connection reset by peer)</span></li>
<li class="message">[<a href="#T06:56:44" id="T06:56:44"><abbr title="2014-07-07T06:56:44+00:00">06:56:44</abbr></a>] &lt;<cite>av500</cite>&gt; <q>if you need high speed with somewhat reliable timing, consider a kernel driver</q></li>
<li class="join">[<a href="#T06:57:47" id="T06:57:47"><abbr title="2014-07-07T06:57:47+00:00">06:57:47</abbr></a>] <span>* ynki9 (~ynki9@fl-71-3-133-37.dhcp.embarqhsd.net) has joined #beagle</span></li>
<li class="message">[<a href="#T06:57:54" id="T06:57:54"><abbr title="2014-07-07T06:57:54+00:00">06:57:54</abbr></a>] &lt;<cite>dey</cite>&gt; <q>av500: a kernel driver allows me to directly access the registers?</q></li>
<li class="quit">[<a href="#T06:58:16" id="T06:58:16"><abbr title="2014-07-07T06:58:16+00:00">06:58:16</abbr></a>] <span>* ynki9 (~ynki9@fl-71-3-133-37.dhcp.embarqhsd.net) Quit (Read error: Connection reset by peer)</span></li>
<li class="message">[<a href="#T06:58:47" id="T06:58:47"><abbr title="2014-07-07T06:58:47+00:00">06:58:47</abbr></a>] &lt;<cite>av500</cite>&gt; <q>yes</q></li>
<li class="message">[<a href="#T06:58:55" id="T06:58:55"><abbr title="2014-07-07T06:58:55+00:00">06:58:55</abbr></a>] &lt;<cite>av500</cite>&gt; <q>you can also access the registers from user space</q></li>
<li class="join">[<a href="#T06:59:05" id="T06:59:05"><abbr title="2014-07-07T06:59:05+00:00">06:59:05</abbr></a>] <span>* ynki9 (~ynki9@fl-71-3-133-37.dhcp.embarqhsd.net) has joined #beagle</span></li>
<li class="message">[<a href="#T06:59:07" id="T06:59:07"><abbr title="2014-07-07T06:59:07+00:00">06:59:07</abbr></a>] &lt;<cite>av500</cite>&gt; <q>but thats kind of hacky and you will get user space timing</q></li>
<li class="message">[<a href="#T07:00:31" id="T07:00:31"><abbr title="2014-07-07T07:00:31+00:00">07:00:31</abbr></a>] &lt;<cite>dey</cite>&gt; <q>i dont really need the speed. But it sounds interesting. I think i look into it after i finish the driver</q></li>
<li class="message">[<a href="#T07:01:22" id="T07:01:22"><abbr title="2014-07-07T07:01:22+00:00">07:01:22</abbr></a>] &lt;<cite>dey</cite>&gt; <q>does writing into the gpio file create an interrupt? Or is the kernel constantly checking for changes in the folder?</q></li>
<li class="message">[<a href="#T07:01:32" id="T07:01:32"><abbr title="2014-07-07T07:01:32+00:00">07:01:32</abbr></a>] &lt;<cite>av500</cite>&gt; <q>neither</q></li>
<li class="join">[<a href="#T07:01:36" id="T07:01:36"><abbr title="2014-07-07T07:01:36+00:00">07:01:36</abbr></a>] <span>* woglinde (~henning@fb-n15-11.unbelievable-machine.net) has joined #beagle</span></li>
<li class="message">[<a href="#T07:01:39" id="T07:01:39"><abbr title="2014-07-07T07:01:39+00:00">07:01:39</abbr></a>] &lt;<cite>av500</cite>&gt; <q>its a virtual filesystem</q></li>
<li class="message">[<a href="#T07:01:48" id="T07:01:48"><abbr title="2014-07-07T07:01:48+00:00">07:01:48</abbr></a>] &lt;<cite>av500</cite>&gt; <q>it ends directly inside the kernel</q></li>
<li class="message">[<a href="#T07:02:15" id="T07:02:15"><abbr title="2014-07-07T07:02:15+00:00">07:02:15</abbr></a>] &lt;<cite>dey</cite>&gt; <q>that means i basically give a value directly to a kernel function?</q></li>
<li class="message">[<a href="#T07:03:18" id="T07:03:18"><abbr title="2014-07-07T07:03:18+00:00">07:03:18</abbr></a>] &lt;<cite>av500</cite>&gt; <q>yes</q></li>
<li class="message">[<a href="#T07:04:22" id="T07:04:22"><abbr title="2014-07-07T07:04:22+00:00">07:04:22</abbr></a>] &lt;<cite>dey</cite>&gt; <q>i thought i write something into a file on my disk :P which gets parsed, whenever the kernel feels like :D</q></li>
<li class="message">[<a href="#T07:04:48" id="T07:04:48"><abbr title="2014-07-07T07:04:48+00:00">07:04:48</abbr></a>] &lt;<cite>dey</cite>&gt; <q>needless to say, i was amazed that it actually works</q></li>
<li class="join">[<a href="#T07:05:11" id="T07:05:11"><abbr title="2014-07-07T07:05:11+00:00">07:05:11</abbr></a>] <span>* florian_kc (~fuchs@Maemo/community/contributor/florian) has joined #beagle</span></li>
<li class="quit">[<a href="#T07:06:17" id="T07:06:17"><abbr title="2014-07-07T07:06:17+00:00">07:06:17</abbr></a>] <span>* ynki9 (~ynki9@fl-71-3-133-37.dhcp.embarqhsd.net) Quit (Remote host closed the connection)</span></li>
<li class="join">[<a href="#T07:06:29" id="T07:06:29"><abbr title="2014-07-07T07:06:29+00:00">07:06:29</abbr></a>] <span>* maquefel (~maquefel@109.188.73.53) has joined #beagle</span></li>
<li class="message">[<a href="#T07:07:37" id="T07:07:37"><abbr title="2014-07-07T07:07:37+00:00">07:07:37</abbr></a>] &lt;<cite>woglinde</cite>&gt; <q>gm</q></li>
<li class="message">[<a href="#T07:10:56" id="T07:10:56"><abbr title="2014-07-07T07:10:56+00:00">07:10:56</abbr></a>] &lt;<cite>KotH</cite>&gt; <q>hoi woglinde</q></li>
<li class="message">[<a href="#T07:11:08" id="T07:11:08"><abbr title="2014-07-07T07:11:08+00:00">07:11:08</abbr></a>] &lt;<cite>KotH</cite>&gt; <q>alles klar im grossen kanton im norden?</q></li>
<li class="message">[<a href="#T07:11:11" id="T07:11:11"><abbr title="2014-07-07T07:11:11+00:00">07:11:11</abbr></a>] &lt;<cite>woglinde</cite>&gt; <q>hi koth</q></li>
<li class="message">[<a href="#T07:11:29" id="T07:11:29"><abbr title="2014-07-07T07:11:29+00:00">07:11:29</abbr></a>] &lt;<cite>woglinde</cite>&gt; <q>koth we will see it tomorrow</q></li>
<li class="quit">[<a href="#T07:11:42" id="T07:11:42"><abbr title="2014-07-07T07:11:42+00:00">07:11:42</abbr></a>] <span>* jonand (~jonas@217.27.163.151) Quit (Ping timeout: 260 seconds)</span></li>
<li class="message">[<a href="#T07:12:03" id="T07:12:03"><abbr title="2014-07-07T07:12:03+00:00">07:12:03</abbr></a>] &lt;<cite>KotH</cite>&gt; <q>what is going to happen tomorrow?</q></li>
<li class="message">[<a href="#T07:12:08" id="T07:12:08"><abbr title="2014-07-07T07:12:08+00:00">07:12:08</abbr></a>] &lt;<cite>dey</cite>&gt; <q>ein schweizer :)</q></li>
<li class="message">[<a href="#T07:12:34" id="T07:12:34"><abbr title="2014-07-07T07:12:34+00:00">07:12:34</abbr></a>] &lt;<cite>KotH</cite>&gt; <q>dey: natürli! was häsch denn du dänkt? das i en schoob seg?</q></li>
<li class="nick-change">[<a href="#T07:12:59" id="T07:12:59"><abbr title="2014-07-07T07:12:59+00:00">07:12:59</abbr></a>] <span>* florian_kc is now known as florian</span></li>
<li class="quit">[<a href="#T07:16:35" id="T07:16:35"><abbr title="2014-07-07T07:16:35+00:00">07:16:35</abbr></a>] <span>* The_Ball (~ballen@202.10.92.134) Quit (Remote host closed the connection)</span></li>
<li class="join">[<a href="#T07:17:00" id="T07:17:00"><abbr title="2014-07-07T07:17:00+00:00">07:17:00</abbr></a>] <span>* gusnan (~gusnan@81-230-126-193-no160.bredband.skanova.com) has joined #beagle</span></li>
<li class="join">[<a href="#T07:19:30" id="T07:19:30"><abbr title="2014-07-07T07:19:30+00:00">07:19:30</abbr></a>] <span>* eballetbo (~eballetbo@43.Red-2-139-180.staticIP.rima-tde.net) has joined #beagle</span></li>
<li class="quit">[<a href="#T07:20:24" id="T07:20:24"><abbr title="2014-07-07T07:20:24+00:00">07:20:24</abbr></a>] <span>* gusnan_ (~gusnan@81-230-126-193-no160.bredband.skanova.com) Quit (Ping timeout: 255 seconds)</span></li>
<li class="quit">[<a href="#T07:21:18" id="T07:21:18"><abbr title="2014-07-07T07:21:18+00:00">07:21:18</abbr></a>] <span>* gusnan (~gusnan@81-230-126-193-no160.bredband.skanova.com) Quit (Ping timeout: 255 seconds)</span></li>
<li class="join">[<a href="#T07:21:46" id="T07:21:46"><abbr title="2014-07-07T07:21:46+00:00">07:21:46</abbr></a>] <span>* lyakh (~lyakh@ip-109-44-234-75.web.vodafone.de) has joined #beagle</span></li>
<li class="join">[<a href="#T07:21:57" id="T07:21:57"><abbr title="2014-07-07T07:21:57+00:00">07:21:57</abbr></a>] <span>* gusnan (~gusnan@81-230-126-193-no160.bredband.skanova.com) has joined #beagle</span></li>
<li class="join">[<a href="#T07:26:35" id="T07:26:35"><abbr title="2014-07-07T07:26:35+00:00">07:26:35</abbr></a>] <span>* Mounicq1 (~Thunderbi@173.73.7.84.rev.sfr.net) has joined #beagle</span></li>
<li class="join">[<a href="#T07:27:43" id="T07:27:43"><abbr title="2014-07-07T07:27:43+00:00">07:27:43</abbr></a>] <span>* christoffer (~christoff@2a00:865:3b1b:ae58:c526:2bd7:277f:938) has joined #beagle</span></li>
<li class="join">[<a href="#T07:29:06" id="T07:29:06"><abbr title="2014-07-07T07:29:06+00:00">07:29:06</abbr></a>] <span>* shoragan (~shoragan@debian/developer/shoragan) has joined #beagle</span></li>
<li class="join">[<a href="#T07:33:25" id="T07:33:25"><abbr title="2014-07-07T07:33:25+00:00">07:33:25</abbr></a>] <span>* c10ud (~c10ud@emesene/dictator/c10ud) has joined #beagle</span></li>
<li class="quit">[<a href="#T07:36:36" id="T07:36:36"><abbr title="2014-07-07T07:36:36+00:00">07:36:36</abbr></a>] <span>* dey (~yashi@p4FF74988.dip0.t-ipconnect.de) Quit (Quit: Lost terminal)</span></li>
<li class="message">[<a href="#T07:47:01" id="T07:47:01"><abbr title="2014-07-07T07:47:01+00:00">07:47:01</abbr></a>] &lt;<cite>mmilano</cite>&gt; <q>i have wlan0 configured, but cannot ping the ip assigned to it. is there something else to configure so i can ping it like i can eth0 when i’m wired up?</q></li>
<li class="join">[<a href="#T07:50:01" id="T07:50:01"><abbr title="2014-07-07T07:50:01+00:00">07:50:01</abbr></a>] <span>* faber (02e420f2@gateway/web/freenode/ip.2.228.32.242) has joined #beagle</span></li>
<li class="message">[<a href="#T07:50:25" id="T07:50:25"><abbr title="2014-07-07T07:50:25+00:00">07:50:25</abbr></a>] &lt;<cite>faber</cite>&gt; <q>hi everybody!</q></li>
<li class="message">[<a href="#T07:50:49" id="T07:50:49"><abbr title="2014-07-07T07:50:49+00:00">07:50:49</abbr></a>] &lt;<cite>faber</cite>&gt; <q>is there a I2C cape for beaglebone?</q></li>
<li class="quit">[<a href="#T07:53:55" id="T07:53:55"><abbr title="2014-07-07T07:53:55+00:00">07:53:55</abbr></a>] <span>* woglinde (~henning@fb-n15-11.unbelievable-machine.net) Quit (Quit: leaving)</span></li>
<li class="message">[<a href="#T07:56:41" id="T07:56:41"><abbr title="2014-07-07T07:56:41+00:00">07:56:41</abbr></a>] &lt;<cite>maquefel</cite>&gt; <q>2faber for black bleaglebone?</q></li>
<li class="message">[<a href="#T07:57:24" id="T07:57:24"><abbr title="2014-07-07T07:57:24+00:00">07:57:24</abbr></a>] &lt;<cite>maquefel</cite>&gt; <q>anyway for what you have 2 i2c ports on both beagles</q></li>
<li class="join">[<a href="#T07:57:25" id="T07:57:25"><abbr title="2014-07-07T07:57:25+00:00">07:57:25</abbr></a>] <span>* das (~das@169.5.80.79.rev.sfr.net) has joined #beagle</span></li>
<li class="join">[<a href="#T07:57:57" id="T07:57:57"><abbr title="2014-07-07T07:57:57+00:00">07:57:57</abbr></a>] <span>* jpsaman (~jpsaman@videolan/developer/jpsaman) has joined #beagle</span></li>
<li class="join">[<a href="#T08:00:20" id="T08:00:20"><abbr title="2014-07-07T08:00:20+00:00">08:00:20</abbr></a>] <span>* Abhishek__ (uid26899@gateway/web/irccloud.com/x-lhkklseqlwiawhbf) has joined #beagle</span></li>
<li class="message">[<a href="#T08:02:03" id="T08:02:03"><abbr title="2014-07-07T08:02:03+00:00">08:02:03</abbr></a>] &lt;<cite>maquefel</cite>&gt; <q>2faber <a href="https://learn.adafruit.com/adding-a-real-time-clock-to-beaglebone-black/overview">https://learn.adafruit.com/adding-a-real-time-clock-to-beaglebone-black/overview</a></q></li>
<li class="quit">[<a href="#T08:06:02" id="T08:06:02"><abbr title="2014-07-07T08:06:02+00:00">08:06:02</abbr></a>] <span>* Jonnyw2k (~Jonnyw2k@unaffiliated/jonnyw2k) Quit (Ping timeout: 264 seconds)</span></li>
<li class="join">[<a href="#T08:06:35" id="T08:06:35"><abbr title="2014-07-07T08:06:35+00:00">08:06:35</abbr></a>] <span>* Jonnyw2k (~Jonnyw2k@host-2-102-230-70.as13285.net) has joined #beagle</span></li>
<li class="join">[<a href="#T08:07:19" id="T08:07:19"><abbr title="2014-07-07T08:07:19+00:00">08:07:19</abbr></a>] <span>* ynki9 (~ynki9@fl-71-3-133-37.dhcp.embarqhsd.net) has joined #beagle</span></li>
<li class="join">[<a href="#T08:08:32" id="T08:08:32"><abbr title="2014-07-07T08:08:32+00:00">08:08:32</abbr></a>] <span>* dastaan (~dastaan@106.66.32.42) has joined #beagle</span></li>
<li class="quit">[<a href="#T08:11:51" id="T08:11:51"><abbr title="2014-07-07T08:11:51+00:00">08:11:51</abbr></a>] <span>* ynki9 (~ynki9@fl-71-3-133-37.dhcp.embarqhsd.net) Quit (Ping timeout: 248 seconds)</span></li>
<li class="join">[<a href="#T08:13:11" id="T08:13:11"><abbr title="2014-07-07T08:13:11+00:00">08:13:11</abbr></a>] <span>* gusnan_ (~gusnan@81-230-126-193-no160.bredband.skanova.com) has joined #beagle</span></li>
<li class="message">[<a href="#T08:14:23" id="T08:14:23"><abbr title="2014-07-07T08:14:23+00:00">08:14:23</abbr></a>] &lt;<cite>faber</cite>&gt; <q>2maquefel thank you! Not black one, only beaglebone. i know BB has a i2c bus, but do i need a special CAPE to exit with a standard i2C connector or do i have it directly on the BB master board ?</q></li>
<li class="message">[<a href="#T08:15:02" id="T08:15:02"><abbr title="2014-07-07T08:15:02+00:00">08:15:02</abbr></a>] &lt;<cite>faber</cite>&gt; <q>i dont understand this reading around on the net...</q></li>
<li class="quit">[<abbr title="2014-07-07T08:15:02+00:00">08:15:02</abbr>] <span>* Abhishek__ (uid26899@gateway/web/irccloud.com/x-lhkklseqlwiawhbf) Quit ()</span></li>
<li class="message">[<a href="#T08:15:16" id="T08:15:16"><abbr title="2014-07-07T08:15:16+00:00">08:15:16</abbr></a>] &lt;<cite>maquefel</cite>&gt; <q>2faber you can make one</q></li>
<li class="join">[<a href="#T08:15:20" id="T08:15:20"><abbr title="2014-07-07T08:15:20+00:00">08:15:20</abbr></a>] <span>* Abhishek__ (uid26899@gateway/web/irccloud.com/x-xmycqixdqpsbqgkm) has joined #beagle</span></li>
<li class="message">[<a href="#T08:15:21" id="T08:15:21"><abbr title="2014-07-07T08:15:21+00:00">08:15:21</abbr></a>] &lt;<cite>maquefel</cite>&gt; <q>buy protocape</q></li>
<li class="message">[<a href="#T08:15:35" id="T08:15:35"><abbr title="2014-07-07T08:15:35+00:00">08:15:35</abbr></a>] &lt;<cite>maquefel</cite>&gt; <q>and use this drawing to connect i2c device</q></li>
<li class="message">[<a href="#T08:15:39" id="T08:15:39"><abbr title="2014-07-07T08:15:39+00:00">08:15:39</abbr></a>] &lt;<cite>maquefel</cite>&gt; <q>as an example</q></li>
<li class="message">[<a href="#T08:15:46" id="T08:15:46"><abbr title="2014-07-07T08:15:46+00:00">08:15:46</abbr></a>] &lt;<cite>maquefel</cite>&gt; <q>file:///home/maquefel/Downloads/RTC_Cape_A1_Schematic.pdf</q></li>
<li class="message">[<a href="#T08:15:56" id="T08:15:56"><abbr title="2014-07-07T08:15:56+00:00">08:15:56</abbr></a>] &lt;<cite>maquefel</cite>&gt; <q>opss</q></li>
<li class="message">[<a href="#T08:15:57" id="T08:15:57"><abbr title="2014-07-07T08:15:57+00:00">08:15:57</abbr></a>] &lt;<cite>maquefel</cite>&gt; <q>soz</q></li>
<li class="message">[<a href="#T08:16:05" id="T08:16:05"><abbr title="2014-07-07T08:16:05+00:00">08:16:05</abbr></a>] &lt;<cite>maquefel</cite>&gt; <q><a href="https://github.com/CircuitCo/RTC-Cape/blob/rev_a1/RTC_Cape_A1_Schematic.pdf?raw=true">https://github.com/CircuitCo/RTC-Cape/blob/rev_a1/RTC_Cape_A1_Schematic.pdf?raw=true</a></q></li>
<li class="message">[<a href="#T08:16:07" id="T08:16:07"><abbr title="2014-07-07T08:16:07+00:00">08:16:07</abbr></a>] &lt;<cite>maquefel</cite>&gt; <q>whis one</q></li>
<li class="quit">[<a href="#T08:16:29" id="T08:16:29"><abbr title="2014-07-07T08:16:29+00:00">08:16:29</abbr></a>] <span>* gusnan (~gusnan@81-230-126-193-no160.bredband.skanova.com) Quit (Ping timeout: 264 seconds)</span></li>
<li class="message">[<a href="#T08:16:38" id="T08:16:38"><abbr title="2014-07-07T08:16:38+00:00">08:16:38</abbr></a>] &lt;<cite>maquefel</cite>&gt; <q>and you don't need a special cape</q></li>
<li class="quit">[<a href="#T08:18:41" id="T08:18:41"><abbr title="2014-07-07T08:18:41+00:00">08:18:41</abbr></a>] <span>* mmilano (~mmilano@pool-98-112-191-192.lsanca.fios.verizon.net) Quit (Quit: mmilano)</span></li>
<li class="join">[<a href="#T08:18:48" id="T08:18:48"><abbr title="2014-07-07T08:18:48+00:00">08:18:48</abbr></a>] <span>* luastoned (5620037b@gateway/web/freenode/ip.86.32.3.123) has joined #beagle</span></li>
<li class="join">[<a href="#T08:19:38" id="T08:19:38"><abbr title="2014-07-07T08:19:38+00:00">08:19:38</abbr></a>] <span>* bizulk (~sli@h67.cornut.fr) has joined #beagleboard</span></li>
<li class="join">[<abbr title="2014-07-07T08:19:38+00:00">08:19:38</abbr>] <span>* bizulk (~sli@h67.cornut.fr) has joined #beagle</span></li>
<li class="join">[<a href="#T08:19:42" id="T08:19:42"><abbr title="2014-07-07T08:19:42+00:00">08:19:42</abbr></a>] <span>* gusnan (~gusnan@81-230-126-193-no160.bredband.skanova.com) has joined #beagle</span></li>
<li class="message">[<a href="#T08:20:22" id="T08:20:22"><abbr title="2014-07-07T08:20:22+00:00">08:20:22</abbr></a>] &lt;<cite>faber</cite>&gt; <q>2maquefel : thank you again ! bye</q></li>
<li class="quit">[<a href="#T08:23:06" id="T08:23:06"><abbr title="2014-07-07T08:23:06+00:00">08:23:06</abbr></a>] <span>* gusnan_ (~gusnan@81-230-126-193-no160.bredband.skanova.com) Quit (Ping timeout: 260 seconds)</span></li>
<li class="quit">[<a href="#T08:24:37" id="T08:24:37"><abbr title="2014-07-07T08:24:37+00:00">08:24:37</abbr></a>] <span>* jpirko (~jirka@ip-94-113-121-85.net.upcbroadband.cz) Quit (Quit: Leaving)</span></li>
<li class="join">[<a href="#T08:25:06" id="T08:25:06"><abbr title="2014-07-07T08:25:06+00:00">08:25:06</abbr></a>] <span>* bizarro_1 (~bizarro_1@36.Red-83-53-26.dynamicIP.rima-tde.net) has joined #beagle</span></li>
<li class="quit">[<a href="#T08:25:31" id="T08:25:31"><abbr title="2014-07-07T08:25:31+00:00">08:25:31</abbr></a>] <span>* dastaan (~dastaan@106.66.32.42) Quit (Remote host closed the connection)</span></li>
<li class="join">[<a href="#T08:25:36" id="T08:25:36"><abbr title="2014-07-07T08:25:36+00:00">08:25:36</abbr></a>] <span>* Undertasker (~keiner@84.200.211.85) has joined #beagle</span></li>
<li class="quit">[<a href="#T08:34:13" id="T08:34:13"><abbr title="2014-07-07T08:34:13+00:00">08:34:13</abbr></a>] <span>* Shadyman (~matthew@unaffiliated/shadyman) Quit (Quit: Leaving.)</span></li>
<li class="quit">[<a href="#T08:35:36" id="T08:35:36"><abbr title="2014-07-07T08:35:36+00:00">08:35:36</abbr></a>] <span>* MLM (~madli_000@c-75-73-159-26.hsd1.mn.comcast.net) Quit (Quit: Leaving.)</span></li>
<li class="join">[<a href="#T08:35:55" id="T08:35:55"><abbr title="2014-07-07T08:35:55+00:00">08:35:55</abbr></a>] <span>* dieterg (dieterg@36.88.175.120) has joined #beagle</span></li>
<li class="quit">[<a href="#T08:39:20" id="T08:39:20"><abbr title="2014-07-07T08:39:20+00:00">08:39:20</abbr></a>] <span>* mythos (~mythos@unaffiliated/mythos) Quit (Ping timeout: 252 seconds)</span></li>
<li class="quit">[<a href="#T08:48:25" id="T08:48:25"><abbr title="2014-07-07T08:48:25+00:00">08:48:25</abbr></a>] <span>* faber (02e420f2@gateway/web/freenode/ip.2.228.32.242) Quit (Quit: Page closed)</span></li>
<li class="join">[<a href="#T08:56:43" id="T08:56:43"><abbr title="2014-07-07T08:56:43+00:00">08:56:43</abbr></a>] <span>* scrp3l (~scrp3l@178.63.197.92) has joined #beagle</span></li>
<li class="join">[<a href="#T08:57:04" id="T08:57:04"><abbr title="2014-07-07T08:57:04+00:00">08:57:04</abbr></a>] <span>* panto (~panto@195.97.110.117) has joined #beagle</span></li>
<li class="quit">[<a href="#T08:57:08" id="T08:57:08"><abbr title="2014-07-07T08:57:08+00:00">08:57:08</abbr></a>] <span>* panto (~panto@195.97.110.117) Quit (Remote host closed the connection)</span></li>
<li class="join">[<a href="#T08:57:17" id="T08:57:17"><abbr title="2014-07-07T08:57:17+00:00">08:57:17</abbr></a>] <span>* panto (~panto@195.97.110.117) has joined #beagle</span></li>
<li class="join">[<a href="#T08:58:28" id="T08:58:28"><abbr title="2014-07-07T08:58:28+00:00">08:58:28</abbr></a>] <span>* jonand (~jonas@ip85-cty-nyk.tyfon.se) has joined #beagle</span></li>
<li class="join">[<a href="#T09:02:43" id="T09:02:43"><abbr title="2014-07-07T09:02:43+00:00">09:02:43</abbr></a>] <span>* jpirko (~jirka@84.64.broadband3.iol.cz) has joined #beagle</span></li>
<li class="join">[<a href="#T09:05:37" id="T09:05:37"><abbr title="2014-07-07T09:05:37+00:00">09:05:37</abbr></a>] <span>* yashi (~yashi@p4FF74988.dip0.t-ipconnect.de) has joined #beagle</span></li>
<li class="join">[<a href="#T09:07:54" id="T09:07:54"><abbr title="2014-07-07T09:07:54+00:00">09:07:54</abbr></a>] <span>* ynki9 (~ynki9@fl-71-3-133-37.dhcp.embarqhsd.net) has joined #beagle</span></li>
<li class="nick-change">[<a href="#T09:09:32" id="T09:09:32"><abbr title="2014-07-07T09:09:32+00:00">09:09:32</abbr></a>] <span>* yashi is now known as dey</span></li>
<li class="quit">[<a href="#T09:12:39" id="T09:12:39"><abbr title="2014-07-07T09:12:39+00:00">09:12:39</abbr></a>] <span>* ynki9 (~ynki9@fl-71-3-133-37.dhcp.embarqhsd.net) Quit (Ping timeout: 248 seconds)</span></li>
<li class="quit">[<a href="#T09:14:49" id="T09:14:49"><abbr title="2014-07-07T09:14:49+00:00">09:14:49</abbr></a>] <span>* jonand (~jonas@ip85-cty-nyk.tyfon.se) Quit (Ping timeout: 272 seconds)</span></li>
<li class="join">[<a href="#T09:16:21" id="T09:16:21"><abbr title="2014-07-07T09:16:21+00:00">09:16:21</abbr></a>] <span>* cityoflights2 (~nivw@bzq-218-29-26.cablep.bezeqint.net) has joined #beagle</span></li>
<li class="join">[<a href="#T09:27:51" id="T09:27:51"><abbr title="2014-07-07T09:27:51+00:00">09:27:51</abbr></a>] <span>* The_Ball (~ballen@c114-77-179-73.hillc3.qld.optusnet.com.au) has joined #beagle</span></li>
<li class="quit">[<a href="#T09:29:11" id="T09:29:11"><abbr title="2014-07-07T09:29:11+00:00">09:29:11</abbr></a>] <span>* jpirko (~jirka@84.64.broadband3.iol.cz) Quit (Ping timeout: 248 seconds)</span></li>
<li class="quit">[<a href="#T09:29:33" id="T09:29:33"><abbr title="2014-07-07T09:29:33+00:00">09:29:33</abbr></a>] <span>* dlan (~dennis@gentoo/developer/dlan) Quit (Ping timeout: 255 seconds)</span></li>
<li class="nick-change">[<a href="#T09:31:03" id="T09:31:03"><abbr title="2014-07-07T09:31:03+00:00">09:31:03</abbr></a>] <span>* dey is now known as flutterbat</span></li>
<li class="join">[<a href="#T09:31:21" id="T09:31:21"><abbr title="2014-07-07T09:31:21+00:00">09:31:21</abbr></a>] <span>* jonand (~jonas@s240h14o1hns1.dyn.tyfon.se) has joined #beagle</span></li>
<li class="join">[<a href="#T09:31:26" id="T09:31:26"><abbr title="2014-07-07T09:31:26+00:00">09:31:26</abbr></a>] <span>* dlan (~dennis@gentoo/developer/dlan) has joined #beagle</span></li>
<li class="nick-change">[<a href="#T09:33:31" id="T09:33:31"><abbr title="2014-07-07T09:33:31+00:00">09:33:31</abbr></a>] <span>* flutterbat is now known as Flutter-bat</span></li>
<li class="quit">[<a href="#T09:33:50" id="T09:33:50"><abbr title="2014-07-07T09:33:50+00:00">09:33:50</abbr></a>] <span>* Flutter-bat (~yashi@p4FF74988.dip0.t-ipconnect.de) Quit (Quit: leaving)</span></li>
<li class="quit">[<a href="#T09:35:59" id="T09:35:59"><abbr title="2014-07-07T09:35:59+00:00">09:35:59</abbr></a>] <span>* thow (~thow@disce.org) Quit (Ping timeout: 252 seconds)</span></li>
<li class="quit">[<a href="#T09:42:38" id="T09:42:38"><abbr title="2014-07-07T09:42:38+00:00">09:42:38</abbr></a>] <span>* fzombie (gplgeek@pdpc/supporter/student/GPLGeek) Quit (Ping timeout: 240 seconds)</span></li>
<li class="join">[<a href="#T09:46:18" id="T09:46:18"><abbr title="2014-07-07T09:46:18+00:00">09:46:18</abbr></a>] <span>* crxz0193 (~crxz0193@203.247.149.152) has joined #beagle</span></li>
<li class="join">[<a href="#T09:47:14" id="T09:47:14"><abbr title="2014-07-07T09:47:14+00:00">09:47:14</abbr></a>] <span>* stamina (~stamina@83.128.211.177) has joined #beaglebone</span></li>
<li class="quit">[<a href="#T09:49:29" id="T09:49:29"><abbr title="2014-07-07T09:49:29+00:00">09:49:29</abbr></a>] <span>* jonand (~jonas@s240h14o1hns1.dyn.tyfon.se) Quit (Ping timeout: 264 seconds)</span></li>
<li class="message">[<a href="#T09:51:13" id="T09:51:13"><abbr title="2014-07-07T09:51:13+00:00">09:51:13</abbr></a>] &lt;<cite>luastoned</cite>&gt; <q>hey, does anyone know what happened to this project <a href="http://beagleboard.org/project/BBB/">http://beagleboard.org/project/BBB/</a> ?</q></li>
<li class="join">[<a href="#T09:57:33" id="T09:57:33"><abbr title="2014-07-07T09:57:33+00:00">09:57:33</abbr></a>] <span>* jpirko (~jirka@94.230.152.5) has joined #beagle</span></li>
<li class="join">[<a href="#T09:58:05" id="T09:58:05"><abbr title="2014-07-07T09:58:05+00:00">09:58:05</abbr></a>] <span>* ynki9 (~ynki9@fl-71-3-133-37.dhcp.embarqhsd.net) has joined #beagle</span></li>
<li class="join">[<a href="#T09:58:15" id="T09:58:15"><abbr title="2014-07-07T09:58:15+00:00">09:58:15</abbr></a>] <span>* XDEC (~SomeRando@c-73-184-240-118.hsd1.ga.comcast.net) has joined #beagle</span></li>
<li class="quit">[<a href="#T09:59:41" id="T09:59:41"><abbr title="2014-07-07T09:59:41+00:00">09:59:41</abbr></a>] <span>* XDEC (~SomeRando@c-73-184-240-118.hsd1.ga.comcast.net) Quit (Client Quit)</span></li>
<li class="join">[<a href="#T09:59:53" id="T09:59:53"><abbr title="2014-07-07T09:59:53+00:00">09:59:53</abbr></a>] <span>* XDEC (~SomeRando@c-73-184-240-118.hsd1.ga.comcast.net) has joined #beagle</span></li>
<li class="quit">[<abbr title="2014-07-07T09:59:53+00:00">09:59:53</abbr>] <span>* XDEC (~SomeRando@c-73-184-240-118.hsd1.ga.comcast.net) Quit (Client Quit)</span></li>
<li class="quit">[<a href="#T09:59:58" id="T09:59:58"><abbr title="2014-07-07T09:59:58+00:00">09:59:58</abbr></a>] <span>* pwillard (~SomeRando@c-73-184-240-118.hsd1.ga.comcast.net) Quit (Quit: Leaving)</span></li>
<li class="join">[<a href="#T10:02:25" id="T10:02:25"><abbr title="2014-07-07T10:02:25+00:00">10:02:25</abbr></a>] <span>* mkad (~mkad@unaffiliated/mkad) has joined #beagle</span></li>
<li class="join">[<a href="#T10:02:57" id="T10:02:57"><abbr title="2014-07-07T10:02:57+00:00">10:02:57</abbr></a>] <span>* sumit_ (7bc93080@gateway/web/freenode/ip.123.201.48.128) has joined #beagle</span></li>
<li class="nick-change">[<abbr title="2014-07-07T10:02:57+00:00">10:02:57</abbr>] <span>* jpfau is now known as jpfau|away</span></li>
<li class="quit">[<abbr title="2014-07-07T10:02:57+00:00">10:02:57</abbr>] <span>* ynki9 (~ynki9@fl-71-3-133-37.dhcp.embarqhsd.net) Quit (Ping timeout: 272 seconds)</span></li>
<li class="message">[<a href="#T10:02:59" id="T10:02:59"><abbr title="2014-07-07T10:02:59+00:00">10:02:59</abbr></a>] &lt;<cite>av500</cite>&gt; <q>luastoned: like many of these projects it went nowhere</q></li>
<li class="quit">[<a href="#T10:03:59" id="T10:03:59"><abbr title="2014-07-07T10:03:59+00:00">10:03:59</abbr></a>] <span>* Shardvexz (~rawr@2606:a000:b484:8500:5964:ec58:cf69:bb52) Quit (Quit: Leaving)</span></li>
<li class="message">[<a href="#T10:05:30" id="T10:05:30"><abbr title="2014-07-07T10:05:30+00:00">10:05:30</abbr></a>] &lt;<cite>mkad</cite>&gt; <q>what projects?</q></li>
<li class="message">[<a href="#T10:05:40" id="T10:05:40"><abbr title="2014-07-07T10:05:40+00:00">10:05:40</abbr></a>] &lt;<cite>sumit_</cite>&gt; <q>i have been assigned the task of minimising the rootfs can some1 lead me to from where should i start ....?</q></li>
<li class="quit">[<a href="#T10:06:00" id="T10:06:00"><abbr title="2014-07-07T10:06:00+00:00">10:06:00</abbr></a>] <span>* jpirko (~jirka@94.230.152.5) Quit (Ping timeout: 255 seconds)</span></li>
<li class="message">[<a href="#T10:06:34" id="T10:06:34"><abbr title="2014-07-07T10:06:34+00:00">10:06:34</abbr></a>] &lt;<cite>Letothe2nd</cite>&gt; <q>sumit_: use apt-get remove</q></li>
<li class="message">[<a href="#T10:06:51" id="T10:06:51"><abbr title="2014-07-07T10:06:51+00:00">10:06:51</abbr></a>] &lt;<cite>mkad</cite>&gt; <q>sumit_, debian bootstraping probably and creating minimal bootable installation of Debian ?</q></li>
<li class="message">[<a href="#T10:07:06" id="T10:07:06"><abbr title="2014-07-07T10:07:06+00:00">10:07:06</abbr></a>] &lt;<cite>mkad</cite>&gt; <q>sumit_, also recompiling kernel to include only essential modules</q></li>
<li class="message">[<a href="#T10:07:23" id="T10:07:23"><abbr title="2014-07-07T10:07:23+00:00">10:07:23</abbr></a>] &lt;<cite>Letothe2nd</cite>&gt; <q>or if you need it way smaller, rebuild something minimal, be it either debootstrap, or yocto for example</q></li>
<li class="message">[<a href="#T10:07:31" id="T10:07:31"><abbr title="2014-07-07T10:07:31+00:00">10:07:31</abbr></a>] &lt;<cite>mkad</cite>&gt; <q>sumit_, I would start with that</q></li>
<li class="message">[<a href="#T10:08:30" id="T10:08:30"><abbr title="2014-07-07T10:08:30+00:00">10:08:30</abbr></a>] &lt;<cite>mkad</cite>&gt; <q>sumit_, but bare in mind, that for someone asking "where should I start" that might mean a lot of reading, learning etc... and experimenting</q></li>
<li class="message">[<a href="#T10:09:59" id="T10:09:59"><abbr title="2014-07-07T10:09:59+00:00">10:09:59</abbr></a>] &lt;<cite>mkad</cite>&gt; <q>sumit_, probably you will need to know how to set up flat device tree, bootloader, recompiler kernel, bootstrap minimal system, glue that all parts together</q></li>
<li class="message">[<a href="#T10:10:13" id="T10:10:13"><abbr title="2014-07-07T10:10:13+00:00">10:10:13</abbr></a>] &lt;<cite>Letothe2nd</cite>&gt; <q>well both ahve documentation, don't they? ;)</q></li>
<li class="quit">[<a href="#T10:10:37" id="T10:10:37"><abbr title="2014-07-07T10:10:37+00:00">10:10:37</abbr></a>] <span>* c10ud (~c10ud@emesene/dictator/c10ud) Quit (Remote host closed the connection)</span></li>
<li class="join">[<a href="#T10:11:03" id="T10:11:03"><abbr title="2014-07-07T10:11:03+00:00">10:11:03</abbr></a>] <span>* jpirko (~jirka@94.230.152.5) has joined #beagle</span></li>
<li class="message">[<a href="#T10:11:04" id="T10:11:04"><abbr title="2014-07-07T10:11:04+00:00">10:11:04</abbr></a>] &lt;<cite>sumit_</cite>&gt; <q>i am newbie to this field and this task assigned but i can learn no problem....</q></li>
<li class="message">[<a href="#T10:12:01" id="T10:12:01"><abbr title="2014-07-07T10:12:01+00:00">10:12:01</abbr></a>] &lt;<cite>sumit_</cite>&gt; <q>thnks guys by ur replies it seems this would be quite intresting....</q></li>
<li class="message">[<a href="#T10:12:20" id="T10:12:20"><abbr title="2014-07-07T10:12:20+00:00">10:12:20</abbr></a>] &lt;<cite>Letothe2nd</cite>&gt; <q>though, i suspect the task being incomplete anyways - why do you want to "minimize" and by what amount</q></li>
<li class="join">[<a href="#T10:13:40" id="T10:13:40"><abbr title="2014-07-07T10:13:40+00:00">10:13:40</abbr></a>] <span>* flutter-bat (~yashi@p4FF74988.dip0.t-ipconnect.de) has joined #beagle</span></li>
<li class="nick-change">[<a href="#T10:14:19" id="T10:14:19"><abbr title="2014-07-07T10:14:19+00:00">10:14:19</abbr></a>] <span>* flutter-bat is now known as dey</span></li>
<li class="message">[<a href="#T10:14:33" id="T10:14:33"><abbr title="2014-07-07T10:14:33+00:00">10:14:33</abbr></a>] &lt;<cite>sumit_</cite>&gt; <q>currently i am using arago filesystem provided by ti (55M) and aim is to bring it down to 18M or so....</q></li>
<li class="message">[<a href="#T10:14:50" id="T10:14:50"><abbr title="2014-07-07T10:14:50+00:00">10:14:50</abbr></a>] &lt;<cite>Letothe2nd</cite>&gt; <q>hrhrhr, good luck.</q></li>
<li class="message">[<a href="#T10:14:54" id="T10:14:54"><abbr title="2014-07-07T10:14:54+00:00">10:14:54</abbr></a>] &lt;<cite>mkad</cite>&gt; <q>oh</q></li>
<li class="message">[<a href="#T10:14:55" id="T10:14:55"><abbr title="2014-07-07T10:14:55+00:00">10:14:55</abbr></a>] &lt;<cite>Letothe2nd</cite>&gt; <q>read up on yocto, then.</q></li>
<li class="message">[<a href="#T10:14:56" id="T10:14:56"><abbr title="2014-07-07T10:14:56+00:00">10:14:56</abbr></a>] &lt;<cite>mkad</cite>&gt; <q>good luck</q></li>
<li class="message">[<a href="#T10:15:45" id="T10:15:45"><abbr title="2014-07-07T10:15:45+00:00">10:15:45</abbr></a>] &lt;<cite>mkad</cite>&gt; <q>Letothe2nd, I think deboostrap alone is like 100mb</q></li>
<li class="message">[<a href="#T10:15:52" id="T10:15:52"><abbr title="2014-07-07T10:15:52+00:00">10:15:52</abbr></a>] &lt;<cite>Letothe2nd</cite>&gt; <q>mkad: yeah, probably.</q></li>
<li class="message">[<a href="#T10:16:25" id="T10:16:25"><abbr title="2014-07-07T10:16:25+00:00">10:16:25</abbr></a>] &lt;<cite>Letothe2nd</cite>&gt; <q>you'll need something along the busybox + udev lines, maybe including a standard bash. and yes, no loads of modules.</q></li>
<li class="message">[<a href="#T10:16:36" id="T10:16:36"><abbr title="2014-07-07T10:16:36+00:00">10:16:36</abbr></a>] &lt;<cite>mkad</cite>&gt; <q>exactly</q></li>
<li class="message">[<a href="#T10:16:59" id="T10:16:59"><abbr title="2014-07-07T10:16:59+00:00">10:16:59</abbr></a>] &lt;<cite>mkad</cite>&gt; <q>well with busybox there is not need for bash</q></li>
<li class="action">[<a href="#T10:17:03" id="T10:17:03"><abbr title="2014-07-07T10:17:03+00:00">10:17:03</abbr></a>] <span>* Letothe2nd wonders why one would need a 18mb rootfs for a BBB though</span></li>
<li class="join">[<a href="#T10:17:14" id="T10:17:14"><abbr title="2014-07-07T10:17:14+00:00">10:17:14</abbr></a>] <span>* elinuxer (~elinux1@122.165.223.135) has joined #beagle</span></li>
<li class="message">[<a href="#T10:17:23" id="T10:17:23"><abbr title="2014-07-07T10:17:23+00:00">10:17:23</abbr></a>] &lt;<cite>Letothe2nd</cite>&gt; <q>or is this maybe more like some commercial thing and not beagle related at all? ;)</q></li>
<li class="message">[<a href="#T10:17:25" id="T10:17:25"><abbr title="2014-07-07T10:17:25+00:00">10:17:25</abbr></a>] &lt;<cite>mkad</cite>&gt; <q>Letothe2nd, maybe a company making router devices ^^</q></li>
<li class="join">[<a href="#T10:17:51" id="T10:17:51"><abbr title="2014-07-07T10:17:51+00:00">10:17:51</abbr></a>] <span>* NulL`` (~bleh1@80.65.247.102) has joined #beagle</span></li>
<li class="join">[<a href="#T10:18:37" id="T10:18:37"><abbr title="2014-07-07T10:18:37+00:00">10:18:37</abbr></a>] <span>* jpirko_ (~jirka@94.230.147.47) has joined #beagle</span></li>
<li class="message">[<a href="#T10:19:35" id="T10:19:35"><abbr title="2014-07-07T10:19:35+00:00">10:19:35</abbr></a>] &lt;<cite>dey</cite>&gt; <q>i cant see japanese/german characters in my putty window. I guess its an unicode problem? the question is, is it a linux problem or a putty problem :/</q></li>
<li class="message">[<a href="#T10:19:57" id="T10:19:57"><abbr title="2014-07-07T10:19:57+00:00">10:19:57</abbr></a>] &lt;<cite>Letothe2nd</cite>&gt; <q>dey: probably putty, set it to UTF8</q></li>
<li class="quit">[<a href="#T10:20:14" id="T10:20:14"><abbr title="2014-07-07T10:20:14+00:00">10:20:14</abbr></a>] <span>* ihavnoth (~ihavnoth@112.223.209.141) Quit (Quit: 전 이만 갑니다.)</span></li>
<li class="quit">[<abbr title="2014-07-07T10:20:14+00:00">10:20:14</abbr>] <span>* nofxx (~nofxx@unaffiliated/nofxx) Quit (Ping timeout: 260 seconds)</span></li>
<li class="message">[<abbr title="2014-07-07T10:20:14+00:00">10:20:14</abbr>] &lt;<cite>dey</cite>&gt; <q>how do i do that?</q></li>
<li class="message">[<a href="#T10:20:33" id="T10:20:33"><abbr title="2014-07-07T10:20:33+00:00">10:20:33</abbr></a>] &lt;<cite>Letothe2nd</cite>&gt; <q>dey: check puttys options ;)</q></li>
<li class="quit">[<a href="#T10:21:19" id="T10:21:19"><abbr title="2014-07-07T10:21:19+00:00">10:21:19</abbr></a>] <span>* NulL` (~bleh1@80.65.247.102) Quit (Ping timeout: 272 seconds)</span></li>
<li class="message">[<a href="#T10:21:55" id="T10:21:55"><abbr title="2014-07-07T10:21:55+00:00">10:21:55</abbr></a>] &lt;<cite>dey</cite>&gt; <q>Letothe2nd: hm its already set to utf8. Why would someone even not use utf8? I expected it to be unchangable.</q></li>
<li class="quit">[<a href="#T10:22:11" id="T10:22:11"><abbr title="2014-07-07T10:22:11+00:00">10:22:11</abbr></a>] <span>* jpirko (~jirka@94.230.152.5) Quit (Ping timeout: 252 seconds)</span></li>
<li class="message">[<a href="#T10:22:18" id="T10:22:18"><abbr title="2014-07-07T10:22:18+00:00">10:22:18</abbr></a>] &lt;<cite>av500</cite>&gt; <q>everything is changeable</q></li>
<li class="message">[<a href="#T10:22:34" id="T10:22:34"><abbr title="2014-07-07T10:22:34+00:00">10:22:34</abbr></a>] &lt;<cite>dey</cite>&gt; <q>the characters are all shown as '?'. If that helps</q></li>
<li class="message">[<a href="#T10:23:01" id="T10:23:01"><abbr title="2014-07-07T10:23:01+00:00">10:23:01</abbr></a>] &lt;<cite>dey</cite>&gt; <q>av500: just not via easily accessable options :p</q></li>
<li class="message">[<a href="#T10:23:37" id="T10:23:37"><abbr title="2014-07-07T10:23:37+00:00">10:23:37</abbr></a>] &lt;<cite>av500</cite>&gt; <q>there is always a focussed ion beam....</q></li>
<li class="nick-change">[<a href="#T10:23:52" id="T10:23:52"><abbr title="2014-07-07T10:23:52+00:00">10:23:52</abbr></a>] <span>* Abhishek__ is now known as Abhishek_</span></li>
<li class="action">[<a href="#T10:24:23" id="T10:24:23"><abbr title="2014-07-07T10:24:23+00:00">10:24:23</abbr></a>] <span>* dey shrieks in terror</span></li>
<li class="message">[<a href="#T10:25:12" id="T10:25:12"><abbr title="2014-07-07T10:25:12+00:00">10:25:12</abbr></a>] &lt;<cite>dey</cite>&gt; <q>ööääü</q></li>
<li class="message">[<a href="#T10:25:21" id="T10:25:21"><abbr title="2014-07-07T10:25:21+00:00">10:25:21</abbr></a>] &lt;<cite>dey</cite>&gt; <q>wait they work</q></li>
<li class="message">[<a href="#T10:25:22" id="T10:25:22"><abbr title="2014-07-07T10:25:22+00:00">10:25:22</abbr></a>] &lt;<cite>dey</cite>&gt; <q>wtf</q></li>
<li class="message">[<a href="#T10:25:24" id="T10:25:24"><abbr title="2014-07-07T10:25:24+00:00">10:25:24</abbr></a>] &lt;<cite>dey</cite>&gt; <q>ß</q></li>
<li class="message">[<a href="#T10:25:56" id="T10:25:56"><abbr title="2014-07-07T10:25:56+00:00">10:25:56</abbr></a>] &lt;<cite>dey</cite>&gt; <q>or not</q></li>
<li class="message">[<a href="#T10:26:10" id="T10:26:10"><abbr title="2014-07-07T10:26:10+00:00">10:26:10</abbr></a>] &lt;<cite>dey</cite>&gt; <q>some seem to work some dont</q></li>
<li class="join">[<a href="#T10:28:59" id="T10:28:59"><abbr title="2014-07-07T10:28:59+00:00">10:28:59</abbr></a>] <span>* pwillard (~SomeRando@c-73-184-240-118.hsd1.ga.comcast.net) has joined #beagle</span></li>
<li class="message">[<a href="#T10:29:19" id="T10:29:19"><abbr title="2014-07-07T10:29:19+00:00">10:29:19</abbr></a>] &lt;<cite>dey</cite>&gt; <q>japanese doesnt work at all</q></li>
<li class="join">[<a href="#T10:29:27" id="T10:29:27"><abbr title="2014-07-07T10:29:27+00:00">10:29:27</abbr></a>] <span>* NulL` (~bleh1@217.28.9.84) has joined #beagle</span></li>
<li class="message">[<a href="#T10:29:36" id="T10:29:36"><abbr title="2014-07-07T10:29:36+00:00">10:29:36</abbr></a>] &lt;<cite>maquefel</cite>&gt; <q>sumit_: start and end here <a href="http://www.linuxfromscratch.org/">http://www.linuxfromscratch.org/</a></q></li>
<li class="message">[<a href="#T10:30:21" id="T10:30:21"><abbr title="2014-07-07T10:30:21+00:00">10:30:21</abbr></a>] &lt;<cite>sumit_</cite>&gt; <q>thanks maquefel....</q></li>
<li class="message">[<a href="#T10:30:25" id="T10:30:25"><abbr title="2014-07-07T10:30:25+00:00">10:30:25</abbr></a>] &lt;<cite>Letothe2nd</cite>&gt; <q>maquefel: which is basically just the very verbose, manual and geeky version of just using yocto</q></li>
<li class="message">[<a href="#T10:30:43" id="T10:30:43"><abbr title="2014-07-07T10:30:43+00:00">10:30:43</abbr></a>] &lt;<cite>Letothe2nd</cite>&gt; <q>plus, without heavy modificaion, will get you nowhere near 18M</q></li>
<li class="message">[<a href="#T10:30:47" id="T10:30:47"><abbr title="2014-07-07T10:30:47+00:00">10:30:47</abbr></a>] &lt;<cite>maquefel</cite>&gt; <q>well it a linux</q></li>
<li class="message">[<a href="#T10:30:53" id="T10:30:53"><abbr title="2014-07-07T10:30:53+00:00">10:30:53</abbr></a>] &lt;<cite>maquefel</cite>&gt; <q>not some kind of distrib</q></li>
<li class="quit">[<a href="#T10:31:27" id="T10:31:27"><abbr title="2014-07-07T10:31:27+00:00">10:31:27</abbr></a>] <span>* NulL`` (~bleh1@80.65.247.102) Quit (Ping timeout: 272 seconds)</span></li>
<li class="action">[<a href="#T10:31:28" id="T10:31:28"><abbr title="2014-07-07T10:31:28+00:00">10:31:28</abbr></a>] <span>* Letothe2nd still is waiting for some pointers why a &lt;20M rootfs is needed for something beagle</span></li>
<li class="message">[<a href="#T10:31:36" id="T10:31:36"><abbr title="2014-07-07T10:31:36+00:00">10:31:36</abbr></a>] &lt;<cite>maquefel</cite>&gt; <q>and i think yocto started reading LFS</q></li>
<li class="message">[<a href="#T10:32:08" id="T10:32:08"><abbr title="2014-07-07T10:32:08+00:00">10:32:08</abbr></a>] &lt;<cite>Letothe2nd</cite>&gt; <q>maquefel: yes of course, its just an automated, reproductible way of archieving the same goals (heavily simplified)</q></li>
<li class="message">[<a href="#T10:32:16" id="T10:32:16"><abbr title="2014-07-07T10:32:16+00:00">10:32:16</abbr></a>] &lt;<cite>maquefel</cite>&gt; <q>special device on cape for example</q></li>
<li class="message">[<a href="#T10:32:23" id="T10:32:23"><abbr title="2014-07-07T10:32:23+00:00">10:32:23</abbr></a>] &lt;<cite>maquefel</cite>&gt; <q>boot over network</q></li>
<li class="message">[<a href="#T10:32:26" id="T10:32:26"><abbr title="2014-07-07T10:32:26+00:00">10:32:26</abbr></a>] &lt;<cite>maquefel</cite>&gt; <q>etc etc</q></li>
<li class="message">[<a href="#T10:32:40" id="T10:32:40"><abbr title="2014-07-07T10:32:40+00:00">10:32:40</abbr></a>] &lt;<cite>maquefel</cite>&gt; <q>crypted rootfs</q></li>
<li class="message">[<a href="#T10:32:53" id="T10:32:53"><abbr title="2014-07-07T10:32:53+00:00">10:32:53</abbr></a>] &lt;<cite>maquefel</cite>&gt; <q>saving space for video</q></li>
<li class="message">[<a href="#T10:32:58" id="T10:32:58"><abbr title="2014-07-07T10:32:58+00:00">10:32:58</abbr></a>] &lt;<cite>maquefel</cite>&gt; <q>on nand he he he</q></li>
<li class="message">[<a href="#T10:33:02" id="T10:33:02"><abbr title="2014-07-07T10:33:02+00:00">10:33:02</abbr></a>] &lt;<cite>Letothe2nd</cite>&gt; <q>maquefel: why don't we let himself/herself answer?</q></li>
<li class="message">[<a href="#T10:33:05" id="T10:33:05"><abbr title="2014-07-07T10:33:05+00:00">10:33:05</abbr></a>] &lt;<cite>maquefel</cite>&gt; <q>and die in a half year</q></li>
<li class="message">[<a href="#T10:33:30" id="T10:33:30"><abbr title="2014-07-07T10:33:30+00:00">10:33:30</abbr></a>] &lt;<cite>Letothe2nd</cite>&gt; <q>maquefel: because i still smell something fishy.</q></li>
<li class="message">[<a href="#T10:33:32" id="T10:33:32"><abbr title="2014-07-07T10:33:32+00:00">10:33:32</abbr></a>] &lt;<cite>maquefel</cite>&gt; <q>and the main reason for LFS - wipe out unneeded crap</q></li>
<li class="join">[<a href="#T10:33:43" id="T10:33:43"><abbr title="2014-07-07T10:33:43+00:00">10:33:43</abbr></a>] <span>* rohitksingh (~Rohit@120.59.40.68) has joined #beagle</span></li>
<li class="message">[<a href="#T10:33:46" id="T10:33:46"><abbr title="2014-07-07T10:33:46+00:00">10:33:46</abbr></a>] &lt;<cite>luastoned</cite>&gt; <q>well other question, is there any library that does SPI via mmap?</q></li>
<li class="message">[<a href="#T10:33:53" id="T10:33:53"><abbr title="2014-07-07T10:33:53+00:00">10:33:53</abbr></a>] &lt;<cite>maquefel</cite>&gt; <q>lol</q></li>
<li class="message">[<a href="#T10:34:04" id="T10:34:04"><abbr title="2014-07-07T10:34:04+00:00">10:34:04</abbr></a>] &lt;<cite>maquefel</cite>&gt; <q>linux question ?</q></li>
<li class="message">[<a href="#T10:34:19" id="T10:34:19"><abbr title="2014-07-07T10:34:19+00:00">10:34:19</abbr></a>] &lt;<cite>Letothe2nd</cite>&gt; <q>maquefel: sounds like you haven't really compared lfs/yocto... lfs comes with lots of bloat, at least in the stadard documentation.</q></li>
<li class="message">[<a href="#T10:34:21" id="T10:34:21"><abbr title="2014-07-07T10:34:21+00:00">10:34:21</abbr></a>] &lt;<cite>maquefel</cite>&gt; <q>if not linux then give me back my lol</q></li>
<li class="message">[<a href="#T10:34:29" id="T10:34:29"><abbr title="2014-07-07T10:34:29+00:00">10:34:29</abbr></a>] &lt;<cite>Letothe2nd</cite>&gt; <q>luastoned: hopefully not.</q></li>
<li class="message">[<a href="#T10:34:51" id="T10:34:51"><abbr title="2014-07-07T10:34:51+00:00">10:34:51</abbr></a>] &lt;<cite>maquefel</cite>&gt; <q>Letothe2nd: When it comes to embedded devices and Nand I DON'T USE ANY DISTRIB</q></li>
<li class="message">[<a href="#T10:34:55" id="T10:34:55"><abbr title="2014-07-07T10:34:55+00:00">10:34:55</abbr></a>] &lt;<cite>Letothe2nd</cite>&gt; <q>maquefel: in sharp contrast to yoctos core-image-minimal, for example</q></li>
<li class="message">[<a href="#T10:34:56" id="T10:34:56"><abbr title="2014-07-07T10:34:56+00:00">10:34:56</abbr></a>] &lt;<cite>maquefel</cite>&gt; <q>ok ;) ?</q></li>
<li class="message">[<a href="#T10:35:04" id="T10:35:04"><abbr title="2014-07-07T10:35:04+00:00">10:35:04</abbr></a>] &lt;<cite>luastoned</cite>&gt; <q>Letothe2nd: why is that? It should be way faster than normal access via /dev/spi?</q></li>
<li class="message">[<a href="#T10:35:11" id="T10:35:11"><abbr title="2014-07-07T10:35:11+00:00">10:35:11</abbr></a>] &lt;<cite>Letothe2nd</cite>&gt; <q>luastoned: nope.</q></li>
<li class="message">[<a href="#T10:35:28" id="T10:35:28"><abbr title="2014-07-07T10:35:28+00:00">10:35:28</abbr></a>] &lt;<cite>luastoned</cite>&gt; <q>Letothe2nd: okay, that's interesting :0</q></li>
<li class="message">[<a href="#T10:35:29" id="T10:35:29"><abbr title="2014-07-07T10:35:29+00:00">10:35:29</abbr></a>] &lt;<cite>Letothe2nd</cite>&gt; <q>luastoned: which operation do you expect to be faster?</q></li>
<li class="message">[<a href="#T10:35:31" id="T10:35:31"><abbr title="2014-07-07T10:35:31+00:00">10:35:31</abbr></a>] &lt;<cite>sumit_</cite>&gt; <q>Letothe2nd the final product uses very less disk space bbb is just the evaluation board for the same processor ...</q></li>
<li class="message">[<abbr title="2014-07-07T10:35:31+00:00">10:35:31</abbr>] &lt;<cite>maquefel</cite>&gt; <q>spi driver is responsible mmap</q></li>
<li class="message">[<a href="#T10:35:45" id="T10:35:45"><abbr title="2014-07-07T10:35:45+00:00">10:35:45</abbr></a>] &lt;<cite>maquefel</cite>&gt; <q>not some kind of library</q></li>
<li class="message">[<a href="#T10:36:07" id="T10:36:07"><abbr title="2014-07-07T10:36:07+00:00">10:36:07</abbr></a>] &lt;<cite>maquefel</cite>&gt; <q>luastoned: let me guess eeprom ? :-D</q></li>
<li class="message">[<a href="#T10:36:08" id="T10:36:08"><abbr title="2014-07-07T10:36:08+00:00">10:36:08</abbr></a>] &lt;<cite>luastoned</cite>&gt; <q>ill report back after i've tried some things</q></li>
<li class="message">[<a href="#T10:36:43" id="T10:36:43"><abbr title="2014-07-07T10:36:43+00:00">10:36:43</abbr></a>] &lt;<cite>luastoned</cite>&gt; <q>maquefel: I haven't started yet.. but I want to get ~30k writes out over spi</q></li>
<li class="message">[<a href="#T10:36:53" id="T10:36:53"><abbr title="2014-07-07T10:36:53+00:00">10:36:53</abbr></a>] &lt;<cite>maquefel</cite>&gt; <q>so?</q></li>
<li class="message">[<a href="#T10:36:59" id="T10:36:59"><abbr title="2014-07-07T10:36:59+00:00">10:36:59</abbr></a>] &lt;<cite>maquefel</cite>&gt; <q>how it comes to mmap?</q></li>
<li class="message">[<a href="#T10:37:09" id="T10:37:09"><abbr title="2014-07-07T10:37:09+00:00">10:37:09</abbr></a>] &lt;<cite>Letothe2nd</cite>&gt; <q>luastoned: without naming a timeframe, that means nothing. 30k writes in one year is about nothing</q></li>
<li class="message">[<a href="#T10:37:19" id="T10:37:19"><abbr title="2014-07-07T10:37:19+00:00">10:37:19</abbr></a>] &lt;<cite>luastoned</cite>&gt; <q>yeah, in a second Letothe2nd</q></li>
<li class="message">[<a href="#T10:37:25" id="T10:37:25"><abbr title="2014-07-07T10:37:25+00:00">10:37:25</abbr></a>] &lt;<cite>Letothe2nd</cite>&gt; <q>luastoned: still not very much.</q></li>
<li class="message">[<a href="#T10:37:34" id="T10:37:34"><abbr title="2014-07-07T10:37:34+00:00">10:37:34</abbr></a>] &lt;<cite>maquefel</cite>&gt; <q>mmap won't give you anything actually</q></li>
<li class="message">[<a href="#T10:37:42" id="T10:37:42"><abbr title="2014-07-07T10:37:42+00:00">10:37:42</abbr></a>] &lt;<cite>maquefel</cite>&gt; <q>in this case</q></li>
<li class="message">[<a href="#T10:37:47" id="T10:37:47"><abbr title="2014-07-07T10:37:47+00:00">10:37:47</abbr></a>] &lt;<cite>Letothe2nd</cite>&gt; <q>except of course if "1 write" means like a megabyte.</q></li>
<li class="message">[<a href="#T10:38:08" id="T10:38:08"><abbr title="2014-07-07T10:38:08+00:00">10:38:08</abbr></a>] &lt;<cite>dey</cite>&gt; <q>still not very much</q></li>
<li class="message">[<a href="#T10:38:26" id="T10:38:26"><abbr title="2014-07-07T10:38:26+00:00">10:38:26</abbr></a>] &lt;<cite>Letothe2nd</cite>&gt; <q>dey: 30M/sec over standard spi is at least not too slow.</q></li>
<li class="message">[<a href="#T10:38:59" id="T10:38:59"><abbr title="2014-07-07T10:38:59+00:00">10:38:59</abbr></a>] &lt;<cite>luastoned</cite>&gt; <q>Well, I want to write 4 bytes to 3 chips each 30k times per second</q></li>
<li class="message">[<a href="#T10:39:23" id="T10:39:23"><abbr title="2014-07-07T10:39:23+00:00">10:39:23</abbr></a>] &lt;<cite>dey</cite>&gt; <q>i just kept your ignorance spree warm :3</q></li>
<li class="join">[<abbr title="2014-07-07T10:39:23+00:00">10:39:23</abbr>] <span>* d3x0r (~d3x0r@ip70-170-4-156.lv.lv.cox.net) has joined #beagle</span></li>
<li class="quit">[<a href="#T10:39:35" id="T10:39:35"><abbr title="2014-07-07T10:39:35+00:00">10:39:35</abbr></a>] <span>* dwery (~dwery@nslu2-linux/dwery) Quit (Ping timeout: 248 seconds)</span></li>
<li class="message">[<abbr title="2014-07-07T10:39:35+00:00">10:39:35</abbr>] &lt;<cite>Letothe2nd</cite>&gt; <q>sounds like some dac thing, in which case you should read up on the IIO subsystem.</q></li>
<li class="message">[<a href="#T10:39:37" id="T10:39:37"><abbr title="2014-07-07T10:39:37+00:00">10:39:37</abbr></a>] &lt;<cite>maquefel</cite>&gt; <q>Letothe2nd: and this guy is writing a driver for ADC with 30 kSps</q></li>
<li class="message">[<a href="#T10:40:10" id="T10:40:10"><abbr title="2014-07-07T10:40:10+00:00">10:40:10</abbr></a>] &lt;<cite>luastoned</cite>&gt; <q>what exactly is the IIO subsystem?</q></li>
<li class="message">[<a href="#T10:40:21" id="T10:40:21"><abbr title="2014-07-07T10:40:21+00:00">10:40:21</abbr></a>] &lt;<cite>maquefel</cite>&gt; <q>forget about mmap the bottle neck is master/slave spi</q></li>
<li class="message">[<a href="#T10:40:35" id="T10:40:35"><abbr title="2014-07-07T10:40:35+00:00">10:40:35</abbr></a>] &lt;<cite>Letothe2nd</cite>&gt; <q>luastoned: people wanting to do mmap should be able to read up on a linux realted buzzword themselves... ;)</q></li>
<li class="message">[<a href="#T10:40:46" id="T10:40:46"><abbr title="2014-07-07T10:40:46+00:00">10:40:46</abbr></a>] &lt;<cite>maquefel</cite>&gt; <q>Letothe2nd: back to holy war!!!! why do you think youcto is better?</q></li>
<li class="message">[<abbr title="2014-07-07T10:40:46+00:00">10:40:46</abbr>] &lt;<cite>dey</cite>&gt; <q>what does he do with 30kSps? Its to much for most things and far to less for the rest :/</q></li>
<li class="message">[<a href="#T10:40:58" id="T10:40:58"><abbr title="2014-07-07T10:40:58+00:00">10:40:58</abbr></a>] &lt;<cite>elinuxer</cite>&gt; <q>Hai , am working on beaglebone white to interface tca6416 io expander . I connected io expander pins to  i2c lines 19,20 in the beagle board. when i use this "i2cdetect -y -r 2" command am getting "[ 1858.615328] omap_i2c 4819c000.i2c: controller timed out" error. Am newbie to i2c and beaglebone. Any idea to solve this?</q></li>
<li class="message">[<a href="#T10:41:04" id="T10:41:04"><abbr title="2014-07-07T10:41:04+00:00">10:41:04</abbr></a>] &lt;<cite>Letothe2nd</cite>&gt; <q>maquefel: its reproductible.</q></li>
<li class="message">[<a href="#T10:41:07" id="T10:41:07"><abbr title="2014-07-07T10:41:07+00:00">10:41:07</abbr></a>] &lt;<cite>luastoned</cite>&gt; <q>Letothe2nd: sure, I was just referring to <a href="http://beagleboard.org/project/BBB/">http://beagleboard.org/project/BBB/</a> .. although it being dead</q></li>
<li class="message">[<a href="#T10:41:23" id="T10:41:23"><abbr title="2014-07-07T10:41:23+00:00">10:41:23</abbr></a>] &lt;<cite>maquefel</cite>&gt; <q>Letothe2nd: like anything else...</q></li>
<li class="message">[<a href="#T10:41:30" id="T10:41:30"><abbr title="2014-07-07T10:41:30+00:00">10:41:30</abbr></a>] &lt;<cite>Letothe2nd</cite>&gt; <q>maquefel: and by reproductible i do not mean copypasting/typing lists of commands, but having it automated.</q></li>
<li class="message">[<a href="#T10:41:47" id="T10:41:47"><abbr title="2014-07-07T10:41:47+00:00">10:41:47</abbr></a>] &lt;<cite>cityoflights2</cite>&gt; <q>is this the place to ask about any one used a valve?</q></li>
<li class="message">[<a href="#T10:42:00" id="T10:42:00"><abbr title="2014-07-07T10:42:00+00:00">10:42:00</abbr></a>] &lt;<cite>maquefel</cite>&gt; <q>Letothe2nd: lol, do you differ bash script from python script or c program in this case?</q></li>
<li class="message">[<a href="#T10:42:08" id="T10:42:08"><abbr title="2014-07-07T10:42:08+00:00">10:42:08</abbr></a>] &lt;<cite>cityoflights2</cite>&gt; <q>I am seeking to use a small 1/4" electric valve</q></li>
<li class="message">[<a href="#T10:42:14" id="T10:42:14"><abbr title="2014-07-07T10:42:14+00:00">10:42:14</abbr></a>] &lt;<cite>cityoflights2</cite>&gt; <q>12v</q></li>
<li class="message">[<abbr title="2014-07-07T10:42:14+00:00">10:42:14</abbr>] &lt;<cite>Letothe2nd</cite>&gt; <q>maquefel: well, depends on the definition of reproductible. for mine, LFS is not. nor is debootstrap.</q></li>
<li class="message">[<a href="#T10:42:17" id="T10:42:17"><abbr title="2014-07-07T10:42:17+00:00">10:42:17</abbr></a>] &lt;<cite>maquefel</cite>&gt; <q>Letothe2nd: i can use gentoo =) and still build LFS</q></li>
<li class="message">[<a href="#T10:42:24" id="T10:42:24"><abbr title="2014-07-07T10:42:24+00:00">10:42:24</abbr></a>] &lt;<cite>Letothe2nd</cite>&gt; <q>maquefel: nor is gentoo.</q></li>
<li class="message">[<a href="#T10:42:33" id="T10:42:33"><abbr title="2014-07-07T10:42:33+00:00">10:42:33</abbr></a>] &lt;<cite>maquefel</cite>&gt; <q>Letothe2nd: it is</q></li>
<li class="message">[<a href="#T10:42:34" id="T10:42:34"><abbr title="2014-07-07T10:42:34+00:00">10:42:34</abbr></a>] &lt;<cite>dey</cite>&gt; <q>cityoflights2: doesnt sound very bbb related to me.</q></li>
<li class="message">[<a href="#T10:42:41" id="T10:42:41"><abbr title="2014-07-07T10:42:41+00:00">10:42:41</abbr></a>] &lt;<cite>cityoflights2</cite>&gt; <q>is there a place to download a BBB gentoo image?</q></li>
<li class="message">[<a href="#T10:42:48" id="T10:42:48"><abbr title="2014-07-07T10:42:48+00:00">10:42:48</abbr></a>] &lt;<cite>Letothe2nd</cite>&gt; <q>maquefel: use whatever floats your boat :)</q></li>
<li class="message">[<a href="#T10:42:57" id="T10:42:57"><abbr title="2014-07-07T10:42:57+00:00">10:42:57</abbr></a>] &lt;<cite>Letothe2nd</cite>&gt; <q>maquefel: and so will i.</q></li>
<li class="message">[<a href="#T10:43:06" id="T10:43:06"><abbr title="2014-07-07T10:43:06+00:00">10:43:06</abbr></a>] &lt;<cite>maquefel</cite>&gt; <q>Letothe2nd: so it is another distrib hole war</q></li>
<li class="message">[<a href="#T10:43:15" id="T10:43:15"><abbr title="2014-07-07T10:43:15+00:00">10:43:15</abbr></a>] &lt;<cite>Letothe2nd</cite>&gt; <q>maquefel: not at all.</q></li>
<li class="message">[<a href="#T10:43:30" id="T10:43:30"><abbr title="2014-07-07T10:43:30+00:00">10:43:30</abbr></a>] &lt;<cite>maquefel</cite>&gt; <q>Letothe2nd: and yocto is no better then anything else</q></li>
<li class="message">[<a href="#T10:43:37" id="T10:43:37"><abbr title="2014-07-07T10:43:37+00:00">10:43:37</abbr></a>] &lt;<cite>Letothe2nd</cite>&gt; <q>anyways, i'm not in the mood for that.</q></li>
<li class="join">[<a href="#T10:44:33" id="T10:44:33"><abbr title="2014-07-07T10:44:33+00:00">10:44:33</abbr></a>] <span>* melonipoika (~quassel@91-158-65-146.elisa-laajakaista.fi) has joined #beagle</span></li>
<li class="message">[<a href="#T10:46:15" id="T10:46:15"><abbr title="2014-07-07T10:46:15+00:00">10:46:15</abbr></a>] &lt;<cite>maquefel</cite>&gt; <q>elinuxer: i2cdetect -y -r 1</q></li>
<li class="message">[<a href="#T10:47:32" id="T10:47:32"><abbr title="2014-07-07T10:47:32+00:00">10:47:32</abbr></a>] &lt;<cite>elinuxer</cite>&gt; <q>yes , i2cdetect -y -r 1 00:          -- -- -- -- -- -- -- -- -- -- -- -- --</q></li>
<li class="message">[<a href="#T10:47:39" id="T10:47:39"><abbr title="2014-07-07T10:47:39+00:00">10:47:39</abbr></a>] &lt;<cite>maquefel</cite>&gt; <q>yes - what?</q></li>
<li class="message">[<a href="#T10:47:55" id="T10:47:55"><abbr title="2014-07-07T10:47:55+00:00">10:47:55</abbr></a>] &lt;<cite>maquefel</cite>&gt; <q>19, 20 is first i2c bus not second</q></li>
<li class="join">[<a href="#T10:49:08" id="T10:49:08"><abbr title="2014-07-07T10:49:08+00:00">10:49:08</abbr></a>] <span>* rob_w (~bob@unaffiliated/rob-w/x-1112029) has joined #beagle</span></li>
<li class="message">[<a href="#T10:50:34" id="T10:50:34"><abbr title="2014-07-07T10:50:34+00:00">10:50:34</abbr></a>] &lt;<cite>elinuxer</cite>&gt; <q>maquefel :  i2cdetect -y -r 1, i cant set or dump using i2ctools. it is throwing error.</q></li>
<li class="message">[<a href="#T10:50:48" id="T10:50:48"><abbr title="2014-07-07T10:50:48+00:00">10:50:48</abbr></a>] &lt;<cite>maquefel</cite>&gt; <q>ahhhh</q></li>
<li class="quit">[<a href="#T10:50:53" id="T10:50:53"><abbr title="2014-07-07T10:50:53+00:00">10:50:53</abbr></a>] <span>* d3x0r (~d3x0r@ip70-170-4-156.lv.lv.cox.net) Quit (Remote host closed the connection)</span></li>
<li class="message">[<a href="#T10:50:54" id="T10:50:54"><abbr title="2014-07-07T10:50:54+00:00">10:50:54</abbr></a>] &lt;<cite>maquefel</cite>&gt; <q>5 sec</q></li>
<li class="join">[<a href="#T10:51:58" id="T10:51:58"><abbr title="2014-07-07T10:51:58+00:00">10:51:58</abbr></a>] <span>* dwery (~dwery@nslu2-linux/dwery) has joined #beagle</span></li>
<li class="message">[<a href="#T10:52:20" id="T10:52:20"><abbr title="2014-07-07T10:52:20+00:00">10:52:20</abbr></a>] &lt;<cite>maquefel</cite>&gt; <q>ls -l /sys/bus/i2c/devices/i2c-* ?</q></li>
<li class="message">[<a href="#T10:53:38" id="T10:53:38"><abbr title="2014-07-07T10:53:38+00:00">10:53:38</abbr></a>] &lt;<cite>elinuxer</cite>&gt; <q>maquefel : error "Error: Write start address failed, return code -1</q></li>
<li class="message">[<abbr title="2014-07-07T10:53:38+00:00">10:53:38</abbr>] &lt;<cite>elinuxer</cite>&gt; <q>" while dumping</q></li>
<li class="message">[<a href="#T10:54:38" id="T10:54:38"><abbr title="2014-07-07T10:54:38+00:00">10:54:38</abbr></a>] &lt;<cite>elinuxer</cite>&gt; <q>maquefel :  ls -l /sys/bus/i2c/devices/i2c-* , getting i2c-0. i2c-1,i2c-2.</q></li>
<li class="message">[<a href="#T10:58:01" id="T10:58:01"><abbr title="2014-07-07T10:58:01+00:00">10:58:01</abbr></a>] &lt;<cite>maquefel</cite>&gt; <q>have you wired correctly?</q></li>
<li class="message">[<a href="#T10:58:18" id="T10:58:18"><abbr title="2014-07-07T10:58:18+00:00">10:58:18</abbr></a>] &lt;<cite>maquefel</cite>&gt; <q>20 is SDA</q></li>
<li class="message">[<a href="#T10:58:25" id="T10:58:25"><abbr title="2014-07-07T10:58:25+00:00">10:58:25</abbr></a>] &lt;<cite>maquefel</cite>&gt; <q>19 is SCL</q></li>
<li class="join">[<a href="#T10:59:01" id="T10:59:01"><abbr title="2014-07-07T10:59:01+00:00">10:59:01</abbr></a>] <span>* ynki9 (~ynki9@fl-71-3-133-37.dhcp.embarqhsd.net) has joined #beagle</span></li>
<li class="message">[<a href="#T10:59:26" id="T10:59:26"><abbr title="2014-07-07T10:59:26+00:00">10:59:26</abbr></a>] &lt;<cite>maquefel</cite>&gt; <q>what exactly distrib you are using?</q></li>
