<li class="join">[<a href="#T00:00:28" id="T00:00:28"><abbr title="2014-05-12T00:00:28+00:00">00:00:28</abbr></a>] <span>* BeagleBot (~PircBot@ec2-50-17-196-130.compute-1.amazonaws.com) has joined #beagle</span></li>
<li class="topic">[<abbr title="2014-05-12T00:00:28+00:00">00:00:28</abbr>] <span>* Topic is '<a href="http://beagleboard.org/chat">http://beagleboard.org/chat</a> has a guide on how to ask questions and links to the logs | never ask to ask, just ask | be patient | pastebin a boot log | <a href="http://ahsoftware.de/Beaglebone_Black_Boot_explained.svg">http://ahsoftware.de/Beaglebone_Black_Boot_explained.svg</a> | BBB is being sold faster than produced. Order one and wait. There is no other way. | <a href="http://beagleboard.org/latest-images">http://beagleboard.org/latest-images</a> | <a href="http://beagleboard.org/Support/bone101'">http://beagleboard.org/Support/bone101'</a></span></li>
<li class="topic">[<abbr title="2014-05-12T00:00:28+00:00">00:00:28</abbr>] <span>* Set by KotH!~attila@lou-outside.kinali.ch on Fri Apr 18 13:56:18 UTC 2014</span></li>
<li class="join">[<abbr title="2014-05-12T00:00:28+00:00">00:00:28</abbr>] <span>* BeagleBot (~PircBot@ec2-50-17-196-130.compute-1.amazonaws.com) has joined #beagleboard</span></li>
<li class="join">[<abbr title="2014-05-12T00:00:28+00:00">00:00:28</abbr>] <span>* BeagleBot (~PircBot@ec2-50-17-196-130.compute-1.amazonaws.com) has joined #beaglebone</span></li>
<li class="message">[<a href="#T00:00:31" id="T00:00:31"><abbr title="2014-05-12T00:00:31+00:00">00:00:31</abbr></a>] &lt;<cite>veremit</cite>&gt; <q>staying up and irc is crazy .. done that last 2 weekend :(</q></li>
<li class="message">[<a href="#T00:00:43" id="T00:00:43"><abbr title="2014-05-12T00:00:43+00:00">00:00:43</abbr></a>] &lt;<cite>Tommy24</cite>&gt; <q>another question to install the os on the internal eMMC i've to use Debian (BeagleBone Black - 2GB eMMC) 2014-04-23 instead of Debian (BeagleBone, BeagleBone Black - 2GB SD)</q></li>
<li class="message">[<a href="#T00:02:10" id="T00:02:10"><abbr title="2014-05-12T00:02:10+00:00">00:02:10</abbr></a>] &lt;<cite>nyt-</cite>&gt; <q>that's the flasher</q></li>
<li class="message">[<a href="#T00:02:11" id="T00:02:11"><abbr title="2014-05-12T00:02:11+00:00">00:02:11</abbr></a>] &lt;<cite>nyt-</cite>&gt; <q>emmc</q></li>
<li class="message">[<a href="#T00:02:17" id="T00:02:17"><abbr title="2014-05-12T00:02:17+00:00">00:02:17</abbr></a>] &lt;<cite>nyt-</cite>&gt; <q>i had some issues with the last one though</q></li>
<li class="message">[<a href="#T00:02:21" id="T00:02:21"><abbr title="2014-05-12T00:02:21+00:00">00:02:21</abbr></a>] &lt;<cite>nyt-</cite>&gt; <q>didnt get to dig into it further</q></li>
<li class="quit">[<a href="#T00:03:12" id="T00:03:12"><abbr title="2014-05-12T00:03:12+00:00">00:03:12</abbr></a>] <span>* BellinganRoy (~Bellingan@host67-204-dynamic.59-82-r.retail.telecomitalia.it) Quit (Ping timeout: 240 seconds)</span></li>
<li class="message">[<a href="#T00:03:44" id="T00:03:44"><abbr title="2014-05-12T00:03:44+00:00">00:03:44</abbr></a>] &lt;<cite>veremit</cite>&gt; <q>if you get a bootable uSD .. use the script from eewiki.net Beaglebone-black pages</q></li>
<li class="message">[<a href="#T00:05:09" id="T00:05:09"><abbr title="2014-05-12T00:05:09+00:00">00:05:09</abbr></a>] &lt;<cite>veremit</cite>&gt; <q>although .. depending on your uSD image .. that might not work lol</q></li>
<li class="join">[<a href="#T00:05:11" id="T00:05:11"><abbr title="2014-05-12T00:05:11+00:00">00:05:11</abbr></a>] <span>* trevize (~trevize@se3x.mullvad.net) has joined #beagle</span></li>
<li class="message">[<a href="#T00:05:12" id="T00:05:12"><abbr title="2014-05-12T00:05:12+00:00">00:05:12</abbr></a>] &lt;<cite>veremit</cite>&gt; <q>don't quote me on that one</q></li>
<li class="quit">[<a href="#T00:05:27" id="T00:05:27"><abbr title="2014-05-12T00:05:27+00:00">00:05:27</abbr></a>] <span>* trevize__ (~trevize@se1x.mullvad.net) Quit (Ping timeout: 265 seconds)</span></li>
<li class="quit">[<a href="#T00:07:00" id="T00:07:00"><abbr title="2014-05-12T00:07:00+00:00">00:07:00</abbr></a>] <span>* improvnerd (~jbrewer@c-98-248-34-4.hsd1.ca.comcast.net) Quit (Quit: improvnerd)</span></li>
<li class="message">[<a href="#T00:07:45" id="T00:07:45"><abbr title="2014-05-12T00:07:45+00:00">00:07:45</abbr></a>] &lt;<cite>Tommy24</cite>&gt; <q>So now all comiled fine i have the uImage :) - Okay so I use the debian version without the flasher? I tried step 10 but i can't mount the sdcard - It failed because the filesystem</q></li>
<li class="quit">[<a href="#T00:09:02" id="T00:09:02"><abbr title="2014-05-12T00:09:02+00:00">00:09:02</abbr></a>] <span>* dob__ (~dob_@2a02:8071:4c2:8500:7811:47ad:3d1e:ff1b) Quit (Remote host closed the connection)</span></li>
<li class="join">[<a href="#T00:10:42" id="T00:10:42"><abbr title="2014-05-12T00:10:42+00:00">00:10:42</abbr></a>] <span>* hgross_ (~heNNa-@95-88-197-56-dynip.superkabel.de) has joined #beagle</span></li>
<li class="join">[<a href="#T00:12:21" id="T00:12:21"><abbr title="2014-05-12T00:12:21+00:00">00:12:21</abbr></a>] <span>* Shadyman (~matthew@unaffiliated/shadyman) has joined #beagle</span></li>
<li class="quit">[<a href="#T00:13:36" id="T00:13:36"><abbr title="2014-05-12T00:13:36+00:00">00:13:36</abbr></a>] <span>* heNNa- (~heNNa-@95-88-197-56-dynip.superkabel.de) Quit (Ping timeout: 240 seconds)</span></li>
<li class="quit">[<a href="#T00:15:12" id="T00:15:12"><abbr title="2014-05-12T00:15:12+00:00">00:15:12</abbr></a>] <span>* Laurenceb_ (~Laurence@host86-171-4-103.range86-171.btcentralplus.com) Quit (Ping timeout: 240 seconds)</span></li>
<li class="quit">[<a href="#T00:15:18" id="T00:15:18"><abbr title="2014-05-12T00:15:18+00:00">00:15:18</abbr></a>] <span>* hgross_ (~heNNa-@95-88-197-56-dynip.superkabel.de) Quit (Ping timeout: 250 seconds)</span></li>
<li class="join">[<a href="#T00:16:17" id="T00:16:17"><abbr title="2014-05-12T00:16:17+00:00">00:16:17</abbr></a>] <span>* Darek` (darek@work.sznajder.org) has joined #beagle</span></li>
<li class="nick-change">[<a href="#T00:17:28" id="T00:17:28"><abbr title="2014-05-12T00:17:28+00:00">00:17:28</abbr></a>] <span>* jpfau is now known as jpfau|away</span></li>
<li class="join">[<a href="#T00:19:36" id="T00:19:36"><abbr title="2014-05-12T00:19:36+00:00">00:19:36</abbr></a>] <span>* improvnerd (~jbrewer@c-98-248-34-4.hsd1.ca.comcast.net) has joined #beagle</span></li>
<li class="message">[<a href="#T00:22:04" id="T00:22:04"><abbr title="2014-05-12T00:22:04+00:00">00:22:04</abbr></a>] &lt;<cite>veremit</cite>&gt; <q>you don't Mount the uSD .. you overwrite it .. with the "xz &gt; /dev/blah" command</q></li>
<li class="message">[<a href="#T00:22:28" id="T00:22:28"><abbr title="2014-05-12T00:22:28+00:00">00:22:28</abbr></a>] &lt;<cite>Tommy24</cite>&gt; <q>Yeah but next step i've to mount it to place the new kernel</q></li>
<li class="message">[<a href="#T00:23:15" id="T00:23:15"><abbr title="2014-05-12T00:23:15+00:00">00:23:15</abbr></a>] &lt;<cite>veremit</cite>&gt; <q>ow.. where did that nasty angstrom come from ...&gt;,&lt;</q></li>
<li class="quit">[<a href="#T00:23:18" id="T00:23:18"><abbr title="2014-05-12T00:23:18+00:00">00:23:18</abbr></a>] <span>* Darek- (darek@work.sznajder.org) Quit (*.net *.split)</span></li>
<li class="nick-change">[<a href="#T00:23:19" id="T00:23:19"><abbr title="2014-05-12T00:23:19+00:00">00:23:19</abbr></a>] <span>* Darek` is now known as Darek-</span></li>
<li class="message">[<a href="#T00:23:54" id="T00:23:54"><abbr title="2014-05-12T00:23:54+00:00">00:23:54</abbr></a>] &lt;<cite>veremit</cite>&gt; <q>so you're ognna tell me you can't mount a FAT partition ... &gt;,&lt;</q></li>
<li class="message">[<a href="#T00:24:07" id="T00:24:07"><abbr title="2014-05-12T00:24:07+00:00">00:24:07</abbr></a>] &lt;<cite>veremit</cite>&gt; <q>or an ext one</q></li>
<li class="message">[<a href="#T00:27:09" id="T00:27:09"><abbr title="2014-05-12T00:27:09+00:00">00:27:09</abbr></a>] &lt;<cite>Tommy24</cite>&gt; <q><a href="http://pastebin.com/2jXuCbYt">http://pastebin.com/2jXuCbYt</a></q></li>
<li class="join">[<a href="#T00:27:34" id="T00:27:34"><abbr title="2014-05-12T00:27:34+00:00">00:27:34</abbr></a>] <span>* fzombie (~gplgeek@pdpc/supporter/student/GPLGeek) has joined #beagle</span></li>
<li class="message">[<a href="#T00:31:41" id="T00:31:41"><abbr title="2014-05-12T00:31:41+00:00">00:31:41</abbr></a>] &lt;<cite>veremit</cite>&gt; <q>why sdb1 ? tutorial clearly says "mount /dev/sdX2 sd"</q></li>
<li class="join">[<a href="#T00:33:28" id="T00:33:28"><abbr title="2014-05-12T00:33:28+00:00">00:33:28</abbr></a>] <span>* dj_pi (~dj@c-107-5-25-243.hsd1.mi.comcast.net) has joined #beagle</span></li>
<li class="nick-change">[<a href="#T00:35:21" id="T00:35:21"><abbr title="2014-05-12T00:35:21+00:00">00:35:21</abbr></a>] <span>* jpfau|away is now known as jpfau</span></li>
<li class="join">[<a href="#T00:36:09" id="T00:36:09"><abbr title="2014-05-12T00:36:09+00:00">00:36:09</abbr></a>] <span>* vipintruder (~vipintrud@unaffiliated/vipintruder) has joined #beagle</span></li>
<li class="message">[<a href="#T00:40:13" id="T00:40:13"><abbr title="2014-05-12T00:40:13+00:00">00:40:13</abbr></a>] &lt;<cite>Tommy24</cite>&gt; <q>because i have flashed debian instead of angstrom without emmc flasher so i've only one partition</q></li>
<li class="quit">[<a href="#T00:44:43" id="T00:44:43"><abbr title="2014-05-12T00:44:43+00:00">00:44:43</abbr></a>] <span>* das (~das@217.108.83.254) Quit (Ping timeout: 240 seconds)</span></li>
<li class="quit">[<abbr title="2014-05-12T00:44:43+00:00">00:44:43</abbr>] <span>* ericst (~ericst@xvm-111-8.dc2.ghst.net) Quit (Ping timeout: 240 seconds)</span></li>
<li class="join">[<a href="#T00:44:49" id="T00:44:49"><abbr title="2014-05-12T00:44:49+00:00">00:44:49</abbr></a>] <span>* das__ (~das@217.108.83.254) has joined #beagle</span></li>
<li class="quit">[<a href="#T00:46:25" id="T00:46:25"><abbr title="2014-05-12T00:46:25+00:00">00:46:25</abbr></a>] <span>* emeb (~Eric@75-172-130-8.phnx.qwest.net) Quit (Quit: Leaving.)</span></li>
<li class="join">[<a href="#T00:47:09" id="T00:47:09"><abbr title="2014-05-12T00:47:09+00:00">00:47:09</abbr></a>] <span>* ericst (~ericst@xvm-111-8.dc2.ghst.net) has joined #beagle</span></li>
<li class="quit">[<a href="#T00:47:42" id="T00:47:42"><abbr title="2014-05-12T00:47:42+00:00">00:47:42</abbr></a>] <span>* pwillard (~SomeRando@c-50-180-158-186.hsd1.ga.comcast.net) Quit (Quit: Leaving)</span></li>
<li class="quit">[<a href="#T00:48:15" id="T00:48:15"><abbr title="2014-05-12T00:48:15+00:00">00:48:15</abbr></a>] <span>* calculus (~calculus@gentoo/user/calculus) Quit (Ping timeout: 240 seconds)</span></li>
<li class="join">[<a href="#T00:49:14" id="T00:49:14"><abbr title="2014-05-12T00:49:14+00:00">00:49:14</abbr></a>] <span>* calculus (~calculus@gentoo/user/calculus) has joined #beagle</span></li>
<li class="mode">[<abbr title="2014-05-12T00:49:14+00:00">00:49:14</abbr>] <span>* ChanServ sets mode +o calculus</span></li>
<li class="join">[<a href="#T00:49:54" id="T00:49:54"><abbr title="2014-05-12T00:49:54+00:00">00:49:54</abbr></a>] <span>* ozzloy_ (~ozzloy@ozzloy.lifeafterking.org) has joined #beagle</span></li>
<li class="join">[<a href="#T00:50:07" id="T00:50:07"><abbr title="2014-05-12T00:50:07+00:00">00:50:07</abbr></a>] <span>* patronus_ (~or@94.23.17.29) has joined #beagleboard</span></li>
<li class="quit">[<a href="#T00:50:31" id="T00:50:31"><abbr title="2014-05-12T00:50:31+00:00">00:50:31</abbr></a>] <span>* ozzloy (~ozzloy@unaffiliated/ozzloy) Quit (Ping timeout: 240 seconds)</span></li>
<li class="join">[<a href="#T00:51:00" id="T00:51:00"><abbr title="2014-05-12T00:51:00+00:00">00:51:00</abbr></a>] <span>* billybob- (~billybob@wulfman.com) has joined #beagle</span></li>
<li class="quit">[<a href="#T00:51:31" id="T00:51:31"><abbr title="2014-05-12T00:51:31+00:00">00:51:31</abbr></a>] <span>* mrpackethead (~mrpacketh@147.200.109.203.static.cust.vf.net.nz) Quit (Read error: Connection reset by peer)</span></li>
<li class="join">[<a href="#T00:51:55" id="T00:51:55"><abbr title="2014-05-12T00:51:55+00:00">00:51:55</abbr></a>] <span>* mrpackethead (~mrpacketh@147.200.109.203.static.cust.vf.net.nz) has joined #beagle</span></li>
<li class="join">[<a href="#T00:52:02" id="T00:52:02"><abbr title="2014-05-12T00:52:02+00:00">00:52:02</abbr></a>] <span>* sambuc_ (~sambuc@PC-024881.clients.vu.nl) has joined #beagle</span></li>
<li class="join">[<a href="#T00:52:23" id="T00:52:23"><abbr title="2014-05-12T00:52:23+00:00">00:52:23</abbr></a>] <span>* zmatt- (~zmatt@gerbil.xs4all.nl) has joined #beagle</span></li>
<li class="join">[<a href="#T00:52:27" id="T00:52:27"><abbr title="2014-05-12T00:52:27+00:00">00:52:27</abbr></a>] <span>* vvu|Log_ (~vvu|Log@188.26.116.4) has joined #beagle</span></li>
<li class="quit">[<a href="#T00:52:33" id="T00:52:33"><abbr title="2014-05-12T00:52:33+00:00">00:52:33</abbr></a>] <span>* billybob1 (~billybob@wulfman.com) Quit (Ping timeout: 240 seconds)</span></li>
<li class="quit">[<a href="#T00:52:34" id="T00:52:34"><abbr title="2014-05-12T00:52:34+00:00">00:52:34</abbr></a>] <span>* cbrake (~Thunderbi@cable-pool6-cs-200.doycomm.com) Quit (Ping timeout: 240 seconds)</span></li>
<li class="quit">[<abbr title="2014-05-12T00:52:34+00:00">00:52:34</abbr>] <span>* pr0crast1nate (~pr0crast1@ool-182d2323.dyn.optonline.net) Quit (Ping timeout: 240 seconds)</span></li>
<li class="quit">[<abbr title="2014-05-12T00:52:34+00:00">00:52:34</abbr>] <span>* ft (~ft@shell.chaostreff-dortmund.de) Quit (Ping timeout: 240 seconds)</span></li>
<li class="quit">[<a href="#T00:52:35" id="T00:52:35"><abbr title="2014-05-12T00:52:35+00:00">00:52:35</abbr></a>] <span>* sambuc (~sambuc@PC-024881.clients.vu.nl) Quit (Ping timeout: 240 seconds)</span></li>
<li class="quit">[<a href="#T00:52:36" id="T00:52:36"><abbr title="2014-05-12T00:52:36+00:00">00:52:36</abbr></a>] <span>* zmatt (~zmatt@gerbil.xs4all.nl) Quit (Ping timeout: 240 seconds)</span></li>
<li class="join">[<abbr title="2014-05-12T00:52:36+00:00">00:52:36</abbr>] <span>* cbrake (~Thunderbi@cable-pool6-cs-200.doycomm.com) has joined #beagle</span></li>
<li class="quit">[<abbr title="2014-05-12T00:52:36+00:00">00:52:36</abbr>] <span>* patronus (~or@94.23.17.29) Quit (Ping timeout: 240 seconds)</span></li>
<li class="quit">[<a href="#T00:52:37" id="T00:52:37"><abbr title="2014-05-12T00:52:37+00:00">00:52:37</abbr></a>] <span>* rsalveti (~rsalveti@162.243.213.221) Quit (Ping timeout: 240 seconds)</span></li>
<li class="join">[<a href="#T00:52:52" id="T00:52:52"><abbr title="2014-05-12T00:52:52+00:00">00:52:52</abbr></a>] <span>* ft (~ft@shell.chaostreff-dortmund.de) has joined #beagle</span></li>
<li class="quit">[<a href="#T00:52:55" id="T00:52:55"><abbr title="2014-05-12T00:52:55+00:00">00:52:55</abbr></a>] <span>* mazzoo (~mazzoo@83.133.178.26) Quit (Ping timeout: 240 seconds)</span></li>
<li class="join">[<a href="#T00:52:57" id="T00:52:57"><abbr title="2014-05-12T00:52:57+00:00">00:52:57</abbr></a>] <span>* rsalveti_ (~rsalveti@162.243.213.221) has joined #beagle</span></li>
<li class="quit">[<a href="#T00:53:15" id="T00:53:15"><abbr title="2014-05-12T00:53:15+00:00">00:53:15</abbr></a>] <span>* _awaylikegnu (~francisco@freelikegnu.org) Quit (Ping timeout: 240 seconds)</span></li>
<li class="join">[<a href="#T00:53:22" id="T00:53:22"><abbr title="2014-05-12T00:53:22+00:00">00:53:22</abbr></a>] <span>* _awaylikegnu (~francisco@freelikegnu.org) has joined #beagleboard</span></li>
<li class="nick-change">[<a href="#T00:53:32" id="T00:53:32"><abbr title="2014-05-12T00:53:32+00:00">00:53:32</abbr></a>] <span>* rsalveti_ is now known as rsalveti</span></li>
<li class="quit">[<a href="#T00:53:35" id="T00:53:35"><abbr title="2014-05-12T00:53:35+00:00">00:53:35</abbr></a>] <span>* on1x- (~on1x@trader.teamfxp.co) Quit (Ping timeout: 240 seconds)</span></li>
<li class="join">[<a href="#T00:53:53" id="T00:53:53"><abbr title="2014-05-12T00:53:53+00:00">00:53:53</abbr></a>] <span>* mazzoo (~mazzoo@83.133.178.26) has joined #beagle</span></li>
<li class="join">[<a href="#T00:54:43" id="T00:54:43"><abbr title="2014-05-12T00:54:43+00:00">00:54:43</abbr></a>] <span>* on1x (~on1x@trader.teamfxp.co) has joined #beagle</span></li>
<li class="quit">[<a href="#T00:54:52" id="T00:54:52"><abbr title="2014-05-12T00:54:52+00:00">00:54:52</abbr></a>] <span>* vvu|Log (~vvu|Log@188.26.116.4) Quit (Ping timeout: 276 seconds)</span></li>
<li class="join">[<a href="#T00:56:43" id="T00:56:43"><abbr title="2014-05-12T00:56:43+00:00">00:56:43</abbr></a>] <span>* pr0crast1nate (~pr0crast1@ool-182d2323.dyn.optonline.net) has joined #beagle</span></li>
<li class="nick-change">[<a href="#T00:58:11" id="T00:58:11"><abbr title="2014-05-12T00:58:11+00:00">00:58:11</abbr></a>] <span>* zmatt- is now known as zmatt</span></li>
