<li class="join">[<a href="#T00:00:38" id="T00:00:38"><abbr title="2015-04-14T00:00:38+00:00">00:00:38</abbr></a>] <span>* BeagleBot (~PircBot@ec2-50-17-196-130.compute-1.amazonaws.com) has joined #beagle</span></li>
<li class="topic">[<abbr title="2015-04-14T00:00:38+00:00">00:00:38</abbr>] <span>* Topic is '<a href="http://beagleboard.org/chat">http://beagleboard.org/chat</a> has a guide on how to ask questions and links to the logs | never ask to ask, just ask | be patient | pastebin a boot log | <a href="http://ahsoftware.de/Beaglebone_Black_Boot_explained.svg">http://ahsoftware.de/Beaglebone_Black_Boot_explained.svg</a> | <a href="http://beagleboard.org/latest-images">http://beagleboard.org/latest-images</a> | <a href="http://beagleboard.org/Support/bone101">http://beagleboard.org/Support/bone101</a> | direct bonescript/node.js questions to #beagle-bonescript | books: <a href="http://bit.ly/bbb-books'">http://bit.ly/bbb-books'</a></span></li>
<li class="topic">[<abbr title="2015-04-14T00:00:38+00:00">00:00:38</abbr>] <span>* Set by jkridner!~jkridner@pdpc/supporter/active/jkridner on Sun Mar 29 23:21:44 UTC 2015</span></li>
<li class="join">[<abbr title="2015-04-14T00:00:38+00:00">00:00:38</abbr>] <span>* BeagleBot (~PircBot@ec2-50-17-196-130.compute-1.amazonaws.com) has joined #beagleboard</span></li>
<li class="join">[<abbr title="2015-04-14T00:00:38+00:00">00:00:38</abbr>] <span>* BeagleBot (~PircBot@ec2-50-17-196-130.compute-1.amazonaws.com) has joined #beaglebone</span></li>
<li class="quit">[<a href="#T00:01:46" id="T00:01:46"><abbr title="2015-04-14T00:01:46+00:00">00:01:46</abbr></a>] <span>* Mr_Sheesh (~mr_s@unaffiliated/mr-sheesh/x-0757054) Quit (Read error: Connection reset by peer)</span></li>
<li class="join">[<a href="#T00:03:03" id="T00:03:03"><abbr title="2015-04-14T00:03:03+00:00">00:03:03</abbr></a>] <span>* Mr_Sheesh (~mr_s@unaffiliated/mr-sheesh/x-0757054) has joined #beagle</span></li>
<li class="quit">[<a href="#T00:03:14" id="T00:03:14"><abbr title="2015-04-14T00:03:14+00:00">00:03:14</abbr></a>] <span>* Mr_Sheesh (~mr_s@unaffiliated/mr-sheesh/x-0757054) Quit (Excess Flood)</span></li>
<li class="join">[<a href="#T00:06:31" id="T00:06:31"><abbr title="2015-04-14T00:06:31+00:00">00:06:31</abbr></a>] <span>* Mr_Sheesh (~mr_s@unaffiliated/mr-sheesh/x-0757054) has joined #beagle</span></li>
<li class="join">[<a href="#T00:07:39" id="T00:07:39"><abbr title="2015-04-14T00:07:39+00:00">00:07:39</abbr></a>] <span>* nmschulte (~nmschulte@unaffiliated/reklipz) has joined #beagle</span></li>
<li class="quit">[<a href="#T00:08:08" id="T00:08:08"><abbr title="2015-04-14T00:08:08+00:00">00:08:08</abbr></a>] <span>* ohama (ohama@cicolina.org) Quit (Ping timeout: 246 seconds)</span></li>
<li class="quit">[<a href="#T00:09:04" id="T00:09:04"><abbr title="2015-04-14T00:09:04+00:00">00:09:04</abbr></a>] <span>* SpeedEvil (~quassel@tor/regular/SpeedEvil) Quit (Quit: No Ping reply in 180 seconds.)</span></li>
<li class="join">[<a href="#T00:09:40" id="T00:09:40"><abbr title="2015-04-14T00:09:40+00:00">00:09:40</abbr></a>] <span>* SpeedEvil (~quassel@tor/regular/SpeedEvil) has joined #beagle</span></li>
<li class="join">[<a href="#T00:11:35" id="T00:11:35"><abbr title="2015-04-14T00:11:35+00:00">00:11:35</abbr></a>] <span>* bwarff (~bwarff@124-148-223-59.dyn.iinet.net.au) has joined #beagle</span></li>
<li class="message">[<a href="#T00:15:47" id="T00:15:47"><abbr title="2015-04-14T00:15:47+00:00">00:15:47</abbr></a>] &lt;<cite>zmatt</cite>&gt; <q>treeherder / l4cr0ss: the BBB has absolutely _no_ 5V-tolerant I/Os</q></li>
<li class="message">[<a href="#T00:16:31" id="T00:16:31"><abbr title="2015-04-14T00:16:31+00:00">00:16:31</abbr></a>] &lt;<cite>zmatt</cite>&gt; <q>treeherder: "blue led flashes briefly on power on" = BBB fried</q></li>
<li class="join">[<a href="#T00:18:45" id="T00:18:45"><abbr title="2015-04-14T00:18:45+00:00">00:18:45</abbr></a>] <span>* vmayoral (~vmayoral@80.Red-81-35-114.dynamicIP.rima-tde.net) has joined #beagle</span></li>
<li class="message">[<a href="#T00:19:23" id="T00:19:23"><abbr title="2015-04-14T00:19:23+00:00">00:19:23</abbr></a>] &lt;<cite>zmatt</cite>&gt; <q>or more specifically it means the overcurrent protection of the power management IC tripped immediately after providing power to the processor</q></li>
<li class="message">[<a href="#T00:20:41" id="T00:20:41"><abbr title="2015-04-14T00:20:41+00:00">00:20:41</abbr></a>] &lt;<cite>ds2</cite>&gt; <q>well, the 5V input is 5V tolerant and it is an input...</q></li>
<li class="message">[<a href="#T00:20:58" id="T00:20:58"><abbr title="2015-04-14T00:20:58+00:00">00:20:58</abbr></a>] &lt;<cite>zmatt</cite>&gt; <q>ds2: :P</q></li>
<li class="message">[<a href="#T00:21:17" id="T00:21:17"><abbr title="2015-04-14T00:21:17+00:00">00:21:17</abbr></a>] &lt;<cite>zmatt</cite>&gt; <q>that's not really what people generally mean by I/Os</q></li>
<li class="message">[<a href="#T00:21:55" id="T00:21:55"><abbr title="2015-04-14T00:21:55+00:00">00:21:55</abbr></a>] &lt;<cite>ds2</cite>&gt; <q>got to keep an open mind...</q></li>
<li class="message">[<a href="#T00:21:56" id="T00:21:56"><abbr title="2015-04-14T00:21:56+00:00">00:21:56</abbr></a>] &lt;<cite>zmatt</cite>&gt; <q>actually the am335x itself even has two 5V-tolerant pins: the USB Vbus inputs</q></li>
<li class="message">[<a href="#T00:22:08" id="T00:22:08"><abbr title="2015-04-14T00:22:08+00:00">00:22:08</abbr></a>] &lt;<cite>ds2</cite>&gt; <q>RESET is also an IO pin</q></li>
<li class="message">[<a href="#T00:22:17" id="T00:22:17"><abbr title="2015-04-14T00:22:17+00:00">00:22:17</abbr></a>] &lt;<cite>zmatt</cite>&gt; <q>but I'll rephrase</q></li>
<li class="quit">[<a href="#T00:23:17" id="T00:23:17"><abbr title="2015-04-14T00:23:17+00:00">00:23:17</abbr></a>] <span>* vmayoral (~vmayoral@80.Red-81-35-114.dynamicIP.rima-tde.net) Quit (Ping timeout: 248 seconds)</span></li>
<li class="message">[<a href="#T00:24:02" id="T00:24:02"><abbr title="2015-04-14T00:24:02+00:00">00:24:02</abbr></a>] &lt;<cite>zmatt</cite>&gt; <q>apart from pins 7 and 8 of P9, you may not apply a voltage greater than 3.3V on any pin of the expansion connector</q></li>
<li class="message">[<a href="#T00:24:40" id="T00:24:40"><abbr title="2015-04-14T00:24:40+00:00">00:24:40</abbr></a>] &lt;<cite>zmatt</cite>&gt; <q>(+10% or something, see datasheet)</q></li>
<li class="join">[<a href="#T00:24:56" id="T00:24:56"><abbr title="2015-04-14T00:24:56+00:00">00:24:56</abbr></a>] <span>* djerome (~djerome@ip24-251-115-14.ph.ph.cox.net) has joined #beaglebone</span></li>
<li class="message">[<a href="#T00:25:06" id="T00:25:06"><abbr title="2015-04-14T00:25:06+00:00">00:25:06</abbr></a>] &lt;<cite>zmatt</cite>&gt; <q>trashguy: you can power the BBB via pins 7 and 8 of P9</q></li>
<li class="message">[<a href="#T00:25:23" id="T00:25:23"><abbr title="2015-04-14T00:25:23+00:00">00:25:23</abbr></a>] &lt;<cite>zmatt</cite>&gt; <q>trashguy: (not pins 5/6)</q></li>
<li class="message">[<a href="#T00:26:57" id="T00:26:57"><abbr title="2015-04-14T00:26:57+00:00">00:26:57</abbr></a>] &lt;<cite>veremit</cite>&gt; <q>the beagle paperweight is born once again :)</q></li>
<li class="message">[<a href="#T00:26:58" id="T00:26:58"><abbr title="2015-04-14T00:26:58+00:00">00:26:58</abbr></a>] &lt;<cite>zmatt</cite>&gt; <q>ds2: in retrospect I retract my rephrased version, the original was fine :P</q></li>
<li class="message">[<a href="#T00:27:10" id="T00:27:10"><abbr title="2015-04-14T00:27:10+00:00">00:27:10</abbr></a>] &lt;<cite>veremit</cite>&gt; <q>zmatt +1</q></li>
<li class="join">[<a href="#T00:27:28" id="T00:27:28"><abbr title="2015-04-14T00:27:28+00:00">00:27:28</abbr></a>] <span>* jkridner (~jkridner@pdpc/supporter/active/jkridner) has joined #beagle</span></li>
<li class="mode">[<abbr title="2015-04-14T00:27:28+00:00">00:27:28</abbr>] <span>* ChanServ sets mode +o jkridner</span></li>
<li class="join">[<a href="#T00:28:45" id="T00:28:45"><abbr title="2015-04-14T00:28:45+00:00">00:28:45</abbr></a>] <span>* UnixMonky (~UnixMonky@d14-69-177-78.try.wideopenwest.com) has joined #beagle</span></li>
<li class="quit">[<abbr title="2015-04-14T00:28:45+00:00">00:28:45</abbr>] <span>* j12t (~j12t@c-107-3-142-14.hsd1.ca.comcast.net) Quit (Remote host closed the connection)</span></li>
<li class="quit">[<a href="#T00:29:01" id="T00:29:01"><abbr title="2015-04-14T00:29:01+00:00">00:29:01</abbr></a>] <span>* nitrousnrg (~quassel@190-103-213-239.cepanet.com.ar) Quit (Ping timeout: 264 seconds)</span></li>
<li class="message">[<a href="#T00:30:57" id="T00:30:57"><abbr title="2015-04-14T00:30:57+00:00">00:30:57</abbr></a>] &lt;<cite>zmatt</cite>&gt; <q>treeherder: to put things in perspective, the power supply lines of the processor's I/O banks are called "VDDHV" - High Voltage... because they may carry 3.3V</q></li>
<li class="message">[<a href="#T00:31:12" id="T00:31:12"><abbr title="2015-04-14T00:31:12+00:00">00:31:12</abbr></a>] &lt;<cite>ds2</cite>&gt; <q>uh...</q></li>
<li class="message">[<a href="#T00:31:17" id="T00:31:17"><abbr title="2015-04-14T00:31:17+00:00">00:31:17</abbr></a>] &lt;<cite>zmatt</cite>&gt; <q>treeherder: internally stuff runs on 1.1 - 1.2V</q></li>
<li class="message">[<a href="#T00:31:36" id="T00:31:36"><abbr title="2015-04-14T00:31:36+00:00">00:31:36</abbr></a>] &lt;<cite>ds2</cite>&gt; <q>I'd rephase it as - do not exceed levels as described in the SRM.</q></li>
<li class="message">[<a href="#T00:31:49" id="T00:31:49"><abbr title="2015-04-14T00:31:49+00:00">00:31:49</abbr></a>] &lt;<cite>ds2</cite>&gt; <q>there are a few lines that cannot tolerate anything more then 1.8V</q></li>
<li class="message">[<a href="#T00:32:29" id="T00:32:29"><abbr title="2015-04-14T00:32:29+00:00">00:32:29</abbr></a>] &lt;<cite>ds2</cite>&gt; <q>even applications of 3.3V at the wrong time is fatal</q></li>
<li class="message">[<a href="#T00:32:33" id="T00:32:33"><abbr title="2015-04-14T00:32:33+00:00">00:32:33</abbr></a>] &lt;<cite>zmatt</cite>&gt; <q>ds2: in fact, the GND lines don't really tolerate anything more than 0V.   I gave an upper bound on tolerance, not a lower bound :P</q></li>
<li class="message">[<a href="#T00:32:50" id="T00:32:50"><abbr title="2015-04-14T00:32:50+00:00">00:32:50</abbr></a>] &lt;<cite>veremit</cite>&gt; <q>zmatt: -1 now :p</q></li>
<li class="message">[<a href="#T00:32:51" id="T00:32:51"><abbr title="2015-04-14T00:32:51+00:00">00:32:51</abbr></a>] &lt;<cite>veremit</cite>&gt; <q>lol</q></li>
<li class="message">[<a href="#T00:33:17" id="T00:33:17"><abbr title="2015-04-14T00:33:17+00:00">00:33:17</abbr></a>] &lt;<cite>veremit</cite>&gt; <q>zmatt .. you can have your GND wires at 3.3V as long as your VCC is above it ..</q></li>
<li class="join">[<abbr title="2015-04-14T00:33:17+00:00">00:33:17</abbr>] <span>* ohama (ohama@cicolina.org) has joined #beaglebone</span></li>
<li class="message">[<a href="#T00:33:30" id="T00:33:30"><abbr title="2015-04-14T00:33:30+00:00">00:33:30</abbr></a>] &lt;<cite>ds2</cite>&gt; <q>I dispute that statement. GND is your reference</q></li>
<li class="message">[<a href="#T00:33:35" id="T00:33:35"><abbr title="2015-04-14T00:33:35+00:00">00:33:35</abbr></a>] &lt;<cite>zmatt</cite>&gt; <q>that.</q></li>
<li class="message">[<a href="#T00:36:32" id="T00:36:32"><abbr title="2015-04-14T00:36:32+00:00">00:36:32</abbr></a>] &lt;<cite>zmatt</cite>&gt; <q>ds2: the only point I was trying to make originally is that the BBB is really, really not 5V tolerant :P</q></li>
<li class="message">[<a href="#T00:36:52" id="T00:36:52"><abbr title="2015-04-14T00:36:52+00:00">00:36:52</abbr></a>] &lt;<cite>veremit</cite>&gt; <q>if you want 5v io .. get an arduino :p</q></li>
<li class="message">[<a href="#T00:37:00" id="T00:37:00"><abbr title="2015-04-14T00:37:00+00:00">00:37:00</abbr></a>] &lt;<cite>veremit</cite>&gt; <q>and use spi with level shifters :p</q></li>
<li class="message">[<a href="#T00:37:03" id="T00:37:03"><abbr title="2015-04-14T00:37:03+00:00">00:37:03</abbr></a>] &lt;<cite>ds2</cite>&gt; <q>and I am pointing out that with some creativity, you can get 5V tolerante input</q></li>
<li class="message">[<a href="#T00:37:05" id="T00:37:05"><abbr title="2015-04-14T00:37:05+00:00">00:37:05</abbr></a>] &lt;<cite>ds2</cite>&gt; <q>s</q></li>
<li class="message">[<a href="#T00:37:20" id="T00:37:20"><abbr title="2015-04-14T00:37:20+00:00">00:37:20</abbr></a>] &lt;<cite>veremit</cite>&gt; <q>or i2c .. whatever :P uart even!</q></li>
<li class="message">[<a href="#T00:37:24" id="T00:37:24"><abbr title="2015-04-14T00:37:24+00:00">00:37:24</abbr></a>] &lt;<cite>ds2</cite>&gt; <q>hence the reset example - reset works fine as a wake up input</q></li>
<li class="message">[<a href="#T00:37:55" id="T00:37:55"><abbr title="2015-04-14T00:37:55+00:00">00:37:55</abbr></a>] &lt;<cite>ds2</cite>&gt; <q>similar tricks can let you use the power input as a "wake up" signal</q></li>
<li class="message">[<a href="#T00:38:23" id="T00:38:23"><abbr title="2015-04-14T00:38:23+00:00">00:38:23</abbr></a>] &lt;<cite>zmatt</cite>&gt; <q>ds2: I don't understand what you're trying to say</q></li>
<li class="message">[<a href="#T00:38:46" id="T00:38:46"><abbr title="2015-04-14T00:38:46+00:00">00:38:46</abbr></a>] &lt;<cite>veremit</cite>&gt; <q>ds2: how does that also perform output, and hence qualify as an input/output functionality?</q></li>
<li class="message">[<a href="#T00:39:09" id="T00:39:09"><abbr title="2015-04-14T00:39:09+00:00">00:39:09</abbr></a>] &lt;<cite>ds2</cite>&gt; <q>zmatt: for power management purposes, reset/power in can be (with some creativity) used as an input for wake up purposes</q></li>
<li class="message">[<a href="#T00:39:16" id="T00:39:16"><abbr title="2015-04-14T00:39:16+00:00">00:39:16</abbr></a>] &lt;<cite>ds2</cite>&gt; <q>not claiming output. just claiming input</q></li>
<li class="quit">[<a href="#T00:39:40" id="T00:39:40"><abbr title="2015-04-14T00:39:40+00:00">00:39:40</abbr></a>] <span>* dwery (~dwery@nslu2-linux/dwery) Quit (Read error: Connection reset by peer)</span></li>
<li class="message">[<a href="#T00:40:14" id="T00:40:14"><abbr title="2015-04-14T00:40:14+00:00">00:40:14</abbr></a>] &lt;<cite>zmatt</cite>&gt; <q>there are plenty of ways of interfacing 5V-stuff indirectly, but 5V will not be supplied nor tolerated by the BBB on any expansion pin other than the four 5V supply pins</q></li>
<li class="join">[<a href="#T00:40:31" id="T00:40:31"><abbr title="2015-04-14T00:40:31+00:00">00:40:31</abbr></a>] <span>* dwery (~dwery@nslu2-linux/dwery) has joined #beagle</span></li>
<li class="message">[<a href="#T00:40:35" id="T00:40:35"><abbr title="2015-04-14T00:40:35+00:00">00:40:35</abbr></a>] &lt;<cite>zmatt</cite>&gt; <q>ds2: what does that have to do with 5V tolerance?</q></li>
<li class="message">[<a href="#T00:40:47" id="T00:40:47"><abbr title="2015-04-14T00:40:47+00:00">00:40:47</abbr></a>] &lt;<cite>ds2</cite>&gt; <q>zmatt: it takes 5V in</q></li>
<li class="quit">[<a href="#T00:40:50" id="T00:40:50"><abbr title="2015-04-14T00:40:50+00:00">00:40:50</abbr></a>] <span>* idwer (~irc@unaffiliated/idwer) Quit (Remote host closed the connection)</span></li>
<li class="quit">[<a href="#T00:41:03" id="T00:41:03"><abbr title="2015-04-14T00:41:03+00:00">00:41:03</abbr></a>] <span>* drkfdr_nl (~darkfader@ip3e8346be.speed.planet.nl) Quit (Quit: Read error: Connection reset by peer)</span></li>
<li class="message">[<a href="#T00:41:19" id="T00:41:19"><abbr title="2015-04-14T00:41:19+00:00">00:41:19</abbr></a>] &lt;<cite>ds2</cite>&gt; <q>general purpose IO on the other hand....</q></li>
<li class="quit">[<a href="#T00:41:35" id="T00:41:35"><abbr title="2015-04-14T00:41:35+00:00">00:41:35</abbr></a>] <span>* bkearns (~bkearns@216-75-239-130.static.wiline.com) Quit (Quit: Leaving.)</span></li>
<li class="message">[<a href="#T00:42:37" id="T00:42:37"><abbr title="2015-04-14T00:42:37+00:00">00:42:37</abbr></a>] &lt;<cite>zmatt</cite>&gt; <q>hell no, the reset pin connects straight to the am335x and is absolutely not 5V tolerant</q></li>
<li class="message">[<a href="#T00:42:48" id="T00:42:48"><abbr title="2015-04-14T00:42:48+00:00">00:42:48</abbr></a>] &lt;<cite>zmatt</cite>&gt; <q>where'd you get that idea?</q></li>
<li class="message">[<a href="#T00:42:56" id="T00:42:56"><abbr title="2015-04-14T00:42:56+00:00">00:42:56</abbr></a>] &lt;<cite>ds2</cite>&gt; <q>you are confusing what I am saying</q></li>
<li class="message">[<a href="#T00:43:08" id="T00:43:08"><abbr title="2015-04-14T00:43:08+00:00">00:43:08</abbr></a>] &lt;<cite>ds2</cite>&gt; <q>nevermind</q></li>
<li class="message">[<a href="#T00:43:42" id="T00:43:42"><abbr title="2015-04-14T00:43:42+00:00">00:43:42</abbr></a>] &lt;<cite>ds2</cite>&gt; <q>come to think of it... it can be used as more then just a PM wake up</q></li>
<li class="join">[<a href="#T00:43:48" id="T00:43:48"><abbr title="2015-04-14T00:43:48+00:00">00:43:48</abbr></a>] <span>* Redoktyabr (~Thunderbi@2606:a000:110e:8061:6462:daff:e015:1171) has joined #beagle</span></li>
<li class="message">[<a href="#T00:43:54" id="T00:43:54"><abbr title="2015-04-14T00:43:54+00:00">00:43:54</abbr></a>] &lt;<cite>ds2</cite>&gt; <q>back to my other problem</q></li>
<li class="message">[<a href="#T00:44:38" id="T00:44:38"><abbr title="2015-04-14T00:44:38+00:00">00:44:38</abbr></a>] &lt;<cite>zmatt</cite>&gt; <q>pins 7/8 can indeed be used as 5V input to trigger an irq via the pmic, assuming you normally power your bbb via usb or battery</q></li>
<li class="message">[<a href="#T00:44:53" id="T00:44:53"><abbr title="2015-04-14T00:44:53+00:00">00:44:53</abbr></a>] &lt;<cite>zmatt</cite>&gt; <q>bit of a scenic route to get a 5V tolerant input though :P</q></li>
<li class="message">[<a href="#T00:45:18" id="T00:45:18"><abbr title="2015-04-14T00:45:18+00:00">00:45:18</abbr></a>] &lt;<cite>GenTooMan</cite>&gt; <q>I would think a level shifter might be safer ...</q></li>
<li class="message">[<a href="#T00:45:25" id="T00:45:25"><abbr title="2015-04-14T00:45:25+00:00">00:45:25</abbr></a>] &lt;<cite>zmatt</cite>&gt; <q>also, there's the little issue that the BBB will probably try to draw more power from it than you'll like</q></li>
<li class="message">[<a href="#T00:45:35" id="T00:45:35"><abbr title="2015-04-14T00:45:35+00:00">00:45:35</abbr></a>] &lt;<cite>ds2</cite>&gt; <q>scenic yes... but when you have limited sources...</q></li>
<li class="message">[<a href="#T00:46:07" id="T00:46:07"><abbr title="2015-04-14T00:46:07+00:00">00:46:07</abbr></a>] &lt;<cite>ds2</cite>&gt; <q>IIRC, the PMIC can be configured to work around stuff like that</q></li>
<li class="quit">[<a href="#T00:46:16" id="T00:46:16"><abbr title="2015-04-14T00:46:16+00:00">00:46:16</abbr></a>] <span>* jkridner (~jkridner@pdpc/supporter/active/jkridner) Quit (Remote host closed the connection)</span></li>
<li class="message">[<a href="#T00:46:34" id="T00:46:34"><abbr title="2015-04-14T00:46:34+00:00">00:46:34</abbr></a>] &lt;<cite>ds2</cite>&gt; <q>if you have the space to do a 10high stack of capes, then ignore what I am saying</q></li>
<li class="message">[<a href="#T00:47:16" id="T00:47:16"><abbr title="2015-04-14T00:47:16+00:00">00:47:16</abbr></a>] &lt;<cite>zmatt</cite>&gt; <q>GenTooMan: a bus-switch is also nice, works bidirectional (provided the 5V-side is okay with receiving 3.3V signals)</q></li>
<li class="join">[<a href="#T00:48:01" id="T00:48:01"><abbr title="2015-04-14T00:48:01+00:00">00:48:01</abbr></a>] <span>* cdbachmann (~cdbachman@69.209.201.39) has joined #beagle</span></li>
<li class="message">[<a href="#T00:48:08" id="T00:48:08"><abbr title="2015-04-14T00:48:08+00:00">00:48:08</abbr></a>] &lt;<cite>GenTooMan</cite>&gt; <q>I don't recommend clever use of IO unless you absolutely positively can't do it any other way.</q></li>
<li class="message">[<a href="#T00:48:14" id="T00:48:14"><abbr title="2015-04-14T00:48:14+00:00">00:48:14</abbr></a>] &lt;<cite>veremit</cite>&gt; <q>logic thresholds for 5V usualy manage 3v3 fine.. the reverse, however, doesn't hold true !</q></li>
<li class="message">[<a href="#T00:48:44" id="T00:48:44"><abbr title="2015-04-14T00:48:44+00:00">00:48:44</abbr></a>] &lt;<cite>zmatt</cite>&gt; <q>ds2: it's a creative workaround that might make sense in some cases, but I don't think it would make much sense in general :P</q></li>
<li class="message">[<a href="#T00:48:45" id="T00:48:45"><abbr title="2015-04-14T00:48:45+00:00">00:48:45</abbr></a>] &lt;<cite>veremit</cite>&gt; <q>any protection diodes you Might have .. tend to get quite Hot.</q></li>
<li class="message">[<a href="#T00:48:53" id="T00:48:53"><abbr title="2015-04-14T00:48:53+00:00">00:48:53</abbr></a>] &lt;<cite>zmatt</cite>&gt; <q>veremit: not protection diodes</q></li>
<li class="message">[<a href="#T00:49:09" id="T00:49:09"><abbr title="2015-04-14T00:49:09+00:00">00:49:09</abbr></a>] &lt;<cite>ds2</cite>&gt; <q>veremit: there been situations where a large expense was needed to correct that :/</q></li>
<li class="message">[<a href="#T00:49:20" id="T00:49:20"><abbr title="2015-04-14T00:49:20+00:00">00:49:20</abbr></a>] &lt;<cite>zmatt</cite>&gt; <q>veremit: busswitch clamps without drawing current</q></li>
<li class="message">[<a href="#T00:49:25" id="T00:49:25"><abbr title="2015-04-14T00:49:25+00:00">00:49:25</abbr></a>] &lt;<cite>veremit</cite>&gt; <q>zmatt .. yes I'm aware there are none on the am335x not surprisingly</q></li>
<li class="join">[<a href="#T00:49:37" id="T00:49:37"><abbr title="2015-04-14T00:49:37+00:00">00:49:37</abbr></a>] <span>* Ceriand|desktop (~Ceriand@unaffiliated/ceriand) has joined #beagle</span></li>
<li class="message">[<a href="#T00:49:49" id="T00:49:49"><abbr title="2015-04-14T00:49:49+00:00">00:49:49</abbr></a>] &lt;<cite>zmatt</cite>&gt; <q>veremit: well there are in the am335x, but just for esd</q></li>
<li class="message">[<a href="#T00:49:58" id="T00:49:58"><abbr title="2015-04-14T00:49:58+00:00">00:49:58</abbr></a>] &lt;<cite>GenTooMan</cite>&gt; <q>that's why you use interface IC's and input protection devices.</q></li>
<li class="message">[<a href="#T00:50:00" id="T00:50:00"><abbr title="2015-04-14T00:50:00+00:00">00:50:00</abbr></a>] &lt;<cite>ds2</cite>&gt; <q>when in doubt, figure the worse case values based on the datasheet. anything else is foolish.</q></li>
<li class="message">[<a href="#T00:50:11" id="T00:50:11"><abbr title="2015-04-14T00:50:11+00:00">00:50:11</abbr></a>] &lt;<cite>veremit</cite>&gt; <q>GenTooMan +1</q></li>
<li class="message">[<a href="#T00:50:39" id="T00:50:39"><abbr title="2015-04-14T00:50:39+00:00">00:50:39</abbr></a>] &lt;<cite>zmatt</cite>&gt; <q>GenTooMan: yup, raw cpu pins of a modern SoC like the am335x are.... not very user friendly</q></li>
<li class="message">[<a href="#T00:51:26" id="T00:51:26"><abbr title="2015-04-14T00:51:26+00:00">00:51:26</abbr></a>] &lt;<cite>veremit</cite>&gt; <q>depends on the 'user' imho ;p</q></li>
<li class="message">[<a href="#T00:51:48" id="T00:51:48"><abbr title="2015-04-14T00:51:48+00:00">00:51:48</abbr></a>] &lt;<cite>veremit</cite>&gt; <q>5v pins aren't friendly if your IO takes place at 12 or 24v :P or is AC not DC ..</q></li>
<li class="message">[<a href="#T00:52:24" id="T00:52:24"><abbr title="2015-04-14T00:52:24+00:00">00:52:24</abbr></a>] &lt;<cite>GenTooMan</cite>&gt; <q>Yeah well been their blown that up :D</q></li>
<li class="message">[<a href="#T00:52:43" id="T00:52:43"><abbr title="2015-04-14T00:52:43+00:00">00:52:43</abbr></a>] &lt;<cite>veremit</cite>&gt; <q>so I think the general lesson is .. Do Ya Homework :)</q></li>
<li class="message">[<a href="#T00:52:45" id="T00:52:45"><abbr title="2015-04-14T00:52:45+00:00">00:52:45</abbr></a>] &lt;<cite>GenTooMan</cite>&gt; <q>Nothing like a bit of dull red glow in the morning :D</q></li>
<li class="message">[<a href="#T00:52:50" id="T00:52:50"><abbr title="2015-04-14T00:52:50+00:00">00:52:50</abbr></a>] &lt;<cite>veremit</cite>&gt; <q>hehe GenTooMan :)</q></li>
<li class="message">[<a href="#T00:53:34" id="T00:53:34"><abbr title="2015-04-14T00:53:34+00:00">00:53:34</abbr></a>] &lt;<cite>GenTooMan</cite>&gt; <q>Anyhow DS2 think about how complicated your solution is first. What can go wrong with it etc. versus a simpler hardware solution.</q></li>
<li class="message">[<a href="#T00:53:45" id="T00:53:45"><abbr title="2015-04-14T00:53:45+00:00">00:53:45</abbr></a>] &lt;<cite>zmatt</cite>&gt; <q>veremit: true, but still an arduino can obviously take much more of a beating while surviving</q></li>
<li class="message">[<a href="#T00:54:29" id="T00:54:29"><abbr title="2015-04-14T00:54:29+00:00">00:54:29</abbr></a>] &lt;<cite>veremit</cite>&gt; <q>zmatt ... precisely, so its a better board to start out playing with electronics .. and gpio especially</q></li>
<li class="message">[<a href="#T00:54:31" id="T00:54:31"><abbr title="2015-04-14T00:54:31+00:00">00:54:31</abbr></a>] &lt;<cite>GenTooMan</cite>&gt; <q>Well most of those people are use to things "gracefully" taking a beating. heh..</q></li>
<li class="message">[<a href="#T00:54:55" id="T00:54:55"><abbr title="2015-04-14T00:54:55+00:00">00:54:55</abbr></a>] &lt;<cite>zmatt</cite>&gt; <q>GenTooMan: which *is* a form of a user-friendliness</q></li>
<li class="message">[<a href="#T00:55:05" id="T00:55:05"><abbr title="2015-04-14T00:55:05+00:00">00:55:05</abbr></a>] &lt;<cite>zmatt</cite>&gt; <q>being able to afford a bit of carelessness</q></li>
<li class="message">[<a href="#T00:55:06" id="T00:55:06"><abbr title="2015-04-14T00:55:06+00:00">00:55:06</abbr></a>] &lt;<cite>veremit</cite>&gt; <q>indeed</q></li>
<li class="message">[<a href="#T00:55:08" id="T00:55:08"><abbr title="2015-04-14T00:55:08+00:00">00:55:08</abbr></a>] &lt;<cite>ds2</cite>&gt; <q>GenTooMan: for what I am thinking of, that is the simpliest way... almost anything else would be considerably more complex</q></li>
<li class="message">[<a href="#T00:55:30" id="T00:55:30"><abbr title="2015-04-14T00:55:30+00:00">00:55:30</abbr></a>] &lt;<cite>veremit</cite>&gt; <q>ds2 .. think we're all on a different planet :P~</q></li>
<li class="message">[<a href="#T00:55:42" id="T00:55:42"><abbr title="2015-04-14T00:55:42+00:00">00:55:42</abbr></a>] &lt;<cite>GenTooMan</cite>&gt; <q>I'm from saturn you? :D</q></li>
<li class="message">[<a href="#T00:55:52" id="T00:55:52"><abbr title="2015-04-14T00:55:52+00:00">00:55:52</abbr></a>] &lt;<cite>veremit</cite>&gt; <q>*cough* uranus .. *snicker*</q></li>
<li class="message">[<a href="#T00:56:04" id="T00:56:04"><abbr title="2015-04-14T00:56:04+00:00">00:56:04</abbr></a>] &lt;<cite>ds2</cite>&gt; <q>GenTooMan: if you need to wake up from a completely unpowered SoC, any inputs you use HAS to be qualified with reset. the power input avoids that entirely for one thing</q></li>
<li class="message">[<a href="#T00:56:05" id="T00:56:05"><abbr title="2015-04-14T00:56:05+00:00">00:56:05</abbr></a>] &lt;<cite>GenTooMan</cite>&gt; <q>You know I've heard their are rings around ...</q></li>
<li class="message">[<a href="#T00:56:15" id="T00:56:15"><abbr title="2015-04-14T00:56:15+00:00">00:56:15</abbr></a>] &lt;<cite>veremit</cite>&gt; <q>hahahaha</q></li>
<li class="message">[<a href="#T00:56:30" id="T00:56:30"><abbr title="2015-04-14T00:56:30+00:00">00:56:30</abbr></a>] &lt;<cite>veremit</cite>&gt; <q>... Jupiter, yes .. :p</q></li>
<li class="message">[<a href="#T00:57:31" id="T00:57:31"><abbr title="2015-04-14T00:57:31+00:00">00:57:31</abbr></a>] &lt;<cite>GenTooMan</cite>&gt; <q>ds2 serious question HOW does the BBB do that now? doesn't it control that with the TPSXXXXXX ic?</q></li>
<li class="message">[<a href="#T00:57:51" id="T00:57:51"><abbr title="2015-04-14T00:57:51+00:00">00:57:51</abbr></a>] &lt;<cite>ds2</cite>&gt; <q>GenTooMan: yes but the TPSXXXXX can notify the AM335x</q></li>
<li class="message">[<a href="#T00:58:25" id="T00:58:25"><abbr title="2015-04-14T00:58:25+00:00">00:58:25</abbr></a>] &lt;<cite>ds2</cite>&gt; <q>GenTooMan: Consider a battery power device where you hibernate (i.e. memory dump to SD)</q></li>
<li class="message">[<a href="#T00:58:48" id="T00:58:48"><abbr title="2015-04-14T00:58:48+00:00">00:58:48</abbr></a>] &lt;<cite>GenTooMan</cite>&gt; <q>K I have made those ...</q></li>
<li class="message">[<a href="#T00:58:58" id="T00:58:58"><abbr title="2015-04-14T00:58:58+00:00">00:58:58</abbr></a>] &lt;<cite>ds2</cite>&gt; <q>the TPSXXXXX is accessible over I2C</q></li>
<li class="message">[<a href="#T00:59:11" id="T00:59:11"><abbr title="2015-04-14T00:59:11+00:00">00:59:11</abbr></a>] &lt;<cite>ds2</cite>&gt; <q>but this does assume you have a battery</q></li>
<li class="message">[<a href="#T00:59:53" id="T00:59:53"><abbr title="2015-04-14T00:59:53+00:00">00:59:53</abbr></a>] &lt;<cite>ds2</cite>&gt; <q>another thorny thing is sensing battery state... using the onboard ADCs is not that trivial for that</q></li>
<li class="message">[<a href="#T01:01:46" id="T01:01:46"><abbr title="2015-04-14T01:01:46+00:00">01:01:46</abbr></a>] &lt;<cite>zmatt</cite>&gt; <q>veremit: this is an example what I meant with a bus switch -&gt; <a href="http://www.ti.com/lit/ds/symlink/sn74cb3t3245.pdf">http://www.ti.com/lit/ds/symlink/sn74cb3t3245.pdf</a></q></li>
<li class="message">[<a href="#T01:02:30" id="T01:02:30"><abbr title="2015-04-14T01:02:30+00:00">01:02:30</abbr></a>] &lt;<cite>veremit</cite>&gt; <q>will have a look in a sec .. gotta restarr my router .. its playin up .. but ty</q></li>
<li class="message">[<a href="#T01:02:48" id="T01:02:48"><abbr title="2015-04-14T01:02:48+00:00">01:02:48</abbr></a>] &lt;<cite>veremit</cite>&gt; <q>I used a bunch of 74-series level shifters between some SoM and TFT displays before :p</q></li>
<li class="message">[<a href="#T01:02:53" id="T01:02:53"><abbr title="2015-04-14T01:02:53+00:00">01:02:53</abbr></a>] &lt;<cite>veremit</cite>&gt; <q>brb tho'</q></li>
<li class="message">[<a href="#T01:03:23" id="T01:03:23"><abbr title="2015-04-14T01:03:23+00:00">01:03:23</abbr></a>] &lt;<cite>zmatt</cite>&gt; <q>GenTooMan: the power up of the am335x is actually fairly unusual</q></li>
<li class="message">[<a href="#T01:03:58" id="T01:03:58"><abbr title="2015-04-14T01:03:58+00:00">01:03:58</abbr></a>] &lt;<cite>zmatt</cite>&gt; <q>GenTooMan: (mainly as a result of the design of rtc-only mode)</q></li>
<li class="message">[<a href="#T01:04:26" id="T01:04:26"><abbr title="2015-04-14T01:04:26+00:00">01:04:26</abbr></a>] &lt;<cite>zmatt</cite>&gt; <q>which I still think is a bit weird... the older solution of including an RTC in the PMIC made more sense to me</q></li>
<li class="join">[<a href="#T01:04:37" id="T01:04:37"><abbr title="2015-04-14T01:04:37+00:00">01:04:37</abbr></a>] <span>* Rallyfanche (ceaef236@gateway/web/freenode/ip.206.174.242.54) has joined #beagle</span></li>
<li class="join">[<a href="#T01:04:40" id="T01:04:40"><abbr title="2015-04-14T01:04:40+00:00">01:04:40</abbr></a>] <span>* bwarff_ (~bwarff@58-7-84-110.dyn.iinet.net.au) has joined #beagle</span></li>
<li class="message">[<a href="#T01:04:54" id="T01:04:54"><abbr title="2015-04-14T01:04:54+00:00">01:04:54</abbr></a>] &lt;<cite>ds2</cite>&gt; <q>the SOT-23 single gate versions of those are nice</q></li>
<li class="message">[<a href="#T01:05:23" id="T01:05:23"><abbr title="2015-04-14T01:05:23+00:00">01:05:23</abbr></a>] &lt;<cite>zmatt</cite>&gt; <q>veremit: level shifters are generally not bidirectional though, the thing I linked to is</q></li>
<li class="quit">[<a href="#T01:06:16" id="T01:06:16"><abbr title="2015-04-14T01:06:16+00:00">01:06:16</abbr></a>] <span>* gusnan (~gusnan@unaffiliated/gusnan) Quit (Ping timeout: 255 seconds)</span></li>
<li class="message">[<a href="#T01:06:32" id="T01:06:32"><abbr title="2015-04-14T01:06:32+00:00">01:06:32</abbr></a>] &lt;<cite>zmatt</cite>&gt; <q>ds2: "if you need to wake up from a completely unpowered SoC" -&gt; you mean using e.g. the power-button signal on P9 pin 9 ? :P</q></li>
<li class="quit">[<a href="#T01:06:57" id="T01:06:57"><abbr title="2015-04-14T01:06:57+00:00">01:06:57</abbr></a>] <span>* bwarff (~bwarff@124-148-223-59.dyn.iinet.net.au) Quit (Ping timeout: 276 seconds)</span></li>
<li class="message">[<a href="#T01:07:12" id="T01:07:12"><abbr title="2015-04-14T01:07:12+00:00">01:07:12</abbr></a>] &lt;<cite>ds2</cite>&gt; <q>zmatt: that works too but that has a built in pull up</q></li>
<li class="message">[<a href="#T01:07:13" id="T01:07:13"><abbr title="2015-04-14T01:07:13+00:00">01:07:13</abbr></a>] &lt;<cite>GenTooMan</cite>&gt; <q>I thought they used the same thing on this apparently not.</q></li>
<li class="quit">[<a href="#T01:07:36" id="T01:07:36"><abbr title="2015-04-14T01:07:36+00:00">01:07:36</abbr></a>] <span>* veremit (~Michael@unaffiliated/veremit) Quit (Ping timeout: 240 seconds)</span></li>
<li class="join">[<a href="#T01:07:40" id="T01:07:40"><abbr title="2015-04-14T01:07:40+00:00">01:07:40</abbr></a>] <span>* j12t (~j12t@12.251.228.138) has joined #beagle</span></li>
<li class="join">[<abbr title="2015-04-14T01:07:40+00:00">01:07:40</abbr>] <span>* j12t (~j12t@12.251.228.138) has joined #beagleboard</span></li>
<li class="message">[<a href="#T01:07:48" id="T01:07:48"><abbr title="2015-04-14T01:07:48+00:00">01:07:48</abbr></a>] &lt;<cite>GenTooMan</cite>&gt; <q>ds2: use an OC driver?</q></li>
<li class="message">[<a href="#T01:08:00" id="T01:08:00"><abbr title="2015-04-14T01:08:00+00:00">01:08:00</abbr></a>] &lt;<cite>zmatt</cite>&gt; <q>ds2: it had better, since the normal power supplies are unavailable at such a time :P</q></li>
<li class="join">[<a href="#T01:08:17" id="T01:08:17"><abbr title="2015-04-14T01:08:17+00:00">01:08:17</abbr></a>] <span>* gusnan (~gusnan@unaffiliated/gusnan) has joined #beagle</span></li>
<li class="message">[<a href="#T01:08:28" id="T01:08:28"><abbr title="2015-04-14T01:08:28+00:00">01:08:28</abbr></a>] &lt;<cite>ds2</cite>&gt; <q>GenTooMan: the problem there is it presents a voltage to your sensors which may not necessarily be what it tolerates. simple switches are fine</q></li>
<li class="quit">[<a href="#T01:08:36" id="T01:08:36"><abbr title="2015-04-14T01:08:36+00:00">01:08:36</abbr></a>] <span>* dwery (~dwery@nslu2-linux/dwery) Quit (Ping timeout: 240 seconds)</span></li>
<li class="quit">[<a href="#T01:08:52" id="T01:08:52"><abbr title="2015-04-14T01:08:52+00:00">01:08:52</abbr></a>] <span>* Rallyfanche (ceaef236@gateway/web/freenode/ip.206.174.242.54) Quit (Ping timeout: 246 seconds)</span></li>
<li class="message">[<a href="#T01:08:57" id="T01:08:57"><abbr title="2015-04-14T01:08:57+00:00">01:08:57</abbr></a>] &lt;<cite>ds2</cite>&gt; <q>if it wasn't for that, a 430 would make a nice wake up controller</q></li>
<li class="message">[<a href="#T01:09:08" id="T01:09:08"><abbr title="2015-04-14T01:09:08+00:00">01:09:08</abbr></a>] &lt;<cite>GenTooMan</cite>&gt; <q>How would an open collector present "unexpected voltages"? Unless it's leaking or shorted that might be different.</q></li>
<li class="message">[<a href="#T01:09:26" id="T01:09:26"><abbr title="2015-04-14T01:09:26+00:00">01:09:26</abbr></a>] &lt;<cite>GenTooMan</cite>&gt; <q>open drain I should have said really :D</q></li>
<li class="message">[<a href="#T01:09:49" id="T01:09:49"><abbr title="2015-04-14T01:09:49+00:00">01:09:49</abbr></a>] &lt;<cite>ds2</cite>&gt; <q>GenTooMan: there is often a nasty ESD diode</q></li>
<li class="message">[<a href="#T01:10:44" id="T01:10:44"><abbr title="2015-04-14T01:10:44+00:00">01:10:44</abbr></a>] &lt;<cite>zmatt</cite>&gt; <q>what's "a 430" ?</q></li>
<li class="message">[<a href="#T01:10:51" id="T01:10:51"><abbr title="2015-04-14T01:10:51+00:00">01:10:51</abbr></a>] &lt;<cite>ds2</cite>&gt; <q>MSP430</q></li>
<li class="message">[<a href="#T01:10:53" id="T01:10:53"><abbr title="2015-04-14T01:10:53+00:00">01:10:53</abbr></a>] &lt;<cite>ds2</cite>&gt; <q>microcontroller</q></li>
<li class="message">[<a href="#T01:10:55" id="T01:10:55"><abbr title="2015-04-14T01:10:55+00:00">01:10:55</abbr></a>] &lt;<cite>zmatt</cite>&gt; <q>ah</q></li>
<li class="message">[<a href="#T01:10:57" id="T01:10:57"><abbr title="2015-04-14T01:10:57+00:00">01:10:57</abbr></a>] &lt;<cite>zmatt</cite>&gt; <q>ehm</q></li>
<li class="message">[<a href="#T01:11:21" id="T01:11:21"><abbr title="2015-04-14T01:11:21+00:00">01:11:21</abbr></a>] &lt;<cite>ds2</cite>&gt; <q>the 430's have a low voltage tolerance</q></li>
<li class="join">[<a href="#T01:11:28" id="T01:11:28"><abbr title="2015-04-14T01:11:28+00:00">01:11:28</abbr></a>] <span>* dwery (~dwery@nslu2-linux/dwery) has joined #beagle</span></li>
<li class="message">[<a href="#T01:12:43" id="T01:12:43"><abbr title="2015-04-14T01:12:43+00:00">01:12:43</abbr></a>] &lt;<cite>GenTooMan</cite>&gt; <q>Really?</q></li>
<li class="message">[<a href="#T01:12:45" id="T01:12:45"><abbr title="2015-04-14T01:12:45+00:00">01:12:45</abbr></a>] &lt;<cite>zmatt</cite>&gt; <q>power button pin is low voltage too</q></li>
<li class="action">[<a href="#T01:12:51" id="T01:12:51"><abbr title="2015-04-14T01:12:51+00:00">01:12:51</abbr></a>] <span>* GenTooMan uses them all the time.</span></li>
<li class="message">[<a href="#T01:13:03" id="T01:13:03"><abbr title="2015-04-14T01:13:03+00:00">01:13:03</abbr></a>] &lt;<cite>zmatt</cite>&gt; <q>(trying to find a concrete number...)</q></li>
<li class="message">[<a href="#T01:13:42" id="T01:13:42"><abbr title="2015-04-14T01:13:42+00:00">01:13:42</abbr></a>] &lt;<cite>ds2</cite>&gt; <q>is there an upper limit? didn't see one when I looked</q></li>
<li class="message">[<a href="#T01:14:07" id="T01:14:07"><abbr title="2015-04-14T01:14:07+00:00">01:14:07</abbr></a>] &lt;<cite>zmatt</cite>&gt; <q>ds2: well you're not supposed to source any voltage into it anyhow</q></li>
<li class="message">[<a href="#T01:14:15" id="T01:14:15"><abbr title="2015-04-14T01:14:15+00:00">01:14:15</abbr></a>] &lt;<cite>GenTooMan</cite>&gt; <q>If you pull down the PWR_BUT input you can turn the unit on. Furthermore voltage is irrelevant.</q></li>
<li class="message">[<a href="#T01:14:34" id="T01:14:34"><abbr title="2015-04-14T01:14:34+00:00">01:14:34</abbr></a>] &lt;<cite>zmatt</cite>&gt; <q>ds2: and its pull-up isn't going to hurt your msp430 either</q></li>
<li class="message">[<a href="#T01:14:47" id="T01:14:47"><abbr title="2015-04-14T01:14:47+00:00">01:14:47</abbr></a>] &lt;<cite>ds2</cite>&gt; <q>zmatt: the MSP430 has an upper limit on it like the 335x</q></li>
<li class="message">[<a href="#T01:14:55" id="T01:14:55"><abbr title="2015-04-14T01:14:55+00:00">01:14:55</abbr></a>] &lt;<cite>ds2</cite>&gt; <q>3.x IIRC</q></li>
<li class="message">[<a href="#T01:15:46" id="T01:15:46"><abbr title="2015-04-14T01:15:46+00:00">01:15:46</abbr></a>] &lt;<cite>GenTooMan</cite>&gt; <q>Which msp430? and what is the pullup resistance in the SoC? The msp430F series has a range of 25k to 75k for the pull up and pull down resistance.</q></li>
<li class="message">[<a href="#T01:16:11" id="T01:16:11"><abbr title="2015-04-14T01:16:11+00:00">01:16:11</abbr></a>] &lt;<cite>ds2</cite>&gt; <q>the new NFC ones</q></li>
<li class="message">[<a href="#T01:16:36" id="T01:16:36"><abbr title="2015-04-14T01:16:36+00:00">01:16:36</abbr></a>] &lt;<cite>zmatt</cite>&gt; <q>ds2: even if the pmic would try to pull it up to 5V, nothing will happen: the msp's protection diode will limit it, and nothing bad will happen because the max current supplied by the pmic is really really really tiny</q></li>
<li class="message">[<a href="#T01:16:47" id="T01:16:47"><abbr title="2015-04-14T01:16:47+00:00">01:16:47</abbr></a>] &lt;<cite>zmatt</cite>&gt; <q>max 1 μA, typ 10 nA</q></li>
<li class="message">[<a href="#T01:17:18" id="T01:17:18"><abbr title="2015-04-14T01:17:18+00:00">01:17:18</abbr></a>] &lt;<cite>ds2</cite>&gt; <q>zmatt: I don't think TI documents the max current through the ESD diode</q></li>
<li class="message">[<a href="#T01:18:09" id="T01:18:09"><abbr title="2015-04-14T01:18:09+00:00">01:18:09</abbr></a>] &lt;<cite>zmatt</cite>&gt; <q>ds2: no, it's kind of implicit: they spec a max voltage, but you can't reach that voltage if you can't supply enough current</q></li>
<li class="message">[<a href="#T01:18:29" id="T01:18:29"><abbr title="2015-04-14T01:18:29+00:00">01:18:29</abbr></a>] &lt;<cite>ds2</cite>&gt; <q>zmatt: you going by the abs max rating?</q></li>
<li class="message">[<a href="#T01:19:15" id="T01:19:15"><abbr title="2015-04-14T01:19:15+00:00">01:19:15</abbr></a>] &lt;<cite>zmatt</cite>&gt; <q>ds2: I'm not really going by any rating... anything that has a protection diode is not going to be hurt by a line having an insanely weak pull-up, even if it's to a too-high voltage</q></li>
<li class="message">[<a href="#T01:19:42" id="T01:19:42"><abbr title="2015-04-14T01:19:42+00:00">01:19:42</abbr></a>] &lt;<cite>zmatt</cite>&gt; <q>since the diode prevents actual overvoltage, and the weakness of the pull-up prevents significant current</q></li>
<li class="message">[<a href="#T01:20:12" id="T01:20:12"><abbr title="2015-04-14T01:20:12+00:00">01:20:12</abbr></a>] &lt;<cite>zmatt</cite>&gt; <q>if a protection diode is absent, then things are different</q></li>
<li class="join">[<a href="#T01:21:08" id="T01:21:08"><abbr title="2015-04-14T01:21:08+00:00">01:21:08</abbr></a>] <span>* veremit (~Michael@88-145-169-92.host.pobb.as13285.net) has joined #beagle</span></li>
<li class="quit">[<abbr title="2015-04-14T01:21:08+00:00">01:21:08</abbr>] <span>* veremit (~Michael@88-145-169-92.host.pobb.as13285.net) Quit (Changing host)</span></li>
<li class="join">[<abbr title="2015-04-14T01:21:08+00:00">01:21:08</abbr>] <span>* veremit (~Michael@unaffiliated/veremit) has joined #beagle</span></li>
<li class="message">[<a href="#T01:21:30" id="T01:21:30"><abbr title="2015-04-14T01:21:30+00:00">01:21:30</abbr></a>] &lt;<cite>ds2</cite>&gt; <q>zmatt: the concern I'd have is - will that trip the scr and latch up and will they stand behind it with a value that doesn't trip it</q></li>
<li class="message">[<a href="#T01:21:54" id="T01:21:54"><abbr title="2015-04-14T01:21:54+00:00">01:21:54</abbr></a>] &lt;<cite>zmatt</cite>&gt; <q>you can't latch up anything with near-zero current</q></li>
<li class="message">[<a href="#T01:22:18" id="T01:22:18"><abbr title="2015-04-14T01:22:18+00:00">01:22:18</abbr></a>] &lt;<cite>zmatt</cite>&gt; <q>(TI usually does specify latch-up current btw, at least for their SoCs)</q></li>
<li class="message">[<a href="#T01:23:13" id="T01:23:13"><abbr title="2015-04-14T01:23:13+00:00">01:23:13</abbr></a>] &lt;<cite>ds2</cite>&gt; <q>sounds worthwhile to revisit</q></li>
<li class="message">[<a href="#T01:23:37" id="T01:23:37"><abbr title="2015-04-14T01:23:37+00:00">01:23:37</abbr></a>] &lt;<cite>GenTooMan</cite>&gt; <q>If you are worried about it use something like  SN74AUP1G07 to buffer the msp430 output?</q></li>
<li class="message">[<a href="#T01:24:28" id="T01:24:28"><abbr title="2015-04-14T01:24:28+00:00">01:24:28</abbr></a>] &lt;<cite>veremit</cite>&gt; <q>finally it timed out lol</q></li>
<li class="message">[<a href="#T01:25:07" id="T01:25:07"><abbr title="2015-04-14T01:25:07+00:00">01:25:07</abbr></a>] &lt;<cite>ds2</cite>&gt; <q>GenTooMan: actually a 2N2222 or a logic level FET would work just fine for that but that's another component that takes space</q></li>
<li class="message">[<a href="#T01:25:41" id="T01:25:41"><abbr title="2015-04-14T01:25:41+00:00">01:25:41</abbr></a>] &lt;<cite>zmatt</cite>&gt; <q>ds2: for example, am335x latch-up performance at 105 °C is min 45 mA</q></li>
<li class="message">[<a href="#T01:27:15" id="T01:27:15"><abbr title="2015-04-14T01:27:15+00:00">01:27:15</abbr></a>] &lt;<cite>zmatt</cite>&gt; <q>ds2: dunno what the msp430 can take, but I'd suspect it can probably take the max 1 uA from the pmic :P</q></li>
<li class="message">[<a href="#T01:27:40" id="T01:27:40"><abbr title="2015-04-14T01:27:40+00:00">01:27:40</abbr></a>] &lt;<cite>ds2</cite>&gt; <q>&lt;--- conservative. will design by specs</q></li>
<li class="message">[<a href="#T01:28:02" id="T01:28:02"><abbr title="2015-04-14T01:28:02+00:00">01:28:02</abbr></a>] &lt;<cite>zmatt</cite>&gt; <q>clamp it with a diode yourself</q></li>
<li class="quit">[<a href="#T01:28:34" id="T01:28:34"><abbr title="2015-04-14T01:28:34+00:00">01:28:34</abbr></a>] <span>* dwery (~dwery@nslu2-linux/dwery) Quit (Ping timeout: 245 seconds)</span></li>
<li class="message">[<a href="#T01:28:35" id="T01:28:35"><abbr title="2015-04-14T01:28:35+00:00">01:28:35</abbr></a>] &lt;<cite>GenTooMan</cite>&gt; <q>RF430FRL series is so weird..</q></li>
<li class="message">[<a href="#T01:28:40" id="T01:28:40"><abbr title="2015-04-14T01:28:40+00:00">01:28:40</abbr></a>] &lt;<cite>ds2</cite>&gt; <q>might as well use a logiclevel FET</q></li>
<li class="message">[<a href="#T01:29:00" id="T01:29:00"><abbr title="2015-04-14T01:29:00+00:00">01:29:00</abbr></a>] &lt;<cite>ds2</cite>&gt; <q>GenTooMan: weird yes. but there is so many potential uses for that</q></li>
<li class="message">[<a href="#T01:30:02" id="T01:30:02"><abbr title="2015-04-14T01:30:02+00:00">01:30:02</abbr></a>] &lt;<cite>veremit</cite>&gt; <q>omg this is the best ident</q></li>
<li class="message">[<a href="#T01:30:07" id="T01:30:07"><abbr title="2015-04-14T01:30:07+00:00">01:30:07</abbr></a>] &lt;<cite>veremit</cite>&gt; <q>^5 snowy</q></li>
<li class="message">[<a href="#T01:30:30" id="T01:30:30"><abbr title="2015-04-14T01:30:30+00:00">01:30:30</abbr></a>] &lt;<cite>veremit</cite>&gt; <q>!song</q></li>
<li class="message">[<a href="#T01:30:33" id="T01:30:33"><abbr title="2015-04-14T01:30:33+00:00">01:30:33</abbr></a>] &lt;<cite>GenTooMan</cite>&gt; <q>that what you are playing with?</q></li>
<li class="message">[<a href="#T01:30:40" id="T01:30:40"><abbr title="2015-04-14T01:30:40+00:00">01:30:40</abbr></a>] &lt;<cite>veremit</cite>&gt; <q>~a friend with weed is better....~</q></li>
<li class="message">[<a href="#T01:30:49" id="T01:30:49"><abbr title="2015-04-14T01:30:49+00:00">01:30:49</abbr></a>] &lt;<cite>veremit</cite>&gt; <q>ooops .. wrong channel rofl</q></li>
<li class="message">[<a href="#T01:30:55" id="T01:30:55"><abbr title="2015-04-14T01:30:55+00:00">01:30:55</abbr></a>] &lt;<cite>veremit</cite>&gt; <q>sorry</q></li>
<li class="message">[<a href="#T01:31:02" id="T01:31:02"><abbr title="2015-04-14T01:31:02+00:00">01:31:02</abbr></a>] &lt;<cite>zmatt</cite>&gt; <q>ds2: I'd check the ds for latch-up performance first, or ask e2e... I really do not think the pmic's pull-up current poses any threat whatsoever here</q></li>
<li class="message">[<abbr title="2015-04-14T01:31:02+00:00">01:31:02</abbr>] &lt;<cite>GenTooMan</cite>&gt; <q>that went up in smoke.</q></li>
<li class="quit">[<a href="#T01:32:24" id="T01:32:24"><abbr title="2015-04-14T01:32:24+00:00">01:32:24</abbr></a>] <span>* SpeedEvil (~quassel@tor/regular/SpeedEvil) Quit (Quit: No Ping reply in 180 seconds.)</span></li>
<li class="quit">[<a href="#T01:32:45" id="T01:32:45"><abbr title="2015-04-14T01:32:45+00:00">01:32:45</abbr></a>] <span>* aschmack (~quassel@cpe-67-253-128-200.rochester.res.rr.com) Quit (Write error: Broken pipe)</span></li>
<li class="join">[<a href="#T01:33:00" id="T01:33:00"><abbr title="2015-04-14T01:33:00+00:00">01:33:00</abbr></a>] <span>* SpeedEvil (~quassel@tor/regular/SpeedEvil) has joined #beagle</span></li>
<li class="message">[<a href="#T01:33:55" id="T01:33:55"><abbr title="2015-04-14T01:33:55+00:00">01:33:55</abbr></a>] &lt;<cite>zmatt</cite>&gt; <q>GenTooMan: btw, you wanted to know how exactly power up/down works on the BBB ?</q></li>
<li class="message">[<a href="#T01:35:19" id="T01:35:19"><abbr title="2015-04-14T01:35:19+00:00">01:35:19</abbr></a>] &lt;<cite>GenTooMan</cite>&gt; <q>hmm yeah curious</q></li>
<li class="join">[<a href="#T01:35:24" id="T01:35:24"><abbr title="2015-04-14T01:35:24+00:00">01:35:24</abbr></a>] <span>* Guest80096 (~Sleepnbum@pool-108-0-134-30.lsanca.fios.verizon.net) has joined #beagle</span></li>
<li class="message">[<a href="#T01:35:34" id="T01:35:34"><abbr title="2015-04-14T01:35:34+00:00">01:35:34</abbr></a>] &lt;<cite>GenTooMan</cite>&gt; <q>ds2 the RF430 IO is rated to 1.65V tops</q></li>
<li class="message">[<a href="#T01:36:14" id="T01:36:14"><abbr title="2015-04-14T01:36:14+00:00">01:36:14</abbr></a>] &lt;<cite>ds2</cite>&gt; <q>hmmm?</q></li>
<li class="message">[<a href="#T01:36:22" id="T01:36:22"><abbr title="2015-04-14T01:36:22+00:00">01:36:22</abbr></a>] &lt;<cite>ds2</cite>&gt; <q>let me look...that doesn't sound right</q></li>
<li class="message">[<a href="#T01:37:00" id="T01:37:00"><abbr title="2015-04-14T01:37:00+00:00">01:37:00</abbr></a>] &lt;<cite>GenTooMan</cite>&gt; <q>The antenae is rated to 3.6 but the io is 1.95 (0.3 + Vddb which is 1.65)</q></li>
<li class="message">[<a href="#T01:38:00" id="T01:38:00"><abbr title="2015-04-14T01:38:00+00:00">01:38:00</abbr></a>] &lt;<cite>GenTooMan</cite>&gt; <q>read section 5.1</q></li>
<li class="message">[<a href="#T01:38:09" id="T01:38:09"><abbr title="2015-04-14T01:38:09+00:00">01:38:09</abbr></a>] &lt;<cite>GenTooMan</cite>&gt; <q>Those are of course MAX.</q></li>
<li class="join">[<abbr title="2015-04-14T01:38:09+00:00">01:38:09</abbr>] <span>* nitrousnrg (~quassel@190-103-213-239.cepanet.com.ar) has joined #beagle</span></li>
<li class="join">[<a href="#T01:38:14" id="T01:38:14"><abbr title="2015-04-14T01:38:14+00:00">01:38:14</abbr></a>] <span>* nitrousnrg_ (~quassel@190-103-213-239.cepanet.com.ar) has joined #beagle</span></li>
<li class="quit">[<a href="#T01:38:29" id="T01:38:29"><abbr title="2015-04-14T01:38:29+00:00">01:38:29</abbr></a>] <span>* dj_pi (~dj@c-107-5-228-80.hsd1.mi.comcast.net) Quit (Ping timeout: 250 seconds)</span></li>
<li class="message">[<a href="#T01:38:48" id="T01:38:48"><abbr title="2015-04-14T01:38:48+00:00">01:38:48</abbr></a>] &lt;<cite>zmatt</cite>&gt; <q>GenTooMan: initially when power is applied the TPS will initialize to "OFF" mode.  however, it also sets an irq-bit such as "usb power detected"</q></li>
<li class="nick-change">[<a href="#T01:39:26" id="T01:39:26"><abbr title="2015-04-14T01:39:26+00:00">01:39:26</abbr></a>] <span>* havingFun is now known as xrosnight</span></li>
<li class="message">[<a href="#T01:39:35" id="T01:39:35"><abbr title="2015-04-14T01:39:35+00:00">01:39:35</abbr></a>] &lt;<cite>zmatt</cite>&gt; <q>GenTooMan: this is by default a wakeup source, so it enters power-up sequence</q></li>
<li class="quit">[<a href="#T01:40:01" id="T01:40:01"><abbr title="2015-04-14T01:40:01+00:00">01:40:01</abbr></a>] <span>* Humpelstilzchen (erik@f054115005.adsl.alicedsl.de) Quit (Ping timeout: 264 seconds)</span></li>
<li class="quit">[<a href="#T01:40:05" id="T01:40:05"><abbr title="2015-04-14T01:40:05+00:00">01:40:05</abbr></a>] <span>* nitrousnrg_ (~quassel@190-103-213-239.cepanet.com.ar) Quit (Remote host closed the connection)</span></li>
<li class="message">[<a href="#T01:40:14" id="T01:40:14"><abbr title="2015-04-14T01:40:14+00:00">01:40:14</abbr></a>] &lt;<cite>GenTooMan</cite>&gt; <q>zmatt hmm so when you power down it shutdown things in an orderly manner and waits for the the wakeup from the button or power cycle?</q></li>
<li class="message">[<a href="#T01:40:30" id="T01:40:30"><abbr title="2015-04-14T01:40:30+00:00">01:40:30</abbr></a>] &lt;<cite>zmatt</cite>&gt; <q>initially it only powers the VRTC of the am335x</q></li>
<li class="message">[<a href="#T01:40:58" id="T01:40:58"><abbr title="2015-04-14T01:40:58+00:00">01:40:58</abbr></a>] &lt;<cite>zmatt</cite>&gt; <q>let's not skip ahead :P</q></li>
<li class="quit">[<a href="#T01:41:33" id="T01:41:33"><abbr title="2015-04-14T01:41:33+00:00">01:41:33</abbr></a>] <span>* Redoktyabr (~Thunderbi@2606:a000:110e:8061:6462:daff:e015:1171) Quit (Remote host closed the connection)</span></li>
<li class="message">[<a href="#T01:41:41" id="T01:41:41"><abbr title="2015-04-14T01:41:41+00:00">01:41:41</abbr></a>] &lt;<cite>ds2</cite>&gt; <q>there are 2 chips</q></li>
<li class="message">[<a href="#T01:41:46" id="T01:41:46"><abbr title="2015-04-14T01:41:46+00:00">01:41:46</abbr></a>] &lt;<cite>ds2</cite>&gt; <q>one can do the 3ish volts</q></li>
<li class="join">[<a href="#T01:41:49" id="T01:41:49"><abbr title="2015-04-14T01:41:49+00:00">01:41:49</abbr></a>] <span>* Redoktyabr (~Thunderbi@2606:a000:110e:8061:6462:daff:e015:1171) has joined #beagle</span></li>
<li class="message">[<a href="#T01:42:08" id="T01:42:08"><abbr title="2015-04-14T01:42:08+00:00">01:42:08</abbr></a>] &lt;<cite>veremit</cite>&gt; <q>tps talks to the cortex-mZ doesn't it?</q></li>
<li class="message">[<a href="#T01:42:11" id="T01:42:11"><abbr title="2015-04-14T01:42:11+00:00">01:42:11</abbr></a>] &lt;<cite>zmatt</cite>&gt; <q>the RTC of the am335x is a completely isolated power domain</q></li>
<li class="message">[<a href="#T01:42:33" id="T01:42:33"><abbr title="2015-04-14T01:42:33+00:00">01:42:33</abbr></a>] &lt;<cite>zmatt</cite>&gt; <q>when its power is stable the tps releases it from reset</q></li>
<li class="message">[<a href="#T01:42:36" id="T01:42:36"><abbr title="2015-04-14T01:42:36+00:00">01:42:36</abbr></a>] &lt;<cite>veremit</cite>&gt; <q>zmatt .. whats the current consumption of the rtc stage?</q></li>
<li class="join">[<a href="#T01:42:57" id="T01:42:57"><abbr title="2015-04-14T01:42:57+00:00">01:42:57</abbr></a>] <span>* Humpelstilzchen (erik@x55b03853.dyn.telefonica.de) has joined #beagle</span></li>
<li class="message">[<a href="#T01:43:26" id="T01:43:26"><abbr title="2015-04-14T01:43:26+00:00">01:43:26</abbr></a>] &lt;<cite>zmatt</cite>&gt; <q>it, by default, asserts an output that requests the TPS to initiate main power on</q></li>
<li class="message">[<a href="#T01:43:44" id="T01:43:44"><abbr title="2015-04-14T01:43:44+00:00">01:43:44</abbr></a>] &lt;<cite>zmatt</cite>&gt; <q>which triggers the whole-soc power up sequence</q></li>
<li class="message">[<a href="#T01:43:48" id="T01:43:48"><abbr title="2015-04-14T01:43:48+00:00">01:43:48</abbr></a>] &lt;<cite>zmatt</cite>&gt; <q>veremit: more than it should :P</q></li>
<li class="message">[<a href="#T01:44:28" id="T01:44:28"><abbr title="2015-04-14T01:44:28+00:00">01:44:28</abbr></a>] &lt;<cite>zmatt</cite>&gt; <q>veremit: a dedicated RTC on a backup battery will consume a miniscule fraction of the power consumed by the am335x rtc</q></li>
<li class="message">[<a href="#T01:45:05" id="T01:45:05"><abbr title="2015-04-14T01:45:05+00:00">01:45:05</abbr></a>] &lt;<cite>veremit</cite>&gt; <q>zmatt .. yeah that seems to be a universal problem with SoM boards :?</q></li>
<li class="message">[<a href="#T01:45:16" id="T01:45:16"><abbr title="2015-04-14T01:45:16+00:00">01:45:16</abbr></a>] &lt;<cite>zmatt</cite>&gt; <q>GenTooMan: note that at this point the irq isn't cleared yet</q></li>
<li class="message">[<a href="#T01:45:52" id="T01:45:52"><abbr title="2015-04-14T01:45:52+00:00">01:45:52</abbr></a>] &lt;<cite>zmatt</cite>&gt; <q>GenTooMan: this is easy to see: power on with sd button but no sd card to prevent booting, then long-press the power button to force power-off</q></li>
<li class="message">[<a href="#T01:45:55" id="T01:45:55"><abbr title="2015-04-14T01:45:55+00:00">01:45:55</abbr></a>] &lt;<cite>zmatt</cite>&gt; <q>it'll instantly power on again</q></li>
<li class="message">[<a href="#T01:46:10" id="T01:46:10"><abbr title="2015-04-14T01:46:10+00:00">01:46:10</abbr></a>] &lt;<cite>zmatt</cite>&gt; <q>because the irq that originally triggered power on is still set</q></li>
<li class="message">[<a href="#T01:46:40" id="T01:46:40"><abbr title="2015-04-14T01:46:40+00:00">01:46:40</abbr></a>] &lt;<cite>GenTooMan</cite>&gt; <q>huh ... that seems like it could be a bug or a feature depending on how you can annoy people with it :D</q></li>
<li class="message">[<a href="#T01:47:02" id="T01:47:02"><abbr title="2015-04-14T01:47:02+00:00">01:47:02</abbr></a>] &lt;<cite>veremit</cite>&gt; <q>interrupts have to be cleared normally or acknowledged ..</q></li>
<li class="message">[<a href="#T01:47:06" id="T01:47:06"><abbr title="2015-04-14T01:47:06+00:00">01:47:06</abbr></a>] &lt;<cite>GenTooMan</cite>&gt; <q>ds2: I'm confused what parts your use using? RF430FRL or some other NFC 430 IC?</q></li>
<li class="quit">[<a href="#T01:47:21" id="T01:47:21"><abbr title="2015-04-14T01:47:21+00:00">01:47:21</abbr></a>] <span>* natsurou (~natsurou@181.65.15.9) Quit (Quit: Leaving...)</span></li>
<li class="quit">[<a href="#T01:47:56" id="T01:47:56"><abbr title="2015-04-14T01:47:56+00:00">01:47:56</abbr></a>] <span>* mhaberler (~mhaberler@intern-219.stiwoll.mah.priv.at) Quit (Quit: mhaberler)</span></li>
<li class="message">[<a href="#T01:48:01" id="T01:48:01"><abbr title="2015-04-14T01:48:01+00:00">01:48:01</abbr></a>] &lt;<cite>zmatt</cite>&gt; <q>power off is accomplished by speaking to the tps to clear (or disable) the irqs, then request the tps to enter OFF mode or SLEEP mode</q></li>
<li class="message">[<a href="#T01:48:24" id="T01:48:24"><abbr title="2015-04-14T01:48:24+00:00">01:48:24</abbr></a>] &lt;<cite>zmatt</cite>&gt; <q>the latter keeps the RTC on</q></li>
<li class="message">[<a href="#T01:48:54" id="T01:48:54"><abbr title="2015-04-14T01:48:54+00:00">01:48:54</abbr></a>] &lt;<cite>zmatt</cite>&gt; <q>the RTC can optionally be configured to drive the power-on request in response to the configured RTC alarm, allowing timed power-on</q></li>
<li class="message">[<a href="#T01:49:33" id="T01:49:33"><abbr title="2015-04-14T01:49:33+00:00">01:49:33</abbr></a>] &lt;<cite>zmatt</cite>&gt; <q>the wakeup cortex-m3 is a different story, it's not really involved in any of the above</q></li>
<li class="message">[<a href="#T01:50:30" id="T01:50:30"><abbr title="2015-04-14T01:50:30+00:00">01:50:30</abbr></a>] &lt;<cite>GenTooMan</cite>&gt; <q>The msp430 you use the sleep mode which leaves RTC the 32khz oscillator running. heh yet another thing to make it complicated :D</q></li>
<li class="join">[<a href="#T01:50:45" id="T01:50:45"><abbr title="2015-04-14T01:50:45+00:00">01:50:45</abbr></a>] <span>* dj_pi (~dj@c-107-5-228-80.hsd1.mi.comcast.net) has joined #beagle</span></li>
<li class="message">[<a href="#T01:50:47" id="T01:50:47"><abbr title="2015-04-14T01:50:47+00:00">01:50:47</abbr></a>] &lt;<cite>zmatt</cite>&gt; <q>it is held in reset initially since it needs the cortex-a8 to load firmware into its memory</q></li>
<li class="message">[<a href="#T01:51:08" id="T01:51:08"><abbr title="2015-04-14T01:51:08+00:00">01:51:08</abbr></a>] &lt;<cite>GenTooMan</cite>&gt; <q>micro boot strap?</q></li>
<li class="message">[<a href="#T01:52:12" id="T01:52:12"><abbr title="2015-04-14T01:52:12+00:00">01:52:12</abbr></a>] &lt;<cite>zmatt</cite>&gt; <q>the m3 is needed to assist in partial power-down modes of the SoC</q></li>
<li class="quit">[<a href="#T01:52:15" id="T01:52:15"><abbr title="2015-04-14T01:52:15+00:00">01:52:15</abbr></a>] <span>* SpeedEvil (~quassel@tor/regular/SpeedEvil) Quit (Quit: No Ping reply in 180 seconds.)</span></li>
<li class="message">[<a href="#T01:52:31" id="T01:52:31"><abbr title="2015-04-14T01:52:31+00:00">01:52:31</abbr></a>] &lt;<cite>zmatt</cite>&gt; <q>a full power-down doesn't need to be particularly orderly since all state is going to be lost anyhow</q></li>
<li class="message">[<a href="#T01:52:42" id="T01:52:42"><abbr title="2015-04-14T01:52:42+00:00">01:52:42</abbr></a>] &lt;<cite>zmatt</cite>&gt; <q>so the cortex-a8 can do that without help</q></li>
<li class="join">[<a href="#T01:52:55" id="T01:52:55"><abbr title="2015-04-14T01:52:55+00:00">01:52:55</abbr></a>] <span>* SpeedEvil (~quassel@tor/regular/SpeedEvil) has joined #beagle</span></li>
<li class="message">[<a href="#T01:53:04" id="T01:53:04"><abbr title="2015-04-14T01:53:04+00:00">01:53:04</abbr></a>] &lt;<cite>zmatt</cite>&gt; <q>same goes for rtc-only mode</q></li>
<li class="message">[<a href="#T01:54:26" id="T01:54:26"><abbr title="2015-04-14T01:54:26+00:00">01:54:26</abbr></a>] &lt;<cite>zmatt</cite>&gt; <q>however "deep sleep" is a different matter: there the wakeup domain of the SoC stays powered on, which means a proper power-down sequence needs to be coordinated with the PRCM module</q></li>
<li class="message">[<a href="#T01:55:35" id="T01:55:35"><abbr title="2015-04-14T01:55:35+00:00">01:55:35</abbr></a>] &lt;<cite>zmatt</cite>&gt; <q>this has been a source of headache in the past, and deepsleep has for example been defeatured entirely in the dm81xx parts due to problems getting it to work right</q></li>
<li class="message">[<a href="#T01:56:05" id="T01:56:05"><abbr title="2015-04-14T01:56:05+00:00">01:56:05</abbr></a>] &lt;<cite>zmatt</cite>&gt; <q>so for the am335x TI came up with a neat solution involving the wakeup-M3</q></li>
<li class="message">[<a href="#T01:59:54" id="T01:59:54"><abbr title="2015-04-14T01:59:54+00:00">01:59:54</abbr></a>] &lt;<cite>zmatt</cite>&gt; <q>normally once the M3 firmware is initialized, it enters WFI until further notice.   when the cortex-a8 wants to enter sleep, it leaves the cortex-m3 some final instructions w.r.t. wakeup sources, sets the "module mode" of its own clock-control register to "disable", makes sure all memory transactions have completed, and executes WFI</q></li>
