<li class="join">[<a href="#T00:00:26" id="T00:00:26"><abbr title="2015-08-28T00:00:26+00:00">00:00:26</abbr></a>] <span>* BeagleBot (~PircBot@ec2-50-17-196-130.compute-1.amazonaws.com) has joined #beagle</span></li>
<li class="topic">[<abbr title="2015-08-28T00:00:26+00:00">00:00:26</abbr>] <span>* Topic is '<a href="http://beagleboard.org/chat">http://beagleboard.org/chat</a> has a guide on how to ask questions and links to the logs | never ask to ask, just ask | be patient | pastebin a boot log | <a href="http://ahsoftware.de/Beaglebone_Black_Boot_explained.svg">http://ahsoftware.de/Beaglebone_Black_Boot_explained.svg</a> | <a href="http://beagleboard.org/latest-images">http://beagleboard.org/latest-images</a> | <a href="http://beagleboard.org/Support/bone101">http://beagleboard.org/Support/bone101</a> | direct bonescript/node.js questions to #beagle-bonescript | books: <a href="http://bit.ly/bbb-books'">http://bit.ly/bbb-books'</a></span></li>
<li class="topic">[<abbr title="2015-08-28T00:00:26+00:00">00:00:26</abbr>] <span>* Set by KotH!~attila@erica.kinali.ch on Wed Jul 15 13:55:07 UTC 2015</span></li>
<li class="join">[<abbr title="2015-08-28T00:00:26+00:00">00:00:26</abbr>] <span>* BeagleBot (~PircBot@ec2-50-17-196-130.compute-1.amazonaws.com) has joined #beagleboard</span></li>
<li class="join">[<a href="#T00:00:27" id="T00:00:27"><abbr title="2015-08-28T00:00:27+00:00">00:00:27</abbr></a>] <span>* BeagleBot (~PircBot@ec2-50-17-196-130.compute-1.amazonaws.com) has joined #beaglebone</span></li>
<li class="join">[<a href="#T00:06:50" id="T00:06:50"><abbr title="2015-08-28T00:06:50+00:00">00:06:50</abbr></a>] <span>* jevin_ (~jevin@166.175.60.7) has joined #beagle</span></li>
<li class="join">[<a href="#T00:08:14" id="T00:08:14"><abbr title="2015-08-28T00:08:14+00:00">00:08:14</abbr></a>] <span>* jevin__ (~jevin@72.12.217.220) has joined #beagle</span></li>
<li class="quit">[<a href="#T00:10:16" id="T00:10:16"><abbr title="2015-08-28T00:10:16+00:00">00:10:16</abbr></a>] <span>* jevin (~jevin@72.12.217.220) Quit (Ping timeout: 246 seconds)</span></li>
<li class="quit">[<a href="#T00:12:04" id="T00:12:04"><abbr title="2015-08-28T00:12:04+00:00">00:12:04</abbr></a>] <span>* idwer (~irc@unaffiliated/idwer) Quit (Remote host closed the connection)</span></li>
<li class="quit">[<a href="#T00:12:15" id="T00:12:15"><abbr title="2015-08-28T00:12:15+00:00">00:12:15</abbr></a>] <span>* jevin_ (~jevin@166.175.60.7) Quit (Ping timeout: 255 seconds)</span></li>
<li class="quit">[<a href="#T00:16:13" id="T00:16:13"><abbr title="2015-08-28T00:16:13+00:00">00:16:13</abbr></a>] <span>* alexanderhiam (~ahiam@c-24-147-39-41.hsd1.nh.comcast.net) Quit (Ping timeout: 252 seconds)</span></li>
<li class="quit">[<a href="#T00:28:30" id="T00:28:30"><abbr title="2015-08-28T00:28:30+00:00">00:28:30</abbr></a>] <span>* darkfader (~darkfader@ip3e8346be.speed.planet.nl) Quit (Quit: darkfader)</span></li>
<li class="join">[<a href="#T00:39:39" id="T00:39:39"><abbr title="2015-08-28T00:39:39+00:00">00:39:39</abbr></a>] <span>* hype444 (~samuel@sc-phy-329529.phy.auckland.ac.nz) has joined #beagle</span></li>
<li class="join">[<a href="#T00:40:36" id="T00:40:36"><abbr title="2015-08-28T00:40:36+00:00">00:40:36</abbr></a>] <span>* vmayoral (~vmayoral@160.Red-83-36-249.dynamicIP.rima-tde.net) has joined #beagle</span></li>
<li class="quit">[<a href="#T00:45:10" id="T00:45:10"><abbr title="2015-08-28T00:45:10+00:00">00:45:10</abbr></a>] <span>* vmayoral (~vmayoral@160.Red-83-36-249.dynamicIP.rima-tde.net) Quit (Ping timeout: 244 seconds)</span></li>
<li class="quit">[<a href="#T01:05:46" id="T01:05:46"><abbr title="2015-08-28T01:05:46+00:00">01:05:46</abbr></a>] <span>* mrjazzcat (~mrjazzcat@c-50-134-253-3.hsd1.co.comcast.net) Quit (Ping timeout: 240 seconds)</span></li>
<li class="quit">[<a href="#T01:17:06" id="T01:17:06"><abbr title="2015-08-28T01:17:06+00:00">01:17:06</abbr></a>] <span>* contempt (contempt@unaffiliated/contempt) Quit (Ping timeout: 240 seconds)</span></li>
<li class="join">[<a href="#T01:45:20" id="T01:45:20"><abbr title="2015-08-28T01:45:20+00:00">01:45:20</abbr></a>] <span>* Humpelst1lzchen (erik@f054018075.adsl.alicedsl.de) has joined #beagle</span></li>
<li class="quit">[<a href="#T01:46:11" id="T01:46:11"><abbr title="2015-08-28T01:46:11+00:00">01:46:11</abbr></a>] <span>* Humpelstilzchen (erik@f054103115.adsl.alicedsl.de) Quit (Ping timeout: 250 seconds)</span></li>
<li class="join">[<a href="#T01:57:49" id="T01:57:49"><abbr title="2015-08-28T01:57:49+00:00">01:57:49</abbr></a>] <span>* cbrake1 (~Thunderbi@cable2-pool191-cs-134.doycomm.com) has joined #beagle</span></li>
<li class="quit">[<a href="#T01:58:53" id="T01:58:53"><abbr title="2015-08-28T01:58:53+00:00">01:58:53</abbr></a>] <span>* cbrake (~Thunderbi@cable2-pool191-cs-134.doycomm.com) Quit (Ping timeout: 252 seconds)</span></li>
<li class="nick-change">[<a href="#T01:58:54" id="T01:58:54"><abbr title="2015-08-28T01:58:54+00:00">01:58:54</abbr></a>] <span>* cbrake1 is now known as cbrake</span></li>
