<li class="join">[<a href="#T00:00:33" id="T00:00:33"><abbr title="2015-02-03T00:00:33+00:00">00:00:33</abbr></a>] <span>* BeagleBot (~PircBot@ec2-50-17-196-130.compute-1.amazonaws.com) has joined #beagle</span></li>
<li class="topic">[<abbr title="2015-02-03T00:00:33+00:00">00:00:33</abbr>] <span>* Topic is '<a href="http://beagleboard.org/chat">http://beagleboard.org/chat</a> has a guide on how to ask questions and links to the logs | never ask to ask, just ask | be patient | pastebin a boot log | <a href="http://ahsoftware.de/Beaglebone_Black_Boot_explained.svg">http://ahsoftware.de/Beaglebone_Black_Boot_explained.svg</a> | <a href="http://beagleboard.org/latest-images">http://beagleboard.org/latest-images</a> | <a href="http://beagleboard.org/Support/bone101">http://beagleboard.org/Support/bone101</a> | direct bonescript/node.js questions to #beagle-bonescript | books: <a href="http://bit.ly/bbb-books'">http://bit.ly/bbb-books'</a></span></li>
<li class="topic">[<abbr title="2015-02-03T00:00:33+00:00">00:00:33</abbr>] <span>* Set by jkridner!~jkridner@pdpc/supporter/active/jkridner on Fri Jan 30 15:50:07 UTC 2015</span></li>
<li class="join">[<abbr title="2015-02-03T00:00:33+00:00">00:00:33</abbr>] <span>* BeagleBot (~PircBot@ec2-50-17-196-130.compute-1.amazonaws.com) has joined #beagleboard</span></li>
<li class="join">[<abbr title="2015-02-03T00:00:33+00:00">00:00:33</abbr>] <span>* BeagleBot (~PircBot@ec2-50-17-196-130.compute-1.amazonaws.com) has joined #beaglebone</span></li>
<li class="message">[<a href="#T00:01:17" id="T00:01:17"><abbr title="2015-02-03T00:01:17+00:00">00:01:17</abbr></a>] &lt;<cite>agmlego|skynet</cite>&gt; <q>Yeah, that could work.</q></li>
<li class="join">[<a href="#T00:03:03" id="T00:03:03"><abbr title="2015-02-03T00:03:03+00:00">00:03:03</abbr></a>] <span>* BobCat (~Bob@ool-6bbc1e5e.dyn.optonline.net) has joined #beagle</span></li>
<li class="quit">[<abbr title="2015-02-03T00:03:03+00:00">00:03:03</abbr>] <span>* BobCat (~Bob@ool-6bbc1e5e.dyn.optonline.net) Quit (Changing host)</span></li>
<li class="join">[<abbr title="2015-02-03T00:03:03+00:00">00:03:03</abbr>] <span>* BobCat (~Bob@unaffiliated/bobcat) has joined #beagle</span></li>
<li class="quit">[<a href="#T00:03:14" id="T00:03:14"><abbr title="2015-02-03T00:03:14+00:00">00:03:14</abbr></a>] <span>* boneskull (~boneskull@c-50-137-151-209.hsd1.or.comcast.net) Quit (Client Quit)</span></li>
<li class="quit">[<a href="#T00:03:40" id="T00:03:40"><abbr title="2015-02-03T00:03:40+00:00">00:03:40</abbr></a>] <span>* Zephyr1139 (~wasinger@50.246.199.241) Quit (Quit: Leaving)</span></li>
<li class="join">[<a href="#T00:04:29" id="T00:04:29"><abbr title="2015-02-03T00:04:29+00:00">00:04:29</abbr></a>] <span>* Kowalsk1 (~shake0@MTRLPQ2848W-LP130-03-1168078055.dsl.bell.ca) has joined #beaglebone</span></li>
<li class="message">[<a href="#T00:07:15" id="T00:07:15"><abbr title="2015-02-03T00:07:15+00:00">00:07:15</abbr></a>] &lt;<cite>Kowalsk1</cite>&gt; <q>Hello! Can anyone save me?</q></li>
<li class="quit">[<a href="#T00:07:39" id="T00:07:39"><abbr title="2015-02-03T00:07:39+00:00">00:07:39</abbr></a>] <span>* BobCat (~Bob@unaffiliated/bobcat) Quit (Ping timeout: 250 seconds)</span></li>
<li class="join">[<a href="#T00:08:09" id="T00:08:09"><abbr title="2015-02-03T00:08:09+00:00">00:08:09</abbr></a>] <span>* vmayoral (~vmayoral@12.Red-79-154-33.dynamicIP.rima-tde.net) has joined #beagle</span></li>
<li class="quit">[<a href="#T00:10:14" id="T00:10:14"><abbr title="2015-02-03T00:10:14+00:00">00:10:14</abbr></a>] <span>* dj_pi (~dj@c-107-5-228-80.hsd1.mi.comcast.net) Quit (Ping timeout: 246 seconds)</span></li>
<li class="part">[<a href="#T00:10:54" id="T00:10:54"><abbr title="2015-02-03T00:10:54+00:00">00:10:54</abbr></a>] <span>* Kowalsk1 (~shake0@MTRLPQ2848W-LP130-03-1168078055.dsl.bell.ca) has left #beaglebone</span></li>
<li class="quit">[<a href="#T00:13:00" id="T00:13:00"><abbr title="2015-02-03T00:13:00+00:00">00:13:00</abbr></a>] <span>* vmayoral (~vmayoral@12.Red-79-154-33.dynamicIP.rima-tde.net) Quit (Ping timeout: 265 seconds)</span></li>
<li class="join">[<a href="#T00:13:06" id="T00:13:06"><abbr title="2015-02-03T00:13:06+00:00">00:13:06</abbr></a>] <span>* jp128 (62d158f0@gateway/web/freenode/ip.98.209.88.240) has joined #beagle</span></li>
<li class="join">[<a href="#T00:14:05" id="T00:14:05"><abbr title="2015-02-03T00:14:05+00:00">00:14:05</abbr></a>] <span>* Kowalsk1 (~shake0@MTRLPQ2848W-LP130-03-1168078055.dsl.bell.ca) has joined #beaglebone</span></li>
<li class="part">[<a href="#T00:14:41" id="T00:14:41"><abbr title="2015-02-03T00:14:41+00:00">00:14:41</abbr></a>] <span>* Kowalsk1 (~shake0@MTRLPQ2848W-LP130-03-1168078055.dsl.bell.ca) has left #beaglebone</span></li>
<li class="join">[<a href="#T00:14:49" id="T00:14:49"><abbr title="2015-02-03T00:14:49+00:00">00:14:49</abbr></a>] <span>* Kowalsk1 (~shake0@MTRLPQ2848W-LP130-03-1168078055.dsl.bell.ca) has joined #beagle</span></li>
<li class="quit">[<a href="#T00:15:50" id="T00:15:50"><abbr title="2015-02-03T00:15:50+00:00">00:15:50</abbr></a>] <span>* Starduster_ (~guest@unaffiliated/starduster) Quit (Ping timeout: 246 seconds)</span></li>
<li class="message">[<a href="#T00:16:57" id="T00:16:57"><abbr title="2015-02-03T00:16:57+00:00">00:16:57</abbr></a>] &lt;<cite>Kowalsk1</cite>&gt; <q>Is there a definive cape for PRUs?</q></li>
<li class="message">[<a href="#T00:17:18" id="T00:17:18"><abbr title="2015-02-03T00:17:18+00:00">00:17:18</abbr></a>] &lt;<cite>ds2</cite>&gt; <q>that question makes no sense</q></li>
<li class="message">[<a href="#T00:17:47" id="T00:17:47"><abbr title="2015-02-03T00:17:47+00:00">00:17:47</abbr></a>] &lt;<cite>thurgood_</cite>&gt; <q>didn't know there were any</q></li>
<li class="message">[<a href="#T00:18:16" id="T00:18:16"><abbr title="2015-02-03T00:18:16+00:00">00:18:16</abbr></a>] &lt;<cite>Kowalsk1</cite>&gt; <q>PRU-01 work but it doesn't if I compile it my self</q></li>
<li class="message">[<a href="#T00:18:45" id="T00:18:45"><abbr title="2015-02-03T00:18:45+00:00">00:18:45</abbr></a>] &lt;<cite>ds2</cite>&gt; <q>if you are messing with PRU verilog, you need to contact your IP supplier</q></li>
<li class="message">[<a href="#T00:19:43" id="T00:19:43"><abbr title="2015-02-03T00:19:43+00:00">00:19:43</abbr></a>] &lt;<cite>Kowalsk1</cite>&gt; <q>verilog? I was wondering about the device tree overlay</q></li>
<li class="message">[<a href="#T00:20:53" id="T00:20:53"><abbr title="2015-02-03T00:20:53+00:00">00:20:53</abbr></a>] &lt;<cite>Kowalsk1</cite>&gt; <q>p8.27 works with the default but what if I want to add another GPO?</q></li>
<li class="join">[<a href="#T00:22:14" id="T00:22:14"><abbr title="2015-02-03T00:22:14+00:00">00:22:14</abbr></a>] <span>* dj_pi (~dj@c-107-5-228-80.hsd1.mi.comcast.net) has joined #beagle</span></li>
<li class="join">[<a href="#T00:28:55" id="T00:28:55"><abbr title="2015-02-03T00:28:55+00:00">00:28:55</abbr></a>] <span>* Leschveux (~quassel@96.127.239.250) has joined #beagle</span></li>
<li class="join">[<a href="#T00:30:32" id="T00:30:32"><abbr title="2015-02-03T00:30:32+00:00">00:30:32</abbr></a>] <span>* newb_i3 (cc118f0a@gateway/web/freenode/ip.204.17.143.10) has joined #beagle</span></li>
<li class="message">[<a href="#T00:32:19" id="T00:32:19"><abbr title="2015-02-03T00:32:19+00:00">00:32:19</abbr></a>] &lt;<cite>newb_i3</cite>&gt; <q>my sdcard is mounted as /dev/mmcblck0 and 1 but how can i have it recognized as /dev/sdx ? I want to flash my kernel image on the sdcard</q></li>
<li class="message">[<a href="#T00:32:45" id="T00:32:45"><abbr title="2015-02-03T00:32:45+00:00">00:32:45</abbr></a>] &lt;<cite>agmlego|skynet</cite>&gt; <q>...just use the /dev/mmcblckX device node.</q></li>
<li class="quit">[<a href="#T00:32:53" id="T00:32:53"><abbr title="2015-02-03T00:32:53+00:00">00:32:53</abbr></a>] <span>* florian (~fuchs@Maemo/community/contributor/florian) Quit (Ping timeout: 245 seconds)</span></li>
<li class="message">[<a href="#T00:33:16" id="T00:33:16"><abbr title="2015-02-03T00:33:16+00:00">00:33:16</abbr></a>] &lt;<cite>agmlego|skynet</cite>&gt; <q>It is the same concept as the sdXY nodes, just for eMMC instead of SCSI devices.</q></li>
<li class="message">[<a href="#T00:33:56" id="T00:33:56"><abbr title="2015-02-03T00:33:56+00:00">00:33:56</abbr></a>] &lt;<cite>newb_i3</cite>&gt; <q>agmlego|skynet: thanks but i am getting "Cant find boot partition in /dev"</q></li>
<li class="message">[<a href="#T00:34:38" id="T00:34:38"><abbr title="2015-02-03T00:34:38+00:00">00:34:38</abbr></a>] &lt;<cite>agmlego|skynet</cite>&gt; <q>Sounds like you are doing things wrongly.</q></li>
<li class="message">[<a href="#T00:34:47" id="T00:34:47"><abbr title="2015-02-03T00:34:47+00:00">00:34:47</abbr></a>] &lt;<cite>newb_i3</cite>&gt; <q>agmlego|skynet: <a href="http://elinux.org/BeagleBoardBeginners">http://elinux.org/BeagleBoardBeginners</a> i m using mkcard.txt script</q></li>
<li class="message">[<a href="#T00:36:06" id="T00:36:06"><abbr title="2015-02-03T00:36:06+00:00">00:36:06</abbr></a>] &lt;<cite>agmlego|skynet</cite>&gt; <q>newb_i3: And you are running mkcard.txt script on your host Linux machine?</q></li>
<li class="message">[<a href="#T00:37:18" id="T00:37:18"><abbr title="2015-02-03T00:37:18+00:00">00:37:18</abbr></a>] &lt;<cite>newb_i3</cite>&gt; <q>agmlego|skynet: oh sorry got it.Thanks i was using the wrong tab. I should be running it on my board.</q></li>
<li class="quit">[<a href="#T00:37:26" id="T00:37:26"><abbr title="2015-02-03T00:37:26+00:00">00:37:26</abbr></a>] <span>* GusBricker (~GusBricke@cre1513898.lnk.telstra.net) Quit (Read error: Connection reset by peer)</span></li>
<li class="message">[<a href="#T00:37:31" id="T00:37:31"><abbr title="2015-02-03T00:37:31+00:00">00:37:31</abbr></a>] &lt;<cite>agmlego|skynet</cite>&gt; <q>...no.</q></li>
<li class="join">[<a href="#T00:37:45" id="T00:37:45"><abbr title="2015-02-03T00:37:45+00:00">00:37:45</abbr></a>] <span>* GusBricker (~GusBricke@cre1513898.lnk.telstra.net) has joined #beaglebone</span></li>
<li class="message">[<a href="#T00:38:26" id="T00:38:26"><abbr title="2015-02-03T00:38:26+00:00">00:38:26</abbr></a>] &lt;<cite>agmlego|skynet</cite>&gt; <q>mkcard.txt is to create a bootable SD card on a host machine, to boot the bone onto.</q></li>
<li class="message">[<a href="#T00:38:41" id="T00:38:41"><abbr title="2015-02-03T00:38:41+00:00">00:38:41</abbr></a>] &lt;<cite>agmlego|skynet</cite>&gt; <q>It will probably do bad things if you run it on your bone.</q></li>
<li class="message">[<a href="#T00:39:41" id="T00:39:41"><abbr title="2015-02-03T00:39:41+00:00">00:39:41</abbr></a>] &lt;<cite>newb_i3</cite>&gt; <q>agmlego|skynet: ok then i was doing the right thing. I mounted my sdcard on my fedora system and was running my script on the sdcard.</q></li>
<li class="message">[<a href="#T00:40:01" id="T00:40:01"><abbr title="2015-02-03T00:40:01+00:00">00:40:01</abbr></a>] &lt;<cite>agmlego|skynet</cite>&gt; <q>OK.</q></li>
<li class="message">[<a href="#T00:40:47" id="T00:40:47"><abbr title="2015-02-03T00:40:47+00:00">00:40:47</abbr></a>] &lt;<cite>agmlego|skynet</cite>&gt; <q>Then you probably should check to see what the driver you are using for your SD card reader is doing when it creates the device nodes.</q></li>
<li class="quit">[<abbr title="2015-02-03T00:40:47+00:00">00:40:47</abbr>] <span>* awafaa (sid716@gateway/web/irccloud.com/x-zifmuksvllnzyamy) Quit ()</span></li>
<li class="message">[<a href="#T00:41:03" id="T00:41:03"><abbr title="2015-02-03T00:41:03+00:00">00:41:03</abbr></a>] &lt;<cite>agmlego|skynet</cite>&gt; <q>Or, modify the script to account for the difference in location.</q></li>
<li class="message">[<a href="#T00:41:16" id="T00:41:16"><abbr title="2015-02-03T00:41:16+00:00">00:41:16</abbr></a>] &lt;<cite>agmlego|skynet</cite>&gt; <q>Or, do the process manually as laid out on that same wiki page.</q></li>
<li class="join">[<abbr title="2015-02-03T00:41:16+00:00">00:41:16</abbr>] <span>* awafaa (sid716@gateway/web/irccloud.com/x-uaqjjecedeicbbhb) has joined #beagle</span></li>
<li class="message">[<a href="#T00:41:34" id="T00:41:34"><abbr title="2015-02-03T00:41:34+00:00">00:41:34</abbr></a>] &lt;<cite>newb_i3</cite>&gt; <q>agmlego|skynet: will do the process manually and see if it works.</q></li>
<li class="quit">[<a href="#T00:42:36" id="T00:42:36"><abbr title="2015-02-03T00:42:36+00:00">00:42:36</abbr></a>] <span>* GusBricker (~GusBricke@cre1513898.lnk.telstra.net) Quit (Read error: Connection reset by peer)</span></li>
<li class="join">[<a href="#T00:42:51" id="T00:42:51"><abbr title="2015-02-03T00:42:51+00:00">00:42:51</abbr></a>] <span>* GusBricker (~GusBricke@cre1513898.lnk.telstra.net) has joined #beaglebone</span></li>
<li class="join">[<a href="#T00:43:24" id="T00:43:24"><abbr title="2015-02-03T00:43:24+00:00">00:43:24</abbr></a>] <span>* sidbh_ (~Siddharth@219.91.177.213) has joined #beagle</span></li>
<li class="quit">[<a href="#T00:44:10" id="T00:44:10"><abbr title="2015-02-03T00:44:10+00:00">00:44:10</abbr></a>] <span>* jamesaxl (~jamesaxl@41.249.119.161) Quit (Remote host closed the connection)</span></li>
<li class="quit">[<a href="#T00:46:22" id="T00:46:22"><abbr title="2015-02-03T00:46:22+00:00">00:46:22</abbr></a>] <span>* sidbh (~Siddharth@123.201.30.65) Quit (Ping timeout: 240 seconds)</span></li>
<li class="message">[<a href="#T00:47:20" id="T00:47:20"><abbr title="2015-02-03T00:47:20+00:00">00:47:20</abbr></a>] &lt;<cite>newb_i3</cite>&gt; <q>agmlego|skynet: just one more question. <a href="http://elinux.org/Building_BBB_Kernel">http://elinux.org/Building_BBB_Kernel</a> this link only mentions about beaglebone kernel but i have beagleboard-xm so i think the kernel config file will be different. Where can i get that kernel config file?</q></li>
<li class="message">[<a href="#T00:47:49" id="T00:47:49"><abbr title="2015-02-03T00:47:49+00:00">00:47:49</abbr></a>] &lt;<cite>newb_i3</cite>&gt; <q>basically looking for steps to build angstrom latest kernel for beagleboard-xm</q></li>
<li class="message">[<a href="#T00:53:27" id="T00:53:27"><abbr title="2015-02-03T00:53:27+00:00">00:53:27</abbr></a>] &lt;<cite>agmlego|skynet</cite>&gt; <q>That is a really excellent question.</q></li>
<li class="message">[<a href="#T00:53:42" id="T00:53:42"><abbr title="2015-02-03T00:53:42+00:00">00:53:42</abbr></a>] &lt;<cite>agmlego|skynet</cite>&gt; <q>I have no idea; wait and see if anyone else in-channel knows.</q></li>
<li class="join">[<a href="#T00:54:09" id="T00:54:09"><abbr title="2015-02-03T00:54:09+00:00">00:54:09</abbr></a>] <span>* kalem (~kalem@unaffiliated/kalem) has joined #beagle</span></li>
<li class="join">[<abbr title="2015-02-03T00:54:09+00:00">00:54:09</abbr>] <span>* kalem (~kalem@unaffiliated/kalem) has joined #beagleboard</span></li>
<li class="quit">[<a href="#T00:59:39" id="T00:59:39"><abbr title="2015-02-03T00:59:39+00:00">00:59:39</abbr></a>] <span>* bugzc_ (~bugzc@unaffiliated/bugzc) Quit (Remote host closed the connection)</span></li>
