<li class="join">[<a href="#T00:01:53" id="T00:01:53"><abbr title="2015-07-25T00:01:53+00:00">00:01:53</abbr></a>] <span>* BeagleBot (~PircBot@ec2-50-17-196-130.compute-1.amazonaws.com) has joined #beagle</span></li>
<li class="topic">[<abbr title="2015-07-25T00:01:53+00:00">00:01:53</abbr>] <span>* Topic is '<a href="http://beagleboard.org/chat">http://beagleboard.org/chat</a> has a guide on how to ask questions and links to the logs | never ask to ask, just ask | be patient | pastebin a boot log | <a href="http://ahsoftware.de/Beaglebone_Black_Boot_explained.svg">http://ahsoftware.de/Beaglebone_Black_Boot_explained.svg</a> | <a href="http://beagleboard.org/latest-images">http://beagleboard.org/latest-images</a> | <a href="http://beagleboard.org/Support/bone101">http://beagleboard.org/Support/bone101</a> | direct bonescript/node.js questions to #beagle-bonescript | books: <a href="http://bit.ly/bbb-books'">http://bit.ly/bbb-books'</a></span></li>
<li class="topic">[<abbr title="2015-07-25T00:01:53+00:00">00:01:53</abbr>] <span>* Set by KotH!~attila@erica.kinali.ch on Wed Jul 15 13:55:07 UTC 2015</span></li>
<li class="join">[<abbr title="2015-07-25T00:01:53+00:00">00:01:53</abbr>] <span>* BeagleBot (~PircBot@ec2-50-17-196-130.compute-1.amazonaws.com) has joined #beagleboard</span></li>
<li class="join">[<abbr title="2015-07-25T00:01:53+00:00">00:01:53</abbr>] <span>* BeagleBot (~PircBot@ec2-50-17-196-130.compute-1.amazonaws.com) has joined #beaglebone</span></li>
<li class="quit">[<a href="#T00:05:37" id="T00:05:37"><abbr title="2015-07-25T00:05:37+00:00">00:05:37</abbr></a>] <span>* KimK (~Kim__@ip68-102-188-176.ks.ok.cox.net) Quit (Ping timeout: 265 seconds)</span></li>
<li class="join">[<a href="#T00:06:36" id="T00:06:36"><abbr title="2015-07-25T00:06:36+00:00">00:06:36</abbr></a>] <span>* KimK (~Kim__@ip68-102-188-176.ks.ok.cox.net) has joined #beagle</span></li>
<li class="quit">[<a href="#T00:08:30" id="T00:08:30"><abbr title="2015-07-25T00:08:30+00:00">00:08:30</abbr></a>] <span>* bugzc_ (~bugzc@unaffiliated/bugzc) Quit (Ping timeout: 240 seconds)</span></li>
<li class="join">[<a href="#T00:09:43" id="T00:09:43"><abbr title="2015-07-25T00:09:43+00:00">00:09:43</abbr></a>] <span>* tbr (dm8tbr@cl-790.ham-01.de.sixxs.net) has joined #beagle</span></li>
<li class="join">[<a href="#T00:17:30" id="T00:17:30"><abbr title="2015-07-25T00:17:30+00:00">00:17:30</abbr></a>] <span>* vmayoral (~vmayoral@190.Red-81-35-114.dynamicIP.rima-tde.net) has joined #beagle</span></li>
<li class="quit">[<a href="#T00:19:09" id="T00:19:09"><abbr title="2015-07-25T00:19:09+00:00">00:19:09</abbr></a>] <span>* Akex_ (uid58281@gateway/web/irccloud.com/x-rtksylrhzkuuufko) Quit (Quit: Connection closed for inactivity)</span></li>
<li class="quit">[<a href="#T00:22:09" id="T00:22:09"><abbr title="2015-07-25T00:22:09+00:00">00:22:09</abbr></a>] <span>* vmayoral (~vmayoral@190.Red-81-35-114.dynamicIP.rima-tde.net) Quit (Ping timeout: 255 seconds)</span></li>
<li class="quit">[<a href="#T00:33:52" id="T00:33:52"><abbr title="2015-07-25T00:33:52+00:00">00:33:52</abbr></a>] <span>* thurgood (~thurgood@67-198-113-218.static.grandenetworks.net) Quit (Remote host closed the connection)</span></li>
<li class="quit">[<a href="#T00:36:29" id="T00:36:29"><abbr title="2015-07-25T00:36:29+00:00">00:36:29</abbr></a>] <span>* streptotrichosis (crazyed@wrongplanet/CrazyEddy) Quit (Ping timeout: 252 seconds)</span></li>
<li class="quit">[<a href="#T00:48:53" id="T00:48:53"><abbr title="2015-07-25T00:48:53+00:00">00:48:53</abbr></a>] <span>* idwer (~irc@unaffiliated/idwer) Quit (Remote host closed the connection)</span></li>
<li class="join">[<a href="#T01:01:33" id="T01:01:33"><abbr title="2015-07-25T01:01:33+00:00">01:01:33</abbr></a>] <span>* kunalg (~kunalg@122.171.91.241) has joined #beagle</span></li>
<li class="quit">[<a href="#T01:04:00" id="T01:04:00"><abbr title="2015-07-25T01:04:00+00:00">01:04:00</abbr></a>] <span>* Mr_Sheesh (~mr_s@unaffiliated/mr-sheesh/x-0757054) Quit (Ping timeout: 255 seconds)</span></li>
<li class="join">[<a href="#T01:06:39" id="T01:06:39"><abbr title="2015-07-25T01:06:39+00:00">01:06:39</abbr></a>] <span>* Mr_Sheesh (~mr_s@unaffiliated/mr-sheesh/x-0757054) has joined #beagle</span></li>
<li class="quit">[<a href="#T01:06:52" id="T01:06:52"><abbr title="2015-07-25T01:06:52+00:00">01:06:52</abbr></a>] <span>* jerome- (~jerome@nat75-2-78-193-84-130.fbxo.proxad.net) Quit (Ping timeout: 246 seconds)</span></li>
<li class="quit">[<a href="#T01:08:11" id="T01:08:11"><abbr title="2015-07-25T01:08:11+00:00">01:08:11</abbr></a>] <span>* Mr_Sheesh (~mr_s@unaffiliated/mr-sheesh/x-0757054) Quit (Excess Flood)</span></li>
<li class="join">[<a href="#T01:09:04" id="T01:09:04"><abbr title="2015-07-25T01:09:04+00:00">01:09:04</abbr></a>] <span>* Mr_Sheesh (~mr_s@unaffiliated/mr-sheesh/x-0757054) has joined #beagle</span></li>
<li class="join">[<a href="#T01:10:26" id="T01:10:26"><abbr title="2015-07-25T01:10:26+00:00">01:10:26</abbr></a>] <span>* boB_K7IQ (~IceChat9@c-73-221-121-119.hsd1.wa.comcast.net) has joined #beagle</span></li>
<li class="join">[<a href="#T01:11:08" id="T01:11:08"><abbr title="2015-07-25T01:11:08+00:00">01:11:08</abbr></a>] <span>* jerome- (~jerome@nat75-2-78-193-84-130.fbxo.proxad.net) has joined #beagle</span></li>
<li class="quit">[<a href="#T01:18:31" id="T01:18:31"><abbr title="2015-07-25T01:18:31+00:00">01:18:31</abbr></a>] <span>* bkearns (~bkearns@216-75-239-130.static.wiline.com) Quit (Quit: Leaving.)</span></li>
<li class="join">[<a href="#T01:22:21" id="T01:22:21"><abbr title="2015-07-25T01:22:21+00:00">01:22:21</abbr></a>] <span>* djerome (~djerome@ip68-2-89-23.ph.ph.cox.net) has joined #beaglebone</span></li>
<li class="quit">[<a href="#T01:27:50" id="T01:27:50"><abbr title="2015-07-25T01:27:50+00:00">01:27:50</abbr></a>] <span>* kunalg (~kunalg@122.171.91.241) Quit (Quit: kunalg)</span></li>
<li class="quit">[<a href="#T01:28:33" id="T01:28:33"><abbr title="2015-07-25T01:28:33+00:00">01:28:33</abbr></a>] <span>* Attunga (~Attunga@220-245-60-186.static.tpgi.com.au) Quit (Quit: Konversation terminated!)</span></li>
<li class="quit">[<a href="#T01:28:36" id="T01:28:36"><abbr title="2015-07-25T01:28:36+00:00">01:28:36</abbr></a>] <span>* Defiant (erik@f054016046.adsl.alicedsl.de) Quit (Ping timeout: 264 seconds)</span></li>
<li class="join">[<a href="#T01:29:06" id="T01:29:06"><abbr title="2015-07-25T01:29:06+00:00">01:29:06</abbr></a>] <span>* Defiant (erik@f054101157.adsl.alicedsl.de) has joined #beagle</span></li>
<li class="quit">[<a href="#T01:29:22" id="T01:29:22"><abbr title="2015-07-25T01:29:22+00:00">01:29:22</abbr></a>] <span>* limbrik (~textual@64.197.89.235) Quit (Quit: Textual IRC Client: www.textualapp.com)</span></li>
<li class="join">[<a href="#T01:34:45" id="T01:34:45"><abbr title="2015-07-25T01:34:45+00:00">01:34:45</abbr></a>] <span>* pwillard_ (~pwillard@c-73-184-136-133.hsd1.ga.comcast.net) has joined #beagle</span></li>
<li class="quit">[<a href="#T01:34:47" id="T01:34:47"><abbr title="2015-07-25T01:34:47+00:00">01:34:47</abbr></a>] <span>* pwillard (~pwillard@c-73-184-136-133.hsd1.ga.comcast.net) Quit (Ping timeout: 252 seconds)</span></li>
<li class="join">[<a href="#T01:36:42" id="T01:36:42"><abbr title="2015-07-25T01:36:42+00:00">01:36:42</abbr></a>] <span>* trevychase (~trev@107-128-226-86.lightspeed.rcsntx.sbcglobal.net) has joined #beagle</span></li>
<li class="quit">[<a href="#T01:41:17" id="T01:41:17"><abbr title="2015-07-25T01:41:17+00:00">01:41:17</abbr></a>] <span>* nighty^ (~nighty@hokuriku.rural-networks.com) Quit (Quit: Disappears in a puff of smoke)</span></li>
<li class="join">[<a href="#T01:42:37" id="T01:42:37"><abbr title="2015-07-25T01:42:37+00:00">01:42:37</abbr></a>] <span>* thurbad (~hurgood@cpe-70-112-240-181.austin.res.rr.com) has joined #beagleboard</span></li>
<li class="quit">[<a href="#T01:43:02" id="T01:43:02"><abbr title="2015-07-25T01:43:02+00:00">01:43:02</abbr></a>] <span>* thurbad (~hurgood@cpe-70-112-240-181.austin.res.rr.com) Quit ()</span></li>
<li class="join">[<a href="#T01:43:43" id="T01:43:43"><abbr title="2015-07-25T01:43:43+00:00">01:43:43</abbr></a>] <span>* thurgood (~hurgood@cpe-70-112-240-181.austin.res.rr.com) has joined #beagleboard</span></li>
<li class="part">[<a href="#T01:43:48" id="T01:43:48"><abbr title="2015-07-25T01:43:48+00:00">01:43:48</abbr></a>] <span>* thurgood (~hurgood@cpe-70-112-240-181.austin.res.rr.com) has left #beagleboard</span></li>
<li class="join">[<a href="#T01:44:01" id="T01:44:01"><abbr title="2015-07-25T01:44:01+00:00">01:44:01</abbr></a>] <span>* thurgood (~hurgood@cpe-70-112-240-181.austin.res.rr.com) has joined #beagle</span></li>
