<li class="join">[<a href="#T00:00:52" id="T00:00:52"><abbr title="2015-11-28T00:00:52+00:00">00:00:52</abbr></a>] <span>* BeagleBot (~PircBot@ec2-50-17-196-130.compute-1.amazonaws.com) has joined #beagle</span></li>
<li class="topic">[<abbr title="2015-11-28T00:00:52+00:00">00:00:52</abbr>] <span>* Topic is '<a href="http://beagleboard.org/chat">http://beagleboard.org/chat</a> has a guide on how to ask questions and links to the logs | never ask to ask, just ask | be patient | pastebin a boot log | <a href="http://ahsoftware.de/Beaglebone_Black_Boot_explained.svg">http://ahsoftware.de/Beaglebone_Black_Boot_explained.svg</a> | <a href="http://beagleboard.org/latest-images">http://beagleboard.org/latest-images</a> | <a href="http://beagleboard.org/Support/bone101">http://beagleboard.org/Support/bone101</a> | direct bonescript/node.js questions to #beagle-bonescript | books: <a href="http://bit.ly/bbb-books'">http://bit.ly/bbb-books'</a></span></li>
<li class="topic">[<abbr title="2015-11-28T00:00:52+00:00">00:00:52</abbr>] <span>* Set by KotH!~attila@erica.kinali.ch on Wed Jul 15 13:55:07 UTC 2015</span></li>
<li class="join">[<abbr title="2015-11-28T00:00:52+00:00">00:00:52</abbr>] <span>* BeagleBot (~PircBot@ec2-50-17-196-130.compute-1.amazonaws.com) has joined #beagleboard</span></li>
<li class="join">[<abbr title="2015-11-28T00:00:52+00:00">00:00:52</abbr>] <span>* BeagleBot (~PircBot@ec2-50-17-196-130.compute-1.amazonaws.com) has joined #beaglebone</span></li>
<li class="quit">[<abbr title="2015-11-28T00:00:52+00:00">00:00:52</abbr>] <span>* dwery (~dwery@nslu2-linux/dwery) Quit (Read error: Connection reset by peer)</span></li>
<li class="join">[<a href="#T00:02:04" id="T00:02:04"><abbr title="2015-11-28T00:02:04+00:00">00:02:04</abbr></a>] <span>* dwery (~dwery@nslu2-linux/dwery) has joined #beagle</span></li>
<li class="quit">[<a href="#T00:06:08" id="T00:06:08"><abbr title="2015-11-28T00:06:08+00:00">00:06:08</abbr></a>] <span>* sdan (~ubuntu@85.235.3.238) Quit (Read error: Connection reset by peer)</span></li>
<li class="quit">[<a href="#T00:06:11" id="T00:06:11"><abbr title="2015-11-28T00:06:11+00:00">00:06:11</abbr></a>] <span>* mrjazzcat (~mrjazzcat@c-50-134-253-3.hsd1.co.comcast.net) Quit (Ping timeout: 264 seconds)</span></li>
<li class="join">[<a href="#T00:10:14" id="T00:10:14"><abbr title="2015-11-28T00:10:14+00:00">00:10:14</abbr></a>] <span>* Nico44 (~Nico44@crb44-1-82-67-127-241.fbx.proxad.net) has joined #beagle</span></li>
<li class="join">[<a href="#T00:11:05" id="T00:11:05"><abbr title="2015-11-28T00:11:05+00:00">00:11:05</abbr></a>] <span>* Devastator (~devas@unaffiliated/devastator) has joined #beagle</span></li>
<li class="quit">[<a href="#T00:13:23" id="T00:13:23"><abbr title="2015-11-28T00:13:23+00:00">00:13:23</abbr></a>] <span>* named (~unknown@5.148.129.203) Quit (Ping timeout: 264 seconds)</span></li>
<li class="quit">[<a href="#T00:15:04" id="T00:15:04"><abbr title="2015-11-28T00:15:04+00:00">00:15:04</abbr></a>] <span>* Nico44 (~Nico44@crb44-1-82-67-127-241.fbx.proxad.net) Quit (Ping timeout: 246 seconds)</span></li>
<li class="quit">[<a href="#T00:18:00" id="T00:18:00"><abbr title="2015-11-28T00:18:00+00:00">00:18:00</abbr></a>] <span>* emeb (~ericb@ip68-2-68-52.ph.ph.cox.net) Quit (Quit: Leaving.)</span></li>
<li class="quit">[<a href="#T00:18:36" id="T00:18:36"><abbr title="2015-11-28T00:18:36+00:00">00:18:36</abbr></a>] <span>* opcode (astra@dialup.top-site.us) Quit (Ping timeout: 244 seconds)</span></li>
<li class="join">[<a href="#T00:20:09" id="T00:20:09"><abbr title="2015-11-28T00:20:09+00:00">00:20:09</abbr></a>] <span>* named (~unknown@5.148.129.203) has joined #beagle</span></li>
<li class="join">[<a href="#T00:20:37" id="T00:20:37"><abbr title="2015-11-28T00:20:37+00:00">00:20:37</abbr></a>] <span>* opcode (astra@dialup.top-site.us) has joined #beagle</span></li>
<li class="quit">[<a href="#T00:25:47" id="T00:25:47"><abbr title="2015-11-28T00:25:47+00:00">00:25:47</abbr></a>] <span>* j0rd__ (~j0rd_@unaffiliated/j0rd-/x-9112651) Quit (Read error: Connection reset by peer)</span></li>
<li class="join">[<a href="#T00:30:32" id="T00:30:32"><abbr title="2015-11-28T00:30:32+00:00">00:30:32</abbr></a>] <span>* j0rd__ (~j0rd_@unaffiliated/j0rd-/x-9112651) has joined #beagle</span></li>
<li class="join">[<a href="#T00:32:35" id="T00:32:35"><abbr title="2015-11-28T00:32:35+00:00">00:32:35</abbr></a>] <span>* KimK (~Kim__@ip68-102-29-211.ks.ok.cox.net) has joined #beagle</span></li>
<li class="quit">[<a href="#T00:43:50" id="T00:43:50"><abbr title="2015-11-28T00:43:50+00:00">00:43:50</abbr></a>] <span>* mmattice (~mmattice@unaffiliated/mmattice) Quit (Ping timeout: 246 seconds)</span></li>
<li class="join">[<a href="#T00:43:59" id="T00:43:59"><abbr title="2015-11-28T00:43:59+00:00">00:43:59</abbr></a>] <span>* mmattice (~mmattice@unaffiliated/mmattice) has joined #beagle</span></li>
<li class="join">[<a href="#T00:49:19" id="T00:49:19"><abbr title="2015-11-28T00:49:19+00:00">00:49:19</abbr></a>] <span>* weox (uid112413@gateway/web/irccloud.com/x-hokjxaeibutcvwky) has joined #beagle</span></li>
