<li class="join">[<a href="#T00:00:30" id="T00:00:30"><abbr title="2015-11-26T00:00:30+00:00">00:00:30</abbr></a>] <span>* BeagleBot (~PircBot@ec2-50-17-196-130.compute-1.amazonaws.com) has joined #beagle</span></li>
<li class="topic">[<abbr title="2015-11-26T00:00:30+00:00">00:00:30</abbr>] <span>* Topic is '<a href="http://beagleboard.org/chat">http://beagleboard.org/chat</a> has a guide on how to ask questions and links to the logs | never ask to ask, just ask | be patient | pastebin a boot log | <a href="http://ahsoftware.de/Beaglebone_Black_Boot_explained.svg">http://ahsoftware.de/Beaglebone_Black_Boot_explained.svg</a> | <a href="http://beagleboard.org/latest-images">http://beagleboard.org/latest-images</a> | <a href="http://beagleboard.org/Support/bone101">http://beagleboard.org/Support/bone101</a> | direct bonescript/node.js questions to #beagle-bonescript | books: <a href="http://bit.ly/bbb-books'">http://bit.ly/bbb-books'</a></span></li>
<li class="topic">[<abbr title="2015-11-26T00:00:30+00:00">00:00:30</abbr>] <span>* Set by KotH!~attila@erica.kinali.ch on Wed Jul 15 13:55:07 UTC 2015</span></li>
<li class="join">[<abbr title="2015-11-26T00:00:30+00:00">00:00:30</abbr>] <span>* BeagleBot (~PircBot@ec2-50-17-196-130.compute-1.amazonaws.com) has joined #beagleboard</span></li>
<li class="join">[<abbr title="2015-11-26T00:00:30+00:00">00:00:30</abbr>] <span>* BeagleBot (~PircBot@ec2-50-17-196-130.compute-1.amazonaws.com) has joined #beaglebone</span></li>
<li class="join">[<a href="#T00:03:52" id="T00:03:52"><abbr title="2015-11-26T00:03:52+00:00">00:03:52</abbr></a>] <span>* vmayoral (~vmayoral@208.Red-79-150-62.dynamicIP.rima-tde.net) has joined #beagle</span></li>
<li class="join">[<a href="#T00:05:09" id="T00:05:09"><abbr title="2015-11-26T00:05:09+00:00">00:05:09</abbr></a>] <span>* uavcamm (~deuse@113.116.109.143) has joined #beagle</span></li>
<li class="quit">[<a href="#T00:07:50" id="T00:07:50"><abbr title="2015-11-26T00:07:50+00:00">00:07:50</abbr></a>] <span>* bizarro_1 (~bizarro_1@204.Red-79-153-177.dynamicIP.rima-tde.net) Quit (Quit: Leaving)</span></li>
<li class="quit">[<a href="#T00:08:02" id="T00:08:02"><abbr title="2015-11-26T00:08:02+00:00">00:08:02</abbr></a>] <span>* darkfader (~darkfader@2001:610:600:896d:d5ed:cc82:9c47:85c5) Quit (Quit: Read error: Connection reset by peer)</span></li>
<li class="quit">[<a href="#T00:08:19" id="T00:08:19"><abbr title="2015-11-26T00:08:19+00:00">00:08:19</abbr></a>] <span>* nyo (~nyo@host4-127-dynamic.51-82-r.retail.telecomitalia.it) Quit (Ping timeout: 260 seconds)</span></li>
<li class="quit">[<a href="#T00:08:26" id="T00:08:26"><abbr title="2015-11-26T00:08:26+00:00">00:08:26</abbr></a>] <span>* vmayoral (~vmayoral@208.Red-79-150-62.dynamicIP.rima-tde.net) Quit (Ping timeout: 260 seconds)</span></li>
<li class="join">[<a href="#T00:12:31" id="T00:12:31"><abbr title="2015-11-26T00:12:31+00:00">00:12:31</abbr></a>] <span>* named (~unknown@5.148.129.203) has joined #beagle</span></li>
<li class="quit">[<a href="#T00:13:46" id="T00:13:46"><abbr title="2015-11-26T00:13:46+00:00">00:13:46</abbr></a>] <span>* dys (~dys@ip-109-44-122-108.web.vodafone.de) Quit (Ping timeout: 240 seconds)</span></li>
<li class="join">[<a href="#T00:14:26" id="T00:14:26"><abbr title="2015-11-26T00:14:26+00:00">00:14:26</abbr></a>] <span>* nyo (~nyo@host114-191-dynamic.35-79-r.retail.telecomitalia.it) has joined #beagle</span></li>
<li class="nick-change">[<a href="#T00:16:58" id="T00:16:58"><abbr title="2015-11-26T00:16:58+00:00">00:16:58</abbr></a>] <span>* agmlego|brigid is now known as agmlego</span></li>
<li class="quit">[<a href="#T00:18:12" id="T00:18:12"><abbr title="2015-11-26T00:18:12+00:00">00:18:12</abbr></a>] <span>* clonak (~clonak@203.96.206.228) Quit (Ping timeout: 272 seconds)</span></li>
<li class="join">[<a href="#T00:19:10" id="T00:19:10"><abbr title="2015-11-26T00:19:10+00:00">00:19:10</abbr></a>] <span>* zacdev (~zacdev@unaffiliated/zacdev) has joined #beagle</span></li>
<li class="join">[<abbr title="2015-11-26T00:19:10+00:00">00:19:10</abbr>] <span>* zacdev (~zacdev@unaffiliated/zacdev) has joined #beaglebone</span></li>
<li class="join">[<a href="#T00:21:37" id="T00:21:37"><abbr title="2015-11-26T00:21:37+00:00">00:21:37</abbr></a>] <span>* dys (~dys@ip-109-44-247-25.web.vodafone.de) has joined #beagle</span></li>
<li class="join">[<a href="#T00:28:21" id="T00:28:21"><abbr title="2015-11-26T00:28:21+00:00">00:28:21</abbr></a>] <span>* nighty-_ (~nighty@p12125-ipngn2601marunouchi.tokyo.ocn.ne.jp) has joined #beagleboard</span></li>
<li class="quit">[<a href="#T00:29:26" id="T00:29:26"><abbr title="2015-11-26T00:29:26+00:00">00:29:26</abbr></a>] <span>* named (~unknown@5.148.129.203) Quit (Ping timeout: 260 seconds)</span></li>
<li class="join">[<a href="#T00:30:01" id="T00:30:01"><abbr title="2015-11-26T00:30:01+00:00">00:30:01</abbr></a>] <span>* clonak (~clonak@203-173-132-14.dsl.dyn.ihug.co.nz) has joined #beagle</span></li>
<li class="quit">[<a href="#T00:36:24" id="T00:36:24"><abbr title="2015-11-26T00:36:24+00:00">00:36:24</abbr></a>] <span>* vagrantc (~vagrant@unaffiliated/vagrantc) Quit (Quit: leaving)</span></li>
<li class="quit">[<a href="#T00:41:06" id="T00:41:06"><abbr title="2015-11-26T00:41:06+00:00">00:41:06</abbr></a>] <span>* roric (~roric@h196n19-vrr-a31.ias.bredband.telia.com) Quit (Ping timeout: 260 seconds)</span></li>
<li class="join">[<a href="#T00:42:22" id="T00:42:22"><abbr title="2015-11-26T00:42:22+00:00">00:42:22</abbr></a>] <span>* named (~unknown@5.148.129.203) has joined #beagle</span></li>
<li class="message">[<a href="#T00:49:07" id="T00:49:07"><abbr title="2015-11-26T00:49:07+00:00">00:49:07</abbr></a>] &lt;<cite>Set_</cite>&gt; <q>Turkey day and the BBB? Are there people out there that are building this Thanksgiving? Geaux BBB!</q></li>
<li class="message">[<a href="#T00:51:01" id="T00:51:01"><abbr title="2015-11-26T00:51:01+00:00">00:51:01</abbr></a>] &lt;<cite>Set_</cite>&gt; <q>Oh and has anyone connected their BBW/BBB/BBG to an appliance, GE preferably?</q></li>
<li class="quit">[<a href="#T00:52:06" id="T00:52:06"><abbr title="2015-11-26T00:52:06+00:00">00:52:06</abbr></a>] <span>* zacdev (~zacdev@unaffiliated/zacdev) Quit (Ping timeout: 240 seconds)</span></li>
<li class="quit">[<a href="#T00:53:57" id="T00:53:57"><abbr title="2015-11-26T00:53:57+00:00">00:53:57</abbr></a>] <span>* idwer (~irc@unaffiliated/idwer) Quit (Remote host closed the connection)</span></li>
