<li class="join">[<a href="#T00:00:32" id="T00:00:32"><abbr title="2015-02-26T00:00:32+00:00">00:00:32</abbr></a>] <span>* BeagleBot (~PircBot@ec2-50-17-196-130.compute-1.amazonaws.com) has joined #beagle</span></li>
<li class="topic">[<abbr title="2015-02-26T00:00:32+00:00">00:00:32</abbr>] <span>* Topic is '<a href="http://beagleboard.org/chat">http://beagleboard.org/chat</a> has a guide on how to ask questions and links to the logs | never ask to ask, just ask | be patient | pastebin a boot log | <a href="http://ahsoftware.de/Beaglebone_Black_Boot_explained.svg">http://ahsoftware.de/Beaglebone_Black_Boot_explained.svg</a> | <a href="http://beagleboard.org/latest-images">http://beagleboard.org/latest-images</a> | <a href="http://beagleboard.org/Support/bone101">http://beagleboard.org/Support/bone101</a> | direct bonescript/node.js questions to #beagle-bonescript | books: <a href="http://bit.ly/bbb-books'">http://bit.ly/bbb-books'</a></span></li>
<li class="topic">[<abbr title="2015-02-26T00:00:32+00:00">00:00:32</abbr>] <span>* Set by jkridner!~jkridner@pdpc/supporter/active/jkridner on Fri Jan 30 15:50:42 UTC 2015</span></li>
<li class="join">[<abbr title="2015-02-26T00:00:32+00:00">00:00:32</abbr>] <span>* BeagleBot (~PircBot@ec2-50-17-196-130.compute-1.amazonaws.com) has joined #beagleboard</span></li>
<li class="join">[<abbr title="2015-02-26T00:00:32+00:00">00:00:32</abbr>] <span>* BeagleBot (~PircBot@ec2-50-17-196-130.compute-1.amazonaws.com) has joined #beaglebone</span></li>
<li class="join">[<a href="#T00:03:55" id="T00:03:55"><abbr title="2015-02-26T00:03:55+00:00">00:03:55</abbr></a>] <span>* behanw (~behanw@2001:470:b26c:0:5494:624c:d6d3:fffb) has joined #beagle</span></li>
<li class="quit">[<a href="#T00:05:20" id="T00:05:20"><abbr title="2015-02-26T00:05:20+00:00">00:05:20</abbr></a>] <span>* Zephyr1138 (~wasinger@67.148.186.194) Quit (Quit: Leaving)</span></li>
<li class="quit">[<a href="#T00:07:32" id="T00:07:32"><abbr title="2015-02-26T00:07:32+00:00">00:07:32</abbr></a>] <span>* SoFLy (~SoFLy@ur-mom.bc.edu) Quit (Ping timeout: 246 seconds)</span></li>
<li class="nick-change">[<a href="#T00:07:58" id="T00:07:58"><abbr title="2015-02-26T00:07:58+00:00">00:07:58</abbr></a>] <span>* kilroy is now known as kilroy_off</span></li>
<li class="join">[<a href="#T00:09:49" id="T00:09:49"><abbr title="2015-02-26T00:09:49+00:00">00:09:49</abbr></a>] <span>* j12t (~j12t@c-107-3-142-14.hsd1.ca.comcast.net) has joined #beagle</span></li>
<li class="message">[<a href="#T00:19:32" id="T00:19:32"><abbr title="2015-02-26T00:19:32+00:00">00:19:32</abbr></a>] &lt;<cite>GenTooMan</cite>&gt; <q>&lt;qjqqyy&gt; Digikey is just one of many distributors for heat sinks. I believe you'll find what you want under BGA however be sure you note clearances on the parts.</q></li>
<li class="join">[<a href="#T00:21:23" id="T00:21:23"><abbr title="2015-02-26T00:21:23+00:00">00:21:23</abbr></a>] <span>* blaine (~blaine@ip-209-243-14-234.far.ideaone.net) has joined #beagle</span></li>
<li class="message">[<a href="#T00:21:40" id="T00:21:40"><abbr title="2015-02-26T00:21:40+00:00">00:21:40</abbr></a>] &lt;<cite>blaine</cite>&gt; <q>hi guys -- is there a clean way to shrink down an image i have on an 8gb flash drive so i can flash it to the onboard flash?</q></li>
<li class="message">[<a href="#T00:21:52" id="T00:21:52"><abbr title="2015-02-26T00:21:52+00:00">00:21:52</abbr></a>] &lt;<cite>blaine</cite>&gt; <q>i'm worried a regular partition shrink may chop data (is that a valid worry?)</q></li>
<li class="message">[<a href="#T00:23:31" id="T00:23:31"><abbr title="2015-02-26T00:23:31+00:00">00:23:31</abbr></a>] &lt;<cite>GenTooMan</cite>&gt; <q>You may want to see what data is on it and how much volume the data occupies first. Soemtimes it's simply impossible to keep ALL the data so you may have to remove what you don't want and or need.</q></li>
<li class="message">[<a href="#T00:23:34" id="T00:23:34"><abbr title="2015-02-26T00:23:34+00:00">00:23:34</abbr></a>] &lt;<cite>veremit</cite>&gt; <q>blaine .. using the 'du' utility .. you can find out where most of your data is.</q></li>
<li class="message">[<a href="#T00:23:48" id="T00:23:48"><abbr title="2015-02-26T00:23:48+00:00">00:23:48</abbr></a>] &lt;<cite>blaine</cite>&gt; <q>cool ty</q></li>
<li class="message">[<a href="#T00:25:15" id="T00:25:15"><abbr title="2015-02-26T00:25:15+00:00">00:25:15</abbr></a>] &lt;<cite>blaine</cite>&gt; <q>veremit: well let's say that i'm only taking up 1gb but it's, say, a 6gb partition</q></li>
<li class="message">[<a href="#T00:25:24" id="T00:25:24"><abbr title="2015-02-26T00:25:24+00:00">00:25:24</abbr></a>] &lt;<cite>blaine</cite>&gt; <q>i'm wondering how safe it is to simply dd over 4 of the 6 gb</q></li>
<li class="message">[<a href="#T00:25:53" id="T00:25:53"><abbr title="2015-02-26T00:25:53+00:00">00:25:53</abbr></a>] &lt;<cite>veremit</cite>&gt; <q>unmount it, plug it into another linux system, mount your new disk .. and rsync across</q></li>
<li class="message">[<a href="#T00:26:17" id="T00:26:17"><abbr title="2015-02-26T00:26:17+00:00">00:26:17</abbr></a>] &lt;<cite>blaine</cite>&gt; <q>hmm. not a bad idea, although i'd rather use dd (this is just the beaglebone)</q></li>
<li class="message">[<a href="#T00:26:30" id="T00:26:30"><abbr title="2015-02-26T00:26:30+00:00">00:26:30</abbr></a>] &lt;<cite>veremit</cite>&gt; <q>or just shrink it using parted/gparted</q></li>
<li class="message">[<a href="#T00:26:31" id="T00:26:31"><abbr title="2015-02-26T00:26:31+00:00">00:26:31</abbr></a>] &lt;<cite>blaine</cite>&gt; <q>i want to reflash this to other bones too</q></li>
<li class="message">[<a href="#T00:26:39" id="T00:26:39"><abbr title="2015-02-26T00:26:39+00:00">00:26:39</abbr></a>] &lt;<cite>blaine</cite>&gt; <q>veremit: ok -- think that's safe?</q></li>
<li class="message">[<a href="#T00:26:48" id="T00:26:48"><abbr title="2015-02-26T00:26:48+00:00">00:26:48</abbr></a>] &lt;<cite>veremit</cite>&gt; <q>I've done all sorts with gparted ..</q></li>
<li class="message">[<a href="#T00:26:52" id="T00:26:52"><abbr title="2015-02-26T00:26:52+00:00">00:26:52</abbr></a>] &lt;<cite>blaine</cite>&gt; <q>hehe</q></li>
<li class="message">[<a href="#T00:26:58" id="T00:26:58"><abbr title="2015-02-26T00:26:58+00:00">00:26:58</abbr></a>] &lt;<cite>veremit</cite>&gt; <q>ntfs/windows/linux the lot</q></li>
<li class="message">[<a href="#T00:27:09" id="T00:27:09"><abbr title="2015-02-26T00:27:09+00:00">00:27:09</abbr></a>] &lt;<cite>veremit</cite>&gt; <q>cloned an entire hard disk once/twice</q></li>
<li class="message">[<a href="#T00:27:17" id="T00:27:17"><abbr title="2015-02-26T00:27:17+00:00">00:27:17</abbr></a>] &lt;<cite>veremit</cite>&gt; <q>re-arranged partitions, resized</q></li>
<li class="message">[<a href="#T00:27:26" id="T00:27:26"><abbr title="2015-02-26T00:27:26+00:00">00:27:26</abbr></a>] &lt;<cite>blaine</cite>&gt; <q>veremit: ok how about this. if i have 8gb flash drive with a 2gb partition, but still need the boot sector of the sd card... how can i use dd to copy just the partition? most images i see are like 3.8gb, but i am not sure how to get that working</q></li>
<li class="message">[<a href="#T00:27:41" id="T00:27:41"><abbr title="2015-02-26T00:27:41+00:00">00:27:41</abbr></a>] &lt;<cite>veremit</cite>&gt; <q>takes a while for larger disks though .. but leave it running overnight (on ups ;) ]</q></li>
<li class="quit">[<a href="#T00:28:00" id="T00:28:00"><abbr title="2015-02-26T00:28:00+00:00">00:28:00</abbr></a>] <span>* Quozl`_ (~quozl@activation.laptop.org) Quit (Read error: Connection reset by peer)</span></li>
<li class="message">[<a href="#T00:28:07" id="T00:28:07"><abbr title="2015-02-26T00:28:07+00:00">00:28:07</abbr></a>] &lt;<cite>veremit</cite>&gt; <q>you can dd 'blocks' .. but I prefer to dd straight into the new system from a known file</q></li>
<li class="message">[<a href="#T00:28:17" id="T00:28:17"><abbr title="2015-02-26T00:28:17+00:00">00:28:17</abbr></a>] &lt;<cite>veremit</cite>&gt; <q>there are ways to script it</q></li>
<li class="message">[<a href="#T00:28:38" id="T00:28:38"><abbr title="2015-02-26T00:28:38+00:00">00:28:38</abbr></a>] &lt;<cite>veremit</cite>&gt; <q>eg. for beagle there are emmc-flasher scripts/images .. check how they do it</q></li>
<li class="message">[<a href="#T00:28:53" id="T00:28:53"><abbr title="2015-02-26T00:28:53+00:00">00:28:53</abbr></a>] &lt;<cite>veremit</cite>&gt; <q>from memory its just a shell script that does the grunt-work</q></li>
<li class="join">[<a href="#T00:31:36" id="T00:31:36"><abbr title="2015-02-26T00:31:36+00:00">00:31:36</abbr></a>] <span>* Quozl` (~quozl@activation.laptop.org) has joined #beagle</span></li>
<li class="message">[<a href="#T00:35:16" id="T00:35:16"><abbr title="2015-02-26T00:35:16+00:00">00:35:16</abbr></a>] &lt;<cite>blaine</cite>&gt; <q>let me ask this way: i have an SD card set up exactly how i'd like it. how can i easily just flash this to the onboard EMMC?</q></li>
<li class="message">[<a href="#T00:36:31" id="T00:36:31"><abbr title="2015-02-26T00:36:31+00:00">00:36:31</abbr></a>] &lt;<cite>Quozl`</cite>&gt; <q>what i do on other systems is boot a linux kernel and initrd with a self-contained filesystem, such as busybox, then without mounting either SD card or eMMC one can use dd to do a block by block copy.</q></li>
<li class="message">[<a href="#T00:37:05" id="T00:37:05"><abbr title="2015-02-26T00:37:05+00:00">00:37:05</abbr></a>] &lt;<cite>Quozl`</cite>&gt; <q>but you have to make sure that what the firmware wants from the eMMC is also on your SD card.  both can be considered as just arrays of blocks.</q></li>
<li class="message">[<a href="#T00:38:02" id="T00:38:02"><abbr title="2015-02-26T00:38:02+00:00">00:38:02</abbr></a>] &lt;<cite>Quozl`</cite>&gt; <q>and the device name for that array of blocks is usually something like /dev/mmcblk0 or /dev/mmcblk1</q></li>
<li class="message">[<a href="#T00:38:25" id="T00:38:25"><abbr title="2015-02-26T00:38:25+00:00">00:38:25</abbr></a>] &lt;<cite>Quozl`</cite>&gt; <q>getting the order of arguments wrong is a truly useful learning exercise.</q></li>
<li class="message">[<a href="#T00:38:46" id="T00:38:46"><abbr title="2015-02-26T00:38:46+00:00">00:38:46</abbr></a>] &lt;<cite>blaine</cite>&gt; <q>heh</q></li>
<li class="message">[<a href="#T00:39:06" id="T00:39:06"><abbr title="2015-02-26T00:39:06+00:00">00:39:06</abbr></a>] &lt;<cite>blaine</cite>&gt; <q>Quozl`: so i'd just mount the BBB on my laptop and do a dd to mmcblk0 (for example)</q></li>
<li class="message">[<a href="#T00:39:50" id="T00:39:50"><abbr title="2015-02-26T00:39:50+00:00">00:39:50</abbr></a>] &lt;<cite>Quozl`</cite>&gt; <q>blaine: i don't know, sorry.  because i don't know how that side of it works; mounting on laptop.  but i presume not, because at that time there is a kernel running with the eMMC open.</q></li>
<li class="message">[<a href="#T00:40:39" id="T00:40:39"><abbr title="2015-02-26T00:40:39+00:00">00:40:39</abbr></a>] &lt;<cite>Quozl`</cite>&gt; <q>but you might also boot from USB or SD card, and do the copy then.</q></li>
<li class="message">[<a href="#T00:41:23" id="T00:41:23"><abbr title="2015-02-26T00:41:23+00:00">00:41:23</abbr></a>] &lt;<cite>blaine</cite>&gt; <q>true</q></li>
<li class="quit">[<a href="#T00:43:02" id="T00:43:02"><abbr title="2015-02-26T00:43:02+00:00">00:43:02</abbr></a>] <span>* thews (~thews@unaffiliated/thews) Quit (Read error: Connection reset by peer)</span></li>
<li class="join">[<a href="#T00:43:37" id="T00:43:37"><abbr title="2015-02-26T00:43:37+00:00">00:43:37</abbr></a>] <span>* thews (~thews@unaffiliated/thews) has joined #beagle</span></li>
<li class="message">[<a href="#T00:46:11" id="T00:46:11"><abbr title="2015-02-26T00:46:11+00:00">00:46:11</abbr></a>] &lt;<cite>blaine</cite>&gt; <q>looks like robert nelson has a script for that: beaglebone-black-copy-microSD-to-eMMC.sh</q></li>
<li class="message">[<a href="#T00:47:08" id="T00:47:08"><abbr title="2015-02-26T00:47:08+00:00">00:47:08</abbr></a>] &lt;<cite>blaine</cite>&gt; <q>has anyone used it? <a href="https://github.com/RobertCNelson/tools/blob/master/scripts/beaglebone-black-copy-microSD-to-eMMC.sh">https://github.com/RobertCNelson/tools/blob/master/scripts/beaglebone-black-copy-microSD-to-eMMC.sh</a></q></li>
<li class="message">[<a href="#T00:50:38" id="T00:50:38"><abbr title="2015-02-26T00:50:38+00:00">00:50:38</abbr></a>] &lt;<cite>blaine</cite>&gt; <q>or i guess this is more recommended: <a href="http://elinux.org/Beagleboard:BeagleBoneBlack_Debian#Flashing_eMMC">http://elinux.org/Beagleboard:BeagleBoneBlack_Debian#Flashing_eMMC</a></q></li>
<li class="join">[<a href="#T00:51:32" id="T00:51:32"><abbr title="2015-02-26T00:51:32+00:00">00:51:32</abbr></a>] <span>* dj_pi (~dj@c-107-5-228-80.hsd1.mi.comcast.net) has joined #beagle</span></li>
<li class="quit">[<a href="#T00:52:13" id="T00:52:13"><abbr title="2015-02-26T00:52:13+00:00">00:52:13</abbr></a>] <span>* Akuma (~Akuma@modemcable221.82-177-173.mc.videotron.ca) Quit (Quit: So long sukkas!)</span></li>
<li class="message">[<a href="#T00:55:33" id="T00:55:33"><abbr title="2015-02-26T00:55:33+00:00">00:55:33</abbr></a>] &lt;<cite>Quozl`</cite>&gt; <q>so many ways to skin a cat.</q></li>
<li class="quit">[<a href="#T00:55:45" id="T00:55:45"><abbr title="2015-02-26T00:55:45+00:00">00:55:45</abbr></a>] <span>* Alynna (~alynna@c-174-51-45-219.hsd1.co.comcast.net) Quit (Ping timeout: 256 seconds)</span></li>
<li class="message">[<a href="#T00:56:22" id="T00:56:22"><abbr title="2015-02-26T00:56:22+00:00">00:56:22</abbr></a>] &lt;<cite>Quozl`</cite>&gt; <q>underlying them all is ... don't run the kernel from the media you are copying to, as that stops it happening, or if it doesn't breaks things subtly.</q></li>
<li class="join">[<a href="#T00:58:11" id="T00:58:11"><abbr title="2015-02-26T00:58:11+00:00">00:58:11</abbr></a>] <span>* kalem (~kalem@unaffiliated/kalem) has joined #beagleboard</span></li>
<li class="join">[<a href="#T00:58:13" id="T00:58:13"><abbr title="2015-02-26T00:58:13+00:00">00:58:13</abbr></a>] <span>* kalem (~kalem@unaffiliated/kalem) has joined #beagle</span></li>
