<li class="join">[<a href="#T00:00:43" id="T00:00:43"><abbr title="2015-08-25T00:00:43+00:00">00:00:43</abbr></a>] <span>* BeagleBot (~PircBot@ec2-50-17-196-130.compute-1.amazonaws.com) has joined #beagle</span></li>
<li class="topic">[<abbr title="2015-08-25T00:00:43+00:00">00:00:43</abbr>] <span>* Topic is '<a href="http://beagleboard.org/chat">http://beagleboard.org/chat</a> has a guide on how to ask questions and links to the logs | never ask to ask, just ask | be patient | pastebin a boot log | <a href="http://ahsoftware.de/Beaglebone_Black_Boot_explained.svg">http://ahsoftware.de/Beaglebone_Black_Boot_explained.svg</a> | <a href="http://beagleboard.org/latest-images">http://beagleboard.org/latest-images</a> | <a href="http://beagleboard.org/Support/bone101">http://beagleboard.org/Support/bone101</a> | direct bonescript/node.js questions to #beagle-bonescript | books: <a href="http://bit.ly/bbb-books'">http://bit.ly/bbb-books'</a></span></li>
<li class="topic">[<abbr title="2015-08-25T00:00:43+00:00">00:00:43</abbr>] <span>* Set by KotH!~attila@erica.kinali.ch on Wed Jul 15 13:55:07 UTC 2015</span></li>
<li class="join">[<abbr title="2015-08-25T00:00:43+00:00">00:00:43</abbr>] <span>* BeagleBot (~PircBot@ec2-50-17-196-130.compute-1.amazonaws.com) has joined #beagleboard</span></li>
<li class="join">[<abbr title="2015-08-25T00:00:43+00:00">00:00:43</abbr>] <span>* BeagleBot (~PircBot@ec2-50-17-196-130.compute-1.amazonaws.com) has joined #beaglebone</span></li>
<li class="join">[<a href="#T00:05:16" id="T00:05:16"><abbr title="2015-08-25T00:05:16+00:00">00:05:16</abbr></a>] <span>* jevin_ (~jevin@gateway/vpn/privateinternetaccess/jevin) has joined #beagle</span></li>
<li class="quit">[<a href="#T00:08:10" id="T00:08:10"><abbr title="2015-08-25T00:08:10+00:00">00:08:10</abbr></a>] <span>* jevin (~jevin@72.12.217.220) Quit (Ping timeout: 240 seconds)</span></li>
<li class="join">[<a href="#T00:09:12" id="T00:09:12"><abbr title="2015-08-25T00:09:12+00:00">00:09:12</abbr></a>] <span>* LunaticLabs (62d741bd@gateway/web/freenode/ip.98.215.65.189) has joined #beagle</span></li>
<li class="message">[<a href="#T00:10:46" id="T00:10:46"><abbr title="2015-08-25T00:10:46+00:00">00:10:46</abbr></a>] &lt;<cite>LunaticLabs</cite>&gt; <q>I had a build booting on my BBB over NFS, and for some reason today its decided to stop working with a INIT: version 2.88 booting   INIT: cannot execute "/etc/init.d/rcS" error</q></li>
<li class="message">[<a href="#T00:11:11" id="T00:11:11"><abbr title="2015-08-25T00:11:11+00:00">00:11:11</abbr></a>] &lt;<cite>LunaticLabs</cite>&gt; <q>I'm checking my NFS partition, and it looks fine, there's no errors bringing it up, and I have execute permissions. I'm just not sure what else to check, any pointers?</q></li>
<li class="join">[<a href="#T00:13:08" id="T00:13:08"><abbr title="2015-08-25T00:13:08+00:00">00:13:08</abbr></a>] <span>* jevin (~jevin@72.12.217.220) has joined #beagle</span></li>
<li class="quit">[<a href="#T00:15:52" id="T00:15:52"><abbr title="2015-08-25T00:15:52+00:00">00:15:52</abbr></a>] <span>* jevin_ (~jevin@gateway/vpn/privateinternetaccess/jevin) Quit (Ping timeout: 244 seconds)</span></li>
<li class="join">[<a href="#T00:18:24" id="T00:18:24"><abbr title="2015-08-25T00:18:24+00:00">00:18:24</abbr></a>] <span>* sdfgsdfg (~sdfgsdfg@123-243-150-47.static.tpgi.com.au) has joined #beagle</span></li>
<li class="quit">[<a href="#T00:18:45" id="T00:18:45"><abbr title="2015-08-25T00:18:45+00:00">00:18:45</abbr></a>] <span>* sdfgsdfg (~sdfgsdfg@123-243-150-47.static.tpgi.com.au) Quit (Changing host)</span></li>
<li class="join">[<abbr title="2015-08-25T00:18:45+00:00">00:18:45</abbr>] <span>* sdfgsdfg (~sdfgsdfg@unaffiliated/sdfgsdfg) has joined #beagle</span></li>
<li class="quit">[<a href="#T00:20:38" id="T00:20:38"><abbr title="2015-08-25T00:20:38+00:00">00:20:38</abbr></a>] <span>* Pudlo (~Adium@2620:101:f000:702::2:2eba) Quit (Quit: Leaving.)</span></li>
<li class="quit">[<a href="#T00:23:41" id="T00:23:41"><abbr title="2015-08-25T00:23:41+00:00">00:23:41</abbr></a>] <span>* crypticgator (~crypticga@99-45-216-61.lightspeed.miamfl.sbcglobal.net) Quit (Ping timeout: 265 seconds)</span></li>
<li class="quit">[<a href="#T00:29:35" id="T00:29:35"><abbr title="2015-08-25T00:29:35+00:00">00:29:35</abbr></a>] <span>* arianepaola (~ariane@unaffiliated/arianepaola) Quit (Ping timeout: 250 seconds)</span></li>
<li class="join">[<a href="#T00:30:16" id="T00:30:16"><abbr title="2015-08-25T00:30:16+00:00">00:30:16</abbr></a>] <span>* arianepaola (~ariane@unaffiliated/arianepaola) has joined #beagle</span></li>
<li class="message">[<a href="#T00:35:57" id="T00:35:57"><abbr title="2015-08-25T00:35:57+00:00">00:35:57</abbr></a>] &lt;<cite>LunaticLabs</cite>&gt; <q>Hrmm.. NM, discovered problem. FS changes which used to not persist in initramfs are persisting on my NFS drive. A clean copy of FS fixed it</q></li>
<li class="quit">[<a href="#T00:40:09" id="T00:40:09"><abbr title="2015-08-25T00:40:09+00:00">00:40:09</abbr></a>] <span>* LunaticLabs (62d741bd@gateway/web/freenode/ip.98.215.65.189) Quit (Ping timeout: 246 seconds)</span></li>
<li class="quit">[<a href="#T00:43:09" id="T00:43:09"><abbr title="2015-08-25T00:43:09+00:00">00:43:09</abbr></a>] <span>* pwillard (~pwillard@c-73-184-136-133.hsd1.ga.comcast.net) Quit (Quit: Leaving)</span></li>
<li class="join">[<a href="#T00:44:17" id="T00:44:17"><abbr title="2015-08-25T00:44:17+00:00">00:44:17</abbr></a>] <span>* MaxMelandri (bd9210f7@gateway/web/freenode/ip.189.146.16.247) has joined #beagle</span></li>
<li class="quit">[<a href="#T00:51:00" id="T00:51:00"><abbr title="2015-08-25T00:51:00+00:00">00:51:00</abbr></a>] <span>* MaxMelandri (bd9210f7@gateway/web/freenode/ip.189.146.16.247) Quit (Ping timeout: 246 seconds)</span></li>
<li class="join">[<a href="#T00:51:10" id="T00:51:10"><abbr title="2015-08-25T00:51:10+00:00">00:51:10</abbr></a>] <span>* IrishGringo (~chatzilla@2601:586:c200:6eaa:7048:19d3:c67d:7980) has joined #beagle</span></li>
<li class="join">[<a href="#T00:59:08" id="T00:59:08"><abbr title="2015-08-25T00:59:08+00:00">00:59:08</abbr></a>] <span>* djerome (~djerome@ip68-2-89-23.ph.ph.cox.net) has joined #beaglebone</span></li>
<li class="join">[<a href="#T01:00:14" id="T01:00:14"><abbr title="2015-08-25T01:00:14+00:00">01:00:14</abbr></a>] <span>* Gentooman (~cyber_ram@pool-108-39-146-142.pitbpa.fios.verizon.net) has joined #beagle</span></li>
<li class="join">[<a href="#T01:08:05" id="T01:08:05"><abbr title="2015-08-25T01:08:05+00:00">01:08:05</abbr></a>] <span>* vmayoral (~vmayoral@160.Red-83-36-249.dynamicIP.rima-tde.net) has joined #beagle</span></li>
<li class="quit">[<a href="#T01:13:00" id="T01:13:00"><abbr title="2015-08-25T01:13:00+00:00">01:13:00</abbr></a>] <span>* vmayoral (~vmayoral@160.Red-83-36-249.dynamicIP.rima-tde.net) Quit (Ping timeout: 264 seconds)</span></li>
<li class="join">[<a href="#T01:20:48" id="T01:20:48"><abbr title="2015-08-25T01:20:48+00:00">01:20:48</abbr></a>] <span>* veremit (~Michael@unaffiliated/veremit) has joined #beagle</span></li>
<li class="quit">[<a href="#T01:26:57" id="T01:26:57"><abbr title="2015-08-25T01:26:57+00:00">01:26:57</abbr></a>] <span>* veremit (~Michael@unaffiliated/veremit) Quit (Ping timeout: 255 seconds)</span></li>
<li class="quit">[<a href="#T01:37:56" id="T01:37:56"><abbr title="2015-08-25T01:37:56+00:00">01:37:56</abbr></a>] <span>* IrishGringo (~chatzilla@2601:586:c200:6eaa:7048:19d3:c67d:7980) Quit (Ping timeout: 246 seconds)</span></li>
<li class="join">[<a href="#T01:38:15" id="T01:38:15"><abbr title="2015-08-25T01:38:15+00:00">01:38:15</abbr></a>] <span>* arianepaola_ (~ariane@unaffiliated/arianepaola) has joined #beagle</span></li>
<li class="quit">[<a href="#T01:39:07" id="T01:39:07"><abbr title="2015-08-25T01:39:07+00:00">01:39:07</abbr></a>] <span>* arianepaola_ (~ariane@unaffiliated/arianepaola) Quit (Client Quit)</span></li>
<li class="quit">[<a href="#T01:41:06" id="T01:41:06"><abbr title="2015-08-25T01:41:06+00:00">01:41:06</abbr></a>] <span>* djerome (~djerome@ip68-2-89-23.ph.ph.cox.net) Quit (Ping timeout: 240 seconds)</span></li>
<li class="join">[<a href="#T01:46:58" id="T01:46:58"><abbr title="2015-08-25T01:46:58+00:00">01:46:58</abbr></a>] <span>* Humpelst1lzchen (erik@f054183071.adsl.alicedsl.de) has joined #beagle</span></li>
<li class="quit">[<a href="#T01:49:00" id="T01:49:00"><abbr title="2015-08-25T01:49:00+00:00">01:49:00</abbr></a>] <span>* Humpelstilzchen (erik@f054026124.adsl.alicedsl.de) Quit (Ping timeout: 264 seconds)</span></li>
<li class="join">[<a href="#T01:55:05" id="T01:55:05"><abbr title="2015-08-25T01:55:05+00:00">01:55:05</abbr></a>] <span>* prt (1b063534@gateway/web/freenode/ip.27.6.53.52) has joined #beagle</span></li>
<li class="quit">[<a href="#T01:59:33" id="T01:59:33"><abbr title="2015-08-25T01:59:33+00:00">01:59:33</abbr></a>] <span>* sdfgsdfg (~sdfgsdfg@unaffiliated/sdfgsdfg) Quit (Read error: Connection reset by peer)</span></li>
<li class="join">[<a href="#T01:59:48" id="T01:59:48"><abbr title="2015-08-25T01:59:48+00:00">01:59:48</abbr></a>] <span>* sdfgsdfg (~sdfgsdfg@unaffiliated/sdfgsdfg) has joined #beagle</span></li>
<li class="quit">[<a href="#T02:00:17" id="T02:00:17"><abbr title="2015-08-25T02:00:17+00:00">02:00:17</abbr></a>] <span>* sdfgsdfg (~sdfgsdfg@unaffiliated/sdfgsdfg) Quit (Client Quit)</span></li>
<li class="join">[<a href="#T02:00:19" id="T02:00:19"><abbr title="2015-08-25T02:00:19+00:00">02:00:19</abbr></a>] <span>* djerome (~djerome@ip68-2-89-23.ph.ph.cox.net) has joined #beaglebone</span></li>
<li class="join">[<a href="#T02:00:40" id="T02:00:40"><abbr title="2015-08-25T02:00:40+00:00">02:00:40</abbr></a>] <span>* sdfgsdfg (~sdfgsdfg@unaffiliated/sdfgsdfg) has joined #beagle</span></li>
<li class="quit">[<a href="#T02:01:15" id="T02:01:15"><abbr title="2015-08-25T02:01:15+00:00">02:01:15</abbr></a>] <span>* mrpackethead (~mrpacketh@147.200.109.203.static.cust.vf.net.nz) Quit (Remote host closed the connection)</span></li>
<li class="join">[<a href="#T02:01:56" id="T02:01:56"><abbr title="2015-08-25T02:01:56+00:00">02:01:56</abbr></a>] <span>* mrpackethead (~mrpacketh@147.200.109.203.static.cust.vf.net.nz) has joined #beagle</span></li>
<li class="quit">[<a href="#T02:06:34" id="T02:06:34"><abbr title="2015-08-25T02:06:34+00:00">02:06:34</abbr></a>] <span>* mrpackethead (~mrpacketh@147.200.109.203.static.cust.vf.net.nz) Quit (Ping timeout: 260 seconds)</span></li>
<li class="quit">[<a href="#T02:09:45" id="T02:09:45"><abbr title="2015-08-25T02:09:45+00:00">02:09:45</abbr></a>] <span>* prt (1b063534@gateway/web/freenode/ip.27.6.53.52) Quit (Ping timeout: 246 seconds)</span></li>
<li class="join">[<a href="#T02:13:23" id="T02:13:23"><abbr title="2015-08-25T02:13:23+00:00">02:13:23</abbr></a>] <span>* Ceriand|desktop (~Ceriand@unaffiliated/ceriand) has joined #beagle</span></li>
<li class="join">[<a href="#T02:19:40" id="T02:19:40"><abbr title="2015-08-25T02:19:40+00:00">02:19:40</abbr></a>] <span>* jkridner|work (~jkridner@pdpc/supporter/active/jkridner) has joined #beagle</span></li>
<li class="mode">[<a href="#T02:19:41" id="T02:19:41"><abbr title="2015-08-25T02:19:41+00:00">02:19:41</abbr></a>] <span>* ChanServ sets mode +o jkridner|work</span></li>
<li class="quit">[<a href="#T02:21:53" id="T02:21:53"><abbr title="2015-08-25T02:21:53+00:00">02:21:53</abbr></a>] <span>* darkfader (~darkfader@ip3e8346be.speed.planet.nl) Quit (Quit: darkfader)</span></li>
<li class="quit">[<a href="#T02:21:56" id="T02:21:56"><abbr title="2015-08-25T02:21:56+00:00">02:21:56</abbr></a>] <span>* jkridner (~jkridner@pdpc/supporter/active/jkridner) Quit (Ping timeout: 244 seconds)</span></li>
<li class="join">[<a href="#T02:22:26" id="T02:22:26"><abbr title="2015-08-25T02:22:26+00:00">02:22:26</abbr></a>] <span>* dj_pi (~dj@c-73-191-212-56.hsd1.mi.comcast.net) has joined #beagle</span></li>
<li class="quit">[<a href="#T02:29:46" id="T02:29:46"><abbr title="2015-08-25T02:29:46+00:00">02:29:46</abbr></a>] <span>* djerome (~djerome@ip68-2-89-23.ph.ph.cox.net) Quit (Ping timeout: 240 seconds)</span></li>
<li class="join">[<a href="#T02:30:13" id="T02:30:13"><abbr title="2015-08-25T02:30:13+00:00">02:30:13</abbr></a>] <span>* jedahan (~textual@subtle/user/jedahan) has joined #beaglebone</span></li>
<li class="join">[<a href="#T02:30:52" id="T02:30:52"><abbr title="2015-08-25T02:30:52+00:00">02:30:52</abbr></a>] <span>* crypticgator (~crypticga@99-45-216-61.lightspeed.miamfl.sbcglobal.net) has joined #beagle</span></li>
<li class="quit">[<a href="#T02:37:45" id="T02:37:45"><abbr title="2015-08-25T02:37:45+00:00">02:37:45</abbr></a>] <span>* jedahan (~textual@subtle/user/jedahan) Quit (Remote host closed the connection)</span></li>
<li class="join">[<a href="#T02:38:51" id="T02:38:51"><abbr title="2015-08-25T02:38:51+00:00">02:38:51</abbr></a>] <span>* jedahan (~textual@subtle/user/jedahan) has joined #beaglebone</span></li>
<li class="join">[<a href="#T02:40:52" id="T02:40:52"><abbr title="2015-08-25T02:40:52+00:00">02:40:52</abbr></a>] <span>* IrishGringo (~chatzilla@2601:586:c200:6eaa:7048:19d3:c67d:7980) has joined #beagle</span></li>
<li class="join">[<a href="#T02:56:58" id="T02:56:58"><abbr title="2015-08-25T02:56:58+00:00">02:56:58</abbr></a>] <span>* vmayoral (~vmayoral@160.Red-83-36-249.dynamicIP.rima-tde.net) has joined #beagle</span></li>
<li class="quit">[<a href="#T03:01:06" id="T03:01:06"><abbr title="2015-08-25T03:01:06+00:00">03:01:06</abbr></a>] <span>* vmayoral (~vmayoral@160.Red-83-36-249.dynamicIP.rima-tde.net) Quit (Ping timeout: 240 seconds)</span></li>
<li class="join">[<a href="#T03:02:09" id="T03:02:09"><abbr title="2015-08-25T03:02:09+00:00">03:02:09</abbr></a>] <span>* mrpackethead (~mrpacketh@147.200.109.203.static.cust.vf.net.nz) has joined #beagle</span></li>
<li class="join">[<a href="#T03:02:39" id="T03:02:39"><abbr title="2015-08-25T03:02:39+00:00">03:02:39</abbr></a>] <span>* veremit (~Michael@37.152.241.109) has joined #beagle</span></li>
<li class="quit">[<abbr title="2015-08-25T03:02:39+00:00">03:02:39</abbr>] <span>* veremit (~Michael@37.152.241.109) Quit (Changing host)</span></li>
<li class="join">[<abbr title="2015-08-25T03:02:39+00:00">03:02:39</abbr>] <span>* veremit (~Michael@unaffiliated/veremit) has joined #beagle</span></li>
<li class="quit">[<a href="#T03:07:39" id="T03:07:39"><abbr title="2015-08-25T03:07:39+00:00">03:07:39</abbr></a>] <span>* jedahan (~textual@subtle/user/jedahan) Quit (Quit: Textual IRC Client: www.textualapp.com)</span></li>
<li class="quit">[<a href="#T03:08:10" id="T03:08:10"><abbr title="2015-08-25T03:08:10+00:00">03:08:10</abbr></a>] <span>* mrpackethead (~mrpacketh@147.200.109.203.static.cust.vf.net.nz) Quit (Ping timeout: 260 seconds)</span></li>
<li class="quit">[<a href="#T03:18:47" id="T03:18:47"><abbr title="2015-08-25T03:18:47+00:00">03:18:47</abbr></a>] <span>* dj_pi (~dj@c-73-191-212-56.hsd1.mi.comcast.net) Quit (Quit: Leaving)</span></li>
<li class="quit">[<a href="#T03:21:20" id="T03:21:20"><abbr title="2015-08-25T03:21:20+00:00">03:21:20</abbr></a>] <span>* crypticgator (~crypticga@99-45-216-61.lightspeed.miamfl.sbcglobal.net) Quit (Ping timeout: 244 seconds)</span></li>
<li class="quit">[<a href="#T03:43:17" id="T03:43:17"><abbr title="2015-08-25T03:43:17+00:00">03:43:17</abbr></a>] <span>* Russ (foobar@pool-100-9-139-246.lsanca.fios.verizon.net) Quit (Ping timeout: 250 seconds)</span></li>
<li class="quit">[<a href="#T03:51:19" id="T03:51:19"><abbr title="2015-08-25T03:51:19+00:00">03:51:19</abbr></a>] <span>* IrishGringo (~chatzilla@2601:586:c200:6eaa:7048:19d3:c67d:7980) Quit (Ping timeout: 244 seconds)</span></li>
<li class="quit">[<a href="#T03:52:22" id="T03:52:22"><abbr title="2015-08-25T03:52:22+00:00">03:52:22</abbr></a>] <span>* emeb (~ericb@ip68-2-68-52.ph.ph.cox.net) Quit (Quit: Leaving.)</span></li>
<li class="quit">[<a href="#T03:55:42" id="T03:55:42"><abbr title="2015-08-25T03:55:42+00:00">03:55:42</abbr></a>] <span>* chainsawbike (~chainsawb@unaffiliated/chainsawbike) Quit (Quit: yep... i broke it good that time...)</span></li>
<li class="join">[<a href="#T04:01:10" id="T04:01:10"><abbr title="2015-08-25T04:01:10+00:00">04:01:10</abbr></a>] <span>* chainsawbike (~chainsawb@unaffiliated/chainsawbike) has joined #beagle</span></li>
<li class="quit">[<a href="#T04:04:00" id="T04:04:00"><abbr title="2015-08-25T04:04:00+00:00">04:04:00</abbr></a>] <span>* thaytan (~thaytan@199.7.70.115.static.exetel.com.au) Quit (Ping timeout: 255 seconds)</span></li>
<li class="join">[<a href="#T04:04:04" id="T04:04:04"><abbr title="2015-08-25T04:04:04+00:00">04:04:04</abbr></a>] <span>* mrpackethead (~mrpacketh@147.200.109.203.static.cust.vf.net.nz) has joined #beagle</span></li>
<li class="join">[<a href="#T04:04:15" id="T04:04:15"><abbr title="2015-08-25T04:04:15+00:00">04:04:15</abbr></a>] <span>* koleto (~koleto@ip5f5ad55d.dynamic.kabel-deutschland.de) has joined #beagle</span></li>
<li class="quit">[<a href="#T04:07:51" id="T04:07:51"><abbr title="2015-08-25T04:07:51+00:00">04:07:51</abbr></a>] <span>* koleto (~koleto@ip5f5ad55d.dynamic.kabel-deutschland.de) Quit (Client Quit)</span></li>
<li class="join">[<a href="#T04:10:26" id="T04:10:26"><abbr title="2015-08-25T04:10:26+00:00">04:10:26</abbr></a>] <span>* thaytan (~thaytan@199.7.70.115.static.exetel.com.au) has joined #beagle</span></li>
<li class="quit">[<a href="#T04:10:56" id="T04:10:56"><abbr title="2015-08-25T04:10:56+00:00">04:10:56</abbr></a>] <span>* mrpackethead (~mrpacketh@147.200.109.203.static.cust.vf.net.nz) Quit (Ping timeout: 244 seconds)</span></li>
<li class="join">[<a href="#T04:17:56" id="T04:17:56"><abbr title="2015-08-25T04:17:56+00:00">04:17:56</abbr></a>] <span>* djerome (~djerome@ip68-2-89-23.ph.ph.cox.net) has joined #beaglebone</span></li>
<li class="quit">[<a href="#T04:25:33" id="T04:25:33"><abbr title="2015-08-25T04:25:33+00:00">04:25:33</abbr></a>] <span>* Pad_ (c1fcac97@gateway/web/freenode/ip.193.252.172.151) Quit (Ping timeout: 246 seconds)</span></li>
<li class="join">[<a href="#T04:26:55" id="T04:26:55"><abbr title="2015-08-25T04:26:55+00:00">04:26:55</abbr></a>] <span>* mrpackethead (~mrpacketh@147.200.109.203.static.cust.vf.net.nz) has joined #beagle</span></li>
<li class="quit">[<a href="#T04:30:34" id="T04:30:34"><abbr title="2015-08-25T04:30:34+00:00">04:30:34</abbr></a>] <span>* djerome (~djerome@ip68-2-89-23.ph.ph.cox.net) Quit (Remote host closed the connection)</span></li>
<li class="join">[<a href="#T04:35:18" id="T04:35:18"><abbr title="2015-08-25T04:35:18+00:00">04:35:18</abbr></a>] <span>* shainon (68dd7533@gateway/web/freenode/ip.104.221.117.51) has joined #beagle</span></li>
<li class="message">[<a href="#T04:35:36" id="T04:35:36"><abbr title="2015-08-25T04:35:36+00:00">04:35:36</abbr></a>] &lt;<cite>shainon</cite>&gt; <q>Hi</q></li>
<li class="message">[<a href="#T04:36:43" id="T04:36:43"><abbr title="2015-08-25T04:36:43+00:00">04:36:43</abbr></a>] &lt;<cite>shainon</cite>&gt; <q>Is there a way to read a pwm signal with a beaglebone black ?</q></li>
<li class="join">[<a href="#T04:37:13" id="T04:37:13"><abbr title="2015-08-25T04:37:13+00:00">04:37:13</abbr></a>] <span>* Devastator_ (~devas@186.214.74.15) has joined #beagle</span></li>
<li class="quit">[<a href="#T04:37:50" id="T04:37:50"><abbr title="2015-08-25T04:37:50+00:00">04:37:50</abbr></a>] <span>* Devastator (~devas@unaffiliated/devastator) Quit (Ping timeout: 272 seconds)</span></li>
<li class="join">[<a href="#T04:45:48" id="T04:45:48"><abbr title="2015-08-25T04:45:48+00:00">04:45:48</abbr></a>] <span>* vmayoral (~vmayoral@160.Red-83-36-249.dynamicIP.rima-tde.net) has joined #beagle</span></li>
<li class="quit">[<a href="#T04:50:30" id="T04:50:30"><abbr title="2015-08-25T04:50:30+00:00">04:50:30</abbr></a>] <span>* vmayoral (~vmayoral@160.Red-83-36-249.dynamicIP.rima-tde.net) Quit (Ping timeout: 272 seconds)</span></li>
<li class="quit">[<a href="#T04:50:46" id="T04:50:46"><abbr title="2015-08-25T04:50:46+00:00">04:50:46</abbr></a>] <span>* Abhishek__ (uid26899@gateway/web/irccloud.com/x-mopfcaqvpcxnqwjl) Quit (Quit: Connection closed for inactivity)</span></li>
<li class="join">[<a href="#T04:57:22" id="T04:57:22"><abbr title="2015-08-25T04:57:22+00:00">04:57:22</abbr></a>] <span>* ketul (7c7d4564@gateway/web/cgi-irc/kiwiirc.com/ip.124.125.69.100) has joined #beagle</span></li>
<li class="join">[<a href="#T05:01:56" id="T05:01:56"><abbr title="2015-08-25T05:01:56+00:00">05:01:56</abbr></a>] <span>* BennyB_ (~heldb@host-88-217-198-167.customer.m-online.net) has joined #beagle</span></li>
<li class="quit">[<a href="#T05:10:36" id="T05:10:36"><abbr title="2015-08-25T05:10:36+00:00">05:10:36</abbr></a>] <span>* BennyB_ (~heldb@host-88-217-198-167.customer.m-online.net) Quit (Remote host closed the connection)</span></li>
<li class="join">[<a href="#T05:14:15" id="T05:14:15"><abbr title="2015-08-25T05:14:15+00:00">05:14:15</abbr></a>] <span>* mhaberler (~mhaberler@next.stiwoll.mah.priv.at) has joined #beagle</span></li>
<li class="join">[<abbr title="2015-08-25T05:14:15+00:00">05:14:15</abbr>] <span>* mhaberler (~mhaberler@next.stiwoll.mah.priv.at) has joined #beaglebone</span></li>
<li class="quit">[<a href="#T05:17:33" id="T05:17:33"><abbr title="2015-08-25T05:17:33+00:00">05:17:33</abbr></a>] <span>* ozzloy (~ozzloy@unaffiliated/ozzloy) Quit (Read error: Connection reset by peer)</span></li>
<li class="quit">[<a href="#T05:27:35" id="T05:27:35"><abbr title="2015-08-25T05:27:35+00:00">05:27:35</abbr></a>] <span>* contempt (contempt@unaffiliated/contempt) Quit (Disconnected by services)</span></li>
<li class="join">[<a href="#T05:27:55" id="T05:27:55"><abbr title="2015-08-25T05:27:55+00:00">05:27:55</abbr></a>] <span>* contempt (contempt@unaffiliated/contempt) has joined #beagleboard</span></li>
<li class="join">[<abbr title="2015-08-25T05:27:55+00:00">05:27:55</abbr>] <span>* contempt (contempt@unaffiliated/contempt) has joined #beagle</span></li>
<li class="join">[<a href="#T05:28:49" id="T05:28:49"><abbr title="2015-08-25T05:28:49+00:00">05:28:49</abbr></a>] <span>* crypticgator (~crypticga@99-45-216-61.lightspeed.miamfl.sbcglobal.net) has joined #beagle</span></li>
<li class="quit">[<a href="#T05:29:53" id="T05:29:53"><abbr title="2015-08-25T05:29:53+00:00">05:29:53</abbr></a>] <span>* crypticgator (~crypticga@99-45-216-61.lightspeed.miamfl.sbcglobal.net) Quit (Max SendQ exceeded)</span></li>
<li class="join">[<a href="#T05:30:22" id="T05:30:22"><abbr title="2015-08-25T05:30:22+00:00">05:30:22</abbr></a>] <span>* crypticgator (~crypticga@99-45-216-61.lightspeed.miamfl.sbcglobal.net) has joined #beagle</span></li>
<li class="quit">[<a href="#T05:31:34" id="T05:31:34"><abbr title="2015-08-25T05:31:34+00:00">05:31:34</abbr></a>] <span>* crypticgator (~crypticga@99-45-216-61.lightspeed.miamfl.sbcglobal.net) Quit (Max SendQ exceeded)</span></li>
<li class="join">[<a href="#T05:32:04" id="T05:32:04"><abbr title="2015-08-25T05:32:04+00:00">05:32:04</abbr></a>] <span>* crypticgator (~crypticga@99-45-216-61.lightspeed.miamfl.sbcglobal.net) has joined #beagle</span></li>
<li class="join">[<a href="#T05:32:47" id="T05:32:47"><abbr title="2015-08-25T05:32:47+00:00">05:32:47</abbr></a>] <span>* koleto (~koleto@ip5f5ad55d.dynamic.kabel-deutschland.de) has joined #beagle</span></li>
<li class="join">[<a href="#T05:37:05" id="T05:37:05"><abbr title="2015-08-25T05:37:05+00:00">05:37:05</abbr></a>] <span>* bearsh|work (~quassel@252.212.107.92.dynamic.wline.res.cust.swisscom.ch) has joined #beagle</span></li>
<li class="quit">[<a href="#T05:39:47" id="T05:39:47"><abbr title="2015-08-25T05:39:47+00:00">05:39:47</abbr></a>] <span>* neem0 (~nemo@93-140-248-130.adsl.net.t-com.hr) Quit (Ping timeout: 265 seconds)</span></li>
<li class="join">[<a href="#T05:42:41" id="T05:42:41"><abbr title="2015-08-25T05:42:41+00:00">05:42:41</abbr></a>] <span>* peoliye (32a8165d@gateway/web/freenode/ip.50.168.22.93) has joined #beagle</span></li>
<li class="quit">[<a href="#T05:46:11" id="T05:46:11"><abbr title="2015-08-25T05:46:11+00:00">05:46:11</abbr></a>] <span>* koleto (~koleto@ip5f5ad55d.dynamic.kabel-deutschland.de) Quit (Quit: koleto)</span></li>
<li class="message">[<a href="#T05:46:43" id="T05:46:43"><abbr title="2015-08-25T05:46:43+00:00">05:46:43</abbr></a>] &lt;<cite>peoliye</cite>&gt; <q>i was wondering what line to be added in uEnv.txt to load my uImage address which is at 0x80008000?</q></li>
<li class="quit">[<a href="#T05:50:46" id="T05:50:46"><abbr title="2015-08-25T05:50:46+00:00">05:50:46</abbr></a>] <span>* Shadyman (~matthew@unaffiliated/shadyman) Quit (Quit: Leaving.)</span></li>
<li class="quit">[<a href="#T05:56:48" id="T05:56:48"><abbr title="2015-08-25T05:56:48+00:00">05:56:48</abbr></a>] <span>* mrpackethead (~mrpacketh@147.200.109.203.static.cust.vf.net.nz) Quit (Read error: Connection reset by peer)</span></li>
<li class="join">[<a href="#T05:58:52" id="T05:58:52"><abbr title="2015-08-25T05:58:52+00:00">05:58:52</abbr></a>] <span>* mrpackethead (~mrpacketh@147.200.109.203.static.cust.vf.net.nz) has joined #beagle</span></li>
<li class="quit">[<a href="#T06:00:50" id="T06:00:50"><abbr title="2015-08-25T06:00:50+00:00">06:00:50</abbr></a>] <span>* crypticgator (~crypticga@99-45-216-61.lightspeed.miamfl.sbcglobal.net) Quit (Ping timeout: 240 seconds)</span></li>
<li class="join">[<a href="#T06:06:50" id="T06:06:50"><abbr title="2015-08-25T06:06:50+00:00">06:06:50</abbr></a>] <span>* jpirko (~jirka@ip-94-113-120-24.net.upcbroadband.cz) has joined #beagle</span></li>
<li class="message">[<a href="#T06:07:04" id="T06:07:04"><abbr title="2015-08-25T06:07:04+00:00">06:07:04</abbr></a>] &lt;<cite>ketul</cite>&gt; <q>peoliye: I do use  "setenv bootdelay 5</q></li>
<li class="message">[<abbr title="2015-08-25T06:07:04+00:00">06:07:04</abbr>] &lt;<cite>ketul</cite>&gt; <q>uenvcmd=run boot</q></li>
<li class="message">[<a href="#T06:07:05" id="T06:07:05"><abbr title="2015-08-25T06:07:05+00:00">06:07:05</abbr></a>] &lt;<cite>ketul</cite>&gt; <q>boot=fatload mmc 0 0x80800000 uImage-name.img ; bootm 0x80800000</q></li>
<li class="message">[<a href="#T06:09:53" id="T06:09:53"><abbr title="2015-08-25T06:09:53+00:00">06:09:53</abbr></a>] &lt;<cite>peoliye</cite>&gt; <q>ketul: thanks.</q></li>
<li class="message">[<a href="#T06:10:11" id="T06:10:11"><abbr title="2015-08-25T06:10:11+00:00">06:10:11</abbr></a>] &lt;<cite>ketul</cite>&gt; <q>peoliye: :) . np</q></li>
<li class="quit">[<a href="#T06:12:32" id="T06:12:32"><abbr title="2015-08-25T06:12:32+00:00">06:12:32</abbr></a>] <span>* mdp (sid49840@gateway/web/irccloud.com/x-ajphbxhspmvqvjsq) Quit (Ping timeout: 245 seconds)</span></li>
<li class="quit">[<a href="#T06:13:20" id="T06:13:20"><abbr title="2015-08-25T06:13:20+00:00">06:13:20</abbr></a>] <span>* ggherdov (sid11402@gateway/web/irccloud.com/x-svedqtajbijfnsrk) Quit (Ping timeout: 245 seconds)</span></li>
<li class="quit">[<a href="#T06:13:25" id="T06:13:25"><abbr title="2015-08-25T06:13:25+00:00">06:13:25</abbr></a>] <span>* bhthompson (bhthompson@nat/google/x-buccldblldrkayto) Quit (Ping timeout: 244 seconds)</span></li>
<li class="quit">[<a href="#T06:13:56" id="T06:13:56"><abbr title="2015-08-25T06:13:56+00:00">06:13:56</abbr></a>] <span>* manjo (~manjo@ubuntu/member/manjo) Quit (Ping timeout: 244 seconds)</span></li>
<li class="quit">[<abbr title="2015-08-25T06:13:56+00:00">06:13:56</abbr>] <span>* nlewycky (nlewycky@nat/google/x-kyqsbpngdikydqak) Quit (Ping timeout: 244 seconds)</span></li>
<li class="quit">[<a href="#T06:14:26" id="T06:14:26"><abbr title="2015-08-25T06:14:26+00:00">06:14:26</abbr></a>] <span>* xenoxaos (xenoxaos@2600:3c02::f03c:91ff:feae:2da1) Quit (Ping timeout: 246 seconds)</span></li>
<li class="join">[<a href="#T06:14:34" id="T06:14:34"><abbr title="2015-08-25T06:14:34+00:00">06:14:34</abbr></a>] <span>* crypticgator (~crypticga@2602:306:32dd:83df:2147:3c31:4266:e272) has joined #beagle</span></li>
<li class="join">[<a href="#T06:14:45" id="T06:14:45"><abbr title="2015-08-25T06:14:45+00:00">06:14:45</abbr></a>] <span>* vmayoral (~vmayoral@160.Red-83-36-249.dynamicIP.rima-tde.net) has joined #beagle</span></li>
<li class="join">[<a href="#T06:14:47" id="T06:14:47"><abbr title="2015-08-25T06:14:47+00:00">06:14:47</abbr></a>] <span>* mdp (sid49840@gateway/web/irccloud.com/x-uhqhkeescorvkgpl) has joined #beagle</span></li>
<li class="quit">[<a href="#T06:15:30" id="T06:15:30"><abbr title="2015-08-25T06:15:30+00:00">06:15:30</abbr></a>] <span>* crypticgator (~crypticga@2602:306:32dd:83df:2147:3c31:4266:e272) Quit (Max SendQ exceeded)</span></li>
<li class="message">[<a href="#T06:16:12" id="T06:16:12"><abbr title="2015-08-25T06:16:12+00:00">06:16:12</abbr></a>] &lt;<cite>peoliye</cite>&gt; <q>ketul:and how do you specify the partition block where rootfs is mounted?</q></li>
<li class="join">[<a href="#T06:16:29" id="T06:16:29"><abbr title="2015-08-25T06:16:29+00:00">06:16:29</abbr></a>] <span>* nlewycky (nlewycky@nat/google/x-vctdffwbrvlyozmo) has joined #beagle</span></li>
<li class="join">[<a href="#T06:18:27" id="T06:18:27"><abbr title="2015-08-25T06:18:27+00:00">06:18:27</abbr></a>] <span>* manjo (~manjo@2602:301:772c:4d30:1eba:8cff:fea8:6606) has joined #beagle</span></li>
<li class="join">[<a href="#T06:18:28" id="T06:18:28"><abbr title="2015-08-25T06:18:28+00:00">06:18:28</abbr></a>] <span>* manjo (~manjo@2602:301:772c:4d30:1eba:8cff:fea8:6606) has joined #beaglebone</span></li>
<li class="quit">[<a href="#T06:18:46" id="T06:18:46"><abbr title="2015-08-25T06:18:46+00:00">06:18:46</abbr></a>] <span>* manjo (~manjo@2602:301:772c:4d30:1eba:8cff:fea8:6606) Quit (Changing host)</span></li>
<li class="join">[<abbr title="2015-08-25T06:18:46+00:00">06:18:46</abbr>] <span>* manjo (~manjo@ubuntu/member/manjo) has joined #beaglebone</span></li>
<li class="join">[<abbr title="2015-08-25T06:18:46+00:00">06:18:46</abbr>] <span>* manjo (~manjo@ubuntu/member/manjo) has joined #beagle</span></li>
<li class="join">[<a href="#T06:19:32" id="T06:19:32"><abbr title="2015-08-25T06:19:32+00:00">06:19:32</abbr></a>] <span>* ggherdov (sid11402@gateway/web/irccloud.com/x-tmmnyosdepzatbam) has joined #beagle</span></li>
<li class="join">[<a href="#T06:19:46" id="T06:19:46"><abbr title="2015-08-25T06:19:46+00:00">06:19:46</abbr></a>] <span>* xenoxaos (xenoxaos@2600:3c02::f03c:91ff:feae:2da1) has joined #beagle</span></li>
<li class="join">[<a href="#T06:20:14" id="T06:20:14"><abbr title="2015-08-25T06:20:14+00:00">06:20:14</abbr></a>] <span>* bhthompson (bhthompson@nat/google/x-qukrxjwhynqrsyzu) has joined #beagle</span></li>
<li class="join">[<a href="#T06:21:10" id="T06:21:10"><abbr title="2015-08-25T06:21:10+00:00">06:21:10</abbr></a>] <span>* Pac (c1fcac97@gateway/web/freenode/ip.193.252.172.151) has joined #beagle</span></li>
<li class="join">[<a href="#T06:21:34" id="T06:21:34"><abbr title="2015-08-25T06:21:34+00:00">06:21:34</abbr></a>] <span>* neemo (~nemo@78-0-127-142.adsl.net.t-com.hr) has joined #beagle</span></li>
<li class="join">[<a href="#T06:24:41" id="T06:24:41"><abbr title="2015-08-25T06:24:41+00:00">06:24:41</abbr></a>] <span>* NulL` (~bleh1@87.254.76.144) has joined #beagle</span></li>
<li class="join">[<a href="#T06:32:13" id="T06:32:13"><abbr title="2015-08-25T06:32:13+00:00">06:32:13</abbr></a>] <span>* peoliye_ (32a8165d@gateway/web/freenode/ip.50.168.22.93) has joined #beagle</span></li>
<li class="quit">[<a href="#T06:32:57" id="T06:32:57"><abbr title="2015-08-25T06:32:57+00:00">06:32:57</abbr></a>] <span>* peoliye (32a8165d@gateway/web/freenode/ip.50.168.22.93) Quit (Ping timeout: 246 seconds)</span></li>
<li class="quit">[<a href="#T06:33:46" id="T06:33:46"><abbr title="2015-08-25T06:33:46+00:00">06:33:46</abbr></a>] <span>* peoliye_ (32a8165d@gateway/web/freenode/ip.50.168.22.93) Quit (Client Quit)</span></li>
<li class="quit">[<a href="#T06:33:47" id="T06:33:47"><abbr title="2015-08-25T06:33:47+00:00">06:33:47</abbr></a>] <span>* dwery (~dwery@nslu2-linux/dwery) Quit (Read error: Connection reset by peer)</span></li>
<li class="join">[<a href="#T06:34:00" id="T06:34:00"><abbr title="2015-08-25T06:34:00+00:00">06:34:00</abbr></a>] <span>* peoliye (32a8165d@gateway/web/freenode/ip.50.168.22.93) has joined #beagle</span></li>
<li class="message">[<a href="#T06:34:12" id="T06:34:12"><abbr title="2015-08-25T06:34:12+00:00">06:34:12</abbr></a>] &lt;<cite>peoliye</cite>&gt; <q>ketul:</q></li>
<li class="join">[<a href="#T06:34:45" id="T06:34:45"><abbr title="2015-08-25T06:34:45+00:00">06:34:45</abbr></a>] <span>* dwery (~dwery@nslu2-linux/dwery) has joined #beagle</span></li>
<li class="quit">[<a href="#T06:35:37" id="T06:35:37"><abbr title="2015-08-25T06:35:37+00:00">06:35:37</abbr></a>] <span>* manjo (~manjo@ubuntu/member/manjo) Quit (Ping timeout: 244 seconds)</span></li>
<li class="join">[<a href="#T06:35:54" id="T06:35:54"><abbr title="2015-08-25T06:35:54+00:00">06:35:54</abbr></a>] <span>* manjo (~manjo@2602:301:772c:4d30:1eba:8cff:fea8:6606) has joined #beagle</span></li>
<li class="join">[<abbr title="2015-08-25T06:35:54+00:00">06:35:54</abbr>] <span>* manjo (~manjo@2602:301:772c:4d30:1eba:8cff:fea8:6606) has joined #beaglebone</span></li>
<li class="quit">[<a href="#T06:36:02" id="T06:36:02"><abbr title="2015-08-25T06:36:02+00:00">06:36:02</abbr></a>] <span>* manjo (~manjo@2602:301:772c:4d30:1eba:8cff:fea8:6606) Quit (Changing host)</span></li>
<li class="join">[<a href="#T06:36:03" id="T06:36:03"><abbr title="2015-08-25T06:36:03+00:00">06:36:03</abbr></a>] <span>* manjo (~manjo@ubuntu/member/manjo) has joined #beaglebone</span></li>
<li class="join">[<abbr title="2015-08-25T06:36:03+00:00">06:36:03</abbr>] <span>* manjo (~manjo@ubuntu/member/manjo) has joined #beagle</span></li>
<li class="quit">[<a href="#T06:36:08" id="T06:36:08"><abbr title="2015-08-25T06:36:08+00:00">06:36:08</abbr></a>] <span>* xenoxaos (xenoxaos@2600:3c02::f03c:91ff:feae:2da1) Quit (Ping timeout: 246 seconds)</span></li>
<li class="quit">[<a href="#T06:42:41" id="T06:42:41"><abbr title="2015-08-25T06:42:41+00:00">06:42:41</abbr></a>] <span>* Vadtec (~Vadtec@unaffiliated/vadtec) Quit (Ping timeout: 250 seconds)</span></li>
<li class="join">[<a href="#T06:43:17" id="T06:43:17"><abbr title="2015-08-25T06:43:17+00:00">06:43:17</abbr></a>] <span>* citylight2 (~me@bzq-218-29-26.cablep.bezeqint.net) has joined #beagle</span></li>
<li class="join">[<a href="#T06:57:43" id="T06:57:43"><abbr title="2015-08-25T06:57:43+00:00">06:57:43</abbr></a>] <span>* ppisati (~ppisati@2-230-238-136.ip204.fastwebnet.it) has joined #beagle</span></li>
<li class="join">[<a href="#T06:59:19" id="T06:59:19"><abbr title="2015-08-25T06:59:19+00:00">06:59:19</abbr></a>] <span>* xenoxaos (xenoxaos@2600:3c02::f03c:91ff:feae:2da1) has joined #beagle</span></li>
<li class="join">[<a href="#T07:17:21" id="T07:17:21"><abbr title="2015-08-25T07:17:21+00:00">07:17:21</abbr></a>] <span>* koleto (~koleto@ip5f5ad55d.dynamic.kabel-deutschland.de) has joined #beagle</span></li>
<li class="quit">[<a href="#T07:20:08" id="T07:20:08"><abbr title="2015-08-25T07:20:08+00:00">07:20:08</abbr></a>] <span>* kiwichris (~kiwichris@msc1401703.lnk.telstra.net) Quit ()</span></li>
<li class="join">[<a href="#T07:22:00" id="T07:22:00"><abbr title="2015-08-25T07:22:00+00:00">07:22:00</abbr></a>] <span>* Mounicq1 (~Thunderbi@130.230.21.109.rev.sfr.net) has joined #beagle</span></li>
<li class="join">[<a href="#T07:23:56" id="T07:23:56"><abbr title="2015-08-25T07:23:56+00:00">07:23:56</abbr></a>] <span>* florian (~fuchs@Maemo/community/contributor/florian) has joined #beagle</span></li>
<li class="quit">[<a href="#T07:25:25" id="T07:25:25"><abbr title="2015-08-25T07:25:25+00:00">07:25:25</abbr></a>] <span>* NulL` (~bleh1@87.254.76.144) Quit (Ping timeout: 245 seconds)</span></li>
<li class="quit">[<a href="#T07:27:38" id="T07:27:38"><abbr title="2015-08-25T07:27:38+00:00">07:27:38</abbr></a>] <span>* vitprado (~Vitor@23.88.229.45) Quit (Ping timeout: 250 seconds)</span></li>
<li class="quit">[<a href="#T07:28:57" id="T07:28:57"><abbr title="2015-08-25T07:28:57+00:00">07:28:57</abbr></a>] <span>* peoliye (32a8165d@gateway/web/freenode/ip.50.168.22.93) Quit (Ping timeout: 246 seconds)</span></li>
<li class="join">[<a href="#T07:32:00" id="T07:32:00"><abbr title="2015-08-25T07:32:00+00:00">07:32:00</abbr></a>] <span>* kiwichris (~kiwichris@1.144.96.253) has joined #beagle</span></li>
<li class="quit">[<a href="#T07:37:27" id="T07:37:27"><abbr title="2015-08-25T07:37:27+00:00">07:37:27</abbr></a>] <span>* Ceriand|desktop (~Ceriand@unaffiliated/ceriand) Quit (Quit: Leaving.)</span></li>
<li class="join">[<a href="#T07:38:43" id="T07:38:43"><abbr title="2015-08-25T07:38:43+00:00">07:38:43</abbr></a>] <span>* vagrantc (~vagrant@unaffiliated/vagrantc) has joined #beagle</span></li>
<li class="quit">[<a href="#T07:50:38" id="T07:50:38"><abbr title="2015-08-25T07:50:38+00:00">07:50:38</abbr></a>] <span>* mrpackethead (~mrpacketh@147.200.109.203.static.cust.vf.net.nz) Quit (Remote host closed the connection)</span></li>
<li class="join">[<a href="#T07:51:14" id="T07:51:14"><abbr title="2015-08-25T07:51:14+00:00">07:51:14</abbr></a>] <span>* mrpackethead (~mrpacketh@147.200.109.203.static.cust.vf.net.nz) has joined #beagle</span></li>
<li class="join">[<a href="#T07:54:25" id="T07:54:25"><abbr title="2015-08-25T07:54:25+00:00">07:54:25</abbr></a>] <span>* fantomas1 (~fantomas@ip5f59acac.dynamic.kabel-deutschland.de) has joined #beagle</span></li>
<li class="quit">[<a href="#T07:56:05" id="T07:56:05"><abbr title="2015-08-25T07:56:05+00:00">07:56:05</abbr></a>] <span>* mrpackethead (~mrpacketh@147.200.109.203.static.cust.vf.net.nz) Quit (Ping timeout: 265 seconds)</span></li>
<li class="quit">[<a href="#T08:01:08" id="T08:01:08"><abbr title="2015-08-25T08:01:08+00:00">08:01:08</abbr></a>] <span>* koleto (~koleto@ip5f5ad55d.dynamic.kabel-deutschland.de) Quit (Quit: koleto)</span></li>
<li class="join">[<a href="#T08:02:26" id="T08:02:26"><abbr title="2015-08-25T08:02:26+00:00">08:02:26</abbr></a>] <span>* mrpackethead2 (~mrpacketh@147.200.109.203.static.cust.vf.net.nz) has joined #beagle</span></li>
<li class="quit">[<a href="#T08:03:33" id="T08:03:33"><abbr title="2015-08-25T08:03:33+00:00">08:03:33</abbr></a>] <span>* kiwichris (~kiwichris@1.144.96.253) Quit ()</span></li>
<li class="message">[<a href="#T08:07:48" id="T08:07:48"><abbr title="2015-08-25T08:07:48+00:00">08:07:48</abbr></a>] &lt;<cite>Pac</cite>&gt; <q>Hi, i've some trouble with RCN script to build kernel (<a href="https://eewiki.net/display/linuxonarm/BeagleBone+Black),">https://eewiki.net/display/linuxonarm/BeagleBone+Black),</a> trying to modify the default config, i've run ./build_kernel.sh first to download src, then, as said in the README, i've : cd KERNEL/, make ARCH=arm CROSS_COMPILE=${CC} menuconfig, setup my config, save it to .config-custom, cd .., ./tools/rebuild.sh ... and then the script reopen menuconfig with a default setup, so I load my</q></li>
<li class="message">[<a href="#T08:08:00" id="T08:08:00"><abbr title="2015-08-25T08:08:00+00:00">08:08:00</abbr></a>] &lt;<cite>Pac</cite>&gt; <q>it build the kernel but seems to wipe my config</q></li>
<li class="message">[<a href="#T08:08:18" id="T08:08:18"><abbr title="2015-08-25T08:08:18+00:00">08:08:18</abbr></a>] &lt;<cite>Pac</cite>&gt; <q>what am I doing wrong ?</q></li>
<li class="join">[<a href="#T08:10:59" id="T08:10:59"><abbr title="2015-08-25T08:10:59+00:00">08:10:59</abbr></a>] <span>* koleto (~koleto@ip5f5ad55d.dynamic.kabel-deutschland.de) has joined #beagle</span></li>
<li class="join">[<a href="#T08:18:48" id="T08:18:48"><abbr title="2015-08-25T08:18:48+00:00">08:18:48</abbr></a>] <span>* c10ud (~c10ud@emesene/dictator/c10ud) has joined #beagle</span></li>
<li class="join">[<a href="#T08:21:44" id="T08:21:44"><abbr title="2015-08-25T08:21:44+00:00">08:21:44</abbr></a>] <span>* mrpackethead (~mrpacketh@147.200.109.203.static.cust.vf.net.nz) has joined #beagle</span></li>
<li class="quit">[<a href="#T08:26:10" id="T08:26:10"><abbr title="2015-08-25T08:26:10+00:00">08:26:10</abbr></a>] <span>* mrpackethead (~mrpacketh@147.200.109.203.static.cust.vf.net.nz) Quit (Ping timeout: 244 seconds)</span></li>
<li class="quit">[<a href="#T08:34:46" id="T08:34:46"><abbr title="2015-08-25T08:34:46+00:00">08:34:46</abbr></a>] <span>* nofxx (~nofxx@unaffiliated/nofxx) Quit (Ping timeout: 240 seconds)</span></li>
<li class="quit">[<a href="#T08:43:31" id="T08:43:31"><abbr title="2015-08-25T08:43:31+00:00">08:43:31</abbr></a>] <span>* vmayoral (~vmayoral@160.Red-83-36-249.dynamicIP.rima-tde.net) Quit (Remote host closed the connection)</span></li>
<li class="join">[<a href="#T08:44:55" id="T08:44:55"><abbr title="2015-08-25T08:44:55+00:00">08:44:55</abbr></a>] <span>* vmayoral (~vmayoral@160.Red-83-36-249.dynamicIP.rima-tde.net) has joined #beagle</span></li>
<li class="join">[<a href="#T08:51:58" id="T08:51:58"><abbr title="2015-08-25T08:51:58+00:00">08:51:58</abbr></a>] <span>* mrpackethead (~mrpacketh@147.200.109.203.static.cust.vf.net.nz) has joined #beagle</span></li>
<li class="quit">[<a href="#T08:52:12" id="T08:52:12"><abbr title="2015-08-25T08:52:12+00:00">08:52:12</abbr></a>] <span>* fantomas1 (~fantomas@ip5f59acac.dynamic.kabel-deutschland.de) Quit (Quit: leaving)</span></li>
<li class="quit">[<a href="#T08:58:09" id="T08:58:09"><abbr title="2015-08-25T08:58:09+00:00">08:58:09</abbr></a>] <span>* scrp3l (~scrp3l@xdevit.com) Quit (Quit: Leaving)</span></li>
