<li class="join">[<a href="#T00:00:41" id="T00:00:41"><abbr title="2015-05-04T00:00:41+00:00">00:00:41</abbr></a>] <span>* BeagleBot (~PircBot@ec2-50-17-196-130.compute-1.amazonaws.com) has joined #beagle</span></li>
<li class="topic">[<abbr title="2015-05-04T00:00:41+00:00">00:00:41</abbr>] <span>* Topic is '<a href="http://beagleboard.org/chat">http://beagleboard.org/chat</a> has a guide on how to ask questions and links to the logs | never ask to ask, just ask | be patient | pastebin a boot log | <a href="http://ahsoftware.de/Beaglebone_Black_Boot_explained.svg">http://ahsoftware.de/Beaglebone_Black_Boot_explained.svg</a> | <a href="http://beagleboard.org/latest-images">http://beagleboard.org/latest-images</a> | <a href="http://beagleboard.org/Support/bone101">http://beagleboard.org/Support/bone101</a> | direct bonescript/node.js questions to #beagle-bonescript | books: <a href="http://bit.ly/bbb-books'">http://bit.ly/bbb-books'</a></span></li>
<li class="topic">[<abbr title="2015-05-04T00:00:41+00:00">00:00:41</abbr>] <span>* Set by jkridner!~jkridner@pdpc/supporter/active/jkridner on Sun Mar 29 23:21:44 UTC 2015</span></li>
<li class="join">[<abbr title="2015-05-04T00:00:41+00:00">00:00:41</abbr>] <span>* BeagleBot (~PircBot@ec2-50-17-196-130.compute-1.amazonaws.com) has joined #beagleboard</span></li>
<li class="join">[<abbr title="2015-05-04T00:00:41+00:00">00:00:41</abbr>] <span>* BeagleBot (~PircBot@ec2-50-17-196-130.compute-1.amazonaws.com) has joined #beaglebone</span></li>
<li class="join">[<a href="#T00:02:32" id="T00:02:32"><abbr title="2015-05-04T00:02:32+00:00">00:02:32</abbr></a>] <span>* j12t (~j12t@c-107-3-142-14.hsd1.ca.comcast.net) has joined #beagle</span></li>
<li class="join">[<a href="#T00:17:16" id="T00:17:16"><abbr title="2015-05-04T00:17:16+00:00">00:17:16</abbr></a>] <span>* wolf91 (~wolf@89-79-135-101.dynamic.chello.pl) has joined #beagle</span></li>
<li class="join">[<a href="#T00:18:18" id="T00:18:18"><abbr title="2015-05-04T00:18:18+00:00">00:18:18</abbr></a>] <span>* kiwichris (~kiwichris@msc1401703.lnk.telstra.net) has joined #beagle</span></li>
<li class="quit">[<a href="#T00:20:22" id="T00:20:22"><abbr title="2015-05-04T00:20:22+00:00">00:20:22</abbr></a>] <span>* dwery (~dwery@nslu2-linux/dwery) Quit (Read error: Connection reset by peer)</span></li>
<li class="quit">[<a href="#T00:22:25" id="T00:22:25"><abbr title="2015-05-04T00:22:25+00:00">00:22:25</abbr></a>] <span>* emeb (~ericb@184-98-86-22.phnx.qwest.net) Quit (Quit: Leaving.)</span></li>
<li class="join">[<a href="#T00:22:33" id="T00:22:33"><abbr title="2015-05-04T00:22:33+00:00">00:22:33</abbr></a>] <span>* dwery (~dwery@nslu2-linux/dwery) has joined #beagle</span></li>
<li class="message">[<a href="#T00:25:56" id="T00:25:56"><abbr title="2015-05-04T00:25:56+00:00">00:25:56</abbr></a>] &lt;<cite>wolf91</cite>&gt; <q>hi all</q></li>
<li class="join">[<a href="#T00:35:52" id="T00:35:52"><abbr title="2015-05-04T00:35:52+00:00">00:35:52</abbr></a>] <span>* natsurou (~natsurou@190.43.119.47) has joined #beagle</span></li>
<li class="join">[<a href="#T00:37:47" id="T00:37:47"><abbr title="2015-05-04T00:37:47+00:00">00:37:47</abbr></a>] <span>* surlac (~surlac@c-24-130-56-75.hsd1.ca.comcast.net) has joined #beagle</span></li>
<li class="quit">[<a href="#T00:39:22" id="T00:39:22"><abbr title="2015-05-04T00:39:22+00:00">00:39:22</abbr></a>] <span>* drkfdr (~darkfader@2001:610:600:896d:601a:9b56:7ad0:3e5) Quit (Quit: drkfdr)</span></li>
<li class="message">[<a href="#T00:41:26" id="T00:41:26"><abbr title="2015-05-04T00:41:26+00:00">00:41:26</abbr></a>] &lt;<cite>yulius</cite>&gt; <q>Beagleboard-xm rev C, wouldn't mount /dev/mmcblk0p2 (ext4) at boot with kernel 4.0.1 and debian 8 as distro.</q></li>
<li class="message">[<a href="#T00:41:55" id="T00:41:55"><abbr title="2015-05-04T00:41:55+00:00">00:41:55</abbr></a>] &lt;<cite>yulius</cite>&gt; <q>I tried with the netinstall/mk_mmc.sh script,</q></li>
<li class="message">[<a href="#T00:41:58" id="T00:41:58"><abbr title="2015-05-04T00:41:58+00:00">00:41:58</abbr></a>] &lt;<cite>yulius</cite>&gt; <q>./setup_sdcard script,</q></li>
<li class="message">[<a href="#T00:42:00" id="T00:42:00"><abbr title="2015-05-04T00:42:00+00:00">00:42:00</abbr></a>] &lt;<cite>yulius</cite>&gt; <q>manually compiling the kernel,</q></li>
<li class="message">[<a href="#T00:42:02" id="T00:42:02"><abbr title="2015-05-04T00:42:02+00:00">00:42:02</abbr></a>] &lt;<cite>yulius</cite>&gt; <q>with  dd of a debian img for bb-xm</q></li>
<li class="message">[<a href="#T00:42:12" id="T00:42:12"><abbr title="2015-05-04T00:42:12+00:00">00:42:12</abbr></a>] &lt;<cite>yulius</cite>&gt; <q>this is the last kernel message:</q></li>
<li class="message">[<a href="#T00:42:15" id="T00:42:15"><abbr title="2015-05-04T00:42:15+00:00">00:42:15</abbr></a>] &lt;<cite>yulius</cite>&gt; <q>Gave up waiting for root device.  Common problems:</q></li>
<li class="message">[<a href="#T00:42:17" id="T00:42:17"><abbr title="2015-05-04T00:42:17+00:00">00:42:17</abbr></a>] &lt;<cite>yulius</cite>&gt; <q> - Boot args (cat /proc/cmdline)</q></li>
<li class="message">[<a href="#T00:42:19" id="T00:42:19"><abbr title="2015-05-04T00:42:19+00:00">00:42:19</abbr></a>] &lt;<cite>yulius</cite>&gt; <q>   - Check rootdelay= (did the system wait long enough?)</q></li>
<li class="message">[<a href="#T00:42:21" id="T00:42:21"><abbr title="2015-05-04T00:42:21+00:00">00:42:21</abbr></a>] &lt;<cite>yulius</cite>&gt; <q>   - Check root= (did the system wait for the right device?)</q></li>
<li class="message">[<a href="#T00:42:23" id="T00:42:23"><abbr title="2015-05-04T00:42:23+00:00">00:42:23</abbr></a>] &lt;<cite>yulius</cite>&gt; <q> - Missing modules (cat /proc/modules; ls /dev)</q></li>
<li class="message">[<a href="#T00:42:25" id="T00:42:25"><abbr title="2015-05-04T00:42:25+00:00">00:42:25</abbr></a>] &lt;<cite>yulius</cite>&gt; <q>ALERT!  /dev/mmcblk0p2 does not exist.  Dropping to a shell!</q></li>
<li class="message">[<a href="#T00:42:27" id="T00:42:27"><abbr title="2015-05-04T00:42:27+00:00">00:42:27</abbr></a>] &lt;<cite>yulius</cite>&gt; <q>(initramfs)</q></li>
<li class="message">[<a href="#T00:42:41" id="T00:42:41"><abbr title="2015-05-04T00:42:41+00:00">00:42:41</abbr></a>] &lt;<cite>yulius</cite>&gt; <q>I appreciate if someone have an idea of what could causing this.</q></li>
<li class="quit">[<a href="#T00:43:05" id="T00:43:05"><abbr title="2015-05-04T00:43:05+00:00">00:43:05</abbr></a>] <span>* Shadyman (~matthew@unaffiliated/shadyman) Quit (Quit: Leaving.)</span></li>
<li class="quit">[<a href="#T00:45:17" id="T00:45:17"><abbr title="2015-05-04T00:45:17+00:00">00:45:17</abbr></a>] <span>* ohama (ohama@cicolina.org) Quit (Ping timeout: 244 seconds)</span></li>
<li class="join">[<a href="#T00:46:44" id="T00:46:44"><abbr title="2015-05-04T00:46:44+00:00">00:46:44</abbr></a>] <span>* ohama (~ohama@cicolina.org) has joined #beaglebone</span></li>
<li class="join">[<a href="#T00:48:13" id="T00:48:13"><abbr title="2015-05-04T00:48:13+00:00">00:48:13</abbr></a>] <span>* dj_pi (~dj@c-107-5-228-80.hsd1.mi.comcast.net) has joined #beagle</span></li>
<li class="quit">[<abbr title="2015-05-04T00:48:13+00:00">00:48:13</abbr>] <span>* dj_pi (~dj@c-107-5-228-80.hsd1.mi.comcast.net) Quit (Client Quit)</span></li>
<li class="quit">[<a href="#T00:51:53" id="T00:51:53"><abbr title="2015-05-04T00:51:53+00:00">00:51:53</abbr></a>] <span>* nighty^ (~nighty@hokuriku.rural-networks.com) Quit (Quit: Disappears in a puff of smoke)</span></li>
<li class="quit">[<a href="#T00:57:24" id="T00:57:24"><abbr title="2015-05-04T00:57:24+00:00">00:57:24</abbr></a>] <span>* behanw (~behanw@2001:470:b26c:0:b4f3:6b9e:e734:bc97) Quit (Ping timeout: 256 seconds)</span></li>
