<li class="join">[<a href="#T00:00:31" id="T00:00:31"><abbr title="2015-04-25T00:00:31+00:00">00:00:31</abbr></a>] <span>* BeagleBot (~PircBot@ec2-50-17-196-130.compute-1.amazonaws.com) has joined #beagle</span></li>
<li class="topic">[<abbr title="2015-04-25T00:00:31+00:00">00:00:31</abbr>] <span>* Topic is '<a href="http://beagleboard.org/chat">http://beagleboard.org/chat</a> has a guide on how to ask questions and links to the logs | never ask to ask, just ask | be patient | pastebin a boot log | <a href="http://ahsoftware.de/Beaglebone_Black_Boot_explained.svg">http://ahsoftware.de/Beaglebone_Black_Boot_explained.svg</a> | <a href="http://beagleboard.org/latest-images">http://beagleboard.org/latest-images</a> | <a href="http://beagleboard.org/Support/bone101">http://beagleboard.org/Support/bone101</a> | direct bonescript/node.js questions to #beagle-bonescript | books: <a href="http://bit.ly/bbb-books'">http://bit.ly/bbb-books'</a></span></li>
<li class="topic">[<abbr title="2015-04-25T00:00:31+00:00">00:00:31</abbr>] <span>* Set by jkridner!~jkridner@pdpc/supporter/active/jkridner on Sun Mar 29 23:21:44 UTC 2015</span></li>
<li class="join">[<abbr title="2015-04-25T00:00:31+00:00">00:00:31</abbr>] <span>* BeagleBot (~PircBot@ec2-50-17-196-130.compute-1.amazonaws.com) has joined #beagleboard</span></li>
<li class="join">[<abbr title="2015-04-25T00:00:31+00:00">00:00:31</abbr>] <span>* BeagleBot (~PircBot@ec2-50-17-196-130.compute-1.amazonaws.com) has joined #beaglebone</span></li>
<li class="quit">[<a href="#T00:02:27" id="T00:02:27"><abbr title="2015-04-25T00:02:27+00:00">00:02:27</abbr></a>] <span>* Guest62077 (~Sleepnbum@pool-98-112-62-126.lsanca.fios.verizon.net) Quit (Ping timeout: 276 seconds)</span></li>
<li class="join">[<a href="#T00:08:25" id="T00:08:25"><abbr title="2015-04-25T00:08:25+00:00">00:08:25</abbr></a>] <span>* emeb1 (~ericb@ip68-2-62-200.ph.ph.cox.net) has joined #beagle</span></li>
<li class="quit">[<a href="#T00:11:13" id="T00:11:13"><abbr title="2015-04-25T00:11:13+00:00">00:11:13</abbr></a>] <span>* emeb (~ericb@ip68-2-66-246.ph.ph.cox.net) Quit (Ping timeout: 264 seconds)</span></li>
<li class="join">[<a href="#T00:11:26" id="T00:11:26"><abbr title="2015-04-25T00:11:26+00:00">00:11:26</abbr></a>] <span>* Guest62077 (~Sleepnbum@pool-108-0-134-30.lsanca.fios.verizon.net) has joined #beaglebone</span></li>
<li class="join">[<abbr title="2015-04-25T00:11:26+00:00">00:11:26</abbr>] <span>* Guest62077 (~Sleepnbum@pool-108-0-134-30.lsanca.fios.verizon.net) has joined #beagle</span></li>
<li class="quit">[<a href="#T00:19:12" id="T00:19:12"><abbr title="2015-04-25T00:19:12+00:00">00:19:12</abbr></a>] <span>* Guest62077 (~Sleepnbum@pool-108-0-134-30.lsanca.fios.verizon.net) Quit ()</span></li>
<li class="nick-change">[<a href="#T00:20:51" id="T00:20:51"><abbr title="2015-04-25T00:20:51+00:00">00:20:51</abbr></a>] <span>* emeb1 is now known as emeb</span></li>
<li class="quit">[<a href="#T00:21:21" id="T00:21:21"><abbr title="2015-04-25T00:21:21+00:00">00:21:21</abbr></a>] <span>* emeb (~ericb@ip68-2-62-200.ph.ph.cox.net) Quit (Quit: Leaving.)</span></li>
<li class="join">[<a href="#T00:23:21" id="T00:23:21"><abbr title="2015-04-25T00:23:21+00:00">00:23:21</abbr></a>] <span>* emeb (~ericb@ip68-2-62-200.ph.ph.cox.net) has joined #beagle</span></li>
<li class="join">[<a href="#T00:23:48" id="T00:23:48"><abbr title="2015-04-25T00:23:48+00:00">00:23:48</abbr></a>] <span>* andrew__ (6cf3e822@gateway/web/freenode/ip.108.243.232.34) has joined #beagle</span></li>
<li class="message">[<a href="#T00:24:15" id="T00:24:15"><abbr title="2015-04-25T00:24:15+00:00">00:24:15</abbr></a>] &lt;<cite>andrew__</cite>&gt; <q>hey i have a questions</q></li>
<li class="message">[<a href="#T00:24:56" id="T00:24:56"><abbr title="2015-04-25T00:24:56+00:00">00:24:56</abbr></a>] &lt;<cite>andrew__</cite>&gt; <q>is there in projects using the beagle bone black for ham radio</q></li>
<li class="message">[<a href="#T00:25:42" id="T00:25:42"><abbr title="2015-04-25T00:25:42+00:00">00:25:42</abbr></a>] &lt;<cite>GenTooMan</cite>&gt; <q>Hmmm you can use GNU radio with it their were a few projects that used it for tuning in FM stations using the RTL282</q></li>
<li class="quit">[<a href="#T00:26:04" id="T00:26:04"><abbr title="2015-04-25T00:26:04+00:00">00:26:04</abbr></a>] <span>* Abhishek_ (uid26899@gateway/web/irccloud.com/x-fscfglbuncmtvgmi) Quit (Quit: Connection closed for inactivity)</span></li>
<li class="quit">[<a href="#T00:26:08" id="T00:26:08"><abbr title="2015-04-25T00:26:08+00:00">00:26:08</abbr></a>] <span>* Guest77 (~textual@host86-184-120-107.range86-184.btcentralplus.com) Quit (Quit: My Mac has gone to sleep. ZZZzzz…)</span></li>
<li class="join">[<a href="#T00:26:31" id="T00:26:31"><abbr title="2015-04-25T00:26:31+00:00">00:26:31</abbr></a>] <span>* Guest77 (~textual@host86-184-120-107.range86-184.btcentralplus.com) has joined #beagle</span></li>
<li class="join">[<a href="#T00:27:10" id="T00:27:10"><abbr title="2015-04-25T00:27:10+00:00">00:27:10</abbr></a>] <span>* somazero (~steve@ip72-198-83-168.ok.ok.cox.net) has joined #beagle</span></li>
<li class="message">[<a href="#T00:27:15" id="T00:27:15"><abbr title="2015-04-25T00:27:15+00:00">00:27:15</abbr></a>] &lt;<cite>andrew__</cite>&gt; <q>i have the newer dongle the something u</q></li>
<li class="message">[<a href="#T00:27:56" id="T00:27:56"><abbr title="2015-04-25T00:27:56+00:00">00:27:56</abbr></a>] &lt;<cite>andrew__</cite>&gt; <q>and i am new to the linux and the whole snu radio</q></li>
<li class="message">[<a href="#T00:28:03" id="T00:28:03"><abbr title="2015-04-25T00:28:03+00:00">00:28:03</abbr></a>] &lt;<cite>andrew__</cite>&gt; <q>gnu</q></li>
<li class="message">[<a href="#T00:28:44" id="T00:28:44"><abbr title="2015-04-25T00:28:44+00:00">00:28:44</abbr></a>] &lt;<cite>GenTooMan</cite>&gt; <q><a href="http://gnuradio.org/redmine/projects/gnuradio">http://gnuradio.org/redmine/projects/gnuradio</a> &lt;-- and #gnuradio (freenode)</q></li>
<li class="message">[<a href="#T00:29:16" id="T00:29:16"><abbr title="2015-04-25T00:29:16+00:00">00:29:16</abbr></a>] &lt;<cite>GenTooMan</cite>&gt; <q>are you running windows at the moment?</q></li>
<li class="join">[<a href="#T00:29:55" id="T00:29:55"><abbr title="2015-04-25T00:29:55+00:00">00:29:55</abbr></a>] <span>* Starduster_ (~guest@unaffiliated/starduster) has joined #beagle</span></li>
<li class="message">[<a href="#T00:30:00" id="T00:30:00"><abbr title="2015-04-25T00:30:00+00:00">00:30:00</abbr></a>] &lt;<cite>andrew__</cite>&gt; <q>no I swich from windoes 7 to ubuntu 15</q></li>
<li class="join">[<a href="#T00:30:03" id="T00:30:03"><abbr title="2015-04-25T00:30:03+00:00">00:30:03</abbr></a>] <span>* Ceriand|desktop (~Ceriand@unaffiliated/ceriand) has joined #beagle</span></li>
<li class="message">[<a href="#T00:30:37" id="T00:30:37"><abbr title="2015-04-25T00:30:37+00:00">00:30:37</abbr></a>] &lt;<cite>andrew__</cite>&gt; <q>GenTooMan: no i use ubuntu</q></li>
<li class="quit">[<a href="#T00:31:32" id="T00:31:32"><abbr title="2015-04-25T00:31:32+00:00">00:31:32</abbr></a>] <span>* drkfdr_nl (~darkfader@ip3e8346be.speed.planet.nl) Quit (Quit: Read error: Connection reset by peer)</span></li>
<li class="message">[<a href="#T00:32:26" id="T00:32:26"><abbr title="2015-04-25T00:32:26+00:00">00:32:26</abbr></a>] &lt;<cite>GenTooMan</cite>&gt; <q>hmmm you may wish to look at gnu radio ... ubuntu is "convienent" in any case you may wish to look at Gradio site for more information I'm building it on my gentoo system at the moment.</q></li>
<li class="quit">[<a href="#T00:32:56" id="T00:32:56"><abbr title="2015-04-25T00:32:56+00:00">00:32:56</abbr></a>] <span>* Starduster (~guest@unaffiliated/starduster) Quit (Ping timeout: 240 seconds)</span></li>
<li class="message">[<a href="#T00:33:13" id="T00:33:13"><abbr title="2015-04-25T00:33:13+00:00">00:33:13</abbr></a>] &lt;<cite>andrew__</cite>&gt; <q>GenTooMan: i newbie when it come to linux</q></li>
<li class="message">[<a href="#T00:34:11" id="T00:34:11"><abbr title="2015-04-25T00:34:11+00:00">00:34:11</abbr></a>] &lt;<cite>andrew__</cite>&gt; <q>i am trying to get the a linux sdr softwear were i dont have to build it befor i can use it</q></li>
<li class="message">[<a href="#T00:34:53" id="T00:34:53"><abbr title="2015-04-25T00:34:53+00:00">00:34:53</abbr></a>] &lt;<cite>andrew__</cite>&gt; <q>and plus i dont think that my ant on my dongl is worth any thing</q></li>
<li class="message">[<a href="#T00:36:04" id="T00:36:04"><abbr title="2015-04-25T00:36:04+00:00">00:36:04</abbr></a>] &lt;<cite>GenTooMan</cite>&gt; <q><a href="http://gnuradio.org/redmine/projects/gnuradio/wiki/InstallingGR">http://gnuradio.org/redmine/projects/gnuradio/wiki/InstallingGR</a></q></li>
<li class="message">[<a href="#T00:36:19" id="T00:36:19"><abbr title="2015-04-25T00:36:19+00:00">00:36:19</abbr></a>] &lt;<cite>GenTooMan</cite>&gt; <q>It's nice to have something work with what cha got.</q></li>
<li class="join">[<a href="#T00:37:29" id="T00:37:29"><abbr title="2015-04-25T00:37:29+00:00">00:37:29</abbr></a>] <span>* zer0x (~zer0x@90.221.42.199) has joined #beagle</span></li>
<li class="message">[<a href="#T00:39:26" id="T00:39:26"><abbr title="2015-04-25T00:39:26+00:00">00:39:26</abbr></a>] &lt;<cite>GenTooMan</cite>&gt; <q>however that's linux this is Beagle board chat. So specifically if you want to use the beagle board for radio type stuff you will find very little that won't require you to compile something.</q></li>
<li class="quit">[<a href="#T00:39:50" id="T00:39:50"><abbr title="2015-04-25T00:39:50+00:00">00:39:50</abbr></a>] <span>* j12t (~j12t@c-107-3-142-14.hsd1.ca.comcast.net) Quit (Remote host closed the connection)</span></li>
<li class="join">[<a href="#T00:40:25" id="T00:40:25"><abbr title="2015-04-25T00:40:25+00:00">00:40:25</abbr></a>] <span>* j12t (~j12t@c-107-3-142-14.hsd1.ca.comcast.net) has joined #beagle</span></li>
<li class="message">[<a href="#T00:42:41" id="T00:42:41"><abbr title="2015-04-25T00:42:41+00:00">00:42:41</abbr></a>] &lt;<cite>andrew__</cite>&gt; <q>is there a list of online projects that i can use the beagle bone that i can look at</q></li>
<li class="quit">[<a href="#T00:44:37" id="T00:44:37"><abbr title="2015-04-25T00:44:37+00:00">00:44:37</abbr></a>] <span>* j12t (~j12t@c-107-3-142-14.hsd1.ca.comcast.net) Quit (Ping timeout: 248 seconds)</span></li>
<li class="join">[<a href="#T00:47:28" id="T00:47:28"><abbr title="2015-04-25T00:47:28+00:00">00:47:28</abbr></a>] <span>* malikai (~alex@pool-173-65-205-129.tampfl.fios.verizon.net) has joined #beagle</span></li>
<li class="message">[<a href="#T00:47:42" id="T00:47:42"><abbr title="2015-04-25T00:47:42+00:00">00:47:42</abbr></a>] &lt;<cite>GenTooMan</cite>&gt; <q><a href="http://beagleboard.org/black">http://beagleboard.org/black</a> and <a href="http://beagleboard.org/project">http://beagleboard.org/project</a> and <a href="http://elinux.org/Beagleboard:BeagleBoneBlack">http://elinux.org/Beagleboard:BeagleBoneBlack</a> for hardware details</q></li>
<li class="message">[<a href="#T00:48:31" id="T00:48:31"><abbr title="2015-04-25T00:48:31+00:00">00:48:31</abbr></a>] &lt;<cite>GenTooMan</cite>&gt; <q>their are a few books and the people in here are quite helpful if you have a difficult question. Each 'cape' has an EEPROM that contains resource allocation information in it, if you plan to DIY a cape</q></li>
<li class="message">[<a href="#T00:49:01" id="T00:49:01"><abbr title="2015-04-25T00:49:01+00:00">00:49:01</abbr></a>] &lt;<cite>malikai</cite>&gt; <q>hi guys i have a question. I am trying to hook up two spi devices to my beaglebone black. do i need to share the miso and mosi sclk for the two devices or should i connect the second device to the other spi device connection?</q></li>
<li class="quit">[<a href="#T00:49:07" id="T00:49:07"><abbr title="2015-04-25T00:49:07+00:00">00:49:07</abbr></a>] <span>* Guest77 (~textual@host86-184-120-107.range86-184.btcentralplus.com) Quit (Quit: Textual IRC Client: www.textualapp.com)</span></li>
<li class="message">[<a href="#T00:50:22" id="T00:50:22"><abbr title="2015-04-25T00:50:22+00:00">00:50:22</abbr></a>] &lt;<cite>GenTooMan</cite>&gt; <q>do the devices have ~SS or ~CS inputs? you should use an IO pin or 2 to switch between devices. Most SPI devices use a chip select signal to enable communicating with it.</q></li>
<li class="message">[<a href="#T00:51:55" id="T00:51:55"><abbr title="2015-04-25T00:51:55+00:00">00:51:55</abbr></a>] &lt;<cite>andrew__</cite>&gt; <q>GenTooMan: i just wanted to know what other projects other people has done</q></li>
<li class="message">[<a href="#T00:52:49" id="T00:52:49"><abbr title="2015-04-25T00:52:49+00:00">00:52:49</abbr></a>] &lt;<cite>malikai</cite>&gt; <q>GenTooMan, this is my problem i have soldered up a mpu9250 and a ms5611 to a protocape and it seems that the ms5611 is detected but gives bad crc through ardupilot. the mpu9250 is not detected. <a href="https://github.com/mirkix/BBBMINI/blob/master/doc/hardware/hardware.md">https://github.com/mirkix/BBBMINI/blob/master/doc/hardware/hardware.md</a></q></li>
<li class="message">[<a href="#T00:53:04" id="T00:53:04"><abbr title="2015-04-25T00:53:04+00:00">00:53:04</abbr></a>] &lt;<cite>malikai</cite>&gt; <q>is there pin mapping correct for connecting the two devices?</q></li>
<li class="quit">[<a href="#T00:59:03" id="T00:59:03"><abbr title="2015-04-25T00:59:03+00:00">00:59:03</abbr></a>] <span>* andrew__ (6cf3e822@gateway/web/freenode/ip.108.243.232.34) Quit (Quit: Page closed)</span></li>
<li class="quit">[<a href="#T00:59:36" id="T00:59:36"><abbr title="2015-04-25T00:59:36+00:00">00:59:36</abbr></a>] <span>* shubhangi (uid69276@gateway/web/irccloud.com/x-hilctsrfefppiidm) Quit (Quit: Connection closed for inactivity)</span></li>
<li class="message">[<a href="#T01:00:16" id="T01:00:16"><abbr title="2015-04-25T01:00:16+00:00">01:00:16</abbr></a>] &lt;<cite>GenTooMan</cite>&gt; <q>malikai: You may need to do some reading I haven't done it myself as yet.</q></li>
<li class="message">[<a href="#T01:00:43" id="T01:00:43"><abbr title="2015-04-25T01:00:43+00:00">01:00:43</abbr></a>] &lt;<cite>GenTooMan</cite>&gt; <q>andrew__: well look at  <a href="http://beagleboard.org/project">http://beagleboard.org/project</a> the second one in the list I gave</q></li>
<li class="message">[<a href="#T01:08:02" id="T01:08:02"><abbr title="2015-04-25T01:08:02+00:00">01:08:02</abbr></a>] &lt;<cite>GenTooMan</cite>&gt; <q>malikai: I'm not familiar with the hardware on the said devices unfortunately. Nor do I know what could go wrong with them.</q></li>
<li class="message">[<a href="#T01:11:22" id="T01:11:22"><abbr title="2015-04-25T01:11:22+00:00">01:11:22</abbr></a>] &lt;<cite>malikai</cite>&gt; <q>I just wasnt sure how to go about using the two devices together. I figured I should be able to use multiple devices on the same serial bus, they are using different chip selects on the same serial bus</q></li>
<li class="join">[<a href="#T01:11:45" id="T01:11:45"><abbr title="2015-04-25T01:11:45+00:00">01:11:45</abbr></a>] <span>* jsnyder (~jsnyder@67-220-22-12.fttp.usinternet.com) has joined #beagle</span></li>
<li class="join">[<a href="#T01:13:50" id="T01:13:50"><abbr title="2015-04-25T01:13:50+00:00">01:13:50</abbr></a>] <span>* bwarff (~bwarff@58-7-84-110.dyn.iinet.net.au) has joined #beagle</span></li>
<li class="message">[<a href="#T01:19:01" id="T01:19:01"><abbr title="2015-04-25T01:19:01+00:00">01:19:01</abbr></a>] &lt;<cite>GenTooMan</cite>&gt; <q>I would suggest testing each individually and not worry about both first. Also be sure you are using the port correctly as their are 4 modes to use the SPI bus</q></li>
<li class="join">[<a href="#T01:21:03" id="T01:21:03"><abbr title="2015-04-25T01:21:03+00:00">01:21:03</abbr></a>] <span>* bosko (1824d639@gateway/web/freenode/ip.24.36.214.57) has joined #beagle</span></li>
<li class="message">[<a href="#T01:21:24" id="T01:21:24"><abbr title="2015-04-25T01:21:24+00:00">01:21:24</abbr></a>] &lt;<cite>bosko</cite>&gt; <q>hi all.  hoping to get some tips with flashing my BBB.  I keep getting</q></li>
<li class="message">[<a href="#T01:21:41" id="T01:21:41"><abbr title="2015-04-25T01:21:41+00:00">01:21:41</abbr></a>] &lt;<cite>bosko</cite>&gt; <q>hung up</q></li>
<li class="quit">[<a href="#T01:26:06" id="T01:26:06"><abbr title="2015-04-25T01:26:06+00:00">01:26:06</abbr></a>] <span>* thurgood_ (~thurgood@99-130-100-229.lightspeed.snantx.sbcglobal.net) Quit (Remote host closed the connection)</span></li>
<li class="message">[<a href="#T01:27:37" id="T01:27:37"><abbr title="2015-04-25T01:27:37+00:00">01:27:37</abbr></a>] &lt;<cite>GenTooMan</cite>&gt; <q>perhaps someone can help ... imperfect ordinary here.</q></li>
<li class="message">[<a href="#T01:29:54" id="T01:29:54"><abbr title="2015-04-25T01:29:54+00:00">01:29:54</abbr></a>] &lt;<cite>malikai</cite>&gt; <q>GenTooMan, thanks for the help</q></li>
<li class="message">[<a href="#T01:31:44" id="T01:31:44"><abbr title="2015-04-25T01:31:44+00:00">01:31:44</abbr></a>] &lt;<cite>GenTooMan</cite>&gt; <q>malikai: wished I could be more helpful too be honest</q></li>
<li class="quit">[<a href="#T01:55:07" id="T01:55:07"><abbr title="2015-04-25T01:55:07+00:00">01:55:07</abbr></a>] <span>* emeb (~ericb@ip68-2-62-200.ph.ph.cox.net) Quit (Quit: Leaving.)</span></li>
<li class="quit">[<a href="#T01:58:13" id="T01:58:13"><abbr title="2015-04-25T01:58:13+00:00">01:58:13</abbr></a>] <span>* zer0x (~zer0x@90.221.42.199) Quit (Ping timeout: 248 seconds)</span></li>
<li class="quit">[<a href="#T02:01:01" id="T02:01:01"><abbr title="2015-04-25T02:01:01+00:00">02:01:01</abbr></a>] <span>* Humpelst1lzchen (erik@f050165122.adsl.alicedsl.de) Quit (Ping timeout: 264 seconds)</span></li>
<li class="join">[<a href="#T02:03:55" id="T02:03:55"><abbr title="2015-04-25T02:03:55+00:00">02:03:55</abbr></a>] <span>* Humpelstilzchen (~Defiant@f054104052.adsl.alicedsl.de) has joined #beagle</span></li>
<li class="join">[<a href="#T02:07:13" id="T02:07:13"><abbr title="2015-04-25T02:07:13+00:00">02:07:13</abbr></a>] <span>* k4pml (~lockerp@h64.176.88.75.dynamic.ip.windstream.net) has joined #beagle</span></li>
<li class="quit">[<a href="#T02:07:16" id="T02:07:16"><abbr title="2015-04-25T02:07:16+00:00">02:07:16</abbr></a>] <span>* bosko (1824d639@gateway/web/freenode/ip.24.36.214.57) Quit (Quit: Page closed)</span></li>
<li class="join">[<a href="#T02:07:46" id="T02:07:46"><abbr title="2015-04-25T02:07:46+00:00">02:07:46</abbr></a>] <span>* bosko (1824d639@gateway/web/freenode/ip.24.36.214.57) has joined #beagle</span></li>
<li class="message">[<a href="#T02:08:06" id="T02:08:06"><abbr title="2015-04-25T02:08:06+00:00">02:08:06</abbr></a>] &lt;<cite>bosko</cite>&gt; <q>what's the easiest way to figure out which rev of BBB I have?</q></li>
<li class="message">[<a href="#T02:14:31" id="T02:14:31"><abbr title="2015-04-25T02:14:31+00:00">02:14:31</abbr></a>] &lt;<cite>veremit</cite>&gt; <q>bosko .. look at the label on the edge of the p8/9 connector :p</q></li>
<li class="message">[<a href="#T02:17:23" id="T02:17:23"><abbr title="2015-04-25T02:17:23+00:00">02:17:23</abbr></a>] &lt;<cite>bosko</cite>&gt; <q>ok  says XA^002043</q></li>
<li class="message">[<a href="#T02:17:37" id="T02:17:37"><abbr title="2015-04-25T02:17:37+00:00">02:17:37</abbr></a>] &lt;<cite>bosko</cite>&gt; <q>xa6002043</q></li>
<li class="message">[<a href="#T02:17:57" id="T02:17:57"><abbr title="2015-04-25T02:17:57+00:00">02:17:57</abbr></a>] &lt;<cite>veremit</cite>&gt; <q>or at least I thought they printed it there ...</q></li>
<li class="message">[<a href="#T02:18:01" id="T02:18:01"><abbr title="2015-04-25T02:18:01+00:00">02:18:01</abbr></a>] &lt;<cite>bosko</cite>&gt; <q>does that mean A6</q></li>
<li class="message">[<a href="#T02:18:13" id="T02:18:13"><abbr title="2015-04-25T02:18:13+00:00">02:18:13</abbr></a>] &lt;<cite>bosko</cite>&gt; <q>I read it was supposed to be there too</q></li>
<li class="message">[<a href="#T02:18:22" id="T02:18:22"><abbr title="2015-04-25T02:18:22+00:00">02:18:22</abbr></a>] &lt;<cite>bosko</cite>&gt; <q>I have a white sticker label on there</q></li>
<li class="message">[<a href="#T02:18:27" id="T02:18:27"><abbr title="2015-04-25T02:18:27+00:00">02:18:27</abbr></a>] &lt;<cite>bosko</cite>&gt; <q>but that's what it says</q></li>
<li class="message">[<a href="#T02:19:19" id="T02:19:19"><abbr title="2015-04-25T02:19:19+00:00">02:19:19</abbr></a>] &lt;<cite>bosko</cite>&gt; <q>the trouble I'm having is flashing emmc from microsd</q></li>
<li class="message">[<a href="#T02:19:23" id="T02:19:23"><abbr title="2015-04-25T02:19:23+00:00">02:19:23</abbr></a>] &lt;<cite>bosko</cite>&gt; <q>it keeps hanging</q></li>
<li class="message">[<a href="#T02:21:15" id="T02:21:15"><abbr title="2015-04-25T02:21:15+00:00">02:21:15</abbr></a>] &lt;<cite>bosko</cite>&gt; <q>i've tried the 2gb and 4gb debian flasher images to no avail</q></li>
<li class="message">[<a href="#T02:21:35" id="T02:21:35"><abbr title="2015-04-25T02:21:35+00:00">02:21:35</abbr></a>] &lt;<cite>bosko</cite>&gt; <q>it does the wave LED thing and then eventually just stops and only user led 3 is on</q></li>
<li class="message">[<a href="#T02:23:56" id="T02:23:56"><abbr title="2015-04-25T02:23:56+00:00">02:23:56</abbr></a>] &lt;<cite>bosko</cite>&gt; <q>does the REV of the BBB matter when choosing which image to put on?</q></li>
<li class="join">[<a href="#T02:33:00" id="T02:33:00"><abbr title="2015-04-25T02:33:00+00:00">02:33:00</abbr></a>] <span>* thurgood (~thurgood@99-130-100-229.lightspeed.snantx.sbcglobal.net) has joined #beagle</span></li>
<li class="message">[<a href="#T02:34:49" id="T02:34:49"><abbr title="2015-04-25T02:34:49+00:00">02:34:49</abbr></a>] &lt;<cite>veremit</cite>&gt; <q>bosko .. you'll probably need a serial debug cable to see what's going on "behind the scenes"</q></li>
<li class="message">[<a href="#T02:35:22" id="T02:35:22"><abbr title="2015-04-25T02:35:22+00:00">02:35:22</abbr></a>] &lt;<cite>veremit</cite>&gt; <q>in answer to your questin .. as long as the size of the emmc matches the image .. no, it shouldn't.</q></li>
<li class="message">[<a href="#T02:35:38" id="T02:35:38"><abbr title="2015-04-25T02:35:38+00:00">02:35:38</abbr></a>] &lt;<cite>veremit</cite>&gt; <q>have you tried a couple of different uSD cards?</q></li>
<li class="message">[<a href="#T02:36:06" id="T02:36:06"><abbr title="2015-04-25T02:36:06+00:00">02:36:06</abbr></a>] &lt;<cite>veremit</cite>&gt; <q>sometimes you get a bad one .. or the image doesn't write properly</q></li>
<li class="quit">[<a href="#T02:37:18" id="T02:37:18"><abbr title="2015-04-25T02:37:18+00:00">02:37:18</abbr></a>] <span>* LordWillO (~LordWillO@unaffiliated/lordwillo) Quit (Read error: Connection reset by peer)</span></li>
<li class="message">[<a href="#T02:40:40" id="T02:40:40"><abbr title="2015-04-25T02:40:40+00:00">02:40:40</abbr></a>] &lt;<cite>bosko</cite>&gt; <q>i did it with serial cable</q></li>
<li class="message">[<a href="#T02:40:53" id="T02:40:53"><abbr title="2015-04-25T02:40:53+00:00">02:40:53</abbr></a>] &lt;<cite>bosko</cite>&gt; <q>didn't try a different card</q></li>
<li class="quit">[<a href="#T03:03:52" id="T03:03:52"><abbr title="2015-04-25T03:03:52+00:00">03:03:52</abbr></a>] <span>* m0t0ro (~m@unaffiliated/m0t0ro) Quit ()</span></li>
<li class="join">[<a href="#T03:07:27" id="T03:07:27"><abbr title="2015-04-25T03:07:27+00:00">03:07:27</abbr></a>] <span>* kevinrjohnson (4b43c7d8@gateway/web/freenode/ip.75.67.199.216) has joined #beagle</span></li>
<li class="join">[<a href="#T03:10:04" id="T03:10:04"><abbr title="2015-04-25T03:10:04+00:00">03:10:04</abbr></a>] <span>* djerome (~djerome@ip24-251-115-14.ph.ph.cox.net) has joined #beaglebone</span></li>
<li class="quit">[<a href="#T03:17:07" id="T03:17:07"><abbr title="2015-04-25T03:17:07+00:00">03:17:07</abbr></a>] <span>* jsnyder (~jsnyder@67-220-22-12.fttp.usinternet.com) Quit (Quit: counting electric sheep)</span></li>
<li class="quit">[<a href="#T03:23:13" id="T03:23:13"><abbr title="2015-04-25T03:23:13+00:00">03:23:13</abbr></a>] <span>* j0rd (~j0rd_@unaffiliated/j0rd-/x-9112651) Quit (Ping timeout: 272 seconds)</span></li>
<li class="join">[<a href="#T03:36:50" id="T03:36:50"><abbr title="2015-04-25T03:36:50+00:00">03:36:50</abbr></a>] <span>* j0rd (~j0rd_@unaffiliated/j0rd-/x-9112651) has joined #beagle</span></li>
<li class="join">[<a href="#T03:55:48" id="T03:55:48"><abbr title="2015-04-25T03:55:48+00:00">03:55:48</abbr></a>] <span>* j12t (~j12t@c-107-3-142-14.hsd1.ca.comcast.net) has joined #beagle</span></li>
<li class="quit">[<a href="#T04:00:03" id="T04:00:03"><abbr title="2015-04-25T04:00:03+00:00">04:00:03</abbr></a>] <span>* k4pml (~lockerp@h64.176.88.75.dynamic.ip.windstream.net) Quit (Quit: Leaving)</span></li>
<li class="quit">[<a href="#T04:09:07" id="T04:09:07"><abbr title="2015-04-25T04:09:07+00:00">04:09:07</abbr></a>] <span>* pwillard (~pwillard@c-73-184-136-133.hsd1.ga.comcast.net) Quit (Quit: Leaving)</span></li>
<li class="quit">[<a href="#T04:15:11" id="T04:15:11"><abbr title="2015-04-25T04:15:11+00:00">04:15:11</abbr></a>] <span>* kevinrjohnson (4b43c7d8@gateway/web/freenode/ip.75.67.199.216) Quit (Quit: Page closed)</span></li>
<li class="quit">[<a href="#T04:19:03" id="T04:19:03"><abbr title="2015-04-25T04:19:03+00:00">04:19:03</abbr></a>] <span>* VirG (~VirGin@c-24-6-53-29.hsd1.ca.comcast.net) Quit (Quit: Leaving.)</span></li>
<li class="quit">[<a href="#T04:26:02" id="T04:26:02"><abbr title="2015-04-25T04:26:02+00:00">04:26:02</abbr></a>] <span>* vagrantc (~vagrant@unaffiliated/vagrantc) Quit (Quit: leaving)</span></li>
<li class="quit">[<a href="#T04:27:24" id="T04:27:24"><abbr title="2015-04-25T04:27:24+00:00">04:27:24</abbr></a>] <span>* jamesaxl (~jamesaxl@41.249.131.194) Quit (Remote host closed the connection)</span></li>
<li class="join">[<a href="#T04:35:01" id="T04:35:01"><abbr title="2015-04-25T04:35:01+00:00">04:35:01</abbr></a>] <span>* uuhimhere (~uuhimhere@1.9.99.247) has joined #beagle</span></li>
<li class="nick-change">[<a href="#T04:35:20" id="T04:35:20"><abbr title="2015-04-25T04:35:20+00:00">04:35:20</abbr></a>] <span>* uuhimhere is now known as Unbreakable</span></li>
<li class="join">[<a href="#T04:58:21" id="T04:58:21"><abbr title="2015-04-25T04:58:21+00:00">04:58:21</abbr></a>] <span>* bad_ip (~bad_ip@unaffiliated/bad-ip/x-3702687) has joined #beagle</span></li>
<li class="join">[<a href="#T05:14:08" id="T05:14:08"><abbr title="2015-04-25T05:14:08+00:00">05:14:08</abbr></a>] <span>* rishiraj (~rishiraj@14.139.160.230) has joined #beagle</span></li>
<li class="quit">[<a href="#T05:19:34" id="T05:19:34"><abbr title="2015-04-25T05:19:34+00:00">05:19:34</abbr></a>] <span>* bwarff (~bwarff@58-7-84-110.dyn.iinet.net.au) Quit (Ping timeout: 244 seconds)</span></li>
<li class="quit">[<a href="#T05:26:52" id="T05:26:52"><abbr title="2015-04-25T05:26:52+00:00">05:26:52</abbr></a>] <span>* rishiraj (~rishiraj@14.139.160.230) Quit (Quit: Konversation terminated!)</span></li>
<li class="join">[<a href="#T05:28:51" id="T05:28:51"><abbr title="2015-04-25T05:28:51+00:00">05:28:51</abbr></a>] <span>* mhaberler (~mhaberler@bigmac.stiwoll.mah.priv.at) has joined #beagle</span></li>
<li class="join">[<abbr title="2015-04-25T05:28:51+00:00">05:28:51</abbr>] <span>* mhaberler (~mhaberler@bigmac.stiwoll.mah.priv.at) has joined #beaglebone</span></li>
<li class="quit">[<a href="#T05:29:48" id="T05:29:48"><abbr title="2015-04-25T05:29:48+00:00">05:29:48</abbr></a>] <span>* Mr_Sheesh (~mr_s@unaffiliated/mr-sheesh/x-0757054) Quit (Remote host closed the connection)</span></li>
<li class="join">[<a href="#T05:30:39" id="T05:30:39"><abbr title="2015-04-25T05:30:39+00:00">05:30:39</abbr></a>] <span>* Mr_Sheesh (~mr_s@unaffiliated/mr-sheesh/x-0757054) has joined #beagle</span></li>
<li class="join">[<a href="#T05:40:38" id="T05:40:38"><abbr title="2015-04-25T05:40:38+00:00">05:40:38</abbr></a>] <span>* bwarff (~bwarff@58-7-84-110.dyn.iinet.net.au) has joined #beagle</span></li>
<li class="quit">[<a href="#T05:43:06" id="T05:43:06"><abbr title="2015-04-25T05:43:06+00:00">05:43:06</abbr></a>] <span>* linuxkernelhacke (~linuxkern@124.123.219.186) Quit (Read error: Connection reset by peer)</span></li>
<li class="join">[<a href="#T05:57:16" id="T05:57:16"><abbr title="2015-04-25T05:57:16+00:00">05:57:16</abbr></a>] <span>* LordDVG (~LordDVG@unaffiliated/lorddvg) has joined #beagle</span></li>
<li class="quit">[<a href="#T06:04:24" id="T06:04:24"><abbr title="2015-04-25T06:04:24+00:00">06:04:24</abbr></a>] <span>* LordDVG (~LordDVG@unaffiliated/lorddvg) Quit (Remote host closed the connection)</span></li>
<li class="join">[<a href="#T06:16:35" id="T06:16:35"><abbr title="2015-04-25T06:16:35+00:00">06:16:35</abbr></a>] <span>* flufmsntr (~flufmnstr@75-141-112-43.dhcp.mtpk.ca.charter.com) has joined #beagle</span></li>
<li class="join">[<a href="#T06:17:09" id="T06:17:09"><abbr title="2015-04-25T06:17:09+00:00">06:17:09</abbr></a>] <span>* plars_ (sid81840@ubuntu/member/plars) has joined #beagle</span></li>
<li class="join">[<a href="#T06:17:25" id="T06:17:25"><abbr title="2015-04-25T06:17:25+00:00">06:17:25</abbr></a>] <span>* grey_wol1 (~greywolf@c-73-53-8-185.hsd1.wa.comcast.net) has joined #beagle</span></li>
<li class="join">[<a href="#T06:18:38" id="T06:18:38"><abbr title="2015-04-25T06:18:38+00:00">06:18:38</abbr></a>] <span>* neem0 (~nemo@58.247.90.27) has joined #beagle</span></li>
<li class="join">[<a href="#T06:19:33" id="T06:19:33"><abbr title="2015-04-25T06:19:33+00:00">06:19:33</abbr></a>] <span>* JamesJRH_ (~james@ps87731.dreamhost.com) has joined #beagle</span></li>
<li class="join">[<a href="#T06:19:35" id="T06:19:35"><abbr title="2015-04-25T06:19:35+00:00">06:19:35</abbr></a>] <span>* doppo_ (doppo@2604:180::e0fc:a07f) has joined #beaglebone</span></li>
<li class="join">[<abbr title="2015-04-25T06:19:35+00:00">06:19:35</abbr>] <span>* doppo_ (doppo@2604:180::e0fc:a07f) has joined #beagleboard</span></li>
<li class="join">[<abbr title="2015-04-25T06:19:35+00:00">06:19:35</abbr>] <span>* doppo_ (doppo@2604:180::e0fc:a07f) has joined #beagle</span></li>
<li class="join">[<a href="#T06:19:42" id="T06:19:42"><abbr title="2015-04-25T06:19:42+00:00">06:19:42</abbr></a>] <span>* smurray_ (~scottm@135-23-64-25.cpe.pppoe.ca) has joined #beagle</span></li>
<li class="join">[<a href="#T06:19:52" id="T06:19:52"><abbr title="2015-04-25T06:19:52+00:00">06:19:52</abbr></a>] <span>* atsampso1 (~ats@cartman.offog.org) has joined #beagle</span></li>
<li class="join">[<a href="#T06:19:59" id="T06:19:59"><abbr title="2015-04-25T06:19:59+00:00">06:19:59</abbr></a>] <span>* ketas- (~ketas@97-39-190-90.dyn.estpak.ee) has joined #beaglebone</span></li>
<li class="join">[<abbr title="2015-04-25T06:19:59+00:00">06:19:59</abbr>] <span>* ketas- (~ketas@97-39-190-90.dyn.estpak.ee) has joined #beagle</span></li>
<li class="join">[<a href="#T06:20:07" id="T06:20:07"><abbr title="2015-04-25T06:20:07+00:00">06:20:07</abbr></a>] <span>* dgilmore_ (~dgilmore@fedora/dgilmore) has joined #beagle</span></li>
<li class="join">[<a href="#T06:20:11" id="T06:20:11"><abbr title="2015-04-25T06:20:11+00:00">06:20:11</abbr></a>] <span>* mazzanet_ (~mazzanet@unaffiliated/mazzanet) has joined #beagle</span></li>
<li class="join">[<a href="#T06:20:16" id="T06:20:16"><abbr title="2015-04-25T06:20:16+00:00">06:20:16</abbr></a>] <span>* NulL` (~bleh1@217.28.11.180) has joined #beagle</span></li>
<li class="quit">[<a href="#T06:20:23" id="T06:20:23"><abbr title="2015-04-25T06:20:23+00:00">06:20:23</abbr></a>] <span>* plars (sid81840@ubuntu/member/plars) Quit (Ping timeout: 252 seconds)</span></li>
<li class="quit">[<abbr title="2015-04-25T06:20:23+00:00">06:20:23</abbr>] <span>* jonmasters (~jcm@edison.jonmasters.org) Quit (Ping timeout: 252 seconds)</span></li>
<li class="quit">[<a href="#T06:20:24" id="T06:20:24"><abbr title="2015-04-25T06:20:24+00:00">06:20:24</abbr></a>] <span>* wednesday (~wednesday@c-76-104-145-102.hsd1.wa.comcast.net) Quit (Ping timeout: 252 seconds)</span></li>
<li class="quit">[<a href="#T06:20:25" id="T06:20:25"><abbr title="2015-04-25T06:20:25+00:00">06:20:25</abbr></a>] <span>* grey_wolf (~greywolf@c-73-53-8-185.hsd1.wa.comcast.net) Quit (Ping timeout: 252 seconds)</span></li>
<li class="quit">[<abbr title="2015-04-25T06:20:25+00:00">06:20:25</abbr>] <span>* smurray (~scottm@135-23-64-25.cpe.pppoe.ca) Quit (Ping timeout: 252 seconds)</span></li>
<li class="quit">[<abbr title="2015-04-25T06:20:25+00:00">06:20:25</abbr>] <span>* j12t (~j12t@c-107-3-142-14.hsd1.ca.comcast.net) Quit (Ping timeout: 252 seconds)</span></li>
<li class="quit">[<abbr title="2015-04-25T06:20:25+00:00">06:20:25</abbr>] <span>* neemo (~nemo@58.247.90.27) Quit (Ping timeout: 252 seconds)</span></li>
<li class="quit">[<abbr title="2015-04-25T06:20:25+00:00">06:20:25</abbr>] <span>* kalz (~kalz@2602:fff6:f:29c9::2c33) Quit (Ping timeout: 252 seconds)</span></li>
<li class="quit">[<abbr title="2015-04-25T06:20:25+00:00">06:20:25</abbr>] <span>* amatecha (sid10006@gateway/web/irccloud.com/x-hqocrbxqqwawnjxm) Quit (Ping timeout: 252 seconds)</span></li>
<li class="quit">[<a href="#T06:20:26" id="T06:20:26"><abbr title="2015-04-25T06:20:26+00:00">06:20:26</abbr></a>] <span>* flufmnstr (~flufmnstr@75-141-112-43.dhcp.mtpk.ca.charter.com) Quit (Ping timeout: 252 seconds)</span></li>
<li class="quit">[<abbr title="2015-04-25T06:20:26+00:00">06:20:26</abbr>] <span>* doppo (doppo@2604:180::e0fc:a07f) Quit (Ping timeout: 252 seconds)</span></li>
<li class="quit">[<abbr title="2015-04-25T06:20:26+00:00">06:20:26</abbr>] <span>* riddle (riddle@us.yunix.net) Quit (Ping timeout: 252 seconds)</span></li>
<li class="quit">[<abbr title="2015-04-25T06:20:26+00:00">06:20:26</abbr>] <span>* Moult (~quassel@static.88-198-98-200.clients.your-server.de) Quit (Ping timeout: 252 seconds)</span></li>
<li class="quit">[<abbr title="2015-04-25T06:20:26+00:00">06:20:26</abbr>] <span>* thaytan (~thaytan@199.7.70.115.static.exetel.com.au) Quit (Ping timeout: 252 seconds)</span></li>
<li class="quit">[<a href="#T06:20:27" id="T06:20:27"><abbr title="2015-04-25T06:20:27+00:00">06:20:27</abbr></a>] <span>* ketas (~ketas@97-39-190-90.dyn.estpak.ee) Quit (Ping timeout: 252 seconds)</span></li>
<li class="quit">[<abbr title="2015-04-25T06:20:27+00:00">06:20:27</abbr>] <span>* CrazyEddy (crazyed@wrongplanet/CrazyEddy) Quit (Ping timeout: 252 seconds)</span></li>
<li class="quit">[<abbr title="2015-04-25T06:20:27+00:00">06:20:27</abbr>] <span>* atsampson (~ats@cartman.offog.org) Quit (Ping timeout: 252 seconds)</span></li>
<li class="quit">[<abbr title="2015-04-25T06:20:27+00:00">06:20:27</abbr>] <span>* souther (~souther@2605:6400:1:fed5:22:1ac:61c0:e24e) Quit (Ping timeout: 252 seconds)</span></li>
<li class="quit">[<abbr title="2015-04-25T06:20:27+00:00">06:20:27</abbr>] <span>* dgilmore (~dgilmore@fedora/dgilmore) Quit (Ping timeout: 252 seconds)</span></li>
<li class="quit">[<abbr title="2015-04-25T06:20:27+00:00">06:20:27</abbr>] <span>* JamesJRH (~james@ps87731.dreamhost.com) Quit (Ping timeout: 252 seconds)</span></li>
<li class="quit">[<abbr title="2015-04-25T06:20:27+00:00">06:20:27</abbr>] <span>* falstaff (~quassel@195-226-23-137.pool.cyberlink.ch) Quit (Ping timeout: 252 seconds)</span></li>
<li class="quit">[<abbr title="2015-04-25T06:20:27+00:00">06:20:27</abbr>] <span>* piroux (sid26816@gateway/web/irccloud.com/x-tsuujhxkkqvhqstj) Quit (Ping timeout: 252 seconds)</span></li>
<li class="quit">[<abbr title="2015-04-25T06:20:27+00:00">06:20:27</abbr>] <span>* mazzanet (~mazzanet@unaffiliated/mazzanet) Quit (Ping timeout: 252 seconds)</span></li>
<li class="join">[<a href="#T06:20:28" id="T06:20:28"><abbr title="2015-04-25T06:20:28+00:00">06:20:28</abbr></a>] <span>* riddle (riddle@us.yunix.net) has joined #beagle</span></li>
<li class="join">[<abbr title="2015-04-25T06:20:28+00:00">06:20:28</abbr>] <span>* riddle (riddle@us.yunix.net) has joined #beagleboard</span></li>
<li class="join">[<abbr title="2015-04-25T06:20:28+00:00">06:20:28</abbr>] <span>* souther (~souther@2605:6400:1:fed5:22:1ac:61c0:e24e) has joined #beaglebone</span></li>
<li class="join">[<abbr title="2015-04-25T06:20:28+00:00">06:20:28</abbr>] <span>* souther (~souther@2605:6400:1:fed5:22:1ac:61c0:e24e) has joined #beagleboard</span></li>
<li class="join">[<abbr title="2015-04-25T06:20:28+00:00">06:20:28</abbr>] <span>* souther (~souther@2605:6400:1:fed5:22:1ac:61c0:e24e) has joined #beagle</span></li>
<li class="join">[<abbr title="2015-04-25T06:20:28+00:00">06:20:28</abbr>] <span>* wednesday (~wednesday@c-76-104-145-102.hsd1.wa.comcast.net) has joined #beagle</span></li>
<li class="join">[<abbr title="2015-04-25T06:20:28+00:00">06:20:28</abbr>] <span>* wednesday (~wednesday@c-76-104-145-102.hsd1.wa.comcast.net) has joined #beaglebone</span></li>
<li class="join">[<abbr title="2015-04-25T06:20:28+00:00">06:20:28</abbr>] <span>* CrazyEddy (crazyed@overkill.epicsol.org) has joined #beagle</span></li>
<li class="quit">[<abbr title="2015-04-25T06:20:28+00:00">06:20:28</abbr>] <span>* CrazyEddy (crazyed@overkill.epicsol.org) Quit (Changing host)</span></li>
<li class="join">[<abbr title="2015-04-25T06:20:28+00:00">06:20:28</abbr>] <span>* CrazyEddy (crazyed@wrongplanet/CrazyEddy) has joined #beagle</span></li>
<li class="nick-change">[<a href="#T06:20:29" id="T06:20:29"><abbr title="2015-04-25T06:20:29+00:00">06:20:29</abbr></a>] <span>* plars_ is now known as plars</span></li>
<li class="nick-change">[<a href="#T06:20:32" id="T06:20:32"><abbr title="2015-04-25T06:20:32+00:00">06:20:32</abbr></a>] <span>* doppo_ is now known as doppo</span></li>
<li class="join">[<a href="#T06:20:47" id="T06:20:47"><abbr title="2015-04-25T06:20:47+00:00">06:20:47</abbr></a>] <span>* Moult (~quassel@static.88-198-98-200.clients.your-server.de) has joined #beagle</span></li>
<li class="join">[<a href="#T06:20:52" id="T06:20:52"><abbr title="2015-04-25T06:20:52+00:00">06:20:52</abbr></a>] <span>* falstaff (~quassel@195-226-23-137.pool.cyberlink.ch) has joined #beaglebone</span></li>
<li class="join">[<abbr title="2015-04-25T06:20:52+00:00">06:20:52</abbr>] <span>* falstaff (~quassel@195-226-23-137.pool.cyberlink.ch) has joined #beagle</span></li>
<li class="join">[<a href="#T06:21:13" id="T06:21:13"><abbr title="2015-04-25T06:21:13+00:00">06:21:13</abbr></a>] <span>* j12t (~j12t@107.3.142.14) has joined #beagle</span></li>
<li class="join">[<a href="#T06:21:27" id="T06:21:27"><abbr title="2015-04-25T06:21:27+00:00">06:21:27</abbr></a>] <span>* kalz (~kalz@2602:fff6:f:29c9::2c33) has joined #beagle</span></li>
<li class="join">[<a href="#T06:21:31" id="T06:21:31"><abbr title="2015-04-25T06:21:31+00:00">06:21:31</abbr></a>] <span>* thaytan (~thaytan@199.7.70.115.static.exetel.com.au) has joined #beagle</span></li>
<li class="join">[<a href="#T06:22:42" id="T06:22:42"><abbr title="2015-04-25T06:22:42+00:00">06:22:42</abbr></a>] <span>* amatecha (sid10006@gateway/web/irccloud.com/x-cqpmfxogzdxawvfr) has joined #beagle</span></li>
<li class="join">[<a href="#T06:23:19" id="T06:23:19"><abbr title="2015-04-25T06:23:19+00:00">06:23:19</abbr></a>] <span>* jonmasters_ (~jcm@edison.jonmasters.org) has joined #beagle</span></li>
<li class="join">[<a href="#T06:26:25" id="T06:26:25"><abbr title="2015-04-25T06:26:25+00:00">06:26:25</abbr></a>] <span>* piroux (sid26816@gateway/web/irccloud.com/x-gbrlpnvfrdkgaant) has joined #beagle</span></li>
<li class="join">[<a href="#T06:33:35" id="T06:33:35"><abbr title="2015-04-25T06:33:35+00:00">06:33:35</abbr></a>] <span>* boB_K7IQ (~IceChat9@72.171.130.84) has joined #beagle</span></li>
<li class="quit">[<a href="#T06:40:56" id="T06:40:56"><abbr title="2015-04-25T06:40:56+00:00">06:40:56</abbr></a>] <span>* thurgood (~thurgood@99-130-100-229.lightspeed.snantx.sbcglobal.net) Quit (Remote host closed the connection)</span></li>
<li class="quit">[<a href="#T06:43:01" id="T06:43:01"><abbr title="2015-04-25T06:43:01+00:00">06:43:01</abbr></a>] <span>* k-man (~jason@unaffiliated/k-man) Quit (Ping timeout: 264 seconds)</span></li>
<li class="join">[<a href="#T06:46:10" id="T06:46:10"><abbr title="2015-04-25T06:46:10+00:00">06:46:10</abbr></a>] <span>* aschmack (~quassel@cpe-67-253-128-200.rochester.res.rr.com) has joined #beagle</span></li>
<li class="quit">[<a href="#T06:49:04" id="T06:49:04"><abbr title="2015-04-25T06:49:04+00:00">06:49:04</abbr></a>] <span>* aschmack- (~quassel@cpe-67-253-128-200.rochester.res.rr.com) Quit (Ping timeout: 256 seconds)</span></li>
<li class="join">[<a href="#T06:49:30" id="T06:49:30"><abbr title="2015-04-25T06:49:30+00:00">06:49:30</abbr></a>] <span>* carpman_ (~carpman@104.131.30.79) has joined #beagle</span></li>
<li class="join">[<a href="#T06:51:46" id="T06:51:46"><abbr title="2015-04-25T06:51:46+00:00">06:51:46</abbr></a>] <span>* djinni_ (~djinni@105.ip-167-114-152.net) has joined #beagle</span></li>
<li class="join">[<a href="#T06:52:21" id="T06:52:21"><abbr title="2015-04-25T06:52:21+00:00">06:52:21</abbr></a>] <span>* tomba_ (~tomba@taika.fi) has joined #beagle</span></li>
<li class="join">[<a href="#T06:52:55" id="T06:52:55"><abbr title="2015-04-25T06:52:55+00:00">06:52:55</abbr></a>] <span>* endrift|ZNC (~endrift@endrift.com) has joined #beagle</span></li>
<li class="join">[<a href="#T06:53:08" id="T06:53:08"><abbr title="2015-04-25T06:53:08+00:00">06:53:08</abbr></a>] <span>* sellout- (~greg@ec2-54-186-124-17.us-west-2.compute.amazonaws.com) has joined #beagle</span></li>
<li class="nick-change">[<a href="#T06:53:37" id="T06:53:37"><abbr title="2015-04-25T06:53:37+00:00">06:53:37</abbr></a>] <span>* grey_wol1 is now known as grey_wolf</span></li>
<li class="join">[<a href="#T06:55:01" id="T06:55:01"><abbr title="2015-04-25T06:55:01+00:00">06:55:01</abbr></a>] <span>* kevinsan_ (~kevinsan@takahe.susa.net) has joined #beagle</span></li>
<li class="join">[<a href="#T06:55:21" id="T06:55:21"><abbr title="2015-04-25T06:55:21+00:00">06:55:21</abbr></a>] <span>* thurgood (~thurgood@cpe-76-90-35-193.socal.res.rr.com) has joined #beagle</span></li>
<li class="join">[<a href="#T06:56:57" id="T06:56:57"><abbr title="2015-04-25T06:56:57+00:00">06:56:57</abbr></a>] <span>* k-man (~jason@unaffiliated/k-man) has joined #beaglebone</span></li>
<li class="quit">[<a href="#T06:58:08" id="T06:58:08"><abbr title="2015-04-25T06:58:08+00:00">06:58:08</abbr></a>] <span>* j12t (~j12t@107.3.142.14) Quit (*.net *.split)</span></li>
<li class="quit">[<a href="#T06:58:09" id="T06:58:09"><abbr title="2015-04-25T06:58:09+00:00">06:58:09</abbr></a>] <span>* velner (~velner@icculus.org) Quit (*.net *.split)</span></li>
<li class="quit">[<abbr title="2015-04-25T06:58:09+00:00">06:58:09</abbr>] <span>* djinni (~djinni@2607:5300:100:200::160d) Quit (*.net *.split)</span></li>
<li class="quit">[<abbr title="2015-04-25T06:58:09+00:00">06:58:09</abbr>] <span>* tchan (~tchan@lunar-linux/developer/tchan) Quit (*.net *.split)</span></li>
<li class="quit">[<abbr title="2015-04-25T06:58:09+00:00">06:58:09</abbr>] <span>* ecdhe (~ecdhe@173-22-126-166.client.mchsi.com) Quit (*.net *.split)</span></li>
<li class="quit">[<abbr title="2015-04-25T06:58:09+00:00">06:58:09</abbr>] <span>* sellout (~greg@ec2-54-186-124-17.us-west-2.compute.amazonaws.com) Quit (*.net *.split)</span></li>
<li class="quit">[<a href="#T06:58:10" id="T06:58:10"><abbr title="2015-04-25T06:58:10+00:00">06:58:10</abbr></a>] <span>* endrift (~endrift@endrift.com) Quit (*.net *.split)</span></li>
<li class="quit">[<abbr title="2015-04-25T06:58:10+00:00">06:58:10</abbr>] <span>* gabrbedd (~beddingfi@li680-65.members.linode.com) Quit (*.net *.split)</span></li>
<li class="quit">[<abbr title="2015-04-25T06:58:10+00:00">06:58:10</abbr>] <span>* carpman (~carpman@104.131.30.79) Quit (*.net *.split)</span></li>
<li class="quit">[<abbr title="2015-04-25T06:58:10+00:00">06:58:10</abbr>] <span>* jzaw (~jzaw@loki.dzki.co.uk) Quit (*.net *.split)</span></li>
<li class="quit">[<abbr title="2015-04-25T06:58:10+00:00">06:58:10</abbr>] <span>* m1kesm1th (~m1kesm1th@unaffiliated/m1kesm1th) Quit (*.net *.split)</span></li>
<li class="quit">[<abbr title="2015-04-25T06:58:10+00:00">06:58:10</abbr>] <span>* kevinsan (~kevinsan@takahe.susa.net) Quit (*.net *.split)</span></li>
<li class="quit">[<abbr title="2015-04-25T06:58:10+00:00">06:58:10</abbr>] <span>* CareBear\ (foo@stuge.se) Quit (*.net *.split)</span></li>
<li class="quit">[<abbr title="2015-04-25T06:58:10+00:00">06:58:10</abbr>] <span>* tomba (~tomba@taika.fi) Quit (*.net *.split)</span></li>
<li class="nick-change">[<abbr title="2015-04-25T06:58:10+00:00">06:58:10</abbr>] <span>* kevinsan_ is now known as kevinsan</span></li>
<li class="nick-change">[<abbr title="2015-04-25T06:58:10+00:00">06:58:10</abbr>] <span>* carpman_ is now known as carpman</span></li>
<li class="quit">[<a href="#T07:00:05" id="T07:00:05"><abbr title="2015-04-25T07:00:05+00:00">07:00:05</abbr></a>] <span>* cultavix (~cultavix@unaffiliated/cultavix) Quit (Ping timeout: 248 seconds)</span></li>
<li class="join">[<a href="#T07:02:44" id="T07:02:44"><abbr title="2015-04-25T07:02:44+00:00">07:02:44</abbr></a>] <span>* jzaw (~jzaw@loki.dzki.co.uk) has joined #beagle</span></li>
<li class="join">[<a href="#T07:03:25" id="T07:03:25"><abbr title="2015-04-25T07:03:25+00:00">07:03:25</abbr></a>] <span>* j12t (~j12t@107.3.142.14) has joined #beagle</span></li>
<li class="join">[<a href="#T07:03:34" id="T07:03:34"><abbr title="2015-04-25T07:03:34+00:00">07:03:34</abbr></a>] <span>* m1kesm1th (~m1kesm1th@188.166.44.227) has joined #beagle</span></li>
<li class="quit">[<a href="#T07:03:35" id="T07:03:35"><abbr title="2015-04-25T07:03:35+00:00">07:03:35</abbr></a>] <span>* j12t (~j12t@107.3.142.14) Quit (Max SendQ exceeded)</span></li>
<li class="quit">[<a href="#T07:04:14" id="T07:04:14"><abbr title="2015-04-25T07:04:14+00:00">07:04:14</abbr></a>] <span>* k-man (~jason@unaffiliated/k-man) Quit (Ping timeout: 246 seconds)</span></li>
<li class="join">[<a href="#T07:04:31" id="T07:04:31"><abbr title="2015-04-25T07:04:31+00:00">07:04:31</abbr></a>] <span>* j12t (~j12t@c-107-3-142-14.hsd1.ca.comcast.net) has joined #beagle</span></li>
<li class="join">[<a href="#T07:05:00" id="T07:05:00"><abbr title="2015-04-25T07:05:00+00:00">07:05:00</abbr></a>] <span>* ecdhe (~ecdhe@173-22-126-166.client.mchsi.com) has joined #beagle</span></li>
<li class="join">[<a href="#T07:06:03" id="T07:06:03"><abbr title="2015-04-25T07:06:03+00:00">07:06:03</abbr></a>] <span>* cultavix (~cultavix@unaffiliated/cultavix) has joined #beaglebone</span></li>
<li class="quit">[<a href="#T07:12:06" id="T07:12:06"><abbr title="2015-04-25T07:12:06+00:00">07:12:06</abbr></a>] <span>* m1kesm1th (~m1kesm1th@188.166.44.227) Quit (Ping timeout: 276 seconds)</span></li>
<li class="join">[<a href="#T07:12:20" id="T07:12:20"><abbr title="2015-04-25T07:12:20+00:00">07:12:20</abbr></a>] <span>* m1kesm1th (~m1kesm1th@188.166.44.227) has joined #beagle</span></li>
<li class="join">[<a href="#T07:19:44" id="T07:19:44"><abbr title="2015-04-25T07:19:44+00:00">07:19:44</abbr></a>] <span>* geekswine (uid67098@gateway/web/irccloud.com/x-nkxvsyhmvnvwgdgh) has joined #beagle</span></li>
<li class="join">[<a href="#T07:22:48" id="T07:22:48"><abbr title="2015-04-25T07:22:48+00:00">07:22:48</abbr></a>] <span>* tchan (~tchan@lunar-linux/developer/tchan) has joined #beagle</span></li>
<li class="quit">[<a href="#T07:25:32" id="T07:25:32"><abbr title="2015-04-25T07:25:32+00:00">07:25:32</abbr></a>] <span>* j12t (~j12t@c-107-3-142-14.hsd1.ca.comcast.net) Quit (Remote host closed the connection)</span></li>
<li class="join">[<a href="#T07:26:28" id="T07:26:28"><abbr title="2015-04-25T07:26:28+00:00">07:26:28</abbr></a>] <span>* j12t (~j12t@c-107-3-142-14.hsd1.ca.comcast.net) has joined #beagle</span></li>
<li class="quit">[<a href="#T07:28:40" id="T07:28:40"><abbr title="2015-04-25T07:28:40+00:00">07:28:40</abbr></a>] <span>* Shadyman (~matthew@unaffiliated/shadyman) Quit (Quit: Leaving.)</span></li>
<li class="quit">[<a href="#T07:31:04" id="T07:31:04"><abbr title="2015-04-25T07:31:04+00:00">07:31:04</abbr></a>] <span>* j12t (~j12t@c-107-3-142-14.hsd1.ca.comcast.net) Quit (Ping timeout: 245 seconds)</span></li>
<li class="nick-change">[<a href="#T07:41:57" id="T07:41:57"><abbr title="2015-04-25T07:41:57+00:00">07:41:57</abbr></a>] <span>* Unbreakable is now known as StroknDaEGO</span></li>
<li class="nick-change">[<a href="#T07:42:08" id="T07:42:08"><abbr title="2015-04-25T07:42:08+00:00">07:42:08</abbr></a>] <span>* StroknDaEGO is now known as PocknDaEGO</span></li>
<li class="join">[<a href="#T07:45:48" id="T07:45:48"><abbr title="2015-04-25T07:45:48+00:00">07:45:48</abbr></a>] <span>* k-man (~jason@unaffiliated/k-man) has joined #beaglebone</span></li>
<li class="nick-change">[<a href="#T07:50:26" id="T07:50:26"><abbr title="2015-04-25T07:50:26+00:00">07:50:26</abbr></a>] <span>* PocknDaEGO is now known as TooEzy</span></li>
<li class="join">[<a href="#T07:52:15" id="T07:52:15"><abbr title="2015-04-25T07:52:15+00:00">07:52:15</abbr></a>] <span>* jamesaxl (~jamesaxl@41.249.131.194) has joined #beagle</span></li>
<li class="join">[<a href="#T07:52:21" id="T07:52:21"><abbr title="2015-04-25T07:52:21+00:00">07:52:21</abbr></a>] <span>* zer0x (~zer0x@90.221.42.199) has joined #beagle</span></li>
<li class="nick-change">[<a href="#T07:52:59" id="T07:52:59"><abbr title="2015-04-25T07:52:59+00:00">07:52:59</abbr></a>] <span>* TooEzy is now known as tooEzYEgoPokn</span></li>
<li class="quit">[<a href="#T07:54:34" id="T07:54:34"><abbr title="2015-04-25T07:54:34+00:00">07:54:34</abbr></a>] <span>* bad_ip (~bad_ip@unaffiliated/bad-ip/x-3702687) Quit (Ping timeout: 244 seconds)</span></li>
<li class="quit">[<a href="#T08:03:54" id="T08:03:54"><abbr title="2015-04-25T08:03:54+00:00">08:03:54</abbr></a>] <span>* boB_K7IQ (~IceChat9@72.171.130.84) Quit (Read error: Connection reset by peer)</span></li>
<li class="nick-change">[<a href="#T08:09:49" id="T08:09:49"><abbr title="2015-04-25T08:09:49+00:00">08:09:49</abbr></a>] <span>* tooEzYEgoPokn is now known as DaEGOiZbRuzd</span></li>
<li class="nick-change">[<a href="#T08:10:15" id="T08:10:15"><abbr title="2015-04-25T08:10:15+00:00">08:10:15</abbr></a>] <span>* DaEGOiZbRuzd is now known as TooEZY</span></li>
<li class="quit">[<a href="#T08:16:47" id="T08:16:47"><abbr title="2015-04-25T08:16:47+00:00">08:16:47</abbr></a>] <span>* dgilmore_ (~dgilmore@fedora/dgilmore) Quit (Ping timeout: 250 seconds)</span></li>
<li class="join">[<a href="#T08:17:25" id="T08:17:25"><abbr title="2015-04-25T08:17:25+00:00">08:17:25</abbr></a>] <span>* dgilmore (~dgilmore@fedora/dgilmore) has joined #beagle</span></li>
<li class="join">[<a href="#T08:19:22" id="T08:19:22"><abbr title="2015-04-25T08:19:22+00:00">08:19:22</abbr></a>] <span>* uv (~uv@92-249-141-192.pool.digikabel.hu) has joined #beagle</span></li>
<li class="nick-change">[<a href="#T08:22:41" id="T08:22:41"><abbr title="2015-04-25T08:22:41+00:00">08:22:41</abbr></a>] <span>* TooEZY is now known as EGOBruIZd</span></li>
<li class="nick-change">[<a href="#T08:23:56" id="T08:23:56"><abbr title="2015-04-25T08:23:56+00:00">08:23:56</abbr></a>] <span>* EGOBruIZd is now known as PoketilDefl8EGO</span></li>
<li class="nick-change">[<a href="#T08:25:28" id="T08:25:28"><abbr title="2015-04-25T08:25:28+00:00">08:25:28</abbr></a>] <span>* PoketilDefl8EGO is now known as POkeMAN</span></li>
<li class="join">[<a href="#T08:26:24" id="T08:26:24"><abbr title="2015-04-25T08:26:24+00:00">08:26:24</abbr></a>] <span>* j12t (~j12t@c-107-3-142-14.hsd1.ca.comcast.net) has joined #beagle</span></li>
<li class="join">[<a href="#T08:29:47" id="T08:29:47"><abbr title="2015-04-25T08:29:47+00:00">08:29:47</abbr></a>] <span>* velner (~velner@icculus.org) has joined #beagle</span></li>
<li class="quit">[<a href="#T08:31:30" id="T08:31:30"><abbr title="2015-04-25T08:31:30+00:00">08:31:30</abbr></a>] <span>* k-man (~jason@unaffiliated/k-man) Quit (Read error: Connection reset by peer)</span></li>
<li class="quit">[<a href="#T08:34:22" id="T08:34:22"><abbr title="2015-04-25T08:34:22+00:00">08:34:22</abbr></a>] <span>* nofxx (~nofxx@unaffiliated/nofxx) Quit (Ping timeout: 250 seconds)</span></li>
<li class="quit">[<a href="#T08:34:42" id="T08:34:42"><abbr title="2015-04-25T08:34:42+00:00">08:34:42</abbr></a>] <span>* talin (~dhf@unaffiliated/talin) Quit (Quit: bbl)</span></li>
<li class="join">[<a href="#T08:35:03" id="T08:35:03"><abbr title="2015-04-25T08:35:03+00:00">08:35:03</abbr></a>] <span>* kilroi_off (~kilroy@ip-178-201-161-39.hsi08.unitymediagroup.de) has joined #beagle</span></li>
<li class="quit">[<a href="#T08:35:25" id="T08:35:25"><abbr title="2015-04-25T08:35:25+00:00">08:35:25</abbr></a>] <span>* gustavoz (~gustavoz@181.46.99.160) Quit (Ping timeout: 250 seconds)</span></li>
<li class="quit">[<abbr title="2015-04-25T08:35:25+00:00">08:35:25</abbr>] <span>* SpeedEvil (~quassel@tor/regular/SpeedEvil) Quit (Quit: No Ping reply in 180 seconds.)</span></li>
<li class="nick-change">[<a href="#T08:35:31" id="T08:35:31"><abbr title="2015-04-25T08:35:31+00:00">08:35:31</abbr></a>] <span>* kilroi_off is now known as kilroi</span></li>
<li class="join">[<a href="#T08:36:01" id="T08:36:01"><abbr title="2015-04-25T08:36:01+00:00">08:36:01</abbr></a>] <span>* SpeedEvil (~quassel@tor/regular/SpeedEvil) has joined #beagle</span></li>
<li class="join">[<a href="#T08:37:28" id="T08:37:28"><abbr title="2015-04-25T08:37:28+00:00">08:37:28</abbr></a>] <span>* gustavoz (~gustavoz@181.46.99.160) has joined #beagle</span></li>
<li class="join">[<a href="#T08:45:42" id="T08:45:42"><abbr title="2015-04-25T08:45:42+00:00">08:45:42</abbr></a>] <span>* k-man (~jason@unaffiliated/k-man) has joined #beaglebone</span></li>
<li class="quit">[<a href="#T08:45:51" id="T08:45:51"><abbr title="2015-04-25T08:45:51+00:00">08:45:51</abbr></a>] <span>* NulL` (~bleh1@217.28.11.180) Quit (Quit: The angels have the phonebox.)</span></li>
<li class="join">[<a href="#T08:52:21" id="T08:52:21"><abbr title="2015-04-25T08:52:21+00:00">08:52:21</abbr></a>] <span>* NulL` (~bleh1@217.28.11.180) has joined #beagle</span></li>
<li class="nick-change">[<a href="#T08:53:31" id="T08:53:31"><abbr title="2015-04-25T08:53:31+00:00">08:53:31</abbr></a>] <span>* endrift|ZNC is now known as endrift</span></li>
<li class="nick-change">[<a href="#T08:53:48" id="T08:53:48"><abbr title="2015-04-25T08:53:48+00:00">08:53:48</abbr></a>] <span>* POkeMAN is now known as UnbrkblePokeMan</span></li>
<li class="quit">[<a href="#T08:59:01" id="T08:59:01"><abbr title="2015-04-25T08:59:01+00:00">08:59:01</abbr></a>] <span>* k-man (~jason@unaffiliated/k-man) Quit (Ping timeout: 248 seconds)</span></li>
<li class="join">[<a href="#T08:59:32" id="T08:59:32"><abbr title="2015-04-25T08:59:32+00:00">08:59:32</abbr></a>] <span>* eFfeM (~frans@c73189.upc-c.chello.nl) has joined #beagle</span></li>
<li class="quit">[<a href="#T09:07:15" id="T09:07:15"><abbr title="2015-04-25T09:07:15+00:00">09:07:15</abbr></a>] <span>* eFfeM (~frans@c73189.upc-c.chello.nl) Quit (Quit: Leaving.)</span></li>
<li class="quit">[<a href="#T09:07:58" id="T09:07:58"><abbr title="2015-04-25T09:07:58+00:00">09:07:58</abbr></a>] <span>* aphex (a0729f4d@gateway/web/freenode/ip.160.114.159.77) Quit (Ping timeout: 246 seconds)</span></li>
<li class="join">[<a href="#T09:13:27" id="T09:13:27"><abbr title="2015-04-25T09:13:27+00:00">09:13:27</abbr></a>] <span>* k-man (~jason@unaffiliated/k-man) has joined #beaglebone</span></li>
<li class="quit">[<a href="#T09:20:22" id="T09:20:22"><abbr title="2015-04-25T09:20:22+00:00">09:20:22</abbr></a>] <span>* uv (~uv@92-249-141-192.pool.digikabel.hu) Quit (Ping timeout: 256 seconds)</span></li>
<li class="quit">[<a href="#T09:24:26" id="T09:24:26"><abbr title="2015-04-25T09:24:26+00:00">09:24:26</abbr></a>] <span>* hamrove (~hamrove@96-8-209-215.block0.gvtc.com) Quit (Quit: hamrove)</span></li>
<li class="join">[<a href="#T09:26:29" id="T09:26:29"><abbr title="2015-04-25T09:26:29+00:00">09:26:29</abbr></a>] <span>* sonia (5ea57310@gateway/web/freenode/ip.94.165.115.16) has joined #beagle</span></li>
<li class="quit">[<a href="#T09:26:51" id="T09:26:51"><abbr title="2015-04-25T09:26:51+00:00">09:26:51</abbr></a>] <span>* sonia (5ea57310@gateway/web/freenode/ip.94.165.115.16) Quit (Client Quit)</span></li>
<li class="join">[<a href="#T09:28:54" id="T09:28:54"><abbr title="2015-04-25T09:28:54+00:00">09:28:54</abbr></a>] <span>* uv (~uv@92-249-141-192.pool.digikabel.hu) has joined #beagle</span></li>
<li class="quit">[<a href="#T09:29:09" id="T09:29:09"><abbr title="2015-04-25T09:29:09+00:00">09:29:09</abbr></a>] <span>* k-man (~jason@unaffiliated/k-man) Quit (Ping timeout: 250 seconds)</span></li>
<li class="quit">[<a href="#T09:38:23" id="T09:38:23"><abbr title="2015-04-25T09:38:23+00:00">09:38:23</abbr></a>] <span>* geekswine (uid67098@gateway/web/irccloud.com/x-nkxvsyhmvnvwgdgh) Quit (Quit: Connection closed for inactivity)</span></li>
<li class="quit">[<a href="#T10:04:16" id="T10:04:16"><abbr title="2015-04-25T10:04:16+00:00">10:04:16</abbr></a>] <span>* zer0x (~zer0x@90.221.42.199) Quit (Ping timeout: 240 seconds)</span></li>
<li class="nick-change">[<a href="#T10:12:36" id="T10:12:36"><abbr title="2015-04-25T10:12:36+00:00">10:12:36</abbr></a>] <span>* UnbrkblePokeMan is now known as BeatnDaEGO</span></li>
<li class="nick-change">[<a href="#T10:17:36" id="T10:17:36"><abbr title="2015-04-25T10:17:36+00:00">10:17:36</abbr></a>] <span>* Xack is now known as CaveJohnson</span></li>
<li class="quit">[<a href="#T10:31:06" id="T10:31:06"><abbr title="2015-04-25T10:31:06+00:00">10:31:06</abbr></a>] <span>* m1kesm1th (~m1kesm1th@188.166.44.227) Quit (Changing host)</span></li>
<li class="join">[<abbr title="2015-04-25T10:31:06+00:00">10:31:06</abbr>] <span>* m1kesm1th (~m1kesm1th@unaffiliated/m1kesm1th) has joined #beagle</span></li>
<li class="join">[<a href="#T10:35:58" id="T10:35:58"><abbr title="2015-04-25T10:35:58+00:00">10:35:58</abbr></a>] <span>* bad_ip (~bad_ip@71.12.36.51) has joined #beagle</span></li>
<li class="quit">[<abbr title="2015-04-25T10:35:58+00:00">10:35:58</abbr>] <span>* bad_ip (~bad_ip@71.12.36.51) Quit (Changing host)</span></li>
<li class="join">[<abbr title="2015-04-25T10:35:58+00:00">10:35:58</abbr>] <span>* bad_ip (~bad_ip@unaffiliated/bad-ip/x-3702687) has joined #beagle</span></li>
<li class="join">[<a href="#T10:38:31" id="T10:38:31"><abbr title="2015-04-25T10:38:31+00:00">10:38:31</abbr></a>] <span>* k-man (~jason@unaffiliated/k-man) has joined #beaglebone</span></li>
<li class="quit">[<a href="#T10:53:58" id="T10:53:58"><abbr title="2015-04-25T10:53:58+00:00">10:53:58</abbr></a>] <span>* kilroi (~kilroy@ip-178-201-161-39.hsi08.unitymediagroup.de) Quit (Ping timeout: 255 seconds)</span></li>
<li class="quit">[<a href="#T11:06:08" id="T11:06:08"><abbr title="2015-04-25T11:06:08+00:00">11:06:08</abbr></a>] <span>* panto (~panto@195.97.110.117) Quit (Quit: Leaving)</span></li>
<li class="join">[<a href="#T11:07:40" id="T11:07:40"><abbr title="2015-04-25T11:07:40+00:00">11:07:40</abbr></a>] <span>* kilroi_off (~kilroy@ip-178-201-161-39.hsi08.unitymediagroup.de) has joined #beagle</span></li>
<li class="nick-change">[<abbr title="2015-04-25T11:07:40+00:00">11:07:40</abbr>] <span>* kilroi_off is now known as kilroi</span></li>
<li class="join">[<a href="#T11:28:19" id="T11:28:19"><abbr title="2015-04-25T11:28:19+00:00">11:28:19</abbr></a>] <span>* VirG (~VirGin@adsl-76-235-121-110.dsl.pltn13.sbcglobal.net) has joined #beagle</span></li>
<li class="join">[<a href="#T11:34:37" id="T11:34:37"><abbr title="2015-04-25T11:34:37+00:00">11:34:37</abbr></a>] <span>* milad (5eb7e217@gateway/web/freenode/ip.94.183.226.23) has joined #beagle</span></li>
<li class="quit">[<a href="#T11:34:47" id="T11:34:47"><abbr title="2015-04-25T11:34:47+00:00">11:34:47</abbr></a>] <span>* k-man (~jason@unaffiliated/k-man) Quit (Ping timeout: 246 seconds)</span></li>
<li class="join">[<a href="#T11:43:10" id="T11:43:10"><abbr title="2015-04-25T11:43:10+00:00">11:43:10</abbr></a>] <span>* m0t0ro (~m@81.202.225.165.dyn.user.ono.com) has joined #beaglebone</span></li>
<li class="quit">[<a href="#T11:43:12" id="T11:43:12"><abbr title="2015-04-25T11:43:12+00:00">11:43:12</abbr></a>] <span>* m0t0ro (~m@81.202.225.165.dyn.user.ono.com) Quit (Changing host)</span></li>
<li class="join">[<abbr title="2015-04-25T11:43:12+00:00">11:43:12</abbr>] <span>* m0t0ro (~m@unaffiliated/m0t0ro) has joined #beaglebone</span></li>
<li class="join">[<a href="#T11:52:53" id="T11:52:53"><abbr title="2015-04-25T11:52:53+00:00">11:52:53</abbr></a>] <span>* k-man (~jason@unaffiliated/k-man) has joined #beaglebone</span></li>
<li class="quit">[<a href="#T11:57:28" id="T11:57:28"><abbr title="2015-04-25T11:57:28+00:00">11:57:28</abbr></a>] <span>* milad (5eb7e217@gateway/web/freenode/ip.94.183.226.23) Quit (Quit: Page closed)</span></li>
<li class="quit">[<a href="#T12:07:46" id="T12:07:46"><abbr title="2015-04-25T12:07:46+00:00">12:07:46</abbr></a>] <span>* k-man (~jason@unaffiliated/k-man) Quit (Ping timeout: 255 seconds)</span></li>
<li class="quit">[<a href="#T12:10:12" id="T12:10:12"><abbr title="2015-04-25T12:10:12+00:00">12:10:12</abbr></a>] <span>* tdy (~tdy@unaffiliated/tdy) Quit (Ping timeout: 265 seconds)</span></li>
<li class="quit">[<a href="#T12:20:14" id="T12:20:14"><abbr title="2015-04-25T12:20:14+00:00">12:20:14</abbr></a>] <span>* bwarff (~bwarff@58-7-84-110.dyn.iinet.net.au) Quit (Ping timeout: 245 seconds)</span></li>
<li class="join">[<a href="#T12:20:33" id="T12:20:33"><abbr title="2015-04-25T12:20:33+00:00">12:20:33</abbr></a>] <span>* milad (5eb7e217@gateway/web/freenode/ip.94.183.226.23) has joined #beagle</span></li>
<li class="action">[<a href="#T12:21:21" id="T12:21:21"><abbr title="2015-04-25T12:21:21+00:00">12:21:21</abbr></a>] <span>* milad </span></li>
<li class="join">[<a href="#T12:21:25" id="T12:21:25"><abbr title="2015-04-25T12:21:25+00:00">12:21:25</abbr></a>] <span>* victortyau (~victortya@190.141.53.117) has joined #beagle</span></li>
<li class="join">[<a href="#T12:21:40" id="T12:21:40"><abbr title="2015-04-25T12:21:40+00:00">12:21:40</abbr></a>] <span>* k-man (~jason@unaffiliated/k-man) has joined #beaglebone</span></li>
<li class="part">[<a href="#T12:22:38" id="T12:22:38"><abbr title="2015-04-25T12:22:38+00:00">12:22:38</abbr></a>] <span>* milad (5eb7e217@gateway/web/freenode/ip.94.183.226.23) has left #beagle</span></li>
<li class="join">[<a href="#T12:23:22" id="T12:23:22"><abbr title="2015-04-25T12:23:22+00:00">12:23:22</abbr></a>] <span>* ir2ivps3 (~ir2ivps3@169.53.134.171-static.reverse.softlayer.com) has joined #beagle</span></li>
<li class="join">[<a href="#T12:24:16" id="T12:24:16"><abbr title="2015-04-25T12:24:16+00:00">12:24:16</abbr></a>] <span>* tdy (~tdy@unaffiliated/tdy) has joined #beagle</span></li>
<li class="quit">[<a href="#T12:36:34" id="T12:36:34"><abbr title="2015-04-25T12:36:34+00:00">12:36:34</abbr></a>] <span>* gusnan (~gusnan@unaffiliated/gusnan) Quit (Ping timeout: 255 seconds)</span></li>
<li class="join">[<a href="#T12:38:11" id="T12:38:11"><abbr title="2015-04-25T12:38:11+00:00">12:38:11</abbr></a>] <span>* gusnan (~gusnan@unaffiliated/gusnan) has joined #beagle</span></li>
<li class="quit">[<a href="#T12:40:21" id="T12:40:21"><abbr title="2015-04-25T12:40:21+00:00">12:40:21</abbr></a>] <span>* somazero (~steve@ip72-198-83-168.ok.ok.cox.net) Quit (Quit: leaving)</span></li>
<li class="quit">[<a href="#T12:42:48" id="T12:42:48"><abbr title="2015-04-25T12:42:48+00:00">12:42:48</abbr></a>] <span>* gustavoz (~gustavoz@181.46.99.160) Quit (Quit: Leaving)</span></li>
<li class="quit">[<a href="#T12:44:26" id="T12:44:26"><abbr title="2015-04-25T12:44:26+00:00">12:44:26</abbr></a>] <span>* k-man (~jason@unaffiliated/k-man) Quit (Read error: Connection reset by peer)</span></li>
<li class="join">[<a href="#T12:45:02" id="T12:45:02"><abbr title="2015-04-25T12:45:02+00:00">12:45:02</abbr></a>] <span>* SimonZsolt (bc1876bb@gateway/web/freenode/ip.188.24.118.187) has joined #beagle</span></li>
<li class="join">[<a href="#T12:45:29" id="T12:45:29"><abbr title="2015-04-25T12:45:29+00:00">12:45:29</abbr></a>] <span>* somazero (~steve@ip72-198-83-168.ok.ok.cox.net) has joined #beagle</span></li>
<li class="message">[<a href="#T12:46:58" id="T12:46:58"><abbr title="2015-04-25T12:46:58+00:00">12:46:58</abbr></a>] &lt;<cite>SimonZsolt</cite>&gt; <q>Hello Guys :) i have a huge problem with my BBB. it fell off to the floor last evening, it was in his case, it fell 1 meter to the ground and now it doesnt boot up. just the power led is on, the other ones are off, and i dont see it on my network list either. pls help me out, guys. Zsolt</q></li>
<li class="message">[<a href="#T12:47:13" id="T12:47:13"><abbr title="2015-04-25T12:47:13+00:00">12:47:13</abbr></a>] &lt;<cite>_av500_</cite>&gt; <q>maybe its broken</q></li>
<li class="message">[<a href="#T12:47:29" id="T12:47:29"><abbr title="2015-04-25T12:47:29+00:00">12:47:29</abbr></a>] &lt;<cite>SimonZsolt</cite>&gt; <q>it can break so easily?</q></li>
<li class="message">[<a href="#T12:48:20" id="T12:48:20"><abbr title="2015-04-25T12:48:20+00:00">12:48:20</abbr></a>] &lt;<cite>_av500_</cite>&gt; <q>I dont think it was drop tested</q></li>
<li class="quit">[<a href="#T12:48:23" id="T12:48:23"><abbr title="2015-04-25T12:48:23+00:00">12:48:23</abbr></a>] <span>* jzaw (~jzaw@loki.dzki.co.uk) Quit (Quit: really? must I leave? aw pls let me stay!)</span></li>
<li class="message">[<a href="#T12:49:07" id="T12:49:07"><abbr title="2015-04-25T12:49:07+00:00">12:49:07</abbr></a>] &lt;<cite>SimonZsolt</cite>&gt; <q>oh god, that is badbadnotgood....</q></li>
<li class="message">[<a href="#T12:49:27" id="T12:49:27"><abbr title="2015-04-25T12:49:27+00:00">12:49:27</abbr></a>] &lt;<cite>_av500_</cite>&gt; <q>well, its hard to say from looking at a line in IRC</q></li>
<li class="message">[<a href="#T12:49:43" id="T12:49:43"><abbr title="2015-04-25T12:49:43+00:00">12:49:43</abbr></a>] &lt;<cite>_av500_</cite>&gt; <q>and my crystal ball is broken too, fell off a table</q></li>
<li class="message">[<a href="#T12:52:05" id="T12:52:05"><abbr title="2015-04-25T12:52:05+00:00">12:52:05</abbr></a>] &lt;<cite>SimonZsolt</cite>&gt; <q>ok, got it, i just asked, if i could do anything about it, without buying a new one... sorry fo asking</q></li>
<li class="message">[<a href="#T12:52:24" id="T12:52:24"><abbr title="2015-04-25T12:52:24+00:00">12:52:24</abbr></a>] &lt;<cite>_av500_</cite>&gt; <q>well, inspect it</q></li>
<li class="message">[<a href="#T12:52:34" id="T12:52:34"><abbr title="2015-04-25T12:52:34+00:00">12:52:34</abbr></a>] &lt;<cite>_av500_</cite>&gt; <q>there is not much you can do</q></li>
<li class="message">[<a href="#T12:52:49" id="T12:52:49"><abbr title="2015-04-25T12:52:49+00:00">12:52:49</abbr></a>] &lt;<cite>_av500_</cite>&gt; <q>if it booted before and now does not</q></li>
<li class="message">[<a href="#T12:52:58" id="T12:52:58"><abbr title="2015-04-25T12:52:58+00:00">12:52:58</abbr></a>] &lt;<cite>_av500_</cite>&gt; <q>you could try to boot from SD card</q></li>
<li class="message">[<a href="#T12:53:30" id="T12:53:30"><abbr title="2015-04-25T12:53:30+00:00">12:53:30</abbr></a>] &lt;<cite>_av500_</cite>&gt; <q>if one of the lines to the emmc has gone bad</q></li>
<li class="message">[<a href="#T12:54:08" id="T12:54:08"><abbr title="2015-04-25T12:54:08+00:00">12:54:08</abbr></a>] &lt;<cite>SimonZsolt</cite>&gt; <q>ok, i will try it :)</q></li>
<li class="quit">[<a href="#T12:59:49" id="T12:59:49"><abbr title="2015-04-25T12:59:49+00:00">12:59:49</abbr></a>] <span>* gusnan (~gusnan@unaffiliated/gusnan) Quit (Ping timeout: 256 seconds)</span></li>
<li class="join">[<a href="#T13:00:26" id="T13:00:26"><abbr title="2015-04-25T13:00:26+00:00">13:00:26</abbr></a>] <span>* k-man (~jason@unaffiliated/k-man) has joined #beaglebone</span></li>
<li class="join">[<a href="#T13:01:22" id="T13:01:22"><abbr title="2015-04-25T13:01:22+00:00">13:01:22</abbr></a>] <span>* gusnan (~gusnan@unaffiliated/gusnan) has joined #beagle</span></li>
<li class="join">[<a href="#T13:06:17" id="T13:06:17"><abbr title="2015-04-25T13:06:17+00:00">13:06:17</abbr></a>] <span>* jzaw (~jzaw@loki.dzki.co.uk) has joined #beagle</span></li>
<li class="join">[<a href="#T13:11:53" id="T13:11:53"><abbr title="2015-04-25T13:11:53+00:00">13:11:53</abbr></a>] <span>* geekswine (uid67098@gateway/web/irccloud.com/x-asrtpnwyzpyrbjmc) has joined #beagle</span></li>
<li class="message">[<a href="#T13:14:33" id="T13:14:33"><abbr title="2015-04-25T13:14:33+00:00">13:14:33</abbr></a>] &lt;<cite>GenTooMan</cite>&gt; <q>Good morning and afternoon</q></li>
<li class="nick-change">[<a href="#T13:17:10" id="T13:17:10"><abbr title="2015-04-25T13:17:10+00:00">13:17:10</abbr></a>] <span>* ketas- is now known as ketas</span></li>
<li class="quit">[<a href="#T13:30:20" id="T13:30:20"><abbr title="2015-04-25T13:30:20+00:00">13:30:20</abbr></a>] <span>* k-man (~jason@unaffiliated/k-man) Quit (Ping timeout: 272 seconds)</span></li>
<li class="join">[<a href="#T13:37:55" id="T13:37:55"><abbr title="2015-04-25T13:37:55+00:00">13:37:55</abbr></a>] <span>* zer0x (~zer0x@90.221.42.199) has joined #beagle</span></li>
<li class="join">[<a href="#T13:38:09" id="T13:38:09"><abbr title="2015-04-25T13:38:09+00:00">13:38:09</abbr></a>] <span>* shubhangi (uid69276@gateway/web/irccloud.com/x-sxuwyfqjxtiadfjf) has joined #beagle</span></li>
<li class="quit">[<a href="#T13:44:08" id="T13:44:08"><abbr title="2015-04-25T13:44:08+00:00">13:44:08</abbr></a>] <span>* yang (yang@freenode/sponsor/fsf.member.yang) Quit (Ping timeout: 245 seconds)</span></li>
<li class="join">[<a href="#T13:44:42" id="T13:44:42"><abbr title="2015-04-25T13:44:42+00:00">13:44:42</abbr></a>] <span>* k-man (~jason@unaffiliated/k-man) has joined #beaglebone</span></li>
<li class="join">[<a href="#T13:52:11" id="T13:52:11"><abbr title="2015-04-25T13:52:11+00:00">13:52:11</abbr></a>] <span>* nighty-_ (~nighty@hokuriku.rural-networks.com) has joined #beagleboard</span></li>
<li class="join">[<abbr title="2015-04-25T13:52:11+00:00">13:52:11</abbr>] <span>* yang (yang@freenode/sponsor/fsf.member.yang) has joined #beagle</span></li>
<li class="join">[<a href="#T14:02:13" id="T14:02:13"><abbr title="2015-04-25T14:02:13+00:00">14:02:13</abbr></a>] <span>* Shadyman (~matthew@unaffiliated/shadyman) has joined #beagle</span></li>
<li class="quit">[<a href="#T14:11:46" id="T14:11:46"><abbr title="2015-04-25T14:11:46+00:00">14:11:46</abbr></a>] <span>* SimonZsolt (bc1876bb@gateway/web/freenode/ip.188.24.118.187) Quit (Ping timeout: 246 seconds)</span></li>
<li class="join">[<a href="#T14:15:23" id="T14:15:23"><abbr title="2015-04-25T14:15:23+00:00">14:15:23</abbr></a>] <span>* emeb (~ericb@ip68-2-62-200.ph.ph.cox.net) has joined #beagle</span></li>
<li class="quit">[<a href="#T14:22:30" id="T14:22:30"><abbr title="2015-04-25T14:22:30+00:00">14:22:30</abbr></a>] <span>* Shadyman (~matthew@unaffiliated/shadyman) Quit (Quit: Leaving.)</span></li>
<li class="join">[<a href="#T14:26:33" id="T14:26:33"><abbr title="2015-04-25T14:26:33+00:00">14:26:33</abbr></a>] <span>* Shadyman (~matthew@unaffiliated/shadyman) has joined #beagle</span></li>
<li class="quit">[<a href="#T14:28:20" id="T14:28:20"><abbr title="2015-04-25T14:28:20+00:00">14:28:20</abbr></a>] <span>* Shadyman (~matthew@unaffiliated/shadyman) Quit (Client Quit)</span></li>
<li class="join">[<a href="#T14:33:07" id="T14:33:07"><abbr title="2015-04-25T14:33:07+00:00">14:33:07</abbr></a>] <span>* hamrove (~hamrove@96-8-209-215.block0.gvtc.com) has joined #beagle</span></li>
<li class="join">[<a href="#T14:42:45" id="T14:42:45"><abbr title="2015-04-25T14:42:45+00:00">14:42:45</abbr></a>] <span>* drkfdr (~darkfader@ip3e8346be.speed.planet.nl) has joined #beagle</span></li>
<li class="message">[<a href="#T14:55:46" id="T14:55:46"><abbr title="2015-04-25T14:55:46+00:00">14:55:46</abbr></a>] &lt;<cite>GenTooMan</cite>&gt; <q>hmmm someone asked about ham radio and BBB last night ...</q></li>
