<li class="join">[<a href="#T00:00:27" id="T00:00:27"><abbr title="2015-01-19T00:00:27+00:00">00:00:27</abbr></a>] <span>* BeagleBot (~PircBot@ec2-50-17-196-130.compute-1.amazonaws.com) has joined #beagle</span></li>
<li class="topic">[<abbr title="2015-01-19T00:00:27+00:00">00:00:27</abbr>] <span>* Topic is '<a href="http://beagleboard.org/chat">http://beagleboard.org/chat</a> has a guide on how to ask questions and links to the logs | never ask to ask, just ask | be patient | pastebin a boot log | <a href="http://ahsoftware.de/Beaglebone_Black_Boot_explained.svg">http://ahsoftware.de/Beaglebone_Black_Boot_explained.svg</a> | <a href="http://beagleboard.org/latest-images">http://beagleboard.org/latest-images</a> | <a href="http://beagleboard.org/Support/bone101">http://beagleboard.org/Support/bone101</a> | direct bonescript/node.js questions to #beagle-bonescript'</span></li>
<li class="topic">[<abbr title="2015-01-19T00:00:27+00:00">00:00:27</abbr>] <span>* Set by jkridner!~jkridner@pdpc/supporter/active/jkridner on Wed Oct 22 00:02:16 UTC 2014</span></li>
<li class="join">[<abbr title="2015-01-19T00:00:27+00:00">00:00:27</abbr>] <span>* BeagleBot (~PircBot@ec2-50-17-196-130.compute-1.amazonaws.com) has joined #beagleboard</span></li>
<li class="join">[<abbr title="2015-01-19T00:00:27+00:00">00:00:27</abbr>] <span>* BeagleBot (~PircBot@ec2-50-17-196-130.compute-1.amazonaws.com) has joined #beaglebone</span></li>
<li class="quit">[<a href="#T00:04:55" id="T00:04:55"><abbr title="2015-01-19T00:04:55+00:00">00:04:55</abbr></a>] <span>* c10ud (~c10ud@emesene/dictator/c10ud) Quit (Quit: cya)</span></li>
<li class="quit">[<a href="#T00:30:48" id="T00:30:48"><abbr title="2015-01-19T00:30:48+00:00">00:30:48</abbr></a>] <span>* jsnyder (~jsnyder@50-73-157-169-miami.hfc.comcastbusiness.net) Quit (Quit: counting electric sheep)</span></li>
<li class="quit">[<a href="#T00:38:28" id="T00:38:28"><abbr title="2015-01-19T00:38:28+00:00">00:38:28</abbr></a>] <span>* mrpackethead (~mrpacketh@147.200.109.203.static.cust.vf.net.nz) Quit (Remote host closed the connection)</span></li>
<li class="join">[<a href="#T00:38:49" id="T00:38:49"><abbr title="2015-01-19T00:38:49+00:00">00:38:49</abbr></a>] <span>* mrpackethead (~mrpacketh@147.200.109.203.static.cust.vf.net.nz) has joined #beagle</span></li>
<li class="quit">[<a href="#T00:42:44" id="T00:42:44"><abbr title="2015-01-19T00:42:44+00:00">00:42:44</abbr></a>] <span>* webdaford (~daford@ool-4357e09c.dyn.optonline.net) Quit (Quit: Leaving)</span></li>
<li class="join">[<a href="#T00:59:28" id="T00:59:28"><abbr title="2015-01-19T00:59:28+00:00">00:59:28</abbr></a>] <span>* SoCo_cpp___ (~soco@gateway/tor-sasl/sococpp/x-93321146) has joined #beagle</span></li>
<li class="quit">[<a href="#T01:01:33" id="T01:01:33"><abbr title="2015-01-19T01:01:33+00:00">01:01:33</abbr></a>] <span>* SoCo_cpp_ (~soco@gateway/tor-sasl/sococpp/x-93321146) Quit (Ping timeout: 250 seconds)</span></li>
<li class="part">[<a href="#T01:07:24" id="T01:07:24"><abbr title="2015-01-19T01:07:24+00:00">01:07:24</abbr></a>] <span>* kenrestivo (~kenrestiv@64.90.183.164.static.nyinternet.net) has left #beagle</span></li>
<li class="join">[<a href="#T01:09:34" id="T01:09:34"><abbr title="2015-01-19T01:09:34+00:00">01:09:34</abbr></a>] <span>* stamina (~stamina@177-211-128-083.dynamic.caiway.nl) has joined #beaglebone</span></li>
<li class="quit">[<a href="#T01:11:13" id="T01:11:13"><abbr title="2015-01-19T01:11:13+00:00">01:11:13</abbr></a>] <span>* dj_pi (~dj@c-107-5-228-80.hsd1.mi.comcast.net) Quit (Ping timeout: 244 seconds)</span></li>
<li class="quit">[<a href="#T01:14:07" id="T01:14:07"><abbr title="2015-01-19T01:14:07+00:00">01:14:07</abbr></a>] <span>* veremit (~Michael@unaffiliated/veremit) Quit (Ping timeout: 272 seconds)</span></li>
<li class="join">[<a href="#T01:16:27" id="T01:16:27"><abbr title="2015-01-19T01:16:27+00:00">01:16:27</abbr></a>] <span>* jkridner (~jkridner@pdpc/supporter/active/jkridner) has joined #beagle</span></li>
<li class="mode">[<a href="#T01:16:28" id="T01:16:28"><abbr title="2015-01-19T01:16:28+00:00">01:16:28</abbr></a>] <span>* ChanServ sets mode +o jkridner</span></li>
<li class="join">[<a href="#T01:17:37" id="T01:17:37"><abbr title="2015-01-19T01:17:37+00:00">01:17:37</abbr></a>] <span>* zyklone (4f4e0aed@gateway/web/freenode/ip.79.78.10.237) has joined #beagle</span></li>
<li class="message">[<a href="#T01:27:44" id="T01:27:44"><abbr title="2015-01-19T01:27:44+00:00">01:27:44</abbr></a>] &lt;<cite>zyklone</cite>&gt; <q>hello</q></li>
<li class="join">[<a href="#T01:28:23" id="T01:28:23"><abbr title="2015-01-19T01:28:23+00:00">01:28:23</abbr></a>] <span>* veremit (~Michael@unaffiliated/veremit) has joined #beagle</span></li>
<li class="join">[<a href="#T01:28:27" id="T01:28:27"><abbr title="2015-01-19T01:28:27+00:00">01:28:27</abbr></a>] <span>* LordWillO (~LordWillO@173-31-169-165.client.mchsi.com) has joined #beagle</span></li>
<li class="quit">[<a href="#T01:34:39" id="T01:34:39"><abbr title="2015-01-19T01:34:39+00:00">01:34:39</abbr></a>] <span>* zyklone (4f4e0aed@gateway/web/freenode/ip.79.78.10.237) Quit (Quit: Page closed)</span></li>
<li class="quit">[<a href="#T01:41:31" id="T01:41:31"><abbr title="2015-01-19T01:41:31+00:00">01:41:31</abbr></a>] <span>* j0rd (~j0rd_@unaffiliated/j0rd-/x-9112651) Quit (Read error: Connection reset by peer)</span></li>
<li class="quit">[<a href="#T01:45:53" id="T01:45:53"><abbr title="2015-01-19T01:45:53+00:00">01:45:53</abbr></a>] <span>* stamina (~stamina@177-211-128-083.dynamic.caiway.nl) Quit (Ping timeout: 255 seconds)</span></li>
<li class="join">[<a href="#T01:46:09" id="T01:46:09"><abbr title="2015-01-19T01:46:09+00:00">01:46:09</abbr></a>] <span>* j0rd (~j0rd_@unaffiliated/j0rd-/x-9112651) has joined #beagle</span></li>
<li class="quit">[<a href="#T01:46:56" id="T01:46:56"><abbr title="2015-01-19T01:46:56+00:00">01:46:56</abbr></a>] <span>* staylor_ (~staylor@184.64.253.221) Quit (Quit: My MacBook Pro has gone to sleep. ZZZzzz…)</span></li>
<li class="quit">[<a href="#T01:55:09" id="T01:55:09"><abbr title="2015-01-19T01:55:09+00:00">01:55:09</abbr></a>] <span>* mkad_ (~error@m83-182-67-49.cust.tele2.se) Quit (Ping timeout: 246 seconds)</span></li>
<li class="join">[<a href="#T01:57:58" id="T01:57:58"><abbr title="2015-01-19T01:57:58+00:00">01:57:58</abbr></a>] <span>* jsnyder (~jsnyder@50.244.148.11) has joined #beagle</span></li>
<li class="join">[<a href="#T01:58:02" id="T01:58:02"><abbr title="2015-01-19T01:58:02+00:00">01:58:02</abbr></a>] <span>* dj_pi (~dj@c-107-5-228-80.hsd1.mi.comcast.net) has joined #beagle</span></li>
