<li class="join">[<a href="#T00:00:34" id="T00:00:34"><abbr title="2015-07-29T00:00:34+00:00">00:00:34</abbr></a>] <span>* BeagleBot (~PircBot@ec2-50-17-196-130.compute-1.amazonaws.com) has joined #beagle</span></li>
<li class="topic">[<abbr title="2015-07-29T00:00:34+00:00">00:00:34</abbr>] <span>* Topic is '<a href="http://beagleboard.org/chat">http://beagleboard.org/chat</a> has a guide on how to ask questions and links to the logs | never ask to ask, just ask | be patient | pastebin a boot log | <a href="http://ahsoftware.de/Beaglebone_Black_Boot_explained.svg">http://ahsoftware.de/Beaglebone_Black_Boot_explained.svg</a> | <a href="http://beagleboard.org/latest-images">http://beagleboard.org/latest-images</a> | <a href="http://beagleboard.org/Support/bone101">http://beagleboard.org/Support/bone101</a> | direct bonescript/node.js questions to #beagle-bonescript | books: <a href="http://bit.ly/bbb-books'">http://bit.ly/bbb-books'</a></span></li>
<li class="topic">[<abbr title="2015-07-29T00:00:34+00:00">00:00:34</abbr>] <span>* Set by KotH!~attila@erica.kinali.ch on Wed Jul 15 13:55:07 UTC 2015</span></li>
<li class="join">[<abbr title="2015-07-29T00:00:34+00:00">00:00:34</abbr>] <span>* BeagleBot (~PircBot@ec2-50-17-196-130.compute-1.amazonaws.com) has joined #beagleboard</span></li>
<li class="join">[<abbr title="2015-07-29T00:00:34+00:00">00:00:34</abbr>] <span>* BeagleBot (~PircBot@ec2-50-17-196-130.compute-1.amazonaws.com) has joined #beaglebone</span></li>
<li class="quit">[<a href="#T00:03:46" id="T00:03:46"><abbr title="2015-07-29T00:03:46+00:00">00:03:46</abbr></a>] <span>* florian (~fuchs@Maemo/community/contributor/florian) Quit (Ping timeout: 244 seconds)</span></li>
<li class="quit">[<a href="#T00:06:27" id="T00:06:27"><abbr title="2015-07-29T00:06:27+00:00">00:06:27</abbr></a>] <span>* Pwillard__ (~pwillard@c-73-184-136-133.hsd1.ga.comcast.net) Quit (Quit: Leaving)</span></li>
<li class="join">[<a href="#T00:08:59" id="T00:08:59"><abbr title="2015-07-29T00:08:59+00:00">00:08:59</abbr></a>] <span>* vmayoral (~vmayoral@190.Red-81-35-114.dynamicIP.rima-tde.net) has joined #beagle</span></li>
<li class="quit">[<a href="#T00:09:38" id="T00:09:38"><abbr title="2015-07-29T00:09:38+00:00">00:09:38</abbr></a>] <span>* idwer (~irc@unaffiliated/idwer) Quit (Read error: Connection reset by peer)</span></li>
<li class="quit">[<a href="#T00:09:58" id="T00:09:58"><abbr title="2015-07-29T00:09:58+00:00">00:09:58</abbr></a>] <span>* jsabeaudry (~jsabeaudr@107-179-241-116.cpe.teksavvy.com) Quit (Ping timeout: 244 seconds)</span></li>
<li class="quit">[<a href="#T00:13:55" id="T00:13:55"><abbr title="2015-07-29T00:13:55+00:00">00:13:55</abbr></a>] <span>* vmayoral (~vmayoral@190.Red-81-35-114.dynamicIP.rima-tde.net) Quit (Ping timeout: 256 seconds)</span></li>
<li class="join">[<a href="#T00:14:02" id="T00:14:02"><abbr title="2015-07-29T00:14:02+00:00">00:14:02</abbr></a>] <span>* somazero (~somazero@ip72-198-86-61.ok.ok.cox.net) has joined #beagle</span></li>
<li class="join">[<a href="#T00:15:08" id="T00:15:08"><abbr title="2015-07-29T00:15:08+00:00">00:15:08</abbr></a>] <span>* Abhishek_ (uid26899@gateway/web/irccloud.com/x-idouwevruusaohvv) has joined #beagle</span></li>
<li class="join">[<a href="#T00:21:59" id="T00:21:59"><abbr title="2015-07-29T00:21:59+00:00">00:21:59</abbr></a>] <span>* pwillard (~pwillard@c-73-184-136-133.hsd1.ga.comcast.net) has joined #beagle</span></li>
<li class="quit">[<a href="#T00:24:59" id="T00:24:59"><abbr title="2015-07-29T00:24:59+00:00">00:24:59</abbr></a>] <span>* comboy (~quassel@tesuji.pl) Quit (Remote host closed the connection)</span></li>
<li class="join">[<a href="#T00:27:05" id="T00:27:05"><abbr title="2015-07-29T00:27:05+00:00">00:27:05</abbr></a>] <span>* comboy (~quassel@tesuji.pl) has joined #beaglebone</span></li>
<li class="quit">[<a href="#T00:32:45" id="T00:32:45"><abbr title="2015-07-29T00:32:45+00:00">00:32:45</abbr></a>] <span>* drkfdr (~darkfader@ip3e8346be.speed.planet.nl) Quit (Quit: Read error: Connection reset by peer)</span></li>
<li class="quit">[<a href="#T00:36:11" id="T00:36:11"><abbr title="2015-07-29T00:36:11+00:00">00:36:11</abbr></a>] <span>* H-H-H (~H-H-H@host-92-3-48-127.as43234.net) Quit (Quit: Leaving)</span></li>
<li class="join">[<a href="#T00:37:11" id="T00:37:11"><abbr title="2015-07-29T00:37:11+00:00">00:37:11</abbr></a>] <span>* djerome (~djerome@ip68-2-89-23.ph.ph.cox.net) has joined #beaglebone</span></li>
<li class="quit">[<a href="#T00:39:10" id="T00:39:10"><abbr title="2015-07-29T00:39:10+00:00">00:39:10</abbr></a>] <span>* Akex_ (uid58281@gateway/web/irccloud.com/x-veywkrtujomhtley) Quit (Quit: Connection closed for inactivity)</span></li>
<li class="quit">[<a href="#T00:43:57" id="T00:43:57"><abbr title="2015-07-29T00:43:57+00:00">00:43:57</abbr></a>] <span>* boB_K7IQ (~IceChat9@2601:601:8702:7e00:a9fb:8348:4a6c:916a) Quit (Ping timeout: 256 seconds)</span></li>
<li class="quit">[<a href="#T00:48:50" id="T00:48:50"><abbr title="2015-07-29T00:48:50+00:00">00:48:50</abbr></a>] <span>* linitrofe_ (~lino@pc-126-106-156-186.cm.vtr.net) Quit (Quit: Ex-Chat)</span></li>
<li class="join">[<a href="#T00:53:28" id="T00:53:28"><abbr title="2015-07-29T00:53:28+00:00">00:53:28</abbr></a>] <span>* dj_pi (~dj@c-73-191-212-56.hsd1.mi.comcast.net) has joined #beagle</span></li>
