<li class="join">[<a href="#T00:01:00" id="T00:01:00"><abbr title="2015-12-09T00:01:00+00:00">00:01:00</abbr></a>] <span>* BeagleBot (~PircBot@ec2-50-17-196-130.compute-1.amazonaws.com) has joined #beagle</span></li>
<li class="topic">[<abbr title="2015-12-09T00:01:00+00:00">00:01:00</abbr>] <span>* Topic is '<a href="http://beagleboard.org/chat">http://beagleboard.org/chat</a> has a guide on how to ask questions and links to the logs | never ask to ask, just ask | be patient | pastebin a boot log | <a href="http://ahsoftware.de/Beaglebone_Black_Boot_explained.svg">http://ahsoftware.de/Beaglebone_Black_Boot_explained.svg</a> | <a href="http://beagleboard.org/latest-images">http://beagleboard.org/latest-images</a> | <a href="http://beagleboard.org/Support/bone101">http://beagleboard.org/Support/bone101</a> | direct bonescript/node.js questions to #beagle-bonescript | books: <a href="http://bit.ly/bbb-books'">http://bit.ly/bbb-books'</a></span></li>
<li class="topic">[<abbr title="2015-12-09T00:01:00+00:00">00:01:00</abbr>] <span>* Set by KotH!~attila@erica.kinali.ch on Wed Jul 15 13:55:07 UTC 2015</span></li>
<li class="join">[<abbr title="2015-12-09T00:01:00+00:00">00:01:00</abbr>] <span>* BeagleBot (~PircBot@ec2-50-17-196-130.compute-1.amazonaws.com) has joined #beagleboard</span></li>
<li class="join">[<abbr title="2015-12-09T00:01:00+00:00">00:01:00</abbr>] <span>* BeagleBot (~PircBot@ec2-50-17-196-130.compute-1.amazonaws.com) has joined #beaglebone</span></li>
<li class="message">[<a href="#T00:01:51" id="T00:01:51"><abbr title="2015-12-09T00:01:51+00:00">00:01:51</abbr></a>] &lt;<cite>ds2</cite>&gt; <q>p</q></li>
<li class="quit">[<a href="#T00:02:18" id="T00:02:18"><abbr title="2015-12-09T00:02:18+00:00">00:02:18</abbr></a>] <span>* Angss (~ubuntu@85.235.10.194) Quit (Ping timeout: 256 seconds)</span></li>
<li class="quit">[<abbr title="2015-12-09T00:02:18+00:00">00:02:18</abbr>] <span>* Angs (~ubuntu@85.235.10.194) Quit (Ping timeout: 256 seconds)</span></li>
<li class="message">[<a href="#T00:04:00" id="T00:04:00"><abbr title="2015-12-09T00:04:00+00:00">00:04:00</abbr></a>] &lt;<cite>GenTooMan</cite>&gt; <q>:D</q></li>
<li class="message">[<a href="#T00:04:59" id="T00:04:59"><abbr title="2015-12-09T00:04:59+00:00">00:04:59</abbr></a>] &lt;<cite>GenTooMan</cite>&gt; <q>I found an odle sandisk cruiser that I can imasculate to install linux on my EEPC ... happy happy.</q></li>
<li class="message">[<a href="#T00:05:51" id="T00:05:51"><abbr title="2015-12-09T00:05:51+00:00">00:05:51</abbr></a>] &lt;<cite>veremit</cite>&gt; <q>an odle one no-less!</q></li>
<li class="message">[<a href="#T00:06:34" id="T00:06:34"><abbr title="2015-12-09T00:06:34+00:00">00:06:34</abbr></a>] &lt;<cite>GenTooMan</cite>&gt; <q>yes rare fiend ... err find yesh indeed. (laughs maniacally.)</q></li>
<li class="message">[<a href="#T00:06:44" id="T00:06:44"><abbr title="2015-12-09T00:06:44+00:00">00:06:44</abbr></a>] &lt;<cite>veremit</cite>&gt; <q>lol</q></li>
<li class="message">[<a href="#T00:07:37" id="T00:07:37"><abbr title="2015-12-09T00:07:37+00:00">00:07:37</abbr></a>] &lt;<cite>GenTooMan</cite>&gt; <q>The default debian install on the BBB does it use LXDE or KDE for the window mangler?</q></li>
<li class="message">[<a href="#T00:08:52" id="T00:08:52"><abbr title="2015-12-09T00:08:52+00:00">00:08:52</abbr></a>] &lt;<cite>ds2</cite>&gt; <q>which eePC?</q></li>
<li class="message">[<a href="#T00:09:03" id="T00:09:03"><abbr title="2015-12-09T00:09:03+00:00">00:09:03</abbr></a>] &lt;<cite>GenTooMan</cite>&gt; <q>my old 1005HA</q></li>
<li class="message">[<a href="#T00:09:08" id="T00:09:08"><abbr title="2015-12-09T00:09:08+00:00">00:09:08</abbr></a>] &lt;<cite>ds2</cite>&gt; <q>the one I got died in about 9 months</q></li>
<li class="message">[<a href="#T00:09:20" id="T00:09:20"><abbr title="2015-12-09T00:09:20+00:00">00:09:20</abbr></a>] &lt;<cite>ds2</cite>&gt; <q>is the power supply and track pad still working?</q></li>
<li class="message">[<a href="#T00:10:10" id="T00:10:10"><abbr title="2015-12-09T00:10:10+00:00">00:10:10</abbr></a>] &lt;<cite>GenTooMan</cite>&gt; <q>yes but that is because I got waylaid and forgot I even had it (other toys I guess) it was $200 investment (new) and well I had other things that had too be done.</q></li>
<li class="quit">[<a href="#T00:10:35" id="T00:10:35"><abbr title="2015-12-09T00:10:35+00:00">00:10:35</abbr></a>] <span>* nicksydney (~quassel@146.92-67-202.dynamic.dsl.syd.iprimus.net.au) Quit (Remote host closed the connection)</span></li>
<li class="message">[<a href="#T00:10:46" id="T00:10:46"><abbr title="2015-12-09T00:10:46+00:00">00:10:46</abbr></a>] &lt;<cite>veremit</cite>&gt; <q>bbb uses lxde I think .. kde is WAAAAY too heavyweight</q></li>
<li class="message">[<a href="#T00:11:03" id="T00:11:03"><abbr title="2015-12-09T00:11:03+00:00">00:11:03</abbr></a>] &lt;<cite>veremit</cite>&gt; <q>lxqt possibly</q></li>
<li class="message">[<a href="#T00:11:32" id="T00:11:32"><abbr title="2015-12-09T00:11:32+00:00">00:11:32</abbr></a>] &lt;<cite>GenTooMan</cite>&gt; <q>veremit thank goodness I was worried suddenly. KDE is nice but processor hungry.</q></li>
<li class="message">[<a href="#T00:12:22" id="T00:12:22"><abbr title="2015-12-09T00:12:22+00:00">00:12:22</abbr></a>] &lt;<cite>veremit</cite>&gt; <q>yeah only really suitable for a desktop processor</q></li>
<li class="message">[<a href="#T00:12:23" id="T00:12:23"><abbr title="2015-12-09T00:12:23+00:00">00:12:23</abbr></a>] &lt;<cite>ds2</cite>&gt; <q>blah guis</q></li>
<li class="message">[<a href="#T00:12:36" id="T00:12:36"><abbr title="2015-12-09T00:12:36+00:00">00:12:36</abbr></a>] &lt;<cite>veremit</cite>&gt; <q>I like it though</q></li>
<li class="message">[<abbr title="2015-12-09T00:12:36+00:00">00:12:36</abbr>] &lt;<cite>ds2</cite>&gt; <q>the X15 might handle KDE just fine }:-)</q></li>
<li class="quit">[<a href="#T00:13:12" id="T00:13:12"><abbr title="2015-12-09T00:13:12+00:00">00:13:12</abbr></a>] <span>* clonak (~clonak@203.96.205.116) Quit (Ping timeout: 272 seconds)</span></li>
<li class="message">[<a href="#T00:13:17" id="T00:13:17"><abbr title="2015-12-09T00:13:17+00:00">00:13:17</abbr></a>] &lt;<cite>veremit</cite>&gt; <q>hey jkdridner .. I need to evaluate kde on the x15.. please can I get one ... *grin*</q></li>
<li class="join">[<a href="#T00:13:26" id="T00:13:26"><abbr title="2015-12-09T00:13:26+00:00">00:13:26</abbr></a>] <span>* nicksydney (~quassel@146.92-67-202.dynamic.dsl.syd.iprimus.net.au) has joined #beagle</span></li>
<li class="message">[<a href="#T00:14:03" id="T00:14:03"><abbr title="2015-12-09T00:14:03+00:00">00:14:03</abbr></a>] &lt;<cite>ds2</cite>&gt; <q>slap on a sata raid</q></li>
<li class="message">[<a href="#T00:14:14" id="T00:14:14"><abbr title="2015-12-09T00:14:14+00:00">00:14:14</abbr></a>] &lt;<cite>ds2</cite>&gt; <q>toss the thing in a giant cooler\</q></li>
<li class="message">[<a href="#T00:15:07" id="T00:15:07"><abbr title="2015-12-09T00:15:07+00:00">00:15:07</abbr></a>] &lt;<cite>GenTooMan</cite>&gt; <q>well the only issue I would have is the X15 has only 2G you need 4G with KDE these days. And gnome... forget it it wants 8Gig not to run slow.</q></li>
<li class="message">[<a href="#T00:15:26" id="T00:15:26"><abbr title="2015-12-09T00:15:26+00:00">00:15:26</abbr></a>] &lt;<cite>veremit</cite>&gt; <q>phuk that</q></li>
<li class="message">[<a href="#T00:15:27" id="T00:15:27"><abbr title="2015-12-09T00:15:27+00:00">00:15:27</abbr></a>] &lt;<cite>GenTooMan</cite>&gt; <q>The X15 32bit or 64bit?</q></li>
<li class="message">[<a href="#T00:15:52" id="T00:15:52"><abbr title="2015-12-09T00:15:52+00:00">00:15:52</abbr></a>] &lt;<cite>ds2</cite>&gt; <q>i got better things to do then to run GUIs on my Beagles :D</q></li>
<li class="message">[<a href="#T00:16:07" id="T00:16:07"><abbr title="2015-12-09T00:16:07+00:00">00:16:07</abbr></a>] &lt;<cite>GenTooMan</cite>&gt; <q>Gnome 2 could run comfy with 2G though.</q></li>
<li class="message">[<a href="#T00:16:36" id="T00:16:36"><abbr title="2015-12-09T00:16:36+00:00">00:16:36</abbr></a>] &lt;<cite>GenTooMan</cite>&gt; <q>ds2 I was thinking of running matchbox actually.</q></li>
<li class="message">[<a href="#T00:17:13" id="T00:17:13"><abbr title="2015-12-09T00:17:13+00:00">00:17:13</abbr></a>] &lt;<cite>ds2</cite>&gt; <q>GenTooMan: got a guide to configuring matchbox?</q></li>
<li class="message">[<a href="#T00:17:20" id="T00:17:20"><abbr title="2015-12-09T00:17:20+00:00">00:17:20</abbr></a>] &lt;<cite>ds2</cite>&gt; <q>too many options</q></li>
<li class="message">[<a href="#T00:17:29" id="T00:17:29"><abbr title="2015-12-09T00:17:29+00:00">00:17:29</abbr></a>] &lt;<cite>ds2</cite>&gt; <q>and it seems to want to load a whole kitchen sink</q></li>
<li class="message">[<a href="#T00:17:52" id="T00:17:52"><abbr title="2015-12-09T00:17:52+00:00">00:17:52</abbr></a>] &lt;<cite>GenTooMan</cite>&gt; <q>what about enlightenment?</q></li>
<li class="message">[<a href="#T00:18:48" id="T00:18:48"><abbr title="2015-12-09T00:18:48+00:00">00:18:48</abbr></a>] &lt;<cite>ds2</cite>&gt; <q>twm/fvwm was about the last wm's that are easy to configure</q></li>
<li class="message">[<a href="#T00:20:39" id="T00:20:39"><abbr title="2015-12-09T00:20:39+00:00">00:20:39</abbr></a>] &lt;<cite>veremit</cite>&gt; <q>openbox surely</q></li>
<li class="quit">[<a href="#T00:21:42" id="T00:21:42"><abbr title="2015-12-09T00:21:42+00:00">00:21:42</abbr></a>] <span>* ghoti (~paul@hq.experiencepoint.com) Quit (Read error: Connection reset by peer)</span></li>
<li class="join">[<a href="#T00:21:48" id="T00:21:48"><abbr title="2015-12-09T00:21:48+00:00">00:21:48</abbr></a>] <span>* ghoti (~paul@hq.experiencepoint.com) has joined #beagle</span></li>
<li class="join">[<a href="#T00:22:56" id="T00:22:56"><abbr title="2015-12-09T00:22:56+00:00">00:22:56</abbr></a>] <span>* clonak (~clonak@203.96.205.116) has joined #beagle</span></li>
<li class="quit">[<a href="#T00:23:04" id="T00:23:04"><abbr title="2015-12-09T00:23:04+00:00">00:23:04</abbr></a>] <span>* Guest45186 (~pdp7@asciipr0n.com) Quit (Remote host closed the connection)</span></li>
<li class="quit">[<a href="#T00:23:07" id="T00:23:07"><abbr title="2015-12-09T00:23:07+00:00">00:23:07</abbr></a>] <span>* russell-- (~russell@74.85.245.161) Quit (Ping timeout: 260 seconds)</span></li>
<li class="join">[<a href="#T00:23:21" id="T00:23:21"><abbr title="2015-12-09T00:23:21+00:00">00:23:21</abbr></a>] <span>* pdp7 (~pdp7@asciipr0n.com) has joined #beagle</span></li>
<li class="join">[<a href="#T00:23:27" id="T00:23:27"><abbr title="2015-12-09T00:23:27+00:00">00:23:27</abbr></a>] <span>* russell-- (~russell@74.85.245.161) has joined #beagle</span></li>
<li class="nick-change">[<a href="#T00:23:45" id="T00:23:45"><abbr title="2015-12-09T00:23:45+00:00">00:23:45</abbr></a>] <span>* pdp7 is now known as Guest27321</span></li>
<li class="nick-change">[<a href="#T00:23:51" id="T00:23:51"><abbr title="2015-12-09T00:23:51+00:00">00:23:51</abbr></a>] <span>* russell-- is now known as Guest30509</span></li>
<li class="quit">[<a href="#T00:30:47" id="T00:30:47"><abbr title="2015-12-09T00:30:47+00:00">00:30:47</abbr></a>] <span>* bkearns (~bkearns@216-75-239-130.static.wiline.com) Quit (Read error: Connection reset by peer)</span></li>
<li class="join">[<a href="#T00:32:16" id="T00:32:16"><abbr title="2015-12-09T00:32:16+00:00">00:32:16</abbr></a>] <span>* waldo323 (~waldo323@2600:1007:b007:5792:aa60:7a23:4ff6:5e9a) has joined #beagle</span></li>
<li class="quit">[<a href="#T00:34:36" id="T00:34:36"><abbr title="2015-12-09T00:34:36+00:00">00:34:36</abbr></a>] <span>* florian (~fuchs@Maemo/community/contributor/florian) Quit (Ping timeout: 256 seconds)</span></li>
<li class="quit">[<a href="#T00:36:00" id="T00:36:00"><abbr title="2015-12-09T00:36:00+00:00">00:36:00</abbr></a>] <span>* clonak (~clonak@203.96.205.116) Quit (Ping timeout: 272 seconds)</span></li>
<li class="join">[<a href="#T00:37:44" id="T00:37:44"><abbr title="2015-12-09T00:37:44+00:00">00:37:44</abbr></a>] <span>* clonak (~clonak@203.96.205.116) has joined #beagle</span></li>
<li class="message">[<a href="#T00:46:24" id="T00:46:24"><abbr title="2015-12-09T00:46:24+00:00">00:46:24</abbr></a>] &lt;<cite>GenTooMan</cite>&gt; <q>openbox hmmm what I need is something simple to configure, and I can export information for an overlay mask and coordinate information. However before I go 'there' I just need something that can work with the small screen such as 800x480x24bit. The BBB can't use a 24bit depth screen can it?</q></li>
<li class="quit">[<a href="#T00:48:50" id="T00:48:50"><abbr title="2015-12-09T00:48:50+00:00">00:48:50</abbr></a>] <span>* idwer (~irc@unaffiliated/idwer) Quit (Read error: Connection reset by peer)</span></li>
<li class="message">[<a href="#T00:49:01" id="T00:49:01"><abbr title="2015-12-09T00:49:01+00:00">00:49:01</abbr></a>] &lt;<cite>veremit</cite>&gt; <q>I just 'activated' a 3g modem with usb_modeswitch ... I feel .. cheated.</q></li>
<li class="message">[<a href="#T00:49:16" id="T00:49:16"><abbr title="2015-12-09T00:49:16+00:00">00:49:16</abbr></a>] &lt;<cite>veremit</cite>&gt; <q>comes up as a cdc_ethernet device .. damn thing.</q></li>
<li class="message">[<a href="#T00:49:54" id="T00:49:54"><abbr title="2015-12-09T00:49:54+00:00">00:49:54</abbr></a>] &lt;<cite>veremit</cite>&gt; <q>on the plus side .. thats *really* trivial to implement lol</q></li>
<li class="quit">[<a href="#T00:50:08" id="T00:50:08"><abbr title="2015-12-09T00:50:08+00:00">00:50:08</abbr></a>] <span>* vagrantc (~vagrant@unaffiliated/vagrantc) Quit (Quit: leaving)</span></li>
<li class="quit">[<a href="#T00:51:46" id="T00:51:46"><abbr title="2015-12-09T00:51:46+00:00">00:51:46</abbr></a>] <span>* mag (~mgreer@66.228.68.140) Quit (Quit: Leaving)</span></li>
<li class="quit">[<a href="#T01:03:30" id="T01:03:30"><abbr title="2015-12-09T01:03:30+00:00">01:03:30</abbr></a>] <span>* waldo323 (~waldo323@2600:1007:b007:5792:aa60:7a23:4ff6:5e9a) Quit (Remote host closed the connection)</span></li>
<li class="quit">[<a href="#T01:11:18" id="T01:11:18"><abbr title="2015-12-09T01:11:18+00:00">01:11:18</abbr></a>] <span>* CrazyEddy (crazyed@wrongplanet/CrazyEddy) Quit (Remote host closed the connection)</span></li>
<li class="quit">[<a href="#T01:19:35" id="T01:19:35"><abbr title="2015-12-09T01:19:35+00:00">01:19:35</abbr></a>] <span>* bengo (~textual@50-203-84-2-static.hfc.comcastbusiness.net) Quit (Quit: My Mac has gone to sleep. ZZZzzz…)</span></li>
<li class="join">[<a href="#T01:21:13" id="T01:21:13"><abbr title="2015-12-09T01:21:13+00:00">01:21:13</abbr></a>] <span>* bengo (~textual@50-203-84-2-static.hfc.comcastbusiness.net) has joined #beagle</span></li>
<li class="quit">[<a href="#T01:23:14" id="T01:23:14"><abbr title="2015-12-09T01:23:14+00:00">01:23:14</abbr></a>] <span>* wmat (wmat@wallace.mixdown.ca) Quit (Quit: leaving)</span></li>
<li class="join">[<a href="#T01:24:13" id="T01:24:13"><abbr title="2015-12-09T01:24:13+00:00">01:24:13</abbr></a>] <span>* wmat (wmat@wallace.mixdown.ca) has joined #beagle</span></li>
<li class="mode">[<a href="#T01:24:23" id="T01:24:23"><abbr title="2015-12-09T01:24:23+00:00">01:24:23</abbr></a>] <span>* ChanServ sets mode +o wmat</span></li>
<li class="quit">[<a href="#T01:27:39" id="T01:27:39"><abbr title="2015-12-09T01:27:39+00:00">01:27:39</abbr></a>] <span>* msvb-lab (~mschloh@x55b544df.dyn.telefonica.de) Quit (Quit: msvb-lab)</span></li>
<li class="join">[<a href="#T01:36:35" id="T01:36:35"><abbr title="2015-12-09T01:36:35+00:00">01:36:35</abbr></a>] <span>* CrazyEddy (crazyed@wrongplanet/CrazyEddy) has joined #beagle</span></li>
<li class="join">[<a href="#T01:46:30" id="T01:46:30"><abbr title="2015-12-09T01:46:30+00:00">01:46:30</abbr></a>] <span>* dj_pi (~dj@c-73-191-212-56.hsd1.mi.comcast.net) has joined #beagle</span></li>
<li class="join">[<a href="#T01:59:42" id="T01:59:42"><abbr title="2015-12-09T01:59:42+00:00">01:59:42</abbr></a>] <span>* IrishGringo (~chatzilla@c-73-49-3-5.hsd1.fl.comcast.net) has joined #beagle</span></li>
<li class="message">[<a href="#T02:06:05" id="T02:06:05"><abbr title="2015-12-09T02:06:05+00:00">02:06:05</abbr></a>] &lt;<cite>GenTooMan</cite>&gt; <q>veremit most people are cheated these days. They just don't feel it yet ;) at least its a simple ethernet adapter that is more useful than a serial port.</q></li>
<li class="message">[<a href="#T02:07:12" id="T02:07:12"><abbr title="2015-12-09T02:07:12+00:00">02:07:12</abbr></a>] &lt;<cite>veremit</cite>&gt; <q>GenTooMan: definitely</q></li>
<li class="message">[<a href="#T02:10:41" id="T02:10:41"><abbr title="2015-12-09T02:10:41+00:00">02:10:41</abbr></a>] &lt;<cite>GenTooMan</cite>&gt; <q>veremit can you change it's MAC address? or does the CELL network use the MAC address as a valid pass to use it? I know that connecting to a cell network requires several keys so that may be one of many.</q></li>
<li class="message">[<a href="#T02:11:21" id="T02:11:21"><abbr title="2015-12-09T02:11:21+00:00">02:11:21</abbr></a>] &lt;<cite>veremit</cite>&gt; <q>GenTooMan: not tried .. it lit up, dhcp'd .. seemed to work, but cant test fully without breaking another net lol</q></li>
<li class="quit">[<a href="#T02:12:29" id="T02:12:29"><abbr title="2015-12-09T02:12:29+00:00">02:12:29</abbr></a>] <span>* weox (uid112413@gateway/web/irccloud.com/x-yghmgmlopwlbbblc) Quit (Quit: Connection closed for inactivity)</span></li>
<li class="quit">[<a href="#T02:19:46" id="T02:19:46"><abbr title="2015-12-09T02:19:46+00:00">02:19:46</abbr></a>] <span>* Starduster (~guest@unaffiliated/starduster) Quit (Ping timeout: 260 seconds)</span></li>
<li class="quit">[<a href="#T02:21:19" id="T02:21:19"><abbr title="2015-12-09T02:21:19+00:00">02:21:19</abbr></a>] <span>* dwery (~dwery@nslu2-linux/dwery) Quit (Ping timeout: 250 seconds)</span></li>
<li class="join">[<a href="#T02:21:42" id="T02:21:42"><abbr title="2015-12-09T02:21:42+00:00">02:21:42</abbr></a>] <span>* zauslande (~zauslande@66.53.81.229) has joined #beagle</span></li>
<li class="quit">[<a href="#T02:27:18" id="T02:27:18"><abbr title="2015-12-09T02:27:18+00:00">02:27:18</abbr></a>] <span>* Akex_ (uid58281@gateway/web/irccloud.com/x-mudkvgalmbghsfxe) Quit (Quit: Connection closed for inactivity)</span></li>
<li class="quit">[<a href="#T02:30:57" id="T02:30:57"><abbr title="2015-12-09T02:30:57+00:00">02:30:57</abbr></a>] <span>* pwillard (~pwillard@c-73-184-136-133.hsd1.ga.comcast.net) Quit (Quit: Leaving)</span></li>
<li class="message">[<a href="#T02:35:28" id="T02:35:28"><abbr title="2015-12-09T02:35:28+00:00">02:35:28</abbr></a>] &lt;<cite>GenTooMan</cite>&gt; <q>veremit If you plan on using it for something useful, I guess that would be problematic then huh?</q></li>
<li class="quit">[<a href="#T02:35:52" id="T02:35:52"><abbr title="2015-12-09T02:35:52+00:00">02:35:52</abbr></a>] <span>* Humpelstilzchen (erik@f054109218.adsl.alicedsl.de) Quit (Ping timeout: 256 seconds)</span></li>
<li class="message">[<a href="#T02:35:57" id="T02:35:57"><abbr title="2015-12-09T02:35:57+00:00">02:35:57</abbr></a>] &lt;<cite>veremit</cite>&gt; <q>:p</q></li>
<li class="message">[<a href="#T02:36:15" id="T02:36:15"><abbr title="2015-12-09T02:36:15+00:00">02:36:15</abbr></a>] &lt;<cite>veremit</cite>&gt; <q>test rig aint here</q></li>
<li class="join">[<a href="#T02:36:57" id="T02:36:57"><abbr title="2015-12-09T02:36:57+00:00">02:36:57</abbr></a>] <span>* Defiant (erik@f054254255.adsl.alicedsl.de) has joined #beagle</span></li>
<li class="join">[<a href="#T03:00:28" id="T03:00:28"><abbr title="2015-12-09T03:00:28+00:00">03:00:28</abbr></a>] <span>* tws2172 (~tws2172@csh-nat-01.csh.rit.edu) has joined #beagle</span></li>
<li class="quit">[<a href="#T03:01:26" id="T03:01:26"><abbr title="2015-12-09T03:01:26+00:00">03:01:26</abbr></a>] <span>* GenTooMan (~gentoo@pool-108-39-146-142.pitbpa.fios.verizon.net) Quit (Remote host closed the connection)</span></li>
<li class="join">[<a href="#T03:03:12" id="T03:03:12"><abbr title="2015-12-09T03:03:12+00:00">03:03:12</abbr></a>] <span>* GenTooMan (~gentoo@pool-108-39-146-142.pitbpa.fios.verizon.net) has joined #beagle</span></li>
<li class="quit">[<a href="#T03:04:24" id="T03:04:24"><abbr title="2015-12-09T03:04:24+00:00">03:04:24</abbr></a>] <span>* dlan (~dennis@gentoo/developer/dlan) Quit (Quit: leaving)</span></li>
<li class="join">[<a href="#T03:05:09" id="T03:05:09"><abbr title="2015-12-09T03:05:09+00:00">03:05:09</abbr></a>] <span>* dlan (~dennis@gentoo/developer/dlan) has joined #beagle</span></li>
<li class="quit">[<a href="#T03:06:32" id="T03:06:32"><abbr title="2015-12-09T03:06:32+00:00">03:06:32</abbr></a>] <span>* tws2172 (~tws2172@csh-nat-01.csh.rit.edu) Quit (Quit: Leaving)</span></li>
<li class="join">[<a href="#T03:07:45" id="T03:07:45"><abbr title="2015-12-09T03:07:45+00:00">03:07:45</abbr></a>] <span>* mrjazzcat (~mrjazzcat@c-50-134-253-3.hsd1.co.comcast.net) has joined #beagle</span></li>
<li class="join">[<a href="#T03:21:06" id="T03:21:06"><abbr title="2015-12-09T03:21:06+00:00">03:21:06</abbr></a>] <span>* tai271828 (~tai271828@175.41.48.77) has joined #beagle</span></li>
<li class="quit">[<a href="#T03:32:35" id="T03:32:35"><abbr title="2015-12-09T03:32:35+00:00">03:32:35</abbr></a>] <span>* dj_pi (~dj@c-73-191-212-56.hsd1.mi.comcast.net) Quit (Quit: Leaving)</span></li>
<li class="part">[<a href="#T03:50:26" id="T03:50:26"><abbr title="2015-12-09T03:50:26+00:00">03:50:26</abbr></a>] <span>* zauslande (~zauslande@66.53.81.229) has left #beagle</span></li>
<li class="join">[<a href="#T03:57:56" id="T03:57:56"><abbr title="2015-12-09T03:57:56+00:00">03:57:56</abbr></a>] <span>* Panda__ (41b794f9@gateway/web/freenode/ip.65.183.148.249) has joined #beagle</span></li>
<li class="quit">[<a href="#T04:00:16" id="T04:00:16"><abbr title="2015-12-09T04:00:16+00:00">04:00:16</abbr></a>] <span>* Panda__ (41b794f9@gateway/web/freenode/ip.65.183.148.249) Quit (Client Quit)</span></li>
<li class="join">[<a href="#T04:00:32" id="T04:00:32"><abbr title="2015-12-09T04:00:32+00:00">04:00:32</abbr></a>] <span>* Panda__ (41b794f9@gateway/web/freenode/ip.65.183.148.249) has joined #beagle</span></li>
<li class="message">[<a href="#T04:00:40" id="T04:00:40"><abbr title="2015-12-09T04:00:40+00:00">04:00:40</abbr></a>] &lt;<cite>Panda__</cite>&gt; <q>Anyone there?</q></li>
<li class="quit">[<a href="#T04:02:17" id="T04:02:17"><abbr title="2015-12-09T04:02:17+00:00">04:02:17</abbr></a>] <span>* Panda__ (41b794f9@gateway/web/freenode/ip.65.183.148.249) Quit (Client Quit)</span></li>
<li class="quit">[<a href="#T04:19:21" id="T04:19:21"><abbr title="2015-12-09T04:19:21+00:00">04:19:21</abbr></a>] <span>* bengo (~textual@50-203-84-2-static.hfc.comcastbusiness.net) Quit (Quit: My Mac has gone to sleep. ZZZzzz…)</span></li>
<li class="quit">[<a href="#T04:32:36" id="T04:32:36"><abbr title="2015-12-09T04:32:36+00:00">04:32:36</abbr></a>] <span>* CrazyEddy (crazyed@wrongplanet/CrazyEddy) Quit (Ping timeout: 256 seconds)</span></li>
<li class="quit">[<a href="#T04:33:01" id="T04:33:01"><abbr title="2015-12-09T04:33:01+00:00">04:33:01</abbr></a>] <span>* mrjazzcat (~mrjazzcat@c-50-134-253-3.hsd1.co.comcast.net) Quit (Quit: Leaving)</span></li>
<li class="join">[<a href="#T04:38:01" id="T04:38:01"><abbr title="2015-12-09T04:38:01+00:00">04:38:01</abbr></a>] <span>* abhilash (0117d3d2@gateway/web/freenode/ip.1.23.211.210) has joined #beagle</span></li>
<li class="message">[<a href="#T04:38:48" id="T04:38:48"><abbr title="2015-12-09T04:38:48+00:00">04:38:48</abbr></a>] &lt;<cite>abhilash</cite>&gt; <q>hi every one.</q></li>
<li class="message">[<a href="#T04:38:49" id="T04:38:49"><abbr title="2015-12-09T04:38:49+00:00">04:38:49</abbr></a>] &lt;<cite>abhilash</cite>&gt; <q>I am using beaglebone green with latest debain image and 4d systems LCD cape on it. Eqep0 is not working. I have loaded the bone_eqep0.dts. When i cat the perion , I am  getting 0. It would be great if someone could help me out.</q></li>
<li class="join">[<a href="#T04:42:17" id="T04:42:17"><abbr title="2015-12-09T04:42:17+00:00">04:42:17</abbr></a>] <span>* CrazyEddy (crazyed@wrongplanet/CrazyEddy) has joined #beagle</span></li>
<li class="message">[<a href="#T04:45:59" id="T04:45:59"><abbr title="2015-12-09T04:45:59+00:00">04:45:59</abbr></a>] &lt;<cite>abhilash</cite>&gt; <q>When i cat the position i get 0</q></li>
<li class="join">[<a href="#T05:01:10" id="T05:01:10"><abbr title="2015-12-09T05:01:10+00:00">05:01:10</abbr></a>] <span>* Sandhya_ (~schmid@2a02:8070:a192:2f00:226:5aff:febc:ce5f) has joined #beagle</span></li>
<li class="join">[<a href="#T05:09:24" id="T05:09:24"><abbr title="2015-12-09T05:09:24+00:00">05:09:24</abbr></a>] <span>* bengo (~textual@c-98-210-158-252.hsd1.ca.comcast.net) has joined #beagle</span></li>
<li class="join">[<a href="#T05:30:25" id="T05:30:25"><abbr title="2015-12-09T05:30:25+00:00">05:30:25</abbr></a>] <span>* Starduster (~guest@unaffiliated/starduster) has joined #beagle</span></li>
<li class="quit">[<a href="#T05:47:48" id="T05:47:48"><abbr title="2015-12-09T05:47:48+00:00">05:47:48</abbr></a>] <span>* dlan (~dennis@gentoo/developer/dlan) Quit (Ping timeout: 272 seconds)</span></li>
<li class="join">[<a href="#T05:48:22" id="T05:48:22"><abbr title="2015-12-09T05:48:22+00:00">05:48:22</abbr></a>] <span>* dlan (~dennis@gentoo/developer/dlan) has joined #beagle</span></li>
<li class="join">[<a href="#T05:49:33" id="T05:49:33"><abbr title="2015-12-09T05:49:33+00:00">05:49:33</abbr></a>] <span>* zacdev (~zacdev@unaffiliated/zacdev) has joined #beagle</span></li>
<li class="join">[<abbr title="2015-12-09T05:49:33+00:00">05:49:33</abbr>] <span>* zacdev (~zacdev@unaffiliated/zacdev) has joined #beaglebone</span></li>
<li class="quit">[<a href="#T05:55:03" id="T05:55:03"><abbr title="2015-12-09T05:55:03+00:00">05:55:03</abbr></a>] <span>* zacdev (~zacdev@unaffiliated/zacdev) Quit (Read error: Connection reset by peer)</span></li>
<li class="join">[<a href="#T05:56:40" id="T05:56:40"><abbr title="2015-12-09T05:56:40+00:00">05:56:40</abbr></a>] <span>* zacdev (~zacdev@unaffiliated/zacdev) has joined #beagle</span></li>
<li class="join">[<abbr title="2015-12-09T05:56:40+00:00">05:56:40</abbr>] <span>* zacdev (~zacdev@unaffiliated/zacdev) has joined #beaglebone</span></li>
<li class="join">[<a href="#T06:03:01" id="T06:03:01"><abbr title="2015-12-09T06:03:01+00:00">06:03:01</abbr></a>] <span>* uavcam (~deuse@183.14.7.76) has joined #beagle</span></li>
<li class="quit">[<a href="#T06:03:11" id="T06:03:11"><abbr title="2015-12-09T06:03:11+00:00">06:03:11</abbr></a>] <span>* tai271828 (~tai271828@175.41.48.77) Quit (Ping timeout: 250 seconds)</span></li>
<li class="join">[<a href="#T06:04:09" id="T06:04:09"><abbr title="2015-12-09T06:04:09+00:00">06:04:09</abbr></a>] <span>* tai271828 (~tai271828@175.41.48.77) has joined #beagle</span></li>
<li class="quit">[<a href="#T06:07:12" id="T06:07:12"><abbr title="2015-12-09T06:07:12+00:00">06:07:12</abbr></a>] <span>* otherrealm (~Someone@24-151-92-62.dhcp.nwtn.ct.charter.com) Quit (Read error: Connection reset by peer)</span></li>
<li class="join">[<a href="#T06:09:25" id="T06:09:25"><abbr title="2015-12-09T06:09:25+00:00">06:09:25</abbr></a>] <span>* otherrealm (~Someone@24-151-92-62.dhcp.nwtn.ct.charter.com) has joined #beagle</span></li>
<li class="join">[<a href="#T06:16:29" id="T06:16:29"><abbr title="2015-12-09T06:16:29+00:00">06:16:29</abbr></a>] <span>* foundatron (~foundatro@unaffiliated/foundatron) has joined #beagle</span></li>
<li class="join">[<a href="#T06:21:46" id="T06:21:46"><abbr title="2015-12-09T06:21:46+00:00">06:21:46</abbr></a>] <span>* Ceriand|desktop (~Ceriand@unaffiliated/ceriand) has joined #beagle</span></li>
<li class="quit">[<a href="#T06:36:45" id="T06:36:45"><abbr title="2015-12-09T06:36:45+00:00">06:36:45</abbr></a>] <span>* bengo (~textual@c-98-210-158-252.hsd1.ca.comcast.net) Quit (Quit: My Mac has gone to sleep. ZZZzzz…)</span></li>
<li class="join">[<a href="#T06:38:20" id="T06:38:20"><abbr title="2015-12-09T06:38:20+00:00">06:38:20</abbr></a>] <span>* bengo (~textual@c-98-210-158-252.hsd1.ca.comcast.net) has joined #beagle</span></li>
<li class="join">[<a href="#T06:58:55" id="T06:58:55"><abbr title="2015-12-09T06:58:55+00:00">06:58:55</abbr></a>] <span>* johanhenselmans (~johanhens@pretsense.xs4all.nl) has joined #beagle</span></li>
<li class="join">[<a href="#T07:18:29" id="T07:18:29"><abbr title="2015-12-09T07:18:29+00:00">07:18:29</abbr></a>] <span>* bearsh|work (~quassel@252.212.107.92.dynamic.wline.res.cust.swisscom.ch) has joined #beagle</span></li>
<li class="quit">[<a href="#T07:24:49" id="T07:24:49"><abbr title="2015-12-09T07:24:49+00:00">07:24:49</abbr></a>] <span>* zacdev (~zacdev@unaffiliated/zacdev) Quit (Quit: zacdev)</span></li>
<li class="quit">[<a href="#T07:25:07" id="T07:25:07"><abbr title="2015-12-09T07:25:07+00:00">07:25:07</abbr></a>] <span>* Ceriand|desktop (~Ceriand@unaffiliated/ceriand) Quit (Quit: Leaving.)</span></li>
<li class="join">[<a href="#T07:25:25" id="T07:25:25"><abbr title="2015-12-09T07:25:25+00:00">07:25:25</abbr></a>] <span>* NulL` (~bleh1@178.16.0.123) has joined #beagle</span></li>
<li class="join">[<a href="#T07:27:29" id="T07:27:29"><abbr title="2015-12-09T07:27:29+00:00">07:27:29</abbr></a>] <span>* Yotson (~Yotson@2001:980:6ac8:1:4150:dc98:e1e1:5b6) has joined #beagle</span></li>
<li class="join">[<a href="#T07:34:10" id="T07:34:10"><abbr title="2015-12-09T07:34:10+00:00">07:34:10</abbr></a>] <span>* rob_w (~bob@93.104.205.194) has joined #beagle</span></li>
<li class="quit">[<abbr title="2015-12-09T07:34:10+00:00">07:34:10</abbr>] <span>* rob_w (~bob@93.104.205.194) Quit (Changing host)</span></li>
<li class="join">[<abbr title="2015-12-09T07:34:10+00:00">07:34:10</abbr>] <span>* rob_w (~bob@unaffiliated/rob-w/x-1112029) has joined #beagle</span></li>
<li class="quit">[<a href="#T07:38:56" id="T07:38:56"><abbr title="2015-12-09T07:38:56+00:00">07:38:56</abbr></a>] <span>* johanhenselmans (~johanhens@pretsense.xs4all.nl) Quit (Quit: johanhenselmans)</span></li>
<li class="join">[<a href="#T07:40:31" id="T07:40:31"><abbr title="2015-12-09T07:40:31+00:00">07:40:31</abbr></a>] <span>* eyck (~eyck@u28n61.nowanet.pl) has joined #beagle</span></li>
<li class="join">[<a href="#T07:43:21" id="T07:43:21"><abbr title="2015-12-09T07:43:21+00:00">07:43:21</abbr></a>] <span>* msvb-lab (~mschloh@x55b54ab9.dyn.telefonica.de) has joined #beagle</span></li>
<li class="join">[<a href="#T07:43:31" id="T07:43:31"><abbr title="2015-12-09T07:43:31+00:00">07:43:31</abbr></a>] <span>* roric (~roric@h196n19-vrr-a31.ias.bredband.telia.com) has joined #beagleboard</span></li>
<li class="join">[<abbr title="2015-12-09T07:43:31+00:00">07:43:31</abbr>] <span>* roric (~roric@h196n19-vrr-a31.ias.bredband.telia.com) has joined #beaglebone</span></li>
<li class="quit">[<a href="#T07:50:56" id="T07:50:56"><abbr title="2015-12-09T07:50:56+00:00">07:50:56</abbr></a>] <span>* roric (~roric@h196n19-vrr-a31.ias.bredband.telia.com) Quit (Ping timeout: 256 seconds)</span></li>
<li class="join">[<a href="#T07:57:46" id="T07:57:46"><abbr title="2015-12-09T07:57:46+00:00">07:57:46</abbr></a>] <span>* johanhenselmans (~johanhens@pretsense.xs4all.nl) has joined #beagle</span></li>
<li class="join">[<a href="#T08:01:43" id="T08:01:43"><abbr title="2015-12-09T08:01:43+00:00">08:01:43</abbr></a>] <span>* jpirko (~jirka@ip-94-113-120-24.net.upcbroadband.cz) has joined #beagle</span></li>
<li class="join">[<a href="#T08:12:49" id="T08:12:49"><abbr title="2015-12-09T08:12:49+00:00">08:12:49</abbr></a>] <span>* BennyB_ (~heldb@host-88-217-198-167.customer.m-online.net) has joined #beagle</span></li>
<li class="quit">[<a href="#T08:17:16" id="T08:17:16"><abbr title="2015-12-09T08:17:16+00:00">08:17:16</abbr></a>] <span>* Dimik (~Dimik@pool-74-101-99-23.nycmny.fios.verizon.net) Quit ()</span></li>
<li class="quit">[<a href="#T08:18:08" id="T08:18:08"><abbr title="2015-12-09T08:18:08+00:00">08:18:08</abbr></a>] <span>* NulL` (~bleh1@178.16.0.123) Quit (Ping timeout: 246 seconds)</span></li>
<li class="join">[<a href="#T08:21:14" id="T08:21:14"><abbr title="2015-12-09T08:21:14+00:00">08:21:14</abbr></a>] <span>* florian_kc (~fuchs@Maemo/community/contributor/florian) has joined #beagle</span></li>
<li class="quit">[<a href="#T08:22:50" id="T08:22:50"><abbr title="2015-12-09T08:22:50+00:00">08:22:50</abbr></a>] <span>* praneeth (praneeth@nat/ti/x-empspqvexfawbywt) Quit (Remote host closed the connection)</span></li>
<li class="join">[<a href="#T08:23:18" id="T08:23:18"><abbr title="2015-12-09T08:23:18+00:00">08:23:18</abbr></a>] <span>* praneeth (praneeth@nat/ti/x-vznfwadjbwthwhho) has joined #beagle</span></li>
<li class="join">[<a href="#T08:24:13" id="T08:24:13"><abbr title="2015-12-09T08:24:13+00:00">08:24:13</abbr></a>] <span>* Angss (~ubuntu@85.235.10.194) has joined #beagle</span></li>
<li class="join">[<a href="#T08:24:14" id="T08:24:14"><abbr title="2015-12-09T08:24:14+00:00">08:24:14</abbr></a>] <span>* Angs (~ubuntu@85.235.10.194) has joined #beagle</span></li>
<li class="join">[<a href="#T08:32:02" id="T08:32:02"><abbr title="2015-12-09T08:32:02+00:00">08:32:02</abbr></a>] <span>* ppisati (~ppisati@2-230-238-136.ip204.fastwebnet.it) has joined #beagle</span></li>
<li class="quit">[<a href="#T08:36:16" id="T08:36:16"><abbr title="2015-12-09T08:36:16+00:00">08:36:16</abbr></a>] <span>* jamesaxl_ (~jamesaxl@41.140.206.52) Quit (Ping timeout: 272 seconds)</span></li>
<li class="nick-change">[<a href="#T08:38:15" id="T08:38:15"><abbr title="2015-12-09T08:38:15+00:00">08:38:15</abbr></a>] <span>* florian_kc is now known as florian</span></li>
<li class="join">[<a href="#T08:41:10" id="T08:41:10"><abbr title="2015-12-09T08:41:10+00:00">08:41:10</abbr></a>] <span>* dwery (~dwery@nslu2-linux/dwery) has joined #beagle</span></li>
<li class="join">[<a href="#T08:57:02" id="T08:57:02"><abbr title="2015-12-09T08:57:02+00:00">08:57:02</abbr></a>] <span>* sdan (~ubuntu@85.235.10.194) has joined #beagle</span></li>
<li class="quit">[<a href="#T09:03:56" id="T09:03:56"><abbr title="2015-12-09T09:03:56+00:00">09:03:56</abbr></a>] <span>* sdan (~ubuntu@85.235.10.194) Quit (Quit: Leaving)</span></li>
<li class="quit">[<a href="#T09:04:11" id="T09:04:11"><abbr title="2015-12-09T09:04:11+00:00">09:04:11</abbr></a>] <span>* Angss (~ubuntu@85.235.10.194) Quit (Quit: Leaving)</span></li>
<li class="message">[<a href="#T09:04:36" id="T09:04:36"><abbr title="2015-12-09T09:04:36+00:00">09:04:36</abbr></a>] &lt;<cite>zmatt</cite>&gt; <q>abhilash: I did some quick tests with QEO a while ago, seemed to work fine... haven't tied useing the kernel driver though</q></li>
<li class="message">[<a href="#T09:07:44" id="T09:07:44"><abbr title="2015-12-09T09:07:44+00:00">09:07:44</abbr></a>] &lt;<cite>abhilash</cite>&gt; <q>thanks zmatt</q></li>
<li class="message">[<a href="#T09:08:24" id="T09:08:24"><abbr title="2015-12-09T09:08:24+00:00">09:08:24</abbr></a>] &lt;<cite>abhilash</cite>&gt; <q>actually the thing is in 4d CAPE, they are using GPIO3_19</q></li>
<li class="message">[<a href="#T09:08:30" id="T09:08:30"><abbr title="2015-12-09T09:08:30+00:00">09:08:30</abbr></a>] &lt;<cite>abhilash</cite>&gt; <q>i did a dmesg | tail</q></li>
<li class="message">[<a href="#T09:08:41" id="T09:08:41"><abbr title="2015-12-09T09:08:41+00:00">09:08:41</abbr></a>] &lt;<cite>abhilash</cite>&gt; <q>there was conflict</q></li>
<li class="join">[<a href="#T09:10:22" id="T09:10:22"><abbr title="2015-12-09T09:10:22+00:00">09:10:22</abbr></a>] <span>* kiwichri_ (~kiwichris@CPE-60-225-146-35.hhui6.ken.bigpond.net.au) has joined #beagle</span></li>
<li class="quit">[<a href="#T09:20:42" id="T09:20:42"><abbr title="2015-12-09T09:20:42+00:00">09:20:42</abbr></a>] <span>* av500 (~av500@b2b-46-252-131-98.unitymedia.biz) Quit (Ping timeout: 260 seconds)</span></li>
<li class="quit">[<a href="#T09:23:54" id="T09:23:54"><abbr title="2015-12-09T09:23:54+00:00">09:23:54</abbr></a>] <span>* abhilash (0117d3d2@gateway/web/freenode/ip.1.23.211.210) Quit (Quit: Page closed)</span></li>
<li class="join">[<a href="#T09:34:07" id="T09:34:07"><abbr title="2015-12-09T09:34:07+00:00">09:34:07</abbr></a>] <span>* av500 (~av500@b2b-46-252-131-98.unitymedia.biz) has joined #beagle</span></li>
<li class="mode">[<abbr title="2015-12-09T09:34:07+00:00">09:34:07</abbr>] <span>* ChanServ sets mode +o av500</span></li>
<li class="quit">[<a href="#T09:38:54" id="T09:38:54"><abbr title="2015-12-09T09:38:54+00:00">09:38:54</abbr></a>] <span>* bengo (~textual@c-98-210-158-252.hsd1.ca.comcast.net) Quit (Quit: My Mac has gone to sleep. ZZZzzz…)</span></li>
<li class="join">[<a href="#T09:50:06" id="T09:50:06"><abbr title="2015-12-09T09:50:06+00:00">09:50:06</abbr></a>] <span>* Akex_ (uid58281@gateway/web/irccloud.com/x-yeytjvdszbqqyixj) has joined #beagle</span></li>
<li class="join">[<a href="#T09:57:31" id="T09:57:31"><abbr title="2015-12-09T09:57:31+00:00">09:57:31</abbr></a>] <span>* DJWillis (~djwillis@cpc2-trow6-2-0-cust204.aztw.cable.virginm.net) has joined #beagle</span></li>
<li class="join">[<a href="#T10:29:41" id="T10:29:41"><abbr title="2015-12-09T10:29:41+00:00">10:29:41</abbr></a>] <span>* lyakh (~lyakh@xdsl-84-44-250-172.netcologne.de) has joined #beagle</span></li>
<li class="join">[<a href="#T10:48:25" id="T10:48:25"><abbr title="2015-12-09T10:48:25+00:00">10:48:25</abbr></a>] <span>* irc_user (4d0d6beb@gateway/web/freenode/ip.77.13.107.235) has joined #beaglebone</span></li>
<li class="join">[<a href="#T10:48:49" id="T10:48:49"><abbr title="2015-12-09T10:48:49+00:00">10:48:49</abbr></a>] <span>* irc_user (4d0d6beb@gateway/web/freenode/ip.77.13.107.235) has joined #beagle</span></li>
<li class="quit">[<a href="#T10:50:48" id="T10:50:48"><abbr title="2015-12-09T10:50:48+00:00">10:50:48</abbr></a>] <span>* uavcam (~deuse@183.14.7.76) Quit ()</span></li>
<li class="message">[<a href="#T10:51:00" id="T10:51:00"><abbr title="2015-12-09T10:51:00+00:00">10:51:00</abbr></a>] &lt;<cite>irc_user</cite>&gt; <q>So appearently my BBB just died when connecting my 5V power supply to it. It was already connected and powered via USB only, when I plugged in the DC, all LEDs just went off immedeately.</q></li>
<li class="message">[<a href="#T10:51:53" id="T10:51:53"><abbr title="2015-12-09T10:51:53+00:00">10:51:53</abbr></a>] &lt;<cite>irc_user</cite>&gt; <q>I checked the power supply using a voltmeter: 5.09V - all perfectly fine. Any guesses on what went wrong?</q></li>
<li class="message">[<a href="#T10:52:50" id="T10:52:50"><abbr title="2015-12-09T10:52:50+00:00">10:52:50</abbr></a>] &lt;<cite>irc_user</cite>&gt; <q>Now the BBB seems dead, nothing's happening when I connect to it via USB only.</q></li>
<li class="quit">[<a href="#T10:53:51" id="T10:53:51"><abbr title="2015-12-09T10:53:51+00:00">10:53:51</abbr></a>] <span>* tai271828 (~tai271828@175.41.48.77) Quit (Quit: Leaving)</span></li>
<li class="join">[<a href="#T10:57:50" id="T10:57:50"><abbr title="2015-12-09T10:57:50+00:00">10:57:50</abbr></a>] <span>* aaaa__ (974a4cfb@gateway/web/freenode/ip.151.74.76.251) has joined #beagle</span></li>
<li class="message">[<a href="#T10:57:58" id="T10:57:58"><abbr title="2015-12-09T10:57:58+00:00">10:57:58</abbr></a>] &lt;<cite>aaaa__</cite>&gt; <q>hello</q></li>
<li class="quit">[<a href="#T10:58:30" id="T10:58:30"><abbr title="2015-12-09T10:58:30+00:00">10:58:30</abbr></a>] <span>* av500 (~av500@b2b-46-252-131-98.unitymedia.biz) Quit (Ping timeout: 256 seconds)</span></li>
<li class="join">[<a href="#T11:00:29" id="T11:00:29"><abbr title="2015-12-09T11:00:29+00:00">11:00:29</abbr></a>] <span>* Ceriand|desktop (~Ceriand@unaffiliated/ceriand) has joined #beagle</span></li>
<li class="message">[<a href="#T11:04:07" id="T11:04:07"><abbr title="2015-12-09T11:04:07+00:00">11:04:07</abbr></a>] &lt;<cite>tbr</cite>&gt; <q>irc_user: did you measure potential between USB and the power supply?</q></li>
<li class="quit">[<a href="#T11:04:56" id="T11:04:56"><abbr title="2015-12-09T11:04:56+00:00">11:04:56</abbr></a>] <span>* aaaa__ (974a4cfb@gateway/web/freenode/ip.151.74.76.251) Quit (Quit: Page closed)</span></li>
<li class="message">[<a href="#T11:05:26" id="T11:05:26"><abbr title="2015-12-09T11:05:26+00:00">11:05:26</abbr></a>] &lt;<cite>irc_user</cite>&gt; <q>tbr: No.</q></li>
<li class="message">[<a href="#T11:09:30" id="T11:09:30"><abbr title="2015-12-09T11:09:30+00:00">11:09:30</abbr></a>] &lt;<cite>tbr</cite>&gt; <q>you should check that. sometimes things can get surprisingly bad</q></li>
<li class="message">[<a href="#T11:10:04" id="T11:10:04"><abbr title="2015-12-09T11:10:04+00:00">11:10:04</abbr></a>] &lt;<cite>tbr</cite>&gt; <q>but yeah, sounds like you need to buy a new board. (unless you are into reworking SMD and replacing the PMIC)</q></li>
<li class="quit">[<a href="#T11:10:25" id="T11:10:25"><abbr title="2015-12-09T11:10:25+00:00">11:10:25</abbr></a>] <span>* irc_user (4d0d6beb@gateway/web/freenode/ip.77.13.107.235) Quit (Quit: Page closed)</span></li>
<li class="quit">[<a href="#T11:22:06" id="T11:22:06"><abbr title="2015-12-09T11:22:06+00:00">11:22:06</abbr></a>] <span>* Ceriand|desktop (~Ceriand@unaffiliated/ceriand) Quit (Read error: Connection reset by peer)</span></li>
<li class="quit">[<a href="#T11:22:16" id="T11:22:16"><abbr title="2015-12-09T11:22:16+00:00">11:22:16</abbr></a>] <span>* sambuc (~sambuc@minix.labs.vu.nl) Quit (Remote host closed the connection)</span></li>
<li class="join">[<a href="#T11:25:42" id="T11:25:42"><abbr title="2015-12-09T11:25:42+00:00">11:25:42</abbr></a>] <span>* sambuc (~sambuc@minix.labs.vu.nl) has joined #beagle</span></li>
<li class="quit">[<a href="#T11:29:56" id="T11:29:56"><abbr title="2015-12-09T11:29:56+00:00">11:29:56</abbr></a>] <span>* ePi`Killerhands (~Killerhan@71-95-251-36.dhcp.rvsd.ca.charter.com) Quit (Ping timeout: 246 seconds)</span></li>
<li class="join">[<a href="#T11:32:45" id="T11:32:45"><abbr title="2015-12-09T11:32:45+00:00">11:32:45</abbr></a>] <span>* av500 (~av500@b2b-46-252-131-98.unitymedia.biz) has joined #beagle</span></li>
<li class="mode">[<abbr title="2015-12-09T11:32:45+00:00">11:32:45</abbr>] <span>* ChanServ sets mode +o av500</span></li>
<li class="join">[<a href="#T11:34:31" id="T11:34:31"><abbr title="2015-12-09T11:34:31+00:00">11:34:31</abbr></a>] <span>* bengo (~textual@c-98-210-158-252.hsd1.ca.comcast.net) has joined #beagle</span></li>
<li class="quit">[<a href="#T11:35:22" id="T11:35:22"><abbr title="2015-12-09T11:35:22+00:00">11:35:22</abbr></a>] <span>* bengo (~textual@c-98-210-158-252.hsd1.ca.comcast.net) Quit (Client Quit)</span></li>
<li class="quit">[<a href="#T11:53:46" id="T11:53:46"><abbr title="2015-12-09T11:53:46+00:00">11:53:46</abbr></a>] <span>* contempt (contempt@unaffiliated/contempt) Quit (Ping timeout: 240 seconds)</span></li>
<li class="join">[<a href="#T11:56:08" id="T11:56:08"><abbr title="2015-12-09T11:56:08+00:00">11:56:08</abbr></a>] <span>* contempt (contempt@unaffiliated/contempt) has joined #beagleboard</span></li>
<li class="join">[<abbr title="2015-12-09T11:56:08+00:00">11:56:08</abbr>] <span>* contempt (contempt@unaffiliated/contempt) has joined #beagle</span></li>
<li class="join">[<a href="#T12:20:59" id="T12:20:59"><abbr title="2015-12-09T12:20:59+00:00">12:20:59</abbr></a>] <span>* H-H-H (~H-H-H@host-92-4-87-223.as43234.net) has joined #beagle</span></li>
<li class="quit">[<a href="#T12:22:16" id="T12:22:16"><abbr title="2015-12-09T12:22:16+00:00">12:22:16</abbr></a>] <span>* Shadyman (~matthew@unaffiliated/shadyman) Quit (Quit: Leaving.)</span></li>
<li class="join">[<a href="#T12:32:28" id="T12:32:28"><abbr title="2015-12-09T12:32:28+00:00">12:32:28</abbr></a>] <span>* micges_ (~micges@dci82.neoplus.adsl.tpnet.pl) has joined #beaglebone</span></li>
<li class="join">[<abbr title="2015-12-09T12:32:28+00:00">12:32:28</abbr>] <span>* micges_ (~micges@dci82.neoplus.adsl.tpnet.pl) has joined #beagle</span></li>
<li class="quit">[<a href="#T12:35:58" id="T12:35:58"><abbr title="2015-12-09T12:35:58+00:00">12:35:58</abbr></a>] <span>* micges (~micges@epf79.neoplus.adsl.tpnet.pl) Quit (Ping timeout: 256 seconds)</span></li>
<li class="quit">[<a href="#T12:42:50" id="T12:42:50"><abbr title="2015-12-09T12:42:50+00:00">12:42:50</abbr></a>] <span>* Sandhya_ (~schmid@2a02:8070:a192:2f00:226:5aff:febc:ce5f) Quit (Remote host closed the connection)</span></li>
<li class="nick-change">[<a href="#T12:45:19" id="T12:45:19"><abbr title="2015-12-09T12:45:19+00:00">12:45:19</abbr></a>] <span>* micges_ is now known as micges</span></li>
<li class="join">[<a href="#T12:51:00" id="T12:51:00"><abbr title="2015-12-09T12:51:00+00:00">12:51:00</abbr></a>] <span>* nobe (~nobe@chv78-h01-176-189-248-119.dsl.sta.abo.bbox.fr) has joined #beagle</span></li>
<li class="join">[<a href="#T12:56:44" id="T12:56:44"><abbr title="2015-12-09T12:56:44+00:00">12:56:44</abbr></a>] <span>* behanw (~behanw@24-107-174-93.static.nwnn.ga.charter.com) has joined #beagle</span></li>
<li class="quit">[<a href="#T13:03:16" id="T13:03:16"><abbr title="2015-12-09T13:03:16+00:00">13:03:16</abbr></a>] <span>* behanw (~behanw@24-107-174-93.static.nwnn.ga.charter.com) Quit (Quit: Leaving)</span></li>
<li class="quit">[<a href="#T13:05:34" id="T13:05:34"><abbr title="2015-12-09T13:05:34+00:00">13:05:34</abbr></a>] <span>* mythos (~mythos@unaffiliated/mythos) Quit (Ping timeout: 245 seconds)</span></li>
<li class="quit">[<a href="#T13:16:13" id="T13:16:13"><abbr title="2015-12-09T13:16:13+00:00">13:16:13</abbr></a>] <span>* dys (~dys@ip-2-200-218-3.web.vodafone.de) Quit (Read error: Connection reset by peer)</span></li>
<li class="join">[<a href="#T13:19:06" id="T13:19:06"><abbr title="2015-12-09T13:19:06+00:00">13:19:06</abbr></a>] <span>* bostondriver (~mcambria@68.128.155.223) has joined #beagle</span></li>
<li class="join">[<a href="#T13:39:56" id="T13:39:56"><abbr title="2015-12-09T13:39:56+00:00">13:39:56</abbr></a>] <span>* mag (~mgreer@66.228.68.140) has joined #beagle</span></li>
<li class="join">[<a href="#T13:43:33" id="T13:43:33"><abbr title="2015-12-09T13:43:33+00:00">13:43:33</abbr></a>] <span>* mythos (~mythos@unaffiliated/mythos) has joined #beagle</span></li>
<li class="quit">[<a href="#T13:44:06" id="T13:44:06"><abbr title="2015-12-09T13:44:06+00:00">13:44:06</abbr></a>] <span>* CrazyEddy (crazyed@wrongplanet/CrazyEddy) Quit (Ping timeout: 240 seconds)</span></li>
<li class="join">[<a href="#T13:50:54" id="T13:50:54"><abbr title="2015-12-09T13:50:54+00:00">13:50:54</abbr></a>] <span>* CrazyEddy (crazyed@wrongplanet/CrazyEddy) has joined #beagle</span></li>
<li class="quit">[<a href="#T13:57:22" id="T13:57:22"><abbr title="2015-12-09T13:57:22+00:00">13:57:22</abbr></a>] <span>* magra (manisha@nat/ti/x-gsggvdvhqhuoijkt) Quit (Remote host closed the connection)</span></li>
<li class="join">[<a href="#T13:57:49" id="T13:57:49"><abbr title="2015-12-09T13:57:49+00:00">13:57:49</abbr></a>] <span>* magra (manisha@nat/ti/x-ikcslrveoyslimbk) has joined #beagle</span></li>
<li class="quit">[<a href="#T14:10:25" id="T14:10:25"><abbr title="2015-12-09T14:10:25+00:00">14:10:25</abbr></a>] <span>* mythos (~mythos@unaffiliated/mythos) Quit (Read error: Connection reset by peer)</span></li>
<li class="join">[<a href="#T14:11:09" id="T14:11:09"><abbr title="2015-12-09T14:11:09+00:00">14:11:09</abbr></a>] <span>* mythos (~mythos@unaffiliated/mythos) has joined #beagle</span></li>
<li class="quit">[<a href="#T14:12:07" id="T14:12:07"><abbr title="2015-12-09T14:12:07+00:00">14:12:07</abbr></a>] <span>* NishanthMenon (~nmenon@pool-71-170-163-35.dllstx.fios.verizon.net) Quit (Quit: You may get an opportunity for advancement today.  Get off IRC!)</span></li>
<li class="join">[<a href="#T14:12:17" id="T14:12:17"><abbr title="2015-12-09T14:12:17+00:00">14:12:17</abbr></a>] <span>* ptizzy (~ptizzy@24-181-121-90.static.leds.al.charter.com) has joined #beagle</span></li>
<li class="quit">[<a href="#T14:16:46" id="T14:16:46"><abbr title="2015-12-09T14:16:46+00:00">14:16:46</abbr></a>] <span>* named (~unknown@5.148.129.203) Quit (Ping timeout: 240 seconds)</span></li>
<li class="join">[<a href="#T14:19:07" id="T14:19:07"><abbr title="2015-12-09T14:19:07+00:00">14:19:07</abbr></a>] <span>* named (~unknown@5.148.129.203) has joined #beagle</span></li>
<li class="quit">[<a href="#T14:19:20" id="T14:19:20"><abbr title="2015-12-09T14:19:20+00:00">14:19:20</abbr></a>] <span>* rob_w (~bob@unaffiliated/rob-w/x-1112029) Quit (Remote host closed the connection)</span></li>
<li class="join">[<a href="#T14:19:26" id="T14:19:26"><abbr title="2015-12-09T14:19:26+00:00">14:19:26</abbr></a>] <span>* nerienna (~nerienna@p5498EA70.dip0.t-ipconnect.de) has joined #beagle</span></li>
<li class="quit">[<a href="#T14:27:18" id="T14:27:18"><abbr title="2015-12-09T14:27:18+00:00">14:27:18</abbr></a>] <span>* Akex_ (uid58281@gateway/web/irccloud.com/x-yeytjvdszbqqyixj) Quit (Quit: Connection closed for inactivity)</span></li>
<li class="join">[<a href="#T14:42:23" id="T14:42:23"><abbr title="2015-12-09T14:42:23+00:00">14:42:23</abbr></a>] <span>* dys (~dys@ip-2-200-218-3.web.vodafone.de) has joined #beagle</span></li>
<li class="quit">[<a href="#T14:59:54" id="T14:59:54"><abbr title="2015-12-09T14:59:54+00:00">14:59:54</abbr></a>] <span>* named (~unknown@5.148.129.203) Quit (Ping timeout: 256 seconds)</span></li>
<li class="quit">[<a href="#T15:07:46" id="T15:07:46"><abbr title="2015-12-09T15:07:46+00:00">15:07:46</abbr></a>] <span>* johanhenselmans (~johanhens@pretsense.xs4all.nl) Quit (Ping timeout: 240 seconds)</span></li>
<li class="join">[<a href="#T15:08:02" id="T15:08:02"><abbr title="2015-12-09T15:08:02+00:00">15:08:02</abbr></a>] <span>* NishanthMenon (nmenon@nat/ti/x-jlmtgogpetdvdgdt) has joined #beagle</span></li>
<li class="join">[<a href="#T15:09:02" id="T15:09:02"><abbr title="2015-12-09T15:09:02+00:00">15:09:02</abbr></a>] <span>* Bilal (b494258b@gateway/web/freenode/ip.180.148.37.139) has joined #beagle</span></li>
<li class="join">[<a href="#T15:09:34" id="T15:09:34"><abbr title="2015-12-09T15:09:34+00:00">15:09:34</abbr></a>] <span>* johanhenselmans (~johanhens@pretsense.xs4all.nl) has joined #beagle</span></li>
<li class="join">[<a href="#T15:11:41" id="T15:11:41"><abbr title="2015-12-09T15:11:41+00:00">15:11:41</abbr></a>] <span>* named (~unknown@5.148.129.203) has joined #beagle</span></li>
<li class="join">[<a href="#T15:17:41" id="T15:17:41"><abbr title="2015-12-09T15:17:41+00:00">15:17:41</abbr></a>] <span>* Akex_ (uid58281@gateway/web/irccloud.com/x-salggqnrmvagjyiw) has joined #beagle</span></li>
<li class="quit">[<a href="#T15:18:06" id="T15:18:06"><abbr title="2015-12-09T15:18:06+00:00">15:18:06</abbr></a>] <span>* florian (~fuchs@Maemo/community/contributor/florian) Quit (Quit: Client exiting)</span></li>
<li class="quit">[<a href="#T15:22:00" id="T15:22:00"><abbr title="2015-12-09T15:22:00+00:00">15:22:00</abbr></a>] <span>* named (~unknown@5.148.129.203) Quit (Ping timeout: 256 seconds)</span></li>
<li class="join">[<a href="#T15:33:39" id="T15:33:39"><abbr title="2015-12-09T15:33:39+00:00">15:33:39</abbr></a>] <span>* named (~unknown@5.148.129.203) has joined #beagle</span></li>
<li class="quit">[<a href="#T15:34:09" id="T15:34:09"><abbr title="2015-12-09T15:34:09+00:00">15:34:09</abbr></a>] <span>* khem (~khem@unaffiliated/khem) Quit (Remote host closed the connection)</span></li>
<li class="quit">[<a href="#T15:41:50" id="T15:41:50"><abbr title="2015-12-09T15:41:50+00:00">15:41:50</abbr></a>] <span>* Guest4764 (~kona@rrcs-24-153-134-93.sw.biz.rr.com) Quit (Ping timeout: 256 seconds)</span></li>
<li class="join">[<a href="#T15:44:18" id="T15:44:18"><abbr title="2015-12-09T15:44:18+00:00">15:44:18</abbr></a>] <span>* kona (~kona@rrcs-24-153-134-93.sw.biz.rr.com) has joined #beagle</span></li>
<li class="nick-change">[<a href="#T15:44:35" id="T15:44:35"><abbr title="2015-12-09T15:44:35+00:00">15:44:35</abbr></a>] <span>* kona is now known as Guest14945</span></li>
<li class="join">[<a href="#T15:51:46" id="T15:51:46"><abbr title="2015-12-09T15:51:46+00:00">15:51:46</abbr></a>] <span>* idwer (~irc@unaffiliated/idwer) has joined #beagle</span></li>
<li class="join">[<a href="#T15:52:11" id="T15:52:11"><abbr title="2015-12-09T15:52:11+00:00">15:52:11</abbr></a>] <span>* dgerlach1 (dgerlach@nat/ti/x-djbbmjwxtwvdkdmt) has joined #beagle</span></li>
<li class="quit">[<a href="#T15:53:09" id="T15:53:09"><abbr title="2015-12-09T15:53:09+00:00">15:53:09</abbr></a>] <span>* Bilal (b494258b@gateway/web/freenode/ip.180.148.37.139) Quit (Ping timeout: 252 seconds)</span></li>
<li class="join">[<a href="#T15:55:58" id="T15:55:58"><abbr title="2015-12-09T15:55:58+00:00">15:55:58</abbr></a>] <span>* emeb (~ericb@ip68-2-68-52.ph.ph.cox.net) has joined #beagle</span></li>
<li class="quit">[<a href="#T15:56:38" id="T15:56:38"><abbr title="2015-12-09T15:56:38+00:00">15:56:38</abbr></a>] <span>* BennyB_ (~heldb@host-88-217-198-167.customer.m-online.net) Quit (Ping timeout: 246 seconds)</span></li>
<li class="quit">[<a href="#T16:05:43" id="T16:05:43"><abbr title="2015-12-09T16:05:43+00:00">16:05:43</abbr></a>] <span>* CrazyEddy (crazyed@wrongplanet/CrazyEddy) Quit (Remote host closed the connection)</span></li>
<li class="join">[<a href="#T16:06:27" id="T16:06:27"><abbr title="2015-12-09T16:06:27+00:00">16:06:27</abbr></a>] <span>* mrjazzcat (~mrjazzcat@c-50-134-253-3.hsd1.co.comcast.net) has joined #beagle</span></li>
<li class="quit">[<a href="#T16:07:29" id="T16:07:29"><abbr title="2015-12-09T16:07:29+00:00">16:07:29</abbr></a>] <span>* Simonious (~sgoble@h69-130-41-53.pqlkmn.broadband.dynamic.tds.net) Quit (Ping timeout: 246 seconds)</span></li>
<li class="join">[<a href="#T16:07:46" id="T16:07:46"><abbr title="2015-12-09T16:07:46+00:00">16:07:46</abbr></a>] <span>* florian (~fuchs@Maemo/community/contributor/florian) has joined #beagle</span></li>
<li class="join">[<a href="#T16:08:04" id="T16:08:04"><abbr title="2015-12-09T16:08:04+00:00">16:08:04</abbr></a>] <span>* rob_w (~rob@unaffiliated/rob-w/x-1112029) has joined #beagle</span></li>
<li class="join">[<a href="#T16:09:31" id="T16:09:31"><abbr title="2015-12-09T16:09:31+00:00">16:09:31</abbr></a>] <span>* Simonious (~sgoble@h69-130-41-53.pqlkmn.broadband.dynamic.tds.net) has joined #beaglebone</span></li>
<li class="join">[<abbr title="2015-12-09T16:09:31+00:00">16:09:31</abbr>] <span>* Simonious (~sgoble@h69-130-41-53.pqlkmn.broadband.dynamic.tds.net) has joined #beagleboard</span></li>
<li class="join">[<a href="#T16:11:33" id="T16:11:33"><abbr title="2015-12-09T16:11:33+00:00">16:11:33</abbr></a>] <span>* dgerlach2 (dgerlach@nat/ti/x-xrzlgourgeybvzgn) has joined #beagle</span></li>
<li class="quit">[<a href="#T16:14:11" id="T16:14:11"><abbr title="2015-12-09T16:14:11+00:00">16:14:11</abbr></a>] <span>* dgerlach1 (dgerlach@nat/ti/x-djbbmjwxtwvdkdmt) Quit (Ping timeout: 250 seconds)</span></li>
<li class="join">[<a href="#T16:15:18" id="T16:15:18"><abbr title="2015-12-09T16:15:18+00:00">16:15:18</abbr></a>] <span>* CrazyEddy (crazyed@wrongplanet/CrazyEddy) has joined #beagle</span></li>
<li class="join">[<a href="#T16:21:00" id="T16:21:00"><abbr title="2015-12-09T16:21:00+00:00">16:21:00</abbr></a>] <span>* bengo (~textual@c-98-210-158-252.hsd1.ca.comcast.net) has joined #beagle</span></li>
<li class="quit">[<a href="#T16:21:08" id="T16:21:08"><abbr title="2015-12-09T16:21:08+00:00">16:21:08</abbr></a>] <span>* bostondriver (~mcambria@68.128.155.223) Quit (Ping timeout: 272 seconds)</span></li>
<li class="join">[<a href="#T16:23:10" id="T16:23:10"><abbr title="2015-12-09T16:23:10+00:00">16:23:10</abbr></a>] <span>* eikeon (~textual@140.147.245.120) has joined #beagle</span></li>
<li class="quit">[<a href="#T16:23:46" id="T16:23:46"><abbr title="2015-12-09T16:23:46+00:00">16:23:46</abbr></a>] <span>* named (~unknown@5.148.129.203) Quit (Ping timeout: 240 seconds)</span></li>
<li class="quit">[<a href="#T16:25:33" id="T16:25:33"><abbr title="2015-12-09T16:25:33+00:00">16:25:33</abbr></a>] <span>* eikeon (~textual@140.147.245.120) Quit (Client Quit)</span></li>
<li class="nick-change">[<a href="#T16:26:23" id="T16:26:23"><abbr title="2015-12-09T16:26:23+00:00">16:26:23</abbr></a>] <span>* Vasco_O is now known as Vasco</span></li>
<li class="join">[<a href="#T16:26:37" id="T16:26:37"><abbr title="2015-12-09T16:26:37+00:00">16:26:37</abbr></a>] <span>* skhreze (~debian@user-94-254-199-111.play-internet.pl) has joined #beagle</span></li>
<li class="join">[<a href="#T16:33:49" id="T16:33:49"><abbr title="2015-12-09T16:33:49+00:00">16:33:49</abbr></a>] <span>* named (~unknown@5.148.129.203) has joined #beagle</span></li>
<li class="quit">[<a href="#T16:34:26" id="T16:34:26"><abbr title="2015-12-09T16:34:26+00:00">16:34:26</abbr></a>] <span>* contempt (contempt@unaffiliated/contempt) Quit (Ping timeout: 240 seconds)</span></li>
<li class="quit">[<a href="#T16:39:45" id="T16:39:45"><abbr title="2015-12-09T16:39:45+00:00">16:39:45</abbr></a>] <span>* bearsh|work (~quassel@252.212.107.92.dynamic.wline.res.cust.swisscom.ch) Quit (Ping timeout: 250 seconds)</span></li>
<li class="join">[<a href="#T16:40:55" id="T16:40:55"><abbr title="2015-12-09T16:40:55+00:00">16:40:55</abbr></a>] <span>* [Butch] (~butch@169.145.89.207) has joined #beagle</span></li>
<li class="quit">[<a href="#T16:41:50" id="T16:41:50"><abbr title="2015-12-09T16:41:50+00:00">16:41:50</abbr></a>] <span>* msvb-lab (~mschloh@x55b54ab9.dyn.telefonica.de) Quit (Quit: msvb-lab)</span></li>
<li class="quit">[<a href="#T16:46:00" id="T16:46:00"><abbr title="2015-12-09T16:46:00+00:00">16:46:00</abbr></a>] <span>* alan_o (~alan@2601:880:c000:3062:248e:ad56:7ac6:c2b) Quit (Remote host closed the connection)</span></li>
<li class="join">[<a href="#T16:47:17" id="T16:47:17"><abbr title="2015-12-09T16:47:17+00:00">16:47:17</abbr></a>] <span>* webdaford (~daford@ool-457262aa.dyn.optonline.net) has joined #beagle</span></li>
<li class="join">[<a href="#T16:52:51" id="T16:52:51"><abbr title="2015-12-09T16:52:51+00:00">16:52:51</abbr></a>] <span>* alan_o (~alan@2601:880:c000:3062:389c:c63:8d10:56f8) has joined #beagle</span></li>
<li class="join">[<a href="#T16:53:08" id="T16:53:08"><abbr title="2015-12-09T16:53:08+00:00">16:53:08</abbr></a>] <span>* c10ud (~c10ud@emesene/dictator/c10ud) has joined #beagle</span></li>
<li class="join">[<a href="#T16:54:39" id="T16:54:39"><abbr title="2015-12-09T16:54:39+00:00">16:54:39</abbr></a>] <span>* cnagpal (~cnagpal@117.203.195.141) has joined #beagle</span></li>
<li class="quit">[<a href="#T16:57:47" id="T16:57:47"><abbr title="2015-12-09T16:57:47+00:00">16:57:47</abbr></a>] <span>* hatim (sid97819@gateway/web/irccloud.com/x-kryrriybejihkbis) Quit (Ping timeout: 264 seconds)</span></li>
<li class="join">[<a href="#T16:58:13" id="T16:58:13"><abbr title="2015-12-09T16:58:13+00:00">16:58:13</abbr></a>] <span>* hatim (sid97819@gateway/web/irccloud.com/x-klzmtsfogquyeken) has joined #beagle</span></li>
<li class="join">[<a href="#T17:05:16" id="T17:05:16"><abbr title="2015-12-09T17:05:16+00:00">17:05:16</abbr></a>] <span>* bostondriver (~mcambria@68.128.155.223) has joined #beagle</span></li>
<li class="quit">[<a href="#T17:06:53" id="T17:06:53"><abbr title="2015-12-09T17:06:53+00:00">17:06:53</abbr></a>] <span>* webdaford (~daford@ool-457262aa.dyn.optonline.net) Quit (Quit: Leaving)</span></li>
<li class="quit">[<a href="#T17:17:46" id="T17:17:46"><abbr title="2015-12-09T17:17:46+00:00">17:17:46</abbr></a>] <span>* bengo (~textual@c-98-210-158-252.hsd1.ca.comcast.net) Quit (Quit: My Mac has gone to sleep. ZZZzzz…)</span></li>
<li class="quit">[<a href="#T17:19:24" id="T17:19:24"><abbr title="2015-12-09T17:19:24+00:00">17:19:24</abbr></a>] <span>* skhreze (~debian@user-94-254-199-111.play-internet.pl) Quit (Ping timeout: 272 seconds)</span></li>
<li class="join">[<a href="#T17:20:33" id="T17:20:33"><abbr title="2015-12-09T17:20:33+00:00">17:20:33</abbr></a>] <span>* skhreze (~debian@user-94-254-198-231.play-internet.pl) has joined #beagle</span></li>
<li class="part">[<a href="#T17:33:45" id="T17:33:45"><abbr title="2015-12-09T17:33:45+00:00">17:33:45</abbr></a>] <span>* nobe (~nobe@chv78-h01-176-189-248-119.dsl.sta.abo.bbox.fr) has left #beagle</span></li>
<li class="quit">[<a href="#T17:38:06" id="T17:38:06"><abbr title="2015-12-09T17:38:06+00:00">17:38:06</abbr></a>] <span>* florian (~fuchs@Maemo/community/contributor/florian) Quit (Ping timeout: 240 seconds)</span></li>
<li class="join">[<a href="#T17:41:18" id="T17:41:18"><abbr title="2015-12-09T17:41:18+00:00">17:41:18</abbr></a>] <span>* NulL` (~bleh1@178.16.0.123) has joined #beagle</span></li>
<li class="quit">[<a href="#T17:52:34" id="T17:52:34"><abbr title="2015-12-09T17:52:34+00:00">17:52:34</abbr></a>] <span>* [Butch] (~butch@169.145.89.207) Quit (Quit: I'm out . . .)</span></li>
<li class="join">[<a href="#T17:53:58" id="T17:53:58"><abbr title="2015-12-09T17:53:58+00:00">17:53:58</abbr></a>] <span>* MaBe (5880500c@gateway/web/freenode/ip.88.128.80.12) has joined #beagle</span></li>
<li class="message">[<a href="#T17:54:40" id="T17:54:40"><abbr title="2015-12-09T17:54:40+00:00">17:54:40</abbr></a>] &lt;<cite>MaBe</cite>&gt; <q>Hi, is there a way to remove UU entries from i2c-1, devices 55-57</q></li>
<li class="join">[<a href="#T17:54:46" id="T17:54:46"><abbr title="2015-12-09T17:54:46+00:00">17:54:46</abbr></a>] <span>* bengo (~textual@50-203-84-2-static.hfc.comcastbusiness.net) has joined #beagle</span></li>
<li class="message">[<a href="#T17:55:07" id="T17:55:07"><abbr title="2015-12-09T17:55:07+00:00">17:55:07</abbr></a>] &lt;<cite>Defiant</cite>&gt; <q>MaBe: yes but why?</q></li>
<li class="message">[<a href="#T17:56:18" id="T17:56:18"><abbr title="2015-12-09T17:56:18+00:00">17:56:18</abbr></a>] &lt;<cite>MaBe</cite>&gt; <q>tried dtc and deleted  lines, rebooted and now i have a brick :-(</q></li>
<li class="quit">[<a href="#T17:56:53" id="T17:56:53"><abbr title="2015-12-09T17:56:53+00:00">17:56:53</abbr></a>] <span>* cnagpal (~cnagpal@117.203.195.141) Quit (Quit: cnagpal)</span></li>
<li class="join">[<a href="#T17:57:08" id="T17:57:08"><abbr title="2015-12-09T17:57:08+00:00">17:57:08</abbr></a>] <span>* drkfdr (~darkfader@2001:610:600:896d:953a:92b7:cda3:f700) has joined #beagle</span></li>
<li class="message">[<a href="#T17:57:43" id="T17:57:43"><abbr title="2015-12-09T17:57:43+00:00">17:57:43</abbr></a>] &lt;<cite>MaBe</cite>&gt; <q>because i do not need them</q></li>
<li class="join">[<a href="#T17:58:03" id="T17:58:03"><abbr title="2015-12-09T17:58:03+00:00">17:58:03</abbr></a>] <span>* vagrantc (~vagrant@unaffiliated/vagrantc) has joined #beagle</span></li>
<li class="message">[<a href="#T17:58:49" id="T17:58:49"><abbr title="2015-12-09T17:58:49+00:00">17:58:49</abbr></a>] &lt;<cite>MaBe</cite>&gt; <q>how do I remove them</q></li>
<li class="message">[<a href="#T18:00:02" id="T18:00:02"><abbr title="2015-12-09T18:00:02+00:00">18:00:02</abbr></a>] &lt;<cite>Defiant</cite>&gt; <q>I guess you better don't, there is usually a reason for a kernel driver for that device</q></li>
<li class="join">[<a href="#T18:00:06" id="T18:00:06"><abbr title="2015-12-09T18:00:06+00:00">18:00:06</abbr></a>] <span>* cnagpal (~cnagpal@117.203.195.141) has joined #beagle</span></li>
<li class="message">[<a href="#T18:00:20" id="T18:00:20"><abbr title="2015-12-09T18:00:20+00:00">18:00:20</abbr></a>] &lt;<cite>Defiant</cite>&gt; <q>what board, what bus and what address?</q></li>
<li class="quit">[<a href="#T18:03:30" id="T18:03:30"><abbr title="2015-12-09T18:03:30+00:00">18:03:30</abbr></a>] <span>* MaBe (5880500c@gateway/web/freenode/ip.88.128.80.12) Quit (Ping timeout: 252 seconds)</span></li>
<li class="join">[<a href="#T18:07:55" id="T18:07:55"><abbr title="2015-12-09T18:07:55+00:00">18:07:55</abbr></a>] <span>* MaBe (6d5531ea@gateway/web/freenode/ip.109.85.49.234) has joined #beagle</span></li>
<li class="message">[<a href="#T18:09:08" id="T18:09:08"><abbr title="2015-12-09T18:09:08+00:00">18:09:08</abbr></a>] &lt;<cite>MaBe</cite>&gt; <q>any help how to remove 54-57 from i2c-1 ?</q></li>
<li class="quit">[<a href="#T18:09:38" id="T18:09:38"><abbr title="2015-12-09T18:09:38+00:00">18:09:38</abbr></a>] <span>* ppisati (~ppisati@2-230-238-136.ip204.fastwebnet.it) Quit (Quit: leaving)</span></li>
<li class="quit">[<a href="#T18:10:10" id="T18:10:10"><abbr title="2015-12-09T18:10:10+00:00">18:10:10</abbr></a>] <span>* cnagpal (~cnagpal@117.203.195.141) Quit (Quit: cnagpal)</span></li>
<li class="join">[<a href="#T18:13:08" id="T18:13:08"><abbr title="2015-12-09T18:13:08+00:00">18:13:08</abbr></a>] <span>* roric (~roric@h196n19-vrr-a31.ias.bredband.telia.com) has joined #beagleboard</span></li>
<li class="join">[<abbr title="2015-12-09T18:13:08+00:00">18:13:08</abbr>] <span>* roric (~roric@h196n19-vrr-a31.ias.bredband.telia.com) has joined #beaglebone</span></li>
<li class="message">[<a href="#T18:19:00" id="T18:19:00"><abbr title="2015-12-09T18:19:00+00:00">18:19:00</abbr></a>] &lt;<cite>MaBe</cite>&gt; <q>@Defiant: can you please explain howto ?</q></li>
<li class="quit">[<a href="#T18:19:54" id="T18:19:54"><abbr title="2015-12-09T18:19:54+00:00">18:19:54</abbr></a>] <span>* idwer (~irc@unaffiliated/idwer) Quit (Remote host closed the connection)</span></li>
<li class="join">[<a href="#T18:23:12" id="T18:23:12"><abbr title="2015-12-09T18:23:12+00:00">18:23:12</abbr></a>] <span>* escapades (b840ceb1@gateway/web/freenode/ip.184.64.206.177) has joined #beagle</span></li>
<li class="quit">[<a href="#T18:23:49" id="T18:23:49"><abbr title="2015-12-09T18:23:49+00:00">18:23:49</abbr></a>] <span>* escapades (b840ceb1@gateway/web/freenode/ip.184.64.206.177) Quit (Client Quit)</span></li>
<li class="quit">[<a href="#T18:27:42" id="T18:27:42"><abbr title="2015-12-09T18:27:42+00:00">18:27:42</abbr></a>] <span>* MaBe (6d5531ea@gateway/web/freenode/ip.109.85.49.234) Quit (Ping timeout: 252 seconds)</span></li>
<li class="join">[<a href="#T18:29:54" id="T18:29:54"><abbr title="2015-12-09T18:29:54+00:00">18:29:54</abbr></a>] <span>* bradfa (~andrew@clr-vpn01.kodakalaris.com) has joined #beagle</span></li>
<li class="quit">[<a href="#T18:32:37" id="T18:32:37"><abbr title="2015-12-09T18:32:37+00:00">18:32:37</abbr></a>] <span>* c10ud (~c10ud@emesene/dictator/c10ud) Quit (Read error: Connection reset by peer)</span></li>
<li class="join">[<a href="#T18:32:48" id="T18:32:48"><abbr title="2015-12-09T18:32:48+00:00">18:32:48</abbr></a>] <span>* c10ud (~c10ud@emesene/dictator/c10ud) has joined #beagle</span></li>
<li class="quit">[<a href="#T18:34:27" id="T18:34:27"><abbr title="2015-12-09T18:34:27+00:00">18:34:27</abbr></a>] <span>* ogra_ (~ogra_@p5098ed03.dip0.t-ipconnect.de) Quit (Quit: Coyote finally caught me)</span></li>
<li class="quit">[<a href="#T18:34:44" id="T18:34:44"><abbr title="2015-12-09T18:34:44+00:00">18:34:44</abbr></a>] <span>* mythos (~mythos@unaffiliated/mythos) Quit (Ping timeout: 245 seconds)</span></li>
<li class="join">[<a href="#T18:35:52" id="T18:35:52"><abbr title="2015-12-09T18:35:52+00:00">18:35:52</abbr></a>] <span>* ogra_ (~ogra_@p5098ed03.dip0.t-ipconnect.de) has joined #beagle</span></li>
<li class="quit">[<a href="#T18:47:29" id="T18:47:29"><abbr title="2015-12-09T18:47:29+00:00">18:47:29</abbr></a>] <span>* nerienna (~nerienna@p5498EA70.dip0.t-ipconnect.de) Quit (Remote host closed the connection)</span></li>
<li class="quit">[<a href="#T18:47:55" id="T18:47:55"><abbr title="2015-12-09T18:47:55+00:00">18:47:55</abbr></a>] <span>* NishanthMenon (nmenon@nat/ti/x-jlmtgogpetdvdgdt) Quit (Quit: Executive ability is prominent in my make-up.)</span></li>
<li class="join">[<a href="#T18:48:25" id="T18:48:25"><abbr title="2015-12-09T18:48:25+00:00">18:48:25</abbr></a>] <span>* bizarro_1 (~bizarro_1@92.Red-88-14-190.dynamicIP.rima-tde.net) has joined #beagle</span></li>
<li class="join">[<a href="#T18:56:04" id="T18:56:04"><abbr title="2015-12-09T18:56:04+00:00">18:56:04</abbr></a>] <span>* djlewis (~bubba@adsl-65-64-30-13.dsl.ltrkar.swbell.net) has joined #beagle</span></li>
<li class="join">[<a href="#T18:59:20" id="T18:59:20"><abbr title="2015-12-09T18:59:20+00:00">18:59:20</abbr></a>] <span>* Killerhands (~Killerhan@71-95-251-36.dhcp.rvsd.ca.charter.com) has joined #beagle</span></li>
<li class="quit">[<a href="#T19:02:42" id="T19:02:42"><abbr title="2015-12-09T19:02:42+00:00">19:02:42</abbr></a>] <span>* Angs (~ubuntu@85.235.10.194) Quit (Quit: Leaving)</span></li>
<li class="quit">[<a href="#T19:03:34" id="T19:03:34"><abbr title="2015-12-09T19:03:34+00:00">19:03:34</abbr></a>] <span>* IrishGringo (~chatzilla@c-73-49-3-5.hsd1.fl.comcast.net) Quit (Ping timeout: 256 seconds)</span></li>
<li class="quit">[<a href="#T19:09:02" id="T19:09:02"><abbr title="2015-12-09T19:09:02+00:00">19:09:02</abbr></a>] <span>* kilroi (~kilroy@ip-94-114-228-28.unity-media.net) Quit (Quit: Coyote finally caught me)</span></li>
<li class="join">[<a href="#T19:13:06" id="T19:13:06"><abbr title="2015-12-09T19:13:06+00:00">19:13:06</abbr></a>] <span>* kilroi_off (~kilroy@ip-94-114-228-28.unity-media.net) has joined #beagle</span></li>
<li class="quit">[<a href="#T19:13:36" id="T19:13:36"><abbr title="2015-12-09T19:13:36+00:00">19:13:36</abbr></a>] <span>* lyakh (~lyakh@xdsl-84-44-250-172.netcologne.de) Quit (Quit: thanks, bye)</span></li>
<li class="nick-change">[<a href="#T19:13:38" id="T19:13:38"><abbr title="2015-12-09T19:13:38+00:00">19:13:38</abbr></a>] <span>* kilroi_off is now known as kilroi</span></li>
<li class="join">[<a href="#T19:21:09" id="T19:21:09"><abbr title="2015-12-09T19:21:09+00:00">19:21:09</abbr></a>] <span>* weox (uid112413@gateway/web/irccloud.com/x-rfudlloduxdhkmeo) has joined #beagle</span></li>
<li class="quit">[<a href="#T19:22:16" id="T19:22:16"><abbr title="2015-12-09T19:22:16+00:00">19:22:16</abbr></a>] <span>* kilroi (~kilroy@ip-94-114-228-28.unity-media.net) Quit (Quit: Coyote finally caught me)</span></li>
<li class="join">[<a href="#T19:22:56" id="T19:22:56"><abbr title="2015-12-09T19:22:56+00:00">19:22:56</abbr></a>] <span>* florian (~fuchs@Maemo/community/contributor/florian) has joined #beagle</span></li>
<li class="join">[<a href="#T19:23:01" id="T19:23:01"><abbr title="2015-12-09T19:23:01+00:00">19:23:01</abbr></a>] <span>* hanzou (adf7c1b4@gateway/web/freenode/ip.173.247.193.180) has joined #beagle</span></li>
<li class="message">[<a href="#T19:23:09" id="T19:23:09"><abbr title="2015-12-09T19:23:09+00:00">19:23:09</abbr></a>] &lt;<cite>hanzou</cite>&gt; <q>Hello</q></li>
<li class="join">[<a href="#T19:23:22" id="T19:23:22"><abbr title="2015-12-09T19:23:22+00:00">19:23:22</abbr></a>] <span>* kilroi_o` (~kilroy@ip-94-114-228-28.unity-media.net) has joined #beagle</span></li>
<li class="quit">[<a href="#T19:24:58" id="T19:24:58"><abbr title="2015-12-09T19:24:58+00:00">19:24:58</abbr></a>] <span>* hanzou (adf7c1b4@gateway/web/freenode/ip.173.247.193.180) Quit (Client Quit)</span></li>
<li class="join">[<a href="#T19:25:23" id="T19:25:23"><abbr title="2015-12-09T19:25:23+00:00">19:25:23</abbr></a>] <span>* hanzou (adf7c1b4@gateway/web/freenode/ip.173.247.193.180) has joined #beagle</span></li>
<li class="quit">[<a href="#T19:25:34" id="T19:25:34"><abbr title="2015-12-09T19:25:34+00:00">19:25:34</abbr></a>] <span>* kilroi_o` (~kilroy@ip-94-114-228-28.unity-media.net) Quit (Client Quit)</span></li>
<li class="join">[<a href="#T19:26:57" id="T19:26:57"><abbr title="2015-12-09T19:26:57+00:00">19:26:57</abbr></a>] <span>* kilroi_off (~kilroy@ip-94-114-228-28.unity-media.net) has joined #beagle</span></li>
<li class="quit">[<a href="#T19:27:58" id="T19:27:58"><abbr title="2015-12-09T19:27:58+00:00">19:27:58</abbr></a>] <span>* florian (~fuchs@Maemo/community/contributor/florian) Quit (Ping timeout: 272 seconds)</span></li>
<li class="quit">[<a href="#T19:33:40" id="T19:33:40"><abbr title="2015-12-09T19:33:40+00:00">19:33:40</abbr></a>] <span>* skhreze (~debian@user-94-254-198-231.play-internet.pl) Quit (Ping timeout: 272 seconds)</span></li>
<li class="join">[<a href="#T19:34:49" id="T19:34:49"><abbr title="2015-12-09T19:34:49+00:00">19:34:49</abbr></a>] <span>* skhreze (~debian@user-94-254-198-115.play-internet.pl) has joined #beagle</span></li>
<li class="quit">[<a href="#T19:41:31" id="T19:41:31"><abbr title="2015-12-09T19:41:31+00:00">19:41:31</abbr></a>] <span>* bengo (~textual@50-203-84-2-static.hfc.comcastbusiness.net) Quit (Quit: My Mac has gone to sleep. ZZZzzz…)</span></li>
<li class="quit">[<a href="#T19:46:09" id="T19:46:09"><abbr title="2015-12-09T19:46:09+00:00">19:46:09</abbr></a>] <span>* bizarro_1 (~bizarro_1@92.Red-88-14-190.dynamicIP.rima-tde.net) Quit (Read error: Connection reset by peer)</span></li>
<li class="join">[<a href="#T19:47:25" id="T19:47:25"><abbr title="2015-12-09T19:47:25+00:00">19:47:25</abbr></a>] <span>* bizarro_1 (~bizarro_1@92.Red-88-14-190.dynamicIP.rima-tde.net) has joined #beagle</span></li>
<li class="join">[<a href="#T19:49:00" id="T19:49:00"><abbr title="2015-12-09T19:49:00+00:00">19:49:00</abbr></a>] <span>* florian (~fuchs@Maemo/community/contributor/florian) has joined #beagle</span></li>
<li class="join">[<a href="#T19:54:01" id="T19:54:01"><abbr title="2015-12-09T19:54:01+00:00">19:54:01</abbr></a>] <span>* NishanthMenon (~nmenon@pool-71-170-163-35.dllstx.fios.verizon.net) has joined #beagle</span></li>
<li class="quit">[<a href="#T19:58:18" id="T19:58:18"><abbr title="2015-12-09T19:58:18+00:00">19:58:18</abbr></a>] <span>* linkedinyou (~linkediny@unaffiliated/linkedinyou) Quit (Quit: linkedinyou)</span></li>
<li class="quit">[<a href="#T20:01:09" id="T20:01:09"><abbr title="2015-12-09T20:01:09+00:00">20:01:09</abbr></a>] <span>* j0rd_ (~j0rd_@unaffiliated/j0rd-/x-9112651) Quit (Read error: Connection reset by peer)</span></li>
<li class="join">[<a href="#T20:02:33" id="T20:02:33"><abbr title="2015-12-09T20:02:33+00:00">20:02:33</abbr></a>] <span>* bengo (~textual@50-203-84-2-static.hfc.comcastbusiness.net) has joined #beagle</span></li>
<li class="join">[<a href="#T20:07:25" id="T20:07:25"><abbr title="2015-12-09T20:07:25+00:00">20:07:25</abbr></a>] <span>* j0rd_ (~j0rd_@unaffiliated/j0rd-/x-9112651) has joined #beagle</span></li>
<li class="quit">[<a href="#T20:09:54" id="T20:09:54"><abbr title="2015-12-09T20:09:54+00:00">20:09:54</abbr></a>] <span>* Yotson (~Yotson@2001:980:6ac8:1:4150:dc98:e1e1:5b6) Quit (Quit: .)</span></li>
<li class="quit">[<a href="#T20:14:08" id="T20:14:08"><abbr title="2015-12-09T20:14:08+00:00">20:14:08</abbr></a>] <span>* bengo (~textual@50-203-84-2-static.hfc.comcastbusiness.net) Quit (Quit: My Mac has gone to sleep. ZZZzzz…)</span></li>
<li class="join">[<a href="#T20:23:34" id="T20:23:34"><abbr title="2015-12-09T20:23:34+00:00">20:23:34</abbr></a>] <span>* linkedinyou (~linkediny@unaffiliated/linkedinyou) has joined #beagle</span></li>
<li class="join">[<a href="#T20:23:35" id="T20:23:35"><abbr title="2015-12-09T20:23:35+00:00">20:23:35</abbr></a>] <span>* linkedinyou (~linkediny@unaffiliated/linkedinyou) has joined #beaglebone</span></li>
<li class="join">[<a href="#T20:25:29" id="T20:25:29"><abbr title="2015-12-09T20:25:29+00:00">20:25:29</abbr></a>] <span>* bengo (~textual@50-203-84-2-static.hfc.comcastbusiness.net) has joined #beagle</span></li>
<li class="quit">[<a href="#T20:25:44" id="T20:25:44"><abbr title="2015-12-09T20:25:44+00:00">20:25:44</abbr></a>] <span>* named (~unknown@5.148.129.203) Quit (Ping timeout: 256 seconds)</span></li>
<li class="quit">[<a href="#T20:34:46" id="T20:34:46"><abbr title="2015-12-09T20:34:46+00:00">20:34:46</abbr></a>] <span>* bengo (~textual@50-203-84-2-static.hfc.comcastbusiness.net) Quit (Quit: My Mac has gone to sleep. ZZZzzz…)</span></li>
<li class="join">[<a href="#T20:38:08" id="T20:38:08"><abbr title="2015-12-09T20:38:08+00:00">20:38:08</abbr></a>] <span>* bengo (~textual@50-203-84-2-static.hfc.comcastbusiness.net) has joined #beagle</span></li>
<li class="join">[<a href="#T20:38:38" id="T20:38:38"><abbr title="2015-12-09T20:38:38+00:00">20:38:38</abbr></a>] <span>* named (~unknown@5.148.129.203) has joined #beagle</span></li>
<li class="quit">[<a href="#T20:41:26" id="T20:41:26"><abbr title="2015-12-09T20:41:26+00:00">20:41:26</abbr></a>] <span>* kiwichri_ (~kiwichris@CPE-60-225-146-35.hhui6.ken.bigpond.net.au) Quit (Ping timeout: 240 seconds)</span></li>
<li class="quit">[<a href="#T20:42:44" id="T20:42:44"><abbr title="2015-12-09T20:42:44+00:00">20:42:44</abbr></a>] <span>* bengo (~textual@50-203-84-2-static.hfc.comcastbusiness.net) Quit (Ping timeout: 256 seconds)</span></li>
<li class="quit">[<a href="#T20:42:52" id="T20:42:52"><abbr title="2015-12-09T20:42:52+00:00">20:42:52</abbr></a>] <span>* jpirko (~jirka@ip-94-113-120-24.net.upcbroadband.cz) Quit (Quit: Leaving)</span></li>
<li class="quit">[<a href="#T20:43:54" id="T20:43:54"><abbr title="2015-12-09T20:43:54+00:00">20:43:54</abbr></a>] <span>* arianepaola (~ariane@unaffiliated/arianepaola) Quit (Ping timeout: 260 seconds)</span></li>
<li class="quit">[<a href="#T20:43:55" id="T20:43:55"><abbr title="2015-12-09T20:43:55+00:00">20:43:55</abbr></a>] <span>* bradfa (~andrew@clr-vpn01.kodakalaris.com) Quit (Quit: leaving)</span></li>
<li class="join">[<a href="#T20:43:56" id="T20:43:56"><abbr title="2015-12-09T20:43:56+00:00">20:43:56</abbr></a>] <span>* jamesaxl (~jamesaxl@105.155.209.153) has joined #beagle</span></li>
<li class="join">[<a href="#T20:45:33" id="T20:45:33"><abbr title="2015-12-09T20:45:33+00:00">20:45:33</abbr></a>] <span>* arianepaola (~ariane@unaffiliated/arianepaola) has joined #beagle</span></li>
<li class="join">[<a href="#T20:45:44" id="T20:45:44"><abbr title="2015-12-09T20:45:44+00:00">20:45:44</abbr></a>] <span>* bradfa (~andrew@eeyore.bradfordembedded.com) has joined #beagle</span></li>
<li class="join">[<a href="#T20:49:16" id="T20:49:16"><abbr title="2015-12-09T20:49:16+00:00">20:49:16</abbr></a>] <span>* Silverback (6cab83a2@gateway/web/freenode/ip.108.171.131.162) has joined #beagle</span></li>
<li class="join">[<a href="#T20:49:52" id="T20:49:52"><abbr title="2015-12-09T20:49:52+00:00">20:49:52</abbr></a>] <span>* contempt (contempt@unaffiliated/contempt) has joined #beagleboard</span></li>
<li class="join">[<abbr title="2015-12-09T20:49:52+00:00">20:49:52</abbr>] <span>* contempt (contempt@unaffiliated/contempt) has joined #beagle</span></li>
<li class="message">[<a href="#T20:50:17" id="T20:50:17"><abbr title="2015-12-09T20:50:17+00:00">20:50:17</abbr></a>] &lt;<cite>Silverback</cite>&gt; <q>Hello</q></li>
