<li class="join">[<a href="#T00:03:21" id="T00:03:21"><abbr title="2015-05-14T00:03:21+00:00">00:03:21</abbr></a>] <span>* BeagleBot (~PircBot@ec2-50-17-196-130.compute-1.amazonaws.com) has joined #beagle</span></li>
<li class="topic">[<abbr title="2015-05-14T00:03:21+00:00">00:03:21</abbr>] <span>* Topic is '<a href="http://beagleboard.org/chat">http://beagleboard.org/chat</a> has a guide on how to ask questions and links to the logs | never ask to ask, just ask | be patient | pastebin a boot log | <a href="http://ahsoftware.de/Beaglebone_Black_Boot_explained.svg">http://ahsoftware.de/Beaglebone_Black_Boot_explained.svg</a> | <a href="http://beagleboard.org/latest-images">http://beagleboard.org/latest-images</a> | <a href="http://beagleboard.org/Support/bone101">http://beagleboard.org/Support/bone101</a> | direct bonescript/node.js questions to #beagle-bonescript | books: <a href="http://bit.ly/bbb-books'">http://bit.ly/bbb-books'</a></span></li>
<li class="topic">[<abbr title="2015-05-14T00:03:21+00:00">00:03:21</abbr>] <span>* Set by jkridner!~jkridner@pdpc/supporter/active/jkridner on Sun Mar 29 23:21:44 UTC 2015</span></li>
<li class="join">[<abbr title="2015-05-14T00:03:21+00:00">00:03:21</abbr>] <span>* BeagleBot (~PircBot@ec2-50-17-196-130.compute-1.amazonaws.com) has joined #beagleboard</span></li>
<li class="join">[<abbr title="2015-05-14T00:03:21+00:00">00:03:21</abbr>] <span>* BeagleBot (~PircBot@ec2-50-17-196-130.compute-1.amazonaws.com) has joined #beaglebone</span></li>
<li class="quit">[<a href="#T00:03:22" id="T00:03:22"><abbr title="2015-05-14T00:03:22+00:00">00:03:22</abbr></a>] <span>* hamrove (~hamrove@96-8-209-215.block0.gvtc.com) Quit (Quit: hamrove)</span></li>
<li class="nick-change">[<a href="#T00:06:46" id="T00:06:46"><abbr title="2015-05-14T00:06:46+00:00">00:06:46</abbr></a>] <span>* wgrant_ is now known as wgrant</span></li>
<li class="join">[<a href="#T00:09:31" id="T00:09:31"><abbr title="2015-05-14T00:09:31+00:00">00:09:31</abbr></a>] <span>* zacts (~user@freebsd/geek/zacts) has joined #beagle</span></li>
<li class="join">[<a href="#T00:17:24" id="T00:17:24"><abbr title="2015-05-14T00:17:24+00:00">00:17:24</abbr></a>] <span>* mrpackethead (~mrpacketh@147.200.109.203.static.cust.vf.net.nz) has joined #beagle</span></li>
<li class="join">[<a href="#T00:21:51" id="T00:21:51"><abbr title="2015-05-14T00:21:51+00:00">00:21:51</abbr></a>] <span>* VirG (~VirGin@c-24-6-53-29.hsd1.ca.comcast.net) has joined #beagle</span></li>
<li class="join">[<a href="#T00:38:59" id="T00:38:59"><abbr title="2015-05-14T00:38:59+00:00">00:38:59</abbr></a>] <span>* JParisse (46d62253@gateway/web/freenode/ip.70.214.34.83) has joined #beagle</span></li>
<li class="quit">[<a href="#T00:39:06" id="T00:39:06"><abbr title="2015-05-14T00:39:06+00:00">00:39:06</abbr></a>] <span>* JParisse (46d62253@gateway/web/freenode/ip.70.214.34.83) Quit (Client Quit)</span></li>
<li class="join">[<a href="#T00:39:46" id="T00:39:46"><abbr title="2015-05-14T00:39:46+00:00">00:39:46</abbr></a>] <span>* JParisse (46d62253@gateway/web/freenode/ip.70.214.34.83) has joined #beagle</span></li>
<li class="quit">[<a href="#T00:40:41" id="T00:40:41"><abbr title="2015-05-14T00:40:41+00:00">00:40:41</abbr></a>] <span>* zer0x (~zer0x@90.220.191.246) Quit (Ping timeout: 256 seconds)</span></li>
<li class="join">[<a href="#T00:41:13" id="T00:41:13"><abbr title="2015-05-14T00:41:13+00:00">00:41:13</abbr></a>] <span>* IrishGringo (~chatzilla@2601:3:2d80:4420:d92b:d8a8:362:ea8a) has joined #beagle</span></li>
<li class="message">[<a href="#T00:41:20" id="T00:41:20"><abbr title="2015-05-14T00:41:20+00:00">00:41:20</abbr></a>] &lt;<cite>JParisse</cite>&gt; <q>Can anybody suggest a BegleBone tutor for a Linux noob in LA (near LAX)? I need help getting started... Thanks in advance</q></li>
<li class="join">[<a href="#T00:42:15" id="T00:42:15"><abbr title="2015-05-14T00:42:15+00:00">00:42:15</abbr></a>] <span>* Nico44 (~Nico44@crb44-1-82-67-127-241.fbx.proxad.net) has joined #beagle</span></li>
<li class="message">[<abbr title="2015-05-14T00:42:15+00:00">00:42:15</abbr>] &lt;<cite>JParisse</cite>&gt; <q>Um.... BeagleBone.... Debian Linux....</q></li>
<li class="message">[<a href="#T00:43:38" id="T00:43:38"><abbr title="2015-05-14T00:43:38+00:00">00:43:38</abbr></a>] &lt;<cite>ds2</cite>&gt; <q>in person tutor?</q></li>
<li class="quit">[<a href="#T00:44:10" id="T00:44:10"><abbr title="2015-05-14T00:44:10+00:00">00:44:10</abbr></a>] <span>* VirG (~VirGin@c-24-6-53-29.hsd1.ca.comcast.net) Quit (Quit: Leaving.)</span></li>
<li class="message">[<a href="#T00:46:05" id="T00:46:05"><abbr title="2015-05-14T00:46:05+00:00">00:46:05</abbr></a>] &lt;<cite>JParisse</cite>&gt; <q>In person... yes... I have a work project that needs porting over to BeagleBone... I just need an hour or two to get started... I have been "stuck" for a couple of days trying to get past the basics...</q></li>
<li class="quit">[<a href="#T00:46:20" id="T00:46:20"><abbr title="2015-05-14T00:46:20+00:00">00:46:20</abbr></a>] <span>* Mr_Sheesh (~mr_s@unaffiliated/mr-sheesh/x-0757054) Quit (Ping timeout: 244 seconds)</span></li>
<li class="quit">[<a href="#T00:46:47" id="T00:46:47"><abbr title="2015-05-14T00:46:47+00:00">00:46:47</abbr></a>] <span>* Nico44 (~Nico44@crb44-1-82-67-127-241.fbx.proxad.net) Quit (Ping timeout: 246 seconds)</span></li>
<li class="join">[<a href="#T00:49:15" id="T00:49:15"><abbr title="2015-05-14T00:49:15+00:00">00:49:15</abbr></a>] <span>* hamrove_ (~hamrove@96-8-209-215.block0.gvtc.com) has joined #beagle</span></li>
<li class="message">[<a href="#T00:49:44" id="T00:49:44"><abbr title="2015-05-14T00:49:44+00:00">00:49:44</abbr></a>] &lt;<cite>ds2</cite>&gt; <q>The last time I was at scale, I didn't come across too many folks doing the BB stuff (I'm up in SJC)...closest was some folks out in orange county doing a distro</q></li>
<li class="message">[<a href="#T00:49:55" id="T00:49:55"><abbr title="2015-05-14T00:49:55+00:00">00:49:55</abbr></a>] &lt;<cite>ds2</cite>&gt; <q>but I can't recall the name of the distro</q></li>
<li class="join">[<a href="#T00:52:33" id="T00:52:33"><abbr title="2015-05-14T00:52:33+00:00">00:52:33</abbr></a>] <span>* erakis (4a38b25e@gateway/web/cgi-irc/kiwiirc.com/ip.74.56.178.94) has joined #beaglebone</span></li>
<li class="message">[<a href="#T00:53:01" id="T00:53:01"><abbr title="2015-05-14T00:53:01+00:00">00:53:01</abbr></a>] &lt;<cite>JParisse</cite>&gt; <q>The root of my problem is Linux... perhaps a Linux tutor could help me with getting started...</q></li>
<li class="join">[<a href="#T00:53:16" id="T00:53:16"><abbr title="2015-05-14T00:53:16+00:00">00:53:16</abbr></a>] <span>* erakis (4a38b25e@gateway/web/cgi-irc/kiwiirc.com/ip.74.56.178.94) has joined #beagle</span></li>
<li class="part">[<a href="#T00:53:22" id="T00:53:22"><abbr title="2015-05-14T00:53:22+00:00">00:53:22</abbr></a>] <span>* erakis (4a38b25e@gateway/web/cgi-irc/kiwiirc.com/ip.74.56.178.94) has left #beaglebone</span></li>
<li class="message">[<a href="#T00:53:56" id="T00:53:56"><abbr title="2015-05-14T00:53:56+00:00">00:53:56</abbr></a>] &lt;<cite>veremit</cite>&gt; <q>JParisse .. there's loads of videos/etc tutorials online .. have you really tried everything?</q></li>
<li class="message">[<a href="#T00:54:05" id="T00:54:05"><abbr title="2015-05-14T00:54:05+00:00">00:54:05</abbr></a>] &lt;<cite>erakis</cite>&gt; <q>Hi, I'm running Qt5 application over EGLFS and once I touch the screen I'm seeing the console flashing in the background. How can I stop it ?</q></li>
<li class="quit">[<a href="#T00:56:14" id="T00:56:14"><abbr title="2015-05-14T00:56:14+00:00">00:56:14</abbr></a>] <span>* Abhishek_ (uid26899@gateway/web/irccloud.com/x-mdcaejcewvsuwcut) Quit (Quit: Connection closed for inactivity)</span></li>
<li class="message">[<a href="#T00:56:17" id="T00:56:17"><abbr title="2015-05-14T00:56:17+00:00">00:56:17</abbr></a>] &lt;<cite>JParisse</cite>&gt; <q>It is not that I have tried everything... I am in a time crunch and I want to get productive quickly....  Even the BeagleBone/Support/Bone101 page gets me hung up...</q></li>
<li class="message">[<a href="#T00:56:46" id="T00:56:46"><abbr title="2015-05-14T00:56:46+00:00">00:56:46</abbr></a>] &lt;<cite>JParisse</cite>&gt; <q>An hour of one on one time with an expert is worth a week of hitting my head against a desk... :)</q></li>
<li class="message">[<a href="#T00:59:10" id="T00:59:10"><abbr title="2015-05-14T00:59:10+00:00">00:59:10</abbr></a>] &lt;<cite>ds2</cite>&gt; <q>the problem is you need it in person</q></li>
<li class="message">[<a href="#T00:59:49" id="T00:59:49"><abbr title="2015-05-14T00:59:49+00:00">00:59:49</abbr></a>] &lt;<cite>veremit</cite>&gt; <q>you'd be better handing the project off ..</q></li>
<li class="message">[<a href="#T00:59:59" id="T00:59:59"><abbr title="2015-05-14T00:59:59+00:00">00:59:59</abbr></a>] &lt;<cite>JParisse</cite>&gt; <q>exactly....</q></li>
