<li class="join">[<a href="#T00:00:35" id="T00:00:35"><abbr title="2015-06-06T00:00:35+00:00">00:00:35</abbr></a>] <span>* BeagleBot (~PircBot@ec2-50-17-196-130.compute-1.amazonaws.com) has joined #beagle</span></li>
<li class="topic">[<abbr title="2015-06-06T00:00:35+00:00">00:00:35</abbr>] <span>* Topic is '<a href="http://beagleboard.org/chat">http://beagleboard.org/chat</a> has a guide on how to ask questions and links to the logs | never ask to ask, just ask | be patient | pastebin a boot log | <a href="http://ahsoftware.de/Beaglebone_Black_Boot_explained.svg">http://ahsoftware.de/Beaglebone_Black_Boot_explained.svg</a> | <a href="http://beagleboard.org/latest-images">http://beagleboard.org/latest-images</a> | <a href="http://beagleboard.org/Support/bone101">http://beagleboard.org/Support/bone101</a> | direct bonescript/node.js questions to #beagle-bonescript | books: <a href="http://bit.ly/bbb-books'">http://bit.ly/bbb-books'</a></span></li>
<li class="topic">[<abbr title="2015-06-06T00:00:35+00:00">00:00:35</abbr>] <span>* Set by jkridner!~jkridner@pdpc/supporter/active/jkridner on Sun Mar 29 23:21:44 UTC 2015</span></li>
<li class="join">[<abbr title="2015-06-06T00:00:35+00:00">00:00:35</abbr>] <span>* BeagleBot (~PircBot@ec2-50-17-196-130.compute-1.amazonaws.com) has joined #beagleboard</span></li>
<li class="join">[<abbr title="2015-06-06T00:00:35+00:00">00:00:35</abbr>] <span>* BeagleBot (~PircBot@ec2-50-17-196-130.compute-1.amazonaws.com) has joined #beaglebone</span></li>
<li class="nick-change">[<a href="#T00:03:19" id="T00:03:19"><abbr title="2015-06-06T00:03:19+00:00">00:03:19</abbr></a>] <span>* kilroi is now known as kilroi_off</span></li>
<li class="quit">[<a href="#T00:29:14" id="T00:29:14"><abbr title="2015-06-06T00:29:14+00:00">00:29:14</abbr></a>] <span>* rob_w (~rob@unaffiliated/rob-w/x-1112029) Quit (Read error: Connection reset by peer)</span></li>
<li class="join">[<a href="#T00:32:01" id="T00:32:01"><abbr title="2015-06-06T00:32:01+00:00">00:32:01</abbr></a>] <span>* James_Johnson (~clayshoot@ip68-0-127-69.tu.ok.cox.net) has joined #beagle</span></li>
<li class="quit">[<a href="#T00:49:27" id="T00:49:27"><abbr title="2015-06-06T00:49:27+00:00">00:49:27</abbr></a>] <span>* Akex_ (uid58281@gateway/web/irccloud.com/x-vquzdjjpbmfgnwnw) Quit (Quit: Connection closed for inactivity)</span></li>
<li class="quit">[<a href="#T00:54:29" id="T00:54:29"><abbr title="2015-06-06T00:54:29+00:00">00:54:29</abbr></a>] <span>* arianepaola (~ariane@unaffiliated/arianepaola) Quit (Ping timeout: 265 seconds)</span></li>
<li class="join">[<a href="#T00:58:16" id="T00:58:16"><abbr title="2015-06-06T00:58:16+00:00">00:58:16</abbr></a>] <span>* arianepaola (~ariane@unaffiliated/arianepaola) has joined #beagle</span></li>
<li class="quit">[<a href="#T01:04:26" id="T01:04:26"><abbr title="2015-06-06T01:04:26+00:00">01:04:26</abbr></a>] <span>* arianepaola (~ariane@unaffiliated/arianepaola) Quit (Ping timeout: 272 seconds)</span></li>
<li class="join">[<a href="#T01:07:54" id="T01:07:54"><abbr title="2015-06-06T01:07:54+00:00">01:07:54</abbr></a>] <span>* Nico44 (~Nico44@crb44-1-82-67-127-241.fbx.proxad.net) has joined #beagle</span></li>
<li class="join">[<a href="#T01:09:49" id="T01:09:49"><abbr title="2015-06-06T01:09:49+00:00">01:09:49</abbr></a>] <span>* Humpelst1lzchen (erik@x50abd4ae.dyn.telefonica.de) has joined #beagle</span></li>
<li class="quit">[<a href="#T01:12:24" id="T01:12:24"><abbr title="2015-06-06T01:12:24+00:00">01:12:24</abbr></a>] <span>* limbrik (~textual@64.197.89.235) Quit (Quit: Textual IRC Client: www.textualapp.com)</span></li>
<li class="quit">[<a href="#T01:12:29" id="T01:12:29"><abbr title="2015-06-06T01:12:29+00:00">01:12:29</abbr></a>] <span>* Nico44 (~Nico44@crb44-1-82-67-127-241.fbx.proxad.net) Quit (Ping timeout: 246 seconds)</span></li>
<li class="quit">[<a href="#T01:13:37" id="T01:13:37"><abbr title="2015-06-06T01:13:37+00:00">01:13:37</abbr></a>] <span>* Humpelstilzchen (erik@f054112095.adsl.alicedsl.de) Quit (Ping timeout: 264 seconds)</span></li>
<li class="join">[<a href="#T01:18:13" id="T01:18:13"><abbr title="2015-06-06T01:18:13+00:00">01:18:13</abbr></a>] <span>* sidbh (~Siddharth@50.247.94.213) has joined #beagle</span></li>
<li class="quit">[<a href="#T01:22:00" id="T01:22:00"><abbr title="2015-06-06T01:22:00+00:00">01:22:00</abbr></a>] <span>* praneeth_ (praneeth@nat/ti/x-uvjvlvnjtgtskpcg) Quit (Remote host closed the connection)</span></li>
<li class="join">[<a href="#T01:22:24" id="T01:22:24"><abbr title="2015-06-06T01:22:24+00:00">01:22:24</abbr></a>] <span>* praneeth_ (praneeth@nat/ti/x-zcgufymkzyyxrqgn) has joined #beagle</span></li>
<li class="join">[<a href="#T01:31:38" id="T01:31:38"><abbr title="2015-06-06T01:31:38+00:00">01:31:38</abbr></a>] <span>* n-st (~n-st@2001:470:7272:0:347b:898f:df02:4191) has joined #beagle</span></li>
<li class="quit">[<a href="#T01:42:10" id="T01:42:10"><abbr title="2015-06-06T01:42:10+00:00">01:42:10</abbr></a>] <span>* pwillard (~pwillard@c-73-184-136-133.hsd1.ga.comcast.net) Quit (Quit: Leaving)</span></li>
<li class="join">[<a href="#T01:48:57" id="T01:48:57"><abbr title="2015-06-06T01:48:57+00:00">01:48:57</abbr></a>] <span>* Ceriand|desktop (~Ceriand@unaffiliated/ceriand) has joined #beagle</span></li>
<li class="quit">[<a href="#T01:54:58" id="T01:54:58"><abbr title="2015-06-06T01:54:58+00:00">01:54:58</abbr></a>] <span>* roric (~roric@h196n19-vrr-a31.ias.bredband.telia.com) Quit (Ping timeout: 265 seconds)</span></li>
