<li class="join">[<a href="#T00:00:22" id="T00:00:22"><abbr title="2015-01-12T00:00:22+00:00">00:00:22</abbr></a>] <span>* BeagleBot (~PircBot@ec2-50-17-196-130.compute-1.amazonaws.com) has joined #beagle</span></li>
<li class="topic">[<abbr title="2015-01-12T00:00:22+00:00">00:00:22</abbr>] <span>* Topic is '<a href="http://beagleboard.org/chat">http://beagleboard.org/chat</a> has a guide on how to ask questions and links to the logs | never ask to ask, just ask | be patient | pastebin a boot log | <a href="http://ahsoftware.de/Beaglebone_Black_Boot_explained.svg">http://ahsoftware.de/Beaglebone_Black_Boot_explained.svg</a> | <a href="http://beagleboard.org/latest-images">http://beagleboard.org/latest-images</a> | <a href="http://beagleboard.org/Support/bone101">http://beagleboard.org/Support/bone101</a> | direct bonescript/node.js questions to #beagle-bonescript'</span></li>
<li class="topic">[<abbr title="2015-01-12T00:00:22+00:00">00:00:22</abbr>] <span>* Set by jkridner!~jkridner@pdpc/supporter/active/jkridner on Wed Oct 22 00:02:16 UTC 2014</span></li>
<li class="join">[<abbr title="2015-01-12T00:00:22+00:00">00:00:22</abbr>] <span>* BeagleBot (~PircBot@ec2-50-17-196-130.compute-1.amazonaws.com) has joined #beagleboard</span></li>
<li class="join">[<abbr title="2015-01-12T00:00:22+00:00">00:00:22</abbr>] <span>* BeagleBot (~PircBot@ec2-50-17-196-130.compute-1.amazonaws.com) has joined #beaglebone</span></li>
<li class="join">[<a href="#T00:01:45" id="T00:01:45"><abbr title="2015-01-12T00:01:45+00:00">00:01:45</abbr></a>] <span>* Shadyman (~matthew@unaffiliated/shadyman) has joined #beagle</span></li>
<li class="quit">[<a href="#T00:03:04" id="T00:03:04"><abbr title="2015-01-12T00:03:04+00:00">00:03:04</abbr></a>] <span>* jsnyder (~jsnyder@68-168-180-109.fttp.usinternet.com) Quit (Quit: counting electric sheep)</span></li>
<li class="quit">[<a href="#T00:05:15" id="T00:05:15"><abbr title="2015-01-12T00:05:15+00:00">00:05:15</abbr></a>] <span>* webdaford (~daford@ool-4357e09c.dyn.optonline.net) Quit (Quit: Leaving)</span></li>
<li class="quit">[<a href="#T00:11:31" id="T00:11:31"><abbr title="2015-01-12T00:11:31+00:00">00:11:31</abbr></a>] <span>* Shadyman (~matthew@unaffiliated/shadyman) Quit (Quit: Leaving.)</span></li>
<li class="quit">[<a href="#T00:17:03" id="T00:17:03"><abbr title="2015-01-12T00:17:03+00:00">00:17:03</abbr></a>] <span>* KiloJuliet (~gplgeek@pdpc/supporter/student/GPLGeek) Quit (Read error: Connection reset by peer)</span></li>
<li class="quit">[<a href="#T00:22:56" id="T00:22:56"><abbr title="2015-01-12T00:22:56+00:00">00:22:56</abbr></a>] <span>* firemanxbr (~Marcelo@187.36.51.186) Quit (Quit: Leaving)</span></li>
<li class="join">[<a href="#T00:25:11" id="T00:25:11"><abbr title="2015-01-12T00:25:11+00:00">00:25:11</abbr></a>] <span>* lordcisco (ac382274@gateway/web/freenode/session) has joined #beagle</span></li>
<li class="quit">[<abbr title="2015-01-12T00:25:11+00:00">00:25:11</abbr>] <span>* lordcisco (ac382274@gateway/web/freenode/session) Quit (Changing host)</span></li>
<li class="join">[<abbr title="2015-01-12T00:25:11+00:00">00:25:11</abbr>] <span>* lordcisco (ac382274@gateway/web/freenode/ip.172.56.34.116) has joined #beagle</span></li>
<li class="message">[<a href="#T00:25:13" id="T00:25:13"><abbr title="2015-01-12T00:25:13+00:00">00:25:13</abbr></a>] &lt;<cite>lordcisco</cite>&gt; <q>ey whats up people can i get some help</q></li>
<li class="join">[<a href="#T00:25:35" id="T00:25:35"><abbr title="2015-01-12T00:25:35+00:00">00:25:35</abbr></a>] <span>* dj_pi (~dj@c-107-5-228-80.hsd1.mi.comcast.net) has joined #beagle</span></li>
<li class="message">[<a href="#T00:25:59" id="T00:25:59"><abbr title="2015-01-12T00:25:59+00:00">00:25:59</abbr></a>] &lt;<cite>tbr</cite>&gt; <q><a href="http://www.catb.org/esr/faqs/smart-questions.html">http://www.catb.org/esr/faqs/smart-questions.html</a></q></li>
<li class="message">[<a href="#T00:26:19" id="T00:26:19"><abbr title="2015-01-12T00:26:19+00:00">00:26:19</abbr></a>] &lt;<cite>lordcisco</cite>&gt; <q>whats the blue led for no the stripped down beagle my s2 bitmain ant miner dont seem to be hashing and im thinking its got somethign to do withthe blue light not going on</q></li>
<li class="quit">[<a href="#T00:26:30" id="T00:26:30"><abbr title="2015-01-12T00:26:30+00:00">00:26:30</abbr></a>] <span>* nofxx (~nofxx@unaffiliated/nofxx) Quit (Read error: Connection timed out)</span></li>
<li class="join">[<a href="#T00:27:05" id="T00:27:05"><abbr title="2015-01-12T00:27:05+00:00">00:27:05</abbr></a>] <span>* nofxx (~nofxx@unaffiliated/nofxx) has joined #beaglebone</span></li>
<li class="quit">[<a href="#T00:29:52" id="T00:29:52"><abbr title="2015-01-12T00:29:52+00:00">00:29:52</abbr></a>] <span>* enclis (~en@95-24-241-35.broadband.corbina.ru) Quit (Ping timeout: 245 seconds)</span></li>
<li class="quit">[<a href="#T00:32:02" id="T00:32:02"><abbr title="2015-01-12T00:32:02+00:00">00:32:02</abbr></a>] <span>* knob (~knob@199.27.101.98) Quit (Quit: Leaving)</span></li>
<li class="join">[<a href="#T00:40:48" id="T00:40:48"><abbr title="2015-01-12T00:40:48+00:00">00:40:48</abbr></a>] <span>* KiloJuliet (~gplgeek@pdpc/supporter/student/GPLGeek) has joined #beagle</span></li>
<li class="message">[<a href="#T00:42:41" id="T00:42:41"><abbr title="2015-01-12T00:42:41+00:00">00:42:41</abbr></a>] &lt;<cite>cityLights</cite>&gt; <q>ok, is this how to overlay the device tree and pull up gpio48?</q></li>
<li class="message">[<a href="#T00:42:43" id="T00:42:43"><abbr title="2015-01-12T00:42:43+00:00">00:42:43</abbr></a>] &lt;<cite>cityLights</cite>&gt; <q><a href="http://nopaste.info/8a45671eb0.html">http://nopaste.info/8a45671eb0.html</a></q></li>
<li class="quit">[<a href="#T00:54:16" id="T00:54:16"><abbr title="2015-01-12T00:54:16+00:00">00:54:16</abbr></a>] <span>* nofxx (~nofxx@unaffiliated/nofxx) Quit (Read error: Connection timed out)</span></li>
<li class="join">[<a href="#T00:55:04" id="T00:55:04"><abbr title="2015-01-12T00:55:04+00:00">00:55:04</abbr></a>] <span>* nofxx (~nofxx@unaffiliated/nofxx) has joined #beaglebone</span></li>
<li class="join">[<a href="#T00:56:51" id="T00:56:51"><abbr title="2015-01-12T00:56:51+00:00">00:56:51</abbr></a>] <span>* igorTavares (~igorTavar@access168-d-33.neowave.com.br) has joined #beagle</span></li>
<li class="quit">[<a href="#T00:58:16" id="T00:58:16"><abbr title="2015-01-12T00:58:16+00:00">00:58:16</abbr></a>] <span>* dj_pi (~dj@c-107-5-228-80.hsd1.mi.comcast.net) Quit (Ping timeout: 244 seconds)</span></li>
