<li class="join">[<a href="#T00:01:05" id="T00:01:05"><abbr title="2015-03-02T00:01:05+00:00">00:01:05</abbr></a>] <span>* BeagleBot (~PircBot@ec2-50-17-196-130.compute-1.amazonaws.com) has joined #beagle</span></li>
<li class="topic">[<abbr title="2015-03-02T00:01:05+00:00">00:01:05</abbr>] <span>* Topic is '<a href="http://beagleboard.org/chat">http://beagleboard.org/chat</a> has a guide on how to ask questions and links to the logs | never ask to ask, just ask | be patient | pastebin a boot log | <a href="http://ahsoftware.de/Beaglebone_Black_Boot_explained.svg">http://ahsoftware.de/Beaglebone_Black_Boot_explained.svg</a> | <a href="http://beagleboard.org/latest-images">http://beagleboard.org/latest-images</a> | <a href="http://beagleboard.org/Support/bone101">http://beagleboard.org/Support/bone101</a> | direct bonescript/node.js questions to #beagle-bonescript | books: <a href="http://bit.ly/bbb-books'">http://bit.ly/bbb-books'</a></span></li>
<li class="topic">[<abbr title="2015-03-02T00:01:05+00:00">00:01:05</abbr>] <span>* Set by jkridner!~jkridner@pdpc/supporter/active/jkridner on Fri Jan 30 15:50:45 UTC 2015</span></li>
<li class="join">[<abbr title="2015-03-02T00:01:05+00:00">00:01:05</abbr>] <span>* BeagleBot (~PircBot@ec2-50-17-196-130.compute-1.amazonaws.com) has joined #beagleboard</span></li>
<li class="join">[<abbr title="2015-03-02T00:01:05+00:00">00:01:05</abbr>] <span>* BeagleBot (~PircBot@ec2-50-17-196-130.compute-1.amazonaws.com) has joined #beaglebone</span></li>
<li class="quit">[<a href="#T00:02:22" id="T00:02:22"><abbr title="2015-03-02T00:02:22+00:00">00:02:22</abbr></a>] <span>* j12t (~j12t@c-107-3-142-14.hsd1.ca.comcast.net) Quit (Ping timeout: 245 seconds)</span></li>
<li class="join">[<a href="#T00:05:42" id="T00:05:42"><abbr title="2015-03-02T00:05:42+00:00">00:05:42</abbr></a>] <span>* emeb1 (~ericb@71-36-165-32.phnx.qwest.net) has joined #beagle</span></li>
<li class="join">[<a href="#T00:06:29" id="T00:06:29"><abbr title="2015-03-02T00:06:29+00:00">00:06:29</abbr></a>] <span>* DJW (~djwillis@cpc2-trow6-2-0-cust204.aztw.cable.virginm.net) has joined #beagle</span></li>
<li class="quit">[<a href="#T00:06:43" id="T00:06:43"><abbr title="2015-03-02T00:06:43+00:00">00:06:43</abbr></a>] <span>* emeb1 (~ericb@71-36-165-32.phnx.qwest.net) Quit (Client Quit)</span></li>
<li class="join">[<a href="#T00:07:04" id="T00:07:04"><abbr title="2015-03-02T00:07:04+00:00">00:07:04</abbr></a>] <span>* emeb1 (~ericb@71-36-165-32.phnx.qwest.net) has joined #beagle</span></li>
<li class="part">[<a href="#T00:07:24" id="T00:07:24"><abbr title="2015-03-02T00:07:24+00:00">00:07:24</abbr></a>] <span>* emeb1 (~ericb@71-36-165-32.phnx.qwest.net) has left #beagle</span></li>
<li class="quit">[<a href="#T00:09:27" id="T00:09:27"><abbr title="2015-03-02T00:09:27+00:00">00:09:27</abbr></a>] <span>* emeb (~ericb@71-36-165-32.phnx.qwest.net) Quit (Ping timeout: 256 seconds)</span></li>
<li class="quit">[<a href="#T00:09:36" id="T00:09:36"><abbr title="2015-03-02T00:09:36+00:00">00:09:36</abbr></a>] <span>* DJW|Home (~djwillis@cpc2-trow6-2-0-cust204.aztw.cable.virginm.net) Quit (Ping timeout: 250 seconds)</span></li>
<li class="nick-change">[<a href="#T00:15:32" id="T00:15:32"><abbr title="2015-03-02T00:15:32+00:00">00:15:32</abbr></a>] <span>* megabitdragon is now known as megabit|away</span></li>
<li class="quit">[<a href="#T00:18:22" id="T00:18:22"><abbr title="2015-03-02T00:18:22+00:00">00:18:22</abbr></a>] <span>* mrpackethead (~mrpacketh@147.200.109.203.static.cust.vf.net.nz) Quit (Ping timeout: 252 seconds)</span></li>
<li class="join">[<a href="#T00:22:49" id="T00:22:49"><abbr title="2015-03-02T00:22:49+00:00">00:22:49</abbr></a>] <span>* j12t (~j12t@c-107-3-142-14.hsd1.ca.comcast.net) has joined #beagle</span></li>
<li class="quit">[<a href="#T00:23:13" id="T00:23:13"><abbr title="2015-03-02T00:23:13+00:00">00:23:13</abbr></a>] <span>* gusnan (~gusnan@s213-100-228-162.cust.tele2.se) Quit (Ping timeout: 250 seconds)</span></li>
<li class="join">[<a href="#T00:23:33" id="T00:23:33"><abbr title="2015-03-02T00:23:33+00:00">00:23:33</abbr></a>] <span>* aschmack- (~quassel@cpe-67-253-128-200.rochester.res.rr.com) has joined #beagle</span></li>
<li class="join">[<a href="#T00:24:00" id="T00:24:00"><abbr title="2015-03-02T00:24:00+00:00">00:24:00</abbr></a>] <span>* gusnan (~gusnan@s213-100-228-162.cust.tele2.se) has joined #beagle</span></li>
<li class="quit">[<a href="#T00:26:26" id="T00:26:26"><abbr title="2015-03-02T00:26:26+00:00">00:26:26</abbr></a>] <span>* aschmack (~quassel@cpe-67-253-128-200.rochester.res.rr.com) Quit (Ping timeout: 246 seconds)</span></li>
<li class="quit">[<a href="#T00:29:06" id="T00:29:06"><abbr title="2015-03-02T00:29:06+00:00">00:29:06</abbr></a>] <span>* florian (~fuchs@Maemo/community/contributor/florian) Quit (Ping timeout: 250 seconds)</span></li>
<li class="join">[<a href="#T00:30:11" id="T00:30:11"><abbr title="2015-03-02T00:30:11+00:00">00:30:11</abbr></a>] <span>* tridge (~tridge@pdpc/supporter/professional/tridge) has joined #beagle</span></li>
<li class="quit">[<a href="#T00:30:19" id="T00:30:19"><abbr title="2015-03-02T00:30:19+00:00">00:30:19</abbr></a>] <span>* tridge (~tridge@pdpc/supporter/professional/tridge) Quit (Client Quit)</span></li>
<li class="join">[<a href="#T00:37:29" id="T00:37:29"><abbr title="2015-03-02T00:37:29+00:00">00:37:29</abbr></a>] <span>* mrpackethead (~mrpacketh@147.200.109.203.static.cust.vf.net.nz) has joined #beagle</span></li>
<li class="join">[<a href="#T00:43:27" id="T00:43:27"><abbr title="2015-03-02T00:43:27+00:00">00:43:27</abbr></a>] <span>* sidbh__ (~Siddharth@123.201.18.160) has joined #beagle</span></li>
<li class="quit">[<a href="#T00:43:50" id="T00:43:50"><abbr title="2015-03-02T00:43:50+00:00">00:43:50</abbr></a>] <span>* simar|on_ (~simar@69.58.102.156) Quit (Quit: leaving)</span></li>
<li class="quit">[<a href="#T00:46:24" id="T00:46:24"><abbr title="2015-03-02T00:46:24+00:00">00:46:24</abbr></a>] <span>* sidbh_ (~Siddharth@219.91.177.156) Quit (Ping timeout: 246 seconds)</span></li>
<li class="quit">[<a href="#T00:54:04" id="T00:54:04"><abbr title="2015-03-02T00:54:04+00:00">00:54:04</abbr></a>] <span>* j12t (~j12t@c-107-3-142-14.hsd1.ca.comcast.net) Quit (Remote host closed the connection)</span></li>
<li class="quit">[<a href="#T01:03:45" id="T01:03:45"><abbr title="2015-03-02T01:03:45+00:00">01:03:45</abbr></a>] <span>* GusBricker (~GusBricke@cre1513898.lnk.telstra.net) Quit (Ping timeout: 244 seconds)</span></li>
<li class="join">[<a href="#T01:16:14" id="T01:16:14"><abbr title="2015-03-02T01:16:14+00:00">01:16:14</abbr></a>] <span>* dj_pi (~dj@c-107-5-228-80.hsd1.mi.comcast.net) has joined #beagle</span></li>
<li class="quit">[<a href="#T01:17:59" id="T01:17:59"><abbr title="2015-03-02T01:17:59+00:00">01:17:59</abbr></a>] <span>* thews (~thews@unaffiliated/thews) Quit (Read error: Connection reset by peer)</span></li>
<li class="join">[<a href="#T01:18:36" id="T01:18:36"><abbr title="2015-03-02T01:18:36+00:00">01:18:36</abbr></a>] <span>* thews (~thews@unaffiliated/thews) has joined #beagle</span></li>
<li class="quit">[<a href="#T01:20:18" id="T01:20:18"><abbr title="2015-03-02T01:20:18+00:00">01:20:18</abbr></a>] <span>* bwarff_ (~bwarff@124-148-223-59.dyn.iinet.net.au) Quit (Ping timeout: 246 seconds)</span></li>
<li class="quit">[<a href="#T01:33:01" id="T01:33:01"><abbr title="2015-03-02T01:33:01+00:00">01:33:01</abbr></a>] <span>* contempt (contempt@unaffiliated/contempt) Quit (Ping timeout: 252 seconds)</span></li>
<li class="join">[<a href="#T01:36:20" id="T01:36:20"><abbr title="2015-03-02T01:36:20+00:00">01:36:20</abbr></a>] <span>* AnxiousGarlic (~Spider@130.225.244.206) has joined #beagle</span></li>
<li class="part">[<a href="#T01:36:21" id="T01:36:21"><abbr title="2015-03-02T01:36:21+00:00">01:36:21</abbr></a>] <span>* AnxiousGarlic (~Spider@130.225.244.206) has left #beagle</span></li>
<li class="nick-change">[<a href="#T01:38:04" id="T01:38:04"><abbr title="2015-03-02T01:38:04+00:00">01:38:04</abbr></a>] <span>* megabit|away is now known as megabitdragon</span></li>
<li class="join">[<a href="#T01:40:07" id="T01:40:07"><abbr title="2015-03-02T01:40:07+00:00">01:40:07</abbr></a>] <span>* contempt (contempt@unaffiliated/contempt) has joined #beagleboard</span></li>
<li class="join">[<abbr title="2015-03-02T01:40:07+00:00">01:40:07</abbr>] <span>* contempt (contempt@unaffiliated/contempt) has joined #beagle</span></li>
<li class="join">[<a href="#T01:44:41" id="T01:44:41"><abbr title="2015-03-02T01:44:41+00:00">01:44:41</abbr></a>] <span>* daford (~daford@ool-457895c1.dyn.optonline.net) has joined #beagle</span></li>
<li class="quit">[<a href="#T01:46:15" id="T01:46:15"><abbr title="2015-03-02T01:46:15+00:00">01:46:15</abbr></a>] <span>* blaine_ (~blaine@63-155-240-116.frgo.qwest.net) Quit (Ping timeout: 246 seconds)</span></li>
<li class="quit">[<a href="#T01:50:37" id="T01:50:37"><abbr title="2015-03-02T01:50:37+00:00">01:50:37</abbr></a>] <span>* daford (~daford@ool-457895c1.dyn.optonline.net) Quit (Remote host closed the connection)</span></li>
<li class="quit">[<a href="#T01:53:13" id="T01:53:13"><abbr title="2015-03-02T01:53:13+00:00">01:53:13</abbr></a>] <span>* webdaford (~daford@ool-457895c1.dyn.optonline.net) Quit (Quit: Leaving)</span></li>
<li class="quit">[<a href="#T01:54:17" id="T01:54:17"><abbr title="2015-03-02T01:54:17+00:00">01:54:17</abbr></a>] <span>* signal11 (esteban@abq.quaddro.net) Quit (Ping timeout: 252 seconds)</span></li>
<li class="join">[<a href="#T01:54:36" id="T01:54:36"><abbr title="2015-03-02T01:54:36+00:00">01:54:36</abbr></a>] <span>* webdaford (~daford@ool-457895c1.dyn.optonline.net) has joined #beagle</span></li>
<li class="join">[<a href="#T01:55:15" id="T01:55:15"><abbr title="2015-03-02T01:55:15+00:00">01:55:15</abbr></a>] <span>* signal11 (esteban@abq.quaddro.net) has joined #beagle</span></li>
<li class="quit">[<a href="#T01:57:44" id="T01:57:44"><abbr title="2015-03-02T01:57:44+00:00">01:57:44</abbr></a>] <span>* Cats_home1 (~Thunderbi@173.246.2.54) Quit (Ping timeout: 245 seconds)</span></li>
<li class="join">[<a href="#T01:57:59" id="T01:57:59"><abbr title="2015-03-02T01:57:59+00:00">01:57:59</abbr></a>] <span>* Cats_home (~Thunderbi@173.246.2.231) has joined #beagle</span></li>
<li class="nick-change">[<a href="#T01:59:02" id="T01:59:02"><abbr title="2015-03-02T01:59:02+00:00">01:59:02</abbr></a>] <span>* megabitdragon is now known as megabit|away</span></li>
