<li class="join">[<a href="#T00:00:35" id="T00:00:35"><abbr title="2015-10-27T00:00:35+00:00">00:00:35</abbr></a>] <span>* BeagleBot (~PircBot@ec2-50-17-196-130.compute-1.amazonaws.com) has joined #beagle</span></li>
<li class="topic">[<abbr title="2015-10-27T00:00:35+00:00">00:00:35</abbr>] <span>* Topic is '<a href="http://beagleboard.org/chat">http://beagleboard.org/chat</a> has a guide on how to ask questions and links to the logs | never ask to ask, just ask | be patient | pastebin a boot log | <a href="http://ahsoftware.de/Beaglebone_Black_Boot_explained.svg">http://ahsoftware.de/Beaglebone_Black_Boot_explained.svg</a> | <a href="http://beagleboard.org/latest-images">http://beagleboard.org/latest-images</a> | <a href="http://beagleboard.org/Support/bone101">http://beagleboard.org/Support/bone101</a> | direct bonescript/node.js questions to #beagle-bonescript | books: <a href="http://bit.ly/bbb-books'">http://bit.ly/bbb-books'</a></span></li>
<li class="topic">[<abbr title="2015-10-27T00:00:35+00:00">00:00:35</abbr>] <span>* Set by KotH!~attila@erica.kinali.ch on Wed Jul 15 13:55:07 UTC 2015</span></li>
<li class="join">[<abbr title="2015-10-27T00:00:35+00:00">00:00:35</abbr>] <span>* BeagleBot (~PircBot@ec2-50-17-196-130.compute-1.amazonaws.com) has joined #beagleboard</span></li>
<li class="join">[<abbr title="2015-10-27T00:00:35+00:00">00:00:35</abbr>] <span>* BeagleBot (~PircBot@ec2-50-17-196-130.compute-1.amazonaws.com) has joined #beaglebone</span></li>
<li class="message">[<a href="#T00:06:50" id="T00:06:50"><abbr title="2015-10-27T00:06:50+00:00">00:06:50</abbr></a>] &lt;<cite>GenTooMan</cite>&gt; <q>is the image being loaded good or is the memory being used toast? you using the eMMC?</q></li>
<li class="message">[<a href="#T00:09:40" id="T00:09:40"><abbr title="2015-10-27T00:09:40+00:00">00:09:40</abbr></a>] &lt;<cite>GenTooMan</cite>&gt; <q>I probably should have bought the xm instead of the panda's sigh.</q></li>
<li class="message">[<a href="#T00:14:21" id="T00:14:21"><abbr title="2015-10-27T00:14:21+00:00">00:14:21</abbr></a>] &lt;<cite>zmatt</cite>&gt; <q>well the block device driver started dropping data in the middle of a system update which included essential shared libs like libgcc and libc and other essential packages</q></li>
<li class="message">[<a href="#T00:15:39" id="T00:15:39"><abbr title="2015-10-27T00:15:39+00:00">00:15:39</abbr></a>] &lt;<cite>zmatt</cite>&gt; <q>I got the eMMC mounted over USB now so I'm going to try to manually get it into working state again</q></li>
<li class="message">[<a href="#T00:16:40" id="T00:16:40"><abbr title="2015-10-27T00:16:40+00:00">00:16:40</abbr></a>] &lt;<cite>zmatt</cite>&gt; <q>libc being clobbered is slightly inconvenient since that means I also can't chroot into it to reinstall the packages that were part of this update (which should hopefully fix the system)</q></li>
<li class="message">[<a href="#T00:17:47" id="T00:17:47"><abbr title="2015-10-27T00:17:47+00:00">00:17:47</abbr></a>] &lt;<cite>GenTooMan</cite>&gt; <q>it would be nice if one could boot from ramdisk and temporarily operate from that...</q></li>
<li class="message">[<a href="#T00:17:55" id="T00:17:55"><abbr title="2015-10-27T00:17:55+00:00">00:17:55</abbr></a>] &lt;<cite>veremit</cite>&gt; <q>ah I had an inkling the panda was freescale .. but its not .. yeah</q></li>
<li class="message">[<a href="#T00:18:08" id="T00:18:08"><abbr title="2015-10-27T00:18:08+00:00">00:18:08</abbr></a>] &lt;<cite>veremit</cite>&gt; <q>GenTooMan ..uboot does :p</q></li>
<li class="message">[<a href="#T00:18:14" id="T00:18:14"><abbr title="2015-10-27T00:18:14+00:00">00:18:14</abbr></a>] &lt;<cite>veremit</cite>&gt; <q>sorta</q></li>
<li class="join">[<a href="#T00:18:28" id="T00:18:28"><abbr title="2015-10-27T00:18:28+00:00">00:18:28</abbr></a>] <span>* roric (~roric@h196n19-vrr-a31.ias.bredband.telia.com) has joined #beagleboard</span></li>
<li class="join">[<abbr title="2015-10-27T00:18:28+00:00">00:18:28</abbr>] <span>* roric (~roric@h196n19-vrr-a31.ias.bredband.telia.com) has joined #beaglebone</span></li>
<li class="message">[<a href="#T00:18:57" id="T00:18:57"><abbr title="2015-10-27T00:18:57+00:00">00:18:57</abbr></a>] &lt;<cite>veremit</cite>&gt; <q>zmatt might be able to suggest the baremetal interface :P</q></li>
<li class="message">[<a href="#T00:18:58" id="T00:18:58"><abbr title="2015-10-27T00:18:58+00:00">00:18:58</abbr></a>] &lt;<cite>zmatt</cite>&gt; <q>GenTooMan: I'd run into the same problem: you can't chroot into the rootfs and use dpkg there</q></li>
<li class="message">[<a href="#T00:19:07" id="T00:19:07"><abbr title="2015-10-27T00:19:07+00:00">00:19:07</abbr></a>] &lt;<cite>zmatt</cite>&gt; <q>I mean, filesystem access I already have</q></li>
<li class="message">[<a href="#T00:19:33" id="T00:19:33"><abbr title="2015-10-27T00:19:33+00:00">00:19:33</abbr></a>] &lt;<cite>veremit</cite>&gt; <q>zmatt .. has it got important data, or can you scrub it?</q></li>
<li class="message">[<a href="#T00:20:28" id="T00:20:28"><abbr title="2015-10-27T00:20:28+00:00">00:20:28</abbr></a>] &lt;<cite>veremit</cite>&gt; <q>if its a key system, yiou must be able to reproduce it... no?</q></li>
<li class="message">[<abbr title="2015-10-27T00:20:28+00:00">00:20:28</abbr>] &lt;<cite>zmatt</cite>&gt; <q>veremit: although I've already offloaded the most important data, I still prefer to give recovery 1 shot before I resort to resetting the system</q></li>
<li class="quit">[<a href="#T00:21:13" id="T00:21:13"><abbr title="2015-10-27T00:21:13+00:00">00:21:13</abbr></a>] <span>* jay6981 (~Adium@2601:646:8d01:7f7d:4500:c290:7322:b631) Quit (Quit: Leaving.)</span></li>
<li class="message">[<a href="#T00:21:23" id="T00:21:23"><abbr title="2015-10-27T00:21:23+00:00">00:21:23</abbr></a>] &lt;<cite>veremit</cite>&gt; <q>fair enough .. sometimes its just not worth the effort, but I'm sure you're aware .. and you do put in more than the average effort ;)</q></li>
<li class="join">[<a href="#T00:21:31" id="T00:21:31"><abbr title="2015-10-27T00:21:31+00:00">00:21:31</abbr></a>] <span>* jay6981 (~Adium@2601:646:8d01:7f7d:4500:c290:7322:b631) has joined #beagle</span></li>
<li class="message">[<a href="#T00:21:48" id="T00:21:48"><abbr title="2015-10-27T00:21:48+00:00">00:21:48</abbr></a>] &lt;<cite>zmatt</cite>&gt; <q>well, that's the point, this was the master copy.  normally we regularly rsync this (minus "device identity" files and temporary shit) to a whole farm of devices, but unfortunately for $reasons this hadn't been done in a while</q></li>
<li class="quit">[<a href="#T00:21:49" id="T00:21:49"><abbr title="2015-10-27T00:21:49+00:00">00:21:49</abbr></a>] <span>* clonak (~clonak@118-93-161-165.dsl.dyn.ihug.co.nz) Quit (Remote host closed the connection)</span></li>
<li class="quit">[<a href="#T00:21:54" id="T00:21:54"><abbr title="2015-10-27T00:21:54+00:00">00:21:54</abbr></a>] <span>* jay6981 (~Adium@2601:646:8d01:7f7d:4500:c290:7322:b631) Quit (Client Quit)</span></li>
<li class="message">[<a href="#T00:22:06" id="T00:22:06"><abbr title="2015-10-27T00:22:06+00:00">00:22:06</abbr></a>] &lt;<cite>veremit</cite>&gt; <q>ahhhhh... yeah, know that story...</q></li>
<li class="message">[<a href="#T00:22:15" id="T00:22:15"><abbr title="2015-10-27T00:22:15+00:00">00:22:15</abbr></a>] &lt;<cite>zmatt</cite>&gt; <q>the system update was actually done exactly because we were about to rsync them again (to avoid having to rsync *again* after the update)</q></li>
<li class="message">[<a href="#T00:22:37" id="T00:22:37"><abbr title="2015-10-27T00:22:37+00:00">00:22:37</abbr></a>] &lt;<cite>veremit</cite>&gt; <q>oops!</q></li>
<li class="message">[<a href="#T00:23:14" id="T00:23:14"><abbr title="2015-10-27T00:23:14+00:00">00:23:14</abbr></a>] &lt;<cite>veremit</cite>&gt; <q>will this .. event .. skew the $reasons going forward?! :)</q></li>
<li class="message">[<a href="#T00:23:29" id="T00:23:29"><abbr title="2015-10-27T00:23:29+00:00">00:23:29</abbr></a>] &lt;<cite>zmatt</cite>&gt; <q>?</q></li>
<li class="message">[<a href="#T00:24:13" id="T00:24:13"><abbr title="2015-10-27T00:24:13+00:00">00:24:13</abbr></a>] &lt;<cite>veremit</cite>&gt; <q>thinking the playing out of the 'false economy' argument...</q></li>
<li class="message">[<a href="#T00:24:39" id="T00:24:39"><abbr title="2015-10-27T00:24:39+00:00">00:24:39</abbr></a>] &lt;<cite>zmatt</cite>&gt; <q>also, I haven't actually put much time into recovery yet, mostly been chatting and being randomly distracted</q></li>
<li class="message">[<a href="#T00:24:47" id="T00:24:47"><abbr title="2015-10-27T00:24:47+00:00">00:24:47</abbr></a>] &lt;<cite>veremit</cite>&gt; <q>lol ok</q></li>
<li class="message">[<a href="#T00:25:21" id="T00:25:21"><abbr title="2015-10-27T00:25:21+00:00">00:25:21</abbr></a>] &lt;<cite>zmatt</cite>&gt; <q>and waiting for dd to finish making a backup copy of the fs just in case fsck would only make things worse</q></li>
<li class="message">[<a href="#T00:25:33" id="T00:25:33"><abbr title="2015-10-27T00:25:33+00:00">00:25:33</abbr></a>] &lt;<cite>veremit</cite>&gt; <q>*nod* ofc.</q></li>
<li class="message">[<a href="#T00:27:58" id="T00:27:58"><abbr title="2015-10-27T00:27:58+00:00">00:27:58</abbr></a>] &lt;<cite>zmatt</cite>&gt; <q>and browsing kernel source to see who is the person deserving a kick in the nuts for this :P</q></li>
<li class="join">[<a href="#T00:28:17" id="T00:28:17"><abbr title="2015-10-27T00:28:17+00:00">00:28:17</abbr></a>] <span>* Ceriand|desktop (~Ceriand@unaffiliated/ceriand) has joined #beagle</span></li>
<li class="quit">[<a href="#T00:28:34" id="T00:28:34"><abbr title="2015-10-27T00:28:34+00:00">00:28:34</abbr></a>] <span>* johanhenselmans (~localadmi@pretsense.xs4all.nl) Quit (Ping timeout: 260 seconds)</span></li>
<li class="message">[<a href="#T00:28:50" id="T00:28:50"><abbr title="2015-10-27T00:28:50+00:00">00:28:50</abbr></a>] &lt;<cite>zmatt</cite>&gt; <q>the one using /* FIXME */ as an error-handling strategy is definitely high on the list, although I think the core issue is actually in the edma driver</q></li>
<li class="join">[<a href="#T00:29:57" id="T00:29:57"><abbr title="2015-10-27T00:29:57+00:00">00:29:57</abbr></a>] <span>* johanhenselmans (~localadmi@pretsense.xs4all.nl) has joined #beagle</span></li>
<li class="join">[<a href="#T00:33:53" id="T00:33:53"><abbr title="2015-10-27T00:33:53+00:00">00:33:53</abbr></a>] <span>* clonak (~clonak@118-93-161-165.dsl.dyn.ihug.co.nz) has joined #beagle</span></li>
<li class="message">[<a href="#T00:38:42" id="T00:38:42"><abbr title="2015-10-27T00:38:42+00:00">00:38:42</abbr></a>] &lt;<cite>GenTooMan</cite>&gt; <q>ARM dma should be simple but I have no idea what TI did to the DMA THIS time. Sometimes they do it right sometimes it's totally borked and they hide it.</q></li>
<li class="message">[<a href="#T00:38:58" id="T00:38:58"><abbr title="2015-10-27T00:38:58+00:00">00:38:58</abbr></a>] &lt;<cite>zmatt</cite>&gt; <q>"ARM dma" ?</q></li>
<li class="message">[<a href="#T00:39:34" id="T00:39:34"><abbr title="2015-10-27T00:39:34+00:00">00:39:34</abbr></a>] &lt;<cite>zmatt</cite>&gt; <q>I have no idea what that might be referring to, but there are no DMA engine(s) designed by ARM on this chip</q></li>
<li class="message">[<a href="#T00:39:52" id="T00:39:52"><abbr title="2015-10-27T00:39:52+00:00">00:39:52</abbr></a>] &lt;<cite>zmatt</cite>&gt; <q>I'm talking about EDMA</q></li>
<li class="message">[<a href="#T00:40:16" id="T00:40:16"><abbr title="2015-10-27T00:40:16+00:00">00:40:16</abbr></a>] &lt;<cite>GenTooMan</cite>&gt; <q>That would mean the dinstinct possibility it could be a bit interesting to use.</q></li>
<li class="message">[<a href="#T00:40:43" id="T00:40:43"><abbr title="2015-10-27T00:40:43+00:00">00:40:43</abbr></a>] &lt;<cite>GenTooMan</cite>&gt; <q>distinct even. maybe I should change to Typoman. instead.</q></li>
<li class="message">[<a href="#T00:40:59" id="T00:40:59"><abbr title="2015-10-27T00:40:59+00:00">00:40:59</abbr></a>] &lt;<cite>zmatt</cite>&gt; <q>it is interesting to use, but it's a pretty decent DMA engine</q></li>
<li class="message">[<a href="#T00:41:09" id="T00:41:09"><abbr title="2015-10-27T00:41:09+00:00">00:41:09</abbr></a>] &lt;<cite>zmatt</cite>&gt; <q>as usual, the problem is more with the driver than the hardware</q></li>
<li class="message">[<a href="#T00:41:26" id="T00:41:26"><abbr title="2015-10-27T00:41:26+00:00">00:41:26</abbr></a>] &lt;<cite>zmatt</cite>&gt; <q>(usb being a possible exception of that rule)</q></li>
<li class="message">[<a href="#T00:41:48" id="T00:41:48"><abbr title="2015-10-27T00:41:48+00:00">00:41:48</abbr></a>] &lt;<cite>GenTooMan</cite>&gt; <q>Well USB is the one bus to rule them all! :D</q></li>
<li class="message">[<a href="#T00:42:47" id="T00:42:47"><abbr title="2015-10-27T00:42:47+00:00">00:42:47</abbr></a>] &lt;<cite>GenTooMan</cite>&gt; <q>I've found TI's description for how to program DMA on their parts often highly obfuscated.</q></li>
<li class="message">[<a href="#T00:42:48" id="T00:42:48"><abbr title="2015-10-27T00:42:48+00:00">00:42:48</abbr></a>] &lt;<cite>zmatt</cite>&gt; <q>the Universal Shitty Bus</q></li>
<li class="message">[<a href="#T00:43:19" id="T00:43:19"><abbr title="2015-10-27T00:43:19+00:00">00:43:19</abbr></a>] &lt;<cite>zmatt</cite>&gt; <q>oh yeah, EDMA documentation is crap.  when I made my own header file for it, I renamed pretty much every concept and register to something sensible in the process</q></li>
<li class="message">[<a href="#T00:45:03" id="T00:45:03"><abbr title="2015-10-27T00:45:03+00:00">00:45:03</abbr></a>] &lt;<cite>GenTooMan</cite>&gt; <q>It's sad because half the value of a component is documentation on how to use it.</q></li>
<li class="quit">[<a href="#T00:46:23" id="T00:46:23"><abbr title="2015-10-27T00:46:23+00:00">00:46:23</abbr></a>] <span>* florian (~fuchs@Maemo/community/contributor/florian) Quit (Ping timeout: 264 seconds)</span></li>
<li class="message">[<a href="#T00:46:58" id="T00:46:58"><abbr title="2015-10-27T00:46:58+00:00">00:46:58</abbr></a>] &lt;<cite>zmatt</cite>&gt; <q>my biggest complaints with EDMA are some icky irregulatities in the event-related registers (like you can't manually clear a manually set event) and the fact it special-cased length zero transfers in a really weird and inconsistent way</q></li>
<li class="message">[<a href="#T00:48:30" id="T00:48:30"><abbr title="2015-10-27T00:48:30+00:00">00:48:30</abbr></a>] &lt;<cite>zmatt</cite>&gt; <q>and I don't like that they bypass the event queue when it is empty.. going through the queue anyway would have been useful for debugging (since you'd have some overview of recent dma events)</q></li>
<li class="message">[<a href="#T00:48:37" id="T00:48:37"><abbr title="2015-10-27T00:48:37+00:00">00:48:37</abbr></a>] &lt;<cite>veremit</cite>&gt; <q>usb works .. mostly .. stop whining :p</q></li>
<li class="message">[<a href="#T00:48:46" id="T00:48:46"><abbr title="2015-10-27T00:48:46+00:00">00:48:46</abbr></a>] &lt;<cite>veremit</cite>&gt; <q>except TI's shitty implementation</q></li>
<li class="message">[<a href="#T00:48:53" id="T00:48:53"><abbr title="2015-10-27T00:48:53+00:00">00:48:53</abbr></a>] &lt;<cite>veremit</cite>&gt; <q>holy fark what a rip-off</q></li>
<li class="message">[<a href="#T00:49:18" id="T00:49:18"><abbr title="2015-10-27T00:49:18+00:00">00:49:18</abbr></a>] &lt;<cite>zmatt</cite>&gt; <q>well the core isn't TI's</q></li>
<li class="message">[<a href="#T00:49:27" id="T00:49:27"><abbr title="2015-10-27T00:49:27+00:00">00:49:27</abbr></a>] &lt;<cite>veremit</cite>&gt; <q>no .. I'll let that slide ..</q></li>
<li class="message">[<a href="#T00:51:09" id="T00:51:09"><abbr title="2015-10-27T00:51:09+00:00">00:51:09</abbr></a>] &lt;<cite>zmatt</cite>&gt; <q>it's interesting that the dma is buggy also, that part was copy/pasted from their Keystone processors</q></li>
<li class="message">[<a href="#T00:51:42" id="T00:51:42"><abbr title="2015-10-27T00:51:42+00:00">00:51:42</abbr></a>] &lt;<cite>zmatt</cite>&gt; <q>although there are subtle differences, so possibly they copy/pasted an early dev version or something, or made random changes</q></li>
<li class="message">[<a href="#T00:52:28" id="T00:52:28"><abbr title="2015-10-27T00:52:28+00:00">00:52:28</abbr></a>] &lt;<cite>veremit</cite>&gt; <q>shoe-horned it in I would imagine</q></li>
<li class="message">[<a href="#T00:52:42" id="T00:52:42"><abbr title="2015-10-27T00:52:42+00:00">00:52:42</abbr></a>] &lt;<cite>zmatt</cite>&gt; <q>although I wonder here too how much is actually driver bugginess... officially nearly all usb-related errata have been fixed in the current hardware revision</q></li>
<li class="message">[<a href="#T00:53:31" id="T00:53:31"><abbr title="2015-10-27T00:53:31+00:00">00:53:31</abbr></a>] &lt;<cite>zmatt</cite>&gt; <q>it's easy enough to fuck up a driver for such a beast though</q></li>
<li class="message">[<a href="#T00:54:08" id="T00:54:08"><abbr title="2015-10-27T00:54:08+00:00">00:54:08</abbr></a>] &lt;<cite>veremit</cite>&gt; <q>should be a matter of time if the hardware is 90% working and documented appropriately ....</q></li>
<li class="message">[<a href="#T00:54:23" id="T00:54:23"><abbr title="2015-10-27T00:54:23+00:00">00:54:23</abbr></a>] &lt;<cite>zmatt</cite>&gt; <q>and someone who both cares and understands is working on it</q></li>
<li class="message">[<a href="#T00:54:47" id="T00:54:47"><abbr title="2015-10-27T00:54:47+00:00">00:54:47</abbr></a>] &lt;<cite>zmatt</cite>&gt; <q>the TI parts of usbss are publicly documented</q></li>
<li class="message">[<a href="#T00:55:54" id="T00:55:54"><abbr title="2015-10-27T00:55:54+00:00">00:55:54</abbr></a>] &lt;<cite>zmatt</cite>&gt; <q>including the heaps of incredibly obscure low-level knobs / testing registers of the usb phy</q></li>
<li class="message">[<a href="#T00:56:45" id="T00:56:45"><abbr title="2015-10-27T00:56:45+00:00">00:56:45</abbr></a>] &lt;<cite>zmatt</cite>&gt; <q>(which is always a bad sign, since it means they anticipate a need to twiddle those after production to fix issues)</q></li>
<li class="message">[<a href="#T01:03:20" id="T01:03:20"><abbr title="2015-10-27T01:03:20+00:00">01:03:20</abbr></a>] &lt;<cite>veremit</cite>&gt; <q>you wouldn't have thought those got documented ..</q></li>
<li class="message">[<a href="#T01:03:30" id="T01:03:30"><abbr title="2015-10-27T01:03:30+00:00">01:03:30</abbr></a>] &lt;<cite>veremit</cite>&gt; <q>but then .. I've never designed silicon nor written drivers ..</q></li>
<li class="message">[<a href="#T01:04:07" id="T01:04:07"><abbr title="2015-10-27T01:04:07+00:00">01:04:07</abbr></a>] &lt;<cite>zmatt</cite>&gt; <q>DFT registers usually aren't... in fact, often they aren't even accessible though the normal register interface</q></li>
<li class="quit">[<a href="#T01:04:11" id="T01:04:11"><abbr title="2015-10-27T01:04:11+00:00">01:04:11</abbr></a>] <span>* roric (~roric@h196n19-vrr-a31.ias.bredband.telia.com) Quit (Quit: Leaving)</span></li>
<li class="message">[<a href="#T01:04:28" id="T01:04:28"><abbr title="2015-10-27T01:04:28+00:00">01:04:28</abbr></a>] &lt;<cite>zmatt</cite>&gt; <q>the SoC has a whole undocumented subsystem dedicated to DFT (Device Functional Testing)</q></li>
<li class="message">[<a href="#T01:05:09" id="T01:05:09"><abbr title="2015-10-27T01:05:09+00:00">01:05:09</abbr></a>] &lt;<cite>zmatt</cite>&gt; <q>that's why it's worrying that they are exposed in this case...</q></li>
<li class="message">[<a href="#T01:06:06" id="T01:06:06"><abbr title="2015-10-27T01:06:06+00:00">01:06:06</abbr></a>] &lt;<cite>zmatt</cite>&gt; <q>runtime tuning knobs of hardware stuff that normally has only one sensible setting are usually included in case hardware bugs show up that might be worked around using those knobs</q></li>
<li class="message">[<a href="#T01:07:01" id="T01:07:01"><abbr title="2015-10-27T01:07:01+00:00">01:07:01</abbr></a>] &lt;<cite>zmatt</cite>&gt; <q>hence my expectation is that the amount of such knobs present is inversely proportional to the confidence the designers have it'll work right :P</q></li>
<li class="quit">[<a href="#T01:07:19" id="T01:07:19"><abbr title="2015-10-27T01:07:19+00:00">01:07:19</abbr></a>] <span>* thurgood (~thurgood@65-36-122-62.dyn.grandenetworks.net) Quit (Remote host closed the connection)</span></li>
<li class="message">[<a href="#T01:07:26" id="T01:07:26"><abbr title="2015-10-27T01:07:26+00:00">01:07:26</abbr></a>] &lt;<cite>veremit</cite>&gt; <q>lol hmm</q></li>
<li class="message">[<a href="#T01:07:34" id="T01:07:34"><abbr title="2015-10-27T01:07:34+00:00">01:07:34</abbr></a>] &lt;<cite>zmatt</cite>&gt; <q>of course I may just be a bit cynical here</q></li>
<li class="message">[<a href="#T01:07:35" id="T01:07:35"><abbr title="2015-10-27T01:07:35+00:00">01:07:35</abbr></a>] &lt;<cite>veremit</cite>&gt; <q>I second your thinking ..</q></li>
<li class="message">[<a href="#T01:09:01" id="T01:09:01"><abbr title="2015-10-27T01:09:01+00:00">01:09:01</abbr></a>] &lt;<cite>zmatt</cite>&gt; <q>but, like... "Disable the VBUS debouncer circuit fix"  ... why on earth would I want a bit to disable the "VBUS debouncer circuit fix" ?!</q></li>
<li class="join">[<a href="#T01:09:58" id="T01:09:58"><abbr title="2015-10-27T01:09:58+00:00">01:09:58</abbr></a>] <span>* somazero (~somazero@ip72-198-85-176.ok.ok.cox.net) has joined #beagle</span></li>
<li class="message">[<a href="#T01:10:38" id="T01:10:38"><abbr title="2015-10-27T01:10:38+00:00">01:10:38</abbr></a>] &lt;<cite>veremit</cite>&gt; <q>lol</q></li>
<li class="message">[<a href="#T01:10:53" id="T01:10:53"><abbr title="2015-10-27T01:10:53+00:00">01:10:53</abbr></a>] &lt;<cite>ds2</cite>&gt; <q>maybe it breaks OTG</q></li>
<li class="message">[<a href="#T01:11:15" id="T01:11:15"><abbr title="2015-10-27T01:11:15+00:00">01:11:15</abbr></a>] &lt;<cite>veremit</cite>&gt; <q>how??!?</q></li>
<li class="message">[<a href="#T01:11:27" id="T01:11:27"><abbr title="2015-10-27T01:11:27+00:00">01:11:27</abbr></a>] &lt;<cite>zmatt</cite>&gt; <q>well they also have an OTG Session Request Protocol (SRP) AVALID circuit fix</q></li>
<li class="message">[<a href="#T01:11:31" id="T01:11:31"><abbr title="2015-10-27T01:11:31+00:00">01:11:31</abbr></a>] &lt;<cite>zmatt</cite>&gt; <q>along with a bit to disable it</q></li>
<li class="message">[<a href="#T01:13:35" id="T01:13:35"><abbr title="2015-10-27T01:13:35+00:00">01:13:35</abbr></a>] &lt;<cite>zmatt</cite>&gt; <q>but the really fun stuff is still in the usb phy... you should browse them (TRM section 16.5.4)</q></li>
<li class="message">[<a href="#T01:14:05" id="T01:14:05"><abbr title="2015-10-27T01:14:05+00:00">01:14:05</abbr></a>] &lt;<cite>ds2</cite>&gt; <q>that is seperate from HNP which requires funny VBUS business</q></li>
<li class="message">[<a href="#T01:14:59" id="T01:14:59"><abbr title="2015-10-27T01:14:59+00:00">01:14:59</abbr></a>] &lt;<cite>zmatt</cite>&gt; <q>that vaguely rings a bell... which means I haven't managed to adequately suppress my memories from having read that stuff</q></li>
<li class="quit">[<a href="#T01:19:08" id="T01:19:08"><abbr title="2015-10-27T01:19:08+00:00">01:19:08</abbr></a>] <span>* Akex_ (uid58281@gateway/web/irccloud.com/x-dqzdkmtjgnzsyxmy) Quit (Quit: Connection closed for inactivity)</span></li>
<li class="quit">[<a href="#T01:19:27" id="T01:19:27"><abbr title="2015-10-27T01:19:27+00:00">01:19:27</abbr></a>] <span>* emeb (~ericb@ip68-2-68-52.ph.ph.cox.net) Quit (Quit: Leaving.)</span></li>
<li class="message">[<a href="#T01:21:39" id="T01:21:39"><abbr title="2015-10-27T01:21:39+00:00">01:21:39</abbr></a>] &lt;<cite>ds2</cite>&gt; <q>it uses a pulsing VBUS to signal things</q></li>
<li class="message">[<a href="#T01:22:31" id="T01:22:31"><abbr title="2015-10-27T01:22:31+00:00">01:22:31</abbr></a>] &lt;<cite>zmatt</cite>&gt; <q>the charger protocol is also really nice :P</q></li>
<li class="message">[<a href="#T01:23:13" id="T01:23:13"><abbr title="2015-10-27T01:23:13+00:00">01:23:13</abbr></a>] &lt;<cite>GenTooMan</cite>&gt; <q>you know pulsing buses ... just sounds odd?</q></li>
<li class="message">[<a href="#T01:23:44" id="T01:23:44"><abbr title="2015-10-27T01:23:44+00:00">01:23:44</abbr></a>] &lt;<cite>zmatt</cite>&gt; <q>it's not a bus, it's the power supply accompanying the bus</q></li>
<li class="message">[<a href="#T01:23:52" id="T01:23:52"><abbr title="2015-10-27T01:23:52+00:00">01:23:52</abbr></a>] &lt;<cite>zmatt</cite>&gt; <q>(now pulsing it makes much more sense, right?)</q></li>
<li class="message">[<a href="#T01:24:28" id="T01:24:28"><abbr title="2015-10-27T01:24:28+00:00">01:24:28</abbr></a>] &lt;<cite>ds2</cite>&gt; <q>he he he</q></li>
<li class="message">[<a href="#T01:24:31" id="T01:24:31"><abbr title="2015-10-27T01:24:31+00:00">01:24:31</abbr></a>] &lt;<cite>GenTooMan</cite>&gt; <q>the more complicated you make a design ... the more likely to fail.</q></li>
<li class="message">[<a href="#T01:24:53" id="T01:24:53"><abbr title="2015-10-27T01:24:53+00:00">01:24:53</abbr></a>] &lt;<cite>ds2</cite>&gt; <q>how else do you decide who's host when you ahve 2 of them plugged in?</q></li>
<li class="message">[<a href="#T01:25:03" id="T01:25:03"><abbr title="2015-10-27T01:25:03+00:00">01:25:03</abbr></a>] &lt;<cite>zmatt</cite>&gt; <q>ID pin</q></li>
<li class="message">[<a href="#T01:26:16" id="T01:26:16"><abbr title="2015-10-27T01:26:16+00:00">01:26:16</abbr></a>] &lt;<cite>ds2</cite>&gt; <q>how would that work if they are BOTH hosts?</q></li>
<li class="message">[<a href="#T01:26:37" id="T01:26:37"><abbr title="2015-10-27T01:26:37+00:00">01:26:37</abbr></a>] &lt;<cite>zmatt</cite>&gt; <q>the cable has a micro-A end and a micro-B end</q></li>
<li class="message">[<a href="#T01:26:47" id="T01:26:47"><abbr title="2015-10-27T01:26:47+00:00">01:26:47</abbr></a>] &lt;<cite>ds2</cite>&gt; <q>ID = GND for host</q></li>
<li class="message">[<a href="#T01:26:55" id="T01:26:55"><abbr title="2015-10-27T01:26:55+00:00">01:26:55</abbr></a>] &lt;<cite>ds2</cite>&gt; <q>so grounding ID still doesn't resolve who's who</q></li>
<li class="message">[<a href="#T01:27:09" id="T01:27:09"><abbr title="2015-10-27T01:27:09+00:00">01:27:09</abbr></a>] &lt;<cite>zmatt</cite>&gt; <q>reminder the ID pin exists in the socket only, it's not a wire in the cable</q></li>
<li class="message">[<a href="#T01:27:21" id="T01:27:21"><abbr title="2015-10-27T01:27:21+00:00">01:27:21</abbr></a>] &lt;<cite>zmatt</cite>&gt; <q>if you use a micro-A to micro-B cable, one end's ID pin will be grounded, the other end not</q></li>
<li class="message">[<a href="#T01:28:52" id="T01:28:52"><abbr title="2015-10-27T01:28:52+00:00">01:28:52</abbr></a>] &lt;<cite>veremit</cite>&gt; <q>yes otg is meant to be handled by the ID pin</q></li>
<li class="message">[<a href="#T01:28:58" id="T01:28:58"><abbr title="2015-10-27T01:28:58+00:00">01:28:58</abbr></a>] &lt;<cite>zmatt</cite>&gt; <q>HNP was just invented to save the user from having the swap the cable around</q></li>
<li class="message">[<a href="#T01:29:35" id="T01:29:35"><abbr title="2015-10-27T01:29:35+00:00">01:29:35</abbr></a>] &lt;<cite>veremit</cite>&gt; <q>usb3.5 or 4 or whichever is symmetrical</q></li>
<li class="message">[<a href="#T01:29:42" id="T01:29:42"><abbr title="2015-10-27T01:29:42+00:00">01:29:42</abbr></a>] &lt;<cite>veremit</cite>&gt; <q>or however you want to call it</q></li>
<li class="message">[<a href="#T01:29:51" id="T01:29:51"><abbr title="2015-10-27T01:29:51+00:00">01:29:51</abbr></a>] &lt;<cite>veremit</cite>&gt; <q>upside down and back to front :p</q></li>
<li class="message">[<a href="#T01:30:28" id="T01:30:28"><abbr title="2015-10-27T01:30:28+00:00">01:30:28</abbr></a>] &lt;<cite>zmatt</cite>&gt; <q>it's not, since it still requires usb 2 compatibility</q></li>
<li class="message">[<a href="#T01:33:33" id="T01:33:33"><abbr title="2015-10-27T01:33:33+00:00">01:33:33</abbr></a>] &lt;<cite>veremit</cite>&gt; <q>ah well there is that</q></li>
<li class="message">[<a href="#T01:33:45" id="T01:33:45"><abbr title="2015-10-27T01:33:45+00:00">01:33:45</abbr></a>] &lt;<cite>veremit</cite>&gt; <q>but it doesn't matter which way you plug it in ;p</q></li>
<li class="message">[<a href="#T01:33:58" id="T01:33:58"><abbr title="2015-10-27T01:33:58+00:00">01:33:58</abbr></a>] &lt;<cite>veremit</cite>&gt; <q>I wouldn't want to design that kinda interface :/</q></li>
<li class="message">[<a href="#T01:34:01" id="T01:34:01"><abbr title="2015-10-27T01:34:01+00:00">01:34:01</abbr></a>] &lt;<cite>ds2</cite>&gt; <q>do they make microA to microB cables?</q></li>
<li class="message">[<a href="#T01:36:31" id="T01:36:31"><abbr title="2015-10-27T01:36:31+00:00">01:36:31</abbr></a>] &lt;<cite>zmatt</cite>&gt; <q>I would assume so, it's the only way to connect OTG devices together</q></li>
<li class="message">[<a href="#T01:36:43" id="T01:36:43"><abbr title="2015-10-27T01:36:43+00:00">01:36:43</abbr></a>] &lt;<cite>zmatt</cite>&gt; <q>(and without it HNP would be utterly pointless)</q></li>
<li class="message">[<a href="#T01:38:33" id="T01:38:33"><abbr title="2015-10-27T01:38:33+00:00">01:38:33</abbr></a>] &lt;<cite>zmatt</cite>&gt; <q>in fact, it is the only standards-compliant cable with a micro-A connector according to the "usb cables matrix" on wikipedia</q></li>
<li class="quit">[<a href="#T01:48:50" id="T01:48:50"><abbr title="2015-10-27T01:48:50+00:00">01:48:50</abbr></a>] <span>* pwillard (~pwillard@c-73-184-136-133.hsd1.ga.comcast.net) Quit (Quit: Leaving)</span></li>
<li class="message">[<a href="#T01:52:50" id="T01:52:50"><abbr title="2015-10-27T01:52:50+00:00">01:52:50</abbr></a>] &lt;<cite>ds2</cite>&gt; <q>in practice, have you seen micro A's in products?</q></li>
<li class="message">[<a href="#T01:56:04" id="T01:56:04"><abbr title="2015-10-27T01:56:04+00:00">01:56:04</abbr></a>] &lt;<cite>zmatt</cite>&gt; <q>in practice, I have never used otg</q></li>
<li class="join">[<a href="#T01:57:00" id="T01:57:00"><abbr title="2015-10-27T01:57:00+00:00">01:57:00</abbr></a>] <span>* dj_pi (~dj@c-73-191-212-56.hsd1.mi.comcast.net) has joined #beagle</span></li>
<li class="message">[<a href="#T01:58:08" id="T01:58:08"><abbr title="2015-10-27T01:58:08+00:00">01:58:08</abbr></a>] &lt;<cite>zmatt</cite>&gt; <q>lol, I guess the market had a difference of opinion with the USB consortium here</q></li>
<li class="message">[<a href="#T01:58:16" id="T01:58:16"><abbr title="2015-10-27T01:58:16+00:00">01:58:16</abbr></a>] &lt;<cite>zmatt</cite>&gt; <q>but then HNP is _completely_ useless</q></li>
<li class="message">[<a href="#T01:59:08" id="T01:59:08"><abbr title="2015-10-27T01:59:08+00:00">01:59:08</abbr></a>] &lt;<cite>ds2</cite>&gt; <q>except all Beagle USB ports (except for the full size A ones) are OTG</q></li>
<li class="message">[<a href="#T01:59:54" id="T01:59:54"><abbr title="2015-10-27T01:59:54+00:00">01:59:54</abbr></a>] &lt;<cite>ds2</cite>&gt; <q>do the right magic and things happen</q></li>
<li class="message">[<a href="#T02:00:39" id="T02:00:39"><abbr title="2015-10-27T02:00:39+00:00">02:00:39</abbr></a>] &lt;<cite>zmatt</cite>&gt; <q>actually both ports of the BBB are OTG-capable but neither is configured as such by software iirc</q></li>
<li class="message">[<a href="#T02:02:01" id="T02:02:01"><abbr title="2015-10-27T02:02:01+00:00">02:02:01</abbr></a>] &lt;<cite>zmatt</cite>&gt; <q>in both cases you may run into vbus problems and may need some ugly hack</q></li>
<li class="join">[<a href="#T02:16:30" id="T02:16:30"><abbr title="2015-10-27T02:16:30+00:00">02:16:30</abbr></a>] <span>* jdawgaz (~Jerry@ip70-176-27-239.ph.ph.cox.net) has joined #beaglebone</span></li>
<li class="message">[<a href="#T02:31:52" id="T02:31:52"><abbr title="2015-10-27T02:31:52+00:00">02:31:52</abbr></a>] &lt;<cite>veremit</cite>&gt; <q>yeah I've seen a hack around to make th otg port into ahost</q></li>
<li class="message">[<a href="#T02:32:00" id="T02:32:00"><abbr title="2015-10-27T02:32:00+00:00">02:32:00</abbr></a>] &lt;<cite>veremit</cite>&gt; <q>but thats nasty using mini-B as your 'host' lol</q></li>
<li class="quit">[<a href="#T02:34:32" id="T02:34:32"><abbr title="2015-10-27T02:34:32+00:00">02:34:32</abbr></a>] <span>* megabitdragon (~mbit@c-50-157-54-187.hsd1.tn.comcast.net) Quit (Quit: Don't feed the trolls!)</span></li>
<li class="join">[<a href="#T02:35:44" id="T02:35:44"><abbr title="2015-10-27T02:35:44+00:00">02:35:44</abbr></a>] <span>* idwer_ (~irc@unaffiliated/idwer) has joined #beagle</span></li>
<li class="quit">[<a href="#T02:36:42" id="T02:36:42"><abbr title="2015-10-27T02:36:42+00:00">02:36:42</abbr></a>] <span>* dwery (~dwery@nslu2-linux/dwery) Quit (Ping timeout: 255 seconds)</span></li>
<li class="join">[<a href="#T02:37:38" id="T02:37:38"><abbr title="2015-10-27T02:37:38+00:00">02:37:38</abbr></a>] <span>* megabitdragon (~mbit@c-50-157-54-187.hsd1.tn.comcast.net) has joined #beagle</span></li>
<li class="quit">[<a href="#T02:38:27" id="T02:38:27"><abbr title="2015-10-27T02:38:27+00:00">02:38:27</abbr></a>] <span>* Defiant (erik@f050163105.adsl.alicedsl.de) Quit (Ping timeout: 268 seconds)</span></li>
<li class="join">[<a href="#T02:38:38" id="T02:38:38"><abbr title="2015-10-27T02:38:38+00:00">02:38:38</abbr></a>] <span>* Defiant (erik@f054176023.adsl.alicedsl.de) has joined #beagle</span></li>
<li class="quit">[<a href="#T02:38:59" id="T02:38:59"><abbr title="2015-10-27T02:38:59+00:00">02:38:59</abbr></a>] <span>* dj_pi (~dj@c-73-191-212-56.hsd1.mi.comcast.net) Quit (Ping timeout: 240 seconds)</span></li>
<li class="quit">[<a href="#T02:39:22" id="T02:39:22"><abbr title="2015-10-27T02:39:22+00:00">02:39:22</abbr></a>] <span>* idwer (~irc@unaffiliated/idwer) Quit (Ping timeout: 260 seconds)</span></li>
<li class="quit">[<a href="#T02:52:18" id="T02:52:18"><abbr title="2015-10-27T02:52:18+00:00">02:52:18</abbr></a>] <span>* jdawgaz (~Jerry@ip70-176-27-239.ph.ph.cox.net) Quit (Quit: My Mac has gone to sleep. ZZZzzz…)</span></li>
<li class="join">[<a href="#T03:05:04" id="T03:05:04"><abbr title="2015-10-27T03:05:04+00:00">03:05:04</abbr></a>] <span>* jdawgaz (~Jerry@ip70-176-27-239.ph.ph.cox.net) has joined #beaglebone</span></li>
<li class="join">[<a href="#T03:10:58" id="T03:10:58"><abbr title="2015-10-27T03:10:58+00:00">03:10:58</abbr></a>] <span>* fling (~fling@fsf/member/fling) has joined #beaglebone</span></li>
<li class="quit">[<a href="#T03:25:29" id="T03:25:29"><abbr title="2015-10-27T03:25:29+00:00">03:25:29</abbr></a>] <span>* idwer_ (~irc@unaffiliated/idwer) Quit (Remote host closed the connection)</span></li>
<li class="quit">[<a href="#T03:34:33" id="T03:34:33"><abbr title="2015-10-27T03:34:33+00:00">03:34:33</abbr></a>] <span>* jdawgaz (~Jerry@ip70-176-27-239.ph.ph.cox.net) Quit (Quit: My Mac has gone to sleep. ZZZzzz…)</span></li>
<li class="nick-change">[<a href="#T03:42:47" id="T03:42:47"><abbr title="2015-10-27T03:42:47+00:00">03:42:47</abbr></a>] <span>* russell--- is now known as russell--</span></li>
<li class="join">[<a href="#T03:49:29" id="T03:49:29"><abbr title="2015-10-27T03:49:29+00:00">03:49:29</abbr></a>] <span>* turbo-joe (~turbo-joe@c-68-56-154-116.hsd1.mi.comcast.net) has joined #beagle</span></li>
<li class="message">[<a href="#T03:53:18" id="T03:53:18"><abbr title="2015-10-27T03:53:18+00:00">03:53:18</abbr></a>] &lt;<cite>turbo-joe</cite>&gt; <q>is there a way to move some of the files onto a usb drive, and leave room on the eMMC for a swap and the important boot files and such?</q></li>
<li class="join">[<a href="#T03:54:05" id="T03:54:05"><abbr title="2015-10-27T03:54:05+00:00">03:54:05</abbr></a>] <span>* pabb_ (~pabb@c-67-186-34-142.hsd1.pa.comcast.net) has joined #beagle</span></li>
<li class="message">[<a href="#T03:54:21" id="T03:54:21"><abbr title="2015-10-27T03:54:21+00:00">03:54:21</abbr></a>] &lt;<cite>turbo-joe</cite>&gt; <q>like move the /bin to the usb drive or sd card</q></li>
<li class="message">[<a href="#T03:55:04" id="T03:55:04"><abbr title="2015-10-27T03:55:04+00:00">03:55:04</abbr></a>] &lt;<cite>zmatt</cite>&gt; <q>your example isn't a very good one, given that /bin contains rather essential executables :P</q></li>
<li class="message">[<a href="#T03:55:42" id="T03:55:42"><abbr title="2015-10-27T03:55:42+00:00">03:55:42</abbr></a>] &lt;<cite>zmatt</cite>&gt; <q>and the answer is yes, you can, but it does need to be done carefully</q></li>
<li class="message">[<a href="#T03:55:45" id="T03:55:45"><abbr title="2015-10-27T03:55:45+00:00">03:55:45</abbr></a>] &lt;<cite>turbo-joe</cite>&gt; <q>I am just shooting out an idea, I am not very savvy with linux but I am working on it.</q></li>
<li class="message">[<a href="#T03:56:06" id="T03:56:06"><abbr title="2015-10-27T03:56:06+00:00">03:56:06</abbr></a>] &lt;<cite>zmatt</cite>&gt; <q>well step 1 would be to find out what is actually taking up all that space</q></li>
<li class="message">[<a href="#T03:57:52" id="T03:57:52"><abbr title="2015-10-27T03:57:52+00:00">03:57:52</abbr></a>] &lt;<cite>turbo-joe</cite>&gt; <q>even if I just put the image on the 4gb eMMC and made a 1gb swap it would leave me with less then 500mb or so</q></li>
<li class="message">[<a href="#T03:58:10" id="T03:58:10"><abbr title="2015-10-27T03:58:10+00:00">03:58:10</abbr></a>] &lt;<cite>zmatt</cite>&gt; <q>swap?</q></li>
<li class="message">[<a href="#T03:58:11" id="T03:58:11"><abbr title="2015-10-27T03:58:11+00:00">03:58:11</abbr></a>] &lt;<cite>zmatt</cite>&gt; <q>o.O</q></li>
<li class="message">[<a href="#T03:58:32" id="T03:58:32"><abbr title="2015-10-27T03:58:32+00:00">03:58:32</abbr></a>] &lt;<cite>zmatt</cite>&gt; <q>there are people who actually enable swap on an eMMC ? poor thing</q></li>
<li class="message">[<a href="#T03:59:09" id="T03:59:09"><abbr title="2015-10-27T03:59:09+00:00">03:59:09</abbr></a>] &lt;<cite>turbo-joe</cite>&gt; <q>I want to use the emmc because of the speed. but I need the space for programs and just normal figuring out how everything works.</q></li>
<li class="message">[<a href="#T03:59:23" id="T03:59:23"><abbr title="2015-10-27T03:59:23+00:00">03:59:23</abbr></a>] &lt;<cite>zmatt</cite>&gt; <q>if you insist on enabling swap, put *that* on an external card</q></li>
