<li class="join">[<a href="#T00:00:46" id="T00:00:46"><abbr title="2015-11-24T00:00:46+00:00">00:00:46</abbr></a>] <span>* BeagleBot (~PircBot@ec2-50-17-196-130.compute-1.amazonaws.com) has joined #beagle</span></li>
<li class="topic">[<abbr title="2015-11-24T00:00:46+00:00">00:00:46</abbr>] <span>* Topic is '<a href="http://beagleboard.org/chat">http://beagleboard.org/chat</a> has a guide on how to ask questions and links to the logs | never ask to ask, just ask | be patient | pastebin a boot log | <a href="http://ahsoftware.de/Beaglebone_Black_Boot_explained.svg">http://ahsoftware.de/Beaglebone_Black_Boot_explained.svg</a> | <a href="http://beagleboard.org/latest-images">http://beagleboard.org/latest-images</a> | <a href="http://beagleboard.org/Support/bone101">http://beagleboard.org/Support/bone101</a> | direct bonescript/node.js questions to #beagle-bonescript | books: <a href="http://bit.ly/bbb-books'">http://bit.ly/bbb-books'</a></span></li>
<li class="topic">[<abbr title="2015-11-24T00:00:46+00:00">00:00:46</abbr>] <span>* Set by KotH!~attila@erica.kinali.ch on Wed Jul 15 13:55:07 UTC 2015</span></li>
<li class="join">[<abbr title="2015-11-24T00:00:46+00:00">00:00:46</abbr>] <span>* BeagleBot (~PircBot@ec2-50-17-196-130.compute-1.amazonaws.com) has joined #beagleboard</span></li>
<li class="join">[<abbr title="2015-11-24T00:00:46+00:00">00:00:46</abbr>] <span>* BeagleBot (~PircBot@ec2-50-17-196-130.compute-1.amazonaws.com) has joined #beaglebone</span></li>
<li class="quit">[<a href="#T00:00:47" id="T00:00:47"><abbr title="2015-11-24T00:00:47+00:00">00:00:47</abbr></a>] <span>* dwery (~dwery@nslu2-linux/dwery) Quit (Read error: Connection reset by peer)</span></li>
<li class="join">[<a href="#T00:01:40" id="T00:01:40"><abbr title="2015-11-24T00:01:40+00:00">00:01:40</abbr></a>] <span>* dwery (~dwery@nslu2-linux/dwery) has joined #beagle</span></li>
<li class="quit">[<a href="#T00:02:21" id="T00:02:21"><abbr title="2015-11-24T00:02:21+00:00">00:02:21</abbr></a>] <span>* florian (~fuchs@Maemo/community/contributor/florian) Quit (Quit: Verlassend)</span></li>
<li class="quit">[<a href="#T00:03:48" id="T00:03:48"><abbr title="2015-11-24T00:03:48+00:00">00:03:48</abbr></a>] <span>* berton (~fabio@201.22.227.56) Quit (Quit: Leaving)</span></li>
<li class="join">[<a href="#T00:06:53" id="T00:06:53"><abbr title="2015-11-24T00:06:53+00:00">00:06:53</abbr></a>] <span>* thurgood_ (~thurgood@65-36-122-62.dyn.grandenetworks.net) has joined #beagle</span></li>
<li class="quit">[<a href="#T00:09:15" id="T00:09:15"><abbr title="2015-11-24T00:09:15+00:00">00:09:15</abbr></a>] <span>* pwillard (~pwillard@c-73-184-136-133.hsd1.ga.comcast.net) Quit (Quit: Leaving)</span></li>
<li class="join">[<a href="#T00:09:39" id="T00:09:39"><abbr title="2015-11-24T00:09:39+00:00">00:09:39</abbr></a>] <span>* Nico44 (~Nico44@crb44-1-82-67-127-241.fbx.proxad.net) has joined #beagle</span></li>
<li class="quit">[<a href="#T00:09:41" id="T00:09:41"><abbr title="2015-11-24T00:09:41+00:00">00:09:41</abbr></a>] <span>* otherrealm (~Someone@71-88-61-53.static.nwtn.ct.charter.com) Quit (Read error: Connection reset by peer)</span></li>
<li class="quit">[<a href="#T00:10:05" id="T00:10:05"><abbr title="2015-11-24T00:10:05+00:00">00:10:05</abbr></a>] <span>* thurgood_ (~thurgood@65-36-122-62.dyn.grandenetworks.net) Quit (Read error: No route to host)</span></li>
<li class="quit">[<a href="#T00:12:09" id="T00:12:09"><abbr title="2015-11-24T00:12:09+00:00">00:12:09</abbr></a>] <span>* NishanthMenon (nmenon@nat/ti/x-zarmndyroahvgbke) Quit (Quit: Abandoned the search for Truth; settling for a good fantasy.)</span></li>
<li class="join">[<a href="#T00:14:04" id="T00:14:04"><abbr title="2015-11-24T00:14:04+00:00">00:14:04</abbr></a>] <span>* thurgood (~thurgood@65-36-122-62.dyn.grandenetworks.net) has joined #beagle</span></li>
<li class="quit">[<a href="#T00:14:25" id="T00:14:25"><abbr title="2015-11-24T00:14:25+00:00">00:14:25</abbr></a>] <span>* Nico44 (~Nico44@crb44-1-82-67-127-241.fbx.proxad.net) Quit (Ping timeout: 246 seconds)</span></li>
<li class="quit">[<a href="#T00:14:57" id="T00:14:57"><abbr title="2015-11-24T00:14:57+00:00">00:14:57</abbr></a>] <span>* thurgood (~thurgood@65-36-122-62.dyn.grandenetworks.net) Quit (Read error: Connection reset by peer)</span></li>
<li class="quit">[<a href="#T00:15:49" id="T00:15:49"><abbr title="2015-11-24T00:15:49+00:00">00:15:49</abbr></a>] <span>* darkfader (~darkfader@ip3e8346be.speed.planet.nl) Quit (Quit: Read error: Connection reset by peer)</span></li>
<li class="join">[<a href="#T00:22:18" id="T00:22:18"><abbr title="2015-11-24T00:22:18+00:00">00:22:18</abbr></a>] <span>* thurgood (~thurgood@65-36-122-62.dyn.grandenetworks.net) has joined #beagle</span></li>
<li class="join">[<a href="#T00:23:13" id="T00:23:13"><abbr title="2015-11-24T00:23:13+00:00">00:23:13</abbr></a>] <span>* thurgood_ (~thurgood@65-36-122-62.dyn.grandenetworks.net) has joined #beagle</span></li>
<li class="quit">[<a href="#T00:23:14" id="T00:23:14"><abbr title="2015-11-24T00:23:14+00:00">00:23:14</abbr></a>] <span>* thurgood (~thurgood@65-36-122-62.dyn.grandenetworks.net) Quit (Read error: Connection reset by peer)</span></li>
<li class="quit">[<a href="#T00:23:26" id="T00:23:26"><abbr title="2015-11-24T00:23:26+00:00">00:23:26</abbr></a>] <span>* thurgood_ (~thurgood@65-36-122-62.dyn.grandenetworks.net) Quit (Remote host closed the connection)</span></li>
<li class="message">[<a href="#T00:29:45" id="T00:29:45"><abbr title="2015-11-24T00:29:45+00:00">00:29:45</abbr></a>] &lt;<cite>ds2</cite>&gt; <q>arrrggggggg ACPI tables are worse then HID descriptors</q></li>
<li class="join">[<a href="#T00:37:55" id="T00:37:55"><abbr title="2015-11-24T00:37:55+00:00">00:37:55</abbr></a>] <span>* bonehead (68e7cafc@gateway/web/freenode/ip.104.231.202.252) has joined #beagle</span></li>
<li class="quit">[<a href="#T00:39:25" id="T00:39:25"><abbr title="2015-11-24T00:39:25+00:00">00:39:25</abbr></a>] <span>* bonehead (68e7cafc@gateway/web/freenode/ip.104.231.202.252) Quit (Client Quit)</span></li>
<li class="join">[<a href="#T00:53:58" id="T00:53:58"><abbr title="2015-11-24T00:53:58+00:00">00:53:58</abbr></a>] <span>* thurgood (~thurgood@65-36-122-62.dyn.grandenetworks.net) has joined #beagle</span></li>
<li class="quit">[<a href="#T01:01:13" id="T01:01:13"><abbr title="2015-11-24T01:01:13+00:00">01:01:13</abbr></a>] <span>* idwer (~irc@unaffiliated/idwer) Quit (Remote host closed the connection)</span></li>
<li class="quit">[<a href="#T01:02:05" id="T01:02:05"><abbr title="2015-11-24T01:02:05+00:00">01:02:05</abbr></a>] <span>* thurgood (~thurgood@65-36-122-62.dyn.grandenetworks.net) Quit (Ping timeout: 246 seconds)</span></li>
<li class="quit">[<a href="#T01:02:35" id="T01:02:35"><abbr title="2015-11-24T01:02:35+00:00">01:02:35</abbr></a>] <span>* bkearns (~bkearns@216-75-239-130.static.wiline.com) Quit (Quit: Leaving.)</span></li>
<li class="join">[<a href="#T01:04:13" id="T01:04:13"><abbr title="2015-11-24T01:04:13+00:00">01:04:13</abbr></a>] <span>* nighty-_ (~nighty@s1001042.xgsspn.imtp.tachikawa.spmode.ne.jp) has joined #beagleboard</span></li>
<li class="nick-change">[<a href="#T01:11:06" id="T01:11:06"><abbr title="2015-11-24T01:11:06+00:00">01:11:06</abbr></a>] <span>* kilroi is now known as kilroi_off</span></li>
<li class="quit">[<a href="#T01:27:55" id="T01:27:55"><abbr title="2015-11-24T01:27:55+00:00">01:27:55</abbr></a>] <span>* richardpotthoff (~richardpo@c-50-182-239-203.hsd1.nj.comcast.net) Quit (Ping timeout: 240 seconds)</span></li>
<li class="join">[<a href="#T01:30:13" id="T01:30:13"><abbr title="2015-11-24T01:30:13+00:00">01:30:13</abbr></a>] <span>* otherrealm (~Someone@71-88-61-53.static.nwtn.ct.charter.com) has joined #beagle</span></li>
<li class="quit">[<a href="#T01:31:44" id="T01:31:44"><abbr title="2015-11-24T01:31:44+00:00">01:31:44</abbr></a>] <span>* bengo (~textual@50-203-84-2-static.hfc.comcastbusiness.net) Quit (Quit: My Mac has gone to sleep. ZZZzzz…)</span></li>
<li class="quit">[<a href="#T01:31:51" id="T01:31:51"><abbr title="2015-11-24T01:31:51+00:00">01:31:51</abbr></a>] <span>* emeb (~ericb@ip68-2-68-52.ph.ph.cox.net) Quit (Quit: Leaving.)</span></li>
<li class="join">[<a href="#T01:32:06" id="T01:32:06"><abbr title="2015-11-24T01:32:06+00:00">01:32:06</abbr></a>] <span>* bengo (~textual@50-203-84-2-static.hfc.comcastbusiness.net) has joined #beagle</span></li>
<li class="quit">[<a href="#T01:35:12" id="T01:35:12"><abbr title="2015-11-24T01:35:12+00:00">01:35:12</abbr></a>] <span>* bengo (~textual@50-203-84-2-static.hfc.comcastbusiness.net) Quit (Max SendQ exceeded)</span></li>
<li class="join">[<a href="#T01:35:29" id="T01:35:29"><abbr title="2015-11-24T01:35:29+00:00">01:35:29</abbr></a>] <span>* richardpotthoff (~richardpo@c-50-182-239-203.hsd1.nj.comcast.net) has joined #beagle</span></li>
<li class="join">[<a href="#T01:35:32" id="T01:35:32"><abbr title="2015-11-24T01:35:32+00:00">01:35:32</abbr></a>] <span>* bengo (~textual@50-203-84-2-static.hfc.comcastbusiness.net) has joined #beagle</span></li>
<li class="quit">[<a href="#T01:41:45" id="T01:41:45"><abbr title="2015-11-24T01:41:45+00:00">01:41:45</abbr></a>] <span>* joe_moquin_ (82b8a371@gateway/web/freenode/ip.130.184.163.113) Quit (Ping timeout: 246 seconds)</span></li>
<li class="join">[<a href="#T01:42:50" id="T01:42:50"><abbr title="2015-11-24T01:42:50+00:00">01:42:50</abbr></a>] <span>* named (~unknown@5.148.129.203) has joined #beagle</span></li>
<li class="join">[<a href="#T01:45:54" id="T01:45:54"><abbr title="2015-11-24T01:45:54+00:00">01:45:54</abbr></a>] <span>* MountainMan (48d1e307@gateway/web/freenode/ip.72.209.227.7) has joined #beagle</span></li>
<li class="message">[<a href="#T01:47:10" id="T01:47:10"><abbr title="2015-11-24T01:47:10+00:00">01:47:10</abbr></a>] &lt;<cite>MountainMan</cite>&gt; <q>Hello?</q></li>
<li class="quit">[<a href="#T01:48:20" id="T01:48:20"><abbr title="2015-11-24T01:48:20+00:00">01:48:20</abbr></a>] <span>* bengo (~textual@50-203-84-2-static.hfc.comcastbusiness.net) Quit (Quit: My Mac has gone to sleep. ZZZzzz…)</span></li>
<li class="join">[<a href="#T01:51:35" id="T01:51:35"><abbr title="2015-11-24T01:51:35+00:00">01:51:35</abbr></a>] <span>* MountainMan (48d1e307@gateway/web/freenode/ip.72.209.227.7) has joined #beaglebone</span></li>
<li class="message">[<a href="#T01:54:04" id="T01:54:04"><abbr title="2015-11-24T01:54:04+00:00">01:54:04</abbr></a>] &lt;<cite>MountainMan</cite>&gt; <q>Has anyone encountered issues using the Beaglebone PWM and ADC simultaneously? I am attempting to use the PRU's to drive a motor system and measure the output voltage. Individually the PWM and ADC with the PRU's work fine. Together though the ADC reading freezes on a value.</q></li>
<li class="message">[<a href="#T01:56:13" id="T01:56:13"><abbr title="2015-11-24T01:56:13+00:00">01:56:13</abbr></a>] &lt;<cite>MountainMan</cite>&gt; <q>Has anyone encountered issues using the Beaglebone PWM and ADC simultaneously? I am attempting to use the PRU's to drive a motor system and measure the output voltage. Individually the PWM and ADC with the PRU's work fine. Together though the ADC reading freezes on a value.</q></li>
