<li class="join">[<a href="#T00:00:58" id="T00:00:58"><abbr title="2015-05-22T00:00:58+00:00">00:00:58</abbr></a>] <span>* BeagleBot (~PircBot@ec2-50-17-196-130.compute-1.amazonaws.com) has joined #beagle</span></li>
<li class="topic">[<abbr title="2015-05-22T00:00:58+00:00">00:00:58</abbr>] <span>* Topic is '<a href="http://beagleboard.org/chat">http://beagleboard.org/chat</a> has a guide on how to ask questions and links to the logs | never ask to ask, just ask | be patient | pastebin a boot log | <a href="http://ahsoftware.de/Beaglebone_Black_Boot_explained.svg">http://ahsoftware.de/Beaglebone_Black_Boot_explained.svg</a> | <a href="http://beagleboard.org/latest-images">http://beagleboard.org/latest-images</a> | <a href="http://beagleboard.org/Support/bone101">http://beagleboard.org/Support/bone101</a> | direct bonescript/node.js questions to #beagle-bonescript | books: <a href="http://bit.ly/bbb-books'">http://bit.ly/bbb-books'</a></span></li>
<li class="topic">[<abbr title="2015-05-22T00:00:58+00:00">00:00:58</abbr>] <span>* Set by jkridner!~jkridner@pdpc/supporter/active/jkridner on Sun Mar 29 23:21:44 UTC 2015</span></li>
<li class="join">[<abbr title="2015-05-22T00:00:58+00:00">00:00:58</abbr>] <span>* BeagleBot (~PircBot@ec2-50-17-196-130.compute-1.amazonaws.com) has joined #beagleboard</span></li>
<li class="join">[<abbr title="2015-05-22T00:00:58+00:00">00:00:58</abbr>] <span>* BeagleBot (~PircBot@ec2-50-17-196-130.compute-1.amazonaws.com) has joined #beaglebone</span></li>
<li class="quit">[<a href="#T00:01:31" id="T00:01:31"><abbr title="2015-05-22T00:01:31+00:00">00:01:31</abbr></a>] <span>* vagrantc (~vagrant@unaffiliated/vagrantc) Quit (Quit: leaving)</span></li>
<li class="join">[<a href="#T00:07:06" id="T00:07:06"><abbr title="2015-05-22T00:07:06+00:00">00:07:06</abbr></a>] <span>* StealthMi (StealthMi@c-73-12-137-224.hsd1.ca.comcast.net) has joined #beaglebone</span></li>
<li class="message">[<a href="#T00:07:48" id="T00:07:48"><abbr title="2015-05-22T00:07:48+00:00">00:07:48</abbr></a>] &lt;<cite>StealthMi</cite>&gt; <q>Can someone point me to where the specs of each Digital IO port is on the BeagleBone Black boards?  Looking for source and drain current capabilities.</q></li>
<li class="quit">[<a href="#T00:09:22" id="T00:09:22"><abbr title="2015-05-22T00:09:22+00:00">00:09:22</abbr></a>] <span>* StealthMi (StealthMi@c-73-12-137-224.hsd1.ca.comcast.net) Quit (Client Quit)</span></li>
<li class="join">[<a href="#T00:12:55" id="T00:12:55"><abbr title="2015-05-22T00:12:55+00:00">00:12:55</abbr></a>] <span>* emeb (~ericb@ip68-2-62-200.ph.ph.cox.net) has joined #beagle</span></li>
<li class="quit">[<a href="#T00:15:51" id="T00:15:51"><abbr title="2015-05-22T00:15:51+00:00">00:15:51</abbr></a>] <span>* dj_pi (~dj@c-107-5-228-80.hsd1.mi.comcast.net) Quit (Ping timeout: 276 seconds)</span></li>
<li class="quit">[<a href="#T00:17:04" id="T00:17:04"><abbr title="2015-05-22T00:17:04+00:00">00:17:04</abbr></a>] <span>* dwery (~dwery@nslu2-linux/dwery) Quit (Ping timeout: 256 seconds)</span></li>
<li class="join">[<a href="#T00:20:17" id="T00:20:17"><abbr title="2015-05-22T00:20:17+00:00">00:20:17</abbr></a>] <span>* tolot (~tolotol@2001:4dd0:ff00:9189:1d1:7d94:dcd5:75e7) has joined #beagle</span></li>
<li class="quit">[<a href="#T00:23:59" id="T00:23:59"><abbr title="2015-05-22T00:23:59+00:00">00:23:59</abbr></a>] <span>* tolot (~tolotol@2001:4dd0:ff00:9189:1d1:7d94:dcd5:75e7) Quit (Client Quit)</span></li>
<li class="quit">[<a href="#T00:29:47" id="T00:29:47"><abbr title="2015-05-22T00:29:47+00:00">00:29:47</abbr></a>] <span>* shubhangi (uid69276@gateway/web/irccloud.com/x-aqevtfgrabkfjpya) Quit (Quit: Connection closed for inactivity)</span></li>
<li class="join">[<a href="#T00:35:18" id="T00:35:18"><abbr title="2015-05-22T00:35:18+00:00">00:35:18</abbr></a>] <span>* James_Johnson (~clayshoot@ip-64-134-190-81.public.wayport.net) has joined #beagle</span></li>
<li class="join">[<a href="#T00:40:04" id="T00:40:04"><abbr title="2015-05-22T00:40:04+00:00">00:40:04</abbr></a>] <span>* VirG (~VirGin@c-24-6-53-29.hsd1.ca.comcast.net) has joined #beagle</span></li>
<li class="join">[<a href="#T00:41:45" id="T00:41:45"><abbr title="2015-05-22T00:41:45+00:00">00:41:45</abbr></a>] <span>* Nico44 (~Nico44@crb44-1-82-67-127-241.fbx.proxad.net) has joined #beagle</span></li>
<li class="quit">[<a href="#T00:45:49" id="T00:45:49"><abbr title="2015-05-22T00:45:49+00:00">00:45:49</abbr></a>] <span>* nighty^ (~nighty@hokuriku.rural-networks.com) Quit (Quit: Disappears in a puff of smoke)</span></li>
<li class="quit">[<a href="#T00:46:20" id="T00:46:20"><abbr title="2015-05-22T00:46:20+00:00">00:46:20</abbr></a>] <span>* Nico44 (~Nico44@crb44-1-82-67-127-241.fbx.proxad.net) Quit (Ping timeout: 246 seconds)</span></li>
<li class="quit">[<a href="#T00:52:51" id="T00:52:51"><abbr title="2015-05-22T00:52:51+00:00">00:52:51</abbr></a>] <span>* HyP3r (~HyP3r@217.160.19.194) Quit (Remote host closed the connection)</span></li>
<li class="quit">[<a href="#T00:53:07" id="T00:53:07"><abbr title="2015-05-22T00:53:07+00:00">00:53:07</abbr></a>] <span>* LetoThe2nd (~jd@unaffiliated/letothe2nd) Quit (Remote host closed the connection)</span></li>
<li class="quit">[<a href="#T00:54:37" id="T00:54:37"><abbr title="2015-05-22T00:54:37+00:00">00:54:37</abbr></a>] <span>* manuel__ (~manuel@p4FDAC826.dip0.t-ipconnect.de) Quit (Quit: manuel__)</span></li>
<li class="quit">[<a href="#T00:56:30" id="T00:56:30"><abbr title="2015-05-22T00:56:30+00:00">00:56:30</abbr></a>] <span>* jomar (~jm@0xffffff.de) Quit (Quit: ZNC - <a href="http://znc.in)">http://znc.in)</a></span></li>
