<li class="join">[<a href="#T00:00:30" id="T00:00:30"><abbr title="2015-04-03T00:00:30+00:00">00:00:30</abbr></a>] <span>* BeagleBot (~PircBot@ec2-50-17-196-130.compute-1.amazonaws.com) has joined #beagle</span></li>
<li class="topic">[<abbr title="2015-04-03T00:00:30+00:00">00:00:30</abbr>] <span>* Topic is '<a href="http://beagleboard.org/chat">http://beagleboard.org/chat</a> has a guide on how to ask questions and links to the logs | never ask to ask, just ask | be patient | pastebin a boot log | <a href="http://ahsoftware.de/Beaglebone_Black_Boot_explained.svg">http://ahsoftware.de/Beaglebone_Black_Boot_explained.svg</a> | <a href="http://beagleboard.org/latest-images">http://beagleboard.org/latest-images</a> | <a href="http://beagleboard.org/Support/bone101">http://beagleboard.org/Support/bone101</a> | direct bonescript/node.js questions to #beagle-bonescript | books: <a href="http://bit.ly/bbb-books'">http://bit.ly/bbb-books'</a></span></li>
<li class="topic">[<abbr title="2015-04-03T00:00:30+00:00">00:00:30</abbr>] <span>* Set by jkridner!~jkridner@pdpc/supporter/active/jkridner on Sun Mar 29 23:21:44 UTC 2015</span></li>
<li class="join">[<abbr title="2015-04-03T00:00:30+00:00">00:00:30</abbr>] <span>* BeagleBot (~PircBot@ec2-50-17-196-130.compute-1.amazonaws.com) has joined #beagleboard</span></li>
<li class="join">[<abbr title="2015-04-03T00:00:30+00:00">00:00:30</abbr>] <span>* BeagleBot (~PircBot@ec2-50-17-196-130.compute-1.amazonaws.com) has joined #beaglebone</span></li>
<li class="quit">[<a href="#T00:03:32" id="T00:03:32"><abbr title="2015-04-03T00:03:32+00:00">00:03:32</abbr></a>] <span>* alexanderhiam (~alexander@c-24-147-39-41.hsd1.nh.comcast.net) Quit (Quit: Leaving)</span></li>
<li class="message">[<a href="#T00:05:10" id="T00:05:10"><abbr title="2015-04-03T00:05:10+00:00">00:05:10</abbr></a>] &lt;<cite>alex_</cite>&gt; <q>with the switch to the 3.14 kernel and the new style of handling device tree overlays are there any good tutorials for using gpio and pwm with this kernel?</q></li>
<li class="join">[<a href="#T00:07:57" id="T00:07:57"><abbr title="2015-04-03T00:07:57+00:00">00:07:57</abbr></a>] <span>* alexanderhiam (~ahiam@c-24-147-39-41.hsd1.nh.comcast.net) has joined #beagle</span></li>
<li class="quit">[<a href="#T00:13:09" id="T00:13:09"><abbr title="2015-04-03T00:13:09+00:00">00:13:09</abbr></a>] <span>* FatBack (~Fat@cpe-76-189-106-172.neo.res.rr.com) Quit (Remote host closed the connection)</span></li>
<li class="quit">[<a href="#T00:13:26" id="T00:13:26"><abbr title="2015-04-03T00:13:26+00:00">00:13:26</abbr></a>] <span>* alexanderhiam (~ahiam@c-24-147-39-41.hsd1.nh.comcast.net) Quit (Read error: Connection reset by peer)</span></li>
<li class="quit">[<a href="#T00:13:29" id="T00:13:29"><abbr title="2015-04-03T00:13:29+00:00">00:13:29</abbr></a>] <span>* TheoMurpse (~TheoMurps@cpe-72-191-48-158.satx.res.rr.com) Quit (Quit: Leaving)</span></li>
<li class="join">[<a href="#T00:15:48" id="T00:15:48"><abbr title="2015-04-03T00:15:48+00:00">00:15:48</abbr></a>] <span>* alexanderhiam (~ahiam@c-24-147-39-41.hsd1.nh.comcast.net) has joined #beagle</span></li>
<li class="join">[<a href="#T00:35:38" id="T00:35:38"><abbr title="2015-04-03T00:35:38+00:00">00:35:38</abbr></a>] <span>* pwillard_ (~pwillard@c-73-184-136-133.hsd1.ga.comcast.net) has joined #beagle</span></li>
<li class="join">[<a href="#T00:36:30" id="T00:36:30"><abbr title="2015-04-03T00:36:30+00:00">00:36:30</abbr></a>] <span>* bwarff (~bwarff@124-148-223-59.dyn.iinet.net.au) has joined #beagle</span></li>
<li class="quit">[<a href="#T00:38:52" id="T00:38:52"><abbr title="2015-04-03T00:38:52+00:00">00:38:52</abbr></a>] <span>* pwillard (~pwillard@c-73-184-136-133.hsd1.ga.comcast.net) Quit (Ping timeout: 250 seconds)</span></li>
<li class="quit">[<a href="#T00:40:47" id="T00:40:47"><abbr title="2015-04-03T00:40:47+00:00">00:40:47</abbr></a>] <span>* NishanthMenon (nmenon@nat/ti/x-pelfajtjreegurbi) Quit (Quit: Bank error in my favor.  Gone to collect $200.)</span></li>
<li class="quit">[<a href="#T00:42:00" id="T00:42:00"><abbr title="2015-04-03T00:42:00+00:00">00:42:00</abbr></a>] <span>* nighty^ (~nighty@static-68-179-124-161.ptr.terago.net) Quit (Read error: Connection reset by peer)</span></li>
<li class="quit">[<a href="#T00:43:24" id="T00:43:24"><abbr title="2015-04-03T00:43:24+00:00">00:43:24</abbr></a>] <span>* natsurou_ (~natsurou@201.230.89.161) Quit (Ping timeout: 272 seconds)</span></li>
<li class="quit">[<a href="#T00:44:45" id="T00:44:45"><abbr title="2015-04-03T00:44:45+00:00">00:44:45</abbr></a>] <span>* cdbachmann (~cdbachman@adsl-69-209-193-229.dsl.chcgil.ameritech.net) Quit (Ping timeout: 265 seconds)</span></li>
<li class="join">[<a href="#T00:45:05" id="T00:45:05"><abbr title="2015-04-03T00:45:05+00:00">00:45:05</abbr></a>] <span>* nighty^ (~nighty@static-68-179-124-161.ptr.terago.net) has joined #beagle</span></li>
<li class="join">[<abbr title="2015-04-03T00:45:05+00:00">00:45:05</abbr>] <span>* nighty^ (~nighty@static-68-179-124-161.ptr.terago.net) has joined #beagleboard</span></li>
<li class="quit">[<a href="#T00:45:57" id="T00:45:57"><abbr title="2015-04-03T00:45:57+00:00">00:45:57</abbr></a>] <span>* Abhishek_ (uid26899@gateway/web/irccloud.com/x-tmbucgytcvfzydbe) Quit (Quit: Connection closed for inactivity)</span></li>
<li class="quit">[<a href="#T00:51:23" id="T00:51:23"><abbr title="2015-04-03T00:51:23+00:00">00:51:23</abbr></a>] <span>* piney0 (piney0@2600:3c03::f03c:91ff:fe93:ac9f) Quit (Changing host)</span></li>
<li class="join">[<abbr title="2015-04-03T00:51:23+00:00">00:51:23</abbr>] <span>* piney0 (piney0@unaffiliated/piney0) has joined #beagle</span></li>
<li class="join">[<a href="#T00:53:45" id="T00:53:45"><abbr title="2015-04-03T00:53:45+00:00">00:53:45</abbr></a>] <span>* djerome (~djerome@ip24-251-115-14.ph.ph.cox.net) has joined #beaglebone</span></li>
<li class="quit">[<a href="#T00:53:47" id="T00:53:47"><abbr title="2015-04-03T00:53:47+00:00">00:53:47</abbr></a>] <span>* boB_K7IQ (~IceChat9@c-73-19-73-115.hsd1.wa.comcast.net) Quit (Ping timeout: 250 seconds)</span></li>
<li class="join">[<a href="#T00:55:24" id="T00:55:24"><abbr title="2015-04-03T00:55:24+00:00">00:55:24</abbr></a>] <span>* cdbachmann (~cdbachman@adsl-69-209-207-151.dsl.chcgil.ameritech.net) has joined #beagle</span></li>
<li class="quit">[<a href="#T00:59:25" id="T00:59:25"><abbr title="2015-04-03T00:59:25+00:00">00:59:25</abbr></a>] <span>* Guest40673 (mp@aggr.com) Quit (Ping timeout: 250 seconds)</span></li>
