<li class="join">[<a href="#T00:00:35" id="T00:00:35"><abbr title="2015-09-14T00:00:35+00:00">00:00:35</abbr></a>] <span>* BeagleBot (~PircBot@ec2-50-17-196-130.compute-1.amazonaws.com) has joined #beagle</span></li>
<li class="topic">[<abbr title="2015-09-14T00:00:35+00:00">00:00:35</abbr>] <span>* Topic is '<a href="http://beagleboard.org/chat">http://beagleboard.org/chat</a> has a guide on how to ask questions and links to the logs | never ask to ask, just ask | be patient | pastebin a boot log | <a href="http://ahsoftware.de/Beaglebone_Black_Boot_explained.svg">http://ahsoftware.de/Beaglebone_Black_Boot_explained.svg</a> | <a href="http://beagleboard.org/latest-images">http://beagleboard.org/latest-images</a> | <a href="http://beagleboard.org/Support/bone101">http://beagleboard.org/Support/bone101</a> | direct bonescript/node.js questions to #beagle-bonescript | books: <a href="http://bit.ly/bbb-books'">http://bit.ly/bbb-books'</a></span></li>
<li class="topic">[<abbr title="2015-09-14T00:00:35+00:00">00:00:35</abbr>] <span>* Set by KotH!~attila@erica.kinali.ch on Wed Jul 15 13:55:07 UTC 2015</span></li>
<li class="join">[<abbr title="2015-09-14T00:00:35+00:00">00:00:35</abbr>] <span>* BeagleBot (~PircBot@ec2-50-17-196-130.compute-1.amazonaws.com) has joined #beagleboard</span></li>
<li class="join">[<abbr title="2015-09-14T00:00:35+00:00">00:00:35</abbr>] <span>* BeagleBot (~PircBot@ec2-50-17-196-130.compute-1.amazonaws.com) has joined #beaglebone</span></li>
<li class="quit">[<a href="#T00:03:47" id="T00:03:47"><abbr title="2015-09-14T00:03:47+00:00">00:03:47</abbr></a>] <span>* dj_pi (~dj@c-73-191-212-56.hsd1.mi.comcast.net) Quit (Ping timeout: 264 seconds)</span></li>
<li class="quit">[<a href="#T00:04:37" id="T00:04:37"><abbr title="2015-09-14T00:04:37+00:00">00:04:37</abbr></a>] <span>* drkfdr (~darkfader@ip3e8346be.speed.planet.nl) Quit (Quit: drkfdr)</span></li>
<li class="quit">[<a href="#T00:12:06" id="T00:12:06"><abbr title="2015-09-14T00:12:06+00:00">00:12:06</abbr></a>] <span>* nofxx (~nofxx@unaffiliated/nofxx) Quit (Ping timeout: 260 seconds)</span></li>
<li class="nick-change">[<a href="#T00:13:51" id="T00:13:51"><abbr title="2015-09-14T00:13:51+00:00">00:13:51</abbr></a>] <span>* mazzanet_ is now known as mazzanet</span></li>
<li class="quit">[<a href="#T00:13:58" id="T00:13:58"><abbr title="2015-09-14T00:13:58+00:00">00:13:58</abbr></a>] <span>* rohitksingh (~rohit@120.59.47.172) Quit (Quit: Leaving.)</span></li>
<li class="quit">[<a href="#T00:22:04" id="T00:22:04"><abbr title="2015-09-14T00:22:04+00:00">00:22:04</abbr></a>] <span>* tlab (~tlab@104.235.20.192) Quit (Quit: Leaving)</span></li>
<li class="join">[<a href="#T00:32:43" id="T00:32:43"><abbr title="2015-09-14T00:32:43+00:00">00:32:43</abbr></a>] <span>* Blaketh (~solar@173-228-54-226.dsl.dynamic.fusionbroadband.com) has joined #beagleboard</span></li>
<li class="part">[<a href="#T00:33:04" id="T00:33:04"><abbr title="2015-09-14T00:33:04+00:00">00:33:04</abbr></a>] <span>* Blaketh (~solar@173-228-54-226.dsl.dynamic.fusionbroadband.com) has left #beagleboard</span></li>
<li class="join">[<a href="#T00:35:14" id="T00:35:14"><abbr title="2015-09-14T00:35:14+00:00">00:35:14</abbr></a>] <span>* kunalg (~kunalg@14.139.160.230) has joined #beagle</span></li>
<li class="join">[<a href="#T00:36:34" id="T00:36:34"><abbr title="2015-09-14T00:36:34+00:00">00:36:34</abbr></a>] <span>* kunalg_ (~kunalg@14.139.160.230) has joined #beagle</span></li>
<li class="quit">[<a href="#T00:39:33" id="T00:39:33"><abbr title="2015-09-14T00:39:33+00:00">00:39:33</abbr></a>] <span>* kunalg (~kunalg@14.139.160.230) Quit (Ping timeout: 246 seconds)</span></li>
<li class="nick-change">[<abbr title="2015-09-14T00:39:33+00:00">00:39:33</abbr>] <span>* kunalg_ is now known as kunalg</span></li>
<li class="join">[<a href="#T00:39:36" id="T00:39:36"><abbr title="2015-09-14T00:39:36+00:00">00:39:36</abbr></a>] <span>* Nico44 (~Nico44@crb44-1-82-67-127-241.fbx.proxad.net) has joined #beagle</span></li>
<li class="quit">[<a href="#T00:43:49" id="T00:43:49"><abbr title="2015-09-14T00:43:49+00:00">00:43:49</abbr></a>] <span>* bizarro_1 (~bizarro_1@63.Red-88-5-47.dynamicIP.rima-tde.net) Quit (Quit: Leaving)</span></li>
<li class="quit">[<a href="#T00:44:16" id="T00:44:16"><abbr title="2015-09-14T00:44:16+00:00">00:44:16</abbr></a>] <span>* Nico44 (~Nico44@crb44-1-82-67-127-241.fbx.proxad.net) Quit (Ping timeout: 246 seconds)</span></li>
<li class="quit">[<a href="#T00:51:38" id="T00:51:38"><abbr title="2015-09-14T00:51:38+00:00">00:51:38</abbr></a>] <span>* mhaberler (~mhaberler@next.stiwoll.mah.priv.at) Quit (Quit: mhaberler)</span></li>
<li class="join">[<a href="#T00:57:05" id="T00:57:05"><abbr title="2015-09-14T00:57:05+00:00">00:57:05</abbr></a>] <span>* yates (~user@nc-71-51-249-15.dhcp.embarqhsd.net) has joined #beagle</span></li>
<li class="message">[<a href="#T00:57:11" id="T00:57:11"><abbr title="2015-09-14T00:57:11+00:00">00:57:11</abbr></a>] &lt;<cite>yates</cite>&gt; <q>zmatt: hey, you there?</q></li>
<li class="quit">[<a href="#T00:57:15" id="T00:57:15"><abbr title="2015-09-14T00:57:15+00:00">00:57:15</abbr></a>] <span>* idwer (~irc@unaffiliated/idwer) Quit (Remote host closed the connection)</span></li>
<li class="message">[<a href="#T00:57:47" id="T00:57:47"><abbr title="2015-09-14T00:57:47+00:00">00:57:47</abbr></a>] &lt;<cite>yates</cite>&gt; <q>last night you said one of the problems with the PMIC circuit was "cpu pin "VDDS" is connected to LDO1 instead of LDO3"</q></li>
<li class="message">[<a href="#T00:57:56" id="T00:57:56"><abbr title="2015-09-14T00:57:56+00:00">00:57:56</abbr></a>] &lt;<cite>yates</cite>&gt; <q>why should it be LDO3?</q></li>
<li class="message">[<a href="#T00:58:03" id="T00:58:03"><abbr title="2015-09-14T00:58:03+00:00">00:58:03</abbr></a>] &lt;<cite>yates</cite>&gt; <q>zmatt: ^^^^</q></li>
