<li class="join">[<a href="#T00:00:31" id="T00:00:31"><abbr title="2015-06-10T00:00:31+00:00">00:00:31</abbr></a>] <span>* BeagleBot (~PircBot@ec2-50-17-196-130.compute-1.amazonaws.com) has joined #beagle</span></li>
<li class="topic">[<abbr title="2015-06-10T00:00:31+00:00">00:00:31</abbr>] <span>* Topic is '<a href="http://beagleboard.org/chat">http://beagleboard.org/chat</a> has a guide on how to ask questions and links to the logs | never ask to ask, just ask | be patient | pastebin a boot log | <a href="http://ahsoftware.de/Beaglebone_Black_Boot_explained.svg">http://ahsoftware.de/Beaglebone_Black_Boot_explained.svg</a> | <a href="http://beagleboard.org/latest-images">http://beagleboard.org/latest-images</a> | <a href="http://beagleboard.org/Support/bone101">http://beagleboard.org/Support/bone101</a> | direct bonescript/node.js questions to #beagle-bonescript | books: <a href="http://bit.ly/bbb-books'">http://bit.ly/bbb-books'</a></span></li>
<li class="topic">[<abbr title="2015-06-10T00:00:31+00:00">00:00:31</abbr>] <span>* Set by jkridner!~jkridner@pdpc/supporter/active/jkridner on Sun Mar 29 23:21:44 UTC 2015</span></li>
<li class="join">[<abbr title="2015-06-10T00:00:31+00:00">00:00:31</abbr>] <span>* BeagleBot (~PircBot@ec2-50-17-196-130.compute-1.amazonaws.com) has joined #beagleboard</span></li>
<li class="join">[<abbr title="2015-06-10T00:00:31+00:00">00:00:31</abbr>] <span>* BeagleBot (~PircBot@ec2-50-17-196-130.compute-1.amazonaws.com) has joined #beaglebone</span></li>
<li class="join">[<a href="#T00:05:52" id="T00:05:52"><abbr title="2015-06-10T00:05:52+00:00">00:05:52</abbr></a>] <span>* boB_K7IQ (~IceChat9@c-73-19-73-115.hsd1.wa.comcast.net) has joined #beagle</span></li>
<li class="join">[<a href="#T00:22:45" id="T00:22:45"><abbr title="2015-06-10T00:22:45+00:00">00:22:45</abbr></a>] <span>* willw (~willw@67-41-213-61.hlrn.qwest.net) has joined #beaglebone</span></li>
<li class="join">[<a href="#T00:35:15" id="T00:35:15"><abbr title="2015-06-10T00:35:15+00:00">00:35:15</abbr></a>] <span>* djerome (~djerome@ip24-251-115-14.ph.ph.cox.net) has joined #beaglebone</span></li>
<li class="join">[<a href="#T00:37:30" id="T00:37:30"><abbr title="2015-06-10T00:37:30+00:00">00:37:30</abbr></a>] <span>* n-st (~n-st@2001:470:7272:0:4119:836c:d556:5a6) has joined #beagle</span></li>
<li class="quit">[<a href="#T00:40:08" id="T00:40:08"><abbr title="2015-06-10T00:40:08+00:00">00:40:08</abbr></a>] <span>* SpeedEvil (~quassel@tor/regular/SpeedEvil) Quit (Quit: No Ping reply in 180 seconds.)</span></li>
<li class="join">[<a href="#T00:40:41" id="T00:40:41"><abbr title="2015-06-10T00:40:41+00:00">00:40:41</abbr></a>] <span>* SpeedEvil (~quassel@tor/regular/SpeedEvil) has joined #beagle</span></li>
<li class="quit">[<a href="#T00:42:11" id="T00:42:11"><abbr title="2015-06-10T00:42:11+00:00">00:42:11</abbr></a>] <span>* LordDVG (~LordDVG@unaffiliated/lorddvg) Quit (Remote host closed the connection)</span></li>
<li class="quit">[<a href="#T00:44:04" id="T00:44:04"><abbr title="2015-06-10T00:44:04+00:00">00:44:04</abbr></a>] <span>* Technicus (~Technicus@97-83-226-86.dhcp.eucl.wi.charter.com) Quit ()</span></li>
<li class="quit">[<a href="#T00:49:28" id="T00:49:28"><abbr title="2015-06-10T00:49:28+00:00">00:49:28</abbr></a>] <span>* SpeedEvil (~quassel@tor/regular/SpeedEvil) Quit (Quit: No Ping reply in 180 seconds.)</span></li>
<li class="join">[<a href="#T00:50:01" id="T00:50:01"><abbr title="2015-06-10T00:50:01+00:00">00:50:01</abbr></a>] <span>* SpeedEvil (~quassel@tor/regular/SpeedEvil) has joined #beagle</span></li>
<li class="join">[<a href="#T00:50:08" id="T00:50:08"><abbr title="2015-06-10T00:50:08+00:00">00:50:08</abbr></a>] <span>* dj_pi (~dj@c-107-5-228-80.hsd1.mi.comcast.net) has joined #beagle</span></li>
<li class="quit">[<a href="#T00:54:53" id="T00:54:53"><abbr title="2015-06-10T00:54:53+00:00">00:54:53</abbr></a>] <span>* pwillard (~pwillard@c-73-184-136-133.hsd1.ga.comcast.net) Quit (Quit: Leaving)</span></li>
<li class="join">[<a href="#T00:58:22" id="T00:58:22"><abbr title="2015-06-10T00:58:22+00:00">00:58:22</abbr></a>] <span>* Nico44 (~Nico44@crb44-1-82-67-127-241.fbx.proxad.net) has joined #beagle</span></li>
<li class="quit">[<a href="#T01:02:59" id="T01:02:59"><abbr title="2015-06-10T01:02:59+00:00">01:02:59</abbr></a>] <span>* Nico44 (~Nico44@crb44-1-82-67-127-241.fbx.proxad.net) Quit (Ping timeout: 246 seconds)</span></li>
<li class="quit">[<a href="#T01:06:44" id="T01:06:44"><abbr title="2015-06-10T01:06:44+00:00">01:06:44</abbr></a>] <span>* jzaw (~jzaw@loki.dzki.co.uk) Quit (Ping timeout: 256 seconds)</span></li>
<li class="quit">[<a href="#T01:07:46" id="T01:07:46"><abbr title="2015-06-10T01:07:46+00:00">01:07:46</abbr></a>] <span>* Humpelst1lzchen (erik@f054116148.adsl.alicedsl.de) Quit (Ping timeout: 272 seconds)</span></li>
<li class="quit">[<a href="#T01:10:20" id="T01:10:20"><abbr title="2015-06-10T01:10:20+00:00">01:10:20</abbr></a>] <span>* jerome- (~jerome@nat75-2-78-193-84-130.fbxo.proxad.net) Quit (Ping timeout: 246 seconds)</span></li>
<li class="join">[<a href="#T01:10:22" id="T01:10:22"><abbr title="2015-06-10T01:10:22+00:00">01:10:22</abbr></a>] <span>* Humpelstilzchen (erik@f054111228.adsl.alicedsl.de) has joined #beagle</span></li>
<li class="quit">[<a href="#T01:10:55" id="T01:10:55"><abbr title="2015-06-10T01:10:55+00:00">01:10:55</abbr></a>] <span>* sidbh (~Siddharth@50.247.94.213) Quit (Quit: Leaving)</span></li>
<li class="quit">[<a href="#T01:11:20" id="T01:11:20"><abbr title="2015-06-10T01:11:20+00:00">01:11:20</abbr></a>] <span>* The_Ball (~ballen@80.202.192.42) Quit (Ping timeout: 244 seconds)</span></li>
<li class="join">[<a href="#T01:13:01" id="T01:13:01"><abbr title="2015-06-10T01:13:01+00:00">01:13:01</abbr></a>] <span>* The_Ball (~ballen@80.202.192.42) has joined #beagle</span></li>
<li class="quit">[<a href="#T01:15:19" id="T01:15:19"><abbr title="2015-06-10T01:15:19+00:00">01:15:19</abbr></a>] <span>* drkfdr (~darkfader@ip3e8346be.speed.planet.nl) Quit (Quit: Read error: Connection reset by peer)</span></li>
<li class="join">[<a href="#T01:16:35" id="T01:16:35"><abbr title="2015-06-10T01:16:35+00:00">01:16:35</abbr></a>] <span>* jzaw (~jzaw@loki.dzki.co.uk) has joined #beagle</span></li>
<li class="join">[<a href="#T01:21:50" id="T01:21:50"><abbr title="2015-06-10T01:21:50+00:00">01:21:50</abbr></a>] <span>* bbbbb (0e231689@gateway/web/freenode/ip.14.35.22.137) has joined #beagle</span></li>
<li class="message">[<a href="#T01:22:25" id="T01:22:25"><abbr title="2015-06-10T01:22:25+00:00">01:22:25</abbr></a>] &lt;<cite>bbbbb</cite>&gt; <q>how can i expand rootfs pastition?</q></li>
<li class="quit">[<a href="#T01:23:24" id="T01:23:24"><abbr title="2015-06-10T01:23:24+00:00">01:23:24</abbr></a>] <span>* praneeth_ (praneeth@nat/ti/x-yqewejyzjloyhwee) Quit (Remote host closed the connection)</span></li>
<li class="join">[<a href="#T01:23:43" id="T01:23:43"><abbr title="2015-06-10T01:23:43+00:00">01:23:43</abbr></a>] <span>* praneeth_ (praneeth@nat/ti/x-sejnxiznmdtqezun) has joined #beagle</span></li>
<li class="quit">[<a href="#T01:24:52" id="T01:24:52"><abbr title="2015-06-10T01:24:52+00:00">01:24:52</abbr></a>] <span>* Akex_ (uid58281@gateway/web/irccloud.com/x-feihvxqcrpkdtixn) Quit (Quit: Connection closed for inactivity)</span></li>
<li class="quit">[<a href="#T01:28:14" id="T01:28:14"><abbr title="2015-06-10T01:28:14+00:00">01:28:14</abbr></a>] <span>* Mounicq (~Thunderbi@130.230.21.109.rev.sfr.net) Quit (Quit: Mounicq)</span></li>
<li class="quit">[<a href="#T01:32:25" id="T01:32:25"><abbr title="2015-06-10T01:32:25+00:00">01:32:25</abbr></a>] <span>* dj_pi (~dj@c-107-5-228-80.hsd1.mi.comcast.net) Quit (Quit: Leaving)</span></li>
<li class="quit">[<a href="#T01:40:24" id="T01:40:24"><abbr title="2015-06-10T01:40:24+00:00">01:40:24</abbr></a>] <span>* boB_K7IQ (~IceChat9@c-73-19-73-115.hsd1.wa.comcast.net) Quit (Ping timeout: 252 seconds)</span></li>
<li class="quit">[<a href="#T01:43:24" id="T01:43:24"><abbr title="2015-06-10T01:43:24+00:00">01:43:24</abbr></a>] <span>* dgerlach (dave@nat/ti/x-waxhilfywifdjnel) Quit (Ping timeout: 276 seconds)</span></li>
<li class="message">[<a href="#T01:46:44" id="T01:46:44"><abbr title="2015-06-10T01:46:44+00:00">01:46:44</abbr></a>] &lt;<cite>wmat</cite>&gt; <q>bbbbb: there's a script in /opt/scripts/tools called grow_partition.sh</q></li>
<li class="message">[<a href="#T01:47:13" id="T01:47:13"><abbr title="2015-06-10T01:47:13+00:00">01:47:13</abbr></a>] &lt;<cite>wmat</cite>&gt; <q>bbbbb: <a href="https://groups.google.com/d/msg/beagleboard/NKjfjN8uKE4/JIr6-Yb7RYEJ">https://groups.google.com/d/msg/beagleboard/NKjfjN8uKE4/JIr6-Yb7RYEJ</a></q></li>
<li class="quit">[<a href="#T01:49:43" id="T01:49:43"><abbr title="2015-06-10T01:49:43+00:00">01:49:43</abbr></a>] <span>* bbbbb (0e231689@gateway/web/freenode/ip.14.35.22.137) Quit (Ping timeout: 246 seconds)</span></li>
<li class="join">[<a href="#T01:52:09" id="T01:52:09"><abbr title="2015-06-10T01:52:09+00:00">01:52:09</abbr></a>] <span>* tai271828 (~tai271828@175.41.48.77) has joined #beagle</span></li>
<li class="join">[<a href="#T01:52:52" id="T01:52:52"><abbr title="2015-06-10T01:52:52+00:00">01:52:52</abbr></a>] <span>* dj_pi (~dj@c-107-5-228-80.hsd1.mi.comcast.net) has joined #beagle</span></li>
