<li class="join">[<a href="#T00:00:33" id="T00:00:33"><abbr title="2015-10-30T00:00:33+00:00">00:00:33</abbr></a>] <span>* BeagleBot (~PircBot@ec2-50-17-196-130.compute-1.amazonaws.com) has joined #beagle</span></li>
<li class="topic">[<abbr title="2015-10-30T00:00:33+00:00">00:00:33</abbr>] <span>* Topic is '<a href="http://beagleboard.org/chat">http://beagleboard.org/chat</a> has a guide on how to ask questions and links to the logs | never ask to ask, just ask | be patient | pastebin a boot log | <a href="http://ahsoftware.de/Beaglebone_Black_Boot_explained.svg">http://ahsoftware.de/Beaglebone_Black_Boot_explained.svg</a> | <a href="http://beagleboard.org/latest-images">http://beagleboard.org/latest-images</a> | <a href="http://beagleboard.org/Support/bone101">http://beagleboard.org/Support/bone101</a> | direct bonescript/node.js questions to #beagle-bonescript | books: <a href="http://bit.ly/bbb-books'">http://bit.ly/bbb-books'</a></span></li>
<li class="topic">[<abbr title="2015-10-30T00:00:33+00:00">00:00:33</abbr>] <span>* Set by KotH!~attila@erica.kinali.ch on Wed Jul 15 13:55:07 UTC 2015</span></li>
<li class="join">[<abbr title="2015-10-30T00:00:33+00:00">00:00:33</abbr>] <span>* BeagleBot (~PircBot@ec2-50-17-196-130.compute-1.amazonaws.com) has joined #beagleboard</span></li>
<li class="join">[<abbr title="2015-10-30T00:00:33+00:00">00:00:33</abbr>] <span>* BeagleBot (~PircBot@ec2-50-17-196-130.compute-1.amazonaws.com) has joined #beaglebone</span></li>
<li class="quit">[<a href="#T00:05:51" id="T00:05:51"><abbr title="2015-10-30T00:05:51+00:00">00:05:51</abbr></a>] <span>* dynex (~ihassin@pool-74-102-228-21.nwrknj.fios.verizon.net) Quit (Quit: dynex)</span></li>
<li class="quit">[<a href="#T00:07:30" id="T00:07:30"><abbr title="2015-10-30T00:07:30+00:00">00:07:30</abbr></a>] <span>* Barlow (~barlow@unaffiliated/barlow) Quit (Ping timeout: 240 seconds)</span></li>
<li class="quit">[<a href="#T00:19:02" id="T00:19:02"><abbr title="2015-10-30T00:19:02+00:00">00:19:02</abbr></a>] <span>* florian (~fuchs@Maemo/community/contributor/florian) Quit (Quit: Verlassend)</span></li>
<li class="join">[<a href="#T00:19:32" id="T00:19:32"><abbr title="2015-10-30T00:19:32+00:00">00:19:32</abbr></a>] <span>* Barlow (~barlow@unaffiliated/barlow) has joined #beagle</span></li>
<li class="join">[<a href="#T00:21:10" id="T00:21:10"><abbr title="2015-10-30T00:21:10+00:00">00:21:10</abbr></a>] <span>* thurgood (~thurgood@cpe-76-90-35-193.socal.res.rr.com) has joined #beagle</span></li>
<li class="quit">[<a href="#T00:29:00" id="T00:29:00"><abbr title="2015-10-30T00:29:00+00:00">00:29:00</abbr></a>] <span>* Defiant (erik@f054186120.adsl.alicedsl.de) Quit (Ping timeout: 250 seconds)</span></li>
<li class="join">[<a href="#T00:29:08" id="T00:29:08"><abbr title="2015-10-30T00:29:08+00:00">00:29:08</abbr></a>] <span>* Defiant (erik@f054186120.adsl.alicedsl.de) has joined #beagle</span></li>
<li class="join">[<a href="#T00:48:26" id="T00:48:26"><abbr title="2015-10-30T00:48:26+00:00">00:48:26</abbr></a>] <span>* pabb (~pabb@c-24-3-17-199.hsd1.pa.comcast.net) has joined #beagle</span></li>
<li class="quit">[<a href="#T00:55:32" id="T00:55:32"><abbr title="2015-10-30T00:55:32+00:00">00:55:32</abbr></a>] <span>* bizarro_1 (~bizarro_1@186.Red-83-47-134.dynamicIP.rima-tde.net) Quit (Quit: Leaving)</span></li>
<li class="quit">[<a href="#T01:00:46" id="T01:00:46"><abbr title="2015-10-30T01:00:46+00:00">01:00:46</abbr></a>] <span>* Cybernaut (~gentoo@pool-108-39-146-142.pitbpa.fios.verizon.net) Quit (Quit: Leaving)</span></li>
<li class="join">[<a href="#T01:00:59" id="T01:00:59"><abbr title="2015-10-30T01:00:59+00:00">01:00:59</abbr></a>] <span>* Cybernaut (~gentoo@pool-108-39-146-142.pitbpa.fios.verizon.net) has joined #beagle</span></li>
<li class="quit">[<a href="#T01:01:04" id="T01:01:04"><abbr title="2015-10-30T01:01:04+00:00">01:01:04</abbr></a>] <span>* Cybernaut (~gentoo@pool-108-39-146-142.pitbpa.fios.verizon.net) Quit (Read error: Connection reset by peer)</span></li>
<li class="join">[<a href="#T01:02:22" id="T01:02:22"><abbr title="2015-10-30T01:02:22+00:00">01:02:22</abbr></a>] <span>* GenTooMan (~gentoo@pool-108-39-146-142.pitbpa.fios.verizon.net) has joined #beagle</span></li>
<li class="quit">[<a href="#T01:04:07" id="T01:04:07"><abbr title="2015-10-30T01:04:07+00:00">01:04:07</abbr></a>] <span>* dwery (~dwery@nslu2-linux/dwery) Quit (Ping timeout: 256 seconds)</span></li>
<li class="quit">[<a href="#T01:08:12" id="T01:08:12"><abbr title="2015-10-30T01:08:12+00:00">01:08:12</abbr></a>] <span>* Guest29675 (49ace492@gateway/web/freenode/ip.73.172.228.146) Quit (Ping timeout: 246 seconds)</span></li>
<li class="quit">[<a href="#T01:38:55" id="T01:38:55"><abbr title="2015-10-30T01:38:55+00:00">01:38:55</abbr></a>] <span>* dj_pi (~dj@c-73-191-212-56.hsd1.mi.comcast.net) Quit (Ping timeout: 246 seconds)</span></li>
<li class="quit">[<a href="#T01:53:30" id="T01:53:30"><abbr title="2015-10-30T01:53:30+00:00">01:53:30</abbr></a>] <span>* drkfdr (~darkfader@2001:610:600:896d:80e2:ebb3:a928:895b) Quit (Quit: drkfdr)</span></li>
<li class="quit">[<a href="#T02:03:51" id="T02:03:51"><abbr title="2015-10-30T02:03:51+00:00">02:03:51</abbr></a>] <span>* GenTooMan (~gentoo@pool-108-39-146-142.pitbpa.fios.verizon.net) Quit (Ping timeout: 255 seconds)</span></li>
<li class="quit">[<a href="#T02:05:44" id="T02:05:44"><abbr title="2015-10-30T02:05:44+00:00">02:05:44</abbr></a>] <span>* idwer (~irc@unaffiliated/idwer) Quit (Remote host closed the connection)</span></li>
<li class="join">[<a href="#T02:07:51" id="T02:07:51"><abbr title="2015-10-30T02:07:51+00:00">02:07:51</abbr></a>] <span>* dj_pi (~dj@c-73-191-212-56.hsd1.mi.comcast.net) has joined #beagle</span></li>
<li class="join">[<a href="#T02:10:59" id="T02:10:59"><abbr title="2015-10-30T02:10:59+00:00">02:10:59</abbr></a>] <span>* JetForMe|-0700 (~JetForMe@157.22.42.2) has joined #beagle</span></li>
<li class="quit">[<a href="#T02:11:01" id="T02:11:01"><abbr title="2015-10-30T02:11:01+00:00">02:11:01</abbr></a>] <span>* JetForMe|-0700 (~JetForMe@157.22.42.2) Quit (Client Quit)</span></li>
<li class="quit">[<a href="#T02:14:35" id="T02:14:35"><abbr title="2015-10-30T02:14:35+00:00">02:14:35</abbr></a>] <span>* JetForMe (~JetForMe@157.22.42.2) Quit (Ping timeout: 252 seconds)</span></li>
<li class="quit">[<a href="#T02:33:19" id="T02:33:19"><abbr title="2015-10-30T02:33:19+00:00">02:33:19</abbr></a>] <span>* Defiant (erik@f054186120.adsl.alicedsl.de) Quit (Ping timeout: 240 seconds)</span></li>
<li class="join">[<a href="#T02:39:26" id="T02:39:26"><abbr title="2015-10-30T02:39:26+00:00">02:39:26</abbr></a>] <span>* Defiant (erik@f054120183.adsl.alicedsl.de) has joined #beagle</span></li>
<li class="quit">[<a href="#T02:42:39" id="T02:42:39"><abbr title="2015-10-30T02:42:39+00:00">02:42:39</abbr></a>] <span>* dj_pi (~dj@c-73-191-212-56.hsd1.mi.comcast.net) Quit (Ping timeout: 240 seconds)</span></li>
<li class="quit">[<a href="#T02:49:25" id="T02:49:25"><abbr title="2015-10-30T02:49:25+00:00">02:49:25</abbr></a>] <span>* ogra_ (~ogra_@p5098ed03.dip0.t-ipconnect.de) Quit (Ping timeout: 265 seconds)</span></li>
<li class="join">[<a href="#T02:49:41" id="T02:49:41"><abbr title="2015-10-30T02:49:41+00:00">02:49:41</abbr></a>] <span>* ogra_ (~ogra_@p5098ed03.dip0.t-ipconnect.de) has joined #beagle</span></li>
<li class="quit">[<a href="#T02:50:49" id="T02:50:49"><abbr title="2015-10-30T02:50:49+00:00">02:50:49</abbr></a>] <span>* nyo (~nyo@host136-150-dynamic.49-82-r.retail.telecomitalia.it) Quit (Ping timeout: 250 seconds)</span></li>
<li class="join">[<a href="#T02:53:04" id="T02:53:04"><abbr title="2015-10-30T02:53:04+00:00">02:53:04</abbr></a>] <span>* JetForMe (~JetForMe@c-50-168-55-93.hsd1.ca.comcast.net) has joined #beagle</span></li>
<li class="join">[<a href="#T03:03:12" id="T03:03:12"><abbr title="2015-10-30T03:03:12+00:00">03:03:12</abbr></a>] <span>* Ceriand|desktop (~Ceriand@unaffiliated/ceriand) has joined #beagle</span></li>
<li class="join">[<a href="#T03:03:34" id="T03:03:34"><abbr title="2015-10-30T03:03:34+00:00">03:03:34</abbr></a>] <span>* dj_pi (~dj@c-73-191-212-56.hsd1.mi.comcast.net) has joined #beagle</span></li>
<li class="quit">[<a href="#T03:05:24" id="T03:05:24"><abbr title="2015-10-30T03:05:24+00:00">03:05:24</abbr></a>] <span>* chickadee (sid99356@gateway/web/irccloud.com/x-rosknukjnnydbogq) Quit (Read error: Connection reset by peer)</span></li>
<li class="quit">[<a href="#T03:06:01" id="T03:06:01"><abbr title="2015-10-30T03:06:01+00:00">03:06:01</abbr></a>] <span>* bftm (bftm@2604:180::e9ac:4ce1) Quit (Ping timeout: 268 seconds)</span></li>
<li class="quit">[<a href="#T03:06:02" id="T03:06:02"><abbr title="2015-10-30T03:06:02+00:00">03:06:02</abbr></a>] <span>* mdp (sid49840@gateway/web/irccloud.com/x-aqaylkuugjnrchaz) Quit (Read error: Connection reset by peer)</span></li>
<li class="quit">[<a href="#T03:06:03" id="T03:06:03"><abbr title="2015-10-30T03:06:03+00:00">03:06:03</abbr></a>] <span>* k3nt (sid19550@gateway/web/irccloud.com/x-tyafffwecfrphtar) Quit (Read error: Connection reset by peer)</span></li>
<li class="quit">[<a href="#T03:06:08" id="T03:06:08"><abbr title="2015-10-30T03:06:08+00:00">03:06:08</abbr></a>] <span>* lilCodie (sid82653@gateway/web/irccloud.com/x-ktxzyimhrbjjrxeh) Quit (Read error: Connection reset by peer)</span></li>
<li class="join">[<a href="#T03:08:28" id="T03:08:28"><abbr title="2015-10-30T03:08:28+00:00">03:08:28</abbr></a>] <span>* chickadee (sid99356@gateway/web/irccloud.com/x-pljieymfouaxyxod) has joined #beagle</span></li>
<li class="quit">[<a href="#T03:09:01" id="T03:09:01"><abbr title="2015-10-30T03:09:01+00:00">03:09:01</abbr></a>] <span>* kalz (~kalz@2602:fff6:f:1::d979:58e8) Quit (Ping timeout: 250 seconds)</span></li>
<li class="join">[<a href="#T03:09:25" id="T03:09:25"><abbr title="2015-10-30T03:09:25+00:00">03:09:25</abbr></a>] <span>* lilCodie (sid82653@gateway/web/irccloud.com/x-yfczvrvlhpzcfcsc) has joined #beagle</span></li>
<li class="join">[<a href="#T03:10:46" id="T03:10:46"><abbr title="2015-10-30T03:10:46+00:00">03:10:46</abbr></a>] <span>* mdp (sid49840@gateway/web/irccloud.com/x-dojnrmklpnvrafts) has joined #beagle</span></li>
<li class="join">[<a href="#T03:11:26" id="T03:11:26"><abbr title="2015-10-30T03:11:26+00:00">03:11:26</abbr></a>] <span>* k3nt (sid19550@gateway/web/irccloud.com/x-ocjfsgxdhwgjzypz) has joined #beagle</span></li>
<li class="join">[<abbr title="2015-10-30T03:11:26+00:00">03:11:26</abbr>] <span>* k3nt (sid19550@gateway/web/irccloud.com/x-ocjfsgxdhwgjzypz) has joined #beaglebone</span></li>
<li class="join">[<a href="#T03:15:44" id="T03:15:44"><abbr title="2015-10-30T03:15:44+00:00">03:15:44</abbr></a>] <span>* kalz (~kalz@2602:fff6:f:1::d979:58e8) has joined #beagle</span></li>
<li class="join">[<a href="#T03:18:45" id="T03:18:45"><abbr title="2015-10-30T03:18:45+00:00">03:18:45</abbr></a>] <span>* nyo (~nyo@host40-192-dynamic.250-95-r.retail.telecomitalia.it) has joined #beagle</span></li>
<li class="join">[<a href="#T03:21:47" id="T03:21:47"><abbr title="2015-10-30T03:21:47+00:00">03:21:47</abbr></a>] <span>* bftm (bftm@2604:180::e9ac:4ce1) has joined #beagle</span></li>
<li class="message">[<a href="#T03:23:52" id="T03:23:52"><abbr title="2015-10-30T03:23:52+00:00">03:23:52</abbr></a>] &lt;<cite>hype444</cite>&gt; <q>I'm getting a lot of input/output errors on my beaglebone black</q></li>
<li class="message">[<a href="#T03:23:56" id="T03:23:56"><abbr title="2015-10-30T03:23:56+00:00">03:23:56</abbr></a>] &lt;<cite>hype444</cite>&gt; <q>[ 3262.057865] mmcblk0: error -110 sending status command, aborting</q></li>
<li class="message">[<a href="#T03:24:01" id="T03:24:01"><abbr title="2015-10-30T03:24:01+00:00">03:24:01</abbr></a>] &lt;<cite>hype444</cite>&gt; <q>[ 3262.064282] end_request: I/O error, dev mmcblk0, sector 797792</q></li>
<li class="message">[<a href="#T03:24:13" id="T03:24:13"><abbr title="2015-10-30T03:24:13+00:00">03:24:13</abbr></a>] &lt;<cite>hype444</cite>&gt; <q>has anybody else encountered this problem?</q></li>
<li class="message">[<a href="#T03:25:03" id="T03:25:03"><abbr title="2015-10-30T03:25:03+00:00">03:25:03</abbr></a>] &lt;<cite>hype444</cite>&gt; <q>or is my disk dying</q></li>
<li class="message">[<a href="#T03:34:45" id="T03:34:45"><abbr title="2015-10-30T03:34:45+00:00">03:34:45</abbr></a>] &lt;<cite>nyt</cite>&gt; <q>looks like bad sd</q></li>
<li class="message">[<a href="#T03:35:35" id="T03:35:35"><abbr title="2015-10-30T03:35:35+00:00">03:35:35</abbr></a>] &lt;<cite>hype444</cite>&gt; <q>yeah unfortunately</q></li>
<li class="message">[<a href="#T03:35:44" id="T03:35:44"><abbr title="2015-10-30T03:35:44+00:00">03:35:44</abbr></a>] &lt;<cite>hype444</cite>&gt; <q>I've only had this one for 3 months...</q></li>
<li class="quit">[<a href="#T04:05:13" id="T04:05:13"><abbr title="2015-10-30T04:05:13+00:00">04:05:13</abbr></a>] <span>* pabb (~pabb@c-24-3-17-199.hsd1.pa.comcast.net) Quit (Ping timeout: 268 seconds)</span></li>
<li class="quit">[<a href="#T04:08:26" id="T04:08:26"><abbr title="2015-10-30T04:08:26+00:00">04:08:26</abbr></a>] <span>* dj_pi (~dj@c-73-191-212-56.hsd1.mi.comcast.net) Quit (Ping timeout: 260 seconds)</span></li>
<li class="quit">[<a href="#T04:09:24" id="T04:09:24"><abbr title="2015-10-30T04:09:24+00:00">04:09:24</abbr></a>] <span>* tema (~tema@178-16-155-142.obit.ru) Quit (Ping timeout: 255 seconds)</span></li>
<li class="quit">[<a href="#T04:20:17" id="T04:20:17"><abbr title="2015-10-30T04:20:17+00:00">04:20:17</abbr></a>] <span>* gustavoz (~gustavoz@186.22.136.136) Quit (Ping timeout: 265 seconds)</span></li>
<li class="quit">[<a href="#T04:30:09" id="T04:30:09"><abbr title="2015-10-30T04:30:09+00:00">04:30:09</abbr></a>] <span>* MichaelLong (~ml@p54907008.dip0.t-ipconnect.de) Quit (Remote host closed the connection)</span></li>
<li class="join">[<a href="#T04:31:15" id="T04:31:15"><abbr title="2015-10-30T04:31:15+00:00">04:31:15</abbr></a>] <span>* MichaelLong (~ml@p54907115.dip0.t-ipconnect.de) has joined #beagle</span></li>
<li class="quit">[<a href="#T04:40:31" id="T04:40:31"><abbr title="2015-10-30T04:40:31+00:00">04:40:31</abbr></a>] <span>* Peuc (~Peuc@96.43.229.65) Quit (Ping timeout: 252 seconds)</span></li>
<li class="quit">[<a href="#T04:59:21" id="T04:59:21"><abbr title="2015-10-30T04:59:21+00:00">04:59:21</abbr></a>] <span>* JetForMe (~JetForMe@c-50-168-55-93.hsd1.ca.comcast.net) Quit (Quit: Linkinus - <a href="http://linkinus.com)">http://linkinus.com)</a></span></li>
<li class="quit">[<a href="#T05:03:25" id="T05:03:25"><abbr title="2015-10-30T05:03:25+00:00">05:03:25</abbr></a>] <span>* KimK (~Kim__@ip68-102-67-135.ks.ok.cox.net) Quit (Ping timeout: 250 seconds)</span></li>
<li class="join">[<a href="#T05:07:30" id="T05:07:30"><abbr title="2015-10-30T05:07:30+00:00">05:07:30</abbr></a>] <span>* sdfgsdfg (~sdfgsdfg@unaffiliated/sdfgsdfg) has joined #beagle</span></li>
<li class="join">[<a href="#T05:26:07" id="T05:26:07"><abbr title="2015-10-30T05:26:07+00:00">05:26:07</abbr></a>] <span>* skhreze (~debian@ip-5-172-247-253.free.aero2.net.pl) has joined #beagle</span></li>
<li class="join">[<a href="#T05:42:50" id="T05:42:50"><abbr title="2015-10-30T05:42:50+00:00">05:42:50</abbr></a>] <span>* haresh (1b743753@gateway/web/freenode/ip.27.116.55.83) has joined #beagle</span></li>
<li class="quit">[<a href="#T05:43:31" id="T05:43:31"><abbr title="2015-10-30T05:43:31+00:00">05:43:31</abbr></a>] <span>* haresh (1b743753@gateway/web/freenode/ip.27.116.55.83) Quit (Client Quit)</span></li>
<li class="join">[<a href="#T05:43:55" id="T05:43:55"><abbr title="2015-10-30T05:43:55+00:00">05:43:55</abbr></a>] <span>* haresh (1b743753@gateway/web/freenode/ip.27.116.55.83) has joined #beagle</span></li>
<li class="quit">[<a href="#T05:46:30" id="T05:46:30"><abbr title="2015-10-30T05:46:30+00:00">05:46:30</abbr></a>] <span>* skhreze (~debian@ip-5-172-247-253.free.aero2.net.pl) Quit (Ping timeout: 240 seconds)</span></li>
<li class="quit">[<a href="#T05:48:38" id="T05:48:38"><abbr title="2015-10-30T05:48:38+00:00">05:48:38</abbr></a>] <span>* haresh (1b743753@gateway/web/freenode/ip.27.116.55.83) Quit (Client Quit)</span></li>
<li class="join">[<a href="#T05:48:58" id="T05:48:58"><abbr title="2015-10-30T05:48:58+00:00">05:48:58</abbr></a>] <span>* haresh (1b743753@gateway/web/freenode/ip.27.116.55.83) has joined #beagle</span></li>
<li class="message">[<a href="#T05:49:37" id="T05:49:37"><abbr title="2015-10-30T05:49:37+00:00">05:49:37</abbr></a>] &lt;<cite>haresh</cite>&gt; <q>how to make beaglebone to appeare as usb composite device??</q></li>
<li class="quit">[<a href="#T05:50:39" id="T05:50:39"><abbr title="2015-10-30T05:50:39+00:00">05:50:39</abbr></a>] <span>* balrog (~balrog@unaffiliated/balrog) Quit (Ping timeout: 255 seconds)</span></li>
<li class="join">[<a href="#T05:52:21" id="T05:52:21"><abbr title="2015-10-30T05:52:21+00:00">05:52:21</abbr></a>] <span>* balrog (~balrog@unaffiliated/balrog) has joined #beagle</span></li>
<li class="join">[<a href="#T05:56:03" id="T05:56:03"><abbr title="2015-10-30T05:56:03+00:00">05:56:03</abbr></a>] <span>* haresh_ (1b743753@gateway/web/freenode/ip.27.116.55.83) has joined #beagle</span></li>
<li class="join">[<a href="#T05:57:58" id="T05:57:58"><abbr title="2015-10-30T05:57:58+00:00">05:57:58</abbr></a>] <span>* schmid (~schmid@2a02:8070:a192:2f00:226:5aff:febc:ce5f) has joined #beagle</span></li>
<li class="quit">[<a href="#T05:59:04" id="T05:59:04"><abbr title="2015-10-30T05:59:04+00:00">05:59:04</abbr></a>] <span>* haresh_ (1b743753@gateway/web/freenode/ip.27.116.55.83) Quit (Client Quit)</span></li>
<li class="join">[<a href="#T06:26:17" id="T06:26:17"><abbr title="2015-10-30T06:26:17+00:00">06:26:17</abbr></a>] <span>* Peuc (~Peuc@96.43.229.65) has joined #beagle</span></li>
<li class="join">[<a href="#T06:34:30" id="T06:34:30"><abbr title="2015-10-30T06:34:30+00:00">06:34:30</abbr></a>] <span>* roric (~roric@h196n19-vrr-a31.ias.bredband.telia.com) has joined #beaglebone</span></li>
<li class="join">[<a href="#T06:34:32" id="T06:34:32"><abbr title="2015-10-30T06:34:32+00:00">06:34:32</abbr></a>] <span>* roric (~roric@h196n19-vrr-a31.ias.bredband.telia.com) has joined #beagleboard</span></li>
<li class="join">[<a href="#T06:37:29" id="T06:37:29"><abbr title="2015-10-30T06:37:29+00:00">06:37:29</abbr></a>] <span>* haresh (1b743753@gateway/web/freenode/ip.27.116.55.83) has joined #beaglebone</span></li>
<li class="message">[<a href="#T06:37:58" id="T06:37:58"><abbr title="2015-10-30T06:37:58+00:00">06:37:58</abbr></a>] &lt;<cite>haresh</cite>&gt; <q> how to make beaglebone to appeare as usb composite device??</q></li>
<li class="join">[<a href="#T06:39:09" id="T06:39:09"><abbr title="2015-10-30T06:39:09+00:00">06:39:09</abbr></a>] <span>* rob_w (~bob@93.104.205.194) has joined #beagle</span></li>
<li class="quit">[<abbr title="2015-10-30T06:39:09+00:00">06:39:09</abbr>] <span>* rob_w (~bob@93.104.205.194) Quit (Changing host)</span></li>
<li class="join">[<abbr title="2015-10-30T06:39:09+00:00">06:39:09</abbr>] <span>* rob_w (~bob@unaffiliated/rob-w/x-1112029) has joined #beagle</span></li>
<li class="quit">[<a href="#T06:48:49" id="T06:48:49"><abbr title="2015-10-30T06:48:49+00:00">06:48:49</abbr></a>] <span>* linkedinyou (~linkediny@unaffiliated/linkedinyou) Quit (Read error: Connection reset by peer)</span></li>
<li class="quit">[<a href="#T06:55:27" id="T06:55:27"><abbr title="2015-10-30T06:55:27+00:00">06:55:27</abbr></a>] <span>* gusnan (~gusnan@unaffiliated/gusnan) Quit (Ping timeout: 256 seconds)</span></li>
<li class="join">[<a href="#T06:57:24" id="T06:57:24"><abbr title="2015-10-30T06:57:24+00:00">06:57:24</abbr></a>] <span>* gusnan (~gusnan@213.112.201.46) has joined #beagle</span></li>
<li class="quit">[<abbr title="2015-10-30T06:57:24+00:00">06:57:24</abbr>] <span>* gusnan (~gusnan@213.112.201.46) Quit (Changing host)</span></li>
<li class="join">[<abbr title="2015-10-30T06:57:24+00:00">06:57:24</abbr>] <span>* gusnan (~gusnan@unaffiliated/gusnan) has joined #beagle</span></li>
<li class="join">[<a href="#T07:04:57" id="T07:04:57"><abbr title="2015-10-30T07:04:57+00:00">07:04:57</abbr></a>] <span>* bearsh|work (~quassel@252.212.107.92.dynamic.wline.res.cust.swisscom.ch) has joined #beagle</span></li>
<li class="join">[<a href="#T07:12:48" id="T07:12:48"><abbr title="2015-10-30T07:12:48+00:00">07:12:48</abbr></a>] <span>* gustavoz (~gustavoz@186.22.136.136) has joined #beagle</span></li>
<li class="join">[<a href="#T07:16:13" id="T07:16:13"><abbr title="2015-10-30T07:16:13+00:00">07:16:13</abbr></a>] <span>* c10ud (~c10ud@emesene/dictator/c10ud) has joined #beagle</span></li>
<li class="join">[<a href="#T07:21:12" id="T07:21:12"><abbr title="2015-10-30T07:21:12+00:00">07:21:12</abbr></a>] <span>* NulL` (~bleh1@217.28.1.2) has joined #beagle</span></li>
<li class="join">[<a href="#T07:33:44" id="T07:33:44"><abbr title="2015-10-30T07:33:44+00:00">07:33:44</abbr></a>] <span>* vmayoral (~vmayoral@88.Red-83-53-125.dynamicIP.rima-tde.net) has joined #beagle</span></li>
<li class="quit">[<a href="#T07:36:04" id="T07:36:04"><abbr title="2015-10-30T07:36:04+00:00">07:36:04</abbr></a>] <span>* kiwichris (~kiwichris@msc1401703.lnk.telstra.net) Quit (Quit: My MacBook Pro has gone to sleep. ZZZzzz…)</span></li>
<li class="quit">[<a href="#T07:38:30" id="T07:38:30"><abbr title="2015-10-30T07:38:30+00:00">07:38:30</abbr></a>] <span>* vmayoral (~vmayoral@88.Red-83-53-125.dynamicIP.rima-tde.net) Quit (Ping timeout: 240 seconds)</span></li>
<li class="quit">[<a href="#T07:44:44" id="T07:44:44"><abbr title="2015-10-30T07:44:44+00:00">07:44:44</abbr></a>] <span>* roric (~roric@h196n19-vrr-a31.ias.bredband.telia.com) Quit (Ping timeout: 265 seconds)</span></li>
<li class="join">[<a href="#T07:52:00" id="T07:52:00"><abbr title="2015-10-30T07:52:00+00:00">07:52:00</abbr></a>] <span>* krajo1 (~krajo1@host146.nwt.cz) has joined #beagle</span></li>
<li class="join">[<a href="#T08:09:53" id="T08:09:53"><abbr title="2015-10-30T08:09:53+00:00">08:09:53</abbr></a>] <span>* Yotson (~Yotson@2001:980:6ac8:1:652f:8dac:74ab:abc) has joined #beagle</span></li>
<li class="join">[<a href="#T08:10:28" id="T08:10:28"><abbr title="2015-10-30T08:10:28+00:00">08:10:28</abbr></a>] <span>* tomeff (~tomeff@ip-89-176-75-234.net.upcbroadband.cz) has joined #beagle</span></li>
<li class="join">[<abbr title="2015-10-30T08:10:28+00:00">08:10:28</abbr>] <span>* tomeff (~tomeff@ip-89-176-75-234.net.upcbroadband.cz) has joined #beagleboard</span></li>
<li class="join">[<abbr title="2015-10-30T08:10:28+00:00">08:10:28</abbr>] <span>* tomeff (~tomeff@ip-89-176-75-234.net.upcbroadband.cz) has joined #beaglebone</span></li>
<li class="join">[<a href="#T08:11:56" id="T08:11:56"><abbr title="2015-10-30T08:11:56+00:00">08:11:56</abbr></a>] <span>* kiwichris (~kiwichris@CPE-60-225-146-35.hhui6.ken.bigpond.net.au) has joined #beagle</span></li>
<li class="quit">[<a href="#T08:12:27" id="T08:12:27"><abbr title="2015-10-30T08:12:27+00:00">08:12:27</abbr></a>] <span>* krajo1 (~krajo1@host146.nwt.cz) Quit (Quit: Konversation terminated!)</span></li>
<li class="join">[<a href="#T08:13:10" id="T08:13:10"><abbr title="2015-10-30T08:13:10+00:00">08:13:10</abbr></a>] <span>* Mounicq1 (~Thunderbi@130.230.21.109.rev.sfr.net) has joined #beagle</span></li>
<li class="quit">[<a href="#T08:22:22" id="T08:22:22"><abbr title="2015-10-30T08:22:22+00:00">08:22:22</abbr></a>] <span>* NulL` (~bleh1@217.28.1.2) Quit (Ping timeout: 268 seconds)</span></li>
<li class="join">[<a href="#T08:27:09" id="T08:27:09"><abbr title="2015-10-30T08:27:09+00:00">08:27:09</abbr></a>] <span>* jpirko (~jirka@ip-94-113-120-24.net.upcbroadband.cz) has joined #beagle</span></li>
<li class="quit">[<a href="#T08:27:25" id="T08:27:25"><abbr title="2015-10-30T08:27:25+00:00">08:27:25</abbr></a>] <span>* Ceriand|desktop (~Ceriand@unaffiliated/ceriand) Quit (Quit: Leaving.)</span></li>
<li class="join">[<a href="#T08:36:24" id="T08:36:24"><abbr title="2015-10-30T08:36:24+00:00">08:36:24</abbr></a>] <span>* florian (~fuchs@Maemo/community/contributor/florian) has joined #beagle</span></li>
<li class="quit">[<a href="#T08:37:07" id="T08:37:07"><abbr title="2015-10-30T08:37:07+00:00">08:37:07</abbr></a>] <span>* c10ud (~c10ud@emesene/dictator/c10ud) Quit (Remote host closed the connection)</span></li>
<li class="join">[<a href="#T08:37:45" id="T08:37:45"><abbr title="2015-10-30T08:37:45+00:00">08:37:45</abbr></a>] <span>* c10ud (~c10ud@emesene/dictator/c10ud) has joined #beagle</span></li>
<li class="join">[<a href="#T08:41:19" id="T08:41:19"><abbr title="2015-10-30T08:41:19+00:00">08:41:19</abbr></a>] <span>* dwery (~dwery@nslu2-linux/dwery) has joined #beagle</span></li>
<li class="join">[<a href="#T08:43:27" id="T08:43:27"><abbr title="2015-10-30T08:43:27+00:00">08:43:27</abbr></a>] <span>* stamina (~stamina@177-211-128-083.dynamic.caiway.nl) has joined #beaglebone</span></li>
<li class="join">[<a href="#T08:47:28" id="T08:47:28"><abbr title="2015-10-30T08:47:28+00:00">08:47:28</abbr></a>] <span>* ppisati (~ppisati@2-230-238-136.ip204.fastwebnet.it) has joined #beagle</span></li>
<li class="join">[<a href="#T08:50:13" id="T08:50:13"><abbr title="2015-10-30T08:50:13+00:00">08:50:13</abbr></a>] <span>* Akex_ (uid58281@gateway/web/irccloud.com/x-rjzffpjpmgblpwcs) has joined #beagle</span></li>
<li class="join">[<a href="#T08:56:11" id="T08:56:11"><abbr title="2015-10-30T08:56:11+00:00">08:56:11</abbr></a>] <span>* vmayoral (~vmayoral@88.Red-83-53-125.dynamicIP.rima-tde.net) has joined #beagle</span></li>
<li class="quit">[<a href="#T08:58:03" id="T08:58:03"><abbr title="2015-10-30T08:58:03+00:00">08:58:03</abbr></a>] <span>* kayfox (~kayfox@orca.zerda.net) Quit (Read error: Connection reset by peer)</span></li>
<li class="join">[<a href="#T09:06:16" id="T09:06:16"><abbr title="2015-10-30T09:06:16+00:00">09:06:16</abbr></a>] <span>* kayatwork (~kayfox@orca.zerda.net) has joined #beagle</span></li>
<li class="quit">[<a href="#T09:06:55" id="T09:06:55"><abbr title="2015-10-30T09:06:55+00:00">09:06:55</abbr></a>] <span>* kayatwork (~kayfox@orca.zerda.net) Quit (Read error: Connection reset by peer)</span></li>
<li class="join">[<a href="#T09:07:49" id="T09:07:49"><abbr title="2015-10-30T09:07:49+00:00">09:07:49</abbr></a>] <span>* kayatwork (~kayfox@orca.zerda.net) has joined #beagle</span></li>
<li class="quit">[<a href="#T09:12:36" id="T09:12:36"><abbr title="2015-10-30T09:12:36+00:00">09:12:36</abbr></a>] <span>* vmayoral (~vmayoral@88.Red-83-53-125.dynamicIP.rima-tde.net) Quit (Remote host closed the connection)</span></li>
<li class="quit">[<a href="#T09:16:59" id="T09:16:59"><abbr title="2015-10-30T09:16:59+00:00">09:16:59</abbr></a>] <span>* stamina (~stamina@177-211-128-083.dynamic.caiway.nl) Quit (Ping timeout: 264 seconds)</span></li>
<li class="quit">[<a href="#T09:17:18" id="T09:17:18"><abbr title="2015-10-30T09:17:18+00:00">09:17:18</abbr></a>] <span>* Shadyman (~matthew@unaffiliated/shadyman) Quit (Quit: Leaving.)</span></li>
<li class="join">[<a href="#T09:20:01" id="T09:20:01"><abbr title="2015-10-30T09:20:01+00:00">09:20:01</abbr></a>] <span>* vmayoral (~vmayoral@88.Red-83-53-125.dynamicIP.rima-tde.net) has joined #beagle</span></li>
<li class="quit">[<a href="#T09:36:16" id="T09:36:16"><abbr title="2015-10-30T09:36:16+00:00">09:36:16</abbr></a>] <span>* vmayoral (~vmayoral@88.Red-83-53-125.dynamicIP.rima-tde.net) Quit (Remote host closed the connection)</span></li>
<li class="join">[<a href="#T09:38:48" id="T09:38:48"><abbr title="2015-10-30T09:38:48+00:00">09:38:48</abbr></a>] <span>* Lajgaard (c026210e@gateway/web/freenode/ip.192.38.33.14) has joined #beagle</span></li>
<li class="message">[<abbr title="2015-10-30T09:38:48+00:00">09:38:48</abbr>] &lt;<cite>Lajgaard</cite>&gt; <q>Hi</q></li>
<li class="message">[<a href="#T09:39:16" id="T09:39:16"><abbr title="2015-10-30T09:39:16+00:00">09:39:16</abbr></a>] &lt;<cite>Lajgaard</cite>&gt; <q>did anyone get it working on a Mac OS x El  Captian</q></li>
<li class="quit">[<a href="#T09:40:11" id="T09:40:11"><abbr title="2015-10-30T09:40:11+00:00">09:40:11</abbr></a>] <span>* Lajgaard (c026210e@gateway/web/freenode/ip.192.38.33.14) Quit (Client Quit)</span></li>
<li class="message">[<a href="#T09:45:59" id="T09:45:59"><abbr title="2015-10-30T09:45:59+00:00">09:45:59</abbr></a>] &lt;<cite>tbr</cite>&gt; <q>IT!</q></li>
<li class="join">[<a href="#T09:46:56" id="T09:46:56"><abbr title="2015-10-30T09:46:56+00:00">09:46:56</abbr></a>] <span>* vmayoral (~vmayoral@88.Red-83-53-125.dynamicIP.rima-tde.net) has joined #beagle</span></li>
<li class="message">[<a href="#T10:03:39" id="T10:03:39"><abbr title="2015-10-30T10:03:39+00:00">10:03:39</abbr></a>] &lt;<cite>zmatt</cite>&gt; <q>he meant "did anyone build a kernel/image yet with CDC-EEM enabled instead of RNDIS?"</q></li>
<li class="quit">[<a href="#T10:12:18" id="T10:12:18"><abbr title="2015-10-30T10:12:18+00:00">10:12:18</abbr></a>] <span>* jzaw (~jzaw@loki.dzki.co.uk) Quit (Quit: time to go now)</span></li>
<li class="quit">[<a href="#T10:12:49" id="T10:12:49"><abbr title="2015-10-30T10:12:49+00:00">10:12:49</abbr></a>] <span>* vmayoral (~vmayoral@88.Red-83-53-125.dynamicIP.rima-tde.net) Quit (Remote host closed the connection)</span></li>
<li class="quit">[<a href="#T10:22:00" id="T10:22:00"><abbr title="2015-10-30T10:22:00+00:00">10:22:00</abbr></a>] <span>* contempt (contempt@unaffiliated/contempt) Quit (Ping timeout: 268 seconds)</span></li>
<li class="join">[<a href="#T10:23:33" id="T10:23:33"><abbr title="2015-10-30T10:23:33+00:00">10:23:33</abbr></a>] <span>* contempt (contempt@unaffiliated/contempt) has joined #beagleboard</span></li>
<li class="join">[<abbr title="2015-10-30T10:23:33+00:00">10:23:33</abbr>] <span>* contempt (contempt@unaffiliated/contempt) has joined #beagle</span></li>
<li class="message">[<a href="#T10:24:45" id="T10:24:45"><abbr title="2015-10-30T10:24:45+00:00">10:24:45</abbr></a>] &lt;<cite>Spidler</cite>&gt; <q>zmatt: register interfaces are awesome at sucking donkeyballs</q></li>
<li class="join">[<a href="#T10:28:49" id="T10:28:49"><abbr title="2015-10-30T10:28:49+00:00">10:28:49</abbr></a>] <span>* vmayoral (~vmayoral@88.Red-83-53-125.dynamicIP.rima-tde.net) has joined #beagle</span></li>
<li class="join">[<a href="#T10:28:56" id="T10:28:56"><abbr title="2015-10-30T10:28:56+00:00">10:28:56</abbr></a>] <span>* jzaw (~jzaw@loki.dzki.co.uk) has joined #beagle</span></li>
<li class="quit">[<a href="#T10:33:22" id="T10:33:22"><abbr title="2015-10-30T10:33:22+00:00">10:33:22</abbr></a>] <span>* vmayoral (~vmayoral@88.Red-83-53-125.dynamicIP.rima-tde.net) Quit (Remote host closed the connection)</span></li>
<li class="join">[<a href="#T10:33:36" id="T10:33:36"><abbr title="2015-10-30T10:33:36+00:00">10:33:36</abbr></a>] <span>* vmayoral (~vmayoral@88.Red-83-53-125.dynamicIP.rima-tde.net) has joined #beagle</span></li>
<li class="join">[<a href="#T10:34:55" id="T10:34:55"><abbr title="2015-10-30T10:34:55+00:00">10:34:55</abbr></a>] <span>* firemanxbr (~firemanxb@177.66.5.244) has joined #beagle</span></li>
<li class="quit">[<a href="#T10:51:19" id="T10:51:19"><abbr title="2015-10-30T10:51:19+00:00">10:51:19</abbr></a>] <span>* ogra_ (~ogra_@p5098ed03.dip0.t-ipconnect.de) Quit (Ping timeout: 240 seconds)</span></li>
<li class="join">[<a href="#T10:52:11" id="T10:52:11"><abbr title="2015-10-30T10:52:11+00:00">10:52:11</abbr></a>] <span>* ogra_ (~ogra_@p5098ed03.dip0.t-ipconnect.de) has joined #beagle</span></li>
<li class="message">[<a href="#T10:57:03" id="T10:57:03"><abbr title="2015-10-30T10:57:03+00:00">10:57:03</abbr></a>] &lt;<cite>zmatt</cite>&gt; <q>hehe</q></li>
<li class="message">[<a href="#T10:58:02" id="T10:58:02"><abbr title="2015-10-30T10:58:02+00:00">10:58:02</abbr></a>] &lt;<cite>zmatt</cite>&gt; <q>I really love it when they take an 8- or 16-bit interface and then wire it onto a 32-bit bus, turning the upper halves into unused zeros</q></li>
<li class="message">[<a href="#T10:58:38" id="T10:58:38"><abbr title="2015-10-30T10:58:38+00:00">10:58:38</abbr></a>] &lt;<cite>zmatt</cite>&gt; <q>especially if the original interface contained 32-bit registers (now split into two halves across two 32-bit registers) and both original and new interface are fully byte-addressable</q></li>
<li class="message">[<a href="#T10:58:45" id="T10:58:45"><abbr title="2015-10-30T10:58:45+00:00">10:58:45</abbr></a>] &lt;<cite>zmatt</cite>&gt; <q>-.-</q></li>
<li class="action">[<a href="#T10:58:55" id="T10:58:55"><abbr title="2015-10-30T10:58:55+00:00">10:58:55</abbr></a>] <span>* zmatt pees on the I2C peripheral</span></li>
<li class="quit">[<a href="#T10:59:13" id="T10:59:13"><abbr title="2015-10-30T10:59:13+00:00">10:59:13</abbr></a>] <span>* firemanxbr (~firemanxb@177.66.5.244) Quit (Quit: Leaving)</span></li>
<li class="message">[<a href="#T10:59:27" id="T10:59:27"><abbr title="2015-10-30T10:59:27+00:00">10:59:27</abbr></a>] &lt;<cite>zmatt</cite>&gt; <q>then again the I2C peripheral is special anyway (special in the "dropped on the head as a baby" sense of the word)</q></li>
<li class="message">[<a href="#T10:59:46" id="T10:59:46"><abbr title="2015-10-30T10:59:46+00:00">10:59:46</abbr></a>] &lt;<cite>_av500_</cite>&gt; <q>bitbang i2c like normal people!</q></li>
<li class="message">[<a href="#T11:00:29" id="T11:00:29"><abbr title="2015-10-30T11:00:29+00:00">11:00:29</abbr></a>] &lt;<cite>zmatt</cite>&gt; <q>_av500_: that's also not trivial to get genuinely right, but yes bitbanging is actually often a good alternative</q></li>
<li class="message">[<a href="#T11:00:50" id="T11:00:50"><abbr title="2015-10-30T11:00:50+00:00">11:00:50</abbr></a>] &lt;<cite>_av500_</cite>&gt; <q>zmatt: everybody needs to run into i2c clockstretching once in his life</q></li>
<li class="message">[<a href="#T11:01:19" id="T11:01:19"><abbr title="2015-10-30T11:01:19+00:00">11:01:19</abbr></a>] &lt;<cite>zmatt</cite>&gt; <q>preferably not on an rpi though, since its i2c controller causes random data corruption if a slave dares to use clock stretching</q></li>
<li class="message">[<a href="#T11:01:25" id="T11:01:25"><abbr title="2015-10-30T11:01:25+00:00">11:01:25</abbr></a>] &lt;<cite>_av500_</cite>&gt; <q>lol</q></li>
<li class="join">[<a href="#T11:01:39" id="T11:01:39"><abbr title="2015-10-30T11:01:39+00:00">11:01:39</abbr></a>] <span>* firemanxbr (~firemanxb@177.66.5.244) has joined #beagle</span></li>
<li class="message">[<a href="#T11:01:42" id="T11:01:42"><abbr title="2015-10-30T11:01:42+00:00">11:01:42</abbr></a>] &lt;<cite>_av500_</cite>&gt; <q>zmatt: but thats the reason why one usually gives up on  the builtin I2C</q></li>
<li class="message">[<a href="#T11:02:01" id="T11:02:01"><abbr title="2015-10-30T11:02:01+00:00">11:02:01</abbr></a>] &lt;<cite>jacekowski</cite>&gt; <q>is it really that bad?</q></li>
<li class="message">[<a href="#T11:02:18" id="T11:02:18"><abbr title="2015-10-30T11:02:18+00:00">11:02:18</abbr></a>] &lt;<cite>zmatt</cite>&gt; <q>originally we had a board with a TI SoC on the main board and an STM uC on the aux board</q></li>
<li class="message">[<a href="#T11:02:51" id="T11:02:51"><abbr title="2015-10-30T11:02:51+00:00">11:02:51</abbr></a>] &lt;<cite>zmatt</cite>&gt; <q>I2C connected across so both processors could access all peripherals (since both were multi-master capable) and in principle also communicate with each other</q></li>
<li class="message">[<a href="#T11:03:41" id="T11:03:41"><abbr title="2015-10-30T11:03:41+00:00">11:03:41</abbr></a>] &lt;<cite>zmatt</cite>&gt; <q>I actually ended up writing an I2C debugger on the STM (using gpio) that used clock stretching to allow you to single-step through an I2C transaction bit by bit, so I could check wtf the TI I2C controller was doing</q></li>
<li class="message">[<a href="#T11:04:32" id="T11:04:32"><abbr title="2015-10-30T11:04:32+00:00">11:04:32</abbr></a>] &lt;<cite>zmatt</cite>&gt; <q>eventually I asked the hw guys to cut the traces and have the TI and STM each manage their own peripherals only, since it became clear there was no way in hell multimaster operation was ever going to work reliable</q></li>
<li class="quit">[<a href="#T11:04:42" id="T11:04:42"><abbr title="2015-10-30T11:04:42+00:00">11:04:42</abbr></a>] <span>* firemanxbr (~firemanxb@177.66.5.244) Quit (Remote host closed the connection)</span></li>
<li class="message">[<a href="#T11:04:47" id="T11:04:47"><abbr title="2015-10-30T11:04:47+00:00">11:04:47</abbr></a>] &lt;<cite>zmatt</cite>&gt; <q>jacekowski: yes it is</q></li>
<li class="message">[<a href="#T11:05:22" id="T11:05:22"><abbr title="2015-10-30T11:05:22+00:00">11:05:22</abbr></a>] &lt;<cite>jacekowski</cite>&gt; <q>so, to sum it, up, USB is shit and I2C is shit?</q></li>
<li class="message">[<a href="#T11:05:25" id="T11:05:25"><abbr title="2015-10-30T11:05:25+00:00">11:05:25</abbr></a>] &lt;<cite>jacekowski</cite>&gt; <q>on rpi</q></li>
<li class="message">[<a href="#T11:05:52" id="T11:05:52"><abbr title="2015-10-30T11:05:52+00:00">11:05:52</abbr></a>] &lt;<cite>philenotfound</cite>&gt; <q>Also, most I2C controllers don't support DST on their clocks</q></li>
<li class="message">[<a href="#T11:06:30" id="T11:06:30"><abbr title="2015-10-30T11:06:30+00:00">11:06:30</abbr></a>] &lt;<cite>zmatt</cite>&gt; <q>USB is shit in general, I2C could be okay (although there are some unsufficiently well-known caveats with multimaster operation) but fucking up I2C controllers appears to be a popular hobby of chip designers</q></li>
<li class="message">[<a href="#T11:06:40" id="T11:06:40"><abbr title="2015-10-30T11:06:40+00:00">11:06:40</abbr></a>] &lt;<cite>zmatt</cite>&gt; <q>broadcom fucked it up bigtime</q></li>
<li class="message">[<a href="#T11:06:44" id="T11:06:44"><abbr title="2015-10-30T11:06:44+00:00">11:06:44</abbr></a>] &lt;<cite>zmatt</cite>&gt; <q>STM's is buggy as shit</q></li>
<li class="message">[<a href="#T11:06:48" id="T11:06:48"><abbr title="2015-10-30T11:06:48+00:00">11:06:48</abbr></a>] &lt;<cite>zmatt</cite>&gt; <q>TI's is buggy as shit</q></li>
<li class="message">[<a href="#T11:07:05" id="T11:07:05"><abbr title="2015-10-30T11:07:05+00:00">11:07:05</abbr></a>] &lt;<cite>tbr</cite>&gt; <q>== sh*t²</q></li>
<li class="message">[<a href="#T11:07:28" id="T11:07:28"><abbr title="2015-10-30T11:07:28+00:00">11:07:28</abbr></a>] &lt;<cite>zmatt</cite>&gt; <q>basically, I2C is inherently very much asynchronous, and in chip design world that's a dirty word</q></li>
<li class="message">[<a href="#T11:07:33" id="T11:07:33"><abbr title="2015-10-30T11:07:33+00:00">11:07:33</abbr></a>] &lt;<cite>_av500_</cite>&gt; <q>zmatt: I remember doing bitband on davinci/omap3 for some reasons</q></li>
<li class="message">[<a href="#T11:07:39" id="T11:07:39"><abbr title="2015-10-30T11:07:39+00:00">11:07:39</abbr></a>] &lt;<cite>_av500_</cite>&gt; <q>bang*</q></li>
<li class="message">[<a href="#T11:08:24" id="T11:08:24"><abbr title="2015-10-30T11:08:24+00:00">11:08:24</abbr></a>] &lt;<cite>zmatt</cite>&gt; <q>_av500_: the TI I2C controller can work okay in master mode, as long as keep it in reset until you need to perform a transaction and put it back into reset afterwards</q></li>
<li class="message">[<a href="#T11:08:32" id="T11:08:32"><abbr title="2015-10-30T11:08:32+00:00">11:08:32</abbr></a>] &lt;<cite>zmatt</cite>&gt; <q>(needless to say, forget about multimaster)</q></li>
<li class="message">[<a href="#T11:09:40" id="T11:09:40"><abbr title="2015-10-30T11:09:40+00:00">11:09:40</abbr></a>] &lt;<cite>zmatt</cite>&gt; <q>and you need some code that manually deals with a stuck bus</q></li>
<li class="message">[<a href="#T11:09:58" id="T11:09:58"><abbr title="2015-10-30T11:09:58+00:00">11:09:58</abbr></a>] &lt;<cite>zmatt</cite>&gt; <q>e.g. after reset (when there are reset-insensitive devices on the bus, which is common)</q></li>
<li class="join">[<a href="#T11:10:39" id="T11:10:39"><abbr title="2015-10-30T11:10:39+00:00">11:10:39</abbr></a>] <span>* tema (~tema@ppp89-110-0-116.pppoe.avangarddsl.ru) has joined #beagle</span></li>
<li class="message">[<a href="#T11:10:50" id="T11:10:50"><abbr title="2015-10-30T11:10:50+00:00">11:10:50</abbr></a>] &lt;<cite>zmatt</cite>&gt; <q>the behaviour of its registers and irqs is very underdocumented though</q></li>
<li class="message">[<a href="#T11:11:08" id="T11:11:08"><abbr title="2015-10-30T11:11:08+00:00">11:11:08</abbr></a>] &lt;<cite>zmatt</cite>&gt; <q>in particular, its irq register look Highlander-compliant at first sight</q></li>
<li class="message">[<a href="#T11:11:12" id="T11:11:12"><abbr title="2015-10-30T11:11:12+00:00">11:11:12</abbr></a>] &lt;<cite>zmatt</cite>&gt; <q>they aren't.</q></li>
<li class="message">[<a href="#T11:13:13" id="T11:13:13"><abbr title="2015-10-30T11:13:13+00:00">11:13:13</abbr></a>] &lt;<cite>zmatt</cite>&gt; <q>in addition to the well known event/edge (requires manual clear, can be manually set) and level (no set/clear, directly corresponds to a status signal), it also invented:</q></li>
<li class="message">[<a href="#T11:13:42" id="T11:13:42"><abbr title="2015-10-30T11:13:42+00:00">11:13:42</abbr></a>] &lt;<cite>zmatt</cite>&gt; <q>sticky level: like level, but needs manual clear anyway (but that's only possible once the level input has deasserted)</q></li>
<li class="message">[<a href="#T11:14:17" id="T11:14:17"><abbr title="2015-10-30T11:14:17+00:00">11:14:17</abbr></a>] &lt;<cite>zmatt</cite>&gt; <q>event that is occasionally also cleared by the peripheral itself</q></li>
<li class="message">[<a href="#T11:14:21" id="T11:14:21"><abbr title="2015-10-30T11:14:21+00:00">11:14:21</abbr></a>] &lt;<cite>zmatt</cite>&gt; <q>(but not always)</q></li>
<li class="message">[<a href="#T11:15:08" id="T11:15:08"><abbr title="2015-10-30T11:15:08+00:00">11:15:08</abbr></a>] &lt;<cite>zmatt</cite>&gt; <q>some bits that are either event or level, depending on circumstances such as which transaction phase you're in</q></li>
<li class="message">[<a href="#T11:15:49" id="T11:15:49"><abbr title="2015-10-30T11:15:49+00:00">11:15:49</abbr></a>] &lt;<cite>zmatt</cite>&gt; <q>and best of all, a level irq that also has a sticky version, and which one is visible in the irq status register depends on whether the irq is enabled or not</q></li>
<li class="message">[<a href="#T11:17:08" id="T11:17:08"><abbr title="2015-10-30T11:17:08+00:00">11:17:08</abbr></a>] &lt;<cite>zmatt</cite>&gt; <q>so you need to clear those before enabling, even if they don't seem to be asserted, since upon enabling the sticky version will show up again which may in fact still be asserted otherwise</q></li>
<li class="message">[<a href="#T11:17:20" id="T11:17:20"><abbr title="2015-10-30T11:17:20+00:00">11:17:20</abbr></a>] &lt;<cite>zmatt</cite>&gt; <q>nicely done</q></li>
<li class="message">[<a href="#T11:18:22" id="T11:18:22"><abbr title="2015-10-30T11:18:22+00:00">11:18:22</abbr></a>] &lt;<cite>zmatt</cite>&gt; <q>anyway, afk for a bit, heading to work</q></li>
<li class="quit">[<a href="#T11:24:17" id="T11:24:17"><abbr title="2015-10-30T11:24:17+00:00">11:24:17</abbr></a>] <span>* kiwichris (~kiwichris@CPE-60-225-146-35.hhui6.ken.bigpond.net.au) Quit (Quit: My MacBook Pro has gone to sleep. ZZZzzz…)</span></li>
<li class="join">[<a href="#T11:26:07" id="T11:26:07"><abbr title="2015-10-30T11:26:07+00:00">11:26:07</abbr></a>] <span>* kiwichris (~kiwichris@CPE-60-225-146-35.hhui6.ken.bigpond.net.au) has joined #beagle</span></li>
<li class="quit">[<a href="#T11:31:17" id="T11:31:17"><abbr title="2015-10-30T11:31:17+00:00">11:31:17</abbr></a>] <span>* kiwichris (~kiwichris@CPE-60-225-146-35.hhui6.ken.bigpond.net.au) Quit (Quit: My MacBook Pro has gone to sleep. ZZZzzz…)</span></li>
<li class="join">[<a href="#T11:31:44" id="T11:31:44"><abbr title="2015-10-30T11:31:44+00:00">11:31:44</abbr></a>] <span>* kiwichris (~kiwichris@CPE-60-225-146-35.hhui6.ken.bigpond.net.au) has joined #beagle</span></li>
<li class="quit">[<a href="#T11:35:57" id="T11:35:57"><abbr title="2015-10-30T11:35:57+00:00">11:35:57</abbr></a>] <span>* gustavoz (~gustavoz@186.22.136.136) Quit (Ping timeout: 256 seconds)</span></li>
<li class="join">[<a href="#T11:38:13" id="T11:38:13"><abbr title="2015-10-30T11:38:13+00:00">11:38:13</abbr></a>] <span>* dj_pi (~dj@c-73-191-212-56.hsd1.mi.comcast.net) has joined #beagle</span></li>
<li class="quit">[<a href="#T11:38:34" id="T11:38:34"><abbr title="2015-10-30T11:38:34+00:00">11:38:34</abbr></a>] <span>* eyck (~eyck@u28n61.nowanet.pl) Quit (Quit: leaving)</span></li>
<li class="join">[<a href="#T11:38:52" id="T11:38:52"><abbr title="2015-10-30T11:38:52+00:00">11:38:52</abbr></a>] <span>* firemanxbr (~firemanxb@177.66.5.244) has joined #beagle</span></li>
<li class="join">[<a href="#T11:38:57" id="T11:38:57"><abbr title="2015-10-30T11:38:57+00:00">11:38:57</abbr></a>] <span>* eyck (~eyck@u28n61.nowanet.pl) has joined #beagle</span></li>
<li class="quit">[<a href="#T11:45:06" id="T11:45:06"><abbr title="2015-10-30T11:45:06+00:00">11:45:06</abbr></a>] <span>* citylight2 (~me@84.111.153.0) Quit (Ping timeout: 240 seconds)</span></li>
<li class="join">[<a href="#T11:50:03" id="T11:50:03"><abbr title="2015-10-30T11:50:03+00:00">11:50:03</abbr></a>] <span>* gustavoz (~gustavoz@186.22.136.136) has joined #beagle</span></li>
<li class="quit">[<a href="#T11:59:26" id="T11:59:26"><abbr title="2015-10-30T11:59:26+00:00">11:59:26</abbr></a>] <span>* vmayoral (~vmayoral@88.Red-83-53-125.dynamicIP.rima-tde.net) Quit (Remote host closed the connection)</span></li>
<li class="quit">[<a href="#T12:02:00" id="T12:02:00"><abbr title="2015-10-30T12:02:00+00:00">12:02:00</abbr></a>] <span>* haresh (1b743753@gateway/web/freenode/ip.27.116.55.83) Quit (Ping timeout: 246 seconds)</span></li>
<li class="quit">[<a href="#T12:02:30" id="T12:02:30"><abbr title="2015-10-30T12:02:30+00:00">12:02:30</abbr></a>] <span>* dj_pi (~dj@c-73-191-212-56.hsd1.mi.comcast.net) Quit (Ping timeout: 240 seconds)</span></li>
<li class="join">[<a href="#T12:08:15" id="T12:08:15"><abbr title="2015-10-30T12:08:15+00:00">12:08:15</abbr></a>] <span>* linkedinyou (~linkediny@unaffiliated/linkedinyou) has joined #beagle</span></li>
<li class="join">[<abbr title="2015-10-30T12:08:15+00:00">12:08:15</abbr>] <span>* linkedinyou (~linkediny@unaffiliated/linkedinyou) has joined #beaglebone</span></li>
<li class="join">[<a href="#T12:18:55" id="T12:18:55"><abbr title="2015-10-30T12:18:55+00:00">12:18:55</abbr></a>] <span>* RoyBellingan (~roy@195.189.129.21) has joined #beagle</span></li>
<li class="quit">[<a href="#T12:21:07" id="T12:21:07"><abbr title="2015-10-30T12:21:07+00:00">12:21:07</abbr></a>] <span>* tema (~tema@ppp89-110-0-116.pppoe.avangarddsl.ru) Quit (Remote host closed the connection)</span></li>
<li class="join">[<a href="#T12:22:11" id="T12:22:11"><abbr title="2015-10-30T12:22:11+00:00">12:22:11</abbr></a>] <span>* kunalg (~kunalg@14.139.160.225) has joined #beagle</span></li>
<li class="quit">[<a href="#T12:35:24" id="T12:35:24"><abbr title="2015-10-30T12:35:24+00:00">12:35:24</abbr></a>] <span>* Mounicq1 (~Thunderbi@130.230.21.109.rev.sfr.net) Quit (Remote host closed the connection)</span></li>
<li class="quit">[<a href="#T12:35:42" id="T12:35:42"><abbr title="2015-10-30T12:35:42+00:00">12:35:42</abbr></a>] <span>* mythos (~mythos@unaffiliated/mythos) Quit (Ping timeout: 260 seconds)</span></li>
<li class="quit">[<a href="#T12:57:03" id="T12:57:03"><abbr title="2015-10-30T12:57:03+00:00">12:57:03</abbr></a>] <span>* schmid (~schmid@2a02:8070:a192:2f00:226:5aff:febc:ce5f) Quit (Remote host closed the connection)</span></li>
<li class="join">[<a href="#T12:57:48" id="T12:57:48"><abbr title="2015-10-30T12:57:48+00:00">12:57:48</abbr></a>] <span>* dj_pi (~dj@c-73-191-212-56.hsd1.mi.comcast.net) has joined #beagle</span></li>
<li class="join">[<a href="#T12:57:58" id="T12:57:58"><abbr title="2015-10-30T12:57:58+00:00">12:57:58</abbr></a>] <span>* vmayoral (~vmayoral@88.Red-83-53-125.dynamicIP.rima-tde.net) has joined #beagle</span></li>
<li class="quit">[<a href="#T12:59:12" id="T12:59:12"><abbr title="2015-10-30T12:59:12+00:00">12:59:12</abbr></a>] <span>* vmayoral (~vmayoral@88.Red-83-53-125.dynamicIP.rima-tde.net) Quit (Remote host closed the connection)</span></li>
<li class="join">[<a href="#T12:59:29" id="T12:59:29"><abbr title="2015-10-30T12:59:29+00:00">12:59:29</abbr></a>] <span>* vmayoral (~vmayoral@88.Red-83-53-125.dynamicIP.rima-tde.net) has joined #beagle</span></li>
<li class="join">[<a href="#T13:10:36" id="T13:10:36"><abbr title="2015-10-30T13:10:36+00:00">13:10:36</abbr></a>] <span>* webdaford (~daford@ool-457897a5.dyn.optonline.net) has joined #beagle</span></li>
<li class="join">[<a href="#T13:22:19" id="T13:22:19"><abbr title="2015-10-30T13:22:19+00:00">13:22:19</abbr></a>] <span>* mythos (~mythos@unaffiliated/mythos) has joined #beagle</span></li>
<li class="join">[<a href="#T13:27:13" id="T13:27:13"><abbr title="2015-10-30T13:27:13+00:00">13:27:13</abbr></a>] <span>* mrjazzcat (~mrjazzcat@c-50-134-253-3.hsd1.co.comcast.net) has joined #beagle</span></li>
<li class="join">[<a href="#T13:30:26" id="T13:30:26"><abbr title="2015-10-30T13:30:26+00:00">13:30:26</abbr></a>] <span>* bostondriver (~mcambria@68.128.155.223) has joined #beagle</span></li>
<li class="quit">[<a href="#T13:37:18" id="T13:37:18"><abbr title="2015-10-30T13:37:18+00:00">13:37:18</abbr></a>] <span>* tomeff (~tomeff@ip-89-176-75-234.net.upcbroadband.cz) Quit (Ping timeout: 260 seconds)</span></li>
<li class="quit">[<a href="#T13:52:58" id="T13:52:58"><abbr title="2015-10-30T13:52:58+00:00">13:52:58</abbr></a>] <span>* contempt (contempt@unaffiliated/contempt) Quit (Read error: Connection reset by peer)</span></li>
<li class="quit">[<a href="#T13:56:54" id="T13:56:54"><abbr title="2015-10-30T13:56:54+00:00">13:56:54</abbr></a>] <span>* dgerlach1 (dgerlach@nat/ti/x-hwtzsjysbpofcmbl) Quit (Quit: Leaving.)</span></li>
<li class="quit">[<a href="#T13:58:00" id="T13:58:00"><abbr title="2015-10-30T13:58:00+00:00">13:58:00</abbr></a>] <span>* kunalg (~kunalg@14.139.160.225) Quit (Quit: kunalg)</span></li>
<li class="join">[<a href="#T13:59:11" id="T13:59:11"><abbr title="2015-10-30T13:59:11+00:00">13:59:11</abbr></a>] <span>* nerienna (~nerienna@p5498E472.dip0.t-ipconnect.de) has joined #beagle</span></li>
<li class="join">[<a href="#T14:00:03" id="T14:00:03"><abbr title="2015-10-30T14:00:03+00:00">14:00:03</abbr></a>] <span>* dgerlach1 (dgerlach@nat/ti/x-hlzpvrhviqslchir) has joined #beagle</span></li>
<li class="quit">[<a href="#T14:03:47" id="T14:03:47"><abbr title="2015-10-30T14:03:47+00:00">14:03:47</abbr></a>] <span>* dgerlach1 (dgerlach@nat/ti/x-hlzpvrhviqslchir) Quit (Client Quit)</span></li>
<li class="join">[<a href="#T14:06:05" id="T14:06:05"><abbr title="2015-10-30T14:06:05+00:00">14:06:05</abbr></a>] <span>* contempt (contempt@unaffiliated/contempt) has joined #beagleboard</span></li>
<li class="join">[<abbr title="2015-10-30T14:06:05+00:00">14:06:05</abbr>] <span>* contempt (contempt@unaffiliated/contempt) has joined #beagle</span></li>
<li class="quit">[<a href="#T14:07:14" id="T14:07:14"><abbr title="2015-10-30T14:07:14+00:00">14:07:14</abbr></a>] <span>* rob_w (~bob@unaffiliated/rob-w/x-1112029) Quit (Remote host closed the connection)</span></li>
<li class="join">[<a href="#T14:27:04" id="T14:27:04"><abbr title="2015-10-30T14:27:04+00:00">14:27:04</abbr></a>] <span>* kl3 (~kl3@fsf/member/kl3) has joined #beagle</span></li>
<li class="quit">[<a href="#T14:45:02" id="T14:45:02"><abbr title="2015-10-30T14:45:02+00:00">14:45:02</abbr></a>] <span>* nerdboy (~sarnold@gentoo/developer/nerdboy) Quit (Excess Flood)</span></li>
<li class="join">[<a href="#T14:45:38" id="T14:45:38"><abbr title="2015-10-30T14:45:38+00:00">14:45:38</abbr></a>] <span>* nerdboy (~sarnold@gatekeeper.gentoogeek.org) has joined #beagle</span></li>
<li class="quit">[<a href="#T14:45:59" id="T14:45:59"><abbr title="2015-10-30T14:45:59+00:00">14:45:59</abbr></a>] <span>* nerdboy (~sarnold@gatekeeper.gentoogeek.org) Quit (Changing host)</span></li>
<li class="join">[<abbr title="2015-10-30T14:45:59+00:00">14:45:59</abbr>] <span>* nerdboy (~sarnold@gentoo/developer/nerdboy) has joined #beagle</span></li>
<li class="join">[<a href="#T14:58:10" id="T14:58:10"><abbr title="2015-10-30T14:58:10+00:00">14:58:10</abbr></a>] <span>* scrp3l (~scrp3l@xdevit.com) has joined #beagle</span></li>
<li class="quit">[<a href="#T14:59:09" id="T14:59:09"><abbr title="2015-10-30T14:59:09+00:00">14:59:09</abbr></a>] <span>* Akex_ (uid58281@gateway/web/irccloud.com/x-rjzffpjpmgblpwcs) Quit (Quit: Connection closed for inactivity)</span></li>
<li class="quit">[<a href="#T15:04:45" id="T15:04:45"><abbr title="2015-10-30T15:04:45+00:00">15:04:45</abbr></a>] <span>* contempt (contempt@unaffiliated/contempt) Quit (Remote host closed the connection)</span></li>
<li class="join">[<a href="#T15:06:39" id="T15:06:39"><abbr title="2015-10-30T15:06:39+00:00">15:06:39</abbr></a>] <span>* tema (~tema@178-16-155-142.obit.ru) has joined #beagle</span></li>
<li class="join">[<a href="#T15:12:44" id="T15:12:44"><abbr title="2015-10-30T15:12:44+00:00">15:12:44</abbr></a>] <span>* micges_ (~micges@afj126.neoplus.adsl.tpnet.pl) has joined #beaglebone</span></li>
<li class="join">[<abbr title="2015-10-30T15:12:44+00:00">15:12:44</abbr>] <span>* micges_ (~micges@afj126.neoplus.adsl.tpnet.pl) has joined #beagle</span></li>
<li class="join">[<a href="#T15:12:53" id="T15:12:53"><abbr title="2015-10-30T15:12:53+00:00">15:12:53</abbr></a>] <span>* contempt (contempt@unaffiliated/contempt) has joined #beagleboard</span></li>
<li class="join">[<abbr title="2015-10-30T15:12:53+00:00">15:12:53</abbr>] <span>* contempt (contempt@unaffiliated/contempt) has joined #beagle</span></li>
<li class="join">[<a href="#T15:16:11" id="T15:16:11"><abbr title="2015-10-30T15:16:11+00:00">15:16:11</abbr></a>] <span>* anrgywombat (c72e8773@gateway/web/cgi-irc/kiwiirc.com/ip.199.46.135.115) has joined #beaglebone</span></li>
<li class="quit">[<a href="#T15:16:23" id="T15:16:23"><abbr title="2015-10-30T15:16:23+00:00">15:16:23</abbr></a>] <span>* micges (~micges@abrl3.neoplus.adsl.tpnet.pl) Quit (Ping timeout: 256 seconds)</span></li>
<li class="message">[<a href="#T15:16:25" id="T15:16:25"><abbr title="2015-10-30T15:16:25+00:00">15:16:25</abbr></a>] &lt;<cite>anrgywombat</cite>&gt; <q>hey</q></li>
<li class="quit">[<a href="#T15:23:35" id="T15:23:35"><abbr title="2015-10-30T15:23:35+00:00">15:23:35</abbr></a>] <span>* gustavoz (~gustavoz@186.22.136.136) Quit (Ping timeout: 264 seconds)</span></li>
<li class="join">[<a href="#T15:33:47" id="T15:33:47"><abbr title="2015-10-30T15:33:47+00:00">15:33:47</abbr></a>] <span>* skhreze (~debian@ip-5-172-247-209.free.aero2.net.pl) has joined #beagle</span></li>
<li class="join">[<a href="#T15:37:23" id="T15:37:23"><abbr title="2015-10-30T15:37:23+00:00">15:37:23</abbr></a>] <span>* gustavoz (~gustavoz@186.22.136.136) has joined #beagle</span></li>
<li class="join">[<a href="#T15:37:34" id="T15:37:34"><abbr title="2015-10-30T15:37:34+00:00">15:37:34</abbr></a>] <span>* stamina (~stamina@177-211-128-083.dynamic.caiway.nl) has joined #beaglebone</span></li>
<li class="quit">[<a href="#T15:42:34" id="T15:42:34"><abbr title="2015-10-30T15:42:34+00:00">15:42:34</abbr></a>] <span>* jpirko (~jirka@ip-94-113-120-24.net.upcbroadband.cz) Quit (Quit: Leaving)</span></li>
<li class="quit">[<a href="#T15:45:21" id="T15:45:21"><abbr title="2015-10-30T15:45:21+00:00">15:45:21</abbr></a>] <span>* c10ud (~c10ud@emesene/dictator/c10ud) Quit (Quit: cya)</span></li>
<li class="join">[<a href="#T15:49:16" id="T15:49:16"><abbr title="2015-10-30T15:49:16+00:00">15:49:16</abbr></a>] <span>* rcn-ee (~voodoo@64.77.213.245) has joined #beagle</span></li>
<li class="quit">[<a href="#T15:50:47" id="T15:50:47"><abbr title="2015-10-30T15:50:47+00:00">15:50:47</abbr></a>] <span>* scrp3l (~scrp3l@xdevit.com) Quit (Quit: Leaving)</span></li>
<li class="quit">[<a href="#T15:52:31" id="T15:52:31"><abbr title="2015-10-30T15:52:31+00:00">15:52:31</abbr></a>] <span>* ikmaak (~ikmaak@541F7D85.cm-5-8b.dynamic.ziggo.nl) Quit (Read error: Connection reset by peer)</span></li>
<li class="join">[<a href="#T15:53:01" id="T15:53:01"><abbr title="2015-10-30T15:53:01+00:00">15:53:01</abbr></a>] <span>* ikmaak (~ikmaak@541F7D85.cm-5-8b.dynamic.ziggo.nl) has joined #beagle</span></li>
<li class="quit">[<a href="#T15:53:09" id="T15:53:09"><abbr title="2015-10-30T15:53:09+00:00">15:53:09</abbr></a>] <span>* stamina (~stamina@177-211-128-083.dynamic.caiway.nl) Quit (Ping timeout: 268 seconds)</span></li>
<li class="quit">[<a href="#T16:13:30" id="T16:13:30"><abbr title="2015-10-30T16:13:30+00:00">16:13:30</abbr></a>] <span>* ohama (ohama@cicolina.org) Quit (Ping timeout: 268 seconds)</span></li>
<li class="join">[<a href="#T16:15:43" id="T16:15:43"><abbr title="2015-10-30T16:15:43+00:00">16:15:43</abbr></a>] <span>* ohama (ohama@cicolina.org) has joined #beaglebone</span></li>
<li class="join">[<a href="#T16:18:09" id="T16:18:09"><abbr title="2015-10-30T16:18:09+00:00">16:18:09</abbr></a>] <span>* James_Johnson (~clayshoot@wsip-70-184-254-102.ok.ok.cox.net) has joined #beagle</span></li>
<li class="quit">[<a href="#T16:18:52" id="T16:18:52"><abbr title="2015-10-30T16:18:52+00:00">16:18:52</abbr></a>] <span>* vmayoral (~vmayoral@88.Red-83-53-125.dynamicIP.rima-tde.net) Quit (Remote host closed the connection)</span></li>
<li class="join">[<a href="#T16:25:15" id="T16:25:15"><abbr title="2015-10-30T16:25:15+00:00">16:25:15</abbr></a>] <span>* c10ud (~c10ud@emesene/dictator/c10ud) has joined #beagle</span></li>
<li class="quit">[<a href="#T16:31:23" id="T16:31:23"><abbr title="2015-10-30T16:31:23+00:00">16:31:23</abbr></a>] <span>* c10ud (~c10ud@emesene/dictator/c10ud) Quit (Quit: cya)</span></li>
<li class="quit">[<a href="#T16:31:36" id="T16:31:36"><abbr title="2015-10-30T16:31:36+00:00">16:31:36</abbr></a>] <span>* anrgywombat (c72e8773@gateway/web/cgi-irc/kiwiirc.com/ip.199.46.135.115) Quit (Quit: <a href="http://www.kiwiirc.com/">http://www.kiwiirc.com/</a> - A hand crafted IRC client)</span></li>
<li class="message">[<a href="#T16:34:05" id="T16:34:05"><abbr title="2015-10-30T16:34:05+00:00">16:34:05</abbr></a>] &lt;<cite>damjan</cite>&gt; <q>what sets the dvi mode, u-boot or the kernel?</q></li>
<li class="message">[<a href="#T16:35:10" id="T16:35:10"><abbr title="2015-10-30T16:35:10+00:00">16:35:10</abbr></a>] &lt;<cite>rcn-ee</cite>&gt; <q>damjan, depends, are we talking an ancient board/image? u-boot... today, the kernel..</q></li>
<li class="message">[<a href="#T16:36:47" id="T16:36:47"><abbr title="2015-10-30T16:36:47+00:00">16:36:47</abbr></a>] &lt;<cite>damjan</cite>&gt; <q>rcn-ee: beagleboard-xm, u-boot is uboot-beagleboard-2015.04-1 kernel is 4.2.5</q></li>
<li class="join">[<a href="#T16:37:12" id="T16:37:12"><abbr title="2015-10-30T16:37:12+00:00">16:37:12</abbr></a>] <span>* skhreze_ (~debian@ip-5-172-247-236.free.aero2.net.pl) has joined #beagle</span></li>
<li class="message">[<a href="#T16:37:44" id="T16:37:44"><abbr title="2015-10-30T16:37:44+00:00">16:37:44</abbr></a>] &lt;<cite>rcn-ee</cite>&gt; <q>damjan, that uses the kernel drm stack, so it reads the edid from the monitor..</q></li>
<li class="quit">[<a href="#T16:37:45" id="T16:37:45"><abbr title="2015-10-30T16:37:45+00:00">16:37:45</abbr></a>] <span>* skhreze (~debian@ip-5-172-247-209.free.aero2.net.pl) Quit (Ping timeout: 255 seconds)</span></li>
<li class="message">[<a href="#T16:38:09" id="T16:38:09"><abbr title="2015-10-30T16:38:09+00:00">16:38:09</abbr></a>] &lt;<cite>rcn-ee</cite>&gt; <q>if it "fails" screen is blank, look in /boot/uEnv.txt for a way to overide edid read failures..</q></li>
<li class="quit">[<a href="#T16:38:10" id="T16:38:10"><abbr title="2015-10-30T16:38:10+00:00">16:38:10</abbr></a>] <span>* ghoti (~paul@hq.experiencepoint.com) Quit (Ping timeout: 268 seconds)</span></li>
<li class="message">[<a href="#T16:38:23" id="T16:38:23"><abbr title="2015-10-30T16:38:23+00:00">16:38:23</abbr></a>] &lt;<cite>damjan</cite>&gt; <q>rcn-ee: I did see drmfb mentioned in dmesg</q></li>
<li class="message">[<a href="#T16:38:40" id="T16:38:40"><abbr title="2015-10-30T16:38:40+00:00">16:38:40</abbr></a>] &lt;<cite>rcn-ee</cite>&gt; <q>"omapdrm"</q></li>
<li class="message">[<a href="#T16:38:43" id="T16:38:43"><abbr title="2015-10-30T16:38:43+00:00">16:38:43</abbr></a>] &lt;<cite>damjan</cite>&gt; <q>my monitor complains about unsupported resolution</q></li>
<li class="message">[<a href="#T16:39:03" id="T16:39:03"><abbr title="2015-10-30T16:39:03+00:00">16:39:03</abbr></a>] &lt;<cite>rcn-ee</cite>&gt; <q>damjan, so pick one to overide it.. /boot/uEnv.txt has an example..</q></li>
<li class="message">[<a href="#T16:39:48" id="T16:39:48"><abbr title="2015-10-30T16:39:48+00:00">16:39:48</abbr></a>] &lt;<cite>damjan</cite>&gt; <q>dvimode=?</q></li>
<li class="join">[<a href="#T16:39:56" id="T16:39:56"><abbr title="2015-10-30T16:39:56+00:00">16:39:56</abbr></a>] <span>* VirG (~VirGin@c-73-25-235-187.hsd1.or.comcast.net) has joined #beagle</span></li>
<li class="message">[<a href="#T16:40:07" id="T16:40:07"><abbr title="2015-10-30T16:40:07+00:00">16:40:07</abbr></a>] &lt;<cite>rcn-ee</cite>&gt; <q>damjan, nope...</q></li>
<li class="message">[<a href="#T16:40:34" id="T16:40:34"><abbr title="2015-10-30T16:40:34+00:00">16:40:34</abbr></a>] &lt;<cite>rcn-ee</cite>&gt; <q>damjan, open /boot/uEnv.txt you'll see a note" in case of edid read failure do this..."</q></li>
<li class="message">[<a href="#T16:42:50" id="T16:42:50"><abbr title="2015-10-30T16:42:50+00:00">16:42:50</abbr></a>] &lt;<cite>damjan</cite>&gt; <q>rcn-ee: it's empy here by default <a href="https://github.com/archlinuxarm/PKGBUILDs/blob/master/alarm/uboot-beagleboard/uEnv.txt">https://github.com/archlinuxarm/PKGBUILDs/blob/master/alarm/uboot-beagleboard/uEnv.txt</a></q></li>
<li class="message">[<a href="#T16:43:25" id="T16:43:25"><abbr title="2015-10-30T16:43:25+00:00">16:43:25</abbr></a>] &lt;<cite>rcn-ee</cite>&gt; <q>damjan, ahh using arch...</q></li>
<li class="message">[<a href="#T16:43:37" id="T16:43:37"><abbr title="2015-10-30T16:43:37+00:00">16:43:37</abbr></a>] &lt;<cite>rcn-ee</cite>&gt; <q>go ask them..</q></li>
<li class="message">[<a href="#T16:44:11" id="T16:44:11"><abbr title="2015-10-30T16:44:11+00:00">16:44:11</abbr></a>] &lt;<cite>damjan</cite>&gt; <q>is there an upstream uenv.txt?</q></li>
<li class="message">[<a href="#T16:44:24" id="T16:44:24"><abbr title="2015-10-30T16:44:24+00:00">16:44:24</abbr></a>] &lt;<cite>rcn-ee</cite>&gt; <q>i made this easy for ubuntu/debian users on elinux, you need to figure out what "arch" did in u-boot..</q></li>
<li class="message">[<a href="#T16:45:42" id="T16:45:42"><abbr title="2015-10-30T16:45:42+00:00">16:45:42</abbr></a>] &lt;<cite>rcn-ee</cite>&gt; <q>video=HDMI-A-1:1024x768@60e</q></li>
<li class="message">[<a href="#T16:45:49" id="T16:45:49"><abbr title="2015-10-30T16:45:49+00:00">16:45:49</abbr></a>] &lt;<cite>rcn-ee</cite>&gt; <q>damjan,  read <a href="https://git.kernel.org/cgit/linux/kernel/git/torvalds/linux.git/tree/Documentation/fb/modedb.txt">https://git.kernel.org/cgit/linux/kernel/git/torvalds/linux.git/tree/Documentation/fb/modedb.txt</a></q></li>
<li class="quit">[<a href="#T16:45:59" id="T16:45:59"><abbr title="2015-10-30T16:45:59+00:00">16:45:59</abbr></a>] <span>* gustavoz (~gustavoz@186.22.136.136) Quit (Ping timeout: 240 seconds)</span></li>
<li class="message">[<a href="#T16:46:15" id="T16:46:15"><abbr title="2015-10-30T16:46:15+00:00">16:46:15</abbr></a>] &lt;<cite>damjan</cite>&gt; <q>I have [drm] Cannot find any crtc or sizes - going 1024x768 - which should be supported by the monitor :/</q></li>
<li class="quit">[<a href="#T16:46:33" id="T16:46:33"><abbr title="2015-10-30T16:46:33+00:00">16:46:33</abbr></a>] <span>* praneeth_ (praneeth@nat/ti/x-vdmgveokaafymxwp) Quit (Remote host closed the connection)</span></li>
<li class="join">[<a href="#T16:46:51" id="T16:46:51"><abbr title="2015-10-30T16:46:51+00:00">16:46:51</abbr></a>] <span>* praneeth_ (praneeth@nat/ti/x-tznxncjstlgugobe) has joined #beagle</span></li>
<li class="message">[<a href="#T16:46:59" id="T16:46:59"><abbr title="2015-10-30T16:46:59+00:00">16:46:59</abbr></a>] &lt;<cite>rcn-ee</cite>&gt; <q>damjan, actually for the xm, it's dvi: so you need to pass: "video=DVI-D-1:1024x768@60e"</q></li>
<li class="message">[<a href="#T16:47:34" id="T16:47:34"><abbr title="2015-10-30T16:47:34+00:00">16:47:34</abbr></a>] &lt;<cite>damjan</cite>&gt; <q>lets see</q></li>
<li class="message">[<a href="#T16:47:37" id="T16:47:37"><abbr title="2015-10-30T16:47:37+00:00">16:47:37</abbr></a>] &lt;<cite>rcn-ee</cite>&gt; <q>damjan, plug it into another systemd and type "xrandr"</q></li>
<li class="join">[<a href="#T16:48:22" id="T16:48:22"><abbr title="2015-10-30T16:48:22+00:00">16:48:22</abbr></a>] <span>* msvb-lab (~mschloh@x55b54bde.dyn.telefonica.de) has joined #beagle</span></li>
<li class="message">[<a href="#T16:49:18" id="T16:49:18"><abbr title="2015-10-30T16:49:18+00:00">16:49:18</abbr></a>] &lt;<cite>damjan</cite>&gt; <q>rcn-ee: I did <a href="http://vpaste.net/Bwzz3">http://vpaste.net/Bwzz3</a></q></li>
<li class="message">[<a href="#T16:50:35" id="T16:50:35"><abbr title="2015-10-30T16:50:35+00:00">16:50:35</abbr></a>] &lt;<cite>rcn-ee</cite>&gt; <q>damjan, and you have the "xm" so force "video=DVI-D-1:1024x768@60e"</q></li>
<li class="message">[<a href="#T16:51:04" id="T16:51:04"><abbr title="2015-10-30T16:51:04+00:00">16:51:04</abbr></a>] &lt;<cite>rcn-ee</cite>&gt; <q>the xm's omap3xx was designed for 720p era displays..</q></li>
<li class="message">[<a href="#T16:52:02" id="T16:52:02"><abbr title="2015-10-30T16:52:02+00:00">16:52:02</abbr></a>] &lt;<cite>damjan</cite>&gt; <q>rcn-ee: is this second video= different, I don't see the difference</q></li>
<li class="message">[<a href="#T16:52:43" id="T16:52:43"><abbr title="2015-10-30T16:52:43+00:00">16:52:43</abbr></a>] &lt;<cite>damjan</cite>&gt; <q>now there's a [drm] forcing DVI-D-1 connector ON [drm] Cannot find any crtc or sizes - going 1024x768</q></li>
<li class="message">[<abbr title="2015-10-30T16:52:43+00:00">16:52:43</abbr>] &lt;<cite>rcn-ee</cite>&gt; <q>nope, just re-stating.</q></li>
<li class="message">[<a href="#T16:53:24" id="T16:53:24"><abbr title="2015-10-30T16:53:24+00:00">16:53:24</abbr></a>] &lt;<cite>damjan</cite>&gt; <q>still doesn't show up on the monitor</q></li>
<li class="message">[<a href="#T16:53:35" id="T16:53:35"><abbr title="2015-10-30T16:53:35+00:00">16:53:35</abbr></a>] &lt;<cite>rcn-ee</cite>&gt; <q>cat /proc/cmdline</q></li>
<li class="join">[<a href="#T16:53:45" id="T16:53:45"><abbr title="2015-10-30T16:53:45+00:00">16:53:45</abbr></a>] <span>* gustavoz (~gustavoz@186.22.136.136) has joined #beagle</span></li>
<li class="join">[<a href="#T16:53:55" id="T16:53:55"><abbr title="2015-10-30T16:53:55+00:00">16:53:55</abbr></a>] <span>* Akex_ (uid58281@gateway/web/irccloud.com/x-cnpocwzibsqigyzt) has joined #beagle</span></li>
<li class="message">[<a href="#T16:54:39" id="T16:54:39"><abbr title="2015-10-30T16:54:39+00:00">16:54:39</abbr></a>] &lt;<cite>damjan</cite>&gt; <q>yeah it's there console=ttyO2,115200n8 smsc95xx.macaddr=9b:03:cc:7e:2a:23 nfsroot=192.168.157.2:/home/nfs/archlinux-bbxm,vers=4.2 ip=:::::eth0:dhcp video=DVI-D-1:1024x768@60e root=/dev/nfs</q></li>
<li class="quit">[<a href="#T16:54:43" id="T16:54:43"><abbr title="2015-10-30T16:54:43+00:00">16:54:43</abbr></a>] <span>* ppisati (~ppisati@2-230-238-136.ip204.fastwebnet.it) Quit (Quit: leaving)</span></li>
<li class="message">[<a href="#T16:54:55" id="T16:54:55"><abbr title="2015-10-30T16:54:55+00:00">16:54:55</abbr></a>] &lt;<cite>damjan</cite>&gt; <q>what's the 'e' in 60e ?</q></li>
<li class="message">[<a href="#T16:55:34" id="T16:55:34"><abbr title="2015-10-30T16:55:34+00:00">16:55:34</abbr></a>] &lt;<cite>damjan</cite>&gt; <q>aha, enabled</q></li>
<li class="message">[<a href="#T16:56:06" id="T16:56:06"><abbr title="2015-10-30T16:56:06+00:00">16:56:06</abbr></a>] &lt;<cite>rcn-ee</cite>&gt; <q>try one of the other resolutions, your monit just might be lieing about support..</q></li>
<li class="join">[<a href="#T16:56:25" id="T16:56:25"><abbr title="2015-10-30T16:56:25+00:00">16:56:25</abbr></a>] <span>* vmayoral (~vmayoral@88.Red-83-53-125.dynamicIP.rima-tde.net) has joined #beagle</span></li>
<li class="message">[<a href="#T16:57:38" id="T16:57:38"><abbr title="2015-10-30T16:57:38+00:00">16:57:38</abbr></a>] &lt;<cite>damjan</cite>&gt; <q>I wonder if » If 'R' is specified, do a 'reduced blanking' calculation for digital displays. « is relevant</q></li>
<li class="quit">[<a href="#T16:58:54" id="T16:58:54"><abbr title="2015-10-30T16:58:54+00:00">16:58:54</abbr></a>] <span>* gustavoz (~gustavoz@186.22.136.136) Quit (Ping timeout: 260 seconds)</span></li>
<li class="join">[<a href="#T16:59:03" id="T16:59:03"><abbr title="2015-10-30T16:59:03+00:00">16:59:03</abbr></a>] <span>* rob_w (~rob@unaffiliated/rob-w/x-1112029) has joined #beagle</span></li>
<li class="nick-change">[<a href="#T17:00:16" id="T17:00:16"><abbr title="2015-10-30T17:00:16+00:00">17:00:16</abbr></a>] <span>* micges_ is now known as micges</span></li>
<li class="message">[<a href="#T17:03:41" id="T17:03:41"><abbr title="2015-10-30T17:03:41+00:00">17:03:41</abbr></a>] &lt;<cite>damjan</cite>&gt; <q>rcn-ee: interesting I've put video=DVI-D-1:800x600@60e (it's in /proc/cmdline) dmesg still says [drm] Cannot find any crtc or sizes - going 1024x768</q></li>
<li class="quit">[<a href="#T17:04:08" id="T17:04:08"><abbr title="2015-10-30T17:04:08+00:00">17:04:08</abbr></a>] <span>* alexanderhiam (~ahiam@c-24-147-39-41.hsd1.nh.comcast.net) Quit (Remote host closed the connection)</span></li>
<li class="quit">[<a href="#T17:07:25" id="T17:07:25"><abbr title="2015-10-30T17:07:25+00:00">17:07:25</abbr></a>] <span>* msvb-lab (~mschloh@x55b54bde.dyn.telefonica.de) Quit (Quit: msvb-lab)</span></li>
<li class="message">[<a href="#T17:08:02" id="T17:08:02"><abbr title="2015-10-30T17:08:02+00:00">17:08:02</abbr></a>] &lt;<cite>rcn-ee</cite>&gt; <q>damjan, double check dvi-d-1 exist's /sys/class/drm/</q></li>
<li class="join">[<a href="#T17:08:20" id="T17:08:20"><abbr title="2015-10-30T17:08:20+00:00">17:08:20</abbr></a>] <span>* citylight2 (~me@84.111.153.0) has joined #beagle</span></li>
<li class="message">[<a href="#T17:08:25" id="T17:08:25"><abbr title="2015-10-30T17:08:25+00:00">17:08:25</abbr></a>] &lt;<cite>damjan</cite>&gt; <q>card0  card0-DVI-D-1  card0-Unknown-1  controlD64  version</q></li>
<li class="message">[<a href="#T17:08:55" id="T17:08:55"><abbr title="2015-10-30T17:08:55+00:00">17:08:55</abbr></a>] &lt;<cite>rcn-ee</cite>&gt; <q>looks good (btw: unknown-1 is s-video)...</q></li>
<li class="quit">[<a href="#T17:09:39" id="T17:09:39"><abbr title="2015-10-30T17:09:39+00:00">17:09:39</abbr></a>] <span>* bearsh|work (~quassel@252.212.107.92.dynamic.wline.res.cust.swisscom.ch) Quit (Ping timeout: 240 seconds)</span></li>
<li class="join">[<a href="#T17:12:12" id="T17:12:12"><abbr title="2015-10-30T17:12:12+00:00">17:12:12</abbr></a>] <span>* gustavoz (~gustavoz@186.22.136.136) has joined #beagle</span></li>
<li class="join">[<a href="#T17:17:23" id="T17:17:23"><abbr title="2015-10-30T17:17:23+00:00">17:17:23</abbr></a>] <span>* ghoti (~paul@hq.experiencepoint.com) has joined #beagle</span></li>
<li class="quit">[<abbr title="2015-10-30T17:17:23+00:00">17:17:23</abbr>] <span>* linkedinyou (~linkediny@unaffiliated/linkedinyou) Quit (Quit: linkedinyou)</span></li>
<li class="join">[<a href="#T17:20:10" id="T17:20:10"><abbr title="2015-10-30T17:20:10+00:00">17:20:10</abbr></a>] <span>* rory (1fcd7112@gateway/web/freenode/ip.31.205.113.18) has joined #beagle</span></li>
<li class="quit">[<a href="#T17:22:10" id="T17:22:10"><abbr title="2015-10-30T17:22:10+00:00">17:22:10</abbr></a>] <span>* ghoti (~paul@hq.experiencepoint.com) Quit (Ping timeout: 272 seconds)</span></li>
<li class="message">[<a href="#T17:23:23" id="T17:23:23"><abbr title="2015-10-30T17:23:23+00:00">17:23:23</abbr></a>] &lt;<cite>veremit</cite>&gt; <q>there's not an omap thingy you have to force?</q></li>
<li class="message">[<a href="#T17:23:36" id="T17:23:36"><abbr title="2015-10-30T17:23:36+00:00">17:23:36</abbr></a>] &lt;<cite>veremit</cite>&gt; <q>or there was a force_video thingy once.</q></li>
<li class="quit">[<a href="#T17:24:21" id="T17:24:21"><abbr title="2015-10-30T17:24:21+00:00">17:24:21</abbr></a>] <span>* rory (1fcd7112@gateway/web/freenode/ip.31.205.113.18) Quit (Ping timeout: 246 seconds)</span></li>
<li class="message">[<a href="#T17:24:32" id="T17:24:32"><abbr title="2015-10-30T17:24:32+00:00">17:24:32</abbr></a>] &lt;<cite>veremit</cite>&gt; <q>what's the parameter to auto-calc timings .. it looks like its tryin to look up a resolutino entry in a table</q></li>
<li class="message">[<a href="#T17:25:08" id="T17:25:08"><abbr title="2015-10-30T17:25:08+00:00">17:25:08</abbr></a>] &lt;<cite>veremit</cite>&gt; <q>ie. hard-coded</q></li>
<li class="join">[<a href="#T17:29:04" id="T17:29:04"><abbr title="2015-10-30T17:29:04+00:00">17:29:04</abbr></a>] <span>* vagrantc (~vagrant@unaffiliated/vagrantc) has joined #beagle</span></li>
<li class="quit">[<a href="#T17:35:48" id="T17:35:48"><abbr title="2015-10-30T17:35:48+00:00">17:35:48</abbr></a>] <span>* dwery (~dwery@nslu2-linux/dwery) Quit (Ping timeout: 255 seconds)</span></li>
<li class="quit">[<a href="#T17:38:06" id="T17:38:06"><abbr title="2015-10-30T17:38:06+00:00">17:38:06</abbr></a>] <span>* vagrantc (~vagrant@unaffiliated/vagrantc) Quit (Ping timeout: 240 seconds)</span></li>
<li class="join">[<a href="#T17:38:18" id="T17:38:18"><abbr title="2015-10-30T17:38:18+00:00">17:38:18</abbr></a>] <span>* NulL` (~bleh1@178.16.14.10) has joined #beagle</span></li>
<li class="join">[<a href="#T17:38:20" id="T17:38:20"><abbr title="2015-10-30T17:38:20+00:00">17:38:20</abbr></a>] <span>* vagrantc (~vagrant@unaffiliated/vagrantc) has joined #beagle</span></li>
<li class="join">[<a href="#T17:39:35" id="T17:39:35"><abbr title="2015-10-30T17:39:35+00:00">17:39:35</abbr></a>] <span>* chabes (~chabes@2601:204:c904:318:a944:ebbe:2c9f:ab85) has joined #beagle</span></li>
<li class="quit">[<a href="#T17:40:45" id="T17:40:45"><abbr title="2015-10-30T17:40:45+00:00">17:40:45</abbr></a>] <span>* skhreze_ (~debian@ip-5-172-247-236.free.aero2.net.pl) Quit (Ping timeout: 255 seconds)</span></li>
<li class="join">[<a href="#T17:44:39" id="T17:44:39"><abbr title="2015-10-30T17:44:39+00:00">17:44:39</abbr></a>] <span>* skhreze (~debian@ip-5-172-247-210.free.aero2.net.pl) has joined #beagle</span></li>
