<li class="join">[<a href="#T00:00:34" id="T00:00:34"><abbr title="2015-07-19T00:00:34+00:00">00:00:34</abbr></a>] <span>* BeagleBot (~PircBot@ec2-50-17-196-130.compute-1.amazonaws.com) has joined #beagle</span></li>
<li class="topic">[<abbr title="2015-07-19T00:00:34+00:00">00:00:34</abbr>] <span>* Topic is '<a href="http://beagleboard.org/chat">http://beagleboard.org/chat</a> has a guide on how to ask questions and links to the logs | never ask to ask, just ask | be patient | pastebin a boot log | <a href="http://ahsoftware.de/Beaglebone_Black_Boot_explained.svg">http://ahsoftware.de/Beaglebone_Black_Boot_explained.svg</a> | <a href="http://beagleboard.org/latest-images">http://beagleboard.org/latest-images</a> | <a href="http://beagleboard.org/Support/bone101">http://beagleboard.org/Support/bone101</a> | direct bonescript/node.js questions to #beagle-bonescript | books: <a href="http://bit.ly/bbb-books'">http://bit.ly/bbb-books'</a></span></li>
<li class="topic">[<abbr title="2015-07-19T00:00:34+00:00">00:00:34</abbr>] <span>* Set by KotH!~attila@erica.kinali.ch on Wed Jul 15 13:55:07 UTC 2015</span></li>
<li class="join">[<abbr title="2015-07-19T00:00:34+00:00">00:00:34</abbr>] <span>* BeagleBot (~PircBot@ec2-50-17-196-130.compute-1.amazonaws.com) has joined #beagleboard</span></li>
<li class="join">[<abbr title="2015-07-19T00:00:34+00:00">00:00:34</abbr>] <span>* BeagleBot (~PircBot@ec2-50-17-196-130.compute-1.amazonaws.com) has joined #beaglebone</span></li>
<li class="join">[<a href="#T00:03:13" id="T00:03:13"><abbr title="2015-07-19T00:03:13+00:00">00:03:13</abbr></a>] <span>* pamhiense (~luciano@190.97.59.120) has joined #beagle</span></li>
<li class="quit">[<a href="#T00:28:40" id="T00:28:40"><abbr title="2015-07-19T00:28:40+00:00">00:28:40</abbr></a>] <span>* shoragan (~shoragan@debian/developer/shoragan) Quit (Quit: Ex-Chat)</span></li>
<li class="quit">[<a href="#T00:35:13" id="T00:35:13"><abbr title="2015-07-19T00:35:13+00:00">00:35:13</abbr></a>] <span>* Akex_ (uid58281@gateway/web/irccloud.com/x-wcmrnktkbmfcmudl) Quit (Quit: Connection closed for inactivity)</span></li>
<li class="join">[<a href="#T00:39:16" id="T00:39:16"><abbr title="2015-07-19T00:39:16+00:00">00:39:16</abbr></a>] <span>* LordWillO (~LordWillO@unaffiliated/lordwillo) has joined #beagle</span></li>
<li class="message">[<a href="#T00:54:08" id="T00:54:08"><abbr title="2015-07-19T00:54:08+00:00">00:54:08</abbr></a>] &lt;<cite>stt_michael</cite>&gt; <q>you'll need mdev or something to populate by-id or by-uuid</q></li>
<li class="message">[<a href="#T00:54:15" id="T00:54:15"><abbr title="2015-07-19T00:54:15+00:00">00:54:15</abbr></a>] &lt;<cite>stt_michael</cite>&gt; <q>ie. an initramfs</q></li>
<li class="quit">[<a href="#T00:57:20" id="T00:57:20"><abbr title="2015-07-19T00:57:20+00:00">00:57:20</abbr></a>] <span>* pamhiense (~luciano@190.97.59.120) Quit (Quit: Leaving)</span></li>
<li class="quit">[<a href="#T00:59:23" id="T00:59:23"><abbr title="2015-07-19T00:59:23+00:00">00:59:23</abbr></a>] <span>* idwer (~irc@unaffiliated/idwer) Quit (Remote host closed the connection)</span></li>
<li class="join">[<a href="#T01:17:18" id="T01:17:18"><abbr title="2015-07-19T01:17:18+00:00">01:17:18</abbr></a>] <span>* phantoxeD (destroy@a89-152-21-144.cpe.netcabo.pt) has joined #beagle</span></li>
<li class="quit">[<a href="#T01:18:48" id="T01:18:48"><abbr title="2015-07-19T01:18:48+00:00">01:18:48</abbr></a>] <span>* nashpa (~nashpa@dliviu.plus.com) Quit (Ping timeout: 250 seconds)</span></li>
<li class="quit">[<a href="#T01:20:32" id="T01:20:32"><abbr title="2015-07-19T01:20:32+00:00">01:20:32</abbr></a>] <span>* Zorgon_ (ian@chaos.fi) Quit (Ping timeout: 256 seconds)</span></li>
<li class="quit">[<a href="#T01:21:06" id="T01:21:06"><abbr title="2015-07-19T01:21:06+00:00">01:21:06</abbr></a>] <span>* phantoneD (destroy@a89-152-21-144.cpe.netcabo.pt) Quit (Ping timeout: 256 seconds)</span></li>
<li class="join">[<a href="#T01:21:19" id="T01:21:19"><abbr title="2015-07-19T01:21:19+00:00">01:21:19</abbr></a>] <span>* nashpa (~nashpa@dliviu.plus.com) has joined #beagle</span></li>
<li class="join">[<abbr title="2015-07-19T01:21:19+00:00">01:21:19</abbr>] <span>* nashpa (~nashpa@dliviu.plus.com) has joined #beagleboard</span></li>
<li class="join">[<a href="#T01:22:25" id="T01:22:25"><abbr title="2015-07-19T01:22:25+00:00">01:22:25</abbr></a>] <span>* Zorgon (ian@chaos.fi) has joined #beagle</span></li>
<li class="quit">[<a href="#T01:24:05" id="T01:24:05"><abbr title="2015-07-19T01:24:05+00:00">01:24:05</abbr></a>] <span>* Shadyman (~matthew@unaffiliated/shadyman) Quit (Quit: Leaving.)</span></li>
<li class="quit">[<a href="#T01:26:14" id="T01:26:14"><abbr title="2015-07-19T01:26:14+00:00">01:26:14</abbr></a>] <span>* praneeth_ (praneeth@nat/ti/x-lycylkfqyaagaoxw) Quit (Remote host closed the connection)</span></li>
<li class="join">[<a href="#T01:26:39" id="T01:26:39"><abbr title="2015-07-19T01:26:39+00:00">01:26:39</abbr></a>] <span>* praneeth_ (praneeth@nat/ti/x-vdwmrjlhigmrvonz) has joined #beagle</span></li>
<li class="quit">[<a href="#T01:27:24" id="T01:27:24"><abbr title="2015-07-19T01:27:24+00:00">01:27:24</abbr></a>] <span>* Cherokee7700 (uid57769@gateway/web/irccloud.com/x-alswqwcrlwlqxvdd) Quit (Quit: Connection closed for inactivity)</span></li>
<li class="join">[<a href="#T01:29:42" id="T01:29:42"><abbr title="2015-07-19T01:29:42+00:00">01:29:42</abbr></a>] <span>* Nico44 (~Nico44@crb44-1-82-67-127-241.fbx.proxad.net) has joined #beagle</span></li>
<li class="quit">[<a href="#T01:34:04" id="T01:34:04"><abbr title="2015-07-19T01:34:04+00:00">01:34:04</abbr></a>] <span>* Nico44 (~Nico44@crb44-1-82-67-127-241.fbx.proxad.net) Quit (Ping timeout: 246 seconds)</span></li>
<li class="quit">[<a href="#T01:34:17" id="T01:34:17"><abbr title="2015-07-19T01:34:17+00:00">01:34:17</abbr></a>] <span>* Humpelst1lzchen (erik@x55b03546.dyn.telefonica.de) Quit (Ping timeout: 240 seconds)</span></li>
<li class="join">[<a href="#T01:37:47" id="T01:37:47"><abbr title="2015-07-19T01:37:47+00:00">01:37:47</abbr></a>] <span>* Humpelstilzchen (erik@f054186120.adsl.alicedsl.de) has joined #beagle</span></li>
<li class="quit">[<a href="#T01:42:05" id="T01:42:05"><abbr title="2015-07-19T01:42:05+00:00">01:42:05</abbr></a>] <span>* DLPeterson (~hazelnuss@c-67-188-127-70.hsd1.ca.comcast.net) Quit (Quit: leaving)</span></li>
<li class="join">[<a href="#T01:55:50" id="T01:55:50"><abbr title="2015-07-19T01:55:50+00:00">01:55:50</abbr></a>] <span>* djerome (~djerome@ip68-2-89-23.ph.ph.cox.net) has joined #beaglebone</span></li>
<li class="quit">[<a href="#T02:00:14" id="T02:00:14"><abbr title="2015-07-19T02:00:14+00:00">02:00:14</abbr></a>] <span>* dwery (~dwery@nslu2-linux/dwery) Quit (Ping timeout: 260 seconds)</span></li>
<li class="quit">[<a href="#T02:34:12" id="T02:34:12"><abbr title="2015-07-19T02:34:12+00:00">02:34:12</abbr></a>] <span>* drkfdr (~darkfader@ip3e8346be.speed.planet.nl) Quit (Quit: drkfdr)</span></li>
<li class="join">[<a href="#T02:56:25" id="T02:56:25"><abbr title="2015-07-19T02:56:25+00:00">02:56:25</abbr></a>] <span>* boB_K7IQ (~IceChat9@2601:601:8201:9c4a:1039:1be7:1198:e5e) has joined #beagle</span></li>
<li class="quit">[<a href="#T02:59:41" id="T02:59:41"><abbr title="2015-07-19T02:59:41+00:00">02:59:41</abbr></a>] <span>* f-a (~f-a@151.20.222.205) Quit (Quit: leaving)</span></li>
<li class="quit">[<a href="#T03:01:34" id="T03:01:34"><abbr title="2015-07-19T03:01:34+00:00">03:01:34</abbr></a>] <span>* emeb (~ericb@ip68-2-68-52.ph.ph.cox.net) Quit (Quit: Leaving.)</span></li>
<li class="quit">[<a href="#T03:15:34" id="T03:15:34"><abbr title="2015-07-19T03:15:34+00:00">03:15:34</abbr></a>] <span>* sidbh (~Siddharth@108-221-17-201.lightspeed.sntcca.sbcglobal.net) Quit (Ping timeout: 246 seconds)</span></li>
<li class="quit">[<a href="#T03:15:47" id="T03:15:47"><abbr title="2015-07-19T03:15:47+00:00">03:15:47</abbr></a>] <span>* bgamari (~bgamari@HSI-KBW-109-193-098-188.hsi7.kabel-badenwuerttemberg.de) Quit (Ping timeout: 240 seconds)</span></li>
<li class="quit">[<a href="#T03:18:32" id="T03:18:32"><abbr title="2015-07-19T03:18:32+00:00">03:18:32</abbr></a>] <span>* bgamari- (~bgamari@HSI-KBW-109-193-098-188.hsi7.kabel-badenwuerttemberg.de) Quit (Ping timeout: 244 seconds)</span></li>
<li class="join">[<a href="#T03:21:47" id="T03:21:47"><abbr title="2015-07-19T03:21:47+00:00">03:21:47</abbr></a>] <span>* bgamari (~bgamari@HSI-KBW-109-193-098-188.hsi7.kabel-badenwuerttemberg.de) has joined #beagle</span></li>
<li class="join">[<a href="#T03:23:30" id="T03:23:30"><abbr title="2015-07-19T03:23:30+00:00">03:23:30</abbr></a>] <span>* bgamari- (~bgamari@HSI-KBW-109-193-098-188.hsi7.kabel-badenwuerttemberg.de) has joined #beagle</span></li>
<li class="join">[<a href="#T03:30:37" id="T03:30:37"><abbr title="2015-07-19T03:30:37+00:00">03:30:37</abbr></a>] <span>* Nico44 (~Nico44@crb44-1-82-67-127-241.fbx.proxad.net) has joined #beagle</span></li>
<li class="quit">[<a href="#T03:32:04" id="T03:32:04"><abbr title="2015-07-19T03:32:04+00:00">03:32:04</abbr></a>] <span>* alan_o (~alan@c-73-21-204-125.hsd1.fl.comcast.net) Quit (Quit: Leaving)</span></li>
<li class="quit">[<a href="#T03:35:10" id="T03:35:10"><abbr title="2015-07-19T03:35:10+00:00">03:35:10</abbr></a>] <span>* Nico44 (~Nico44@crb44-1-82-67-127-241.fbx.proxad.net) Quit (Ping timeout: 246 seconds)</span></li>
<li class="quit">[<a href="#T03:48:55" id="T03:48:55"><abbr title="2015-07-19T03:48:55+00:00">03:48:55</abbr></a>] <span>* LordWillO (~LordWillO@unaffiliated/lordwillo) Quit (Read error: Connection reset by peer)</span></li>
<li class="join">[<a href="#T03:52:42" id="T03:52:42"><abbr title="2015-07-19T03:52:42+00:00">03:52:42</abbr></a>] <span>* f-a (~f-a@ppp-205-222.20-151.libero.it) has joined #beagleboard</span></li>
<li class="join">[<abbr title="2015-07-19T03:52:42+00:00">03:52:42</abbr>] <span>* f-a (~f-a@ppp-205-222.20-151.libero.it) has joined #beagle</span></li>
<li class="quit">[<a href="#T04:03:44" id="T04:03:44"><abbr title="2015-07-19T04:03:44+00:00">04:03:44</abbr></a>] <span>* louiz920 (a0272879@nat/ti/x-ehzgjbovxavkixoq) Quit (Remote host closed the connection)</span></li>
<li class="quit">[<a href="#T04:28:29" id="T04:28:29"><abbr title="2015-07-19T04:28:29+00:00">04:28:29</abbr></a>] <span>* cbrake (~Thunderbi@cable-pool5-cs-161.doycomm.com) Quit (Ping timeout: 265 seconds)</span></li>
<li class="join">[<a href="#T04:28:33" id="T04:28:33"><abbr title="2015-07-19T04:28:33+00:00">04:28:33</abbr></a>] <span>* cbrake1 (~Thunderbi@cable-pool5-cs-161.doycomm.com) has joined #beagle</span></li>
<li class="quit">[<a href="#T04:30:38" id="T04:30:38"><abbr title="2015-07-19T04:30:38+00:00">04:30:38</abbr></a>] <span>* bizarro_1 (~bizarro_1@131.Red-83-55-232.dynamicIP.rima-tde.net) Quit (Quit: Leaving)</span></li>
<li class="join">[<a href="#T04:31:31" id="T04:31:31"><abbr title="2015-07-19T04:31:31+00:00">04:31:31</abbr></a>] <span>* clonak (~clonak@118-92-141-40.dsl.dyn.ihug.co.nz) has joined #beagle</span></li>
<li class="join">[<a href="#T04:43:12" id="T04:43:12"><abbr title="2015-07-19T04:43:12+00:00">04:43:12</abbr></a>] <span>* Abhishek_ (uid26899@gateway/web/irccloud.com/x-uodjyvfjplekzuli) has joined #beagle</span></li>
<li class="quit">[<a href="#T04:44:18" id="T04:44:18"><abbr title="2015-07-19T04:44:18+00:00">04:44:18</abbr></a>] <span>* boB_K7IQ (~IceChat9@2601:601:8201:9c4a:1039:1be7:1198:e5e) Quit (Ping timeout: 244 seconds)</span></li>
