<li class="join">[<a href="#T00:00:58" id="T00:00:58"><abbr title="2015-06-17T00:00:58+00:00">00:00:58</abbr></a>] <span>* BeagleBot (~PircBot@ec2-50-17-196-130.compute-1.amazonaws.com) has joined #beagle</span></li>
<li class="topic">[<abbr title="2015-06-17T00:00:58+00:00">00:00:58</abbr>] <span>* Topic is '<a href="http://beagleboard.org/chat">http://beagleboard.org/chat</a> has a guide on how to ask questions and links to the logs | never ask to ask, just ask | be patient | pastebin a boot log | <a href="http://ahsoftware.de/Beaglebone_Black_Boot_explained.svg">http://ahsoftware.de/Beaglebone_Black_Boot_explained.svg</a> | <a href="http://beagleboard.org/latest-images">http://beagleboard.org/latest-images</a> | <a href="http://beagleboard.org/Support/bone101">http://beagleboard.org/Support/bone101</a> | direct bonescript/node.js questions to #beagle-bonescript | books: <a href="http://bit.ly/bbb-books'">http://bit.ly/bbb-books'</a></span></li>
<li class="topic">[<abbr title="2015-06-17T00:00:58+00:00">00:00:58</abbr>] <span>* Set by jkridner!~jkridner@pdpc/supporter/active/jkridner on Sun Mar 29 23:21:44 UTC 2015</span></li>
<li class="join">[<abbr title="2015-06-17T00:00:58+00:00">00:00:58</abbr>] <span>* BeagleBot (~PircBot@ec2-50-17-196-130.compute-1.amazonaws.com) has joined #beagleboard</span></li>
<li class="join">[<abbr title="2015-06-17T00:00:58+00:00">00:00:58</abbr>] <span>* BeagleBot (~PircBot@ec2-50-17-196-130.compute-1.amazonaws.com) has joined #beaglebone</span></li>
<li class="quit">[<a href="#T00:04:55" id="T00:04:55"><abbr title="2015-06-17T00:04:55+00:00">00:04:55</abbr></a>] <span>* Akex_ (uid58281@gateway/web/irccloud.com/x-hugcrddirigarscq) Quit (Quit: Connection closed for inactivity)</span></li>
<li class="quit">[<a href="#T00:13:49" id="T00:13:49"><abbr title="2015-06-17T00:13:49+00:00">00:13:49</abbr></a>] <span>* mevoco (d47b1b32@gateway/web/freenode/ip.212.123.27.50) Quit (Ping timeout: 246 seconds)</span></li>
<li class="quit">[<a href="#T00:25:46" id="T00:25:46"><abbr title="2015-06-17T00:25:46+00:00">00:25:46</abbr></a>] <span>* tema (~tema@178-16-155-142.obit.ru) Quit (Ping timeout: 255 seconds)</span></li>
<li class="quit">[<a href="#T00:26:33" id="T00:26:33"><abbr title="2015-06-17T00:26:33+00:00">00:26:33</abbr></a>] <span>* drkfdr (~darkfader@ip3e8346be.speed.planet.nl) Quit (Quit: Read error: Connection reset by peer)</span></li>
<li class="join">[<a href="#T00:27:53" id="T00:27:53"><abbr title="2015-06-17T00:27:53+00:00">00:27:53</abbr></a>] <span>* tema (~tema@178-16-155-142.obit.ru) has joined #beagle</span></li>
<li class="quit">[<a href="#T00:29:00" id="T00:29:00"><abbr title="2015-06-17T00:29:00+00:00">00:29:00</abbr></a>] <span>* troth (~troth@c-50-152-58-9.hsd1.co.comcast.net) Quit (Read error: Connection reset by peer)</span></li>
<li class="join">[<a href="#T00:29:27" id="T00:29:27"><abbr title="2015-06-17T00:29:27+00:00">00:29:27</abbr></a>] <span>* troth (~troth@c-50-152-58-9.hsd1.co.comcast.net) has joined #beaglebone</span></li>
<li class="join">[<a href="#T00:29:29" id="T00:29:29"><abbr title="2015-06-17T00:29:29+00:00">00:29:29</abbr></a>] <span>* troth (~troth@c-50-152-58-9.hsd1.co.comcast.net) has joined #beagleboard</span></li>
<li class="join">[<a href="#T00:29:31" id="T00:29:31"><abbr title="2015-06-17T00:29:31+00:00">00:29:31</abbr></a>] <span>* troth (~troth@c-50-152-58-9.hsd1.co.comcast.net) has joined #beagle</span></li>
<li class="join">[<a href="#T00:31:05" id="T00:31:05"><abbr title="2015-06-17T00:31:05+00:00">00:31:05</abbr></a>] <span>* boB_K7IQ (~IceChat9@static-50-125-97-34.myvi.wa.frontiernet.net) has joined #beagle</span></li>
<li class="quit">[<a href="#T00:34:18" id="T00:34:18"><abbr title="2015-06-17T00:34:18+00:00">00:34:18</abbr></a>] <span>* citylight2 (~me@bzq-84-111-154-73.cablep.bezeqint.net) Quit (Ping timeout: 256 seconds)</span></li>
<li class="quit">[<a href="#T00:41:46" id="T00:41:46"><abbr title="2015-06-17T00:41:46+00:00">00:41:46</abbr></a>] <span>* heNNa- (~heNNa-@95.88.155.108) Quit (Ping timeout: 252 seconds)</span></li>
<li class="quit">[<a href="#T00:44:17" id="T00:44:17"><abbr title="2015-06-17T00:44:17+00:00">00:44:17</abbr></a>] <span>* neemo (~nemo@103.10.197.106) Quit (Ping timeout: 240 seconds)</span></li>
<li class="quit">[<a href="#T00:45:56" id="T00:45:56"><abbr title="2015-06-17T00:45:56+00:00">00:45:56</abbr></a>] <span>* pwillard (~pwillard@c-73-184-136-133.hsd1.ga.comcast.net) Quit (Quit: Leaving)</span></li>
<li class="join">[<a href="#T00:46:14" id="T00:46:14"><abbr title="2015-06-17T00:46:14+00:00">00:46:14</abbr></a>] <span>* neemo (~nemo@103.10.197.106) has joined #beagle</span></li>
<li class="join">[<a href="#T00:49:30" id="T00:49:30"><abbr title="2015-06-17T00:49:30+00:00">00:49:30</abbr></a>] <span>* citylight2 (~me@bzq-84-111-154-73.cablep.bezeqint.net) has joined #beagle</span></li>
<li class="quit">[<a href="#T00:58:06" id="T00:58:06"><abbr title="2015-06-17T00:58:06+00:00">00:58:06</abbr></a>] <span>* boB_K7IQ (~IceChat9@static-50-125-97-34.myvi.wa.frontiernet.net) Quit (Ping timeout: 276 seconds)</span></li>
<li class="join">[<a href="#T00:59:30" id="T00:59:30"><abbr title="2015-06-17T00:59:30+00:00">00:59:30</abbr></a>] <span>* James_Johnson (~clayshoot@ip68-0-127-69.tu.ok.cox.net) has joined #beagle</span></li>
