<li class="join">[<a href="#T00:00:28" id="T00:00:28"><abbr title="2016-01-16T00:00:28+00:00">00:00:28</abbr></a>] <span>* BeagleBot (~PircBot@ec2-50-17-196-130.compute-1.amazonaws.com) has joined #beagle</span></li>
<li class="topic">[<abbr title="2016-01-16T00:00:28+00:00">00:00:28</abbr>] <span>* Topic is '<a href="http://beagleboard.org/chat">http://beagleboard.org/chat</a> has a guide on how to ask questions and links to the logs | never ask to ask, just ask | be patient | pastebin a boot log | <a href="http://ahsoftware.de/Beaglebone_Black_Boot_explained.svg">http://ahsoftware.de/Beaglebone_Black_Boot_explained.svg</a> | <a href="http://beagleboard.org/latest-images">http://beagleboard.org/latest-images</a> | <a href="http://beagleboard.org/Support/bone101">http://beagleboard.org/Support/bone101</a> | direct bonescript/node.js questions to #beagle-bonescript | books: <a href="http://bit.ly/bbb-books'">http://bit.ly/bbb-books'</a></span></li>
<li class="topic">[<abbr title="2016-01-16T00:00:28+00:00">00:00:28</abbr>] <span>* Set by KotH!~attila@erica.kinali.ch on Wed Jul 15 13:55:07 UTC 2015</span></li>
<li class="join">[<abbr title="2016-01-16T00:00:28+00:00">00:00:28</abbr>] <span>* BeagleBot (~PircBot@ec2-50-17-196-130.compute-1.amazonaws.com) has joined #beagleboard</span></li>
<li class="join">[<abbr title="2016-01-16T00:00:28+00:00">00:00:28</abbr>] <span>* BeagleBot (~PircBot@ec2-50-17-196-130.compute-1.amazonaws.com) has joined #beaglebone</span></li>
<li class="quit">[<a href="#T00:01:20" id="T00:01:20"><abbr title="2016-01-16T00:01:20+00:00">00:01:20</abbr></a>] <span>* mrjazzcat (~mrjazzcat@c-50-134-253-3.hsd1.co.comcast.net) Quit (Ping timeout: 256 seconds)</span></li>
<li class="quit">[<a href="#T00:03:27" id="T00:03:27"><abbr title="2016-01-16T00:03:27+00:00">00:03:27</abbr></a>] <span>* Starduster_ (~SD@unaffiliated/starduster) Quit (Ping timeout: 260 seconds)</span></li>
<li class="quit">[<a href="#T00:10:47" id="T00:10:47"><abbr title="2016-01-16T00:10:47+00:00">00:10:47</abbr></a>] <span>* skhreze (~debian@user-94-254-199-166.play-internet.pl) Quit (Ping timeout: 276 seconds)</span></li>
<li class="join">[<a href="#T00:18:03" id="T00:18:03"><abbr title="2016-01-16T00:18:03+00:00">00:18:03</abbr></a>] <span>* skhreze (~debian@user-94-254-198-164.play-internet.pl) has joined #beagle</span></li>
<li class="join">[<a href="#T00:25:25" id="T00:25:25"><abbr title="2016-01-16T00:25:25+00:00">00:25:25</abbr></a>] <span>* j12t (~j12t@c-50-136-206-246.hsd1.ca.comcast.net) has joined #beagle</span></li>
<li class="quit">[<a href="#T00:29:54" id="T00:29:54"><abbr title="2016-01-16T00:29:54+00:00">00:29:54</abbr></a>] <span>* j12t (~j12t@c-50-136-206-246.hsd1.ca.comcast.net) Quit (Ping timeout: 250 seconds)</span></li>
<li class="quit">[<a href="#T00:33:48" id="T00:33:48"><abbr title="2016-01-16T00:33:48+00:00">00:33:48</abbr></a>] <span>* skhreze (~debian@user-94-254-198-164.play-internet.pl) Quit (Ping timeout: 250 seconds)</span></li>
<li class="join">[<a href="#T00:41:10" id="T00:41:10"><abbr title="2016-01-16T00:41:10+00:00">00:41:10</abbr></a>] <span>* zauslande (~zauslande@66.53.80.214) has joined #beagle</span></li>
<li class="quit">[<a href="#T00:49:11" id="T00:49:11"><abbr title="2016-01-16T00:49:11+00:00">00:49:11</abbr></a>] <span>* florian (~fuchs@Maemo/community/contributor/florian) Quit (Ping timeout: 260 seconds)</span></li>
<li class="join">[<a href="#T01:16:12" id="T01:16:12"><abbr title="2016-01-16T01:16:12+00:00">01:16:12</abbr></a>] <span>* j12t (~j12t@c-50-136-206-246.hsd1.ca.comcast.net) has joined #beagle</span></li>
<li class="quit">[<a href="#T01:17:26" id="T01:17:26"><abbr title="2016-01-16T01:17:26+00:00">01:17:26</abbr></a>] <span>* Akex_ (uid58281@gateway/web/irccloud.com/x-nyvkeqdxcvxjfjgv) Quit (Quit: Connection closed for inactivity)</span></li>
<li class="quit">[<a href="#T01:18:34" id="T01:18:34"><abbr title="2016-01-16T01:18:34+00:00">01:18:34</abbr></a>] <span>* bkearns (~bkearns@216-75-239-130.static.wiline.com) Quit (Quit: Leaving.)</span></li>
<li class="part">[<a href="#T01:19:26" id="T01:19:26"><abbr title="2016-01-16T01:19:26+00:00">01:19:26</abbr></a>] <span>* zauslande (~zauslande@66.53.80.214) has left #beagle</span></li>
<li class="quit">[<a href="#T01:25:46" id="T01:25:46"><abbr title="2016-01-16T01:25:46+00:00">01:25:46</abbr></a>] <span>* j12t (~j12t@c-50-136-206-246.hsd1.ca.comcast.net) Quit (Remote host closed the connection)</span></li>
<li class="join">[<a href="#T01:56:33" id="T01:56:33"><abbr title="2016-01-16T01:56:33+00:00">01:56:33</abbr></a>] <span>* baxterstockman (0f000046@gateway/web/freenode/ip.15.0.0.70) has joined #beagle</span></li>
<li class="join">[<a href="#T02:03:50" id="T02:03:50"><abbr title="2016-01-16T02:03:50+00:00">02:03:50</abbr></a>] <span>* nemunaire_ (~nemunaire@ra.nemunai.re) has joined #beagle</span></li>
<li class="quit">[<a href="#T02:04:14" id="T02:04:14"><abbr title="2016-01-16T02:04:14+00:00">02:04:14</abbr></a>] <span>* nemunaire (~nemunaire@ra.nemunai.re) Quit (Ping timeout: 272 seconds)</span></li>
<li class="quit">[<a href="#T02:09:36" id="T02:09:36"><abbr title="2016-01-16T02:09:36+00:00">02:09:36</abbr></a>] <span>* coldfront (coldfront@c-68-84-165-159.hsd1.mi.comcast.net) Quit (Read error: Connection reset by peer)</span></li>
<li class="join">[<a href="#T02:09:37" id="T02:09:37"><abbr title="2016-01-16T02:09:37+00:00">02:09:37</abbr></a>] <span>* coldfront (coldfront@c-68-84-165-159.hsd1.mi.comcast.net) has joined #beaglebone</span></li>
<li class="join">[<abbr title="2016-01-16T02:09:37+00:00">02:09:37</abbr>] <span>* coldfront (coldfront@c-68-84-165-159.hsd1.mi.comcast.net) has joined #beagle</span></li>
<li class="quit">[<abbr title="2016-01-16T02:09:37+00:00">02:09:37</abbr>] <span>* Guest92697 (~kona@rrcs-24-153-134-93.sw.biz.rr.com) Quit (Ping timeout: 240 seconds)</span></li>
<li class="join">[<a href="#T02:09:45" id="T02:09:45"><abbr title="2016-01-16T02:09:45+00:00">02:09:45</abbr></a>] <span>* kona (~kona@rrcs-24-153-134-93.sw.biz.rr.com) has joined #beagle</span></li>
<li class="nick-change">[<a href="#T02:09:56" id="T02:09:56"><abbr title="2016-01-16T02:09:56+00:00">02:09:56</abbr></a>] <span>* kona is now known as Guest75182</span></li>
<li class="quit">[<a href="#T02:10:23" id="T02:10:23"><abbr title="2016-01-16T02:10:23+00:00">02:10:23</abbr></a>] <span>* uavcam (~deuse@172.98.214.12) Quit (Ping timeout: 260 seconds)</span></li>
<li class="quit">[<a href="#T02:10:34" id="T02:10:34"><abbr title="2016-01-16T02:10:34+00:00">02:10:34</abbr></a>] <span>* Russ (foobar@pool-100-9-139-246.lsanca.fios.verizon.net) Quit (Ping timeout: 245 seconds)</span></li>
<li class="join">[<a href="#T02:10:52" id="T02:10:52"><abbr title="2016-01-16T02:10:52+00:00">02:10:52</abbr></a>] <span>* uavcam (~deuse@222.174.168.12) has joined #beagle</span></li>
<li class="join">[<a href="#T02:19:50" id="T02:19:50"><abbr title="2016-01-16T02:19:50+00:00">02:19:50</abbr></a>] <span>* VirG (~VirGin@c-98-207-169-231.hsd1.ca.comcast.net) has joined #beagle</span></li>
<li class="join">[<a href="#T02:26:35" id="T02:26:35"><abbr title="2016-01-16T02:26:35+00:00">02:26:35</abbr></a>] <span>* Russ (foobar@pool-100-9-139-246.lsanca.fios.verizon.net) has joined #beagle</span></li>
<li class="quit">[<a href="#T02:28:00" id="T02:28:00"><abbr title="2016-01-16T02:28:00+00:00">02:28:00</abbr></a>] <span>* baxterstockman (0f000046@gateway/web/freenode/ip.15.0.0.70) Quit (Ping timeout: 252 seconds)</span></li>
<li class="join">[<a href="#T02:32:09" id="T02:32:09"><abbr title="2016-01-16T02:32:09+00:00">02:32:09</abbr></a>] <span>* carpman (~carpman@cpe-72-181-150-244.tx.res.rr.com) has joined #beagle</span></li>
<li class="quit">[<a href="#T02:36:45" id="T02:36:45"><abbr title="2016-01-16T02:36:45+00:00">02:36:45</abbr></a>] <span>* yates (~user@nc-71-51-249-15.dhcp.embarqhsd.net) Quit (Quit: rcirc on GNU Emacs 24.5.1)</span></li>
<li class="quit">[<a href="#T02:37:56" id="T02:37:56"><abbr title="2016-01-16T02:37:56+00:00">02:37:56</abbr></a>] <span>* uavcam (~deuse@222.174.168.12) Quit ()</span></li>
<li class="quit">[<a href="#T02:38:01" id="T02:38:01"><abbr title="2016-01-16T02:38:01+00:00">02:38:01</abbr></a>] <span>* carpman (~carpman@cpe-72-181-150-244.tx.res.rr.com) Quit (Quit: ZNC - <a href="http://znc.in)">http://znc.in)</a></span></li>
<li class="join">[<a href="#T02:47:10" id="T02:47:10"><abbr title="2016-01-16T02:47:10+00:00">02:47:10</abbr></a>] <span>* Humpelstilzchen (erik@f054188097.adsl.alicedsl.de) has joined #beagle</span></li>
<li class="quit">[<a href="#T02:48:48" id="T02:48:48"><abbr title="2016-01-16T02:48:48+00:00">02:48:48</abbr></a>] <span>* Humpelst1lzchen (erik@x55b1c6b8.dyn.telefonica.de) Quit (Ping timeout: 264 seconds)</span></li>
<li class="nick-change">[<a href="#T02:50:17" id="T02:50:17"><abbr title="2016-01-16T02:50:17+00:00">02:50:17</abbr></a>] <span>* nemunaire_ is now known as nemunaire</span></li>
<li class="join">[<a href="#T02:51:36" id="T02:51:36"><abbr title="2016-01-16T02:51:36+00:00">02:51:36</abbr></a>] <span>* j12t (~j12t@c-50-136-206-246.hsd1.ca.comcast.net) has joined #beagle</span></li>
<li class="quit">[<a href="#T02:56:26" id="T02:56:26"><abbr title="2016-01-16T02:56:26+00:00">02:56:26</abbr></a>] <span>* j12t (~j12t@c-50-136-206-246.hsd1.ca.comcast.net) Quit (Ping timeout: 256 seconds)</span></li>
<li class="quit">[<a href="#T03:23:50" id="T03:23:50"><abbr title="2016-01-16T03:23:50+00:00">03:23:50</abbr></a>] <span>* VirG (~VirGin@c-98-207-169-231.hsd1.ca.comcast.net) Quit (Quit: Leaving.)</span></li>
<li class="quit">[<a href="#T03:31:11" id="T03:31:11"><abbr title="2016-01-16T03:31:11+00:00">03:31:11</abbr></a>] <span>* Shadyman (~matthew@unaffiliated/shadyman) Quit (Quit: Leaving.)</span></li>
<li class="join">[<a href="#T03:52:13" id="T03:52:13"><abbr title="2016-01-16T03:52:13+00:00">03:52:13</abbr></a>] <span>* j12t (~j12t@50.136.206.246) has joined #beagle</span></li>
<li class="quit">[<a href="#T03:57:36" id="T03:57:36"><abbr title="2016-01-16T03:57:36+00:00">03:57:36</abbr></a>] <span>* j12t (~j12t@50.136.206.246) Quit (Ping timeout: 272 seconds)</span></li>
<li class="quit">[<a href="#T04:02:47" id="T04:02:47"><abbr title="2016-01-16T04:02:47+00:00">04:02:47</abbr></a>] <span>* ayjay (~ajp@216.106.134.146) Quit (Ping timeout: 265 seconds)</span></li>
<li class="join">[<a href="#T04:17:27" id="T04:17:27"><abbr title="2016-01-16T04:17:27+00:00">04:17:27</abbr></a>] <span>* ayjay (~ajp@216.106.135.126) has joined #beagle</span></li>
<li class="join">[<a href="#T04:19:42" id="T04:19:42"><abbr title="2016-01-16T04:19:42+00:00">04:19:42</abbr></a>] <span>* vagrantc (~vagrant@unaffiliated/vagrantc) has joined #beagle</span></li>
<li class="join">[<a href="#T04:26:37" id="T04:26:37"><abbr title="2016-01-16T04:26:37+00:00">04:26:37</abbr></a>] <span>* bumsik (82f5c2ed@gateway/web/freenode/ip.130.245.194.237) has joined #beagle</span></li>
<li class="quit">[<a href="#T04:29:59" id="T04:29:59"><abbr title="2016-01-16T04:29:59+00:00">04:29:59</abbr></a>] <span>* bumsik (82f5c2ed@gateway/web/freenode/ip.130.245.194.237) Quit (Client Quit)</span></li>
<li class="join">[<a href="#T04:35:26" id="T04:35:26"><abbr title="2016-01-16T04:35:26+00:00">04:35:26</abbr></a>] <span>* Bumsik (~Thunderbi@nat-130-245-194-237.resnet.stonybrook.edu) has joined #beagle</span></li>
<li class="join">[<a href="#T04:43:28" id="T04:43:28"><abbr title="2016-01-16T04:43:28+00:00">04:43:28</abbr></a>] <span>* Ceriand|desktop (~Ceriand@unaffiliated/ceriand) has joined #beagle</span></li>
<li class="quit">[<a href="#T04:46:27" id="T04:46:27"><abbr title="2016-01-16T04:46:27+00:00">04:46:27</abbr></a>] <span>* Bumsik (~Thunderbi@nat-130-245-194-237.resnet.stonybrook.edu) Quit (Quit: Bumsik)</span></li>
<li class="join">[<a href="#T04:48:01" id="T04:48:01"><abbr title="2016-01-16T04:48:01+00:00">04:48:01</abbr></a>] <span>* j12t (~j12t@c-50-136-206-246.hsd1.ca.comcast.net) has joined #beagle</span></li>
<li class="join">[<a href="#T04:50:12" id="T04:50:12"><abbr title="2016-01-16T04:50:12+00:00">04:50:12</abbr></a>] <span>* poffs (~poffs@46.174.191.25) has joined #beagle</span></li>
<li class="quit">[<a href="#T04:53:22" id="T04:53:22"><abbr title="2016-01-16T04:53:22+00:00">04:53:22</abbr></a>] <span>* mikedh (~mike@node-1w7jr9srt7fyz7gkgmx336a9s.ipv6.telus.net) Quit (Ping timeout: 250 seconds)</span></li>
<li class="join">[<a href="#T05:03:03" id="T05:03:03"><abbr title="2016-01-16T05:03:03+00:00">05:03:03</abbr></a>] <span>* mikedh (~mike@d207-6-121-158.bchsia.telus.net) has joined #beagle</span></li>
<li class="quit">[<a href="#T05:05:12" id="T05:05:12"><abbr title="2016-01-16T05:05:12+00:00">05:05:12</abbr></a>] <span>* vagrantc (~vagrant@unaffiliated/vagrantc) Quit (Quit: leaving)</span></li>
<li class="quit">[<a href="#T05:18:44" id="T05:18:44"><abbr title="2016-01-16T05:18:44+00:00">05:18:44</abbr></a>] <span>* darkfader (~darkfader@ip3e8346be.speed.planet.nl) Quit (Quit: Read error: Connection reset by peer)</span></li>
<li class="join">[<a href="#T05:35:28" id="T05:35:28"><abbr title="2016-01-16T05:35:28+00:00">05:35:28</abbr></a>] <span>* nerienna (~nerienna@p5491FD03.dip0.t-ipconnect.de) has joined #beagle</span></li>
<li class="quit">[<a href="#T05:36:31" id="T05:36:31"><abbr title="2016-01-16T05:36:31+00:00">05:36:31</abbr></a>] <span>* j12t (~j12t@c-50-136-206-246.hsd1.ca.comcast.net) Quit (Remote host closed the connection)</span></li>
<li class="quit">[<a href="#T05:48:41" id="T05:48:41"><abbr title="2016-01-16T05:48:41+00:00">05:48:41</abbr></a>] <span>* mikedh (~mike@d207-6-121-158.bchsia.telus.net) Quit (Quit: Konversation terminated!)</span></li>
<li class="join">[<a href="#T05:52:20" id="T05:52:20"><abbr title="2016-01-16T05:52:20+00:00">05:52:20</abbr></a>] <span>* Bumsik (~Thunderbi@nat-130-245-194-237.resnet.stonybrook.edu) has joined #beagle</span></li>
<li class="join">[<a href="#T06:21:10" id="T06:21:10"><abbr title="2016-01-16T06:21:10+00:00">06:21:10</abbr></a>] <span>* Starduster (~SD@unaffiliated/starduster) has joined #beagle</span></li>
<li class="part">[<a href="#T06:25:20" id="T06:25:20"><abbr title="2016-01-16T06:25:20+00:00">06:25:20</abbr></a>] <span>* emeb (~ericb@ip68-2-68-52.ph.ph.cox.net) has left #beagle</span></li>
<li class="join">[<a href="#T07:19:57" id="T07:19:57"><abbr title="2016-01-16T07:19:57+00:00">07:19:57</abbr></a>] <span>* NulL` (~bleh1@46.226.185.191) has joined #beagle</span></li>
<li class="join">[<a href="#T07:32:22" id="T07:32:22"><abbr title="2016-01-16T07:32:22+00:00">07:32:22</abbr></a>] <span>* torpico (~local@unaffiliated/torpico) has joined #beagle</span></li>
<li class="join">[<a href="#T07:34:51" id="T07:34:51"><abbr title="2016-01-16T07:34:51+00:00">07:34:51</abbr></a>] <span>* Cats_home1 (~Thunderbi@dsl.198.58.149.251.ebox.ca) has joined #beagle</span></li>
<li class="quit">[<a href="#T07:36:41" id="T07:36:41"><abbr title="2016-01-16T07:36:41+00:00">07:36:41</abbr></a>] <span>* Cats_home (~Thunderbi@dsl.198.58.175.52.ebox.ca) Quit (Ping timeout: 276 seconds)</span></li>
<li class="nick-change">[<abbr title="2016-01-16T07:36:41+00:00">07:36:41</abbr>] <span>* Cats_home1 is now known as Cats_home</span></li>
<li class="join">[<a href="#T07:40:04" id="T07:40:04"><abbr title="2016-01-16T07:40:04+00:00">07:40:04</abbr></a>] <span>* j12t (~j12t@c-50-136-206-246.hsd1.ca.comcast.net) has joined #beagle</span></li>
<li class="quit">[<a href="#T07:46:23" id="T07:46:23"><abbr title="2016-01-16T07:46:23+00:00">07:46:23</abbr></a>] <span>* j12t (~j12t@c-50-136-206-246.hsd1.ca.comcast.net) Quit (Ping timeout: 264 seconds)</span></li>
<li class="join">[<a href="#T07:54:28" id="T07:54:28"><abbr title="2016-01-16T07:54:28+00:00">07:54:28</abbr></a>] <span>* lyakh (~lyakh@xdsl-84-44-248-5.netcologne.de) has joined #beagle</span></li>
<li class="quit">[<a href="#T07:57:13" id="T07:57:13"><abbr title="2016-01-16T07:57:13+00:00">07:57:13</abbr></a>] <span>* jkridner (~jkridner@pdpc/supporter/active/jkridner) Quit (Remote host closed the connection)</span></li>
<li class="join">[<a href="#T08:35:18" id="T08:35:18"><abbr title="2016-01-16T08:35:18+00:00">08:35:18</abbr></a>] <span>* H-H-H (~H-H-H@host-92-4-120-59.as43234.net) has joined #beagle</span></li>
<li class="join">[<a href="#T08:50:29" id="T08:50:29"><abbr title="2016-01-16T08:50:29+00:00">08:50:29</abbr></a>] <span>* mojo_raisin (~Thunderbi@c-50-179-86-245.hsd1.in.comcast.net) has joined #beaglebone</span></li>
<li class="part">[<a href="#T08:50:57" id="T08:50:57"><abbr title="2016-01-16T08:50:57+00:00">08:50:57</abbr></a>] <span>* mojo_raisin (~Thunderbi@c-50-179-86-245.hsd1.in.comcast.net) has left #beaglebone</span></li>
<li class="join">[<a href="#T08:52:46" id="T08:52:46"><abbr title="2016-01-16T08:52:46+00:00">08:52:46</abbr></a>] <span>* mojo_raisin (~Thunderbi@c-50-179-86-245.hsd1.in.comcast.net) has joined #beagle</span></li>
<li class="join">[<a href="#T09:00:32" id="T09:00:32"><abbr title="2016-01-16T09:00:32+00:00">09:00:32</abbr></a>] <span>* rob_w (~rob@unaffiliated/rob-w/x-1112029) has joined #beagle</span></li>
<li class="quit">[<a href="#T09:03:58" id="T09:03:58"><abbr title="2016-01-16T09:03:58+00:00">09:03:58</abbr></a>] <span>* mojo_raisin (~Thunderbi@c-50-179-86-245.hsd1.in.comcast.net) Quit (Quit: mojo_raisin)</span></li>
<li class="join">[<a href="#T09:07:49" id="T09:07:49"><abbr title="2016-01-16T09:07:49+00:00">09:07:49</abbr></a>] <span>* jkridner (~jkridner@pdpc/supporter/active/jkridner) has joined #beagle</span></li>
<li class="mode">[<a href="#T09:07:50" id="T09:07:50"><abbr title="2016-01-16T09:07:50+00:00">09:07:50</abbr></a>] <span>* ChanServ sets mode +o jkridner</span></li>
<li class="quit">[<a href="#T09:12:39" id="T09:12:39"><abbr title="2016-01-16T09:12:39+00:00">09:12:39</abbr></a>] <span>* jkridner (~jkridner@pdpc/supporter/active/jkridner) Quit (Ping timeout: 245 seconds)</span></li>
<li class="join">[<a href="#T09:42:17" id="T09:42:17"><abbr title="2016-01-16T09:42:17+00:00">09:42:17</abbr></a>] <span>* j12t (~j12t@c-50-136-206-246.hsd1.ca.comcast.net) has joined #beagle</span></li>
<li class="quit">[<a href="#T09:45:58" id="T09:45:58"><abbr title="2016-01-16T09:45:58+00:00">09:45:58</abbr></a>] <span>* manuel_ (~manuel@p57920605.dip0.t-ipconnect.de) Quit (Quit: manuel_)</span></li>
<li class="quit">[<a href="#T09:46:57" id="T09:46:57"><abbr title="2016-01-16T09:46:57+00:00">09:46:57</abbr></a>] <span>* j12t (~j12t@c-50-136-206-246.hsd1.ca.comcast.net) Quit (Ping timeout: 255 seconds)</span></li>
<li class="quit">[<a href="#T09:54:14" id="T09:54:14"><abbr title="2016-01-16T09:54:14+00:00">09:54:14</abbr></a>] <span>* magra (manisha@nat/ti/x-jkenkaepdwltxnmp) Quit (Remote host closed the connection)</span></li>
<li class="join">[<a href="#T09:54:36" id="T09:54:36"><abbr title="2016-01-16T09:54:36+00:00">09:54:36</abbr></a>] <span>* magra (~manisha@192.91.75.30) has joined #beagle</span></li>
<li class="quit">[<a href="#T09:56:35" id="T09:56:35"><abbr title="2016-01-16T09:56:35+00:00">09:56:35</abbr></a>] <span>* das (~das@115.5.80.79.rev.sfr.net) Quit (Ping timeout: 260 seconds)</span></li>
<li class="quit">[<a href="#T10:00:10" id="T10:00:10"><abbr title="2016-01-16T10:00:10+00:00">10:00:10</abbr></a>] <span>* poffs (~poffs@46.174.191.25) Quit (Remote host closed the connection)</span></li>
<li class="join">[<a href="#T10:01:23" id="T10:01:23"><abbr title="2016-01-16T10:01:23+00:00">10:01:23</abbr></a>] <span>* poffs (~poffs@46.174.191.25) has joined #beagle</span></li>
<li class="join">[<a href="#T10:05:25" id="T10:05:25"><abbr title="2016-01-16T10:05:25+00:00">10:05:25</abbr></a>] <span>* florian (~fuchs@Maemo/community/contributor/florian) has joined #beagle</span></li>
<li class="quit">[<a href="#T10:14:00" id="T10:14:00"><abbr title="2016-01-16T10:14:00+00:00">10:14:00</abbr></a>] <span>* micges (~micges@epy72.neoplus.adsl.tpnet.pl) Quit (Quit: Wychodzi)</span></li>
<li class="join">[<a href="#T10:14:41" id="T10:14:41"><abbr title="2016-01-16T10:14:41+00:00">10:14:41</abbr></a>] <span>* vinifr (~vinicius@177.207.66.160.dynamic.adsl.gvt.net.br) has joined #beagle</span></li>
<li class="quit">[<a href="#T10:16:11" id="T10:16:11"><abbr title="2016-01-16T10:16:11+00:00">10:16:11</abbr></a>] <span>* florian (~fuchs@Maemo/community/contributor/florian) Quit (Ping timeout: 260 seconds)</span></li>
<li class="join">[<a href="#T10:27:57" id="T10:27:57"><abbr title="2016-01-16T10:27:57+00:00">10:27:57</abbr></a>] <span>* florian (~fuchs@Maemo/community/contributor/florian) has joined #beagle</span></li>
<li class="join">[<a href="#T10:28:19" id="T10:28:19"><abbr title="2016-01-16T10:28:19+00:00">10:28:19</abbr></a>] <span>* skhreze (~debian@user-94-254-198-183.play-internet.pl) has joined #beagle</span></li>
<li class="quit">[<a href="#T10:34:46" id="T10:34:46"><abbr title="2016-01-16T10:34:46+00:00">10:34:46</abbr></a>] <span>* Humpelstilzchen (erik@f054188097.adsl.alicedsl.de) Quit (Ping timeout: 265 seconds)</span></li>
<li class="join">[<a href="#T10:38:02" id="T10:38:02"><abbr title="2016-01-16T10:38:02+00:00">10:38:02</abbr></a>] <span>* Humpelstilzchen (erik@x55b03e0f.dyn.telefonica.de) has joined #beagle</span></li>
<li class="quit">[<a href="#T10:39:27" id="T10:39:27"><abbr title="2016-01-16T10:39:27+00:00">10:39:27</abbr></a>] <span>* Ceriand|desktop (~Ceriand@unaffiliated/ceriand) Quit (Quit: Leaving.)</span></li>
<li class="quit">[<a href="#T10:59:53" id="T10:59:53"><abbr title="2016-01-16T10:59:53+00:00">10:59:53</abbr></a>] <span>* NulL` (~bleh1@46.226.185.191) Quit (Ping timeout: 246 seconds)</span></li>
<li class="join">[<a href="#T11:03:08" id="T11:03:08"><abbr title="2016-01-16T11:03:08+00:00">11:03:08</abbr></a>] <span>* serg_stetsuk (~serg@168-37-132-95.pool.ukrtel.net) has joined #beagle</span></li>
<li class="join">[<a href="#T11:19:17" id="T11:19:17"><abbr title="2016-01-16T11:19:17+00:00">11:19:17</abbr></a>] <span>* NulL` (~bleh1@46.226.185.191) has joined #beagle</span></li>
<li class="quit">[<a href="#T11:19:59" id="T11:19:59"><abbr title="2016-01-16T11:19:59+00:00">11:19:59</abbr></a>] <span>* skhreze (~debian@user-94-254-198-183.play-internet.pl) Quit (Ping timeout: 264 seconds)</span></li>
<li class="join">[<a href="#T11:21:20" id="T11:21:20"><abbr title="2016-01-16T11:21:20+00:00">11:21:20</abbr></a>] <span>* skhreze (~debian@user-94-254-199-95.play-internet.pl) has joined #beagle</span></li>
<li class="quit">[<a href="#T11:38:29" id="T11:38:29"><abbr title="2016-01-16T11:38:29+00:00">11:38:29</abbr></a>] <span>* linkedinyou (~linkediny@unaffiliated/linkedinyou) Quit (Read error: Connection reset by peer)</span></li>
<li class="join">[<a href="#T11:42:42" id="T11:42:42"><abbr title="2016-01-16T11:42:42+00:00">11:42:42</abbr></a>] <span>* j12t (~j12t@c-50-136-206-246.hsd1.ca.comcast.net) has joined #beagle</span></li>
<li class="quit">[<a href="#T11:47:16" id="T11:47:16"><abbr title="2016-01-16T11:47:16+00:00">11:47:16</abbr></a>] <span>* j12t (~j12t@c-50-136-206-246.hsd1.ca.comcast.net) Quit (Ping timeout: 265 seconds)</span></li>
<li class="join">[<a href="#T11:56:30" id="T11:56:30"><abbr title="2016-01-16T11:56:30+00:00">11:56:30</abbr></a>] <span>* NulL`` (~bleh1@92.39.193.169) has joined #beagle</span></li>
<li class="quit">[<a href="#T11:59:21" id="T11:59:21"><abbr title="2016-01-16T11:59:21+00:00">11:59:21</abbr></a>] <span>* NulL` (~bleh1@46.226.185.191) Quit (Ping timeout: 265 seconds)</span></li>
<li class="join">[<a href="#T12:01:16" id="T12:01:16"><abbr title="2016-01-16T12:01:16+00:00">12:01:16</abbr></a>] <span>* linkedinyou (~linkediny@unaffiliated/linkedinyou) has joined #beagle</span></li>
<li class="join">[<a href="#T12:01:17" id="T12:01:17"><abbr title="2016-01-16T12:01:17+00:00">12:01:17</abbr></a>] <span>* linkedinyou (~linkediny@unaffiliated/linkedinyou) has joined #beaglebone</span></li>
<li class="quit">[<a href="#T12:08:29" id="T12:08:29"><abbr title="2016-01-16T12:08:29+00:00">12:08:29</abbr></a>] <span>* skhreze (~debian@user-94-254-199-95.play-internet.pl) Quit (Ping timeout: 245 seconds)</span></li>
<li class="join">[<a href="#T12:09:08" id="T12:09:08"><abbr title="2016-01-16T12:09:08+00:00">12:09:08</abbr></a>] <span>* skhreze (~debian@user-94-254-199-122.play-internet.pl) has joined #beagle</span></li>
<li class="join">[<a href="#T12:23:30" id="T12:23:30"><abbr title="2016-01-16T12:23:30+00:00">12:23:30</abbr></a>] <span>* NulL` (~bleh1@178.16.9.19) has joined #beagle</span></li>
<li class="quit">[<a href="#T12:24:56" id="T12:24:56"><abbr title="2016-01-16T12:24:56+00:00">12:24:56</abbr></a>] <span>* NulL`` (~bleh1@92.39.193.169) Quit (Ping timeout: 246 seconds)</span></li>
<li class="quit">[<a href="#T12:29:40" id="T12:29:40"><abbr title="2016-01-16T12:29:40+00:00">12:29:40</abbr></a>] <span>* citylight2 (~me@84.111.153.0) Quit (Ping timeout: 260 seconds)</span></li>
<li class="join">[<a href="#T12:34:55" id="T12:34:55"><abbr title="2016-01-16T12:34:55+00:00">12:34:55</abbr></a>] <span>* Shadyman (~matthew@unaffiliated/shadyman) has joined #beagle</span></li>
<li class="join">[<a href="#T12:38:18" id="T12:38:18"><abbr title="2016-01-16T12:38:18+00:00">12:38:18</abbr></a>] <span>* sco18 (~sco@p4FCE0334.dip0.t-ipconnect.de) has joined #beagle</span></li>
<li class="join">[<a href="#T12:39:07" id="T12:39:07"><abbr title="2016-01-16T12:39:07+00:00">12:39:07</abbr></a>] <span>* franzp (~franz@cpe90-146-82-220.liwest.at) has joined #beagle</span></li>
<li class="quit">[<a href="#T12:47:51" id="T12:47:51"><abbr title="2016-01-16T12:47:51+00:00">12:47:51</abbr></a>] <span>* franzp (~franz@cpe90-146-82-220.liwest.at) Quit (Remote host closed the connection)</span></li>
<li class="join">[<a href="#T12:48:18" id="T12:48:18"><abbr title="2016-01-16T12:48:18+00:00">12:48:18</abbr></a>] <span>* franzp (~franz@cpe90-146-82-220.liwest.at) has joined #beagle</span></li>
<li class="quit">[<a href="#T12:50:52" id="T12:50:52"><abbr title="2016-01-16T12:50:52+00:00">12:50:52</abbr></a>] <span>* franzp (~franz@cpe90-146-82-220.liwest.at) Quit (Remote host closed the connection)</span></li>
<li class="join">[<a href="#T12:54:58" id="T12:54:58"><abbr title="2016-01-16T12:54:58+00:00">12:54:58</abbr></a>] <span>* franzp_ (~franz@cpe90-146-82-220.liwest.at) has joined #beagle</span></li>
<li class="quit">[<a href="#T13:07:09" id="T13:07:09"><abbr title="2016-01-16T13:07:09+00:00">13:07:09</abbr></a>] <span>* franzp_ (~franz@cpe90-146-82-220.liwest.at) Quit (Remote host closed the connection)</span></li>
<li class="join">[<a href="#T13:08:22" id="T13:08:22"><abbr title="2016-01-16T13:08:22+00:00">13:08:22</abbr></a>] <span>* manuel_ (~manuel@p57920605.dip0.t-ipconnect.de) has joined #beagle</span></li>
<li class="quit">[<a href="#T13:17:50" id="T13:17:50"><abbr title="2016-01-16T13:17:50+00:00">13:17:50</abbr></a>] <span>* sco18 (~sco@p4FCE0334.dip0.t-ipconnect.de) Quit (Quit: Nettalk6 - www.ntalk.de)</span></li>
<li class="quit">[<a href="#T13:18:44" id="T13:18:44"><abbr title="2016-01-16T13:18:44+00:00">13:18:44</abbr></a>] <span>* rob_w (~rob@unaffiliated/rob-w/x-1112029) Quit (Read error: Connection reset by peer)</span></li>
<li class="join">[<a href="#T13:19:15" id="T13:19:15"><abbr title="2016-01-16T13:19:15+00:00">13:19:15</abbr></a>] <span>* citylight2 (~me@84.111.153.0) has joined #beagle</span></li>
<li class="join">[<a href="#T13:26:22" id="T13:26:22"><abbr title="2016-01-16T13:26:22+00:00">13:26:22</abbr></a>] <span>* franzp (~franz@cpe90-146-82-220.liwest.at) has joined #beagle</span></li>
<li class="quit">[<a href="#T13:30:55" id="T13:30:55"><abbr title="2016-01-16T13:30:55+00:00">13:30:55</abbr></a>] <span>* franzp (~franz@cpe90-146-82-220.liwest.at) Quit (Ping timeout: 260 seconds)</span></li>
<li class="quit">[<a href="#T13:31:57" id="T13:31:57"><abbr title="2016-01-16T13:31:57+00:00">13:31:57</abbr></a>] <span>* torpico (~local@unaffiliated/torpico) Quit (Quit: Leaving.)</span></li>
<li class="quit">[<a href="#T13:32:40" id="T13:32:40"><abbr title="2016-01-16T13:32:40+00:00">13:32:40</abbr></a>] <span>* ds2 (~ds2@rehut.com) Quit (Ping timeout: 260 seconds)</span></li>
<li class="join">[<a href="#T13:41:46" id="T13:41:46"><abbr title="2016-01-16T13:41:46+00:00">13:41:46</abbr></a>] <span>* rob_w (~rob@unaffiliated/rob-w/x-1112029) has joined #beagle</span></li>
<li class="join">[<a href="#T13:43:33" id="T13:43:33"><abbr title="2016-01-16T13:43:33+00:00">13:43:33</abbr></a>] <span>* j12t (~j12t@c-50-136-206-246.hsd1.ca.comcast.net) has joined #beagle</span></li>
<li class="quit">[<a href="#T13:47:55" id="T13:47:55"><abbr title="2016-01-16T13:47:55+00:00">13:47:55</abbr></a>] <span>* j12t (~j12t@c-50-136-206-246.hsd1.ca.comcast.net) Quit (Ping timeout: 240 seconds)</span></li>
<li class="quit">[<a href="#T13:54:23" id="T13:54:23"><abbr title="2016-01-16T13:54:23+00:00">13:54:23</abbr></a>] <span>* skhreze (~debian@user-94-254-199-122.play-internet.pl) Quit (Ping timeout: 265 seconds)</span></li>
<li class="join">[<a href="#T13:55:55" id="T13:55:55"><abbr title="2016-01-16T13:55:55+00:00">13:55:55</abbr></a>] <span>* skhreze (~debian@user-94-254-198-119.play-internet.pl) has joined #beagle</span></li>
<li class="quit">[<a href="#T14:10:23" id="T14:10:23"><abbr title="2016-01-16T14:10:23+00:00">14:10:23</abbr></a>] <span>* PDogJr (~PurpleDog@unaffiliated/purpledog) Quit (Read error: Connection reset by peer)</span></li>
<li class="join">[<a href="#T14:15:12" id="T14:15:12"><abbr title="2016-01-16T14:15:12+00:00">14:15:12</abbr></a>] <span>* PDogJr (~PurpleDog@unaffiliated/purpledog) has joined #beagle</span></li>
<li class="join">[<a href="#T14:18:37" id="T14:18:37"><abbr title="2016-01-16T14:18:37+00:00">14:18:37</abbr></a>] <span>* Devastator (~devas@unaffiliated/devastator) has joined #beagle</span></li>
<li class="quit">[<a href="#T14:19:02" id="T14:19:02"><abbr title="2016-01-16T14:19:02+00:00">14:19:02</abbr></a>] <span>* NulL` (~bleh1@178.16.9.19) Quit (Ping timeout: 276 seconds)</span></li>
<li class="join">[<a href="#T14:19:15" id="T14:19:15"><abbr title="2016-01-16T14:19:15+00:00">14:19:15</abbr></a>] <span>* NulL` (~bleh1@178.16.9.19) has joined #beagle</span></li>
<li class="join">[<a href="#T14:19:34" id="T14:19:34"><abbr title="2016-01-16T14:19:34+00:00">14:19:34</abbr></a>] <span>* darkfader (~darkfader@2001:610:600:896d:b8bd:1d80:70fc:1b8c) has joined #beagle</span></li>
<li class="join">[<a href="#T14:27:04" id="T14:27:04"><abbr title="2016-01-16T14:27:04+00:00">14:27:04</abbr></a>] <span>* franzp (~franz@cpe90-146-82-220.liwest.at) has joined #beagle</span></li>
<li class="join">[<a href="#T14:28:35" id="T14:28:35"><abbr title="2016-01-16T14:28:35+00:00">14:28:35</abbr></a>] <span>* Mode-M (~Mode-M@109.125.72.232.dynamic.cablesurf.de) has joined #beagle</span></li>
<li class="quit">[<a href="#T14:32:12" id="T14:32:12"><abbr title="2016-01-16T14:32:12+00:00">14:32:12</abbr></a>] <span>* franzp (~franz@cpe90-146-82-220.liwest.at) Quit (Ping timeout: 272 seconds)</span></li>
<li class="join">[<a href="#T14:33:55" id="T14:33:55"><abbr title="2016-01-16T14:33:55+00:00">14:33:55</abbr></a>] <span>* sco18 (~sco@p4FCE0334.dip0.t-ipconnect.de) has joined #beagle</span></li>
<li class="quit">[<a href="#T14:34:04" id="T14:34:04"><abbr title="2016-01-16T14:34:04+00:00">14:34:04</abbr></a>] <span>* sco18 (~sco@p4FCE0334.dip0.t-ipconnect.de) Quit (Client Quit)</span></li>
<li class="join">[<a href="#T14:35:02" id="T14:35:02"><abbr title="2016-01-16T14:35:02+00:00">14:35:02</abbr></a>] <span>* torpico (~local@unaffiliated/torpico) has joined #beagle</span></li>
<li class="message">[<a href="#T14:35:38" id="T14:35:38"><abbr title="2016-01-16T14:35:38+00:00">14:35:38</abbr></a>] &lt;<cite>torpico</cite>&gt; <q>guys, has anyone worked with chipsee in here?</q></li>
<li class="join">[<a href="#T14:50:42" id="T14:50:42"><abbr title="2016-01-16T14:50:42+00:00">14:50:42</abbr></a>] <span>* alex1234 (6da68756@gateway/web/freenode/ip.109.166.135.86) has joined #beagle</span></li>
<li class="message">[<a href="#T14:50:51" id="T14:50:51"><abbr title="2016-01-16T14:50:51+00:00">14:50:51</abbr></a>] &lt;<cite>alex1234</cite>&gt; <q>steaua112</q></li>
<li class="quit">[<a href="#T14:55:28" id="T14:55:28"><abbr title="2016-01-16T14:55:28+00:00">14:55:28</abbr></a>] <span>* alex1234 (6da68756@gateway/web/freenode/ip.109.166.135.86) Quit (Ping timeout: 252 seconds)</span></li>
<li class="quit">[<a href="#T15:04:01" id="T15:04:01"><abbr title="2016-01-16T15:04:01+00:00">15:04:01</abbr></a>] <span>* serg_stetsuk (~serg@168-37-132-95.pool.ukrtel.net) Quit (Quit: Leaving.)</span></li>
<li class="join">[<a href="#T15:04:39" id="T15:04:39"><abbr title="2016-01-16T15:04:39+00:00">15:04:39</abbr></a>] <span>* serg_stetsuk (~serg@168-37-132-95.pool.ukrtel.net) has joined #beagle</span></li>
<li class="join">[<a href="#T15:05:45" id="T15:05:45"><abbr title="2016-01-16T15:05:45+00:00">15:05:45</abbr></a>] <span>* franzp (~franz@cpe90-146-82-220.liwest.at) has joined #beagle</span></li>
<li class="quit">[<a href="#T15:06:04" id="T15:06:04"><abbr title="2016-01-16T15:06:04+00:00">15:06:04</abbr></a>] <span>* franzp (~franz@cpe90-146-82-220.liwest.at) Quit (Remote host closed the connection)</span></li>
<li class="quit">[<a href="#T15:07:09" id="T15:07:09"><abbr title="2016-01-16T15:07:09+00:00">15:07:09</abbr></a>] <span>* serg_stetsuk (~serg@168-37-132-95.pool.ukrtel.net) Quit (Remote host closed the connection)</span></li>
<li class="quit">[<a href="#T15:12:20" id="T15:12:20"><abbr title="2016-01-16T15:12:20+00:00">15:12:20</abbr></a>] <span>* ikmaak (~ikmaak@541F7D85.cm-5-8b.dynamic.ziggo.nl) Quit (Ping timeout: 276 seconds)</span></li>
<li class="join">[<a href="#T15:13:36" id="T15:13:36"><abbr title="2016-01-16T15:13:36+00:00">15:13:36</abbr></a>] <span>* serg_stetsuk (~serg@168-37-132-95.pool.ukrtel.net) has joined #beagle</span></li>
<li class="quit">[<a href="#T15:16:40" id="T15:16:40"><abbr title="2016-01-16T15:16:40+00:00">15:16:40</abbr></a>] <span>* Shadyman (~matthew@unaffiliated/shadyman) Quit (Quit: Leaving.)</span></li>
<li class="quit">[<a href="#T15:23:21" id="T15:23:21"><abbr title="2016-01-16T15:23:21+00:00">15:23:21</abbr></a>] <span>* serg_stetsuk (~serg@168-37-132-95.pool.ukrtel.net) Quit (Remote host closed the connection)</span></li>
<li class="message">[<a href="#T15:26:03" id="T15:26:03"><abbr title="2016-01-16T15:26:03+00:00">15:26:03</abbr></a>] &lt;<cite>torpico</cite>&gt; <q>can I connect an adapter which its output is   5VDC  and  3.0A   to chipsee?  does it damage chipsee beaglebone black or no?</q></li>
<li class="join">[<a href="#T15:27:52" id="T15:27:52"><abbr title="2016-01-16T15:27:52+00:00">15:27:52</abbr></a>] <span>* Akex_ (uid58281@gateway/web/irccloud.com/x-nkvmngpmnisthixc) has joined #beagle</span></li>
<li class="join">[<a href="#T15:29:40" id="T15:29:40"><abbr title="2016-01-16T15:29:40+00:00">15:29:40</abbr></a>] <span>* j12t (~j12t@c-50-136-206-246.hsd1.ca.comcast.net) has joined #beagle</span></li>
<li class="quit">[<a href="#T15:34:26" id="T15:34:26"><abbr title="2016-01-16T15:34:26+00:00">15:34:26</abbr></a>] <span>* j12t (~j12t@c-50-136-206-246.hsd1.ca.comcast.net) Quit (Ping timeout: 265 seconds)</span></li>
<li class="join">[<a href="#T15:34:47" id="T15:34:47"><abbr title="2016-01-16T15:34:47+00:00">15:34:47</abbr></a>] <span>* konstunn (~konstunn@l37-193-43-33.novotelecom.ru) has joined #beagle</span></li>
<li class="join">[<a href="#T15:35:33" id="T15:35:33"><abbr title="2016-01-16T15:35:33+00:00">15:35:33</abbr></a>] <span>* sco18 (~sco@p4FCE0334.dip0.t-ipconnect.de) has joined #beagle</span></li>
<li class="join">[<a href="#T15:42:21" id="T15:42:21"><abbr title="2016-01-16T15:42:21+00:00">15:42:21</abbr></a>] <span>* sandbox_ (~sandbox@174.27.24.244) has joined #beagle</span></li>
<li class="quit">[<a href="#T15:43:46" id="T15:43:46"><abbr title="2016-01-16T15:43:46+00:00">15:43:46</abbr></a>] <span>* sandbox (~sandbox@174.27.21.69) Quit (Ping timeout: 240 seconds)</span></li>
<li class="join">[<a href="#T15:44:31" id="T15:44:31"><abbr title="2016-01-16T15:44:31+00:00">15:44:31</abbr></a>] <span>* ikmaak (~ikmaak@541F7D85.cm-5-8b.dynamic.ziggo.nl) has joined #beagle</span></li>
<li class="join">[<a href="#T15:51:37" id="T15:51:37"><abbr title="2016-01-16T15:51:37+00:00">15:51:37</abbr></a>] <span>* franzp (~franz@cpe90-146-82-220.liwest.at) has joined #beagle</span></li>
<li class="quit">[<a href="#T15:53:33" id="T15:53:33"><abbr title="2016-01-16T15:53:33+00:00">15:53:33</abbr></a>] <span>* torpico (~local@unaffiliated/torpico) Quit (Quit: Leaving.)</span></li>
<li class="quit">[<a href="#T15:54:03" id="T15:54:03"><abbr title="2016-01-16T15:54:03+00:00">15:54:03</abbr></a>] <span>* av500 (~av500@b2b-46-252-131-98.unitymedia.biz) Quit (Ping timeout: 260 seconds)</span></li>
<li class="message">[<a href="#T15:54:51" id="T15:54:51"><abbr title="2016-01-16T15:54:51+00:00">15:54:51</abbr></a>] &lt;<cite>BeagleGithub</cite>&gt; <q>[kernel] lehni closed pull request #90: Updated branch for 3.8-rt (3.8-rt...3.8-rt) <a href="https://github.com/beagleboard/kernel/pull/90">https://github.com/beagleboard/kernel/pull/90</a></q></li>
<li class="quit">[<a href="#T15:55:55" id="T15:55:55"><abbr title="2016-01-16T15:55:55+00:00">15:55:55</abbr></a>] <span>* franzp (~franz@cpe90-146-82-220.liwest.at) Quit (Ping timeout: 260 seconds)</span></li>
<li class="join">[<a href="#T15:56:11" id="T15:56:11"><abbr title="2016-01-16T15:56:11+00:00">15:56:11</abbr></a>] <span>* av500 (~av500@b2b-46-252-131-98.unitymedia.biz) has joined #beagle</span></li>
<li class="mode">[<a href="#T15:56:12" id="T15:56:12"><abbr title="2016-01-16T15:56:12+00:00">15:56:12</abbr></a>] <span>* ChanServ sets mode +o av500</span></li>
<li class="join">[<a href="#T16:02:27" id="T16:02:27"><abbr title="2016-01-16T16:02:27+00:00">16:02:27</abbr></a>] <span>* NulL`` (~bleh1@92.39.207.197) has joined #beagle</span></li>
<li class="join">[<a href="#T16:04:19" id="T16:04:19"><abbr title="2016-01-16T16:04:19+00:00">16:04:19</abbr></a>] <span>* manuel___ (~manuel@p57921739.dip0.t-ipconnect.de) has joined #beagle</span></li>
<li class="quit">[<a href="#T16:04:57" id="T16:04:57"><abbr title="2016-01-16T16:04:57+00:00">16:04:57</abbr></a>] <span>* NulL` (~bleh1@178.16.9.19) Quit (Ping timeout: 255 seconds)</span></li>
<li class="quit">[<a href="#T16:05:50" id="T16:05:50"><abbr title="2016-01-16T16:05:50+00:00">16:05:50</abbr></a>] <span>* manuel_ (~manuel@p57920605.dip0.t-ipconnect.de) Quit (Ping timeout: 255 seconds)</span></li>
<li class="nick-change">[<a href="#T16:05:51" id="T16:05:51"><abbr title="2016-01-16T16:05:51+00:00">16:05:51</abbr></a>] <span>* manuel___ is now known as manuel_</span></li>
<li class="message">[<a href="#T16:07:39" id="T16:07:39"><abbr title="2016-01-16T16:07:39+00:00">16:07:39</abbr></a>] &lt;<cite>konstunn</cite>&gt; <q>Hi. I'd like to build linux from scratch for OMAP3xxx-based beagle (emulated with qemu).</q></li>
<li class="message">[<abbr title="2016-01-16T16:07:39+00:00">16:07:39</abbr>] &lt;<cite>konstunn</cite>&gt; <q>I have already built, installed and successfully ran u-boot. What I would better do now?</q></li>
<li class="message">[<abbr title="2016-01-16T16:07:39+00:00">16:07:39</abbr>] &lt;<cite>konstunn</cite>&gt; <q>What kernel should I choose? That one should be the most suitable: git://github.com/beagleboard/linux.git , right? What tag should checkout, if it matters? I need to run the kernel, but there is no sense to run bare kernel, right? That is why I might need some basic packages (linux standard base or busybox or what else?). Should I refer to Cross-Compile Linux From Scratch or something else?</q></li>
<li class="message">[<a href="#T16:11:10" id="T16:11:10"><abbr title="2016-01-16T16:11:10+00:00">16:11:10</abbr></a>] &lt;<cite>tbr</cite>&gt; <q>if you run qemu, then it doesn't matter, you can just build a vanilla kernel and use a qemu compatible defconfig</q></li>
<li class="join">[<a href="#T16:11:53" id="T16:11:53"><abbr title="2016-01-16T16:11:53+00:00">16:11:53</abbr></a>] <span>* franzp (~franz@cpe90-146-82-220.liwest.at) has joined #beagle</span></li>
<li class="quit">[<a href="#T16:12:26" id="T16:12:26"><abbr title="2016-01-16T16:12:26+00:00">16:12:26</abbr></a>] <span>* franzp (~franz@cpe90-146-82-220.liwest.at) Quit (Remote host closed the connection)</span></li>
<li class="message">[<a href="#T16:19:07" id="T16:19:07"><abbr title="2016-01-16T16:19:07+00:00">16:19:07</abbr></a>] &lt;<cite>konstunn</cite>&gt; <q>I use qemu-system-arm from qemu-linaro.</q></li>
<li class="message">[<a href="#T16:19:16" id="T16:19:16"><abbr title="2016-01-16T16:19:16+00:00">16:19:16</abbr></a>] &lt;<cite>konstunn</cite>&gt; <q>Just in case.</q></li>
<li class="message">[<a href="#T16:19:52" id="T16:19:52"><abbr title="2016-01-16T16:19:52+00:00">16:19:52</abbr></a>] &lt;<cite>konstunn</cite>&gt; <q>And in future I would need to deal with real beagle hardware (but based on AM335x). QEMU does not support AM335x, but does emulate OMAP3xxx .</q></li>
<li class="quit">[<a href="#T16:20:24" id="T16:20:24"><abbr title="2016-01-16T16:20:24+00:00">16:20:24</abbr></a>] <span>* ayjay (~ajp@216.106.135.126) Quit (Quit: Leaving)</span></li>
<li class="join">[<a href="#T16:22:10" id="T16:22:10"><abbr title="2016-01-16T16:22:10+00:00">16:22:10</abbr></a>] <span>* krajo1 (~krajo1@host146.nwt.cz) has joined #beagle</span></li>
<li class="message">[<a href="#T16:22:34" id="T16:22:34"><abbr title="2016-01-16T16:22:34+00:00">16:22:34</abbr></a>] &lt;<cite>konstunn</cite>&gt; <q>So that is why I will need to rebuild everything for AM335x . And that is why I think I can't just take the stock vanilla kernel.</q></li>
<li class="message">[<a href="#T16:23:23" id="T16:23:23"><abbr title="2016-01-16T16:23:23+00:00">16:23:23</abbr></a>] &lt;<cite>konstunn</cite>&gt; <q>Although, well, I'm not sure. - That's why I am here. :-)</q></li>
<li class="join">[<a href="#T16:27:18" id="T16:27:18"><abbr title="2016-01-16T16:27:18+00:00">16:27:18</abbr></a>] <span>* emeb (~ericb@ip68-2-68-52.ph.ph.cox.net) has joined #beagle</span></li>
<li class="message">[<a href="#T16:43:28" id="T16:43:28"><abbr title="2016-01-16T16:43:28+00:00">16:43:28</abbr></a>] &lt;<cite>tbr</cite>&gt; <q>you're trying to do this in the most possibly backwards and hard way</q></li>
<li class="join">[<a href="#T16:46:41" id="T16:46:41"><abbr title="2016-01-16T16:46:41+00:00">16:46:41</abbr></a>] <span>* franzp (~franz@cpe90-146-82-220.liwest.at) has joined #beagle</span></li>
<li class="message">[<a href="#T16:57:35" id="T16:57:35"><abbr title="2016-01-16T16:57:35+00:00">16:57:35</abbr></a>] &lt;<cite>konstunn</cite>&gt; <q>However, actually, I won't need to rebuild everything, but u-boot and kernel - definitely, I suppose. What else is wrong in my considerations?</q></li>
<li class="message">[<a href="#T16:59:23" id="T16:59:23"><abbr title="2016-01-16T16:59:23+00:00">16:59:23</abbr></a>] &lt;<cite>konstunn</cite>&gt; <q>Of course, I'll need to rebuild only platform specific software. But another point is to define such packages.</q></li>
<li class="message">[<a href="#T17:01:27" id="T17:01:27"><abbr title="2016-01-16T17:01:27+00:00">17:01:27</abbr></a>] &lt;<cite>veremit</cite>&gt; <q>just buy a frickin bbb .. its only $40</q></li>
<li class="quit">[<a href="#T17:02:14" id="T17:02:14"><abbr title="2016-01-16T17:02:14+00:00">17:02:14</abbr></a>] <span>* fgau (~fgau@webbox1220.server-home.net) Quit (Ping timeout: 245 seconds)</span></li>
<li class="quit">[<a href="#T17:02:39" id="T17:02:39"><abbr title="2016-01-16T17:02:39+00:00">17:02:39</abbr></a>] <span>* vinifr (~vinicius@177.207.66.160.dynamic.adsl.gvt.net.br) Quit (Quit: Saindo)</span></li>
<li class="message">[<a href="#T17:09:24" id="T17:09:24"><abbr title="2016-01-16T17:09:24+00:00">17:09:24</abbr></a>] &lt;<cite>konstunn</cite>&gt; <q>nope :-)</q></li>
<li class="message">[<a href="#T17:11:00" id="T17:11:00"><abbr title="2016-01-16T17:11:00+00:00">17:11:00</abbr></a>] &lt;<cite>konstunn</cite>&gt; <q>i've found a good guide on nearly what i want to do</q></li>
<li class="message">[<abbr title="2016-01-16T17:11:00+00:00">17:11:00</abbr>] &lt;<cite>konstunn</cite>&gt; <q><a href="https://gist.github.com/vsergeev/2391575">https://gist.github.com/vsergeev/2391575</a></q></li>
<li class="message">[<abbr title="2016-01-16T17:11:00+00:00">17:11:00</abbr>] &lt;<cite>konstunn</cite>&gt; <q>but i need to customize it a little to suit my conditions</q></li>
<li class="message">[<a href="#T17:13:40" id="T17:13:40"><abbr title="2016-01-16T17:13:40+00:00">17:13:40</abbr></a>] &lt;<cite>konstunn</cite>&gt; <q><a href="https://gist.github.com/vsergeev/2391575#busybox-embedded-linux-from-scratch-distribution-for-the-beaglebone">https://gist.github.com/vsergeev/2391575#busybox-embedded-linux-from-scratch-distribution-for-the-beaglebone</a></q></li>
<li class="quit">[<a href="#T17:15:44" id="T17:15:44"><abbr title="2016-01-16T17:15:44+00:00">17:15:44</abbr></a>] <span>* lyakh (~lyakh@xdsl-84-44-248-5.netcologne.de) Quit (Quit: thanks, bye)</span></li>
<li class="join">[<a href="#T17:30:25" id="T17:30:25"><abbr title="2016-01-16T17:30:25+00:00">17:30:25</abbr></a>] <span>* j12t (~j12t@c-50-136-206-246.hsd1.ca.comcast.net) has joined #beagle</span></li>
<li class="quit">[<a href="#T17:35:20" id="T17:35:20"><abbr title="2016-01-16T17:35:20+00:00">17:35:20</abbr></a>] <span>* j12t (~j12t@c-50-136-206-246.hsd1.ca.comcast.net) Quit (Ping timeout: 276 seconds)</span></li>
<li class="quit">[<a href="#T17:41:41" id="T17:41:41"><abbr title="2016-01-16T17:41:41+00:00">17:41:41</abbr></a>] <span>* sco18 (~sco@p4FCE0334.dip0.t-ipconnect.de) Quit (Ping timeout: 246 seconds)</span></li>
<li class="join">[<a href="#T17:42:01" id="T17:42:01"><abbr title="2016-01-16T17:42:01+00:00">17:42:01</abbr></a>] <span>* sco18 (~sco@p4FCE1681.dip0.t-ipconnect.de) has joined #beagle</span></li>
<li class="join">[<a href="#T17:48:37" id="T17:48:37"><abbr title="2016-01-16T17:48:37+00:00">17:48:37</abbr></a>] <span>* fgau (~fgau@webbox1220.server-home.net) has joined #beagle</span></li>
<li class="message">[<a href="#T18:07:45" id="T18:07:45"><abbr title="2016-01-16T18:07:45+00:00">18:07:45</abbr></a>] &lt;<cite>GenTooMan</cite>&gt; <q>hmmm</q></li>
<li class="join">[<a href="#T18:12:33" id="T18:12:33"><abbr title="2016-01-16T18:12:33+00:00">18:12:33</abbr></a>] <span>* NulL` (~bleh1@80.65.247.147) has joined #beagle</span></li>
<li class="message">[<a href="#T18:12:35" id="T18:12:35"><abbr title="2016-01-16T18:12:35+00:00">18:12:35</abbr></a>] &lt;<cite>konstunn</cite>&gt; <q>what?</q></li>
<li class="nick-change">[<abbr title="2016-01-16T18:12:35+00:00">18:12:35</abbr>] <span>* NulL` is now known as NulL```</span></li>
<li class="quit">[<a href="#T18:14:26" id="T18:14:26"><abbr title="2016-01-16T18:14:26+00:00">18:14:26</abbr></a>] <span>* NulL`` (~bleh1@92.39.207.197) Quit (Ping timeout: 256 seconds)</span></li>
<li class="quit">[<a href="#T18:16:46" id="T18:16:46"><abbr title="2016-01-16T18:16:46+00:00">18:16:46</abbr></a>] <span>* H-H-H (~H-H-H@host-92-4-120-59.as43234.net) Quit (Ping timeout: 240 seconds)</span></li>
<li class="join">[<a href="#T18:20:39" id="T18:20:39"><abbr title="2016-01-16T18:20:39+00:00">18:20:39</abbr></a>] <span>* NulL` (~bleh1@92.39.195.217) has joined #beagle</span></li>
<li class="nick-change">[<a href="#T18:20:41" id="T18:20:41"><abbr title="2016-01-16T18:20:41+00:00">18:20:41</abbr></a>] <span>* NulL` is now known as NulL````</span></li>
<li class="quit">[<a href="#T18:22:59" id="T18:22:59"><abbr title="2016-01-16T18:22:59+00:00">18:22:59</abbr></a>] <span>* NulL``` (~bleh1@80.65.247.147) Quit (Ping timeout: 264 seconds)</span></li>
<li class="quit">[<a href="#T18:24:08" id="T18:24:08"><abbr title="2016-01-16T18:24:08+00:00">18:24:08</abbr></a>] <span>* fgau (~fgau@webbox1220.server-home.net) Quit (Ping timeout: 250 seconds)</span></li>
<li class="quit">[<a href="#T18:28:52" id="T18:28:52"><abbr title="2016-01-16T18:28:52+00:00">18:28:52</abbr></a>] <span>* franzp (~franz@cpe90-146-82-220.liwest.at) Quit (Remote host closed the connection)</span></li>
<li class="join">[<a href="#T18:33:12" id="T18:33:12"><abbr title="2016-01-16T18:33:12+00:00">18:33:12</abbr></a>] <span>* franzp (~franz@cpe90-146-82-220.liwest.at) has joined #beagle</span></li>
<li class="quit">[<a href="#T18:34:33" id="T18:34:33"><abbr title="2016-01-16T18:34:33+00:00">18:34:33</abbr></a>] <span>* manuel_ (~manuel@p57921739.dip0.t-ipconnect.de) Quit (Quit: manuel_)</span></li>
<li class="join">[<a href="#T18:54:19" id="T18:54:19"><abbr title="2016-01-16T18:54:19+00:00">18:54:19</abbr></a>] <span>* jamesaxl_ (~jamesaxl@160.177.97.26) has joined #beagle</span></li>
<li class="quit">[<a href="#T18:57:26" id="T18:57:26"><abbr title="2016-01-16T18:57:26+00:00">18:57:26</abbr></a>] <span>* jamesaxl (~jamesaxl@105.157.153.191) Quit (Ping timeout: 240 seconds)</span></li>
<li class="quit">[<a href="#T19:00:21" id="T19:00:21"><abbr title="2016-01-16T19:00:21+00:00">19:00:21</abbr></a>] <span>* franzp (~franz@cpe90-146-82-220.liwest.at) Quit (Remote host closed the connection)</span></li>
<li class="join">[<a href="#T19:05:16" id="T19:05:16"><abbr title="2016-01-16T19:05:16+00:00">19:05:16</abbr></a>] <span>* manuel_ (~manuel@p57921739.dip0.t-ipconnect.de) has joined #beagle</span></li>
<li class="join">[<a href="#T19:05:42" id="T19:05:42"><abbr title="2016-01-16T19:05:42+00:00">19:05:42</abbr></a>] <span>* fgau (~fgau@webbox1220.server-home.net) has joined #beagle</span></li>
<li class="quit">[<a href="#T19:06:13" id="T19:06:13"><abbr title="2016-01-16T19:06:13+00:00">19:06:13</abbr></a>] <span>* fgau (~fgau@webbox1220.server-home.net) Quit (Client Quit)</span></li>
<li class="join">[<a href="#T19:07:46" id="T19:07:46"><abbr title="2016-01-16T19:07:46+00:00">19:07:46</abbr></a>] <span>* fgau (~fgau@webbox1220.server-home.net) has joined #beagle</span></li>
<li class="join">[<a href="#T19:10:28" id="T19:10:28"><abbr title="2016-01-16T19:10:28+00:00">19:10:28</abbr></a>] <span>* franzp (~franz@cpe90-146-82-220.liwest.at) has joined #beagle</span></li>
<li class="join">[<a href="#T19:13:35" id="T19:13:35"><abbr title="2016-01-16T19:13:35+00:00">19:13:35</abbr></a>] <span>* joel_ (~joel@4.16.40.179) has joined #beagle</span></li>
<li class="quit">[<a href="#T19:15:05" id="T19:15:05"><abbr title="2016-01-16T19:15:05+00:00">19:15:05</abbr></a>] <span>* poffs (~poffs@46.174.191.25) Quit (Remote host closed the connection)</span></li>
<li class="join">[<a href="#T19:15:44" id="T19:15:44"><abbr title="2016-01-16T19:15:44+00:00">19:15:44</abbr></a>] <span>* poffs (~poffs@46.174.191.25) has joined #beagle</span></li>
<li class="quit">[<a href="#T19:17:55" id="T19:17:55"><abbr title="2016-01-16T19:17:55+00:00">19:17:55</abbr></a>] <span>* joel_ (~joel@4.16.40.179) Quit (Client Quit)</span></li>
<li class="part">[<a href="#T19:20:32" id="T19:20:32"><abbr title="2016-01-16T19:20:32+00:00">19:20:32</abbr></a>] <span>* konstunn (~konstunn@l37-193-43-33.novotelecom.ru) has left #beagle</span></li>
<li class="join">[<a href="#T19:31:22" id="T19:31:22"><abbr title="2016-01-16T19:31:22+00:00">19:31:22</abbr></a>] <span>* j12t (~j12t@c-50-136-206-246.hsd1.ca.comcast.net) has joined #beagle</span></li>
<li class="quit">[<a href="#T19:33:02" id="T19:33:02"><abbr title="2016-01-16T19:33:02+00:00">19:33:02</abbr></a>] <span>* GenTooMan (~gentoo@pool-108-39-146-142.pitbpa.fios.verizon.net) Quit (Ping timeout: 272 seconds)</span></li>
<li class="join">[<a href="#T19:35:37" id="T19:35:37"><abbr title="2016-01-16T19:35:37+00:00">19:35:37</abbr></a>] <span>* micges (~micges@epy72.neoplus.adsl.tpnet.pl) has joined #beagle</span></li>
<li class="join">[<abbr title="2016-01-16T19:35:37+00:00">19:35:37</abbr>] <span>* micges (~micges@epy72.neoplus.adsl.tpnet.pl) has joined #beaglebone</span></li>
<li class="quit">[<a href="#T19:36:06" id="T19:36:06"><abbr title="2016-01-16T19:36:06+00:00">19:36:06</abbr></a>] <span>* j12t (~j12t@c-50-136-206-246.hsd1.ca.comcast.net) Quit (Ping timeout: 265 seconds)</span></li>
<li class="join">[<a href="#T19:37:02" id="T19:37:02"><abbr title="2016-01-16T19:37:02+00:00">19:37:02</abbr></a>] <span>* ds2 (~ds2@rehut.com) has joined #beagle</span></li>
<li class="quit">[<a href="#T19:38:46" id="T19:38:46"><abbr title="2016-01-16T19:38:46+00:00">19:38:46</abbr></a>] <span>* linkedinyou (~linkediny@unaffiliated/linkedinyou) Quit (Quit: linkedinyou)</span></li>
<li class="join">[<a href="#T19:42:46" id="T19:42:46"><abbr title="2016-01-16T19:42:46+00:00">19:42:46</abbr></a>] <span>* H-H-H (~H-H-H@host-92-4-201-2.as43234.net) has joined #beagle</span></li>
<li class="quit">[<a href="#T19:43:48" id="T19:43:48"><abbr title="2016-01-16T19:43:48+00:00">19:43:48</abbr></a>] <span>* Cats_home (~Thunderbi@dsl.198.58.149.251.ebox.ca) Quit (Quit: Cats_home)</span></li>
<li class="join">[<a href="#T19:44:27" id="T19:44:27"><abbr title="2016-01-16T19:44:27+00:00">19:44:27</abbr></a>] <span>* Cats_home (~Thunderbi@dsl.198.58.149.251.ebox.ca) has joined #beagle</span></li>
<li class="join">[<a href="#T19:45:44" id="T19:45:44"><abbr title="2016-01-16T19:45:44+00:00">19:45:44</abbr></a>] <span>* GenTooMan (~gentoo@pool-74-98-200-254.pitbpa.fios.verizon.net) has joined #beagle</span></li>
<li class="quit">[<a href="#T19:56:24" id="T19:56:24"><abbr title="2016-01-16T19:56:24+00:00">19:56:24</abbr></a>] <span>* franzp (~franz@cpe90-146-82-220.liwest.at) Quit (Remote host closed the connection)</span></li>
<li class="join">[<a href="#T19:57:39" id="T19:57:39"><abbr title="2016-01-16T19:57:39+00:00">19:57:39</abbr></a>] <span>* j12t (~j12t@c-50-136-206-246.hsd1.ca.comcast.net) has joined #beagle</span></li>
<li class="quit">[<a href="#T19:58:43" id="T19:58:43"><abbr title="2016-01-16T19:58:43+00:00">19:58:43</abbr></a>] <span>* j12t (~j12t@c-50-136-206-246.hsd1.ca.comcast.net) Quit (Remote host closed the connection)</span></li>
<li class="quit">[<a href="#T19:59:13" id="T19:59:13"><abbr title="2016-01-16T19:59:13+00:00">19:59:13</abbr></a>] <span>* nerienna (~nerienna@p5491FD03.dip0.t-ipconnect.de) Quit (Remote host closed the connection)</span></li>
<li class="join">[<a href="#T19:59:32" id="T19:59:32"><abbr title="2016-01-16T19:59:32+00:00">19:59:32</abbr></a>] <span>* franzp (~franz@cpe90-146-82-220.liwest.at) has joined #beagle</span></li>
<li class="join">[<a href="#T20:16:44" id="T20:16:44"><abbr title="2016-01-16T20:16:44+00:00">20:16:44</abbr></a>] <span>* alexanderhiam (~ahiam@c-24-147-39-41.hsd1.nh.comcast.net) has joined #beagle</span></li>
<li class="join">[<a href="#T20:16:45" id="T20:16:45"><abbr title="2016-01-16T20:16:45+00:00">20:16:45</abbr></a>] <span>* micges_ (~micges@dez251.neoplus.adsl.tpnet.pl) has joined #beaglebone</span></li>
<li class="join">[<abbr title="2016-01-16T20:16:45+00:00">20:16:45</abbr>] <span>* micges_ (~micges@dez251.neoplus.adsl.tpnet.pl) has joined #beagle</span></li>
<li class="quit">[<a href="#T20:20:34" id="T20:20:34"><abbr title="2016-01-16T20:20:34+00:00">20:20:34</abbr></a>] <span>* micges (~micges@epy72.neoplus.adsl.tpnet.pl) Quit (Ping timeout: 265 seconds)</span></li>
<li class="join">[<a href="#T20:23:55" id="T20:23:55"><abbr title="2016-01-16T20:23:55+00:00">20:23:55</abbr></a>] <span>* somazero (~somazero@ip72-198-38-197.ok.ok.cox.net) has joined #beagle</span></li>
<li class="quit">[<a href="#T20:24:50" id="T20:24:50"><abbr title="2016-01-16T20:24:50+00:00">20:24:50</abbr></a>] <span>* somazero (~somazero@ip72-198-38-197.ok.ok.cox.net) Quit (Client Quit)</span></li>
<li class="join">[<a href="#T20:28:50" id="T20:28:50"><abbr title="2016-01-16T20:28:50+00:00">20:28:50</abbr></a>] <span>* somazero (~somazero@ip72-198-38-197.ok.ok.cox.net) has joined #beagle</span></li>
<li class="quit">[<a href="#T20:42:59" id="T20:42:59"><abbr title="2016-01-16T20:42:59+00:00">20:42:59</abbr></a>] <span>* ecdhe (~ecdhe@173-22-126-166.client.mchsi.com) Quit (Remote host closed the connection)</span></li>
<li class="quit">[<a href="#T20:47:24" id="T20:47:24"><abbr title="2016-01-16T20:47:24+00:00">20:47:24</abbr></a>] <span>* Cats_home (~Thunderbi@dsl.198.58.149.251.ebox.ca) Quit (Remote host closed the connection)</span></li>
<li class="join">[<a href="#T20:47:39" id="T20:47:39"><abbr title="2016-01-16T20:47:39+00:00">20:47:39</abbr></a>] <span>* Cats_home (~Thunderbi@dsl.198.58.149.251.ebox.ca) has joined #beagle</span></li>
<li class="quit">[<a href="#T20:57:01" id="T20:57:01"><abbr title="2016-01-16T20:57:01+00:00">20:57:01</abbr></a>] <span>* franzp (~franz@cpe90-146-82-220.liwest.at) Quit (Remote host closed the connection)</span></li>
<li class="join">[<a href="#T20:59:27" id="T20:59:27"><abbr title="2016-01-16T20:59:27+00:00">20:59:27</abbr></a>] <span>* j12t (~j12t@c-50-136-206-246.hsd1.ca.comcast.net) has joined #beagle</span></li>
<li class="join">[<a href="#T21:00:43" id="T21:00:43"><abbr title="2016-01-16T21:00:43+00:00">21:00:43</abbr></a>] <span>* trevychase (~trev@107-128-226-86.lightspeed.rcsntx.sbcglobal.net) has joined #beagle</span></li>
<li class="quit">[<a href="#T21:02:48" id="T21:02:48"><abbr title="2016-01-16T21:02:48+00:00">21:02:48</abbr></a>] <span>* tchan (~tchan@lunar-linux/developer/tchan) Quit (Quit: WeeChat 1.2)</span></li>
<li class="quit">[<a href="#T21:05:19" id="T21:05:19"><abbr title="2016-01-16T21:05:19+00:00">21:05:19</abbr></a>] <span>* NulL```` (~bleh1@92.39.195.217) Quit (Ping timeout: 260 seconds)</span></li>
<li class="quit">[<a href="#T21:05:34" id="T21:05:34"><abbr title="2016-01-16T21:05:34+00:00">21:05:34</abbr></a>] <span>* j12t (~j12t@c-50-136-206-246.hsd1.ca.comcast.net) Quit (Ping timeout: 256 seconds)</span></li>
<li class="quit">[<a href="#T21:07:11" id="T21:07:11"><abbr title="2016-01-16T21:07:11+00:00">21:07:11</abbr></a>] <span>* ds2 (~ds2@rehut.com) Quit (Ping timeout: 260 seconds)</span></li>
<li class="quit">[<a href="#T21:07:39" id="T21:07:39"><abbr title="2016-01-16T21:07:39+00:00">21:07:39</abbr></a>] <span>* alexanderhiam (~ahiam@c-24-147-39-41.hsd1.nh.comcast.net) Quit (Remote host closed the connection)</span></li>
<li class="join">[<a href="#T21:13:41" id="T21:13:41"><abbr title="2016-01-16T21:13:41+00:00">21:13:41</abbr></a>] <span>* tchan (~tchan@lunar-linux/developer/tchan) has joined #beagle</span></li>
<li class="quit">[<a href="#T21:17:26" id="T21:17:26"><abbr title="2016-01-16T21:17:26+00:00">21:17:26</abbr></a>] <span>* Akex_ (uid58281@gateway/web/irccloud.com/x-nkvmngpmnisthixc) Quit (Quit: Connection closed for inactivity)</span></li>
<li class="join">[<a href="#T21:20:37" id="T21:20:37"><abbr title="2016-01-16T21:20:37+00:00">21:20:37</abbr></a>] <span>* vagrantc (~vagrant@unaffiliated/vagrantc) has joined #beagle</span></li>
<li class="join">[<a href="#T21:21:21" id="T21:21:21"><abbr title="2016-01-16T21:21:21+00:00">21:21:21</abbr></a>] <span>* franzp (~franz@cpe90-146-82-220.liwest.at) has joined #beagle</span></li>
<li class="quit">[<a href="#T21:23:32" id="T21:23:32"><abbr title="2016-01-16T21:23:32+00:00">21:23:32</abbr></a>] <span>* H-H-H (~H-H-H@host-92-4-201-2.as43234.net) Quit (Ping timeout: 250 seconds)</span></li>
<li class="join">[<a href="#T21:33:22" id="T21:33:22"><abbr title="2016-01-16T21:33:22+00:00">21:33:22</abbr></a>] <span>* lolante (b28fbf87@gateway/web/freenode/ip.178.143.191.135) has joined #beagle</span></li>
<li class="message">[<a href="#T21:33:26" id="T21:33:26"><abbr title="2016-01-16T21:33:26+00:00">21:33:26</abbr></a>] &lt;<cite>lolante</cite>&gt; <q><a href="http://goo.gl/imGJxC">http://goo.gl/imGJxC</a></q></li>
<li class="message">[<a href="#T21:33:28" id="T21:33:28"><abbr title="2016-01-16T21:33:28+00:00">21:33:28</abbr></a>] &lt;<cite>lolante</cite>&gt; <q><a href="http://goo.gl/imGJxC">http://goo.gl/imGJxC</a></q></li>
<li class="message">[<a href="#T21:33:30" id="T21:33:30"><abbr title="2016-01-16T21:33:30+00:00">21:33:30</abbr></a>] &lt;<cite>lolante</cite>&gt; <q><a href="http://goo.gl/imGJxC">http://goo.gl/imGJxC</a></q></li>
<li class="message">[<a href="#T21:33:32" id="T21:33:32"><abbr title="2016-01-16T21:33:32+00:00">21:33:32</abbr></a>] &lt;<cite>lolante</cite>&gt; <q><a href="http://goo.gl/imGJxC">http://goo.gl/imGJxC</a></q></li>
<li class="message">[<a href="#T21:33:34" id="T21:33:34"><abbr title="2016-01-16T21:33:34+00:00">21:33:34</abbr></a>] &lt;<cite>lolante</cite>&gt; <q><a href="http://goo.gl/imGJxC">http://goo.gl/imGJxC</a></q></li>
<li class="message">[<a href="#T21:33:35" id="T21:33:35"><abbr title="2016-01-16T21:33:35+00:00">21:33:35</abbr></a>] &lt;<cite>lolante</cite>&gt; <q><a href="http://goo.gl/imGJxC">http://goo.gl/imGJxC</a></q></li>
<li class="message">[<a href="#T21:33:37" id="T21:33:37"><abbr title="2016-01-16T21:33:37+00:00">21:33:37</abbr></a>] &lt;<cite>lolante</cite>&gt; <q><a href="http://goo.gl/imGJxC">http://goo.gl/imGJxC</a></q></li>
<li class="message">[<a href="#T21:33:39" id="T21:33:39"><abbr title="2016-01-16T21:33:39+00:00">21:33:39</abbr></a>] &lt;<cite>lolante</cite>&gt; <q><a href="http://goo.gl/imGJxC">http://goo.gl/imGJxC</a></q></li>
<li class="message">[<a href="#T21:34:02" id="T21:34:02"><abbr title="2016-01-16T21:34:02+00:00">21:34:02</abbr></a>] &lt;<cite>lolante</cite>&gt; <q><a href="http://goo.gl/imGJxC">http://goo.gl/imGJxC</a></q></li>
<li class="message">[<a href="#T21:34:05" id="T21:34:05"><abbr title="2016-01-16T21:34:05+00:00">21:34:05</abbr></a>] &lt;<cite>lolante</cite>&gt; <q><a href="http://goo.gl/imGJxC">http://goo.gl/imGJxC</a></q></li>
<li class="quit">[<a href="#T21:34:15" id="T21:34:15"><abbr title="2016-01-16T21:34:15+00:00">21:34:15</abbr></a>] <span>* lolante (b28fbf87@gateway/web/freenode/ip.178.143.191.135) Quit (Client Quit)</span></li>
<li class="message">[<a href="#T21:37:51" id="T21:37:51"><abbr title="2016-01-16T21:37:51+00:00">21:37:51</abbr></a>] &lt;<cite>veremit</cite>&gt; <q>whaaaaaaaaat? spam spam spam?!</q></li>
<li class="message">[<a href="#T21:38:03" id="T21:38:03"><abbr title="2016-01-16T21:38:03+00:00">21:38:03</abbr></a>] &lt;<cite>tbr</cite>&gt; <q>eggs baked beans bacon</q></li>
<li class="quit">[<a href="#T21:38:14" id="T21:38:14"><abbr title="2016-01-16T21:38:14+00:00">21:38:14</abbr></a>] <span>* franzp (~franz@cpe90-146-82-220.liwest.at) Quit (Remote host closed the connection)</span></li>
<li class="message">[<a href="#T21:38:20" id="T21:38:20"><abbr title="2016-01-16T21:38:20+00:00">21:38:20</abbr></a>] &lt;<cite>veremit</cite>&gt; <q>tomato and sausage</q></li>
<li class="quit">[<a href="#T21:39:08" id="T21:39:08"><abbr title="2016-01-16T21:39:08+00:00">21:39:08</abbr></a>] <span>* Mode-M (~Mode-M@109.125.72.232.dynamic.cablesurf.de) Quit (Remote host closed the connection)</span></li>
<li class="join">[<a href="#T21:39:18" id="T21:39:18"><abbr title="2016-01-16T21:39:18+00:00">21:39:18</abbr></a>] <span>* franzp (~franz@cpe90-146-82-220.liwest.at) has joined #beagle</span></li>
<li class="join">[<a href="#T21:40:34" id="T21:40:34"><abbr title="2016-01-16T21:40:34+00:00">21:40:34</abbr></a>] <span>* franzp_ (~franz@cpe90-146-82-220.liwest.at) has joined #beagle</span></li>
<li class="quit">[<a href="#T21:40:35" id="T21:40:35"><abbr title="2016-01-16T21:40:35+00:00">21:40:35</abbr></a>] <span>* franzp (~franz@cpe90-146-82-220.liwest.at) Quit (Read error: Connection reset by peer)</span></li>
<li class="join">[<a href="#T21:42:10" id="T21:42:10"><abbr title="2016-01-16T21:42:10+00:00">21:42:10</abbr></a>] <span>* dj_pi (~dj@c-73-191-212-56.hsd1.mi.comcast.net) has joined #beagle</span></li>
<li class="quit">[<a href="#T21:43:18" id="T21:43:18"><abbr title="2016-01-16T21:43:18+00:00">21:43:18</abbr></a>] <span>* franzp_ (~franz@cpe90-146-82-220.liwest.at) Quit (Remote host closed the connection)</span></li>
<li class="message">[<a href="#T21:45:55" id="T21:45:55"><abbr title="2016-01-16T21:45:55+00:00">21:45:55</abbr></a>] &lt;<cite>GenTooMan</cite>&gt; <q>just not too much on the beans side</q></li>
<li class="message">[<a href="#T21:46:16" id="T21:46:16"><abbr title="2016-01-16T21:46:16+00:00">21:46:16</abbr></a>] &lt;<cite>veremit</cite>&gt; <q>yea I've never been a fan of the beans</q></li>
<li class="nick-change">[<a href="#T21:53:05" id="T21:53:05"><abbr title="2016-01-16T21:53:05+00:00">21:53:05</abbr></a>] <span>* micges_ is now known as micges</span></li>
<li class="join">[<a href="#T21:53:43" id="T21:53:43"><abbr title="2016-01-16T21:53:43+00:00">21:53:43</abbr></a>] <span>* ds2 (~ds2@rehut.com) has joined #beagle</span></li>
<li class="message">[<a href="#T21:55:37" id="T21:55:37"><abbr title="2016-01-16T21:55:37+00:00">21:55:37</abbr></a>] &lt;<cite>GenTooMan</cite>&gt; <q>I've been pondering the angstrom linux information and I am pretty sure I'm missing something to build an image for that. They also no longer have images for devices on site.</q></li>
<li class="message">[<a href="#T21:57:33" id="T21:57:33"><abbr title="2016-01-16T21:57:33+00:00">21:57:33</abbr></a>] &lt;<cite>veremit</cite>&gt; <q>GenTooMan.. try yocto now</q></li>
