<li class="join">[<a href="#T00:00:51" id="T00:00:51"><abbr title="2016-01-04T00:00:51+00:00">00:00:51</abbr></a>] <span>* BeagleBot (~PircBot@ec2-50-17-196-130.compute-1.amazonaws.com) has joined #beagle</span></li>
<li class="topic">[<abbr title="2016-01-04T00:00:51+00:00">00:00:51</abbr>] <span>* Topic is '<a href="http://beagleboard.org/chat">http://beagleboard.org/chat</a> has a guide on how to ask questions and links to the logs | never ask to ask, just ask | be patient | pastebin a boot log | <a href="http://ahsoftware.de/Beaglebone_Black_Boot_explained.svg">http://ahsoftware.de/Beaglebone_Black_Boot_explained.svg</a> | <a href="http://beagleboard.org/latest-images">http://beagleboard.org/latest-images</a> | <a href="http://beagleboard.org/Support/bone101">http://beagleboard.org/Support/bone101</a> | direct bonescript/node.js questions to #beagle-bonescript | books: <a href="http://bit.ly/bbb-books'">http://bit.ly/bbb-books'</a></span></li>
<li class="topic">[<abbr title="2016-01-04T00:00:51+00:00">00:00:51</abbr>] <span>* Set by KotH!~attila@erica.kinali.ch on Wed Jul 15 13:55:07 UTC 2015</span></li>
<li class="join">[<abbr title="2016-01-04T00:00:51+00:00">00:00:51</abbr>] <span>* BeagleBot (~PircBot@ec2-50-17-196-130.compute-1.amazonaws.com) has joined #beagleboard</span></li>
<li class="join">[<abbr title="2016-01-04T00:00:51+00:00">00:00:51</abbr>] <span>* BeagleBot (~PircBot@ec2-50-17-196-130.compute-1.amazonaws.com) has joined #beaglebone</span></li>
<li class="quit">[<a href="#T00:01:59" id="T00:01:59"><abbr title="2016-01-04T00:01:59+00:00">00:01:59</abbr></a>] <span>* Nico44 (~Nico44@crb44-1-82-67-127-241.fbx.proxad.net) Quit (Read error: No route to host)</span></li>
<li class="join">[<a href="#T00:02:26" id="T00:02:26"><abbr title="2016-01-04T00:02:26+00:00">00:02:26</abbr></a>] <span>* Nico44 (~Nico44@crb44-1-82-67-127-241.fbx.proxad.net) has joined #beagle</span></li>
<li class="join">[<a href="#T00:02:42" id="T00:02:42"><abbr title="2016-01-04T00:02:42+00:00">00:02:42</abbr></a>] <span>* isacdaavid (~isaac@187.211.213.217) has joined #beagle</span></li>
<li class="quit">[<a href="#T00:03:36" id="T00:03:36"><abbr title="2016-01-04T00:03:36+00:00">00:03:36</abbr></a>] <span>* Nico44 (~Nico44@crb44-1-82-67-127-241.fbx.proxad.net) Quit (Read error: No route to host)</span></li>
<li class="join">[<a href="#T00:04:11" id="T00:04:11"><abbr title="2016-01-04T00:04:11+00:00">00:04:11</abbr></a>] <span>* Nico44 (~Nico44@crb44-1-82-67-127-241.fbx.proxad.net) has joined #beagle</span></li>
<li class="quit">[<a href="#T00:05:10" id="T00:05:10"><abbr title="2016-01-04T00:05:10+00:00">00:05:10</abbr></a>] <span>* Nico44 (~Nico44@crb44-1-82-67-127-241.fbx.proxad.net) Quit (Read error: Connection reset by peer)</span></li>
<li class="join">[<a href="#T00:05:43" id="T00:05:43"><abbr title="2016-01-04T00:05:43+00:00">00:05:43</abbr></a>] <span>* Nico44 (~Nico44@crb44-1-82-67-127-241.fbx.proxad.net) has joined #beagle</span></li>
<li class="quit">[<a href="#T00:06:57" id="T00:06:57"><abbr title="2016-01-04T00:06:57+00:00">00:06:57</abbr></a>] <span>* Nico44 (~Nico44@crb44-1-82-67-127-241.fbx.proxad.net) Quit (Read error: Connection reset by peer)</span></li>
<li class="join">[<a href="#T00:07:21" id="T00:07:21"><abbr title="2016-01-04T00:07:21+00:00">00:07:21</abbr></a>] <span>* Nico44 (~Nico44@crb44-1-82-67-127-241.fbx.proxad.net) has joined #beagle</span></li>
<li class="join">[<a href="#T00:08:54" id="T00:08:54"><abbr title="2016-01-04T00:08:54+00:00">00:08:54</abbr></a>] <span>* Nico44_ (~Nico44@crb44-1-82-67-127-241.fbx.proxad.net) has joined #beagle</span></li>
<li class="quit">[<a href="#T00:08:55" id="T00:08:55"><abbr title="2016-01-04T00:08:55+00:00">00:08:55</abbr></a>] <span>* Nico44 (~Nico44@crb44-1-82-67-127-241.fbx.proxad.net) Quit (Read error: Connection reset by peer)</span></li>
<li class="join">[<a href="#T00:10:25" id="T00:10:25"><abbr title="2016-01-04T00:10:25+00:00">00:10:25</abbr></a>] <span>* Nico44 (~Nico44@crb44-1-82-67-127-241.fbx.proxad.net) has joined #beagle</span></li>
<li class="quit">[<abbr title="2016-01-04T00:10:25+00:00">00:10:25</abbr>] <span>* Nico44_ (~Nico44@crb44-1-82-67-127-241.fbx.proxad.net) Quit (Read error: Connection reset by peer)</span></li>
<li class="quit">[<a href="#T00:11:49" id="T00:11:49"><abbr title="2016-01-04T00:11:49+00:00">00:11:49</abbr></a>] <span>* Nico44 (~Nico44@crb44-1-82-67-127-241.fbx.proxad.net) Quit (Read error: Connection reset by peer)</span></li>
<li class="join">[<a href="#T00:12:13" id="T00:12:13"><abbr title="2016-01-04T00:12:13+00:00">00:12:13</abbr></a>] <span>* Nico44 (~Nico44@crb44-1-82-67-127-241.fbx.proxad.net) has joined #beagle</span></li>
<li class="quit">[<a href="#T00:13:22" id="T00:13:22"><abbr title="2016-01-04T00:13:22+00:00">00:13:22</abbr></a>] <span>* Nico44 (~Nico44@crb44-1-82-67-127-241.fbx.proxad.net) Quit (Read error: Connection reset by peer)</span></li>
<li class="join">[<a href="#T00:13:53" id="T00:13:53"><abbr title="2016-01-04T00:13:53+00:00">00:13:53</abbr></a>] <span>* Nico44 (~Nico44@crb44-1-82-67-127-241.fbx.proxad.net) has joined #beagle</span></li>
<li class="quit">[<a href="#T00:15:01" id="T00:15:01"><abbr title="2016-01-04T00:15:01+00:00">00:15:01</abbr></a>] <span>* Nico44 (~Nico44@crb44-1-82-67-127-241.fbx.proxad.net) Quit (Read error: Connection reset by peer)</span></li>
<li class="join">[<a href="#T00:15:38" id="T00:15:38"><abbr title="2016-01-04T00:15:38+00:00">00:15:38</abbr></a>] <span>* Nico44 (~Nico44@crb44-1-82-67-127-241.fbx.proxad.net) has joined #beagle</span></li>
<li class="quit">[<a href="#T00:16:33" id="T00:16:33"><abbr title="2016-01-04T00:16:33+00:00">00:16:33</abbr></a>] <span>* Nico44 (~Nico44@crb44-1-82-67-127-241.fbx.proxad.net) Quit (Read error: Connection reset by peer)</span></li>
<li class="join">[<a href="#T00:17:03" id="T00:17:03"><abbr title="2016-01-04T00:17:03+00:00">00:17:03</abbr></a>] <span>* Nico44 (~Nico44@crb44-1-82-67-127-241.fbx.proxad.net) has joined #beagle</span></li>
<li class="quit">[<a href="#T00:18:12" id="T00:18:12"><abbr title="2016-01-04T00:18:12+00:00">00:18:12</abbr></a>] <span>* Nico44 (~Nico44@crb44-1-82-67-127-241.fbx.proxad.net) Quit (Read error: Connection reset by peer)</span></li>
<li class="join">[<a href="#T00:18:55" id="T00:18:55"><abbr title="2016-01-04T00:18:55+00:00">00:18:55</abbr></a>] <span>* Nico44 (~Nico44@crb44-1-82-67-127-241.fbx.proxad.net) has joined #beagle</span></li>
<li class="quit">[<a href="#T00:19:48" id="T00:19:48"><abbr title="2016-01-04T00:19:48+00:00">00:19:48</abbr></a>] <span>* Nico44 (~Nico44@crb44-1-82-67-127-241.fbx.proxad.net) Quit (Read error: Connection reset by peer)</span></li>
<li class="join">[<a href="#T00:20:20" id="T00:20:20"><abbr title="2016-01-04T00:20:20+00:00">00:20:20</abbr></a>] <span>* Nico44 (~Nico44@crb44-1-82-67-127-241.fbx.proxad.net) has joined #beagle</span></li>
<li class="quit">[<a href="#T00:21:36" id="T00:21:36"><abbr title="2016-01-04T00:21:36+00:00">00:21:36</abbr></a>] <span>* Nico44 (~Nico44@crb44-1-82-67-127-241.fbx.proxad.net) Quit (Read error: Connection reset by peer)</span></li>
<li class="quit">[<a href="#T00:21:42" id="T00:21:42"><abbr title="2016-01-04T00:21:42+00:00">00:21:42</abbr></a>] <span>* JetForMe (~JetForMe@c-50-168-55-93.hsd1.ca.comcast.net) Quit (Quit: Leaving...)</span></li>
<li class="join">[<a href="#T00:22:00" id="T00:22:00"><abbr title="2016-01-04T00:22:00+00:00">00:22:00</abbr></a>] <span>* Nico44 (~Nico44@crb44-1-82-67-127-241.fbx.proxad.net) has joined #beagle</span></li>
<li class="quit">[<a href="#T00:23:28" id="T00:23:28"><abbr title="2016-01-04T00:23:28+00:00">00:23:28</abbr></a>] <span>* Nico44 (~Nico44@crb44-1-82-67-127-241.fbx.proxad.net) Quit (Read error: Connection reset by peer)</span></li>
<li class="join">[<a href="#T00:23:40" id="T00:23:40"><abbr title="2016-01-04T00:23:40+00:00">00:23:40</abbr></a>] <span>* Nico44 (~Nico44@crb44-1-82-67-127-241.fbx.proxad.net) has joined #beagle</span></li>
<li class="quit">[<a href="#T00:24:48" id="T00:24:48"><abbr title="2016-01-04T00:24:48+00:00">00:24:48</abbr></a>] <span>* Nico44 (~Nico44@crb44-1-82-67-127-241.fbx.proxad.net) Quit (Read error: Connection reset by peer)</span></li>
<li class="join">[<a href="#T00:25:15" id="T00:25:15"><abbr title="2016-01-04T00:25:15+00:00">00:25:15</abbr></a>] <span>* Nico44 (~Nico44@crb44-1-82-67-127-241.fbx.proxad.net) has joined #beagle</span></li>
<li class="quit">[<a href="#T00:26:23" id="T00:26:23"><abbr title="2016-01-04T00:26:23+00:00">00:26:23</abbr></a>] <span>* Nico44 (~Nico44@crb44-1-82-67-127-241.fbx.proxad.net) Quit (Read error: Connection reset by peer)</span></li>
<li class="join">[<a href="#T00:26:48" id="T00:26:48"><abbr title="2016-01-04T00:26:48+00:00">00:26:48</abbr></a>] <span>* Nico44 (~Nico44@crb44-1-82-67-127-241.fbx.proxad.net) has joined #beagle</span></li>
<li class="quit">[<a href="#T00:28:06" id="T00:28:06"><abbr title="2016-01-04T00:28:06+00:00">00:28:06</abbr></a>] <span>* Nico44 (~Nico44@crb44-1-82-67-127-241.fbx.proxad.net) Quit (Read error: Connection reset by peer)</span></li>
<li class="join">[<a href="#T00:28:23" id="T00:28:23"><abbr title="2016-01-04T00:28:23+00:00">00:28:23</abbr></a>] <span>* Nico44 (~Nico44@crb44-1-82-67-127-241.fbx.proxad.net) has joined #beagle</span></li>
<li class="quit">[<a href="#T00:29:48" id="T00:29:48"><abbr title="2016-01-04T00:29:48+00:00">00:29:48</abbr></a>] <span>* Nico44 (~Nico44@crb44-1-82-67-127-241.fbx.proxad.net) Quit (Read error: Connection reset by peer)</span></li>
<li class="join">[<a href="#T00:30:13" id="T00:30:13"><abbr title="2016-01-04T00:30:13+00:00">00:30:13</abbr></a>] <span>* Nico44 (~Nico44@crb44-1-82-67-127-241.fbx.proxad.net) has joined #beagle</span></li>
<li class="quit">[<a href="#T00:31:16" id="T00:31:16"><abbr title="2016-01-04T00:31:16+00:00">00:31:16</abbr></a>] <span>* Nico44 (~Nico44@crb44-1-82-67-127-241.fbx.proxad.net) Quit (Read error: No route to host)</span></li>
<li class="join">[<a href="#T00:32:02" id="T00:32:02"><abbr title="2016-01-04T00:32:02+00:00">00:32:02</abbr></a>] <span>* Nico44 (~Nico44@crb44-1-82-67-127-241.fbx.proxad.net) has joined #beagle</span></li>
<li class="quit">[<a href="#T00:33:09" id="T00:33:09"><abbr title="2016-01-04T00:33:09+00:00">00:33:09</abbr></a>] <span>* Nico44 (~Nico44@crb44-1-82-67-127-241.fbx.proxad.net) Quit (Read error: Connection reset by peer)</span></li>
<li class="join">[<a href="#T00:33:23" id="T00:33:23"><abbr title="2016-01-04T00:33:23+00:00">00:33:23</abbr></a>] <span>* Nico44 (~Nico44@crb44-1-82-67-127-241.fbx.proxad.net) has joined #beagle</span></li>
<li class="quit">[<a href="#T00:34:32" id="T00:34:32"><abbr title="2016-01-04T00:34:32+00:00">00:34:32</abbr></a>] <span>* Nico44 (~Nico44@crb44-1-82-67-127-241.fbx.proxad.net) Quit (Read error: Connection reset by peer)</span></li>
<li class="join">[<a href="#T00:35:07" id="T00:35:07"><abbr title="2016-01-04T00:35:07+00:00">00:35:07</abbr></a>] <span>* Nico44 (~Nico44@crb44-1-82-67-127-241.fbx.proxad.net) has joined #beagle</span></li>
<li class="quit">[<a href="#T00:36:17" id="T00:36:17"><abbr title="2016-01-04T00:36:17+00:00">00:36:17</abbr></a>] <span>* Nico44 (~Nico44@crb44-1-82-67-127-241.fbx.proxad.net) Quit (Read error: Connection reset by peer)</span></li>
<li class="join">[<a href="#T00:36:43" id="T00:36:43"><abbr title="2016-01-04T00:36:43+00:00">00:36:43</abbr></a>] <span>* Nico44 (~Nico44@crb44-1-82-67-127-241.fbx.proxad.net) has joined #beagle</span></li>
<li class="quit">[<a href="#T00:37:55" id="T00:37:55"><abbr title="2016-01-04T00:37:55+00:00">00:37:55</abbr></a>] <span>* Nico44 (~Nico44@crb44-1-82-67-127-241.fbx.proxad.net) Quit (Read error: Connection reset by peer)</span></li>
<li class="join">[<a href="#T00:38:23" id="T00:38:23"><abbr title="2016-01-04T00:38:23+00:00">00:38:23</abbr></a>] <span>* Nico44 (~Nico44@crb44-1-82-67-127-241.fbx.proxad.net) has joined #beagle</span></li>
<li class="quit">[<a href="#T00:39:26" id="T00:39:26"><abbr title="2016-01-04T00:39:26+00:00">00:39:26</abbr></a>] <span>* Nico44 (~Nico44@crb44-1-82-67-127-241.fbx.proxad.net) Quit (Read error: Connection reset by peer)</span></li>
<li class="join">[<a href="#T00:39:54" id="T00:39:54"><abbr title="2016-01-04T00:39:54+00:00">00:39:54</abbr></a>] <span>* Nico44 (~Nico44@crb44-1-82-67-127-241.fbx.proxad.net) has joined #beagle</span></li>
<li class="quit">[<a href="#T00:41:00" id="T00:41:00"><abbr title="2016-01-04T00:41:00+00:00">00:41:00</abbr></a>] <span>* Nico44 (~Nico44@crb44-1-82-67-127-241.fbx.proxad.net) Quit (Read error: No route to host)</span></li>
<li class="join">[<a href="#T00:41:34" id="T00:41:34"><abbr title="2016-01-04T00:41:34+00:00">00:41:34</abbr></a>] <span>* Nico44 (~Nico44@crb44-1-82-67-127-241.fbx.proxad.net) has joined #beagle</span></li>
<li class="quit">[<a href="#T00:42:47" id="T00:42:47"><abbr title="2016-01-04T00:42:47+00:00">00:42:47</abbr></a>] <span>* Nico44 (~Nico44@crb44-1-82-67-127-241.fbx.proxad.net) Quit (Read error: No route to host)</span></li>
<li class="join">[<a href="#T00:43:09" id="T00:43:09"><abbr title="2016-01-04T00:43:09+00:00">00:43:09</abbr></a>] <span>* Nico44 (~Nico44@crb44-1-82-67-127-241.fbx.proxad.net) has joined #beagle</span></li>
<li class="quit">[<a href="#T00:44:19" id="T00:44:19"><abbr title="2016-01-04T00:44:19+00:00">00:44:19</abbr></a>] <span>* Nico44 (~Nico44@crb44-1-82-67-127-241.fbx.proxad.net) Quit (Read error: No route to host)</span></li>
<li class="join">[<a href="#T00:44:49" id="T00:44:49"><abbr title="2016-01-04T00:44:49+00:00">00:44:49</abbr></a>] <span>* Nico44 (~Nico44@crb44-1-82-67-127-241.fbx.proxad.net) has joined #beagle</span></li>
<li class="quit">[<a href="#T00:45:55" id="T00:45:55"><abbr title="2016-01-04T00:45:55+00:00">00:45:55</abbr></a>] <span>* Nico44 (~Nico44@crb44-1-82-67-127-241.fbx.proxad.net) Quit (Read error: Connection reset by peer)</span></li>
<li class="join">[<a href="#T00:46:39" id="T00:46:39"><abbr title="2016-01-04T00:46:39+00:00">00:46:39</abbr></a>] <span>* Nico44 (~Nico44@crb44-1-82-67-127-241.fbx.proxad.net) has joined #beagle</span></li>
<li class="quit">[<a href="#T00:47:37" id="T00:47:37"><abbr title="2016-01-04T00:47:37+00:00">00:47:37</abbr></a>] <span>* Nico44 (~Nico44@crb44-1-82-67-127-241.fbx.proxad.net) Quit (Read error: Connection reset by peer)</span></li>
<li class="quit">[<a href="#T00:48:07" id="T00:48:07"><abbr title="2016-01-04T00:48:07+00:00">00:48:07</abbr></a>] <span>* jdawgaz (~Jerry@ip70-176-27-239.ph.ph.cox.net) Quit (Quit: My Mac has gone to sleep. ZZZzzz…)</span></li>
<li class="join">[<a href="#T00:48:13" id="T00:48:13"><abbr title="2016-01-04T00:48:13+00:00">00:48:13</abbr></a>] <span>* Nico44 (~Nico44@crb44-1-82-67-127-241.fbx.proxad.net) has joined #beagle</span></li>
<li class="quit">[<a href="#T00:49:21" id="T00:49:21"><abbr title="2016-01-04T00:49:21+00:00">00:49:21</abbr></a>] <span>* Nico44 (~Nico44@crb44-1-82-67-127-241.fbx.proxad.net) Quit (Read error: Connection reset by peer)</span></li>
<li class="join">[<a href="#T00:49:43" id="T00:49:43"><abbr title="2016-01-04T00:49:43+00:00">00:49:43</abbr></a>] <span>* Nico44 (~Nico44@crb44-1-82-67-127-241.fbx.proxad.net) has joined #beagle</span></li>
<li class="join">[<a href="#T00:50:25" id="T00:50:25"><abbr title="2016-01-04T00:50:25+00:00">00:50:25</abbr></a>] <span>* jdawgaz (~Jerry@ip70-176-27-239.ph.ph.cox.net) has joined #beaglebone</span></li>
<li class="quit">[<a href="#T00:51:06" id="T00:51:06"><abbr title="2016-01-04T00:51:06+00:00">00:51:06</abbr></a>] <span>* Nico44 (~Nico44@crb44-1-82-67-127-241.fbx.proxad.net) Quit (Read error: No route to host)</span></li>
<li class="join">[<a href="#T00:51:33" id="T00:51:33"><abbr title="2016-01-04T00:51:33+00:00">00:51:33</abbr></a>] <span>* Nico44 (~Nico44@crb44-1-82-67-127-241.fbx.proxad.net) has joined #beagle</span></li>
<li class="quit">[<a href="#T00:52:33" id="T00:52:33"><abbr title="2016-01-04T00:52:33+00:00">00:52:33</abbr></a>] <span>* Nico44 (~Nico44@crb44-1-82-67-127-241.fbx.proxad.net) Quit (Read error: Connection reset by peer)</span></li>
<li class="join">[<a href="#T00:53:13" id="T00:53:13"><abbr title="2016-01-04T00:53:13+00:00">00:53:13</abbr></a>] <span>* Nico44 (~Nico44@crb44-1-82-67-127-241.fbx.proxad.net) has joined #beagle</span></li>
<li class="quit">[<a href="#T00:54:17" id="T00:54:17"><abbr title="2016-01-04T00:54:17+00:00">00:54:17</abbr></a>] <span>* Nico44 (~Nico44@crb44-1-82-67-127-241.fbx.proxad.net) Quit (Read error: Connection reset by peer)</span></li>
<li class="join">[<a href="#T00:54:39" id="T00:54:39"><abbr title="2016-01-04T00:54:39+00:00">00:54:39</abbr></a>] <span>* Nico44 (~Nico44@crb44-1-82-67-127-241.fbx.proxad.net) has joined #beagle</span></li>
<li class="quit">[<a href="#T00:54:42" id="T00:54:42"><abbr title="2016-01-04T00:54:42+00:00">00:54:42</abbr></a>] <span>* darkfader (~darkfader@2001:610:600:896d:498a:d1b1:953f:71d4) Quit (Quit: darkfader)</span></li>
<li class="join">[<a href="#T00:55:30" id="T00:55:30"><abbr title="2016-01-04T00:55:30+00:00">00:55:30</abbr></a>] <span>* darkfader (~darkfader@ip3e8346be.speed.planet.nl) has joined #beagle</span></li>
<li class="quit">[<a href="#T00:55:45" id="T00:55:45"><abbr title="2016-01-04T00:55:45+00:00">00:55:45</abbr></a>] <span>* Nico44 (~Nico44@crb44-1-82-67-127-241.fbx.proxad.net) Quit (Read error: No route to host)</span></li>
<li class="join">[<a href="#T00:56:27" id="T00:56:27"><abbr title="2016-01-04T00:56:27+00:00">00:56:27</abbr></a>] <span>* Nico44 (~Nico44@crb44-1-82-67-127-241.fbx.proxad.net) has joined #beagle</span></li>
<li class="quit">[<a href="#T00:57:21" id="T00:57:21"><abbr title="2016-01-04T00:57:21+00:00">00:57:21</abbr></a>] <span>* Nico44 (~Nico44@crb44-1-82-67-127-241.fbx.proxad.net) Quit (Read error: Connection reset by peer)</span></li>
<li class="join">[<a href="#T00:58:05" id="T00:58:05"><abbr title="2016-01-04T00:58:05+00:00">00:58:05</abbr></a>] <span>* Nico44 (~Nico44@crb44-1-82-67-127-241.fbx.proxad.net) has joined #beagle</span></li>
<li class="quit">[<a href="#T00:59:04" id="T00:59:04"><abbr title="2016-01-04T00:59:04+00:00">00:59:04</abbr></a>] <span>* Nico44 (~Nico44@crb44-1-82-67-127-241.fbx.proxad.net) Quit (Read error: No route to host)</span></li>
<li class="join">[<a href="#T00:59:45" id="T00:59:45"><abbr title="2016-01-04T00:59:45+00:00">00:59:45</abbr></a>] <span>* Nico44 (~Nico44@crb44-1-82-67-127-241.fbx.proxad.net) has joined #beagle</span></li>
