<li class="join">[<a href="#T00:01:07" id="T00:01:07"><abbr title="2016-01-15T00:01:07+00:00">00:01:07</abbr></a>] <span>* BeagleBot (~PircBot@ec2-50-17-196-130.compute-1.amazonaws.com) has joined #beagle</span></li>
<li class="topic">[<a href="#T00:01:08" id="T00:01:08"><abbr title="2016-01-15T00:01:08+00:00">00:01:08</abbr></a>] <span>* Topic is '<a href="http://beagleboard.org/chat">http://beagleboard.org/chat</a> has a guide on how to ask questions and links to the logs | never ask to ask, just ask | be patient | pastebin a boot log | <a href="http://ahsoftware.de/Beaglebone_Black_Boot_explained.svg">http://ahsoftware.de/Beaglebone_Black_Boot_explained.svg</a> | <a href="http://beagleboard.org/latest-images">http://beagleboard.org/latest-images</a> | <a href="http://beagleboard.org/Support/bone101">http://beagleboard.org/Support/bone101</a> | direct bonescript/node.js questions to #beagle-bonescript | books: <a href="http://bit.ly/bbb-books'">http://bit.ly/bbb-books'</a></span></li>
<li class="topic">[<abbr title="2016-01-15T00:01:08+00:00">00:01:08</abbr>] <span>* Set by KotH!~attila@erica.kinali.ch on Wed Jul 15 13:55:07 UTC 2015</span></li>
<li class="join">[<abbr title="2016-01-15T00:01:08+00:00">00:01:08</abbr>] <span>* BeagleBot (~PircBot@ec2-50-17-196-130.compute-1.amazonaws.com) has joined #beagleboard</span></li>
<li class="join">[<abbr title="2016-01-15T00:01:08+00:00">00:01:08</abbr>] <span>* BeagleBot (~PircBot@ec2-50-17-196-130.compute-1.amazonaws.com) has joined #beaglebone</span></li>
<li class="quit">[<a href="#T00:01:49" id="T00:01:49"><abbr title="2016-01-15T00:01:49+00:00">00:01:49</abbr></a>] <span>* nashpa (~nashpa@dliviu.plus.com) Quit (Quit: Going away)</span></li>
<li class="join">[<a href="#T00:02:12" id="T00:02:12"><abbr title="2016-01-15T00:02:12+00:00">00:02:12</abbr></a>] <span>* nerdboy (~sarnold@gatekeeper.gentoogeek.org) has joined #beagle</span></li>
<li class="join">[<a href="#T00:02:34" id="T00:02:34"><abbr title="2016-01-15T00:02:34+00:00">00:02:34</abbr></a>] <span>* nashpa (~nashpa@dliviu.plus.com) has joined #beagle</span></li>
<li class="quit">[<a href="#T00:05:59" id="T00:05:59"><abbr title="2016-01-15T00:05:59+00:00">00:05:59</abbr></a>] <span>* nerdboy (~sarnold@gatekeeper.gentoogeek.org) Quit (Changing host)</span></li>
<li class="join">[<abbr title="2016-01-15T00:05:59+00:00">00:05:59</abbr>] <span>* nerdboy (~sarnold@gentoo/developer/nerdboy) has joined #beagle</span></li>
<li class="quit">[<a href="#T00:06:21" id="T00:06:21"><abbr title="2016-01-15T00:06:21+00:00">00:06:21</abbr></a>] <span>* thurgoo__ (~thurgood@67.198.113.218) Quit (Remote host closed the connection)</span></li>
<li class="join">[<a href="#T00:07:00" id="T00:07:00"><abbr title="2016-01-15T00:07:00+00:00">00:07:00</abbr></a>] <span>* thurgood_ (~thurgood@67-198-113-218.static.grandenetworks.net) has joined #beagle</span></li>
<li class="quit">[<a href="#T00:11:30" id="T00:11:30"><abbr title="2016-01-15T00:11:30+00:00">00:11:30</abbr></a>] <span>* thurgood_ (~thurgood@67-198-113-218.static.grandenetworks.net) Quit (Ping timeout: 260 seconds)</span></li>
<li class="quit">[<a href="#T00:12:47" id="T00:12:47"><abbr title="2016-01-15T00:12:47+00:00">00:12:47</abbr></a>] <span>* bostondriver (~mcambria@68.128.155.223) Quit (Ping timeout: 264 seconds)</span></li>
<li class="quit">[<a href="#T00:47:26" id="T00:47:26"><abbr title="2016-01-15T00:47:26+00:00">00:47:26</abbr></a>] <span>* Akex_ (uid58281@gateway/web/irccloud.com/x-hpysyuufxvysdtwp) Quit (Quit: Connection closed for inactivity)</span></li>
<li class="quit">[<a href="#T00:48:08" id="T00:48:08"><abbr title="2016-01-15T00:48:08+00:00">00:48:08</abbr></a>] <span>* florian (~fuchs@Maemo/community/contributor/florian) Quit (Ping timeout: 250 seconds)</span></li>
<li class="join">[<a href="#T01:12:09" id="T01:12:09"><abbr title="2016-01-15T01:12:09+00:00">01:12:09</abbr></a>] <span>* dgerlach1 (~dgerlach@192.91.75.30) has joined #beagle</span></li>
<li class="nick-change">[<a href="#T01:25:10" id="T01:25:10"><abbr title="2016-01-15T01:25:10+00:00">01:25:10</abbr></a>] <span>* docularxu is now known as guodong</span></li>
<li class="join">[<a href="#T01:29:14" id="T01:29:14"><abbr title="2016-01-15T01:29:14+00:00">01:29:14</abbr></a>] <span>* zauslande (~zauslande@66.53.80.199) has joined #beagle</span></li>
<li class="quit">[<a href="#T01:29:46" id="T01:29:46"><abbr title="2016-01-15T01:29:46+00:00">01:29:46</abbr></a>] <span>* bizarro_1 (~bizarro_1@113.Red-81-37-212.dynamicIP.rima-tde.net) Quit (Read error: Connection reset by peer)</span></li>
<li class="part">[<a href="#T01:30:17" id="T01:30:17"><abbr title="2016-01-15T01:30:17+00:00">01:30:17</abbr></a>] <span>* zauslande (~zauslande@66.53.80.199) has left #beagle</span></li>
<li class="quit">[<a href="#T01:36:22" id="T01:36:22"><abbr title="2016-01-15T01:36:22+00:00">01:36:22</abbr></a>] <span>* h0ser (~h0ser@c-50-164-35-198.hsd1.pa.comcast.net) Quit (Quit: Leaving)</span></li>
<li class="quit">[<a href="#T01:40:36" id="T01:40:36"><abbr title="2016-01-15T01:40:36+00:00">01:40:36</abbr></a>] <span>* dgerlach1 (~dgerlach@192.91.75.30) Quit (Ping timeout: 272 seconds)</span></li>
<li class="join">[<a href="#T01:41:44" id="T01:41:44"><abbr title="2016-01-15T01:41:44+00:00">01:41:44</abbr></a>] <span>* SpeedEvil (~quassel@tor/regular/SpeedEvil) has joined #beagle</span></li>
<li class="join">[<a href="#T01:45:30" id="T01:45:30"><abbr title="2016-01-15T01:45:30+00:00">01:45:30</abbr></a>] <span>* natsurou (~natsurou@190.43.62.253) has joined #beagle</span></li>
<li class="message">[<a href="#T01:49:17" id="T01:49:17"><abbr title="2016-01-15T01:49:17+00:00">01:49:17</abbr></a>] &lt;<cite>zmatt</cite>&gt; <q>yates: it only reads.  also, ouch! 3.3V on vdd_mpu ?  that sounds like a fast and easy route to fry the chip</q></li>
<li class="message">[<a href="#T01:50:57" id="T01:50:57"><abbr title="2016-01-15T01:50:57+00:00">01:50:57</abbr></a>] &lt;<cite>zmatt</cite>&gt; <q>you didn't accidently get a tps65217a instead of tps65217c or d ?</q></li>
<li class="quit">[<a href="#T01:53:54" id="T01:53:54"><abbr title="2016-01-15T01:53:54+00:00">01:53:54</abbr></a>] <span>* emeb (~ericb@ip68-2-68-52.ph.ph.cox.net) Quit (Quit: Leaving.)</span></li>
<li class="join">[<a href="#T02:04:02" id="T02:04:02"><abbr title="2016-01-15T02:04:02+00:00">02:04:02</abbr></a>] <span>* ayjay (~ajp@216.106.134.146) has joined #beagle</span></li>
<li class="join">[<a href="#T02:08:53" id="T02:08:53"><abbr title="2016-01-15T02:08:53+00:00">02:08:53</abbr></a>] <span>* BB-Green (6034e7d3@gateway/web/freenode/ip.96.52.231.211) has joined #beagle</span></li>
<li class="message">[<a href="#T02:10:36" id="T02:10:36"><abbr title="2016-01-15T02:10:36+00:00">02:10:36</abbr></a>] &lt;<cite>BB-Green</cite>&gt; <q>Hi guys, I have been thinking of purchasing the BB green from seeed, but i've noticed that it doesn't have a barrel power input. does that mean I can't porvide enough power to USB wifi dongles?</q></li>
<li class="quit">[<a href="#T02:11:59" id="T02:11:59"><abbr title="2016-01-15T02:11:59+00:00">02:11:59</abbr></a>] <span>* Humpelstilzchen (erik@x55b1d438.dyn.telefonica.de) Quit (Ping timeout: 255 seconds)</span></li>
<li class="quit">[<a href="#T02:15:37" id="T02:15:37"><abbr title="2016-01-15T02:15:37+00:00">02:15:37</abbr></a>] <span>* poffs (~poffs@46.174.191.25) Quit (Quit: Leaving)</span></li>
<li class="join">[<a href="#T02:17:51" id="T02:17:51"><abbr title="2016-01-15T02:17:51+00:00">02:17:51</abbr></a>] <span>* Humpelstilzchen (erik@x55b028f0.dyn.telefonica.de) has joined #beagle</span></li>
<li class="message">[<a href="#T02:17:59" id="T02:17:59"><abbr title="2016-01-15T02:17:59+00:00">02:17:59</abbr></a>] &lt;<cite>BB-Green</cite>&gt; <q>Anybody?</q></li>
<li class="quit">[<a href="#T02:25:18" id="T02:25:18"><abbr title="2016-01-15T02:25:18+00:00">02:25:18</abbr></a>] <span>* j12t_ (~j12t@c-50-136-206-246.hsd1.ca.comcast.net) Quit (Ping timeout: 265 seconds)</span></li>
<li class="message">[<a href="#T02:28:09" id="T02:28:09"><abbr title="2016-01-15T02:28:09+00:00">02:28:09</abbr></a>] &lt;<cite>wmat</cite>&gt; <q>BB-Green: yes, or you can add external power @5V via the P9 expansion header</q></li>
<li class="message">[<a href="#T02:29:10" id="T02:29:10"><abbr title="2016-01-15T02:29:10+00:00">02:29:10</abbr></a>] &lt;<cite>BB-Green</cite>&gt; <q>Does that require a seperate cape, or do I just need to strip a 5V power supply?</q></li>
<li class="message">[<a href="#T02:30:26" id="T02:30:26"><abbr title="2016-01-15T02:30:26+00:00">02:30:26</abbr></a>] &lt;<cite>wmat</cite>&gt; <q>BB-Green: see here <a href="http://www.seeedstudio.com/wiki/images/0/0f/BBG_SRM_V1a_20151009.pdf">http://www.seeedstudio.com/wiki/images/0/0f/BBG_SRM_V1a_20151009.pdf</a></q></li>
<li class="message">[<a href="#T02:30:36" id="T02:30:36"><abbr title="2016-01-15T02:30:36+00:00">02:30:36</abbr></a>] &lt;<cite>wmat</cite>&gt; <q>BB-Green: search for P9</q></li>
<li class="message">[<a href="#T02:34:32" id="T02:34:32"><abbr title="2016-01-15T02:34:32+00:00">02:34:32</abbr></a>] &lt;<cite>BB-Green</cite>&gt; <q>OK So if I understand correctly, P9 is the second row of 23 pins on the board. to power the board through p9, do I just plug in +VDC to one side, and GND to the other? the literature is not very clear on this matter.</q></li>
<li class="message">[<a href="#T02:44:38" id="T02:44:38"><abbr title="2016-01-15T02:44:38+00:00">02:44:38</abbr></a>] &lt;<cite>wmat</cite>&gt; <q>well, sadly i don't have a Green. My recommendation would be to read the SRM section a dozen times. That's what i do.</q></li>
<li class="message">[<a href="#T02:45:09" id="T02:45:09"><abbr title="2016-01-15T02:45:09+00:00">02:45:09</abbr></a>] &lt;<cite>BB-Green</cite>&gt; <q>Haha ok it seems do-able!</q></li>
<li class="nick-change">[<a href="#T02:47:59" id="T02:47:59"><abbr title="2016-01-15T02:47:59+00:00">02:47:59</abbr></a>] <span>* kilroi is now known as kilroi_off</span></li>
<li class="join">[<a href="#T02:52:14" id="T02:52:14"><abbr title="2016-01-15T02:52:14+00:00">02:52:14</abbr></a>] <span>* isacdaavid_ (~isaac@187.211.213.217) has joined #beagle</span></li>
<li class="nick-change">[<a href="#T02:52:20" id="T02:52:20"><abbr title="2016-01-15T02:52:20+00:00">02:52:20</abbr></a>] <span>* isacdaavid_ is now known as isacdaavid</span></li>
<li class="join">[<a href="#T02:53:17" id="T02:53:17"><abbr title="2016-01-15T02:53:17+00:00">02:53:17</abbr></a>] <span>* j12t (~j12t@c-50-136-206-246.hsd1.ca.comcast.net) has joined #beagle</span></li>
<li class="message">[<a href="#T02:53:35" id="T02:53:35"><abbr title="2016-01-15T02:53:35+00:00">02:53:35</abbr></a>] &lt;<cite>BB-Green</cite>&gt; <q>So it says pins 5 and 6 are for VDD 5V from an external supply, but it doesn't specify which one is positive or negative</q></li>
<li class="quit">[<a href="#T02:58:48" id="T02:58:48"><abbr title="2016-01-15T02:58:48+00:00">02:58:48</abbr></a>] <span>* j12t (~j12t@c-50-136-206-246.hsd1.ca.comcast.net) Quit (Remote host closed the connection)</span></li>
<li class="quit">[<a href="#T03:00:19" id="T03:00:19"><abbr title="2016-01-15T03:00:19+00:00">03:00:19</abbr></a>] <span>* isacdaavid (~isaac@187.211.213.217) Quit (Quit: isacdaavid)</span></li>
<li class="join">[<a href="#T03:00:39" id="T03:00:39"><abbr title="2016-01-15T03:00:39+00:00">03:00:39</abbr></a>] <span>* isacdaavid (~isaac@187.211.213.217) has joined #beagle</span></li>
<li class="join">[<a href="#T03:06:00" id="T03:06:00"><abbr title="2016-01-15T03:06:00+00:00">03:06:00</abbr></a>] <span>* Ceriand|desktop (~Ceriand@unaffiliated/ceriand) has joined #beagle</span></li>
<li class="join">[<a href="#T03:19:13" id="T03:19:13"><abbr title="2016-01-15T03:19:13+00:00">03:19:13</abbr></a>] <span>* VirG (~VirGin@c-98-207-169-231.hsd1.ca.comcast.net) has joined #beagle</span></li>
<li class="quit">[<a href="#T03:22:00" id="T03:22:00"><abbr title="2016-01-15T03:22:00+00:00">03:22:00</abbr></a>] <span>* BB-Green (6034e7d3@gateway/web/freenode/ip.96.52.231.211) Quit (Ping timeout: 252 seconds)</span></li>
<li class="quit">[<a href="#T03:22:33" id="T03:22:33"><abbr title="2016-01-15T03:22:33+00:00">03:22:33</abbr></a>] <span>* cebarth (32c62dbd@gateway/web/freenode/ip.50.198.45.189) Quit (Ping timeout: 252 seconds)</span></li>
<li class="message">[<a href="#T03:23:07" id="T03:23:07"><abbr title="2016-01-15T03:23:07+00:00">03:23:07</abbr></a>] &lt;<cite>yates</cite>&gt; <q>zmatt: that's what our hardware guy was thinking too, but the package says c</q></li>
<li class="message">[<a href="#T03:23:36" id="T03:23:36"><abbr title="2016-01-15T03:23:36+00:00">03:23:36</abbr></a>] &lt;<cite>yates</cite>&gt; <q>thanks for the "read" clarification.</q></li>
<li class="message">[<a href="#T03:24:11" id="T03:24:11"><abbr title="2016-01-15T03:24:11+00:00">03:24:11</abbr></a>] &lt;<cite>yates</cite>&gt; <q>the funny thing is, it was initially at 1.1V, then a few days later it went to 3.3V.</q></li>
<li class="message">[<a href="#T03:24:18" id="T03:24:18"><abbr title="2016-01-15T03:24:18+00:00">03:24:18</abbr></a>] &lt;<cite>yates</cite>&gt; <q>for some reason...</q></li>
<li class="quit">[<a href="#T03:28:23" id="T03:28:23"><abbr title="2016-01-15T03:28:23+00:00">03:28:23</abbr></a>] <span>* natsurou (~natsurou@190.43.62.253) Quit (Ping timeout: 264 seconds)</span></li>
<li class="quit">[<a href="#T03:43:33" id="T03:43:33"><abbr title="2016-01-15T03:43:33+00:00">03:43:33</abbr></a>] <span>* VirG (~VirGin@c-98-207-169-231.hsd1.ca.comcast.net) Quit (Quit: Leaving.)</span></li>
<li class="join">[<a href="#T04:15:18" id="T04:15:18"><abbr title="2016-01-15T04:15:18+00:00">04:15:18</abbr></a>] <span>* poffs (~poffs@46.174.191.25) has joined #beagle</span></li>
<li class="quit">[<a href="#T04:18:52" id="T04:18:52"><abbr title="2016-01-15T04:18:52+00:00">04:18:52</abbr></a>] <span>* manuel_ (~manuel@pD9FDD9A1.dip0.t-ipconnect.de) Quit (Quit: manuel_)</span></li>
<li class="join">[<a href="#T04:23:22" id="T04:23:22"><abbr title="2016-01-15T04:23:22+00:00">04:23:22</abbr></a>] <span>* Humpelst1lzchen (erik@f050168237.adsl.alicedsl.de) has joined #beagle</span></li>
<li class="quit">[<a href="#T04:24:44" id="T04:24:44"><abbr title="2016-01-15T04:24:44+00:00">04:24:44</abbr></a>] <span>* Humpelstilzchen (erik@x55b028f0.dyn.telefonica.de) Quit (Ping timeout: 255 seconds)</span></li>
<li class="join">[<a href="#T05:25:42" id="T05:25:42"><abbr title="2016-01-15T05:25:42+00:00">05:25:42</abbr></a>] <span>* skhreze (~debian@user-94-254-199-149.play-internet.pl) has joined #beagle</span></li>
<li class="quit">[<a href="#T05:34:34" id="T05:34:34"><abbr title="2016-01-15T05:34:34+00:00">05:34:34</abbr></a>] <span>* Humpelst1lzchen (erik@f050168237.adsl.alicedsl.de) Quit (Ping timeout: 250 seconds)</span></li>
<li class="join">[<a href="#T05:34:50" id="T05:34:50"><abbr title="2016-01-15T05:34:50+00:00">05:34:50</abbr></a>] <span>* Humpelstilzchen (erik@x55b02daa.dyn.telefonica.de) has joined #beagle</span></li>
<li class="join">[<a href="#T05:37:10" id="T05:37:10"><abbr title="2016-01-15T05:37:10+00:00">05:37:10</abbr></a>] <span>* tai271828 (~tai271828@175.41.48.77) has joined #beagle</span></li>
<li class="quit">[<a href="#T05:53:55" id="T05:53:55"><abbr title="2016-01-15T05:53:55+00:00">05:53:55</abbr></a>] <span>* skhreze (~debian@user-94-254-199-149.play-internet.pl) Quit (Ping timeout: 260 seconds)</span></li>
<li class="join">[<a href="#T06:10:55" id="T06:10:55"><abbr title="2016-01-15T06:10:55+00:00">06:10:55</abbr></a>] <span>* BennyB_ (~heldb@host-88-217-198-167.customer.m-online.net) has joined #beagle</span></li>
<li class="quit">[<a href="#T06:18:26" id="T06:18:26"><abbr title="2016-01-15T06:18:26+00:00">06:18:26</abbr></a>] <span>* clonak (~clonak@203-173-146-69.dsl.dyn.ihug.co.nz) Quit (Ping timeout: 272 seconds)</span></li>
<li class="join">[<a href="#T06:23:35" id="T06:23:35"><abbr title="2016-01-15T06:23:35+00:00">06:23:35</abbr></a>] <span>* clonak (~clonak@203-173-146-69.dsl.dyn.ihug.co.nz) has joined #beagle</span></li>
<li class="join">[<a href="#T06:39:57" id="T06:39:57"><abbr title="2016-01-15T06:39:57+00:00">06:39:57</abbr></a>] <span>* PDogJr (~PurpleDog@unaffiliated/purpledog) has joined #beagle</span></li>
<li class="quit">[<a href="#T06:42:36" id="T06:42:36"><abbr title="2016-01-15T06:42:36+00:00">06:42:36</abbr></a>] <span>* weox (uid112413@gateway/web/irccloud.com/x-uekdtobfkvufriir) Quit (Quit: Connection closed for inactivity)</span></li>
<li class="quit">[<a href="#T06:46:30" id="T06:46:30"><abbr title="2016-01-15T06:46:30+00:00">06:46:30</abbr></a>] <span>* elopio (~quassel@33.93.189.91.lcy-02.canonistack.canonical.com) Quit (Ping timeout: 260 seconds)</span></li>
<li class="join">[<a href="#T07:08:29" id="T07:08:29"><abbr title="2016-01-15T07:08:29+00:00">07:08:29</abbr></a>] <span>* elopio (~quassel@33.93.189.91.lcy-02.canonistack.canonical.com) has joined #beagle</span></li>
<li class="message">[<a href="#T07:12:05" id="T07:12:05"><abbr title="2016-01-15T07:12:05+00:00">07:12:05</abbr></a>] &lt;<cite>ayjay</cite>&gt; <q>HAHA cat `find / -name am33xx.dtso` | grep adc FROZE my BBB</q></li>
<li class="message">[<a href="#T07:12:26" id="T07:12:26"><abbr title="2016-01-15T07:12:26+00:00">07:12:26</abbr></a>] &lt;<cite>ayjay</cite>&gt; <q>haha i mean dtsi</q></li>
<li class="message">[<a href="#T07:16:18" id="T07:16:18"><abbr title="2016-01-15T07:16:18+00:00">07:16:18</abbr></a>] &lt;<cite>ayjay</cite>&gt; <q>ope it came back</q></li>
<li class="quit">[<a href="#T07:18:36" id="T07:18:36"><abbr title="2016-01-15T07:18:36+00:00">07:18:36</abbr></a>] <span>* clonak (~clonak@203-173-146-69.dsl.dyn.ihug.co.nz) Quit (Ping timeout: 272 seconds)</span></li>
<li class="join">[<a href="#T07:19:06" id="T07:19:06"><abbr title="2016-01-15T07:19:06+00:00">07:19:06</abbr></a>] <span>* c10ud^ (~c10ud@emesene/dictator/c10ud) has joined #beagle</span></li>
<li class="join">[<a href="#T07:19:54" id="T07:19:54"><abbr title="2016-01-15T07:19:54+00:00">07:19:54</abbr></a>] <span>* clonak (~clonak@203-173-146-69.dsl.dyn.ihug.co.nz) has joined #beagle</span></li>
<li class="join">[<a href="#T07:23:06" id="T07:23:06"><abbr title="2016-01-15T07:23:06+00:00">07:23:06</abbr></a>] <span>* NulL` (~bleh1@178.16.3.86) has joined #beagle</span></li>
<li class="message">[<a href="#T07:32:27" id="T07:32:27"><abbr title="2016-01-15T07:32:27+00:00">07:32:27</abbr></a>] &lt;<cite>ayjay</cite>&gt; <q>okay so if something is listed as "status = disabled" in the OCP node of the DT you wont be able to mmap it through /dev/mem is what I'm guessing</q></li>
<li class="join">[<a href="#T07:42:49" id="T07:42:49"><abbr title="2016-01-15T07:42:49+00:00">07:42:49</abbr></a>] <span>* citylight2 (~me@84.111.153.0) has joined #beagle</span></li>
<li class="quit">[<a href="#T07:43:09" id="T07:43:09"><abbr title="2016-01-15T07:43:09+00:00">07:43:09</abbr></a>] <span>* tomeff (~tomeff@ip-94-112-0-81.net.upcbroadband.cz) Quit (Quit: tomeff)</span></li>
<li class="join">[<a href="#T07:51:34" id="T07:51:34"><abbr title="2016-01-15T07:51:34+00:00">07:51:34</abbr></a>] <span>* jpirko (~jirka@ip-94-113-120-24.net.upcbroadband.cz) has joined #beagle</span></li>
<li class="join">[<a href="#T08:00:18" id="T08:00:18"><abbr title="2016-01-15T08:00:18+00:00">08:00:18</abbr></a>] <span>* bearsh|work (~quassel@252.212.107.92.dynamic.wline.res.cust.swisscom.ch) has joined #beagle</span></li>
<li class="join">[<a href="#T08:06:11" id="T08:06:11"><abbr title="2016-01-15T08:06:11+00:00">08:06:11</abbr></a>] <span>* Akex_ (uid58281@gateway/web/irccloud.com/x-zmxggyvgixvqunsa) has joined #beagle</span></li>
<li class="join">[<a href="#T08:11:13" id="T08:11:13"><abbr title="2016-01-15T08:11:13+00:00">08:11:13</abbr></a>] <span>* uavcam (~deuse@222.174.168.12) has joined #beagle</span></li>
<li class="message">[<a href="#T08:12:00" id="T08:12:00"><abbr title="2016-01-15T08:12:00+00:00">08:12:00</abbr></a>] &lt;<cite>uavcam</cite>&gt; <q>hey, someone already got a openCL application running on the x15? does is support the full profile or only the embedded profile?</q></li>
<li class="quit">[<a href="#T08:18:18" id="T08:18:18"><abbr title="2016-01-15T08:18:18+00:00">08:18:18</abbr></a>] <span>* poffs (~poffs@46.174.191.25) Quit (Remote host closed the connection)</span></li>
<li class="join">[<a href="#T08:18:50" id="T08:18:50"><abbr title="2016-01-15T08:18:50+00:00">08:18:50</abbr></a>] <span>* poffs (~poffs@46.174.191.25) has joined #beagle</span></li>
<li class="quit">[<a href="#T08:19:44" id="T08:19:44"><abbr title="2016-01-15T08:19:44+00:00">08:19:44</abbr></a>] <span>* NulL` (~bleh1@178.16.3.86) Quit (Ping timeout: 245 seconds)</span></li>
<li class="join">[<a href="#T08:28:47" id="T08:28:47"><abbr title="2016-01-15T08:28:47+00:00">08:28:47</abbr></a>] <span>* uavcamm (~deuse@172.98.214.12) has joined #beagle</span></li>
<li class="quit">[<a href="#T08:29:35" id="T08:29:35"><abbr title="2016-01-15T08:29:35+00:00">08:29:35</abbr></a>] <span>* uavcam (~deuse@222.174.168.12) Quit (Ping timeout: 240 seconds)</span></li>
<li class="join">[<a href="#T08:29:59" id="T08:29:59"><abbr title="2016-01-15T08:29:59+00:00">08:29:59</abbr></a>] <span>* tomeff (~tomeff@ip-89-176-75-234.net.upcbroadband.cz) has joined #beagle</span></li>
<li class="join">[<abbr title="2016-01-15T08:29:59+00:00">08:29:59</abbr>] <span>* tomeff (~tomeff@ip-89-176-75-234.net.upcbroadband.cz) has joined #beagleboard</span></li>
<li class="join">[<abbr title="2016-01-15T08:29:59+00:00">08:29:59</abbr>] <span>* tomeff (~tomeff@ip-89-176-75-234.net.upcbroadband.cz) has joined #beaglebone</span></li>
<li class="join">[<a href="#T08:36:42" id="T08:36:42"><abbr title="2016-01-15T08:36:42+00:00">08:36:42</abbr></a>] <span>* ppisati (~ppisati@2-230-238-136.ip204.fastwebnet.it) has joined #beagle</span></li>
<li class="join">[<a href="#T08:36:46" id="T08:36:46"><abbr title="2016-01-15T08:36:46+00:00">08:36:46</abbr></a>] <span>* florian (~fuchs@Maemo/community/contributor/florian) has joined #beagle</span></li>
<li class="quit">[<a href="#T08:48:11" id="T08:48:11"><abbr title="2016-01-15T08:48:11+00:00">08:48:11</abbr></a>] <span>* Shadyman (~matthew@unaffiliated/shadyman) Quit (Quit: Leaving.)</span></li>
<li class="quit">[<a href="#T09:03:23" id="T09:03:23"><abbr title="2016-01-15T09:03:23+00:00">09:03:23</abbr></a>] <span>* citylight2 (~me@84.111.153.0) Quit (Ping timeout: 276 seconds)</span></li>
<li class="quit">[<a href="#T09:05:31" id="T09:05:31"><abbr title="2016-01-15T09:05:31+00:00">09:05:31</abbr></a>] <span>* Ceriand|desktop (~Ceriand@unaffiliated/ceriand) Quit (Quit: Leaving.)</span></li>
<li class="quit">[<a href="#T09:06:57" id="T09:06:57"><abbr title="2016-01-15T09:06:57+00:00">09:06:57</abbr></a>] <span>* Catslab (~Thunderbi@205-237-53-37.static.cgocable.ca) Quit (Ping timeout: 265 seconds)</span></li>
<li class="join">[<a href="#T09:08:57" id="T09:08:57"><abbr title="2016-01-15T09:08:57+00:00">09:08:57</abbr></a>] <span>* citylight2 (~me@84.111.153.0) has joined #beagle</span></li>
<li class="join">[<a href="#T09:11:47" id="T09:11:47"><abbr title="2016-01-15T09:11:47+00:00">09:11:47</abbr></a>] <span>* lyakh (~lyakh@xdsl-89-0-120-152.netcologne.de) has joined #beagle</span></li>
<li class="join">[<a href="#T09:15:25" id="T09:15:25"><abbr title="2016-01-15T09:15:25+00:00">09:15:25</abbr></a>] <span>* bizarro_1 (~bizarro_1@113.Red-81-37-212.dynamicIP.rima-tde.net) has joined #beagle</span></li>
<li class="join">[<a href="#T09:35:47" id="T09:35:47"><abbr title="2016-01-15T09:35:47+00:00">09:35:47</abbr></a>] <span>* Julian (528724db@gateway/web/freenode/ip.82.135.36.219) has joined #beagle</span></li>
<li class="nick-change">[<a href="#T09:36:11" id="T09:36:11"><abbr title="2016-01-15T09:36:11+00:00">09:36:11</abbr></a>] <span>* Julian is now known as Guest94691</span></li>
<li class="quit">[<a href="#T09:37:24" id="T09:37:24"><abbr title="2016-01-15T09:37:24+00:00">09:37:24</abbr></a>] <span>* Guest94691 (528724db@gateway/web/freenode/ip.82.135.36.219) Quit (Client Quit)</span></li>
<li class="join">[<a href="#T09:44:36" id="T09:44:36"><abbr title="2016-01-15T09:44:36+00:00">09:44:36</abbr></a>] <span>* rob_w (~bob@unaffiliated/rob-w/x-1112029) has joined #beagle</span></li>
<li class="join">[<a href="#T09:48:32" id="T09:48:32"><abbr title="2016-01-15T09:48:32+00:00">09:48:32</abbr></a>] <span>* Catslab (~Thunderbi@205-237-53-37.static.cgocable.ca) has joined #beagle</span></li>
<li class="quit">[<a href="#T09:49:07" id="T09:49:07"><abbr title="2016-01-15T09:49:07+00:00">09:49:07</abbr></a>] <span>* uavcamm (~deuse@172.98.214.12) Quit (Read error: Connection reset by peer)</span></li>
<li class="join">[<a href="#T09:49:11" id="T09:49:11"><abbr title="2016-01-15T09:49:11+00:00">09:49:11</abbr></a>] <span>* uavcam (~deuse@172.98.214.12) has joined #beagle</span></li>
<li class="quit">[<a href="#T09:53:51" id="T09:53:51"><abbr title="2016-01-15T09:53:51+00:00">09:53:51</abbr></a>] <span>* magra (~manisha@192.91.75.30) Quit (Remote host closed the connection)</span></li>
<li class="join">[<a href="#T09:54:16" id="T09:54:16"><abbr title="2016-01-15T09:54:16+00:00">09:54:16</abbr></a>] <span>* magra (manisha@nat/ti/x-jkenkaepdwltxnmp) has joined #beagle</span></li>
<li class="message">[<a href="#T10:03:11" id="T10:03:11"><abbr title="2016-01-15T10:03:11+00:00">10:03:11</abbr></a>] &lt;<cite>zmatt</cite>&gt; <q>ayjay: more specifically:  every peripheral/module is disabled unless some DT node is associated with it via a ti,hwmods node in DT, it is not set status = "disabled", a driver successfully loads for it, and the driver enables the device (pm_runtime_get{,_sync})</q></li>
<li class="message">[<a href="#T10:04:03" id="T10:04:03"><abbr title="2016-01-15T10:04:03+00:00">10:04:03</abbr></a>] &lt;<cite>zmatt</cite>&gt; <q>you can however just manually enable a clock behind the kernel's back if you want to (but it would be wise to avoid doing this for clocks that are being actively managed by the kernel)</q></li>
<li class="message">[<a href="#T10:04:21" id="T10:04:21"><abbr title="2016-01-15T10:04:21+00:00">10:04:21</abbr></a>] &lt;<cite>ayjay</cite>&gt; <q>its a hardware disable?</q></li>
<li class="quit">[<a href="#T10:04:22" id="T10:04:22"><abbr title="2016-01-15T10:04:22+00:00">10:04:22</abbr></a>] <span>* johanhenselmans (~localadmi@pretsense.xs4all.nl) Quit (Ping timeout: 260 seconds)</span></li>
<li class="message">[<a href="#T10:04:45" id="T10:04:45"><abbr title="2016-01-15T10:04:45+00:00">10:04:45</abbr></a>] &lt;<cite>zmatt</cite>&gt; <q>yeah, for most modules just one setting in PRCM</q></li>
<li class="message">[<a href="#T10:05:05" id="T10:05:05"><abbr title="2016-01-15T10:05:05+00:00">10:05:05</abbr></a>] &lt;<cite>zmatt</cite>&gt; <q>each module has a CLKCTRL register there, with a MODULEMODE field</q></li>
<li class="message">[<a href="#T10:05:24" id="T10:05:24"><abbr title="2016-01-15T10:05:24+00:00">10:05:24</abbr></a>] &lt;<cite>ayjay</cite>&gt; <q>reokay eah</q></li>
<li class="message">[<a href="#T10:05:35" id="T10:05:35"><abbr title="2016-01-15T10:05:35+00:00">10:05:35</abbr></a>] &lt;<cite>ayjay</cite>&gt; <q>i thought you were talking about the control module register but i wasn't sure</q></li>
<li class="message">[<a href="#T10:05:44" id="T10:05:44"><abbr title="2016-01-15T10:05:44+00:00">10:05:44</abbr></a>] &lt;<cite>zmatt</cite>&gt; <q>no, prcm</q></li>
<li class="message">[<a href="#T10:06:01" id="T10:06:01"><abbr title="2016-01-15T10:06:01+00:00">10:06:01</abbr></a>] &lt;<cite>ayjay</cite>&gt; <q>lah clock manager</q></li>
<li class="message">[<a href="#T10:06:04" id="T10:06:04"><abbr title="2016-01-15T10:06:04+00:00">10:06:04</abbr></a>] &lt;<cite>ayjay</cite>&gt; <q>not control module</q></li>
<li class="message">[<a href="#T10:06:14" id="T10:06:14"><abbr title="2016-01-15T10:06:14+00:00">10:06:14</abbr></a>] &lt;<cite>zmatt</cite>&gt; <q>power, reset, and clock manager to be specific ;)</q></li>
<li class="message">[<a href="#T10:07:09" id="T10:07:09"><abbr title="2016-01-15T10:07:09+00:00">10:07:09</abbr></a>] &lt;<cite>david-e</cite>&gt; <q>has anyone experience with using swupdate or similar on bbb: Iwonder how to implement the possibility of having something like atctive/stanby bank and performing a safe software upgrade. all using a minimal footprint (&lt;100Mb) distro like buildroot</q></li>
<li class="message">[<a href="#T10:07:43" id="T10:07:43"><abbr title="2016-01-15T10:07:43+00:00">10:07:43</abbr></a>] &lt;<cite>david-e</cite>&gt; <q>all with eMMC only (i.e without uSD)</q></li>
<li class="nick-change">[<a href="#T10:08:50" id="T10:08:50"><abbr title="2016-01-15T10:08:50+00:00">10:08:50</abbr></a>] <span>* kilroi_off is now known as kilroi</span></li>
<li class="message">[<a href="#T10:09:55" id="T10:09:55"><abbr title="2016-01-15T10:09:55+00:00">10:09:55</abbr></a>] &lt;<cite>ayjay</cite>&gt; <q>zmatt: it seems like using UIO is probably my best bet again. I'm worried enabling a driver like ti_am33xx_adc and then manually editing the TSC_ADC registers controlly those functions is too hairy. I was hoping just status=okay would be enough to mmap the registers with mem/. I'm trying to write a gui to give students lots of unhealthy control over the registers from userspace to teach them</q></li>
<li class="message">[<a href="#T10:11:05" id="T10:11:05"><abbr title="2016-01-15T10:11:05+00:00">10:11:05</abbr></a>] &lt;<cite>ayjay</cite>&gt; <q>but to access the registers I need to enable the OCP as you described above so I should probably use UIO</q></li>
<li class="message">[<a href="#T10:17:13" id="T10:17:13"><abbr title="2016-01-15T10:17:13+00:00">10:17:13</abbr></a>] &lt;<cite>ayjay</cite>&gt; <q>BUT... also to teach myself</q></li>
<li class="quit">[<a href="#T10:18:52" id="T10:18:52"><abbr title="2016-01-15T10:18:52+00:00">10:18:52</abbr></a>] <span>* yates (~user@nc-71-51-249-15.dhcp.embarqhsd.net) Quit (Quit: rcirc on GNU Emacs 24.5.1)</span></li>
<li class="message">[<a href="#T10:23:40" id="T10:23:40"><abbr title="2016-01-15T10:23:40+00:00">10:23:40</abbr></a>] &lt;<cite>zmatt</cite>&gt; <q>uio is absolutely cleaner; on the other hand, enabling the module manually is also instructive since it shows a bit about how PRCM works</q></li>
<li class="message">[<a href="#T10:25:09" id="T10:25:09"><abbr title="2016-01-15T10:25:09+00:00">10:25:09</abbr></a>] &lt;<cite>ayjay</cite>&gt; <q>that's the problem with making things easier for people... they learn less</q></li>
<li class="join">[<a href="#T10:25:11" id="T10:25:11"><abbr title="2016-01-15T10:25:11+00:00">10:25:11</abbr></a>] <span>* johanhenselmans (~localadmi@pretsense.xs4all.nl) has joined #beagle</span></li>
<li class="message">[<a href="#T10:26:37" id="T10:26:37"><abbr title="2016-01-15T10:26:37+00:00">10:26:37</abbr></a>] &lt;<cite>zmatt</cite>&gt; <q>btw, I have a little example that meddles directly with PRCM, control module, and GPIO... <a href="https://github.com/dutchanddutch/jbang">https://github.com/dutchanddutch/jbang</a>   written in my fairly eccentric style of C++ which I also use for baremetal code (in face this code is pretty close to baremetal, even though it runs under linux :P )</q></li>
<li class="message">[<a href="#T10:26:58" id="T10:26:58"><abbr title="2016-01-15T10:26:58+00:00">10:26:58</abbr></a>] &lt;<cite>zmatt</cite>&gt; <q>e.g. headers for prcm and the control module are in  <a href="https://github.com/dutchanddutch/jbang/tree/master/include/ti/subarctic">https://github.com/dutchanddutch/jbang/tree/master/include/ti/subarctic</a></q></li>
<li class="message">[<a href="#T10:28:09" id="T10:28:09"><abbr title="2016-01-15T10:28:09+00:00">10:28:09</abbr></a>] &lt;<cite>zmatt</cite>&gt; <q>libsubarctic is some magic that will mmap() the right chunks of /dev/mem for you before main() is called (something I made to allow code portability between baremetal and linux userspace)</q></li>
<li class="message">[<a href="#T10:28:21" id="T10:28:21"><abbr title="2016-01-15T10:28:21+00:00">10:28:21</abbr></a>] &lt;<cite>zmatt</cite>&gt; <q>it's kinda gross</q></li>
<li class="message">[<a href="#T10:28:57" id="T10:28:57"><abbr title="2016-01-15T10:28:57+00:00">10:28:57</abbr></a>] &lt;<cite>zmatt</cite>&gt; <q>also, the readme says gcc 4.9 is required... I think that might be gcc 5 nowadays, but I'm not sure (I never test with old compilers)</q></li>
<li class="message">[<a href="#T10:31:04" id="T10:31:04"><abbr title="2016-01-15T10:31:04+00:00">10:31:04</abbr></a>] &lt;<cite>ayjay</cite>&gt; <q>oooh ill check it out</q></li>
<li class="message">[<a href="#T10:31:09" id="T10:31:09"><abbr title="2016-01-15T10:31:09+00:00">10:31:09</abbr></a>] &lt;<cite>ayjay</cite>&gt; <q>i'm getting started on a gui</q></li>
<li class="quit">[<a href="#T10:32:55" id="T10:32:55"><abbr title="2016-01-15T10:32:55+00:00">10:32:55</abbr></a>] <span>* tai271828 (~tai271828@175.41.48.77) Quit (Quit: Leaving)</span></li>
<li class="message">[<a href="#T10:33:35" id="T10:33:35"><abbr title="2016-01-15T10:33:35+00:00">10:33:35</abbr></a>] &lt;<cite>zmatt</cite>&gt; <q>the app itself also does something gross, but potentially quite useful:  requiring only that the jtag input signals are pulled up (or driven high), it flips the bit (accessible via JTAG only) to assert DBGEN to the cpu, which allows hw breakpoints and watchpoints to be used</q></li>
<li class="message">[<a href="#T10:35:31" id="T10:35:31"><abbr title="2016-01-15T10:35:31+00:00">10:35:31</abbr></a>] &lt;<cite>zmatt</cite>&gt; <q>unfortunately linux doesn't support hw breakpoints/watchpoints on the cortex-a8 (yet), but someone nevertheless managed to debug a hard-to-catch memory corruption (on an omap3, by porting this trick) with a very neat workaround:</q></li>
<li class="message">[<a href="#T10:36:05" id="T10:36:05"><abbr title="2016-01-15T10:36:05+00:00">10:36:05</abbr></a>] &lt;<cite>zmatt</cite>&gt; <q>he just configured a watchpoint anyway (from userspace) -- when it triggered, the confused kernel started flailing and dumped a traceback, which was exactly what he needed :D</q></li>
<li class="join">[<a href="#T10:39:04" id="T10:39:04"><abbr title="2016-01-15T10:39:04+00:00">10:39:04</abbr></a>] <span>* berton (~fabio@177.127.4.194) has joined #beagle</span></li>
<li class="message">[<a href="#T10:39:17" id="T10:39:17"><abbr title="2016-01-15T10:39:17+00:00">10:39:17</abbr></a>] &lt;<cite>ayjay</cite>&gt; <q>i actually see a flailing kernel</q></li>
<li class="message">[<a href="#T10:39:20" id="T10:39:20"><abbr title="2016-01-15T10:39:20+00:00">10:39:20</abbr></a>] &lt;<cite>ayjay</cite>&gt; <q>in my head</q></li>
<li class="quit">[<a href="#T10:42:50" id="T10:42:50"><abbr title="2016-01-15T10:42:50+00:00">10:42:50</abbr></a>] <span>* Peuc (~Peuc@ip-96-43-225-137.dsl.netrevolution.com) Quit (Ping timeout: 246 seconds)</span></li>
<li class="quit">[<a href="#T10:43:53" id="T10:43:53"><abbr title="2016-01-15T10:43:53+00:00">10:43:53</abbr></a>] <span>* jj2baile (~jon@corn-syrup.csclub.uwaterloo.ca) Quit (Ping timeout: 246 seconds)</span></li>
<li class="join">[<a href="#T10:44:46" id="T10:44:46"><abbr title="2016-01-15T10:44:46+00:00">10:44:46</abbr></a>] <span>* jj2baile (~jon@corn-syrup.csclub.uwaterloo.ca) has joined #beagle</span></li>
<li class="message">[<a href="#T10:47:48" id="T10:47:48"><abbr title="2016-01-15T10:47:48+00:00">10:47:48</abbr></a>] &lt;<cite>zmatt</cite>&gt; <q>I'm actually currently working on improving uio to support allocating and mapping normal-uncached memory for dma operations, and will try to change the mapping of peripherals from Strongly-Ordered to Device</q></li>
<li class="message">[<abbr title="2016-01-15T10:47:48+00:00">10:47:48</abbr>] &lt;<cite>zmatt</cite>&gt; <q>I don't understand why it's S-O, all kernel drivers use Device-type afaik</q></li>
<li class="message">[<abbr title="2016-01-15T10:47:48+00:00">10:47:48</abbr>] &lt;<cite>zmatt</cite>&gt; <q>(or well, looks like Historical Reasons, plus lack of documentation what semantics certain memory types are supposed to have)</q></li>
<li class="join">[<a href="#T10:48:03" id="T10:48:03"><abbr title="2016-01-15T10:48:03+00:00">10:48:03</abbr></a>] <span>* Peuc (~Peuc@ip-96-43-225-137.dsl.netrevolution.com) has joined #beagle</span></li>
<li class="quit">[<a href="#T11:35:59" id="T11:35:59"><abbr title="2016-01-15T11:35:59+00:00">11:35:59</abbr></a>] <span>* mythos (~mythos@unaffiliated/mythos) Quit (Ping timeout: 245 seconds)</span></li>
<li class="quit">[<a href="#T11:45:04" id="T11:45:04"><abbr title="2016-01-15T11:45:04+00:00">11:45:04</abbr></a>] <span>* uavcam (~deuse@172.98.214.12) Quit (Ping timeout: 250 seconds)</span></li>
<li class="join">[<a href="#T11:55:37" id="T11:55:37"><abbr title="2016-01-15T11:55:37+00:00">11:55:37</abbr></a>] <span>* manuel_ (~manuel@pD9FDD9A1.dip0.t-ipconnect.de) has joined #beagle</span></li>
<li class="quit">[<a href="#T11:56:14" id="T11:56:14"><abbr title="2016-01-15T11:56:14+00:00">11:56:14</abbr></a>] <span>* manuel_ (~manuel@pD9FDD9A1.dip0.t-ipconnect.de) Quit (Remote host closed the connection)</span></li>
<li class="join">[<a href="#T12:02:15" id="T12:02:15"><abbr title="2016-01-15T12:02:15+00:00">12:02:15</abbr></a>] <span>* stamina (~stamina@177-211-128-083.dynamic.caiway.nl) has joined #beaglebone</span></li>
<li class="join">[<a href="#T12:22:35" id="T12:22:35"><abbr title="2016-01-15T12:22:35+00:00">12:22:35</abbr></a>] <span>* H-H-H (~H-H-H@host-92-4-122-198.as43234.net) has joined #beagle</span></li>
<li class="join">[<a href="#T12:35:18" id="T12:35:18"><abbr title="2016-01-15T12:35:18+00:00">12:35:18</abbr></a>] <span>* mythos (~mythos@unaffiliated/mythos) has joined #beagle</span></li>
<li class="quit">[<a href="#T12:58:03" id="T12:58:03"><abbr title="2016-01-15T12:58:03+00:00">12:58:03</abbr></a>] <span>* rob_w (~bob@unaffiliated/rob-w/x-1112029) Quit (Remote host closed the connection)</span></li>
<li class="quit">[<a href="#T13:06:16" id="T13:06:16"><abbr title="2016-01-15T13:06:16+00:00">13:06:16</abbr></a>] <span>* citylight2 (~me@84.111.153.0) Quit (Ping timeout: 256 seconds)</span></li>
<li class="quit">[<a href="#T13:25:17" id="T13:25:17"><abbr title="2016-01-15T13:25:17+00:00">13:25:17</abbr></a>] <span>* eliasbakken (~elias@195.159.204.146) Quit (Remote host closed the connection)</span></li>
<li class="quit">[<a href="#T13:42:52" id="T13:42:52"><abbr title="2016-01-15T13:42:52+00:00">13:42:52</abbr></a>] <span>* penth (~rachel@c-68-81-92-61.hsd1.pa.comcast.net) Quit (Remote host closed the connection)</span></li>
<li class="join">[<a href="#T13:44:38" id="T13:44:38"><abbr title="2016-01-15T13:44:38+00:00">13:44:38</abbr></a>] <span>* bbbord (4c1af52c@gateway/web/freenode/ip.76.26.245.44) has joined #beagle</span></li>
<li class="join">[<a href="#T13:45:56" id="T13:45:56"><abbr title="2016-01-15T13:45:56+00:00">13:45:56</abbr></a>] <span>* penth (~rachel@c-68-81-92-61.hsd1.pa.comcast.net) has joined #beagle</span></li>
<li class="join">[<a href="#T13:49:07" id="T13:49:07"><abbr title="2016-01-15T13:49:07+00:00">13:49:07</abbr></a>] <span>* manuel_ (~manuel@pD9FDD9A1.dip0.t-ipconnect.de) has joined #beagle</span></li>
<li class="join">[<a href="#T13:54:56" id="T13:54:56"><abbr title="2016-01-15T13:54:56+00:00">13:54:56</abbr></a>] <span>* bostondriver (~mcambria@68.128.155.223) has joined #beagle</span></li>
<li class="join">[<a href="#T13:55:45" id="T13:55:45"><abbr title="2016-01-15T13:55:45+00:00">13:55:45</abbr></a>] <span>* Humpelst1lzchen (erik@x55b1c6b8.dyn.telefonica.de) has joined #beagle</span></li>
<li class="quit">[<a href="#T13:55:50" id="T13:55:50"><abbr title="2016-01-15T13:55:50+00:00">13:55:50</abbr></a>] <span>* Humpelstilzchen (erik@x55b02daa.dyn.telefonica.de) Quit (Ping timeout: 260 seconds)</span></li>
<li class="join">[<a href="#T14:04:30" id="T14:04:30"><abbr title="2016-01-15T14:04:30+00:00">14:04:30</abbr></a>] <span>* dj_pi (~dj@c-73-191-212-56.hsd1.mi.comcast.net) has joined #beagle</span></li>
<li class="quit">[<a href="#T14:06:26" id="T14:06:26"><abbr title="2016-01-15T14:06:26+00:00">14:06:26</abbr></a>] <span>* dj_pi (~dj@c-73-191-212-56.hsd1.mi.comcast.net) Quit (Read error: Connection reset by peer)</span></li>
<li class="join">[<a href="#T14:13:48" id="T14:13:48"><abbr title="2016-01-15T14:13:48+00:00">14:13:48</abbr></a>] <span>* nerienna (~nerienna@p5498E64C.dip0.t-ipconnect.de) has joined #beagle</span></li>
<li class="join">[<a href="#T14:23:49" id="T14:23:49"><abbr title="2016-01-15T14:23:49+00:00">14:23:49</abbr></a>] <span>* citylight2 (~me@84.111.153.0) has joined #beagle</span></li>
<li class="join">[<a href="#T14:24:03" id="T14:24:03"><abbr title="2016-01-15T14:24:03+00:00">14:24:03</abbr></a>] <span>* stephaneM (500c5e49@gateway/web/freenode/ip.80.12.94.73) has joined #beagle</span></li>
<li class="message">[<a href="#T14:24:09" id="T14:24:09"><abbr title="2016-01-15T14:24:09+00:00">14:24:09</abbr></a>] &lt;<cite>stephaneM</cite>&gt; <q>Hello</q></li>
<li class="join">[<a href="#T14:24:49" id="T14:24:49"><abbr title="2016-01-15T14:24:49+00:00">14:24:49</abbr></a>] <span>* rob_w (~rob@unaffiliated/rob-w/x-1112029) has joined #beagle</span></li>
<li class="message">[<a href="#T14:25:09" id="T14:25:09"><abbr title="2016-01-15T14:25:09+00:00">14:25:09</abbr></a>] &lt;<cite>stephaneM</cite>&gt; <q>I have an issue when trying to use the debian 8.1 image (2015-11-12) on a beaglebone : it doesn't boot</q></li>
<li class="message">[<a href="#T14:25:24" id="T14:25:24"><abbr title="2016-01-15T14:25:24+00:00">14:25:24</abbr></a>] &lt;<cite>stephaneM</cite>&gt; <q>it boot perfectly well on beaglebone black</q></li>
<li class="message">[<a href="#T14:25:51" id="T14:25:51"><abbr title="2016-01-15T14:25:51+00:00">14:25:51</abbr></a>] &lt;<cite>stephaneM</cite>&gt; <q>did I miss something ? I think I understood the image supports both hardwares</q></li>
<li class="message">[<a href="#T14:27:22" id="T14:27:22"><abbr title="2016-01-15T14:27:22+00:00">14:27:22</abbr></a>] &lt;<cite>veremit</cite>&gt; <q>the images should work with all variants of the beagle name .. the same image/uSD card works on a bbb, yes?</q></li>
<li class="message">[<a href="#T14:28:00" id="T14:28:00"><abbr title="2016-01-15T14:28:00+00:00">14:28:00</abbr></a>] &lt;<cite>stephaneM</cite>&gt; <q>correct.</q></li>
<li class="message">[<a href="#T14:28:24" id="T14:28:24"><abbr title="2016-01-15T14:28:24+00:00">14:28:24</abbr></a>] &lt;<cite>veremit</cite>&gt; <q>I don't recognise that date though .. are you getting official images from <a href="http://elinux.org/Beagleboard:BeagleBoneBlack_Debian">http://elinux.org/Beagleboard:BeagleBoneBlack_Debian</a> ?</q></li>
<li class="message">[<a href="#T14:28:47" id="T14:28:47"><abbr title="2016-01-15T14:28:47+00:00">14:28:47</abbr></a>] &lt;<cite>stephaneM</cite>&gt; <q>I only used dd to flash the image on a µSD card, and it boots perfectly on BBB, but not on standard beaglebone</q></li>
<li class="message">[<abbr title="2016-01-15T14:28:47+00:00">14:28:47</abbr>] &lt;<cite>veremit</cite>&gt; <q>or .. I think there are links from latest-images now on the beagle site .. &gt;,&lt;</q></li>
<li class="quit">[<a href="#T14:29:05" id="T14:29:05"><abbr title="2016-01-15T14:29:05+00:00">14:29:05</abbr></a>] <span>* nighty^_ (~nighty@www.taiyolabs.com) Quit (Remote host closed the connection)</span></li>
<li class="message">[<a href="#T14:29:30" id="T14:29:30"><abbr title="2016-01-15T14:29:30+00:00">14:29:30</abbr></a>] &lt;<cite>veremit</cite>&gt; <q>you checked the md5sum, just in case?</q></li>
<li class="message">[<a href="#T14:29:46" id="T14:29:46"><abbr title="2016-01-15T14:29:46+00:00">14:29:46</abbr></a>] &lt;<cite>stephaneM</cite>&gt; <q>I got it from <a href="http://builds.beagleboard.org/images/master/08132bf0d0cb284d1148c5d329fe3c8e1aaee44d/bone-debian-8.2-tester-2gb-armhf-2015-11-12-2gb.img.xz">http://builds.beagleboard.org/images/master/08132bf0d0cb284d1148c5d329fe3c8e1aaee44d/bone-debian-8.2-tester-2gb-armhf-2015-11-12-2gb.img.xz</a></q></li>
<li class="message">[<a href="#T14:30:05" id="T14:30:05"><abbr title="2016-01-15T14:30:05+00:00">14:30:05</abbr></a>] &lt;<cite>stephaneM</cite>&gt; <q>I tried re-downloading it, to no avail</q></li>
<li class="message">[<a href="#T14:30:40" id="T14:30:40"><abbr title="2016-01-15T14:30:40+00:00">14:30:40</abbr></a>] &lt;<cite>veremit</cite>&gt; <q>righto .. yes from latest-images .. hmm</q></li>
<li class="message">[<a href="#T14:32:44" id="T14:32:44"><abbr title="2016-01-15T14:32:44+00:00">14:32:44</abbr></a>] &lt;<cite>veremit</cite>&gt; <q>I can't imagine why that would bea a problem .. but you could try a 2016-01 image from <a href="http://elinux.org/Beagleboard:BeagleBoneBlack_Debian#2016-01-10">http://elinux.org/Beagleboard:BeagleBoneBlack_Debian#2016-01-10</a> ...</q></li>
<li class="message">[<a href="#T14:32:57" id="T14:32:57"><abbr title="2016-01-15T14:32:57+00:00">14:32:57</abbr></a>] &lt;<cite>veremit</cite>&gt; <q>there should be a stand-alone one there which will work with both</q></li>
<li class="join">[<a href="#T14:34:40" id="T14:34:40"><abbr title="2016-01-15T14:34:40+00:00">14:34:40</abbr></a>] <span>* nighty^_ (~cp@www.taiyolabs.com) has joined #beagle</span></li>
<li class="join">[<abbr title="2016-01-15T14:34:40+00:00">14:34:40</abbr>] <span>* nighty^_ (~cp@www.taiyolabs.com) has joined #beagleboard</span></li>
<li class="message">[<a href="#T14:35:05" id="T14:35:05"><abbr title="2016-01-15T14:35:05+00:00">14:35:05</abbr></a>] &lt;<cite>stephaneM</cite>&gt; <q>I can try that, but I'd like to fix the current image, since I have worked on this image on a BBB, and I am now trying to make it work on our older equipments :-p</q></li>
<li class="message">[<a href="#T14:35:12" id="T14:35:12"><abbr title="2016-01-15T14:35:12+00:00">14:35:12</abbr></a>] &lt;<cite>veremit</cite>&gt; <q>d'oh righto</q></li>
<li class="message">[<a href="#T14:35:53" id="T14:35:53"><abbr title="2016-01-15T14:35:53+00:00">14:35:53</abbr></a>] &lt;<cite>veremit</cite>&gt; <q>I think the guy that builds those images shoul dbe in later ..</q></li>
<li class="quit">[<a href="#T14:36:51" id="T14:36:51"><abbr title="2016-01-15T14:36:51+00:00">14:36:51</abbr></a>] <span>* isacdaavid (~isaac@187.211.213.217) Quit (Quit: isacdaavid)</span></li>
<li class="message">[<a href="#T14:37:29" id="T14:37:29"><abbr title="2016-01-15T14:37:29+00:00">14:37:29</abbr></a>] &lt;<cite>stephaneM</cite>&gt; <q>Maybe I should make a forum post ?</q></li>
<li class="message">[<a href="#T14:37:59" id="T14:37:59"><abbr title="2016-01-15T14:37:59+00:00">14:37:59</abbr></a>] &lt;<cite>stephaneM</cite>&gt; <q>I'll try to make some progress on the 2016-01-10 image in the meantime</q></li>
<li class="message">[<a href="#T14:38:11" id="T14:38:11"><abbr title="2016-01-15T14:38:11+00:00">14:38:11</abbr></a>] &lt;<cite>veremit</cite>&gt; <q>try it in parallel, maybe</q></li>
<li class="message">[<a href="#T14:38:19" id="T14:38:19"><abbr title="2016-01-15T14:38:19+00:00">14:38:19</abbr></a>] &lt;<cite>veremit</cite>&gt; <q>by all means post too ^^</q></li>
<li class="message">[<a href="#T14:38:49" id="T14:38:49"><abbr title="2016-01-15T14:38:49+00:00">14:38:49</abbr></a>] &lt;<cite>veremit</cite>&gt; <q>and feel free to lurk here .. someone might mention something .. and/or you can review the channel logs too</q></li>
<li class="message">[<a href="#T14:39:32" id="T14:39:32"><abbr title="2016-01-15T14:39:32+00:00">14:39:32</abbr></a>] &lt;<cite>veremit</cite>&gt; <q>there shouldn't be much difference .. but I can appreciate not wanting to duplicate effort :)</q></li>
<li class="message">[<a href="#T14:42:01" id="T14:42:01"><abbr title="2016-01-15T14:42:01+00:00">14:42:01</abbr></a>] &lt;<cite>stephaneM</cite>&gt; <q>thanks, I'll do that :-)</q></li>
<li class="join">[<a href="#T14:51:59" id="T14:51:59"><abbr title="2016-01-15T14:51:59+00:00">14:51:59</abbr></a>] <span>* emeb (~ericb@ip68-2-68-52.ph.ph.cox.net) has joined #beagle</span></li>
<li class="join">[<a href="#T14:59:32" id="T14:59:32"><abbr title="2016-01-15T14:59:32+00:00">14:59:32</abbr></a>] <span>* eliasbakken (~elias@195.159.204.146) has joined #beagle</span></li>
<li class="quit">[<a href="#T15:06:15" id="T15:06:15"><abbr title="2016-01-15T15:06:15+00:00">15:06:15</abbr></a>] <span>* nighty^_ (~cp@www.taiyolabs.com) Quit (Quit: leaving)</span></li>
<li class="join">[<a href="#T15:06:32" id="T15:06:32"><abbr title="2016-01-15T15:06:32+00:00">15:06:32</abbr></a>] <span>* nighty^_ (~cp@212.83.160.157) has joined #beagle</span></li>
<li class="join">[<abbr title="2016-01-15T15:06:32+00:00">15:06:32</abbr>] <span>* nighty^_ (~cp@212.83.160.157) has joined #beagleboard</span></li>
<li class="message">[<a href="#T15:11:14" id="T15:11:14"><abbr title="2016-01-15T15:11:14+00:00">15:11:14</abbr></a>] &lt;<cite>abferm</cite>&gt; <q>Is the BBB OMAP2+? I'm working on a custom kernel and there is a TI OMAP2+ option in Frequency scaling, do I need to select that one for optimal performance?</q></li>
<li class="quit">[<a href="#T15:19:41" id="T15:19:41"><abbr title="2016-01-15T15:19:41+00:00">15:19:41</abbr></a>] <span>* BennyB_ (~heldb@host-88-217-198-167.customer.m-online.net) Quit (Ping timeout: 246 seconds)</span></li>
<li class="message">[<a href="#T15:25:30" id="T15:25:30"><abbr title="2016-01-15T15:25:30+00:00">15:25:30</abbr></a>] &lt;<cite>veremit</cite>&gt; <q>abferm: personally I thought it was omap3 .. but I think there are some left-over settings with omap2 labels ..</q></li>
<li class="join">[<a href="#T15:30:25" id="T15:30:25"><abbr title="2016-01-15T15:30:25+00:00">15:30:25</abbr></a>] <span>* rob_w_ (~rob@ppp-46-244-182-12.dynamic.mnet-online.de) has joined #beagle</span></li>
<li class="join">[<a href="#T15:31:52" id="T15:31:52"><abbr title="2016-01-15T15:31:52+00:00">15:31:52</abbr></a>] <span>* luan_ (uid114221@gateway/web/irccloud.com/x-yzvmqvnvpufatmyg) has joined #beagle</span></li>
<li class="quit">[<a href="#T15:31:54" id="T15:31:54"><abbr title="2016-01-15T15:31:54+00:00">15:31:54</abbr></a>] <span>* cultavix (~cultavix@unaffiliated/cultavix) Quit (Ping timeout: 256 seconds)</span></li>
<li class="join">[<a href="#T15:31:58" id="T15:31:58"><abbr title="2016-01-15T15:31:58+00:00">15:31:58</abbr></a>] <span>* thurgood_ (~thurgood@67-198-113-218.static.grandenetworks.net) has joined #beagle</span></li>
<li class="quit">[<a href="#T15:33:15" id="T15:33:15"><abbr title="2016-01-15T15:33:15+00:00">15:33:15</abbr></a>] <span>* rob_w (~rob@unaffiliated/rob-w/x-1112029) Quit (Ping timeout: 240 seconds)</span></li>
<li class="quit">[<a href="#T15:33:54" id="T15:33:54"><abbr title="2016-01-15T15:33:54+00:00">15:33:54</abbr></a>] <span>* bradfa (~andrew@clr-vpn01.kodakalaris.com) Quit (Ping timeout: 245 seconds)</span></li>
<li class="join">[<a href="#T15:34:58" id="T15:34:58"><abbr title="2016-01-15T15:34:58+00:00">15:34:58</abbr></a>] <span>* bradfa (~andrew@clr-vpn01.kodakalaris.com) has joined #beagle</span></li>
<li class="join">[<a href="#T15:38:24" id="T15:38:24"><abbr title="2016-01-15T15:38:24+00:00">15:38:24</abbr></a>] <span>* cultavix (~cultavix@unaffiliated/cultavix) has joined #beaglebone</span></li>
<li class="join">[<a href="#T15:42:54" id="T15:42:54"><abbr title="2016-01-15T15:42:54+00:00">15:42:54</abbr></a>] <span>* skhreze (~debian@user-94-254-198-63.play-internet.pl) has joined #beagle</span></li>
<li class="join">[<a href="#T15:45:44" id="T15:45:44"><abbr title="2016-01-15T15:45:44+00:00">15:45:44</abbr></a>] <span>* alexanderhiam (~ahiam@c-24-147-39-41.hsd1.nh.comcast.net) has joined #beagle</span></li>
<li class="nick-change">[<a href="#T15:49:39" id="T15:49:39"><abbr title="2016-01-15T15:49:39+00:00">15:49:39</abbr></a>] <span>* Vasco_O is now known as Vasco</span></li>
<li class="join">[<a href="#T16:03:48" id="T16:03:48"><abbr title="2016-01-15T16:03:48+00:00">16:03:48</abbr></a>] <span>* manuel__ (~manuel@p57920605.dip0.t-ipconnect.de) has joined #beagle</span></li>
<li class="quit">[<a href="#T16:05:46" id="T16:05:46"><abbr title="2016-01-15T16:05:46+00:00">16:05:46</abbr></a>] <span>* manuel_ (~manuel@pD9FDD9A1.dip0.t-ipconnect.de) Quit (Ping timeout: 240 seconds)</span></li>
<li class="nick-change">[<abbr title="2016-01-15T16:05:46+00:00">16:05:46</abbr>] <span>* manuel__ is now known as manuel_</span></li>
<li class="quit">[<a href="#T16:09:20" id="T16:09:20"><abbr title="2016-01-15T16:09:20+00:00">16:09:20</abbr></a>] <span>* jpirko (~jirka@ip-94-113-120-24.net.upcbroadband.cz) Quit (Quit: Leaving)</span></li>
<li class="quit">[<a href="#T16:09:50" id="T16:09:50"><abbr title="2016-01-15T16:09:50+00:00">16:09:50</abbr></a>] <span>* tomeff (~tomeff@ip-89-176-75-234.net.upcbroadband.cz) Quit (Ping timeout: 250 seconds)</span></li>
<li class="join">[<a href="#T16:10:50" id="T16:10:50"><abbr title="2016-01-15T16:10:50+00:00">16:10:50</abbr></a>] <span>* mrjazzcat (~mrjazzcat@c-50-134-253-3.hsd1.co.comcast.net) has joined #beagle</span></li>
<li class="message">[<a href="#T16:13:43" id="T16:13:43"><abbr title="2016-01-15T16:13:43+00:00">16:13:43</abbr></a>] &lt;<cite>zmatt</cite>&gt; <q>veremit: it isn't omap3 either, closer to omap4 (yet different)</q></li>
<li class="message">[<a href="#T16:14:01" id="T16:14:01"><abbr title="2016-01-15T16:14:01+00:00">16:14:01</abbr></a>] &lt;<cite>zmatt</cite>&gt; <q>and I'm also not sure exactly which drier is doing the frequency scaling, since multiple are enabled</q></li>
<li class="message">[<a href="#T16:14:06" id="T16:14:06"><abbr title="2016-01-15T16:14:06+00:00">16:14:06</abbr></a>] &lt;<cite>zmatt</cite>&gt; <q>*driver</q></li>
<li class="quit">[<a href="#T16:14:21" id="T16:14:21"><abbr title="2016-01-15T16:14:21+00:00">16:14:21</abbr></a>] <span>* Chrille (~chrille@2001:6c8:130:500::81) Quit (Quit: leaving)</span></li>
<li class="message">[<a href="#T16:14:51" id="T16:14:51"><abbr title="2016-01-15T16:14:51+00:00">16:14:51</abbr></a>] &lt;<cite>zmatt</cite>&gt; <q>many "omap" options are in fact pointless on the am335x, including the "omap pinmux", interconnect driver, emif driver, and a bunch more</q></li>
<li class="message">[<a href="#T16:16:35" id="T16:16:35"><abbr title="2016-01-15T16:16:35+00:00">16:16:35</abbr></a>] &lt;<cite>veremit</cite>&gt; <q>zmatt.. so its a mess .. as usual .. lol</q></li>
<li class="message">[<a href="#T16:16:59" id="T16:16:59"><abbr title="2016-01-15T16:16:59+00:00">16:16:59</abbr></a>] &lt;<cite>zmatt</cite>&gt; <q>though it's possible ti put the emif driver to use in the 4.1-ti branch to save/restore config in suspend modes... not sure, might also be handled by the m3</q></li>
<li class="message">[<a href="#T16:17:07" id="T16:17:07"><abbr title="2016-01-15T16:17:07+00:00">16:17:07</abbr></a>] &lt;<cite>zmatt</cite>&gt; <q>no wait, it can't be handled by the m3</q></li>
<li class="message">[<a href="#T16:17:27" id="T16:17:27"><abbr title="2016-01-15T16:17:27+00:00">16:17:27</abbr></a>] &lt;<cite>veremit</cite>&gt; <q>zmatt.. do you know anything about using the ti adc driver in touchscreen mode?</q></li>
<li class="message">[<a href="#T16:18:44" id="T16:18:44"><abbr title="2016-01-15T16:18:44+00:00">16:18:44</abbr></a>] &lt;<cite>zmatt</cite>&gt; <q>might still be custom code... the emif driver mostly deals with lpddr2 stuff (not supported on am335x) and on-the-fly frequency changes (not supported on am335x, officially at least, could still be done relatively easily)</q></li>
<li class="message">[<a href="#T16:18:51" id="T16:18:51"><abbr title="2016-01-15T16:18:51+00:00">16:18:51</abbr></a>] &lt;<cite>zmatt</cite>&gt; <q>veremit: zip, nada, nothing :D</q></li>
<li class="message">[<a href="#T16:18:57" id="T16:18:57"><abbr title="2016-01-15T16:18:57+00:00">16:18:57</abbr></a>] &lt;<cite>veremit</cite>&gt; <q>mm ok.</q></li>
<li class="message">[<a href="#T16:19:09" id="T16:19:09"><abbr title="2016-01-15T16:19:09+00:00">16:19:09</abbr></a>] &lt;<cite>zmatt</cite>&gt; <q>ti adc is one of the drivers I dropped very early on</q></li>
<li class="message">[<a href="#T16:19:28" id="T16:19:28"><abbr title="2016-01-15T16:19:28+00:00">16:19:28</abbr></a>] &lt;<cite>veremit</cite>&gt; <q>well .. any ti driver is ..yeah ..</q></li>
<li class="join">[<a href="#T16:19:51" id="T16:19:51"><abbr title="2016-01-15T16:19:51+00:00">16:19:51</abbr></a>] <span>* Chrille (~chrille@2001:6c8:130:500::81) has joined #beagle</span></li>
<li class="quit">[<a href="#T16:22:11" id="T16:22:11"><abbr title="2016-01-15T16:22:11+00:00">16:22:11</abbr></a>] <span>* c10ud^ (~c10ud@emesene/dictator/c10ud) Quit (Quit: Leaving)</span></li>
<li class="message">[<a href="#T16:28:12" id="T16:28:12"><abbr title="2016-01-15T16:28:12+00:00">16:28:12</abbr></a>] &lt;<cite>zmatt</cite>&gt; <q>bbl shopping</q></li>
<li class="message">[<a href="#T16:28:38" id="T16:28:38"><abbr title="2016-01-15T16:28:38+00:00">16:28:38</abbr></a>] &lt;<cite>veremit</cite>&gt; <q>hmm to go to grocery store ..</q></li>
<li class="join">[<a href="#T16:31:07" id="T16:31:07"><abbr title="2016-01-15T16:31:07+00:00">16:31:07</abbr></a>] <span>* Xabaras76 (bb9965e1@gateway/web/freenode/ip.187.153.101.225) has joined #beagle</span></li>
<li class="quit">[<a href="#T16:31:22" id="T16:31:22"><abbr title="2016-01-15T16:31:22+00:00">16:31:22</abbr></a>] <span>* stamina (~stamina@177-211-128-083.dynamic.caiway.nl) Quit (Quit: WeeChat 1.3)</span></li>
<li class="quit">[<a href="#T16:31:45" id="T16:31:45"><abbr title="2016-01-15T16:31:45+00:00">16:31:45</abbr></a>] <span>* Xabaras76 (bb9965e1@gateway/web/freenode/ip.187.153.101.225) Quit (Client Quit)</span></li>
<li class="join">[<a href="#T16:32:06" id="T16:32:06"><abbr title="2016-01-15T16:32:06+00:00">16:32:06</abbr></a>] <span>* Xabaras76 (bb9965e1@gateway/web/freenode/ip.187.153.101.225) has joined #beagle</span></li>
<li class="quit">[<a href="#T16:34:20" id="T16:34:20"><abbr title="2016-01-15T16:34:20+00:00">16:34:20</abbr></a>] <span>* Xabaras76 (bb9965e1@gateway/web/freenode/ip.187.153.101.225) Quit (Client Quit)</span></li>
<li class="join">[<a href="#T16:39:14" id="T16:39:14"><abbr title="2016-01-15T16:39:14+00:00">16:39:14</abbr></a>] <span>* weox (uid112413@gateway/web/irccloud.com/x-pcsixwwccilkjbki) has joined #beagle</span></li>
<li class="join">[<a href="#T16:45:06" id="T16:45:06"><abbr title="2016-01-15T16:45:06+00:00">16:45:06</abbr></a>] <span>* darkfader (~darkfader@ip3e8346be.speed.planet.nl) has joined #beagle</span></li>
<li class="join">[<a href="#T16:47:47" id="T16:47:47"><abbr title="2016-01-15T16:47:47+00:00">16:47:47</abbr></a>] <span>* Xabaras76 (bb9965e1@gateway/web/freenode/ip.187.153.101.225) has joined #beagle</span></li>
<li class="quit">[<a href="#T16:48:45" id="T16:48:45"><abbr title="2016-01-15T16:48:45+00:00">16:48:45</abbr></a>] <span>* Xabaras76 (bb9965e1@gateway/web/freenode/ip.187.153.101.225) Quit (Client Quit)</span></li>
<li class="join">[<a href="#T16:49:13" id="T16:49:13"><abbr title="2016-01-15T16:49:13+00:00">16:49:13</abbr></a>] <span>* Xabaras76 (bb9965e1@gateway/web/freenode/ip.187.153.101.225) has joined #beagle</span></li>
<li class="action">[<a href="#T16:49:50" id="T16:49:50"><abbr title="2016-01-15T16:49:50+00:00">16:49:50</abbr></a>] <span>* Xabaras76 Hello to everyone </span></li>
<li class="action">[<a href="#T16:50:58" id="T16:50:58"><abbr title="2016-01-15T16:50:58+00:00">16:50:58</abbr></a>] <span>* Xabaras76 Please I need a little help about installing SDL2 on a beagleboard black </span></li>
<li class="message">[<a href="#T16:56:37" id="T16:56:37"><abbr title="2016-01-15T16:56:37+00:00">16:56:37</abbr></a>] &lt;<cite>veremit</cite>&gt; <q>sudo apt-get install libsdl2</q></li>
<li class="action">[<a href="#T16:57:59" id="T16:57:59"><abbr title="2016-01-15T16:57:59+00:00">16:57:59</abbr></a>] <span>* Xabaras76 Thanks a lot for your answer veremit</span></li>
<li class="message">[<a href="#T16:58:25" id="T16:58:25"><abbr title="2016-01-15T16:58:25+00:00">16:58:25</abbr></a>] &lt;<cite>veremit</cite>&gt; <q>or libsdl2-dev if you're developing</q></li>
<li class="message">[<a href="#T16:58:31" id="T16:58:31"><abbr title="2016-01-15T16:58:31+00:00">16:58:31</abbr></a>] &lt;<cite>veremit</cite>&gt; <q>ie. need headers etc</q></li>
<li class="message">[<a href="#T16:58:49" id="T16:58:49"><abbr title="2016-01-15T16:58:49+00:00">16:58:49</abbr></a>] &lt;<cite>Xabaras76</cite>&gt; <q>I already tried that command but it say to me :Unable to locate package libsdl2</q></li>
<li class="message">[<a href="#T16:59:10" id="T16:59:10"><abbr title="2016-01-15T16:59:10+00:00">16:59:10</abbr></a>] &lt;<cite>veremit</cite>&gt; <q>yes I mangled the command I think . needs some extra bits .. checking ..</q></li>
<li class="action">[<a href="#T16:59:43" id="T16:59:43"><abbr title="2016-01-15T16:59:43+00:00">16:59:43</abbr></a>] <span>* Xabaras76 ok I will try thanks a lot...!</span></li>
<li class="message">[<a href="#T17:00:08" id="T17:00:08"><abbr title="2016-01-15T17:00:08+00:00">17:00:08</abbr></a>] &lt;<cite>veremit</cite>&gt; <q>sudo apt-get install libsdl2-2.0</q></li>
<li class="message">[<a href="#T17:00:15" id="T17:00:15"><abbr title="2016-01-15T17:00:15+00:00">17:00:15</abbr></a>] &lt;<cite>veremit</cite>&gt; <q>you need the extra -2.0</q></li>
<li class="message">[<a href="#T17:00:24" id="T17:00:24"><abbr title="2016-01-15T17:00:24+00:00">17:00:24</abbr></a>] &lt;<cite>veremit</cite>&gt; <q>stupid debian package naming .. lol</q></li>
<li class="action">[<abbr title="2016-01-15T17:00:24+00:00">17:00:24</abbr>] <span>* Xabaras76 In any case....I already dounload the source and compiled it.....</span></li>
<li class="message">[<a href="#T17:00:35" id="T17:00:35"><abbr title="2016-01-15T17:00:35+00:00">17:00:35</abbr></a>] &lt;<cite>veremit</cite>&gt; <q>well that's always an option</q></li>
<li class="action">[<a href="#T17:01:11" id="T17:01:11"><abbr title="2016-01-15T17:01:11+00:00">17:01:11</abbr></a>] <span>* Xabaras76 I get no errors also when I made mke install.....</span></li>
<li class="message">[<a href="#T17:01:34" id="T17:01:34"><abbr title="2016-01-15T17:01:34+00:00">17:01:34</abbr></a>] &lt;<cite>Xabaras76</cite>&gt; <q>but when I do dpkg...I can't find the lib......</q></li>
<li class="message">[<a href="#T17:01:37" id="T17:01:37"><abbr title="2016-01-15T17:01:37+00:00">17:01:37</abbr></a>] &lt;<cite>veremit</cite>&gt; <q>perfect :)</q></li>
<li class="message">[<a href="#T17:01:49" id="T17:01:49"><abbr title="2016-01-15T17:01:49+00:00">17:01:49</abbr></a>] &lt;<cite>veremit</cite>&gt; <q>no .. dpkg won't know about things you manually install :P~</q></li>
<li class="quit">[<a href="#T17:02:01" id="T17:02:01"><abbr title="2016-01-15T17:02:01+00:00">17:02:01</abbr></a>] <span>* bostondriver (~mcambria@68.128.155.223) Quit (Quit: Leaving.)</span></li>
<li class="join">[<a href="#T17:02:25" id="T17:02:25"><abbr title="2016-01-15T17:02:25+00:00">17:02:25</abbr></a>] <span>* bostondriver (~mcambria@68.128.155.223) has joined #beagle</span></li>
<li class="quit">[<a href="#T17:02:35" id="T17:02:35"><abbr title="2016-01-15T17:02:35+00:00">17:02:35</abbr></a>] <span>* poffs (~poffs@46.174.191.25) Quit (Quit: Leaving)</span></li>
<li class="message">[<a href="#T17:02:36" id="T17:02:36"><abbr title="2016-01-15T17:02:36+00:00">17:02:36</abbr></a>] &lt;<cite>veremit</cite>&gt; <q>you'll probably find it in /usr/local/lib and /usr/local/bin and /usr/local/share etc</q></li>
<li class="message">[<a href="#T17:03:03" id="T17:03:03"><abbr title="2016-01-15T17:03:03+00:00">17:03:03</abbr></a>] &lt;<cite>veremit</cite>&gt; <q>whereas the debian installers will put it in the standard places</q></li>
<li class="action">[<a href="#T17:03:32" id="T17:03:32"><abbr title="2016-01-15T17:03:32+00:00">17:03:32</abbr></a>] <span>* Xabaras76 sorry....I'm a total noob trying to get my way in Linux sorry if I make sometimes easy questions for you...</span></li>
<li class="action">[<a href="#T17:04:15" id="T17:04:15"><abbr title="2016-01-15T17:04:15+00:00">17:04:15</abbr></a>] <span>* Xabaras76 I appreciate a lot your help</span></li>
<li class="action">[<a href="#T17:05:37" id="T17:05:37"><abbr title="2016-01-15T17:05:37+00:00">17:05:37</abbr></a>] <span>* Xabaras76 I tryied the other command...but I get this:</span></li>
<li class="message">[<a href="#T17:05:42" id="T17:05:42"><abbr title="2016-01-15T17:05:42+00:00">17:05:42</abbr></a>] &lt;<cite>Xabaras76</cite>&gt; <q>E: Unable to locate package libsdl2-2.0 E: Couldn't find any package by regex 'libsdl2-2.0'</q></li>
<li class="message">[<a href="#T17:06:02" id="T17:06:02"><abbr title="2016-01-15T17:06:02+00:00">17:06:02</abbr></a>] &lt;<cite>veremit</cite>&gt; <q>are you running the ... uhoh.. hold up</q></li>
<li class="message">[<a href="#T17:06:17" id="T17:06:17"><abbr title="2016-01-15T17:06:17+00:00">17:06:17</abbr></a>] &lt;<cite>veremit</cite>&gt; <q>you need debian jessie</q></li>
<li class="message">[<a href="#T17:06:26" id="T17:06:26"><abbr title="2016-01-15T17:06:26+00:00">17:06:26</abbr></a>] &lt;<cite>veremit</cite>&gt; <q>doesnt' exist in wheezy which is he default image</q></li>
<li class="action">[<a href="#T17:07:15" id="T17:07:15"><abbr title="2016-01-15T17:07:15+00:00">17:07:15</abbr></a>] <span>* Xabaras76 again thanks a lot.....</span></li>
<li class="message">[<a href="#T17:07:35" id="T17:07:35"><abbr title="2016-01-15T17:07:35+00:00">17:07:35</abbr></a>] &lt;<cite>veremit</cite>&gt; <q>unless you have work you need to save, I'd recommend grabbing a new image from <a href="http://elinux.org/Beagleboard:BeagleBoneBlack_Debian#2016-01-10">http://elinux.org/Beagleboard:BeagleBoneBlack_Debian#2016-01-10</a></q></li>
<li class="action">[<a href="#T17:08:06" id="T17:08:06"><abbr title="2016-01-15T17:08:06+00:00">17:08:06</abbr></a>] <span>* Xabaras76 I check in usr/local/lib and I have got the libSDL2..!</span></li>
<li class="quit">[<a href="#T17:08:23" id="T17:08:23"><abbr title="2016-01-15T17:08:23+00:00">17:08:23</abbr></a>] <span>* bearsh|work (~quassel@252.212.107.92.dynamic.wline.res.cust.swisscom.ch) Quit (Ping timeout: 255 seconds)</span></li>
<li class="action">[<a href="#T17:08:26" id="T17:08:26"><abbr title="2016-01-15T17:08:26+00:00">17:08:26</abbr></a>] <span>* Xabaras76 OOHHH a new image.....:)</span></li>
<li class="action">[<a href="#T17:08:51" id="T17:08:51"><abbr title="2016-01-15T17:08:51+00:00">17:08:51</abbr></a>] <span>* Xabaras76 thanks again :)</span></li>
<li class="message">[<a href="#T17:10:04" id="T17:10:04"><abbr title="2016-01-15T17:10:04+00:00">17:10:04</abbr></a>] &lt;<cite>veremit</cite>&gt; <q>have a play with that little lot .. I gotta afk a bit .. bbl :)</q></li>
<li class="action">[<a href="#T17:12:03" id="T17:12:03"><abbr title="2016-01-15T17:12:03+00:00">17:12:03</abbr></a>] <span>* Xabaras76 Thanks a lot again........:)</span></li>
<li class="quit">[<a href="#T17:29:45" id="T17:29:45"><abbr title="2016-01-15T17:29:45+00:00">17:29:45</abbr></a>] <span>* ppisati (~ppisati@2-230-238-136.ip204.fastwebnet.it) Quit (Quit: leaving)</span></li>
<li class="join">[<a href="#T17:32:28" id="T17:32:28"><abbr title="2016-01-15T17:32:28+00:00">17:32:28</abbr></a>] <span>* franz___ (~franz@cpe90-146-82-220.liwest.at) has joined #beagle</span></li>
<li class="quit">[<a href="#T17:33:09" id="T17:33:09"><abbr title="2016-01-15T17:33:09+00:00">17:33:09</abbr></a>] <span>* bizulk (~sli@h67.cornut.fr) Quit (Quit: Leaving.)</span></li>
<li class="join">[<a href="#T17:37:35" id="T17:37:35"><abbr title="2016-01-15T17:37:35+00:00">17:37:35</abbr></a>] <span>* NulL` (~bleh1@178.16.3.86) has joined #beagle</span></li>
<li class="quit">[<a href="#T17:38:29" id="T17:38:29"><abbr title="2016-01-15T17:38:29+00:00">17:38:29</abbr></a>] <span>* mythos (~mythos@unaffiliated/mythos) Quit (Ping timeout: 245 seconds)</span></li>
<li class="message">[<a href="#T17:38:45" id="T17:38:45"><abbr title="2016-01-15T17:38:45+00:00">17:38:45</abbr></a>] &lt;<cite>abferm</cite>&gt; <q>I've been working on my custom kernel, and have noticed that these errors have been showing up in dmesg. Any ideas on how to fix them? <a href="http://pastebin.com/aUQTDW0K">http://pastebin.com/aUQTDW0K</a></q></li>
<li class="quit">[<a href="#T17:45:09" id="T17:45:09"><abbr title="2016-01-15T17:45:09+00:00">17:45:09</abbr></a>] <span>* skhreze (~debian@user-94-254-198-63.play-internet.pl) Quit (Ping timeout: 245 seconds)</span></li>
<li class="join">[<a href="#T17:46:53" id="T17:46:53"><abbr title="2016-01-15T17:46:53+00:00">17:46:53</abbr></a>] <span>* skhreze (~debian@user-94-254-199-166.play-internet.pl) has joined #beagle</span></li>
<li class="message">[<a href="#T17:48:49" id="T17:48:49"><abbr title="2016-01-15T17:48:49+00:00">17:48:49</abbr></a>] &lt;<cite>zmatt</cite>&gt; <q>abferm: first one: interrupt-affinity is (contrary to the docs) not an optional property</q></li>
<li class="message">[<a href="#T17:50:16" id="T17:50:16"><abbr title="2016-01-15T17:50:16+00:00">17:50:16</abbr></a>] &lt;<cite>zmatt</cite>&gt; <q>point it to &lt;&amp;{/cpus/cpu@0}&gt;  (or add a label to the cpu for more convenient reference)</q></li>
<li class="join">[<a href="#T17:50:25" id="T17:50:25"><abbr title="2016-01-15T17:50:25+00:00">17:50:25</abbr></a>] <span>* c10ud (~c10ud@emesene/dictator/c10ud) has joined #beagle</span></li>
<li class="quit">[<a href="#T17:50:31" id="T17:50:31"><abbr title="2016-01-15T17:50:31+00:00">17:50:31</abbr></a>] <span>* franz___ (~franz@cpe90-146-82-220.liwest.at) Quit (Remote host closed the connection)</span></li>
<li class="message">[<a href="#T17:52:03" id="T17:52:03"><abbr title="2016-01-15T17:52:03+00:00">17:52:03</abbr></a>] &lt;<cite>zmatt</cite>&gt; <q>(note that although the pmu irq is known to be unreliable, the polling workaround has not been implemented apparently so the irq is still necessary; without it you lose a lot of useful profiling ability)</q></li>
<li class="quit">[<a href="#T17:53:04" id="T17:53:04"><abbr title="2016-01-15T17:53:04+00:00">17:53:04</abbr></a>] <span>* ogra_ (~ogra_@p5098ed03.dip0.t-ipconnect.de) Quit (Ping timeout: 245 seconds)</span></li>
<li class="join">[<a href="#T17:53:30" id="T17:53:30"><abbr title="2016-01-15T17:53:30+00:00">17:53:30</abbr></a>] <span>* ogra_ (~ogra_@p5098ed03.dip0.t-ipconnect.de) has joined #beagle</span></li>
<li class="message">[<a href="#T17:54:04" id="T17:54:04"><abbr title="2016-01-15T17:54:04+00:00">17:54:04</abbr></a>] &lt;<cite>zmatt</cite>&gt; <q>next two lines are linux being a fascist and complaining that the device ought to reference the voltage regulator supplying it</q></li>
<li class="message">[<a href="#T17:54:49" id="T17:54:49"><abbr title="2016-01-15T17:54:49+00:00">17:54:49</abbr></a>] &lt;<cite>zmatt</cite>&gt; <q>"there's no regulator you need to concern yourself about, stfu" is not an option, to make the message go away you probably have to instantiate a fixed-regulator</q></li>
<li class="join">[<a href="#T17:54:52" id="T17:54:52"><abbr title="2016-01-15T17:54:52+00:00">17:54:52</abbr></a>] <span>* franz (~franz@cpe90-146-82-220.liwest.at) has joined #beagle</span></li>
<li class="message">[<a href="#T17:55:01" id="T17:55:01"><abbr title="2016-01-15T17:55:01+00:00">17:55:01</abbr></a>] &lt;<cite>zmatt</cite>&gt; <q>(or remove the message)</q></li>
<li class="message">[<a href="#T17:55:10" id="T17:55:10"><abbr title="2016-01-15T17:55:10+00:00">17:55:10</abbr></a>] &lt;<cite>zmatt</cite>&gt; <q>omap-sham is a buggy piece of shit, turn it off</q></li>
<li class="join">[<a href="#T17:55:56" id="T17:55:56"><abbr title="2016-01-15T17:55:56+00:00">17:55:56</abbr></a>] <span>* Shadyman (~matthew@unaffiliated/shadyman) has joined #beagle</span></li>
<li class="message">[<a href="#T17:57:24" id="T17:57:24"><abbr title="2016-01-15T17:57:24+00:00">17:57:24</abbr></a>] &lt;<cite>zmatt</cite>&gt; <q>omap_voltage_late_init: not sure, there seem to be multiple voltage regulation mechanisms compiled into the kernel even though only one will be appropriate for the am335x... I suspect this message is one of the other mechanisms complaining it has no business here</q></li>
<li class="message">[<a href="#T17:59:39" id="T17:59:39"><abbr title="2016-01-15T17:59:39+00:00">17:59:39</abbr></a>] &lt;<cite>zmatt</cite>&gt; <q>the last entries suggest you either have an old kernel and DT that still manually lists the operating performance points, and you neglected to include 1 GHz as a supported frequency.  modern kernels take care of this themselves using some code (dunno which config options) and an appropriate firmware blob "am335x-bone-scale-data.bin" (CONFIG_EXTRA_FIRMWARE)</q></li>
<li class="message">[<a href="#T17:59:52" id="T17:59:52"><abbr title="2016-01-15T17:59:52+00:00">17:59:52</abbr></a>] &lt;<cite>zmatt</cite>&gt; <q>afk again, next round of shopping</q></li>
<li class="join">[<a href="#T18:05:32" id="T18:05:32"><abbr title="2016-01-15T18:05:32+00:00">18:05:32</abbr></a>] <span>* bkearns (~bkearns@216.75.239.130) has joined #beagle</span></li>
<li class="quit">[<a href="#T18:13:07" id="T18:13:07"><abbr title="2016-01-15T18:13:07+00:00">18:13:07</abbr></a>] <span>* florian (~fuchs@Maemo/community/contributor/florian) Quit (Quit: Client exiting)</span></li>
<li class="quit">[<a href="#T18:15:53" id="T18:15:53"><abbr title="2016-01-15T18:15:53+00:00">18:15:53</abbr></a>] <span>* c10ud (~c10ud@emesene/dictator/c10ud) Quit (Quit: cya)</span></li>
<li class="join">[<a href="#T18:19:52" id="T18:19:52"><abbr title="2016-01-15T18:19:52+00:00">18:19:52</abbr></a>] <span>* linkedinyou (~linkediny@unaffiliated/linkedinyou) has joined #beagle</span></li>
<li class="join">[<abbr title="2016-01-15T18:19:52+00:00">18:19:52</abbr>] <span>* linkedinyou (~linkediny@unaffiliated/linkedinyou) has joined #beaglebone</span></li>
<li class="quit">[<a href="#T18:26:02" id="T18:26:02"><abbr title="2016-01-15T18:26:02+00:00">18:26:02</abbr></a>] <span>* Xabaras76 (bb9965e1@gateway/web/freenode/ip.187.153.101.225) Quit ()</span></li>
<li class="quit">[<a href="#T18:27:51" id="T18:27:51"><abbr title="2016-01-15T18:27:51+00:00">18:27:51</abbr></a>] <span>* linkedinyou (~linkediny@unaffiliated/linkedinyou) Quit (Quit: linkedinyou)</span></li>
<li class="join">[<a href="#T18:29:57" id="T18:29:57"><abbr title="2016-01-15T18:29:57+00:00">18:29:57</abbr></a>] <span>* linkedinyou (~linkediny@unaffiliated/linkedinyou) has joined #beagle</span></li>
<li class="join">[<abbr title="2016-01-15T18:29:57+00:00">18:29:57</abbr>] <span>* linkedinyou (~linkediny@unaffiliated/linkedinyou) has joined #beaglebone</span></li>
<li class="join">[<a href="#T18:36:47" id="T18:36:47"><abbr title="2016-01-15T18:36:47+00:00">18:36:47</abbr></a>] <span>* mythos (~mythos@unaffiliated/mythos) has joined #beagle</span></li>
<li class="join">[<a href="#T18:42:12" id="T18:42:12"><abbr title="2016-01-15T18:42:12+00:00">18:42:12</abbr></a>] <span>* foreverska_ (605d58aa@gateway/web/freenode/ip.96.93.88.170) has joined #beaglebone</span></li>
<li class="quit">[<a href="#T18:42:40" id="T18:42:40"><abbr title="2016-01-15T18:42:40+00:00">18:42:40</abbr></a>] <span>* foreverska_ (605d58aa@gateway/web/freenode/ip.96.93.88.170) Quit (Client Quit)</span></li>
<li class="join">[<a href="#T18:42:49" id="T18:42:49"><abbr title="2016-01-15T18:42:49+00:00">18:42:49</abbr></a>] <span>* foreverska_ (605d58aa@gateway/web/freenode/ip.96.93.88.170) has joined #beagle</span></li>
<li class="message">[<a href="#T18:44:05" id="T18:44:05"><abbr title="2016-01-15T18:44:05+00:00">18:44:05</abbr></a>] &lt;<cite>foreverska_</cite>&gt; <q>I disabled /dev/ttyO0 in inittab and sysctl but I'm still not seeing echos to my computer.  What else could be holding it up?</q></li>
<li class="join">[<a href="#T18:51:25" id="T18:51:25"><abbr title="2016-01-15T18:51:25+00:00">18:51:25</abbr></a>] <span>* j12t (~j12t@c-50-136-206-246.hsd1.ca.comcast.net) has joined #beagle</span></li>
<li class="join">[<a href="#T18:52:11" id="T18:52:11"><abbr title="2016-01-15T18:52:11+00:00">18:52:11</abbr></a>] <span>* florian (~fuchs@Maemo/community/contributor/florian) has joined #beagle</span></li>
<li class="join">[<a href="#T18:54:13" id="T18:54:13"><abbr title="2016-01-15T18:54:13+00:00">18:54:13</abbr></a>] <span>* NulL`` (~bleh1@178.16.2.189) has joined #beagle</span></li>
<li class="quit">[<a href="#T18:55:59" id="T18:55:59"><abbr title="2016-01-15T18:55:59+00:00">18:55:59</abbr></a>] <span>* j12t (~j12t@c-50-136-206-246.hsd1.ca.comcast.net) Quit (Ping timeout: 264 seconds)</span></li>
<li class="quit">[<a href="#T18:56:50" id="T18:56:50"><abbr title="2016-01-15T18:56:50+00:00">18:56:50</abbr></a>] <span>* NulL` (~bleh1@178.16.3.86) Quit (Ping timeout: 260 seconds)</span></li>
<li class="nick-change">[<a href="#T18:57:13" id="T18:57:13"><abbr title="2016-01-15T18:57:13+00:00">18:57:13</abbr></a>] <span>* franz is now known as franzp</span></li>
<li class="join">[<a href="#T18:58:09" id="T18:58:09"><abbr title="2016-01-15T18:58:09+00:00">18:58:09</abbr></a>] <span>* djlewis (~bubba@adsl-65-64-30-13.dsl.ltrkar.swbell.net) has joined #beagle</span></li>
<li class="join">[<a href="#T18:58:49" id="T18:58:49"><abbr title="2016-01-15T18:58:49+00:00">18:58:49</abbr></a>] <span>* NulL` (~bleh1@46.226.185.191) has joined #beagle</span></li>
<li class="nick-change">[<a href="#T18:58:51" id="T18:58:51"><abbr title="2016-01-15T18:58:51+00:00">18:58:51</abbr></a>] <span>* NulL` is now known as NulL```</span></li>
