<li class="join">[<a href="#T00:00:32" id="T00:00:32"><abbr title="2016-01-17T00:00:32+00:00">00:00:32</abbr></a>] <span>* BeagleBot (~PircBot@ec2-50-17-196-130.compute-1.amazonaws.com) has joined #beagle</span></li>
<li class="topic">[<abbr title="2016-01-17T00:00:32+00:00">00:00:32</abbr>] <span>* Topic is '<a href="http://beagleboard.org/chat">http://beagleboard.org/chat</a> has a guide on how to ask questions and links to the logs | never ask to ask, just ask | be patient | pastebin a boot log | <a href="http://ahsoftware.de/Beaglebone_Black_Boot_explained.svg">http://ahsoftware.de/Beaglebone_Black_Boot_explained.svg</a> | <a href="http://beagleboard.org/latest-images">http://beagleboard.org/latest-images</a> | <a href="http://beagleboard.org/Support/bone101">http://beagleboard.org/Support/bone101</a> | direct bonescript/node.js questions to #beagle-bonescript | books: <a href="http://bit.ly/bbb-books'">http://bit.ly/bbb-books'</a></span></li>
<li class="topic">[<abbr title="2016-01-17T00:00:32+00:00">00:00:32</abbr>] <span>* Set by KotH!~attila@erica.kinali.ch on Wed Jul 15 13:55:07 UTC 2015</span></li>
<li class="join">[<abbr title="2016-01-17T00:00:32+00:00">00:00:32</abbr>] <span>* BeagleBot (~PircBot@ec2-50-17-196-130.compute-1.amazonaws.com) has joined #beagleboard</span></li>
<li class="join">[<abbr title="2016-01-17T00:00:32+00:00">00:00:32</abbr>] <span>* BeagleBot (~PircBot@ec2-50-17-196-130.compute-1.amazonaws.com) has joined #beaglebone</span></li>
<li class="join">[<a href="#T00:03:08" id="T00:03:08"><abbr title="2016-01-17T00:03:08+00:00">00:03:08</abbr></a>] <span>* j12t (~j12t@c-50-136-206-246.hsd1.ca.comcast.net) has joined #beagle</span></li>
<li class="join">[<a href="#T00:07:08" id="T00:07:08"><abbr title="2016-01-17T00:07:08+00:00">00:07:08</abbr></a>] <span>* Ceriand|desktop (~Ceriand@unaffiliated/ceriand) has joined #beagle</span></li>
<li class="quit">[<a href="#T00:07:23" id="T00:07:23"><abbr title="2016-01-17T00:07:23+00:00">00:07:23</abbr></a>] <span>* j12t (~j12t@c-50-136-206-246.hsd1.ca.comcast.net) Quit (Ping timeout: 246 seconds)</span></li>
<li class="message">[<a href="#T00:11:22" id="T00:11:22"><abbr title="2016-01-17T00:11:22+00:00">00:11:22</abbr></a>] &lt;<cite>GenTooMan</cite>&gt; <q>evening</q></li>
<li class="quit">[<a href="#T00:25:29" id="T00:25:29"><abbr title="2016-01-17T00:25:29+00:00">00:25:29</abbr></a>] <span>* dj-pi (~dj@c-73-191-212-56.hsd1.mi.comcast.net) Quit (Ping timeout: 276 seconds)</span></li>
<li class="quit">[<a href="#T00:26:23" id="T00:26:23"><abbr title="2016-01-17T00:26:23+00:00">00:26:23</abbr></a>] <span>* darkfader (~darkfader@2001:610:600:896d:b8bd:1d80:70fc:1b8c) Quit (Quit: Read error: Connection reset by peer)</span></li>
<li class="message">[<a href="#T00:27:34" id="T00:27:34"><abbr title="2016-01-17T00:27:34+00:00">00:27:34</abbr></a>] &lt;<cite>GenTooMan</cite>&gt; <q>It appears Yocto suggests using QEMU for when you make test images. Likely why konstunn was talking about it earlier</q></li>
<li class="quit">[<a href="#T00:28:02" id="T00:28:02"><abbr title="2016-01-17T00:28:02+00:00">00:28:02</abbr></a>] <span>* zacts (uid140498@freebsd/geek/zacts) Quit ()</span></li>
<li class="join">[<a href="#T00:28:34" id="T00:28:34"><abbr title="2016-01-17T00:28:34+00:00">00:28:34</abbr></a>] <span>* zacts (uid140498@freebsd/geek/zacts) has joined #beagle</span></li>
<li class="quit">[<a href="#T00:31:31" id="T00:31:31"><abbr title="2016-01-17T00:31:31+00:00">00:31:31</abbr></a>] <span>* zacts (uid140498@freebsd/geek/zacts) Quit (Client Quit)</span></li>
<li class="quit">[<a href="#T00:40:54" id="T00:40:54"><abbr title="2016-01-17T00:40:54+00:00">00:40:54</abbr></a>] <span>* PDogJr (~PurpleDog@unaffiliated/purpledog) Quit (Ping timeout: 260 seconds)</span></li>
<li class="join">[<a href="#T00:42:01" id="T00:42:01"><abbr title="2016-01-17T00:42:01+00:00">00:42:01</abbr></a>] <span>* PDogJr (~PurpleDog@unaffiliated/purpledog) has joined #beagle</span></li>
<li class="quit">[<a href="#T00:49:19" id="T00:49:19"><abbr title="2016-01-17T00:49:19+00:00">00:49:19</abbr></a>] <span>* jamesaxl (~jamesaxl@160.177.97.26) Quit (Ping timeout: 245 seconds)</span></li>
<li class="join">[<a href="#T00:50:43" id="T00:50:43"><abbr title="2016-01-17T00:50:43+00:00">00:50:43</abbr></a>] <span>* zauslande (~zauslande@66.53.80.175) has joined #beagle</span></li>
<li class="part">[<a href="#T00:52:01" id="T00:52:01"><abbr title="2016-01-17T00:52:01+00:00">00:52:01</abbr></a>] <span>* zauslande (~zauslande@66.53.80.175) has left #beagle</span></li>
