<li class="join">[<a href="#T00:00:27" id="T00:00:27"><abbr title="2016-01-08T00:00:27+00:00">00:00:27</abbr></a>] <span>* BeagleBot (~PircBot@ec2-50-17-196-130.compute-1.amazonaws.com) has joined #beagle</span></li>
<li class="topic">[<abbr title="2016-01-08T00:00:27+00:00">00:00:27</abbr>] <span>* Topic is '<a href="http://beagleboard.org/chat">http://beagleboard.org/chat</a> has a guide on how to ask questions and links to the logs | never ask to ask, just ask | be patient | pastebin a boot log | <a href="http://ahsoftware.de/Beaglebone_Black_Boot_explained.svg">http://ahsoftware.de/Beaglebone_Black_Boot_explained.svg</a> | <a href="http://beagleboard.org/latest-images">http://beagleboard.org/latest-images</a> | <a href="http://beagleboard.org/Support/bone101">http://beagleboard.org/Support/bone101</a> | direct bonescript/node.js questions to #beagle-bonescript | books: <a href="http://bit.ly/bbb-books'">http://bit.ly/bbb-books'</a></span></li>
<li class="topic">[<abbr title="2016-01-08T00:00:27+00:00">00:00:27</abbr>] <span>* Set by KotH!~attila@erica.kinali.ch on Wed Jul 15 13:55:07 UTC 2015</span></li>
<li class="join">[<abbr title="2016-01-08T00:00:27+00:00">00:00:27</abbr>] <span>* BeagleBot (~PircBot@ec2-50-17-196-130.compute-1.amazonaws.com) has joined #beagleboard</span></li>
<li class="join">[<abbr title="2016-01-08T00:00:27+00:00">00:00:27</abbr>] <span>* BeagleBot (~PircBot@ec2-50-17-196-130.compute-1.amazonaws.com) has joined #beaglebone</span></li>
<li class="quit">[<a href="#T00:04:09" id="T00:04:09"><abbr title="2016-01-08T00:04:09+00:00">00:04:09</abbr></a>] <span>* Guest16701 (4815c642@gateway/web/freenode/ip.72.21.198.66) Quit (Ping timeout: 252 seconds)</span></li>
<li class="message">[<a href="#T00:08:41" id="T00:08:41"><abbr title="2016-01-08T00:08:41+00:00">00:08:41</abbr></a>] &lt;<cite>mistawright</cite>&gt; <q>zmatt: not sure what I did wrong. I am able to get it to boot to something but I think I either used the wrong image or something as it eventually hangs during boot</q></li>
<li class="message">[<a href="#T00:10:38" id="T00:10:38"><abbr title="2016-01-08T00:10:38+00:00">00:10:38</abbr></a>] &lt;<cite>mistawright</cite>&gt; <q><a href="http://pastebin.com/LUyBqyzp">http://pastebin.com/LUyBqyzp</a></q></li>
<li class="message">[<a href="#T00:10:44" id="T00:10:44"><abbr title="2016-01-08T00:10:44+00:00">00:10:44</abbr></a>] &lt;<cite>mistawright</cite>&gt; <q>that is what i get now</q></li>
<li class="join">[<a href="#T00:12:56" id="T00:12:56"><abbr title="2016-01-08T00:12:56+00:00">00:12:56</abbr></a>] <span>* ftdi_problem (8ef40526@gateway/web/freenode/ip.142.244.5.38) has joined #beagle</span></li>
<li class="message">[<a href="#T00:13:36" id="T00:13:36"><abbr title="2016-01-08T00:13:36+00:00">00:13:36</abbr></a>] &lt;<cite>ftdi_problem</cite>&gt; <q>Hi guys, i have a problem with my beagleboneblack, and i have it connected to an ftdi, can anyone help with interpreting errors read on the printout?</q></li>
<li class="message">[<a href="#T00:15:58" id="T00:15:58"><abbr title="2016-01-08T00:15:58+00:00">00:15:58</abbr></a>] &lt;<cite>zmatt</cite>&gt; <q>ftdi_problem: tip: just showing your actual problem (i.e. giving a link to pastebin or similar containing the errors) generally has better chance of getting help than asking "can anyone help"</q></li>
<li class="message">[<a href="#T00:16:52" id="T00:16:52"><abbr title="2016-01-08T00:16:52+00:00">00:16:52</abbr></a>] &lt;<cite>ftdi_problem</cite>&gt; <q>Here's the output i get from ftdi:</q></li>
<li class="message">[<a href="#T00:16:54" id="T00:16:54"><abbr title="2016-01-08T00:16:54+00:00">00:16:54</abbr></a>] &lt;<cite>ftdi_problem</cite>&gt; <q>ffe6 e1fc f8c4 05c0 (6803) f44f</q></li>
<li class="message">[<a href="#T00:17:00" id="T00:17:00"><abbr title="2016-01-08T00:17:00+00:00">00:17:00</abbr></a>] &lt;<cite>ftdi_problem</cite>&gt; <q> U-Boot SPL 2014.04-00015-gb4422bd (Apr 22 2014 - 13:24:29) reading args spl_load_image_fat_os: error reading image args, err - -1 reading u-boot.img reading u-boot.img   U-Boot 2014.04-00015-gb4422bd (Apr 22 2014 - 13:24:29)  I2C:   ready DRAM:  512 MiB NAND:  0 MiB MMC:   OMAP SD/MMC: 0, OMAP SD/MMC: 1 *** Warning - readenv() failed, using default environment  Net:   &lt;ethaddr&gt; not set. Validating first E-fuse MAC Could not get </q></li>
<li class="message">[<a href="#T00:17:06" id="T00:17:06"><abbr title="2016-01-08T00:17:06+00:00">00:17:06</abbr></a>] &lt;<cite>zmatt</cite>&gt; <q>do NOT</q></li>
<li class="message">[<a href="#T00:17:10" id="T00:17:10"><abbr title="2016-01-08T00:17:10+00:00">00:17:10</abbr></a>] &lt;<cite>zmatt</cite>&gt; <q>paste text here</q></li>
<li class="message">[<a href="#T00:17:18" id="T00:17:18"><abbr title="2016-01-08T00:17:18+00:00">00:17:18</abbr></a>] &lt;<cite>ftdi_problem</cite>&gt; <q>Oh sorry, let me pastebin it</q></li>
<li class="message">[<a href="#T00:18:00" id="T00:18:00"><abbr title="2016-01-08T00:18:00+00:00">00:18:00</abbr></a>] &lt;<cite>ftdi_problem</cite>&gt; <q>Here's the link:</q></li>
<li class="message">[<a href="#T00:18:01" id="T00:18:01"><abbr title="2016-01-08T00:18:01+00:00">00:18:01</abbr></a>] &lt;<cite>ftdi_problem</cite>&gt; <q><a href="http://pastebin.com/MHPbdCsk">http://pastebin.com/MHPbdCsk</a></q></li>
<li class="message">[<a href="#T00:18:16" id="T00:18:16"><abbr title="2016-01-08T00:18:16+00:00">00:18:16</abbr></a>] &lt;<cite>zmatt</cite>&gt; <q>(and unless you feel your existence is defined by getting an error message via an ftdi serial cable, maybe consider a different nickname ;-)</q></li>
<li class="quit">[<a href="#T00:19:10" id="T00:19:10"><abbr title="2016-01-08T00:19:10+00:00">00:19:10</abbr></a>] <span>* devtea (~tdreyer1@unaffiliated/tdreyer1) Quit (Ping timeout: 260 seconds)</span></li>
<li class="message">[<a href="#T00:19:13" id="T00:19:13"><abbr title="2016-01-08T00:19:13+00:00">00:19:13</abbr></a>] &lt;<cite>ftdi_problem</cite>&gt; <q>Haha duely noted</q></li>
<li class="message">[<a href="#T00:19:55" id="T00:19:55"><abbr title="2016-01-08T00:19:55+00:00">00:19:55</abbr></a>] &lt;<cite>zmatt</cite>&gt; <q>hm, a crash in cpsw_probe, unusual</q></li>
<li class="join">[<a href="#T00:20:38" id="T00:20:38"><abbr title="2016-01-08T00:20:38+00:00">00:20:38</abbr></a>] <span>* devtea (~tdreyer1@unaffiliated/tdreyer1) has joined #beagle</span></li>
<li class="message">[<a href="#T00:20:43" id="T00:20:43"><abbr title="2016-01-08T00:20:43+00:00">00:20:43</abbr></a>] &lt;<cite>zmatt</cite>&gt; <q>my first thought would be a mismatch between dtb and kernel</q></li>
<li class="join">[<a href="#T00:20:47" id="T00:20:47"><abbr title="2016-01-08T00:20:47+00:00">00:20:47</abbr></a>] <span>* eliasbakken (~elias@195.159.204.146) has joined #beagle</span></li>
<li class="message">[<a href="#T00:21:10" id="T00:21:10"><abbr title="2016-01-08T00:21:10+00:00">00:21:10</abbr></a>] &lt;<cite>mistawright</cite>&gt; <q>is there a way to stop the debian images from trying to connect to ethernet on boot</q></li>
<li class="message">[<a href="#T00:21:55" id="T00:21:55"><abbr title="2016-01-08T00:21:55+00:00">00:21:55</abbr></a>] &lt;<cite>ftdi_problem</cite>&gt; <q>If it helps, the Led's taht power on are only the power LED and USR2, no heartbeat present</q></li>
<li class="message">[<a href="#T00:22:03" id="T00:22:03"><abbr title="2016-01-08T00:22:03+00:00">00:22:03</abbr></a>] &lt;<cite>zmatt</cite>&gt; <q>mistawright: assuming you're still using ifupdown, remove the "auto eth0" from /etc/network/interfaces</q></li>
<li class="message">[<a href="#T00:23:52" id="T00:23:52"><abbr title="2016-01-08T00:23:52+00:00">00:23:52</abbr></a>] &lt;<cite>zmatt</cite>&gt; <q>ftdi_problem: I do see u-boot also has trouble with the ethernet subsystem ("Could not get PHY for cpsw: addr 0")</q></li>
<li class="message">[<a href="#T00:24:13" id="T00:24:13"><abbr title="2016-01-08T00:24:13+00:00">00:24:13</abbr></a>] &lt;<cite>zmatt</cite>&gt; <q>it's also quite odd it is loading uEnv from both μSD _and_ eMMC</q></li>
<li class="message">[<a href="#T00:24:26" id="T00:24:26"><abbr title="2016-01-08T00:24:26+00:00">00:24:26</abbr></a>] &lt;<cite>zmatt</cite>&gt; <q>you have a card inserted apparently?</q></li>
<li class="message">[<a href="#T00:25:01" id="T00:25:01"><abbr title="2016-01-08T00:25:01+00:00">00:25:01</abbr></a>] &lt;<cite>ftdi_problem</cite>&gt; <q>I do have a card inserted, it had the emmc flash image on it, should i try booting without it inside and see the FTDI output?</q></li>
<li class="message">[<a href="#T00:25:04" id="T00:25:04"><abbr title="2016-01-08T00:25:04+00:00">00:25:04</abbr></a>] &lt;<cite>zmatt</cite>&gt; <q>it looks like you're booting a "mixed system" .. parts coming from μSD card and parts from eMMC</q></li>
<li class="message">[<a href="#T00:25:31" id="T00:25:31"><abbr title="2016-01-08T00:25:31+00:00">00:25:31</abbr></a>] &lt;<cite>zmatt</cite>&gt; <q>current images prevent that by using filesystem uuid, but your system is quite old and doesn't have that protection yet</q></li>
<li class="message">[<a href="#T00:26:00" id="T00:26:00"><abbr title="2016-01-08T00:26:00+00:00">00:26:00</abbr></a>] &lt;<cite>mistawright</cite>&gt; <q>zmatt: what device is this? dev-ttyGS0.device i notice my boot is slowed down because of it</q></li>
<li class="quit">[<a href="#T00:26:14" id="T00:26:14"><abbr title="2016-01-08T00:26:14+00:00">00:26:14</abbr></a>] <span>* nofxx (~nofxx@unaffiliated/nofxx) Quit (Ping timeout: 255 seconds)</span></li>
<li class="join">[<a href="#T00:26:21" id="T00:26:21"><abbr title="2016-01-08T00:26:21+00:00">00:26:21</abbr></a>] <span>* nofxx (~nofxx@unaffiliated/nofxx) has joined #beaglebone</span></li>
<li class="message">[<a href="#T00:26:30" id="T00:26:30"><abbr title="2016-01-08T00:26:30+00:00">00:26:30</abbr></a>] &lt;<cite>zmatt</cite>&gt; <q>mistawright: I have no idea, I've seen it too and I have no clue</q></li>
<li class="message">[<a href="#T00:26:38" id="T00:26:38"><abbr title="2016-01-08T00:26:38+00:00">00:26:38</abbr></a>] &lt;<cite>zmatt</cite>&gt; <q>I'd say systemctl disable it</q></li>
<li class="message">[<a href="#T00:26:42" id="T00:26:42"><abbr title="2016-01-08T00:26:42+00:00">00:26:42</abbr></a>] &lt;<cite>zmatt</cite>&gt; <q>(I did)</q></li>
<li class="message">[<a href="#T00:27:30" id="T00:27:30"><abbr title="2016-01-08T00:27:30+00:00">00:27:30</abbr></a>] &lt;<cite>mistawright</cite>&gt; <q>zmatt: cool. i was able to get one of my beaglebones going that i thought i had to replace so im somewhat happy. the other though that i asked for help with initially i think i missed something somewhere on that</q></li>
<li class="message">[<a href="#T00:28:06" id="T00:28:06"><abbr title="2016-01-08T00:28:06+00:00">00:28:06</abbr></a>] &lt;<cite>zmatt</cite>&gt; <q>mistawright: still odd μSD doesn't work... I'm not sure how you'd break that</q></li>
<li class="quit">[<a href="#T00:28:29" id="T00:28:29"><abbr title="2016-01-08T00:28:29+00:00">00:28:29</abbr></a>] <span>* Devastator_ (~devas@191.251.173.204) Quit (Changing host)</span></li>
<li class="join">[<abbr title="2016-01-08T00:28:29+00:00">00:28:29</abbr>] <span>* Devastator_ (~devas@unaffiliated/devastator) has joined #beagle</span></li>
<li class="nick-change">[<a href="#T00:28:37" id="T00:28:37"><abbr title="2016-01-08T00:28:37+00:00">00:28:37</abbr></a>] <span>* Devastator_ is now known as Devastator</span></li>
<li class="message">[<a href="#T00:28:42" id="T00:28:42"><abbr title="2016-01-08T00:28:42+00:00">00:28:42</abbr></a>] &lt;<cite>ftdi_problem</cite>&gt; <q>Should i try a different emmc file?</q></li>
<li class="message">[<a href="#T00:29:30" id="T00:29:30"><abbr title="2016-01-08T00:29:30+00:00">00:29:30</abbr></a>] &lt;<cite>zmatt</cite>&gt; <q>ftdi_problem: unless it's very inconvenient, I would recommend flashing a recent jessie snapshot</q></li>
<li class="message">[<a href="#T00:30:04" id="T00:30:04"><abbr title="2016-01-08T00:30:04+00:00">00:30:04</abbr></a>] &lt;<cite>ftdi_problem</cite>&gt; <q>OK, is it possible to flash the beaglebone through the FTDI or do I have to do it through a microsd?</q></li>
<li class="message">[<a href="#T00:30:40" id="T00:30:40"><abbr title="2016-01-08T00:30:40+00:00">00:30:40</abbr></a>] &lt;<cite>zmatt</cite>&gt; <q>then you have a newer (or well, less ancient) debian system *and* a new bootloader that helps to guard against the mixed-boot issue</q></li>
<li class="quit">[<a href="#T00:31:39" id="T00:31:39"><abbr title="2016-01-08T00:31:39+00:00">00:31:39</abbr></a>] <span>* nighty^ (~nighty@s229123.ppp.asahi-net.or.jp) Quit (Quit: Disappears in a puff of smoke)</span></li>
<li class="message">[<a href="#T00:32:10" id="T00:32:10"><abbr title="2016-01-08T00:32:10+00:00">00:32:10</abbr></a>] &lt;<cite>ftdi_problem</cite>&gt; <q>what do you think would cause the mixed-boot issue? and is that why the booting just freezes?</q></li>
<li class="message">[<a href="#T00:32:31" id="T00:32:31"><abbr title="2016-01-08T00:32:31+00:00">00:32:31</abbr></a>] &lt;<cite>zmatt</cite>&gt; <q>μSD is easiest usually, flashing via USB from another linux system is also possible</q></li>
<li class="quit">[<a href="#T00:32:32" id="T00:32:32"><abbr title="2016-01-08T00:32:32+00:00">00:32:32</abbr></a>] <span>* iandow (~iandow@71-36-104-124.ptld.qwest.net) Quit (Remote host closed the connection)</span></li>
<li class="join">[<a href="#T00:32:50" id="T00:32:50"><abbr title="2016-01-08T00:32:50+00:00">00:32:50</abbr></a>] <span>* vinifr (~vinicius@191.251.236.77) has joined #beagle</span></li>
<li class="message">[<a href="#T00:33:07" id="T00:33:07"><abbr title="2016-01-08T00:33:07+00:00">00:33:07</abbr></a>] &lt;<cite>zmatt</cite>&gt; <q>mixed-boot is caused by a combination of three factors:</q></li>
<li class="join">[<a href="#T00:33:27" id="T00:33:27"><abbr title="2016-01-08T00:33:27+00:00">00:33:27</abbr></a>] <span>* iandow (~iandow@71-36-104-124.ptld.qwest.net) has joined #beaglebone</span></li>
<li class="message">[<a href="#T00:34:00" id="T00:34:00"><abbr title="2016-01-08T00:34:00+00:00">00:34:00</abbr></a>] &lt;<cite>zmatt</cite>&gt; <q>1. boot system is eMMC, but a μSD card is also present from boot</q></li>
<li class="quit">[<a href="#T00:34:14" id="T00:34:14"><abbr title="2016-01-08T00:34:14+00:00">00:34:14</abbr></a>] <span>* dwery (~dwery@nslu2-linux/dwery) Quit (Ping timeout: 276 seconds)</span></li>
<li class="quit">[<a href="#T00:34:51" id="T00:34:51"><abbr title="2016-01-08T00:34:51+00:00">00:34:51</abbr></a>] <span>* bizarro_1 (~bizarro_1@111.Red-88-17-76.dynamicIP.rima-tde.net) Quit (Quit: Leaving)</span></li>
<li class="message">[<a href="#T00:35:39" id="T00:35:39"><abbr title="2016-01-08T00:35:39+00:00">00:35:39</abbr></a>] &lt;<cite>zmatt</cite>&gt; <q>2. the root device is set to /dev/mmcblk0p1 (or p2 on really old systems) since the asswipes maintaining the linux mmc subsystem refuse to accept patches that fix the mmc device numbering to match the numbering used by hardware</q></li>
<li class="message">[<a href="#T00:36:11" id="T00:36:11"><abbr title="2016-01-08T00:36:11+00:00">00:36:11</abbr></a>] &lt;<cite>zmatt</cite>&gt; <q>(μSD card is then detected by the kernel before eMMC, hence becomes mmcblk0)</q></li>
<li class="join">[<a href="#T00:36:35" id="T00:36:35"><abbr title="2016-01-08T00:36:35+00:00">00:36:35</abbr></a>] <span>* el (~el@112.220.231.154) has joined #beagle</span></li>
<li class="message">[<a href="#T00:37:13" id="T00:37:13"><abbr title="2016-01-08T00:37:13+00:00">00:37:13</abbr></a>] &lt;<cite>ftdi_problem</cite>&gt; <q>Ok i downloaded BBB-eMMC-flasher-debian-8.2-lxqt-4gb-armhf-2016-01-03-4gb.img.xz onto my computer, i'll just flash it onto the sd card and see if it will boot :)</q></li>
<li class="message">[<abbr title="2016-01-08T00:37:13+00:00">00:37:13</abbr>] &lt;<cite>zmatt</cite>&gt; <q>actually I somehow already managed to embed my point 3 into point 2, never mind :P</q></li>
<li class="message">[<a href="#T00:37:20" id="T00:37:20"><abbr title="2016-01-08T00:37:20+00:00">00:37:20</abbr></a>] &lt;<cite>zmatt</cite>&gt; <q>I recommend the 2gb btw</q></li>
<li class="message">[<a href="#T00:37:24" id="T00:37:24"><abbr title="2016-01-08T00:37:24+00:00">00:37:24</abbr></a>] &lt;<cite>zmatt</cite>&gt; <q>less crap, more free space</q></li>
<li class="message">[<a href="#T00:37:39" id="T00:37:39"><abbr title="2016-01-08T00:37:39+00:00">00:37:39</abbr></a>] &lt;<cite>zmatt</cite>&gt; <q>(less time to flash also)</q></li>
<li class="join">[<a href="#T00:41:36" id="T00:41:36"><abbr title="2016-01-08T00:41:36+00:00">00:41:36</abbr></a>] <span>* nighty^ (~nighty@s229123.ppp.asahi-net.or.jp) has joined #beagleboard</span></li>
<li class="message">[<a href="#T00:42:48" id="T00:42:48"><abbr title="2016-01-08T00:42:48+00:00">00:42:48</abbr></a>] &lt;<cite>ftdi_problem</cite>&gt; <q>OK i'm writing the file to the SD card as we squeak, thanks for the help zmatt!!</q></li>
<li class="quit">[<a href="#T00:45:20" id="T00:45:20"><abbr title="2016-01-08T00:45:20+00:00">00:45:20</abbr></a>] <span>* isacdaavid_ (~isaac@189.167.0.86) Quit (Ping timeout: 260 seconds)</span></li>
<li class="join">[<a href="#T00:46:36" id="T00:46:36"><abbr title="2016-01-08T00:46:36+00:00">00:46:36</abbr></a>] <span>* isacdaavid_ (~isaac@189.167.0.86) has joined #beagle</span></li>
<li class="quit">[<a href="#T00:50:54" id="T00:50:54"><abbr title="2016-01-08T00:50:54+00:00">00:50:54</abbr></a>] <span>* florian (~fuchs@Maemo/community/contributor/florian) Quit (Ping timeout: 260 seconds)</span></li>
<li class="quit">[<a href="#T00:53:44" id="T00:53:44"><abbr title="2016-01-08T00:53:44+00:00">00:53:44</abbr></a>] <span>* mrjazzcat (~mrjazzcat@c-50-134-253-3.hsd1.co.comcast.net) Quit (Ping timeout: 276 seconds)</span></li>
<li class="message">[<a href="#T00:53:53" id="T00:53:53"><abbr title="2016-01-08T00:53:53+00:00">00:53:53</abbr></a>] &lt;<cite>ftdi_problem</cite>&gt; <q>IT WORKS!!!! thank you so much zmatt!!!!</q></li>
<li class="message">[<a href="#T00:54:28" id="T00:54:28"><abbr title="2016-01-08T00:54:28+00:00">00:54:28</abbr></a>] &lt;<cite>zmatt</cite>&gt; <q>\o\</q></li>
<li class="message">[<abbr title="2016-01-08T00:54:28+00:00">00:54:28</abbr>] &lt;<cite>ftdi_problem</cite>&gt; <q>So now I just wait for 30-45 minutes, then I can put a version of debian onto the SD card and it should work fine?</q></li>
<li class="message">[<a href="#T00:54:31" id="T00:54:31"><abbr title="2016-01-08T00:54:31+00:00">00:54:31</abbr></a>] &lt;<cite>zmatt</cite>&gt; <q>/o/</q></li>
<li class="message">[<a href="#T00:57:04" id="T00:57:04"><abbr title="2016-01-08T00:57:04+00:00">00:57:04</abbr></a>] &lt;<cite>zmatt</cite>&gt; <q>I have no idea what exactly the rules of the current bootloader are, but if your /boot/uEnv.txt contains an uuid= line (I think the flasher arranges that but I've never used one so I'm not sure) then at least you will get a matching version of uboot settings + kernel/initrd/dtb + rootfs</q></li>
<li class="message">[<a href="#T00:57:17" id="T00:57:17"><abbr title="2016-01-08T00:57:17+00:00">00:57:17</abbr></a>] &lt;<cite>zmatt</cite>&gt; <q>but if you intend to boot from μSD, why are you flashing a system to eMMC ?</q></li>
<li class="message">[<a href="#T00:58:59" id="T00:58:59"><abbr title="2016-01-08T00:58:59+00:00">00:58:59</abbr></a>] &lt;<cite>ftdi_problem</cite>&gt; <q>Oh if i understand correctly, what i'm doing now is basically installing an OS onto the EMMC that doesn't require the SD card to be present?</q></li>
